Gurobi shell based on Python 3.13.1 can be launched with command `gurobi.sh`
Gurobi Python Interface can be loaded in Python 3.13.1 with 'import gurobipy'
/var/spool/slurm/slurmd/job21093035/slurm_script: line 25: activate: No such file or directory

===== RUN 0 =====
--- Subsidy 0 ---
Density 1
Cleared contents of ./nodefiles
Saved model snapshot to study_case_model/figures/density_impact/run24326_2/model_pickles/model_run0_sub0_den1
Run 0 with subsidy 0 and density 1: h2 0.0, pressure cost 220849.932831692 
Density 5
Cleared contents of ./nodefiles
Saved model snapshot to study_case_model/figures/density_impact/run24326_2/model_pickles/model_run0_sub0_den5
Run 0 with subsidy 0 and density 5: h2 0.0, pressure cost 220119.42710305666 
Density 10
Cleared contents of ./nodefiles
Saved model snapshot to study_case_model/figures/density_impact/run24326_2/model_pickles/model_run0_sub0_den10
Run 0 with subsidy 0 and density 10: h2 0.0, pressure cost 220044.65170835325 
--- Subsidy 35 ---
Density 1
Cleared contents of ./nodefiles
Saved model snapshot to study_case_model/figures/density_impact/run24326_2/model_pickles/model_run0_sub35_den1
Run 0 with subsidy 35 and density 1: h2 0.05082314228491236, pressure cost 222748.7219579658 
Density 5
Cleared contents of ./nodefiles
Saved model snapshot to study_case_model/figures/density_impact/run24326_2/model_pickles/model_run0_sub35_den5
Run 0 with subsidy 35 and density 5: h2 2.3972602739726043, pressure cost 220764.7994312044 
Density 10
Cleared contents of ./nodefiles
Saved model snapshot to study_case_model/figures/density_impact/run24326_2/model_pickles/model_run0_sub35_den10
Run 0 with subsidy 35 and density 10: h2 2.397260273972572, pressure cost 220478.23821300027 
--- Subsidy 40 ---
Density 1
Cleared contents of ./nodefiles
Saved model snapshot to study_case_model/figures/density_impact/run24326_2/model_pickles/model_run0_sub40_den1
Run 0 with subsidy 40 and density 1: h2 0.8307835891577666, pressure cost 234315.3968112174 
Density 5
Cleared contents of ./nodefiles
Saved model snapshot to study_case_model/figures/density_impact/run24326_2/model_pickles/model_run0_sub40_den5
Run 0 with subsidy 40 and density 5: h2 1.499712970830118, pressure cost 236459.71497148776 
Density 10
Cleared contents of ./nodefiles
Saved model snapshot to study_case_model/figures/density_impact/run24326_2/model_pickles/model_run0_sub40_den10
Run 0 with subsidy 40 and density 10: h2 1.4997129708301133, pressure cost 236345.8398865862 
--- Subsidy 80 ---
Density 1
Cleared contents of ./nodefiles
Saved model snapshot to study_case_model/figures/density_impact/run24326_2/model_pickles/model_run0_sub80_den1
Run 0 with subsidy 80 and density 1: h2 2.1144951200315543, pressure cost 238693.01192166103 
Density 5
Cleared contents of ./nodefiles
Saved model snapshot to study_case_model/figures/density_impact/run24326_2/model_pickles/model_run0_sub80_den5
Run 0 with subsidy 80 and density 5: h2 2.114495120031554, pressure cost 238497.41125448485 
Density 10
Cleared contents of ./nodefiles
Saved model snapshot to study_case_model/figures/density_impact/run24326_2/model_pickles/model_run0_sub80_den10
Run 0 with subsidy 80 and density 10: h2 2.114495120031553, pressure cost 238310.22828147674 

===== RUN 1 =====
--- Subsidy 0 ---
Density 1
Cleared contents of ./nodefiles
Saved model snapshot to study_case_model/figures/density_impact/run24326_2/model_pickles/model_run1_sub0_den1
Run 1 with subsidy 0 and density 1: h2 0.0, pressure cost 237308.49031088638 
Density 5
Cleared contents of ./nodefiles
Saved model snapshot to study_case_model/figures/density_impact/run24326_2/model_pickles/model_run1_sub0_den5
Run 1 with subsidy 0 and density 5: h2 0.0, pressure cost 236601.45942411872 
Density 10
Cleared contents of ./nodefiles
Saved model snapshot to study_case_model/figures/density_impact/run24326_2/model_pickles/model_run1_sub0_den10
Run 1 with subsidy 0 and density 10: h2 0.0, pressure cost 236296.9639854624 
--- Subsidy 35 ---
Density 1
Cleared contents of ./nodefiles
Saved model snapshot to study_case_model/figures/density_impact/run24326_2/model_pickles/model_run1_sub35_den1
Run 1 with subsidy 35 and density 1: h2 0.0, pressure cost 229853.77840420217 
Density 5
Cleared contents of ./nodefiles
Saved model snapshot to study_case_model/figures/density_impact/run24326_2/model_pickles/model_run1_sub35_den5
Run 1 with subsidy 35 and density 5: h2 0.0, pressure cost 226672.7427084974 
Density 10
Cleared contents of ./nodefiles
Saved model snapshot to study_case_model/figures/density_impact/run24326_2/model_pickles/model_run1_sub35_den10
Run 1 with subsidy 35 and density 10: h2 0.0, pressure cost 226563.13238610557 
--- Subsidy 40 ---
Density 1
Cleared contents of ./nodefiles
Saved model snapshot to study_case_model/figures/density_impact/run24326_2/model_pickles/model_run1_sub40_den1
Run 1 with subsidy 40 and density 1: h2 0.24735870719731679, pressure cost 233849.56727310046 
Density 5
Cleared contents of ./nodefiles
Saved model snapshot to study_case_model/figures/density_impact/run24326_2/model_pickles/model_run1_sub40_den5
Run 1 with subsidy 40 and density 5: h2 1.4363104151575743, pressure cost 237021.94229232805 
Density 10
Cleared contents of ./nodefiles
Saved model snapshot to study_case_model/figures/density_impact/run24326_2/model_pickles/model_run1_sub40_den10
Run 1 with subsidy 40 and density 10: h2 0.51942958875859, pressure cost 236263.5320672815 
--- Subsidy 80 ---
Density 1
Cleared contents of ./nodefiles
Saved model snapshot to study_case_model/figures/density_impact/run24326_2/model_pickles/model_run1_sub80_den1
Run 1 with subsidy 80 and density 1: h2 2.397260273972603, pressure cost 234196.594578222 
Density 5
Cleared contents of ./nodefiles
Saved model snapshot to study_case_model/figures/density_impact/run24326_2/model_pickles/model_run1_sub80_den5
Run 1 with subsidy 80 and density 5: h2 2.397260273972604, pressure cost 231011.72294161236 
Density 10
Cleared contents of ./nodefiles
Saved model snapshot to study_case_model/figures/density_impact/run24326_2/model_pickles/model_run1_sub80_den10
Run 1 with subsidy 80 and density 10: h2 2.3972602739726043, pressure cost 230868.26073963076 

===== RUN 2 =====
--- Subsidy 0 ---
Density 1
Cleared contents of ./nodefiles
Saved model snapshot to study_case_model/figures/density_impact/run24326_2/model_pickles/model_run2_sub0_den1
Run 2 with subsidy 0 and density 1: h2 0.0, pressure cost 239739.2942702621 
Density 5
Cleared contents of ./nodefiles
Saved model snapshot to study_case_model/figures/density_impact/run24326_2/model_pickles/model_run2_sub0_den5
Run 2 with subsidy 0 and density 5: h2 0.0, pressure cost 241966.35069693162 
Density 10
Cleared contents of ./nodefiles
Saved model snapshot to study_case_model/figures/density_impact/run24326_2/model_pickles/model_run2_sub0_den10
Run 2 with subsidy 0 and density 10: h2 0.0, pressure cost 241794.27457036744 
--- Subsidy 35 ---
Density 1
Cleared contents of ./nodefiles
Saved model snapshot to study_case_model/figures/density_impact/run24326_2/model_pickles/model_run2_sub35_den1
Run 2 with subsidy 35 and density 1: h2 0.0, pressure cost 238807.17239840105 
Density 5
Cleared contents of ./nodefiles
Saved model snapshot to study_case_model/figures/density_impact/run24326_2/model_pickles/model_run2_sub35_den5
Run 2 with subsidy 35 and density 5: h2 0.0, pressure cost 241866.35341345053 
Density 10
Cleared contents of ./nodefiles
Saved model snapshot to study_case_model/figures/density_impact/run24326_2/model_pickles/model_run2_sub35_den10
Run 2 with subsidy 35 and density 10: h2 0.0, pressure cost 241770.46224578313 
--- Subsidy 40 ---
Density 1
Cleared contents of ./nodefiles
Saved model snapshot to study_case_model/figures/density_impact/run24326_2/model_pickles/model_run2_sub40_den1
Run 2 with subsidy 40 and density 1: h2 0.9173070597720725, pressure cost 239668.89093436522 
Density 5
Cleared contents of ./nodefiles
Saved model snapshot to study_case_model/figures/density_impact/run24326_2/model_pickles/model_run2_sub40_den5
Run 2 with subsidy 40 and density 5: h2 2.040470014893902, pressure cost 238826.21065130425 
Density 10
Cleared contents of ./nodefiles
Saved model snapshot to study_case_model/figures/density_impact/run24326_2/model_pickles/model_run2_sub40_den10
Run 2 with subsidy 40 and density 10: h2 2.0404700148939003, pressure cost 238086.06902446746 
--- Subsidy 80 ---
Density 1
Cleared contents of ./nodefiles
Saved model snapshot to study_case_model/figures/density_impact/run24326_2/model_pickles/model_run2_sub80_den1
Run 2 with subsidy 80 and density 1: h2 2.3269735827205253, pressure cost 238484.0612280364 
Density 5
Cleared contents of ./nodefiles
Saved model snapshot to study_case_model/figures/density_impact/run24326_2/model_pickles/model_run2_sub80_den5
Run 2 with subsidy 80 and density 5: h2 2.0429154970383134, pressure cost 237327.51571240363 
Density 10
Cleared contents of ./nodefiles
Saved model snapshot to study_case_model/figures/density_impact/run24326_2/model_pickles/model_run2_sub80_den10
Run 2 with subsidy 80 and density 10: h2 2.0429154970383134, pressure cost 237143.3985874506 

===== RUN 3 =====
--- Subsidy 0 ---
Density 1
Cleared contents of ./nodefiles
Saved model snapshot to study_case_model/figures/density_impact/run24326_2/model_pickles/model_run3_sub0_den1
Run 3 with subsidy 0 and density 1: h2 0.0, pressure cost 206552.9018965895 
Density 5
Cleared contents of ./nodefiles
Saved model snapshot to study_case_model/figures/density_impact/run24326_2/model_pickles/model_run3_sub0_den5
Run 3 with subsidy 0 and density 5: h2 0.0, pressure cost 205039.33923940608 
Density 10
Cleared contents of ./nodefiles
Saved model snapshot to study_case_model/figures/density_impact/run24326_2/model_pickles/model_run3_sub0_den10
Run 3 with subsidy 0 and density 10: h2 0.0, pressure cost 204891.6395369144 
--- Subsidy 35 ---
Density 1
Cleared contents of ./nodefiles
Saved model snapshot to study_case_model/figures/density_impact/run24326_2/model_pickles/model_run3_sub35_den1
Run 3 with subsidy 35 and density 1: h2 2.3972602739726026, pressure cost 230795.54434358972 
Density 5
Cleared contents of ./nodefiles
Saved model snapshot to study_case_model/figures/density_impact/run24326_2/model_pickles/model_run3_sub35_den5
Run 3 with subsidy 35 and density 5: h2 2.3972602739726043, pressure cost 233724.73902897412 
Density 10
Cleared contents of ./nodefiles
Saved model snapshot to study_case_model/figures/density_impact/run24326_2/model_pickles/model_run3_sub35_den10
Run 3 with subsidy 35 and density 10: h2 2.3972602739726043, pressure cost 233549.3787437245 
--- Subsidy 40 ---
Density 1
Cleared contents of ./nodefiles
Saved model snapshot to study_case_model/figures/density_impact/run24326_2/model_pickles/model_run3_sub40_den1
Run 3 with subsidy 40 and density 1: h2 2.1308602184503305, pressure cost 235742.66625890761 
Density 5
Cleared contents of ./nodefiles
Saved model snapshot to study_case_model/figures/density_impact/run24326_2/model_pickles/model_run3_sub40_den5
Run 3 with subsidy 40 and density 5: h2 2.1308602184503314, pressure cost 229326.16323754808 
Density 10
Cleared contents of ./nodefiles
Saved model snapshot to study_case_model/figures/density_impact/run24326_2/model_pickles/model_run3_sub40_den10
Run 3 with subsidy 40 and density 10: h2 2.1308602184503305, pressure cost 229084.44976629852 
--- Subsidy 80 ---
Density 1
Cleared contents of ./nodefiles
Saved model snapshot to study_case_model/figures/density_impact/run24326_2/model_pickles/model_run3_sub80_den1
Run 3 with subsidy 80 and density 1: h2 2.00829134251225, pressure cost 243105.038213472 
Density 5
Cleared contents of ./nodefiles
Saved model snapshot to study_case_model/figures/density_impact/run24326_2/model_pickles/model_run3_sub80_den5
Run 3 with subsidy 80 and density 5: h2 2.093012860089046, pressure cost 241965.0495768786 
Density 10
Cleared contents of ./nodefiles
Saved model snapshot to study_case_model/figures/density_impact/run24326_2/model_pickles/model_run3_sub80_den10
Run 3 with subsidy 80 and density 10: h2 2.085693163512485, pressure cost 239918.91881134297 

===== RUN 4 =====
--- Subsidy 0 ---
Density 1
Cleared contents of ./nodefiles
Saved model snapshot to study_case_model/figures/density_impact/run24326_2/model_pickles/model_run4_sub0_den1
Run 4 with subsidy 0 and density 1: h2 0.0, pressure cost 237640.1922705424 
Density 5
Cleared contents of ./nodefiles
Saved model snapshot to study_case_model/figures/density_impact/run24326_2/model_pickles/model_run4_sub0_den5
Run 4 with subsidy 0 and density 5: h2 0.0, pressure cost 240075.04458343095 
Density 10
Cleared contents of ./nodefiles
Saved model snapshot to study_case_model/figures/density_impact/run24326_2/model_pickles/model_run4_sub0_den10
Run 4 with subsidy 0 and density 10: h2 0.0, pressure cost 239872.39960619668 
--- Subsidy 35 ---
Density 1
Cleared contents of ./nodefiles
Saved model snapshot to study_case_model/figures/density_impact/run24326_2/model_pickles/model_run4_sub35_den1
Run 4 with subsidy 35 and density 1: h2 1.9554834603480409, pressure cost 239695.88936525534 
Density 5
Cleared contents of ./nodefiles
Saved model snapshot to study_case_model/figures/density_impact/run24326_2/model_pickles/model_run4_sub35_den5
Run 4 with subsidy 35 and density 5: h2 2.104281582526432, pressure cost 241153.34244326147 
Density 10
Cleared contents of ./nodefiles
Saved model snapshot to study_case_model/figures/density_impact/run24326_2/model_pickles/model_run4_sub35_den10
Run 4 with subsidy 35 and density 10: h2 2.1042815825264336, pressure cost 240950.7074434194 
--- Subsidy 40 ---
Density 1
Cleared contents of ./nodefiles
Saved model snapshot to study_case_model/figures/density_impact/run24326_2/model_pickles/model_run4_sub40_den1
Run 4 with subsidy 40 and density 1: h2 0.45205645549918644, pressure cost 237426.2825757101 
Density 5
Cleared contents of ./nodefiles
Saved model snapshot to study_case_model/figures/density_impact/run24326_2/model_pickles/model_run4_sub40_den5
Run 4 with subsidy 40 and density 5: h2 1.5301300024031035, pressure cost 242028.8294193117 
Density 10
Cleared contents of ./nodefiles
Saved model snapshot to study_case_model/figures/density_impact/run24326_2/model_pickles/model_run4_sub40_den10
Run 4 with subsidy 40 and density 10: h2 0.701160988891818, pressure cost 241869.47680862615 
--- Subsidy 80 ---
Density 1
Cleared contents of ./nodefiles
Saved model snapshot to study_case_model/figures/density_impact/run24326_2/model_pickles/model_run4_sub80_den1
Run 4 with subsidy 80 and density 1: h2 2.3972602739726043, pressure cost 225297.41296568856 
Density 5
Cleared contents of ./nodefiles
Saved model snapshot to study_case_model/figures/density_impact/run24326_2/model_pickles/model_run4_sub80_den5
Run 4 with subsidy 80 and density 5: h2 2.3972602739726043, pressure cost 222824.9103620874 
Density 10
Cleared contents of ./nodefiles
Saved model snapshot to study_case_model/figures/density_impact/run24326_2/model_pickles/model_run4_sub80_den10
Run 4 with subsidy 80 and density 10: h2 2.3972602739726043, pressure cost 222671.50850884718 

===== RUN 5 =====
--- Subsidy 0 ---
Density 1
Cleared contents of ./nodefiles
Saved model snapshot to study_case_model/figures/density_impact/run24326_2/model_pickles/model_run5_sub0_den1
Run 5 with subsidy 0 and density 1: h2 0.0, pressure cost 239739.29427011232 
Density 5
Cleared contents of ./nodefiles
Saved model snapshot to study_case_model/figures/density_impact/run24326_2/model_pickles/model_run5_sub0_den5
Run 5 with subsidy 0 and density 5: h2 0.0, pressure cost 242207.89764549927 
Density 10
Cleared contents of ./nodefiles
Saved model snapshot to study_case_model/figures/density_impact/run24326_2/model_pickles/model_run5_sub0_den10
Run 5 with subsidy 0 and density 10: h2 0.0, pressure cost 242145.81557788767 
--- Subsidy 35 ---
Density 1
Cleared contents of ./nodefiles
Saved model snapshot to study_case_model/figures/density_impact/run24326_2/model_pickles/model_run5_sub35_den1
Run 5 with subsidy 35 and density 1: h2 2.3972602739726043, pressure cost 225564.7140644777 
Density 5
Cleared contents of ./nodefiles
Saved model snapshot to study_case_model/figures/density_impact/run24326_2/model_pickles/model_run5_sub35_den5
Run 5 with subsidy 35 and density 5: h2 2.3972602739726026, pressure cost 223721.06210399308 
Density 10
Cleared contents of ./nodefiles
Saved model snapshot to study_case_model/figures/density_impact/run24326_2/model_pickles/model_run5_sub35_den10
Run 5 with subsidy 35 and density 10: h2 2.397260273972603, pressure cost 223547.03167526738 
--- Subsidy 40 ---
Density 1
Cleared contents of ./nodefiles
Saved model snapshot to study_case_model/figures/density_impact/run24326_2/model_pickles/model_run5_sub40_den1
Run 5 with subsidy 40 and density 1: h2 2.3972602739726026, pressure cost 217234.2140186342 
Density 5
Cleared contents of ./nodefiles
Saved model snapshot to study_case_model/figures/density_impact/run24326_2/model_pickles/model_run5_sub40_den5
Run 5 with subsidy 40 and density 5: h2 2.3972602739726026, pressure cost 214652.78376197795 
Density 10
Cleared contents of ./nodefiles
Saved model snapshot to study_case_model/figures/density_impact/run24326_2/model_pickles/model_run5_sub40_den10
Run 5 with subsidy 40 and density 10: h2 2.3972602739726057, pressure cost 214458.56407735 
--- Subsidy 80 ---
Density 1
Cleared contents of ./nodefiles
Saved model snapshot to study_case_model/figures/density_impact/run24326_2/model_pickles/model_run5_sub80_den1
Run 5 with subsidy 80 and density 1: h2 2.083418217064045, pressure cost 234245.43660098765 
Density 5
Cleared contents of ./nodefiles
Saved model snapshot to study_case_model/figures/density_impact/run24326_2/model_pickles/model_run5_sub80_den5
Run 5 with subsidy 80 and density 5: h2 2.083418217064045, pressure cost 228446.71538290943 
Density 10
Cleared contents of ./nodefiles
Saved model snapshot to study_case_model/figures/density_impact/run24326_2/model_pickles/model_run5_sub80_den10
Run 5 with subsidy 80 and density 10: h2 2.083418217064046, pressure cost 228310.7433606818 

===== RUN 6 =====
--- Subsidy 0 ---
Density 1
Cleared contents of ./nodefiles
Saved model snapshot to study_case_model/figures/density_impact/run24326_2/model_pickles/model_run6_sub0_den1
Run 6 with subsidy 0 and density 1: h2 0.0, pressure cost 226130.93745251303 
Density 5
Cleared contents of ./nodefiles
Saved model snapshot to study_case_model/figures/density_impact/run24326_2/model_pickles/model_run6_sub0_den5
Run 6 with subsidy 0 and density 5: h2 0.0, pressure cost 225268.34052630974 
Density 10
Cleared contents of ./nodefiles
Saved model snapshot to study_case_model/figures/density_impact/run24326_2/model_pickles/model_run6_sub0_den10
Run 6 with subsidy 0 and density 10: h2 0.0, pressure cost 224142.1511295217 
--- Subsidy 35 ---
Density 1
Cleared contents of ./nodefiles
Saved model snapshot to study_case_model/figures/density_impact/run24326_2/model_pickles/model_run6_sub35_den1
Run 6 with subsidy 35 and density 1: h2 0.0, pressure cost 243505.59052192833 
Density 5
Cleared contents of ./nodefiles
Saved model snapshot to study_case_model/figures/density_impact/run24326_2/model_pickles/model_run6_sub35_den5
Run 6 with subsidy 35 and density 5: h2 0.0, pressure cost 241934.22240133912 
Density 10
Cleared contents of ./nodefiles
Saved model snapshot to study_case_model/figures/density_impact/run24326_2/model_pickles/model_run6_sub35_den10
Run 6 with subsidy 35 and density 10: h2 0.28505025633759906, pressure cost 242381.6971066721 
--- Subsidy 40 ---
Density 1
Cleared contents of ./nodefiles
Saved model snapshot to study_case_model/figures/density_impact/run24326_2/model_pickles/model_run6_sub40_den1
Run 6 with subsidy 40 and density 1: h2 0.2152238903286548, pressure cost 239652.28932832179 
Density 5
Cleared contents of ./nodefiles
Saved model snapshot to study_case_model/figures/density_impact/run24326_2/model_pickles/model_run6_sub40_den5
Run 6 with subsidy 40 and density 5: h2 1.5301300020251927, pressure cost 242003.40195798516 
Density 10
Cleared contents of ./nodefiles
Saved model snapshot to study_case_model/figures/density_impact/run24326_2/model_pickles/model_run6_sub40_den10
Run 6 with subsidy 40 and density 10: h2 0.6977787153465504, pressure cost 241884.97983216489 
--- Subsidy 80 ---
Density 1
Cleared contents of ./nodefiles
Saved model snapshot to study_case_model/figures/density_impact/run24326_2/model_pickles/model_run6_sub80_den1
Run 6 with subsidy 80 and density 1: h2 2.397260273972603, pressure cost 200946.7916874381 
Density 5
Cleared contents of ./nodefiles
Saved model snapshot to study_case_model/figures/density_impact/run24326_2/model_pickles/model_run6_sub80_den5
Run 6 with subsidy 80 and density 5: h2 2.3972602739726043, pressure cost 199538.15963263632 
Density 10
Cleared contents of ./nodefiles
Saved model snapshot to study_case_model/figures/density_impact/run24326_2/model_pickles/model_run6_sub80_den10
Run 6 with subsidy 80 and density 10: h2 2.3972602739726043, pressure cost 199270.61777062953 

===== RUN 7 =====
--- Subsidy 0 ---
Density 1
Cleared contents of ./nodefiles
Saved model snapshot to study_case_model/figures/density_impact/run24326_2/model_pickles/model_run7_sub0_den1
Run 7 with subsidy 0 and density 1: h2 0.0, pressure cost 234752.01899490203 
Density 5
Cleared contents of ./nodefiles
Saved model snapshot to study_case_model/figures/density_impact/run24326_2/model_pickles/model_run7_sub0_den5
Run 7 with subsidy 0 and density 5: h2 0.0, pressure cost 238071.59211071723 
Density 10
Cleared contents of ./nodefiles
Saved model snapshot to study_case_model/figures/density_impact/run24326_2/model_pickles/model_run7_sub0_den10
Run 7 with subsidy 0 and density 10: h2 0.0, pressure cost 237421.77986510438 
--- Subsidy 35 ---
Density 1
Cleared contents of ./nodefiles
Saved model snapshot to study_case_model/figures/density_impact/run24326_2/model_pickles/model_run7_sub35_den1
Run 7 with subsidy 35 and density 1: h2 0.11433213265565315, pressure cost 239212.39764471794 
Density 5
Cleared contents of ./nodefiles
Saved model snapshot to study_case_model/figures/density_impact/run24326_2/model_pickles/model_run7_sub35_den5
Run 7 with subsidy 35 and density 5: h2 0.11433213265565284, pressure cost 242712.4829090615 
Density 10
Cleared contents of ./nodefiles
Saved model snapshot to study_case_model/figures/density_impact/run24326_2/model_pickles/model_run7_sub35_den10
Run 7 with subsidy 35 and density 10: h2 0.4405471604564233, pressure cost 242979.24727531598 
--- Subsidy 40 ---
Density 1
Cleared contents of ./nodefiles
Saved model snapshot to study_case_model/figures/density_impact/run24326_2/model_pickles/model_run7_sub40_den1
Run 7 with subsidy 40 and density 1: h2 0.7960630253001707, pressure cost 239763.5588639536 
Density 5
Cleared contents of ./nodefiles
Saved model snapshot to study_case_model/figures/density_impact/run24326_2/model_pickles/model_run7_sub40_den5
Run 7 with subsidy 40 and density 5: h2 1.579113337780651, pressure cost 242021.05831353227 
Density 10
Cleared contents of ./nodefiles
Saved model snapshot to study_case_model/figures/density_impact/run24326_2/model_pickles/model_run7_sub40_den10
Run 7 with subsidy 40 and density 10: h2 1.5791133377806887, pressure cost 241902.83958931046 
--- Subsidy 80 ---
Density 1
Cleared contents of ./nodefiles
Saved model snapshot to study_case_model/figures/density_impact/run24326_2/model_pickles/model_run7_sub80_den1
Run 7 with subsidy 80 and density 1: h2 2.397260273972602, pressure cost 229961.77792020547 
Density 5
Cleared contents of ./nodefiles
Saved model snapshot to study_case_model/figures/density_impact/run24326_2/model_pickles/model_run7_sub80_den5
Run 7 with subsidy 80 and density 5: h2 2.319808275392706, pressure cost 224495.7601368955 
Density 10
Cleared contents of ./nodefiles
Saved model snapshot to study_case_model/figures/density_impact/run24326_2/model_pickles/model_run7_sub80_den10
Run 7 with subsidy 80 and density 10: h2 2.319808275392117, pressure cost 224350.0328354487 

===== RUN 8 =====
--- Subsidy 0 ---
Density 1
Cleared contents of ./nodefiles
Saved model snapshot to study_case_model/figures/density_impact/run24326_2/model_pickles/model_run8_sub0_den1
Run 8 with subsidy 0 and density 1: h2 0.0, pressure cost 253460.92819122493 
Density 5
Cleared contents of ./nodefiles
Saved model snapshot to study_case_model/figures/density_impact/run24326_2/model_pickles/model_run8_sub0_den5
Run 8 with subsidy 0 and density 5: h2 0.0, pressure cost 249380.826701568 
Density 10
Cleared contents of ./nodefiles
Saved model snapshot to study_case_model/figures/density_impact/run24326_2/model_pickles/model_run8_sub0_den10
Run 8 with subsidy 0 and density 10: h2 0.0, pressure cost 249288.2195515473 
--- Subsidy 35 ---
Density 1
Cleared contents of ./nodefiles
Saved model snapshot to study_case_model/figures/density_impact/run24326_2/model_pickles/model_run8_sub35_den1
Run 8 with subsidy 35 and density 1: h2 2.3972602739726043, pressure cost 208888.37531486215 
Density 5
Cleared contents of ./nodefiles
Saved model snapshot to study_case_model/figures/density_impact/run24326_2/model_pickles/model_run8_sub35_den5
Run 8 with subsidy 35 and density 5: h2 2.334448894364959, pressure cost 208443.19035562454 
Density 10
Cleared contents of ./nodefiles
Saved model snapshot to study_case_model/figures/density_impact/run24326_2/model_pickles/model_run8_sub35_den10
Run 8 with subsidy 35 and density 10: h2 2.3344488943649666, pressure cost 208333.16350781283 
--- Subsidy 40 ---
Density 1
Cleared contents of ./nodefiles
Saved model snapshot to study_case_model/figures/density_impact/run24326_2/model_pickles/model_run8_sub40_den1
Run 8 with subsidy 40 and density 1: h2 0.25900809506394556, pressure cost 233739.98264074238 
Density 5
Cleared contents of ./nodefiles
Saved model snapshot to study_case_model/figures/density_impact/run24326_2/model_pickles/model_run8_sub40_den5
Run 8 with subsidy 40 and density 5: h2 1.4603427757111982, pressure cost 236498.81376833492 
Density 10
Cleared contents of ./nodefiles
Saved model snapshot to study_case_model/figures/density_impact/run24326_2/model_pickles/model_run8_sub40_den10
Run 8 with subsidy 40 and density 10: h2 1.4556880609814788, pressure cost 236429.22319712184 
--- Subsidy 80 ---
Density 1
Cleared contents of ./nodefiles
Saved model snapshot to study_case_model/figures/density_impact/run24326_2/model_pickles/model_run8_sub80_den1
Run 8 with subsidy 80 and density 1: h2 2.039174144186878, pressure cost 233491.26402645613 
Density 5
Cleared contents of ./nodefiles
Saved model snapshot to study_case_model/figures/density_impact/run24326_2/model_pickles/model_run8_sub80_den5
Run 8 with subsidy 80 and density 5: h2 2.021923313803504, pressure cost 229447.32238502018 
Density 10
Cleared contents of ./nodefiles
Saved model snapshot to study_case_model/figures/density_impact/run24326_2/model_pickles/model_run8_sub80_den10
Run 8 with subsidy 80 and density 10: h2 2.0219233138034785, pressure cost 228923.3326521534 

===== RUN 9 =====
--- Subsidy 0 ---
Density 1
Cleared contents of ./nodefiles
Saved model snapshot to study_case_model/figures/density_impact/run24326_2/model_pickles/model_run9_sub0_den1
Run 9 with subsidy 0 and density 1: h2 0.0, pressure cost 236519.95323272544 
Density 5
Cleared contents of ./nodefiles
Saved model snapshot to study_case_model/figures/density_impact/run24326_2/model_pickles/model_run9_sub0_den5
Run 9 with subsidy 0 and density 5: h2 0.0, pressure cost 240754.64722775723 
Density 10
Cleared contents of ./nodefiles
Saved model snapshot to study_case_model/figures/density_impact/run24326_2/model_pickles/model_run9_sub0_den10
Run 9 with subsidy 0 and density 10: h2 0.0, pressure cost 240698.1537892932 
--- Subsidy 35 ---
Density 1
Cleared contents of ./nodefiles
Saved model snapshot to study_case_model/figures/density_impact/run24326_2/model_pickles/model_run9_sub35_den1
Run 9 with subsidy 35 and density 1: h2 0.0, pressure cost 215892.54974938964 
Density 5
Cleared contents of ./nodefiles
Saved model snapshot to study_case_model/figures/density_impact/run24326_2/model_pickles/model_run9_sub35_den5
Run 9 with subsidy 35 and density 5: h2 0.0, pressure cost 217746.64448841094 
Density 10
Cleared contents of ./nodefiles
Saved model snapshot to study_case_model/figures/density_impact/run24326_2/model_pickles/model_run9_sub35_den10
Run 9 with subsidy 35 and density 10: h2 0.0, pressure cost 217637.9679938063 
--- Subsidy 40 ---
Density 1
Cleared contents of ./nodefiles
Saved model snapshot to study_case_model/figures/density_impact/run24326_2/model_pickles/model_run9_sub40_den1
Run 9 with subsidy 40 and density 1: h2 1.3535962109239805, pressure cost 247692.38057139504 
Density 5
Cleared contents of ./nodefiles
Saved model snapshot to study_case_model/figures/density_impact/run24326_2/model_pickles/model_run9_sub40_den5
Run 9 with subsidy 40 and density 5: h2 1.7054717150030023, pressure cost 252930.03379342853 
Density 10
Cleared contents of ./nodefiles
Saved model snapshot to study_case_model/figures/density_impact/run24326_2/model_pickles/model_run9_sub40_den10
Run 9 with subsidy 40 and density 10: h2 1.7835641331726988, pressure cost 253108.26078163742 
--- Subsidy 80 ---
Density 1
Cleared contents of ./nodefiles
Saved model snapshot to study_case_model/figures/density_impact/run24326_2/model_pickles/model_run9_sub80_den1
Run 9 with subsidy 80 and density 1: h2 2.397260273972603, pressure cost 253695.20972445788 
Density 5
Cleared contents of ./nodefiles
Saved model snapshot to study_case_model/figures/density_impact/run24326_2/model_pickles/model_run9_sub80_den5
Run 9 with subsidy 80 and density 5: h2 2.3972602739726088, pressure cost 255468.36100320175 
Density 10
Cleared contents of ./nodefiles
Saved model snapshot to study_case_model/figures/density_impact/run24326_2/model_pickles/model_run9_sub80_den10
Run 9 with subsidy 80 and density 10: h2 2.397261142724925, pressure cost 255786.74022235363 

===== RUN 10 =====
--- Subsidy 0 ---
Density 1
Cleared contents of ./nodefiles
Saved model snapshot to study_case_model/figures/density_impact/run24326_2/model_pickles/model_run10_sub0_den1
Run 10 with subsidy 0 and density 1: h2 0.0, pressure cost 239668.86233474227 
Density 5
Cleared contents of ./nodefiles
Saved model snapshot to study_case_model/figures/density_impact/run24326_2/model_pickles/model_run10_sub0_den5
Run 10 with subsidy 0 and density 5: h2 0.0, pressure cost 241705.92515709024 
Density 10
Cleared contents of ./nodefiles
Saved model snapshot to study_case_model/figures/density_impact/run24326_2/model_pickles/model_run10_sub0_den10
Run 10 with subsidy 0 and density 10: h2 0.0, pressure cost 241484.82603264978 
--- Subsidy 35 ---
Density 1
Cleared contents of ./nodefiles
Saved model snapshot to study_case_model/figures/density_impact/run24326_2/model_pickles/model_run10_sub35_den1
Run 10 with subsidy 35 and density 1: h2 0.005522496508035167, pressure cost 240174.05552901432 
Density 5
Cleared contents of ./nodefiles
Saved model snapshot to study_case_model/figures/density_impact/run24326_2/model_pickles/model_run10_sub35_den5
Run 10 with subsidy 35 and density 5: h2 0.0, pressure cost 241866.35341345103 
Density 10
Cleared contents of ./nodefiles
Saved model snapshot to study_case_model/figures/density_impact/run24326_2/model_pickles/model_run10_sub35_den10
Run 10 with subsidy 35 and density 10: h2 0.0, pressure cost 241772.70933680199 
--- Subsidy 40 ---
Density 1
Cleared contents of ./nodefiles
Saved model snapshot to study_case_model/figures/density_impact/run24326_2/model_pickles/model_run10_sub40_den1
Run 10 with subsidy 40 and density 1: h2 0.7658258732409196, pressure cost 216361.53423566226 
Density 5
Cleared contents of ./nodefiles
Saved model snapshot to study_case_model/figures/density_impact/run24326_2/model_pickles/model_run10_sub40_den5
Run 10 with subsidy 40 and density 5: h2 0.7404609281986827, pressure cost 216078.02087319992 
Density 10
Cleared contents of ./nodefiles
Saved model snapshot to study_case_model/figures/density_impact/run24326_2/model_pickles/model_run10_sub40_den10
Run 10 with subsidy 40 and density 10: h2 0.7404609282549722, pressure cost 215333.03782367418 
--- Subsidy 80 ---
Density 1
Cleared contents of ./nodefiles
Saved model snapshot to study_case_model/figures/density_impact/run24326_2/model_pickles/model_run10_sub80_den1
Run 10 with subsidy 80 and density 1: h2 2.284640262789473, pressure cost 235582.63202438338 
Density 5
Cleared contents of ./nodefiles
Saved model snapshot to study_case_model/figures/density_impact/run24326_2/model_pickles/model_run10_sub80_den5
Run 10 with subsidy 80 and density 5: h2 2.3900355768588253, pressure cost 237953.45539494188 
Density 10
Cleared contents of ./nodefiles
Saved model snapshot to study_case_model/figures/density_impact/run24326_2/model_pickles/model_run10_sub80_den10
Run 10 with subsidy 80 and density 10: h2 2.3972602739726026, pressure cost 237755.3862401847 

===== RUN 11 =====
--- Subsidy 0 ---
Density 1
Cleared contents of ./nodefiles
Saved model snapshot to study_case_model/figures/density_impact/run24326_2/model_pickles/model_run11_sub0_den1
Run 11 with subsidy 0 and density 1: h2 0.0, pressure cost 236557.15649381294 
Density 5
Cleared contents of ./nodefiles
Saved model snapshot to study_case_model/figures/density_impact/run24326_2/model_pickles/model_run11_sub0_den5
Run 11 with subsidy 0 and density 5: h2 0.0, pressure cost 236800.05295960975 
Density 10
Cleared contents of ./nodefiles
Saved model snapshot to study_case_model/figures/density_impact/run24326_2/model_pickles/model_run11_sub0_den10
Run 11 with subsidy 0 and density 10: h2 0.0, pressure cost 236670.39123582124 
--- Subsidy 35 ---
Density 1
Cleared contents of ./nodefiles
Saved model snapshot to study_case_model/figures/density_impact/run24326_2/model_pickles/model_run11_sub35_den1
Run 11 with subsidy 35 and density 1: h2 2.3972602739726043, pressure cost 205016.8040774192 
Density 5
Cleared contents of ./nodefiles
Saved model snapshot to study_case_model/figures/density_impact/run24326_2/model_pickles/model_run11_sub35_den5
Run 11 with subsidy 35 and density 5: h2 2.3972602739726043, pressure cost 203345.86309422404 
Density 10
Cleared contents of ./nodefiles
Saved model snapshot to study_case_model/figures/density_impact/run24326_2/model_pickles/model_run11_sub35_den10
Run 11 with subsidy 35 and density 10: h2 2.3972602739726026, pressure cost 203016.07749896587 
--- Subsidy 40 ---
Density 1
Cleared contents of ./nodefiles
Saved model snapshot to study_case_model/figures/density_impact/run24326_2/model_pickles/model_run11_sub40_den1
Run 11 with subsidy 40 and density 1: h2 0.1806244561433059, pressure cost 236821.54312708715 
Density 5
Cleared contents of ./nodefiles
Saved model snapshot to study_case_model/figures/density_impact/run24326_2/model_pickles/model_run11_sub40_den5
Run 11 with subsidy 40 and density 5: h2 1.9246814462349862, pressure cost 240578.1772425334 
Density 10
Cleared contents of ./nodefiles
Saved model snapshot to study_case_model/figures/density_impact/run24326_2/model_pickles/model_run11_sub40_den10
Run 11 with subsidy 40 and density 10: h2 1.9246814462343864, pressure cost 240251.5079389482 
--- Subsidy 80 ---
Density 1
Cleared contents of ./nodefiles
Saved model snapshot to study_case_model/figures/density_impact/run24326_2/model_pickles/model_run11_sub80_den1
Run 11 with subsidy 80 and density 1: h2 2.1422620190017514, pressure cost 255945.9741813298 
Density 5
Cleared contents of ./nodefiles
Saved model snapshot to study_case_model/figures/density_impact/run24326_2/model_pickles/model_run11_sub80_den5
Run 11 with subsidy 80 and density 5: h2 2.054194717564616, pressure cost 257137.268832859 
Density 10
Cleared contents of ./nodefiles
Saved model snapshot to study_case_model/figures/density_impact/run24326_2/model_pickles/model_run11_sub80_den10
Run 11 with subsidy 80 and density 10: h2 2.1068029177794108, pressure cost 257103.97756312173 

===== RUN 12 =====
--- Subsidy 0 ---
Density 1
Cleared contents of ./nodefiles
Saved model snapshot to study_case_model/figures/density_impact/run24326_2/model_pickles/model_run12_sub0_den1
Run 12 with subsidy 0 and density 1: h2 0.0, pressure cost 232150.60505375412 
Density 5
Cleared contents of ./nodefiles
Saved model snapshot to study_case_model/figures/density_impact/run24326_2/model_pickles/model_run12_sub0_den5
Run 12 with subsidy 0 and density 5: h2 0.0, pressure cost 234837.05860911967 
Density 10
Cleared contents of ./nodefiles
Saved model snapshot to study_case_model/figures/density_impact/run24326_2/model_pickles/model_run12_sub0_den10
Run 12 with subsidy 0 and density 10: h2 0.0, pressure cost 234633.22911588757 
--- Subsidy 35 ---
Density 1
Cleared contents of ./nodefiles
Saved model snapshot to study_case_model/figures/density_impact/run24326_2/model_pickles/model_run12_sub35_den1
Run 12 with subsidy 35 and density 1: h2 0.38748053136133104, pressure cost 242780.08130990583 
Density 5
Cleared contents of ./nodefiles
Saved model snapshot to study_case_model/figures/density_impact/run24326_2/model_pickles/model_run12_sub35_den5
Run 12 with subsidy 35 and density 5: h2 1.9129096098037541, pressure cost 243389.8549853246 
Density 10
Cleared contents of ./nodefiles
Saved model snapshot to study_case_model/figures/density_impact/run24326_2/model_pickles/model_run12_sub35_den10
Run 12 with subsidy 35 and density 10: h2 1.5824012734663528, pressure cost 246141.45780982779 
--- Subsidy 40 ---
Density 1
Cleared contents of ./nodefiles
Saved model snapshot to study_case_model/figures/density_impact/run24326_2/model_pickles/model_run12_sub40_den1
Run 12 with subsidy 40 and density 1: h2 2.397260273972603, pressure cost 233819.83510699586 
Density 5
Cleared contents of ./nodefiles
Saved model snapshot to study_case_model/figures/density_impact/run24326_2/model_pickles/model_run12_sub40_den5
Run 12 with subsidy 40 and density 5: h2 2.3972602739726043, pressure cost 230657.74419310899 
Density 10
Cleared contents of ./nodefiles
Saved model snapshot to study_case_model/figures/density_impact/run24326_2/model_pickles/model_run12_sub40_den10
Run 12 with subsidy 40 and density 10: h2 2.3972602739726043, pressure cost 230480.03480598584 
--- Subsidy 80 ---
Density 1
Cleared contents of ./nodefiles
Saved model snapshot to study_case_model/figures/density_impact/run24326_2/model_pickles/model_run12_sub80_den1
Run 12 with subsidy 80 and density 1: h2 2.029621405770832, pressure cost 238507.8008231362 
Density 5
Cleared contents of ./nodefiles
Saved model snapshot to study_case_model/figures/density_impact/run24326_2/model_pickles/model_run12_sub80_den5
Run 12 with subsidy 80 and density 5: h2 1.909493835347339, pressure cost 242018.9006014864 
Density 10
Cleared contents of ./nodefiles
Saved model snapshot to study_case_model/figures/density_impact/run24326_2/model_pickles/model_run12_sub80_den10
Run 12 with subsidy 80 and density 10: h2 2.191141451725836, pressure cost 244886.56831351251 

===== RUN 13 =====
--- Subsidy 0 ---
Density 1
Cleared contents of ./nodefiles
Saved model snapshot to study_case_model/figures/density_impact/run24326_2/model_pickles/model_run13_sub0_den1
Run 13 with subsidy 0 and density 1: h2 0.0, pressure cost 218191.92754044113 
Density 5
Cleared contents of ./nodefiles
Saved model snapshot to study_case_model/figures/density_impact/run24326_2/model_pickles/model_run13_sub0_den5
Run 13 with subsidy 0 and density 5: h2 0.0, pressure cost 217788.26584990468 
Density 10
Cleared contents of ./nodefiles
Saved model snapshot to study_case_model/figures/density_impact/run24326_2/model_pickles/model_run13_sub0_den10
Run 13 with subsidy 0 and density 10: h2 0.0, pressure cost 217698.59353569362 
--- Subsidy 35 ---
Density 1
Cleared contents of ./nodefiles
Saved model snapshot to study_case_model/figures/density_impact/run24326_2/model_pickles/model_run13_sub35_den1
Run 13 with subsidy 35 and density 1: h2 2.0428748434519206, pressure cost 252303.02249017466 
Density 5
Cleared contents of ./nodefiles
Saved model snapshot to study_case_model/figures/density_impact/run24326_2/model_pickles/model_run13_sub35_den5
Run 13 with subsidy 35 and density 5: h2 2.04287484345192, pressure cost 255758.56279210708 
Density 10
Cleared contents of ./nodefiles
Saved model snapshot to study_case_model/figures/density_impact/run24326_2/model_pickles/model_run13_sub35_den10
Run 13 with subsidy 35 and density 10: h2 2.042874843451922, pressure cost 258390.67013196944 
--- Subsidy 40 ---
Density 1
Cleared contents of ./nodefiles
Saved model snapshot to study_case_model/figures/density_impact/run24326_2/model_pickles/model_run13_sub40_den1
Run 13 with subsidy 40 and density 1: h2 2.3966503249251145, pressure cost 227614.4550469401 
Density 5
Cleared contents of ./nodefiles
Saved model snapshot to study_case_model/figures/density_impact/run24326_2/model_pickles/model_run13_sub40_den5
Run 13 with subsidy 40 and density 5: h2 2.3972602753093333, pressure cost 224670.22928977 
Density 10
Cleared contents of ./nodefiles
Saved model snapshot to study_case_model/figures/density_impact/run24326_2/model_pickles/model_run13_sub40_den10
Run 13 with subsidy 40 and density 10: h2 2.3972602739728517, pressure cost 223575.85673347948 
--- Subsidy 80 ---
Density 1
Cleared contents of ./nodefiles
Saved model snapshot to study_case_model/figures/density_impact/run24326_2/model_pickles/model_run13_sub80_den1
Run 13 with subsidy 80 and density 1: h2 2.307608855763826, pressure cost 244430.10760369644 
Density 5
Cleared contents of ./nodefiles
Saved model snapshot to study_case_model/figures/density_impact/run24326_2/model_pickles/model_run13_sub80_den5
Run 13 with subsidy 80 and density 5: h2 2.153945345032155, pressure cost 245167.83027955086 
Density 10
Cleared contents of ./nodefiles
Saved model snapshot to study_case_model/figures/density_impact/run24326_2/model_pickles/model_run13_sub80_den10
Run 13 with subsidy 80 and density 10: h2 2.1833738529316005, pressure cost 244879.21128725467 

===== RUN 14 =====
--- Subsidy 0 ---
Density 1
Cleared contents of ./nodefiles
Saved model snapshot to study_case_model/figures/density_impact/run24326_2/model_pickles/model_run14_sub0_den1
Run 14 with subsidy 0 and density 1: h2 0.0, pressure cost 239739.29427022484 
Density 5
Cleared contents of ./nodefiles
Saved model snapshot to study_case_model/figures/density_impact/run24326_2/model_pickles/model_run14_sub0_den5
Run 14 with subsidy 0 and density 5: h2 0.0, pressure cost 241871.14699812589 
Density 10
Cleared contents of ./nodefiles
Saved model snapshot to study_case_model/figures/density_impact/run24326_2/model_pickles/model_run14_sub0_den10
Run 14 with subsidy 0 and density 10: h2 0.0, pressure cost 241808.34376448367 
--- Subsidy 35 ---
Density 1
Cleared contents of ./nodefiles
Saved model snapshot to study_case_model/figures/density_impact/run24326_2/model_pickles/model_run14_sub35_den1
Run 14 with subsidy 35 and density 1: h2 2.3972602739726026, pressure cost 233588.11800776087 
Density 5
Cleared contents of ./nodefiles
Saved model snapshot to study_case_model/figures/density_impact/run24326_2/model_pickles/model_run14_sub35_den5
Run 14 with subsidy 35 and density 5: h2 2.3972602739726043, pressure cost 233627.06959795492 
Density 10
Cleared contents of ./nodefiles
Saved model snapshot to study_case_model/figures/density_impact/run24326_2/model_pickles/model_run14_sub35_den10
Run 14 with subsidy 35 and density 10: h2 2.3972602739726026, pressure cost 233495.04773884843 
--- Subsidy 40 ---
Density 1
Cleared contents of ./nodefiles
Saved model snapshot to study_case_model/figures/density_impact/run24326_2/model_pickles/model_run14_sub40_den1
Run 14 with subsidy 40 and density 1: h2 2.397260273972603, pressure cost 246559.97437875558 
Density 5
Cleared contents of ./nodefiles
Saved model snapshot to study_case_model/figures/density_impact/run24326_2/model_pickles/model_run14_sub40_den5
Run 14 with subsidy 40 and density 5: h2 2.397260273972603, pressure cost 251694.80986496396 
Density 10
Cleared contents of ./nodefiles
Saved model snapshot to study_case_model/figures/density_impact/run24326_2/model_pickles/model_run14_sub40_den10
Run 14 with subsidy 40 and density 10: h2 2.397260273972603, pressure cost 251864.59123246933 
--- Subsidy 80 ---
Density 1
Cleared contents of ./nodefiles
Saved model snapshot to study_case_model/figures/density_impact/run24326_2/model_pickles/model_run14_sub80_den1
Run 14 with subsidy 80 and density 1: h2 2.3972602739726026, pressure cost 231091.49413672858 
Density 5
Cleared contents of ./nodefiles
Saved model snapshot to study_case_model/figures/density_impact/run24326_2/model_pickles/model_run14_sub80_den5
Run 14 with subsidy 80 and density 5: h2 2.397260273972603, pressure cost 235080.8357953976 
Density 10
Cleared contents of ./nodefiles
Saved model snapshot to study_case_model/figures/density_impact/run24326_2/model_pickles/model_run14_sub80_den10
Run 14 with subsidy 80 and density 10: h2 2.3972602739726065, pressure cost 235151.33149990978 

===== RUN 15 =====
--- Subsidy 0 ---
Density 1
Cleared contents of ./nodefiles
Saved model snapshot to study_case_model/figures/density_impact/run24326_2/model_pickles/model_run15_sub0_den1
Run 15 with subsidy 0 and density 1: h2 0.0, pressure cost 237132.74021456507 
Density 5
Cleared contents of ./nodefiles
Saved model snapshot to study_case_model/figures/density_impact/run24326_2/model_pickles/model_run15_sub0_den5
Run 15 with subsidy 0 and density 5: h2 0.0, pressure cost 238960.32378940043 
Density 10
Cleared contents of ./nodefiles
Saved model snapshot to study_case_model/figures/density_impact/run24326_2/model_pickles/model_run15_sub0_den10
Run 15 with subsidy 0 and density 10: h2 0.0, pressure cost 238858.48930800316 
--- Subsidy 35 ---
Density 1
Cleared contents of ./nodefiles
Saved model snapshot to study_case_model/figures/density_impact/run24326_2/model_pickles/model_run15_sub35_den1
Run 15 with subsidy 35 and density 1: h2 0.0, pressure cost 211622.43247593753 
Density 5
Cleared contents of ./nodefiles
Saved model snapshot to study_case_model/figures/density_impact/run24326_2/model_pickles/model_run15_sub35_den5
Run 15 with subsidy 35 and density 5: h2 0.005172973650458683, pressure cost 210844.13808934749 
Density 10
Cleared contents of ./nodefiles
Saved model snapshot to study_case_model/figures/density_impact/run24326_2/model_pickles/model_run15_sub35_den10
Run 15 with subsidy 35 and density 10: h2 0.005172973650458683, pressure cost 210354.50133898415 
--- Subsidy 40 ---
Density 1
Cleared contents of ./nodefiles
Saved model snapshot to study_case_model/figures/density_impact/run24326_2/model_pickles/model_run15_sub40_den1
Run 15 with subsidy 40 and density 1: h2 1.7588992132597883, pressure cost 226995.5018267253 
Density 5
Cleared contents of ./nodefiles
Saved model snapshot to study_case_model/figures/density_impact/run24326_2/model_pickles/model_run15_sub40_den5
Run 15 with subsidy 40 and density 5: h2 1.7588992132597885, pressure cost 222728.2879262255 
Density 10
Cleared contents of ./nodefiles
Saved model snapshot to study_case_model/figures/density_impact/run24326_2/model_pickles/model_run15_sub40_den10
Run 15 with subsidy 40 and density 10: h2 1.7588992132597885, pressure cost 222501.0738450949 
--- Subsidy 80 ---
Density 1
Cleared contents of ./nodefiles
Saved model snapshot to study_case_model/figures/density_impact/run24326_2/model_pickles/model_run15_sub80_den1
Run 15 with subsidy 80 and density 1: h2 2.2056500387633102, pressure cost 253389.08185097144 
Density 5
Cleared contents of ./nodefiles
Saved model snapshot to study_case_model/figures/density_impact/run24326_2/model_pickles/model_run15_sub80_den5
Run 15 with subsidy 80 and density 5: h2 1.7054717150030934, pressure cost 253014.18867933043 
Density 10
Cleared contents of ./nodefiles
Saved model snapshot to study_case_model/figures/density_impact/run24326_2/model_pickles/model_run15_sub80_den10
Run 15 with subsidy 80 and density 10: h2 1.783564133172694, pressure cost 253108.2607816369 

===== RUN 16 =====
--- Subsidy 0 ---
Density 1
Cleared contents of ./nodefiles
Saved model snapshot to study_case_model/figures/density_impact/run24326_2/model_pickles/model_run16_sub0_den1
Run 16 with subsidy 0 and density 1: h2 0.0, pressure cost 233355.28922950727 
Density 5
Cleared contents of ./nodefiles
Saved model snapshot to study_case_model/figures/density_impact/run24326_2/model_pickles/model_run16_sub0_den5
Run 16 with subsidy 0 and density 5: h2 0.0, pressure cost 233508.53254712763 
Density 10
Cleared contents of ./nodefiles
Saved model snapshot to study_case_model/figures/density_impact/run24326_2/model_pickles/model_run16_sub0_den10
Run 16 with subsidy 0 and density 10: h2 0.0, pressure cost 233368.87899052748 
--- Subsidy 35 ---
Density 1
Cleared contents of ./nodefiles
Saved model snapshot to study_case_model/figures/density_impact/run24326_2/model_pickles/model_run16_sub35_den1
Run 16 with subsidy 35 and density 1: h2 0.0, pressure cost 234580.42530864204 
Density 5
Cleared contents of ./nodefiles
Saved model snapshot to study_case_model/figures/density_impact/run24326_2/model_pickles/model_run16_sub35_den5
Run 16 with subsidy 35 and density 5: h2 0.47133539832568894, pressure cost 236362.7951896711 
Density 10
Cleared contents of ./nodefiles
Saved model snapshot to study_case_model/figures/density_impact/run24326_2/model_pickles/model_run16_sub35_den10
Run 16 with subsidy 35 and density 10: h2 0.818162046954769, pressure cost 236327.01846995825 
--- Subsidy 40 ---
Density 1
Cleared contents of ./nodefiles
Saved model snapshot to study_case_model/figures/density_impact/run24326_2/model_pickles/model_run16_sub40_den1
Run 16 with subsidy 40 and density 1: h2 2.039666223979117, pressure cost 232647.71401609262 
Density 5
Cleared contents of ./nodefiles
Saved model snapshot to study_case_model/figures/density_impact/run24326_2/model_pickles/model_run16_sub40_den5
Run 16 with subsidy 40 and density 5: h2 1.9898438673579169, pressure cost 236475.72461966463 
Density 10
Cleared contents of ./nodefiles
Saved model snapshot to study_case_model/figures/density_impact/run24326_2/model_pickles/model_run16_sub40_den10
Run 16 with subsidy 40 and density 10: h2 1.9898438673578847, pressure cost 236284.87778134175 
--- Subsidy 80 ---
Density 1
Cleared contents of ./nodefiles
Saved model snapshot to study_case_model/figures/density_impact/run24326_2/model_pickles/model_run16_sub80_den1
Run 16 with subsidy 80 and density 1: h2 2.3972602739726043, pressure cost 234196.594578222 
Density 5
Cleared contents of ./nodefiles
Saved model snapshot to study_case_model/figures/density_impact/run24326_2/model_pickles/model_run16_sub80_den5
Run 16 with subsidy 80 and density 5: h2 2.3972602739726043, pressure cost 231013.81002905656 
Density 10
Cleared contents of ./nodefiles
Saved model snapshot to study_case_model/figures/density_impact/run24326_2/model_pickles/model_run16_sub80_den10
Run 16 with subsidy 80 and density 10: h2 2.3972602739726034, pressure cost 230868.26073963245 

===== RUN 17 =====
--- Subsidy 0 ---
Density 1
Cleared contents of ./nodefiles
Saved model snapshot to study_case_model/figures/density_impact/run24326_2/model_pickles/model_run17_sub0_den1
Run 17 with subsidy 0 and density 1: h2 0.0, pressure cost 203971.45394700396 
Density 5
Cleared contents of ./nodefiles
Saved model snapshot to study_case_model/figures/density_impact/run24326_2/model_pickles/model_run17_sub0_den5
Run 17 with subsidy 0 and density 5: h2 0.0, pressure cost 202668.47433256317 
Density 10
Cleared contents of ./nodefiles
Saved model snapshot to study_case_model/figures/density_impact/run24326_2/model_pickles/model_run17_sub0_den10
Run 17 with subsidy 0 and density 10: h2 0.0, pressure cost 202573.9500359903 
--- Subsidy 35 ---
Density 1
Cleared contents of ./nodefiles
Saved model snapshot to study_case_model/figures/density_impact/run24326_2/model_pickles/model_run17_sub35_den1
Run 17 with subsidy 35 and density 1: h2 0.5027807949226711, pressure cost 241526.9820236633 
Density 5
Cleared contents of ./nodefiles
Saved model snapshot to study_case_model/figures/density_impact/run24326_2/model_pickles/model_run17_sub35_den5
Run 17 with subsidy 35 and density 5: h2 2.3972602739726074, pressure cost 234698.2916775548 
Density 10
Cleared contents of ./nodefiles
Saved model snapshot to study_case_model/figures/density_impact/run24326_2/model_pickles/model_run17_sub35_den10
Run 17 with subsidy 35 and density 10: h2 2.3972602739726026, pressure cost 234659.4472259902 
--- Subsidy 40 ---
Density 1
Cleared contents of ./nodefiles
Saved model snapshot to study_case_model/figures/density_impact/run24326_2/model_pickles/model_run17_sub40_den1
Run 17 with subsidy 40 and density 1: h2 2.397260273972603, pressure cost 228577.89734354755 
Density 5
Cleared contents of ./nodefiles
Saved model snapshot to study_case_model/figures/density_impact/run24326_2/model_pickles/model_run17_sub40_den5
Run 17 with subsidy 40 and density 5: h2 2.3972602739726083, pressure cost 234101.36588766336 
Density 10
Cleared contents of ./nodefiles
Saved model snapshot to study_case_model/figures/density_impact/run24326_2/model_pickles/model_run17_sub40_den10
Run 17 with subsidy 40 and density 10: h2 2.3972602738696303, pressure cost 234353.1433543478 
--- Subsidy 80 ---
Density 1
Cleared contents of ./nodefiles
Saved model snapshot to study_case_model/figures/density_impact/run24326_2/model_pickles/model_run17_sub80_den1
Run 17 with subsidy 80 and density 1: h2 2.3972602739726043, pressure cost 230615.33083032013 
Density 5
Cleared contents of ./nodefiles
Saved model snapshot to study_case_model/figures/density_impact/run24326_2/model_pickles/model_run17_sub80_den5
Run 17 with subsidy 80 and density 5: h2 2.3972602739726043, pressure cost 227561.58316598093 
Density 10
Cleared contents of ./nodefiles
Saved model snapshot to study_case_model/figures/density_impact/run24326_2/model_pickles/model_run17_sub80_den10
Run 17 with subsidy 80 and density 10: h2 2.397260273972646, pressure cost 227389.4719742173 

===== RUN 18 =====
--- Subsidy 0 ---
Density 1
Cleared contents of ./nodefiles
Saved model snapshot to study_case_model/figures/density_impact/run24326_2/model_pickles/model_run18_sub0_den1
Run 18 with subsidy 0 and density 1: h2 0.0, pressure cost 238115.5976697424 
Density 5
Cleared contents of ./nodefiles
Saved model snapshot to study_case_model/figures/density_impact/run24326_2/model_pickles/model_run18_sub0_den5
Run 18 with subsidy 0 and density 5: h2 0.0, pressure cost 241935.53678145158 
Density 10
Cleared contents of ./nodefiles
Saved model snapshot to study_case_model/figures/density_impact/run24326_2/model_pickles/model_run18_sub0_den10
Run 18 with subsidy 0 and density 10: h2 0.0, pressure cost 241809.6318307854 
--- Subsidy 35 ---
Density 1
Cleared contents of ./nodefiles
Saved model snapshot to study_case_model/figures/density_impact/run24326_2/model_pickles/model_run18_sub35_den1
Run 18 with subsidy 35 and density 1: h2 2.397260273972603, pressure cost 230228.62908271694 
Density 5
Cleared contents of ./nodefiles
Saved model snapshot to study_case_model/figures/density_impact/run24326_2/model_pickles/model_run18_sub35_den5
Run 18 with subsidy 35 and density 5: h2 2.397260273972607, pressure cost 235898.34533827 
Density 10
Cleared contents of ./nodefiles
Saved model snapshot to study_case_model/figures/density_impact/run24326_2/model_pickles/model_run18_sub35_den10
Run 18 with subsidy 35 and density 10: h2 2.397260273972603, pressure cost 236162.50965206145 
--- Subsidy 40 ---
Density 1
Cleared contents of ./nodefiles
Saved model snapshot to study_case_model/figures/density_impact/run24326_2/model_pickles/model_run18_sub40_den1
Run 18 with subsidy 40 and density 1: h2 0.2958546029379923, pressure cost 233888.8652641314 
Density 5
Cleared contents of ./nodefiles
Saved model snapshot to study_case_model/figures/density_impact/run24326_2/model_pickles/model_run18_sub40_den5
Run 18 with subsidy 40 and density 5: h2 2.0898631633270712, pressure cost 238636.20641264317 
Density 10
Cleared contents of ./nodefiles
Saved model snapshot to study_case_model/figures/density_impact/run24326_2/model_pickles/model_run18_sub40_den10
Run 18 with subsidy 40 and density 10: h2 2.0898631633285127, pressure cost 238377.23395023213 
--- Subsidy 80 ---
Density 1
Cleared contents of ./nodefiles
Saved model snapshot to study_case_model/figures/density_impact/run24326_2/model_pickles/model_run18_sub80_den1
Run 18 with subsidy 80 and density 1: h2 2.343218036219527, pressure cost 246764.4656721198 
Density 5
Cleared contents of ./nodefiles
Saved model snapshot to study_case_model/figures/density_impact/run24326_2/model_pickles/model_run18_sub80_den5
Run 18 with subsidy 80 and density 5: h2 2.3972602739726026, pressure cost 249344.0686165771 
Density 10
Cleared contents of ./nodefiles
Saved model snapshot to study_case_model/figures/density_impact/run24326_2/model_pickles/model_run18_sub80_den10
Run 18 with subsidy 80 and density 10: h2 2.397260273981314, pressure cost 249606.68692874795 

===== RUN 19 =====
--- Subsidy 0 ---
Density 1
Cleared contents of ./nodefiles
Saved model snapshot to study_case_model/figures/density_impact/run24326_2/model_pickles/model_run19_sub0_den1
Run 19 with subsidy 0 and density 1: h2 0.0, pressure cost 210419.2854161442 
Density 5
Cleared contents of ./nodefiles
Saved model snapshot to study_case_model/figures/density_impact/run24326_2/model_pickles/model_run19_sub0_den5
Run 19 with subsidy 0 and density 5: h2 0.0, pressure cost 214989.5899827904 
Density 10
Cleared contents of ./nodefiles
Saved model snapshot to study_case_model/figures/density_impact/run24326_2/model_pickles/model_run19_sub0_den10
Run 19 with subsidy 0 and density 10: h2 0.0, pressure cost 214336.41405419965 
--- Subsidy 35 ---
Density 1
Cleared contents of ./nodefiles
Saved model snapshot to study_case_model/figures/density_impact/run24326_2/model_pickles/model_run19_sub35_den1
Run 19 with subsidy 35 and density 1: h2 0.0, pressure cost 211937.52291877172 
Density 5
Cleared contents of ./nodefiles
Saved model snapshot to study_case_model/figures/density_impact/run24326_2/model_pickles/model_run19_sub35_den5
Run 19 with subsidy 35 and density 5: h2 0.32354827902026023, pressure cost 212388.87257123707 
Density 10
Cleared contents of ./nodefiles
Saved model snapshot to study_case_model/figures/density_impact/run24326_2/model_pickles/model_run19_sub35_den10
Run 19 with subsidy 35 and density 10: h2 0.33893080259446107, pressure cost 212267.08762821698 
--- Subsidy 40 ---
Density 1
Cleared contents of ./nodefiles
Saved model snapshot to study_case_model/figures/density_impact/run24326_2/model_pickles/model_run19_sub40_den1
Run 19 with subsidy 40 and density 1: h2 2.397260273972603, pressure cost 233588.11800776087 
Density 5
Cleared contents of ./nodefiles
Saved model snapshot to study_case_model/figures/density_impact/run24326_2/model_pickles/model_run19_sub40_den5
Run 19 with subsidy 40 and density 5: h2 2.3972602739726043, pressure cost 233627.06959795486 
Density 10
Cleared contents of ./nodefiles
Saved model snapshot to study_case_model/figures/density_impact/run24326_2/model_pickles/model_run19_sub40_den10
Run 19 with subsidy 40 and density 10: h2 2.3972602739726026, pressure cost 233544.49956410512 
--- Subsidy 80 ---
Density 1
Cleared contents of ./nodefiles
Saved model snapshot to study_case_model/figures/density_impact/run24326_2/model_pickles/model_run19_sub80_den1
Run 19 with subsidy 80 and density 1: h2 2.397260273972603, pressure cost 230228.62908245926 
Density 5
Cleared contents of ./nodefiles
Saved model snapshot to study_case_model/figures/density_impact/run24326_2/model_pickles/model_run19_sub80_den5
Run 19 with subsidy 80 and density 5: h2 2.3972602739730453, pressure cost 235898.74929236015 
Density 10
Cleared contents of ./nodefiles
Saved model snapshot to study_case_model/figures/density_impact/run24326_2/model_pickles/model_run19_sub80_den10
Run 19 with subsidy 80 and density 10: h2 2.397260273972603, pressure cost 236160.96365043914 
Subsidy 0, Density 1 | H2: 0.00 ± 0.00 | P: 231099.81 ± 2786.37
Subsidy 0, Density 5 | H2: 0.00 ± 0.00 | P: 232227.49 ± 2890.35
Subsidy 0, Density 10 | H2: 0.00 ± 0.00 | P: 231991.94 ± 2900.54
Subsidy 35, Density 1 | H2: 0.97 ± 0.24 | P: 229936.14 ± 2904.99
Subsidy 35, Density 5 | H2: 1.30 ± 0.25 | P: 230345.99 ± 3087.47
Subsidy 35, Density 10 | H2: 1.34 ± 0.24 | P: 230538.88 ± 3201.19
Subsidy 40, Density 1 | H2: 1.33 ± 0.20 | P: 233798.03 ± 1716.20
Subsidy 40, Density 5 | H2: 1.89 ± 0.10 | P: 235050.83 ± 2179.80
Subsidy 40, Density 10 | H2: 1.76 ± 0.14 | P: 234799.95 ± 2215.18
Subsidy 80, Density 1 | H2: 2.27 ± 0.03 | P: 236643.44 ± 2619.34
Subsidy 80, Density 5 | H2: 2.22 ± 0.05 | P: 236160.68 ± 2879.97
Subsidy 80, Density 10 | H2: 2.25 ± 0.04 | P: 236123.20 ± 2913.97
Saved CSV
