Gurobi shell based on Python 3.13.1 can be launched with command `gurobi.sh`
Gurobi Python Interface can be loaded in Python 3.13.1 with 'import gurobipy'
/var/spool/slurm/slurmd/job21100027/slurm_script: line 24: activate: No such file or directory
Solving model: dev0.1, sub25.0, run0
Read LP format model from file /scratch-local/lbeemster.21100027/tmpbulj9t9i.pyomo.lp
Reading time = 0.61 seconds
x1: 176513 rows, 50050 columns, 1016320 nonzeros
Set parameter OutputFlag to value 1
Set parameter MIPGap to value 0.001
Set parameter Threads to value 32
Set parameter Presolve to value 1
Set parameter Cuts to value 1
Set parameter NodefileStart to value 1
Set parameter NodefileDir to value "./nodefiles"
Set parameter MemLimit to value 60
Gurobi Optimizer version 12.0.3 build v12.0.3rc0 (linux64 - "Red Hat Enterprise Linux 9.6 (Plow)")

CPU model: AMD EPYC 9654 96-Core Processor, instruction set [SSE2|AVX|AVX2|AVX512]
Thread count: 192 physical cores, 192 logical processors, using up to 32 threads

Non-default parameters:
MemLimit  60
MIPGap  0.001
NodefileStart  1
Cuts  1
Presolve  1
Threads  32

Academic license 2514514 - for non-commercial use only - registered to l.___@student.vu.nl
Optimize a model with 176513 rows, 50050 columns and 1016320 nonzeros
Model fingerprint: 0x6ed18b16
Variable types: 39426 continuous, 10624 integer (10624 binary)
Coefficient statistics:
  Matrix range     [6e-05, 1e+05]
  Objective range  [2e+00, 3e+04]
  Bounds range     [1e+00, 1e+00]
  RHS range        [3e-01, 2e+05]
Presolve removed 32032 rows and 21206 columns
Presolve time: 3.02s
Presolved: 144481 rows, 28844 columns, 845877 nonzeros
Variable types: 22972 continuous, 5872 integer (5872 binary)

Deterministic concurrent LP optimizer: primal simplex, dual simplex, and barrier
Showing barrier log only...

Root relaxation presolved: 26816 rows, 171297 columns, 874563 nonzeros

Root barrier log...

Ordering time: 0.06s

Barrier statistics:
 Dense cols : 39
 Free vars  : 2112
 AA' NZ     : 5.954e+05
 Factor NZ  : 1.656e+06 (roughly 100 MB of memory)
 Factor Ops : 1.235e+08 (less than 1 second per iteration)
 Threads    : 29

                  Objective                Residual
Iter       Primal          Dual         Primal    Dual     Compl     Time
   0   1.64055334e+12  8.15963329e+05  7.83e+06 2.94e+02  1.61e+08     5s
   1   1.24122017e+12 -1.71969954e+08  5.08e+06 3.21e+03  1.02e+08     5s
   2   8.73412852e+11 -9.31500227e+07  2.67e+06 2.03e+03  6.05e+07     5s
   3   6.22884097e+11 -3.48548799e+07  1.26e+06 1.39e+03  3.68e+07     5s
   4   4.77144507e+11 -7.15444018e+06  5.92e+05 9.25e+02  2.24e+07     5s
   5   3.80733273e+11  9.98142993e+06  3.34e+05 5.15e+02  1.28e+07     5s
   6   3.00918713e+11  1.00569877e+07  2.06e+05 3.85e+02  9.11e+06     5s
   7   2.37996555e+11  9.90933424e+06  1.32e+05 2.53e+02  6.00e+06     5s
   8   1.98859633e+11  9.57279205e+06  9.85e+04 2.17e+02  4.94e+06     5s
   9   1.41893804e+11  7.23204018e+06  5.30e+04 1.24e+02  2.84e+06     5s
  10   1.23768155e+11  5.09992588e+06  4.30e+04 8.09e+01  2.03e+06     6s
  11   8.43337379e+10  3.52138454e+06  2.41e+04 4.71e+01  1.19e+06     6s
  12   6.52580844e+10  2.35765404e+06  1.68e+04 2.26e+01  7.03e+05     6s
  13   3.75044413e+10  1.47727197e+06  7.76e+03 1.10e+01  3.49e+05     6s
  14   2.12639930e+10  1.04776860e+06  3.79e+03 4.97e+00  1.74e+05     6s
  15   1.15893814e+10  1.05743576e+06  1.85e+03 2.16e+00  8.56e+04     6s
  16   6.55159846e+09  1.39902715e+06  9.71e+02 1.18e+00  4.62e+04     6s
  17   2.97796120e+09  2.56521788e+06  3.99e+02 5.36e-01  2.00e+04     6s
  18   1.74711741e+09  3.59294652e+06  2.21e+02 2.87e-01  1.13e+04     6s
  19   8.13889463e+08  5.42081018e+06  9.29e+01 1.15e-01  5.05e+03     6s
  20   3.98982377e+08  7.05527259e+06  4.15e+01 6.25e-02  2.40e+03     6s
  21   1.86857390e+08  1.01553693e+07  1.67e+01 2.53e-02  1.05e+03     6s
  22   1.17536558e+08  1.39495994e+07  9.22e+00 9.33e-03  6.00e+02     6s
  23   7.29221255e+07  1.77265163e+07  4.49e+00 4.06e-03  3.13e+02     6s
  24   4.93690238e+07  1.92264170e+07  2.33e+00 2.41e-03  1.70e+02     6s
  25   4.16467685e+07  1.95598134e+07  1.68e+00 1.12e-03  1.24e+02     6s
  26   3.12779466e+07  2.02080485e+07  8.25e-01 1.33e-03  6.19e+01     6s
  27   2.71024232e+07  2.05316247e+07  4.53e-01 1.05e-03  3.66e+01     7s
  28   2.46331090e+07  2.08299548e+07  2.58e-01 1.08e-03  2.11e+01     7s
  29   2.36836243e+07  2.10139653e+07  1.83e-01 9.34e-04  1.48e+01     7s
  30   2.27995861e+07  2.11010450e+07  1.17e-01 8.44e-04  9.43e+00     7s
  31   2.19215888e+07  2.11392275e+07  5.23e-02 5.54e-04  4.34e+00     7s
  32   2.16114123e+07  2.11687540e+07  2.78e-02 3.77e-04  2.44e+00     7s
  33   2.14488817e+07  2.11908615e+07  1.56e-02 2.92e-04  1.42e+00     7s
  34   2.13616775e+07  2.12133498e+07  8.38e-03 2.96e-04  8.12e-01     7s
  35   2.13283609e+07  2.12337067e+07  5.11e-03 3.58e-04  5.15e-01     7s
  36   2.13104506e+07  2.12507752e+07  3.24e-03 3.86e-04  3.23e-01     7s
  37   2.13016092e+07  2.12598844e+07  2.33e-03 2.91e-04  2.25e-01     7s
  38   2.12958874e+07  2.12665695e+07  1.80e-03 2.22e-04  1.58e-01     7s
  39   2.12879827e+07  2.12694800e+07  1.10e-03 2.73e-04  9.96e-02     7s

Barrier performed 39 iterations in 7.14 seconds (6.02 work units)
Barrier solve interrupted - model solved by another algorithm

Concurrent spin time: 1.01s (can be avoided by choosing Method=3)

Solved with primal simplex

Root relaxation: objective 2.127398e+07, 28981 iterations, 3.23 seconds (2.37 work units)

    Nodes    |    Current Node    |     Objective Bounds      |     Work
 Expl Unexpl |  Obj  Depth IntInf | Incumbent    BestBd   Gap | It/Node Time

     0     0 2.1274e+07    0  379          - 2.1274e+07      -     -    9s
H    0     0                    2.074659e+07 2.1274e+07  2.54%     -   11s
H    0     0                    2.074955e+07 2.1274e+07  2.53%     -   11s
     0     0 2.1272e+07    0  498 2.0750e+07 2.1272e+07  2.52%     -   15s
     0     0 2.1272e+07    0  539 2.0750e+07 2.1272e+07  2.52%     -   17s
     0     0 2.1271e+07    0  547 2.0750e+07 2.1271e+07  2.52%     -   18s
     0     0 2.1271e+07    0  554 2.0750e+07 2.1271e+07  2.52%     -   18s
H    0     0                    2.076683e+07 2.1271e+07  2.43%     -   18s
     0     0 2.1271e+07    0  553 2.0767e+07 2.1271e+07  2.43%     -   18s
     0     0 2.1270e+07    0  580 2.0767e+07 2.1270e+07  2.42%     -   21s
     0     0 2.1270e+07    0  605 2.0767e+07 2.1270e+07  2.42%     -   24s
     0     0 2.1270e+07    0  612 2.0767e+07 2.1270e+07  2.42%     -   25s
     0     0 2.1270e+07    0  612 2.0767e+07 2.1270e+07  2.42%     -   25s
     0     0 2.1266e+07    0  594 2.0767e+07 2.1266e+07  2.40%     -   30s
H    0     0                    2.101647e+07 2.1266e+07  1.19%     -   31s
     0     0 2.1264e+07    0  661 2.1016e+07 2.1264e+07  1.18%     -   33s
     0     0 2.1263e+07    0  718 2.1016e+07 2.1263e+07  1.18%     -   34s
     0     0 2.1263e+07    0  723 2.1016e+07 2.1263e+07  1.17%     -   34s
     0     0 2.1263e+07    0  738 2.1016e+07 2.1263e+07  1.17%     -   34s
     0     0 2.1263e+07    0  740 2.1016e+07 2.1263e+07  1.17%     -   35s
     0     0 2.1262e+07    0  688 2.1016e+07 2.1262e+07  1.17%     -   40s
     0     0 2.1261e+07    0  735 2.1016e+07 2.1261e+07  1.17%     -   43s
     0     0 2.1261e+07    0  736 2.1016e+07 2.1261e+07  1.17%     -   44s
     0     0 2.1261e+07    0  751 2.1016e+07 2.1261e+07  1.17%     -   44s
     0     0 2.1261e+07    0  757 2.1016e+07 2.1261e+07  1.17%     -   44s
     0     0 2.1261e+07    0  766 2.1016e+07 2.1261e+07  1.17%     -   44s
     0     0 2.1260e+07    0  590 2.1016e+07 2.1260e+07  1.16%     -   51s
     0     0 2.1260e+07    0  615 2.1016e+07 2.1260e+07  1.16%     -   54s
     0     0 2.1260e+07    0  618 2.1016e+07 2.1260e+07  1.16%     -   55s
     0     0 2.1260e+07    0  641 2.1016e+07 2.1260e+07  1.16%     -   55s
     0     0 2.1260e+07    0  655 2.1016e+07 2.1260e+07  1.16%     -   55s
     0     0 2.1260e+07    0  656 2.1016e+07 2.1260e+07  1.16%     -   55s
     0     0 2.1260e+07    0  632 2.1016e+07 2.1260e+07  1.16%     -   58s
H    0     0                    2.104125e+07 2.1260e+07  1.04%     -   63s
     0     0 2.1259e+07    0  651 2.1041e+07 2.1259e+07  1.04%     -   64s
     0     0 2.1259e+07    0  653 2.1041e+07 2.1259e+07  1.04%     -   64s
     0     0 2.1259e+07    0  650 2.1041e+07 2.1259e+07  1.04%     -   64s
     0     0 2.1259e+07    0  643 2.1041e+07 2.1259e+07  1.04%     -   65s
     0     0 2.1259e+07    0  637 2.1041e+07 2.1259e+07  1.04%     -   68s
H    0     0                    2.108051e+07 2.1259e+07  0.85%     -   70s
     0     0 2.1259e+07    0  645 2.1081e+07 2.1259e+07  0.85%     -   71s
     0     0 2.1259e+07    0  663 2.1081e+07 2.1259e+07  0.85%     -   71s
     0     0 2.1259e+07    0  664 2.1081e+07 2.1259e+07  0.85%     -   71s
     0     0 2.1259e+07    0  645 2.1081e+07 2.1259e+07  0.85%     -   74s
     0     0 2.1259e+07    0  620 2.1081e+07 2.1259e+07  0.85%     -   76s
     0     0 2.1259e+07    0  609 2.1081e+07 2.1259e+07  0.85%     -   77s
     0     0 2.1259e+07    0  626 2.1081e+07 2.1259e+07  0.85%     -   77s
     0     0 2.1259e+07    0  633 2.1081e+07 2.1259e+07  0.85%     -   80s
H    0     0                    2.108877e+07 2.1259e+07  0.81%     -   81s
     0     0 2.1259e+07    0  633 2.1089e+07 2.1259e+07  0.81%     -   81s
     0     0 2.1259e+07    0  639 2.1089e+07 2.1259e+07  0.81%     -   82s
     0     0 2.1259e+07    0  638 2.1089e+07 2.1259e+07  0.81%     -   82s
     0     0 2.1259e+07    0  594 2.1089e+07 2.1259e+07  0.81%     -   84s
H    0     0                    2.108884e+07 2.1259e+07  0.81%     -   88s
     0     0 2.1259e+07    0  599 2.1089e+07 2.1259e+07  0.81%     -   88s
     0     0 2.1259e+07    0  589 2.1089e+07 2.1259e+07  0.81%     -   89s
     0     0 2.1259e+07    0  586 2.1089e+07 2.1259e+07  0.81%     -   91s
     0     0 2.1259e+07    0  586 2.1089e+07 2.1259e+07  0.81%     -   99s
H    0     0                    2.108884e+07 2.1259e+07  0.81%     -  114s
     0     2 2.1259e+07    0  586 2.1089e+07 2.1259e+07  0.81%     -  116s
    31    64 2.1257e+07    5  613 2.1089e+07 2.1259e+07  0.81%   250  123s
H   67    96                    2.109317e+07 2.1259e+07  0.78%   204  124s
    95   128 2.1255e+07    7  609 2.1093e+07 2.1259e+07  0.78%   173  128s
H   96   128                    2.109322e+07 2.1259e+07  0.78%   171  128s
H   99   128                    2.109333e+07 2.1259e+07  0.78%   170  128s
   127   247 2.1254e+07    8  604 2.1093e+07 2.1259e+07  0.78%   150  130s
   316   385 2.1254e+07   12  601 2.1093e+07 2.1259e+07  0.78%   121  135s
   589   625 2.1251e+07   19  605 2.1093e+07 2.1259e+07  0.78%   147  143s
   624   711 2.1250e+07   22  600 2.1093e+07 2.1259e+07  0.78%   152  149s
   710   775 2.1249e+07   24  583 2.1093e+07 2.1259e+07  0.78%   180  153s
   774   915 2.1249e+07   26  569 2.1093e+07 2.1259e+07  0.78%   174  155s
H 1045  1070                    2.109335e+07 2.1259e+07  0.78%   152  162s
  1192  1302 2.1249e+07   37  562 2.1093e+07 2.1259e+07  0.78%   148  166s
  1524  1626 2.1248e+07   42  575 2.1093e+07 2.1259e+07  0.78%   141  171s
  1885  2083 2.1248e+07   51  546 2.1093e+07 2.1259e+07  0.78%   129  176s
H 2147  2188                    2.109346e+07 2.1259e+07  0.78%   122  178s
  2205  2383 2.1247e+07   59  524 2.1093e+07 2.1259e+07  0.78%   122  180s
  2772  2805 2.1246e+07   76  515 2.1093e+07 2.1259e+07  0.78%   116  186s
H 2814  2805                    2.109350e+07 2.1259e+07  0.78%   116  186s
  2834  2837 2.1245e+07   77  513 2.1094e+07 2.1259e+07  0.78%   116  190s
H 2866  2832                    2.113377e+07 2.1259e+07  0.59%   116  199s
H 2870  2832                    2.113391e+07 2.1259e+07  0.59%   116  199s
H 2873  2768                    2.114250e+07 2.1259e+07  0.55%   116  199s
H 2883  2702                    2.116141e+07 2.1259e+07  0.46%   116  199s
  2899  2840 2.1245e+07   78  510 2.1161e+07 2.1259e+07  0.46%   117  202s
  3310  3319 2.1238e+07   85  483 2.1161e+07 2.1259e+07  0.46%   121  212s
  3848  3616 2.1239e+07  108  469 2.1161e+07 2.1259e+07  0.46%   117  220s
  3880  3646 2.1239e+07  108  473 2.1161e+07 2.1259e+07  0.46%   117  231s
  3914  3676 2.1239e+07  109  469 2.1161e+07 2.1259e+07  0.46%   117  243s
  3948  3708 2.1239e+07  110  465 2.1161e+07 2.1259e+07  0.46%   117  252s
  3980  3740 2.1237e+07  111  481 2.1161e+07 2.1259e+07  0.46%   117  260s
  4012  3771 2.1235e+07  111  471 2.1161e+07 2.1259e+07  0.46%   118  270s
  4045  3803 2.1234e+07  112  483 2.1161e+07 2.1259e+07  0.46%   118  279s
H 4047  3461                    2.118155e+07 2.1259e+07  0.36%   118  279s
  4077  3591 2.1232e+07  112  478 2.1182e+07 2.1259e+07  0.36%   118  284s
  4235  3962 2.1234e+07  117  458 2.1182e+07 2.1259e+07  0.36%   119  287s
H 4609  3994                    2.118158e+07 2.1259e+07  0.36%   117  291s
  5038  4714 2.1233e+07  132  417 2.1182e+07 2.1259e+07  0.36%   114  297s
  5361  5096 2.1233e+07  142  386 2.1182e+07 2.1259e+07  0.36%   112  300s
H 5756  5140                    2.118554e+07 2.1259e+07  0.35%   110  304s
H 5769  5102                    2.118850e+07 2.1259e+07  0.33%   110  304s
  5923  5213 2.1232e+07  155  378 2.1188e+07 2.1259e+07  0.33%   109  309s
  6044  5578 2.1231e+07  159  379 2.1188e+07 2.1259e+07  0.33%   109  313s
  6409  5610 2.1231e+07  169  366 2.1188e+07 2.1259e+07  0.33%   109  320s
  6441  5642 2.1231e+07  170  378 2.1188e+07 2.1259e+07  0.33%   109  328s
  6473  5674 2.1231e+07  171  379 2.1188e+07 2.1259e+07  0.33%   109  332s
  6505  5706 2.1231e+07  171  374 2.1188e+07 2.1259e+07  0.33%   109  336s
  6537  5738 2.1231e+07  172  355 2.1188e+07 2.1259e+07  0.33%   109  340s
H 6543  5690                    2.119024e+07 2.1259e+07  0.32%   109  340s
H 6546  5620                    2.119395e+07 2.1259e+07  0.31%   109  340s
  7035  6586 2.1230e+07  189  337 2.1194e+07 2.1259e+07  0.31%   107  347s
  7535  7108 2.1230e+07  207  347 2.1194e+07 2.1259e+07  0.31%   105  351s
  8057  7259 2.1223e+07  216  337 2.1194e+07 2.1259e+07  0.31%   103  356s
H 8061  7257                    2.119577e+07 2.1259e+07  0.30%   103  356s
H 8131  7251                    2.119657e+07 2.1259e+07  0.29%   103  356s
  8210  7715 2.1224e+07  218  321 2.1197e+07 2.1259e+07  0.29%   103  361s
  8686  8269 2.1222e+07  226  300 2.1197e+07 2.1259e+07  0.29%   102  365s
  9248  8579 2.1218e+07  246  268 2.1197e+07 2.1259e+07  0.29%   101  370s
H 9260  8579                    2.119662e+07 2.1259e+07  0.29%   101  370s
H 9291  8571                    2.119725e+07 2.1259e+07  0.29%   101  370s
  9579  9046 2.1220e+07  246  261 2.1197e+07 2.1259e+07  0.29%   101  375s
 10114  9573 2.1217e+07  264  239 2.1197e+07 2.1259e+07  0.29%   102  380s
 10663  9931 2.1216e+07  272  253 2.1197e+07 2.1259e+07  0.29%   102  386s
H10715  9313                    2.121077e+07 2.1259e+07  0.23%   102  386s
 11027  9824 2.1215e+07  278  242 2.1211e+07 2.1259e+07  0.23%   102  391s
 11622 10436 2.1214e+07  302  186 2.1211e+07 2.1259e+07  0.23%   101  397s
H12280 10828                    2.121078e+07 2.1259e+07  0.23%   100  404s
H12315 10828                    2.121078e+07 2.1259e+07  0.23%   100  404s
H12626 10656                    2.121223e+07 2.1259e+07  0.22%  99.0  404s
 12709 11164 2.1213e+07  333  164 2.1212e+07 2.1259e+07  0.22%  98.9  410s
 13255 11938 2.1213e+07  357  122 2.1212e+07 2.1259e+07  0.22%  97.8  417s
 14070 12769 2.1213e+07  387   96 2.1212e+07 2.1259e+07  0.22%  96.5  423s
 14992 12770 2.1249e+07   60  586 2.1212e+07 2.1259e+07  0.22%  94.5  493s
 14994 12771 2.1216e+07  316  434 2.1212e+07 2.1258e+07  0.22%  94.5  603s
 14995 12772 2.1221e+07  208  470 2.1212e+07 2.1258e+07  0.22%  94.5  612s
 14996 12773 2.1221e+07  307  500 2.1212e+07 2.1258e+07  0.22%  94.5  615s
 14998 12774 2.1214e+07  294  547 2.1212e+07 2.1257e+07  0.21%  94.4  621s
 15001 12776 2.1228e+07  180  551 2.1212e+07 2.1257e+07  0.21%  94.4  625s
H15004 12138                    2.121349e+07 2.1255e+07  0.19%  94.4  690s
 15007 12140 2.1232e+07  134  554 2.1213e+07 2.1255e+07  0.19%  94.4  695s
H15009 11534                    2.121418e+07 2.1251e+07  0.17%  94.4  800s
H15009 10957                    2.121473e+07 2.1251e+07  0.17%  94.4  800s
H15009 10409                    2.121745e+07 2.1251e+07  0.16%  94.4  800s
H15009  9888                    2.121816e+07 2.1251e+07  0.15%  94.4  800s
H15009  9393                    2.121832e+07 2.1251e+07  0.15%  94.4  800s
H15009  8923                    2.121838e+07 2.1251e+07  0.15%  94.4  800s
H15009  8477                    2.122234e+07 2.1251e+07  0.13%  94.4  800s
 15013  8480 2.1222e+07  344  528 2.1222e+07 2.1251e+07  0.13%  94.4  805s
 15014  8481 2.1250e+07   10  531 2.1222e+07 2.1250e+07  0.13%  94.3  845s
 15018  8483 2.1236e+07  119  540 2.1222e+07 2.1250e+07  0.13%  94.3  898s
 15019  8484 2.1222e+07  288  523 2.1222e+07 2.1250e+07  0.13%  94.3  901s
H15019  8059                    2.122361e+07 2.1250e+07  0.12%  94.3  901s
H15019  7656                    2.122466e+07 2.1250e+07  0.12%  94.3  901s
H15021  7273                    2.122574e+07 2.1249e+07  0.11%  94.3  978s
H15022  6910                    2.122621e+07 2.1249e+07  0.11%  94.3  984s
 15024  6911 2.1236e+07   92  522 2.1226e+07 2.1249e+07  0.11%  94.3  985s
 15025  6912 2.1231e+07   85  525 2.1226e+07 2.1249e+07  0.11%  94.3 1076s
 15028  6914 2.1226e+07  329  518 2.1226e+07 2.1248e+07  0.10%  94.3 1199s
H15028  6568                    2.122640e+07 2.1248e+07  0.10%  94.3 1207s
H15030  6240                    2.122677e+07 2.1248e+07  0.10%  94.2 1285s
H15032  5929                    2.122687e+07 2.1248e+07  0.10%  94.2 1338s
H15032  5632                    2.122697e+07 2.1248e+07  0.10%  94.2 1338s
H15032  5350                    2.122706e+07 2.1248e+07  0.10%  94.2 1338s
H15032  5081                    2.122707e+07 2.1248e+07  0.10%  94.2 1338s
H15032  4827                    2.122709e+07 2.1248e+07  0.10%  94.2 1338s

Cutting planes:
  Gomory: 7
  Cover: 1
  Implied bound: 664
  MIR: 751
  Flow cover: 1096
  GUB cover: 1
  RLT: 11
  Relax-and-lift: 628
  BQP: 1

Explored 15032 nodes (1554692 simplex iterations) in 1340.08 seconds (1614.83 work units)
Thread count was 32 (of 192 available processors)

Solution count 10: 2.12271e+07 2.12271e+07 2.12271e+07 ... 2.12257e+07

Optimal solution found (tolerance 1.00e-03)
Best objective 2.122708571315e+07, best bound 2.124796299006e+07, gap 0.0984%
Cleared contents of ./nodefiles
Saved model snapshot to study_case_model/figures/subsidy_experiment/run_24326/dev0.1/sub25.0/run0/model_snapshot.pkl
Finished successfully!
