Gurobi shell based on Python 3.13.1 can be launched with command `gurobi.sh`
Gurobi Python Interface can be loaded in Python 3.13.1 with 'import gurobipy'
/var/spool/slurm/slurmd/job21236570/slurm_script: line 24: activate: No such file or directory
Solving model: dev0.0, sub34.0, run1
Read LP format model from file /scratch-local/lbeemster.21236570/tmp6laby9w_.pyomo.lp
Reading time = 0.65 seconds
x1: 176513 rows, 50050 columns, 1016320 nonzeros
Set parameter OutputFlag to value 1
Set parameter MIPGap to value 0.001
Set parameter Threads to value 32
Set parameter Presolve to value 1
Set parameter Cuts to value 1
Set parameter NodefileStart to value 1
Set parameter NodefileDir to value "node_files/dev0.0_sub34.0_run1"
Set parameter MemLimit to value 60
Gurobi Optimizer version 12.0.3 build v12.0.3rc0 (linux64 - "Red Hat Enterprise Linux 9.6 (Plow)")

CPU model: AMD EPYC 9654 96-Core Processor, instruction set [SSE2|AVX|AVX2|AVX512]
Thread count: 192 physical cores, 192 logical processors, using up to 32 threads

Non-default parameters:
MemLimit  60
MIPGap  0.001
NodefileStart  1
Cuts  1
Presolve  1
Threads  32

Academic license 2514514 - for non-commercial use only - registered to l.___@student.vu.nl
Optimize a model with 176513 rows, 50050 columns and 1016320 nonzeros
Model fingerprint: 0x614b9de2
Variable types: 39426 continuous, 10624 integer (10624 binary)
Coefficient statistics:
  Matrix range     [6e-05, 1e+05]
  Objective range  [2e+00, 3e+04]
  Bounds range     [1e+00, 1e+00]
  RHS range        [3e-01, 2e+05]
Presolve removed 36265 rows and 24246 columns
Presolve time: 3.53s
Presolved: 140248 rows, 25804 columns, 894410 nonzeros
Variable types: 20020 continuous, 5784 integer (5784 binary)
Found heuristic solution: objective 1.998749e+07
Found heuristic solution: objective 2.016467e+07

Deterministic concurrent LP optimizer: primal simplex, dual simplex, and barrier
Showing barrier log only...

Root relaxation presolved: 24873 rows, 164943 columns, 919216 nonzeros

Root barrier log...

Ordering time: 0.05s

Barrier statistics:
 Free vars  : 1920
 AA' NZ     : 5.665e+05
 Factor NZ  : 1.465e+06 (roughly 90 MB of memory)
 Factor Ops : 1.043e+08 (less than 1 second per iteration)
 Threads    : 30

                  Objective                Residual
Iter       Primal          Dual         Primal    Dual     Compl     Time
   0   1.53961947e+12  3.06616817e+06  7.68e+06 3.25e+02  1.67e+08     8s
   1   1.04911401e+12 -2.03116526e+08  4.36e+06 3.60e+03  1.04e+08     8s
   2   7.84330197e+11 -2.09578956e+08  2.60e+06 2.25e+03  6.46e+07     8s
   3   5.50112199e+11 -1.31323614e+08  8.57e+05 9.87e+02  2.83e+07     8s
   4   4.46590011e+11 -9.60650137e+07  5.42e+05 5.68e+02  1.69e+07     8s
   5   3.14230510e+11 -7.05587838e+07  2.86e+05 3.51e+02  9.98e+06     8s
   6   1.83995764e+11 -4.05230997e+07  1.08e+05 1.69e+02  4.50e+06     8s
   7   1.23783610e+11 -1.43828357e+07  4.89e+04 7.26e+01  2.09e+06     8s
   8   9.92622436e+10 -7.40415648e+06  3.41e+04 5.01e+01  1.46e+06     8s
   9   6.24074358e+10 -5.83532343e+06  1.78e+04 3.12e+01  8.62e+05     8s
  10   4.04201367e+10 -2.52090327e+06  9.51e+03 1.83e+01  4.88e+05     8s
  11   2.35573470e+10 -2.57370606e+05  4.50e+03 8.32e+00  2.37e+05     8s
  12   1.19738219e+10  4.58764815e+05  1.91e+03 4.79e+00  1.15e+05     8s
  13   5.40415895e+09  1.41850722e+06  7.02e+02 1.79e+00  4.51e+04     8s
  14   3.68062053e+09  2.82832198e+06  4.46e+02 1.09e+00  2.90e+04     8s
  15   2.49752768e+09  4.93217097e+06  2.85e+02 4.94e-01  1.76e+04     8s
  16   2.07082304e+09  5.98265246e+06  2.32e+02 3.31e-01  1.40e+04     9s
  17   1.23141721e+09  7.55975533e+06  1.32e+02 1.64e-01  7.93e+03     9s
  18   5.19841354e+08  9.61282966e+06  5.05e+01 6.94e-02  3.21e+03     9s
  19   1.90805386e+08  1.21939887e+07  1.48e+01 2.65e-02  1.09e+03     9s
  20   1.22818717e+08  1.46718656e+07  8.35e+00 1.34e-02  6.47e+02     9s
  21   7.34543604e+07  1.81300165e+07  3.89e+00 6.14e-03  3.25e+02     9s
  22   4.72138953e+07  1.93563545e+07  1.83e+00 4.11e-03  1.63e+02     9s
  23   3.73492197e+07  1.98374315e+07  1.11e+00 2.15e-03  1.02e+02     9s
  24   3.29038381e+07  2.03174372e+07  7.86e-01 2.30e-03  7.29e+01     9s
  25   2.83733961e+07  2.08592802e+07  4.57e-01 2.45e-03  4.34e+01     9s
  26   2.52085690e+07  2.10516620e+07  2.49e-01 1.66e-03  2.40e+01     9s
  27   2.35731818e+07  2.11819318e+07  1.40e-01 1.40e-03  1.38e+01     9s
  28   2.22727055e+07  2.12679393e+07  5.52e-02 1.17e-03  5.77e+00     9s

Barrier performed 28 iterations in 9.05 seconds (8.24 work units)
Barrier solve interrupted - model solved by another algorithm

Concurrent spin time: 0.20s

Solved with primal simplex

Root relaxation: objective 2.143881e+07, 28402 iterations, 1.98 seconds (1.87 work units)
Total elapsed time = 10.33s (DegenMoves)

    Nodes    |    Current Node    |     Objective Bounds      |     Work
 Expl Unexpl |  Obj  Depth IntInf | Incumbent    BestBd   Gap | It/Node Time

     0     0 2.1439e+07    0  350 2.0165e+07 2.1439e+07  6.32%     -   11s
     0     0 2.1430e+07    0  376 2.0165e+07 2.1430e+07  6.27%     -   14s
H    0     0                    2.102337e+07 2.1429e+07  1.93%     -   15s
     0     0 2.1428e+07    0  450 2.1023e+07 2.1428e+07  1.93%     -   16s
     0     0 2.1428e+07    0  456 2.1023e+07 2.1428e+07  1.93%     -   16s
     0     0 2.1428e+07    0  460 2.1023e+07 2.1428e+07  1.93%     -   16s
     0     0 2.1428e+07    0  462 2.1023e+07 2.1428e+07  1.93%     -   16s
     0     0 2.1423e+07    0  463 2.1023e+07 2.1423e+07  1.90%     -   19s
     0     0 2.1423e+07    0  467 2.1023e+07 2.1423e+07  1.90%     -   19s
     0     0 2.1423e+07    0  476 2.1023e+07 2.1423e+07  1.90%     -   20s
     0     0 2.1423e+07    0  478 2.1023e+07 2.1423e+07  1.90%     -   20s
     0     0 2.1423e+07    0  479 2.1023e+07 2.1423e+07  1.90%     -   20s
     0     0 2.1423e+07    0  480 2.1023e+07 2.1423e+07  1.90%     -   20s
     0     0 2.1423e+07    0  500 2.1023e+07 2.1423e+07  1.90%     -   23s
H    0     0                    2.116221e+07 2.1423e+07  1.23%     -   24s
     0     0 2.1422e+07    0  531 2.1162e+07 2.1422e+07  1.23%     -   25s
     0     0 2.1422e+07    0  539 2.1162e+07 2.1422e+07  1.23%     -   25s
     0     0 2.1422e+07    0  544 2.1162e+07 2.1422e+07  1.23%     -   25s
     0     0 2.1422e+07    0  543 2.1162e+07 2.1422e+07  1.23%     -   25s
     0     0 2.1422e+07    0  545 2.1162e+07 2.1422e+07  1.23%     -   26s
     0     0 2.1422e+07    0  508 2.1162e+07 2.1422e+07  1.23%     -   29s
     0     0 2.1422e+07    0  516 2.1162e+07 2.1422e+07  1.23%     -   30s
     0     0 2.1422e+07    0  523 2.1162e+07 2.1422e+07  1.23%     -   30s
     0     0 2.1422e+07    0  524 2.1162e+07 2.1422e+07  1.23%     -   31s
     0     0 2.1422e+07    0  412 2.1162e+07 2.1422e+07  1.23%     -   33s
     0     0 2.1422e+07    0  433 2.1162e+07 2.1422e+07  1.23%     -   36s
     0     0 2.1422e+07    0  436 2.1162e+07 2.1422e+07  1.23%     -   36s
     0     0 2.1422e+07    0  429 2.1162e+07 2.1422e+07  1.23%     -   38s
H    0     0                    2.117402e+07 2.1422e+07  1.17%     -   41s
     0     0 2.1422e+07    0  439 2.1174e+07 2.1422e+07  1.17%     -   41s
     0     0 2.1422e+07    0  436 2.1174e+07 2.1422e+07  1.17%     -   42s
     0     0 2.1422e+07    0  430 2.1174e+07 2.1422e+07  1.17%     -   44s
     0     0 2.1422e+07    0  439 2.1174e+07 2.1422e+07  1.17%     -   46s
     0     0 2.1422e+07    0  432 2.1174e+07 2.1422e+07  1.17%     -   48s
     0     0 2.1422e+07    0  428 2.1174e+07 2.1422e+07  1.17%     -   48s
     0     0 2.1422e+07    0  412 2.1174e+07 2.1422e+07  1.17%     -   51s
     0     0 2.1422e+07    0  413 2.1174e+07 2.1422e+07  1.17%     -   57s
H    0     0                    2.118867e+07 2.1422e+07  1.10%     -   65s
H    0     0                    2.121203e+07 2.1422e+07  0.99%     -   66s
H    0     0                    2.124469e+07 2.1422e+07  0.83%     -   70s
H    0     0                    2.124715e+07 2.1422e+07  0.82%     -   71s
H    0     0                    2.124900e+07 2.1422e+07  0.81%     -   72s
H    0     0                    2.124983e+07 2.1422e+07  0.81%     -   73s
H    0     0                    2.125004e+07 2.1422e+07  0.81%     -   73s
H    0     0                    2.125215e+07 2.1422e+07  0.80%     -   73s
H    0     0                    2.125222e+07 2.1422e+07  0.80%     -   73s
H    0     0                    2.125816e+07 2.1422e+07  0.77%     -   73s
H    0     0                    2.125950e+07 2.1422e+07  0.76%     -   73s
     0     2 2.1422e+07    0  413 2.1260e+07 2.1422e+07  0.76%     -   75s
    63    96 2.1422e+07    6  422 2.1260e+07 2.1422e+07  0.76%   167   81s
H   75    96                    2.126929e+07 2.1422e+07  0.72%   147   81s
   397   428 2.1420e+07   14  412 2.1269e+07 2.1422e+07  0.72%  86.6   86s
   755  1226 2.1421e+07   21  388 2.1269e+07 2.1422e+07  0.72%  72.6   90s
H 1227  1258                    2.126930e+07 2.1422e+07  0.72%  63.5   96s
H 1228  1258                    2.127075e+07 2.1422e+07  0.71%  63.5   96s
  1259  1708 2.1417e+07   30  375 2.1271e+07 2.1422e+07  0.71%  62.8  100s
  2161  2888 2.1415e+07   49  338 2.1271e+07 2.1422e+07  0.71%  54.2  106s
H 2895  2938                    2.127313e+07 2.1422e+07  0.70%  53.3  109s
H 2898  2938                    2.127350e+07 2.1422e+07  0.70%  53.3  109s
H 2908  2938                    2.128376e+07 2.1422e+07  0.65%  53.3  109s
  2939  3617 2.1414e+07   67  320 2.1284e+07 2.1422e+07  0.65%  53.2  111s
  4955  5189 2.1408e+07  102  284 2.1284e+07 2.1422e+07  0.65%  45.9  116s
H 5041  5136                    2.128643e+07 2.1422e+07  0.64%  45.8  116s
* 6862  6692             305    2.128659e+07 2.1422e+07  0.63%  43.0  119s
  6933  7060 2.1403e+07  137  229 2.1287e+07 2.1422e+07  0.63%  42.9  123s
  7305  7092 2.1400e+07  145  214 2.1287e+07 2.1422e+07  0.63%  43.1  126s
H 7307  6984                    2.128957e+07 2.1422e+07  0.62%  43.1  126s
  8233  8394 2.1401e+07  162  190 2.1290e+07 2.1422e+07  0.62%  42.9  132s
  8749  8445 2.1401e+07  177  184 2.1290e+07 2.1422e+07  0.62%  42.3  135s
H 8755  8414                    2.129210e+07 2.1422e+07  0.61%  42.3  135s
H 8770  8391                    2.129320e+07 2.1422e+07  0.60%  42.3  135s
 10077 10170 2.1393e+07  208  162 2.1293e+07 2.1422e+07  0.60%  40.8  141s
H10596 10115                    2.129598e+07 2.1422e+07  0.59%  40.1  144s
H10626  9848                    2.130926e+07 2.1422e+07  0.53%  40.0  144s
 10645 10577 2.1372e+07  216  159 2.1309e+07 2.1422e+07  0.53%  40.0  146s
 12371 12478 2.1384e+07  255  122 2.1309e+07 2.1422e+07  0.53%  37.9  150s
H13958 12875                    2.131638e+07 2.1422e+07  0.49%  36.5  152s
 14064 13070 2.1377e+07  291  103 2.1316e+07 2.1422e+07  0.49%  36.4  156s
 14304 13098 2.1368e+07  297  100 2.1316e+07 2.1422e+07  0.49%  36.4  161s
H14316 12082                    2.134404e+07 2.1422e+07  0.36%  36.3  161s
H15105 12690                    2.134663e+07 2.1422e+07  0.35%  36.1  187s
 15106 12691 2.1373e+07  297  413 2.1347e+07 2.1422e+07  0.35%  36.1  214s
H15107 12057                    2.135012e+07 2.1422e+07  0.33%  36.1  312s
H15107 11454                    2.135592e+07 2.1421e+07  0.30%  36.1  320s
 15109 11455 2.1412e+07   97  351 2.1356e+07 2.1421e+07  0.30%  36.1  327s
 15111 11456 2.1377e+07  309  376 2.1356e+07 2.1421e+07  0.30%  36.1  331s
H15114 10885                    2.135731e+07 2.1420e+07  0.30%  36.1  411s
H15114 10341                    2.139512e+07 2.1420e+07  0.12%  36.1  411s
 15116 10343 2.1395e+07  279  384 2.1395e+07 2.1420e+07  0.12%  36.1  415s
 15118 10344 2.1418e+07   35  399 2.1395e+07 2.1420e+07  0.12%  36.1  475s
 15123 10347 2.1418e+07   25  383 2.1395e+07 2.1420e+07  0.12%  36.1  542s
 15125 10349 2.1395e+07  252  367 2.1395e+07 2.1420e+07  0.12%  36.1  545s
 15127 10350 2.1395e+07  321  379 2.1395e+07 2.1420e+07  0.12%  36.1  581s
H15130  9834                    2.139552e+07 2.1420e+07  0.12%  36.1  649s
H15131  9342                    2.139641e+07 2.1420e+07  0.11%  36.1  654s
 15134  9344 2.1415e+07   42  377 2.1396e+07 2.1420e+07  0.11%  36.1  692s
 15135  9344 2.1396e+07  121  371 2.1396e+07 2.1420e+07  0.11%  36.1  695s
H15135  8877                    2.139828e+07 2.1420e+07  0.10%  36.1  718s
 15137  8879 2.1417e+07   11  368 2.1398e+07 2.1420e+07  0.10%  36.1  720s
H15137  8434                    2.139845e+07 2.1420e+07  0.10%  36.1  738s
H15137  8012                    2.139885e+07 2.1420e+07  0.10%  36.1  738s
H15137  7611                    2.139900e+07 2.1420e+07  0.10%  36.1  738s

Cutting planes:
  Gomory: 33
  Cover: 13
  Implied bound: 536
  MIR: 889
  Flow cover: 1118
  RLT: 12
  Relax-and-lift: 514
  BQP: 1
  PSD: 3

Explored 15137 nodes (644647 simplex iterations) in 738.23 seconds (887.74 work units)
Thread count was 32 (of 192 available processors)

Solution count 10: 2.1399e+07 2.1399e+07 2.13989e+07 ... 2.13559e+07

Optimal solution found (tolerance 1.00e-03)
Best objective 2.139899712201e+07, best bound 2.142021659747e+07, gap 0.0992%
Deleted nodefile directory: node_files/dev0.0_sub34.0_run1
Saved model snapshot to study_case_model/figures/subsidy_experiment/run_27326/dev0.0/sub34.0/run1/model_snapshot.pkl
Finished successfully!
