Gurobi shell based on Python 3.13.1 can be launched with command `gurobi.sh`
Gurobi Python Interface can be loaded in Python 3.13.1 with 'import gurobipy'
/var/spool/slurm/slurmd/job21246846/slurm_script: line 24: activate: No such file or directory
Solving model: dev0.1, sub36.0, run1
Read LP format model from file /scratch-local/lbeemster.21246846/tmpazym9wut.pyomo.lp
Reading time = 0.54 seconds
x1: 176513 rows, 50050 columns, 1016320 nonzeros
Set parameter OutputFlag to value 1
Set parameter MIPGap to value 0.001
Set parameter Threads to value 32
Set parameter Presolve to value 1
Set parameter Cuts to value 1
Set parameter NodefileStart to value 1
Set parameter NodefileDir to value "node_files/dev0.1_sub36.0_run1"
Set parameter MemLimit to value 60
Gurobi Optimizer version 12.0.3 build v12.0.3rc0 (linux64 - "Red Hat Enterprise Linux 9.6 (Plow)")

CPU model: AMD EPYC 9654 96-Core Processor, instruction set [SSE2|AVX|AVX2|AVX512]
Thread count: 192 physical cores, 192 logical processors, using up to 32 threads

Non-default parameters:
MemLimit  60
MIPGap  0.001
NodefileStart  1
Cuts  1
Presolve  1
Threads  32

Academic license 2514514 - for non-commercial use only - registered to l.___@student.vu.nl
Optimize a model with 176513 rows, 50050 columns and 1016320 nonzeros
Model fingerprint: 0xc00411dc
Variable types: 39426 continuous, 10624 integer (10624 binary)
Coefficient statistics:
  Matrix range     [6e-05, 1e+05]
  Objective range  [9e-01, 3e+04]
  Bounds range     [1e+00, 1e+00]
  RHS range        [3e-01, 2e+05]
Presolve removed 32776 rows and 21302 columns
Presolve time: 3.28s
Presolved: 143737 rows, 28748 columns, 833873 nonzeros
Variable types: 22900 continuous, 5848 integer (5848 binary)

Deterministic concurrent LP optimizer: primal simplex, dual simplex, and barrier
Showing barrier log only...

Root relaxation presolved: 26425 rows, 170066 columns, 862346 nonzeros

Root barrier log...

Ordering time: 0.06s

Barrier statistics:
 Dense cols : 44
 Free vars  : 2112
 AA' NZ     : 5.920e+05
 Factor NZ  : 1.612e+06 (roughly 100 MB of memory)
 Factor Ops : 1.193e+08 (less than 1 second per iteration)
 Threads    : 29

                  Objective                Residual
Iter       Primal          Dual         Primal    Dual     Compl     Time
   0   1.64647468e+12  1.06455448e+06  7.86e+06 3.25e+02  1.68e+08     5s
   1   1.25291120e+12 -2.36903353e+08  5.08e+06 3.35e+03  1.06e+08     5s
   2   9.38995599e+11 -2.24481994e+08  2.96e+06 2.36e+03  6.98e+07     5s
   3   6.74761440e+11 -1.85790144e+08  1.26e+06 1.59e+03  4.10e+07     5s
   4   5.14909832e+11 -1.31618034e+08  5.78e+05 1.05e+03  2.51e+07     5s
   5   4.01219664e+11 -7.68680984e+07  3.02e+05 5.95e+02  1.42e+07     5s
   6   3.21706287e+11 -4.68960721e+07  1.88e+05 3.61e+02  8.85e+06     5s
   7   2.57262744e+11 -3.11295072e+07  1.28e+05 2.43e+02  5.98e+06     5s
   8   2.40602146e+11 -3.05000099e+07  1.18e+05 2.38e+02  5.75e+06     5s
   9   2.17483916e+11 -2.18705041e+07  9.96e+04 1.69e+02  4.37e+06     5s
  10   1.55590197e+11 -1.54136210e+07  5.90e+04 1.19e+02  2.93e+06     5s
  11   1.33244589e+11 -8.68893583e+06  4.70e+04 6.90e+01  1.97e+06     6s
  12   8.50944313e+10 -3.28254436e+06  2.42e+04 3.16e+01  1.00e+06     6s
  13   4.88143386e+10 -3.70538338e+05  1.11e+04 1.20e+01  4.54e+05     6s
  14   1.81850138e+10  8.23411967e+05  3.07e+03 3.92e+00  1.46e+05     6s
  15   1.00903944e+10  1.32968018e+06  1.52e+03 1.76e+00  7.42e+04     6s
  16   6.05277575e+09  2.01744390e+06  8.58e+02 7.42e-01  4.07e+04     6s
  17   3.31209699e+09  2.83103841e+06  4.43e+02 4.06e-01  2.16e+04     6s
  18   1.82618079e+09  3.91889002e+06  2.32e+02 2.32e-01  1.17e+04     6s
  19   9.95371734e+08  5.96210311e+06  1.20e+02 8.41e-02  6.09e+03     6s
  20   5.11476373e+08  7.61487231e+06  5.88e+01 4.34e-02  3.06e+03     6s
  21   2.45724288e+08  9.44246824e+06  2.55e+01 2.23e-02  1.41e+03     6s
  22   1.60949652e+08  1.04543802e+07  1.56e+01 1.66e-02  8.95e+02     6s
  23   1.09448969e+08  1.54149620e+07  9.15e+00 6.32e-03  5.46e+02     6s
  24   7.24834179e+07  1.72926387e+07  5.06e+00 4.52e-03  3.18e+02     6s
  25   5.00088241e+07  1.93259597e+07  2.69e+00 2.43e-03  1.76e+02     6s
  26   4.31348762e+07  1.99197642e+07  2.01e+00 1.69e-03  1.32e+02     6s
  27   3.37766187e+07  2.02700538e+07  1.13e+00 9.84e-04  7.68e+01     6s
  28   2.88319470e+07  2.07024638e+07  6.50e-01 1.06e-03  4.60e+01     6s
  29   2.55173300e+07  2.09205238e+07  3.50e-01 1.02e-03  2.59e+01     6s
  30   2.38569231e+07  2.11555329e+07  2.03e-01 9.04e-04  1.52e+01     6s
  31   2.26341997e+07  2.12769870e+07  9.60e-02 6.55e-04  7.59e+00     6s
  32   2.21062846e+07  2.13252502e+07  5.24e-02 4.75e-04  4.36e+00     6s
  33   2.18550053e+07  2.13535524e+07  3.24e-02 3.76e-04  2.79e+00     6s
  34   2.16926992e+07  2.13690739e+07  2.02e-02 3.74e-04  1.80e+00     7s
  35   2.15926063e+07  2.13836775e+07  1.27e-02 3.21e-04  1.16e+00     7s
  36   2.15404440e+07  2.13968589e+07  8.43e-03 2.80e-04  7.93e-01     7s
  37   2.15197615e+07  2.14119336e+07  6.43e-03 2.17e-04  5.93e-01     7s
  38   2.15011798e+07  2.14318847e+07  4.10e-03 2.33e-04  3.79e-01     7s
  39   2.14802038e+07  2.14439711e+07  2.12e-03 2.42e-04  1.97e-01     7s
  40   2.14688732e+07  2.14478554e+07  1.15e-03 2.60e-04  1.14e-01     7s
  41   2.14641814e+07  2.14500986e+07  7.50e-04 2.34e-04  7.63e-02     7s
  42   2.14608777e+07  2.14517268e+07  4.83e-04 1.99e-04  4.96e-02     7s
  43   2.14585969e+07  2.14526805e+07  3.10e-04 1.53e-04  3.20e-02     7s
  44   2.14569191e+07  2.14530328e+07  1.89e-04 1.34e-04  2.10e-02     7s
  45   2.14561230e+07  2.14535912e+07  1.34e-04 1.24e-04  1.37e-02     7s
  46   2.14548743e+07  2.14536997e+07  5.15e-05 9.29e-05  6.34e-03     7s
  47   2.14543462e+07  2.14539021e+07  1.92e-05 1.65e-05  2.40e-03     7s
  48   2.14541416e+07  2.14539309e+07  8.87e-06 7.69e-06  1.14e-03     7s
  49   2.14540406e+07  2.14539442e+07  3.98e-06 4.00e-06  5.20e-04     7s
  50   2.14539845e+07  2.14539523e+07  1.20e-06 1.82e-06  1.73e-04     7s
  51   2.14539594e+07  2.14539550e+07  1.11e-07 4.99e-07  2.40e-05     7s

Barrier performed 51 iterations in 7.22 seconds (6.70 work units)
Barrier solve interrupted - model solved by another algorithm

Concurrent spin time: 0.61s (can be avoided by choosing Method=3)

Solved with primal simplex

Root relaxation: objective 2.145396e+07, 35526 iterations, 3.41 seconds (2.88 work units)

    Nodes    |    Current Node    |     Objective Bounds      |     Work
 Expl Unexpl |  Obj  Depth IntInf | Incumbent    BestBd   Gap | It/Node Time

     0     0 2.1454e+07    0  464          - 2.1454e+07      -     -    9s
H    0     0                    2.064655e+07 2.1454e+07  3.91%     -   11s
     0     0 2.1450e+07    0  625 2.0647e+07 2.1450e+07  3.89%     -   16s
H    0     0                    2.091293e+07 2.1450e+07  2.57%     -   18s
H    0     0                    2.092389e+07 2.1445e+07  2.49%     -   19s
     0     0 2.1445e+07    0  672 2.0924e+07 2.1445e+07  2.49%     -   19s
     0     0 2.1442e+07    0  689 2.0924e+07 2.1442e+07  2.48%     -   20s
     0     0 2.1442e+07    0  700 2.0924e+07 2.1442e+07  2.48%     -   20s
     0     0 2.1442e+07    0  700 2.0924e+07 2.1442e+07  2.48%     -   20s
     0     0 2.1438e+07    0  740 2.0924e+07 2.1438e+07  2.46%     -   25s
     0     0 2.1437e+07    0  782 2.0924e+07 2.1437e+07  2.45%     -   30s
     0     0 2.1437e+07    0  792 2.0924e+07 2.1437e+07  2.45%     -   30s
     0     0 2.1437e+07    0  802 2.0924e+07 2.1437e+07  2.45%     -   31s
     0     0 2.1437e+07    0  804 2.0924e+07 2.1437e+07  2.45%     -   31s
H    0     0                    2.105746e+07 2.1437e+07  1.80%     -   34s
     0     0 2.1435e+07    0  791 2.1057e+07 2.1435e+07  1.79%     -   37s
H    0     0                    2.117654e+07 2.1435e+07  1.22%     -   39s
     0     0 2.1435e+07    0  803 2.1177e+07 2.1435e+07  1.22%     -   40s
     0     0 2.1435e+07    0  830 2.1177e+07 2.1435e+07  1.22%     -   42s
     0     0 2.1434e+07    0  844 2.1177e+07 2.1434e+07  1.22%     -   43s
     0     0 2.1434e+07    0  860 2.1177e+07 2.1434e+07  1.22%     -   43s
     0     0 2.1434e+07    0  863 2.1177e+07 2.1434e+07  1.22%     -   43s
     0     0 2.1434e+07    0  867 2.1177e+07 2.1434e+07  1.22%     -   44s
     0     0 2.1433e+07    0  884 2.1177e+07 2.1433e+07  1.21%     -   50s
H    0     0                    2.117665e+07 2.1433e+07  1.21%     -   51s
     0     0 2.1433e+07    0  874 2.1177e+07 2.1433e+07  1.21%     -   52s
     0     0 2.1433e+07    0  898 2.1177e+07 2.1433e+07  1.21%     -   54s
H    0     0                    2.122444e+07 2.1433e+07  0.98%     -   55s
     0     0 2.1433e+07    0  923 2.1224e+07 2.1433e+07  0.98%     -   55s
     0     0 2.1433e+07    0  947 2.1224e+07 2.1433e+07  0.98%     -   56s
     0     0 2.1433e+07    0  944 2.1224e+07 2.1433e+07  0.98%     -   56s
     0     0 2.1433e+07    0  951 2.1224e+07 2.1433e+07  0.98%     -   56s
H    0     0                    2.123646e+07 2.1433e+07  0.92%     -   62s
     0     0 2.1432e+07    0  752 2.1236e+07 2.1432e+07  0.92%     -   66s
     0     0 2.1432e+07    0  772 2.1236e+07 2.1432e+07  0.92%     -   69s
     0     0 2.1432e+07    0  768 2.1236e+07 2.1432e+07  0.92%     -   70s
     0     0 2.1432e+07    0  788 2.1236e+07 2.1432e+07  0.92%     -   70s
     0     0 2.1432e+07    0  795 2.1236e+07 2.1432e+07  0.92%     -   71s
H    0     0                    2.125330e+07 2.1432e+07  0.84%     -   73s
     0     0 2.1432e+07    0  782 2.1253e+07 2.1432e+07  0.84%     -   74s
H    0     0                    2.125795e+07 2.1432e+07  0.82%     -   78s
H    0     0                    2.127499e+07 2.1431e+07  0.74%     -   79s
     0     0 2.1431e+07    0  771 2.1275e+07 2.1431e+07  0.74%     -   79s
     0     0 2.1431e+07    0  759 2.1275e+07 2.1431e+07  0.73%     -   80s
     0     0 2.1431e+07    0  763 2.1275e+07 2.1431e+07  0.73%     -   80s
     0     0 2.1431e+07    0  762 2.1275e+07 2.1431e+07  0.73%     -   80s
     0     0 2.1431e+07    0  778 2.1275e+07 2.1431e+07  0.73%     -   84s
     0     0 2.1431e+07    0  773 2.1275e+07 2.1431e+07  0.73%     -   87s
     0     0 2.1431e+07    0  775 2.1275e+07 2.1431e+07  0.73%     -   87s
     0     0 2.1431e+07    0  784 2.1275e+07 2.1431e+07  0.73%     -   88s
H    0     0                    2.130859e+07 2.1431e+07  0.58%     -   90s
     0     0 2.1431e+07    0  741 2.1309e+07 2.1431e+07  0.57%     -   91s
     0     0 2.1431e+07    0  740 2.1309e+07 2.1431e+07  0.57%     -   95s
     0     0 2.1431e+07    0  744 2.1309e+07 2.1431e+07  0.57%     -   96s
     0     0 2.1431e+07    0  736 2.1309e+07 2.1431e+07  0.57%     -   96s
     0     0 2.1431e+07    0  748 2.1309e+07 2.1431e+07  0.57%     -   96s
     0     0 2.1431e+07    0  715 2.1309e+07 2.1431e+07  0.57%     -  100s
     0     0 2.1431e+07    0  700 2.1309e+07 2.1431e+07  0.57%     -  102s
     0     0 2.1431e+07    0  698 2.1309e+07 2.1431e+07  0.57%     -  102s
     0     0 2.1431e+07    0  698 2.1309e+07 2.1431e+07  0.57%     -  103s
     0     0 2.1431e+07    0  726 2.1309e+07 2.1431e+07  0.57%     -  106s
     0     0 2.1431e+07    0  726 2.1309e+07 2.1431e+07  0.57%     -  117s
     0     2 2.1431e+07    0  726 2.1309e+07 2.1431e+07  0.57%     -  152s
    15    32 2.1431e+07    4  699 2.1309e+07 2.1431e+07  0.57%   500  155s
    95   125 2.1430e+07    7  719 2.1309e+07 2.1430e+07  0.57%   409  160s
   277   236 2.1429e+07   11  731 2.1309e+07 2.1430e+07  0.57%   266  165s
   309   274 2.1429e+07   12  730 2.1309e+07 2.1430e+07  0.57%   265  170s
H  420   344                    2.131839e+07 2.1430e+07  0.52%   219  173s
   532   472 2.1428e+07   17  723 2.1318e+07 2.1430e+07  0.52%   193  176s
H  570   517                    2.132881e+07 2.1430e+07  0.48%   186  177s
   697   676 2.1428e+07   20  714 2.1329e+07 2.1430e+07  0.48%   174  180s
   927   899 2.1427e+07   27  705 2.1329e+07 2.1430e+07  0.48%   166  185s
  1254  1241 2.1425e+07   33  696 2.1329e+07 2.1430e+07  0.48%   161  191s
  1580  1507 2.1427e+07   37  656 2.1329e+07 2.1430e+07  0.48%   155  196s
  1612  1539 2.1426e+07   38  683 2.1329e+07 2.1430e+07  0.48%   156  203s
  1644  1571 2.1426e+07   38  666 2.1329e+07 2.1430e+07  0.48%   156  218s
  1708  1635 2.1426e+07   40  676 2.1329e+07 2.1430e+07  0.48%   155  221s
H 1767  1667                    2.132911e+07 2.1430e+07  0.47%   155  223s
  1933  1987 2.1426e+07   47  657 2.1329e+07 2.1430e+07  0.47%   150  226s
  2465  2526 2.1425e+07   65  628 2.1329e+07 2.1430e+07  0.47%   151  231s
  2849  2768 2.1424e+07   81  584 2.1329e+07 2.1430e+07  0.47%   153  238s
H 2883  2800                    2.133331e+07 2.1430e+07  0.45%   153  295s
  3428  3585 2.1422e+07   94  556 2.1333e+07 2.1430e+07  0.45%   148  300s
  4209  4323 2.1420e+07  112  528 2.1333e+07 2.1430e+07  0.45%   148  306s
  4648  4787 2.1419e+07  126  500 2.1333e+07 2.1430e+07  0.45%   156  312s
  5252  5388 2.1418e+07  142  461 2.1333e+07 2.1430e+07  0.45%   155  317s
  5912  5989 2.1417e+07  156  443 2.1333e+07 2.1430e+07  0.45%   156  322s
  6152  6461 2.1407e+07  160  433 2.1333e+07 2.1430e+07  0.45%   159  325s
  7565  7590 2.1407e+07  185  419 2.1333e+07 2.1430e+07  0.45%   149  333s
  7811  8081 2.1406e+07  189  417 2.1333e+07 2.1430e+07  0.45%   149  336s
  8805  9030 2.1402e+07  202  390 2.1333e+07 2.1430e+07  0.45%   145  342s
  9307  9366 2.1401e+07  208  338 2.1333e+07 2.1430e+07  0.45%   144  346s
  9660  9926 2.1397e+07  214  348 2.1333e+07 2.1430e+07  0.45%   146  350s
 10790 11014 2.1397e+07  236  325 2.1333e+07 2.1430e+07  0.45%   144  358s
 11381 11648 2.1397e+07  251  326 2.1333e+07 2.1430e+07  0.45%   143  362s
 12029 11972 2.1396e+07  264  322 2.1333e+07 2.1430e+07  0.45%   142  366s
H12214 11796                    2.133442e+07 2.1430e+07  0.45%   142  366s
H12217 11785                    2.133456e+07 2.1430e+07  0.45%   142  366s
 12360 12506 2.1396e+07  269  314 2.1335e+07 2.1430e+07  0.45%   141  370s
*12848 12426             502    2.133507e+07 2.1430e+07  0.44%   140  370s
 13919 14150 2.1393e+07  316  233 2.1335e+07 2.1430e+07  0.44%   138  377s
 14852 14151 2.1383e+07  126  726 2.1335e+07 2.1430e+07  0.44%   135  472s
H14853 13444                    2.133560e+07 2.1430e+07  0.44%   134  580s
H14853 12772                    2.133772e+07 2.1430e+07  0.43%   134  580s
 14855 12773 2.1393e+07  113  641 2.1338e+07 2.1430e+07  0.43%   134  591s
 14856 12774 2.1374e+07  181  631 2.1338e+07 2.1429e+07  0.43%   134  596s
 14857 12774 2.1417e+07  153  619 2.1338e+07 2.1429e+07  0.43%   134  600s
 14860 12776 2.1392e+07   97  533 2.1338e+07 2.1429e+07  0.43%   134  607s
 14862 12778 2.1398e+07  140  560 2.1338e+07 2.1429e+07  0.43%   134  611s
 14864 12779 2.1403e+07  146  558 2.1338e+07 2.1429e+07  0.43%   134  616s
 14867 12781 2.1408e+07  180  578 2.1338e+07 2.1429e+07  0.43%   134  620s
H14867 12141                    2.134972e+07 2.1428e+07  0.37%   134  711s
H14867 11534                    2.136964e+07 2.1428e+07  0.27%   134  711s
H14867 10957                    2.137143e+07 2.1428e+07  0.26%   134  711s
H14867 10409                    2.137720e+07 2.1428e+07  0.24%   134  711s
H14867  9888                    2.138498e+07 2.1428e+07  0.20%   134  711s
 14869  9889 2.1385e+07  207  555 2.1385e+07 2.1428e+07  0.20%   134  715s
H14871  9396                    2.138500e+07 2.1428e+07  0.20%   134  798s
 14873  9397 2.1385e+07  362  552 2.1385e+07 2.1428e+07  0.20%   134  804s
 14874  9398 2.1385e+07  138  528 2.1385e+07 2.1428e+07  0.20%   134  805s
 14876  9399 2.1385e+07  111  534 2.1385e+07 2.1428e+07  0.20%   134  897s
H14876  8929                    2.138507e+07 2.1428e+07  0.20%   134  902s
H14878  8483                    2.138598e+07 2.1428e+07  0.19%   134  966s
H14878  8058                    2.138599e+07 2.1428e+07  0.19%   134  966s
H14878  7655                    2.138599e+07 2.1428e+07  0.19%   134  966s
H14878  7272                    2.138654e+07 2.1428e+07  0.19%   134  966s
H14880  6910                    2.138920e+07 2.1428e+07  0.18%   134 1038s
 14882  6911 2.1395e+07  196  518 2.1389e+07 2.1428e+07  0.18%   134 1042s
H14883  6565                    2.138933e+07 2.1428e+07  0.18%   134 1144s
H14883  6237                    2.138971e+07 2.1428e+07  0.18%   134 1144s
 14884  6237 2.1416e+07   69  525 2.1390e+07 2.1428e+07  0.18%   134 1145s
H14885  5925                    2.139006e+07 2.1427e+07  0.17%   134 1226s
H14885  5628                    2.139282e+07 2.1427e+07  0.16%   134 1226s
H14885  5346                    2.139286e+07 2.1427e+07  0.16%   134 1226s
H14885  5078                    2.139309e+07 2.1427e+07  0.16%   134 1226s
H14885  4824                    2.139364e+07 2.1427e+07  0.16%   134 1226s
H14885  4582                    2.139367e+07 2.1427e+07  0.16%   134 1226s
H14885  4353                    2.139375e+07 2.1427e+07  0.16%   134 1226s
H14885  4134                    2.139375e+07 2.1427e+07  0.16%   134 1226s
H14885  3927                    2.139383e+07 2.1427e+07  0.16%   134 1226s
 14887  3928 2.1394e+07  107  520 2.1394e+07 2.1427e+07  0.16%   134 1230s
 14888  3929 2.1419e+07  118  522 2.1394e+07 2.1427e+07  0.16%   134 1270s
 14890  3930 2.1394e+07  163  518 2.1394e+07 2.1427e+07  0.16%   134 1337s
 14892  3932 2.1397e+07   55  521 2.1394e+07 2.1427e+07  0.16%   134 1356s
H14892  3735                    2.139385e+07 2.1427e+07  0.16%   134 1385s
H14892  3547                    2.139386e+07 2.1427e+07  0.16%   134 1403s
H14893  3371                    2.139913e+07 2.1427e+07  0.13%   138 1432s
 14898  3376 2.1427e+07   13  522 2.1399e+07 2.1427e+07  0.13%   138 1436s
 14926  3422 2.1427e+07   16  506 2.1399e+07 2.1427e+07  0.13%   139 1441s
 14958  3442 2.1427e+07   17  505 2.1399e+07 2.1427e+07  0.13%   139 1445s
 15030  3534 2.1413e+07   18  498 2.1399e+07 2.1427e+07  0.13%   139 1451s
 15117  3535 2.1425e+07   19  496 2.1399e+07 2.1427e+07  0.13%   139 1455s
 15216  3607 2.1426e+07   21  507 2.1399e+07 2.1427e+07  0.13%   140 1462s
 15282  3610 2.1425e+07   21  498 2.1399e+07 2.1427e+07  0.13%   140 1466s
 15315  3623 2.1426e+07   22  506 2.1399e+07 2.1427e+07  0.13%   140 1476s
 15347  3634 2.1423e+07   22  501 2.1399e+07 2.1427e+07  0.13%   140 1484s
 15380  3646 2.1426e+07   23  496 2.1399e+07 2.1427e+07  0.13%   141 1494s
 15412  3657 2.1424e+07   23  499 2.1399e+07 2.1427e+07  0.13%   141 1502s
 15445  3669 2.1426e+07   24  494 2.1399e+07 2.1427e+07  0.13%   141 1505s
 15509  3714 2.1425e+07   25  494 2.1399e+07 2.1427e+07  0.13%   141 1510s
 15591  3755 2.1425e+07   26  486 2.1399e+07 2.1427e+07  0.13%   141 1516s
 15638  3767 2.1423e+07   26  477 2.1399e+07 2.1427e+07  0.13%   141 1521s
 15722  3802 2.1419e+07   27  481 2.1399e+07 2.1427e+07  0.13%   141 1527s
 15760  3831 2.1425e+07   28  477 2.1399e+07 2.1427e+07  0.13%   141 1531s
 15856  3880 2.1424e+07   30  477 2.1399e+07 2.1427e+07  0.13%   142 1538s
 15937  3873 2.1424e+07   32  455 2.1399e+07 2.1427e+07  0.13%   142 1542s
 15983  3921 2.1423e+07   32  466 2.1399e+07 2.1427e+07  0.13%   142 1546s
 16141  3977 2.1419e+07   35  451 2.1399e+07 2.1427e+07  0.13%   142 1553s
 16269  3971 2.1422e+07   37  449 2.1399e+07 2.1427e+07  0.13%   141 1557s
 16357  4020 2.1422e+07   38  442 2.1399e+07 2.1427e+07  0.13%   141 1562s
 16499  4077 2.1422e+07   40  446 2.1399e+07 2.1427e+07  0.13%   140 1566s
 16983  4318 2.1421e+07   46  440 2.1399e+07 2.1427e+07  0.13%   139 1572s
 17187  4510 2.1421e+07   49  441 2.1399e+07 2.1427e+07  0.13%   138 1576s
 17903  4775 2.1419e+07   61  407 2.1399e+07 2.1427e+07  0.13%   137 1583s
 18281  4793 2.1417e+07   65  402 2.1399e+07 2.1427e+07  0.13%   136 1586s
 18815  5175 2.1418e+07   72  439 2.1399e+07 2.1427e+07  0.13%   137 1593s
 19099  5337 2.1418e+07   76  433 2.1399e+07 2.1427e+07  0.13%   137 1597s
 19392  5626 2.1417e+07   79  396 2.1399e+07 2.1427e+07  0.13%   136 1601s
 19836  5919 2.1417e+07   86  424 2.1399e+07 2.1427e+07  0.13%   135 1605s
 20320  5787 2.1417e+07   94  422 2.1399e+07 2.1427e+07  0.13%   134 1614s
 20352  5807 2.1417e+07   94  416 2.1399e+07 2.1427e+07  0.13%   134 1619s
 20384  5825 2.1417e+07   95  421 2.1399e+07 2.1427e+07  0.13%   134 1626s
 20416  5845 2.1415e+07   95  420 2.1399e+07 2.1427e+07  0.13%   133 1634s
 20448  5866 2.1417e+07   96  421 2.1399e+07 2.1427e+07  0.13%   133 1643s
 20480  5885 infeasible   96      2.1399e+07 2.1427e+07  0.13%   133 1652s
H20492  5510                    2.140082e+07 2.1427e+07  0.12%   133 1652s
 20513  5921 2.1417e+07   97  418 2.1401e+07 2.1427e+07  0.12%   133 1656s
 21056  6178 2.1417e+07  105  413 2.1401e+07 2.1427e+07  0.12%   132 1660s
 21543  6432 2.1417e+07  110  401 2.1401e+07 2.1427e+07  0.12%   131 1665s
 21998  6746 2.1416e+07  113  399 2.1401e+07 2.1427e+07  0.12%   130 1670s
 22572  7111 2.1416e+07  123  393 2.1401e+07 2.1427e+07  0.12%   130 1675s
 23765  7608 2.1414e+07  139  383 2.1401e+07 2.1427e+07  0.12%   129 1685s
 24302  8104 2.1414e+07  143  381 2.1401e+07 2.1427e+07  0.12%   129 1690s
 25076  8626 2.1403e+07  149  375 2.1401e+07 2.1427e+07  0.12%   128 1696s
 25864  9155 2.1410e+07  163  376 2.1401e+07 2.1427e+07  0.12%   126 1701s
 26532  9644 2.1409e+07  172  363 2.1401e+07 2.1425e+07  0.11%   126 1709s
 27124 10112 2.1409e+07  182  345 2.1401e+07 2.1425e+07  0.11%   125 1716s
 27747 10801 2.1408e+07  182  312 2.1401e+07 2.1425e+07  0.11%   124 1721s
 28679 11414 2.1409e+07  195  308 2.1401e+07 2.1425e+07  0.11%   123 1728s
 29539 12740 2.1407e+07  202  319 2.1401e+07 2.1425e+07  0.11%   123 1741s
 31263 13219 2.1407e+07  219  299 2.1401e+07 2.1425e+07  0.11%   120 1745s
 32605 14310 2.1406e+07  239  250 2.1401e+07 2.1425e+07  0.11%   119 1753s
*32967 14265             426    2.140096e+07 2.1425e+07  0.11%   118 1753s
 33348 14695 2.1406e+07  248  153 2.1401e+07 2.1425e+07  0.11%   118 1758s
 33972 15005     cutoff  257      2.1401e+07 2.1425e+07  0.11%   117 1764s
 34441 15344 2.1402e+07  264  259 2.1401e+07 2.1425e+07  0.11%   117 1769s
 34908 15903 2.1402e+07  277  139 2.1401e+07 2.1425e+07  0.11%   117 1774s
 35632 16453     cutoff  296      2.1401e+07 2.1425e+07  0.11%   117 1780s
 36334 16877 2.1423e+07   34  452 2.1401e+07 2.1425e+07  0.11%   117 1786s
 36899 17688 2.1419e+07   51  433 2.1401e+07 2.1425e+07  0.11%   117 1791s
 37812 18663 2.1416e+07   87  405 2.1401e+07 2.1425e+07  0.11%   117 1798s
 38860 19480 2.1408e+07  127  362 2.1401e+07 2.1425e+07  0.11%   116 1804s
 39883 20395 2.1401e+07  170  295 2.1401e+07 2.1425e+07  0.11%   115 1811s
Created node file directory 'node_files/dev0.1_sub36.0_run1/grbnodes0'
 40967 21317 2.1407e+07   35  475 2.1401e+07 2.1425e+07  0.11%   114 1817s
 42058 22092 2.1403e+07   59  426 2.1401e+07 2.1424e+07  0.11%   113 1825s
 42970 23400 2.1421e+07   38  477 2.1401e+07 2.1424e+07  0.11%   113 1833s
 44382 24723 2.1414e+07   81  430 2.1401e+07 2.1424e+07  0.11%   111 1843s
 45857 26193 2.1410e+07  127  385 2.1401e+07 2.1424e+07  0.11%   110 1852s
 47417 26372 2.1401e+07  178  294 2.1401e+07 2.1424e+07  0.11%   109 1865s
 47610 28170 2.1401e+07  184  283 2.1401e+07 2.1424e+07  0.11%   109 1873s
*48978 26777             393    2.140219e+07 2.1424e+07  0.10%   108 1873s
 49589 27870 2.1421e+07   46  481 2.1402e+07 2.1424e+07  0.10%   107 1884s
 51137 29164 2.1412e+07   79  419 2.1402e+07 2.1424e+07  0.10%   106 1893s
*51210 28172             396    2.140266e+07 2.1424e+07  0.10%   106 1893s
 52594 29604 2.1404e+07  136  330 2.1403e+07 2.1424e+07  0.10%   105 1903s
 54194 30744 2.1419e+07   45  483 2.1403e+07 2.1424e+07  0.10%   104 1915s

Cutting planes:
  Gomory: 15
  Cover: 3
  Implied bound: 748
  MIR: 1113
  Flow cover: 1538
  GUB cover: 2
  RLT: 50
  Relax-and-lift: 1194

Explored 55612 nodes (5886771 simplex iterations) in 1917.18 seconds (2558.12 work units)
Thread count was 32 (of 192 available processors)

Solution count 10: 2.14027e+07 2.14027e+07 2.14022e+07 ... 2.13937e+07

Optimal solution found (tolerance 1.00e-03)
Best objective 2.140266399577e+07, best bound 2.142405712901e+07, gap 0.1000%
Deleted nodefile directory: node_files/dev0.1_sub36.0_run1
Saved model snapshot to study_case_model/figures/subsidy_experiment/run_27326/dev0.1/sub36.0/run1/model_snapshot.pkl
Finished successfully!
