Gurobi shell based on Python 3.13.1 can be launched with command `gurobi.sh`
Gurobi Python Interface can be loaded in Python 3.13.1 with 'import gurobipy'
/var/spool/slurm/slurmd/job21249877/slurm_script: line 24: activate: No such file or directory
Solving model: dev1.0, sub36.0, run1
Read LP format model from file /scratch-local/lbeemster.21249877/tmpizz0tyr7.pyomo.lp
Reading time = 0.57 seconds
x1: 176513 rows, 50050 columns, 1016320 nonzeros
Set parameter OutputFlag to value 1
Set parameter MIPGap to value 0.001
Set parameter Threads to value 32
Set parameter Presolve to value 1
Set parameter Cuts to value 1
Set parameter NodefileStart to value 1
Set parameter NodefileDir to value "node_files/dev1.0_sub36.0_run1"
Set parameter MemLimit to value 60
Gurobi Optimizer version 12.0.3 build v12.0.3rc0 (linux64 - "Red Hat Enterprise Linux 9.6 (Plow)")

CPU model: AMD EPYC 9654 96-Core Processor, instruction set [SSE2|AVX|AVX2|AVX512]
Thread count: 192 physical cores, 192 logical processors, using up to 32 threads

Non-default parameters:
MemLimit  60
MIPGap  0.001
NodefileStart  1
Cuts  1
Presolve  1
Threads  32

Academic license 2514514 - for non-commercial use only - registered to l.___@student.vu.nl
Optimize a model with 176513 rows, 50050 columns and 1016320 nonzeros
Model fingerprint: 0xf0990bb5
Variable types: 39426 continuous, 10624 integer (10624 binary)
Coefficient statistics:
  Matrix range     [6e-05, 1e+05]
  Objective range  [9e-01, 3e+04]
  Bounds range     [1e+00, 1e+00]
  RHS range        [3e-01, 2e+05]
Presolve removed 33481 rows and 21366 columns
Presolve time: 3.19s
Presolved: 143032 rows, 28684 columns, 851398 nonzeros
Variable types: 22900 continuous, 5784 integer (5784 binary)

Deterministic concurrent LP optimizer: primal simplex, dual simplex, and barrier
Showing barrier log only...

Root relaxation presolved: 26607 rows, 169543 columns, 879807 nonzeros

Root barrier log...

Ordering time: 0.06s

Barrier statistics:
 Dense cols : 39
 Free vars  : 2112
 AA' NZ     : 5.977e+05
 Factor NZ  : 1.635e+06 (roughly 100 MB of memory)
 Factor Ops : 1.214e+08 (less than 1 second per iteration)
 Threads    : 29

                  Objective                Residual
Iter       Primal          Dual         Primal    Dual     Compl     Time
   0   1.64374464e+12  1.06455447e+06  7.84e+06 3.25e+02  1.68e+08     5s
   1   1.22544835e+12 -2.39505496e+08  4.94e+06 3.35e+03  1.05e+08     5s
   2   8.48977084e+11 -2.30558411e+08  2.55e+06 2.30e+03  6.45e+07     5s
   3   6.30107958e+11 -1.91171524e+08  1.25e+06 1.60e+03  4.04e+07     5s
   4   4.81835269e+11 -1.38342173e+08  5.93e+05 1.08e+03  2.52e+07     5s
   5   3.79410897e+11 -9.94475375e+07  3.18e+05 7.56e+02  1.68e+07     5s
   6   3.28980797e+11 -6.13783396e+07  2.27e+05 4.59e+02  1.08e+07     5s
   7   2.51564706e+11 -3.06841367e+07  1.33e+05 2.27e+02  5.76e+06     5s
   8   1.82177790e+11 -2.17036639e+07  7.72e+04 1.62e+02  3.85e+06     5s
   9   1.41812846e+11 -1.50969343e+07  5.43e+04 1.11e+02  2.69e+06     5s
  10   1.20284108e+11 -1.04124266e+07  4.27e+04 7.65e+01  1.98e+06     5s
  11   7.62282695e+10 -5.56009536e+06  2.07e+04 4.22e+01  1.08e+06     5s
  12   4.28253248e+10 -9.91527323e+05  8.36e+03 1.29e+01  4.18e+05     5s
  13   1.50711559e+10  6.31400770e+05  2.02e+03 3.84e+00  1.23e+05     6s
  14   9.18015240e+09  1.23253264e+06  1.12e+03 1.84e+00  6.84e+04     6s
  15   5.37655800e+09  1.90100474e+06  6.06e+02 8.92e-01  3.72e+04     6s
  16   3.52931609e+09  2.96718449e+06  3.73e+02 4.64e-01  2.30e+04     6s
  17   2.81078170e+09  3.24511665e+06  2.93e+02 3.45e-01  1.80e+04     6s
  18   1.83343419e+09  3.72204513e+06  1.84e+02 2.61e-01  1.17e+04     6s
  19   7.87965546e+08  5.73941417e+06  7.11e+01 7.95e-02  4.73e+03     6s
  20   3.81322489e+08  6.97333558e+06  3.08e+01 4.19e-02  2.22e+03     6s
  21   2.48585123e+08  9.44087739e+06  1.94e+01 2.26e-02  1.40e+03     6s
  22   1.57467973e+08  1.13757107e+07  1.13e+01 1.37e-02  8.46e+02     6s
  23   1.02770981e+08  1.51133807e+07  6.56e+00 4.69e-03  5.02e+02     6s
  24   8.65226270e+07  1.69144082e+07  5.17e+00 3.36e-03  3.97e+02     6s
  25   6.24173670e+07  1.91626822e+07  3.17e+00 1.57e-03  2.45e+02     6s
  26   5.38018166e+07  1.94048427e+07  2.49e+00 1.13e-03  1.94e+02     6s
  27   3.26691085e+07  1.99008930e+07  7.94e-01 7.68e-04  7.16e+01     6s
  28   2.91527819e+07  2.02439007e+07  5.22e-01 5.22e-04  4.98e+01     6s
  29   2.53514876e+07  2.08332125e+07  2.51e-01 1.25e-03  2.51e+01     6s
  30   2.37918011e+07  2.10297729e+07  1.49e-01 9.59e-04  1.53e+01     6s
  31   2.27102608e+07  2.11989591e+07  7.86e-02 8.34e-04  8.37e+00     6s
  32   2.21904918e+07  2.12727593e+07  4.56e-02 7.20e-04  5.07e+00     6s
  33   2.18462679e+07  2.13068539e+07  2.47e-02 5.81e-04  2.97e+00     6s
  34   2.16288001e+07  2.13673674e+07  1.17e-02 4.32e-04  1.44e+00     6s

Barrier performed 34 iterations in 6.37 seconds (5.85 work units)
Barrier solve interrupted - model solved by another algorithm

Concurrent spin time: 0.37s (can be avoided by choosing Method=3)

Solved with primal simplex

Root relaxation: objective 2.145456e+07, 42548 iterations, 2.62 seconds (2.17 work units)

    Nodes    |    Current Node    |     Objective Bounds      |     Work
 Expl Unexpl |  Obj  Depth IntInf | Incumbent    BestBd   Gap | It/Node Time

     0     0 2.1455e+07    0  398          - 2.1455e+07      -     -    7s
H    0     0                    2.051966e+07 2.1455e+07  4.56%     -    9s
     0     0 2.1447e+07    0  584 2.0520e+07 2.1447e+07  4.52%     -   14s
H    0     0                    2.093845e+07 2.1447e+07  2.43%     -   16s
     0     0 2.1445e+07    0  659 2.0938e+07 2.1445e+07  2.42%     -   17s
     0     0 2.1445e+07    0  669 2.0938e+07 2.1445e+07  2.42%     -   17s
     0     0 2.1445e+07    0  680 2.0938e+07 2.1445e+07  2.42%     -   17s
     0     0 2.1445e+07    0  680 2.0938e+07 2.1445e+07  2.42%     -   17s
     0     0 2.1440e+07    0  722 2.0938e+07 2.1440e+07  2.40%     -   21s
     0     0 2.1439e+07    0  774 2.0938e+07 2.1439e+07  2.39%     -   22s
     0     0 2.1439e+07    0  791 2.0938e+07 2.1439e+07  2.39%     -   23s
     0     0 2.1439e+07    0  797 2.0938e+07 2.1439e+07  2.39%     -   23s
     0     0 2.1439e+07    0  800 2.0938e+07 2.1439e+07  2.39%     -   23s
     0     0 2.1437e+07    0  760 2.0938e+07 2.1437e+07  2.38%     -   28s
H    0     0                    2.110767e+07 2.1437e+07  1.56%     -   30s
     0     0 2.1437e+07    0  791 2.1108e+07 2.1437e+07  1.56%     -   31s
     0     0 2.1437e+07    0  811 2.1108e+07 2.1437e+07  1.56%     -   31s
     0     0 2.1437e+07    0  830 2.1108e+07 2.1437e+07  1.56%     -   31s
     0     0 2.1437e+07    0  835 2.1108e+07 2.1437e+07  1.56%     -   32s
     0     0 2.1437e+07    0  837 2.1108e+07 2.1437e+07  1.56%     -   32s
     0     0 2.1436e+07    0  796 2.1108e+07 2.1436e+07  1.55%     -   36s
     0     0 2.1435e+07    0  829 2.1108e+07 2.1435e+07  1.55%     -   39s
     0     0 2.1435e+07    0  812 2.1108e+07 2.1435e+07  1.55%     -   40s
     0     0 2.1435e+07    0  818 2.1108e+07 2.1435e+07  1.55%     -   40s
     0     0 2.1435e+07    0  822 2.1108e+07 2.1435e+07  1.55%     -   40s
     0     0 2.1435e+07    0  823 2.1108e+07 2.1435e+07  1.55%     -   40s
     0     0 2.1434e+07    0  624 2.1108e+07 2.1434e+07  1.55%     -   45s
     0     0 2.1434e+07    0  652 2.1108e+07 2.1434e+07  1.55%     -   48s
     0     0 2.1434e+07    0  669 2.1108e+07 2.1434e+07  1.55%     -   49s
     0     0 2.1434e+07    0  656 2.1108e+07 2.1434e+07  1.55%     -   49s
     0     0 2.1434e+07    0  659 2.1108e+07 2.1434e+07  1.55%     -   49s
     0     0 2.1434e+07    0  652 2.1108e+07 2.1434e+07  1.55%     -   52s
     0     0 2.1434e+07    0  687 2.1108e+07 2.1434e+07  1.54%     -   54s
     0     0 2.1434e+07    0  680 2.1108e+07 2.1434e+07  1.54%     -   54s
     0     0 2.1434e+07    0  665 2.1108e+07 2.1434e+07  1.54%     -   54s
     0     0 2.1434e+07    0  679 2.1108e+07 2.1434e+07  1.54%     -   54s
     0     0 2.1434e+07    0  663 2.1108e+07 2.1434e+07  1.54%     -   57s
H    0     0                    2.113000e+07 2.1434e+07  1.44%     -   59s
     0     0 2.1434e+07    0  677 2.1130e+07 2.1434e+07  1.44%     -   59s
     0     0 2.1434e+07    0  725 2.1130e+07 2.1434e+07  1.44%     -   60s
     0     0 2.1433e+07    0  714 2.1130e+07 2.1433e+07  1.44%     -   60s
     0     0 2.1433e+07    0  680 2.1130e+07 2.1433e+07  1.44%     -   63s
H    0     0                    2.116140e+07 2.1433e+07  1.29%     -   68s
     0     0 2.1433e+07    0  697 2.1161e+07 2.1433e+07  1.29%     -   68s
     0     0 2.1433e+07    0  698 2.1161e+07 2.1433e+07  1.29%     -   69s
     0     0 2.1433e+07    0  705 2.1161e+07 2.1433e+07  1.29%     -   69s
     0     0 2.1433e+07    0  714 2.1161e+07 2.1433e+07  1.29%     -   69s
     0     0 2.1433e+07    0  676 2.1161e+07 2.1433e+07  1.29%     -   72s
H    0     0                    2.117320e+07 2.1433e+07  1.23%     -   75s
     0     0 2.1433e+07    0  677 2.1173e+07 2.1433e+07  1.23%     -   75s
     0     0 2.1433e+07    0  686 2.1173e+07 2.1433e+07  1.23%     -   75s
     0     0 2.1433e+07    0  678 2.1173e+07 2.1433e+07  1.23%     -   78s
     0     0 2.1433e+07    0  678 2.1173e+07 2.1433e+07  1.23%     -   86s
H    0     0                    2.118285e+07 2.1433e+07  1.18%     -   88s
H    0     0                    2.125303e+07 2.1433e+07  0.85%     -   95s
     0     2 2.1433e+07    0  677 2.1253e+07 2.1433e+07  0.85%     -  102s
    31    64 2.1432e+07    5  670 2.1253e+07 2.1433e+07  0.85%   357  106s
    95   128 2.1432e+07    7  662 2.1253e+07 2.1433e+07  0.85%   207  110s
H  129   160                    2.125595e+07 2.1433e+07  0.83%   167  113s
H  132   160                    2.126267e+07 2.1433e+07  0.80%   166  113s
H  133   160                    2.126957e+07 2.1433e+07  0.77%   166  113s
H  135   160                    2.127448e+07 2.1433e+07  0.74%   165  113s
   278   358 2.1432e+07   11  667 2.1274e+07 2.1433e+07  0.74%   147  115s
   692   722 2.1430e+07   20  647 2.1274e+07 2.1433e+07  0.74%   117  120s
  1172  1163 2.1428e+07   29  594 2.1274e+07 2.1433e+07  0.74%  99.5  128s
H 1204  1195                    2.127808e+07 2.1433e+07  0.73%  98.6  135s
H 1206  1195                    2.130230e+07 2.1433e+07  0.61%  98.5  135s
  1913  1963 2.1427e+07   46  552 2.1302e+07 2.1433e+07  0.61%  84.2  140s
  2374  2450 2.1426e+07   61  559 2.1302e+07 2.1433e+07  0.61%  83.3  145s
H 2429  2450                    2.130239e+07 2.1433e+07  0.61%  83.0  145s
  3199  3311 2.1425e+07   74  517 2.1302e+07 2.1433e+07  0.61%  84.1  150s
  3934  4120 2.1423e+07   94  523 2.1302e+07 2.1433e+07  0.61%  80.7  155s
H 4100  3962                    2.132150e+07 2.1433e+07  0.52%  80.5  155s
  5374  5105 2.1421e+07  135  482 2.1321e+07 2.1433e+07  0.52%  79.3  161s
  5842  5875 2.1419e+07  140  474 2.1321e+07 2.1433e+07  0.52%  78.6  165s
  6255  6238 2.1420e+07  145  469 2.1321e+07 2.1433e+07  0.52%  77.3  172s
  7048  7180 2.1419e+07  160  454 2.1321e+07 2.1433e+07  0.52%  78.5  175s
  8218  8353 2.1417e+07  191  424 2.1321e+07 2.1433e+07  0.52%  74.1  180s
  9788  9708 2.1411e+07  241  359 2.1321e+07 2.1433e+07  0.52%  70.5  187s
 10232  9740 2.1410e+07  250  343 2.1321e+07 2.1433e+07  0.52%  69.4  191s
 10264  9772 2.1410e+07  251  343 2.1321e+07 2.1433e+07  0.52%  69.5  199s
H10273  9767                    2.132163e+07 2.1433e+07  0.52%  69.5  199s
 10296  9814 2.1410e+07  251  337 2.1322e+07 2.1433e+07  0.52%  69.4  204s
H10316  9597                    2.132567e+07 2.1433e+07  0.50%  69.4  204s
H10325  9515                    2.132713e+07 2.1433e+07  0.50%  69.3  204s
 10343 10218 2.1408e+07  260  334 2.1327e+07 2.1433e+07  0.50%  69.3  208s
 11063 10565 2.1408e+07  277  303 2.1327e+07 2.1433e+07  0.50%  67.4  211s
H11618 11054                    2.132715e+07 2.1433e+07  0.50%  66.3  214s
 11917 11918 2.1406e+07  315  266 2.1327e+07 2.1433e+07  0.50%  65.6  216s
 12831 12539 2.1403e+07  349  260 2.1327e+07 2.1433e+07  0.50%  63.5  220s
H13363 12145                    2.133465e+07 2.1433e+07  0.46%  62.3  220s
H14446 13025                    2.133469e+07 2.1433e+07  0.46%  60.9  229s
H14446 11150                    2.136209e+07 2.1433e+07  0.33%  60.9  243s
H14446 11140                    2.136240e+07 2.1433e+07  0.33%  60.9  246s
 14447 11116 2.1397e+07   58  678 2.1362e+07 2.1433e+07  0.33%  60.9  268s
H14448 10561                    2.136415e+07 2.1433e+07  0.32%  60.9  395s
H14448 10033                    2.136599e+07 2.1433e+07  0.31%  60.9  395s
 14450 10034 2.1386e+07  224  497 2.1366e+07 2.1430e+07  0.30%  60.9  404s
 14451 10035 2.1400e+07   25  473 2.1366e+07 2.1430e+07  0.30%  60.9  406s
 14453 10036 2.1401e+07  171  531 2.1366e+07 2.1430e+07  0.30%  60.9  410s
 14457 10039 2.1409e+07   98  524 2.1366e+07 2.1430e+07  0.30%  60.8  416s
 14461 10041 2.1417e+07   13  492 2.1366e+07 2.1430e+07  0.30%  60.8  420s
 14462 10042 2.1383e+07  254  504 2.1366e+07 2.1430e+07  0.30%  60.8  493s
 14463 10043 2.1409e+07  117  485 2.1366e+07 2.1430e+07  0.30%  60.8  497s
H14466  9542                    2.137370e+07 2.1430e+07  0.26%  60.8  565s
H14466  9065                    2.137743e+07 2.1430e+07  0.24%  60.8  565s
H14466  8611                    2.137896e+07 2.1430e+07  0.24%  60.8  565s
H14466  8180                    2.138229e+07 2.1430e+07  0.22%  60.8  565s
H14466  7771                    2.138232e+07 2.1430e+07  0.22%  60.8  565s
 14469  7773 2.1382e+07  252  485 2.1382e+07 2.1430e+07  0.22%  60.8  570s
H14469  7384                    2.138341e+07 2.1430e+07  0.22%  60.8  622s
 14471  7385 2.1398e+07  273  464 2.1383e+07 2.1430e+07  0.22%  60.8  626s
H14472  7016                    2.138982e+07 2.1430e+07  0.19%  60.8  668s
 14474  7017 2.1409e+07   54  471 2.1390e+07 2.1430e+07  0.19%  60.8  671s
 14476  7018 2.1390e+07  114  470 2.1390e+07 2.1429e+07  0.19%  60.8  738s
 14477  7019 2.1394e+07  117  458 2.1390e+07 2.1429e+07  0.19%  60.8  742s
 14478  7020 2.1408e+07  315  456 2.1390e+07 2.1429e+07  0.18%  60.7  776s
 14481  7022 2.1403e+07   17  440 2.1390e+07 2.1429e+07  0.18%  60.7  817s
H14481  6670                    2.139139e+07 2.1429e+07  0.18%  60.7  822s
H14481  6336                    2.139198e+07 2.1429e+07  0.17%  60.7  828s
 14483  6337 2.1400e+07   65  434 2.1392e+07 2.1429e+07  0.17%  60.7  888s
 14484  6338 2.1415e+07  208  431 2.1392e+07 2.1429e+07  0.17%  60.7  891s
 14485  6338 2.1423e+07  131  436 2.1392e+07 2.1429e+07  0.17%  60.7  953s
 14487  6340 2.1392e+07   62  439 2.1392e+07 2.1429e+07  0.17%  60.7  962s
 14488  6340 2.1392e+07  303  439 2.1392e+07 2.1429e+07  0.17%  60.7  995s
H14488  6025                    2.139299e+07 2.1429e+07  0.17%  66.6 1022s
 14497  6036 2.1429e+07   13  430 2.1393e+07 2.1429e+07  0.17%  66.6 1025s
 14553  6113 2.1429e+07   16  417 2.1393e+07 2.1429e+07  0.17%  67.5 1031s
 14656  6170 2.1428e+07   18  414 2.1393e+07 2.1429e+07  0.17%  67.8 1036s
 14829  6248 2.1412e+07   20  410 2.1393e+07 2.1429e+07  0.17%  69.3 1041s
 14894  6255 2.1426e+07   21  417 2.1393e+07 2.1429e+07  0.17%  69.6 1045s
H14926  5970                    2.139409e+07 2.1429e+07  0.16%  69.9 1052s
H14939  5679                    2.139450e+07 2.1429e+07  0.16%  69.9 1052s
 14958  5702 2.1426e+07   22  419 2.1394e+07 2.1429e+07  0.16%  69.9 1055s
 15103  5805 2.1425e+07   24  418 2.1394e+07 2.1429e+07  0.16%  70.3 1061s
 15232  5868 2.1427e+07   26  416 2.1394e+07 2.1429e+07  0.16%  70.7 1065s
 15438  5976 2.1424e+07   29  408 2.1394e+07 2.1429e+07  0.16%  71.0 1070s
 15654  6193 2.1426e+07   33  412 2.1394e+07 2.1429e+07  0.16%  71.1 1075s
 16093  6272 2.1411e+07   38  382 2.1394e+07 2.1429e+07  0.16%  71.2 1081s
H16095  6000                    2.139506e+07 2.1429e+07  0.16%  71.2 1081s
H16103  5738                    2.139622e+07 2.1429e+07  0.15%  71.2 1081s
 16502  6115 2.1424e+07   45  384 2.1396e+07 2.1429e+07  0.15%  71.6 1086s
 17256  6359 2.1423e+07   54  372 2.1396e+07 2.1429e+07  0.15%  71.3 1093s
 17289  6393 2.1403e+07   54  363 2.1396e+07 2.1429e+07  0.15%  71.3 1108s
 17343  6455 2.1423e+07   55  371 2.1396e+07 2.1429e+07  0.15%  71.2 1119s
 17429  6525 2.1423e+07   58  371 2.1396e+07 2.1429e+07  0.15%  71.3 1130s
 17532  6624 2.1423e+07   62  361 2.1396e+07 2.1429e+07  0.15%  71.3 1141s
H17646  6330                    2.139666e+07 2.1429e+07  0.15%  71.2 1141s
 18067  6905 2.1398e+07   71  353 2.1397e+07 2.1429e+07  0.15%  71.0 1146s
 18923  7444 2.1421e+07   82  344 2.1397e+07 2.1429e+07  0.15%  69.8 1151s
 19834  7601 2.1420e+07   93  336 2.1397e+07 2.1429e+07  0.15%  68.6 1156s
 20508  8368 2.1420e+07  102  330 2.1397e+07 2.1429e+07  0.15%  67.6 1161s
 21585  8878 2.1420e+07  113  345 2.1397e+07 2.1429e+07  0.15%  66.8 1166s
 22631  9354 2.1419e+07  124  331 2.1397e+07 2.1429e+07  0.15%  66.5 1171s
 23657  9859 2.1419e+07  135  329 2.1397e+07 2.1428e+07  0.15%  66.6 1177s
 24144  9781 2.1419e+07  142  318 2.1397e+07 2.1428e+07  0.15%  66.8 1181s
 24315 10183     cutoff  145      2.1397e+07 2.1428e+07  0.15%  67.0 1186s
 25481 10872 2.1418e+07  162  295 2.1397e+07 2.1428e+07  0.15%  67.1 1192s
 26160 11174 2.1418e+07  170  280 2.1397e+07 2.1428e+07  0.15%  67.1 1196s
 27623 11762 2.1417e+07  189  273 2.1397e+07 2.1428e+07  0.15%  66.6 1203s
 28186 12168 2.1413e+07  198  273 2.1397e+07 2.1428e+07  0.15%  66.4 1207s
 28974 12919 2.1412e+07  208  258 2.1397e+07 2.1428e+07  0.14%  66.2 1216s
 29974 13502 2.1409e+07  222  241 2.1397e+07 2.1428e+07  0.14%  66.1 1220s
 31560 14274 2.1408e+07  247  231 2.1397e+07 2.1427e+07  0.14%  65.1 1259s
 31593 14301 2.1409e+07  248  230 2.1397e+07 2.1427e+07  0.14%  65.1 1271s
H31602 13195                    2.139891e+07 2.1427e+07  0.13%  65.1 1271s
H31604 12212                    2.140064e+07 2.1427e+07  0.13%  65.1 1271s
H31624 12141                    2.140076e+07 2.1427e+07  0.12%  65.1 1271s
 31627 12725     cutoff  248      2.1401e+07 2.1427e+07  0.12%  65.1 1276s
 33349 14018 2.1408e+07  273  215 2.1401e+07 2.1427e+07  0.12%  64.8 1283s
 34197 14661     cutoff  282      2.1401e+07 2.1427e+07  0.12%  64.9 1287s
 35014 15331 2.1407e+07  293  186 2.1401e+07 2.1427e+07  0.12%  65.2 1291s
 35886 16114 2.1407e+07  302  189 2.1401e+07 2.1427e+07  0.12%  65.2 1295s
 36791 17191 2.1403e+07  314  181 2.1401e+07 2.1427e+07  0.12%  65.3 1300s
 38353 18285 2.1406e+07  333  188 2.1401e+07 2.1427e+07  0.12%  64.8 1308s
 39475 19189 2.1406e+07  350  162 2.1401e+07 2.1427e+07  0.12%  64.6 1313s
 40600 20098     cutoff  365      2.1401e+07 2.1427e+07  0.12%  64.4 1318s
 41746 21226 2.1406e+07  380  133 2.1401e+07 2.1427e+07  0.12%  64.2 1323s
 43075 22367 2.1406e+07  395  144 2.1401e+07 2.1427e+07  0.12%  63.9 1328s
Created node file directory 'node_files/dev1.0_sub36.0_run1/grbnodes0'
 44484 23467     cutoff  414      2.1401e+07 2.1427e+07  0.12%  63.5 1334s
 45856 24852 2.1405e+07  432  112 2.1401e+07 2.1427e+07  0.12%  63.3 1341s
 47478 26234 2.1403e+07  448  120 2.1401e+07 2.1427e+07  0.12%  62.9 1348s
*48143 23085             531    2.140305e+07 2.1427e+07  0.11%  62.8 1348s
H49150 19295                    2.140533e+07 2.1427e+07  0.10%  62.5 1358s
H49156 16534                    2.140739e+07 2.1427e+07  0.09%  62.5 1358s
H49174 16481                    2.140742e+07 2.1427e+07  0.09%  62.5 1358s

Cutting planes:
  Learned: 3
  Gomory: 14
  Cover: 5
  Implied bound: 691
  MIR: 936
  Flow cover: 1417
  RLT: 9
  Relax-and-lift: 787
  BQP: 2

Explored 49207 nodes (3166181 simplex iterations) in 1359.69 seconds (1811.89 work units)
Thread count was 32 (of 192 available processors)

Solution count 10: 2.14074e+07 2.14074e+07 2.14074e+07 ... 2.13962e+07

Optimal solution found (tolerance 1.00e-03)
Best objective 2.140742375692e+07, best bound 2.142673461973e+07, gap 0.0902%
Deleted nodefile directory: node_files/dev1.0_sub36.0_run1
Saved model snapshot to study_case_model/figures/subsidy_experiment/run_27326/dev1.0/sub36.0/run1/model_snapshot.pkl
Finished successfully!
