Gurobi shell based on Python 3.13.1 can be launched with command `gurobi.sh`
Gurobi Python Interface can be loaded in Python 3.13.1 with 'import gurobipy'
/var/spool/slurm/slurmd/job21238863/slurm_script: line 24: activate: No such file or directory
Solving model: dev0.0, sub46.0, run1
Read LP format model from file /scratch-local/lbeemster.21238863/tmpybntc0il.pyomo.lp
Reading time = 0.60 seconds
x1: 176513 rows, 50050 columns, 1016320 nonzeros
Set parameter OutputFlag to value 1
Set parameter MIPGap to value 0.001
Set parameter Threads to value 32
Set parameter Presolve to value 1
Set parameter Cuts to value 1
Set parameter NodefileStart to value 1
Set parameter NodefileDir to value "node_files/dev0.0_sub46.0_run1"
Set parameter MemLimit to value 60
Gurobi Optimizer version 12.0.3 build v12.0.3rc0 (linux64 - "Red Hat Enterprise Linux 9.6 (Plow)")

CPU model: AMD EPYC 9654 96-Core Processor, instruction set [SSE2|AVX|AVX2|AVX512]
Thread count: 192 physical cores, 192 logical processors, using up to 32 threads

Non-default parameters:
MemLimit  60
MIPGap  0.001
NodefileStart  1
Cuts  1
Presolve  1
Threads  32

Academic license 2514514 - for non-commercial use only - registered to l.___@student.vu.nl
Optimize a model with 176513 rows, 50050 columns and 1016320 nonzeros
Model fingerprint: 0xf498d4f4
Variable types: 39426 continuous, 10624 integer (10624 binary)
Coefficient statistics:
  Matrix range     [6e-05, 1e+05]
  Objective range  [2e+00, 3e+04]
  Bounds range     [1e+00, 1e+00]
  RHS range        [3e-01, 2e+05]
Presolve removed 36265 rows and 24246 columns
Presolve time: 3.56s
Presolved: 140248 rows, 25804 columns, 894410 nonzeros
Variable types: 20020 continuous, 5784 integer (5784 binary)
Found heuristic solution: objective 2.003245e+07
Found heuristic solution: objective 2.021580e+07

Deterministic concurrent LP optimizer: primal simplex, dual simplex, and barrier
Showing barrier log only...

Root relaxation presolved: 24873 rows, 164943 columns, 919216 nonzeros

Root barrier log...

Ordering time: 0.05s

Barrier statistics:
 Free vars  : 1920
 AA' NZ     : 5.665e+05
 Factor NZ  : 1.465e+06 (roughly 90 MB of memory)
 Factor Ops : 1.043e+08 (less than 1 second per iteration)
 Threads    : 30

                  Objective                Residual
Iter       Primal          Dual         Primal    Dual     Compl     Time
   0   1.54590350e+12  3.05247792e+06  7.72e+06 3.25e+02  1.68e+08     8s
   1   1.05335915e+12 -2.15615738e+08  4.38e+06 3.60e+03  1.04e+08     8s
   2   7.87458689e+11 -2.29101976e+08  2.61e+06 2.25e+03  6.48e+07     8s
   3   5.52529885e+11 -1.38758958e+08  8.62e+05 9.87e+02  2.84e+07     8s
   4   4.48502719e+11 -1.00767872e+08  5.45e+05 5.69e+02  1.70e+07     8s
   5   3.15758773e+11 -7.38054813e+07  2.88e+05 3.52e+02  1.00e+07     8s
   6   1.84968612e+11 -4.27180848e+07  1.09e+05 1.69e+02  4.52e+06     8s
   7   1.24361460e+11 -1.67400908e+07  4.93e+04 7.26e+01  2.10e+06     8s
   8   9.97033270e+10 -9.83304730e+06  3.43e+04 5.01e+01  1.47e+06     8s
   9   6.26694758e+10 -6.73071042e+06  1.79e+04 3.12e+01  8.66e+05     8s
  10   4.05933053e+10 -3.15512450e+06  9.57e+03 1.83e+01  4.90e+05     8s
  11   2.36604020e+10 -5.69579697e+05  4.53e+03 8.31e+00  2.37e+05     8s
  12   1.20191881e+10  3.21690061e+05  1.92e+03 4.77e+00  1.15e+05     8s
  13   5.42644294e+09  1.39300848e+06  7.07e+02 1.79e+00  4.53e+04     8s
  14   3.69248799e+09  2.83469845e+06  4.49e+02 1.09e+00  2.90e+04     9s
  15   2.50516323e+09  4.96107097e+06  2.87e+02 4.92e-01  1.76e+04     9s
  16   2.08921413e+09  5.97425922e+06  2.35e+02 3.35e-01  1.41e+04     9s
  17   1.25033895e+09  7.57915859e+06  1.34e+02 1.66e-01  8.06e+03     9s
  18   5.23374999e+08  9.58850615e+06  5.11e+01 7.20e-02  3.24e+03     9s
  19   1.90279726e+08  1.21739392e+07  1.47e+01 2.85e-02  1.09e+03     9s
  20   1.13962912e+08  1.45939654e+07  7.75e+00 1.49e-02  5.98e+02     9s
  21   7.15552158e+07  1.81837839e+07  3.80e+00 7.02e-03  3.15e+02     9s
  22   4.63247237e+07  1.93979153e+07  1.77e+00 4.85e-03  1.58e+02     9s
  23   3.65904138e+07  1.99538001e+07  1.06e+00 2.33e-03  9.68e+01     9s
  24   3.22416987e+07  2.04492756e+07  7.39e-01 1.75e-03  6.84e+01     9s
  25   2.81321804e+07  2.09651985e+07  4.37e-01 2.45e-03  4.14e+01     9s
  26   2.50015160e+07  2.11403696e+07  2.31e-01 1.56e-03  2.23e+01     9s
  27   2.43197131e+07  2.12396167e+07  1.86e-01 1.38e-03  1.77e+01     9s
  28   2.27710595e+07  2.13119664e+07  8.38e-02 1.26e-03  8.39e+00     9s
  29   2.21565321e+07  2.13614913e+07  4.32e-02 6.86e-04  4.56e+00     9s
  30   2.19680997e+07  2.13896887e+07  3.12e-02 4.66e-04  3.31e+00     9s
  31   2.18718324e+07  2.14110865e+07  2.51e-02 4.13e-04  2.64e+00     9s
  32   2.17411722e+07  2.14247119e+07  1.73e-02 4.65e-04  1.81e+00     9s
  33   2.16657379e+07  2.14366880e+07  1.27e-02 4.11e-04  1.31e+00     9s
  34   2.15866358e+07  2.14514195e+07  7.25e-03 3.15e-04  7.72e-01     9s
  35   2.15532149e+07  2.14734809e+07  4.48e-03 3.61e-04  4.53e-01     9s
  36   2.15366755e+07  2.14854264e+07  3.02e-03 3.29e-04  2.90e-01     9s

Barrier performed 36 iterations in 9.36 seconds (8.58 work units)
Barrier solve interrupted - model solved by another algorithm

Concurrent spin time: 0.03s

Solved with primal simplex

Root relaxation: objective 2.149881e+07, 27237 iterations, 2.28 seconds (1.94 work units)
Total elapsed time = 10.13s (DegenMoves)

    Nodes    |    Current Node    |     Objective Bounds      |     Work
 Expl Unexpl |  Obj  Depth IntInf | Incumbent    BestBd   Gap | It/Node Time

     0     0 2.1499e+07    0  450 2.0216e+07 2.1499e+07  6.35%     -   10s
     0     0 2.1495e+07    0  512 2.0216e+07 2.1495e+07  6.33%     -   14s
H    0     0                    2.095245e+07 2.1495e+07  2.59%     -   15s
     0     0 2.1488e+07    0  600 2.0952e+07 2.1488e+07  2.56%     -   16s
     0     0 2.1488e+07    0  615 2.0952e+07 2.1488e+07  2.56%     -   16s
     0     0 2.1488e+07    0  620 2.0952e+07 2.1488e+07  2.56%     -   16s
     0     0 2.1488e+07    0  620 2.0952e+07 2.1488e+07  2.56%     -   17s
     0     0 2.1482e+07    0  626 2.0952e+07 2.1482e+07  2.53%     -   20s
H    0     0                    2.125108e+07 2.1482e+07  1.08%     -   21s
     0     0 2.1481e+07    0  642 2.1251e+07 2.1481e+07  1.08%     -   22s
     0     0 2.1481e+07    0  652 2.1251e+07 2.1481e+07  1.08%     -   22s
     0     0 2.1481e+07    0  654 2.1251e+07 2.1481e+07  1.08%     -   22s
     0     0 2.1480e+07    0  695 2.1251e+07 2.1480e+07  1.08%     -   26s
     0     0 2.1480e+07    0  693 2.1251e+07 2.1480e+07  1.08%     -   28s
     0     0 2.1480e+07    0  689 2.1251e+07 2.1480e+07  1.08%     -   29s
     0     0 2.1480e+07    0  699 2.1251e+07 2.1480e+07  1.08%     -   29s
     0     0 2.1480e+07    0  708 2.1251e+07 2.1480e+07  1.08%     -   29s
     0     0 2.1479e+07    0  684 2.1251e+07 2.1479e+07  1.07%     -   33s
     0     0 2.1479e+07    0  696 2.1251e+07 2.1479e+07  1.07%     -   35s
     0     0 2.1479e+07    0  724 2.1251e+07 2.1479e+07  1.07%     -   35s
     0     0 2.1479e+07    0  738 2.1251e+07 2.1479e+07  1.07%     -   35s
     0     0 2.1479e+07    0  734 2.1251e+07 2.1479e+07  1.07%     -   36s
     0     0 2.1479e+07    0  626 2.1251e+07 2.1479e+07  1.07%     -   39s
     0     0 2.1479e+07    0  654 2.1251e+07 2.1479e+07  1.07%     -   41s
     0     0 2.1479e+07    0  660 2.1251e+07 2.1479e+07  1.07%     -   42s
     0     0 2.1479e+07    0  664 2.1251e+07 2.1479e+07  1.07%     -   42s
     0     0 2.1479e+07    0  663 2.1251e+07 2.1479e+07  1.07%     -   42s
     0     0 2.1478e+07    0  636 2.1251e+07 2.1478e+07  1.07%     -   45s
H    0     0                    2.125321e+07 2.1478e+07  1.06%     -   49s
     0     0 2.1478e+07    0  627 2.1253e+07 2.1478e+07  1.06%     -   49s
     0     0 2.1478e+07    0  642 2.1253e+07 2.1478e+07  1.06%     -   49s
     0     0 2.1478e+07    0  644 2.1253e+07 2.1478e+07  1.06%     -   50s
     0     0 2.1478e+07    0  636 2.1253e+07 2.1478e+07  1.06%     -   52s
     0     0 2.1478e+07    0  646 2.1253e+07 2.1478e+07  1.06%     -   55s
     0     0 2.1478e+07    0  651 2.1253e+07 2.1478e+07  1.06%     -   55s
     0     0 2.1478e+07    0  654 2.1253e+07 2.1478e+07  1.06%     -   56s
     0     0 2.1478e+07    0  656 2.1253e+07 2.1478e+07  1.06%     -   58s
     0     0 2.1478e+07    0  650 2.1253e+07 2.1478e+07  1.06%     -   60s
     0     0 2.1478e+07    0  649 2.1253e+07 2.1478e+07  1.06%     -   60s
     0     0 2.1478e+07    0  652 2.1253e+07 2.1478e+07  1.06%     -   60s
     0     0 2.1478e+07    0  627 2.1253e+07 2.1478e+07  1.06%     -   63s
     0     0 2.1478e+07    0  631 2.1253e+07 2.1478e+07  1.06%     -   65s
     0     0 2.1478e+07    0  641 2.1253e+07 2.1478e+07  1.06%     -   65s
     0     0 2.1478e+07    0  636 2.1253e+07 2.1478e+07  1.06%     -   68s
     0     0 2.1478e+07    0  638 2.1253e+07 2.1478e+07  1.06%     -   77s
H    0     0                    2.125417e+07 2.1478e+07  1.05%     -   88s
H    0     2                    2.127640e+07 2.1478e+07  0.95%     -   97s
     0     2 2.1478e+07    0  638 2.1276e+07 2.1478e+07  0.95%     -   97s
    31    64 2.1477e+07    5  631 2.1276e+07 2.1477e+07  0.94%   316  100s
   127   161 2.1476e+07    8  627 2.1276e+07 2.1477e+07  0.94%   157  105s
H  129   161                    2.127644e+07 2.1477e+07  0.94%   155  105s
H  130   161                    2.128718e+07 2.1477e+07  0.89%   154  105s
   692   867 2.1475e+07   18  612 2.1287e+07 2.1477e+07  0.89%  89.8  112s
   866  1215 2.1476e+07   22  613 2.1287e+07 2.1477e+07  0.89%  89.3  117s
  1214  1247 2.1474e+07   31  617 2.1287e+07 2.1477e+07  0.89%  93.4  125s
H 1224  1247                    2.128770e+07 2.1477e+07  0.89%  93.1  125s
H 1225  1247                    2.128992e+07 2.1477e+07  0.88%  93.0  125s
H 1227  1247                    2.128998e+07 2.1477e+07  0.88%  92.9  125s
H 1230  1247                    2.129141e+07 2.1477e+07  0.87%  92.9  125s
H 1232  1247                    2.129228e+07 2.1477e+07  0.87%  92.8  125s
H 1238  1247                    2.129381e+07 2.1477e+07  0.86%  92.6  125s
  1997  2695 2.1471e+07   48  591 2.1294e+07 2.1477e+07  0.86%  80.5  133s
  2694  3196 2.1467e+07   62  555 2.1294e+07 2.1477e+07  0.86%  75.0  137s
H 2797  3196                    2.130641e+07 2.1477e+07  0.80%  74.4  137s
  3195  4195 2.1468e+07   76  538 2.1306e+07 2.1477e+07  0.80%  71.7  141s
  4921  5046 2.1465e+07  116  464 2.1306e+07 2.1477e+07  0.80%  68.7  148s
  5049  5946 2.1465e+07  118  455 2.1306e+07 2.1477e+07  0.80%  68.6  151s
  6817  6836 2.1459e+07  156  397 2.1306e+07 2.1477e+07  0.80%  65.8  161s
H 6819  6748                    2.132940e+07 2.1477e+07  0.69%  65.8  161s
H 6836  6747                    2.133003e+07 2.1477e+07  0.69%  65.8  161s
H 6839  6528                    2.136082e+07 2.1477e+07  0.55%  65.8  161s
H 6932  6673                    2.136703e+07 2.1477e+07  0.52%  65.5  164s
  7177  7299 2.1459e+07  157  397 2.1367e+07 2.1477e+07  0.52%  65.4  167s
H 8617  8355                    2.136779e+07 2.1477e+07  0.51%  64.5  172s
H 8688  8338                    2.136861e+07 2.1477e+07  0.51%  64.4  172s
  8945  9107 2.1457e+07  194  364 2.1369e+07 2.1477e+07  0.51%  64.4  175s
H10324  9671                    2.136895e+07 2.1477e+07  0.51%  63.7  179s
 10325 10416 2.1455e+07  211  353 2.1369e+07 2.1477e+07  0.51%  63.7  181s
 11075 10539 2.1452e+07  228  315 2.1369e+07 2.1477e+07  0.51%  63.4  186s
H11119 10525                    2.136911e+07 2.1477e+07  0.51%  63.3  186s
 11925 11918 2.1449e+07  263  281 2.1369e+07 2.1477e+07  0.51%  63.6  191s
H13234 11374                    2.140280e+07 2.1477e+07  0.35%  63.9  204s
H13235 11344                    2.140357e+07 2.1477e+07  0.34%  63.9  204s
H13251 11208                    2.140667e+07 2.1477e+07  0.33%  63.9  204s
H13255 11103                    2.140982e+07 2.1477e+07  0.32%  63.9  204s
 13266 11704 2.1444e+07  291  244 2.1410e+07 2.1477e+07  0.32%  63.9  206s
 14580 12390 2.1454e+07  213  638 2.1410e+07 2.1477e+07  0.32%  64.1  276s
H14581 11771                    2.141428e+07 2.1477e+07  0.29%  64.1  350s
H14581 11182                    2.141537e+07 2.1477e+07  0.29%  64.1  350s
 14582 11182 2.1460e+07  178  438 2.1415e+07 2.1477e+07  0.29%  64.1  365s
 14583 11183 2.1467e+07   85  469 2.1415e+07 2.1477e+07  0.29%  64.1  374s
 14584 11184 2.1465e+07  107  471 2.1415e+07 2.1477e+07  0.29%  64.1  378s
 14585 11184 2.1466e+07   85  509 2.1415e+07 2.1477e+07  0.29%  64.1  382s
 14587 11186 2.1461e+07  148  548 2.1415e+07 2.1476e+07  0.28%  64.1  386s
H14590 10629                    2.141917e+07 2.1476e+07  0.27%  64.1  488s
H14590 10097                    2.142411e+07 2.1476e+07  0.24%  64.1  488s
H14590  9592                    2.144105e+07 2.1476e+07  0.16%  64.1  488s
 14592  9593 2.1461e+07  165  538 2.1441e+07 2.1476e+07  0.16%  64.1  491s
H14594  9114                    2.144427e+07 2.1476e+07  0.15%  64.0  594s
 14596  9116 2.1444e+07  158  509 2.1444e+07 2.1476e+07  0.15%  64.0  598s
 14599  9118 2.1458e+07  188  520 2.1444e+07 2.1476e+07  0.15%  64.0  650s
H14602  8664                    2.144461e+07 2.1476e+07  0.14%  64.0  733s
H14602  8230                    2.144513e+07 2.1476e+07  0.14%  64.0  733s
 14604  8231 2.1460e+07  160  497 2.1445e+07 2.1476e+07  0.14%  64.0  736s
 14605  8232 2.1458e+07  170  492 2.1445e+07 2.1476e+07  0.14%  64.0  820s
 14607  8233 2.1451e+07  249  505 2.1445e+07 2.1476e+07  0.14%  64.0  825s
 14608  8234 2.1468e+07   51  500 2.1445e+07 2.1476e+07  0.14%  64.0  888s
 14609  8234 2.1454e+07  251  503 2.1445e+07 2.1476e+07  0.14%  64.0  892s
 14611  8236 2.1445e+07  184  499 2.1445e+07 2.1476e+07  0.14%  64.0  948s
 14612  8236 2.1467e+07   85  508 2.1445e+07 2.1475e+07  0.14%  64.0  951s
H14612  7824                    2.144555e+07 2.1475e+07  0.14%  64.0 1088s
 14614  7826 2.1448e+07  260  502 2.1446e+07 2.1475e+07  0.14%  64.0 1091s
 14616  7827 2.1467e+07   87  508 2.1446e+07 2.1475e+07  0.14%  63.9 1138s
 14618  7828 2.1452e+07   83  509 2.1446e+07 2.1475e+07  0.14%  63.9 1144s
 14619  7829 2.1446e+07  295  509 2.1446e+07 2.1475e+07  0.14%  63.9 1167s
H14619  7439                    2.144699e+07 2.1475e+07  0.13%  68.9 1195s
 14645  7462 2.1475e+07   16  503 2.1447e+07 2.1475e+07  0.13%  69.3 1202s
 14665  7473 2.1474e+07   17  505 2.1447e+07 2.1475e+07  0.13%  69.5 1210s
 14697  7541 2.1474e+07   18  509 2.1447e+07 2.1475e+07  0.13%  70.0 1218s
 14776  7544 2.1474e+07   19  509 2.1447e+07 2.1475e+07  0.13%  70.3 1224s
H14777  7170                    2.144741e+07 2.1475e+07  0.13%  70.3 1224s
H14778  6816                    2.144771e+07 2.1475e+07  0.13%  70.4 1224s
H14785  6478                    2.144772e+07 2.1475e+07  0.13%  70.4 1224s
H14791  6157                    2.144798e+07 2.1475e+07  0.13%  70.3 1224s
 14812  6191 2.1473e+07   19  507 2.1448e+07 2.1475e+07  0.13%  70.5 1227s
 14942  6233 2.1474e+07   22  503 2.1448e+07 2.1475e+07  0.13%  71.4 1231s
 15053  6291 2.1471e+07   23  496 2.1448e+07 2.1475e+07  0.13%  72.1 1236s
 15175  6329 2.1471e+07   25  493 2.1448e+07 2.1475e+07  0.13%  72.7 1240s
 15401  6395 2.1469e+07   28  490 2.1448e+07 2.1475e+07  0.13%  73.3 1247s
 15542  6438 2.1470e+07   30  493 2.1448e+07 2.1475e+07  0.13%  73.6 1250s
 15791  6435 2.1472e+07   33  468 2.1448e+07 2.1475e+07  0.13%  73.8 1257s
 15917  6584 2.1465e+07   36  452 2.1448e+07 2.1475e+07  0.13%  73.7 1261s
 16578  6843 2.1471e+07   45  445 2.1448e+07 2.1475e+07  0.13%  73.8 1266s
 16963  6998 2.1471e+07   51  434 2.1448e+07 2.1475e+07  0.13%  74.3 1270s
 17425  7024 2.1469e+07   58  412 2.1448e+07 2.1475e+07  0.13%  74.9 1275s
 17491  7048 2.1469e+07   59  409 2.1448e+07 2.1475e+07  0.13%  75.1 1282s
 17524  7065 2.1454e+07   59  398 2.1448e+07 2.1475e+07  0.13%  75.1 1286s
 17558  7085 2.1469e+07   60  404 2.1448e+07 2.1475e+07  0.13%  75.1 1294s
 17590  7106 2.1469e+07   60  402 2.1448e+07 2.1475e+07  0.13%  75.1 1302s
 17623  7120 2.1469e+07   61  406 2.1448e+07 2.1475e+07  0.13%  75.2 1309s
H17625  6791                    2.144890e+07 2.1475e+07  0.12%  75.1 1309s
H17627  6265                    2.145354e+07 2.1475e+07  0.10%  75.2 1309s
 17660  6391 2.1464e+07   61  398 2.1454e+07 2.1475e+07  0.10%  75.2 1311s
 18279  6469 2.1468e+07   68  388 2.1454e+07 2.1475e+07  0.10%  76.2 1315s

Cutting planes:
  Learned: 2
  Gomory: 35
  Cover: 10
  Implied bound: 848
  MIR: 957
  Flow cover: 1116
  GUB cover: 1
  RLT: 12
  Relax-and-lift: 578
  PSD: 1

Explored 18633 nodes (1482298 simplex iterations) in 1315.84 seconds (1666.89 work units)
Thread count was 32 (of 192 available processors)

Solution count 10: 2.14535e+07 2.14489e+07 2.1448e+07 ... 2.14446e+07

Optimal solution found (tolerance 1.00e-03)
Best objective 2.145353798012e+07, best bound 2.147440682001e+07, gap 0.0973%
Deleted nodefile directory: node_files/dev0.0_sub46.0_run1
Saved model snapshot to study_case_model/figures/subsidy_experiment/run_27326/dev0.0/sub46.0/run1/model_snapshot.pkl
Finished successfully!
