Gurobi shell based on Python 3.13.1 can be launched with command `gurobi.sh`
Gurobi Python Interface can be loaded in Python 3.13.1 with 'import gurobipy'
/var/spool/slurm/slurmd/job21231135/slurm_script: line 24: activate: No such file or directory
Solving model: dev0.2, sub34.0, run0
Read LP format model from file /scratch-local/lbeemster.21231135/tmph1adebfm.pyomo.lp
Reading time = 0.55 seconds
x1: 176513 rows, 50050 columns, 1016320 nonzeros
Set parameter OutputFlag to value 1
Set parameter MIPGap to value 0.001
Set parameter Threads to value 32
Set parameter Presolve to value 1
Set parameter Cuts to value 1
Set parameter NodefileStart to value 1
Set parameter NodefileDir to value "node_files/dev0.2_sub34.0_run0"
Set parameter MemLimit to value 60
Gurobi Optimizer version 12.0.3 build v12.0.3rc0 (linux64 - "Red Hat Enterprise Linux 9.6 (Plow)")

CPU model: AMD EPYC 9654 96-Core Processor, instruction set [SSE2|AVX|AVX2|AVX512]
Thread count: 192 physical cores, 192 logical processors, using up to 32 threads

Non-default parameters:
MemLimit  60
MIPGap  0.001
NodefileStart  1
Cuts  1
Presolve  1
Threads  32

Academic license 2514514 - for non-commercial use only - registered to l.___@student.vu.nl
Optimize a model with 176513 rows, 50050 columns and 1016320 nonzeros
Model fingerprint: 0x38f24bb4
Variable types: 39426 continuous, 10624 integer (10624 binary)
Coefficient statistics:
  Matrix range     [6e-05, 1e+05]
  Objective range  [2e+00, 3e+04]
  Bounds range     [1e+00, 1e+00]
  RHS range        [3e-01, 2e+05]
Presolve removed 32584 rows and 21526 columns
Presolve time: 3.49s
Presolved: 143929 rows, 28524 columns, 828741 nonzeros
Variable types: 22732 continuous, 5792 integer (5792 binary)

Deterministic concurrent LP optimizer: primal simplex, dual simplex, and barrier
Showing barrier log only...

Root relaxation presolved: 26167 rows, 170096 columns, 857085 nonzeros

Root barrier log...

Ordering time: 0.05s

Barrier statistics:
 Dense cols : 48
 Free vars  : 2112
 AA' NZ     : 5.694e+05
 Factor NZ  : 1.573e+06 (roughly 100 MB of memory)
 Factor Ops : 1.149e+08 (less than 1 second per iteration)
 Threads    : 29

                  Objective                Residual
Iter       Primal          Dual         Primal    Dual     Compl     Time
   0   1.66543069e+12  1.22258502e+06  7.85e+06 3.81e+02  1.79e+08     5s
   1   1.29897459e+12 -2.34327210e+08  5.25e+06 3.58e+03  1.15e+08     5s
   2   9.03997144e+11 -2.09203221e+08  2.71e+06 2.58e+03  7.33e+07     5s
   3   7.00120639e+11 -1.53728035e+08  1.40e+06 1.65e+03  4.43e+07     5s
   4   5.72971703e+11 -1.08627076e+08  7.69e+05 1.11e+03  2.85e+07     6s
   5   4.91475236e+11 -5.97466062e+07  4.99e+05 6.03e+02  1.66e+07     6s
   6   3.98290966e+11 -3.43358370e+07  3.25e+05 3.54e+02  1.03e+07     6s
   7   3.01493950e+11 -2.40223551e+07  2.03e+05 2.54e+02  7.06e+06     6s
   8   2.57024533e+11 -2.08615758e+07  1.61e+05 2.24e+02  6.00e+06     6s
   9   2.10347662e+11 -1.46930714e+07  1.16e+05 1.48e+02  4.16e+06     6s
  10   1.35535813e+11 -1.04916007e+07  5.71e+04 1.04e+02  2.57e+06     6s
  11   9.56888784e+10 -5.58092531e+06  3.15e+04 5.99e+01  1.51e+06     6s
  12   5.78695257e+10 -1.56284376e+06  1.35e+04 2.87e+01  7.30e+05     6s
  13   3.08563761e+10  5.87951307e+05  5.41e+03 1.08e+01  3.02e+05     6s
  14   1.26757127e+10  1.34388870e+06  1.65e+03 5.04e+00  1.16e+05     6s
  15   7.45050983e+09  1.91436805e+06  8.63e+02 2.13e+00  5.86e+04     6s
  16   4.58295359e+09  2.47798497e+06  4.90e+02 1.04e+00  3.28e+04     6s
  17   2.68075868e+09  3.55045594e+06  2.62e+02 5.19e-01  1.79e+04     6s
  18   2.03660613e+09  4.06591593e+06  1.96e+02 3.42e-01  1.32e+04     6s
  19   1.15065332e+09  5.09901914e+06  1.04e+02 2.01e-01  7.30e+03     6s
  20   6.25632528e+08  6.92267192e+06  5.17e+01 1.01e-01  3.81e+03     6s
  21   2.89853888e+08  8.87124175e+06  2.13e+01 4.90e-02  1.69e+03     6s
  22   1.87682687e+08  1.02933894e+07  1.30e+01 3.07e-02  1.05e+03     6s
  23   1.36387584e+08  1.34639688e+07  8.81e+00 1.33e-02  7.11e+02     6s
  24   8.97188081e+07  1.50971767e+07  4.88e+00 7.60e-03  4.26e+02     6s
  25   6.24087735e+07  1.72209288e+07  2.74e+00 4.65e-03  2.55e+02     6s
  26   4.54955243e+07  1.88005122e+07  1.55e+00 2.65e-03  1.50e+02     6s
  27   3.51503361e+07  1.93556395e+07  8.77e-01 1.50e-03  8.82e+01     6s
  28   2.93498008e+07  1.98960472e+07  5.03e-01 1.05e-03  5.25e+01     6s
  29   2.56196723e+07  2.03020678e+07  2.60e-01 1.27e-03  2.94e+01     6s
  30   2.36494711e+07  2.04352040e+07  1.48e-01 1.26e-03  1.77e+01     6s
  31   2.25100092e+07  2.06307275e+07  8.45e-02 8.13e-04  1.03e+01     7s
  32   2.18757435e+07  2.07238898e+07  5.06e-02 6.18e-04  6.33e+00     7s
  33   2.14616331e+07  2.07940925e+07  2.91e-02 5.79e-04  3.67e+00     7s

Barrier performed 33 iterations in 6.63 seconds (6.09 work units)
Barrier solve interrupted - model solved by another algorithm

Concurrent spin time: 0.56s (can be avoided by choosing Method=3)

Solved with primal simplex

Root relaxation: objective 2.092586e+07, 30858 iterations, 2.62 seconds (2.06 work units)

    Nodes    |    Current Node    |     Objective Bounds      |     Work
 Expl Unexpl |  Obj  Depth IntInf | Incumbent    BestBd   Gap | It/Node Time

     0     0 2.0926e+07    0  490          - 2.0926e+07      -     -    8s
H    0     0                    2.016639e+07 2.0926e+07  3.77%     -   10s
     0     0 2.0915e+07    0  592 2.0166e+07 2.0915e+07  3.71%     -   14s
H    0     0                    2.031550e+07 2.0915e+07  2.95%     -   16s
     0     0 2.0914e+07    0  604 2.0315e+07 2.0914e+07  2.95%     -   17s
H    0     0                    2.046167e+07 2.0914e+07  2.21%     -   17s
     0     0 2.0914e+07    0  616 2.0462e+07 2.0914e+07  2.21%     -   17s
     0     0 2.0914e+07    0  622 2.0462e+07 2.0914e+07  2.21%     -   17s
     0     0 2.0913e+07    0  626 2.0462e+07 2.0913e+07  2.21%     -   18s
     0     0 2.0913e+07    0  630 2.0462e+07 2.0913e+07  2.21%     -   18s
     0     0 2.0913e+07    0  633 2.0462e+07 2.0913e+07  2.21%     -   18s
     0     0 2.0913e+07    0  633 2.0462e+07 2.0913e+07  2.21%     -   18s
     0     0 2.0912e+07    0  707 2.0462e+07 2.0912e+07  2.20%     -   23s
H    0     0                    2.068217e+07 2.0912e+07  1.11%     -   24s
     0     0 2.0911e+07    0  691 2.0682e+07 2.0911e+07  1.11%     -   27s
     0     0 2.0911e+07    0  683 2.0682e+07 2.0911e+07  1.11%     -   27s
     0     0 2.0911e+07    0  690 2.0682e+07 2.0911e+07  1.11%     -   28s
     0     0 2.0910e+07    0  638 2.0682e+07 2.0910e+07  1.10%     -   33s
H    0     0                    2.069306e+07 2.0910e+07  1.05%     -   36s
     0     0 2.0910e+07    0  655 2.0693e+07 2.0910e+07  1.05%     -   37s
     0     0 2.0909e+07    0  658 2.0693e+07 2.0909e+07  1.04%     -   37s
     0     0 2.0909e+07    0  663 2.0693e+07 2.0909e+07  1.04%     -   38s
     0     0 2.0909e+07    0  674 2.0693e+07 2.0909e+07  1.04%     -   38s
     0     0 2.0909e+07    0  674 2.0693e+07 2.0909e+07  1.04%     -   38s
     0     0 2.0909e+07    0  598 2.0693e+07 2.0909e+07  1.04%     -   43s
H    0     0                    2.069311e+07 2.0909e+07  1.04%     -   44s
     0     0 2.0908e+07    0  610 2.0693e+07 2.0908e+07  1.04%     -   45s
     0     0 2.0908e+07    0  610 2.0693e+07 2.0908e+07  1.04%     -   46s
H    0     0                    2.070048e+07 2.0908e+07  1.00%     -   46s
     0     0 2.0908e+07    0  618 2.0700e+07 2.0908e+07  1.00%     -   46s
     0     0 2.0908e+07    0  616 2.0700e+07 2.0908e+07  1.00%     -   46s
H    0     0                    2.070669e+07 2.0908e+07  0.97%     -   50s
     0     0 2.0908e+07    0  522 2.0707e+07 2.0908e+07  0.97%     -   51s
     0     0 2.0907e+07    0  561 2.0707e+07 2.0907e+07  0.97%     -   54s
     0     0 2.0907e+07    0  567 2.0707e+07 2.0907e+07  0.97%     -   55s
H    0     0                    2.073427e+07 2.0907e+07  0.83%     -   55s
     0     0 2.0907e+07    0  567 2.0734e+07 2.0907e+07  0.83%     -   55s
     0     0 2.0907e+07    0  560 2.0734e+07 2.0907e+07  0.83%     -   55s
     0     0 2.0907e+07    0  564 2.0734e+07 2.0907e+07  0.83%     -   56s
H    0     0                    2.073547e+07 2.0907e+07  0.83%     -   58s
H    0     0                    2.074109e+07 2.0907e+07  0.80%     -   58s
H    0     0                    2.075187e+07 2.0907e+07  0.75%     -   58s
     0     0 2.0907e+07    0  572 2.0752e+07 2.0907e+07  0.75%     -   58s
H    0     0                    2.075195e+07 2.0907e+07  0.75%     -   61s
H    0     0                    2.076026e+07 2.0907e+07  0.71%     -   62s
H    0     0                    2.077906e+07 2.0907e+07  0.61%     -   62s
     0     0 2.0907e+07    0  587 2.0779e+07 2.0907e+07  0.61%     -   62s
     0     0 2.0907e+07    0  604 2.0779e+07 2.0907e+07  0.61%     -   62s
     0     0 2.0907e+07    0  600 2.0779e+07 2.0907e+07  0.61%     -   63s
     0     0 2.0907e+07    0  610 2.0779e+07 2.0907e+07  0.61%     -   63s
H    0     0                    2.078103e+07 2.0907e+07  0.60%     -   65s
     0     0 2.0907e+07    0  582 2.0781e+07 2.0907e+07  0.60%     -   66s
H    0     0                    2.079757e+07 2.0907e+07  0.52%     -   68s
H    0     0                    2.080639e+07 2.0907e+07  0.48%     -   68s
     0     0 2.0907e+07    0  584 2.0806e+07 2.0907e+07  0.48%     -   68s
     0     0 2.0906e+07    0  590 2.0806e+07 2.0906e+07  0.48%     -   69s
     0     0 2.0906e+07    0  599 2.0806e+07 2.0906e+07  0.48%     -   69s
     0     0 2.0906e+07    0  595 2.0806e+07 2.0906e+07  0.48%     -   69s
     0     0 2.0906e+07    0  564 2.0806e+07 2.0906e+07  0.48%     -   73s
     0     0 2.0906e+07    0  563 2.0806e+07 2.0906e+07  0.48%     -   75s
     0     0 2.0906e+07    0  569 2.0806e+07 2.0906e+07  0.48%     -   75s
     0     0 2.0906e+07    0  573 2.0806e+07 2.0906e+07  0.48%     -   75s
     0     0 2.0906e+07    0  558 2.0806e+07 2.0906e+07  0.48%     -   78s
     0     0 2.0906e+07    0  554 2.0806e+07 2.0906e+07  0.48%     -   81s
     0     0 2.0906e+07    0  560 2.0806e+07 2.0906e+07  0.48%     -   81s
     0     0 2.0906e+07    0  567 2.0806e+07 2.0906e+07  0.48%     -   81s
     0     0 2.0906e+07    0  569 2.0806e+07 2.0906e+07  0.48%     -   82s
     0     0 2.0906e+07    0  563 2.0806e+07 2.0906e+07  0.48%     -   84s
H    0     0                    2.083513e+07 2.0906e+07  0.34%     -  100s
     0     0 2.0906e+07    0  547 2.0835e+07 2.0906e+07  0.34%     -  100s
     0     0 2.0906e+07    0  552 2.0835e+07 2.0906e+07  0.34%     -  100s
     0     0 2.0906e+07    0  539 2.0835e+07 2.0906e+07  0.34%     -  103s
H    0     0                    2.083571e+07 2.0906e+07  0.34%     -  106s
     0     0 2.0906e+07    0  559 2.0836e+07 2.0906e+07  0.34%     -  106s
     0     0 2.0906e+07    0  556 2.0836e+07 2.0906e+07  0.34%     -  109s
     0     0 2.0906e+07    0  556 2.0836e+07 2.0906e+07  0.34%     -  117s
H    0     0                    2.083572e+07 2.0906e+07  0.34%     -  143s
     0     2 2.0906e+07    0  556 2.0836e+07 2.0906e+07  0.34%     -  145s
   167   220 2.0906e+07    9  539 2.0836e+07 2.0906e+07  0.34%   152  150s
H  286   311                    2.084211e+07 2.0906e+07  0.31%   135  152s
   370   403 2.0906e+07   13  534 2.0842e+07 2.0906e+07  0.31%   130  157s
   402   440 2.0906e+07   14  547 2.0842e+07 2.0906e+07  0.31%   128  163s
   439   475 2.0906e+07   14  535 2.0842e+07 2.0906e+07  0.31%   127  168s
H  445   475                    2.084628e+07 2.0906e+07  0.29%   126  168s
   474   571 2.0906e+07   15  540 2.0846e+07 2.0906e+07  0.29%   122  171s
   615   864 2.0906e+07   19  532 2.0846e+07 2.0906e+07  0.29%   108  175s
H  621   864                    2.084806e+07 2.0906e+07  0.28%   108  175s
   971  1250 2.0905e+07   29  509 2.0848e+07 2.0906e+07  0.28%  98.2  180s
  1552  1584 2.0902e+07   47  507 2.0848e+07 2.0906e+07  0.28%  92.5  186s
  1585  1616 2.0903e+07   47  515 2.0848e+07 2.0906e+07  0.28%  92.6  193s
  1617  1648 2.0903e+07   48  517 2.0848e+07 2.0906e+07  0.28%  92.1  200s
H 1623  1648                    2.085028e+07 2.0906e+07  0.27%  92.0  200s
  1884  2442 2.0903e+07   53  508 2.0850e+07 2.0906e+07  0.27%  89.5  206s
  3012  3000 2.0900e+07   73  482 2.0850e+07 2.0906e+07  0.27%  82.1  212s
H 3030  2870                    2.085807e+07 2.0906e+07  0.23%  82.1  212s
  3508  3801 2.0898e+07   88  479 2.0858e+07 2.0906e+07  0.23%  81.8  216s
  4036  3968 infeasible   99      2.0858e+07 2.0906e+07  0.23%  79.7  221s
H 4191  3962                    2.085910e+07 2.0906e+07  0.22%  79.6  221s
  4699  4946 2.0894e+07  121  458 2.0859e+07 2.0906e+07  0.22%  78.9  226s
  5752  6080 2.0893e+07  142  430 2.0859e+07 2.0906e+07  0.22%  79.4  231s
  6899  7021 2.0889e+07  174  406 2.0859e+07 2.0906e+07  0.22%  76.5  242s
  7776  7517 2.0886e+07  193  363 2.0859e+07 2.0906e+07  0.22%  78.0  249s
H 7812  7470                    2.085996e+07 2.0906e+07  0.22%  78.0  249s
H 7827  7418                    2.086122e+07 2.0906e+07  0.21%  77.9  249s
  7849  7793 2.0886e+07  195  361 2.0861e+07 2.0906e+07  0.21%  78.1  253s
  8264  8253 2.0886e+07  207  344 2.0861e+07 2.0906e+07  0.21%  77.3  255s
  9280  9269 2.0874e+07  232  279 2.0861e+07 2.0906e+07  0.21%  76.1  260s
 10387 10311 2.0881e+07  247  275 2.0861e+07 2.0906e+07  0.21%  75.3  265s
 11457 10883 2.0879e+07  263  268 2.0861e+07 2.0906e+07  0.21%  75.9  275s
 11489 10915 2.0879e+07  264  267 2.0861e+07 2.0906e+07  0.21%  75.9  281s
 11521 10947 2.0875e+07  264  259 2.0861e+07 2.0906e+07  0.21%  76.0  288s
 11553 10979 2.0879e+07  265  267 2.0861e+07 2.0906e+07  0.21%  76.0  296s
 11585 11011 2.0878e+07  266  267 2.0861e+07 2.0906e+07  0.21%  75.9  304s
H11593  7074                    2.088436e+07 2.0906e+07  0.10%  75.9  304s
 11617  7528     cutoff  267      2.0884e+07 2.0906e+07  0.10%  75.9  308s
 12336  7978 2.0890e+07   25  517 2.0884e+07 2.0906e+07  0.10%  75.4  310s
 12836  7979 2.0896e+07  162  556 2.0884e+07 2.0906e+07  0.10%  76.8  383s
H12837  7581                    2.088569e+07 2.0904e+07  0.09%  76.8  541s

Cutting planes:
  Gomory: 6
  Cover: 3
  Implied bound: 143
  MIR: 788
  Flow cover: 510
  RLT: 2
  Relax-and-lift: 298
  PSD: 1

Explored 12837 nodes (1102366 simplex iterations) in 542.40 seconds (614.93 work units)
Thread count was 32 (of 192 available processors)

Solution count 10: 2.08857e+07 2.08844e+07 2.08612e+07 ... 2.08421e+07

Optimal solution found (tolerance 1.00e-03)
Best objective 2.088568881610e+07, best bound 2.090353599557e+07, gap 0.0855%
Deleted nodefile directory: node_files/dev0.2_sub34.0_run0
Saved model snapshot to study_case_model/figures/subsidy_experiment/run_27326/dev0.2/sub34.0/run0/model_snapshot.pkl
Finished successfully!
