Gurobi shell based on Python 3.13.1 can be launched with command `gurobi.sh`
Gurobi Python Interface can be loaded in Python 3.13.1 with 'import gurobipy'
/var/spool/slurm/slurmd/job21232392/slurm_script: line 24: activate: No such file or directory
Solving model: dev0.2, sub47.0, run0
Read LP format model from file /scratch-local/lbeemster.21232392/tmpci29z_at.pyomo.lp
Reading time = 0.55 seconds
x1: 176513 rows, 50050 columns, 1016320 nonzeros
Set parameter OutputFlag to value 1
Set parameter MIPGap to value 0.001
Set parameter Threads to value 32
Set parameter Presolve to value 1
Set parameter Cuts to value 1
Set parameter NodefileStart to value 1
Set parameter NodefileDir to value "node_files/dev0.2_sub47.0_run0"
Set parameter MemLimit to value 60
Gurobi Optimizer version 12.0.3 build v12.0.3rc0 (linux64 - "Red Hat Enterprise Linux 9.6 (Plow)")

CPU model: AMD EPYC 9654 96-Core Processor, instruction set [SSE2|AVX|AVX2|AVX512]
Thread count: 192 physical cores, 192 logical processors, using up to 32 threads

Non-default parameters:
MemLimit  60
MIPGap  0.001
NodefileStart  1
Cuts  1
Presolve  1
Threads  32

Academic license 2514514 - for non-commercial use only - registered to l.___@student.vu.nl
Optimize a model with 176513 rows, 50050 columns and 1016320 nonzeros
Model fingerprint: 0xea7bfb6d
Variable types: 39426 continuous, 10624 integer (10624 binary)
Coefficient statistics:
  Matrix range     [6e-05, 1e+05]
  Objective range  [2e+00, 3e+04]
  Bounds range     [1e+00, 1e+00]
  RHS range        [3e-01, 2e+05]
Presolve removed 32584 rows and 21526 columns
Presolve time: 3.48s
Presolved: 143929 rows, 28524 columns, 828741 nonzeros
Variable types: 22732 continuous, 5792 integer (5792 binary)

Deterministic concurrent LP optimizer: primal simplex, dual simplex, and barrier
Showing barrier log only...

Root relaxation presolved: 26167 rows, 170096 columns, 857085 nonzeros

Root barrier log...

Ordering time: 0.05s

Barrier statistics:
 Dense cols : 48
 Free vars  : 2112
 AA' NZ     : 5.694e+05
 Factor NZ  : 1.573e+06 (roughly 100 MB of memory)
 Factor Ops : 1.149e+08 (less than 1 second per iteration)
 Threads    : 29

                  Objective                Residual
Iter       Primal          Dual         Primal    Dual     Compl     Time
   0   1.67279273e+12  1.20544989e+06  7.89e+06 3.81e+02  1.80e+08     5s
   1   1.30459622e+12 -2.87305270e+08  5.27e+06 3.58e+03  1.16e+08     5s
   2   9.08254015e+11 -3.12695871e+08  2.73e+06 2.58e+03  7.36e+07     5s
   3   7.03312190e+11 -2.87096560e+08  1.41e+06 1.65e+03  4.45e+07     6s
   4   5.75517493e+11 -2.26289927e+08  7.72e+05 1.11e+03  2.86e+07     6s
   5   4.93599605e+11 -1.39474751e+08  5.01e+05 6.03e+02  1.67e+07     6s
   6   4.00028641e+11 -8.81567627e+07  3.27e+05 3.54e+02  1.04e+07     6s
   7   3.02836191e+11 -6.61939424e+07  2.04e+05 2.54e+02  7.09e+06     6s
   8   2.58192581e+11 -5.88293811e+07  1.62e+05 2.24e+02  6.02e+06     6s
   9   2.11220817e+11 -3.96567565e+07  1.17e+05 1.48e+02  4.18e+06     6s
  10   1.36099553e+11 -2.77312570e+07  5.73e+04 1.04e+02  2.58e+06     6s
  11   9.60599108e+10 -1.56941176e+07  3.16e+04 5.98e+01  1.51e+06     6s
  12   6.11832857e+10 -6.68484514e+06  1.51e+04 2.91e+01  7.66e+05     6s
  13   3.17904455e+10 -1.63797392e+06  5.87e+03 1.22e+01  3.25e+05     6s
  14   1.48548957e+10  4.35293868e+05  2.16e+03 5.66e+00  1.36e+05     6s
  15   8.38786889e+09  1.61101087e+06  1.07e+03 2.34e+00  6.64e+04     6s
  16   4.72503513e+09  2.29903320e+06  5.47e+02 1.14e+00  3.44e+04     6s
  17   2.80032322e+09  3.54151856e+06  2.95e+02 5.28e-01  1.88e+04     6s
  18   2.24598958e+09  4.03190436e+06  2.33e+02 3.63e-01  1.46e+04     6s
  19   1.32519830e+09  4.90407616e+06  1.31e+02 2.26e-01  8.48e+03     6s
  20   6.97119909e+08  7.11738541e+06  6.34e+01 7.91e-02  4.18e+03     6s
  21   2.92269911e+08  8.94278648e+06  2.35e+01 3.64e-02  1.68e+03     6s
  22   1.82687952e+08  1.03670886e+07  1.38e+01 2.26e-02  1.01e+03     6s
  23   1.33771628e+08  1.36249945e+07  9.46e+00 1.14e-02  6.92e+02     6s
  24   1.01692066e+08  1.49154247e+07  6.60e+00 8.64e-03  4.97e+02     6s
  25   8.05462001e+07  1.62112362e+07  4.77e+00 7.26e-03  3.67e+02     6s
  26   5.02966330e+07  1.86231948e+07  2.15e+00 3.78e-03  1.79e+02     6s
  27   3.41726120e+07  1.93433423e+07  9.12e-01 2.17e-03  8.31e+01     7s
  28   2.68229863e+07  2.00186193e+07  3.89e-01 1.09e-03  3.79e+01     7s
  29   2.46922859e+07  2.02470055e+07  2.30e-01 9.88e-04  2.47e+01     7s
  30   2.33933538e+07  2.04955604e+07  1.45e-01 7.32e-04  1.60e+01     7s
  31   2.25743460e+07  2.06354358e+07  9.33e-02 7.01e-04  1.07e+01     7s
  32   2.21836137e+07  2.07593976e+07  6.89e-02 5.38e-04  7.86e+00     7s
  33   2.18540250e+07  2.08805552e+07  4.90e-02 6.29e-04  5.38e+00     7s
  34   2.16480134e+07  2.09066927e+07  3.67e-02 5.97e-04  4.09e+00     7s
  35   2.14039781e+07  2.09391004e+07  2.26e-02 5.19e-04  2.56e+00     7s
  36   2.12644184e+07  2.09620388e+07  1.45e-02 4.16e-04  1.67e+00     7s
  37   2.11901454e+07  2.09758147e+07  1.00e-02 3.40e-04  1.18e+00     7s
  38   2.11395276e+07  2.09932566e+07  6.47e-03 2.77e-04  8.01e-01     7s
  39   2.11066156e+07  2.10148383e+07  4.09e-03 2.79e-04  5.00e-01     7s
  40   2.10873031e+07  2.10283635e+07  2.63e-03 2.76e-04  3.20e-01     7s
  41   2.10733734e+07  2.10380758e+07  1.52e-03 2.55e-04  1.91e-01     7s
  42   2.10659017e+07  2.10431558e+07  1.03e-03 2.01e-04  1.23e-01     7s
  43   2.10593598e+07  2.10454730e+07  6.27e-04 1.75e-04  7.51e-02     7s
  44   2.10551962e+07  2.10464904e+07  3.76e-04 1.60e-04  4.70e-02     7s
  45   2.10519155e+07  2.10473265e+07  1.88e-04 1.82e-04  2.48e-02     7s
  46   2.10502205e+07  2.10477738e+07  9.50e-05 9.08e-05  1.32e-02     7s
  47   2.10489616e+07  2.10480230e+07  3.11e-05 4.27e-05  5.05e-03     7s
  48   2.10484084e+07  2.10481546e+07  5.58e-06 1.70e-05  1.36e-03     7s
  49   2.10482894e+07  2.10482220e+07  1.11e-06 3.88e-06  3.61e-04     8s
  50   2.10482621e+07  2.10482364e+07  3.82e-07 1.81e-06  1.37e-04     8s
  51   2.10482568e+07  2.10482375e+07  2.62e-07 1.59e-06  1.03e-04     8s
  52   2.10482542e+07  2.10482392e+07  2.04e-07 1.27e-06  8.07e-05     8s
  53   2.10482527e+07  2.10482432e+07  1.70e-07 3.57e-07  5.06e-05     8s
  54   2.10482454e+07  2.10482435e+07  1.88e-08 2.88e-07  1.02e-05     8s
  55   2.10482446e+07  2.10482444e+07  1.49e-08 4.41e-08  1.20e-06     8s
  56   2.10482444e+07  2.10482444e+07  8.11e-10 1.05e-08  9.53e-08     8s
  57   2.10482444e+07  2.10482444e+07  2.36e-09 2.94e-09  2.79e-08     8s
  58   2.10482444e+07  2.10482444e+07  1.78e-09 5.19e-10  1.05e-08     8s
  59   2.10482444e+07  2.10482444e+07  1.75e-09 4.45e-10  1.01e-08     8s

Barrier solved model in 59 iterations and 8.25 seconds (7.71 work units)
Optimal objective 2.10482444e+07


Root crossover log...

    7559 DPushes remaining with DInf 0.0000000e+00                 8s
       0 DPushes remaining with DInf 0.0000000e+00                 8s

    6121 PPushes remaining with PInf 2.1052506e-04                 8s
       0 PPushes remaining with PInf 0.0000000e+00                 9s

  Push phase complete: Pinf 0.0000000e+00, Dinf 5.3440659e-02      9s


Root simplex log...

Iteration    Objective       Primal Inf.    Dual Inf.      Time
   11969    2.1048244e+07   0.000000e+00   5.344066e-02      9s
   11990    2.1048244e+07   0.000000e+00   0.000000e+00      9s
   11990    2.1048244e+07   0.000000e+00   0.000000e+00      9s
   11994    2.1048244e+07   0.000000e+00   0.000000e+00      9s
Extra simplex iterations from dual to original model: 4
Concurrent spin time: 0.92s (can be avoided by choosing Method=3)

Solved with barrier

Root relaxation: objective 2.104824e+07, 11994 iterations, 4.97 seconds (4.08 work units)
Total elapsed time = 10.18s (DegenMoves)

    Nodes    |    Current Node    |     Objective Bounds      |     Work
 Expl Unexpl |  Obj  Depth IntInf | Incumbent    BestBd   Gap | It/Node Time

     0     0 2.1048e+07    0  530          - 2.1048e+07      -     -   12s
H    0     0                    2.026773e+07 2.1048e+07  3.85%     -   14s
     0     0 2.1013e+07    0  627 2.0268e+07 2.1013e+07  3.68%     -   19s
H    0     0                    2.044647e+07 2.1013e+07  2.77%     -   21s
H    0     0                    2.056422e+07 2.1011e+07  2.17%     -   21s
     0     0 2.1011e+07    0  679 2.0564e+07 2.1011e+07  2.17%     -   22s
     0     0 2.1011e+07    0  692 2.0564e+07 2.1011e+07  2.17%     -   22s
     0     0 2.1011e+07    0  695 2.0564e+07 2.1011e+07  2.17%     -   22s
     0     0 2.1011e+07    0  696 2.0564e+07 2.1011e+07  2.17%     -   23s
     0     0 2.1009e+07    0  734 2.0564e+07 2.1009e+07  2.16%     -   28s
H    0     0                    2.069973e+07 2.1009e+07  1.50%     -   29s
     0     0 2.1009e+07    0  769 2.0700e+07 2.1009e+07  1.49%     -   32s
     0     0 2.1008e+07    0  780 2.0700e+07 2.1008e+07  1.49%     -   33s
     0     0 2.1008e+07    0  787 2.0700e+07 2.1008e+07  1.49%     -   33s
     0     0 2.1008e+07    0  785 2.0700e+07 2.1008e+07  1.49%     -   34s
H    0     0                    2.070017e+07 2.1007e+07  1.48%     -   39s
     0     0 2.1007e+07    0  758 2.0700e+07 2.1007e+07  1.48%     -   40s
     0     0 2.1007e+07    0  758 2.0700e+07 2.1007e+07  1.48%     -   40s
     0     0 2.1006e+07    0  799 2.0700e+07 2.1006e+07  1.48%     -   43s
     0     0 2.1005e+07    0  842 2.0700e+07 2.1005e+07  1.47%     -   44s
     0     0 2.1005e+07    0  841 2.0700e+07 2.1005e+07  1.47%     -   44s
H    0     0                    2.071008e+07 2.1005e+07  1.43%     -   44s
     0     0 2.1005e+07    0  832 2.0710e+07 2.1005e+07  1.43%     -   45s
     0     0 2.1005e+07    0  834 2.0710e+07 2.1005e+07  1.42%     -   45s
     0     0 2.1005e+07    0  843 2.0710e+07 2.1005e+07  1.42%     -   45s
H    0     0                    2.072691e+07 2.1005e+07  1.34%     -   49s
     0     0 2.1004e+07    0  787 2.0727e+07 2.1004e+07  1.34%     -   51s
H    0     0                    2.072740e+07 2.1004e+07  1.34%     -   52s
     0     0 2.1004e+07    0  828 2.0727e+07 2.1004e+07  1.33%     -   54s
     0     0 2.1004e+07    0  832 2.0727e+07 2.1004e+07  1.33%     -   54s
     0     0 2.1004e+07    0  842 2.0727e+07 2.1004e+07  1.33%     -   55s
     0     0 2.1004e+07    0  851 2.0727e+07 2.1004e+07  1.33%     -   55s
     0     0 2.1004e+07    0  852 2.0727e+07 2.1004e+07  1.33%     -   55s
     0     0 2.1003e+07    0  654 2.0727e+07 2.1003e+07  1.33%     -   61s
H    0     0                    2.076490e+07 2.1003e+07  1.15%     -   64s
     0     0 2.1003e+07    0  738 2.0765e+07 2.1003e+07  1.15%     -   64s
H    0     0                    2.077494e+07 2.1003e+07  1.10%     -   65s
     0     0 2.1003e+07    0  728 2.0775e+07 2.1003e+07  1.10%     -   65s
     0     0 2.1003e+07    0  737 2.0775e+07 2.1003e+07  1.10%     -   65s
     0     0 2.1003e+07    0  740 2.0775e+07 2.1003e+07  1.10%     -   66s
     0     0 2.1003e+07    0  744 2.0775e+07 2.1003e+07  1.10%     -   66s
     0     0 2.1003e+07    0  696 2.0775e+07 2.1003e+07  1.10%     -   69s
     0     0 2.1002e+07    0  721 2.0775e+07 2.1002e+07  1.10%     -   71s
     0     0 2.1002e+07    0  716 2.0775e+07 2.1002e+07  1.10%     -   71s
     0     0 2.1002e+07    0  712 2.0775e+07 2.1002e+07  1.09%     -   72s
     0     0 2.1002e+07    0  747 2.0775e+07 2.1002e+07  1.09%     -   75s
     0     0 2.1002e+07    0  749 2.0775e+07 2.1002e+07  1.09%     -   77s
     0     0 2.1002e+07    0  732 2.0775e+07 2.1002e+07  1.09%     -   77s
     0     0 2.1002e+07    0  737 2.0775e+07 2.1002e+07  1.09%     -   78s
     0     0 2.1002e+07    0  744 2.0775e+07 2.1002e+07  1.09%     -   81s
H    0     0                    2.077747e+07 2.1002e+07  1.08%     -   86s
     0     0 2.1002e+07    0  724 2.0777e+07 2.1002e+07  1.08%     -   86s
     0     0 2.1002e+07    0  740 2.0777e+07 2.1002e+07  1.08%     -   87s
     0     0 2.1002e+07    0  740 2.0777e+07 2.1002e+07  1.08%     -   87s
     0     0 2.1002e+07    0  754 2.0777e+07 2.1002e+07  1.08%     -   90s
     0     0 2.1002e+07    0  742 2.0777e+07 2.1002e+07  1.08%     -   92s
     0     0 2.1002e+07    0  750 2.0777e+07 2.1002e+07  1.08%     -   93s
     0     0 2.1002e+07    0  748 2.0777e+07 2.1002e+07  1.08%     -   93s
     0     0 2.1001e+07    0  750 2.0777e+07 2.1001e+07  1.08%     -   96s
H    0     0                    2.077783e+07 2.1001e+07  1.08%     -  101s
H    0     0                    2.083800e+07 2.1001e+07  0.78%     -  105s
     0     0 2.1001e+07    0  733 2.0838e+07 2.1001e+07  0.78%     -  105s
     0     0 2.1001e+07    0  743 2.0838e+07 2.1001e+07  0.78%     -  105s
     0     0 2.1001e+07    0  742 2.0838e+07 2.1001e+07  0.78%     -  106s
     0     0 2.1001e+07    0  760 2.0838e+07 2.1001e+07  0.78%     -  109s
     0     0 2.1001e+07    0  767 2.0838e+07 2.1001e+07  0.78%     -  111s
     0     0 2.1001e+07    0  765 2.0838e+07 2.1001e+07  0.78%     -  112s
     0     0 2.1001e+07    0  774 2.0838e+07 2.1001e+07  0.78%     -  112s
     0     0 2.1001e+07    0  723 2.0838e+07 2.1001e+07  0.78%     -  115s
     0     0 2.1001e+07    0  725 2.0838e+07 2.1001e+07  0.78%     -  117s
     0     0 2.1001e+07    0  727 2.0838e+07 2.1001e+07  0.78%     -  117s
     0     0 2.1001e+07    0  735 2.0838e+07 2.1001e+07  0.78%     -  120s
     0     0 2.1001e+07    0  735 2.0838e+07 2.1001e+07  0.78%     -  133s
     0     2 2.1001e+07    0  735 2.0838e+07 2.1001e+07  0.78%     -  154s
     3     8 2.1001e+07    2  726 2.0838e+07 2.1001e+07  0.78%   282  155s
    63    96 2.1001e+07    6  700 2.0838e+07 2.1001e+07  0.78%   460  162s
    95   128 2.1001e+07    7  705 2.0838e+07 2.1001e+07  0.78%   362  165s
H  135   160                    2.084345e+07 2.1001e+07  0.76%   277  168s
H  136   160                    2.085176e+07 2.1001e+07  0.72%   275  168s
   159   313 2.1001e+07    9  705 2.0852e+07 2.1001e+07  0.72%   248  170s
H  364   448                    2.085372e+07 2.1001e+07  0.71%   178  173s
   447   489 2.1001e+07   18  706 2.0854e+07 2.1001e+07  0.71%   169  175s
   734   818 2.1001e+07   26  694 2.0854e+07 2.1001e+07  0.71%   147  180s
  1032  1065 2.1000e+07   36  676 2.0854e+07 2.1001e+07  0.71%   135  187s
H 1064  1100                    2.085397e+07 2.1001e+07  0.71%   134  194s
H 1069  1100                    2.085397e+07 2.1001e+07  0.71%   133  194s
H 1070  1100                    2.085451e+07 2.1001e+07  0.70%   134  194s
H 1098  1100                    2.085462e+07 2.1001e+07  0.70%   134  194s
  1099  1189 2.1000e+07   38  673 2.0855e+07 2.1001e+07  0.70%   134  197s
  1279  1389 2.1000e+07   44  678 2.0855e+07 2.1001e+07  0.70%   138  200s
  1606  1696 2.0999e+07   52  671 2.0855e+07 2.1001e+07  0.70%   141  206s
  1701  1800 2.0999e+07   53  675 2.0855e+07 2.1001e+07  0.70%   146  211s
  1921  2031 2.0999e+07   60  659 2.0855e+07 2.1001e+07  0.70%   153  215s
  2146  2173 2.0998e+07   65  662 2.0855e+07 2.1001e+07  0.70%   159  220s
H 2185  2231                    2.085833e+07 2.1001e+07  0.68%   162  224s
H 2209  2231                    2.085972e+07 2.1001e+07  0.68%   164  224s
H 2235  2231                    2.085999e+07 2.1001e+07  0.68%   163  224s
  2238  2426 2.0998e+07   67  682 2.0860e+07 2.1001e+07  0.68%   163  227s
  2602  2810 2.0997e+07   72  669 2.0860e+07 2.1001e+07  0.68%   165  230s
  3320  3481 2.0993e+07   87  650 2.0860e+07 2.1001e+07  0.68%   161  238s
  3512  3762 2.0992e+07   91  655 2.0860e+07 2.1001e+07  0.68%   163  240s
  4064  4289 2.0990e+07  107  620 2.0860e+07 2.1001e+07  0.68%   160  246s
H 4355  4314                    2.086063e+07 2.1001e+07  0.67%   159  249s
H 4385  3751                    2.089952e+07 2.1001e+07  0.49%   158  249s
  4386  4078 2.0990e+07  113  618 2.0900e+07 2.1001e+07  0.49%   158  251s
H 5053  4400                    2.089953e+07 2.1001e+07  0.49%   153  258s
  5085  4748 2.0988e+07  125  588 2.0900e+07 2.1001e+07  0.49%   153  261s
  5825  5513 2.0986e+07  147  587 2.0900e+07 2.1001e+07  0.49%   147  266s
  6646  6414 2.0984e+07  159  564 2.0900e+07 2.1001e+07  0.49%   143  271s
  7723  7026 2.0976e+07  190  557 2.0900e+07 2.1001e+07  0.49%   136  283s
H 7725  7020                    2.089974e+07 2.1001e+07  0.48%   136  283s
H 7733  7018                    2.089987e+07 2.1001e+07  0.48%   135  283s
H 7747  6832                    2.091055e+07 2.1001e+07  0.43%   136  283s
  7755  7128 2.0982e+07  190  560 2.0911e+07 2.1001e+07  0.43%   136  287s
  8057  7545 2.0981e+07  199  549 2.0911e+07 2.1001e+07  0.43%   136  290s
  8477  7621 2.0980e+07  205  564 2.0911e+07 2.1001e+07  0.43%   137  297s
H 8481  7604                    2.091146e+07 2.1001e+07  0.43%   137  297s
H 8504  7601                    2.091170e+07 2.1001e+07  0.43%   137  297s
  8553  8117 2.0980e+07  206  564 2.0912e+07 2.1001e+07  0.43%   137  301s
  9647  8901 2.0972e+07  222  546 2.0912e+07 2.1001e+07  0.43%   134  311s
H 9697  8901                    2.091170e+07 2.1001e+07  0.43%   135  311s
  9872  9528 2.0972e+07  226  545 2.0912e+07 2.1001e+07  0.43%   134  315s
 11103 10772 2.0970e+07  251  532 2.0912e+07 2.1001e+07  0.43%   131  322s
 11765 11557 2.0976e+07  262  530 2.0912e+07 2.1001e+07  0.43%   130  326s
 12556 12357 2.0974e+07  277  520 2.0912e+07 2.1001e+07  0.43%   127  330s
 13366 12388 2.0974e+07  298  495 2.0912e+07 2.1001e+07  0.43%   125  344s
H13390 12300                    2.091205e+07 2.1001e+07  0.43%   125  344s
H13397 11325                    2.093016e+07 2.1001e+07  0.34%   125  344s
 13398 12178 2.0974e+07  298  493 2.0930e+07 2.1001e+07  0.34%   125  348s
 14255 12579 2.0970e+07  309  496 2.0930e+07 2.1001e+07  0.34%   122  353s
H14706 12541                    2.093111e+07 2.1001e+07  0.33%   123  407s
H14706 12510                    2.093274e+07 2.1001e+07  0.33%   123  420s
 14707 12497 2.0937e+07  146  735 2.0933e+07 2.1001e+07  0.33%   123  510s
H14708 11873                    2.093454e+07 2.1001e+07  0.32%   123  674s
H14708 11279                    2.093477e+07 2.1001e+07  0.32%   123  674s
H14709 10715                    2.093481e+07 2.0999e+07  0.31%   123  678s
 14710 10716 2.0971e+07  234  611 2.0935e+07 2.0999e+07  0.31%   123  687s
 14711 10717 2.0970e+07  119  575 2.0935e+07 2.0999e+07  0.31%   122  691s
 14712 10717 2.0967e+07  269  623 2.0935e+07 2.0999e+07  0.31%   122  696s
H14712 10181                    2.093626e+07 2.0999e+07  0.30%   122  699s
H14712  9672                    2.093658e+07 2.0999e+07  0.30%   122  699s
 14713  9673 2.0984e+07   55  623 2.0937e+07 2.0999e+07  0.30%   122  701s
 14714  9674 2.0974e+07  108  616 2.0937e+07 2.0999e+07  0.30%   122  706s
 14715  9674 2.0962e+07  126  611 2.0937e+07 2.0999e+07  0.30%   122  711s
 14716  9675 2.0968e+07  107  685 2.0937e+07 2.0998e+07  0.29%   122  715s
 14718  9676 2.0981e+07  166  690 2.0937e+07 2.0998e+07  0.29%   122  720s
H14723  9196                    2.094076e+07 2.0998e+07  0.27%   122  911s
H14723  8735                    2.094405e+07 2.0998e+07  0.26%   122  911s
H14723  8298                    2.094406e+07 2.0998e+07  0.26%   122  911s
H14723  7883                    2.094513e+07 2.0998e+07  0.25%   122  911s
H14723  7489                    2.094993e+07 2.0998e+07  0.23%   122  911s
H14723  7114                    2.095329e+07 2.0998e+07  0.21%   122  911s
H14723  6758                    2.095724e+07 2.0998e+07  0.19%   122  911s
H14723  6420                    2.095835e+07 2.0998e+07  0.19%   122  911s
H14723  6099                    2.095861e+07 2.0998e+07  0.19%   122  911s
H14723  5793                    2.095867e+07 2.0998e+07  0.19%   122  911s
 14725  5794 2.0959e+07  297  662 2.0959e+07 2.0997e+07  0.18%   122  915s
 14729  5797 2.0966e+07  115  654 2.0959e+07 2.0997e+07  0.18%   122 1022s
 14730  5797 2.0988e+07  133  657 2.0959e+07 2.0997e+07  0.18%   122 1028s
 14732  5799 2.0987e+07    9  661 2.0959e+07 2.0997e+07  0.18%   122 1030s
 14737  5802 2.0960e+07  229  675 2.0959e+07 2.0997e+07  0.18%   122 1213s
 14738  5803 2.0959e+07  114  641 2.0959e+07 2.0996e+07  0.18%   122 1218s
 14741  5805 2.0959e+07  302  645 2.0959e+07 2.0996e+07  0.18%   122 1220s
H14742  5515                    2.096684e+07 2.0996e+07  0.14%   122 1319s
 14744  5517 2.0967e+07   32  655 2.0967e+07 2.0996e+07  0.14%   122 1323s
 14747  5519 2.0978e+07  181  658 2.0967e+07 2.0996e+07  0.14%   122 1325s
 14748  5519 2.0980e+07   40  666 2.0967e+07 2.0996e+07  0.14%   122 1444s
 14749  5520 2.0987e+07   95  644 2.0967e+07 2.0996e+07  0.14%   122 1449s
 14750  5521 2.0987e+07   81  636 2.0967e+07 2.0996e+07  0.14%   122 1451s
 14752  5522 2.0967e+07  211  634 2.0967e+07 2.0996e+07  0.14%   122 1541s
 14753  5523 2.0991e+07   84  645 2.0967e+07 2.0995e+07  0.13%   122 1545s
 14757  5525 2.0967e+07  156  627 2.0967e+07 2.0995e+07  0.13%   122 1624s
 14758  5526 2.0967e+07  339  649 2.0967e+07 2.0995e+07  0.13%   122 1632s
H14760  5249                    2.096737e+07 2.0995e+07  0.13%   122 1892s
H14760  4986                    2.096737e+07 2.0995e+07  0.13%   122 1892s
 14762  4988 2.0986e+07   32  633 2.0967e+07 2.0995e+07  0.13%   122 1895s
 14764  4989 2.0967e+07   78  614 2.0967e+07 2.0995e+07  0.13%   122 1921s
H14765  4739                    2.096738e+07 2.0995e+07  0.13%   122 2005s
H14767  4502                    2.096760e+07 2.0995e+07  0.13%   122 2378s
 14769  4503 2.0968e+07  373  635 2.0968e+07 2.0995e+07  0.13%   122 2388s
 14770  4504 2.0968e+07  117  635 2.0968e+07 2.0995e+07  0.13%   122 2433s
 14771  4505 2.0968e+07  278  624 2.0968e+07 2.0995e+07  0.13%   122 2435s
 14772  4505 2.0968e+07  247  619 2.0968e+07 2.0995e+07  0.13%   122 2488s
 14776  4509 2.0968e+07  259  735 2.0968e+07 2.0995e+07  0.13%   128 2492s
H14777  4284                    2.096770e+07 2.0995e+07  0.13%   128 2699s
 14779  4285 2.0979e+07  159  589 2.0968e+07 2.0995e+07  0.13%   127 2712s
 14780  4286 2.0978e+07  217  552 2.0968e+07 2.0995e+07  0.13%   127 2717s
 14781  4286 2.0971e+07  141  563 2.0968e+07 2.0995e+07  0.13%   127 2722s
 14782  4287 2.0968e+07  217  644 2.0968e+07 2.0995e+07  0.13%   127 2729s
 14783  4288 2.0970e+07  181  656 2.0968e+07 2.0995e+07  0.13%   127 2732s
 14785  4289 2.0978e+07   81  668 2.0968e+07 2.0994e+07  0.13%   127 2735s
H14789  4077                    2.096772e+07 2.0994e+07  0.13%   127 2953s
H14789  3873                    2.096783e+07 2.0994e+07  0.13%   127 2953s
 14791  3874 2.0969e+07  220  641 2.0968e+07 2.0994e+07  0.13%   127 2957s
H14793  3681                    2.096826e+07 2.0994e+07  0.12%   127 3152s
 14795  3683 2.0969e+07  266  594 2.0968e+07 2.0994e+07  0.12%   127 3157s
H14797  3499                    2.096851e+07 2.0994e+07  0.12%   127 3288s
 14799  3500 2.0972e+07  102  593 2.0969e+07 2.0993e+07  0.12%   127 3293s
H14800  3326                    2.097015e+07 2.0993e+07  0.11%   127 3294s
 14801  3327 2.0970e+07  311  575 2.0970e+07 2.0993e+07  0.11%   127 3320s
 14803  3328 2.0993e+07   30  570 2.0970e+07 2.0993e+07  0.11%   127 3325s
 14804  3329 2.0979e+07   63  564 2.0970e+07 2.0993e+07  0.11%   127 3462s
H14804  3162                    2.097045e+07 2.0993e+07  0.11%   127 3470s
 14807  3164 2.0970e+07  146  570 2.0970e+07 2.0993e+07  0.11%   127 3599s
 14808  3164 2.0970e+07  101  579 2.0970e+07 2.0993e+07  0.11%   127 3602s
 14809  3165 2.0970e+07  394  582 2.0970e+07 2.0993e+07  0.11%   127 3648s
 14810  3166 2.0971e+07  234  575 2.0970e+07 2.0993e+07  0.11%   127 3652s
 14811  3166 2.0970e+07  119  576 2.0970e+07 2.0993e+07  0.11%   127 3813s
 14812  3167 2.0970e+07  269  571 2.0970e+07 2.0993e+07  0.11%   127 3815s
 14813  3168 2.0984e+07   55  575 2.0970e+07 2.0993e+07  0.11%   127 3991s
 14815  3169 2.0970e+07  126  569 2.0970e+07 2.0993e+07  0.11%   127 3999s
 14816  3170 2.0970e+07  107  569 2.0970e+07 2.0993e+07  0.11%   127 4046s
 14817  3173 2.0993e+07   19  572 2.0970e+07 2.0993e+07  0.11%   131 4054s
 14819  3177 2.0993e+07   20  562 2.0970e+07 2.0993e+07  0.11%   131 4056s
 14831  3197 2.0992e+07   22  570 2.0970e+07 2.0993e+07  0.11%   131 4061s
 14847  3223 2.0992e+07   23  585 2.0970e+07 2.0992e+07  0.11%   132 4068s
 14879  3245 2.0992e+07   24  582 2.0970e+07 2.0992e+07  0.10%   133 4075s
 14911  3358 2.0990e+07   25  582 2.0970e+07 2.0992e+07  0.10%   134 4084s
 15036  3396 2.0989e+07   28  581 2.0970e+07 2.0992e+07  0.10%   135 4090s
 15116  3408 2.0988e+07   29  570 2.0970e+07 2.0992e+07  0.10%   134 4097s
 15158  3451 2.0985e+07   30  580 2.0970e+07 2.0992e+07  0.10%   135 4103s
 15215  3470 2.0987e+07   31  589 2.0970e+07 2.0992e+07  0.10%   135 4111s
H15216  3310                    2.097088e+07 2.0992e+07  0.10%   135 4111s
 15257  3399 2.0988e+07   32  586 2.0971e+07 2.0992e+07  0.10%   135 4120s
 15368  3488 2.0988e+07   34  576 2.0971e+07 2.0992e+07  0.10%   137 4128s
 15503  3533 2.0987e+07   35  547 2.0971e+07 2.0992e+07  0.10%   138 4135s
 15615  3586 2.0988e+07   37  576 2.0971e+07 2.0992e+07  0.10%   139 4141s
H15719  3457                    2.097092e+07 2.0992e+07  0.10%   140 4146s
 15793  3516 2.0987e+07   38  569 2.0971e+07 2.0992e+07  0.10%   141 4152s
 15928  3535 2.0986e+07   39  550 2.0971e+07 2.0992e+07  0.10%   141 4157s
 16040  3562 2.0987e+07   41  559 2.0971e+07 2.0992e+07  0.10%   141 4162s
 16156  3568 2.0984e+07   42  560 2.0971e+07 2.0992e+07  0.10%   141 4166s
 16273  3577 2.0986e+07   44  548 2.0971e+07 2.0992e+07  0.10%   140 4171s
 16372  3612 2.0974e+07   46  547 2.0971e+07 2.0992e+07  0.10%   140 4175s
 16481  3640     cutoff   47      2.0971e+07 2.0992e+07  0.10%   140 4180s
 16602  3669 2.0985e+07   50  567 2.0971e+07 2.0992e+07  0.10%   140 4185s
 16721  3728 2.0984e+07   52  561 2.0971e+07 2.0992e+07  0.10%   140 4190s
 17070  3933 2.0974e+07   57  531 2.0971e+07 2.0992e+07  0.10%   140 4199s
 17277  4015 2.0984e+07   59  533 2.0971e+07 2.0992e+07  0.10%   141 4203s
 17480  4087 2.0984e+07   60  535 2.0971e+07 2.0992e+07  0.10%   141 4209s
 17650  4196 2.0983e+07   61  552 2.0971e+07 2.0992e+07  0.10%   141 4215s

Cutting planes:
  Learned: 1
  Gomory: 35
  Cover: 5
  Implied bound: 474
  MIR: 1156
  Flow cover: 1201
  RLT: 31
  Relax-and-lift: 706
  BQP: 4
  PSD: 1

Explored 17871 nodes (2602008 simplex iterations) in 4215.38 seconds (5093.36 work units)
Thread count was 32 (of 192 available processors)

Solution count 10: 2.09709e+07 2.09705e+07 2.09702e+07 ... 2.09674e+07

Optimal solution found (tolerance 1.00e-03)
Best objective 2.097091669595e+07, best bound 2.099180875228e+07, gap 0.0996%
Deleted nodefile directory: node_files/dev0.2_sub47.0_run0
Saved model snapshot to study_case_model/figures/subsidy_experiment/run_27326/dev0.2/sub47.0/run0/model_snapshot.pkl
Finished successfully!
