Gurobi shell based on Python 3.13.1 can be launched with command `gurobi.sh`
Gurobi Python Interface can be loaded in Python 3.13.1 with 'import gurobipy'
/var/spool/slurm/slurmd/job21244013/slurm_script: line 24: activate: No such file or directory
Solving model: dev0.05, sub34.0, run1
Read LP format model from file /scratch-local/lbeemster.21244013/tmp0ja6o0c1.pyomo.lp
Reading time = 0.62 seconds
x1: 176513 rows, 50050 columns, 1016320 nonzeros
Set parameter OutputFlag to value 1
Set parameter MIPGap to value 0.001
Set parameter Threads to value 32
Set parameter Presolve to value 1
Set parameter Cuts to value 1
Set parameter NodefileStart to value 1
Set parameter NodefileDir to value "node_files/dev0.05_sub34.0_run1"
Set parameter MemLimit to value 60
Gurobi Optimizer version 12.0.3 build v12.0.3rc0 (linux64 - "Red Hat Enterprise Linux 9.6 (Plow)")

CPU model: AMD EPYC 9654 96-Core Processor, instruction set [SSE2|AVX|AVX2|AVX512]
Thread count: 192 physical cores, 192 logical processors, using up to 32 threads

Non-default parameters:
MemLimit  60
MIPGap  0.001
NodefileStart  1
Cuts  1
Presolve  1
Threads  32

Academic license 2514514 - for non-commercial use only - registered to l.___@student.vu.nl
Optimize a model with 176513 rows, 50050 columns and 1016320 nonzeros
Model fingerprint: 0xc3ed56de
Variable types: 39426 continuous, 10624 integer (10624 binary)
Coefficient statistics:
  Matrix range     [6e-05, 1e+05]
  Objective range  [2e+00, 3e+04]
  Bounds range     [1e+00, 1e+00]
  RHS range        [3e-01, 2e+05]
Presolve removed 32776 rows and 21302 columns
Presolve time: 3.25s
Presolved: 143737 rows, 28748 columns, 833873 nonzeros
Variable types: 22900 continuous, 5848 integer (5848 binary)

Deterministic concurrent LP optimizer: primal simplex, dual simplex, and barrier
Showing barrier log only...

Root relaxation presolved: 26425 rows, 170066 columns, 862346 nonzeros

Root barrier log...

Ordering time: 0.06s

Barrier statistics:
 Dense cols : 44
 Free vars  : 2112
 AA' NZ     : 5.920e+05
 Factor NZ  : 1.612e+06 (roughly 100 MB of memory)
 Factor Ops : 1.193e+08 (less than 1 second per iteration)
 Threads    : 29

                  Objective                Residual
Iter       Primal          Dual         Primal    Dual     Compl     Time
   0   1.64535204e+12  1.06683618e+06  7.85e+06 3.25e+02  1.68e+08     5s
   1   1.25208254e+12 -2.29170108e+08  5.08e+06 3.35e+03  1.06e+08     5s
   2   9.38381574e+11 -2.08173495e+08  2.96e+06 2.36e+03  6.98e+07     5s
   3   6.74321629e+11 -1.65915278e+08  1.26e+06 1.59e+03  4.10e+07     5s
   4   5.14578868e+11 -1.13774271e+08  5.77e+05 1.05e+03  2.51e+07     5s
   5   4.00959420e+11 -6.49735755e+07  3.02e+05 5.95e+02  1.42e+07     5s
   6   3.21495442e+11 -3.87793810e+07  1.88e+05 3.61e+02  8.84e+06     5s
   7   2.57092877e+11 -2.51691530e+07  1.28e+05 2.43e+02  5.98e+06     5s
   8   2.40445299e+11 -2.46274119e+07  1.18e+05 2.38e+02  5.75e+06     5s
   9   2.17369295e+11 -1.74100466e+07  9.95e+04 1.69e+02  4.37e+06     5s
  10   1.55498723e+11 -1.21598633e+07  5.90e+04 1.19e+02  2.93e+06     5s
  11   1.33186939e+11 -6.83063218e+06  4.70e+04 6.90e+01  1.97e+06     5s
  12   8.50481785e+10 -2.40153450e+06  2.42e+04 3.16e+01  1.00e+06     5s
  13   4.87803046e+10 -4.64796139e+04  1.11e+04 1.20e+01  4.53e+05     5s
  14   1.81547415e+10  9.09333939e+05  3.07e+03 3.92e+00  1.46e+05     6s
  15   1.00476093e+10  1.35867214e+06  1.51e+03 1.77e+00  7.40e+04     6s
  16   6.04902463e+09  2.02664784e+06  8.57e+02 7.48e-01  4.08e+04     6s
  17   3.30964121e+09  2.84498794e+06  4.42e+02 4.09e-01  2.16e+04     6s
  18   1.78757627e+09  3.74319454e+06  2.26e+02 2.33e-01  1.15e+04     6s
  19   1.00297699e+09  5.32002156e+06  1.21e+02 9.28e-02  6.17e+03     6s
  20   5.71776901e+08  6.78622229e+06  6.59e+01 4.86e-02  3.43e+03     6s
  21   3.00149168e+08  8.55075731e+06  3.17e+01 2.60e-02  1.74e+03     6s
  22   1.91036782e+08  1.00231295e+07  1.90e+01 1.89e-02  1.08e+03     6s
  23   1.31700096e+08  1.26697407e+07  1.21e+01 1.16e-02  7.00e+02     6s
  24   8.75531130e+07  1.59624195e+07  6.55e+00 5.70e-03  4.13e+02     6s
  25   7.03728376e+07  1.78415853e+07  4.82e+00 3.04e-03  3.02e+02     6s
  26   4.81789725e+07  1.85421845e+07  2.34e+00 2.57e-03  1.69e+02     6s
  27   3.82350099e+07  1.99271176e+07  1.38e+00 2.48e-03  1.04e+02     6s
  28   3.18488201e+07  1.99671143e+07  8.58e-01 1.83e-03  6.70e+01     6s
  29   2.76088714e+07  2.04897533e+07  4.98e-01 1.22e-03  4.00e+01     6s
  30   2.45067061e+07  2.09334407e+07  2.30e-01 1.25e-03  2.00e+01     6s
  31   2.32468818e+07  2.11889292e+07  1.31e-01 7.29e-04  1.15e+01     6s
  32   2.24691915e+07  2.12626895e+07  7.34e-02 5.94e-04  6.70e+00     6s
  33   2.21400034e+07  2.13071451e+07  5.02e-02 3.94e-04  4.62e+00     6s
  34   2.18401268e+07  2.13368067e+07  2.96e-02 3.52e-04  2.79e+00     6s
  35   2.16547773e+07  2.13566712e+07  1.68e-02 3.45e-04  1.65e+00     6s
  36   2.15967910e+07  2.13726734e+07  1.27e-02 3.06e-04  1.24e+00     6s
  37   2.15372112e+07  2.13859594e+07  8.30e-03 2.77e-04  8.33e-01     6s
  38   2.15047499e+07  2.14080656e+07  5.34e-03 2.68e-04  5.30e-01     6s
  39   2.14783852e+07  2.14281668e+07  2.73e-03 3.48e-04  2.73e-01     6s
  40   2.14653780e+07  2.14369068e+07  1.59e-03 2.92e-04  1.55e-01     6s
  41   2.14585570e+07  2.14401990e+07  1.02e-03 2.14e-04  9.96e-02     6s
  42   2.14537026e+07  2.14418987e+07  6.45e-04 1.70e-04  6.40e-02     6s
  43   2.14510176e+07  2.14432170e+07  4.44e-04 1.16e-04  4.23e-02     6s
  44   2.14482866e+07  2.14439038e+07  2.48e-04 9.00e-05  2.38e-02     7s
  45   2.14465255e+07  2.14441980e+07  1.27e-04 9.40e-05  1.26e-02     7s
  46   2.14455649e+07  2.14443195e+07  6.61e-05 6.76e-05  6.74e-03     7s
  47   2.14450067e+07  2.14443795e+07  3.22e-05 4.06e-05  3.39e-03     7s
  48   2.14447470e+07  2.14444108e+07  1.67e-05 2.46e-05  1.82e-03     7s
  49   2.14445505e+07  2.14444303e+07  5.11e-06 1.22e-05  6.49e-04     7s
  50   2.14445081e+07  2.14444435e+07  2.75e-06 4.55e-06  3.49e-04     7s
  51   2.14444762e+07  2.14444504e+07  1.10e-06 7.27e-07  1.39e-04     7s
  52   2.14444536e+07  2.14444515e+07  6.59e-08 4.34e-07  1.16e-05     7s
  53   2.14444525e+07  2.14444517e+07  2.38e-08 1.69e-07  4.01e-06     7s
  54   2.14444522e+07  2.14444518e+07  1.45e-08 3.28e-08  2.29e-06     7s
  55   2.14444519e+07  2.14444518e+07  2.13e-09 1.23e-08  3.66e-07     7s
  56   2.14444518e+07  2.14444518e+07  4.77e-10 6.48e-09  3.43e-08     7s
  57   2.14444518e+07  2.14444518e+07  2.52e-09 8.17e-09  4.89e-09     7s

Barrier solved model in 57 iterations and 7.35 seconds (7.36 work units)
Optimal objective 2.14444518e+07


Root crossover log...

    6824 DPushes remaining with DInf 0.0000000e+00                 7s
Concurrent spin time: 0.11s

Solved with primal simplex

Root relaxation: objective 2.144445e+07, 38214 iterations, 3.43 seconds (3.47 work units)

    Nodes    |    Current Node    |     Objective Bounds      |     Work
 Expl Unexpl |  Obj  Depth IntInf | Incumbent    BestBd   Gap | It/Node Time

     0     0 2.1444e+07    0  416          - 2.1444e+07      -     -    9s
     0     0 2.1437e+07    0  521          - 2.1437e+07      -     -   14s
H    0     0                    2.100146e+07 2.1437e+07  2.07%     -   15s
     0     0 2.1434e+07    0  558 2.1001e+07 2.1434e+07  2.06%     -   16s
     0     0 2.1434e+07    0  575 2.1001e+07 2.1434e+07  2.06%     -   16s
     0     0 2.1434e+07    0  573 2.1001e+07 2.1434e+07  2.06%     -   17s
     0     0 2.1434e+07    0  574 2.1001e+07 2.1434e+07  2.06%     -   17s
     0     0 2.1430e+07    0  654 2.1001e+07 2.1430e+07  2.04%     -   22s
     0     0 2.1430e+07    0  691 2.1001e+07 2.1430e+07  2.04%     -   25s
     0     0 2.1430e+07    0  689 2.1001e+07 2.1430e+07  2.04%     -   25s
     0     0 2.1430e+07    0  697 2.1001e+07 2.1430e+07  2.04%     -   26s
     0     0 2.1430e+07    0  699 2.1001e+07 2.1430e+07  2.04%     -   26s
     0     0 2.1428e+07    0  701 2.1001e+07 2.1428e+07  2.03%     -   31s
H    0     0                    2.107967e+07 2.1428e+07  1.65%     -   33s
     0     0 2.1428e+07    0  745 2.1080e+07 2.1428e+07  1.65%     -   34s
     0     0 2.1428e+07    0  784 2.1080e+07 2.1428e+07  1.65%     -   35s
     0     0 2.1428e+07    0  788 2.1080e+07 2.1428e+07  1.65%     -   36s
     0     0 2.1427e+07    0  800 2.1080e+07 2.1427e+07  1.65%     -   36s
     0     0 2.1427e+07    0  806 2.1080e+07 2.1427e+07  1.65%     -   36s
     0     0 2.1427e+07    0  733 2.1080e+07 2.1427e+07  1.65%     -   41s
     0     0 2.1427e+07    0  742 2.1080e+07 2.1427e+07  1.65%     -   43s
     0     0 2.1426e+07    0  773 2.1080e+07 2.1426e+07  1.64%     -   43s
     0     0 2.1426e+07    0  783 2.1080e+07 2.1426e+07  1.64%     -   44s
     0     0 2.1426e+07    0  786 2.1080e+07 2.1426e+07  1.64%     -   44s
     0     0 2.1426e+07    0  818 2.1080e+07 2.1426e+07  1.64%     -   45s
     0     0 2.1426e+07    0  806 2.1080e+07 2.1426e+07  1.64%     -   45s
H    0     0                    2.112000e+07 2.1426e+07  1.45%     -   49s
     0     0 2.1426e+07    0  628 2.1120e+07 2.1426e+07  1.45%     -   52s
     0     0 2.1426e+07    0  639 2.1120e+07 2.1426e+07  1.45%     -   55s
H    0     0                    2.119124e+07 2.1426e+07  1.11%     -   56s
     0     0 2.1426e+07    0  675 2.1191e+07 2.1426e+07  1.11%     -   56s
     0     0 2.1426e+07    0  695 2.1191e+07 2.1426e+07  1.11%     -   56s
     0     0 2.1426e+07    0  696 2.1191e+07 2.1426e+07  1.11%     -   57s
     0     0 2.1426e+07    0  697 2.1191e+07 2.1426e+07  1.11%     -   57s
     0     0 2.1425e+07    0  710 2.1191e+07 2.1425e+07  1.11%     -   60s
H    0     0                    2.119220e+07 2.1425e+07  1.10%     -   64s
H    0     0                    2.119354e+07 2.1425e+07  1.09%     -   65s
     0     0 2.1425e+07    0  683 2.1194e+07 2.1425e+07  1.09%     -   65s
     0     0 2.1425e+07    0  722 2.1194e+07 2.1425e+07  1.09%     -   66s
     0     0 2.1425e+07    0  708 2.1194e+07 2.1425e+07  1.09%     -   66s
     0     0 2.1425e+07    0  720 2.1194e+07 2.1425e+07  1.09%     -   67s
     0     0 2.1425e+07    0  721 2.1194e+07 2.1425e+07  1.09%     -   67s
     0     0 2.1425e+07    0  723 2.1194e+07 2.1425e+07  1.09%     -   67s
     0     0 2.1425e+07    0  733 2.1194e+07 2.1425e+07  1.09%     -   70s
     0     0 2.1425e+07    0  717 2.1194e+07 2.1425e+07  1.09%     -   73s
     0     0 2.1425e+07    0  741 2.1194e+07 2.1425e+07  1.09%     -   74s
     0     0 2.1425e+07    0  757 2.1194e+07 2.1425e+07  1.09%     -   74s
     0     0 2.1425e+07    0  760 2.1194e+07 2.1425e+07  1.09%     -   75s
H    0     0                    2.120168e+07 2.1425e+07  1.05%     -   77s
     0     0 2.1425e+07    0  689 2.1202e+07 2.1425e+07  1.05%     -   78s
     0     0 2.1425e+07    0  680 2.1202e+07 2.1425e+07  1.05%     -   80s
     0     0 2.1425e+07    0  696 2.1202e+07 2.1425e+07  1.05%     -   81s
     0     0 2.1425e+07    0  700 2.1202e+07 2.1425e+07  1.05%     -   81s
     0     0 2.1425e+07    0  655 2.1202e+07 2.1425e+07  1.05%     -   84s
     0     0 2.1425e+07    0  695 2.1202e+07 2.1425e+07  1.05%     -   86s
     0     0 2.1425e+07    0  679 2.1202e+07 2.1425e+07  1.05%     -   87s
     0     0 2.1425e+07    0  678 2.1202e+07 2.1425e+07  1.05%     -   87s
     0     0 2.1425e+07    0  687 2.1202e+07 2.1425e+07  1.05%     -   90s
H    0     0                    2.120616e+07 2.1425e+07  1.03%     -   94s
     0     0 2.1425e+07    0  663 2.1206e+07 2.1425e+07  1.03%     -   94s
     0     0 2.1425e+07    0  681 2.1206e+07 2.1425e+07  1.03%     -   95s
     0     0 2.1425e+07    0  652 2.1206e+07 2.1425e+07  1.03%     -   97s
     0     0 2.1425e+07    0  652 2.1206e+07 2.1425e+07  1.03%     -  106s
H    0     0                    2.127007e+07 2.1425e+07  0.73%     -  135s
     0     2 2.1425e+07    0  652 2.1270e+07 2.1425e+07  0.73%     -  150s
    15    26 2.1424e+07    4  662 2.1270e+07 2.1424e+07  0.73%   665  155s
    57    68 2.1424e+07    6  679 2.1270e+07 2.1424e+07  0.73%   637  160s
   121   185 2.1424e+07    8  661 2.1270e+07 2.1424e+07  0.72%   520  165s
   353   391 2.1423e+07   11  645 2.1270e+07 2.1424e+07  0.72%   338  170s
H  366   391                    2.127827e+07 2.1424e+07  0.68%   342  170s
   535   559 2.1422e+07   15  627 2.1278e+07 2.1424e+07  0.68%   297  175s
   672   686 2.1421e+07   17  616 2.1278e+07 2.1424e+07  0.68%   283  180s
   890   895 2.1420e+07   21  610 2.1278e+07 2.1424e+07  0.68%   275  186s
H  988   969                    2.129375e+07 2.1424e+07  0.61%   262  190s
H  989   969                    2.129533e+07 2.1424e+07  0.60%   262  190s
H 1002   969                    2.129613e+07 2.1424e+07  0.60%   260  190s
  1294  1342 2.1419e+07   30  565 2.1296e+07 2.1424e+07  0.60%   250  196s
  1921  2038 2.1418e+07   43  533 2.1296e+07 2.1424e+07  0.60%   213  201s
  2137  2104 2.1417e+07   48  521 2.1296e+07 2.1424e+07  0.60%   206  210s
H 2150  2104                    2.130099e+07 2.1424e+07  0.58%   206  210s
H 2166  2104                    2.130376e+07 2.1424e+07  0.56%   206  210s
H 2544  2511                    2.130379e+07 2.1424e+07  0.56%   205  218s
  2576  2543 2.1416e+07   55  519 2.1304e+07 2.1424e+07  0.56%   204  221s
  2640  2619 2.1416e+07   57  526 2.1304e+07 2.1424e+07  0.56%   202  226s
H 2675  2619                    2.130504e+07 2.1424e+07  0.56%   201  226s
H 3193  3152                    2.130505e+07 2.1424e+07  0.56%   188  232s
  3462  3629 2.1414e+07   70  490 2.1305e+07 2.1424e+07  0.56%   184  235s
  4048  4181 2.1413e+07   76  482 2.1305e+07 2.1424e+07  0.56%   176  240s
  4807  4942 2.1412e+07   86  478 2.1305e+07 2.1424e+07  0.56%   181  246s
  5201  5005 2.1412e+07   90  486 2.1305e+07 2.1424e+07  0.56%   177  255s
H 5207  4694                    2.131845e+07 2.1424e+07  0.49%   177  255s
H 5219  4689                    2.131914e+07 2.1424e+07  0.49%   177  255s
  5463  5228 2.1411e+07   96  468 2.1319e+07 2.1424e+07  0.49%   179  260s
  6178  6004 2.1411e+07  103  453 2.1319e+07 2.1423e+07  0.49%   176  265s
  6956  6391 2.1408e+07  118  415 2.1319e+07 2.1423e+07  0.49%   172  275s
H 6960  6391                    2.131915e+07 2.1423e+07  0.49%   172  275s
H 6962  6391                    2.131915e+07 2.1423e+07  0.49%   172  275s
H 6976  6391                    2.131916e+07 2.1423e+07  0.49%   172  275s
  7288  7136 2.1407e+07  122  399 2.1319e+07 2.1423e+07  0.49%   171  281s
  8196  8098 2.1404e+07  145  394 2.1319e+07 2.1423e+07  0.49%   168  287s
  8752  8597 2.1402e+07  153  372 2.1319e+07 2.1423e+07  0.49%   164  290s
  9604  9375 2.1396e+07  162  383 2.1319e+07 2.1423e+07  0.49%   161  297s
H10120  9311                    2.131960e+07 2.1423e+07  0.49%   161  306s
H10120  9307                    2.131961e+07 2.1423e+07  0.49%   161  310s
 10121  9308 2.1324e+07  252  652 2.1320e+07 2.1423e+07  0.49%   161  384s
H10122  8843                    2.132816e+07 2.1423e+07  0.45%   161  497s
H10122  8401                    2.133441e+07 2.1423e+07  0.42%   161  501s
 10124  8402 2.1406e+07  147  582 2.1334e+07 2.1423e+07  0.42%   161  510s
H10125  7983                    2.133579e+07 2.1423e+07  0.41%   161  516s
 10127  7984 2.1365e+07  225  548 2.1336e+07 2.1423e+07  0.41%   161  520s
 10130  7986 2.1377e+07  123  562 2.1336e+07 2.1423e+07  0.41%   161  525s
 10132  7987 2.1394e+07  142  529 2.1336e+07 2.1423e+07  0.41%   161  530s
 10136  7990 2.1365e+07  108  534 2.1336e+07 2.1423e+07  0.41%   161  535s
H10136  7590                    2.133720e+07 2.1423e+07  0.40%   161  619s
H10136  7210                    2.134275e+07 2.1423e+07  0.38%   161  619s
 10138  7211 2.1343e+07  177  543 2.1343e+07 2.1423e+07  0.38%   161  622s
H10139  6851                    2.134753e+07 2.1423e+07  0.35%   161  765s
H10139  6508                    2.134754e+07 2.1423e+07  0.35%   161  765s
H10139  6183                    2.134772e+07 2.1423e+07  0.35%   161  765s
H10139  5873                    2.134779e+07 2.1423e+07  0.35%   161  765s
H10139  5579                    2.135026e+07 2.1423e+07  0.34%   161  765s
H10139  5300                    2.135599e+07 2.1423e+07  0.31%   161  765s
H10139  5035                    2.138909e+07 2.1423e+07  0.16%   161  765s
 10142  5037 2.1389e+07  141  524 2.1389e+07 2.1423e+07  0.16%   161  770s
H10143  4785                    2.139184e+07 2.1422e+07  0.14%   161  817s
H10143  4546                    2.139266e+07 2.1422e+07  0.14%   161  817s
 10145  4547 2.1400e+07   66  496 2.1393e+07 2.1422e+07  0.14%   161  821s
 10147  4548 2.1393e+07  125  493 2.1393e+07 2.1422e+07  0.14%   161  886s
 10148  4549 2.1421e+07   17  480 2.1393e+07 2.1422e+07  0.14%   161  890s
 10150  4550 2.1393e+07  178  499 2.1393e+07 2.1422e+07  0.14%   161  936s
 10151  4551 2.1404e+07   51  475 2.1393e+07 2.1422e+07  0.14%   161  941s
H10152  4324                    2.139636e+07 2.1422e+07  0.12%   161 1030s
 10156  4326 2.1396e+07   42  486 2.1396e+07 2.1422e+07  0.12%   161 1035s
 10158  4328 2.1401e+07   85  489 2.1396e+07 2.1422e+07  0.12%   161 1085s
 10159  4328 2.1396e+07  154  488 2.1396e+07 2.1422e+07  0.12%   161 1092s
 10163  4331 2.1396e+07  312  485 2.1396e+07 2.1422e+07  0.12%   160 1163s
 10164  4332 2.1396e+07   58  484 2.1396e+07 2.1422e+07  0.12%   160 1166s
H10164  4114                    2.139659e+07 2.1422e+07  0.12%   160 1207s
H10164  3908                    2.139683e+07 2.1422e+07  0.12%   160 1207s
H10164  3712                    2.139772e+07 2.1422e+07  0.11%   160 1207s
H10164  3525                    2.139776e+07 2.1422e+07  0.11%   160 1207s
H10164  3348                    2.139794e+07 2.1422e+07  0.11%   160 1207s
 10166  3349 2.1398e+07   66  467 2.1398e+07 2.1422e+07  0.11%   160 1210s
 10167  3350 2.1398e+07   57  457 2.1398e+07 2.1422e+07  0.11%   160 1261s
 10169  3351 2.1398e+07  101  457 2.1398e+07 2.1422e+07  0.11%   160 1317s
 10171  3352 2.1398e+07  106  452 2.1398e+07 2.1422e+07  0.11%   160 1326s
H10171  3184                    2.139809e+07 2.1422e+07  0.11%   160 1373s
H10171  3024                    2.139809e+07 2.1422e+07  0.11%   160 1377s
 10173  3029 2.1422e+07   16  447 2.1398e+07 2.1422e+07  0.11%   167 1407s
 10187  3048 2.1421e+07   19  444 2.1398e+07 2.1421e+07  0.11%   167 1411s
 10231  3083 2.1421e+07   21  451 2.1398e+07 2.1421e+07  0.11%   167 1416s
 10299  3152 2.1421e+07   23  452 2.1398e+07 2.1421e+07  0.11%   167 1421s
 10363  3158 2.1420e+07   24  449 2.1398e+07 2.1421e+07  0.11%   167 1425s
 10446  3221 2.1409e+07   25  451 2.1398e+07 2.1421e+07  0.11%   167 1430s
 10575  3269 2.1420e+07   27  441 2.1398e+07 2.1421e+07  0.11%   167 1435s
 10692  3303 2.1419e+07   28  444 2.1398e+07 2.1421e+07  0.11%   167 1442s
 10742  3302 2.1420e+07   29  419 2.1398e+07 2.1421e+07  0.11%   168 1445s
 10810  3310 2.1420e+07   30  419 2.1398e+07 2.1421e+07  0.11%   168 1456s
 10842  3318 2.1405e+07   30  424 2.1398e+07 2.1421e+07  0.11%   168 1464s
 10874  3321 2.1419e+07   31  425 2.1398e+07 2.1421e+07  0.11%   168 1475s
 10907  3324 2.1418e+07   31  423 2.1398e+07 2.1421e+07  0.11%   169 1484s
 10939  3322 2.1419e+07   32  420 2.1398e+07 2.1421e+07  0.11%   169 1495s
H10968  3161                    2.139816e+07 2.1421e+07  0.11%   169 1495s
 11003  3200 2.1419e+07   33  431 2.1398e+07 2.1421e+07  0.11%   169 1501s
 11096  3183 2.1419e+07   34  426 2.1398e+07 2.1421e+07  0.11%   169 1505s
 11226  3201 2.1418e+07   36  428 2.1398e+07 2.1421e+07  0.11%   168 1512s
 11306  3208 2.1418e+07   37  432 2.1398e+07 2.1421e+07  0.11%   168 1516s
 11407  3196 2.1418e+07   38  433 2.1398e+07 2.1421e+07  0.11%   167 1520s
 11574  3318 2.1417e+07   40  429 2.1398e+07 2.1421e+07  0.11%   167 1526s
 11988  3497 2.1417e+07   45  445 2.1398e+07 2.1421e+07  0.11%   166 1532s
 12214  3586 2.1416e+07   45  439 2.1398e+07 2.1421e+07  0.11%   165 1536s
 12828  3679 2.1415e+07   53  394 2.1398e+07 2.1421e+07  0.11%   162 1543s
 12936  3815 2.1415e+07   54  391 2.1398e+07 2.1421e+07  0.11%   163 1546s

Cutting planes:
  Gomory: 22
  Cover: 1
  Implied bound: 722
  MIR: 983
  Flow cover: 1243
  RLT: 37
  Relax-and-lift: 929

Explored 13537 nodes (2279912 simplex iterations) in 1549.73 seconds (2058.58 work units)
Thread count was 32 (of 192 available processors)

Solution count 10: 2.13982e+07 2.13981e+07 2.13981e+07 ... 2.13927e+07

Optimal solution found (tolerance 1.00e-03)
Best objective 2.139815548863e+07, best bound 2.141931277282e+07, gap 0.0989%
Deleted nodefile directory: node_files/dev0.05_sub34.0_run1
Saved model snapshot to study_case_model/figures/subsidy_experiment/run_27326/dev0.05/sub34.0/run1/model_snapshot.pkl
Finished successfully!
