Gurobi shell based on Python 3.13.1 can be launched with command `gurobi.sh`
Gurobi Python Interface can be loaded in Python 3.13.1 with 'import gurobipy'
/var/spool/slurm/slurmd/job21305941/slurm_script: line 24: activate: No such file or directory
Solving model: dev0.05, sub50.0, run3
Read LP format model from file /scratch-local/lbeemster.21305941/tmpehurgruw.pyomo.lp
Reading time = 0.58 seconds
x1: 176513 rows, 50050 columns, 1016320 nonzeros
Set parameter OutputFlag to value 1
Set parameter MIPGap to value 0.001
Set parameter Threads to value 32
Set parameter Presolve to value 1
Set parameter Cuts to value 1
Set parameter NodefileStart to value 1
Set parameter NodefileDir to value "/scratch-local/lbeemster.21305941/gurobi_dev0.05_sub50.0_run3"
Set parameter MemLimit to value 60
Gurobi Optimizer version 12.0.3 build v12.0.3rc0 (linux64 - "Red Hat Enterprise Linux 9.6 (Plow)")

CPU model: AMD EPYC 9654 96-Core Processor, instruction set [SSE2|AVX|AVX2|AVX512]
Thread count: 192 physical cores, 192 logical processors, using up to 32 threads

Non-default parameters:
MemLimit  60
MIPGap  0.001
NodefileStart  1
Cuts  1
Presolve  1
Threads  32

Academic license 2514514 - for non-commercial use only - registered to l.___@student.vu.nl
Optimize a model with 176513 rows, 50050 columns and 1016320 nonzeros
Model fingerprint: 0x6252115a
Variable types: 39426 continuous, 10624 integer (10624 binary)
Coefficient statistics:
  Matrix range     [6e-05, 1e+05]
  Objective range  [2e+00, 3e+04]
  Bounds range     [1e+00, 1e+00]
  RHS range        [3e-01, 2e+05]
Presolve removed 31744 rows and 21238 columns
Presolve time: 3.01s
Presolved: 144769 rows, 28812 columns, 849337 nonzeros
Variable types: 22948 continuous, 5864 integer (5864 binary)

Deterministic concurrent LP optimizer: primal simplex, dual simplex, and barrier
Showing barrier log only...

Root relaxation presolved: 26779 rows, 171548 columns, 877968 nonzeros

Root barrier log...

Ordering time: 0.05s

Barrier statistics:
 Dense cols : 38
 Free vars  : 2112
 AA' NZ     : 5.965e+05
 Factor NZ  : 1.651e+06 (roughly 100 MB of memory)
 Factor Ops : 1.231e+08 (less than 1 second per iteration)
 Threads    : 29

                  Objective                Residual
Iter       Primal          Dual         Primal    Dual     Compl     Time
   0   1.68155050e+12  7.03468001e+05  7.90e+06 3.09e+02  1.66e+08     5s
   1   1.27847595e+12 -2.85525695e+08  5.17e+06 3.28e+03  1.05e+08     5s
   2   9.13284246e+11 -3.51689283e+08  2.80e+06 1.99e+03  6.18e+07     5s
   3   6.60934166e+11 -3.14246327e+08  1.34e+06 1.36e+03  3.77e+07     5s
   4   4.92633081e+11 -2.35522469e+08  6.28e+05 9.31e+02  2.32e+07     5s
   5   4.00545341e+11 -1.43691506e+08  3.88e+05 4.98e+02  1.32e+07     5s
   6   3.03955690e+11 -9.56500528e+07  2.27e+05 3.08e+02  8.08e+06     5s
   7   2.36391675e+11 -7.80978810e+07  1.48e+05 2.44e+02  6.00e+06     5s
   8   2.21650482e+11 -7.46243400e+07  1.37e+05 2.33e+02  5.68e+06     5s
   9   1.50871585e+11 -4.53288862e+07  6.51e+04 1.33e+02  3.15e+06     5s
  10   1.14821650e+11 -3.08660029e+07  4.18e+04 9.06e+01  2.12e+06     5s
  11   8.48681835e+10 -1.67253954e+07  2.57e+04 5.08e+01  1.26e+06     5s
  12   5.51480669e+10 -7.63936423e+06  1.32e+04 2.59e+01  6.67e+05     5s
  13   3.22147691e+10 -2.20135984e+06  6.12e+03 1.01e+01  3.02e+05     5s
  14   1.81163496e+10 -8.59455960e+05  2.93e+03 6.19e+00  1.62e+05     5s
  15   8.44454945e+09  3.56029742e+05  1.12e+03 2.86e+00  7.00e+04     6s
  16   4.83706017e+09  1.58907491e+06  5.82e+02 1.19e+00  3.53e+04     6s
  17   2.76091862e+09  3.47524434e+06  3.05e+02 4.49e-01  1.81e+04     6s
  18   2.21541531e+09  3.94296791e+06  2.41e+02 3.30e-01  1.43e+04     6s
  19   1.11406271e+09  5.10776366e+06  1.15e+02 1.82e-01  7.05e+03     6s
  20   6.02392814e+08  6.93332519e+06  5.82e+01 8.15e-02  3.65e+03     6s
  21   2.32653973e+08  8.80671805e+06  1.86e+01 4.20e-02  1.35e+03     6s
  22   1.65863330e+08  1.15624705e+07  1.22e+01 1.74e-02  8.99e+02     6s
  23   1.10701197e+08  1.56733471e+07  7.00e+00 3.42e-03  5.36e+02     6s
  24   7.42247782e+07  1.69137643e+07  3.98e+00 2.61e-03  3.22e+02     6s
  25   4.90116582e+07  1.91754172e+07  1.92e+00 1.43e-03  1.66e+02     6s
  26   3.86231039e+07  1.98600630e+07  1.15e+00 1.02e-03  1.04e+02     6s
  27   3.00595011e+07  2.05775687e+07  5.41e-01 1.55e-03  5.23e+01     6s
  28   2.74077738e+07  2.09809576e+07  3.58e-01 1.24e-03  3.54e+01     6s
  29   2.52029462e+07  2.13079123e+07  2.14e-01 1.18e-03  2.14e+01     6s
  30   2.35020036e+07  2.14497691e+07  1.06e-01 9.84e-04  1.12e+01     6s
  31   2.26395583e+07  2.15799225e+07  5.31e-02 6.30e-04  5.80e+00     6s
  32   2.23469288e+07  2.16178284e+07  3.52e-02 4.85e-04  3.98e+00     6s
  33   2.20203849e+07  2.16481401e+07  1.68e-02 3.75e-04  2.03e+00     6s
  34   2.18753378e+07  2.16820665e+07  7.85e-03 3.80e-04  1.05e+00     6s
  35   2.18310977e+07  2.17079445e+07  5.02e-03 3.19e-04  6.66e-01     6s
  36   2.18077987e+07  2.17255501e+07  3.46e-03 3.35e-04  4.43e-01     6s
  37   2.17888214e+07  2.17357966e+07  2.17e-03 3.39e-04  2.85e-01     6s
  38   2.17759111e+07  2.17438434e+07  1.27e-03 2.95e-04  1.72e-01     6s
  39   2.17685309e+07  2.17476053e+07  8.05e-04 2.42e-04  1.12e-01     7s
  40   2.17630355e+07  2.17511428e+07  4.72e-04 2.49e-04  6.36e-02     7s
  41   2.17597213e+07  2.17522934e+07  2.90e-04 1.53e-04  3.97e-02     7s
  42   2.17576597e+07  2.17533497e+07  1.81e-04 7.99e-05  2.30e-02     7s
  43   2.17555421e+07  2.17535810e+07  7.87e-05 3.56e-05  1.05e-02     7s
  44   2.17542913e+07  2.17536769e+07  2.13e-05 3.01e-05  3.28e-03     7s
  45   2.17539374e+07  2.17537253e+07  6.29e-06 1.21e-05  1.13e-03     7s
  46   2.17538339e+07  2.17537437e+07  2.63e-06 2.88e-06  4.80e-04     7s
  47   2.17538002e+07  2.17537469e+07  1.57e-06 1.58e-06  2.84e-04     7s
  48   2.17537646e+07  2.17537492e+07  4.55e-07 3.91e-07  8.20e-05     7s
  49   2.17537505e+07  2.17537495e+07  1.83e-08 1.17e-07  4.92e-06     7s
  50   2.17537498e+07  2.17537497e+07  7.64e-09 1.44e-08  7.44e-07     7s
  51   2.17537497e+07  2.17537497e+07  1.47e-09 4.03e-09  1.43e-07     7s
  52   2.17537497e+07  2.17537497e+07  2.75e-09 1.28e-09  8.15e-09     7s

Barrier solved model in 52 iterations and 7.29 seconds (6.79 work units)
Optimal objective 2.17537497e+07


Root crossover log...

    8446 DPushes remaining with DInf 0.0000000e+00                 7s
       0 DPushes remaining with DInf 0.0000000e+00                 7s

    5177 PPushes remaining with PInf 8.9806123e-05                 7s
       0 PPushes remaining with PInf 0.0000000e+00                 8s

  Push phase complete: Pinf 0.0000000e+00, Dinf 7.1753532e-02      8s


Root simplex log...

Iteration    Objective       Primal Inf.    Dual Inf.      Time
   11608    2.1753750e+07   0.000000e+00   7.175353e-02      8s
   11622    2.1753750e+07   0.000000e+00   0.000000e+00      8s
   11622    2.1753750e+07   0.000000e+00   0.000000e+00      8s
   11622    2.1753750e+07   0.000000e+00   0.000000e+00      8s
Concurrent spin time: 0.24s

Solved with barrier

Root relaxation: objective 2.175375e+07, 11622 iterations, 4.13 seconds (3.49 work units)

    Nodes    |    Current Node    |     Objective Bounds      |     Work
 Expl Unexpl |  Obj  Depth IntInf | Incumbent    BestBd   Gap | It/Node Time

     0     0 2.1754e+07    0  534          - 2.1754e+07      -     -   10s
H    0     0                    3627307.1885 2.1754e+07   500%     -   14s
     0     0 2.1728e+07    0  699 3627307.19 2.1728e+07   499%     -   15s
H    0     0                    2.071962e+07 2.1728e+07  4.87%     -   17s
     0     0 2.1727e+07    0  759 2.0720e+07 2.1727e+07  4.86%     -   18s
     0     0 2.1727e+07    0  727 2.0720e+07 2.1727e+07  4.86%     -   18s
     0     0 2.1727e+07    0  730 2.0720e+07 2.1727e+07  4.86%     -   18s
     0     0 2.1727e+07    0  730 2.0720e+07 2.1727e+07  4.86%     -   18s
     0     0 2.1720e+07    0  710 2.0720e+07 2.1720e+07  4.83%     -   23s
     0     0 2.1718e+07    0  726 2.0720e+07 2.1718e+07  4.82%     -   25s
     0     0 2.1718e+07    0  724 2.0720e+07 2.1718e+07  4.82%     -   25s
     0     0 2.1718e+07    0  724 2.0720e+07 2.1718e+07  4.82%     -   26s
     0     0 2.1697e+07    0  742 2.0720e+07 2.1697e+07  4.72%     -   31s
H    0     0                    2.104712e+07 2.1697e+07  3.09%     -   32s
     0     0 2.1695e+07    0  759 2.1047e+07 2.1695e+07  3.08%     -   34s
     0     0 2.1695e+07    0  773 2.1047e+07 2.1695e+07  3.08%     -   34s
     0     0 2.1695e+07    0  786 2.1047e+07 2.1695e+07  3.08%     -   35s
     0     0 2.1695e+07    0  790 2.1047e+07 2.1695e+07  3.08%     -   35s
     0     0 2.1683e+07    0  797 2.1047e+07 2.1683e+07  3.02%     -   40s
     0     0 2.1682e+07    0  842 2.1047e+07 2.1682e+07  3.02%     -   43s
     0     0 2.1682e+07    0  860 2.1047e+07 2.1682e+07  3.02%     -   44s
     0     0 2.1682e+07    0  863 2.1047e+07 2.1682e+07  3.02%     -   44s
     0     0 2.1682e+07    0  866 2.1047e+07 2.1682e+07  3.02%     -   45s
     0     0 2.1681e+07    0  760 2.1047e+07 2.1681e+07  3.01%     -   52s
H    0     0                    2.124938e+07 2.1681e+07  2.03%     -   55s
     0     0 2.1681e+07    0  786 2.1249e+07 2.1681e+07  2.03%     -   56s
     0     0 2.1681e+07    0  787 2.1249e+07 2.1681e+07  2.03%     -   57s
     0     0 2.1681e+07    0  794 2.1249e+07 2.1681e+07  2.03%     -   57s
     0     0 2.1680e+07    0  778 2.1249e+07 2.1680e+07  2.03%     -   61s
H    0     0                    2.125179e+07 2.1680e+07  2.02%     -   66s
     0     0 2.1678e+07    0  809 2.1252e+07 2.1678e+07  2.01%     -   67s
     0     0 2.1678e+07    0  825 2.1252e+07 2.1678e+07  2.01%     -   68s
     0     0 2.1678e+07    0  846 2.1252e+07 2.1678e+07  2.01%     -   69s
     0     0 2.1678e+07    0  853 2.1252e+07 2.1678e+07  2.00%     -   73s
     0     0 2.1677e+07    0  853 2.1252e+07 2.1677e+07  2.00%     -   76s
     0     0 2.1677e+07    0  846 2.1252e+07 2.1677e+07  2.00%     -   77s
     0     0 2.1677e+07    0  851 2.1252e+07 2.1677e+07  2.00%     -   77s
     0     0 2.1677e+07    0  829 2.1252e+07 2.1677e+07  2.00%     -   81s
     0     0 2.1676e+07    0  819 2.1252e+07 2.1676e+07  2.00%     -   84s
     0     0 2.1676e+07    0  842 2.1252e+07 2.1676e+07  1.99%     -   84s
     0     0 2.1676e+07    0  842 2.1252e+07 2.1676e+07  1.99%     -   85s
     0     0 2.1676e+07    0  838 2.1252e+07 2.1676e+07  1.99%     -   85s
     0     0 2.1676e+07    0  825 2.1252e+07 2.1676e+07  1.99%     -   88s
     0     0 2.1676e+07    0  821 2.1252e+07 2.1676e+07  1.99%     -   91s
     0     0 2.1676e+07    0  820 2.1252e+07 2.1676e+07  1.99%     -   91s
     0     0 2.1675e+07    0  808 2.1252e+07 2.1675e+07  1.99%     -   95s
H    0     0                    2.125594e+07 2.1675e+07  1.97%     -  100s
     0     0 2.1675e+07    0  838 2.1256e+07 2.1675e+07  1.97%     -  100s
     0     0 2.1675e+07    0  826 2.1256e+07 2.1675e+07  1.97%     -  101s
     0     0 2.1675e+07    0  815 2.1256e+07 2.1675e+07  1.97%     -  104s
     0     0 2.1675e+07    0  815 2.1256e+07 2.1675e+07  1.97%     -  116s
H    0     0                    2.125790e+07 2.1675e+07  1.96%     -  134s
H    0     0                    2.126128e+07 2.1675e+07  1.95%     -  134s
H    0     0                    2.128008e+07 2.1675e+07  1.86%     -  134s
     0     2 2.1675e+07    0  815 2.1280e+07 2.1675e+07  1.86%     -  136s
    31    64 2.1675e+07    5  822 2.1280e+07 2.1675e+07  1.86%   366  141s
H   54    64                    2.131723e+07 2.1675e+07  1.68%   316  141s
   127   160 2.1674e+07    8  824 2.1317e+07 2.1675e+07  1.68%   273  147s
H  151   160                    2.134762e+07 2.1675e+07  1.53%   251  147s
   159   268 2.1667e+07    8  818 2.1348e+07 2.1675e+07  1.53%   253  150s
   477   717 2.1673e+07   12  807 2.1348e+07 2.1675e+07  1.53%   169  155s
   861  1017 2.1672e+07   25  756 2.1348e+07 2.1675e+07  1.53%   159  161s
  1016  1339 2.1671e+07   27  752 2.1348e+07 2.1675e+07  1.53%   151  165s
H 1339  1371                    2.136581e+07 2.1675e+07  1.45%   141  168s
H 1346  1371                    2.136880e+07 2.1675e+07  1.43%   140  168s
H 1357  1371                    2.137155e+07 2.1675e+07  1.42%   141  168s
H 1370  1403                    2.137157e+07 2.1675e+07  1.42%   142  172s
  1402  1611 2.1671e+07   35  744 2.1372e+07 2.1675e+07  1.42%   145  175s
  1797  1969 2.1665e+07   42  721 2.1372e+07 2.1675e+07  1.42%   173  182s
  1968  2233 2.1656e+07   44  509 2.1372e+07 2.1675e+07  1.42%   190  185s
  2544  2573 2.1658e+07   52  686 2.1372e+07 2.1675e+07  1.42%   203  192s
  2576  2605 2.1658e+07   53  673 2.1372e+07 2.1675e+07  1.42%   204  199s
H 2578  2605                    2.137162e+07 2.1675e+07  1.42%   204  199s
H 2589  2605                    2.137506e+07 2.1675e+07  1.40%   205  199s
H 2592  2605                    2.142443e+07 2.1675e+07  1.17%   206  199s
H 2596  2605                    2.143562e+07 2.1675e+07  1.12%   206  199s
  2608  2914 2.1657e+07   53  682 2.1436e+07 2.1675e+07  1.12%   206  202s
  2917  3056 2.1656e+07   60  652 2.1436e+07 2.1675e+07  1.12%   204  205s
  3447  3823 2.1655e+07   68  625 2.1436e+07 2.1675e+07  1.12%   194  210s
H 3846  3855                    2.143918e+07 2.1675e+07  1.10%   185  214s
H 3848  3855                    2.144228e+07 2.1675e+07  1.09%   185  214s
H 3850  3855                    2.144407e+07 2.1675e+07  1.08%   185  214s
  3866  4216 2.1654e+07   80  560 2.1444e+07 2.1675e+07  1.08%   184  216s
  5049  5169 2.1651e+07  101  432 2.1444e+07 2.1675e+07  1.08%   164  222s
H 5108  5134                    2.144713e+07 2.1675e+07  1.06%   163  222s
H 5177  5108                    2.145480e+07 2.1675e+07  1.03%   162  222s
  5656  6078 2.1652e+07  110  493 2.1455e+07 2.1675e+07  1.03%   157  226s
  6702  7020 2.1649e+07  125  413 2.1455e+07 2.1675e+07  1.03%   149  230s
  7724  8024 2.1650e+07  140  425 2.1455e+07 2.1675e+07  1.03%   143  235s
  8872  8644 2.1641e+07  171  379 2.1455e+07 2.1675e+07  1.03%   137  248s
H 8904  8429                    2.145906e+07 2.1675e+07  1.01%   137  256s
H 8935  8061                    2.148963e+07 2.1675e+07  0.86%   137  256s
  9501  8922 2.1636e+07  182  356 2.1490e+07 2.1675e+07  0.86%   135  263s
  9813  9069 2.1635e+07  192  347 2.1490e+07 2.1675e+07  0.86%   135  267s
H 9849  8820                    2.151474e+07 2.1675e+07  0.74%   135  267s
  9962  9402 2.1635e+07  198  335 2.1515e+07 2.1675e+07  0.74%   135  270s
 10972  9828 2.1632e+07  252  281 2.1515e+07 2.1675e+07  0.74%   132  293s
H11004  9696                    2.152973e+07 2.1675e+07  0.67%   132  304s
 11036  9728 2.1632e+07  254  281 2.1530e+07 2.1675e+07  0.67%   133  330s
H11044  9728                    2.152989e+07 2.1675e+07  0.67%   133  330s
H11054  9728                    2.153011e+07 2.1675e+07  0.67%   133  330s
 11782 11092 2.1629e+07  271  271 2.1530e+07 2.1675e+07  0.67%   130  339s
H11925 10246                    2.157563e+07 2.1675e+07  0.46%   129  339s
 12432 11284 2.1626e+07  292  256 2.1576e+07 2.1675e+07  0.46%   128  342s
 13470 11854 2.1626e+07  337  226 2.1576e+07 2.1675e+07  0.46%   123  346s
H15138 12913                    2.157728e+07 2.1675e+07  0.45%   116  404s
H15138 12760                    2.158296e+07 2.1675e+07  0.43%   116  410s
H15138 12760                    2.158317e+07 2.1675e+07  0.43%   116  413s
H15138 12514                    2.159357e+07 2.1675e+07  0.38%   116  414s
H15138 12458                    2.159493e+07 2.1675e+07  0.37%   116  419s
 15139 12448 2.1624e+07  297  815 2.1595e+07 2.1675e+07  0.37%   116  518s
H15140 11826                    2.159709e+07 2.1675e+07  0.36%   116  937s
H15140 11235                    2.159763e+07 2.1675e+07  0.36%   116  937s
H15140 10673                    2.159780e+07 2.1675e+07  0.36%   116  937s
H15140 10139                    2.159834e+07 2.1675e+07  0.35%   116  937s
H15140  9632                    2.160352e+07 2.1675e+07  0.33%   116  937s
H15140  9151                    2.160427e+07 2.1675e+07  0.33%   116  937s
H15140  8693                    2.160442e+07 2.1675e+07  0.33%   116  937s
H15140  8258                    2.160444e+07 2.1675e+07  0.33%   116  937s
H15140  7845                    2.160506e+07 2.1675e+07  0.32%   116  937s
H15140  7453                    2.160589e+07 2.1675e+07  0.32%   116  937s
H15140  7080                    2.160618e+07 2.1675e+07  0.32%   116  937s
H15140  6726                    2.160702e+07 2.1675e+07  0.31%   116  937s
 15142  6727 2.1665e+07   16  623 2.1607e+07 2.1675e+07  0.31%   116  950s
 15143  6728 2.1659e+07   65  570 2.1607e+07 2.1675e+07  0.31%   116  955s
 15144  6728 2.1619e+07  140  553 2.1607e+07 2.1664e+07  0.26%   116  961s
 15146  6730 2.1640e+07  214  554 2.1607e+07 2.1660e+07  0.25%   116  967s
 15149  6732 2.1633e+07  298  584 2.1607e+07 2.1660e+07  0.24%   116  970s
 15154  6735 2.1630e+07  338  592 2.1607e+07 2.1660e+07  0.24%   116 1064s
 15155  6736 2.1651e+07  110  601 2.1607e+07 2.1659e+07  0.24%   116 1069s
 15157  6737 2.1659e+07   45  593 2.1607e+07 2.1659e+07  0.24%   116 1070s
 15161  6740 2.1655e+07   75  586 2.1607e+07 2.1659e+07  0.24%   116 1162s
 15162  6740 2.1659e+07   12  568 2.1607e+07 2.1659e+07  0.24%   116 1166s
H15165  6405                    2.163052e+07 2.1659e+07  0.13%   115 1239s
H15165  6084                    2.163185e+07 2.1659e+07  0.12%   115 1239s
 15167  6086 2.1635e+07  189  573 2.1632e+07 2.1658e+07  0.12%   115 1242s
 15171  6088 2.1632e+07   84  580 2.1632e+07 2.1658e+07  0.12%   115 1343s
 15172  6089 2.1642e+07  102  583 2.1632e+07 2.1658e+07  0.12%   115 1347s
H15174  5785                    2.163193e+07 2.1658e+07  0.12%   115 1419s
 15176  5787 2.1643e+07  167  568 2.1632e+07 2.1658e+07  0.12%   115 1424s
 15179  5789 2.1649e+07  135  587 2.1632e+07 2.1658e+07  0.12%   115 1552s
 15180  5789 2.1639e+07  204  569 2.1632e+07 2.1658e+07  0.12%   115 1555s
H15181  5500                    2.163275e+07 2.1658e+07  0.12%   115 1655s
H15181  5224                    2.163340e+07 2.1658e+07  0.11%   115 1655s
H15182  4963                    2.163352e+07 2.1658e+07  0.11%   115 1668s
 15186  4965 2.1634e+07  331  568 2.1634e+07 2.1658e+07  0.11%   115 1792s
 15188  4967 2.1644e+07  169  571 2.1634e+07 2.1658e+07  0.11%   115 1795s
 15189  4967 2.1634e+07   72  571 2.1634e+07 2.1658e+07  0.11%   115 1907s
 15190  4968 2.1646e+07  170  576 2.1634e+07 2.1658e+07  0.11%   115 1910s
 15192  4969 2.1634e+07  222  574 2.1634e+07 2.1658e+07  0.11%   115 2039s
 15193  4970 2.1656e+07  109  553 2.1634e+07 2.1658e+07  0.11%   115 2042s
 15194  4971 2.1634e+07  256  564 2.1634e+07 2.1658e+07  0.11%   115 2147s
 15195  4971 2.1634e+07  162  578 2.1634e+07 2.1658e+07  0.11%   115 2168s
 15196  4972 2.1653e+07  117  573 2.1634e+07 2.1658e+07  0.11%   115 2290s
 15202  4977 2.1656e+07   92  543 2.1634e+07 2.1658e+07  0.11%   120 2476s
 15203  4978 2.1634e+07  371  520 2.1634e+07 2.1658e+07  0.11%   120 2487s
 15204  4979 2.1642e+07   47  527 2.1634e+07 2.1658e+07  0.11%   120 2492s
 15205  4979 2.1634e+07   92  520 2.1634e+07 2.1658e+07  0.11%   120 2495s
 15210  4983 2.1646e+07  177  505 2.1634e+07 2.1657e+07  0.11%   120 2500s
 15211  4983 2.1652e+07  113  514 2.1634e+07 2.1657e+07  0.11%   120 2649s
 15212  4984 2.1634e+07  268  502 2.1634e+07 2.1657e+07  0.11%   120 2652s
 15216  4987 2.1634e+07   66  500 2.1634e+07 2.1657e+07  0.11%   120 2806s
 15218  4988 2.1639e+07  181  518 2.1634e+07 2.1657e+07  0.11%   120 2810s
 15221  4990 2.1634e+07  276  518 2.1634e+07 2.1657e+07  0.11%   120 2936s
 15222  4991 2.1634e+07  375  508 2.1634e+07 2.1657e+07  0.11%   120 2940s
 15226  4993 2.1635e+07   72  515 2.1634e+07 2.1657e+07  0.11%   120 3116s
 15227  4994 2.1650e+07  129  513 2.1634e+07 2.1657e+07  0.11%   120 3120s
 15229  4995 2.1654e+07  104  514 2.1634e+07 2.1657e+07  0.11%   120 3242s
 15230  4996 2.1657e+07   50  510 2.1634e+07 2.1657e+07  0.11%   120 3246s
 15232  4997 2.1657e+07   20  515 2.1634e+07 2.1657e+07  0.11%   120 3361s
 15235  4999 2.1634e+07  316  510 2.1634e+07 2.1657e+07  0.11%   120 3498s
 15236  5000 2.1634e+07  309  508 2.1634e+07 2.1657e+07  0.11%   120 3502s
 15237  5001 2.1648e+07  168  516 2.1634e+07 2.1657e+07  0.11%   120 3607s
 15238  5001 2.1640e+07  201  514 2.1634e+07 2.1657e+07  0.11%   119 3611s
H15238  4750                    2.163405e+07 2.1657e+07  0.10%   119 3775s
 15241  4752 2.1656e+07   55  511 2.1634e+07 2.1656e+07  0.10%   119 3782s
 15242  4753 2.1656e+07   16  511 2.1634e+07 2.1656e+07  0.10%   119 3819s
H15242  4516                    2.163410e+07 2.1656e+07  0.10%   123 3851s

Cutting planes:
  Learned: 2
  Gomory: 35
  Cover: 4
  Implied bound: 361
  MIR: 912
  Flow cover: 1044
  RLT: 54
  Relax-and-lift: 660
  BQP: 5
  PSD: 5

Explored 15249 nodes (1946697 simplex iterations) in 3853.36 seconds (4657.60 work units)
Thread count was 32 (of 192 available processors)

Solution count 10: 2.16341e+07 2.1634e+07 2.16335e+07 ... 2.16059e+07

Optimal solution found (tolerance 1.00e-03)
Best objective 2.163409819559e+07, best bound 2.165562757838e+07, gap 0.0995%
Deleted nodefile directory: /scratch-local/lbeemster.21305941/gurobi_dev0.05_sub50.0_run3
Saved model snapshot to study_case_model/figures/subsidy_experiment/run_29326/dev0.05/sub50.0/run3/model_snapshot.pkl
Finished successfully!
