Gurobi shell based on Python 3.13.1 can be launched with command `gurobi.sh`
Gurobi Python Interface can be loaded in Python 3.13.1 with 'import gurobipy'
/var/spool/slurm/slurmd/job21315227/slurm_script: line 24: activate: No such file or directory
Solving model: dev0.0, sub38.0, run4
Read LP format model from file /scratch-local/lbeemster.21315227/tmpedmxp9_2.pyomo.lp
Reading time = 0.57 seconds
x1: 176513 rows, 50050 columns, 1016320 nonzeros
Set parameter OutputFlag to value 1
Set parameter MIPGap to value 0.001
Set parameter Threads to value 32
Set parameter Presolve to value 1
Set parameter Cuts to value 1
Set parameter NodefileStart to value 1
Set parameter NodefileDir to value "/scratch-local/lbeemster.21315227/gurobi_dev0.0_sub38.0_run4"
Set parameter MemLimit to value 60
Gurobi Optimizer version 12.0.3 build v12.0.3rc0 (linux64 - "Red Hat Enterprise Linux 9.6 (Plow)")

CPU model: AMD EPYC 9654 96-Core Processor, instruction set [SSE2|AVX|AVX2|AVX512]
Thread count: 192 physical cores, 192 logical processors, using up to 32 threads

Non-default parameters:
MemLimit  60
MIPGap  0.001
NodefileStart  1
Cuts  1
Presolve  1
Threads  32

Academic license 2514514 - for non-commercial use only - registered to l.___@student.vu.nl
Optimize a model with 176513 rows, 50050 columns and 1016320 nonzeros
Model fingerprint: 0x375069a3
Variable types: 39426 continuous, 10624 integer (10624 binary)
Coefficient statistics:
  Matrix range     [6e-05, 1e+05]
  Objective range  [2e+00, 3e+04]
  Bounds range     [1e+00, 1e+00]
  RHS range        [3e-01, 2e+05]
Presolve removed 36505 rows and 24374 columns
Presolve time: 3.67s
Presolved: 140008 rows, 25676 columns, 869053 nonzeros
Variable types: 19924 continuous, 5752 integer (5752 binary)
Found heuristic solution: objective 1.943504e+07
Found heuristic solution: objective 1.957309e+07

Deterministic concurrent LP optimizer: primal simplex, dual simplex, and barrier
Showing barrier log only...

Root relaxation presolved: 24682 rows, 164616 columns, 893776 nonzeros

Root barrier log...

Ordering time: 0.04s

Barrier statistics:
 Free vars  : 1920
 AA' NZ     : 5.570e+05
 Factor NZ  : 1.442e+06 (roughly 90 MB of memory)
 Factor Ops : 1.023e+08 (less than 1 second per iteration)
 Threads    : 30

                  Objective                Residual
Iter       Primal          Dual         Primal    Dual     Compl     Time
   0   1.56971656e+12  3.04958148e+06  7.54e+06 3.29e+02  1.69e+08     8s
   1   1.06317916e+12 -2.04648702e+08  4.25e+06 3.66e+03  1.05e+08     8s
   2   8.44058523e+11 -2.00204272e+08  2.84e+06 2.45e+03  7.09e+07     8s
   3   5.75935233e+11 -1.74071036e+08  1.19e+06 1.58e+03  3.99e+07     8s
   4   4.60395106e+11 -1.35323519e+08  6.66e+05 1.02e+03  2.54e+07     8s
   5   3.72030100e+11 -1.07762945e+08  4.24e+05 6.89e+02  1.67e+07     8s
   6   3.26876331e+11 -8.26537160e+07  3.23e+05 4.51e+02  1.16e+07     8s
   7   2.51860450e+11 -6.18488089e+07  1.90e+05 2.99e+02  7.45e+06     8s
   8   1.89906702e+11 -3.65859890e+07  1.10e+05 1.65e+02  4.27e+06     8s
   9   1.27339380e+11 -1.53175544e+07  4.92e+04 8.26e+01  2.16e+06     8s
  10   1.01361550e+11 -7.38454083e+06  3.53e+04 5.33e+01  1.46e+06     8s
  11   4.94669681e+10 -4.25497882e+06  1.05e+04 3.19e+01  6.96e+05     8s
  12   3.23010082e+10 -2.23700972e+06  5.44e+03 2.22e+01  4.32e+05     8s
  13   2.16766220e+10  2.62957456e+05  3.08e+03 7.05e+00  1.99e+05     8s
  14   1.17738933e+10  6.26331345e+05  1.45e+03 5.12e+00  1.11e+05     8s
  15   4.94769225e+09  1.41668971e+06  4.63e+02 2.50e+00  4.51e+04     8s
  16   3.48960917e+09  3.31784938e+06  3.01e+02 1.34e+00  2.81e+04     8s
  17   1.94560310e+09  4.86204580e+06  1.49e+02 7.17e-01  1.48e+04     9s
  18   1.60743592e+09  6.44293587e+06  1.19e+02 4.47e-01  1.13e+04     9s
  19   9.47070839e+08  8.85697755e+06  6.61e+01 1.64e-01  6.05e+03     9s
  20   4.77336076e+08  1.07234934e+07  3.12e+01 7.89e-02  2.92e+03     9s
  21   1.64648723e+08  1.29776211e+07  8.58e+00 3.39e-02  9.31e+02     9s
  22   1.17012524e+08  1.60013764e+07  5.43e+00 1.80e-02  6.04e+02     9s
  23   7.21908354e+07  1.93879469e+07  2.74e+00 5.70e-03  3.08e+02     9s
  24   5.54892485e+07  1.97189604e+07  1.82e+00 4.36e-03  2.08e+02     9s
  25   4.07360837e+07  1.98567453e+07  1.03e+00 2.73e-03  1.21e+02     9s

Barrier performed 25 iterations in 8.89 seconds (8.07 work units)
Barrier solve interrupted - model solved by another algorithm

Concurrent spin time: 0.80s (can be avoided by choosing Method=3)

Solved with primal simplex

Root relaxation: objective 2.174122e+07, 26650 iterations, 2.48 seconds (1.68 work units)

    Nodes    |    Current Node    |     Objective Bounds      |     Work
 Expl Unexpl |  Obj  Depth IntInf | Incumbent    BestBd   Gap | It/Node Time

     0     0 2.1741e+07    0  390 1.9573e+07 2.1741e+07  11.1%     -   10s
     0     0 2.1733e+07    0  446 1.9573e+07 2.1733e+07  11.0%     -   15s
H    0     0                    2.115544e+07 2.1733e+07  2.73%     -   16s
     0     0 2.1733e+07    0  489 2.1155e+07 2.1733e+07  2.73%     -   17s
     0     0 2.1732e+07    0  500 2.1155e+07 2.1732e+07  2.73%     -   17s
     0     0 2.1732e+07    0  503 2.1155e+07 2.1732e+07  2.73%     -   17s
     0     0 2.1732e+07    0  503 2.1155e+07 2.1732e+07  2.73%     -   17s
     0     0 2.1726e+07    0  594 2.1155e+07 2.1726e+07  2.70%     -   20s
     0     0 2.1726e+07    0  608 2.1155e+07 2.1726e+07  2.69%     -   22s
     0     0 2.1726e+07    0  617 2.1155e+07 2.1726e+07  2.69%     -   22s
     0     0 2.1725e+07    0  617 2.1155e+07 2.1725e+07  2.69%     -   22s
     0     0 2.1725e+07    0  618 2.1155e+07 2.1725e+07  2.69%     -   22s
     0     0 2.1725e+07    0  595 2.1155e+07 2.1725e+07  2.69%     -   26s
H    0     0                    2.137690e+07 2.1725e+07  1.63%     -   27s
     0     0 2.1725e+07    0  632 2.1377e+07 2.1725e+07  1.63%     -   27s
     0     0 2.1725e+07    0  632 2.1377e+07 2.1725e+07  1.63%     -   28s
     0     0 2.1725e+07    0  640 2.1377e+07 2.1725e+07  1.63%     -   28s
     0     0 2.1724e+07    0  611 2.1377e+07 2.1724e+07  1.62%     -   32s
     0     0 2.1724e+07    0  634 2.1377e+07 2.1724e+07  1.62%     -   33s
     0     0 2.1724e+07    0  645 2.1377e+07 2.1724e+07  1.62%     -   33s
     0     0 2.1724e+07    0  662 2.1377e+07 2.1724e+07  1.62%     -   33s
     0     0 2.1724e+07    0  669 2.1377e+07 2.1724e+07  1.62%     -   33s
     0     0 2.1724e+07    0  538 2.1377e+07 2.1724e+07  1.62%     -   37s
     0     0 2.1723e+07    0  512 2.1377e+07 2.1723e+07  1.62%     -   40s
     0     0 2.1723e+07    0  524 2.1377e+07 2.1723e+07  1.62%     -   40s
     0     0 2.1723e+07    0  534 2.1377e+07 2.1723e+07  1.62%     -   40s
     0     0 2.1723e+07    0  535 2.1377e+07 2.1723e+07  1.62%     -   41s
     0     0 2.1723e+07    0  523 2.1377e+07 2.1723e+07  1.62%     -   43s
     0     0 2.1723e+07    0  540 2.1377e+07 2.1723e+07  1.62%     -   45s
     0     0 2.1723e+07    0  545 2.1377e+07 2.1723e+07  1.62%     -   45s
     0     0 2.1723e+07    0  545 2.1377e+07 2.1723e+07  1.62%     -   45s
     0     0 2.1723e+07    0  515 2.1377e+07 2.1723e+07  1.62%     -   48s
     0     0 2.1723e+07    0  514 2.1377e+07 2.1723e+07  1.62%     -   48s
     0     0 2.1723e+07    0  516 2.1377e+07 2.1723e+07  1.62%     -   48s
     0     0 2.1723e+07    0  494 2.1377e+07 2.1723e+07  1.62%     -   51s
     0     0 2.1723e+07    0  500 2.1377e+07 2.1723e+07  1.62%     -   53s
     0     0 2.1723e+07    0  503 2.1377e+07 2.1723e+07  1.62%     -   53s
     0     0 2.1723e+07    0  491 2.1377e+07 2.1723e+07  1.62%     -   56s
     0     0 2.1723e+07    0  503 2.1377e+07 2.1723e+07  1.62%     -   57s
     0     0 2.1723e+07    0  487 2.1377e+07 2.1723e+07  1.62%     -   59s
     0     0 2.1723e+07    0  483 2.1377e+07 2.1723e+07  1.62%     -   68s
H    0     0                    2.139571e+07 2.1723e+07  1.53%     -   83s
     0     2 2.1723e+07    0  481 2.1396e+07 2.1723e+07  1.53%     -   86s
    63    96 2.1723e+07    6  508 2.1396e+07 2.1723e+07  1.53%   110   91s
H   65    96                    2.144106e+07 2.1723e+07  1.32%   108   91s
H   73    96                    2.144173e+07 2.1723e+07  1.31%   102   91s
   513   957 2.1722e+07   18  498 2.1442e+07 2.1723e+07  1.31%  60.3   96s
  1587  1620 2.1720e+07   41  440 2.1442e+07 2.1723e+07  1.31%  62.2  108s
H 1590  1620                    2.145414e+07 2.1723e+07  1.25%  62.1  108s
H 1601  1620                    2.147603e+07 2.1723e+07  1.15%  62.1  108s
  1619  1669 2.1720e+07   42  438 2.1476e+07 2.1723e+07  1.15%  61.8  114s
H 1623  1669                    2.147707e+07 2.1723e+07  1.15%  61.8  114s
H 1624  1669                    2.149574e+07 2.1723e+07  1.06%  61.8  114s
H 1636  1669                    2.152396e+07 2.1723e+07  0.92%  61.9  114s
H 1658  1669                    2.153933e+07 2.1723e+07  0.85%  62.0  114s
  1668  2432 2.1719e+07   43  435 2.1539e+07 2.1723e+07  0.85%  62.0  118s
  2431  3378 2.1718e+07   60  426 2.1539e+07 2.1723e+07  0.85%  65.9  122s
H 3377  4090                    2.156953e+07 2.1723e+07  0.71%  61.4  127s
  4098  5174 2.1718e+07   82  385 2.1570e+07 2.1723e+07  0.71%  59.9  130s
  5238  5628 2.1715e+07   98  338 2.1570e+07 2.1723e+07  0.71%  60.8  135s
  7466  8389 2.1713e+07  155  224 2.1570e+07 2.1723e+07  0.71%  55.3  141s
* 8209  8343             321    2.157145e+07 2.1723e+07  0.70%  55.0  141s
* 8561  8189             355    2.158075e+07 2.1723e+07  0.66%  54.6  141s
  9771  9266 2.1664e+07  206  178 2.1581e+07 2.1723e+07  0.66%  54.9  151s
H 9835  8780                    2.160918e+07 2.1723e+07  0.53%  55.6  157s
H 9837  8674                    2.161564e+07 2.1723e+07  0.50%  55.6  157s
H 9840  8248                    2.165038e+07 2.1723e+07  0.34%  55.6  157s
H 9847  8223                    2.165102e+07 2.1723e+07  0.33%  55.6  157s
  9867  9248 2.1690e+07  208  179 2.1651e+07 2.1723e+07  0.33%  55.7  160s
H10938  9770                    2.165153e+07 2.1723e+07  0.33%  55.1  163s
H10942  9751                    2.165206e+07 2.1723e+07  0.33%  55.1  163s
H11060  9746                    2.165251e+07 2.1723e+07  0.33%  55.0  163s
H11382  9732                    2.165320e+07 2.1723e+07  0.32%  54.5  164s
 11496 10658 2.1686e+07  250  131 2.1653e+07 2.1723e+07  0.32%  54.5  166s
 12511 11138 2.1661e+07  264  123 2.1653e+07 2.1723e+07  0.32%  53.8  170s
 13950 12925 2.1675e+07  288  113 2.1653e+07 2.1723e+07  0.32%  53.1  176s
 15022 12926 2.1704e+07  137  483 2.1653e+07 2.1723e+07  0.32%  52.4  217s
 15024 12927 2.1694e+07  133  403 2.1653e+07 2.1722e+07  0.32%  52.4  285s
 15025 12928 2.1698e+07  153  352 2.1653e+07 2.1722e+07  0.32%  52.4  292s
 15026 12929 2.1684e+07  196  419 2.1653e+07 2.1722e+07  0.32%  52.4  296s
 15028 12930 2.1670e+07  256  483 2.1653e+07 2.1722e+07  0.32%  52.3  301s
 15032 12933 2.1655e+07  155  483 2.1653e+07 2.1722e+07  0.32%  52.3  305s
H15034 12287                    2.165351e+07 2.1722e+07  0.32%  52.3  385s
H15034 11672                    2.165384e+07 2.1718e+07  0.30%  52.3  385s
H15034 11088                    2.167449e+07 2.1718e+07  0.20%  52.3  385s
 15038 11091 2.1705e+07   48  503 2.1674e+07 2.1718e+07  0.20%  52.3  390s
H15039 10536                    2.168659e+07 2.1718e+07  0.14%  52.3  466s
H15039 10009                    2.169302e+07 2.1718e+07  0.11%  52.3  466s
 15041 10011 2.1715e+07   49  503 2.1693e+07 2.1718e+07  0.11%  52.3  470s
H15043  9511                    2.170456e+07 2.1718e+07  0.06%  52.3  471s

Cutting planes:
  Gomory: 38
  Implied bound: 776
  MIR: 644
  Flow cover: 829
  RLT: 13
  Relax-and-lift: 454
  PSD: 1

Explored 15043 nodes (900379 simplex iterations) in 471.69 seconds (552.10 work units)
Thread count was 32 (of 192 available processors)

Solution count 10: 2.17046e+07 2.1693e+07 2.16866e+07 ... 2.16515e+07

Optimal solution found (tolerance 1.00e-03)
Best objective 2.170456197337e+07, best bound 2.171786308912e+07, gap 0.0613%
Deleted nodefile directory: /scratch-local/lbeemster.21315227/gurobi_dev0.0_sub38.0_run4
Saved model snapshot to study_case_model/figures/subsidy_experiment/run_29326/dev0.0/sub38.0/run4/model_snapshot.pkl
Finished successfully!
