Gurobi shell based on Python 3.13.1 can be launched with command `gurobi.sh`
Gurobi Python Interface can be loaded in Python 3.13.1 with 'import gurobipy'
/var/spool/slurm/slurmd/job21326465/slurm_script: line 24: activate: No such file or directory
Solving model: dev1.0, sub0.0, run4
Read LP format model from file /scratch-local/lbeemster.21326465/tmp8w64_bq4.pyomo.lp
Reading time = 0.50 seconds
x1: 176513 rows, 50050 columns, 1016320 nonzeros
Set parameter OutputFlag to value 1
Set parameter MIPGap to value 0.001
Set parameter Threads to value 32
Set parameter Presolve to value 1
Set parameter Cuts to value 1
Set parameter NodefileStart to value 1
Set parameter NodefileDir to value "/scratch-local/lbeemster.21326465/gurobi_dev1.0_sub0.0_run4"
Set parameter MemLimit to value 60
Gurobi Optimizer version 12.0.3 build v12.0.3rc0 (linux64 - "Red Hat Enterprise Linux 9.6 (Plow)")

CPU model: AMD EPYC 9654 96-Core Processor, instruction set [SSE2|AVX|AVX2|AVX512]
Thread count: 192 physical cores, 192 logical processors, using up to 32 threads

Non-default parameters:
MemLimit  60
MIPGap  0.001
NodefileStart  1
Cuts  1
Presolve  1
Threads  32

Academic license 2514514 - for non-commercial use only - registered to l.___@student.vu.nl
Optimize a model with 176513 rows, 50050 columns and 1016320 nonzeros
Model fingerprint: 0x78da9ee9
Variable types: 39426 continuous, 10624 integer (10624 binary)
Coefficient statistics:
  Matrix range     [6e-05, 1e+05]
  Objective range  [2e+00, 3e+04]
  Bounds range     [1e+00, 1e+00]
  RHS range        [3e-01, 2e+05]
Presolve removed 33401 rows and 21302 columns
Presolve time: 3.18s
Presolved: 143112 rows, 28748 columns, 859742 nonzeros
Variable types: 22948 continuous, 5800 integer (5800 binary)

Deterministic concurrent LP optimizer: primal simplex, dual simplex, and barrier
Showing barrier log only...

Root relaxation presolved: 26765 rows, 169877 columns, 888327 nonzeros

Root barrier log...

Ordering time: 0.05s

Barrier statistics:
 Dense cols : 39
 Free vars  : 2112
 AA' NZ     : 5.940e+05
 Factor NZ  : 1.654e+06 (roughly 100 MB of memory)
 Factor Ops : 1.230e+08 (less than 1 second per iteration)
 Threads    : 29

                  Objective                Residual
Iter       Primal          Dual         Primal    Dual     Compl     Time
   0   1.67890505e+12  9.42327290e+05  7.97e+06 3.29e+02  1.72e+08     5s
   1   1.24927282e+12 -1.13045935e+08  5.00e+06 3.35e+03  1.07e+08     5s
   2   8.84137300e+11  9.46802771e+07  2.73e+06 2.32e+03  6.77e+07     5s
   3   7.15302656e+11  1.88073835e+08  1.77e+06 1.51e+03  4.44e+07     5s
   4   5.20004992e+11  1.94483397e+08  7.79e+05 1.10e+03  2.76e+07     5s
   5   4.45925150e+11  1.56870919e+08  5.39e+05 7.18e+02  1.85e+07     5s
   6   3.76396283e+11  1.06607571e+08  3.76e+05 4.11e+02  1.15e+07     5s
   7   3.30144386e+11  8.08643685e+07  2.93e+05 2.71e+02  8.18e+06     5s
   8   2.41083521e+11  6.33771679e+07  1.73e+05 1.88e+02  5.35e+06     5s
   9   1.73810733e+11  4.90400193e+07  1.06e+05 1.38e+02  3.67e+06     5s
  10   1.53069009e+11  3.79305378e+07  8.84e+04 1.07e+02  2.95e+06     5s
  11   1.23810815e+11  2.00721000e+07  6.39e+04 6.04e+01  1.90e+06     6s
  12   7.18261813e+10  1.08535273e+07  2.63e+04 3.46e+01  9.79e+05     6s
  13   4.11905996e+10  4.35606241e+06  1.17e+04 1.43e+01  4.40e+05     6s
  14   1.77859527e+10  1.29494684e+06  3.49e+03 3.45e+00  1.43e+05     6s
  15   9.41097571e+09  1.09433719e+06  1.68e+03 1.57e+00  6.93e+04     6s
  16   5.27059774e+09  1.68427041e+06  8.74e+02 6.49e-01  3.59e+04     6s
  17   3.37726582e+09  2.44638032e+06  5.34e+02 3.90e-01  2.23e+04     6s
  18   2.13657361e+09  3.18874644e+06  3.25e+02 2.61e-01  1.39e+04     6s
  19   1.12206096e+09  4.33854375e+06  1.60e+02 1.09e-01  7.03e+03     6s
  20   4.86557586e+08  5.75325144e+06  6.02e+01 5.60e-02  2.96e+03     6s
  21   2.23256669e+08  8.86970984e+06  2.38e+01 2.40e-02  1.29e+03     6s
  22   1.40314359e+08  1.11327948e+07  1.37e+01 1.56e-02  7.69e+02     6s
  23   1.02670788e+08  1.49935719e+07  9.06e+00 5.50e-03  5.15e+02     6s
  24   8.30689452e+07  1.62646508e+07  6.75e+00 1.40e-02  3.90e+02     6s
  25   4.82790541e+07  1.91273618e+07  2.64e+00 1.05e-02  1.68e+02     6s
  26   3.43447995e+07  1.98763018e+07  1.23e+00 7.03e-03  8.29e+01     6s
  27   2.87719953e+07  2.07437999e+07  6.43e-01 2.78e-03  4.55e+01     6s
  28   2.54616948e+07  2.10522634e+07  3.16e-01 1.80e-03  2.48e+01     6s
  29   2.35309415e+07  2.12867101e+07  1.38e-01 1.07e-03  1.25e+01     6s
  30   2.28187560e+07  2.14576671e+07  8.06e-02 7.90e-04  7.58e+00     6s
  31   2.23591939e+07  2.15434893e+07  4.66e-02 6.32e-04  4.54e+00     6s
  32   2.20656834e+07  2.15814205e+07  2.44e-02 6.40e-04  2.68e+00     7s

Barrier performed 32 iterations in 6.51 seconds (5.87 work units)
Barrier solve interrupted - model solved by another algorithm

Concurrent spin time: 0.31s (can be avoided by choosing Method=3)

Solved with primal simplex

Root relaxation: objective 2.173576e+07, 37335 iterations, 2.43 seconds (2.11 work units)

    Nodes    |    Current Node    |     Objective Bounds      |     Work
 Expl Unexpl |  Obj  Depth IntInf | Incumbent    BestBd   Gap | It/Node Time

     0     0 2.1736e+07    0  345          - 2.1736e+07      -     -    8s
H    0     0                    3105691.8395 2.1736e+07   600%     -   11s
     0     0 2.1728e+07    0  402 3105691.84 2.1728e+07   600%     -   12s
H    0     0                    2.132011e+07 2.1727e+07  1.91%     -   13s
     0     0 2.1727e+07    0  500 2.1320e+07 2.1727e+07  1.91%     -   14s
     0     0 2.1727e+07    0  497 2.1320e+07 2.1727e+07  1.91%     -   14s
     0     0 2.1727e+07    0  499 2.1320e+07 2.1727e+07  1.91%     -   14s
     0     0 2.1720e+07    0  571 2.1320e+07 2.1720e+07  1.88%     -   17s
     0     0 2.1720e+07    0  588 2.1320e+07 2.1720e+07  1.87%     -   18s
     0     0 2.1720e+07    0  601 2.1320e+07 2.1720e+07  1.87%     -   18s
     0     0 2.1720e+07    0  598 2.1320e+07 2.1720e+07  1.87%     -   19s
     0     0 2.1718e+07    0  588 2.1320e+07 2.1718e+07  1.86%     -   22s
     0     0 2.1718e+07    0  601 2.1320e+07 2.1718e+07  1.86%     -   25s
     0     0 2.1717e+07    0  622 2.1320e+07 2.1717e+07  1.86%     -   25s
     0     0 2.1717e+07    0  635 2.1320e+07 2.1717e+07  1.86%     -   25s
     0     0 2.1717e+07    0  641 2.1320e+07 2.1717e+07  1.86%     -   26s
     0     0 2.1716e+07    0  612 2.1320e+07 2.1716e+07  1.86%     -   29s
     0     0 2.1716e+07    0  609 2.1320e+07 2.1716e+07  1.86%     -   31s
     0     0 2.1716e+07    0  628 2.1320e+07 2.1716e+07  1.86%     -   31s
     0     0 2.1716e+07    0  642 2.1320e+07 2.1716e+07  1.86%     -   32s
     0     0 2.1716e+07    0  645 2.1320e+07 2.1716e+07  1.86%     -   32s
     0     0 2.1716e+07    0  643 2.1320e+07 2.1716e+07  1.86%     -   32s
     0     0 2.1715e+07    0  554 2.1320e+07 2.1715e+07  1.85%     -   35s
     0     0 2.1715e+07    0  569 2.1320e+07 2.1715e+07  1.85%     -   37s
     0     0 2.1715e+07    0  559 2.1320e+07 2.1715e+07  1.85%     -   37s
     0     0 2.1715e+07    0  567 2.1320e+07 2.1715e+07  1.85%     -   37s
     0     0 2.1715e+07    0  526 2.1320e+07 2.1715e+07  1.85%     -   40s
     0     0 2.1715e+07    0  539 2.1320e+07 2.1715e+07  1.85%     -   42s
     0     0 2.1715e+07    0  535 2.1320e+07 2.1715e+07  1.85%     -   42s
     0     0 2.1715e+07    0  541 2.1320e+07 2.1715e+07  1.85%     -   42s
     0     0 2.1715e+07    0  540 2.1320e+07 2.1715e+07  1.85%     -   42s
     0     0 2.1715e+07    0  528 2.1320e+07 2.1715e+07  1.85%     -   45s
     0     0 2.1715e+07    0  549 2.1320e+07 2.1715e+07  1.85%     -   46s
     0     0 2.1715e+07    0  543 2.1320e+07 2.1715e+07  1.85%     -   46s
     0     0 2.1715e+07    0  517 2.1320e+07 2.1715e+07  1.85%     -   48s
H    0     0                    2.135742e+07 2.1715e+07  1.67%     -   53s
     0     0 2.1714e+07    0  512 2.1357e+07 2.1714e+07  1.67%     -   53s
     0     0 2.1714e+07    0  509 2.1357e+07 2.1714e+07  1.67%     -   53s
     0     0 2.1714e+07    0  510 2.1357e+07 2.1714e+07  1.67%     -   53s
     0     0 2.1714e+07    0  505 2.1357e+07 2.1714e+07  1.67%     -   56s
     0     0 2.1714e+07    0  518 2.1357e+07 2.1714e+07  1.67%     -   58s
     0     0 2.1714e+07    0  520 2.1357e+07 2.1714e+07  1.67%     -   58s
     0     0 2.1714e+07    0  519 2.1357e+07 2.1714e+07  1.67%     -   59s
     0     0 2.1714e+07    0  482 2.1357e+07 2.1714e+07  1.67%     -   61s
     0     0 2.1714e+07    0  492 2.1357e+07 2.1714e+07  1.67%     -   61s
     0     0 2.1714e+07    0  498 2.1357e+07 2.1714e+07  1.67%     -   61s
     0     0 2.1714e+07    0  489 2.1357e+07 2.1714e+07  1.67%     -   61s
     0     0 2.1714e+07    0  502 2.1357e+07 2.1714e+07  1.67%     -   64s
     0     0 2.1714e+07    0  502 2.1357e+07 2.1714e+07  1.67%     -   69s
H    0     0                    2.136671e+07 2.1714e+07  1.63%     -   80s
     0     2 2.1714e+07    0  502 2.1367e+07 2.1714e+07  1.63%     -   83s
    31    64 2.1713e+07    5  509 2.1367e+07 2.1714e+07  1.63%   153   86s
H   65    96                    2.141748e+07 2.1714e+07  1.39%   180   88s
   219   252 2.1709e+07   10  497 2.1417e+07 2.1714e+07  1.39%   112   91s
H  251   323                    2.141763e+07 2.1714e+07  1.38%   109   92s
H  253   323                    2.142794e+07 2.1714e+07  1.34%   109   92s
H  255   323                    2.142945e+07 2.1714e+07  1.33%   109   92s
H  268   323                    2.142998e+07 2.1714e+07  1.33%   109   92s
   798   963 2.1704e+07   24  432 2.1430e+07 2.1714e+07  1.33%  89.6   95s
  1058  1091 2.1704e+07   28  406 2.1430e+07 2.1714e+07  1.33%  77.8  100s
  1090  1225 2.1703e+07   29  413 2.1430e+07 2.1714e+07  1.33%  76.9  105s
  1386  1460 2.1702e+07   33  402 2.1430e+07 2.1714e+07  1.33%  70.0  115s
H 1400  1460                    2.145487e+07 2.1714e+07  1.21%  69.5  115s
H 1428  1460                    2.150331e+07 2.1714e+07  0.98%  68.9  115s
  2567  2704 2.1700e+07   54  353 2.1503e+07 2.1714e+07  0.98%  56.6  120s
H 2723  2847                    2.152174e+07 2.1714e+07  0.89%  55.5  121s
  3925  3989 2.1696e+07   85  327 2.1522e+07 2.1714e+07  0.89%  48.7  125s
H 4089  4098                    2.153917e+07 2.1714e+07  0.81%  48.5  126s
H 4092  4093                    2.154110e+07 2.1714e+07  0.80%  48.5  126s
H 4160  4032                    2.155724e+07 2.1714e+07  0.73%  48.3  126s
H 4275  3992                    2.155761e+07 2.1714e+07  0.73%  48.0  128s
  4324  4019 2.1699e+07  111  294 2.1558e+07 2.1714e+07  0.73%  47.8  132s
H 4356  4051                    2.155783e+07 2.1714e+07  0.72%  48.1  138s
H 4364  4035                    2.155920e+07 2.1714e+07  0.72%  48.1  138s
H 4373  4021                    2.156177e+07 2.1714e+07  0.71%  48.0  138s
  4780  4757 2.1698e+07  123  290 2.1562e+07 2.1714e+07  0.71%  47.2  140s
H 5638  5289                    2.156240e+07 2.1714e+07  0.70%  44.8  144s
  5673  5792 2.1698e+07  152  276 2.1562e+07 2.1714e+07  0.70%  44.7  145s
  8049  8246 2.1691e+07  212  233 2.1562e+07 2.1714e+07  0.70%  42.9  155s
H 9075  8669                    2.156240e+07 2.1714e+07  0.70%  44.8  157s
 10272 10109 2.1684e+07  271  189 2.1562e+07 2.1714e+07  0.70%  44.9  161s
 11295 11417 2.1683e+07  293  179 2.1562e+07 2.1714e+07  0.70%  44.4  165s
 11899 11945 2.1682e+07  317  161 2.1562e+07 2.1714e+07  0.70%  43.7  171s
 12979 13102 2.1666e+07  336  133 2.1562e+07 2.1714e+07  0.70%  46.6  175s
 13644 13166 2.1666e+07  343  143 2.1562e+07 2.1714e+07  0.70%  46.2  182s
 13708 13230 2.1666e+07  345  149 2.1562e+07 2.1714e+07  0.70%  46.2  186s
H13715 12825                    2.156956e+07 2.1714e+07  0.67%  46.2  186s
H14608 13396                    2.158234e+07 2.1714e+07  0.61%  45.1  211s
H14608 13127                    2.159327e+07 2.1714e+07  0.56%  45.1  212s
H14608 13110                    2.159551e+07 2.1714e+07  0.55%  45.1  213s
H14608 12493                    2.162366e+07 2.1714e+07  0.42%  45.1  213s
H14608 11356                    2.164167e+07 2.1714e+07  0.33%  45.1  214s
H14608 10511                    2.164769e+07 2.1714e+07  0.31%  45.1  214s
 14609 10410 2.1683e+07   54  502 2.1648e+07 2.1714e+07  0.31%  45.1  237s
 14611 10411 2.1662e+07  252  403 2.1648e+07 2.1703e+07  0.26%  45.1  355s
 14612 10412 2.1679e+07   63  423 2.1648e+07 2.1703e+07  0.26%  45.1  361s
 14614 10413 2.1700e+07   81  359 2.1648e+07 2.1703e+07  0.26%  45.1  365s
H14620  9895                    2.169718e+07 2.1703e+07  0.03%  45.1  409s

Cutting planes:
  Learned: 1
  Gomory: 10
  Implied bound: 541
  MIR: 956
  Flow cover: 917
  RLT: 2
  Relax-and-lift: 798

Explored 14620 nodes (780182 simplex iterations) in 410.93 seconds (507.11 work units)
Thread count was 32 (of 192 available processors)

Solution count 10: 2.16972e+07 2.16972e+07 2.16477e+07 ... 2.15624e+07

Optimal solution found (tolerance 1.00e-03)
Best objective 2.169717531083e+07, best bound 2.170268074537e+07, gap 0.0254%
Deleted nodefile directory: /scratch-local/lbeemster.21326465/gurobi_dev1.0_sub0.0_run4
Saved model snapshot to study_case_model/figures/subsidy_experiment/run_29326/dev1.0/sub0.0/run4/model_snapshot.pkl
Finished successfully!
