Gurobi shell based on Python 3.13.1 can be launched with command `gurobi.sh`
Gurobi Python Interface can be loaded in Python 3.13.1 with 'import gurobipy'
/var/spool/slurm/slurmd/job21307640/slurm_script: line 24: activate: No such file or directory
Solving model: dev0.2, sub30.0, run3
Read LP format model from file /scratch-local/lbeemster.21307640/tmp01yklc35.pyomo.lp
Reading time = 0.58 seconds
x1: 176513 rows, 50050 columns, 1016320 nonzeros
Set parameter OutputFlag to value 1
Set parameter MIPGap to value 0.001
Set parameter Threads to value 32
Set parameter Presolve to value 1
Set parameter Cuts to value 1
Set parameter NodefileStart to value 1
Set parameter NodefileDir to value "/scratch-local/lbeemster.21307640/gurobi_dev0.2_sub30.0_run3"
Set parameter MemLimit to value 60
Gurobi Optimizer version 12.0.3 build v12.0.3rc0 (linux64 - "Red Hat Enterprise Linux 9.6 (Plow)")

CPU model: AMD EPYC 9654 96-Core Processor, instruction set [SSE2|AVX|AVX2|AVX512]
Thread count: 192 physical cores, 192 logical processors, using up to 32 threads

Non-default parameters:
MemLimit  60
MIPGap  0.001
NodefileStart  1
Cuts  1
Presolve  1
Threads  32

Academic license 2514514 - for non-commercial use only - registered to l.___@student.vu.nl
Optimize a model with 176513 rows, 50050 columns and 1016320 nonzeros
Model fingerprint: 0xd88abda9
Variable types: 39426 continuous, 10624 integer (10624 binary)
Coefficient statistics:
  Matrix range     [6e-05, 1e+05]
  Objective range  [2e+00, 3e+04]
  Bounds range     [1e+00, 1e+00]
  RHS range        [3e-01, 2e+05]
Presolve removed 31744 rows and 21238 columns
Presolve time: 3.02s
Presolved: 144769 rows, 28812 columns, 849337 nonzeros
Variable types: 22948 continuous, 5864 integer (5864 binary)

Deterministic concurrent LP optimizer: primal simplex, dual simplex, and barrier
Showing barrier log only...

Root relaxation presolved: 26779 rows, 171548 columns, 877968 nonzeros

Root barrier log...

Ordering time: 0.05s

Barrier statistics:
 Dense cols : 38
 Free vars  : 2112
 AA' NZ     : 5.965e+05
 Factor NZ  : 1.651e+06 (roughly 100 MB of memory)
 Factor Ops : 1.231e+08 (less than 1 second per iteration)
 Threads    : 29

                  Objective                Residual
Iter       Primal          Dual         Primal    Dual     Compl     Time
   0   1.67017580e+12  7.24836921e+05  7.84e+06 3.09e+02  1.65e+08     5s
   1   1.26999598e+12 -2.05306767e+08  5.14e+06 3.28e+03  1.05e+08     5s
   2   9.07312816e+11 -1.55482064e+08  2.78e+06 1.99e+03  6.14e+07     5s
   3   6.56036279e+11 -1.07717823e+08  1.33e+06 1.36e+03  3.74e+07     5s
   4   4.88763999e+11 -7.11305827e+07  6.22e+05 9.30e+02  2.30e+07     5s
   5   3.97348815e+11 -3.69335725e+07  3.83e+05 4.98e+02  1.31e+07     5s
   6   3.01360798e+11 -2.19231466e+07  2.24e+05 3.09e+02  8.02e+06     5s
   7   2.34194672e+11 -1.69329615e+07  1.46e+05 2.44e+02  5.95e+06     5s
   8   2.19592400e+11 -1.63616956e+07  1.35e+05 2.33e+02  5.63e+06     5s
   9   1.49584943e+11 -9.75481743e+06  6.42e+04 1.33e+02  3.12e+06     5s
  10   1.13047374e+11 -6.99045477e+06  4.07e+04 9.07e+01  2.10e+06     5s
  11   7.57337070e+10 -2.58713564e+06  2.06e+04 4.59e+01  1.11e+06     5s
  12   5.03396721e+10 -7.96167302e+05  1.10e+04 2.64e+01  6.30e+05     5s
  13   3.09719825e+10 -2.95911623e+03  5.62e+03 1.18e+01  3.09e+05     5s
  14   2.74128292e+10  2.46127022e+05  4.82e+03 7.98e+00  2.44e+05     5s
  15   1.13106193e+10  6.06558256e+05  1.53e+03 3.37e+00  9.25e+04     5s
  16   6.19971987e+09  1.00355677e+06  7.57e+02 1.98e+00  4.92e+04     5s
  17   3.27019864e+09  3.00375765e+06  3.51e+02 5.51e-01  2.17e+04     5s
  18   2.79927460e+09  3.60766501e+06  2.97e+02 3.91e-01  1.80e+04     6s
  19   1.60629884e+09  4.35837155e+06  1.63e+02 2.43e-01  1.02e+04     6s
  20   8.03530635e+08  6.73777223e+06  7.26e+01 6.63e-02  4.73e+03     6s
  21   2.84214445e+08  9.18441032e+06  2.21e+01 2.77e-02  1.60e+03     6s
  22   1.77752531e+08  1.14943188e+07  1.25e+01 1.31e-02  9.52e+02     6s
  23   1.13593573e+08  1.58573874e+07  7.17e+00 3.91e-03  5.51e+02     6s
  24   7.45535729e+07  1.69990159e+07  4.01e+00 3.06e-03  3.23e+02     6s
  25   4.95198752e+07  1.88295049e+07  1.98e+00 1.92e-03  1.71e+02     6s
  26   3.83416322e+07  1.96606184e+07  1.14e+00 1.24e-03  1.04e+02     6s
  27   3.01240702e+07  2.03003685e+07  5.70e-01 1.20e-03  5.43e+01     6s
  28   2.70954194e+07  2.07089142e+07  3.52e-01 1.19e-03  3.52e+01     6s
  29   2.52408873e+07  2.11690423e+07  2.31e-01 9.62e-04  2.24e+01     6s

Barrier performed 29 iterations in 5.98 seconds (5.53 work units)
Barrier solve interrupted - model solved by another algorithm

Concurrent spin time: 0.37s (can be avoided by choosing Method=3)

Solved with primal simplex

Root relaxation: objective 2.163187e+07, 30462 iterations, 2.32 seconds (1.91 work units)

    Nodes    |    Current Node    |     Objective Bounds      |     Work
 Expl Unexpl |  Obj  Depth IntInf | Incumbent    BestBd   Gap | It/Node Time

     0     0 2.1632e+07    0  492          - 2.1632e+07      -     -    8s
H    0     0                    2.038605e+07 2.1632e+07  6.11%     -   10s
     0     0 2.1627e+07    0  577 2.0386e+07 2.1627e+07  6.09%     -   13s
H    0     0                    2.054990e+07 2.1627e+07  5.24%     -   15s
     0     0 2.1625e+07    0  621 2.0550e+07 2.1625e+07  5.23%     -   16s
     0     0 2.1625e+07    0  641 2.0550e+07 2.1625e+07  5.23%     -   16s
     0     0 2.1625e+07    0  640 2.0550e+07 2.1625e+07  5.23%     -   16s
     0     0 2.1625e+07    0  641 2.0550e+07 2.1625e+07  5.23%     -   17s
     0     0 2.1623e+07    0  750 2.0550e+07 2.1623e+07  5.22%     -   21s
H    0     0                    2.099500e+07 2.1622e+07  2.99%     -   22s
     0     0 2.1621e+07    0  778 2.0995e+07 2.1621e+07  2.98%     -   23s
     0     0 2.1621e+07    0  779 2.0995e+07 2.1621e+07  2.98%     -   24s
     0     0 2.1621e+07    0  786 2.0995e+07 2.1621e+07  2.98%     -   24s
     0     0 2.1621e+07    0  788 2.0995e+07 2.1621e+07  2.98%     -   24s
     0     0 2.1621e+07    0  786 2.0995e+07 2.1621e+07  2.98%     -   24s
     0     0 2.1584e+07    0  724 2.0995e+07 2.1584e+07  2.81%     -   29s
     0     0 2.1584e+07    0  756 2.0995e+07 2.1584e+07  2.80%     -   32s
     0     0 2.1584e+07    0  752 2.0995e+07 2.1584e+07  2.80%     -   32s
     0     0 2.1584e+07    0  755 2.0995e+07 2.1584e+07  2.80%     -   32s
     0     0 2.1583e+07    0  705 2.0995e+07 2.1583e+07  2.80%     -   37s
H    0     0                    2.117695e+07 2.1583e+07  1.92%     -   38s
H    0     0                    2.117699e+07 2.1583e+07  1.92%     -   40s
     0     0 2.1583e+07    0  735 2.1177e+07 2.1583e+07  1.92%     -   41s
     0     0 2.1583e+07    0  755 2.1177e+07 2.1583e+07  1.92%     -   42s
     0     0 2.1583e+07    0  757 2.1177e+07 2.1583e+07  1.92%     -   42s
     0     0 2.1581e+07    0  600 2.1177e+07 2.1581e+07  1.91%     -   48s
     0     0 2.1581e+07    0  613 2.1177e+07 2.1581e+07  1.91%     -   51s
     0     0 2.1580e+07    0  618 2.1177e+07 2.1580e+07  1.90%     -   51s
     0     0 2.1580e+07    0  613 2.1177e+07 2.1580e+07  1.90%     -   51s
     0     0 2.1580e+07    0  622 2.1177e+07 2.1580e+07  1.90%     -   52s
     0     0 2.1580e+07    0  622 2.1177e+07 2.1580e+07  1.90%     -   52s
     0     0 2.1579e+07    0  629 2.1177e+07 2.1579e+07  1.90%     -   55s
     0     0 2.1579e+07    0  634 2.1177e+07 2.1579e+07  1.90%     -   57s
     0     0 2.1579e+07    0  650 2.1177e+07 2.1579e+07  1.90%     -   58s
     0     0 2.1579e+07    0  648 2.1177e+07 2.1579e+07  1.90%     -   58s
     0     0 2.1578e+07    0  622 2.1177e+07 2.1578e+07  1.89%     -   61s
     0     0 2.1578e+07    0  620 2.1177e+07 2.1578e+07  1.89%     -   63s
     0     0 2.1578e+07    0  635 2.1177e+07 2.1578e+07  1.89%     -   63s
     0     0 2.1578e+07    0  651 2.1177e+07 2.1578e+07  1.89%     -   66s
H    0     0                    2.119253e+07 2.1578e+07  1.82%     -   69s
     0     0 2.1578e+07    0  656 2.1193e+07 2.1578e+07  1.82%     -   69s
     0     0 2.1578e+07    0  645 2.1193e+07 2.1578e+07  1.82%     -   70s
     0     0 2.1578e+07    0  618 2.1193e+07 2.1578e+07  1.82%     -   72s
H    0     0                    2.119669e+07 2.1578e+07  1.80%     -   75s
     0     0 2.1578e+07    0  633 2.1197e+07 2.1578e+07  1.80%     -   75s
     0     0 2.1578e+07    0  634 2.1197e+07 2.1578e+07  1.80%     -   75s
     0     0 2.1578e+07    0  634 2.1197e+07 2.1578e+07  1.80%     -   78s
     0     0 2.1578e+07    0  632 2.1197e+07 2.1578e+07  1.80%     -   86s
H    0     0                    2.129579e+07 2.1578e+07  1.32%     -   99s
H    0     0                    2.129987e+07 2.1578e+07  1.31%     -   99s
     0     2 2.1578e+07    0  632 2.1300e+07 2.1578e+07  1.31%     -  101s
    31    64 2.1578e+07    5  617 2.1300e+07 2.1578e+07  1.31%   326  106s
H   38    64                    2.130224e+07 2.1578e+07  1.29%   285  106s
   269   302 2.1577e+07    9  620 2.1302e+07 2.1578e+07  1.29%   121  111s
H  304   334                    2.131721e+07 2.1578e+07  1.22%   113  114s
H  307   334                    2.131837e+07 2.1578e+07  1.22%   112  114s
H  316   334                    2.133406e+07 2.1578e+07  1.14%   112  114s
H  332   334                    2.134547e+07 2.1578e+07  1.09%   111  114s
   333   366 2.1576e+07   11  620 2.1345e+07 2.1578e+07  1.09%   111  116s
   695   762 2.1576e+07   21  610 2.1345e+07 2.1578e+07  1.09%  94.9  120s
  1054  1087 2.1575e+07   28  604 2.1345e+07 2.1578e+07  1.09%  90.8  126s
  1086  1120 2.1574e+07   28  598 2.1345e+07 2.1578e+07  1.09%  91.0  131s
  1119  1154 2.1574e+07   29  599 2.1345e+07 2.1578e+07  1.09%  92.5  137s
H 1140  1154                    2.135168e+07 2.1578e+07  1.06%  93.3  137s
H 1149  1154                    2.136512e+07 2.1578e+07  1.00%  93.9  137s
  1403  1496 2.1571e+07   34  594 2.1365e+07 2.1578e+07  1.00%   102  140s
  2129  2307 2.1567e+07   54  542 2.1365e+07 2.1578e+07  1.00%   105  145s
H 2434  2462                    2.137903e+07 2.1578e+07  0.93%   106  149s
H 2436  2462                    2.138468e+07 2.1578e+07  0.90%   106  149s
H 2451  2462                    2.139414e+07 2.1578e+07  0.86%   106  149s
  2461  2674 2.1563e+07   59  517 2.1394e+07 2.1578e+07  0.86%   106  150s
  3510  3659 2.1558e+07   75  485 2.1394e+07 2.1578e+07  0.86%  98.5  155s
H 3574  3659                    2.139961e+07 2.1578e+07  0.83%   100  155s
  4212  4477 2.1557e+07   96  441 2.1400e+07 2.1578e+07  0.83%  95.7  160s
H 4823  5013                    2.139961e+07 2.1578e+07  0.83%  94.2  163s
H 4851  5009                    2.139992e+07 2.1578e+07  0.83%  94.1  163s
  5041  5244 2.1557e+07  116  415 2.1400e+07 2.1578e+07  0.83%  92.4  166s
  6183  6543 2.1555e+07  145  394 2.1400e+07 2.1578e+07  0.83%  87.1  170s
H 6524  6543                    2.139992e+07 2.1578e+07  0.83%  85.6  170s
  7777  8062 2.1552e+07  190  326 2.1400e+07 2.1578e+07  0.83%  80.1  175s
H 7817  8062                    2.139992e+07 2.1578e+07  0.83%  80.2  175s
H 7990  7957                    2.140265e+07 2.1578e+07  0.82%  79.8  175s
H 8071  7763                    2.140961e+07 2.1578e+07  0.79%  79.5  175s
  9245  8958 2.1547e+07  233  284 2.1410e+07 2.1578e+07  0.79%  77.7  181s
H 9290  8958                    2.141039e+07 2.1578e+07  0.78%  77.9  181s
 10043  9682 2.1547e+07  252  285 2.1410e+07 2.1578e+07  0.78%  77.2  185s
H10064  9597                    2.141313e+07 2.1578e+07  0.77%  77.4  185s
H10125  9596                    2.141322e+07 2.1578e+07  0.77%  77.5  185s
H10133  9510                    2.141649e+07 2.1578e+07  0.75%  77.5  185s
 11065 10490 2.1547e+07  263  243 2.1416e+07 2.1578e+07  0.75%  82.0  191s
 11273 10522 2.1546e+07  267  241 2.1416e+07 2.1578e+07  0.75%  82.7  197s
 11305 10554 2.1544e+07  268  237 2.1416e+07 2.1578e+07  0.75%  82.7  202s
 11337 10586 2.1545e+07  268  242 2.1416e+07 2.1578e+07  0.75%  82.7  205s
H11370 10417                    2.142668e+07 2.1578e+07  0.71%  82.6  209s
H11375  9979                    2.144299e+07 2.1578e+07  0.63%  82.6  209s
 11401 10375 2.1545e+07  270  242 2.1443e+07 2.1578e+07  0.63%  82.6  213s
 11797 10450 2.1541e+07  279  239 2.1443e+07 2.1578e+07  0.63%  82.4  218s
 11872 10542 2.1541e+07  280  239 2.1443e+07 2.1578e+07  0.63%  82.9  222s
 11964 10588 2.1541e+07  281  239 2.1443e+07 2.1578e+07  0.63%  83.2  227s
H11966 10377                    2.145010e+07 2.1578e+07  0.60%  83.2  227s
H12006 10366                    2.145031e+07 2.1578e+07  0.59%  83.3  227s
 12669 11702 2.1538e+07  301  209 2.1450e+07 2.1578e+07  0.59%  83.3  231s
 13350 12233 2.1535e+07  316  203 2.1450e+07 2.1578e+07  0.59%  82.6  235s
H13436 12120                    2.145252e+07 2.1578e+07  0.58%  82.3  235s
H13542 12092                    2.145388e+07 2.1578e+07  0.58%  82.0  235s
H13848 12029                    2.145501e+07 2.1578e+07  0.57%  81.5  235s
 14799 12939 2.1550e+07  216  632 2.1455e+07 2.1578e+07  0.57%  79.8  290s
H14800 12293                    2.145576e+07 2.1578e+07  0.57%  79.8  433s
H14800 11678                    2.145629e+07 2.1578e+07  0.57%  79.8  433s
H14800 11094                    2.146450e+07 2.1578e+07  0.53%  79.8  433s
H14800 10539                    2.146712e+07 2.1578e+07  0.52%  79.8  434s
H14800 10012                    2.147032e+07 2.1578e+07  0.50%  79.8  434s
H14800  9512                    2.148756e+07 2.1578e+07  0.42%  79.8  434s
H14800  9036                    2.148962e+07 2.1578e+07  0.41%  79.8  434s
H14800  8584                    2.148981e+07 2.1563e+07  0.34%  79.8  442s
 14802  8585 2.1556e+07   45  496 2.1490e+07 2.1563e+07  0.34%  79.7  449s
 14803  8586 2.1563e+07   13  484 2.1490e+07 2.1563e+07  0.34%  79.7  452s
 14805  8587 2.1546e+07  227  455 2.1490e+07 2.1563e+07  0.34%  79.7  457s
 14807  8588 2.1515e+07   66  512 2.1490e+07 2.1562e+07  0.33%  79.7  461s
H14810  8160                    2.149024e+07 2.1561e+07  0.33%  79.7  526s
H14810  7752                    2.150631e+07 2.1559e+07  0.24%  79.7  537s
H14810  7364                    2.150671e+07 2.1559e+07  0.24%  79.7  537s
H14810  6996                    2.151303e+07 2.1559e+07  0.21%  79.7  537s
H14810  6646                    2.151894e+07 2.1559e+07  0.19%  79.7  537s
H14810  6313                    2.152096e+07 2.1559e+07  0.18%  79.7  537s
H14810  5997                    2.152232e+07 2.1559e+07  0.17%  79.7  537s
H14810  5697                    2.152232e+07 2.1559e+07  0.17%  79.7  537s
H14810  5412                    2.153802e+07 2.1559e+07  0.10%  79.7  537s
H14810  5141                    2.153803e+07 2.1559e+07  0.10%  79.7  537s

Cutting planes:
  Gomory: 22
  Cover: 3
  Implied bound: 635
  MIR: 787
  Flow cover: 1028
  RLT: 5
  Relax-and-lift: 740

Explored 14810 nodes (1307813 simplex iterations) in 538.09 seconds (662.46 work units)
Thread count was 32 (of 192 available processors)

Solution count 10: 2.1538e+07 2.1538e+07 2.1538e+07 ... 2.15063e+07

Optimal solution found (tolerance 1.00e-03)
Best objective 2.153802982870e+07, best bound 2.155890411734e+07, gap 0.0969%
Deleted nodefile directory: /scratch-local/lbeemster.21307640/gurobi_dev0.2_sub30.0_run3
Saved model snapshot to study_case_model/figures/subsidy_experiment/run_29326/dev0.2/sub30.0/run3/model_snapshot.pkl
Finished successfully!
