Gurobi shell based on Python 3.13.1 can be launched with command `gurobi.sh`
Gurobi Python Interface can be loaded in Python 3.13.1 with 'import gurobipy'
/var/spool/slurm/slurmd/job21305016/slurm_script: line 24: activate: No such file or directory
Solving model: dev0.0, sub60.0, run3
Read LP format model from file /scratch-local/lbeemster.21305016/tmpattezsbc.pyomo.lp
Reading time = 0.50 seconds
x1: 176513 rows, 50050 columns, 1016320 nonzeros
Set parameter OutputFlag to value 1
Set parameter MIPGap to value 0.001
Set parameter Threads to value 32
Set parameter Presolve to value 1
Set parameter Cuts to value 1
Set parameter NodefileStart to value 1
Set parameter NodefileDir to value "/scratch-local/lbeemster.21305016/gurobi_dev0.0_sub60.0_run3"
Set parameter MemLimit to value 60
Gurobi Optimizer version 12.0.3 build v12.0.3rc0 (linux64 - "Red Hat Enterprise Linux 9.6 (Plow)")

CPU model: AMD EPYC 9654 96-Core Processor, instruction set [SSE2|AVX|AVX2|AVX512]
Thread count: 192 physical cores, 192 logical processors, using up to 32 threads

Non-default parameters:
MemLimit  60
MIPGap  0.001
NodefileStart  1
Cuts  1
Presolve  1
Threads  32

Academic license 2514514 - for non-commercial use only - registered to l.___@student.vu.nl
Optimize a model with 176513 rows, 50050 columns and 1016320 nonzeros
Model fingerprint: 0x826e0011
Variable types: 39426 continuous, 10624 integer (10624 binary)
Coefficient statistics:
  Matrix range     [6e-05, 1e+05]
  Objective range  [2e+00, 3e+04]
  Bounds range     [1e+00, 1e+00]
  RHS range        [3e-01, 2e+05]
Presolve removed 35354 rows and 24182 columns
Presolve time: 3.27s
Presolved: 141159 rows, 25868 columns, 868086 nonzeros
Variable types: 20068 continuous, 5800 integer (5800 binary)
Found heuristic solution: objective 1.953498e+07
Found heuristic solution: objective 1.960988e+07

Deterministic concurrent LP optimizer: primal simplex, dual simplex, and barrier
Showing barrier log only...

Root relaxation presolved: 25026 rows, 166127 columns, 893177 nonzeros

Root barrier log...

Ordering time: 0.05s

Barrier statistics:
 Free vars  : 1920
 AA' NZ     : 5.615e+05
 Factor NZ  : 1.478e+06 (roughly 90 MB of memory)
 Factor Ops : 1.062e+08 (less than 1 second per iteration)
 Threads    : 30

                  Objective                Residual
Iter       Primal          Dual         Primal    Dual     Compl     Time
   0   1.59584594e+12  2.55689320e+06  7.65e+06 3.09e+02  1.66e+08     8s
   1   1.08187162e+12 -2.13953559e+08  4.31e+06 3.58e+03  1.04e+08     8s
   2   8.35356060e+11 -2.17866193e+08  2.73e+06 2.30e+03  6.70e+07     8s
   3   5.88801466e+11 -1.35187758e+08  1.18e+06 1.26e+03  3.51e+07     8s
   4   4.23382213e+11 -8.88357554e+07  4.92e+05 6.51e+02  1.76e+07     8s
   5   3.30941445e+11 -7.41108210e+07  2.85e+05 4.80e+02  1.21e+07     8s
   6   2.22975376e+11 -4.56824972e+07  1.27e+05 2.43e+02  6.03e+06     8s
   7   1.64359992e+11 -2.31725415e+07  6.76e+04 1.10e+02  3.00e+06     8s
   8   1.23770609e+11 -1.26297975e+07  4.04e+04 6.21e+01  1.79e+06     8s
   9   7.77286179e+10 -8.15432435e+06  2.21e+04 4.02e+01  1.06e+06     8s
  10   4.86857152e+10 -3.22683457e+06  1.19e+04 1.75e+01  5.24e+05     8s
  11   2.36534561e+10 -8.87078802e+05  4.74e+03 7.70e+00  2.26e+05     8s
  12   1.39092643e+10 -2.19008995e+05  2.43e+03 5.40e+00  1.32e+05     8s
  13   5.89411096e+09  9.75154601e+05  8.24e+02 2.04e+00  5.01e+04     8s
  14   3.84113936e+09  2.97006654e+06  4.95e+02 9.86e-01  2.90e+04     8s
  15   2.65438839e+09  5.34916313e+06  3.24e+02 4.68e-01  1.83e+04     8s
  16   1.91801101e+09  6.42411050e+06  2.28e+02 2.60e-01  1.26e+04     8s
  17   6.54317742e+08  8.37891366e+06  6.68e+01 9.27e-02  4.13e+03     8s
  18   2.11577263e+08  1.00228762e+07  1.76e+01 6.06e-02  1.31e+03     8s
  19   1.37594057e+08  1.46228720e+07  1.04e+01 2.08e-02  7.60e+02     8s
  20   7.94805113e+07  1.61051732e+07  4.86e+00 1.41e-02  3.90e+02     8s
  21   5.48993127e+07  1.92364163e+07  2.61e+00 6.08e-03  2.14e+02     8s
  22   4.70596861e+07  1.94627038e+07  1.97e+00 5.26e-03  1.64e+02     9s
  23   3.25764237e+07  2.01620242e+07  8.00e-01 3.97e-03  7.26e+01     9s
  24   2.85603952e+07  2.05893882e+07  4.98e-01 3.15e-03  4.64e+01     9s
  25   2.62949862e+07  2.11681219e+07  3.22e-01 2.74e-03  2.96e+01     9s
  26   2.46639141e+07  2.12641077e+07  2.03e-01 2.20e-03  1.96e+01     9s
  27   2.39847747e+07  2.13744031e+07  1.54e-01 1.65e-03  1.50e+01     9s
  28   2.32506839e+07  2.14735322e+07  1.01e-01 1.17e-03  1.02e+01     9s
  29   2.26815731e+07  2.15917057e+07  6.18e-02 1.16e-03  6.24e+00     9s
  30   2.21496954e+07  2.16610554e+07  2.54e-02 6.30e-04  2.79e+00     9s

Barrier performed 30 iterations in 8.81 seconds (7.96 work units)
Barrier solve interrupted - model solved by another algorithm

Concurrent spin time: 0.06s

Solved with primal simplex

Root relaxation: objective 2.177350e+07, 26091 iterations, 2.05 seconds (1.68 work units)
Total elapsed time = 10.12s (DegenMoves)

    Nodes    |    Current Node    |     Objective Bounds      |     Work
 Expl Unexpl |  Obj  Depth IntInf | Incumbent    BestBd   Gap | It/Node Time

     0     0 2.1774e+07    0  454 1.9610e+07 2.1774e+07  11.0%     -   11s
     0     0 2.1732e+07    0  509 1.9610e+07 2.1732e+07  10.8%     -   14s
     0     0 2.1710e+07    0  579 1.9610e+07 2.1710e+07  10.7%     -   15s
     0     0 2.1710e+07    0  582 1.9610e+07 2.1710e+07  10.7%     -   15s
     0     0 2.1710e+07    0  585 1.9610e+07 2.1710e+07  10.7%     -   15s
     0     0 2.1709e+07    0  607 1.9610e+07 2.1709e+07  10.7%     -   18s
H    0     0                    2.134473e+07 2.1709e+07  1.71%     -   20s
     0     0 2.1709e+07    0  596 2.1345e+07 2.1709e+07  1.71%     -   20s
     0     0 2.1709e+07    0  602 2.1345e+07 2.1709e+07  1.71%     -   20s
     0     0 2.1709e+07    0  603 2.1345e+07 2.1709e+07  1.71%     -   21s
     0     0 2.1708e+07    0  546 2.1345e+07 2.1708e+07  1.70%     -   24s
H    0     0                    2.139186e+07 2.1708e+07  1.48%     -   26s
     0     0 2.1708e+07    0  594 2.1392e+07 2.1708e+07  1.48%     -   26s
     0     0 2.1708e+07    0  614 2.1392e+07 2.1708e+07  1.48%     -   26s
     0     0 2.1708e+07    0  616 2.1392e+07 2.1708e+07  1.48%     -   27s
     0     0 2.1707e+07    0  593 2.1392e+07 2.1707e+07  1.47%     -   30s
     0     0 2.1707e+07    0  580 2.1392e+07 2.1707e+07  1.47%     -   33s
     0     0 2.1707e+07    0  597 2.1392e+07 2.1707e+07  1.47%     -   33s
     0     0 2.1707e+07    0  592 2.1392e+07 2.1707e+07  1.47%     -   33s
     0     0 2.1707e+07    0  509 2.1392e+07 2.1707e+07  1.47%     -   37s
     0     0 2.1707e+07    0  533 2.1392e+07 2.1707e+07  1.47%     -   40s
     0     0 2.1707e+07    0  539 2.1392e+07 2.1707e+07  1.47%     -   40s
     0     0 2.1707e+07    0  541 2.1392e+07 2.1707e+07  1.47%     -   40s
     0     0 2.1707e+07    0  515 2.1392e+07 2.1707e+07  1.47%     -   43s
H    0     0                    2.144204e+07 2.1707e+07  1.23%     -   46s
     0     0 2.1706e+07    0  535 2.1442e+07 2.1706e+07  1.23%     -   46s
     0     0 2.1706e+07    0  541 2.1442e+07 2.1706e+07  1.23%     -   46s
     0     0 2.1706e+07    0  541 2.1442e+07 2.1706e+07  1.23%     -   47s
     0     0 2.1706e+07    0  542 2.1442e+07 2.1706e+07  1.23%     -   47s
     0     0 2.1706e+07    0  517 2.1442e+07 2.1706e+07  1.23%     -   49s
     0     0 2.1706e+07    0  532 2.1442e+07 2.1706e+07  1.23%     -   52s
     0     0 2.1706e+07    0  526 2.1442e+07 2.1706e+07  1.23%     -   52s
     0     0 2.1706e+07    0  526 2.1442e+07 2.1706e+07  1.23%     -   53s
     0     0 2.1706e+07    0  526 2.1442e+07 2.1706e+07  1.23%     -   55s
     0     0 2.1706e+07    0  527 2.1442e+07 2.1706e+07  1.23%     -   57s
     0     0 2.1706e+07    0  535 2.1442e+07 2.1706e+07  1.23%     -   57s
     0     0 2.1706e+07    0  530 2.1442e+07 2.1706e+07  1.23%     -   59s
     0     0 2.1706e+07    0  557 2.1442e+07 2.1706e+07  1.23%     -   61s
     0     0 2.1706e+07    0  543 2.1442e+07 2.1706e+07  1.23%     -   61s
     0     0 2.1706e+07    0  544 2.1442e+07 2.1706e+07  1.23%     -   61s
     0     0 2.1706e+07    0  529 2.1442e+07 2.1706e+07  1.23%     -   64s
     0     0 2.1706e+07    0  529 2.1442e+07 2.1706e+07  1.23%     -   72s
H    0     0                    2.144784e+07 2.1706e+07  1.20%     -   81s
H    0     0                    2.148341e+07 2.1706e+07  1.04%     -   86s
H    0     0                    2.148654e+07 2.1706e+07  1.02%     -   90s
H    0     2                    2.152160e+07 2.1706e+07  0.86%     -  100s
     0     2 2.1706e+07    0  529 2.1522e+07 2.1706e+07  0.86%     -  100s
   281   314 2.1706e+07   11  515 2.1522e+07 2.1706e+07  0.86%  66.8  105s
H  345   378                    2.152318e+07 2.1706e+07  0.85%  64.4  110s
H  358   378                    2.152428e+07 2.1706e+07  0.84%  63.4  110s
   681   910 2.1705e+07   18  506 2.1524e+07 2.1706e+07  0.84%  59.5  115s
  1254  1843 2.1704e+07   33  494 2.1524e+07 2.1706e+07  0.84%  62.2  121s
  1844  1875 2.1701e+07   47  471 2.1524e+07 2.1706e+07  0.84%  64.3  128s
  1876  1907 2.1700e+07   48  471 2.1524e+07 2.1706e+07  0.84%  64.3  133s
H 1877  1907                    2.153378e+07 2.1706e+07  0.80%  64.3  133s
H 1878  1907                    2.153642e+07 2.1706e+07  0.79%  64.3  133s
H 1879  1907                    2.154208e+07 2.1706e+07  0.76%  64.3  133s
H 1892  1907                    2.154313e+07 2.1706e+07  0.76%  64.6  133s
  1908  2584 2.1699e+07   48  469 2.1543e+07 2.1706e+07  0.76%  64.6  137s
  3580  4164 2.1694e+07   82  413 2.1543e+07 2.1706e+07  0.76%  54.9  142s
H 3726  4164                    2.156020e+07 2.1706e+07  0.68%  54.7  142s
  4171  4453 2.1695e+07   95  388 2.1560e+07 2.1706e+07  0.68%  52.5  145s
  5399  6045 2.1693e+07  118  358 2.1560e+07 2.1706e+07  0.68%  49.7  150s
H 5696  5958                    2.156438e+07 2.1706e+07  0.66%  49.2  150s
  7569  7760 2.1690e+07  180  269 2.1564e+07 2.1706e+07  0.66%  46.1  155s
  9732  9893 2.1684e+07  226  260 2.1564e+07 2.1706e+07  0.66%  44.6  160s
 11627 11952 2.1681e+07  272  204 2.1564e+07 2.1706e+07  0.66%  43.9  165s
 12542 12261 2.1681e+07  299  188 2.1564e+07 2.1706e+07  0.66%  43.3  171s
H12676 11984                    2.156779e+07 2.1706e+07  0.64%  43.4  171s
H12678 11631                    2.158041e+07 2.1706e+07  0.58%  43.4  171s
H14128 13091                    2.159767e+07 2.1706e+07  0.50%  43.6  176s
H14536 13032                    2.160388e+07 2.1706e+07  0.47%  43.5  200s
H14536 12924                    2.161263e+07 2.1706e+07  0.43%  43.5  201s
H14536 12798                    2.162115e+07 2.1706e+07  0.39%  43.5  202s
H14536 12678                    2.162711e+07 2.1706e+07  0.36%  43.5  204s
 14537 12679 2.1673e+07  297  529 2.1627e+07 2.1706e+07  0.36%  43.5  230s
H14538 12046                    2.163169e+07 2.1706e+07  0.34%  43.5  295s
 14539 12046 2.1681e+07  300  413 2.1632e+07 2.1706e+07  0.34%  43.5  311s
 14540 12047 2.1689e+07  126  398 2.1632e+07 2.1706e+07  0.34%  43.5  316s
 14541 12048 2.1692e+07   76  380 2.1632e+07 2.1706e+07  0.34%  43.5  323s
 14542 12048 2.1684e+07  221  402 2.1632e+07 2.1706e+07  0.34%  43.5  328s
 14543 12049 2.1674e+07   72  436 2.1632e+07 2.1705e+07  0.34%  43.5  331s
 14546 12051 2.1673e+07  124  452 2.1632e+07 2.1704e+07  0.34%  43.5  335s
H14551 11451                    2.163174e+07 2.1704e+07  0.34%  43.5  356s
H14551 10878                    2.163678e+07 2.1704e+07  0.31%  43.5  357s
 14553 10880 2.1694e+07  117  443 2.1637e+07 2.1704e+07  0.31%  43.5  360s
H14557 10337                    2.164725e+07 2.1701e+07  0.25%  43.5  400s
 14559 10339 2.1699e+07   27  433 2.1647e+07 2.1701e+07  0.25%  43.5  405s
H14561  9823                    2.164970e+07 2.1701e+07  0.24%  43.5  479s
 14562  9824 2.1683e+07  263  429 2.1650e+07 2.1701e+07  0.24%  43.5  480s
 14566  9826 2.1661e+07  143  409 2.1650e+07 2.1701e+07  0.24%  43.5  565s
 14568  9828 2.1686e+07  188  411 2.1650e+07 2.1701e+07  0.24%  43.4  570s
H14569  9336                    2.166161e+07 2.1701e+07  0.18%  43.4  626s
H14569  8869                    2.166164e+07 2.1701e+07  0.18%  43.4  626s
H14569  8425                    2.166324e+07 2.1701e+07  0.17%  43.4  626s
H14570  8004                    2.166324e+07 2.1701e+07  0.17%  43.4  629s
 14573  8006 2.1674e+07   95  426 2.1663e+07 2.1701e+07  0.17%  43.4  630s
H14573  7605                    2.166333e+07 2.1701e+07  0.17%  43.4  705s
 14579  7609 2.1684e+07  251  420 2.1663e+07 2.1701e+07  0.17%  43.4  780s
 14580  7610 2.1664e+07  208  418 2.1663e+07 2.1701e+07  0.17%  43.4  785s
 14582  7611 2.1693e+07  112  416 2.1663e+07 2.1701e+07  0.17%  43.4  851s
 14585  7613 2.1701e+07   13  422 2.1663e+07 2.1701e+07  0.17%  43.4  939s
H14585  7231                    2.166414e+07 2.1701e+07  0.17%  43.4  946s
H14585  6869                    2.166427e+07 2.1701e+07  0.17%  43.4  947s
H14585  6525                    2.166428e+07 2.1701e+07  0.17%  43.4  953s
 14587  6526 2.1701e+07   14  412 2.1664e+07 2.1701e+07  0.17%  43.4  986s
H14589  6200                    2.166475e+07 2.1701e+07  0.17%  43.4 1058s
H14589  5889                    2.166618e+07 2.1701e+07  0.16%  43.4 1058s
H14589  5594                    2.166673e+07 2.1701e+07  0.16%  43.4 1058s
H14589  5314                    2.166699e+07 2.1701e+07  0.16%  43.4 1058s
H14589  5047                    2.166826e+07 2.1701e+07  0.15%  43.4 1058s
H14589  4794                    2.166864e+07 2.1701e+07  0.15%  43.4 1058s
 14594  4798 2.1686e+07   75  529 2.1669e+07 2.1701e+07  0.15%  48.0 1062s
H14595  4559                    2.166864e+07 2.1701e+07  0.15%  48.0 1071s
H14595  4331                    2.166872e+07 2.1701e+07  0.15%  48.0 1132s
 14597  4332 2.1686e+07  189  380 2.1669e+07 2.1701e+07  0.15%  48.0 1138s
 14598  4333 2.1691e+07  101  373 2.1669e+07 2.1701e+07  0.15%  48.0 1140s
 14601  4335 2.1696e+07   68  434 2.1669e+07 2.1701e+07  0.15%  47.9 1145s
 14606  4338 2.1696e+07   81  421 2.1669e+07 2.1700e+07  0.15%  47.9 1214s
 14607  4339 2.1669e+07  124  428 2.1669e+07 2.1700e+07  0.15%  47.9 1216s
 14610  4341 2.1682e+07  292  420 2.1669e+07 2.1700e+07  0.15%  47.9 1280s
 14613  4343 2.1677e+07  176  413 2.1669e+07 2.1700e+07  0.14%  47.9 1375s
H14615  4126                    2.166874e+07 2.1700e+07  0.14%  47.9 1440s
H14615  3919                    2.166878e+07 2.1700e+07  0.14%  47.9 1440s
H14615  3723                    2.166965e+07 2.1700e+07  0.14%  47.9 1440s
 14618  3725 2.1692e+07  132  415 2.1670e+07 2.1700e+07  0.14%  47.9 1510s
 14620  3726 2.1695e+07   61  426 2.1670e+07 2.1700e+07  0.14%  47.9 1544s
 14621  3727 2.1689e+07   92  426 2.1670e+07 2.1700e+07  0.14%  47.9 1546s
H14621  3540                    2.166965e+07 2.1700e+07  0.14%  47.9 1605s
H14621  3363                    2.167126e+07 2.1700e+07  0.13%  47.9 1605s
H14622  3195                    2.167157e+07 2.1700e+07  0.13%  47.9 1615s
 14624  3196 2.1694e+07   60  425 2.1672e+07 2.1700e+07  0.13%  47.9 1690s
 14626  3197 2.1695e+07   75  421 2.1672e+07 2.1700e+07  0.13%  47.9 1754s
 14628  3199 2.1694e+07  105  427 2.1672e+07 2.1700e+07  0.13%  47.9 1758s
H14628  3039                    2.167157e+07 2.1700e+07  0.13%  47.9 1784s
 14629  3039 2.1692e+07   87  427 2.1672e+07 2.1700e+07  0.13%  47.9 1792s
 14630  3043 2.1700e+07   21  426 2.1672e+07 2.1700e+07  0.13%  52.0 1796s
 14660  3093 2.1700e+07   25  419 2.1672e+07 2.1700e+07  0.13%  52.4 1801s
 14788  3210 2.1698e+07   28  407 2.1672e+07 2.1700e+07  0.13%  53.0 1805s
 15036  3393 2.1698e+07   32  397 2.1672e+07 2.1700e+07  0.13%  53.3 1810s
 15160  3415 2.1686e+07   34  390 2.1672e+07 2.1700e+07  0.13%  53.7 1817s
 15193  3491 2.1698e+07   35  397 2.1672e+07 2.1700e+07  0.13%  53.8 1820s
H15243  3322                    2.167168e+07 2.1700e+07  0.13%  53.9 1820s
 15505  3547 2.1695e+07   39  405 2.1672e+07 2.1700e+07  0.13%  54.2 1825s
 15748  3642 2.1698e+07   43  398 2.1672e+07 2.1700e+07  0.13%  54.2 1831s
 16047  3738 2.1697e+07   48  396 2.1672e+07 2.1700e+07  0.13%  54.2 1836s
 16251  3810 2.1697e+07   51  392 2.1672e+07 2.1700e+07  0.13%  54.4 1840s
 17121  4435 2.1681e+07   63  369 2.1672e+07 2.1700e+07  0.13%  54.3 1845s
 17646  4816 2.1695e+07   70  365 2.1672e+07 2.1700e+07  0.13%  53.8 1850s
 18841  5381 2.1685e+07   82  354 2.1672e+07 2.1700e+07  0.13%  52.7 1855s
 19744  5474 2.1692e+07   90  342 2.1672e+07 2.1700e+07  0.13%  52.0 1869s
 19776  5495 2.1694e+07   91  343 2.1672e+07 2.1700e+07  0.13%  52.0 1873s
 19808  5516 2.1693e+07   91  343 2.1672e+07 2.1700e+07  0.13%  52.0 1881s
 19840  5536 2.1694e+07   92  344 2.1672e+07 2.1700e+07  0.13%  52.0 1888s
 19872  5558 2.1689e+07   92  341 2.1672e+07 2.1700e+07  0.13%  52.0 1891s
 19904  5579 2.1694e+07   93  344 2.1672e+07 2.1700e+07  0.13%  52.0 1898s
 19936  5598 2.1678e+07   93  341 2.1672e+07 2.1700e+07  0.13%  52.0 1900s
 20032  5655 2.1694e+07   95  346 2.1672e+07 2.1700e+07  0.13%  52.0 1906s
 20096  5738 2.1694e+07   96  345 2.1672e+07 2.1700e+07  0.13%  52.0 1910s
 20495  6408 2.1693e+07   99  339 2.1672e+07 2.1700e+07  0.13%  51.7 1915s
 21367  7090 2.1694e+07  109  342 2.1672e+07 2.1700e+07  0.13%  50.9 1920s
 22833  8064 2.1693e+07  120  324 2.1672e+07 2.1700e+07  0.13%  49.7 1925s
 24506  9514 2.1693e+07  132  304 2.1672e+07 2.1700e+07  0.13%  48.4 1930s
 25902 10123 2.1675e+07  144  295 2.1672e+07 2.1700e+07  0.13%  47.5 1938s
 26121 10802 2.1693e+07  147  304 2.1672e+07 2.1700e+07  0.13%  47.6 1941s
 27673 12115 2.1693e+07  159  297 2.1672e+07 2.1700e+07  0.13%  47.0 1946s
 28403 12620 2.1692e+07  166  285 2.1672e+07 2.1700e+07  0.13%  46.6 1951s
 29847 14172 2.1692e+07  184  279 2.1672e+07 2.1700e+07  0.13%  46.0 1963s
 30926 14650 2.1690e+07  201  275 2.1672e+07 2.1700e+07  0.13%  45.5 1967s
 31737 14676 2.1683e+07  211  273 2.1672e+07 2.1700e+07  0.13%  45.4 1976s
 31774 14698 2.1690e+07  212  270 2.1672e+07 2.1700e+07  0.13%  45.4 1986s
 31815 14724     cutoff  212      2.1672e+07 2.1700e+07  0.13%  45.4 1995s
H31826 14262                    2.167328e+07 2.1700e+07  0.12%  45.4 1995s
 32801 15765     cutoff  223      2.1673e+07 2.1700e+07  0.12%  45.5 2002s
 33740 15878 2.1686e+07  235  265 2.1673e+07 2.1700e+07  0.12%  45.6 2009s
 33866 16314 2.1688e+07  236  262 2.1673e+07 2.1700e+07  0.12%  45.6 2016s
 34380 16766 2.1687e+07  236  265 2.1673e+07 2.1700e+07  0.12%  45.5 2025s
 34915 17060 2.1688e+07  237  260 2.1673e+07 2.1700e+07  0.12%  45.3 2032s
H34918 16770                    2.167463e+07 2.1700e+07  0.12%  45.3 2032s
H34987 16649                    2.167518e+07 2.1700e+07  0.11%  45.3 2032s
 35243 17874 2.1687e+07  237  260 2.1675e+07 2.1700e+07  0.11%  45.2 2037s
 36669 19087 2.1687e+07  253  248 2.1675e+07 2.1700e+07  0.11%  45.1 2041s
 38075 20294 2.1685e+07  263  240 2.1675e+07 2.1700e+07  0.11%  44.9 2046s
 39463 21448 2.1682e+07  278  231 2.1675e+07 2.1700e+07  0.11%  44.6 2050s
 40854 22472 2.1677e+07  293  226 2.1675e+07 2.1700e+07  0.11%  44.5 2055s
 43571 24667 2.1679e+07  328  198 2.1675e+07 2.1699e+07  0.11%  44.3 2064s
 45044 25976 2.1678e+07  348  171 2.1675e+07 2.1699e+07  0.11%  44.2 2069s
Created node file directory '/scratch-local/lbeemster.21305016/gurobi_dev0.0_sub60.0_run3/grbnodes0'
 46652 26468 2.1678e+07  367  160 2.1675e+07 2.1699e+07  0.11%  43.9 2079s
 47313 27244 2.1676e+07  367  158 2.1675e+07 2.1699e+07  0.11%  43.8 2087s
 48195 28606 2.1678e+07  368  158 2.1675e+07 2.1699e+07  0.11%  43.8 2097s
 49603 29863 2.1676e+07  368  158 2.1675e+07 2.1699e+07  0.11%  43.5 2104s
 50940 31529 2.1678e+07  369  159 2.1675e+07 2.1699e+07  0.11%  43.3 2112s
 52740 32052     cutoff  372      2.1675e+07 2.1699e+07  0.11%  42.9 2121s
 53630 33580 2.1697e+07   44  397 2.1675e+07 2.1699e+07  0.11%  42.8 2127s
 55552 35418 2.1698e+07   30  402 2.1675e+07 2.1699e+07  0.11%  42.9 2135s
 57724 37729 2.1693e+07   93  352 2.1675e+07 2.1699e+07  0.11%  42.7 2143s
 60176 40784 2.1687e+07  187  299 2.1675e+07 2.1699e+07  0.11%  42.3 2159s
 63785 42941 2.1676e+07  305  226 2.1675e+07 2.1699e+07  0.11%  41.8 2167s
 66279 44848 2.1684e+07   43  394 2.1675e+07 2.1699e+07  0.11%  41.5 2174s
 68518 47259     cutoff  104      2.1675e+07 2.1699e+07  0.11%  41.3 2181s
 71326 49403 2.1691e+07   95  347 2.1675e+07 2.1699e+07  0.11%  40.9 2188s
 73769 51686 2.1685e+07  178  305 2.1675e+07 2.1699e+07  0.11%  40.6 2195s
 76212 53720 2.1679e+07  264  253 2.1675e+07 2.1699e+07  0.11%  40.3 2203s
 78445 55919 2.1697e+07   46  390 2.1675e+07 2.1699e+07  0.11%  40.2 2211s
 80900 58370 2.1693e+07  119  343 2.1675e+07 2.1699e+07  0.11%  39.9 2218s
 83614 60229 2.1681e+07  222  274 2.1675e+07 2.1699e+07  0.11%  39.9 2227s
 85714 61726     cutoff  333      2.1675e+07 2.1699e+07  0.11%  40.3 2234s
 87760 63176 2.1695e+07   48  379 2.1675e+07 2.1699e+07  0.11%  40.8 2243s
 89745 66213 2.1688e+07  135  298 2.1675e+07 2.1699e+07  0.11%  41.2 2260s
 93312 69495 2.1678e+07  314  135 2.1675e+07 2.1699e+07  0.11%  41.4 2274s
 97182 71871 2.1682e+07   41  391 2.1675e+07 2.1699e+07  0.11%  41.3 2288s
 100428 74452 2.1690e+07   48  394 2.1675e+07 2.1699e+07  0.11%  41.0 2300s
 103803 77266 2.1683e+07  112  344 2.1675e+07 2.1699e+07  0.11%  40.9 2313s
 107361 79688 2.1697e+07   45  399 2.1675e+07 2.1699e+07  0.11%  40.9 2327s
 110469 83942     cutoff  137      2.1675e+07 2.1699e+07  0.11%  40.8 2339s
 115080 87152 2.1680e+07  148  331 2.1675e+07 2.1699e+07  0.11%  40.5 2352s
 118633 92373 2.1694e+07   69  366 2.1675e+07 2.1699e+07  0.11%  40.3 2369s
 124135 94292 2.1679e+07  248  202 2.1675e+07 2.1699e+07  0.11%  40.0 2381s
 126218 96177 2.1676e+07  324   95 2.1675e+07 2.1699e+07  0.11%  39.9 2391s
 128605 97627 2.1688e+07   46  389 2.1675e+07 2.1698e+07  0.11%  40.1 2400s
*129909 97370             492    2.167566e+07 2.1698e+07  0.11%  40.4 2400s
 130411 99269 2.1681e+07   71  358 2.1676e+07 2.1698e+07  0.11%  40.6 2409s
 132702 101058 2.1684e+07  104  337 2.1676e+07 2.1698e+07  0.11%  40.9 2422s
H135061 99381                    2.167623e+07 2.1698e+07  0.10%  41.2 2439s
H135185 97605                    2.167661e+07 2.1698e+07  0.10%  41.2 2439s
 135212 99631     cutoff  148      2.1677e+07 2.1698e+07  0.10%  41.2 2450s
 138231 100261 2.1687e+07   95  355 2.1677e+07 2.1698e+07  0.10%  41.4 2470s
 139325 101821 2.1682e+07  141  337 2.1677e+07 2.1698e+07  0.10%  41.5 2485s
 141375 103491 2.1690e+07   46  393 2.1677e+07 2.1698e+07  0.10%  41.6 2500s
 143747 106665 2.1690e+07   81  355 2.1677e+07 2.1698e+07  0.10%  41.8 2515s
 147900 109339 2.1686e+07  124  334 2.1677e+07 2.1698e+07  0.10%  42.0 2535s
 151542 111903 2.1685e+07  158  306 2.1677e+07 2.1698e+07  0.10%  42.0 2548s
 154830 114314 2.1679e+07  204  290 2.1677e+07 2.1698e+07  0.10%  42.1 2562s
H157868 112544                    2.167687e+07 2.1698e+07  0.10%  42.1 2562s

Cutting planes:
  Gomory: 29
  Cover: 2
  Implied bound: 403
  MIR: 811
  Flow cover: 911
  RLT: 9
  Relax-and-lift: 801
  PSD: 1

Explored 157915 nodes (6709266 simplex iterations) in 2566.45 seconds (3274.79 work units)
Thread count was 32 (of 192 available processors)

Solution count 10: 2.16769e+07 2.16769e+07 2.16766e+07 ... 2.16716e+07

Optimal solution found (tolerance 1.00e-03)
Best objective 2.167686714235e+07, best bound 2.169834104632e+07, gap 0.0991%
Deleted nodefile directory: /scratch-local/lbeemster.21305016/gurobi_dev0.0_sub60.0_run3
Saved model snapshot to study_case_model/figures/subsidy_experiment/run_29326/dev0.0/sub60.0/run3/model_snapshot.pkl
Finished successfully!
