Gurobi shell based on Python 3.13.1 can be launched with command `gurobi.sh`
Gurobi Python Interface can be loaded in Python 3.13.1 with 'import gurobipy'
/var/spool/slurm/slurmd/job21326239/slurm_script: line 24: activate: No such file or directory
Solving model: dev0.2, sub50.0, run4
Read LP format model from file /scratch-local/lbeemster.21326239/tmpiq1s29zt.pyomo.lp
Reading time = 0.49 seconds
x1: 176513 rows, 50050 columns, 1016320 nonzeros
Set parameter OutputFlag to value 1
Set parameter MIPGap to value 0.001
Set parameter Threads to value 32
Set parameter Presolve to value 1
Set parameter Cuts to value 1
Set parameter NodefileStart to value 1
Set parameter NodefileDir to value "/scratch-local/lbeemster.21326239/gurobi_dev0.2_sub50.0_run4"
Set parameter MemLimit to value 60
Gurobi Optimizer version 12.0.3 build v12.0.3rc0 (linux64 - "Red Hat Enterprise Linux 9.6 (Plow)")

CPU model: AMD EPYC 9654 96-Core Processor, instruction set [SSE2|AVX|AVX2|AVX512]
Thread count: 192 physical cores, 192 logical processors, using up to 32 threads

Non-default parameters:
MemLimit  60
MIPGap  0.001
NodefileStart  1
Cuts  1
Presolve  1
Threads  32

Academic license 2514514 - for non-commercial use only - registered to l.___@student.vu.nl
Optimize a model with 176513 rows, 50050 columns and 1016320 nonzeros
Model fingerprint: 0x0c92473a
Variable types: 39426 continuous, 10624 integer (10624 binary)
Coefficient statistics:
  Matrix range     [6e-05, 1e+05]
  Objective range  [2e+00, 3e+04]
  Bounds range     [1e+00, 1e+00]
  RHS range        [3e-01, 2e+05]
Presolve removed 32696 rows and 21238 columns
Presolve time: 3.24s
Presolved: 143817 rows, 28812 columns, 842473 nonzeros
Variable types: 22948 continuous, 5864 integer (5864 binary)

Deterministic concurrent LP optimizer: primal simplex, dual simplex, and barrier
Showing barrier log only...

Root relaxation presolved: 26618 rows, 170435 columns, 871115 nonzeros

Root barrier log...

Ordering time: 0.05s

Barrier statistics:
 Dense cols : 43
 Free vars  : 2112
 AA' NZ     : 5.880e+05
 Factor NZ  : 1.634e+06 (roughly 100 MB of memory)
 Factor Ops : 1.214e+08 (less than 1 second per iteration)
 Threads    : 29

                  Objective                Residual
Iter       Primal          Dual         Primal    Dual     Compl     Time
   0   1.65645187e+12  8.82800394e+05  7.90e+06 3.29e+02  1.70e+08     5s
   1   1.28273633e+12 -2.87636522e+08  5.27e+06 3.36e+03  1.09e+08     5s
   2   1.03959917e+12 -3.28797049e+08  3.71e+06 2.50e+03  7.93e+07     5s
   3   7.81720053e+11 -3.15280151e+08  1.97e+06 1.58e+03  4.75e+07     5s
   4   5.95430741e+11 -2.63784074e+08  1.00e+06 1.08e+03  2.98e+07     5s
   5   5.16416882e+11 -1.71589735e+08  7.24e+05 6.77e+02  1.98e+07     5s
   6   4.15499378e+11 -1.13395287e+08  4.44e+05 3.92e+02  1.19e+07     5s
   7   3.25372718e+11 -8.20963431e+07  2.91e+05 2.66e+02  8.04e+06     5s
   8   2.74178919e+11 -7.03584803e+07  2.32e+05 2.24e+02  6.62e+06     5s
   9   2.20416399e+11 -6.16776966e+07  1.59e+05 1.92e+02  5.23e+06     5s
  10   2.01568183e+11 -5.03660194e+07  1.38e+05 1.53e+02  4.33e+06     5s
  11   1.51039561e+11 -3.72443784e+07  8.77e+04 1.11e+02  2.99e+06     6s
  12   1.28110774e+11 -2.64607378e+07  6.80e+04 7.69e+01  2.21e+06     6s
  13   8.69788019e+10 -1.38885888e+07  3.58e+04 4.08e+01  1.22e+06     6s
  14   5.24430200e+10 -6.41380018e+06  1.62e+04 2.07e+01  6.18e+05     6s
  15   2.59348726e+10 -8.43966809e+05  5.93e+03 5.84e+00  2.24e+05     6s
  16   1.27838877e+10  3.54532704e+05  2.43e+03 2.91e+00  1.03e+05     6s
  17   8.01604513e+09  1.14546976e+06  1.41e+03 1.54e+00  5.99e+04     6s
  18   4.52640174e+09  2.12289219e+06  7.22e+02 6.14e-01  3.08e+04     6s
  19   2.35614377e+09  2.98122577e+06  3.46e+02 3.91e-01  1.58e+04     6s
  20   1.83318279e+09  4.11178392e+06  2.61e+02 2.17e-01  1.18e+04     6s
  21   1.15156577e+09  6.31105672e+06  1.57e+02 5.55e-02  6.94e+03     6s
  22   4.85595607e+08  7.38750944e+06  6.22e+01 2.75e-02  2.87e+03     6s
  23   2.71099770e+08  9.39109016e+06  3.31e+01 1.47e-02  1.56e+03     6s
  24   1.74845007e+08  1.22550235e+07  2.01e+01 7.30e-03  9.56e+02     6s
  25   1.17757634e+08  1.58662682e+07  1.23e+01 3.47e-03  5.94e+02     6s
  26   8.83237464e+07  1.74134639e+07  8.38e+00 2.57e-03  4.12e+02     6s
  27   5.25609616e+07  1.94287721e+07  3.53e+00 1.43e-03  1.91e+02     6s
  28   4.13443380e+07  1.99360814e+07  2.21e+00 8.04e-04  1.23e+02     6s
  29   2.98244621e+07  2.06277394e+07  8.54e-01 9.96e-04  5.23e+01     6s
  30   2.70453139e+07  2.09513189e+07  5.42e-01 8.36e-04  3.45e+01     6s
  31   2.50113773e+07  2.13711986e+07  3.22e-01 6.84e-04  2.06e+01     6s
  32   2.36052886e+07  2.15520610e+07  1.75e-01 7.61e-04  1.16e+01     6s
  33   2.27928541e+07  2.16584991e+07  9.25e-02 5.26e-04  6.38e+00     6s
  34   2.23933766e+07  2.17182358e+07  5.35e-02 3.89e-04  3.79e+00     7s
  35   2.20938831e+07  2.17597404e+07  2.44e-02 3.23e-04  1.87e+00     7s
  36   2.20284008e+07  2.17803723e+07  1.76e-02 2.79e-04  1.38e+00     7s
  37   2.19606141e+07  2.18170422e+07  1.02e-02 2.32e-04  7.95e-01     7s
  38   2.19317104e+07  2.18335005e+07  6.50e-03 2.43e-04  5.40e-01     7s
  39   2.19064781e+07  2.18456476e+07  3.69e-03 2.40e-04  3.32e-01     7s
  40   2.18969724e+07  2.18532477e+07  2.40e-03 2.14e-04  2.37e-01     7s
  41   2.18857661e+07  2.18626756e+07  1.26e-03 1.83e-04  1.25e-01     7s
  42   2.18806659e+07  2.18663800e+07  7.95e-04 2.69e-04  7.73e-02     7s
  43   2.18762249e+07  2.18676683e+07  4.20e-04 2.83e-04  4.62e-02     7s
  44   2.18739650e+07  2.18692542e+07  2.39e-04 2.31e-04  2.54e-02     7s
  45   2.18717117e+07  2.18699611e+07  7.76e-05 6.04e-05  9.42e-03     7s
  46   2.18707918e+07  2.18702018e+07  2.14e-05 2.53e-05  3.17e-03     7s
  47   2.18705129e+07  2.18703315e+07  6.32e-06 1.49e-05  9.73e-04     7s
  48   2.18704256e+07  2.18703490e+07  2.60e-06 5.18e-06  4.11e-04     7s
  49   2.18703815e+07  2.18703549e+07  8.28e-07 2.11e-06  1.42e-04     7s
  50   2.18703702e+07  2.18703570e+07  4.06e-07 1.00e-06  7.09e-05     7s
  51   2.18703599e+07  2.18703582e+07  4.13e-08 1.11e-07  9.26e-06     7s
  52   2.18703588e+07  2.18703583e+07  1.04e-08 5.06e-08  2.54e-06     8s
  53   2.18703586e+07  2.18703583e+07  5.52e-09 2.01e-08  1.30e-06     8s
  54   2.18703584e+07  2.18703583e+07  1.14e-09 1.24e-08  2.33e-07     8s
  55   2.18703584e+07  2.18703583e+07  2.01e-09 9.44e-09  1.33e-08     8s
  56   2.18703583e+07  2.18703583e+07  5.96e-10 2.52e-09  3.75e-10     8s

Barrier solved model in 56 iterations and 7.94 seconds (7.33 work units)
Optimal objective 2.18703583e+07


Root crossover log...

    7215 DPushes remaining with DInf 0.0000000e+00                 8s
       0 DPushes remaining with DInf 0.0000000e+00                 8s

    1969 PPushes remaining with PInf 4.3947013e-06                 8s
       0 PPushes remaining with PInf 0.0000000e+00                 8s

  Push phase complete: Pinf 0.0000000e+00, Dinf 2.6349836e-04      8s


Root simplex log...

Iteration    Objective       Primal Inf.    Dual Inf.      Time
    7166    2.1870358e+07   0.000000e+00   2.634983e-04      8s
    7172    2.1870358e+07   0.000000e+00   0.000000e+00      8s
    7172    2.1870358e+07   0.000000e+00   0.000000e+00      8s
    7172    2.1870358e+07   0.000000e+00   0.000000e+00      8s
Concurrent spin time: 0.84s (can be avoided by choosing Method=3)

Solved with barrier

Root relaxation: objective 2.187036e+07, 7172 iterations, 4.64 seconds (3.73 work units)

    Nodes    |    Current Node    |     Objective Bounds      |     Work
 Expl Unexpl |  Obj  Depth IntInf | Incumbent    BestBd   Gap | It/Node Time

     0     0 2.1870e+07    0  495          - 2.1870e+07      -     -   10s
H    0     0                    4230181.8617 2.1870e+07   417%     -   13s
     0     0 2.1854e+07    0  678 4230181.86 2.1854e+07   417%     -   16s
H    0     0                    2.050006e+07 2.1854e+07  6.61%     -   17s
H    0     0                    2.139008e+07 2.1853e+07  2.17%     -   18s
     0     0 2.1853e+07    0  771 2.1390e+07 2.1853e+07  2.17%     -   18s
     0     0 2.1853e+07    0  776 2.1390e+07 2.1853e+07  2.17%     -   19s
     0     0 2.1853e+07    0  781 2.1390e+07 2.1853e+07  2.17%     -   19s
     0     0 2.1849e+07    0  805 2.1390e+07 2.1849e+07  2.15%     -   24s
     0     0 2.1847e+07    0  852 2.1390e+07 2.1847e+07  2.13%     -   29s
     0     0 2.1846e+07    0  865 2.1390e+07 2.1846e+07  2.13%     -   30s
     0     0 2.1846e+07    0  874 2.1390e+07 2.1846e+07  2.13%     -   31s
     0     0 2.1846e+07    0  870 2.1390e+07 2.1846e+07  2.13%     -   31s
     0     0 2.1846e+07    0  880 2.1390e+07 2.1846e+07  2.13%     -   32s
     0     0 2.1843e+07    0  841 2.1390e+07 2.1843e+07  2.12%     -   40s
     0     0 2.1843e+07    0  841 2.1390e+07 2.1843e+07  2.12%     -   40s
H    0     0                    2.142594e+07 2.1843e+07  1.94%     -   43s
     0     0 2.1842e+07    0  877 2.1426e+07 2.1842e+07  1.94%     -   45s
     0     0 2.1841e+07    0  928 2.1426e+07 2.1841e+07  1.94%     -   46s
     0     0 2.1841e+07    0  928 2.1426e+07 2.1841e+07  1.94%     -   46s
     0     0 2.1841e+07    0  968 2.1426e+07 2.1841e+07  1.94%     -   47s
     0     0 2.1841e+07    0  963 2.1426e+07 2.1841e+07  1.94%     -   48s
     0     0 2.1841e+07    0  963 2.1426e+07 2.1841e+07  1.94%     -   48s
     0     0 2.1841e+07    0  971 2.1426e+07 2.1841e+07  1.94%     -   48s
     0     0 2.1840e+07    0  921 2.1426e+07 2.1840e+07  1.93%     -   55s
     0     0 2.1840e+07    0  924 2.1426e+07 2.1840e+07  1.93%     -   55s
     0     0 2.1839e+07    0  928 2.1426e+07 2.1839e+07  1.93%     -   59s
     0     0 2.1839e+07    0  934 2.1426e+07 2.1839e+07  1.93%     -   60s
     0     0 2.1839e+07    0  946 2.1426e+07 2.1839e+07  1.93%     -   60s
     0     0 2.1839e+07    0  948 2.1426e+07 2.1839e+07  1.93%     -   60s
     0     0 2.1839e+07    0  949 2.1426e+07 2.1839e+07  1.93%     -   61s
     0     0 2.1838e+07    0  740 2.1426e+07 2.1838e+07  1.93%     -   70s
H    0     0                    2.149319e+07 2.1838e+07  1.61%     -   72s
     0     0 2.1838e+07    0  781 2.1493e+07 2.1838e+07  1.61%     -   73s
     0     0 2.1838e+07    0  821 2.1493e+07 2.1838e+07  1.60%     -   74s
     0     0 2.1838e+07    0  817 2.1493e+07 2.1838e+07  1.60%     -   74s
     0     0 2.1838e+07    0  815 2.1493e+07 2.1838e+07  1.60%     -   75s
     0     0 2.1838e+07    0  819 2.1493e+07 2.1838e+07  1.60%     -   75s
     0     0 2.1838e+07    0  830 2.1493e+07 2.1838e+07  1.60%     -   78s
H    0     0                    2.151117e+07 2.1838e+07  1.52%     -   80s
     0     0 2.1838e+07    0  849 2.1511e+07 2.1838e+07  1.52%     -   82s
     0     0 2.1837e+07    0  866 2.1511e+07 2.1837e+07  1.52%     -   82s
     0     0 2.1837e+07    0  857 2.1511e+07 2.1837e+07  1.52%     -   83s
     0     0 2.1837e+07    0  870 2.1511e+07 2.1837e+07  1.52%     -   83s
     0     0 2.1837e+07    0  879 2.1511e+07 2.1837e+07  1.52%     -   83s
     0     0 2.1837e+07    0  866 2.1511e+07 2.1837e+07  1.52%     -   87s
H    0     0                    2.152679e+07 2.1837e+07  1.44%     -   89s
     0     0 2.1837e+07    0  916 2.1527e+07 2.1837e+07  1.44%     -   91s
     0     0 2.1837e+07    0  920 2.1527e+07 2.1837e+07  1.44%     -   91s
     0     0 2.1837e+07    0  919 2.1527e+07 2.1837e+07  1.44%     -   92s
     0     0 2.1837e+07    0  915 2.1527e+07 2.1837e+07  1.44%     -   92s
     0     0 2.1837e+07    0  890 2.1527e+07 2.1837e+07  1.44%     -   97s
H    0     0                    2.153715e+07 2.1837e+07  1.39%     -  101s
H    0     0                    2.154398e+07 2.1837e+07  1.36%     -  101s
H    0     0                    2.154970e+07 2.1837e+07  1.33%     -  101s
H    0     0                    2.155081e+07 2.1837e+07  1.33%     -  101s
H    0     0                    2.155088e+07 2.1837e+07  1.33%     -  101s
     0     0 2.1837e+07    0  883 2.1551e+07 2.1837e+07  1.33%     -  102s
     0     0 2.1837e+07    0  909 2.1551e+07 2.1837e+07  1.33%     -  103s
     0     0 2.1836e+07    0  896 2.1551e+07 2.1836e+07  1.33%     -  103s
     0     0 2.1836e+07    0  901 2.1551e+07 2.1836e+07  1.33%     -  104s
     0     0 2.1836e+07    0  901 2.1551e+07 2.1836e+07  1.32%     -  108s
     0     0 2.1836e+07    0  897 2.1551e+07 2.1836e+07  1.32%     -  108s
H    0     0                    2.158013e+07 2.1836e+07  1.19%     -  111s
     0     0 2.1836e+07    0  925 2.1580e+07 2.1836e+07  1.19%     -  112s
     0     0 2.1836e+07    0  898 2.1580e+07 2.1836e+07  1.19%     -  113s
     0     0 2.1836e+07    0  898 2.1580e+07 2.1836e+07  1.19%     -  113s
     0     0 2.1836e+07    0  912 2.1580e+07 2.1836e+07  1.19%     -  114s
     0     0 2.1836e+07    0  927 2.1580e+07 2.1836e+07  1.19%     -  114s
     0     0 2.1836e+07    0  893 2.1580e+07 2.1836e+07  1.18%     -  118s
     0     0 2.1836e+07    0  874 2.1580e+07 2.1836e+07  1.18%     -  123s
     0     0 2.1836e+07    0  876 2.1580e+07 2.1836e+07  1.18%     -  124s
     0     0 2.1836e+07    0  900 2.1580e+07 2.1836e+07  1.18%     -  124s
     0     0 2.1836e+07    0  893 2.1580e+07 2.1836e+07  1.18%     -  124s
     0     0 2.1836e+07    0  869 2.1580e+07 2.1836e+07  1.18%     -  128s
     0     0 2.1836e+07    0  852 2.1580e+07 2.1836e+07  1.18%     -  131s
     0     0 2.1835e+07    0  884 2.1580e+07 2.1835e+07  1.18%     -  132s
     0     0 2.1835e+07    0  869 2.1580e+07 2.1835e+07  1.18%     -  132s
     0     0 2.1835e+07    0  870 2.1580e+07 2.1835e+07  1.18%     -  132s
     0     0 2.1835e+07    0  870 2.1580e+07 2.1835e+07  1.18%     -  133s
     0     0 2.1835e+07    0  846 2.1580e+07 2.1835e+07  1.18%     -  136s
H    0     0                    2.160383e+07 2.1835e+07  1.07%     -  142s
H    0     0                    2.160408e+07 2.1835e+07  1.07%     -  142s
     0     0 2.1835e+07    0  865 2.1604e+07 2.1835e+07  1.07%     -  143s
     0     0 2.1835e+07    0  865 2.1604e+07 2.1835e+07  1.07%     -  144s
     0     0 2.1835e+07    0  878 2.1604e+07 2.1835e+07  1.07%     -  144s
     0     0 2.1835e+07    0  852 2.1604e+07 2.1835e+07  1.07%     -  147s
     0     0 2.1835e+07    0  855 2.1604e+07 2.1835e+07  1.07%     -  150s
     0     0 2.1835e+07    0  847 2.1604e+07 2.1835e+07  1.07%     -  150s
     0     0 2.1835e+07    0  843 2.1604e+07 2.1835e+07  1.07%     -  151s
     0     0 2.1835e+07    0  853 2.1604e+07 2.1835e+07  1.07%     -  151s
     0     0 2.1835e+07    0  863 2.1604e+07 2.1835e+07  1.07%     -  154s
     0     0 2.1835e+07    0  843 2.1604e+07 2.1835e+07  1.07%     -  155s
     0     0 2.1835e+07    0  848 2.1604e+07 2.1835e+07  1.07%     -  156s
     0     0 2.1835e+07    0  847 2.1604e+07 2.1835e+07  1.07%     -  156s
     0     0 2.1835e+07    0  842 2.1604e+07 2.1835e+07  1.07%     -  159s
     0     0 2.1835e+07    0  847 2.1604e+07 2.1835e+07  1.07%     -  162s
     0     0 2.1835e+07    0  837 2.1604e+07 2.1835e+07  1.07%     -  162s
     0     0 2.1835e+07    0  818 2.1604e+07 2.1835e+07  1.07%     -  165s
H    0     0                    2.162568e+07 2.1835e+07  0.97%     -  179s
     0     0 2.1835e+07    0  818 2.1626e+07 2.1835e+07  0.97%     -  180s
H    0     0                    2.163289e+07 2.1835e+07  0.93%     -  200s
     0     2 2.1835e+07    0  818 2.1633e+07 2.1835e+07  0.93%     -  202s
     3     8 2.1835e+07    2  819 2.1633e+07 2.1835e+07  0.93%   422  205s
    31    64 2.1834e+07    5  830 2.1633e+07 2.1835e+07  0.93%   821  212s
    95   128 2.1834e+07    7  828 2.1633e+07 2.1834e+07  0.93%   500  216s
H  127   160                    2.163297e+07 2.1834e+07  0.93%   404  220s
H  133   160                    2.163556e+07 2.1834e+07  0.92%   395  220s
   194   328 2.1834e+07    9  814 2.1636e+07 2.1834e+07  0.92%   339  227s
   327   409 2.1834e+07   13  827 2.1636e+07 2.1834e+07  0.92%   281  234s
   408   550 2.1833e+07   15  808 2.1636e+07 2.1834e+07  0.92%   268  237s
   549   739 2.1833e+07   17  834 2.1636e+07 2.1834e+07  0.92%   248  240s
   861  1060 2.1832e+07   26  823 2.1636e+07 2.1834e+07  0.92%   224  246s
  1059  1092 2.1832e+07   29  826 2.1636e+07 2.1834e+07  0.92%   218  253s
  1091  1124 2.1831e+07   29  820 2.1636e+07 2.1834e+07  0.92%   216  261s
  1155  1188 2.1832e+07   30  820 2.1636e+07 2.1834e+07  0.92%   216  269s
H 1156  1188                    2.164096e+07 2.1834e+07  0.89%   216  269s
  1187  1498 2.1832e+07   31  795 2.1641e+07 2.1834e+07  0.89%   216  274s
  1497  1765 2.1832e+07   35  789 2.1641e+07 2.1834e+07  0.89%   207  277s
  1764  2039 2.1831e+07   40  775 2.1641e+07 2.1834e+07  0.89%   204  281s
  2038  2234 2.1831e+07   44  767 2.1641e+07 2.1834e+07  0.89%   199  285s
H 2233  2266                    2.165406e+07 2.1834e+07  0.83%   200  290s
H 2260  2266                    2.165666e+07 2.1834e+07  0.82%   201  290s
  2593  2904 2.1829e+07   57  757 2.1657e+07 2.1834e+07  0.82%   198  298s
  2905  3176 2.1829e+07   61  731 2.1657e+07 2.1834e+07  0.82%   199  301s
  3513  3829 2.1829e+07   71  729 2.1657e+07 2.1834e+07  0.82%   195  306s
  3830  3861 2.1829e+07   75  732 2.1657e+07 2.1834e+07  0.82%   192  313s
  3862  3893 2.1829e+07   76  722 2.1657e+07 2.1834e+07  0.82%   192  317s
H 3874  3893                    2.167126e+07 2.1834e+07  0.75%   192  317s
  4249  4585 2.1827e+07   82  729 2.1671e+07 2.1834e+07  0.75%   188  322s
  4589  4898 2.1827e+07   86  715 2.1671e+07 2.1834e+07  0.75%   186  325s
  4902  4959 2.1827e+07   95  696 2.1671e+07 2.1834e+07  0.75%   185  331s
H 4947  4957                    2.167428e+07 2.1834e+07  0.74%   185  331s
H 4962  4953                    2.168637e+07 2.1834e+07  0.68%   184  331s
  5357  5761 2.1825e+07  115  682 2.1686e+07 2.1834e+07  0.68%   180  336s
  6211  6417 2.1822e+07  125  676 2.1686e+07 2.1834e+07  0.68%   174  343s
  6475  6848 2.1822e+07  128  677 2.1686e+07 2.1834e+07  0.68%   172  347s
  6922  7301 2.1822e+07  131  670 2.1686e+07 2.1834e+07  0.68%   169  351s
  7905  8302 2.1820e+07  143  650 2.1686e+07 2.1834e+07  0.68%   165  358s
  8429  8334 2.1821e+07  145  652 2.1686e+07 2.1834e+07  0.68%   163  368s
H 8431  8334                    2.168649e+07 2.1834e+07  0.68%   163  368s
H 8435  8334                    2.168649e+07 2.1834e+07  0.68%   164  368s
H 8437  8233                    2.168827e+07 2.1834e+07  0.67%   164  368s
H 8449  8161                    2.168984e+07 2.1834e+07  0.67%   164  368s
  8461  8639 2.1821e+07  146  645 2.1690e+07 2.1834e+07  0.67%   164  371s
  8954  9044 2.1819e+07  150  630 2.1690e+07 2.1834e+07  0.67%   163  376s
  9368  9513 2.1819e+07  160  581 2.1690e+07 2.1834e+07  0.67%   165  380s
  9837  9609 2.1819e+07  171  582 2.1690e+07 2.1834e+07  0.67%   166  385s
  9933 10183 2.1819e+07  174  582 2.1690e+07 2.1834e+07  0.67%   165  390s
 10513 10334 2.1818e+07  194  582 2.1690e+07 2.1834e+07  0.67%   162  396s
H10520 10179                    2.169303e+07 2.1834e+07  0.65%   163  396s
H10618 10027                    2.169726e+07 2.1834e+07  0.63%   163  396s
 10664 10550 2.1818e+07  195  579 2.1697e+07 2.1834e+07  0.63%   163  401s
 11203 11086 2.1817e+07  203  561 2.1697e+07 2.1834e+07  0.63%   164  405s
 11740 11682 2.1815e+07  214  550 2.1697e+07 2.1834e+07  0.63%   166  410s
 12340 12258 2.1815e+07  235  512 2.1697e+07 2.1834e+07  0.63%   167  415s
H12508 12242                    2.169772e+07 2.1834e+07  0.63%   167  415s
H12854 11910                    2.170987e+07 2.1834e+07  0.57%   167  415s
 12927 12607 2.1813e+07  256  472 2.1710e+07 2.1834e+07  0.57%   168  420s
 13636 12638 2.1811e+07  276  461 2.1710e+07 2.1834e+07  0.57%   168  434s
 13668 12670 2.1812e+07  277  437 2.1710e+07 2.1834e+07  0.57%   169  439s
H13674 12538                    2.171601e+07 2.1834e+07  0.54%   169  439s
 13700 13028 2.1811e+07  278  454 2.1716e+07 2.1834e+07  0.54%   169  445s
H13877 12891                    2.172284e+07 2.1834e+07  0.51%   168  445s
 14190 13913 2.1811e+07  291  416 2.1723e+07 2.1834e+07  0.51%   167  451s
H15212 13913                    2.172285e+07 2.1834e+07  0.51%   164  463s
H15212 13913                    2.172285e+07 2.1834e+07  0.51%   164  467s
H15212 13875                    2.172611e+07 2.1834e+07  0.50%   164  474s
 15213 13876 2.1766e+07  220  818 2.1726e+07 2.1834e+07  0.50%   164  622s
H15214 13183                    2.172671e+07 2.1834e+07  0.49%   164  748s
H15214 12523                    2.172687e+07 2.1834e+07  0.49%   164  748s
H15214 11897                    2.172818e+07 2.1833e+07  0.48%   164  748s
 15216 11898 2.1817e+07   63  588 2.1728e+07 2.1833e+07  0.48%   164  764s
 15217 11899 2.1821e+07  136  645 2.1728e+07 2.1833e+07  0.48%   164  769s
 15218 11899 2.1814e+07   40  691 2.1728e+07 2.1833e+07  0.48%   164  774s
H15218 11304                    2.173558e+07 2.1833e+07  0.45%   164  776s
 15220 11306 2.1825e+07   90  712 2.1736e+07 2.1833e+07  0.45%   164  787s
 15221 11306 2.1811e+07  255  784 2.1736e+07 2.1833e+07  0.45%   164  791s
 15222 11307 2.1813e+07  195  742 2.1736e+07 2.1832e+07  0.44%   164  797s
 15223 11308 2.1809e+07  165  755 2.1736e+07 2.1831e+07  0.44%   164  802s
 15224 11308 2.1745e+07  459  763 2.1736e+07 2.1830e+07  0.44%   164  805s
H15224 10743                    2.175157e+07 2.1830e+07  0.36%   164  806s
 15228 10746 2.1823e+07   53  794 2.1752e+07 2.1830e+07  0.36%   164  810s
H15232 10211                    2.175808e+07 2.1830e+07  0.33%   164  812s
H15234  9701                    2.176216e+07 2.1830e+07  0.31%   164  895s
H15234  9215                    2.177052e+07 2.1830e+07  0.27%   164  895s
H15234  8754                    2.177080e+07 2.1830e+07  0.27%   164  895s
 15236  8755 2.1826e+07   77  753 2.1771e+07 2.1829e+07  0.27%   164  901s
 15241  8759 2.1826e+07   73  744 2.1771e+07 2.1829e+07  0.27%   164  905s
H15242  8321                    2.177321e+07 2.1829e+07  0.26%   164  960s
H15242  7904                    2.177611e+07 2.1829e+07  0.24%   164  960s
H15242  7508                    2.177715e+07 2.1829e+07  0.24%   164  960s
H15242  7133                    2.177748e+07 2.1829e+07  0.24%   164  960s
 15244  7135 2.1809e+07  218  734 2.1777e+07 2.1829e+07  0.24%   164  966s
 15249  7138 2.1797e+07  293  724 2.1777e+07 2.1829e+07  0.24%   164  970s
H15249  6780                    2.179880e+07 2.1829e+07  0.14%   164 1030s
H15249  6440                    2.179887e+07 2.1829e+07  0.14%   164 1030s
H15249  6118                    2.179948e+07 2.1829e+07  0.13%   164 1030s
 15252  6120 2.1799e+07  284  727 2.1799e+07 2.1828e+07  0.13%   164 1035s
 15255  6122 2.1823e+07   26  740 2.1799e+07 2.1828e+07  0.13%   164 1159s
 15256  6123 2.1826e+07   72  750 2.1799e+07 2.1828e+07  0.13%   164 1163s
 15259  6125 2.1827e+07   60  755 2.1799e+07 2.1828e+07  0.13%   164 1218s
H15259  5818                    2.179969e+07 2.1828e+07  0.13%   164 1224s
 15261  5819 2.1806e+07   77  738 2.1800e+07 2.1828e+07  0.13%   164 1225s
 15263  5820 2.1800e+07  262  748 2.1800e+07 2.1828e+07  0.13%   164 1275s
 15265  5822 2.1811e+07  180  723 2.1800e+07 2.1828e+07  0.13%   164 1280s
 15266  5822 2.1807e+07  206  730 2.1800e+07 2.1828e+07  0.13%   164 1344s
 15267  5823 2.1816e+07  215  731 2.1800e+07 2.1828e+07  0.13%   164 1347s
 15268  5824 2.1821e+07   71  732 2.1800e+07 2.1828e+07  0.13%   164 1416s
 15270  5825 2.1817e+07   76  733 2.1800e+07 2.1828e+07  0.13%   163 1420s
H15270  5533                    2.180099e+07 2.1828e+07  0.12%   163 1493s
 15272  5534 2.1809e+07  203  721 2.1801e+07 2.1828e+07  0.12%   163 1499s
 15273  5535 2.1823e+07   29  721 2.1801e+07 2.1828e+07  0.12%   163 1501s
H15273  5257                    2.180159e+07 2.1828e+07  0.12%   163 1579s
 15278  5262 2.1802e+07  283  818 2.1802e+07 2.1828e+07  0.12%   169 1582s
H15279  4999                    2.180175e+07 2.1828e+07  0.12%   169 1732s
 15281  5000 2.1813e+07  130  664 2.1802e+07 2.1828e+07  0.12%   169 1744s
 15282  5001 2.1810e+07  169  617 2.1802e+07 2.1828e+07  0.12%   169 1750s
 15283  5001 2.1828e+07   15  658 2.1802e+07 2.1828e+07  0.12%   169 1756s
 15284  5002 2.1802e+07   99  639 2.1802e+07 2.1828e+07  0.12%   169 1763s
 15285  5003 2.1815e+07  187  683 2.1802e+07 2.1828e+07  0.12%   169 1769s
 15286  5003 2.1811e+07  114  744 2.1802e+07 2.1828e+07  0.12%   169 1774s
 15287  5004 2.1826e+07   79  744 2.1802e+07 2.1828e+07  0.12%   169 1777s
 15288  5005 2.1802e+07   55  728 2.1802e+07 2.1828e+07  0.12%   169 1780s
H15292  4757                    2.180200e+07 2.1828e+07  0.12%   169 1938s
 15294  4759 2.1802e+07  101  728 2.1802e+07 2.1828e+07  0.12%   169 1943s
 15297  4761 2.1802e+07  109  730 2.1802e+07 2.1828e+07  0.12%   169 1945s
 15298  4761 2.1802e+07  297  735 2.1802e+07 2.1828e+07  0.12%   169 2312s
 15299  4762 2.1818e+07   93  749 2.1802e+07 2.1828e+07  0.12%   169 2317s
 15302  4764 2.1823e+07   26  742 2.1802e+07 2.1828e+07  0.12%   169 2443s
 15303  4765 2.1802e+07  280  700 2.1802e+07 2.1827e+07  0.12%   169 2446s
H15305  4527                    2.180343e+07 2.1827e+07  0.11%   169 2530s
H15308  4302                    2.180350e+07 2.1827e+07  0.11%   169 2649s
 15310  4303 2.1803e+07  267  719 2.1803e+07 2.1827e+07  0.11%   169 2652s
H15311  4088                    2.180356e+07 2.1827e+07  0.11%   169 2805s
H15311  3883                    2.180359e+07 2.1827e+07  0.11%   169 2805s
H15314  3690                    2.180370e+07 2.1827e+07  0.11%   169 3079s
 15316  3691 2.1817e+07   63  704 2.1804e+07 2.1827e+07  0.11%   169 3085s
 15317  3692 2.1821e+07  136  702 2.1804e+07 2.1827e+07  0.11%   169 3242s
 15318  3693 2.1814e+07   40  713 2.1804e+07 2.1827e+07  0.11%   169 3246s
H15318  3508                    2.180371e+07 2.1827e+07  0.11%   169 3302s
 15321  3510 2.1811e+07  255  710 2.1804e+07 2.1827e+07  0.11%   169 3311s
 15322  3510 2.1813e+07  195  710 2.1804e+07 2.1827e+07  0.11%   169 3348s
 15323  3514 2.1827e+07   24  704 2.1804e+07 2.1827e+07  0.11%   173 3367s
 15325  3517 2.1827e+07   25  703 2.1804e+07 2.1827e+07  0.11%   173 3371s
 15337  3534 2.1827e+07   27  692 2.1804e+07 2.1827e+07  0.11%   174 3380s
 15353  3543 2.1826e+07   28  691 2.1804e+07 2.1826e+07  0.10%   175 3386s
 15382  3549 2.1826e+07   29  696 2.1804e+07 2.1826e+07  0.10%   176 3396s
 15414  3571 2.1826e+07   30  696 2.1804e+07 2.1826e+07  0.10%   176 3403s
 15482  3558 2.1826e+07   32  718 2.1804e+07 2.1826e+07  0.10%   176 3409s
 15553  3538 2.1826e+07   33  724 2.1804e+07 2.1826e+07  0.10%   176 3415s
 15596  3529 2.1825e+07   34  733 2.1804e+07 2.1826e+07  0.10%   176 3421s

Cutting planes:
  Gomory: 29
  Implied bound: 415
  MIR: 1040
  Flow cover: 1297
  RLT: 25
  Relax-and-lift: 911
  BQP: 2

Explored 15654 nodes (2851391 simplex iterations) in 3422.36 seconds (4066.61 work units)
Thread count was 32 (of 192 available processors)

Solution count 10: 2.18037e+07 2.18037e+07 2.18037e+07 ... 2.18016e+07

Optimal solution found (tolerance 1.00e-03)
Best objective 2.180371045259e+07, best bound 2.182550578622e+07, gap 0.1000%
Deleted nodefile directory: /scratch-local/lbeemster.21326239/gurobi_dev0.2_sub50.0_run4
Saved model snapshot to study_case_model/figures/subsidy_experiment/run_29326/dev0.2/sub50.0/run4/model_snapshot.pkl
Finished successfully!
