Gurobi shell based on Python 3.13.1 can be launched with command `gurobi.sh`
Gurobi Python Interface can be loaded in Python 3.13.1 with 'import gurobipy'
/var/spool/slurm/slurmd/job21305890/slurm_script: line 24: activate: No such file or directory
Solving model: dev0.05, sub38.0, run3
Read LP format model from file /scratch-local/lbeemster.21305890/tmpy3305k2s.pyomo.lp
Reading time = 0.55 seconds
x1: 176513 rows, 50050 columns, 1016320 nonzeros
Set parameter OutputFlag to value 1
Set parameter MIPGap to value 0.001
Set parameter Threads to value 32
Set parameter Presolve to value 1
Set parameter Cuts to value 1
Set parameter NodefileStart to value 1
Set parameter NodefileDir to value "/scratch-local/lbeemster.21305890/gurobi_dev0.05_sub38.0_run3"
Set parameter MemLimit to value 60
Gurobi Optimizer version 12.0.3 build v12.0.3rc0 (linux64 - "Red Hat Enterprise Linux 9.6 (Plow)")

CPU model: AMD EPYC 9654 96-Core Processor, instruction set [SSE2|AVX|AVX2|AVX512]
Thread count: 192 physical cores, 192 logical processors, using up to 32 threads

Non-default parameters:
MemLimit  60
MIPGap  0.001
NodefileStart  1
Cuts  1
Presolve  1
Threads  32

Academic license 2514514 - for non-commercial use only - registered to l.___@student.vu.nl
Optimize a model with 176513 rows, 50050 columns and 1016320 nonzeros
Model fingerprint: 0x8ce76ca2
Variable types: 39426 continuous, 10624 integer (10624 binary)
Coefficient statistics:
  Matrix range     [6e-05, 1e+05]
  Objective range  [8e-01, 3e+04]
  Bounds range     [1e+00, 1e+00]
  RHS range        [3e-01, 2e+05]
Presolve removed 31744 rows and 21238 columns
Presolve time: 3.02s
Presolved: 144769 rows, 28812 columns, 849337 nonzeros
Variable types: 22948 continuous, 5864 integer (5864 binary)

Deterministic concurrent LP optimizer: primal simplex, dual simplex, and barrier
Showing barrier log only...

Root relaxation presolved: 26779 rows, 171548 columns, 877968 nonzeros

Root barrier log...

Ordering time: 0.05s

Barrier statistics:
 Dense cols : 38
 Free vars  : 2112
 AA' NZ     : 5.965e+05
 Factor NZ  : 1.651e+06 (roughly 100 MB of memory)
 Factor Ops : 1.231e+08 (less than 1 second per iteration)
 Threads    : 29

                  Objective                Residual
Iter       Primal          Dual         Primal    Dual     Compl     Time
   0   1.67473244e+12  7.16289353e+05  7.87e+06 3.09e+02  1.65e+08     5s
   1   1.27340508e+12 -2.37434045e+08  5.15e+06 3.28e+03  1.05e+08     5s
   2   9.09719414e+11 -2.33908603e+08  2.79e+06 1.99e+03  6.16e+07     5s
   3   6.58060058e+11 -1.90331014e+08  1.33e+06 1.36e+03  3.75e+07     5s
   4   4.90349900e+11 -1.36868336e+08  6.24e+05 9.30e+02  2.30e+07     5s
   5   3.98660025e+11 -7.96220159e+07  3.85e+05 4.98e+02  1.31e+07     5s
   6   3.02434999e+11 -5.14244613e+07  2.25e+05 3.08e+02  8.05e+06     5s
   7   2.35098451e+11 -4.13917553e+07  1.47e+05 2.44e+02  5.97e+06     5s
   8   2.20440021e+11 -3.96600328e+07  1.36e+05 2.33e+02  5.65e+06     5s
   9   1.50111401e+11 -2.39762763e+07  6.46e+04 1.33e+02  3.13e+06     5s
  10   1.13789494e+11 -1.65458989e+07  4.11e+04 9.06e+01  2.11e+06     5s
  11   8.53929772e+10 -8.97462102e+06  2.59e+04 5.22e+01  1.28e+06     5s
  12   5.97111701e+10 -3.68821650e+06  1.51e+04 2.67e+01  7.14e+05     5s
  13   3.35802472e+10 -8.28226624e+05  6.96e+03 1.02e+01  3.14e+05     6s
  14   2.08020538e+10 -2.13395350e+05  3.81e+03 6.77e+00  1.87e+05     6s
  15   8.87907664e+09  5.81062729e+05  1.32e+03 2.86e+00  7.32e+04     6s
  16   4.99864723e+09  1.73303735e+06  6.76e+02 8.81e-01  3.47e+04     6s
  17   2.51193532e+09  3.65148428e+06  3.08e+02 4.28e-01  1.66e+04     6s
  18   2.08232656e+09  4.24675367e+06  2.53e+02 2.86e-01  1.35e+04     6s
  19   9.54346113e+08  6.01772909e+06  1.09e+02 1.50e-01  6.03e+03     6s
  20   4.91707769e+08  7.33124325e+06  5.18e+01 8.34e-02  3.02e+03     6s
  21   2.40647136e+08  1.00986809e+07  2.22e+01 2.69e-02  1.37e+03     6s
  22   1.83283497e+08  1.33342961e+07  1.64e+01 9.24e-03  9.89e+02     6s
  23   8.45326023e+07  1.62494140e+07  5.35e+00 4.81e-03  3.88e+02     6s
  24   5.87270374e+07  1.81085670e+07  3.03e+00 3.18e-03  2.29e+02     6s
  25   3.85108952e+07  1.97232904e+07  1.23e+00 2.01e-03  1.05e+02     6s
  26   3.29702644e+07  2.01420633e+07  8.24e-01 1.23e-03  7.14e+01     6s
  27   2.70806793e+07  2.09083691e+07  3.67e-01 1.53e-03  3.41e+01     6s
  28   2.52915887e+07  2.11080879e+07  2.43e-01 1.03e-03  2.31e+01     6s
  29   2.37361527e+07  2.13357670e+07  1.32e-01 1.02e-03  1.32e+01     6s
  30   2.31759708e+07  2.14285069e+07  9.61e-02 6.06e-04  9.60e+00     6s
  31   2.26422158e+07  2.15026170e+07  6.14e-02 5.92e-04  6.25e+00     6s
  32   2.22552483e+07  2.15392481e+07  3.79e-02 5.48e-04  3.92e+00     6s
  33   2.19658710e+07  2.15648267e+07  2.06e-02 3.85e-04  2.19e+00     6s
  34   2.17904113e+07  2.15869232e+07  9.97e-03 3.20e-04  1.11e+00     6s
  35   2.17296247e+07  2.16024023e+07  5.79e-03 2.98e-04  6.91e-01     7s
  36   2.17115500e+07  2.16194397e+07  4.21e-03 2.43e-04  4.98e-01     7s
  37   2.16912260e+07  2.16346996e+07  2.54e-03 2.14e-04  3.04e-01     7s
  38   2.16789352e+07  2.16440178e+07  1.48e-03 1.89e-04  1.87e-01     7s
  39   2.16720339e+07  2.16500384e+07  9.72e-04 1.66e-04  1.18e-01     7s
  40   2.16661757e+07  2.16543418e+07  5.68e-04 1.72e-04  6.34e-02     7s
  41   2.16620743e+07  2.16552714e+07  3.09e-04 1.06e-04  3.64e-02     7s
  42   2.16598127e+07  2.16561721e+07  1.74e-04 6.31e-05  1.95e-02     7s
  43   2.16584313e+07  2.16563689e+07  9.71e-05 4.46e-05  1.10e-02     7s
  44   2.16570452e+07  2.16564979e+07  2.23e-05 2.46e-05  2.92e-03     7s
  45   2.16569158e+07  2.16565163e+07  1.64e-05 1.55e-05  2.13e-03     7s
  46   2.16568299e+07  2.16565299e+07  1.26e-05 7.51e-06  1.60e-03     7s
  47   2.16567194e+07  2.16565384e+07  7.61e-06 3.91e-06  9.67e-04     7s
  48   2.16565712e+07  2.16565436e+07  1.02e-06 4.60e-06  1.47e-04     7s
  49   2.16565496e+07  2.16565452e+07  1.27e-07 1.43e-06  2.34e-05     7s
  50   2.16565482e+07  2.16565458e+07  7.54e-08 5.93e-07  1.30e-05     7s
  51   2.16565475e+07  2.16565459e+07  4.66e-08 3.32e-07  8.19e-06     7s
  52   2.16565465e+07  2.16565460e+07  1.14e-08 2.34e-07  2.77e-06     7s
  53   2.16565462e+07  2.16565462e+07  2.23e-09 3.28e-08  2.53e-07     8s
  54   2.16565462e+07  2.16565462e+07  1.03e-08 3.31e-09  1.48e-08     8s
  55   2.16565462e+07  2.16565462e+07  1.50e-09 5.89e-10  1.24e-09     8s

Barrier solved model in 55 iterations and 7.68 seconds (7.03 work units)
Optimal objective 2.16565462e+07


Root crossover log...

    7826 DPushes remaining with DInf 0.0000000e+00                 8s
       0 DPushes remaining with DInf 0.0000000e+00                 8s

    2936 PPushes remaining with PInf 3.1699893e-06                 8s
       0 PPushes remaining with PInf 0.0000000e+00                 8s

  Push phase complete: Pinf 0.0000000e+00, Dinf 4.8296188e-04      8s


Root simplex log...

Iteration    Objective       Primal Inf.    Dual Inf.      Time
    8654    2.1656546e+07   0.000000e+00   4.829618e-04      8s
    8674    2.1656546e+07   0.000000e+00   0.000000e+00      8s
    8674    2.1656546e+07   0.000000e+00   0.000000e+00      8s
    8674    2.1656546e+07   0.000000e+00   0.000000e+00      8s
Concurrent spin time: 1.03s (can be avoided by choosing Method=3)

Solved with barrier

Root relaxation: objective 2.165655e+07, 8674 iterations, 4.86 seconds (3.64 work units)

    Nodes    |    Current Node    |     Objective Bounds      |     Work
 Expl Unexpl |  Obj  Depth IntInf | Incumbent    BestBd   Gap | It/Node Time

     0     0 2.1657e+07    0  473          - 2.1657e+07      -     -   10s
H    0     0                    3603817.0729 2.1657e+07   501%     -   13s
     0     0 2.1647e+07    0  663 3603817.07 2.1647e+07   501%     -   14s
H    0     0                    2.087700e+07 2.1647e+07  3.69%     -   16s
     0     0 2.1645e+07    0  622 2.0877e+07 2.1645e+07  3.68%     -   17s
     0     0 2.1644e+07    0  635 2.0877e+07 2.1644e+07  3.68%     -   18s
     0     0 2.1644e+07    0  636 2.0877e+07 2.1644e+07  3.67%     -   18s
     0     0 2.1644e+07    0  636 2.0877e+07 2.1644e+07  3.67%     -   18s
     0     0 2.1644e+07    0  636 2.0877e+07 2.1644e+07  3.67%     -   18s
     0     0 2.1642e+07    0  659 2.0877e+07 2.1642e+07  3.66%     -   23s
H    0     0                    2.089666e+07 2.1641e+07  3.56%     -   24s
     0     0 2.1641e+07    0  687 2.0897e+07 2.1641e+07  3.56%     -   25s
     0     0 2.1641e+07    0  695 2.0897e+07 2.1641e+07  3.56%     -   26s
     0     0 2.1641e+07    0  705 2.0897e+07 2.1641e+07  3.56%     -   26s
     0     0 2.1641e+07    0  705 2.0897e+07 2.1641e+07  3.56%     -   26s
     0     0 2.1609e+07    0  696 2.0897e+07 2.1609e+07  3.41%     -   31s
H    0     0                    2.115909e+07 2.1609e+07  2.13%     -   33s
     0     0 2.1609e+07    0  706 2.1159e+07 2.1609e+07  2.13%     -   34s
     0     0 2.1607e+07    0  703 2.1159e+07 2.1607e+07  2.12%     -   34s
     0     0 2.1607e+07    0  705 2.1159e+07 2.1607e+07  2.12%     -   34s
     0     0 2.1607e+07    0  710 2.1159e+07 2.1607e+07  2.11%     -   34s
     0     0 2.1607e+07    0  708 2.1159e+07 2.1607e+07  2.11%     -   35s
     0     0 2.1605e+07    0  654 2.1159e+07 2.1605e+07  2.11%     -   40s
     0     0 2.1604e+07    0  649 2.1159e+07 2.1604e+07  2.10%     -   42s
     0     0 2.1604e+07    0  665 2.1159e+07 2.1604e+07  2.10%     -   43s
     0     0 2.1604e+07    0  652 2.1159e+07 2.1604e+07  2.10%     -   43s
     0     0 2.1603e+07    0  527 2.1159e+07 2.1603e+07  2.10%     -   47s
H    0     0                    2.122260e+07 2.1603e+07  1.79%     -   49s
     0     0 2.1603e+07    0  576 2.1223e+07 2.1603e+07  1.79%     -   50s
     0     0 2.1603e+07    0  582 2.1223e+07 2.1603e+07  1.79%     -   50s
     0     0 2.1603e+07    0  591 2.1223e+07 2.1603e+07  1.79%     -   50s
     0     0 2.1601e+07    0  605 2.1223e+07 2.1601e+07  1.78%     -   54s
H    0     0                    2.122703e+07 2.1601e+07  1.76%     -   56s
     0     0 2.1601e+07    0  599 2.1227e+07 2.1601e+07  1.76%     -   57s
     0     0 2.1601e+07    0  612 2.1227e+07 2.1601e+07  1.76%     -   57s
     0     0 2.1601e+07    0  615 2.1227e+07 2.1601e+07  1.76%     -   57s
     0     0 2.1601e+07    0  615 2.1227e+07 2.1601e+07  1.76%     -   61s
H    0     0                    2.123120e+07 2.1601e+07  1.74%     -   63s
     0     0 2.1601e+07    0  628 2.1231e+07 2.1601e+07  1.74%     -   64s
     0     0 2.1601e+07    0  644 2.1231e+07 2.1601e+07  1.74%     -   64s
     0     0 2.1600e+07    0  652 2.1231e+07 2.1600e+07  1.74%     -   67s
     0     0 2.1600e+07    0  644 2.1231e+07 2.1600e+07  1.74%     -   71s
     0     0 2.1600e+07    0  657 2.1231e+07 2.1600e+07  1.74%     -   72s
     0     0 2.1598e+07    0  630 2.1231e+07 2.1598e+07  1.73%     -   75s
H    0     0                    2.123138e+07 2.1598e+07  1.73%     -   77s
     0     0 2.1598e+07    0  646 2.1231e+07 2.1598e+07  1.73%     -   77s
     0     0 2.1598e+07    0  655 2.1231e+07 2.1598e+07  1.73%     -   77s
     0     0 2.1597e+07    0  623 2.1231e+07 2.1597e+07  1.72%     -   80s
     0     0 2.1596e+07    0  620 2.1231e+07 2.1596e+07  1.72%     -   82s
     0     0 2.1596e+07    0  623 2.1231e+07 2.1596e+07  1.72%     -   82s
     0     0 2.1596e+07    0  625 2.1231e+07 2.1596e+07  1.72%     -   85s
H    0     0                    2.123734e+07 2.1596e+07  1.69%     -   88s
     0     0 2.1596e+07    0  626 2.1237e+07 2.1596e+07  1.69%     -   88s
     0     0 2.1596e+07    0  616 2.1237e+07 2.1596e+07  1.69%     -   91s
     0     0 2.1596e+07    0  620 2.1237e+07 2.1596e+07  1.69%     -   92s
     0     0 2.1596e+07    0  595 2.1237e+07 2.1596e+07  1.69%     -   94s
     0     0 2.1596e+07    0  595 2.1237e+07 2.1596e+07  1.69%     -  104s
H    0     0                    2.135978e+07 2.1596e+07  1.11%     -  106s
H    0     0                    2.135996e+07 2.1596e+07  1.11%     -  119s
H    0     0                    2.136032e+07 2.1596e+07  1.10%     -  120s
H    0     0                    2.136039e+07 2.1596e+07  1.10%     -  120s
H    0     0                    2.136045e+07 2.1596e+07  1.10%     -  120s
H    0     0                    2.136048e+07 2.1596e+07  1.10%     -  120s
H    0     0                    2.136049e+07 2.1596e+07  1.10%     -  120s
     0     2 2.1596e+07    0  595 2.1360e+07 2.1596e+07  1.10%     -  123s
     7    16 2.1596e+07    3  602 2.1360e+07 2.1596e+07  1.10%   436  125s
    63    96 2.1596e+07    6  608 2.1360e+07 2.1596e+07  1.10%   248  130s
H   74    96                    2.136875e+07 2.1596e+07  1.06%   241  130s
H   90    96                    2.136898e+07 2.1596e+07  1.06%   230  130s
   127   162 2.1587e+07    8  604 2.1369e+07 2.1596e+07  1.06%   255  138s
   161   194 2.1596e+07    8  606 2.1369e+07 2.1596e+07  1.06%   228  140s
H  165   194                    2.139634e+07 2.1596e+07  0.93%   224  140s
   374   465 2.1590e+07   12  605 2.1396e+07 2.1596e+07  0.93%   157  145s
H  375   465                    2.140265e+07 2.1596e+07  0.90%   156  145s
H  380   465                    2.140591e+07 2.1596e+07  0.89%   155  145s
H  399   465                    2.140803e+07 2.1596e+07  0.88%   154  145s
   696   758 2.1595e+07   18  600 2.1408e+07 2.1596e+07  0.88%   146  150s
   973  1006 2.1595e+07   28  561 2.1408e+07 2.1596e+07  0.88%   146  155s
H 1006  1040                    2.140814e+07 2.1596e+07  0.88%   145  158s
H 1016  1040                    2.140852e+07 2.1596e+07  0.88%   146  158s
H 1031  1040                    2.141688e+07 2.1596e+07  0.84%   147  158s
H 1036  1040                    2.141724e+07 2.1596e+07  0.84%   147  158s
  1127  1204 2.1595e+07   32  563 2.1417e+07 2.1596e+07  0.84%   148  160s
  1438  1536 2.1591e+07   38  541 2.1417e+07 2.1596e+07  0.84%   160  166s
  1648  1764 2.1589e+07   42  530 2.1417e+07 2.1596e+07  0.84%   167  170s
  2076  2105 2.1589e+07   49  517 2.1417e+07 2.1596e+07  0.84%   174  175s
H 2110  2139                    2.143485e+07 2.1596e+07  0.75%   177  179s
H 2116  2139                    2.143801e+07 2.1596e+07  0.74%   178  179s
H 2131  2139                    2.143855e+07 2.1596e+07  0.74%   181  179s
H 2137  2139                    2.144554e+07 2.1596e+07  0.70%   181  179s
  2142  2171 2.1589e+07   50  510 2.1446e+07 2.1596e+07  0.70%   181  183s
  2174  2204 2.1589e+07   50  518 2.1446e+07 2.1596e+07  0.70%   184  190s
H 2273  2272                    2.145205e+07 2.1596e+07  0.67%   200  193s
  2283  2483 2.1588e+07   52  487 2.1452e+07 2.1596e+07  0.67%   199  195s
  3136  3422 2.1583e+07   63  333 2.1452e+07 2.1596e+07  0.67%   180  200s
  3773  3779 2.1581e+07   80  306 2.1452e+07 2.1596e+07  0.67%   163  205s
H 3789  3779                    2.145330e+07 2.1596e+07  0.67%   163  205s
H 3790  3764                    2.145850e+07 2.1596e+07  0.64%   163  205s
  4271  4695 2.1580e+07   91  297 2.1458e+07 2.1596e+07  0.64%   153  210s
  4839  5351 2.1578e+07   98  284 2.1458e+07 2.1596e+07  0.64%   143  215s
  6450  6867 2.1573e+07  136  264 2.1458e+07 2.1596e+07  0.64%   120  221s
  7670  8184 2.1570e+07  175  227 2.1458e+07 2.1596e+07  0.64%   108  225s
  9174  9550 2.1569e+07  225  196 2.1458e+07 2.1596e+07  0.64%  96.8  230s
* 9562  9282             371    2.146672e+07 2.1596e+07  0.60%  94.9  230s
 10725 10819 2.1562e+07  258  200 2.1467e+07 2.1596e+07  0.60%  92.6  235s
 12266 12663 2.1559e+07  297  180 2.1467e+07 2.1596e+07  0.60%  86.0  240s
 14143 13951 2.1555e+07  371  156 2.1467e+07 2.1596e+07  0.60%  79.6  246s
 14551 13952 2.1593e+07   12  595 2.1467e+07 2.1596e+07  0.60%  78.7  326s
H14552 13255                    2.148066e+07 2.1596e+07  0.54%  78.7  481s
H14552 12592                    2.148076e+07 2.1596e+07  0.54%  78.7  481s
H14552 11962                    2.148141e+07 2.1596e+07  0.53%  78.7  481s
H14552 11364                    2.148381e+07 2.1596e+07  0.52%  78.7  481s
H14552 10796                    2.148420e+07 2.1596e+07  0.52%  78.7  481s
H14552 10256                    2.149301e+07 2.1596e+07  0.48%  78.7  482s
 14554 10257 2.1572e+07   34  484 2.1493e+07 2.1596e+07  0.48%  78.7  491s
 14556 10258 2.1493e+07  312  517 2.1493e+07 2.1596e+07  0.48%  78.7  497s
 14558 10260 2.1554e+07  283  516 2.1493e+07 2.1589e+07  0.45%  78.7  501s
 14560 10261 2.1572e+07  126  541 2.1493e+07 2.1585e+07  0.43%  78.7  508s
 14561 10262 2.1573e+07  130  512 2.1493e+07 2.1585e+07  0.43%  78.7  510s
H14566  9752                    2.150264e+07 2.1585e+07  0.38%  78.6  567s
 14568  9753 2.1572e+07  141  475 2.1503e+07 2.1584e+07  0.38%  78.6  572s
H14571  9267                    2.152794e+07 2.1581e+07  0.25%  78.6  672s
 14573  9269 2.1581e+07   20  466 2.1528e+07 2.1581e+07  0.25%  78.6  676s
H14576  8807                    2.153318e+07 2.1581e+07  0.22%  78.6  794s
H14576  8366                    2.154320e+07 2.1581e+07  0.17%  78.6  794s
H14576  7947                    2.154801e+07 2.1581e+07  0.15%  78.6  794s
 14578  7948 2.1572e+07  120  489 2.1548e+07 2.1581e+07  0.15%  78.6  797s
 14581  7950 2.1553e+07  267  488 2.1548e+07 2.1581e+07  0.15%  78.6  848s
 14582  7951 2.1548e+07  334  498 2.1548e+07 2.1581e+07  0.15%  78.6  851s
H14586  7555                    2.155055e+07 2.1580e+07  0.14%  78.5  921s
 14588  7557 2.1567e+07   75  502 2.1551e+07 2.1580e+07  0.14%  78.5  926s
H14591  7180                    2.155194e+07 2.1580e+07  0.13%  78.5 1059s
 14593  7181 2.1552e+07   78  499 2.1552e+07 2.1580e+07  0.13%  78.5 1062s
H14593  6821                    2.155584e+07 2.1580e+07  0.11%  78.5 1063s
H14595  6481                    2.155588e+07 2.1580e+07  0.11%  78.5 1134s
H14595  6156                    2.155589e+07 2.1580e+07  0.11%  78.5 1134s
 14597  6158 2.1575e+07   57  501 2.1556e+07 2.1580e+07  0.11%  78.5 1139s
 14600  6160 2.1580e+07   10  509 2.1556e+07 2.1580e+07  0.11%  78.5 1227s
 14601  6160 2.1556e+07   58  506 2.1556e+07 2.1580e+07  0.11%  78.4 1230s
 14605  6163 2.1572e+07   85  516 2.1556e+07 2.1580e+07  0.11%  78.4 1308s
 14606  6164 2.1563e+07   92  504 2.1556e+07 2.1580e+07  0.11%  78.4 1311s
 14609  6166 2.1580e+07   29  517 2.1556e+07 2.1580e+07  0.11%  78.4 1390s
 14613  6168 2.1568e+07  193  504 2.1556e+07 2.1580e+07  0.11%  78.4 1472s
 14614  6169 2.1556e+07  141  511 2.1556e+07 2.1580e+07  0.11%  78.4 1494s
 14616  6170 2.1561e+07  195  521 2.1556e+07 2.1580e+07  0.11%  78.4 1556s
 14617  6171 2.1563e+07  114  515 2.1556e+07 2.1580e+07  0.11%  78.4 1560s
 14621  6174 2.1556e+07  336  515 2.1556e+07 2.1580e+07  0.11%  78.3 1639s
 14622  6174 2.1556e+07  219  509 2.1556e+07 2.1580e+07  0.11%  78.3 1661s
 14625  6176 2.1580e+07   21  511 2.1556e+07 2.1580e+07  0.11%  78.3 1734s
 14626  6177 2.1567e+07  161  495 2.1556e+07 2.1580e+07  0.11%  78.3 1738s
 14629  6179 2.1579e+07   64  499 2.1556e+07 2.1580e+07  0.11%  78.3 1796s
 14630  6180 2.1563e+07   99  497 2.1556e+07 2.1580e+07  0.11%  78.3 1801s
H14631  5869                    2.155848e+07 2.1580e+07  0.10%  78.3 1892s
 14633  5871 2.1573e+07  129  495 2.1558e+07 2.1580e+07  0.10%  78.3 1895s
 14635  5872 2.1558e+07  305  507 2.1558e+07 2.1580e+07  0.10%  78.3 1965s
 14636  5873 2.1558e+07   48  500 2.1558e+07 2.1580e+07  0.10%  78.3 1991s
 14637  5873 2.1558e+07  291  493 2.1558e+07 2.1580e+07  0.10%  78.3 2040s
 14640  5875 2.1558e+07  205  505 2.1558e+07 2.1580e+07  0.10%  78.2 2108s
 14644  5879 2.1574e+07   52  595 2.1558e+07 2.1580e+07  0.10%  82.6 2112s
 14646  5880 2.1569e+07  193  433 2.1558e+07 2.1580e+07  0.10%  82.6 2294s
 14647  5881 2.1558e+07  400  403 2.1558e+07 2.1580e+07  0.10%  82.6 2304s
 14648  5882 2.1580e+07    8  417 2.1558e+07 2.1580e+07  0.10%  82.6 2307s
 14649  5882 2.1558e+07  287  502 2.1558e+07 2.1580e+07  0.10%  82.6 2311s
 14654  5886 2.1572e+07   34  487 2.1558e+07 2.1580e+07  0.10%  82.6 2315s
H14654  5591                    2.156159e+07 2.1580e+07  0.09%  82.6 2377s
H14654  5311                    2.156643e+07 2.1580e+07  0.06%  82.6 2377s

Cutting planes:
  Learned: 1
  Gomory: 57
  Cover: 5
  Implied bound: 278
  MIR: 763
  Flow cover: 898
  RLT: 16
  Relax-and-lift: 641
  PSD: 6

Explored 14654 nodes (1305030 simplex iterations) in 2378.93 seconds (2803.45 work units)
Thread count was 32 (of 192 available processors)

Solution count 10: 2.15664e+07 2.15664e+07 2.15616e+07 ... 2.1548e+07

Optimal solution found (tolerance 1.00e-03)
Best objective 2.156643294959e+07, best bound 2.158005842688e+07, gap 0.0632%
Deleted nodefile directory: /scratch-local/lbeemster.21305890/gurobi_dev0.05_sub38.0_run3
Saved model snapshot to study_case_model/figures/subsidy_experiment/run_29326/dev0.05/sub38.0/run3/model_snapshot.pkl
Finished successfully!
