Gurobi shell based on Python 3.13.1 can be launched with command `gurobi.sh`
Gurobi Python Interface can be loaded in Python 3.13.1 with 'import gurobipy'
/var/spool/slurm/slurmd/job21316673/slurm_script: line 24: activate: No such file or directory
Solving model: dev0.0, sub50.0, run4
Read LP format model from file /scratch-local/lbeemster.21316673/tmp5hif01tq.pyomo.lp
Reading time = 0.57 seconds
x1: 176513 rows, 50050 columns, 1016320 nonzeros
Set parameter OutputFlag to value 1
Set parameter MIPGap to value 0.001
Set parameter Threads to value 32
Set parameter Presolve to value 1
Set parameter Cuts to value 1
Set parameter NodefileStart to value 1
Set parameter NodefileDir to value "/scratch-local/lbeemster.21316673/gurobi_dev0.0_sub50.0_run4"
Set parameter MemLimit to value 60
Gurobi Optimizer version 12.0.3 build v12.0.3rc0 (linux64 - "Red Hat Enterprise Linux 9.6 (Plow)")

CPU model: AMD EPYC 9654 96-Core Processor, instruction set [SSE2|AVX|AVX2|AVX512]
Thread count: 192 physical cores, 192 logical processors, using up to 32 threads

Non-default parameters:
MemLimit  60
MIPGap  0.001
NodefileStart  1
Cuts  1
Presolve  1
Threads  32

Academic license 2514514 - for non-commercial use only - registered to l.___@student.vu.nl
Optimize a model with 176513 rows, 50050 columns and 1016320 nonzeros
Model fingerprint: 0x1f97837b
Variable types: 39426 continuous, 10624 integer (10624 binary)
Coefficient statistics:
  Matrix range     [6e-05, 1e+05]
  Objective range  [2e+00, 3e+04]
  Bounds range     [1e+00, 1e+00]
  RHS range        [3e-01, 2e+05]
Presolve removed 36505 rows and 24374 columns
Presolve time: 3.68s
Presolved: 140008 rows, 25676 columns, 869053 nonzeros
Variable types: 19924 continuous, 5752 integer (5752 binary)
Found heuristic solution: objective 1.949111e+07
Found heuristic solution: objective 1.962368e+07

Deterministic concurrent LP optimizer: primal simplex, dual simplex, and barrier
Showing barrier log only...

Root relaxation presolved: 24682 rows, 164616 columns, 893776 nonzeros

Root barrier log...

Ordering time: 0.05s

Barrier statistics:
 Free vars  : 1920
 AA' NZ     : 5.570e+05
 Factor NZ  : 1.442e+06 (roughly 90 MB of memory)
 Factor Ops : 1.023e+08 (less than 1 second per iteration)
 Threads    : 30

                  Objective                Residual
Iter       Primal          Dual         Primal    Dual     Compl     Time
   0   1.57633794e+12  3.03529502e+06  7.57e+06 3.29e+02  1.69e+08     9s
   1   1.06762308e+12 -2.16376382e+08  4.27e+06 3.66e+03  1.05e+08     9s
   2   8.47557128e+11 -2.08375733e+08  2.85e+06 2.45e+03  7.12e+07     9s
   3   5.78294192e+11 -1.82251079e+08  1.20e+06 1.58e+03  4.00e+07     9s
   4   4.62323865e+11 -1.39875277e+08  6.69e+05 1.02e+03  2.55e+07     9s
   5   3.73535365e+11 -1.11567715e+08  4.25e+05 6.89e+02  1.67e+07     9s
   6   3.28200852e+11 -8.54954488e+07  3.24e+05 4.51e+02  1.16e+07     9s
   7   2.52908533e+11 -6.42258763e+07  1.91e+05 2.99e+02  7.48e+06     9s
   8   1.90690994e+11 -3.88025658e+07  1.11e+05 1.65e+02  4.29e+06     9s
   9   1.27864428e+11 -1.78661543e+07  4.94e+04 8.26e+01  2.16e+06     9s
  10   1.01789948e+11 -9.99091269e+06  3.54e+04 5.33e+01  1.46e+06     9s
  11   4.96680883e+10 -5.76324982e+06  1.06e+04 3.19e+01  6.99e+05    10s
  12   3.24433166e+10 -3.40122612e+06  5.47e+03 2.22e+01  4.34e+05    10s
  13   2.17723483e+10 -8.76651226e+04  3.09e+03 7.05e+00  2.00e+05    10s
  14   1.18209768e+10  3.93061103e+05  1.46e+03 5.11e+00  1.11e+05    10s
  15   4.96383816e+09  1.33131590e+06  4.65e+02 2.50e+00  4.53e+04    10s
  16   3.50036161e+09  3.30301522e+06  3.02e+02 1.34e+00  2.82e+04    10s
  17   1.96258282e+09  5.20692681e+06  1.50e+02 6.85e-01  1.47e+04    10s
  18   1.67802237e+09  6.65023694e+06  1.26e+02 4.26e-01  1.16e+04    10s
  19   9.70246447e+08  9.12681462e+06  6.70e+01 1.34e-01  6.07e+03    10s
  20   4.55257404e+08  1.05921356e+07  2.90e+01 6.96e-02  2.77e+03    10s
  21   2.03358538e+08  1.31027934e+07  1.14e+01 2.20e-02  1.14e+03    10s
  22   1.45754619e+08  1.53735081e+07  7.66e+00 1.37e-02  7.75e+02    10s
  23   8.22940886e+07  1.89751298e+07  3.37e+00 4.39e-03  3.68e+02    10s
  24   5.88638020e+07  1.97090633e+07  2.06e+00 3.06e-03  2.27e+02    10s
  25   4.02361875e+07  1.98784906e+07  1.03e+00 2.87e-03  1.18e+02    10s
  26   3.36296694e+07  2.04350763e+07  6.50e-01 2.30e-03  7.60e+01    10s
  27   2.82875223e+07  2.10761865e+07  3.39e-01 1.91e-03  4.14e+01    10s
  28   2.58204750e+07  2.13346862e+07  2.06e-01 2.02e-03  2.57e+01    10s
  29   2.45796631e+07  2.14956300e+07  1.39e-01 1.72e-03  1.77e+01    10s

Barrier performed 29 iterations in 10.40 seconds (8.25 work units)
Barrier solve interrupted - model solved by another algorithm

Concurrent spin time: 0.32s (can be avoided by choosing Method=3)

Solved with primal simplex

Root relaxation: objective 2.180324e+07, 26380 iterations, 2.36 seconds (1.83 work units)

    Nodes    |    Current Node    |     Objective Bounds      |     Work
 Expl Unexpl |  Obj  Depth IntInf | Incumbent    BestBd   Gap | It/Node Time

     0     0 2.1803e+07    0  440 1.9624e+07 2.1803e+07  11.1%     -   11s
H    0     0                    1.965926e+07 2.1803e+07  10.9%     -   13s
     0     0 2.1799e+07    0  547 1.9659e+07 2.1799e+07  10.9%     -   17s
H    0     0                    2.125057e+07 2.1799e+07  2.58%     -   18s
     0     0 2.1798e+07    0  624 2.1251e+07 2.1798e+07  2.58%     -   18s
     0     0 2.1798e+07    0  623 2.1251e+07 2.1798e+07  2.58%     -   19s
     0     0 2.1798e+07    0  628 2.1251e+07 2.1798e+07  2.58%     -   19s
     0     0 2.1798e+07    0  629 2.1251e+07 2.1798e+07  2.58%     -   19s
     0     0 2.1795e+07    0  675 2.1251e+07 2.1795e+07  2.56%     -   22s
     0     0 2.1795e+07    0  658 2.1251e+07 2.1795e+07  2.56%     -   24s
     0     0 2.1795e+07    0  687 2.1251e+07 2.1795e+07  2.56%     -   24s
     0     0 2.1795e+07    0  690 2.1251e+07 2.1795e+07  2.56%     -   24s
     0     0 2.1794e+07    0  658 2.1251e+07 2.1794e+07  2.56%     -   28s
H    0     0                    2.138919e+07 2.1794e+07  1.89%     -   29s
     0     0 2.1794e+07    0  659 2.1389e+07 2.1794e+07  1.89%     -   30s
     0     0 2.1794e+07    0  653 2.1389e+07 2.1794e+07  1.89%     -   30s
     0     0 2.1794e+07    0  677 2.1389e+07 2.1794e+07  1.89%     -   30s
     0     0 2.1793e+07    0  667 2.1389e+07 2.1793e+07  1.89%     -   35s
     0     0 2.1793e+07    0  699 2.1389e+07 2.1793e+07  1.89%     -   36s
     0     0 2.1793e+07    0  713 2.1389e+07 2.1793e+07  1.89%     -   37s
     0     0 2.1793e+07    0  718 2.1389e+07 2.1793e+07  1.89%     -   37s
     0     0 2.1793e+07    0  731 2.1389e+07 2.1793e+07  1.89%     -   37s
     0     0 2.1792e+07    0  593 2.1389e+07 2.1792e+07  1.88%     -   42s
     0     0 2.1791e+07    0  597 2.1389e+07 2.1791e+07  1.88%     -   43s
     0     0 2.1791e+07    0  604 2.1389e+07 2.1791e+07  1.88%     -   44s
     0     0 2.1791e+07    0  609 2.1389e+07 2.1791e+07  1.88%     -   44s
     0     0 2.1791e+07    0  602 2.1389e+07 2.1791e+07  1.88%     -   47s
H    0     0                    2.143656e+07 2.1791e+07  1.65%     -   48s
     0     0 2.1791e+07    0  599 2.1437e+07 2.1791e+07  1.65%     -   48s
     0     0 2.1791e+07    0  599 2.1437e+07 2.1791e+07  1.65%     -   49s
     0     0 2.1791e+07    0  606 2.1437e+07 2.1791e+07  1.65%     -   49s
     0     0 2.1791e+07    0  608 2.1437e+07 2.1791e+07  1.65%     -   49s
     0     0 2.1791e+07    0  598 2.1437e+07 2.1791e+07  1.65%     -   52s
     0     0 2.1791e+07    0  618 2.1437e+07 2.1791e+07  1.65%     -   53s
     0     0 2.1791e+07    0  614 2.1437e+07 2.1791e+07  1.65%     -   54s
     0     0 2.1791e+07    0  618 2.1437e+07 2.1791e+07  1.65%     -   54s
     0     0 2.1790e+07    0  599 2.1437e+07 2.1790e+07  1.65%     -   57s
H    0     0                    2.144300e+07 2.1790e+07  1.62%     -   58s
H    0     0                    2.146117e+07 2.1790e+07  1.53%     -   59s
     0     0 2.1790e+07    0  603 2.1461e+07 2.1790e+07  1.53%     -   59s
     0     0 2.1790e+07    0  609 2.1461e+07 2.1790e+07  1.53%     -   59s
     0     0 2.1790e+07    0  611 2.1461e+07 2.1790e+07  1.53%     -   60s
     0     0 2.1790e+07    0  619 2.1461e+07 2.1790e+07  1.53%     -   60s
     0     0 2.1790e+07    0  598 2.1461e+07 2.1790e+07  1.53%     -   62s
H    0     0                    2.147585e+07 2.1790e+07  1.46%     -   64s
     0     0 2.1790e+07    0  577 2.1476e+07 2.1790e+07  1.46%     -   64s
     0     0 2.1790e+07    0  581 2.1476e+07 2.1790e+07  1.46%     -   64s
     0     0 2.1790e+07    0  588 2.1476e+07 2.1790e+07  1.46%     -   64s
     0     0 2.1790e+07    0  573 2.1476e+07 2.1790e+07  1.46%     -   67s
H    0     0                    2.147592e+07 2.1790e+07  1.46%     -   71s
     0     0 2.1790e+07    0  568 2.1476e+07 2.1790e+07  1.46%     -   72s
     0     0 2.1790e+07    0  581 2.1476e+07 2.1790e+07  1.46%     -   72s
     0     0 2.1790e+07    0  585 2.1476e+07 2.1790e+07  1.46%     -   72s
     0     0 2.1790e+07    0  586 2.1476e+07 2.1790e+07  1.46%     -   75s
H    0     0                    2.147600e+07 2.1790e+07  1.46%     -   76s
     0     0 2.1790e+07    0  593 2.1476e+07 2.1790e+07  1.46%     -   76s
     0     0 2.1790e+07    0  591 2.1476e+07 2.1790e+07  1.46%     -   77s
     0     0 2.1790e+07    0  594 2.1476e+07 2.1790e+07  1.46%     -   77s
     0     0 2.1790e+07    0  570 2.1476e+07 2.1790e+07  1.46%     -   80s
     0     0 2.1790e+07    0  564 2.1476e+07 2.1790e+07  1.46%     -   81s
     0     0 2.1790e+07    0  584 2.1476e+07 2.1790e+07  1.46%     -   81s
     0     0 2.1790e+07    0  573 2.1476e+07 2.1790e+07  1.46%     -   82s
     0     0 2.1790e+07    0  582 2.1476e+07 2.1790e+07  1.46%     -   82s
     0     0 2.1790e+07    0  570 2.1476e+07 2.1790e+07  1.46%     -   84s
H    0     0                    2.147649e+07 2.1790e+07  1.46%     -   86s
     0     0 2.1790e+07    0  562 2.1476e+07 2.1790e+07  1.46%     -   86s
     0     0 2.1790e+07    0  572 2.1476e+07 2.1790e+07  1.46%     -   86s
     0     0 2.1789e+07    0  561 2.1476e+07 2.1789e+07  1.46%     -   88s
     0     0 2.1789e+07    0  569 2.1476e+07 2.1789e+07  1.46%     -   90s
     0     0 2.1789e+07    0  568 2.1476e+07 2.1789e+07  1.46%     -   90s
     0     0 2.1789e+07    0  579 2.1476e+07 2.1789e+07  1.46%     -   93s
     0     0 2.1789e+07    0  579 2.1476e+07 2.1789e+07  1.46%     -  103s
H    0     0                    2.152549e+07 2.1789e+07  1.23%     -  112s
H    0     0                    2.154191e+07 2.1789e+07  1.15%     -  115s
H    0     0                    2.154864e+07 2.1789e+07  1.12%     -  115s
     0     2 2.1789e+07    0  579 2.1549e+07 2.1789e+07  1.12%     -  118s
    31    64 2.1789e+07    5  575 2.1549e+07 2.1789e+07  1.12%   151  122s
H   63    96                    2.155415e+07 2.1789e+07  1.09%   121  123s
H   64    96                    2.156477e+07 2.1789e+07  1.04%   121  123s
H   72    96                    2.156504e+07 2.1789e+07  1.04%   116  123s
H   81    96                    2.156505e+07 2.1789e+07  1.04%   110  123s
    95   128 2.1789e+07    7  569 2.1565e+07 2.1789e+07  1.04%   102  126s
   127   160 2.1789e+07    8  570 2.1565e+07 2.1789e+07  1.04%  89.8  130s
H  128   160                    2.160677e+07 2.1789e+07  0.84%  89.1  130s
H  588   990                    2.163689e+07 2.1789e+07  0.70%  66.0  137s
H  676   990                    2.163692e+07 2.1789e+07  0.70%  67.6  137s
H  700   990                    2.163695e+07 2.1789e+07  0.70%  67.0  137s
H  906   990                    2.163695e+07 2.1789e+07  0.70%  66.0  137s
H  959   990                    2.164321e+07 2.1789e+07  0.67%  65.3  137s
   989  1912 2.1789e+07   22  569 2.1643e+07 2.1789e+07  0.67%  64.8  143s
  1911  1944 2.1788e+07   39  547 2.1643e+07 2.1789e+07  0.67%  63.8  156s
H 1915  1944                    2.165454e+07 2.1789e+07  0.62%  63.7  156s
H 1927  1944                    2.165625e+07 2.1789e+07  0.61%  63.6  156s
  1943  3214 2.1789e+07   40  554 2.1656e+07 2.1789e+07  0.61%  63.6  167s
H 1975  3214                    2.166237e+07 2.1789e+07  0.59%  63.4  167s
  3215  6199 2.1787e+07   71  497 2.1662e+07 2.1789e+07  0.59%  62.7  180s
H 3643  6199                    2.167194e+07 2.1789e+07  0.54%  62.0  180s
H 3844  6199                    2.167200e+07 2.1789e+07  0.54%  61.5  180s
H 4290  6176                    2.171459e+07 2.1789e+07  0.34%  61.3  180s
  6317  7161 2.1783e+07  124  423 2.1715e+07 2.1789e+07  0.34%  53.8  190s
  8341  9131 2.1779e+07  168  385 2.1715e+07 2.1789e+07  0.34%  54.1  200s
 10317 11379 2.1776e+07  214  353 2.1715e+07 2.1789e+07  0.34%  53.3  208s
 12611 12243 2.1764e+07  264  297 2.1715e+07 2.1789e+07  0.34%  52.0  217s
H12683 12194                    2.171684e+07 2.1789e+07  0.33%  52.0  217s
 13567 12213 2.1751e+07  281  284 2.1717e+07 2.1789e+07  0.33%  52.3  229s
H13574 11870                    2.172768e+07 2.1789e+07  0.28%  52.3  229s
H13580 11869                    2.172772e+07 2.1789e+07  0.28%  52.3  229s
 13609 14198 2.1751e+07  281  288 2.1728e+07 2.1789e+07  0.28%  52.3  238s
H15998 14196                    2.172780e+07 2.1789e+07  0.28%  50.2  261s
 15999 14197 2.1781e+07   69  579 2.1728e+07 2.1789e+07  0.28%  50.2  287s
H16000 13488                    2.173300e+07 2.1789e+07  0.26%  50.2  409s
H16000 12813                    2.173400e+07 2.1789e+07  0.25%  50.2  409s
 16002 12814 2.1780e+07  116  475 2.1734e+07 2.1786e+07  0.24%  50.2  417s
 16003 12815 2.1758e+07  297  435 2.1734e+07 2.1786e+07  0.24%  50.1  421s
H16003 12174                    2.174539e+07 2.1786e+07  0.19%  50.1  422s
 16004 12174 2.1749e+07  267  457 2.1745e+07 2.1786e+07  0.19%  50.1  425s
 16006 12176 2.1771e+07   65  562 2.1745e+07 2.1786e+07  0.19%  50.1  430s
 16012 12180 2.1751e+07  297  581 2.1745e+07 2.1786e+07  0.19%  50.1  435s
H16015 11573                    2.175574e+07 2.1786e+07  0.14%  50.1  515s
H16015 10994                    2.175768e+07 2.1786e+07  0.13%  50.1  515s
H16015 10444                    2.176464e+07 2.1786e+07  0.10%  50.1  515s

Cutting planes:
  Learned: 1
  Gomory: 27
  Cover: 4
  Implied bound: 787
  MIR: 797
  Flow cover: 873
  RLT: 3
  Relax-and-lift: 658
  PSD: 2

Explored 16015 nodes (925875 simplex iterations) in 516.55 seconds (598.56 work units)
Thread count was 32 (of 192 available processors)

Solution count 10: 2.17646e+07 2.17646e+07 2.17577e+07 ... 2.17168e+07

Optimal solution found (tolerance 1.00e-03)
Best objective 2.176463693249e+07, best bound 2.178600980221e+07, gap 0.0982%
Deleted nodefile directory: /scratch-local/lbeemster.21316673/gurobi_dev0.0_sub50.0_run4
Saved model snapshot to study_case_model/figures/subsidy_experiment/run_29326/dev0.0/sub50.0/run4/model_snapshot.pkl
Finished successfully!
