Gurobi shell based on Python 3.13.1 can be launched with command `gurobi.sh`
Gurobi Python Interface can be loaded in Python 3.13.1 with 'import gurobipy'
/var/spool/slurm/slurmd/job21364978/slurm_script: line 24: activate: No such file or directory
Solving model: dev0.1, sub50.0, run4
Read LP format model from file /scratch-local/lbeemster.21364978/tmpimykbct2.pyomo.lp
Reading time = 2.77 seconds
x1: 176513 rows, 50050 columns, 1016320 nonzeros
Set parameter OutputFlag to value 1
Set parameter MIPGap to value 0.002
Set parameter Threads to value 32
Set parameter Presolve to value 1
Set parameter Cuts to value 1
Set parameter NodefileStart to value 1
Set parameter NodefileDir to value "/scratch-local/lbeemster.21364978/gurobi_dev0.1_sub50.0_run4"
Set parameter MemLimit to value 60
Gurobi Optimizer version 12.0.3 build v12.0.3rc0 (linux64 - "Red Hat Enterprise Linux 9.6 (Plow)")

CPU model: AMD EPYC 9654 96-Core Processor, instruction set [SSE2|AVX|AVX2|AVX512]
Thread count: 192 physical cores, 192 logical processors, using up to 32 threads

Non-default parameters:
MemLimit  60
MIPGap  0.002
NodefileStart  1
Cuts  1
Presolve  1
Threads  32

Academic license 2514514 - for non-commercial use only - registered to l.___@student.vu.nl
Optimize a model with 176513 rows, 50050 columns and 1016320 nonzeros
Model fingerprint: 0xaa193dd0
Variable types: 39426 continuous, 10624 integer (10624 binary)
Coefficient statistics:
  Matrix range     [6e-05, 1e+05]
  Objective range  [2e+00, 3e+04]
  Bounds range     [1e+00, 1e+00]
  RHS range        [3e-01, 2e+05]
Presolve removed 32696 rows and 21238 columns
Presolve time: 3.24s
Presolved: 143817 rows, 28812 columns, 842473 nonzeros
Variable types: 22948 continuous, 5864 integer (5864 binary)

Deterministic concurrent LP optimizer: primal simplex, dual simplex, and barrier
Showing barrier log only...

Root relaxation presolved: 26618 rows, 170435 columns, 871115 nonzeros

Root barrier log...

Ordering time: 0.06s

Barrier statistics:
 Dense cols : 43
 Free vars  : 2112
 AA' NZ     : 5.880e+05
 Factor NZ  : 1.634e+06 (roughly 100 MB of memory)
 Factor Ops : 1.214e+08 (less than 1 second per iteration)
 Threads    : 29

                  Objective                Residual
Iter       Primal          Dual         Primal    Dual     Compl     Time
   0   1.65644905e+12  8.82800394e+05  7.90e+06 3.29e+02  1.70e+08     5s
   1   1.28274519e+12 -2.87639483e+08  5.27e+06 3.36e+03  1.09e+08     5s
   2   1.03960965e+12 -3.28798585e+08  3.71e+06 2.50e+03  7.93e+07     5s
   3   7.81711748e+11 -3.15284686e+08  1.97e+06 1.58e+03  4.75e+07     5s
   4   5.95468815e+11 -2.63803524e+08  1.00e+06 1.08e+03  2.98e+07     5s
   5   5.16439892e+11 -1.71593399e+08  7.24e+05 6.77e+02  1.98e+07     5s
   6   4.15499961e+11 -1.13397035e+08  4.44e+05 3.92e+02  1.19e+07     5s
   7   3.25374998e+11 -8.20975116e+07  2.91e+05 2.66e+02  8.04e+06     5s
   8   2.74159520e+11 -7.03593941e+07  2.32e+05 2.24e+02  6.62e+06     5s
   9   2.20413932e+11 -6.16806186e+07  1.59e+05 1.92e+02  5.23e+06     6s
  10   2.01608006e+11 -5.03919221e+07  1.38e+05 1.53e+02  4.33e+06     6s
  11   1.51015000e+11 -3.72570949e+07  8.76e+04 1.11e+02  2.99e+06     6s
  12   1.28122752e+11 -2.64505219e+07  6.80e+04 7.68e+01  2.21e+06     6s
  13   8.70945832e+10 -1.38900323e+07  3.59e+04 4.08e+01  1.22e+06     6s
  14   5.24692144e+10 -6.41511724e+06  1.63e+04 2.07e+01  6.18e+05     6s
  15   2.59513475e+10 -8.52354870e+05  5.94e+03 5.86e+00  2.25e+05     6s
  16   1.27867438e+10  3.75946104e+05  2.43e+03 2.84e+00  1.02e+05     6s
  17   8.39775533e+09  1.38912823e+06  1.50e+03 1.12e+00  5.94e+04     6s
  18   4.67330799e+09  2.04887165e+06  7.69e+02 5.80e-01  3.15e+04     6s
  19   2.34772801e+09  2.84640439e+06  3.56e+02 3.77e-01  1.58e+04     6s
  20   1.63468809e+09  3.91136623e+06  2.39e+02 2.12e-01  1.06e+04     6s
  21   8.31501462e+08  5.52706086e+06  1.12e+02 7.98e-02  5.12e+03     6s
  22   4.09579438e+08  6.83088664e+06  5.08e+01 3.82e-02  2.44e+03     6s
  23   2.39168714e+08  9.16384067e+06  2.79e+01 1.80e-02  1.37e+03     6s
  24   1.42289674e+08  1.24954515e+07  1.51e+01 7.44e-03  7.63e+02     6s
  25   9.61649721e+07  1.46919725e+07  8.63e+00 4.06e-03  4.72e+02     6s
  26   7.19341904e+07  1.66574838e+07  5.63e+00 4.11e-03  3.18e+02     6s
  27   5.31490339e+07  1.87689799e+07  3.23e+00 2.59e-03  1.97e+02     6s
  28   3.87488567e+07  2.01240121e+07  1.62e+00 2.13e-03  1.06e+02     6s
  29   2.99536887e+07  2.08073934e+07  7.59e-01 1.37e-03  5.17e+01     6s
  30   2.63538178e+07  2.11762713e+07  3.93e-01 1.05e-03  2.91e+01     6s
  31   2.48213661e+07  2.14680272e+07  2.55e-01 7.37e-04  1.88e+01     6s
  32   2.37798179e+07  2.15782570e+07  1.64e-01 7.06e-04  1.23e+01     6s
  33   2.28855118e+07  2.16707029e+07  8.71e-02 5.50e-04  6.79e+00     7s
  34   2.24414505e+07  2.17066191e+07  4.96e-02 5.28e-04  4.09e+00     7s
  35   2.21990800e+07  2.17530482e+07  2.97e-02 3.90e-04  2.48e+00     7s
  36   2.20977034e+07  2.17699618e+07  2.15e-02 3.54e-04  1.82e+00     7s
  37   2.19767416e+07  2.17922879e+07  1.14e-02 3.40e-04  1.02e+00     7s
  38   2.19379323e+07  2.18089950e+07  7.85e-03 2.94e-04  7.10e-01     7s
  39   2.19068092e+07  2.18316528e+07  4.48e-03 2.48e-04  4.11e-01     7s
  40   2.18908805e+07  2.18432149e+07  2.77e-03 2.44e-04  2.59e-01     7s
  41   2.18803615e+07  2.18526270e+07  1.63e-03 2.48e-04  1.50e-01     7s
  42   2.18731567e+07  2.18573322e+07  9.31e-04 2.37e-04  8.57e-02     7s
  43   2.18680519e+07  2.18597129e+07  4.95e-04 2.92e-04  4.51e-02     7s
  44   2.18661637e+07  2.18606499e+07  3.43e-04 2.53e-04  2.99e-02     7s
  45   2.18641223e+07  2.18610418e+07  1.88e-04 1.84e-04  1.67e-02     7s
  46   2.18626472e+07  2.18612988e+07  8.02e-05 6.41e-05  7.29e-03     7s
  47   2.18617657e+07  2.18613762e+07  1.94e-05 2.95e-05  2.10e-03     7s
  48   2.18615584e+07  2.18614078e+07  6.52e-06 1.51e-05  8.10e-04     7s
  49   2.18615099e+07  2.18614287e+07  3.72e-06 5.84e-06  4.37e-04     7s
  50   2.18614658e+07  2.18614340e+07  1.37e-06 4.23e-06  1.71e-04     7s
  51   2.18614470e+07  2.18614362e+07  4.19e-07 2.32e-06  5.75e-05     7s
  52   2.18614417e+07  2.18614371e+07  1.45e-07 1.32e-06  2.46e-05     7s
  53   2.18614392e+07  2.18614381e+07  3.55e-08 2.25e-07  6.14e-06     7s
  54   2.18614385e+07  2.18614382e+07  9.46e-09 3.16e-08  1.77e-06     8s
  55   2.18614383e+07  2.18614382e+07  3.04e-09 1.10e-08  3.38e-07     8s
  56   2.18614382e+07  2.18614382e+07  2.09e-09 5.07e-09  1.02e-07     8s
  57   2.18614382e+07  2.18614382e+07  8.55e-10 1.79e-09  1.85e-08     8s
  58   2.18614382e+07  2.18614382e+07  1.08e-09 2.26e-09  4.61e-09     8s

Barrier solved model in 58 iterations and 7.79 seconds (7.30 work units)
Optimal objective 2.18614382e+07


Root crossover log...

    7759 DPushes remaining with DInf 0.0000000e+00                 8s
       0 DPushes remaining with DInf 0.0000000e+00                 8s

    4597 PPushes remaining with PInf 2.2441590e-04                 8s
       0 PPushes remaining with PInf 1.1272756e-06                 8s

  Push phase complete: Pinf 1.1272756e-06, Dinf 1.0457437e+00      8s


Root simplex log...

Iteration    Objective       Primal Inf.    Dual Inf.      Time
   10366    2.1861438e+07   0.000000e+00   1.045744e+00      8s
   10376    2.1861438e+07   0.000000e+00   0.000000e+00      8s
   10376    2.1861438e+07   0.000000e+00   0.000000e+00      8s
   10378    2.1861438e+07   0.000000e+00   0.000000e+00      8s
Extra simplex iterations from dual to original model: 2
Concurrent spin time: 0.44s

Solved with barrier

Root relaxation: objective 2.186144e+07, 10378 iterations, 4.58 seconds (3.83 work units)

    Nodes    |    Current Node    |     Objective Bounds      |     Work
 Expl Unexpl |  Obj  Depth IntInf | Incumbent    BestBd   Gap | It/Node Time

     0     0 2.1861e+07    0  494          - 2.1861e+07      -     -   10s
     0     0 2.1834e+07    0  645          - 2.1834e+07      -     -   15s
H    0     0                    2.044779e+07 2.1834e+07  6.78%     -   17s
H    0     0                    2.093963e+07 2.1833e+07  4.27%     -   17s
H    0     0                    2.124333e+07 2.1833e+07  2.78%     -   17s
     0     0 2.1833e+07    0  704 2.1243e+07 2.1833e+07  2.78%     -   17s
     0     0 2.1833e+07    0  707 2.1243e+07 2.1833e+07  2.78%     -   18s
     0     0 2.1833e+07    0  707 2.1243e+07 2.1833e+07  2.78%     -   18s
     0     0 2.1829e+07    0  783 2.1243e+07 2.1829e+07  2.76%     -   22s
H    0     0                    2.124700e+07 2.1829e+07  2.74%     -   26s
     0     0 2.1828e+07    0  815 2.1247e+07 2.1828e+07  2.73%     -   29s
     0     0 2.1828e+07    0  839 2.1247e+07 2.1828e+07  2.73%     -   30s
     0     0 2.1828e+07    0  840 2.1247e+07 2.1828e+07  2.73%     -   30s
     0     0 2.1828e+07    0  838 2.1247e+07 2.1828e+07  2.73%     -   30s
     0     0 2.1828e+07    0  839 2.1247e+07 2.1828e+07  2.73%     -   31s
H    0     0                    2.126623e+07 2.1828e+07  2.64%     -   34s
     0     0 2.1825e+07    0  843 2.1266e+07 2.1825e+07  2.63%     -   36s
     0     0 2.1825e+07    0  842 2.1266e+07 2.1825e+07  2.63%     -   36s
H    0     0                    2.139672e+07 2.1825e+07  2.00%     -   39s
     0     0 2.1825e+07    0  855 2.1397e+07 2.1825e+07  2.00%     -   40s
     0     0 2.1824e+07    0  885 2.1397e+07 2.1824e+07  2.00%     -   41s
     0     0 2.1824e+07    0  886 2.1397e+07 2.1824e+07  2.00%     -   41s
     0     0 2.1824e+07    0  885 2.1397e+07 2.1824e+07  2.00%     -   41s
     0     0 2.1824e+07    0  896 2.1397e+07 2.1824e+07  2.00%     -   42s
     0     0 2.1824e+07    0  894 2.1397e+07 2.1824e+07  2.00%     -   42s
     0     0 2.1823e+07    0  886 2.1397e+07 2.1823e+07  1.99%     -   47s
     0     0 2.1822e+07    0  935 2.1397e+07 2.1822e+07  1.99%     -   50s
     0     0 2.1822e+07    0  938 2.1397e+07 2.1822e+07  1.99%     -   51s
     0     0 2.1822e+07    0  952 2.1397e+07 2.1822e+07  1.99%     -   51s
     0     0 2.1822e+07    0  961 2.1397e+07 2.1822e+07  1.99%     -   52s
     0     0 2.1822e+07    0  967 2.1397e+07 2.1822e+07  1.99%     -   52s
     0     0 2.1822e+07    0  766 2.1397e+07 2.1822e+07  1.99%     -   58s
H    0     0                    2.141173e+07 2.1822e+07  1.91%     -   59s
     0     0 2.1821e+07    0  814 2.1412e+07 2.1821e+07  1.91%     -   60s
     0     0 2.1821e+07    0  808 2.1412e+07 2.1821e+07  1.91%     -   61s
     0     0 2.1821e+07    0  824 2.1412e+07 2.1821e+07  1.91%     -   61s
     0     0 2.1821e+07    0  828 2.1412e+07 2.1821e+07  1.91%     -   61s
     0     0 2.1821e+07    0  805 2.1412e+07 2.1821e+07  1.91%     -   64s
H    0     0                    2.141989e+07 2.1821e+07  1.87%     -   67s
     0     0 2.1821e+07    0  848 2.1420e+07 2.1821e+07  1.87%     -   67s
     0     0 2.1821e+07    0  865 2.1420e+07 2.1821e+07  1.87%     -   67s
     0     0 2.1821e+07    0  854 2.1420e+07 2.1821e+07  1.87%     -   68s
     0     0 2.1821e+07    0  862 2.1420e+07 2.1821e+07  1.87%     -   68s
     0     0 2.1821e+07    0  865 2.1420e+07 2.1821e+07  1.87%     -   68s
     0     0 2.1821e+07    0  862 2.1420e+07 2.1821e+07  1.87%     -   72s
H    0     0                    2.145414e+07 2.1821e+07  1.71%     -   73s
     0     0 2.1820e+07    0  857 2.1454e+07 2.1820e+07  1.71%     -   74s
     0     0 2.1820e+07    0  858 2.1454e+07 2.1820e+07  1.71%     -   74s
     0     0 2.1820e+07    0  857 2.1454e+07 2.1820e+07  1.71%     -   74s
     0     0 2.1820e+07    0  877 2.1454e+07 2.1820e+07  1.71%     -   75s
     0     0 2.1820e+07    0  884 2.1454e+07 2.1820e+07  1.71%     -   75s
     0     0 2.1820e+07    0  866 2.1454e+07 2.1820e+07  1.71%     -   78s
H    0     0                    2.145459e+07 2.1820e+07  1.70%     -   83s
     0     0 2.1820e+07    0  863 2.1455e+07 2.1820e+07  1.70%     -   84s
     0     0 2.1820e+07    0  859 2.1455e+07 2.1820e+07  1.70%     -   84s
     0     0 2.1820e+07    0  847 2.1455e+07 2.1820e+07  1.70%     -   85s
     0     0 2.1820e+07    0  857 2.1455e+07 2.1820e+07  1.70%     -   88s
H    0     0                    2.157553e+07 2.1820e+07  1.13%     -   90s
     0     0 2.1820e+07    0  869 2.1576e+07 2.1820e+07  1.13%     -   90s
     0     0 2.1820e+07    0  880 2.1576e+07 2.1820e+07  1.13%     -   91s
     0     0 2.1820e+07    0  880 2.1576e+07 2.1820e+07  1.13%     -   91s
     0     0 2.1820e+07    0  879 2.1576e+07 2.1820e+07  1.13%     -   91s
     0     0 2.1820e+07    0  859 2.1576e+07 2.1820e+07  1.13%     -   94s
     0     0 2.1820e+07    0  894 2.1576e+07 2.1820e+07  1.13%     -   95s
     0     0 2.1820e+07    0  866 2.1576e+07 2.1820e+07  1.13%     -   96s
     0     0 2.1820e+07    0  875 2.1576e+07 2.1820e+07  1.13%     -   96s
     0     0 2.1820e+07    0  858 2.1576e+07 2.1820e+07  1.13%     -   99s
     0     0 2.1819e+07    0  876 2.1576e+07 2.1819e+07  1.13%     -  102s
     0     0 2.1819e+07    0  880 2.1576e+07 2.1819e+07  1.13%     -  102s
     0     0 2.1819e+07    0  882 2.1576e+07 2.1819e+07  1.13%     -  103s
     0     0 2.1819e+07    0  862 2.1576e+07 2.1819e+07  1.13%     -  106s
     0     0 2.1819e+07    0  857 2.1576e+07 2.1819e+07  1.13%     -  107s
     0     0 2.1819e+07    0  877 2.1576e+07 2.1819e+07  1.13%     -  107s
     0     0 2.1819e+07    0  879 2.1576e+07 2.1819e+07  1.13%     -  110s
     0     0 2.1819e+07    0  875 2.1576e+07 2.1819e+07  1.13%     -  113s
     0     0 2.1819e+07    0  885 2.1576e+07 2.1819e+07  1.13%     -  114s
     0     0 2.1819e+07    0  861 2.1576e+07 2.1819e+07  1.13%     -  117s
     0     0 2.1819e+07    0  861 2.1576e+07 2.1819e+07  1.13%     -  131s
H    0     0                    2.162514e+07 2.1819e+07  0.90%     -  144s
H    0     0                    2.164183e+07 2.1819e+07  0.82%     -  150s
H    0     0                    2.164510e+07 2.1819e+07  0.80%     -  153s
H    0     0                    2.165260e+07 2.1819e+07  0.77%     -  155s
H    0     0                    2.165503e+07 2.1819e+07  0.76%     -  159s
H    0     0                    2.166142e+07 2.1819e+07  0.73%     -  160s
H    0     0                    2.166608e+07 2.1819e+07  0.71%     -  161s
H    0     0                    2.166796e+07 2.1819e+07  0.70%     -  161s
H    0     0                    2.167137e+07 2.1819e+07  0.68%     -  164s
H    0     0                    2.167171e+07 2.1819e+07  0.68%     -  165s
H    0     0                    2.167268e+07 2.1819e+07  0.68%     -  168s
H    0     0                    2.167270e+07 2.1819e+07  0.68%     -  168s
H    0     0                    2.167442e+07 2.1819e+07  0.67%     -  168s
     0     2 2.1819e+07    0  861 2.1674e+07 2.1819e+07  0.67%     -  170s
    63    96 2.1819e+07    6  857 2.1674e+07 2.1819e+07  0.67%   558  176s
H   70    96                    2.167442e+07 2.1819e+07  0.67%   522  176s
H   77    96                    2.167463e+07 2.1819e+07  0.67%   489  176s
H   79    96                    2.167486e+07 2.1819e+07  0.66%   481  176s
   218   285 2.1818e+07   10  859 2.1675e+07 2.1819e+07  0.66%   283  180s
H  559   592                    2.167491e+07 2.1819e+07  0.66%   200  188s
H  562   592                    2.167493e+07 2.1819e+07  0.66%   200  188s
H  589   592                    2.167525e+07 2.1819e+07  0.66%   196  188s
H  590   592                    2.168194e+07 2.1819e+07  0.63%   196  188s
   591   697 2.1818e+07   18  837 2.1682e+07 2.1819e+07  0.63%   196  191s
H  615   697                    2.168580e+07 2.1819e+07  0.61%   194  191s
  1034  1434 2.1817e+07   26  841 2.1686e+07 2.1819e+07  0.61%   163  198s
  1433  1466 2.1816e+07   36  809 2.1686e+07 2.1819e+07  0.61%   147  207s
H 1460  1466                    2.168681e+07 2.1819e+07  0.61%   146  207s
  1465  1828 2.1816e+07   36  804 2.1687e+07 2.1819e+07  0.61%   146  212s
  1827  2170 2.1815e+07   45  801 2.1687e+07 2.1819e+07  0.61%   139  215s
  2484  2705 2.1814e+07   63  790 2.1687e+07 2.1819e+07  0.61%   136  222s
  2704  3065 2.1813e+07   71  796 2.1687e+07 2.1819e+07  0.61%   134  226s
  3065  3620 2.1813e+07   80  803 2.1687e+07 2.1819e+07  0.61%   132  230s
  3964  4219 2.1811e+07   98  811 2.1687e+07 2.1819e+07  0.61%   129  237s
  4276  4663 2.1807e+07  101  791 2.1687e+07 2.1819e+07  0.61%   133  241s
  4742  5105 2.1810e+07  103  782 2.1687e+07 2.1819e+07  0.61%   133  245s
  5206  5136 2.1808e+07  111  777 2.1687e+07 2.1819e+07  0.61%   132  251s
  5238  5167 2.1808e+07  112  771 2.1687e+07 2.1819e+07  0.61%   133  255s
H 5241  5070                    2.168939e+07 2.1819e+07  0.60%   132  255s
  5878  5689 2.1808e+07  123  770 2.1689e+07 2.1819e+07  0.60%   130  268s
  5910  5721 2.1808e+07  124  752 2.1689e+07 2.1819e+07  0.60%   130  272s
H 5916  5708                    2.168971e+07 2.1819e+07  0.59%   130  272s
  5942  6423 2.1807e+07  125  739 2.1690e+07 2.1819e+07  0.59%   131  276s
  6680  6883 2.1806e+07  140  750 2.1690e+07 2.1819e+07  0.59%   127  282s
  7195  7294 2.1805e+07  144  744 2.1690e+07 2.1819e+07  0.59%   127  287s
H 7431  7138                    2.169324e+07 2.1819e+07  0.58%   126  287s
H 7523  6823                    2.170585e+07 2.1819e+07  0.52%   125  287s
  7620  7490 2.1804e+07  170  711 2.1706e+07 2.1819e+07  0.52%   124  291s
  8376  8119 2.1803e+07  196  702 2.1706e+07 2.1819e+07  0.52%   120  295s
  9013  8253 2.1799e+07  208  675 2.1706e+07 2.1819e+07  0.52%   120  300s
H 9098  8249                    2.170590e+07 2.1819e+07  0.52%   120  300s
H 9119  8133                    2.170955e+07 2.1819e+07  0.50%   120  300s
  9852  9496 2.1797e+07  231  675 2.1710e+07 2.1819e+07  0.50%   119  307s
 10528 10200 2.1795e+07  260  616 2.1710e+07 2.1819e+07  0.50%   118  312s
H11087 10196                    2.170959e+07 2.1819e+07  0.50%   116  312s
H11218 10089                    2.171054e+07 2.1819e+07  0.50%   116  312s
 11232 10821 2.1794e+07  293  592 2.1711e+07 2.1819e+07  0.50%   116  316s
 11964 10938 2.1779e+07  313  564 2.1711e+07 2.1819e+07  0.50%   113  322s
 12081 11877 2.1794e+07  317  560 2.1711e+07 2.1819e+07  0.50%   113  325s
 13020 12620 2.1793e+07  349  562 2.1711e+07 2.1819e+07  0.50%   110  330s
 14708 13529 2.1811e+07   88  861 2.1711e+07 2.1819e+07  0.50%   106  452s
H14709 12853                    2.171348e+07 2.1819e+07  0.48%   106  631s
H14709 12210                    2.172146e+07 2.1819e+07  0.45%   106  631s
H14709 11600                    2.172262e+07 2.1819e+07  0.44%   106  631s
H14709 11020                    2.173031e+07 2.1818e+07  0.40%   106  631s
 14711 11021 2.1815e+07   42  694 2.1730e+07 2.1818e+07  0.40%   106  645s
 14712 11022 2.1791e+07  374  707 2.1730e+07 2.1818e+07  0.40%   106  650s
 14714 11023 2.1730e+07  173  724 2.1730e+07 2.1818e+07  0.40%   106  658s
 14715 11024 2.1794e+07  302  715 2.1730e+07 2.1818e+07  0.40%   106  660s
 14717 11025 2.1815e+07   27  716 2.1730e+07 2.1817e+07  0.40%   106  667s
 14718 11026 2.1788e+07   87  779 2.1730e+07 2.1816e+07  0.40%   106  671s
 14721 11028 2.1813e+07   66  795 2.1730e+07 2.1816e+07  0.39%   106  675s
H14725 10478                    2.173542e+07 2.1816e+07  0.37%   106  744s
H14725  9954                    2.173562e+07 2.1816e+07  0.37%   106  744s
H14725  9456                    2.173588e+07 2.1816e+07  0.37%   106  744s
H14725  8983                    2.173589e+07 2.1816e+07  0.37%   106  744s
H14725  8533                    2.174647e+07 2.1816e+07  0.32%   106  744s
 14727  8535 2.1806e+07   51  771 2.1746e+07 2.1815e+07  0.32%   106  748s
 14728  8535 2.1799e+07  216  754 2.1746e+07 2.1815e+07  0.32%   106  750s
H14731  8110                    2.174770e+07 2.1815e+07  0.31%   106  870s
H14731  7704                    2.175396e+07 2.1815e+07  0.28%   106  870s
H14731  7318                    2.175538e+07 2.1815e+07  0.28%   106  870s
H14731  6952                    2.175585e+07 2.1815e+07  0.27%   106  870s
H14731  6604                    2.176076e+07 2.1815e+07  0.25%   106  870s
 14733  6606 2.1800e+07  183  756 2.1761e+07 2.1815e+07  0.25%   106  875s
H14736  6277                    2.176092e+07 2.1815e+07  0.25%   106  942s
H14736  5963                    2.176104e+07 2.1815e+07  0.25%   106  942s
H14736  5664                    2.176791e+07 2.1815e+07  0.22%   106  942s
 14738  5665 2.1803e+07  134  762 2.1768e+07 2.1814e+07  0.21%   106  946s
 14743  5668 2.1814e+07   42  772 2.1768e+07 2.1814e+07  0.21%   106 1008s
 14744  5669 2.1814e+07   22  755 2.1768e+07 2.1814e+07  0.21%   106 1012s
 14748  5672 2.1782e+07  191  782 2.1768e+07 2.1814e+07  0.21%   106 1164s
 14749  5672 2.1768e+07  307  760 2.1768e+07 2.1814e+07  0.21%   106 1168s
H14751  5390                    2.179170e+07 2.1814e+07  0.10%   106 1288s
H14751  5120                    2.179217e+07 2.1814e+07  0.10%   106 1288s
H14751  4863                    2.179243e+07 2.1814e+07  0.10%   106 1289s

Cutting planes:
  Learned: 4
  Gomory: 36
  Implied bound: 970
  MIR: 1178
  Flow cover: 1435
  GUB cover: 1
  RLT: 26
  Relax-and-lift: 800

Explored 14751 nodes (1733448 simplex iterations) in 1289.19 seconds (1568.46 work units)
Thread count was 32 (of 192 available processors)

Solution count 10: 2.17924e+07 2.17924e+07 2.17922e+07 ... 2.17554e+07

Optimal solution found (tolerance 2.00e-03)
Best objective 2.179243293915e+07, best bound 2.181399127066e+07, gap 0.0989%
Deleted nodefile directory: /scratch-local/lbeemster.21364978/gurobi_dev0.1_sub50.0_run4
Saved model snapshot to study_case_model/figures/subsidy_experiment/run_30326/dev0.1/sub50.0/run4/model_snapshot.pkl
Finished successfully!
