Gurobi shell based on Python 3.13.1 can be launched with command `gurobi.sh`
Gurobi Python Interface can be loaded in Python 3.13.1 with 'import gurobipy'
/var/spool/slurm/slurmd/job21364084/slurm_script: line 24: activate: No such file or directory
Solving model: dev0.0, sub45.0, run4
Read LP format model from file /scratch-local/lbeemster.21364084/tmp95abgq2o.pyomo.lp
Reading time = 0.57 seconds
x1: 176513 rows, 50050 columns, 1016320 nonzeros
Set parameter OutputFlag to value 1
Set parameter MIPGap to value 0.002
Set parameter Threads to value 32
Set parameter Presolve to value 1
Set parameter Cuts to value 1
Set parameter NodefileStart to value 1
Set parameter NodefileDir to value "/scratch-local/lbeemster.21364084/gurobi_dev0.0_sub45.0_run4"
Set parameter MemLimit to value 60
Gurobi Optimizer version 12.0.3 build v12.0.3rc0 (linux64 - "Red Hat Enterprise Linux 9.6 (Plow)")

CPU model: AMD EPYC 9654 96-Core Processor, instruction set [SSE2|AVX|AVX2|AVX512]
Thread count: 192 physical cores, 192 logical processors, using up to 32 threads

Non-default parameters:
MemLimit  60
MIPGap  0.002
NodefileStart  1
Cuts  1
Presolve  1
Threads  32

Academic license 2514514 - for non-commercial use only - registered to l.___@student.vu.nl
Optimize a model with 176513 rows, 50050 columns and 1016320 nonzeros
Model fingerprint: 0xa389558f
Variable types: 39426 continuous, 10624 integer (10624 binary)
Coefficient statistics:
  Matrix range     [6e-05, 1e+05]
  Objective range  [2e+00, 3e+04]
  Bounds range     [1e+00, 1e+00]
  RHS range        [3e-01, 2e+05]
Presolve removed 36505 rows and 24374 columns
Presolve time: 3.68s
Presolved: 140008 rows, 25676 columns, 869053 nonzeros
Variable types: 19924 continuous, 5752 integer (5752 binary)
Found heuristic solution: objective 1.946754e+07
Found heuristic solution: objective 1.960259e+07

Deterministic concurrent LP optimizer: primal simplex, dual simplex, and barrier
Showing barrier log only...

Root relaxation presolved: 24682 rows, 164616 columns, 893776 nonzeros

Root barrier log...

Ordering time: 0.05s

Barrier statistics:
 Free vars  : 1920
 AA' NZ     : 5.570e+05
 Factor NZ  : 1.442e+06 (roughly 90 MB of memory)
 Factor Ops : 1.023e+08 (less than 1 second per iteration)
 Threads    : 30

                  Objective                Residual
Iter       Primal          Dual         Primal    Dual     Compl     Time
   0   1.57358242e+12  3.04124771e+06  7.55e+06 3.29e+02  1.69e+08     8s
   1   1.06577374e+12 -2.11491195e+08  4.26e+06 3.66e+03  1.05e+08     8s
   2   8.46101199e+11 -2.04972205e+08  2.84e+06 2.45e+03  7.11e+07     8s
   3   5.77312539e+11 -1.78843607e+08  1.19e+06 1.58e+03  4.00e+07     8s
   4   4.61521214e+11 -1.37979566e+08  6.68e+05 1.02e+03  2.55e+07     8s
   5   3.72909029e+11 -1.09983160e+08  4.25e+05 6.89e+02  1.67e+07     8s
   6   3.27649737e+11 -8.43117693e+07  3.24e+05 4.51e+02  1.16e+07     8s
   7   2.52472311e+11 -6.32357190e+07  1.91e+05 2.99e+02  7.47e+06     8s
   8   1.90364508e+11 -3.78792716e+07  1.10e+05 1.65e+02  4.28e+06     8s
   9   1.27645892e+11 -1.68045275e+07  4.93e+04 8.26e+01  2.16e+06     8s
  10   1.01611568e+11 -8.90521850e+06  3.54e+04 5.33e+01  1.46e+06     8s
  11   4.95843223e+10 -5.13502441e+06  1.05e+04 3.19e+01  6.98e+05     8s
  12   3.23841069e+10 -2.91634806e+06  5.46e+03 2.22e+01  4.33e+05     8s
  13   2.17325152e+10  5.83780012e+04  3.09e+03 7.05e+00  1.99e+05     9s
  14   1.18013927e+10  4.90138805e+05  1.45e+03 5.12e+00  1.11e+05     9s
  15   4.95713516e+09  1.36678767e+06  4.64e+02 2.50e+00  4.52e+04     9s
  16   3.49589628e+09  3.30907318e+06  3.01e+02 1.34e+00  2.81e+04     9s
  17   1.95533972e+09  4.86741244e+06  1.50e+02 7.14e-01  1.49e+04     9s
  18   1.61482524e+09  6.43967483e+06  1.20e+02 4.47e-01  1.13e+04     9s
  19   9.44578938e+08  8.80296203e+06  6.60e+01 1.53e-01  6.03e+03     9s
  20   4.68939229e+08  1.07237201e+07  3.05e+01 7.48e-02  2.86e+03     9s
  21   1.59854056e+08  1.30887422e+07  8.35e+00 3.04e-02  8.96e+02     9s
  22   1.07142036e+08  1.50472233e+07  4.84e+00 2.30e-02  5.56e+02     9s
  23   5.24953243e+07  1.94263461e+07  1.49e+00 9.13e-03  1.95e+02     9s
  24   4.96014599e+07  1.95998341e+07  1.34e+00 7.19e-03  1.76e+02     9s
  25   3.55071814e+07  2.00366928e+07  6.38e-01 4.97e-03  9.01e+01     9s
  26   3.07057864e+07  2.05785484e+07  4.12e-01 3.42e-03  5.86e+01     9s
  27   2.68380920e+07  2.10482242e+07  2.29e-01 2.56e-03  3.33e+01     9s

Barrier performed 27 iterations in 9.09 seconds (8.14 work units)
Barrier solve interrupted - model solved by another algorithm

Concurrent spin time: 1.00s (can be avoided by choosing Method=3)

Solved with primal simplex

Root relaxation: objective 2.177480e+07, 25340 iterations, 2.64 seconds (1.76 work units)

    Nodes    |    Current Node    |     Objective Bounds      |     Work
 Expl Unexpl |  Obj  Depth IntInf | Incumbent    BestBd   Gap | It/Node Time

     0     0 2.1775e+07    0  409 1.9603e+07 2.1775e+07  11.1%     -   11s
     0     0 2.1769e+07    0  517 1.9603e+07 2.1769e+07  11.1%     -   14s
H    0     0                    2.126968e+07 2.1769e+07  2.35%     -   15s
     0     0 2.1768e+07    0  593 2.1270e+07 2.1768e+07  2.35%     -   16s
     0     0 2.1768e+07    0  605 2.1270e+07 2.1768e+07  2.34%     -   16s
     0     0 2.1768e+07    0  607 2.1270e+07 2.1768e+07  2.34%     -   16s
     0     0 2.1764e+07    0  652 2.1270e+07 2.1764e+07  2.33%     -   19s
     0     0 2.1764e+07    0  650 2.1270e+07 2.1764e+07  2.32%     -   21s
     0     0 2.1764e+07    0  661 2.1270e+07 2.1764e+07  2.32%     -   22s
     0     0 2.1764e+07    0  661 2.1270e+07 2.1764e+07  2.32%     -   22s
     0     0 2.1763e+07    0  629 2.1270e+07 2.1763e+07  2.32%     -   26s
H    0     0                    2.130149e+07 2.1763e+07  2.17%     -   28s
     0     0 2.1763e+07    0  651 2.1301e+07 2.1763e+07  2.17%     -   28s
     0     0 2.1763e+07    0  662 2.1301e+07 2.1763e+07  2.17%     -   29s
     0     0 2.1763e+07    0  664 2.1301e+07 2.1763e+07  2.17%     -   29s
     0     0 2.1762e+07    0  641 2.1301e+07 2.1762e+07  2.16%     -   33s
     0     0 2.1762e+07    0  690 2.1301e+07 2.1762e+07  2.16%     -   35s
     0     0 2.1762e+07    0  688 2.1301e+07 2.1762e+07  2.16%     -   36s
     0     0 2.1762e+07    0  705 2.1301e+07 2.1762e+07  2.16%     -   36s
     0     0 2.1762e+07    0  714 2.1301e+07 2.1762e+07  2.16%     -   36s
     0     0 2.1761e+07    0  599 2.1301e+07 2.1761e+07  2.16%     -   40s
     0     0 2.1761e+07    0  601 2.1301e+07 2.1761e+07  2.16%     -   43s
     0     0 2.1761e+07    0  612 2.1301e+07 2.1761e+07  2.16%     -   43s
     0     0 2.1761e+07    0  613 2.1301e+07 2.1761e+07  2.16%     -   43s
     0     0 2.1761e+07    0  622 2.1301e+07 2.1761e+07  2.16%     -   44s
     0     0 2.1761e+07    0  623 2.1301e+07 2.1761e+07  2.16%     -   44s
     0     0 2.1761e+07    0  599 2.1301e+07 2.1761e+07  2.16%     -   47s
H    0     0                    2.134223e+07 2.1761e+07  1.96%     -   51s
     0     0 2.1761e+07    0  617 2.1342e+07 2.1761e+07  1.96%     -   51s
     0     0 2.1761e+07    0  625 2.1342e+07 2.1761e+07  1.96%     -   51s
     0     0 2.1761e+07    0  628 2.1342e+07 2.1761e+07  1.96%     -   52s
     0     0 2.1760e+07    0  605 2.1342e+07 2.1760e+07  1.96%     -   54s
     0     0 2.1760e+07    0  627 2.1342e+07 2.1760e+07  1.96%     -   57s
     0     0 2.1760e+07    0  634 2.1342e+07 2.1760e+07  1.96%     -   57s
     0     0 2.1760e+07    0  635 2.1342e+07 2.1760e+07  1.96%     -   58s
     0     0 2.1760e+07    0  635 2.1342e+07 2.1760e+07  1.96%     -   58s
     0     0 2.1760e+07    0  616 2.1342e+07 2.1760e+07  1.96%     -   60s
H    0     0                    2.137527e+07 2.1760e+07  1.80%     -   62s
     0     0 2.1760e+07    0  638 2.1375e+07 2.1760e+07  1.80%     -   62s
     0     0 2.1760e+07    0  636 2.1375e+07 2.1760e+07  1.80%     -   63s
     0     0 2.1760e+07    0  640 2.1375e+07 2.1760e+07  1.80%     -   63s
     0     0 2.1760e+07    0  621 2.1375e+07 2.1760e+07  1.80%     -   65s
     0     0 2.1760e+07    0  647 2.1375e+07 2.1760e+07  1.80%     -   67s
     0     0 2.1760e+07    0  635 2.1375e+07 2.1760e+07  1.80%     -   67s
     0     0 2.1760e+07    0  639 2.1375e+07 2.1760e+07  1.80%     -   67s
     0     0 2.1760e+07    0  608 2.1375e+07 2.1760e+07  1.80%     -   70s
     0     0 2.1760e+07    0  630 2.1375e+07 2.1760e+07  1.80%     -   72s
     0     0 2.1760e+07    0  629 2.1375e+07 2.1760e+07  1.80%     -   72s
     0     0 2.1760e+07    0  624 2.1375e+07 2.1760e+07  1.80%     -   75s
H    0     0                    2.137844e+07 2.1760e+07  1.78%     -   76s
     0     0 2.1760e+07    0  628 2.1378e+07 2.1760e+07  1.78%     -   76s
     0     0 2.1760e+07    0  634 2.1378e+07 2.1760e+07  1.78%     -   76s
     0     0 2.1760e+07    0  633 2.1378e+07 2.1760e+07  1.78%     -   76s
     0     0 2.1760e+07    0  615 2.1378e+07 2.1760e+07  1.78%     -   79s
     0     0 2.1760e+07    0  615 2.1378e+07 2.1760e+07  1.78%     -   89s
H    0     0                    2.142835e+07 2.1760e+07  1.55%     -   91s
H    0     0                    2.147598e+07 2.1760e+07  1.32%     -   98s
H    0     0                    2.148335e+07 2.1760e+07  1.29%     -  101s
H    0     0                    2.149057e+07 2.1760e+07  1.25%     -  101s
H    0     0                    2.150649e+07 2.1760e+07  1.18%     -  101s
H    0     0                    2.150668e+07 2.1760e+07  1.18%     -  102s
H    0     2                    2.153625e+07 2.1760e+07  1.04%     -  109s
     0     2 2.1760e+07    0  615 2.1536e+07 2.1760e+07  1.04%     -  109s
     1     4 2.1760e+07    1  612 2.1536e+07 2.1760e+07  1.04%   206  110s
H   63    96                    2.153625e+07 2.1759e+07  1.04%   195  115s
   684  1154 2.1759e+07   19  609 2.1536e+07 2.1759e+07  1.04%  70.3  121s
H 1153  1186                    2.153627e+07 2.1759e+07  1.04%  66.0  131s
H 1164  1186                    2.153647e+07 2.1759e+07  1.04%  65.8  131s
  1185  1953 2.1758e+07   30  593 2.1536e+07 2.1759e+07  1.04%  65.5  135s
  1952  2727 2.1756e+07   43  583 2.1536e+07 2.1759e+07  1.04%  62.1  141s
H 2286  2727                    2.154711e+07 2.1759e+07  0.99%  63.0  141s
  2726  3659 2.1755e+07   62  532 2.1547e+07 2.1759e+07  0.99%  62.6  146s
H 2975  3659                    2.158554e+07 2.1759e+07  0.81%  62.2  146s
H 3190  3659                    2.159621e+07 2.1759e+07  0.76%  61.8  146s
  3658  4735 2.1752e+07   87  460 2.1596e+07 2.1759e+07  0.76%  61.5  151s
  4752  5747 2.1749e+07  113  426 2.1596e+07 2.1759e+07  0.76%  61.3  156s
  5823  5805 2.1748e+07  136  362 2.1596e+07 2.1759e+07  0.76%  59.8  163s
H 5830  5580                    2.162365e+07 2.1759e+07  0.63%  59.8  163s
  5881  6380 2.1746e+07  137  364 2.1624e+07 2.1759e+07  0.63%  59.7  168s
  6745  7302 2.1746e+07  158  313 2.1624e+07 2.1759e+07  0.63%  58.7  174s
H 7091  6396                    2.170604e+07 2.1759e+07  0.25%  58.4  174s
  7694  6150 2.1742e+07  192  264 2.1706e+07 2.1759e+07  0.25%  57.5  181s
  7735  6179 2.1742e+07  193  267 2.1706e+07 2.1759e+07  0.25%  57.6  186s
  7799  6243 2.1741e+07  194  265 2.1706e+07 2.1759e+07  0.25%  57.6  193s
  7831  7011 2.1741e+07  195  263 2.1706e+07 2.1759e+07  0.25%  57.7  198s
  8599  8524 2.1740e+07  227  214 2.1706e+07 2.1759e+07  0.25%  57.2  203s
 10114 10062 2.1729e+07  250  192 2.1706e+07 2.1759e+07  0.25%  55.5  207s
 11658 11225 2.1731e+07  279  167 2.1706e+07 2.1759e+07  0.25%  53.6  214s
 12870 12374 2.1728e+07  299  130 2.1706e+07 2.1759e+07  0.25%  55.2  218s
 14118 13506 2.1723e+07  327  103 2.1706e+07 2.1759e+07  0.25%  54.3  221s
*15230 13499             419    2.170616e+07 2.1759e+07  0.25%  53.5  221s
 15342 13498 2.1748e+07   25  615 2.1706e+07 2.1759e+07  0.25%  53.3  294s
H15343 12824                    2.171195e+07 2.1758e+07  0.21%  53.3  388s
H15343 12182                    2.171198e+07 2.1758e+07  0.21%  53.3  388s
H15343 11573                    2.171487e+07 2.1758e+07  0.20%  53.3  388s
H15343 10995                    2.171593e+07 2.1758e+07  0.19%  53.3  388s

Cutting planes:
  Gomory: 2
  Cover: 5
  Implied bound: 160
  MIR: 636
  Flow cover: 625
  RLT: 3
  Relax-and-lift: 317
  PSD: 2

Explored 15343 nodes (916263 simplex iterations) in 389.03 seconds (466.83 work units)
Thread count was 32 (of 192 available processors)

Solution count 10: 2.17159e+07 2.17159e+07 2.17149e+07 ... 2.15855e+07

Optimal solution found (tolerance 2.00e-03)
Best objective 2.171593113227e+07, best bound 2.175815821713e+07, gap 0.1945%
Deleted nodefile directory: /scratch-local/lbeemster.21364084/gurobi_dev0.0_sub45.0_run4
Saved model snapshot to study_case_model/figures/subsidy_experiment/run_30326/dev0.0/sub45.0/run4/model_snapshot.pkl
Finished successfully!
