Gurobi shell based on Python 3.13.1 can be launched with command `gurobi.sh`
Gurobi Python Interface can be loaded in Python 3.13.1 with 'import gurobipy'
/var/spool/slurm/slurmd/job21388623/slurm_script: line 24: activate: No such file or directory
Solving model: marketDORNUM, maxh2_0.06, sub40.0, run0
Read LP format model from file /scratch-local/lbeemster.21388623/tmpi4azd1i3.pyomo.lp
Reading time = 0.59 seconds
x1: 176513 rows, 50050 columns, 1016320 nonzeros
Set parameter OutputFlag to value 1
Set parameter MIPGap to value 0.002
Set parameter Threads to value 32
Set parameter Presolve to value 1
Set parameter Cuts to value 1
Set parameter NodefileStart to value 1
Set parameter NodefileDir to value "/scratch-local/lbeemster.21388623/gurobi_marketDORNUM_maxh2_0.06_sub40.0_run0"
Set parameter MemLimit to value 60
Gurobi Optimizer version 12.0.3 build v12.0.3rc0 (linux64 - "Red Hat Enterprise Linux 9.6 (Plow)")

CPU model: AMD EPYC 9654 96-Core Processor, instruction set [SSE2|AVX|AVX2|AVX512]
Thread count: 192 physical cores, 192 logical processors, using up to 32 threads

Non-default parameters:
MemLimit  60
MIPGap  0.002
NodefileStart  1
Cuts  1
Presolve  1
Threads  32

Academic license 2514514 - for non-commercial use only - registered to l.___@student.vu.nl
Optimize a model with 176513 rows, 50050 columns and 1016320 nonzeros
Model fingerprint: 0xdde3076f
Variable types: 39426 continuous, 10624 integer (10624 binary)
Coefficient statistics:
  Matrix range     [6e-05, 1e+05]
  Objective range  [2e+00, 3e+04]
  Bounds range     [1e+00, 1e+00]
  RHS range        [3e-01, 2e+05]
Presolve removed 36049 rows and 24694 columns
Presolve time: 3.88s
Presolved: 140464 rows, 25356 columns, 873683 nonzeros
Variable types: 19684 continuous, 5672 integer (5672 binary)
Found heuristic solution: objective 1.882101e+07
Found heuristic solution: objective 1.891997e+07
Found heuristic solution: objective 1.921023e+07

Deterministic concurrent LP optimizer: primal simplex, dual simplex, and barrier
Showing barrier log only...

Root relaxation presolved: 24168 rows, 164594 columns, 897928 nonzeros

Root barrier log...

Ordering time: 0.05s

Barrier statistics:
 Free vars  : 1920
 AA' NZ     : 5.482e+05
 Factor NZ  : 1.394e+06 (roughly 90 MB of memory)
 Factor Ops : 9.757e+07 (less than 1 second per iteration)
 Threads    : 30

                  Objective                Residual
Iter       Primal          Dual         Primal    Dual     Compl     Time
   0   1.57865638e+12  3.21676480e+06  7.52e+06 3.81e+02  1.79e+08    10s
   1   1.12699742e+12 -2.15491087e+08  4.56e+06 3.90e+03  1.15e+08    10s
   2   8.58259082e+11 -2.26309129e+08  2.86e+06 2.57e+03  7.55e+07    10s
   3   6.69897380e+11 -1.99291656e+08  1.68e+06 1.80e+03  5.02e+07    10s
   4   5.29617817e+11 -1.58969485e+08  9.49e+05 1.27e+03  3.34e+07    10s
   5   4.77255106e+11 -1.26303995e+08  7.44e+05 9.16e+02  2.48e+07    10s
   6   4.27580439e+11 -9.74750114e+07  5.85e+05 6.02e+02  1.76e+07    10s
   7   3.70869130e+11 -7.69746099e+07  4.34e+05 4.13e+02  1.25e+07    10s
   8   2.70160806e+11 -5.83990494e+07  2.34e+05 2.79e+02  7.87e+06    10s
   9   1.84427956e+11 -3.47331890e+07  1.06e+05 1.47e+02  4.10e+06    10s
  10   1.23396814e+11 -2.06147682e+07  5.04e+04 8.92e+01  2.32e+06    10s
  11   8.98783744e+10 -1.24201541e+07  3.06e+04 5.99e+01  1.49e+06    10s
  12   5.79738390e+10 -6.55446285e+06  1.57e+04 3.38e+01  8.24e+05    10s
  13   3.80881818e+10 -1.92756150e+06  8.88e+03 1.47e+01  4.17e+05    10s
  14   1.79449980e+10 -3.58313269e+05  3.32e+03 8.62e+00  1.91e+05    10s
  15   1.16444956e+10  4.94167815e+05  1.92e+03 5.16e+00  1.13e+05    10s
  16   6.89913723e+09  1.00402009e+06  9.80e+02 3.31e+00  6.46e+04    10s
  17   3.85988339e+09  2.73242530e+06  4.90e+02 8.94e-01  2.87e+04    10s
  18   2.79586286e+09  4.03389776e+06  3.41e+02 4.72e-01  1.94e+04    10s
  19   1.56488800e+09  5.00992598e+06  1.79e+02 2.72e-01  1.06e+04    10s
  20   7.98890124e+08  5.50708004e+06  8.21e+01 2.08e-01  5.43e+03    10s
  21   5.13993927e+08  7.52116885e+06  4.90e+01 1.06e-01  3.31e+03    10s
  22   2.45917136e+08  9.19999657e+06  2.08e+01 4.99e-02  1.50e+03    10s
  23   1.50351005e+08  1.30202744e+07  1.13e+01 1.75e-02  8.35e+02    11s
  24   1.04538422e+08  1.46497936e+07  7.06e+00 1.30e-02  5.42e+02    11s
  25   6.71245905e+07  1.85929883e+07  3.71e+00 4.46e-03  2.88e+02    11s
  26   5.20685226e+07  1.92425014e+07  2.47e+00 3.23e-03  1.94e+02    11s
  27   3.50475506e+07  1.91973034e+07  1.10e+00 2.05e-03  9.31e+01    11s
  28   3.04201446e+07  1.98026264e+07  7.31e-01 3.36e-03  6.22e+01    11s
  29   2.90195062e+07  1.99790811e+07  6.20e-01 2.74e-03  5.29e+01    11s
  30   2.59722038e+07  2.03072427e+07  3.81e-01 1.99e-03  3.31e+01    11s
  31   2.34234897e+07  2.05624017e+07  1.83e-01 1.26e-03  1.67e+01    11s
  32   2.25899644e+07  2.06413388e+07  1.18e-01 9.72e-04  1.13e+01    11s
  33   2.20500253e+07  2.07522864e+07  7.66e-02 8.22e-04  7.52e+00    11s
  34   2.16110981e+07  2.07899546e+07  4.64e-02 6.40e-04  4.75e+00    11s

Barrier performed 34 iterations in 10.97 seconds (9.72 work units)
Barrier solve interrupted - model solved by another algorithm

Concurrent spin time: 0.58s (can be avoided by choosing Method=3)

Solved with primal simplex

Root relaxation: objective 2.094658e+07, 29885 iterations, 2.82 seconds (1.84 work units)

    Nodes    |    Current Node    |     Objective Bounds      |     Work
 Expl Unexpl |  Obj  Depth IntInf | Incumbent    BestBd   Gap | It/Node Time

     0     0 2.0947e+07    0  431 1.9210e+07 2.0947e+07  9.04%     -   13s
     0     0 2.0934e+07    0  465 1.9210e+07 2.0934e+07  8.97%     -   17s
H    0     0                    2.058517e+07 2.0934e+07  1.69%     -   18s
     0     0 2.0930e+07    0  518 2.0585e+07 2.0930e+07  1.67%     -   19s
     0     0 2.0930e+07    0  521 2.0585e+07 2.0930e+07  1.67%     -   19s
     0     0 2.0930e+07    0  526 2.0585e+07 2.0930e+07  1.67%     -   19s
     0     0 2.0928e+07    0  535 2.0585e+07 2.0928e+07  1.67%     -   22s
     0     0 2.0928e+07    0  552 2.0585e+07 2.0928e+07  1.67%     -   23s
     0     0 2.0928e+07    0  561 2.0585e+07 2.0928e+07  1.67%     -   23s
     0     0 2.0928e+07    0  562 2.0585e+07 2.0928e+07  1.67%     -   23s
     0     0 2.0928e+07    0  519 2.0585e+07 2.0928e+07  1.66%     -   27s
H    0     0                    2.063883e+07 2.0928e+07  1.40%     -   29s
     0     0 2.0927e+07    0  540 2.0639e+07 2.0927e+07  1.40%     -   30s
     0     0 2.0927e+07    0  553 2.0639e+07 2.0927e+07  1.40%     -   30s
     0     0 2.0927e+07    0  555 2.0639e+07 2.0927e+07  1.40%     -   30s
     0     0 2.0927e+07    0  625 2.0639e+07 2.0927e+07  1.40%     -   34s
     0     0 2.0927e+07    0  601 2.0639e+07 2.0927e+07  1.40%     -   35s
     0     0 2.0927e+07    0  601 2.0639e+07 2.0927e+07  1.40%     -   36s
     0     0 2.0927e+07    0  599 2.0639e+07 2.0927e+07  1.40%     -   36s
     0     0 2.0927e+07    0  605 2.0639e+07 2.0927e+07  1.40%     -   36s
     0     0 2.0927e+07    0  517 2.0639e+07 2.0927e+07  1.40%     -   40s
     0     0 2.0927e+07    0  533 2.0639e+07 2.0927e+07  1.39%     -   42s
     0     0 2.0927e+07    0  530 2.0639e+07 2.0927e+07  1.39%     -   43s
     0     0 2.0927e+07    0  529 2.0639e+07 2.0927e+07  1.39%     -   43s
     0     0 2.0927e+07    0  535 2.0639e+07 2.0927e+07  1.39%     -   43s
     0     0 2.0927e+07    0  540 2.0639e+07 2.0927e+07  1.39%     -   43s
     0     0 2.0927e+07    0  549 2.0639e+07 2.0927e+07  1.39%     -   46s
H    0     0                    2.064226e+07 2.0927e+07  1.38%     -   50s
     0     0 2.0927e+07    0  546 2.0642e+07 2.0927e+07  1.38%     -   50s
     0     0 2.0927e+07    0  544 2.0642e+07 2.0927e+07  1.38%     -   50s
     0     0 2.0927e+07    0  549 2.0642e+07 2.0927e+07  1.38%     -   50s
     0     0 2.0926e+07    0  480 2.0642e+07 2.0926e+07  1.38%     -   53s
     0     0 2.0926e+07    0  481 2.0642e+07 2.0926e+07  1.38%     -   55s
     0     0 2.0926e+07    0  486 2.0642e+07 2.0926e+07  1.38%     -   56s
     0     0 2.0926e+07    0  467 2.0642e+07 2.0926e+07  1.38%     -   58s
     0     0 2.0926e+07    0  478 2.0642e+07 2.0926e+07  1.38%     -   60s
     0     0 2.0926e+07    0  478 2.0642e+07 2.0926e+07  1.38%     -   60s
     0     0 2.0926e+07    0  471 2.0642e+07 2.0926e+07  1.38%     -   62s
H    0     0                    2.065419e+07 2.0926e+07  1.32%     -   64s
     0     0 2.0926e+07    0  463 2.0654e+07 2.0926e+07  1.32%     -   64s
     0     0 2.0926e+07    0  467 2.0654e+07 2.0926e+07  1.32%     -   64s
     0     0 2.0926e+07    0  465 2.0654e+07 2.0926e+07  1.32%     -   64s
     0     0 2.0926e+07    0  452 2.0654e+07 2.0926e+07  1.32%     -   67s
     0     0 2.0926e+07    0  452 2.0654e+07 2.0926e+07  1.32%     -   74s
H    0     0                    2.072852e+07 2.0926e+07  0.95%     -   84s
H    0     0                    2.075430e+07 2.0926e+07  0.83%     -   86s
H    0     0                    2.075760e+07 2.0926e+07  0.81%     -   89s
H    0     0                    2.077146e+07 2.0926e+07  0.75%     -   90s
H    0     0                    2.077272e+07 2.0926e+07  0.74%     -   98s
     0     2 2.0926e+07    0  452 2.0773e+07 2.0926e+07  0.74%     -   99s
     1     4 2.0926e+07    1  448 2.0773e+07 2.0926e+07  0.74%   249  100s
   204   238 2.0926e+07   10  452 2.0773e+07 2.0926e+07  0.74%  76.6  109s
H  210   238                    2.077279e+07 2.0926e+07  0.74%  75.1  109s
H  221   238                    2.078068e+07 2.0926e+07  0.70%  74.7  109s
   316   356 2.0926e+07   14  445 2.0781e+07 2.0926e+07  0.70%  65.6  111s
H  355   438                    2.079648e+07 2.0926e+07  0.62%  64.8  111s
   806   864 2.0926e+07   26  441 2.0796e+07 2.0926e+07  0.62%  59.5  115s
H  961  1023                    2.080839e+07 2.0926e+07  0.57%  59.8  118s
  1267  1365 2.0925e+07   38  438 2.0808e+07 2.0926e+07  0.57%  57.1  120s
  1803  1836 2.0924e+07   56  413 2.0808e+07 2.0926e+07  0.57%  56.5  126s
  1835  1868 2.0924e+07   57  406 2.0808e+07 2.0926e+07  0.57%  56.4  130s
  1867  1900 2.0924e+07   57  409 2.0808e+07 2.0926e+07  0.57%  56.8  135s
H 1870  1900                    2.080847e+07 2.0926e+07  0.57%  56.8  135s
H 1889  1900                    2.082753e+07 2.0926e+07  0.47%  57.1  135s
H 1897  1900                    2.083624e+07 2.0926e+07  0.43%  57.0  135s
  3036  3010 2.0921e+07   83  393 2.0836e+07 2.0926e+07  0.43%  56.0  141s
H 3214  2971                    2.085237e+07 2.0926e+07  0.35%  55.8  142s
  3750  3644 2.0919e+07   97  391 2.0852e+07 2.0926e+07  0.35%  55.9  145s
H 4323  4128                    2.085237e+07 2.0926e+07  0.35%  55.0  147s
  5126  5031 2.0916e+07  121  348 2.0852e+07 2.0926e+07  0.35%  53.5  150s
  6054  5967 2.0904e+07  144  344 2.0852e+07 2.0926e+07  0.35%  53.1  155s
  7545  7488 2.0910e+07  183  284 2.0852e+07 2.0926e+07  0.35%  52.1  161s
  8913  8732 2.0910e+07  219  248 2.0852e+07 2.0926e+07  0.35%  52.1  166s
H 9382  9071                    2.085238e+07 2.0926e+07  0.35%  52.0  169s
  9681  9661 2.0910e+07  249  231 2.0852e+07 2.0926e+07  0.35%  51.7  170s
 10757 10364 2.0907e+07  273  203 2.0852e+07 2.0926e+07  0.35%  50.8  175s
 11794 11165 2.0906e+07  294  189 2.0852e+07 2.0926e+07  0.35%  50.8  186s
H11795  9588                    2.087585e+07 2.0926e+07  0.24%  50.8  186s
H11809  8897                    2.088145e+07 2.0926e+07  0.21%  50.8  187s
 11827  8865 2.0906e+07  295  188 2.0881e+07 2.0926e+07  0.21%  50.8  191s
 11909  8886 2.0906e+07  296  189 2.0881e+07 2.0926e+07  0.21%  50.7  199s
H11942  8803                    2.088216e+07 2.0926e+07  0.21%  50.7  222s
H11942  8281                    2.088517e+07 2.0926e+07  0.20%  50.7  224s

Cutting planes:
  Gomory: 11
  Cover: 55
  Implied bound: 3939
  MIR: 759
  Flow cover: 1218
  RLT: 3
  Relax-and-lift: 315

Explored 11942 nodes (663944 simplex iterations) in 254.33 seconds (315.19 work units)
Thread count was 32 (of 192 available processors)

Solution count 10: 2.08852e+07 2.08852e+07 2.08822e+07 ... 2.08084e+07

Optimal solution found (tolerance 2.00e-03)
Best objective 2.088516611713e+07, best bound 2.092617265236e+07, gap 0.1963%
Deleted nodefile directory: /scratch-local/lbeemster.21388623/gurobi_marketDORNUM_maxh2_0.06_sub40.0_run0
Saved model snapshot to study_case_model/figures/market_experiment/run_30326/marketDORNUM/maxh2_0.06/sub40.0/run0/model_snapshot.pkl
Finished successfully!
