Gurobi shell based on Python 3.13.1 can be launched with command `gurobi.sh`
Gurobi Python Interface can be loaded in Python 3.13.1 with 'import gurobipy'
/var/spool/slurm/slurmd/job21392348/slurm_script: line 24: activate: No such file or directory
Solving model: marketZEEBRUGGE, maxh2_0.2, sub40.0, run0
Read LP format model from file /scratch-local/lbeemster.21392348/tmp77__jd8t.pyomo.lp
Reading time = 0.65 seconds
x1: 176513 rows, 50050 columns, 1016448 nonzeros
Set parameter OutputFlag to value 1
Set parameter MIPGap to value 0.002
Set parameter Threads to value 32
Set parameter Presolve to value 1
Set parameter Cuts to value 1
Set parameter NodefileStart to value 1
Set parameter NodefileDir to value "/scratch-local/lbeemster.21392348/gurobi_marketZEEBRUGGE_maxh2_0.2_sub40.0_run0"
Set parameter MemLimit to value 60
Gurobi Optimizer version 12.0.3 build v12.0.3rc0 (linux64 - "Red Hat Enterprise Linux 9.6 (Plow)")

CPU model: AMD EPYC 9654 96-Core Processor, instruction set [SSE2|AVX|AVX2|AVX512]
Thread count: 192 physical cores, 192 logical processors, using up to 32 threads

Non-default parameters:
MemLimit  60
MIPGap  0.002
NodefileStart  1
Cuts  1
Presolve  1
Threads  32

Academic license 2514514 - for non-commercial use only - registered to l.___@student.vu.nl
Optimize a model with 176513 rows, 50050 columns and 1016448 nonzeros
Model fingerprint: 0xaf1ed237
Variable types: 39426 continuous, 10624 integer (10624 binary)
Coefficient statistics:
  Matrix range     [6e-05, 1e+05]
  Objective range  [2e+00, 3e+04]
  Bounds range     [1e+00, 1e+00]
  RHS range        [3e-01, 2e+05]
Presolve removed 35434 rows and 21782 columns
Presolve time: 4.51s
Presolved: 141079 rows, 28268 columns, 941930 nonzeros
Variable types: 22588 continuous, 5680 integer (5680 binary)
Found heuristic solution: objective 1.906989e+07
Found heuristic solution: objective 1.922647e+07

Deterministic concurrent LP optimizer: primal simplex, dual simplex, and barrier
Showing barrier log only...

Root relaxation presolved: 27921 rows, 168957 columns, 969915 nonzeros

Root barrier log...

Ordering time: 0.05s

Barrier statistics:
 Free vars  : 2112
 AA' NZ     : 6.229e+05
 Factor NZ  : 1.842e+06 (roughly 100 MB of memory)
 Factor Ops : 1.433e+08 (less than 1 second per iteration)
 Threads    : 30

                  Objective                Residual
Iter       Primal          Dual         Primal    Dual     Compl     Time
   0   1.56858267e+12  3.01760050e+06  7.55e+06 3.81e+02  1.78e+08     9s
   1   1.11467920e+12 -2.62782164e+08  4.61e+06 3.56e+03  1.10e+08     9s
   2   7.41238656e+11 -2.98500332e+08  2.32e+06 1.98e+03  5.97e+07     9s
   3   4.87999639e+11 -2.72222575e+08  9.53e+05 1.42e+03  3.52e+07     9s
   4   3.70652914e+11 -1.77220972e+08  4.89e+05 7.69e+02  1.92e+07     9s
   5   2.83771599e+11 -1.18596864e+08  2.76e+05 4.25e+02  1.09e+07     9s
   6   2.13506853e+11 -8.61472931e+07  1.60e+05 2.71e+02  6.80e+06     9s
   7   1.51603566e+11 -5.48232475e+07  8.26e+04 1.43e+02  3.66e+06     9s
   8   1.10557006e+11 -3.81025349e+07  4.86e+04 9.19e+01  2.31e+06    10s
   9   8.23292974e+10 -2.23248309e+07  3.03e+04 5.30e+01  1.40e+06    10s
  10   4.97081496e+10 -1.05420451e+07  1.37e+04 2.64e+01  6.91e+05    10s
  11   3.04995852e+10 -3.07761225e+06  6.55e+03 1.06e+01  3.19e+05    10s
  12   1.79876155e+10 -3.51262172e+05  3.23e+03 4.94e+00  1.61e+05    10s
  13   5.25869933e+09  1.06821654e+06  6.04e+02 2.27e+00  4.82e+04    10s
  14   3.59593960e+09  3.04202238e+06  3.76e+02 1.06e+00  2.82e+04    10s
  15   2.58396011e+09  4.85419532e+06  2.55e+02 5.28e-01  1.81e+04    10s
  16   1.80735186e+09  6.31817555e+06  1.72e+02 2.92e-01  1.19e+04    10s
  17   5.42648712e+08  8.61235322e+06  4.45e+01 8.46e-02  3.35e+03    10s
  18   2.49420226e+08  1.02162384e+07  1.80e+01 4.37e-02  1.48e+03    10s
  19   1.37177235e+08  1.46860943e+07  8.47e+00 1.32e-02  7.13e+02    10s
  20   8.11538400e+07  1.67396374e+07  3.94e+00 8.23e-03  3.70e+02    10s
  21   5.22936078e+07  1.88963553e+07  1.84e+00 3.67e-03  1.89e+02    10s
  22   4.15147113e+07  1.87110413e+07  1.20e+00 1.85e-03  1.28e+02    10s
  23   3.10833592e+07  1.97884232e+07  5.71e-01 2.56e-03  6.29e+01    10s
  24   2.46674129e+07  2.03975449e+07  1.83e-01 1.82e-03  2.36e+01    10s
  25   2.34984515e+07  2.06410335e+07  1.24e-01 1.41e-03  1.58e+01    10s
  26   2.30771740e+07  2.07340558e+07  1.03e-01 1.03e-03  1.29e+01    10s
  27   2.24684188e+07  2.07903728e+07  7.47e-02 1.07e-03  9.26e+00    10s
  28   2.18334661e+07  2.08300166e+07  4.46e-02 1.03e-03  5.53e+00    10s
  29   2.16141638e+07  2.08506126e+07  3.43e-02 6.58e-04  4.21e+00    10s
  30   2.11769893e+07  2.08703892e+07  1.35e-02 4.58e-04  1.69e+00    11s
  31   2.11255240e+07  2.08849669e+07  1.10e-02 4.06e-04  1.33e+00    11s
  32   2.10510468e+07  2.09019711e+07  6.67e-03 4.08e-04  8.19e-01    11s
  33   2.10158001e+07  2.09121358e+07  4.53e-03 3.45e-04  5.68e-01    11s
  34   2.09930655e+07  2.09285555e+07  2.63e-03 3.30e-04  3.52e-01    11s
  35   2.09759691e+07  2.09379015e+07  1.45e-03 3.39e-04  2.07e-01    11s
  36   2.09636226e+07  2.09436024e+07  7.76e-04 1.33e-04  1.09e-01    11s
  37   2.09582447e+07  2.09456878e+07  4.92e-04 6.77e-05  6.81e-02    11s

Barrier performed 37 iterations in 10.79 seconds (9.79 work units)
Barrier solve interrupted - model solved by another algorithm

Concurrent spin time: 0.74s (can be avoided by choosing Method=3)

Solved with primal simplex

Root relaxation: objective 2.094784e+07, 38877 iterations, 3.22 seconds (2.27 work units)

    Nodes    |    Current Node    |     Objective Bounds      |     Work
 Expl Unexpl |  Obj  Depth IntInf | Incumbent    BestBd   Gap | It/Node Time

     0     0 2.0948e+07    0  437 1.9226e+07 2.0948e+07  8.95%     -   13s
     0     0 2.0935e+07    0  484 1.9226e+07 2.0935e+07  8.89%     -   17s
     0     0 2.0932e+07    0  568 1.9226e+07 2.0932e+07  8.87%     -   18s
     0     0 2.0931e+07    0  576 1.9226e+07 2.0931e+07  8.87%     -   18s
     0     0 2.0931e+07    0  576 1.9226e+07 2.0931e+07  8.87%     -   18s
     0     0 2.0931e+07    0  577 1.9226e+07 2.0931e+07  8.87%     -   18s
     0     0 2.0931e+07    0  622 1.9226e+07 2.0931e+07  8.86%     -   22s
H    0     0                    2.056329e+07 2.0931e+07  1.79%     -   23s
     0     0 2.0930e+07    0  626 2.0563e+07 2.0930e+07  1.79%     -   24s
     0     0 2.0930e+07    0  627 2.0563e+07 2.0930e+07  1.78%     -   24s
     0     0 2.0930e+07    0  625 2.0563e+07 2.0930e+07  1.78%     -   24s
     0     0 2.0930e+07    0  584 2.0563e+07 2.0930e+07  1.78%     -   28s
     0     0 2.0930e+07    0  633 2.0563e+07 2.0930e+07  1.78%     -   30s
     0     0 2.0930e+07    0  636 2.0563e+07 2.0930e+07  1.78%     -   30s
     0     0 2.0930e+07    0  641 2.0563e+07 2.0930e+07  1.78%     -   31s
     0     0 2.0930e+07    0  646 2.0563e+07 2.0930e+07  1.78%     -   35s
     0     0 2.0930e+07    0  673 2.0563e+07 2.0930e+07  1.78%     -   36s
     0     0 2.0930e+07    0  683 2.0563e+07 2.0930e+07  1.78%     -   37s
     0     0 2.0930e+07    0  687 2.0563e+07 2.0930e+07  1.78%     -   37s
     0     0 2.0929e+07    0  614 2.0563e+07 2.0929e+07  1.78%     -   41s
H    0     0                    2.058160e+07 2.0929e+07  1.69%     -   44s
     0     0 2.0929e+07    0  568 2.0582e+07 2.0929e+07  1.69%     -   45s
     0     0 2.0929e+07    0  567 2.0582e+07 2.0929e+07  1.69%     -   45s
     0     0 2.0929e+07    0  568 2.0582e+07 2.0929e+07  1.69%     -   45s
     0     0 2.0929e+07    0  538 2.0582e+07 2.0929e+07  1.69%     -   48s
H    0     0                    2.065412e+07 2.0929e+07  1.33%     -   54s
     0     0 2.0929e+07    0  541 2.0654e+07 2.0929e+07  1.33%     -   54s
     0     0 2.0929e+07    0  540 2.0654e+07 2.0929e+07  1.33%     -   54s
     0     0 2.0929e+07    0  542 2.0654e+07 2.0929e+07  1.33%     -   55s
     0     0 2.0929e+07    0  546 2.0654e+07 2.0929e+07  1.33%     -   55s
     0     0 2.0929e+07    0  545 2.0654e+07 2.0929e+07  1.33%     -   58s
     0     0 2.0929e+07    0  544 2.0654e+07 2.0929e+07  1.33%     -   58s
     0     0 2.0929e+07    0  550 2.0654e+07 2.0929e+07  1.33%     -   61s
     0     0 2.0929e+07    0  543 2.0654e+07 2.0929e+07  1.33%     -   61s
     0     0 2.0929e+07    0  534 2.0654e+07 2.0929e+07  1.33%     -   63s
     0     0 2.0929e+07    0  545 2.0654e+07 2.0929e+07  1.33%     -   65s
     0     0 2.0929e+07    0  551 2.0654e+07 2.0929e+07  1.33%     -   65s
     0     0 2.0929e+07    0  543 2.0654e+07 2.0929e+07  1.33%     -   65s
     0     0 2.0929e+07    0  523 2.0654e+07 2.0929e+07  1.33%     -   68s
     0     0 2.0929e+07    0  528 2.0654e+07 2.0929e+07  1.33%     -   69s
     0     0 2.0929e+07    0  542 2.0654e+07 2.0929e+07  1.33%     -   69s
     0     0 2.0929e+07    0  513 2.0654e+07 2.0929e+07  1.33%     -   72s
     0     0 2.0929e+07    0  513 2.0654e+07 2.0929e+07  1.33%     -   81s
H    0     0                    2.067368e+07 2.0929e+07  1.23%     -   91s
H    0     0                    2.069389e+07 2.0929e+07  1.13%     -   93s
H    0     0                    2.070795e+07 2.0929e+07  1.07%     -   95s
H    0     0                    2.070864e+07 2.0929e+07  1.06%     -  104s
H    0     0                    2.070889e+07 2.0929e+07  1.06%     -  104s
H    0     0                    2.070895e+07 2.0929e+07  1.06%     -  104s
H    0     0                    2.071007e+07 2.0929e+07  1.06%     -  104s
H    0     2                    2.073117e+07 2.0929e+07  0.95%     -  115s
     0     2 2.0929e+07    0  513 2.0731e+07 2.0929e+07  0.95%     -  115s
   268   301 2.0927e+07    9  507 2.0731e+07 2.0929e+07  0.95%   107  121s
H  300   333                    2.073930e+07 2.0929e+07  0.91%   103  123s
   332   402 2.0929e+07   11  513 2.0739e+07 2.0929e+07  0.91%  99.4  127s
H  343   402                    2.074536e+07 2.0929e+07  0.88%  97.5  127s
H  346   402                    2.075021e+07 2.0929e+07  0.86%  97.0  127s
   780   839 2.0928e+07   24  515 2.0750e+07 2.0929e+07  0.86%  78.7  130s
  1035  1068 2.0928e+07   32  497 2.0750e+07 2.0929e+07  0.86%  73.5  136s
H 1067  1158                    2.077106e+07 2.0929e+07  0.76%  72.8  140s
H 1072  1158                    2.079220e+07 2.0929e+07  0.66%  72.7  140s
  1929  2082 2.0928e+07   54  452 2.0792e+07 2.0929e+07  0.66%  62.8  145s
H 2124  2161                    2.081903e+07 2.0929e+07  0.53%  61.1  147s
H 2192  2039                    2.083212e+07 2.0929e+07  0.46%  61.0  147s
  2217  2017 2.0927e+07   65  442 2.0832e+07 2.0929e+07  0.46%  60.6  151s
  2270  2041 2.0927e+07   65  433 2.0832e+07 2.0929e+07  0.46%  60.4  158s
H 2272  2041                    2.083222e+07 2.0929e+07  0.46%  60.5  158s
  2605  2593 2.0927e+07   72  443 2.0832e+07 2.0929e+07  0.46%  59.9  160s
H 3613  3346                    2.083769e+07 2.0929e+07  0.44%  56.3  164s
  3685  3516 2.0924e+07   99  415 2.0838e+07 2.0929e+07  0.44%  55.9  165s
  4861  4723 2.0923e+07  126  381 2.0838e+07 2.0929e+07  0.44%  54.2  170s
H 5509  5130                    2.083769e+07 2.0929e+07  0.44%  54.3  174s
  5513  5458 2.0919e+07  140  368 2.0838e+07 2.0929e+07  0.44%  54.4  175s
  6515  6425 2.0893e+07  157  347 2.0838e+07 2.0929e+07  0.44%  54.9  180s
H 6763  6329                    2.084018e+07 2.0929e+07  0.42%  54.8  180s
  8021  7838 2.0912e+07  190  323 2.0840e+07 2.0929e+07  0.42%  54.4  186s
  9203  9101 2.0911e+07  214  307 2.0840e+07 2.0929e+07  0.42%  56.1  192s
  9685  9588 2.0908e+07  225  297 2.0840e+07 2.0929e+07  0.42%  56.3  195s
H10180  9619                    2.084019e+07 2.0929e+07  0.42%  57.3  199s
 10212 10259 2.0908e+07  234  283 2.0840e+07 2.0929e+07  0.42%  57.3  201s
 10854 10318 2.0907e+07  249  284 2.0840e+07 2.0929e+07  0.42%  57.2  205s
 10913 10479 2.0907e+07  250  284 2.0840e+07 2.0929e+07  0.42%  57.1  210s
 11074 10619 2.0907e+07  251  284 2.0840e+07 2.0929e+07  0.42%  57.0  219s
H11080 10474                    2.084280e+07 2.0929e+07  0.41%  57.0  219s
H11081 10160                    2.085449e+07 2.0929e+07  0.35%  57.0  219s
 11216 10808 2.0907e+07  252  284 2.0854e+07 2.0929e+07  0.35%  57.2  221s
 11916 11396 2.0907e+07  267  266 2.0854e+07 2.0929e+07  0.35%  57.3  225s
H12613 11562                    2.085609e+07 2.0929e+07  0.35%  57.0  229s
 12740 12365 2.0900e+07  285  257 2.0856e+07 2.0929e+07  0.35%  57.1  236s
H13553 11926                    2.088047e+07 2.0929e+07  0.23%  56.4  239s
H13850 11726                    2.088328e+07 2.0929e+07  0.22%  56.6  239s
 13909 12323 2.0902e+07  315  243 2.0883e+07 2.0929e+07  0.22%  56.6  242s
H14614 11817                    2.088762e+07 2.0929e+07  0.20%  56.4  269s

Cutting planes:
  Gomory: 26
  Cover: 54
  Implied bound: 3871
  MIR: 991
  Flow cover: 1274
  RLT: 2
  Relax-and-lift: 208

Explored 14614 nodes (893188 simplex iterations) in 293.36 seconds (358.68 work units)
Thread count was 32 (of 192 available processors)

Solution count 10: 2.08876e+07 2.08876e+07 2.08833e+07 ... 2.08322e+07

Optimal solution found (tolerance 2.00e-03)
Best objective 2.088762253851e+07, best bound 2.092851073928e+07, gap 0.1958%
Deleted nodefile directory: /scratch-local/lbeemster.21392348/gurobi_marketZEEBRUGGE_maxh2_0.2_sub40.0_run0
Saved model snapshot to study_case_model/figures/market_experiment/run_30326/marketZEEBRUGGE/maxh2_0.2/sub40.0/run0/model_snapshot.pkl
Finished successfully!
