Gurobi shell based on Python 3.13.1 can be launched with command `gurobi.sh`
Gurobi Python Interface can be loaded in Python 3.13.1 with 'import gurobipy'
/var/spool/slurm/slurmd/job21392582/slurm_script: line 24: activate: No such file or directory
Solving model: marketZEEBRUGGE, maxh2_0.1, sub70.0, run0
Read LP format model from file /scratch-local/lbeemster.21392582/tmp7rxv55of.pyomo.lp
Reading time = 0.55 seconds
x1: 176513 rows, 50050 columns, 1016448 nonzeros
Set parameter OutputFlag to value 1
Set parameter MIPGap to value 0.002
Set parameter Threads to value 32
Set parameter Presolve to value 1
Set parameter Cuts to value 1
Set parameter NodefileStart to value 1
Set parameter NodefileDir to value "/scratch-local/lbeemster.21392582/gurobi_marketZEEBRUGGE_maxh2_0.1_sub70.0_run0"
Set parameter MemLimit to value 60
Gurobi Optimizer version 12.0.3 build v12.0.3rc0 (linux64 - "Red Hat Enterprise Linux 9.6 (Plow)")

CPU model: AMD EPYC 9654 96-Core Processor, instruction set [SSE2|AVX|AVX2|AVX512]
Thread count: 192 physical cores, 192 logical processors, using up to 32 threads

Non-default parameters:
MemLimit  60
MIPGap  0.002
NodefileStart  1
Cuts  1
Presolve  1
Threads  32

Academic license 2514514 - for non-commercial use only - registered to l.___@student.vu.nl
Optimize a model with 176513 rows, 50050 columns and 1016448 nonzeros
Model fingerprint: 0x858ff809
Variable types: 39426 continuous, 10624 integer (10624 binary)
Coefficient statistics:
  Matrix range     [6e-05, 1e+05]
  Objective range  [2e+00, 3e+04]
  Bounds range     [1e+00, 1e+00]
  RHS range        [3e-01, 2e+05]
Presolve removed 35369 rows and 21782 columns
Presolve time: 4.53s
Presolved: 141144 rows, 28268 columns, 944765 nonzeros
Variable types: 22588 continuous, 5680 integer (5680 binary)
Found heuristic solution: objective 1.921559e+07
Found heuristic solution: objective 1.935704e+07

Deterministic concurrent LP optimizer: primal simplex, dual simplex, and barrier
Showing barrier log only...

Root relaxation presolved: 27921 rows, 169022 columns, 972750 nonzeros

Root barrier log...

Ordering time: 0.05s

Barrier statistics:
 Free vars  : 2112
 AA' NZ     : 6.230e+05
 Factor NZ  : 1.842e+06 (roughly 100 MB of memory)
 Factor Ops : 1.434e+08 (less than 1 second per iteration)
 Threads    : 30

                  Objective                Residual
Iter       Primal          Dual         Primal    Dual     Compl     Time
   0   1.58349845e+12  2.97801570e+06  7.63e+06 3.81e+02  1.80e+08     9s
   1   1.13215777e+12 -4.03438226e+08  4.71e+06 3.56e+03  1.11e+08     9s
   2   7.89009759e+11 -7.65673644e+08  2.58e+06 2.05e+03  6.49e+07     9s
   3   5.04128199e+11 -8.30172130e+08  1.01e+06 1.50e+03  3.72e+07     9s
   4   3.74425189e+11 -4.92503038e+08  4.85e+05 8.00e+02  1.98e+07    10s
   5   2.92790115e+11 -3.27812237e+08  2.86e+05 4.87e+02  1.21e+07    10s
   6   2.10265603e+11 -1.90619442e+08  1.51e+05 2.48e+02  6.37e+06    10s
   7   1.45492455e+11 -9.86109254e+07  7.83e+04 1.17e+02  3.17e+06    10s
   8   1.04691785e+11 -6.93326443e+07  4.64e+04 7.92e+01  2.06e+06    10s
   9   6.65248144e+10 -4.02693933e+07  2.18e+04 4.61e+01  1.14e+06    10s
  10   4.52897341e+10 -1.85332681e+07  1.21e+04 2.25e+01  6.01e+05    10s
  11   3.17683881e+10 -5.80533195e+06  7.28e+03 8.78e+00  3.09e+05    10s
  12   1.35506487e+10 -1.20429895e+06  2.46e+03 3.92e+00  1.20e+05    10s
  13   5.69964804e+09  8.46689131e+05  8.49e+02 1.96e+00  4.90e+04    10s
  14   3.88370104e+09  3.11391969e+06  5.37e+02 7.95e-01  2.83e+04    10s
  15   2.26666377e+09  4.79668203e+06  2.89e+02 4.35e-01  1.57e+04    10s
  16   1.22536165e+09  6.98412773e+06  1.44e+02 1.43e-01  7.76e+03    10s
  17   5.13181479e+08  8.23503016e+06  5.62e+01 8.15e-02  3.21e+03    10s
  18   2.31340039e+08  9.98793450e+06  2.25e+01 4.46e-02  1.40e+03    10s
  19   1.33885299e+08  1.46500367e+07  1.15e+01 1.50e-02  7.15e+02    10s
  20   1.12293765e+08  1.51853422e+07  9.24e+00 1.35e-02  5.81e+02    10s
  21   9.98250354e+07  1.55070942e+07  7.91e+00 1.26e-02  5.04e+02    10s
  22   6.12380968e+07  1.80207072e+07  3.67e+00 6.99e-03  2.54e+02    10s
  23   4.25860948e+07  1.93635342e+07  1.82e+00 3.88e-03  1.35e+02    10s
  24   2.87963844e+07  2.00447466e+07  5.92e-01 2.12e-03  4.98e+01    10s
  25   2.64168735e+07  2.04858769e+07  4.06e-01 2.33e-03  3.35e+01    10s
  26   2.44428992e+07  2.06945806e+07  2.52e-01 1.75e-03  2.11e+01    10s
  27   2.35154244e+07  2.08540200e+07  1.83e-01 1.08e-03  1.50e+01    10s
  28   2.27371667e+07  2.09213465e+07  1.24e-01 1.40e-03  1.02e+01    10s
  29   2.22594718e+07  2.09621429e+07  8.82e-02 1.10e-03  7.28e+00    10s
  30   2.17389132e+07  2.10164247e+07  4.80e-02 8.23e-04  4.04e+00    10s
  31   2.14244244e+07  2.10445804e+07  2.39e-02 4.99e-04  2.12e+00    10s
  32   2.12774256e+07  2.10694737e+07  1.27e-02 4.31e-04  1.16e+00    11s
  33   2.12370048e+07  2.10835943e+07  9.33e-03 3.95e-04  8.51e-01    11s
  34   2.11967893e+07  2.11016899e+07  5.55e-03 3.00e-04  5.24e-01    11s
  35   2.11805051e+07  2.11153241e+07  3.89e-03 3.06e-04  3.58e-01    11s
  36   2.11709422e+07  2.11257307e+07  2.94e-03 3.47e-04  2.48e-01    11s
  37   2.11590614e+07  2.11306846e+07  1.80e-03 3.52e-04  1.55e-01    11s
  38   2.11511855e+07  2.11350696e+07  1.08e-03 3.41e-04  8.81e-02    11s
  39   2.11477304e+07  2.11360219e+07  7.82e-04 2.21e-04  6.40e-02    11s
  40   2.11417629e+07  2.11371374e+07  2.89e-04 1.03e-04  2.52e-02    11s
  41   2.11392700e+07  2.11375195e+07  9.35e-05 2.48e-05  9.53e-03    11s

Barrier performed 41 iterations in 10.92 seconds (10.27 work units)
Barrier solve interrupted - model solved by another algorithm

Concurrent spin time: 0.02s

Solved with primal simplex

Root relaxation: objective 2.113783e+07, 35910 iterations, 2.56 seconds (2.12 work units)

    Nodes    |    Current Node    |     Objective Bounds      |     Work
 Expl Unexpl |  Obj  Depth IntInf | Incumbent    BestBd   Gap | It/Node Time

     0     0 2.1138e+07    0  467 1.9357e+07 2.1138e+07  9.20%     -   13s
     0     0 2.1127e+07    0  508 1.9357e+07 2.1127e+07  9.15%     -   16s
H    0     0                    2.053507e+07 2.1127e+07  2.88%     -   18s
     0     0 2.1121e+07    0  641 2.0535e+07 2.1121e+07  2.85%     -   19s
     0     0 2.1121e+07    0  674 2.0535e+07 2.1121e+07  2.85%     -   19s
     0     0 2.1120e+07    0  673 2.0535e+07 2.1120e+07  2.85%     -   19s
     0     0 2.1120e+07    0  670 2.0535e+07 2.1120e+07  2.85%     -   19s
     0     0 2.1119e+07    0  675 2.0535e+07 2.1119e+07  2.84%     -   23s
H    0     0                    2.072537e+07 2.1119e+07  1.90%     -   25s
     0     0 2.1119e+07    0  689 2.0725e+07 2.1119e+07  1.90%     -   25s
     0     0 2.1119e+07    0  696 2.0725e+07 2.1119e+07  1.90%     -   25s
     0     0 2.1119e+07    0  700 2.0725e+07 2.1119e+07  1.90%     -   25s
     0     0 2.1117e+07    0  699 2.0725e+07 2.1117e+07  1.89%     -   30s
     0     0 2.1117e+07    0  700 2.0725e+07 2.1117e+07  1.89%     -   30s
     0     0 2.1117e+07    0  743 2.0725e+07 2.1117e+07  1.89%     -   33s
     0     0 2.1117e+07    0  750 2.0725e+07 2.1117e+07  1.89%     -   34s
     0     0 2.1117e+07    0  760 2.0725e+07 2.1117e+07  1.89%     -   34s
     0     0 2.1116e+07    0  706 2.0725e+07 2.1116e+07  1.89%     -   39s
     0     0 2.1116e+07    0  751 2.0725e+07 2.1116e+07  1.88%     -   40s
     0     0 2.1116e+07    0  758 2.0725e+07 2.1116e+07  1.88%     -   40s
     0     0 2.1116e+07    0  757 2.0725e+07 2.1116e+07  1.88%     -   41s
     0     0 2.1116e+07    0  761 2.0725e+07 2.1116e+07  1.88%     -   41s
     0     0 2.1116e+07    0  761 2.0725e+07 2.1116e+07  1.88%     -   41s
     0     0 2.1116e+07    0  758 2.0725e+07 2.1116e+07  1.88%     -   41s
     0     0 2.1116e+07    0  759 2.0725e+07 2.1116e+07  1.88%     -   41s
     0     0 2.1114e+07    0  626 2.0725e+07 2.1114e+07  1.88%     -   46s
     0     0 2.1114e+07    0  648 2.0725e+07 2.1114e+07  1.88%     -   49s
     0     0 2.1114e+07    0  649 2.0725e+07 2.1114e+07  1.88%     -   49s
     0     0 2.1114e+07    0  642 2.0725e+07 2.1114e+07  1.87%     -   50s
     0     0 2.1114e+07    0  640 2.0725e+07 2.1114e+07  1.87%     -   50s
     0     0 2.1114e+07    0  638 2.0725e+07 2.1114e+07  1.87%     -   50s
     0     0 2.1114e+07    0  621 2.0725e+07 2.1114e+07  1.87%     -   53s
H    0     0                    2.074029e+07 2.1114e+07  1.80%     -   56s
H    0     0                    2.074129e+07 2.1114e+07  1.79%     -   56s
H    0     0                    2.074132e+07 2.1114e+07  1.79%     -   56s
H    0     0                    2.074154e+07 2.1114e+07  1.79%     -   56s
     0     0 2.1113e+07    0  606 2.0742e+07 2.1113e+07  1.79%     -   57s
     0     0 2.1113e+07    0  605 2.0742e+07 2.1113e+07  1.79%     -   57s
     0     0 2.1113e+07    0  617 2.0742e+07 2.1113e+07  1.79%     -   57s
     0     0 2.1113e+07    0  608 2.0742e+07 2.1113e+07  1.79%     -   57s
     0     0 2.1113e+07    0  608 2.0742e+07 2.1113e+07  1.79%     -   58s
     0     0 2.1113e+07    0  638 2.0742e+07 2.1113e+07  1.79%     -   60s
H    0     0                    2.076221e+07 2.1113e+07  1.69%     -   62s
     0     0 2.1113e+07    0  642 2.0762e+07 2.1113e+07  1.69%     -   63s
     0     0 2.1113e+07    0  637 2.0762e+07 2.1113e+07  1.69%     -   63s
     0     0 2.1113e+07    0  644 2.0762e+07 2.1113e+07  1.69%     -   63s
     0     0 2.1113e+07    0  631 2.0762e+07 2.1113e+07  1.69%     -   63s
     0     0 2.1113e+07    0  632 2.0762e+07 2.1113e+07  1.69%     -   64s
     0     0 2.1113e+07    0  655 2.0762e+07 2.1113e+07  1.69%     -   67s
H    0     0                    2.076302e+07 2.1113e+07  1.69%     -   69s
H    0     0                    2.076937e+07 2.1113e+07  1.65%     -   69s
H    0     0                    2.076986e+07 2.1113e+07  1.65%     -   70s
     0     0 2.1113e+07    0  636 2.0770e+07 2.1113e+07  1.65%     -   70s
     0     0 2.1113e+07    0  640 2.0770e+07 2.1113e+07  1.65%     -   71s
     0     0 2.1113e+07    0  647 2.0770e+07 2.1113e+07  1.65%     -   71s
     0     0 2.1113e+07    0  637 2.0770e+07 2.1113e+07  1.65%     -   74s
H    0     0                    2.081088e+07 2.1113e+07  1.45%     -   75s
     0     0 2.1113e+07    0  638 2.0811e+07 2.1113e+07  1.45%     -   76s
     0     0 2.1113e+07    0  637 2.0811e+07 2.1113e+07  1.45%     -   76s
     0     0 2.1113e+07    0  634 2.0811e+07 2.1113e+07  1.45%     -   76s
     0     0 2.1113e+07    0  628 2.0811e+07 2.1113e+07  1.45%     -   79s
     0     0 2.1113e+07    0  621 2.0811e+07 2.1113e+07  1.45%     -   80s
     0     0 2.1113e+07    0  623 2.0811e+07 2.1113e+07  1.45%     -   80s
     0     0 2.1112e+07    0  633 2.0811e+07 2.1112e+07  1.45%     -   83s
H    0     0                    2.083457e+07 2.1112e+07  1.33%     -   85s
     0     0 2.1112e+07    0  637 2.0835e+07 2.1112e+07  1.33%     -   85s
     0     0 2.1112e+07    0  641 2.0835e+07 2.1112e+07  1.33%     -   85s
     0     0 2.1112e+07    0  643 2.0835e+07 2.1112e+07  1.33%     -   86s
     0     0 2.1112e+07    0  627 2.0835e+07 2.1112e+07  1.33%     -   88s
     0     0 2.1112e+07    0  606 2.0835e+07 2.1112e+07  1.33%     -   90s
     0     0 2.1112e+07    0  613 2.0835e+07 2.1112e+07  1.33%     -   90s
     0     0 2.1112e+07    0  613 2.0835e+07 2.1112e+07  1.33%     -   90s
     0     0 2.1112e+07    0  593 2.0835e+07 2.1112e+07  1.33%     -   93s
     0     0 2.1112e+07    0  593 2.0835e+07 2.1112e+07  1.33%     -  103s
H    0     0                    2.085894e+07 2.1112e+07  1.21%     -  118s
H    0     0                    2.085937e+07 2.1112e+07  1.21%     -  118s
H    0     0                    2.086058e+07 2.1112e+07  1.21%     -  118s
H    0     0                    2.086068e+07 2.1112e+07  1.21%     -  118s
H    0     0                    2.087256e+07 2.1112e+07  1.15%     -  119s
     0     2 2.1112e+07    0  593 2.0873e+07 2.1112e+07  1.15%     -  121s
    31    64 2.1112e+07    5  603 2.0873e+07 2.1112e+07  1.15%   200  125s
H   64    96                    2.090498e+07 2.1112e+07  0.99%   206  129s
H   76    96                    2.090719e+07 2.1112e+07  0.98%   186  129s
H   94    96                    2.090855e+07 2.1112e+07  0.97%   165  129s
    95   256 2.1112e+07    7  609 2.0909e+07 2.1112e+07  0.97%   165  130s
H  299   376                    2.091089e+07 2.1112e+07  0.96%  94.3  132s
H  318   376                    2.091111e+07 2.1112e+07  0.96%  94.4  132s
   601   637 2.1111e+07   21  598 2.0911e+07 2.1112e+07  0.96%  79.8  136s
H  639   703                    2.091248e+07 2.1112e+07  0.96%  78.4  136s
H  691   703                    2.091877e+07 2.1112e+07  0.92%  77.7  136s
H  699   703                    2.091908e+07 2.1112e+07  0.92%  77.5  136s
  1145  1241 2.1111e+07   39  590 2.0919e+07 2.1112e+07  0.92%  69.6  140s
  1523  1556 2.1110e+07   46  580 2.0919e+07 2.1112e+07  0.92%  69.8  145s
  1555  1588 2.1110e+07   47  575 2.0919e+07 2.1112e+07  0.92%  69.8  152s
H 1557  1588                    2.092428e+07 2.1112e+07  0.90%  69.8  152s
H 1559  1588                    2.092520e+07 2.1112e+07  0.89%  69.7  152s
H 1560  1588                    2.092896e+07 2.1112e+07  0.88%  69.7  152s
H 1565  1588                    2.094010e+07 2.1112e+07  0.82%  69.7  152s
H 1567  1588                    2.094739e+07 2.1112e+07  0.79%  69.9  152s
H 1586  1588                    2.097872e+07 2.1112e+07  0.64%  69.8  152s
  2050  2184 2.1109e+07   62  565 2.0979e+07 2.1112e+07  0.64%  65.8  155s
  2745  2778 2.1106e+07   79  548 2.0979e+07 2.1112e+07  0.64%  66.4  160s
H 2786  2904                    2.097929e+07 2.1112e+07  0.63%  66.0  161s
H 2875  2904                    2.098651e+07 2.1112e+07  0.60%  65.5  161s
H 2876  2904                    2.098881e+07 2.1112e+07  0.59%  65.5  161s
  3741  4011 2.1103e+07  110  517 2.0989e+07 2.1112e+07  0.59%  61.8  165s
H 4285  4305                    2.099697e+07 2.1112e+07  0.55%  62.0  168s
H 4419  4305                    2.099762e+07 2.1112e+07  0.55%  61.6  168s
  4438  4560 2.1102e+07  124  500 2.0998e+07 2.1112e+07  0.55%  61.6  170s
  5170  5403 2.1101e+07  138  496 2.0998e+07 2.1112e+07  0.55%  62.3  175s
H 5625  5608                    2.099762e+07 2.1112e+07  0.54%  60.6  177s
  6232  6371 2.1093e+07  169  477 2.0998e+07 2.1112e+07  0.54%  60.3  180s
  7059  7235 2.1095e+07  198  466 2.0998e+07 2.1112e+07  0.54%  61.0  185s
  8404  8665 2.1087e+07  225  462 2.0998e+07 2.1112e+07  0.54%  60.6  190s
  9863 10119 2.1087e+07  258  395 2.0998e+07 2.1112e+07  0.54%  59.9  196s
 10466 10182 2.1086e+07  273  381 2.0998e+07 2.1112e+07  0.54%  59.2  208s
H10470  9799                    2.100407e+07 2.1112e+07  0.51%  59.2  208s
H10471  9213                    2.101815e+07 2.1112e+07  0.45%  59.2  208s
 10499  9227 2.1086e+07  274  379 2.1018e+07 2.1112e+07  0.45%  59.3  212s
 10545  9255 2.1086e+07  275  369 2.1018e+07 2.1112e+07  0.45%  59.3  218s
H10574  9226                    2.101852e+07 2.1112e+07  0.44%  59.3  218s
 10577  9480 2.1086e+07  276  370 2.1019e+07 2.1112e+07  0.44%  59.3  221s
