Gurobi shell based on Python 3.13.1 can be launched with command `gurobi.sh`
Gurobi Python Interface can be loaded in Python 3.13.1 with 'import gurobipy'
/var/spool/slurm/slurmd/job21387000/slurm_script: line 24: activate: No such file or directory
Solving model: marketEASINGTON, maxh2_0.2, sub40.0, run0
Read LP format model from file /scratch-local/lbeemster.21387000/tmp057i6d9n.pyomo.lp
Reading time = 0.76 seconds
x1: 176513 rows, 50050 columns, 1016320 nonzeros
Set parameter OutputFlag to value 1
Set parameter MIPGap to value 0.002
Set parameter Threads to value 32
Set parameter Presolve to value 1
Set parameter Cuts to value 1
Set parameter NodefileStart to value 1
Set parameter NodefileDir to value "/scratch-local/lbeemster.21387000/gurobi_marketEASINGTON_maxh2_0.2_sub40.0_run0"
Set parameter MemLimit to value 60
Gurobi Optimizer version 12.0.3 build v12.0.3rc0 (linux64 - "Red Hat Enterprise Linux 9.6 (Plow)")

CPU model: AMD EPYC 9654 96-Core Processor, instruction set [SSE2|AVX|AVX2|AVX512]
Thread count: 192 physical cores, 192 logical processors, using up to 32 threads

Non-default parameters:
MemLimit  60
MIPGap  0.002
NodefileStart  1
Cuts  1
Presolve  1
Threads  32

Academic license 2514514 - for non-commercial use only - registered to l.___@student.vu.nl
Optimize a model with 176513 rows, 50050 columns and 1016320 nonzeros
Model fingerprint: 0x3aeb287d
Variable types: 39426 continuous, 10624 integer (10624 binary)
Coefficient statistics:
  Matrix range     [6e-05, 1e+05]
  Objective range  [2e+00, 3e+04]
  Bounds range     [1e+00, 1e+00]
  RHS range        [3e-01, 2e+05]
Presolve removed 35201 rows and 24662 columns
Presolve time: 4.05s
Presolved: 141312 rows, 25388 columns, 900733 nonzeros
Variable types: 19708 continuous, 5680 integer (5680 binary)
Found heuristic solution: objective 1.879021e+07
Found heuristic solution: objective 1.884267e+07
Found heuristic solution: objective 1.921451e+07

Deterministic concurrent LP optimizer: primal simplex, dual simplex, and barrier
Showing barrier log only...

Root relaxation presolved: 24176 rows, 165478 columns, 925006 nonzeros

Root barrier log...

Ordering time: 0.04s

Barrier statistics:
 Free vars  : 1920
 AA' NZ     : 5.484e+05
 Factor NZ  : 1.394e+06 (roughly 90 MB of memory)
 Factor Ops : 9.755e+07 (less than 1 second per iteration)
 Threads    : 30

                  Objective                Residual
Iter       Primal          Dual         Primal    Dual     Compl     Time
   0   1.60960181e+12  2.90500690e+06  7.52e+06 3.81e+02  1.79e+08    10s
   1   1.13829990e+12 -2.14686640e+08  4.49e+06 3.91e+03  1.15e+08    10s
   2   8.37626803e+11 -2.20858731e+08  2.57e+06 2.65e+03  7.41e+07    10s
   3   5.83447640e+11 -1.76303426e+08  9.74e+05 1.73e+03  4.24e+07    10s
   4   5.01706114e+11 -1.21992406e+08  6.61e+05 1.03e+03  2.63e+07    10s
   5   4.40494543e+11 -1.12301405e+08  4.88e+05 9.08e+02  2.23e+07    10s
   6   3.84971558e+11 -7.80232910e+07  3.49e+05 5.42e+02  1.42e+07    10s
   7   3.33175003e+11 -6.82229844e+07  2.57e+05 4.44e+02  1.13e+07    10s
   8   2.60892442e+11 -5.13567340e+07  1.57e+05 2.97e+02  7.41e+06    10s
   9   2.00579989e+11 -3.06829188e+07  9.22e+04 1.64e+02  4.34e+06    10s
  10   1.44282888e+11 -2.00724817e+07  5.09e+04 1.04e+02  2.65e+06    10s
  11   1.17140777e+11 -1.04028793e+07  3.65e+04 5.71e+01  1.67e+06    10s
  12   8.32866491e+10 -7.52792468e+06  2.28e+04 4.21e+01  1.14e+06    10s
  13   4.63667658e+10 -4.62845593e+06  1.03e+04 2.87e+01  6.41e+05    10s
  14   3.24623104e+10 -2.58425206e+06  5.93e+03 1.98e+01  4.10e+05    10s
  15   1.91130436e+10  4.42533092e+05  2.85e+03 6.15e+00  1.73e+05    10s
  16   1.18026095e+10  1.02785633e+06  1.58e+03 3.37e+00  9.83e+04    10s
  17   6.24989313e+09  1.32653344e+06  7.32e+02 2.11e+00  5.14e+04    10s
  18   3.81441995e+09  2.37261640e+06  4.17e+02 7.37e-01  2.71e+04    10s
  19   2.30393804e+09  3.63398120e+06  2.33e+02 3.72e-01  1.55e+04    10s
  20   1.55397059e+09  5.04048272e+06  1.50e+02 2.12e-01  1.00e+04    10s
  21   6.37364155e+08  6.90514619e+06  5.59e+01 8.41e-02  3.97e+03    11s
  22   2.49168688e+08  9.06760942e+06  1.90e+01 3.10e-02  1.48e+03    11s
  23   1.36867004e+08  1.24142526e+07  8.96e+00 1.33e-02  7.45e+02    11s
  24   9.02474473e+07  1.52340757e+07  5.18e+00 6.56e-03  4.43e+02    11s
  25   6.93574582e+07  1.69950060e+07  3.54e+00 4.28e-03  3.07e+02    11s
  26   4.97947869e+07  1.85456017e+07  2.03e+00 2.63e-03  1.82e+02    11s
  27   4.27394761e+07  1.92081227e+07  1.50e+00 1.88e-03  1.37e+02    11s
  28   3.40988773e+07  1.95694600e+07  9.13e-01 2.75e-03  8.44e+01    11s
  29   3.06007053e+07  2.01384362e+07  6.55e-01 5.24e-03  6.06e+01    11s
  30   2.79341097e+07  2.03042443e+07  4.71e-01 3.70e-03  4.42e+01    11s
  31   2.50968172e+07  2.05057664e+07  2.76e-01 2.14e-03  2.65e+01    11s
  32   2.32809934e+07  2.06798583e+07  1.49e-01 1.16e-03  1.50e+01    11s
  33   2.20018761e+07  2.07805023e+07  6.56e-02 7.12e-04  7.02e+00    11s
  34   2.16374954e+07  2.08088432e+07  4.32e-02 5.17e-04  4.76e+00    11s
  35   2.12273427e+07  2.08355147e+07  1.81e-02 3.67e-04  2.24e+00    11s
  36   2.11090766e+07  2.08588431e+07  1.12e-02 4.49e-04  1.43e+00    11s
  37   2.10402406e+07  2.08878319e+07  6.87e-03 3.61e-04  8.69e-01    11s
  38   2.10179470e+07  2.08992202e+07  4.77e-03 3.38e-04  6.73e-01    11s
  39   2.09926271e+07  2.09239015e+07  2.90e-03 3.48e-04  3.88e-01    11s
  40   2.09842421e+07  2.09321764e+07  2.28e-03 3.31e-04  2.94e-01    11s

Barrier performed 40 iterations in 11.24 seconds (10.23 work units)
Barrier solve interrupted - model solved by another algorithm

Concurrent spin time: 0.02s

Solved with primal simplex

Root relaxation: objective 2.094891e+07, 37824 iterations, 2.46 seconds (2.03 work units)

    Nodes    |    Current Node    |     Objective Bounds      |     Work
 Expl Unexpl |  Obj  Depth IntInf | Incumbent    BestBd   Gap | It/Node Time

     0     0 2.0949e+07    0  429 1.9215e+07 2.0949e+07  9.03%     -   13s
     0     0 2.0936e+07    0  465 1.9215e+07 2.0936e+07  8.96%     -   17s
H    0     0                    2.054610e+07 2.0936e+07  1.90%     -   18s
     0     0 2.0932e+07    0  489 2.0546e+07 2.0932e+07  1.88%     -   18s
     0     0 2.0932e+07    0  491 2.0546e+07 2.0932e+07  1.88%     -   19s
     0     0 2.0932e+07    0  501 2.0546e+07 2.0932e+07  1.88%     -   19s
     0     0 2.0930e+07    0  542 2.0546e+07 2.0930e+07  1.87%     -   22s
     0     0 2.0930e+07    0  549 2.0546e+07 2.0930e+07  1.87%     -   22s
     0     0 2.0930e+07    0  561 2.0546e+07 2.0930e+07  1.87%     -   23s
     0     0 2.0930e+07    0  566 2.0546e+07 2.0930e+07  1.87%     -   23s
     0     0 2.0930e+07    0  562 2.0546e+07 2.0930e+07  1.87%     -   23s
     0     0 2.0930e+07    0  502 2.0546e+07 2.0930e+07  1.87%     -   27s
H    0     0                    2.061141e+07 2.0930e+07  1.54%     -   29s
     0     0 2.0930e+07    0  532 2.0611e+07 2.0930e+07  1.54%     -   29s
     0     0 2.0930e+07    0  530 2.0611e+07 2.0930e+07  1.54%     -   29s
     0     0 2.0930e+07    0  530 2.0611e+07 2.0930e+07  1.54%     -   30s
     0     0 2.0930e+07    0  577 2.0611e+07 2.0930e+07  1.54%     -   34s
     0     0 2.0929e+07    0  586 2.0611e+07 2.0929e+07  1.54%     -   35s
     0     0 2.0929e+07    0  596 2.0611e+07 2.0929e+07  1.54%     -   36s
     0     0 2.0929e+07    0  595 2.0611e+07 2.0929e+07  1.54%     -   36s
     0     0 2.0929e+07    0  482 2.0611e+07 2.0929e+07  1.54%     -   40s
     0     0 2.0929e+07    0  524 2.0611e+07 2.0929e+07  1.54%     -   42s
     0     0 2.0929e+07    0  523 2.0611e+07 2.0929e+07  1.54%     -   42s
     0     0 2.0929e+07    0  534 2.0611e+07 2.0929e+07  1.54%     -   43s
     0     0 2.0929e+07    0  530 2.0611e+07 2.0929e+07  1.54%     -   43s
     0     0 2.0929e+07    0  539 2.0611e+07 2.0929e+07  1.54%     -   46s
H    0     0                    2.062144e+07 2.0929e+07  1.49%     -   50s
     0     0 2.0929e+07    0  538 2.0621e+07 2.0929e+07  1.49%     -   50s
     0     0 2.0929e+07    0  537 2.0621e+07 2.0929e+07  1.49%     -   51s
     0     0 2.0929e+07    0  537 2.0621e+07 2.0929e+07  1.49%     -   51s
     0     0 2.0929e+07    0  532 2.0621e+07 2.0929e+07  1.49%     -   51s
     0     0 2.0929e+07    0  497 2.0621e+07 2.0929e+07  1.49%     -   54s
     0     0 2.0929e+07    0  508 2.0621e+07 2.0929e+07  1.49%     -   56s
     0     0 2.0929e+07    0  509 2.0621e+07 2.0929e+07  1.49%     -   56s
     0     0 2.0929e+07    0  527 2.0621e+07 2.0929e+07  1.49%     -   59s
     0     0 2.0929e+07    0  528 2.0621e+07 2.0929e+07  1.49%     -   59s
     0     0 2.0929e+07    0  528 2.0621e+07 2.0929e+07  1.49%     -   59s
     0     0 2.0929e+07    0  486 2.0621e+07 2.0929e+07  1.49%     -   62s
H    0     0                    2.062254e+07 2.0929e+07  1.48%     -   64s
     0     0 2.0929e+07    0  502 2.0623e+07 2.0929e+07  1.48%     -   65s
     0     0 2.0929e+07    0  495 2.0623e+07 2.0929e+07  1.48%     -   65s
     0     0 2.0929e+07    0  501 2.0623e+07 2.0929e+07  1.48%     -   65s
     0     0 2.0929e+07    0  490 2.0623e+07 2.0929e+07  1.48%     -   68s
     0     0 2.0929e+07    0  490 2.0623e+07 2.0929e+07  1.48%     -   75s
H    0     0                    2.064606e+07 2.0929e+07  1.37%     -   83s
H    0     0                    2.077272e+07 2.0929e+07  0.75%     -   85s
H    0     0                    2.077798e+07 2.0929e+07  0.73%     -   87s
H    0     0                    2.078587e+07 2.0929e+07  0.69%     -   89s
H    0     0                    2.078610e+07 2.0929e+07  0.69%     -   92s
H    0     0                    2.079413e+07 2.0929e+07  0.65%     -   92s
H    0     2                    2.081275e+07 2.0929e+07  0.56%     -  101s
     0     2 2.0929e+07    0  490 2.0813e+07 2.0929e+07  0.56%     -  101s
   161   199 2.0929e+07    8  485 2.0813e+07 2.0929e+07  0.56%   115  105s
   230   263 2.0928e+07   11  478 2.0813e+07 2.0929e+07  0.56%   105  110s
H  232   263                    2.081287e+07 2.0929e+07  0.56%   104  110s
H  234   263                    2.081618e+07 2.0929e+07  0.54%   104  110s
H  564   628                    2.082557e+07 2.0929e+07  0.49%  73.8  114s
   627   697 2.0928e+07   24  459 2.0826e+07 2.0929e+07  0.49%  70.5  115s
  1349  1380 2.0927e+07   45  446 2.0826e+07 2.0929e+07  0.49%  60.0  121s
  1381  1412 2.0927e+07   46  445 2.0826e+07 2.0929e+07  0.49%  59.6  125s
H 1413  1444                    2.084765e+07 2.0929e+07  0.39%  59.0  129s
H 1431  1444                    2.085130e+07 2.0929e+07  0.37%  58.7  129s
  1445  1565 2.0927e+07   48  451 2.0851e+07 2.0929e+07  0.37%  58.5  130s
  2289  2373 2.0926e+07   71  422 2.0851e+07 2.0929e+07  0.37%  54.3  135s
H 2760  2668                    2.085145e+07 2.0929e+07  0.37%  52.3  137s
H 2762  2588                    2.085666e+07 2.0929e+07  0.34%  52.2  137s
  3304  3103 2.0924e+07   93  395 2.0857e+07 2.0929e+07  0.34%  50.6  141s
  4131  4142 2.0924e+07  111  390 2.0857e+07 2.0929e+07  0.34%  48.7  145s
H 4152  4123                    2.085735e+07 2.0929e+07  0.34%  48.6  145s
  5610  5649 2.0920e+07  140  372 2.0857e+07 2.0929e+07  0.34%  46.6  150s
  7171  7132 2.0914e+07  178  342 2.0857e+07 2.0929e+07  0.34%  44.9  155s
  8896  8783 2.0909e+07  216  323 2.0857e+07 2.0929e+07  0.34%  44.1  161s
 10257 10187 2.0906e+07  271  289 2.0857e+07 2.0928e+07  0.34%  44.2  166s
 10997 10442 2.0904e+07  288  285 2.0857e+07 2.0928e+07  0.34%  44.1  172s
H11002 10442                    2.085736e+07 2.0928e+07  0.34%  44.1  172s
 11653 11082 2.0902e+07  303  271 2.0857e+07 2.0928e+07  0.34%  44.1  176s
 11685 11113 2.0902e+07  304  276 2.0857e+07 2.0928e+07  0.34%  44.1  182s
H11689 10540                    2.086258e+07 2.0928e+07  0.32%  44.2  182s
H11703  9787                    2.087658e+07 2.0928e+07  0.25%  44.2  182s
 12267 10932 2.0899e+07  312  259 2.0877e+07 2.0928e+07  0.25%  44.6  186s
H12973 11227                    2.087717e+07 2.0928e+07  0.25%  44.5  189s
 13276 11742 2.0898e+07  329  267 2.0877e+07 2.0928e+07  0.25%  44.6  192s
H14516 12447                    2.087717e+07 2.0928e+07  0.25%  44.5  220s
H14516 10319                    2.089357e+07 2.0928e+07  0.17%  44.5  221s

Cutting planes:
  Gomory: 17
  Cover: 73
  Implied bound: 3843
  MIR: 758
  Flow cover: 1235
  RLT: 5
  Relax-and-lift: 382

Explored 14516 nodes (711577 simplex iterations) in 240.92 seconds (308.85 work units)
Thread count was 32 (of 192 available processors)

Solution count 10: 2.08936e+07 2.08936e+07 2.08772e+07 ... 2.08476e+07

Optimal solution found (tolerance 2.00e-03)
Best objective 2.089356860305e+07, best bound 2.092846794563e+07, gap 0.1670%
Deleted nodefile directory: /scratch-local/lbeemster.21387000/gurobi_marketEASINGTON_maxh2_0.2_sub40.0_run0
Saved model snapshot to study_case_model/figures/market_experiment/run_30326/marketEASINGTON/maxh2_0.2/sub40.0/run0/model_snapshot.pkl
Finished successfully!
