Gurobi shell based on Python 3.13.1 can be launched with command `gurobi.sh`
Gurobi Python Interface can be loaded in Python 3.13.1 with 'import gurobipy'
/var/spool/slurm/slurmd/job21398073/slurm_script: line 24: activate: No such file or directory
Solving model: marketDORNUM, maxh2_0.0, sub70.0, run1
Read LP format model from file /scratch-local/lbeemster.21398073/tmpkh83kqji.pyomo.lp
Reading time = 0.52 seconds
x1: 176513 rows, 50050 columns, 1016064 nonzeros
Set parameter OutputFlag to value 1
Set parameter MIPGap to value 0.002
Set parameter Threads to value 32
Set parameter Presolve to value 1
Set parameter Cuts to value 1
Set parameter NodefileStart to value 1
Set parameter NodefileDir to value "/scratch-local/lbeemster.21398073/gurobi_marketDORNUM_maxh2_0.0_sub70.0_run1"
Set parameter MemLimit to value 60
Gurobi Optimizer version 12.0.3 build v12.0.3rc0 (linux64 - "Red Hat Enterprise Linux 9.6 (Plow)")

CPU model: AMD EPYC 9654 96-Core Processor, instruction set [SSE2|AVX|AVX2|AVX512]
Thread count: 192 physical cores, 192 logical processors, using up to 32 threads

Non-default parameters:
MemLimit  60
MIPGap  0.002
NodefileStart  1
Cuts  1
Presolve  1
Threads  32

Academic license 2514514 - for non-commercial use only - registered to l.___@student.vu.nl
Optimize a model with 176513 rows, 50050 columns and 1016064 nonzeros
Model fingerprint: 0xd314f775
Variable types: 39426 continuous, 10624 integer (10624 binary)
Coefficient statistics:
  Matrix range     [6e-05, 1e+05]
  Objective range  [2e+00, 3e+04]
  Bounds range     [1e+00, 1e+00]
  RHS range        [3e-01, 2e+05]
Presolve removed 36665 rows and 26454 columns
Presolve time: 3.29s
Presolved: 139848 rows, 23596 columns, 869697 nonzeros
Variable types: 17828 continuous, 5768 integer (5768 binary)
Found heuristic solution: objective 1.996571e+07
Found heuristic solution: objective 2.022777e+07

Deterministic concurrent LP optimizer: primal simplex, dual simplex, and barrier
Showing barrier log only...

Root relaxation presolved: 22523 rows, 162260 columns, 892232 nonzeros

Root barrier log...

Ordering time: 0.04s

Barrier statistics:
 Free vars  : 1856
 AA' NZ     : 4.997e+05
 Factor NZ  : 1.133e+06 (roughly 80 MB of memory)
 Factor Ops : 6.834e+07 (less than 1 second per iteration)
 Threads    : 30

                  Objective                Residual
Iter       Primal          Dual         Primal    Dual     Compl     Time
   0   1.55933796e+12  3.02509742e+06  7.93e+06 3.25e+02  1.70e+08     8s
   1   1.08192267e+12 -2.55190179e+08  4.64e+06 3.43e+03  1.04e+08     8s
   2   8.35155946e+11 -2.59092199e+08  2.92e+06 2.14e+03  6.58e+07     9s
   3   5.85090186e+11 -2.12048377e+08  1.33e+06 1.55e+03  4.08e+07     9s
   4   4.70231890e+11 -1.55996746e+08  7.85e+05 8.86e+02  2.39e+07     9s
   5   3.94918604e+11 -1.24841942e+08  5.42e+05 6.19e+02  1.67e+07     9s
   6   3.31017595e+11 -9.37300621e+07  3.80e+05 4.09e+02  1.14e+07     9s
   7   2.68125496e+11 -7.25467363e+07  2.53e+05 2.92e+02  8.03e+06     9s
   8   2.12918743e+11 -4.71813964e+07  1.62e+05 1.74e+02  5.00e+06     9s
   9   1.56304600e+11 -3.22882238e+07  9.28e+04 1.16e+02  3.18e+06     9s
  10   1.21840723e+11 -2.08596764e+07  6.17e+04 7.43e+01  2.10e+06     9s
  11   8.72998467e+10 -1.37378282e+07  3.70e+04 4.96e+01  1.35e+06     9s
  12   5.61091318e+10 -7.69546391e+06  2.03e+04 2.98e+01  7.82e+05     9s
  13   4.70274087e+10 -3.27819143e+06  1.59e+04 1.54e+01  5.20e+05     9s
  14   3.04467123e+10 -1.42281063e+06  8.82e+03 9.81e+00  3.09e+05     9s
  15   1.62776171e+10  3.34682099e+05  3.93e+03 4.47e+00  1.46e+05     9s
  16   8.22907551e+09  1.22707921e+06  1.71e+03 2.17e+00  6.82e+04     9s
  17   4.03992390e+09  2.33508070e+06  7.42e+02 8.31e-01  3.06e+04     9s
  18   2.95206244e+09  3.63718178e+06  5.24e+02 5.24e-01  2.14e+04     9s
  19   2.27585776e+09  5.27333379e+06  3.94e+02 2.18e-01  1.54e+04     9s
  20   1.39044158e+09  6.00158345e+06  2.31e+02 1.28e-01  9.28e+03     9s
  21   4.97610734e+08  8.08310900e+06  7.12e+01 4.21e-02  3.16e+03     9s
  22   2.15015897e+08  9.97881168e+06  2.71e+01 1.76e-02  1.30e+03     9s
  23   1.39549195e+08  1.54878367e+07  1.63e+01 4.68e-03  7.74e+02     9s
  24   8.95052856e+07  1.71354228e+07  9.18e+00 3.41e-03  4.49e+02     9s
  25   5.34791847e+07  1.95742005e+07  4.06e+00 4.65e-03  2.09e+02     9s
  26   4.79346485e+07  1.98667690e+07  3.33e+00 3.23e-03  1.73e+02    10s
  27   3.47353502e+07  2.02184170e+07  1.65e+00 1.88e-03  8.91e+01    10s
  28   2.94347723e+07  2.07423382e+07  9.55e-01 1.89e-03  5.32e+01    10s
  29   2.55479929e+07  2.10963316e+07  4.66e-01 1.25e-03  2.71e+01    10s
  30   2.40860476e+07  2.12564392e+07  2.89e-01 1.05e-03  1.72e+01    10s
  31   2.32238682e+07  2.14145330e+07  1.85e-01 1.03e-03  1.10e+01    10s
  32   2.26554863e+07  2.14766896e+07  1.19e-01 6.03e-04  7.14e+00    10s
  33   2.21158741e+07  2.15168593e+07  5.70e-02 5.48e-04  3.61e+00    10s
  34   2.18766162e+07  2.15603527e+07  2.93e-02 4.22e-04  1.90e+00    10s

Barrier performed 34 iterations in 9.85 seconds (8.78 work units)
Barrier solve interrupted - model solved by another algorithm

Concurrent spin time: 0.50s (can be avoided by choosing Method=3)

Solved with primal simplex

Root relaxation: objective 2.163841e+07, 28093 iterations, 2.71 seconds (1.88 work units)

    Nodes    |    Current Node    |     Objective Bounds      |     Work
 Expl Unexpl |  Obj  Depth IntInf | Incumbent    BestBd   Gap | It/Node Time

     0     0 2.1638e+07    0  470 2.0228e+07 2.1638e+07  6.97%     -   11s
     0     0 2.1615e+07    0  638 2.0228e+07 2.1615e+07  6.86%     -   15s
     0     0 2.1615e+07    0  639 2.0228e+07 2.1615e+07  6.86%     -   15s
H    0     0                    2.077804e+07 2.1615e+07  4.03%     -   16s
     0     0 2.1611e+07    0  663 2.0778e+07 2.1611e+07  4.01%     -   17s
     0     0 2.1611e+07    0  670 2.0778e+07 2.1611e+07  4.01%     -   17s
     0     0 2.1611e+07    0  672 2.0778e+07 2.1611e+07  4.01%     -   17s
     0     0 2.1611e+07    0  672 2.0778e+07 2.1611e+07  4.01%     -   17s
     0     0 2.1600e+07    0  700 2.0778e+07 2.1600e+07  3.95%     -   21s
     0     0 2.1596e+07    0  719 2.0778e+07 2.1596e+07  3.94%     -   22s
     0     0 2.1596e+07    0  746 2.0778e+07 2.1596e+07  3.93%     -   22s
     0     0 2.1595e+07    0  750 2.0778e+07 2.1595e+07  3.93%     -   22s
     0     0 2.1595e+07    0  754 2.0778e+07 2.1595e+07  3.93%     -   22s
     0     0 2.1583e+07    0  732 2.0778e+07 2.1583e+07  3.87%     -   27s
H    0     0                    2.106815e+07 2.1583e+07  2.44%     -   29s
     0     0 2.1581e+07    0  761 2.1068e+07 2.1581e+07  2.43%     -   29s
     0     0 2.1580e+07    0  778 2.1068e+07 2.1580e+07  2.43%     -   30s
     0     0 2.1580e+07    0  778 2.1068e+07 2.1580e+07  2.43%     -   30s
     0     0 2.1580e+07    0  780 2.1068e+07 2.1580e+07  2.43%     -   30s
     0     0 2.1580e+07    0  780 2.1068e+07 2.1580e+07  2.43%     -   30s
     0     0 2.1576e+07    0  717 2.1068e+07 2.1576e+07  2.41%     -   35s
H    0     0                    2.115987e+07 2.1576e+07  1.97%     -   37s
     0     0 2.1575e+07    0  702 2.1160e+07 2.1575e+07  1.96%     -   38s
     0     0 2.1575e+07    0  721 2.1160e+07 2.1575e+07  1.96%     -   38s
     0     0 2.1575e+07    0  710 2.1160e+07 2.1575e+07  1.96%     -   38s
     0     0 2.1575e+07    0  719 2.1160e+07 2.1575e+07  1.96%     -   39s
     0     0 2.1575e+07    0  720 2.1160e+07 2.1575e+07  1.96%     -   39s
     0     0 2.1573e+07    0  610 2.1160e+07 2.1573e+07  1.95%     -   42s
     0     0 2.1573e+07    0  637 2.1160e+07 2.1573e+07  1.95%     -   45s
     0     0 2.1573e+07    0  650 2.1160e+07 2.1573e+07  1.95%     -   46s
     0     0 2.1573e+07    0  642 2.1160e+07 2.1573e+07  1.95%     -   46s
     0     0 2.1573e+07    0  649 2.1160e+07 2.1573e+07  1.95%     -   46s
     0     0 2.1573e+07    0  658 2.1160e+07 2.1573e+07  1.95%     -   49s
H    0     0                    2.121573e+07 2.1573e+07  1.68%     -   52s
     0     0 2.1573e+07    0  668 2.1216e+07 2.1573e+07  1.68%     -   52s
     0     0 2.1573e+07    0  669 2.1216e+07 2.1573e+07  1.68%     -   53s
     0     0 2.1573e+07    0  648 2.1216e+07 2.1573e+07  1.68%     -   55s
     0     0 2.1573e+07    0  670 2.1216e+07 2.1573e+07  1.68%     -   58s
     0     0 2.1572e+07    0  642 2.1216e+07 2.1572e+07  1.68%     -   60s
     0     0 2.1572e+07    0  642 2.1216e+07 2.1572e+07  1.68%     -   61s
     0     0 2.1572e+07    0  659 2.1216e+07 2.1572e+07  1.68%     -   63s
     0     0 2.1572e+07    0  659 2.1216e+07 2.1572e+07  1.68%     -   72s
H    0     0                    2.140005e+07 2.1572e+07  0.81%     -   81s
H    0     0                    2.142329e+07 2.1572e+07  0.70%     -   91s
     0     2 2.1572e+07    0  659 2.1423e+07 2.1572e+07  0.70%     -   92s
    31    64 2.1572e+07    5  664 2.1423e+07 2.1572e+07  0.69%   283   96s
H   73    96                    2.143244e+07 2.1572e+07  0.65%   203   98s
   230   301 2.1571e+07   10  662 2.1432e+07 2.1572e+07  0.65%   131  100s
   606   640 2.1570e+07   17  655 2.1432e+07 2.1572e+07  0.65%   112  105s
H  690   703                    2.143255e+07 2.1572e+07  0.65%   109  105s
H  696   703                    2.143433e+07 2.1572e+07  0.64%   108  105s
  1261  1302 2.1567e+07   35  608 2.1434e+07 2.1572e+07  0.64%  90.6  110s
  1525  1544 2.1566e+07   42  621 2.1434e+07 2.1572e+07  0.64%  84.9  117s
H 1541  1544                    2.143555e+07 2.1572e+07  0.64%  85.0  117s
  1748  1848 2.1565e+07   47  616 2.1436e+07 2.1572e+07  0.64%  82.5  120s
  2367  2614 2.1563e+07   62  602 2.1436e+07 2.1572e+07  0.64%  77.4  125s
H 2661  2669                    2.144001e+07 2.1572e+07  0.62%  74.7  126s
  2971  3241 2.1561e+07   76  597 2.1440e+07 2.1572e+07  0.62%  71.3  133s
  3508  3761 2.1560e+07   88  555 2.1440e+07 2.1572e+07  0.62%  68.0  135s
H 3818  3951                    2.145296e+07 2.1572e+07  0.55%  66.3  136s
  4026  4268 2.1555e+07  101  535 2.1453e+07 2.1572e+07  0.55%  65.5  140s
H 4348  4331                    2.145594e+07 2.1572e+07  0.54%  64.8  145s
H 4367  4315                    2.146052e+07 2.1572e+07  0.52%  64.8  145s
  5555  5530 2.1554e+07  136  503 2.1461e+07 2.1572e+07  0.52%  60.4  150s
  5998  5909 2.1553e+07  150  497 2.1461e+07 2.1572e+07  0.52%  59.9  155s
  6063  6009 2.1553e+07  152  496 2.1461e+07 2.1572e+07  0.52%  60.2  160s
H 6230  5947                    2.146942e+07 2.1572e+07  0.48%  59.7  161s
  7097  7126 2.1550e+07  172  471 2.1469e+07 2.1572e+07  0.48%  59.0  166s
  7742  7895 2.1546e+07  187  472 2.1469e+07 2.1572e+07  0.48%  58.9  170s
  9326  9409 2.1543e+07  226  413 2.1469e+07 2.1572e+07  0.48%  57.6  175s
 10398 10442 2.1540e+07  249  368 2.1469e+07 2.1572e+07  0.48%  57.1  181s
 12103 12382 2.1517e+07  302  301 2.1469e+07 2.1572e+07  0.48%  56.2  188s
 12819 13135 2.1534e+07  317  293 2.1469e+07 2.1572e+07  0.48%  55.6  190s
 13965 14236 2.1532e+07  344  242 2.1469e+07 2.1572e+07  0.48%  54.6  196s
H14433 14225                    2.146986e+07 2.1572e+07  0.47%  54.1  196s
H14688 14224                    2.146989e+07 2.1572e+07  0.47%  53.8  203s
H14688 14222                    2.146991e+07 2.1572e+07  0.47%  53.8  203s
H14688 14221                    2.146996e+07 2.1572e+07  0.47%  53.8  204s
 14689 14222 2.1521e+07  238  659 2.1470e+07 2.1572e+07  0.47%  53.8  234s
 14691 14223 2.1545e+07  145  406 2.1470e+07 2.1570e+07  0.46%  53.8  306s
 14692 14224 2.1548e+07   30  489 2.1470e+07 2.1569e+07  0.46%  53.8  315s
H14692 13512                    2.147292e+07 2.1569e+07  0.45%  53.8  316s
 14694 13513 2.1535e+07  279  570 2.1473e+07 2.1569e+07  0.45%  53.8  322s
 14696 13515 2.1559e+07   28  582 2.1473e+07 2.1569e+07  0.45%  53.8  325s
H14699 12841                    2.147675e+07 2.1569e+07  0.43%  53.7  365s
H14699 12199                    2.148075e+07 2.1568e+07  0.41%  53.7  365s
H14699 11589                    2.148470e+07 2.1568e+07  0.39%  53.7  365s
H14700 11009                    2.149160e+07 2.1568e+07  0.36%  53.7  366s
 14703 11011 2.1557e+07   31  577 2.1492e+07 2.1568e+07  0.35%  53.7  370s
H14704 10461                    2.149882e+07 2.1568e+07  0.32%  53.7  370s
H14704  9938                    2.150643e+07 2.1568e+07  0.28%  53.7  399s
H14704  9441                    2.150830e+07 2.1568e+07  0.28%  53.7  399s
H14704  8968                    2.151170e+07 2.1568e+07  0.26%  53.7  399s
H14704  8520                    2.151966e+07 2.1568e+07  0.22%  53.7  399s
H14704  8094                    2.152448e+07 2.1568e+07  0.20%  53.7  399s
H14704  7689                    2.152967e+07 2.1568e+07  0.18%  53.7  399s
H14704  7304                    2.153016e+07 2.1568e+07  0.17%  53.7  399s

Cutting planes:
  Gomory: 38
  Cover: 3
  Implied bound: 648
  MIR: 788
  Flow cover: 1135
  RLT: 9
  Relax-and-lift: 473
  BQP: 3

Explored 14704 nodes (923361 simplex iterations) in 399.53 seconds (441.30 work units)
Thread count was 32 (of 192 available processors)

Solution count 10: 2.15302e+07 2.15297e+07 2.15245e+07 ... 2.14847e+07

Optimal solution found (tolerance 2.00e-03)
Best objective 2.153015804284e+07, best bound 2.156757292190e+07, gap 0.1738%
Deleted nodefile directory: /scratch-local/lbeemster.21398073/gurobi_marketDORNUM_maxh2_0.0_sub70.0_run1
Saved model snapshot to study_case_model/figures/market_experiment/run_30326/marketDORNUM/maxh2_0.0/sub70.0/run1/model_snapshot.pkl
Finished successfully!
