Gurobi shell based on Python 3.13.1 can be launched with command `gurobi.sh`
Gurobi Python Interface can be loaded in Python 3.13.1 with 'import gurobipy'
/var/spool/slurm/slurmd/job21395834/slurm_script: line 24: activate: No such file or directory
Solving model: marketEASINGTON, maxh2_0.2, sub70.0, run1
Read LP format model from file /scratch-local/lbeemster.21395834/tmpgd5x1392.pyomo.lp
Reading time = 0.56 seconds
x1: 176513 rows, 50050 columns, 1016320 nonzeros
Set parameter OutputFlag to value 1
Set parameter MIPGap to value 0.002
Set parameter Threads to value 32
Set parameter Presolve to value 1
Set parameter Cuts to value 1
Set parameter NodefileStart to value 1
Set parameter NodefileDir to value "/scratch-local/lbeemster.21395834/gurobi_marketEASINGTON_maxh2_0.2_sub70.0_run1"
Set parameter MemLimit to value 60
Gurobi Optimizer version 12.0.3 build v12.0.3rc0 (linux64 - "Red Hat Enterprise Linux 9.6 (Plow)")

CPU model: AMD EPYC 9654 96-Core Processor, instruction set [SSE2|AVX|AVX2|AVX512]
Thread count: 192 physical cores, 192 logical processors, using up to 32 threads

Non-default parameters:
MemLimit  60
MIPGap  0.002
NodefileStart  1
Cuts  1
Presolve  1
Threads  32

Academic license 2514514 - for non-commercial use only - registered to l.___@student.vu.nl
Optimize a model with 176513 rows, 50050 columns and 1016320 nonzeros
Model fingerprint: 0xfa51b170
Variable types: 39426 continuous, 10624 integer (10624 binary)
Coefficient statistics:
  Matrix range     [6e-05, 1e+05]
  Objective range  [2e+00, 3e+04]
  Bounds range     [1e+00, 1e+00]
  RHS range        [3e-01, 2e+05]
Presolve removed 35489 rows and 24246 columns
Presolve time: 3.68s
Presolved: 141024 rows, 25804 columns, 923276 nonzeros
Variable types: 20020 continuous, 5784 integer (5784 binary)
Found heuristic solution: objective 2.014246e+07
Found heuristic solution: objective 2.033979e+07

Deterministic concurrent LP optimizer: primal simplex, dual simplex, and barrier
Showing barrier log only...

Root relaxation presolved: 24852 rows, 165754 columns, 948089 nonzeros

Root barrier log...

Ordering time: 0.05s

Barrier statistics:
 Free vars  : 1920
 AA' NZ     : 5.648e+05
 Factor NZ  : 1.461e+06 (roughly 90 MB of memory)
 Factor Ops : 1.040e+08 (less than 1 second per iteration)
 Threads    : 30

                  Objective                Residual
Iter       Primal          Dual         Primal    Dual     Compl     Time
   0   1.58499849e+12  2.72807524e+06  7.61e+06 3.25e+02  1.63e+08     8s
   1   1.06459676e+12 -2.30283875e+08  4.26e+06 3.46e+03  1.01e+08     8s
   2   7.68291103e+11 -2.52154381e+08  2.39e+06 2.26e+03  6.29e+07     8s
   3   4.92473190e+11 -1.96667898e+08  8.03e+05 1.33e+03  3.21e+07     8s
   4   4.05302208e+11 -1.11364209e+08  4.64e+05 6.62e+02  1.70e+07     8s
   5   3.15372644e+11 -7.12021962e+07  2.51e+05 4.11e+02  1.04e+07     9s
   6   2.44188273e+11 -5.23575553e+07  1.44e+05 2.82e+02  6.79e+06     9s
   7   1.57636117e+11 -3.48481134e+07  5.95e+04 1.66e+02  3.63e+06     9s
   8   1.18275835e+11 -2.07285185e+07  3.60e+04 8.45e+01  2.01e+06     9s
   9   8.92313737e+10 -1.32007473e+07  2.32e+04 5.09e+01  1.27e+06     9s
  10   5.32250050e+10 -7.13091072e+06  1.12e+04 2.84e+01  6.79e+05     9s
  11   2.89302158e+10 -2.97735106e+06  4.52e+03 1.41e+01  3.24e+05     9s
  12   1.63248902e+10 -3.05884194e+05  2.11e+03 5.52e+00  1.48e+05     9s
  13   7.06066758e+09  9.01147687e+05  7.22e+02 1.99e+00  5.62e+04     9s
  14   3.90546249e+09  1.54618970e+06  3.63e+02 1.04e+00  2.96e+04     9s
  15   2.28734124e+09  3.11960761e+06  1.93e+02 4.71e-01  1.59e+04     9s
  16   1.97729967e+09  3.79835528e+06  1.65e+02 3.38e-01  1.32e+04     9s
  17   1.05724228e+09  5.82520047e+06  8.25e+01 1.74e-01  6.77e+03     9s
  18   4.60741092e+08  7.25716260e+06  3.15e+01 9.75e-02  2.88e+03     9s
  19   2.21349031e+08  1.04276085e+07  1.32e+01 2.41e-02  1.26e+03     9s
  20   1.45638634e+08  1.28625889e+07  8.12e+00 1.29e-02  7.85e+02     9s
  21   8.23340780e+07  1.63161374e+07  3.51e+00 7.56e-03  3.83e+02     9s
  22   5.67087914e+07  1.91762609e+07  1.85e+00 4.04e-03  2.16e+02     9s
  23   4.57120304e+07  2.00346318e+07  1.24e+00 2.72e-03  1.47e+02     9s
  24   3.74029449e+07  2.03800569e+07  8.11e-01 1.73e-03  9.74e+01     9s
  25   3.11963167e+07  2.09423719e+07  4.84e-01 2.14e-03  5.86e+01     9s
  26   2.65978203e+07  2.12650769e+07  2.34e-01 1.23e-03  3.04e+01    10s
  27   2.47148972e+07  2.14967068e+07  1.41e-01 1.55e-03  1.83e+01    10s
  28   2.33689121e+07  2.15879134e+07  7.63e-02 8.72e-04  1.01e+01    10s
  29   2.26821414e+07  2.16482874e+07  4.46e-02 6.03e-04  5.87e+00    10s
  30   2.23207839e+07  2.16831362e+07  2.71e-02 5.02e-04  3.62e+00    10s
  31   2.20908765e+07  2.17045494e+07  1.58e-02 4.96e-04  2.19e+00    10s
  32   2.19845662e+07  2.17224503e+07  1.06e-02 4.23e-04  1.49e+00    10s
  33   2.19175097e+07  2.17346598e+07  7.27e-03 4.09e-04  1.03e+00    10s
  34   2.18745803e+07  2.17523814e+07  4.94e-03 3.41e-04  6.90e-01    10s
  35   2.18525893e+07  2.17687665e+07  3.54e-03 3.65e-04  4.72e-01    10s
  36   2.18395133e+07  2.17796170e+07  2.65e-03 3.57e-04  3.37e-01    10s

Barrier performed 36 iterations in 9.99 seconds (8.77 work units)
Barrier solve interrupted - model solved by another algorithm

Concurrent spin time: 0.29s (can be avoided by choosing Method=3)

Solved with primal simplex

Root relaxation: objective 2.179669e+07, 33521 iterations, 2.81 seconds (2.21 work units)

    Nodes    |    Current Node    |     Objective Bounds      |     Work
 Expl Unexpl |  Obj  Depth IntInf | Incumbent    BestBd   Gap | It/Node Time

     0     0 2.1797e+07    0  465 2.0340e+07 2.1797e+07  7.16%     -   11s
     0     0 2.1707e+07    0  550 2.0340e+07 2.1707e+07  6.72%     -   15s
H    0     0                    2.095064e+07 2.1707e+07  3.61%     -   17s
     0     0 2.1661e+07    0  622 2.0951e+07 2.1661e+07  3.39%     -   18s
     0     0 2.1660e+07    0  647 2.0951e+07 2.1660e+07  3.38%     -   18s
     0     0 2.1660e+07    0  649 2.0951e+07 2.1660e+07  3.38%     -   18s
     0     0 2.1650e+07    0  646 2.0951e+07 2.1650e+07  3.34%     -   21s
     0     0 2.1646e+07    0  686 2.0951e+07 2.1646e+07  3.32%     -   22s
     0     0 2.1640e+07    0  695 2.0951e+07 2.1640e+07  3.29%     -   23s
     0     0 2.1640e+07    0  701 2.0951e+07 2.1640e+07  3.29%     -   23s
     0     0 2.1640e+07    0  697 2.0951e+07 2.1640e+07  3.29%     -   23s
     0     0 2.1637e+07    0  726 2.0951e+07 2.1637e+07  3.28%     -   27s
H    0     0                    2.128078e+07 2.1637e+07  1.67%     -   29s
     0     0 2.1636e+07    0  793 2.1281e+07 2.1636e+07  1.67%     -   30s
     0     0 2.1636e+07    0  824 2.1281e+07 2.1636e+07  1.67%     -   30s
     0     0 2.1636e+07    0  838 2.1281e+07 2.1636e+07  1.67%     -   30s
     0     0 2.1635e+07    0  828 2.1281e+07 2.1635e+07  1.66%     -   35s
H    0     0                    2.133835e+07 2.1635e+07  1.39%     -   36s
     0     0 2.1634e+07    0  856 2.1338e+07 2.1634e+07  1.39%     -   38s
     0     0 2.1634e+07    0  888 2.1338e+07 2.1634e+07  1.39%     -   39s
     0     0 2.1634e+07    0  889 2.1338e+07 2.1634e+07  1.39%     -   39s
     0     0 2.1632e+07    0  740 2.1338e+07 2.1632e+07  1.38%     -   44s
     0     0 2.1632e+07    0  746 2.1338e+07 2.1632e+07  1.38%     -   46s
     0     0 2.1632e+07    0  747 2.1338e+07 2.1632e+07  1.38%     -   46s
     0     0 2.1632e+07    0  743 2.1338e+07 2.1632e+07  1.38%     -   46s
     0     0 2.1631e+07    0  699 2.1338e+07 2.1631e+07  1.37%     -   50s
H    0     0                    2.133928e+07 2.1631e+07  1.37%     -   54s
     0     0 2.1631e+07    0  720 2.1339e+07 2.1631e+07  1.37%     -   54s
     0     0 2.1631e+07    0  733 2.1339e+07 2.1631e+07  1.37%     -   54s
     0     0 2.1631e+07    0  734 2.1339e+07 2.1631e+07  1.37%     -   55s
     0     0 2.1631e+07    0  748 2.1339e+07 2.1631e+07  1.37%     -   58s
H    0     0                    2.134379e+07 2.1631e+07  1.35%     -   59s
     0     0 2.1631e+07    0  748 2.1344e+07 2.1631e+07  1.35%     -   60s
     0     0 2.1631e+07    0  747 2.1344e+07 2.1631e+07  1.34%     -   60s
     0     0 2.1631e+07    0  729 2.1344e+07 2.1631e+07  1.34%     -   63s
     0     0 2.1631e+07    0  729 2.1344e+07 2.1631e+07  1.34%     -   63s
H    0     0                    2.134976e+07 2.1631e+07  1.32%     -   65s
     0     0 2.1631e+07    0  751 2.1350e+07 2.1631e+07  1.32%     -   65s
     0     0 2.1630e+07    0  767 2.1350e+07 2.1630e+07  1.31%     -   66s
     0     0 2.1630e+07    0  759 2.1350e+07 2.1630e+07  1.31%     -   66s
     0     0 2.1630e+07    0  746 2.1350e+07 2.1630e+07  1.31%     -   69s
     0     0 2.1630e+07    0  750 2.1350e+07 2.1630e+07  1.31%     -   71s
     0     0 2.1630e+07    0  741 2.1350e+07 2.1630e+07  1.31%     -   71s
     0     0 2.1630e+07    0  749 2.1350e+07 2.1630e+07  1.31%     -   74s
     0     0 2.1630e+07    0  743 2.1350e+07 2.1630e+07  1.31%     -   76s
     0     0 2.1630e+07    0  737 2.1350e+07 2.1630e+07  1.31%     -   79s
     0     0 2.1630e+07    0  741 2.1350e+07 2.1630e+07  1.31%     -   90s
H    0     0                    2.137681e+07 2.1630e+07  1.18%     -  100s
H    0     0                    2.138602e+07 2.1630e+07  1.14%     -  103s
     0     2 2.1630e+07    0  741 2.1386e+07 2.1630e+07  1.14%     -  106s
    31    64 2.1628e+07    5  713 2.1386e+07 2.1629e+07  1.14%   410  110s
    95   128 2.1627e+07    7  707 2.1386e+07 2.1629e+07  1.14%   272  116s
H  100   128                    2.139485e+07 2.1629e+07  1.10%   260  116s
   127   434 2.1626e+07    8  707 2.1395e+07 2.1629e+07  1.10%   227  122s
   614   748 2.1626e+07   17  692 2.1395e+07 2.1629e+07  1.10%  97.2  125s
   874   968 2.1625e+07   23  677 2.1395e+07 2.1629e+07  1.10%   101  130s
H 1167  1200                    2.139486e+07 2.1629e+07  1.10%  95.6  134s
H 1187  1200                    2.139487e+07 2.1629e+07  1.10%  95.3  134s
  1199  1399 2.1622e+07   29  663 2.1395e+07 2.1629e+07  1.10%  95.3  136s
  1993  2168 2.1622e+07   44  617 2.1395e+07 2.1629e+07  1.10%  84.2  140s
  2336  2369 2.1621e+07   53  591 2.1395e+07 2.1629e+07  1.10%  85.5  146s
  2368  2404 2.1621e+07   53  587 2.1395e+07 2.1629e+07  1.10%  85.8  160s
H 2371  2404                    2.141683e+07 2.1629e+07  0.99%  85.8  160s
H 2403  2436                    2.141688e+07 2.1629e+07  0.99%  85.8  164s
  2435  2627 2.1621e+07   55  590 2.1417e+07 2.1629e+07  0.99%  85.8  166s
H 2675  2877                    2.141792e+07 2.1629e+07  0.99%  83.7  169s
H 2711  2877                    2.141802e+07 2.1629e+07  0.99%  83.5  169s
  2876  3153 2.1620e+07   64  588 2.1418e+07 2.1629e+07  0.99%  82.0  170s
H 3155  3335                    2.141803e+07 2.1629e+07  0.99%  80.5  172s
H 3160  3335                    2.141805e+07 2.1629e+07  0.99%  80.5  172s
H 3317  3335                    2.141806e+07 2.1629e+07  0.99%  80.0  172s
  3635  3823 2.1616e+07   76  565 2.1418e+07 2.1629e+07  0.99%  78.8  175s
H 3639  3823                    2.141895e+07 2.1629e+07  0.98%  78.9  175s
H 3846  3855                    2.141896e+07 2.1629e+07  0.98%  79.2  178s
  4130  4425 2.1615e+07   85  555 2.1419e+07 2.1629e+07  0.98%  79.2  181s
  5003  5382 2.1613e+07  104  525 2.1419e+07 2.1629e+07  0.98%  77.3  185s
  6221  6380 2.1610e+07  131  452 2.1419e+07 2.1629e+07  0.98%  74.2  190s
H 6306  6380                    2.141907e+07 2.1629e+07  0.98%  73.9  190s
H 6390  6411                    2.141907e+07 2.1629e+07  0.98%  73.4  194s
  6422  6893 2.1609e+07  137  432 2.1419e+07 2.1629e+07  0.98%  73.4  195s
  7972  8116 2.1608e+07  166  352 2.1419e+07 2.1629e+07  0.98%  68.8  202s
H 7976  7188                    2.151820e+07 2.1629e+07  0.52%  68.8  202s
  8701  8066 2.1604e+07  183  344 2.1518e+07 2.1629e+07  0.52%  67.8  206s
  9158  8098 2.1602e+07  195  335 2.1518e+07 2.1629e+07  0.52%  67.6  213s
H 9159  6978                    2.156085e+07 2.1629e+07  0.32%  67.6  213s
H 9162  6971                    2.156094e+07 2.1629e+07  0.32%  67.6  213s
H 9168  6867                    2.156534e+07 2.1629e+07  0.30%  67.6  213s
H 9172  6713                    2.156951e+07 2.1629e+07  0.28%  67.6  213s
H 9179  6563                    2.157384e+07 2.1629e+07  0.26%  67.6  213s
  9190  7002 2.1602e+07  196  334 2.1574e+07 2.1629e+07  0.26%  67.6  215s
 10671  8505 2.1600e+07  231  289 2.1574e+07 2.1629e+07  0.26%  67.5  221s
 11696  9678 2.1597e+07  258  237 2.1574e+07 2.1629e+07  0.26%  68.3  225s
 13023 10901 2.1592e+07  291  202 2.1574e+07 2.1629e+07  0.26%  67.0  230s
 14365 12265 2.1585e+07  314  180 2.1574e+07 2.1629e+07  0.26%  66.0  235s
 15157 12266 2.1617e+07   45  741 2.1574e+07 2.1629e+07  0.26%  65.0  281s
H15158 11653                    2.157703e+07 2.1629e+07  0.24%  65.0  444s
H15158 11070                    2.157956e+07 2.1625e+07  0.21%  65.0  473s
 15160 11071 2.1607e+07  161  499 2.1580e+07 2.1625e+07  0.21%  65.0  482s
 15161 11072 2.1618e+07   70  474 2.1580e+07 2.1625e+07  0.21%  65.0  485s
 15163 11073 2.1623e+07   32  537 2.1580e+07 2.1625e+07  0.21%  65.0  492s
 15165 11074 2.1586e+07  312  598 2.1580e+07 2.1625e+07  0.21%  65.0  496s
 15171 11078 2.1592e+07  275  613 2.1580e+07 2.1625e+07  0.21%  65.0  542s
 15172 11079 2.1625e+07   18  568 2.1580e+07 2.1625e+07  0.21%  65.0  546s
 15175 11081 2.1606e+07  214  574 2.1580e+07 2.1624e+07  0.21%  64.9  602s
 15177 11082 2.1623e+07   12  547 2.1580e+07 2.1624e+07  0.21%  64.9  605s
H15178 10529                    2.158307e+07 2.1624e+07  0.19%  64.9  659s

Cutting planes:
  Learned: 2
  Gomory: 39
  Cover: 1
  Implied bound: 977
  MIR: 815
  Flow cover: 1065
  GUB cover: 1
  RLT: 14
  Relax-and-lift: 715

Explored 15178 nodes (1144802 simplex iterations) in 660.74 seconds (779.83 work units)
Thread count was 32 (of 192 available processors)

Solution count 10: 2.15831e+07 2.15831e+07 2.15796e+07 ... 2.15182e+07

Optimal solution found (tolerance 2.00e-03)
Best objective 2.158307105247e+07, best bound 2.162424853362e+07, gap 0.1908%
Deleted nodefile directory: /scratch-local/lbeemster.21395834/gurobi_marketEASINGTON_maxh2_0.2_sub70.0_run1
Saved model snapshot to study_case_model/figures/market_experiment/run_30326/marketEASINGTON/maxh2_0.2/sub70.0/run1/model_snapshot.pkl
Finished successfully!
