Gurobi shell based on Python 3.13.1 can be launched with command `gurobi.sh`
Gurobi Python Interface can be loaded in Python 3.13.1 with 'import gurobipy'
/var/spool/slurm/slurmd/job21391793/slurm_script: line 24: activate: No such file or directory
Solving model: marketZEEBRUGGE, maxh2_0.02, sub40.0, run0
Read LP format model from file /scratch-local/lbeemster.21391793/tmp1h28759f.pyomo.lp
Reading time = 0.53 seconds
x1: 176513 rows, 50050 columns, 1016448 nonzeros
Set parameter OutputFlag to value 1
Set parameter MIPGap to value 0.002
Set parameter Threads to value 32
Set parameter Presolve to value 1
Set parameter Cuts to value 1
Set parameter NodefileStart to value 1
Set parameter NodefileDir to value "/scratch-local/lbeemster.21391793/gurobi_marketZEEBRUGGE_maxh2_0.02_sub40.0_run0"
Set parameter MemLimit to value 60
Gurobi Optimizer version 12.0.3 build v12.0.3rc0 (linux64 - "Red Hat Enterprise Linux 9.6 (Plow)")

CPU model: AMD EPYC 9654 96-Core Processor, instruction set [SSE2|AVX|AVX2|AVX512]
Thread count: 192 physical cores, 192 logical processors, using up to 32 threads

Non-default parameters:
MemLimit  60
MIPGap  0.002
NodefileStart  1
Cuts  1
Presolve  1
Threads  32

Academic license 2514514 - for non-commercial use only - registered to l.___@student.vu.nl
Optimize a model with 176513 rows, 50050 columns and 1016448 nonzeros
Model fingerprint: 0xd519f6bd
Variable types: 39426 continuous, 10624 integer (10624 binary)
Coefficient statistics:
  Matrix range     [6e-05, 1e+05]
  Objective range  [2e+00, 3e+04]
  Bounds range     [1e+00, 1e+00]
  RHS range        [3e-01, 2e+05]
Presolve removed 35379 rows and 21782 columns
Presolve time: 4.27s
Presolved: 141134 rows, 28268 columns, 942452 nonzeros
Variable types: 22588 continuous, 5680 integer (5680 binary)
Found heuristic solution: objective 1.907758e+07
Found heuristic solution: objective 1.928361e+07

Deterministic concurrent LP optimizer: primal simplex, dual simplex, and barrier
Showing barrier log only...

Root relaxation presolved: 27921 rows, 169010 columns, 970435 nonzeros

Root barrier log...

Ordering time: 0.05s

Barrier statistics:
 Free vars  : 2112
 AA' NZ     : 6.224e+05
 Factor NZ  : 1.841e+06 (roughly 100 MB of memory)
 Factor Ops : 1.432e+08 (less than 1 second per iteration)
 Threads    : 30

                  Objective                Residual
Iter       Primal          Dual         Primal    Dual     Compl     Time
   0   1.56820291e+12  3.02722232e+06  7.54e+06 3.81e+02  1.78e+08     9s
   1   1.08902037e+12 -2.61417387e+08  4.44e+06 3.56e+03  1.08e+08     9s
   2   7.20925094e+11 -2.90425202e+08  2.20e+06 2.00e+03  5.83e+07     9s
   3   5.85411686e+11 -2.76517930e+08  1.50e+06 1.65e+03  4.45e+07     9s
   4   4.11455375e+11 -2.17989930e+08  6.93e+05 1.03e+03  2.55e+07     9s
   5   3.46425274e+11 -1.47050137e+08  4.67e+05 5.91e+02  1.55e+07     9s
   6   2.57214189e+11 -9.76238497e+07  2.54e+05 3.24e+02  8.67e+06     9s
   7   1.93585458e+11 -7.09070947e+07  1.52e+05 2.13e+02  5.57e+06     9s
   8   1.37247647e+11 -4.31715304e+07  8.19e+04 1.09e+02  2.97e+06     9s
   9   9.44357025e+10 -2.70644520e+07  4.46e+04 6.66e+01  1.76e+06     9s
  10   5.81620641e+10 -1.78098211e+07  2.02e+04 4.40e+01  1.02e+06    10s
  11   3.65621537e+10 -5.37850581e+06  1.00e+04 1.63e+01  4.44e+05    10s
  12   2.37988975e+10 -1.18153405e+06  5.63e+03 7.13e+00  2.29e+05    10s
  13   7.39739564e+09  1.05909672e+06  1.15e+03 2.42e+00  6.44e+04    10s
  14   5.27533734e+09  2.19294419e+06  7.66e+02 1.30e+00  4.10e+04    10s
  15   3.11796895e+09  4.15232746e+06  4.13e+02 5.34e-01  2.17e+04    10s
  16   2.58591904e+09  5.59408478e+06  3.37e+02 2.89e-01  1.69e+04    10s
  17   8.26562896e+08  6.98411340e+06  9.34e+01 1.05e-01  5.20e+03    10s
  18   4.16364622e+08  8.55655434e+06  4.28e+01 4.26e-02  2.49e+03    10s
  19   1.92170208e+08  1.09746275e+07  1.76e+01 1.99e-02  1.09e+03    10s
  20   1.26018883e+08  1.45870461e+07  1.02e+01 1.58e-02  6.50e+02    10s
  21   7.79180377e+07  1.71077569e+07  5.02e+00 8.81e-03  3.50e+02    10s
  22   5.24450819e+07  1.84986560e+07  2.64e+00 5.22e-03  1.94e+02    10s
  23   3.87592517e+07  1.92347496e+07  1.43e+00 3.03e-03  1.11e+02    10s
  24   2.78518264e+07  2.00430589e+07  5.26e-01 2.19e-03  4.40e+01    10s
  25   2.44640889e+07  2.03669388e+07  2.61e-01 1.37e-03  2.30e+01    10s
  26   2.32428981e+07  2.05691496e+07  1.68e-01 1.04e-03  1.50e+01    10s
  27   2.28506623e+07  2.06566793e+07  1.39e-01 7.55e-04  1.23e+01    10s
  28   2.20892905e+07  2.07571131e+07  8.10e-02 9.26e-04  7.43e+00    10s
  29   2.17141707e+07  2.08006714e+07  5.47e-02 7.27e-04  5.09e+00    10s
  30   2.12887320e+07  2.08389839e+07  2.52e-02 5.14e-04  2.50e+00    10s
  31   2.11358164e+07  2.08691447e+07  1.42e-02 3.92e-04  1.48e+00    10s
  32   2.10440916e+07  2.08882445e+07  7.97e-03 3.25e-04  8.61e-01    10s
  33   2.10165821e+07  2.08965305e+07  5.74e-03 2.84e-04  6.61e-01    11s
  34   2.09985374e+07  2.09178685e+07  4.04e-03 3.99e-04  4.43e-01    11s
  35   2.09802620e+07  2.09294316e+07  2.44e-03 3.66e-04  2.78e-01    11s
  36   2.09685913e+07  2.09377390e+07  1.48e-03 3.34e-04  1.68e-01    11s
  37   2.09624704e+07  2.09415500e+07  9.86e-04 2.08e-04  1.14e-01    11s
  38   2.09562140e+07  2.09448941e+07  5.23e-04 1.08e-04  6.15e-02    11s
  39   2.09525378e+07  2.09467240e+07  2.71e-04 1.86e-04  3.16e-02    11s

Barrier performed 39 iterations in 10.85 seconds (9.84 work units)
Barrier solve interrupted - model solved by another algorithm

Concurrent spin time: 0.86s (can be avoided by choosing Method=3)

Solved with primal simplex

Root relaxation: objective 2.094784e+07, 37748 iterations, 3.49 seconds (2.33 work units)

    Nodes    |    Current Node    |     Objective Bounds      |     Work
 Expl Unexpl |  Obj  Depth IntInf | Incumbent    BestBd   Gap | It/Node Time

     0     0 2.0948e+07    0  428 1.9284e+07 2.0948e+07  8.63%     -   13s
     0     0 2.0935e+07    0  479 1.9284e+07 2.0935e+07  8.56%     -   19s
H    0     0                    2.042215e+07 2.0935e+07  2.51%     -   20s
     0     0 2.0931e+07    0  557 2.0422e+07 2.0931e+07  2.49%     -   21s
     0     0 2.0931e+07    0  571 2.0422e+07 2.0931e+07  2.49%     -   21s
     0     0 2.0931e+07    0  573 2.0422e+07 2.0931e+07  2.49%     -   21s
     0     0 2.0930e+07    0  626 2.0422e+07 2.0930e+07  2.49%     -   25s
H    0     0                    2.061492e+07 2.0930e+07  1.53%     -   26s
     0     0 2.0930e+07    0  635 2.0615e+07 2.0930e+07  1.53%     -   26s
     0     0 2.0930e+07    0  637 2.0615e+07 2.0930e+07  1.53%     -   26s
     0     0 2.0930e+07    0  639 2.0615e+07 2.0930e+07  1.53%     -   27s
     0     0 2.0930e+07    0  598 2.0615e+07 2.0930e+07  1.53%     -   31s
     0     0 2.0930e+07    0  626 2.0615e+07 2.0930e+07  1.53%     -   33s
     0     0 2.0930e+07    0  645 2.0615e+07 2.0930e+07  1.53%     -   33s
     0     0 2.0930e+07    0  647 2.0615e+07 2.0930e+07  1.53%     -   33s
     0     0 2.0929e+07    0  675 2.0615e+07 2.0929e+07  1.53%     -   37s
     0     0 2.0929e+07    0  689 2.0615e+07 2.0929e+07  1.53%     -   39s
     0     0 2.0929e+07    0  694 2.0615e+07 2.0929e+07  1.53%     -   39s
     0     0 2.0929e+07    0  696 2.0615e+07 2.0929e+07  1.53%     -   39s
     0     0 2.0929e+07    0  542 2.0615e+07 2.0929e+07  1.52%     -   43s
H    0     0                    2.061786e+07 2.0929e+07  1.51%     -   45s
     0     0 2.0929e+07    0  541 2.0618e+07 2.0929e+07  1.51%     -   45s
     0     0 2.0929e+07    0  551 2.0618e+07 2.0929e+07  1.51%     -   46s
     0     0 2.0929e+07    0  548 2.0618e+07 2.0929e+07  1.51%     -   46s
     0     0 2.0929e+07    0  537 2.0618e+07 2.0929e+07  1.51%     -   49s
     0     0 2.0929e+07    0  525 2.0618e+07 2.0929e+07  1.51%     -   50s
     0     0 2.0929e+07    0  520 2.0618e+07 2.0929e+07  1.51%     -   51s
     0     0 2.0929e+07    0  522 2.0618e+07 2.0929e+07  1.51%     -   51s
     0     0 2.0929e+07    0  542 2.0618e+07 2.0929e+07  1.51%     -   54s
     0     0 2.0929e+07    0  568 2.0618e+07 2.0929e+07  1.51%     -   55s
     0     0 2.0929e+07    0  564 2.0618e+07 2.0929e+07  1.51%     -   55s
     0     0 2.0929e+07    0  562 2.0618e+07 2.0929e+07  1.51%     -   56s
     0     0 2.0929e+07    0  522 2.0618e+07 2.0929e+07  1.51%     -   58s
H    0     0                    2.062013e+07 2.0929e+07  1.50%     -   62s
     0     0 2.0929e+07    0  524 2.0620e+07 2.0929e+07  1.50%     -   63s
     0     0 2.0929e+07    0  523 2.0620e+07 2.0929e+07  1.50%     -   63s
     0     0 2.0929e+07    0  541 2.0620e+07 2.0929e+07  1.50%     -   65s
     0     0 2.0929e+07    0  541 2.0620e+07 2.0929e+07  1.50%     -   74s
H    0     0                    2.065780e+07 2.0929e+07  1.31%     -   86s
H    0     0                    2.066526e+07 2.0929e+07  1.27%     -   89s
H    0     0                    2.066783e+07 2.0929e+07  1.26%     -   92s
H    0     0                    2.073866e+07 2.0929e+07  0.92%     -   98s
     0     2 2.0929e+07    0  541 2.0739e+07 2.0929e+07  0.92%     -  100s
    63    96 2.0929e+07    6  540 2.0739e+07 2.0929e+07  0.92%   235  105s
H   73    96                    2.073878e+07 2.0929e+07  0.92%   211  105s
H   79    96                    2.073910e+07 2.0929e+07  0.91%   199  105s
   481   549 2.0928e+07   21  523 2.0739e+07 2.0929e+07  0.91%  90.1  110s
  1101  1160 2.0928e+07   40  510 2.0739e+07 2.0929e+07  0.91%  72.4  115s
H 1175  1243                    2.076269e+07 2.0929e+07  0.80%  70.9  116s
H 1242  1275                    2.076270e+07 2.0929e+07  0.80%  70.1  120s
  1307  1366 2.0927e+07   49  508 2.0763e+07 2.0929e+07  0.80%  69.0  125s
H 1313  1366                    2.077672e+07 2.0929e+07  0.73%  68.8  125s
  1615  1727 2.0927e+07   58  495 2.0777e+07 2.0929e+07  0.73%  65.8  130s
  2396  2438 2.0925e+07   73  473 2.0777e+07 2.0929e+07  0.73%  61.4  135s
H 2430  2438                    2.077675e+07 2.0929e+07  0.73%  61.3  135s
H 3291  3293                    2.077680e+07 2.0929e+07  0.73%  59.0  142s
H 3307  3293                    2.077680e+07 2.0929e+07  0.73%  58.8  142s
  3839  4074 2.0923e+07  102  476 2.0777e+07 2.0929e+07  0.73%  56.7  145s
  4977  5220 2.0921e+07  126  435 2.0777e+07 2.0929e+07  0.73%  54.1  150s
  6112  6157 2.0920e+07  148  398 2.0777e+07 2.0929e+07  0.73%  52.4  155s
  7118  6983 2.0918e+07  169  379 2.0777e+07 2.0929e+07  0.73%  52.8  161s
H 7150  6353                    2.080920e+07 2.0929e+07  0.57%  52.8  168s
H 7166  5795                    2.082906e+07 2.0929e+07  0.48%  52.9  168s
H 7169  5038                    2.085571e+07 2.0929e+07  0.35%  52.9  168s
  7182  5042 2.0917e+07  170  379 2.0856e+07 2.0929e+07  0.35%  52.9  170s
  7235  5067 2.0911e+07  170  380 2.0856e+07 2.0929e+07  0.35%  53.3  175s
H 7237  4964                    2.086192e+07 2.0929e+07  0.32%  53.3  175s
H 7242  4959                    2.086244e+07 2.0929e+07  0.32%  53.3  175s
H 7246  4957                    2.086294e+07 2.0929e+07  0.31%  53.3  175s
H 7251  4936                    2.086438e+07 2.0929e+07  0.31%  53.3  175s
  8150  6018 2.0913e+07  200  334 2.0864e+07 2.0929e+07  0.31%  52.4  181s
H 8423  5892                    2.088082e+07 2.0929e+07  0.23%  52.5  183s
  8603  6338 2.0913e+07  209  329 2.0881e+07 2.0929e+07  0.23%  52.4  185s
 10028  7733 2.0910e+07  246  262 2.0881e+07 2.0929e+07  0.23%  52.0  191s
 11210  8897 2.0909e+07  269  264 2.0881e+07 2.0929e+07  0.23%  50.6  196s
 12310  9944 2.0907e+07  286  243 2.0881e+07 2.0929e+07  0.23%  50.7  200s
 13598 11271 2.0905e+07  312  212 2.0881e+07 2.0929e+07  0.23%  50.3  205s
H14640 11424                    2.088128e+07 2.0929e+07  0.23%  49.7  240s
H14640  9939                    2.088910e+07 2.0929e+07  0.19%  49.7  247s

Cutting planes:
  Gomory: 24
  Cover: 58
  Implied bound: 3839
  MIR: 945
  Flow cover: 1271
  RLT: 2
  Relax-and-lift: 137

Explored 14640 nodes (794612 simplex iterations) in 268.88 seconds (320.64 work units)
Thread count was 32 (of 192 available processors)

Solution count 10: 2.08891e+07 2.08891e+07 2.08813e+07 ... 2.08092e+07

Optimal solution found (tolerance 2.00e-03)
Best objective 2.088910428596e+07, best bound 2.092856680901e+07, gap 0.1889%
Deleted nodefile directory: /scratch-local/lbeemster.21391793/gurobi_marketZEEBRUGGE_maxh2_0.02_sub40.0_run0
Saved model snapshot to study_case_model/figures/market_experiment/run_30326/marketZEEBRUGGE/maxh2_0.02/sub40.0/run0/model_snapshot.pkl
Finished successfully!
