Gurobi shell based on Python 3.13.1 can be launched with command `gurobi.sh`
Gurobi Python Interface can be loaded in Python 3.13.1 with 'import gurobipy'
/var/spool/slurm/slurmd/job21388711/slurm_script: line 24: activate: No such file or directory
Solving model: marketDORNUM, maxh2_0.18, sub40.0, run0
Read LP format model from file /scratch-local/lbeemster.21388711/tmpj3k9yher.pyomo.lp
Reading time = 0.57 seconds
x1: 176513 rows, 50050 columns, 1016320 nonzeros
Set parameter OutputFlag to value 1
Set parameter MIPGap to value 0.002
Set parameter Threads to value 32
Set parameter Presolve to value 1
Set parameter Cuts to value 1
Set parameter NodefileStart to value 1
Set parameter NodefileDir to value "/scratch-local/lbeemster.21388711/gurobi_marketDORNUM_maxh2_0.18_sub40.0_run0"
Set parameter MemLimit to value 60
Gurobi Optimizer version 12.0.3 build v12.0.3rc0 (linux64 - "Red Hat Enterprise Linux 9.6 (Plow)")

CPU model: AMD EPYC 9654 96-Core Processor, instruction set [SSE2|AVX|AVX2|AVX512]
Thread count: 192 physical cores, 192 logical processors, using up to 32 threads

Non-default parameters:
MemLimit  60
MIPGap  0.002
NodefileStart  1
Cuts  1
Presolve  1
Threads  32

Academic license 2514514 - for non-commercial use only - registered to l.___@student.vu.nl
Optimize a model with 176513 rows, 50050 columns and 1016320 nonzeros
Model fingerprint: 0xd011ab33
Variable types: 39426 continuous, 10624 integer (10624 binary)
Coefficient statistics:
  Matrix range     [6e-05, 1e+05]
  Objective range  [2e+00, 3e+04]
  Bounds range     [1e+00, 1e+00]
  RHS range        [3e-01, 2e+05]
Presolve removed 36049 rows and 24694 columns
Presolve time: 3.92s
Presolved: 140464 rows, 25356 columns, 869567 nonzeros
Variable types: 19684 continuous, 5672 integer (5672 binary)
Found heuristic solution: objective 1.882621e+07
Found heuristic solution: objective 1.892970e+07
Found heuristic solution: objective 1.921462e+07

Deterministic concurrent LP optimizer: primal simplex, dual simplex, and barrier
Showing barrier log only...

Root relaxation presolved: 24168 rows, 164594 columns, 893812 nonzeros

Root barrier log...

Ordering time: 0.04s

Barrier statistics:
 Free vars  : 1920
 AA' NZ     : 5.465e+05
 Factor NZ  : 1.395e+06 (roughly 90 MB of memory)
 Factor Ops : 9.752e+07 (less than 1 second per iteration)
 Threads    : 30

                  Objective                Residual
Iter       Primal          Dual         Primal    Dual     Compl     Time
   0   1.57868539e+12  3.21676480e+06  7.52e+06 3.81e+02  1.79e+08    10s
   1   1.12654488e+12 -2.15077969e+08  4.55e+06 3.90e+03  1.15e+08    10s
   2   8.62691941e+11 -2.26124467e+08  2.87e+06 2.59e+03  7.58e+07    10s
   3   6.75605778e+11 -1.99795267e+08  1.70e+06 1.81e+03  5.05e+07    10s
   4   5.33542110e+11 -1.59221763e+08  9.53e+05 1.27e+03  3.35e+07    10s
   5   4.80387908e+11 -1.26729805e+08  7.44e+05 9.20e+02  2.49e+07    10s
   6   4.30797630e+11 -9.76302189e+07  5.87e+05 6.02e+02  1.76e+07    10s
   7   3.73096811e+11 -7.72981909e+07  4.34e+05 4.15e+02  1.25e+07    10s
   8   2.71561524e+11 -5.87104812e+07  2.34e+05 2.80e+02  7.89e+06    10s
   9   1.86521628e+11 -3.50764722e+07  1.08e+05 1.49e+02  4.15e+06    10s
  10   1.25376248e+11 -2.07289584e+07  5.20e+04 8.95e+01  2.35e+06    10s
  11   9.41014269e+10 -1.26407966e+07  3.23e+04 6.06e+01  1.54e+06    10s
  12   6.29510812e+10 -6.41269884e+06  1.75e+04 3.35e+01  8.67e+05    10s
  13   3.97990861e+10 -2.08748991e+06  9.51e+03 1.54e+01  4.38e+05    10s
  14   1.95744755e+10 -4.29681665e+05  3.71e+03 9.10e+00  2.08e+05    10s
  15   1.34909741e+10  7.71766272e+05  2.36e+03 4.07e+00  1.18e+05    10s
  16   6.16454516e+09  1.16687807e+06  9.00e+02 2.62e+00  5.51e+04    10s
  17   3.79564838e+09  2.36611139e+06  5.03e+02 1.09e+00  2.96e+04    10s
  18   2.59945587e+09  4.60556028e+06  3.26e+02 5.14e-01  1.84e+04    10s
  19   1.49202112e+09  5.61296864e+06  1.77e+02 2.84e-01  1.02e+04    10s
  20   8.24540446e+08  7.84698389e+06  9.22e+01 8.94e-02  5.21e+03    10s
  21   2.98518442e+08  9.91243921e+06  2.81e+01 3.10e-02  1.79e+03    10s
  22   1.59334075e+08  1.25478173e+07  1.37e+01 1.46e-02  8.94e+02    11s
  23   1.02927391e+08  1.55796754e+07  7.65e+00 7.40e-03  5.23e+02    11s
  24   7.50744706e+07  1.82818786e+07  4.82e+00 3.28e-03  3.37e+02    11s
  25   6.56812234e+07  1.86912931e+07  3.98e+00 2.71e-03  2.79e+02    11s
  26   4.47740076e+07  1.92271932e+07  2.07e+00 2.15e-03  1.51e+02    11s

Barrier performed 26 iterations in 10.64 seconds (9.44 work units)
Barrier solve interrupted - model solved by another algorithm

Concurrent spin time: 0.38s (can be avoided by choosing Method=3)

Solved with primal simplex

Root relaxation: objective 2.095085e+07, 30434 iterations, 2.08 seconds (1.73 work units)

    Nodes    |    Current Node    |     Objective Bounds      |     Work
 Expl Unexpl |  Obj  Depth IntInf | Incumbent    BestBd   Gap | It/Node Time

     0     0 2.0951e+07    0  410 1.9215e+07 2.0951e+07  9.04%     -   13s
     0     0 2.0937e+07    0  434 1.9215e+07 2.0937e+07  8.96%     -   17s
H    0     0                    2.073050e+07 2.0937e+07  0.99%     -   18s
     0     0 2.0935e+07    0  498 2.0730e+07 2.0935e+07  0.99%     -   18s
     0     0 2.0935e+07    0  505 2.0730e+07 2.0935e+07  0.99%     -   19s
     0     0 2.0935e+07    0  511 2.0730e+07 2.0935e+07  0.99%     -   19s
     0     0 2.0935e+07    0  511 2.0730e+07 2.0935e+07  0.99%     -   19s
     0     0 2.0934e+07    0  546 2.0730e+07 2.0934e+07  0.98%     -   22s
     0     0 2.0933e+07    0  557 2.0730e+07 2.0933e+07  0.98%     -   22s
     0     0 2.0933e+07    0  560 2.0730e+07 2.0933e+07  0.98%     -   22s
     0     0 2.0933e+07    0  559 2.0730e+07 2.0933e+07  0.98%     -   23s
     0     0 2.0933e+07    0  560 2.0730e+07 2.0933e+07  0.98%     -   23s
     0     0 2.0933e+07    0  547 2.0730e+07 2.0933e+07  0.98%     -   27s
     0     0 2.0933e+07    0  593 2.0730e+07 2.0933e+07  0.98%     -   29s
     0     0 2.0933e+07    0  605 2.0730e+07 2.0933e+07  0.98%     -   29s
     0     0 2.0933e+07    0  610 2.0730e+07 2.0933e+07  0.98%     -   29s
     0     0 2.0933e+07    0  625 2.0730e+07 2.0933e+07  0.98%     -   33s
H    0     0                    2.073072e+07 2.0933e+07  0.97%     -   36s
     0     0 2.0933e+07    0  619 2.0731e+07 2.0933e+07  0.97%     -   37s
     0     0 2.0933e+07    0  630 2.0731e+07 2.0933e+07  0.97%     -   37s
     0     0 2.0933e+07    0  633 2.0731e+07 2.0933e+07  0.97%     -   37s
     0     0 2.0933e+07    0  636 2.0731e+07 2.0933e+07  0.97%     -   37s
     0     0 2.0932e+07    0  506 2.0731e+07 2.0932e+07  0.97%     -   41s
H    0     0                    2.076181e+07 2.0932e+07  0.82%     -   43s
     0     0 2.0932e+07    0  515 2.0762e+07 2.0932e+07  0.82%     -   44s
     0     0 2.0932e+07    0  536 2.0762e+07 2.0932e+07  0.82%     -   44s
     0     0 2.0932e+07    0  538 2.0762e+07 2.0932e+07  0.82%     -   44s
     0     0 2.0932e+07    0  516 2.0762e+07 2.0932e+07  0.82%     -   47s
     0     0 2.0932e+07    0  500 2.0762e+07 2.0932e+07  0.82%     -   49s
     0     0 2.0932e+07    0  501 2.0762e+07 2.0932e+07  0.82%     -   49s
     0     0 2.0932e+07    0  501 2.0762e+07 2.0932e+07  0.82%     -   50s
     0     0 2.0932e+07    0  506 2.0762e+07 2.0932e+07  0.82%     -   52s
H    0     0                    2.076407e+07 2.0932e+07  0.81%     -   54s
     0     0 2.0932e+07    0  508 2.0764e+07 2.0932e+07  0.81%     -   55s
     0     0 2.0932e+07    0  525 2.0764e+07 2.0932e+07  0.81%     -   55s
     0     0 2.0932e+07    0  469 2.0764e+07 2.0932e+07  0.81%     -   58s
H    0     0                    2.076788e+07 2.0932e+07  0.79%     -   60s
     0     0 2.0932e+07    0  479 2.0768e+07 2.0932e+07  0.79%     -   60s
     0     0 2.0932e+07    0  472 2.0768e+07 2.0932e+07  0.79%     -   61s
     0     0 2.0932e+07    0  479 2.0768e+07 2.0932e+07  0.79%     -   63s
     0     0 2.0932e+07    0  494 2.0768e+07 2.0932e+07  0.79%     -   66s
     0     0 2.0932e+07    0  488 2.0768e+07 2.0932e+07  0.79%     -   66s
     0     0 2.0932e+07    0  496 2.0768e+07 2.0932e+07  0.79%     -   66s
     0     0 2.0932e+07    0  484 2.0768e+07 2.0932e+07  0.79%     -   69s
     0     0 2.0932e+07    0  490 2.0768e+07 2.0932e+07  0.79%     -   70s
     0     0 2.0932e+07    0  491 2.0768e+07 2.0932e+07  0.79%     -   70s
     0     0 2.0932e+07    0  488 2.0768e+07 2.0932e+07  0.79%     -   73s
     0     0 2.0932e+07    0  488 2.0768e+07 2.0932e+07  0.79%     -   81s
H    0     0                    2.079083e+07 2.0932e+07  0.68%     -   92s
H    0     0                    2.082246e+07 2.0932e+07  0.52%     -   94s
H    0     0                    2.082269e+07 2.0932e+07  0.52%     -   96s
H    0     0                    2.082392e+07 2.0932e+07  0.52%     -   99s
     0     2 2.0932e+07    0  488 2.0824e+07 2.0932e+07  0.52%     -  100s
    31    64 2.0932e+07    5  488 2.0824e+07 2.0932e+07  0.52%   327  106s
H   65    96                    2.082629e+07 2.0932e+07  0.51%   261  109s
H   71    96                    2.084639e+07 2.0932e+07  0.41%   242  109s
    95   255 2.0932e+07    7  486 2.0846e+07 2.0932e+07  0.41%   192  110s
H  302   368                    2.084766e+07 2.0932e+07  0.40%   119  112s
   524   556 2.0931e+07   16  467 2.0848e+07 2.0932e+07  0.40%  99.3  115s
   962  1023 2.0931e+07   29  449 2.0848e+07 2.0932e+07  0.40%  81.5  120s
  1379  1373 2.0931e+07   38  435 2.0848e+07 2.0931e+07  0.40%  80.6  126s
  1443  1437 2.0930e+07   39  424 2.0848e+07 2.0931e+07  0.40%  79.2  135s
  1475  1468 2.0930e+07   39  429 2.0848e+07 2.0931e+07  0.40%  78.4  144s
H 1477  1468                    2.085133e+07 2.0931e+07  0.38%  78.3  144s
H 1481  1468                    2.086685e+07 2.0931e+07  0.31%  78.3  144s
  1507  1585 2.0930e+07   40  419 2.0867e+07 2.0931e+07  0.31%  77.9  145s
  2543  2465 2.0928e+07   69  383 2.0867e+07 2.0931e+07  0.31%  66.8  150s
H 2590  2416                    2.086988e+07 2.0931e+07  0.29%  66.2  150s
  3317  3281 2.0927e+07   84  365 2.0870e+07 2.0931e+07  0.29%  63.7  155s
  4216  4235 2.0925e+07  112  360 2.0870e+07 2.0931e+07  0.29%  59.3  160s
  5927  5899 2.0921e+07  147  329 2.0870e+07 2.0931e+07  0.29%  54.7  165s
  7535  7451 2.0918e+07  177  304 2.0870e+07 2.0931e+07  0.29%  52.6  170s
* 7957  7399             293    2.087048e+07 2.0931e+07  0.29%  52.1  170s
  8730  8547 2.0917e+07  203  283 2.0870e+07 2.0931e+07  0.29%  52.8  175s
  9573  8958 2.0916e+07  223  264 2.0870e+07 2.0931e+07  0.29%  53.9  183s
H 9596  8949                    2.087057e+07 2.0931e+07  0.29%  53.9  183s
H 9600  8935                    2.087066e+07 2.0931e+07  0.29%  53.9  183s
  9607  9048 2.0916e+07  224  264 2.0871e+07 2.0931e+07  0.29%  53.9  186s
 10725 10280 2.0913e+07  248  239 2.0871e+07 2.0931e+07  0.29%  53.9  192s
H10824  9590                    2.087618e+07 2.0931e+07  0.26%  54.0  192s
H10937  9306                    2.087968e+07 2.0931e+07  0.25%  54.0  192s
 11546 10383 2.0914e+07  265  209 2.0880e+07 2.0931e+07  0.25%  54.5  196s
H12210  9452                    2.088890e+07 2.0931e+07  0.20%  54.3  199s
 12419  9881 2.0914e+07  288  206 2.0889e+07 2.0931e+07  0.20%  54.3  201s
H13026  9860                    2.088890e+07 2.0931e+07  0.20%  54.5  219s
H13026  9778                    2.088938e+07 2.0931e+07  0.20%  54.5  230s
H13026  9653                    2.088987e+07 2.0931e+07  0.20%  54.5  231s

Cutting planes:
  Gomory: 18
  Cover: 57
  Implied bound: 4181
  MIR: 909
  Flow cover: 1249
  RLT: 4
  Relax-and-lift: 241

Explored 13026 nodes (770515 simplex iterations) in 251.88 seconds (315.27 work units)
Thread count was 32 (of 192 available processors)

Solution count 10: 2.08899e+07 2.08899e+07 2.08894e+07 ... 2.08668e+07

Optimal solution found (tolerance 2.00e-03)
Best objective 2.088986850524e+07, best bound 2.093125421092e+07, gap 0.1981%
Deleted nodefile directory: /scratch-local/lbeemster.21388711/gurobi_marketDORNUM_maxh2_0.18_sub40.0_run0
Saved model snapshot to study_case_model/figures/market_experiment/run_30326/marketDORNUM/maxh2_0.18/sub40.0/run0/model_snapshot.pkl
Finished successfully!
