Gurobi shell based on Python 3.13.1 can be launched with command `gurobi.sh`
Gurobi Python Interface can be loaded in Python 3.13.1 with 'import gurobipy'
/var/spool/slurm/slurmd/job21388929/slurm_script: line 24: activate: No such file or directory
Solving model: marketDORNUM, maxh2_0.02, sub70.0, run0
Read LP format model from file /scratch-local/lbeemster.21388929/tmp21ys6sin.pyomo.lp
Reading time = 0.62 seconds
x1: 176513 rows, 50050 columns, 1016320 nonzeros
Set parameter OutputFlag to value 1
Set parameter MIPGap to value 0.002
Set parameter Threads to value 32
Set parameter Presolve to value 1
Set parameter Cuts to value 1
Set parameter NodefileStart to value 1
Set parameter NodefileDir to value "/scratch-local/lbeemster.21388929/gurobi_marketDORNUM_maxh2_0.02_sub70.0_run0"
Set parameter MemLimit to value 60
Gurobi Optimizer version 12.0.3 build v12.0.3rc0 (linux64 - "Red Hat Enterprise Linux 9.6 (Plow)")

CPU model: AMD EPYC 9654 96-Core Processor, instruction set [SSE2|AVX|AVX2|AVX512]
Thread count: 192 physical cores, 192 logical processors, using up to 32 threads

Non-default parameters:
MemLimit  60
MIPGap  0.002
NodefileStart  1
Cuts  1
Presolve  1
Threads  32

Academic license 2514514 - for non-commercial use only - registered to l.___@student.vu.nl
Optimize a model with 176513 rows, 50050 columns and 1016320 nonzeros
Model fingerprint: 0x080c08c0
Variable types: 39426 continuous, 10624 integer (10624 binary)
Coefficient statistics:
  Matrix range     [6e-05, 1e+05]
  Objective range  [2e+00, 3e+04]
  Bounds range     [1e+00, 1e+00]
  RHS range        [3e-01, 2e+05]
Presolve removed 36153 rows and 24854 columns
Presolve time: 4.07s
Presolved: 140360 rows, 25196 columns, 869217 nonzeros
Variable types: 19564 continuous, 5632 integer (5632 binary)
Found heuristic solution: objective 1.883257e+07
Found heuristic solution: objective 1.903602e+07
Found heuristic solution: objective 1.922214e+07

Deterministic concurrent LP optimizer: primal simplex, dual simplex, and barrier
Showing barrier log only...

Root relaxation presolved: 24042 rows, 164371 columns, 893355 nonzeros

Root barrier log...

Ordering time: 0.04s

Barrier statistics:
 Free vars  : 1920
 AA' NZ     : 5.427e+05
 Factor NZ  : 1.382e+06 (roughly 90 MB of memory)
 Factor Ops : 9.705e+07 (less than 1 second per iteration)
 Threads    : 30

                  Objective                Residual
Iter       Primal          Dual         Primal    Dual     Compl     Time
   0   1.60611249e+12  3.17722227e+06  7.62e+06 3.81e+02  1.82e+08    10s
   1   1.09322975e+12 -2.48709082e+08  4.27e+06 3.89e+03  1.13e+08    10s
   2   8.43965600e+11 -2.60272841e+08  2.72e+06 2.60e+03  7.47e+07    10s
   3   6.43213559e+11 -2.33067529e+08  1.49e+06 2.02e+03  5.22e+07    10s
   4   5.31613331e+11 -1.88620346e+08  9.35e+05 1.25e+03  3.27e+07    10s
   5   4.76205538e+11 -1.39584580e+08  7.23e+05 8.26e+02  2.30e+07    10s
   6   3.86439450e+11 -1.13744064e+08  4.56e+05 5.94e+02  1.59e+07    10s
   7   3.18250419e+11 -8.24601433e+07  2.95e+05 3.57e+02  1.00e+07    10s
   8   2.39096843e+11 -5.95300230e+07  1.70e+05 2.53e+02  6.63e+06    10s
   9   1.53412660e+11 -2.82409568e+07  6.04e+04 1.11e+02  2.93e+06    10s
  10   1.15291705e+11 -1.63579821e+07  3.59e+04 6.46e+01  1.76e+06    10s
  11   7.26197047e+10 -1.16645854e+07  1.61e+04 4.64e+01  1.07e+06    10s
  12   4.79777692e+10 -4.60799710e+06  8.70e+03 2.10e+01  5.48e+05    10s
  13   2.31799393e+10 -1.20084398e+06  3.21e+03 9.20e+00  2.30e+05    10s
  14   1.44288244e+10  2.59793959e+05  1.76e+03 4.74e+00  1.28e+05    10s
  15   5.97093868e+09  1.20976873e+06  5.67e+02 2.26e+00  5.05e+04    10s
  16   4.00124727e+09  2.16318056e+06  3.54e+02 1.12e+00  3.04e+04    10s
  17   2.72822973e+09  3.73828285e+06  2.27e+02 4.71e-01  1.85e+04    10s
  18   2.16166306e+09  4.12822433e+06  1.77e+02 3.45e-01  1.44e+04    10s
  19   1.20986324e+09  5.27542709e+06  9.35e+01 1.72e-01  7.75e+03    10s
  20   5.96984801e+08  6.84646613e+06  4.24e+01 6.29e-02  3.64e+03    10s
  21   2.49487750e+08  8.92452643e+06  1.54e+01 2.14e-02  1.45e+03    10s
  22   1.68926548e+08  1.24322867e+07  9.85e+00 1.51e-02  9.27e+02    10s
  23   1.21899670e+08  1.48893333e+07  6.58e+00 8.85e-03  6.29e+02    10s
  24   7.66042533e+07  1.65286489e+07  3.52e+00 5.95e-03  3.51e+02    10s
  25   4.92991665e+07  1.86996381e+07  1.69e+00 3.34e-03  1.78e+02    11s
  26   3.87129156e+07  1.94707860e+07  1.01e+00 2.46e-03  1.12e+02    11s
  27   3.10675110e+07  1.98502096e+07  5.74e-01 2.14e-03  6.49e+01    11s
  28   2.87505492e+07  2.01162682e+07  4.36e-01 1.70e-03  4.99e+01    11s
  29   2.58196852e+07  2.05772626e+07  2.64e-01 1.71e-03  3.03e+01    11s
  30   2.34184416e+07  2.07663699e+07  1.26e-01 1.08e-03  1.53e+01    11s
  31   2.23754908e+07  2.08963711e+07  6.78e-02 7.42e-04  8.50e+00    11s
  32   2.18101286e+07  2.09527696e+07  3.73e-02 5.91e-04  4.92e+00    11s
  33   2.15185641e+07  2.09939644e+07  2.20e-02 4.72e-04  3.01e+00    11s

Barrier performed 33 iterations in 10.83 seconds (9.84 work units)
Barrier solve interrupted - model solved by another algorithm

Concurrent spin time: 0.81s (can be avoided by choosing Method=3)

Solved with primal simplex

Root relaxation: objective 2.111664e+07, 29459 iterations, 2.84 seconds (1.84 work units)

    Nodes    |    Current Node    |     Objective Bounds      |     Work
 Expl Unexpl |  Obj  Depth IntInf | Incumbent    BestBd   Gap | It/Node Time

     0     0 2.1117e+07    0  464 1.9222e+07 2.1117e+07  9.86%     -   13s
     0     0 2.1104e+07    0  608 1.9222e+07 2.1104e+07  9.79%     -   17s
H    0     0                    2.057855e+07 2.1104e+07  2.55%     -   18s
     0     0 2.1094e+07    0  678 2.0579e+07 2.1094e+07  2.51%     -   19s
     0     0 2.1094e+07    0  710 2.0579e+07 2.1094e+07  2.50%     -   19s
     0     0 2.1094e+07    0  714 2.0579e+07 2.1094e+07  2.50%     -   20s
     0     0 2.1094e+07    0  715 2.0579e+07 2.1094e+07  2.50%     -   20s
     0     0 2.1090e+07    0  707 2.0579e+07 2.1090e+07  2.49%     -   23s
     0     0 2.1090e+07    0  738 2.0579e+07 2.1090e+07  2.48%     -   24s
     0     0 2.1090e+07    0  749 2.0579e+07 2.1090e+07  2.48%     -   24s
     0     0 2.1090e+07    0  746 2.0579e+07 2.1090e+07  2.48%     -   25s
     0     0 2.1090e+07    0  748 2.0579e+07 2.1090e+07  2.48%     -   25s
     0     0 2.1090e+07    0  748 2.0579e+07 2.1090e+07  2.48%     -   25s
     0     0 2.1082e+07    0  733 2.0579e+07 2.1082e+07  2.45%     -   30s
H    0     0                    2.069146e+07 2.1082e+07  1.89%     -   32s
     0     0 2.1081e+07    0  741 2.0691e+07 2.1081e+07  1.88%     -   33s
     0     0 2.1081e+07    0  760 2.0691e+07 2.1081e+07  1.88%     -   33s
     0     0 2.1081e+07    0  753 2.0691e+07 2.1081e+07  1.88%     -   33s
     0     0 2.1081e+07    0  764 2.0691e+07 2.1081e+07  1.88%     -   34s
     0     0 2.1081e+07    0  759 2.0691e+07 2.1081e+07  1.88%     -   34s
     0     0 2.1072e+07    0  752 2.0691e+07 2.1072e+07  1.84%     -   39s
     0     0 2.1071e+07    0  769 2.0691e+07 2.1071e+07  1.83%     -   41s
     0     0 2.1070e+07    0  812 2.0691e+07 2.1070e+07  1.83%     -   42s
     0     0 2.1070e+07    0  805 2.0691e+07 2.1070e+07  1.83%     -   42s
     0     0 2.1070e+07    0  817 2.0691e+07 2.1070e+07  1.83%     -   42s
     0     0 2.1070e+07    0  813 2.0691e+07 2.1070e+07  1.83%     -   43s
     0     0 2.1062e+07    0  604 2.0691e+07 2.1062e+07  1.79%     -   48s
H    0     0                    2.073026e+07 2.1062e+07  1.60%     -   50s
     0     0 2.1061e+07    0  664 2.0730e+07 2.1061e+07  1.60%     -   50s
     0     0 2.1061e+07    0  680 2.0730e+07 2.1061e+07  1.60%     -   51s
     0     0 2.1061e+07    0  676 2.0730e+07 2.1061e+07  1.59%     -   51s
     0     0 2.1061e+07    0  670 2.0730e+07 2.1061e+07  1.59%     -   51s
     0     0 2.1061e+07    0  675 2.0730e+07 2.1061e+07  1.59%     -   51s
     0     0 2.1059e+07    0  640 2.0730e+07 2.1059e+07  1.58%     -   55s
H    0     0                    2.073320e+07 2.1059e+07  1.57%     -   60s
     0     0 2.1058e+07    0  654 2.0733e+07 2.1058e+07  1.57%     -   60s
     0     0 2.1058e+07    0  651 2.0733e+07 2.1058e+07  1.57%     -   60s
     0     0 2.1058e+07    0  657 2.0733e+07 2.1058e+07  1.57%     -   61s
     0     0 2.1058e+07    0  652 2.0733e+07 2.1058e+07  1.57%     -   61s
     0     0 2.1058e+07    0  631 2.0733e+07 2.1058e+07  1.56%     -   64s
     0     0 2.1058e+07    0  633 2.0733e+07 2.1058e+07  1.56%     -   66s
     0     0 2.1057e+07    0  626 2.0733e+07 2.1057e+07  1.56%     -   67s
     0     0 2.1057e+07    0  630 2.0733e+07 2.1057e+07  1.56%     -   67s
     0     0 2.1057e+07    0  626 2.0733e+07 2.1057e+07  1.56%     -   70s
     0     0 2.1057e+07    0  643 2.0733e+07 2.1057e+07  1.56%     -   71s
     0     0 2.1057e+07    0  636 2.0733e+07 2.1057e+07  1.56%     -   72s
     0     0 2.1057e+07    0  636 2.0733e+07 2.1057e+07  1.56%     -   72s
     0     0 2.1057e+07    0  641 2.0733e+07 2.1057e+07  1.56%     -   75s
     0     0 2.1057e+07    0  626 2.0733e+07 2.1057e+07  1.56%     -   77s
     0     0 2.1057e+07    0  643 2.0733e+07 2.1057e+07  1.56%     -   77s
     0     0 2.1056e+07    0  631 2.0733e+07 2.1056e+07  1.56%     -   80s
H    0     0                    2.074099e+07 2.1056e+07  1.52%     -   85s
     0     0 2.1056e+07    0  647 2.0741e+07 2.1056e+07  1.52%     -   85s
     0     0 2.1056e+07    0  645 2.0741e+07 2.1056e+07  1.52%     -   85s
     0     0 2.1056e+07    0  636 2.0741e+07 2.1056e+07  1.52%     -   88s
H    0     0                    2.075647e+07 2.1056e+07  1.44%     -   90s
     0     0 2.1056e+07    0  631 2.0756e+07 2.1056e+07  1.44%     -   91s
     0     0 2.1056e+07    0  623 2.0756e+07 2.1056e+07  1.44%     -   91s
     0     0 2.1056e+07    0  622 2.0756e+07 2.1056e+07  1.44%     -   94s
     0     0 2.1056e+07    0  629 2.0756e+07 2.1056e+07  1.44%     -   94s
     0     0 2.1056e+07    0  627 2.0756e+07 2.1056e+07  1.44%     -   94s
     0     0 2.1056e+07    0  642 2.0756e+07 2.1056e+07  1.44%     -   97s
     0     0 2.1056e+07    0  642 2.0756e+07 2.1056e+07  1.44%     -  110s
H    0     0                    2.089717e+07 2.1056e+07  0.76%     -  121s
H    0     0                    2.089801e+07 2.1056e+07  0.76%     -  123s
H    0     0                    2.089850e+07 2.1056e+07  0.75%     -  123s
     0     2 2.1056e+07    0  642 2.0898e+07 2.1056e+07  0.75%     -  126s
    63    96 2.1056e+07    6  644 2.0898e+07 2.1056e+07  0.75%   208  133s
H   85    96                    2.090450e+07 2.1056e+07  0.72%   198  133s
   251   317 2.1055e+07   10  644 2.0905e+07 2.1056e+07  0.72%   144  135s
   712   745 2.1053e+07   22  637 2.0905e+07 2.1056e+07  0.72%   118  141s
H  765   809                    2.090902e+07 2.1056e+07  0.70%   115  141s
H 1239  1272                    2.090903e+07 2.1056e+07  0.70%   100  147s
  1459  1492 2.1051e+07   39  625 2.0909e+07 2.1056e+07  0.70%  97.1  150s
  1962  1998 2.1048e+07   53  607 2.0909e+07 2.1056e+07  0.70%  86.6  155s
H 1965  1998                    2.090909e+07 2.1056e+07  0.70%  86.5  155s
H 1975  1998                    2.090910e+07 2.1056e+07  0.70%  86.4  155s
H 1990  1998                    2.090910e+07 2.1056e+07  0.70%  86.0  155s
  3036  3189 2.1047e+07   75  573 2.0909e+07 2.1056e+07  0.70%  75.9  160s
H 3220  3237                    2.092748e+07 2.1056e+07  0.61%  75.6  168s
H 3227  3237                    2.092839e+07 2.1056e+07  0.61%  75.8  168s
H 3239  3188                    2.094754e+07 2.1056e+07  0.52%  75.8  168s
H 3243  3154                    2.095520e+07 2.1056e+07  0.48%  75.8  168s
  3454  3519 2.1044e+07   86  571 2.0955e+07 2.1056e+07  0.48%  76.2  170s
  4446  4467 2.1042e+07  111  557 2.0955e+07 2.1056e+07  0.48%  77.3  175s
  6039  5850 2.1040e+07  160  512 2.0955e+07 2.1056e+07  0.48%  73.3  181s
H 6071  5878                    2.095549e+07 2.1056e+07  0.48%  73.5  184s
H 6081  5838                    2.095696e+07 2.1056e+07  0.47%  73.5  184s
  6104  6113 2.1039e+07  161  511 2.0957e+07 2.1056e+07  0.47%  73.6  185s
  7010  7186 2.1036e+07  187  497 2.0957e+07 2.1055e+07  0.47%  73.0  191s
  7769  7939 2.1034e+07  210  494 2.0957e+07 2.1055e+07  0.47%  71.9  195s
  9612  9908 2.1029e+07  248  460 2.0957e+07 2.1055e+07  0.47%  72.5  200s
 11385 11586 2.1024e+07  304  434 2.0957e+07 2.1055e+07  0.47%  70.5  207s
 12544 12794 2.1021e+07  327  404 2.0957e+07 2.1055e+07  0.47%  69.8  211s
 13850 14106 2.1018e+07  352  409 2.0957e+07 2.1055e+07  0.47%  69.1  215s
H14510 13776                    2.096001e+07 2.1055e+07  0.45%  69.1  228s
 14511 13777 2.1017e+07  310  642 2.0960e+07 2.1055e+07  0.45%  69.1  265s
H14512 13089                    2.096519e+07 2.1055e+07  0.43%  69.0  391s
H14512 12434                    2.096664e+07 2.1055e+07  0.42%  69.0  391s
H14512 11812                    2.096894e+07 2.1055e+07  0.41%  69.0  391s
H14512 11222                    2.096934e+07 2.1055e+07  0.41%  69.0  391s
H14512 10661                    2.097144e+07 2.1055e+07  0.40%  69.0  391s
H14512 10128                    2.097189e+07 2.1055e+07  0.39%  69.0  391s
H14512  9621                    2.097201e+07 2.1055e+07  0.39%  69.0  391s
H14512  9140                    2.097250e+07 2.1055e+07  0.39%  69.0  391s
 14514  9141 2.0994e+07  313  469 2.0973e+07 2.1042e+07  0.33%  69.0  402s
 14515  9142 2.1023e+07   58  441 2.0973e+07 2.1041e+07  0.33%  69.0  407s
 14516  9142 2.1006e+07  143  404 2.0973e+07 2.1040e+07  0.32%  69.0  412s
 14517  9143 2.1017e+07  274  433 2.0973e+07 2.1040e+07  0.32%  69.0  416s
 14518  9144 2.1019e+07  132  515 2.0973e+07 2.1040e+07  0.32%  69.0  420s
H14522  8689                    2.098549e+07 2.1039e+07  0.25%  69.0  547s
H14522  8254                    2.098895e+07 2.1039e+07  0.24%  69.0  547s
H14522  7841                    2.098921e+07 2.1039e+07  0.24%  69.0  547s
H14522  7449                    2.099094e+07 2.1039e+07  0.23%  69.0  547s
H14522  7076                    2.099095e+07 2.1039e+07  0.23%  69.0  547s
H14522  6722                    2.099106e+07 2.1039e+07  0.23%  69.0  547s
H14522  6386                    2.099111e+07 2.1039e+07  0.23%  69.0  547s
 14524  6388 2.1026e+07  176  487 2.0991e+07 2.1039e+07  0.23%  69.0  552s
H14527  6070                    2.099349e+07 2.1039e+07  0.21%  69.0  661s
 14529  6071 2.0996e+07  103  495 2.0993e+07 2.1039e+07  0.21%  69.0  666s
H14531  5768                    2.099352e+07 2.1038e+07  0.21%  69.0  746s
 14533  5770 2.1010e+07   43  476 2.0994e+07 2.1038e+07  0.21%  68.9  750s
 14535  5771 2.0994e+07  200  480 2.0994e+07 2.1038e+07  0.21%  68.9  831s
 14536  5772 2.1038e+07   54  471 2.0994e+07 2.1038e+07  0.21%  68.9  835s
H14538  5484                    2.099360e+07 2.1038e+07  0.21%  68.9  912s
H14538  5209                    2.099361e+07 2.1038e+07  0.21%  68.9  912s
H14538  4948                    2.099373e+07 2.1038e+07  0.21%  68.9  912s
H14538  4700                    2.099397e+07 2.1038e+07  0.21%  68.9  912s
 14540  4701 2.0994e+07   91  473 2.0994e+07 2.1038e+07  0.21%  68.9  917s
H14541  4467                    2.099521e+07 2.1038e+07  0.20%  68.9 1043s
H14541  4243                    2.099524e+07 2.1038e+07  0.20%  68.9 1043s
H14541  4030                    2.099620e+07 2.1038e+07  0.20%  68.9 1043s
H14541  3828                    2.099633e+07 2.1038e+07  0.20%  68.9 1043s
H14541  3636                    2.100227e+07 2.1038e+07  0.17%  68.9 1043s
H14541  3454                    2.100238e+07 2.1038e+07  0.17%  68.9 1043s
H14541  3281                    2.100295e+07 2.1038e+07  0.17%  68.9 1043s

Cutting planes:
  Gomory: 30
  Cover: 2
  Implied bound: 2004
  Clique: 2
  MIR: 637
  Flow cover: 866
  RLT: 24
  Relax-and-lift: 468
  BQP: 5

Explored 14541 nodes (1157321 simplex iterations) in 1043.75 seconds (1255.02 work units)
Thread count was 32 (of 192 available processors)

Solution count 10: 2.1003e+07 2.1003e+07 2.10024e+07 ... 2.09937e+07

Optimal solution found (tolerance 2.00e-03)
Best objective 2.100295201540e+07, best bound 2.103790812517e+07, gap 0.1664%
Deleted nodefile directory: /scratch-local/lbeemster.21388929/gurobi_marketDORNUM_maxh2_0.02_sub70.0_run0
Saved model snapshot to study_case_model/figures/market_experiment/run_30326/marketDORNUM/maxh2_0.02/sub70.0/run0/model_snapshot.pkl
Finished successfully!
