Gurobi shell based on Python 3.13.1 can be launched with command `gurobi.sh`
Gurobi Python Interface can be loaded in Python 3.13.1 with 'import gurobipy'
/var/spool/slurm/slurmd/job21389258/slurm_script: line 24: activate: No such file or directory
Solving model: marketDORNUM, maxh2_0.12, sub70.0, run0
Read LP format model from file /scratch-local/lbeemster.21389258/tmpjl_ccivj.pyomo.lp
Reading time = 0.56 seconds
x1: 176513 rows, 50050 columns, 1016320 nonzeros
Set parameter OutputFlag to value 1
Set parameter MIPGap to value 0.002
Set parameter Threads to value 32
Set parameter Presolve to value 1
Set parameter Cuts to value 1
Set parameter NodefileStart to value 1
Set parameter NodefileDir to value "/scratch-local/lbeemster.21389258/gurobi_marketDORNUM_maxh2_0.12_sub70.0_run0"
Set parameter MemLimit to value 60
Gurobi Optimizer version 12.0.3 build v12.0.3rc0 (linux64 - "Red Hat Enterprise Linux 9.6 (Plow)")

CPU model: AMD EPYC 9654 96-Core Processor, instruction set [SSE2|AVX|AVX2|AVX512]
Thread count: 192 physical cores, 192 logical processors, using up to 32 threads

Non-default parameters:
MemLimit  60
MIPGap  0.002
NodefileStart  1
Cuts  1
Presolve  1
Threads  32

Academic license 2514514 - for non-commercial use only - registered to l.___@student.vu.nl
Optimize a model with 176513 rows, 50050 columns and 1016320 nonzeros
Model fingerprint: 0x7ed42aef
Variable types: 39426 continuous, 10624 integer (10624 binary)
Coefficient statistics:
  Matrix range     [6e-05, 1e+05]
  Objective range  [2e+00, 3e+04]
  Bounds range     [1e+00, 1e+00]
  RHS range        [3e-01, 2e+05]
Presolve removed 36049 rows and 24694 columns
Presolve time: 3.95s
Presolved: 140464 rows, 25356 columns, 871305 nonzeros
Variable types: 19684 continuous, 5672 integer (5672 binary)
Found heuristic solution: objective 1.898351e+07
Found heuristic solution: objective 1.905799e+07
Found heuristic solution: objective 1.936013e+07

Deterministic concurrent LP optimizer: primal simplex, dual simplex, and barrier
Showing barrier log only...

Root relaxation presolved: 24168 rows, 164594 columns, 895550 nonzeros

Root barrier log...

Ordering time: 0.04s

Barrier statistics:
 Free vars  : 1920
 AA' NZ     : 5.464e+05
 Factor NZ  : 1.393e+06 (roughly 90 MB of memory)
 Factor Ops : 9.731e+07 (less than 1 second per iteration)
 Threads    : 30

                  Objective                Residual
Iter       Primal          Dual         Primal    Dual     Compl     Time
   0   1.59464900e+12  3.17722220e+06  7.59e+06 3.81e+02  1.81e+08    10s
   1   1.13831616e+12 -2.46577100e+08  4.60e+06 3.90e+03  1.16e+08    10s
   2   8.70001523e+11 -2.59753466e+08  2.90e+06 2.58e+03  7.65e+07    10s
   3   6.80260361e+11 -2.34719261e+08  1.71e+06 1.81e+03  5.10e+07    10s
   4   5.37140911e+11 -1.94384132e+08  9.62e+05 1.27e+03  3.38e+07    10s
   5   4.83601716e+11 -1.54254356e+08  7.52e+05 9.19e+02  2.51e+07    10s
   6   4.33642102e+11 -1.18787722e+08  5.93e+05 6.02e+02  1.78e+07    10s
   7   3.75635698e+11 -9.36741756e+07  4.38e+05 4.14e+02  1.27e+07    10s
   8   2.73629785e+11 -7.13726666e+07  2.36e+05 2.80e+02  7.97e+06    10s
   9   1.87703205e+11 -4.38653421e+07  1.08e+05 1.48e+02  4.18e+06    10s
  10   1.26307160e+11 -2.82503444e+07  5.24e+04 8.89e+01  2.36e+06    10s
  11   9.29220661e+10 -1.97210157e+07  3.25e+04 6.01e+01  1.53e+06    10s
  12   5.94309492e+10 -1.03844991e+07  1.64e+04 3.32e+01  8.35e+05    10s
  13   3.88101560e+10 -3.89565900e+06  9.25e+03 1.47e+01  4.25e+05    10s
  14   1.84315166e+10 -1.60649641e+06  3.50e+03 8.71e+00  1.97e+05    10s
  15   1.18488717e+10 -1.05281856e+05  2.01e+03 4.94e+00  1.14e+05    10s
  16   6.60742700e+09  6.29987168e+05  9.47e+02 3.35e+00  6.31e+04    10s
  17   3.88848591e+09  2.90599433e+06  5.04e+02 8.94e-01  2.90e+04    10s
  18   2.73386086e+09  4.22358077e+06  3.39e+02 4.82e-01  1.90e+04    10s
  19   1.49852083e+09  5.49133872e+06  1.73e+02 2.64e-01  1.01e+04    11s
  20   8.50139058e+08  6.51560182e+06  9.00e+01 1.74e-01  5.67e+03    11s
  21   3.63919837e+08  8.95850392e+06  3.35e+01 6.51e-02  2.31e+03    11s
  22   1.71877878e+08  1.19840866e+07  1.36e+01 3.10e-02  1.01e+03    11s
  23   9.25049541e+07  1.46136706e+07  5.91e+00 1.58e-02  4.82e+02    11s
  24   6.21489773e+07  1.79368426e+07  3.22e+00 6.55e-03  2.67e+02    11s
  25   3.66813617e+07  1.94210905e+07  1.03e+00 3.95e-03  1.03e+02    11s
  26   3.07779601e+07  1.97503930e+07  6.42e-01 2.71e-03  6.50e+01    11s
  27   2.82639263e+07  2.02851083e+07  4.70e-01 3.85e-03  4.67e+01    11s
  28   2.58687830e+07  2.04986120e+07  3.09e-01 2.77e-03  3.14e+01    11s
  29   2.34461776e+07  2.07066441e+07  1.47e-01 1.68e-03  1.59e+01    11s
  30   2.28909904e+07  2.08452853e+07  1.08e-01 1.06e-03  1.19e+01    11s
  31   2.18700486e+07  2.09395452e+07  4.35e-02 1.14e-03  5.38e+00    11s
  32   2.16039797e+07  2.09824394e+07  2.79e-02 8.65e-04  3.58e+00    11s

Barrier performed 32 iterations in 11.02 seconds (9.79 work units)
Barrier solve interrupted - model solved by another algorithm

Concurrent spin time: 0.43s (can be avoided by choosing Method=3)

Solved with primal simplex

Root relaxation: objective 2.113823e+07, 29485 iterations, 2.52 seconds (1.70 work units)

    Nodes    |    Current Node    |     Objective Bounds      |     Work
 Expl Unexpl |  Obj  Depth IntInf | Incumbent    BestBd   Gap | It/Node Time

     0     0 2.1138e+07    0  454 1.9360e+07 2.1138e+07  9.18%     -   12s
     0     0 2.1126e+07    0  532 1.9360e+07 2.1126e+07  9.12%     -   16s
H    0     0                    2.069741e+07 2.1126e+07  2.07%     -   17s
     0     0 2.1122e+07    0  610 2.0697e+07 2.1122e+07  2.05%     -   18s
     0     0 2.1121e+07    0  637 2.0697e+07 2.1121e+07  2.05%     -   18s
     0     0 2.1121e+07    0  628 2.0697e+07 2.1121e+07  2.05%     -   19s
     0     0 2.1121e+07    0  629 2.0697e+07 2.1121e+07  2.05%     -   19s
     0     0 2.1119e+07    0  593 2.0697e+07 2.1119e+07  2.04%     -   22s
     0     0 2.1119e+07    0  594 2.0697e+07 2.1119e+07  2.04%     -   22s
     0     0 2.1119e+07    0  600 2.0697e+07 2.1119e+07  2.04%     -   23s
     0     0 2.1119e+07    0  605 2.0697e+07 2.1119e+07  2.04%     -   23s
     0     0 2.1118e+07    0  603 2.0697e+07 2.1118e+07  2.03%     -   27s
H    0     0                    2.074681e+07 2.1118e+07  1.79%     -   29s
     0     0 2.1117e+07    0  628 2.0747e+07 2.1117e+07  1.79%     -   30s
     0     0 2.1117e+07    0  643 2.0747e+07 2.1117e+07  1.79%     -   30s
     0     0 2.1117e+07    0  645 2.0747e+07 2.1117e+07  1.79%     -   30s
     0     0 2.1117e+07    0  646 2.0747e+07 2.1117e+07  1.79%     -   30s
     0     0 2.1117e+07    0  631 2.0747e+07 2.1117e+07  1.78%     -   35s
H    0     0                    2.074764e+07 2.1117e+07  1.78%     -   36s
     0     0 2.1116e+07    0  614 2.0748e+07 2.1116e+07  1.78%     -   37s
     0     0 2.1116e+07    0  624 2.0748e+07 2.1116e+07  1.78%     -   37s
     0     0 2.1116e+07    0  631 2.0748e+07 2.1116e+07  1.78%     -   37s
     0     0 2.1116e+07    0  626 2.0748e+07 2.1116e+07  1.78%     -   37s
     0     0 2.1116e+07    0  627 2.0748e+07 2.1116e+07  1.78%     -   38s
     0     0 2.1116e+07    0  628 2.0748e+07 2.1116e+07  1.78%     -   38s
     0     0 2.1115e+07    0  512 2.0748e+07 2.1115e+07  1.77%     -   42s
     0     0 2.1115e+07    0  532 2.0748e+07 2.1115e+07  1.77%     -   43s
     0     0 2.1115e+07    0  534 2.0748e+07 2.1115e+07  1.77%     -   43s
     0     0 2.1115e+07    0  548 2.0748e+07 2.1115e+07  1.77%     -   44s
     0     0 2.1115e+07    0  552 2.0748e+07 2.1115e+07  1.77%     -   44s
     0     0 2.1115e+07    0  527 2.0748e+07 2.1115e+07  1.77%     -   47s
     0     0 2.1115e+07    0  520 2.0748e+07 2.1115e+07  1.77%     -   48s
     0     0 2.1115e+07    0  509 2.0748e+07 2.1115e+07  1.77%     -   49s
     0     0 2.1115e+07    0  508 2.0748e+07 2.1115e+07  1.77%     -   49s
     0     0 2.1114e+07    0  541 2.0748e+07 2.1114e+07  1.77%     -   52s
     0     0 2.1114e+07    0  544 2.0748e+07 2.1114e+07  1.77%     -   53s
     0     0 2.1114e+07    0  545 2.0748e+07 2.1114e+07  1.77%     -   53s
     0     0 2.1114e+07    0  542 2.0748e+07 2.1114e+07  1.77%     -   53s
     0     0 2.1114e+07    0  552 2.0748e+07 2.1114e+07  1.77%     -   54s
     0     0 2.1114e+07    0  554 2.0748e+07 2.1114e+07  1.77%     -   54s
     0     0 2.1114e+07    0  556 2.0748e+07 2.1114e+07  1.77%     -   57s
H    0     0                    2.078005e+07 2.1114e+07  1.61%     -   60s
     0     0 2.1114e+07    0  562 2.0780e+07 2.1114e+07  1.61%     -   60s
     0     0 2.1114e+07    0  561 2.0780e+07 2.1114e+07  1.61%     -   60s
     0     0 2.1114e+07    0  560 2.0780e+07 2.1114e+07  1.61%     -   61s
     0     0 2.1114e+07    0  520 2.0780e+07 2.1114e+07  1.61%     -   63s
     0     0 2.1114e+07    0  528 2.0780e+07 2.1114e+07  1.61%     -   66s
     0     0 2.1114e+07    0  530 2.0780e+07 2.1114e+07  1.61%     -   66s
     0     0 2.1114e+07    0  527 2.0780e+07 2.1114e+07  1.61%     -   66s
     0     0 2.1114e+07    0  527 2.0780e+07 2.1114e+07  1.61%     -   69s
H    0     0                    2.082687e+07 2.1114e+07  1.38%     -   78s
     0     0 2.1114e+07    0  525 2.0827e+07 2.1114e+07  1.38%     -   78s
     0     0 2.1114e+07    0  526 2.0827e+07 2.1114e+07  1.38%     -   78s
     0     0 2.1114e+07    0  534 2.0827e+07 2.1114e+07  1.38%     -   78s
     0     0 2.1113e+07    0  549 2.0827e+07 2.1113e+07  1.38%     -   81s
     0     0 2.1113e+07    0  552 2.0827e+07 2.1113e+07  1.38%     -   84s
     0     0 2.1113e+07    0  558 2.0827e+07 2.1113e+07  1.38%     -   84s
     0     0 2.1113e+07    0  558 2.0827e+07 2.1113e+07  1.38%     -   84s
     0     0 2.1113e+07    0  557 2.0827e+07 2.1113e+07  1.38%     -   85s
     0     0 2.1113e+07    0  537 2.0827e+07 2.1113e+07  1.38%     -   87s
     0     0 2.1113e+07    0  541 2.0827e+07 2.1113e+07  1.38%     -   88s
     0     0 2.1113e+07    0  532 2.0827e+07 2.1113e+07  1.38%     -   89s
     0     0 2.1113e+07    0  538 2.0827e+07 2.1113e+07  1.38%     -   89s
     0     0 2.1113e+07    0  519 2.0827e+07 2.1113e+07  1.38%     -   91s
     0     0 2.1113e+07    0  516 2.0827e+07 2.1113e+07  1.38%     -   93s
     0     0 2.1113e+07    0  512 2.0827e+07 2.1113e+07  1.38%     -   93s
     0     0 2.1113e+07    0  509 2.0827e+07 2.1113e+07  1.38%     -   93s
     0     0 2.1113e+07    0  512 2.0827e+07 2.1113e+07  1.38%     -   96s
     0     0 2.1113e+07    0  520 2.0827e+07 2.1113e+07  1.38%     -  104s
H    0     0                    2.083053e+07 2.1113e+07  1.36%     -  114s
H    0     0                    2.086920e+07 2.1113e+07  1.17%     -  116s
H    0     0                    2.093698e+07 2.1113e+07  0.84%     -  118s
H    0     0                    2.093910e+07 2.1113e+07  0.83%     -  125s
     0     2 2.1113e+07    0  520 2.0939e+07 2.1113e+07  0.83%     -  128s
    31    64 2.1113e+07    5  528 2.0939e+07 2.1113e+07  0.83%   189  130s
   238   271 2.1113e+07   10  522 2.0939e+07 2.1113e+07  0.83%  94.9  135s
H  270   303                    2.094493e+07 2.1113e+07  0.80%  90.1  138s
H  274   303                    2.095069e+07 2.1113e+07  0.77%  89.7  138s
   561   676 2.1113e+07   20  514 2.0951e+07 2.1113e+07  0.77%  68.9  140s
   917  1089 2.1113e+07   31  490 2.0951e+07 2.1113e+07  0.77%  67.0  145s
H 1292  1424                    2.095141e+07 2.1113e+07  0.77%  63.0  148s
H 1293  1424                    2.095635e+07 2.1113e+07  0.75%  63.0  148s
H 1294  1424                    2.096500e+07 2.1113e+07  0.71%  62.9  148s
H 1308  1424                    2.096954e+07 2.1113e+07  0.68%  62.7  148s
H 1402  1424                    2.097310e+07 2.1113e+07  0.67%  61.8  148s
H 1423  1456                    2.097312e+07 2.1113e+07  0.67%  61.6  152s
  1768  2232 2.1112e+07   49  469 2.0973e+07 2.1113e+07  0.67%  58.9  155s
H 2936  3319                    2.097919e+07 2.1113e+07  0.64%  53.9  159s
H 3259  3281                    2.098255e+07 2.1113e+07  0.62%  54.4  159s
  3364  3843 2.1110e+07   87  441 2.0983e+07 2.1113e+07  0.62%  54.2  160s
  4828  4652 2.1107e+07  119  431 2.0983e+07 2.1113e+07  0.62%  52.4  167s
H 4844  4652                    2.098255e+07 2.1113e+07  0.62%  52.4  167s
  5340  5516 2.1107e+07  127  431 2.0983e+07 2.1113e+07  0.62%  52.4  170s
  6687  6791 2.1103e+07  150  422 2.0983e+07 2.1113e+07  0.62%  51.4  176s
  8029  7791 2.1096e+07  175  404 2.0983e+07 2.1113e+07  0.62%  50.3  182s
  8061  7823 2.1098e+07  176  411 2.0983e+07 2.1113e+07  0.62%  50.2  186s
H 8093  7400                    2.099608e+07 2.1113e+07  0.56%  50.1  191s
H 8096  7268                    2.100453e+07 2.1113e+07  0.52%  50.1  191s
H 8112  7188                    2.101099e+07 2.1113e+07  0.48%  50.1  191s
  9083  8610 2.1095e+07  199  385 2.1011e+07 2.1113e+07  0.48%  49.7  196s
H 9652  8785                    2.101174e+07 2.1113e+07  0.48%  49.3  198s
  9811  8817 2.1093e+07  210  390 2.1012e+07 2.1113e+07  0.48%  49.2  202s
  9843  8872 2.1093e+07  211  396 2.1012e+07 2.1113e+07  0.48%  49.2  206s
H 9848  8839                    2.101345e+07 2.1113e+07  0.47%  49.2  206s
  9898  8956 2.1092e+07  212  396 2.1013e+07 2.1113e+07  0.47%  49.2  210s
 11242 10596 2.1090e+07  243  388 2.1013e+07 2.1113e+07  0.47%  47.9  216s
H11280 10591                    2.101371e+07 2.1113e+07  0.47%  47.9  216s
H11314 10591                    2.101371e+07 2.1113e+07  0.47%  47.9  216s
H11670 10591                    2.101372e+07 2.1113e+07  0.47%  47.6  216s
 13168 12668 2.1087e+07  286  352 2.1014e+07 2.1113e+07  0.47%  46.5  222s
H13194 12666                    2.101375e+07 2.1113e+07  0.47%  46.5  222s
H13320 12665                    2.101377e+07 2.1113e+07  0.47%  46.5  222s
H14652 13141                    2.102019e+07 2.1113e+07  0.44%  45.9  250s
H14652 12194                    2.104626e+07 2.1113e+07  0.32%  45.9  252s
H14652 12052                    2.104879e+07 2.1113e+07  0.30%  45.9  254s
H14652 11891                    2.105135e+07 2.1113e+07  0.29%  45.9  259s
 14653 11856 2.1093e+07   90  520 2.1051e+07 2.1113e+07  0.29%  45.9  288s
 14655 11857 2.1092e+07  252  420 2.1051e+07 2.1113e+07  0.29%  45.9  343s
 14656 11858 2.1096e+07  215  466 2.1051e+07 2.1113e+07  0.29%  45.9  351s
 14657 11859 2.1092e+07  277  468 2.1051e+07 2.1112e+07  0.29%  45.9  357s
 14658 11859 2.1095e+07  135  481 2.1051e+07 2.1112e+07  0.29%  45.9  360s
 14662 11862 2.1111e+07   39  493 2.1051e+07 2.1111e+07  0.28%  45.9  365s
 14666 11865 2.1100e+07   98  472 2.1051e+07 2.1111e+07  0.28%  45.9  432s
H14666 11271                    2.105140e+07 2.1111e+07  0.28%  45.9  432s
 14667 11271 2.1102e+07  121  414 2.1051e+07 2.1111e+07  0.28%  45.9  436s
H14671 10710                    2.105237e+07 2.1110e+07  0.27%  45.9  554s
H14671 10174                    2.105535e+07 2.1110e+07  0.26%  45.9  554s
H14671  9665                    2.105677e+07 2.1110e+07  0.25%  45.9  554s
H14671  9182                    2.106509e+07 2.1110e+07  0.21%  45.9  554s
 14673  9183 2.1099e+07  120  411 2.1065e+07 2.1110e+07  0.21%  45.8  558s
 14674  9184 2.1086e+07  233  445 2.1065e+07 2.1110e+07  0.21%  45.8  560s
 14678  9187 2.1110e+07   68  440 2.1065e+07 2.1110e+07  0.21%  45.8  600s
H14682  8729                    2.106757e+07 2.1110e+07  0.20%  45.8  661s
H14682  8292                    2.106891e+07 2.1110e+07  0.19%  45.8  661s
H14682  7877                    2.107076e+07 2.1110e+07  0.19%  45.8  661s
H14682  7482                    2.107143e+07 2.1110e+07  0.18%  45.8  661s
H14682  7108                    2.107255e+07 2.1110e+07  0.18%  45.8  661s
H14682  6752                    2.107368e+07 2.1110e+07  0.17%  45.8  661s
H14682  6414                    2.107446e+07 2.1110e+07  0.17%  45.8  661s

Cutting planes:
  Gomory: 25
  Cover: 9
  Implied bound: 1106
  Clique: 1
  MIR: 829
  Flow cover: 976
  GUB cover: 1
  RLT: 5
  Relax-and-lift: 426

Explored 14682 nodes (801434 simplex iterations) in 661.71 seconds (717.42 work units)
Thread count was 32 (of 192 available processors)

Solution count 10: 2.10745e+07 2.10745e+07 2.10737e+07 ... 2.10568e+07

Optimal solution found (tolerance 2.00e-03)
Best objective 2.107445887021e+07, best bound 2.110986774230e+07, gap 0.1680%
Deleted nodefile directory: /scratch-local/lbeemster.21389258/gurobi_marketDORNUM_maxh2_0.12_sub70.0_run0
Saved model snapshot to study_case_model/figures/market_experiment/run_30326/marketDORNUM/maxh2_0.12/sub70.0/run0/model_snapshot.pkl
Finished successfully!
