Gurobi shell based on Python 3.13.1 can be launched with command `gurobi.sh`
Gurobi Python Interface can be loaded in Python 3.13.1 with 'import gurobipy'
/var/spool/slurm/slurmd/job21396783/slurm_script: line 24: activate: No such file or directory
Solving model: marketEMDEN, maxh2_0.04, sub70.0, run1
Read LP format model from file /scratch-local/lbeemster.21396783/tmpiusvp0ns.pyomo.lp
Reading time = 0.59 seconds
x1: 176513 rows, 50050 columns, 1016320 nonzeros
Set parameter OutputFlag to value 1
Set parameter MIPGap to value 0.002
Set parameter Threads to value 32
Set parameter Presolve to value 1
Set parameter Cuts to value 1
Set parameter NodefileStart to value 1
Set parameter NodefileDir to value "/scratch-local/lbeemster.21396783/gurobi_marketEMDEN_maxh2_0.04_sub70.0_run1"
Set parameter MemLimit to value 60
Gurobi Optimizer version 12.0.3 build v12.0.3rc0 (linux64 - "Red Hat Enterprise Linux 9.6 (Plow)")

CPU model: AMD EPYC 9654 96-Core Processor, instruction set [SSE2|AVX|AVX2|AVX512]
Thread count: 192 physical cores, 192 logical processors, using up to 32 threads

Non-default parameters:
MemLimit  60
MIPGap  0.002
NodefileStart  1
Cuts  1
Presolve  1
Threads  32

Academic license 2514514 - for non-commercial use only - registered to l.___@student.vu.nl
Optimize a model with 176513 rows, 50050 columns and 1016320 nonzeros
Model fingerprint: 0x0f7eb30c
Variable types: 39426 continuous, 10624 integer (10624 binary)
Coefficient statistics:
  Matrix range     [6e-05, 1e+05]
  Objective range  [2e+00, 3e+04]
  Bounds range     [1e+00, 1e+00]
  RHS range        [3e-01, 2e+05]
Presolve removed 36265 rows and 24246 columns
Presolve time: 3.27s
Presolved: 140248 rows, 25804 columns, 850627 nonzeros
Variable types: 20020 continuous, 5784 integer (5784 binary)

Deterministic concurrent LP optimizer: primal simplex, dual simplex, and barrier
Showing barrier log only...

Root relaxation presolved: 24437 rows, 164446 columns, 875354 nonzeros

Root barrier log...

Ordering time: 0.05s

Barrier statistics:
 Dense cols : 9
 Free vars  : 1920
 AA' NZ     : 5.574e+05
 Factor NZ  : 1.401e+06 (roughly 90 MB of memory)
 Factor Ops : 9.826e+07 (less than 1 second per iteration)
 Threads    : 29

                  Objective                Residual
Iter       Primal          Dual         Primal    Dual     Compl     Time
   0   1.57111662e+12  3.02509743e+06  7.93e+06 3.25e+02  1.70e+08     5s
   1   1.08462626e+12 -2.37774455e+08  4.51e+06 3.61e+03  1.06e+08     5s
   2   7.72110518e+11 -2.48198571e+08  2.38e+06 2.47e+03  6.69e+07     5s
   3   5.54478429e+11 -2.02371274e+08  1.05e+06 1.66e+03  4.01e+07     5s
   4   4.54562558e+11 -1.55238238e+08  6.33e+05 1.04e+03  2.53e+07     5s
   5   3.84057857e+11 -1.22866062e+08  4.23e+05 6.90e+02  1.68e+07     5s
   6   3.35794019e+11 -9.51281066e+07  3.27e+05 4.72e+02  1.20e+07     5s
   7   2.42501055e+11 -6.61643027e+07  1.60e+05 3.08e+02  7.38e+06     5s
   8   2.08798580e+11 -4.05148193e+07  1.21e+05 1.80e+02  4.76e+06     5s
   9   1.38106414e+11 -1.82738542e+07  5.70e+04 8.01e+01  2.26e+06     5s
  10   1.13731045e+11 -1.27353976e+07  4.20e+04 5.64e+01  1.64e+06     5s
  11   6.55780255e+10 -7.52189020e+06  1.90e+04 3.60e+01  9.19e+05     5s
  12   4.30529016e+10 -5.02932802e+06  1.02e+04 2.62e+01  5.84e+05     5s
  13   2.70836386e+10 -1.67051551e+06  5.15e+03 1.30e+01  3.05e+05     5s
  14   1.65271068e+10  2.32870103e+05  2.70e+03 5.96e+00  1.56e+05     5s
  15   6.68925001e+09  9.97051763e+05  8.00e+02 3.51e+00  6.48e+04     6s
  16   3.69915807e+09  2.51510034e+06  3.90e+02 1.30e+00  3.00e+04     6s
  17   2.42324742e+09  4.58664264e+06  2.37e+02 5.95e-01  1.75e+04     6s
  18   2.23480426e+09  5.88703518e+06  2.17e+02 3.65e-01  1.50e+04     6s
  19   1.01770995e+09  8.44048891e+06  9.03e+01 1.36e-01  6.47e+03     6s
  20   3.92297823e+08  9.97269032e+06  3.00e+01 7.02e-02  2.42e+03     6s
  21   1.50668278e+08  1.33143888e+07  9.29e+00 2.37e-02  8.47e+02     6s
  22   1.00299292e+08  1.65487996e+07  5.44e+00 1.22e-02  5.06e+02     6s
  23   4.88742597e+07  1.91161525e+07  1.59e+00 6.44e-03  1.76e+02     6s
  24   3.94031124e+07  2.00514350e+07  9.90e-01 4.28e-03  1.14e+02     6s
  25   2.95697014e+07  2.04299864e+07  4.34e-01 1.96e-03  5.32e+01     6s
  26   2.64527805e+07  2.07718687e+07  2.59e-01 2.11e-03  3.29e+01     6s

Barrier performed 26 iterations in 6.05 seconds (5.61 work units)
Barrier solve interrupted - model solved by another algorithm

Concurrent spin time: 0.44s (can be avoided by choosing Method=3)

Solved with primal simplex

Root relaxation: objective 2.163885e+07, 24480 iterations, 2.10 seconds (1.72 work units)

    Nodes    |    Current Node    |     Objective Bounds      |     Work
 Expl Unexpl |  Obj  Depth IntInf | Incumbent    BestBd   Gap | It/Node Time

     0     0 2.1639e+07    0  442          - 2.1639e+07      -     -    7s
H    0     0                    2.065145e+07 2.1639e+07  4.78%     -    9s
     0     0 2.1633e+07    0  590 2.0651e+07 2.1633e+07  4.75%     -   14s
H    0     0                    2.114531e+07 2.1633e+07  2.31%     -   15s
     0     0 2.1628e+07    0  640 2.1145e+07 2.1628e+07  2.28%     -   16s
     0     0 2.1628e+07    0  651 2.1145e+07 2.1628e+07  2.28%     -   16s
     0     0 2.1628e+07    0  656 2.1145e+07 2.1628e+07  2.28%     -   16s
     0     0 2.1628e+07    0  656 2.1145e+07 2.1628e+07  2.28%     -   17s
     0     0 2.1622e+07    0  659 2.1145e+07 2.1622e+07  2.25%     -   20s
     0     0 2.1621e+07    0  699 2.1145e+07 2.1621e+07  2.25%     -   23s
     0     0 2.1621e+07    0  709 2.1145e+07 2.1621e+07  2.25%     -   24s
     0     0 2.1621e+07    0  718 2.1145e+07 2.1621e+07  2.25%     -   24s
     0     0 2.1619e+07    0  741 2.1145e+07 2.1619e+07  2.24%     -   29s
H    0     0                    2.134250e+07 2.1619e+07  1.30%     -   31s
     0     0 2.1618e+07    0  771 2.1342e+07 2.1618e+07  1.29%     -   32s
     0     0 2.1618e+07    0  787 2.1342e+07 2.1618e+07  1.29%     -   32s
     0     0 2.1618e+07    0  791 2.1342e+07 2.1618e+07  1.29%     -   33s
     0     0 2.1618e+07    0  804 2.1342e+07 2.1618e+07  1.29%     -   33s
     0     0 2.1618e+07    0  801 2.1342e+07 2.1618e+07  1.29%     -   33s
     0     0 2.1617e+07    0  825 2.1342e+07 2.1617e+07  1.29%     -   38s
H    0     0                    2.136990e+07 2.1617e+07  1.16%     -   40s
     0     0 2.1616e+07    0  808 2.1370e+07 2.1616e+07  1.15%     -   41s
     0     0 2.1616e+07    0  822 2.1370e+07 2.1616e+07  1.15%     -   41s
     0     0 2.1616e+07    0  819 2.1370e+07 2.1616e+07  1.15%     -   41s
     0     0 2.1616e+07    0  819 2.1370e+07 2.1616e+07  1.15%     -   42s
     0     0 2.1616e+07    0  821 2.1370e+07 2.1616e+07  1.15%     -   42s
     0     0 2.1614e+07    0  664 2.1370e+07 2.1614e+07  1.14%     -   46s
H    0     0                    2.139317e+07 2.1614e+07  1.03%     -   48s
     0     0 2.1614e+07    0  709 2.1393e+07 2.1614e+07  1.03%     -   49s
     0     0 2.1614e+07    0  722 2.1393e+07 2.1614e+07  1.03%     -   49s
     0     0 2.1614e+07    0  727 2.1393e+07 2.1614e+07  1.03%     -   49s
     0     0 2.1613e+07    0  729 2.1393e+07 2.1613e+07  1.03%     -   52s
     0     0 2.1613e+07    0  730 2.1393e+07 2.1613e+07  1.03%     -   55s
     0     0 2.1613e+07    0  731 2.1393e+07 2.1613e+07  1.03%     -   55s
     0     0 2.1613e+07    0  740 2.1393e+07 2.1613e+07  1.03%     -   55s
     0     0 2.1613e+07    0  740 2.1393e+07 2.1613e+07  1.03%     -   56s
     0     0 2.1612e+07    0  757 2.1393e+07 2.1612e+07  1.02%     -   59s
     0     0 2.1612e+07    0  744 2.1393e+07 2.1612e+07  1.02%     -   60s
     0     0 2.1612e+07    0  755 2.1393e+07 2.1612e+07  1.02%     -   61s
     0     0 2.1612e+07    0  757 2.1393e+07 2.1612e+07  1.02%     -   61s
     0     0 2.1612e+07    0  710 2.1393e+07 2.1612e+07  1.02%     -   64s
     0     0 2.1612e+07    0  736 2.1393e+07 2.1612e+07  1.02%     -   69s
     0     0 2.1612e+07    0  738 2.1393e+07 2.1612e+07  1.02%     -   69s
     0     0 2.1612e+07    0  742 2.1393e+07 2.1612e+07  1.02%     -   69s
     0     0 2.1612e+07    0  744 2.1393e+07 2.1612e+07  1.02%     -   69s
     0     0 2.1612e+07    0  726 2.1393e+07 2.1612e+07  1.02%     -   72s
H    0     0                    2.140472e+07 2.1612e+07  0.97%     -   74s
     0     0 2.1612e+07    0  739 2.1405e+07 2.1612e+07  0.97%     -   74s
     0     0 2.1612e+07    0  744 2.1405e+07 2.1612e+07  0.97%     -   74s
     0     0 2.1612e+07    0  740 2.1405e+07 2.1612e+07  0.97%     -   74s
H    0     0                    2.140497e+07 2.1612e+07  0.97%     -   77s
     0     0 2.1612e+07    0  735 2.1405e+07 2.1612e+07  0.97%     -   77s
     0     0 2.1612e+07    0  721 2.1405e+07 2.1612e+07  0.96%     -   78s
     0     0 2.1612e+07    0  736 2.1405e+07 2.1612e+07  0.96%     -   78s
     0     0 2.1611e+07    0  725 2.1405e+07 2.1611e+07  0.96%     -   81s
H    0     0                    2.144401e+07 2.1611e+07  0.78%     -   91s
     0     0 2.1611e+07    0  725 2.1444e+07 2.1611e+07  0.78%     -   93s
H    0     0                    2.145073e+07 2.1611e+07  0.75%     -  106s
     0     2 2.1611e+07    0  725 2.1451e+07 2.1611e+07  0.75%     -  108s
    15    32 2.1611e+07    4  736 2.1451e+07 2.1611e+07  0.75%   360  110s
H   63    96                    2.146689e+07 2.1611e+07  0.67%   216  115s
H   70    96                    2.146700e+07 2.1611e+07  0.67%   206  115s
   496   836 2.1611e+07   16  724 2.1467e+07 2.1611e+07  0.67%   129  120s
H  949  1077                    2.146825e+07 2.1611e+07  0.67%   110  124s
H  973  1077                    2.147131e+07 2.1611e+07  0.65%   110  124s
  1076  1109 2.1592e+07   33  675 2.1471e+07 2.1611e+07  0.65%   108  133s
H 1077  1109                    2.147440e+07 2.1611e+07  0.64%   108  133s
H 1078  1109                    2.147668e+07 2.1611e+07  0.63%   108  133s
H 1083  1109                    2.147672e+07 2.1611e+07  0.63%   108  133s
H 1107  1109                    2.147816e+07 2.1611e+07  0.62%   108  133s
  1108  1720 2.1609e+07   33  677 2.1478e+07 2.1611e+07  0.62%   108  138s
  1719  2442 2.1606e+07   46  632 2.1478e+07 2.1611e+07  0.62%   103  141s
  2441  2925 2.1604e+07   63  621 2.1478e+07 2.1611e+07  0.62%  90.6  147s
H 2521  2925                    2.148467e+07 2.1611e+07  0.59%  89.6  147s
H 2624  2925                    2.148871e+07 2.1611e+07  0.57%  88.7  147s
  2924  3232 2.1602e+07   80  614 2.1489e+07 2.1611e+07  0.57%  85.7  153s
H 3225  3179                    2.150146e+07 2.1611e+07  0.51%  83.1  153s
  3246  4327 2.1602e+07   81  608 2.1501e+07 2.1611e+07  0.51%  83.0  157s
  4430  5015 2.1599e+07  118  566 2.1501e+07 2.1611e+07  0.51%  76.6  161s
H 4456  4883                    2.151063e+07 2.1611e+07  0.47%  76.6  161s
H 4522  4880                    2.151154e+07 2.1611e+07  0.46%  76.4  161s
H 4542  4861                    2.151338e+07 2.1611e+07  0.46%  76.3  161s
H 4676  4843                    2.151476e+07 2.1611e+07  0.45%  75.4  161s
  6117  6106 2.1593e+07  155  499 2.1515e+07 2.1611e+07  0.45%  72.1  168s
  6513  6975 2.1594e+07  172  467 2.1515e+07 2.1611e+07  0.45%  73.0  171s
  7422  7007 2.1590e+07  190  433 2.1515e+07 2.1611e+07  0.45%  71.7  179s
  7454  7039 2.1593e+07  191  439 2.1515e+07 2.1611e+07  0.45%  71.8  182s
H 7459  6782                    2.152258e+07 2.1611e+07  0.41%  71.8  182s
H 7468  6754                    2.152356e+07 2.1611e+07  0.41%  71.8  182s
  7486  7486 2.1591e+07  191  437 2.1524e+07 2.1611e+07  0.41%  71.9  185s
  9023  8885 2.1590e+07  236  401 2.1524e+07 2.1611e+07  0.41%  72.3  191s
 10604  9834 2.1588e+07  281  360 2.1524e+07 2.1611e+07  0.41%  69.7  200s
H10636  9731                    2.152827e+07 2.1611e+07  0.39%  69.7  203s
H10653  9692                    2.152930e+07 2.1611e+07  0.38%  69.8  203s
 10668 10197 2.1588e+07  282  361 2.1529e+07 2.1611e+07  0.38%  69.8  207s
 11177 11126 2.1586e+07  291  360 2.1529e+07 2.1611e+07  0.38%  69.4  210s
H12128 11243                    2.153212e+07 2.1611e+07  0.37%  67.9  215s
 13109 12625 2.1582e+07  345  298 2.1532e+07 2.1611e+07  0.37%  67.7  220s
H14584 13372                    2.153213e+07 2.1611e+07  0.37%  67.7  230s
H14584 13370                    2.153213e+07 2.1611e+07  0.37%  67.7  234s
 14585 13371 2.1586e+07  270  725 2.1532e+07 2.1611e+07  0.37%  67.7  268s
H14586 12703                    2.153380e+07 2.1611e+07  0.36%  67.7  334s
 14588 12704 2.1568e+07  131  481 2.1534e+07 2.1610e+07  0.35%  67.7  343s
H14588 12069                    2.153381e+07 2.1610e+07  0.35%  67.7  343s
H14588 11465                    2.153381e+07 2.1610e+07  0.35%  67.7  343s
 14589 11466 2.1556e+07  152  516 2.1534e+07 2.1610e+07  0.35%  67.7  347s
 14590 11466 2.1582e+07  301  551 2.1534e+07 2.1609e+07  0.35%  67.7  351s
 14591 11467 2.1601e+07   93  613 2.1534e+07 2.1607e+07  0.34%  67.7  355s
 14596 11470 2.1596e+07  142  577 2.1534e+07 2.1607e+07  0.34%  67.6  360s
H14598 10898                    2.153710e+07 2.1607e+07  0.32%  67.6  435s
H14598 10353                    2.153759e+07 2.1607e+07  0.32%  67.6  435s
H14598  9835                    2.153903e+07 2.1607e+07  0.32%  67.6  435s
H14598  9343                    2.153924e+07 2.1607e+07  0.31%  67.6  435s
H14598  8876                    2.154376e+07 2.1607e+07  0.29%  67.6  435s
H14598  8432                    2.154602e+07 2.1607e+07  0.28%  67.6  435s
H14598  8010                    2.155999e+07 2.1607e+07  0.22%  67.6  435s
 14601  8012 2.1590e+07  145  574 2.1560e+07 2.1607e+07  0.22%  67.6  440s
 14604  8014 2.1593e+07  190  573 2.1560e+07 2.1607e+07  0.22%  67.6  500s
 14606  8015 2.1560e+07  195  577 2.1560e+07 2.1606e+07  0.21%  67.6  505s
H14608  7615                    2.156487e+07 2.1606e+07  0.19%  67.6  551s

Cutting planes:
  Gomory: 31
  Cover: 4
  Implied bound: 983
  MIR: 838
  Flow cover: 1057
  GUB cover: 1
  RLT: 9
  Relax-and-lift: 632
  BQP: 1

Explored 14608 nodes (1125912 simplex iterations) in 551.95 seconds (664.98 work units)
Thread count was 32 (of 192 available processors)

Solution count 10: 2.15649e+07 2.15649e+07 2.156e+07 ... 2.15338e+07

Optimal solution found (tolerance 2.00e-03)
Best objective 2.156486985856e+07, best bound 2.160613084585e+07, gap 0.1913%
Deleted nodefile directory: /scratch-local/lbeemster.21396783/gurobi_marketEMDEN_maxh2_0.04_sub70.0_run1
Saved model snapshot to study_case_model/figures/market_experiment/run_30326/marketEMDEN/maxh2_0.04/sub70.0/run1/model_snapshot.pkl
Finished successfully!
