Gurobi shell based on Python 3.13.1 can be launched with command `gurobi.sh`
Gurobi Python Interface can be loaded in Python 3.13.1 with 'import gurobipy'
/var/spool/slurm/slurmd/job21386948/slurm_script: line 24: activate: No such file or directory
Solving model: marketEASINGTON, maxh2_0.12, sub40.0, run0
Read LP format model from file /scratch-local/lbeemster.21386948/tmpoqxmulz1.pyomo.lp
Reading time = 0.65 seconds
x1: 176513 rows, 50050 columns, 1016320 nonzeros
Set parameter OutputFlag to value 1
Set parameter MIPGap to value 0.002
Set parameter Threads to value 32
Set parameter Presolve to value 1
Set parameter Cuts to value 1
Set parameter NodefileStart to value 1
Set parameter NodefileDir to value "/scratch-local/lbeemster.21386948/gurobi_marketEASINGTON_maxh2_0.12_sub40.0_run0"
Set parameter MemLimit to value 60
Gurobi Optimizer version 12.0.3 build v12.0.3rc0 (linux64 - "Red Hat Enterprise Linux 9.6 (Plow)")

CPU model: AMD EPYC 9654 96-Core Processor, instruction set [SSE2|AVX|AVX2|AVX512]
Thread count: 192 physical cores, 192 logical processors, using up to 32 threads

Non-default parameters:
MemLimit  60
MIPGap  0.002
NodefileStart  1
Cuts  1
Presolve  1
Threads  32

Academic license 2514514 - for non-commercial use only - registered to l.___@student.vu.nl
Optimize a model with 176513 rows, 50050 columns and 1016320 nonzeros
Model fingerprint: 0x95e4bd32
Variable types: 39426 continuous, 10624 integer (10624 binary)
Coefficient statistics:
  Matrix range     [6e-05, 1e+05]
  Objective range  [2e+00, 3e+04]
  Bounds range     [1e+00, 1e+00]
  RHS range        [3e-01, 2e+05]
Presolve removed 35137 rows and 24662 columns
Presolve time: 4.05s
Presolved: 141376 rows, 25388 columns, 902709 nonzeros
Variable types: 19708 continuous, 5680 integer (5680 binary)
Found heuristic solution: objective 1.880593e+07
Found heuristic solution: objective 1.886827e+07
Found heuristic solution: objective 1.921451e+07

Deterministic concurrent LP optimizer: primal simplex, dual simplex, and barrier
Showing barrier log only...

Root relaxation presolved: 24172 rows, 165534 columns, 926974 nonzeros

Root barrier log...

Ordering time: 0.04s

Barrier statistics:
 Free vars  : 1920
 AA' NZ     : 5.483e+05
 Factor NZ  : 1.393e+06 (roughly 90 MB of memory)
 Factor Ops : 9.739e+07 (less than 1 second per iteration)
 Threads    : 30

                  Objective                Residual
Iter       Primal          Dual         Primal    Dual     Compl     Time
   0   1.60884864e+12  2.90647600e+06  7.52e+06 3.81e+02  1.79e+08    10s
   1   1.13643663e+12 -2.14721435e+08  4.49e+06 3.91e+03  1.15e+08    10s
   2   8.36258740e+11 -2.20735357e+08  2.56e+06 2.65e+03  7.40e+07    10s
   3   5.83849044e+11 -1.76169576e+08  9.79e+05 1.73e+03  4.24e+07    10s
   4   5.02427359e+11 -1.19913434e+08  6.66e+05 1.01e+03  2.60e+07    10s
   5   4.37076783e+11 -1.06824921e+08  4.82e+05 8.55e+02  2.12e+07    10s
   6   3.91341820e+11 -7.40074035e+07  3.77e+05 5.08e+02  1.39e+07    10s
   7   3.43580421e+11 -6.08183180e+07  2.95e+05 3.85e+02  1.08e+07    10s
   8   2.61426905e+11 -4.42189352e+07  1.75e+05 2.53e+02  6.86e+06    10s
   9   2.07662698e+11 -2.98824343e+07  1.16e+05 1.60e+02  4.48e+06    10s
  10   1.60529578e+11 -1.84814047e+07  7.70e+04 9.74e+01  2.88e+06    10s
  11   1.22786743e+11 -1.01173470e+07  5.09e+04 5.71e+01  1.81e+06    10s
  12   8.45596729e+10 -6.94391832e+06  3.00e+04 4.15e+01  1.20e+06    10s
  13   4.96752803e+10 -3.94757797e+06  1.46e+04 2.69e+01  6.76e+05    11s
  14   3.30812981e+10 -1.91966191e+06  7.86e+03 1.76e+01  4.07e+05    11s
  15   1.91382412e+10  4.59281452e+05  3.82e+03 6.37e+00  1.80e+05    11s
  16   1.15233435e+10  1.16612599e+06  2.10e+03 2.92e+00  9.54e+04    11s
  17   5.51409640e+09  1.54721637e+06  8.72e+02 1.54e+00  4.40e+04    11s
  18   3.74915696e+09  2.74324807e+06  5.62e+02 7.26e-01  2.73e+04    11s
  19   2.39096309e+09  4.05432340e+06  3.33e+02 3.92e-01  1.64e+04    11s
  20   1.88663098e+09  5.19498524e+06  2.58e+02 2.25e-01  1.24e+04    11s
  21   6.50842518e+08  6.93819644e+06  7.80e+01 8.84e-02  4.15e+03    11s
  22   2.87077186e+08  8.67835004e+06  3.02e+01 4.31e-02  1.76e+03    11s
  23   1.65876368e+08  1.18076188e+07  1.59e+01 1.73e-02  9.46e+02    11s
  24   1.02995201e+08  1.40358344e+07  8.54e+00 1.10e-02  5.38e+02    11s
  25   6.53820926e+07  1.70421140e+07  4.40e+00 6.08e-03  2.89e+02    11s
  26   4.66082526e+07  1.86928047e+07  2.33e+00 3.67e-03  1.65e+02    11s
  27   3.69862391e+07  1.94788046e+07  1.40e+00 1.84e-03  1.03e+02    11s
  28   3.15502282e+07  1.99197245e+07  9.27e-01 3.16e-03  6.83e+01    11s
  29   2.81503903e+07  2.02815592e+07  6.24e-01 4.43e-03  4.61e+01    11s
  30   2.52867446e+07  2.04959173e+07  3.62e-01 2.48e-03  2.80e+01    11s
  31   2.29671494e+07  2.07005848e+07  1.64e-01 1.30e-03  1.32e+01    11s
  32   2.21060302e+07  2.07753194e+07  9.34e-02 8.56e-04  7.73e+00    11s
  33   2.16353241e+07  2.08305136e+07  5.58e-02 4.48e-04  4.67e+00    11s
  34   2.12736295e+07  2.08425032e+07  2.75e-02 4.14e-04  2.49e+00    11s
  35   2.11365672e+07  2.08737435e+07  1.63e-02 5.02e-04  1.52e+00    11s

Barrier performed 35 iterations in 11.48 seconds (10.09 work units)
Barrier solve interrupted - model solved by another algorithm

Concurrent spin time: 0.05s

Solved with primal simplex

Root relaxation: objective 2.094865e+07, 34627 iterations, 2.53 seconds (2.08 work units)

    Nodes    |    Current Node    |     Objective Bounds      |     Work
 Expl Unexpl |  Obj  Depth IntInf | Incumbent    BestBd   Gap | It/Node Time

     0     0 2.0949e+07    0  433 1.9215e+07 2.0949e+07  9.03%     -   13s
     0     0 2.0936e+07    0  455 1.9215e+07 2.0936e+07  8.96%     -   17s
H    0     0                    2.061207e+07 2.0935e+07  1.57%     -   18s
     0     0 2.0932e+07    0  497 2.0612e+07 2.0932e+07  1.55%     -   18s
     0     0 2.0932e+07    0  496 2.0612e+07 2.0932e+07  1.55%     -   19s
     0     0 2.0932e+07    0  498 2.0612e+07 2.0932e+07  1.55%     -   19s
     0     0 2.0932e+07    0  498 2.0612e+07 2.0932e+07  1.55%     -   19s
     0     0 2.0930e+07    0  544 2.0612e+07 2.0930e+07  1.54%     -   22s
     0     0 2.0930e+07    0  549 2.0612e+07 2.0930e+07  1.54%     -   23s
     0     0 2.0930e+07    0  558 2.0612e+07 2.0930e+07  1.54%     -   23s
     0     0 2.0930e+07    0  510 2.0612e+07 2.0930e+07  1.54%     -   26s
H    0     0                    2.064755e+07 2.0930e+07  1.37%     -   29s
     0     0 2.0930e+07    0  519 2.0648e+07 2.0930e+07  1.37%     -   29s
     0     0 2.0930e+07    0  517 2.0648e+07 2.0930e+07  1.37%     -   29s
     0     0 2.0930e+07    0  521 2.0648e+07 2.0930e+07  1.37%     -   29s
     0     0 2.0929e+07    0  563 2.0648e+07 2.0929e+07  1.37%     -   33s
     0     0 2.0929e+07    0  563 2.0648e+07 2.0929e+07  1.37%     -   33s
     0     0 2.0929e+07    0  559 2.0648e+07 2.0929e+07  1.37%     -   35s
     0     0 2.0929e+07    0  569 2.0648e+07 2.0929e+07  1.36%     -   35s
     0     0 2.0929e+07    0  572 2.0648e+07 2.0929e+07  1.36%     -   35s
     0     0 2.0929e+07    0  571 2.0648e+07 2.0929e+07  1.36%     -   36s
     0     0 2.0929e+07    0  502 2.0648e+07 2.0929e+07  1.36%     -   39s
     0     0 2.0929e+07    0  538 2.0648e+07 2.0929e+07  1.36%     -   41s
     0     0 2.0929e+07    0  537 2.0648e+07 2.0929e+07  1.36%     -   41s
     0     0 2.0929e+07    0  540 2.0648e+07 2.0929e+07  1.36%     -   41s
     0     0 2.0929e+07    0  518 2.0648e+07 2.0929e+07  1.36%     -   44s
H    0     0                    2.066244e+07 2.0929e+07  1.29%     -   49s
     0     0 2.0929e+07    0  527 2.0662e+07 2.0929e+07  1.29%     -   49s
     0     0 2.0929e+07    0  527 2.0662e+07 2.0929e+07  1.29%     -   49s
     0     0 2.0929e+07    0  530 2.0662e+07 2.0929e+07  1.29%     -   49s
     0     0 2.0929e+07    0  512 2.0662e+07 2.0929e+07  1.29%     -   52s
     0     0 2.0929e+07    0  502 2.0662e+07 2.0929e+07  1.29%     -   54s
     0     0 2.0929e+07    0  501 2.0662e+07 2.0929e+07  1.29%     -   54s
     0     0 2.0929e+07    0  513 2.0662e+07 2.0929e+07  1.29%     -   54s
     0     0 2.0929e+07    0  500 2.0662e+07 2.0929e+07  1.29%     -   57s
     0     0 2.0929e+07    0  495 2.0662e+07 2.0929e+07  1.29%     -   58s
     0     0 2.0929e+07    0  512 2.0662e+07 2.0929e+07  1.29%     -   58s
     0     0 2.0929e+07    0  482 2.0662e+07 2.0929e+07  1.29%     -   60s
     0     0 2.0929e+07    0  492 2.0662e+07 2.0929e+07  1.29%     -   62s
     0     0 2.0928e+07    0  484 2.0662e+07 2.0928e+07  1.29%     -   62s
     0     0 2.0928e+07    0  485 2.0662e+07 2.0928e+07  1.29%     -   65s
     0     0 2.0928e+07    0  470 2.0662e+07 2.0928e+07  1.29%     -   66s
     0     0 2.0928e+07    0  478 2.0662e+07 2.0928e+07  1.29%     -   66s
     0     0 2.0928e+07    0  487 2.0662e+07 2.0928e+07  1.29%     -   69s
     0     0 2.0928e+07    0  493 2.0662e+07 2.0928e+07  1.29%     -   70s
     0     0 2.0928e+07    0  491 2.0662e+07 2.0928e+07  1.29%     -   70s
     0     0 2.0928e+07    0  493 2.0662e+07 2.0928e+07  1.29%     -   71s
     0     0 2.0928e+07    0  481 2.0662e+07 2.0928e+07  1.29%     -   73s
     0     0 2.0928e+07    0  481 2.0662e+07 2.0928e+07  1.29%     -   81s
H    0     0                    2.076163e+07 2.0928e+07  0.80%     -   90s
H    0     0                    2.076484e+07 2.0928e+07  0.79%     -   92s
H    0     0                    2.077157e+07 2.0928e+07  0.75%     -   98s
H    0     0                    2.077865e+07 2.0928e+07  0.72%     -   98s
H    0     2                    2.079439e+07 2.0928e+07  0.64%     -  114s
     0     2 2.0928e+07    0  481 2.0794e+07 2.0928e+07  0.64%     -  114s
    12    16 2.0913e+07    3  465 2.0794e+07 2.0928e+07  0.64%   211  115s
    31    64 2.0928e+07    5  475 2.0794e+07 2.0928e+07  0.64%   174  124s
    63    96 2.0928e+07    6  482 2.0794e+07 2.0928e+07  0.64%   820  126s
   619   683 2.0928e+07   21  475 2.0794e+07 2.0928e+07  0.64%   132  130s
H  717   764                    2.079591e+07 2.0928e+07  0.64%   120  132s
H  739   764                    2.079751e+07 2.0928e+07  0.63%   118  132s
   979  1012 2.0928e+07   32  443 2.0798e+07 2.0928e+07  0.63%   103  135s
  1183  1216 2.0927e+07   35  436 2.0798e+07 2.0928e+07  0.63%  97.1  141s
  1215  1248 2.0927e+07   36  437 2.0798e+07 2.0928e+07  0.63%  96.2  146s
  1279  1312 2.0927e+07   37  437 2.0798e+07 2.0928e+07  0.63%  94.8  159s
H 1280  1312                    2.080032e+07 2.0928e+07  0.61%  94.7  159s
H 1293  1312                    2.080954e+07 2.0928e+07  0.57%  94.1  159s
  1311  1344 2.0927e+07   37  431 2.0810e+07 2.0928e+07  0.57%  93.7  161s
H 1343  1376                    2.081689e+07 2.0928e+07  0.53%  92.8  164s
H 1347  1376                    2.082007e+07 2.0928e+07  0.52%  92.6  164s
H 1350  1376                    2.082052e+07 2.0928e+07  0.52%  92.5  164s
H 1362  1376                    2.082378e+07 2.0928e+07  0.50%  92.2  164s
  1375  1499 2.0927e+07   39  435 2.0824e+07 2.0928e+07  0.50%  92.2  165s
  1993  2201 2.0925e+07   54  433 2.0824e+07 2.0928e+07  0.50%  82.9  170s
H 2567  2675                    2.082939e+07 2.0928e+07  0.47%  76.2  173s
H 2587  2668                    2.083107e+07 2.0928e+07  0.47%  76.1  173s
H 2678  2661                    2.083455e+07 2.0928e+07  0.45%  75.3  173s
  2919  3090 2.0922e+07   74  394 2.0835e+07 2.0928e+07  0.45%  73.9  175s
H 3868  3832                    2.083569e+07 2.0928e+07  0.44%  68.5  179s
  3947  4096 2.0920e+07   99  357 2.0836e+07 2.0928e+07  0.44%  68.2  180s
  5194  5131 2.0918e+07  126  335 2.0836e+07 2.0928e+07  0.44%  66.2  185s
  6366  6519 2.0915e+07  153  315 2.0836e+07 2.0928e+07  0.44%  66.1  190s
  7476  7338 2.0913e+07  178  290 2.0836e+07 2.0928e+07  0.44%  64.7  195s
  8474  8771 2.0911e+07  205  269 2.0836e+07 2.0928e+07  0.44%  62.8  200s
 10159 10543 2.0910e+07  251  248 2.0836e+07 2.0928e+07  0.44%  60.2  205s
 11140 11475 2.0909e+07  274  208 2.0836e+07 2.0928e+07  0.44%  58.2  210s
 12545 12189 2.0907e+07  302  192 2.0836e+07 2.0928e+07  0.44%  55.6  217s
 12580 12222 2.0899e+07  302  192 2.0836e+07 2.0928e+07  0.44%  55.7  222s
H12614 12035                    2.083731e+07 2.0928e+07  0.44%  55.7  222s
 12621 12942 2.0906e+07  303  192 2.0837e+07 2.0928e+07  0.44%  55.6  225s
H14552 11596                    2.087727e+07 2.0928e+07  0.24%  53.2  252s
H14552  8583                    2.089465e+07 2.0928e+07  0.16%  53.2  252s

Cutting planes:
  Gomory: 24
  Cover: 69
  Implied bound: 3922
  MIR: 760
  Flow cover: 1252
  RLT: 4
  Relax-and-lift: 379

Explored 14552 nodes (838939 simplex iterations) in 270.69 seconds (339.66 work units)
Thread count was 32 (of 192 available processors)

Solution count 10: 2.08946e+07 2.08773e+07 2.08373e+07 ... 2.08201e+07

Optimal solution found (tolerance 2.00e-03)
Best objective 2.089464841872e+07, best bound 2.092806099063e+07, gap 0.1599%
Deleted nodefile directory: /scratch-local/lbeemster.21386948/gurobi_marketEASINGTON_maxh2_0.12_sub40.0_run0
Saved model snapshot to study_case_model/figures/market_experiment/run_30326/marketEASINGTON/maxh2_0.12/sub40.0/run0/model_snapshot.pkl
Finished successfully!
