Gurobi shell based on Python 3.13.1 can be launched with command `gurobi.sh`
Gurobi Python Interface can be loaded in Python 3.13.1 with 'import gurobipy'
/var/spool/slurm/slurmd/job21393789/slurm_script: line 24: activate: No such file or directory
Solving model: marketDUNKERQUE, maxh2_0.18, sub40.0, run1
Read LP format model from file /scratch-local/lbeemster.21393789/tmpmsctmdz5.pyomo.lp
Reading time = 0.80 seconds
x1: 176513 rows, 50050 columns, 1016320 nonzeros
Set parameter OutputFlag to value 1
Set parameter MIPGap to value 0.002
Set parameter Threads to value 32
Set parameter Presolve to value 1
Set parameter Cuts to value 1
Set parameter NodefileStart to value 1
Set parameter NodefileDir to value "/scratch-local/lbeemster.21393789/gurobi_marketDUNKERQUE_maxh2_0.18_sub40.0_run1"
Set parameter MemLimit to value 60
Gurobi Optimizer version 12.0.3 build v12.0.3rc0 (linux64 - "Red Hat Enterprise Linux 9.6 (Plow)")

CPU model: AMD EPYC 9654 96-Core Processor, instruction set [SSE2|AVX|AVX2|AVX512]
Thread count: 192 physical cores, 192 logical processors, using up to 32 threads

Non-default parameters:
MemLimit  60
MIPGap  0.002
NodefileStart  1
Cuts  1
Presolve  1
Threads  32

Academic license 2514514 - for non-commercial use only - registered to l.___@student.vu.nl
Optimize a model with 176513 rows, 50050 columns and 1016320 nonzeros
Model fingerprint: 0xa061d845
Variable types: 39426 continuous, 10624 integer (10624 binary)
Coefficient statistics:
  Matrix range     [6e-05, 1e+05]
  Objective range  [5e-02, 3e+04]
  Bounds range     [1e+00, 1e+00]
  RHS range        [3e-01, 2e+05]
Presolve removed 36265 rows and 24246 columns
Presolve time: 3.74s
Presolved: 140248 rows, 25804 columns, 896548 nonzeros
Variable types: 20020 continuous, 5784 integer (5784 binary)
Found heuristic solution: objective 2.001032e+07
Found heuristic solution: objective 2.018965e+07

Deterministic concurrent LP optimizer: primal simplex, dual simplex, and barrier
Showing barrier log only...

Root relaxation presolved: 24885 rows, 165078 columns, 921484 nonzeros

Root barrier log...

Ordering time: 0.05s

Barrier statistics:
 Free vars  : 1920
 AA' NZ     : 5.661e+05
 Factor NZ  : 1.462e+06 (roughly 90 MB of memory)
 Factor Ops : 1.041e+08 (less than 1 second per iteration)
 Threads    : 30

                  Objective                Residual
Iter       Primal          Dual         Primal    Dual     Compl     Time
   0   1.54384119e+12  3.05932304e+06  7.70e+06 3.25e+02  1.68e+08     8s
   1   1.05336513e+12 -2.10595233e+08  4.38e+06 3.59e+03  1.04e+08     8s
   2   7.64094603e+11 -2.19534066e+08  2.45e+06 2.29e+03  6.41e+07     8s
   3   5.56217625e+11 -1.58680733e+08  1.04e+06 1.23e+03  3.33e+07     8s
   4   4.15886047e+11 -1.09787975e+08  5.12e+05 6.61e+02  1.77e+07     8s
   5   3.15731036e+11 -8.02260376e+07  2.87e+05 4.03e+02  1.07e+07     8s
   6   2.12367306e+11 -4.89654934e+07  1.30e+05 2.05e+02  5.34e+06     8s
   7   1.34969510e+11 -1.81586782e+07  5.06e+04 8.95e+01  2.38e+06     9s
   8   1.01383916e+11 -8.37804720e+06  3.10e+04 5.41e+01  1.48e+06     9s
   9   6.47993683e+10 -5.71179981e+06  1.65e+04 3.47e+01  8.92e+05     9s
  10   4.24351572e+10 -2.64810013e+06  9.22e+03 2.08e+01  5.21e+05     9s
  11   2.49266918e+10 -5.68627607e+05  4.28e+03 1.13e+01  2.72e+05     9s
  12   1.51955518e+10  4.59623618e+05  2.25e+03 5.58e+00  1.43e+05     9s
  13   6.29834871e+09  1.18892602e+06  7.22e+02 2.44e+00  5.48e+04     9s
  14   3.89291247e+09  2.39410287e+06  4.06e+02 1.11e+00  3.00e+04     9s
  15   2.51920159e+09  4.04310264e+06  2.45e+02 5.30e-01  1.78e+04     9s
  16   2.09051488e+09  5.80186118e+06  1.99e+02 2.96e-01  1.37e+04     9s
  17   7.73805567e+08  6.88926431e+06  6.48e+01 1.72e-01  5.06e+03     9s
  18   4.29416225e+08  9.14149798e+06  3.34e+01 7.65e-02  2.65e+03     9s
  19   1.66818084e+08  1.15673015e+07  1.07e+01 4.19e-02  9.75e+02     9s
  20   1.17682781e+08  1.42757566e+07  6.97e+00 2.26e-02  6.33e+02     9s
  21   8.85240907e+07  1.71289139e+07  4.69e+00 1.34e-02  4.29e+02     9s
  22   5.39808977e+07  1.91027590e+07  2.13e+00 7.99e-03  2.07e+02     9s
  23   4.14170725e+07  1.97490726e+07  1.26e+00 4.70e-03  1.27e+02     9s
  24   3.23978883e+07  2.00317500e+07  6.90e-01 3.32e-03  7.21e+01     9s
  25   2.74286478e+07  2.07153915e+07  3.61e-01 3.84e-03  3.88e+01     9s
  26   2.52100308e+07  2.09173890e+07  2.24e-01 2.37e-03  2.47e+01     9s
  27   2.34793465e+07  2.10804475e+07  1.19e-01 1.47e-03  1.38e+01     9s
  28   2.25826190e+07  2.12163045e+07  6.59e-02 9.12e-04  7.83e+00     9s
  29   2.20577612e+07  2.12847353e+07  3.49e-02 5.86e-04  4.42e+00     9s
  30   2.17982628e+07  2.13234020e+07  2.01e-02 4.87e-04  2.71e+00     9s
  31   2.17004358e+07  2.13521428e+07  1.42e-02 4.20e-04  1.98e+00     9s
  32   2.16061051e+07  2.13776074e+07  8.69e-03 4.61e-04  1.30e+00    10s
  33   2.15512358e+07  2.14009529e+07  5.32e-03 4.13e-04  8.50e-01    10s
  34   2.15310850e+07  2.14251557e+07  3.82e-03 3.50e-04  5.98e-01    10s
  35   2.15140295e+07  2.14392837e+07  2.62e-03 3.38e-04  4.20e-01    10s

Barrier performed 35 iterations in 9.62 seconds (8.60 work units)
Barrier solve interrupted - model solved by another algorithm

Concurrent spin time: 0.11s

Solved with primal simplex

Root relaxation: objective 2.146534e+07, 28548 iterations, 2.39 seconds (1.95 work units)
Total elapsed time = 10.54s (DegenMoves)

    Nodes    |    Current Node    |     Objective Bounds      |     Work
 Expl Unexpl |  Obj  Depth IntInf | Incumbent    BestBd   Gap | It/Node Time

     0     0 2.1465e+07    0  424 2.0190e+07 2.1465e+07  6.32%     -   11s
     0     0 2.1461e+07    0  501 2.0190e+07 2.1461e+07  6.30%     -   16s
H    0     0                    2.101482e+07 2.1461e+07  2.12%     -   17s
     0     0 2.1454e+07    0  563 2.1015e+07 2.1454e+07  2.09%     -   18s
     0     0 2.1454e+07    0  568 2.1015e+07 2.1454e+07  2.09%     -   18s
     0     0 2.1454e+07    0  568 2.1015e+07 2.1454e+07  2.09%     -   18s
     0     0 2.1454e+07    0  569 2.1015e+07 2.1454e+07  2.09%     -   19s
     0     0 2.1448e+07    0  552 2.1015e+07 2.1448e+07  2.06%     -   22s
     0     0 2.1448e+07    0  589 2.1015e+07 2.1448e+07  2.06%     -   22s
     0     0 2.1448e+07    0  603 2.1015e+07 2.1448e+07  2.06%     -   23s
     0     0 2.1448e+07    0  609 2.1015e+07 2.1448e+07  2.06%     -   23s
     0     0 2.1448e+07    0  611 2.1015e+07 2.1448e+07  2.06%     -   23s
     0     0 2.1447e+07    0  563 2.1015e+07 2.1447e+07  2.06%     -   27s
H    0     0                    2.114447e+07 2.1447e+07  1.43%     -   28s
     0     0 2.1447e+07    0  627 2.1144e+07 2.1447e+07  1.43%     -   29s
     0     0 2.1447e+07    0  635 2.1144e+07 2.1447e+07  1.43%     -   29s
     0     0 2.1447e+07    0  640 2.1144e+07 2.1447e+07  1.43%     -   29s
     0     0 2.1447e+07    0  644 2.1144e+07 2.1447e+07  1.43%     -   30s
     0     0 2.1446e+07    0  634 2.1144e+07 2.1446e+07  1.43%     -   34s
     0     0 2.1446e+07    0  633 2.1144e+07 2.1446e+07  1.43%     -   35s
     0     0 2.1446e+07    0  641 2.1144e+07 2.1446e+07  1.43%     -   35s
     0     0 2.1446e+07    0  644 2.1144e+07 2.1446e+07  1.43%     -   35s
     0     0 2.1446e+07    0  647 2.1144e+07 2.1446e+07  1.43%     -   35s
     0     0 2.1446e+07    0  511 2.1144e+07 2.1446e+07  1.43%     -   39s
     0     0 2.1446e+07    0  526 2.1144e+07 2.1446e+07  1.43%     -   41s
     0     0 2.1446e+07    0  531 2.1144e+07 2.1446e+07  1.42%     -   41s
     0     0 2.1446e+07    0  537 2.1144e+07 2.1446e+07  1.42%     -   41s
     0     0 2.1446e+07    0  532 2.1144e+07 2.1446e+07  1.42%     -   44s
     0     0 2.1446e+07    0  527 2.1144e+07 2.1446e+07  1.42%     -   45s
     0     0 2.1445e+07    0  530 2.1144e+07 2.1445e+07  1.42%     -   46s
     0     0 2.1445e+07    0  542 2.1144e+07 2.1445e+07  1.42%     -   46s
     0     0 2.1445e+07    0  542 2.1144e+07 2.1445e+07  1.42%     -   46s
     0     0 2.1445e+07    0  501 2.1144e+07 2.1445e+07  1.42%     -   48s
     0     0 2.1445e+07    0  521 2.1144e+07 2.1445e+07  1.42%     -   50s
     0     0 2.1445e+07    0  523 2.1144e+07 2.1445e+07  1.42%     -   50s
     0     0 2.1445e+07    0  513 2.1144e+07 2.1445e+07  1.42%     -   53s
H    0     0                    2.115753e+07 2.1445e+07  1.36%     -   58s
     0     0 2.1445e+07    0  521 2.1158e+07 2.1445e+07  1.36%     -   58s
     0     0 2.1445e+07    0  532 2.1158e+07 2.1445e+07  1.36%     -   61s
     0     0 2.1445e+07    0  523 2.1158e+07 2.1445e+07  1.36%     -   62s
     0     0 2.1445e+07    0  535 2.1158e+07 2.1445e+07  1.36%     -   62s
     0     0 2.1445e+07    0  528 2.1158e+07 2.1445e+07  1.36%     -   65s
     0     0 2.1445e+07    0  532 2.1158e+07 2.1445e+07  1.36%     -   73s
H    0     0                    2.123262e+07 2.1445e+07  1.00%     -   89s
     0     2 2.1445e+07    0  532 2.1233e+07 2.1445e+07  1.00%     -   94s
     7    16 2.1445e+07    3  551 2.1233e+07 2.1445e+07  1.00%   362   95s
    95   186 2.1445e+07    7  546 2.1233e+07 2.1445e+07  1.00%   188  100s
H  114   186                    2.123325e+07 2.1445e+07  1.00%   171  100s
   699   815 2.1444e+07   18  536 2.1233e+07 2.1445e+07  1.00%  92.9  105s
   814  1032 2.1444e+07   21  513 2.1233e+07 2.1445e+07  1.00%  90.6  112s
H 1031  1064                    2.123326e+07 2.1445e+07  1.00%  84.5  118s
  1063  1136 2.1444e+07   30  490 2.1233e+07 2.1445e+07  1.00%  84.1  121s
  1324  1700 2.1443e+07   44  448 2.1233e+07 2.1445e+07  1.00%  82.6  127s
  1703  2262 2.1443e+07   49  442 2.1233e+07 2.1445e+07  1.00%  81.5  130s
H 2269  2745                    2.124283e+07 2.1445e+07  0.95%  75.8  135s
H 2294  2745                    2.127958e+07 2.1445e+07  0.78%  75.6  135s
H 3592  3678                    2.128332e+07 2.1445e+07  0.76%  66.6  142s
  3687  3710 2.1441e+07   76  404 2.1283e+07 2.1445e+07  0.76%  65.8  147s
H 3716  3710                    2.128345e+07 2.1445e+07  0.76%  65.6  147s
  4395  4895 2.1438e+07   86  393 2.1283e+07 2.1445e+07  0.76%  62.3  151s
  5399  6001 2.1437e+07  105  365 2.1283e+07 2.1445e+07  0.76%  61.5  156s
  6611  6854 2.1435e+07  122  348 2.1283e+07 2.1445e+07  0.76%  57.7  161s
H 7308  7324                    2.129217e+07 2.1445e+07  0.72%  56.0  163s
H 7310  7281                    2.129831e+07 2.1445e+07  0.69%  56.0  163s
H 7519  7250                    2.130304e+07 2.1445e+07  0.67%  55.1  163s
  7578  7239 2.1432e+07  144  323 2.1303e+07 2.1445e+07  0.67%  54.9  167s
  7618  7270 2.1432e+07  144  320 2.1303e+07 2.1445e+07  0.67%  54.8  172s
H 7632  7188                    2.130716e+07 2.1445e+07  0.65%  54.7  172s
  7650  7702 2.1432e+07  145  319 2.1307e+07 2.1445e+07  0.65%  54.8  175s
H 9095  8718                    2.130784e+07 2.1445e+07  0.64%  53.1  179s
  9216  8911 2.1430e+07  177  268 2.1308e+07 2.1445e+07  0.64%  53.2  183s
  9412  9664 2.1428e+07  182  263 2.1308e+07 2.1445e+07  0.64%  53.1  185s
H10171  9744                    2.132611e+07 2.1445e+07  0.56%  52.2  188s
H10305  9630                    2.133332e+07 2.1445e+07  0.52%  52.0  188s
 10555 10229 2.1427e+07  192  244 2.1333e+07 2.1445e+07  0.52%  51.6  190s
 11265 10891 2.1426e+07  209  215 2.1333e+07 2.1445e+07  0.52%  51.5  198s
H11933 10932                    2.133332e+07 2.1445e+07  0.52%  51.2  202s
 12562 12300 2.1420e+07  246  170 2.1333e+07 2.1445e+07  0.52%  51.6  206s
 14178 13965 2.1417e+07  291  146 2.1333e+07 2.1445e+07  0.52%  50.0  210s
H15007 13934                    2.133442e+07 2.1445e+07  0.52%  49.3  227s
 15008 13935 2.1435e+07  100  532 2.1334e+07 2.1445e+07  0.52%  49.3  257s
H15009 13239                    2.133891e+07 2.1445e+07  0.50%  49.3  352s
H15009 12577                    2.134067e+07 2.1445e+07  0.49%  49.3  352s
H15009 11948                    2.134608e+07 2.1445e+07  0.46%  49.3  370s
 15011 11949 2.1423e+07  146  455 2.1346e+07 2.1445e+07  0.46%  49.3  378s
 15012 11950 2.1440e+07   34  438 2.1346e+07 2.1445e+07  0.46%  49.3  381s
 15014 11951 2.1352e+07  252  502 2.1346e+07 2.1445e+07  0.46%  49.3  385s
H15019 11356                    2.135615e+07 2.1444e+07  0.41%  49.3  409s
 15021 11358 2.1416e+07  347  505 2.1356e+07 2.1444e+07  0.41%  49.3  413s
H15024 10792                    2.136342e+07 2.1444e+07  0.38%  49.3  440s
H15029 10255                    2.137413e+07 2.1444e+07  0.33%  49.2  526s
H15029  9741                    2.138404e+07 2.1444e+07  0.28%  49.2  526s
H15029  9254                    2.138577e+07 2.1444e+07  0.27%  49.2  526s
H15029  8791                    2.139196e+07 2.1444e+07  0.24%  49.2  526s
H15029  8351                    2.139515e+07 2.1444e+07  0.23%  49.2  526s
H15029  7933                    2.139592e+07 2.1444e+07  0.22%  49.2  526s
H15029  7536                    2.139608e+07 2.1444e+07  0.22%  49.2  526s
H15029  7159                    2.139627e+07 2.1444e+07  0.22%  49.2  526s
H15029  6801                    2.139637e+07 2.1444e+07  0.22%  49.2  526s
H15034  6463                    2.140149e+07 2.1444e+07  0.20%  49.2  602s
H15034  6139                    2.140249e+07 2.1444e+07  0.19%  49.2  602s
H15034  5832                    2.140373e+07 2.1444e+07  0.19%  49.2  602s
H15034  5540                    2.140399e+07 2.1444e+07  0.19%  49.2  602s
H15034  5262                    2.140685e+07 2.1444e+07  0.17%  49.2  602s
H15034  4999                    2.141008e+07 2.1444e+07  0.16%  49.2  602s

Cutting planes:
  Gomory: 44
  Cover: 9
  Implied bound: 590
  MIR: 775
  Flow cover: 1069
  RLT: 14
  Relax-and-lift: 509
  PSD: 1

Explored 15034 nodes (861474 simplex iterations) in 602.40 seconds (714.06 work units)
Thread count was 32 (of 192 available processors)

Solution count 10: 2.14101e+07 2.14068e+07 2.1404e+07 ... 2.13959e+07

Optimal solution found (tolerance 2.00e-03)
Best objective 2.141008036578e+07, best bound 2.144371999522e+07, gap 0.1571%
Deleted nodefile directory: /scratch-local/lbeemster.21393789/gurobi_marketDUNKERQUE_maxh2_0.18_sub40.0_run1
Saved model snapshot to study_case_model/figures/market_experiment/run_30326/marketDUNKERQUE/maxh2_0.18/sub40.0/run1/model_snapshot.pkl
Finished successfully!
