Gurobi shell based on Python 3.13.1 can be launched with command `gurobi.sh`
Gurobi Python Interface can be loaded in Python 3.13.1 with 'import gurobipy'
/var/spool/slurm/slurmd/job21401409/slurm_script: line 24: activate: No such file or directory
Solving model: marketZEEBRUGGE, maxh2_0.18, sub40.0, run1
Read LP format model from file /scratch-local/lbeemster.21401409/tmp07_keijh.pyomo.lp
Reading time = 0.53 seconds
x1: 176513 rows, 50050 columns, 1016448 nonzeros
Set parameter OutputFlag to value 1
Set parameter MIPGap to value 0.002
Set parameter Threads to value 32
Set parameter Presolve to value 1
Set parameter Cuts to value 1
Set parameter NodefileStart to value 1
Set parameter NodefileDir to value "/scratch-local/lbeemster.21401409/gurobi_marketZEEBRUGGE_maxh2_0.18_sub40.0_run1"
Set parameter MemLimit to value 60
Gurobi Optimizer version 12.0.3 build v12.0.3rc0 (linux64 - "Red Hat Enterprise Linux 9.6 (Plow)")

CPU model: AMD EPYC 9654 96-Core Processor, instruction set [SSE2|AVX|AVX2|AVX512]
Thread count: 192 physical cores, 192 logical processors, using up to 32 threads

Non-default parameters:
MemLimit  60
MIPGap  0.002
NodefileStart  1
Cuts  1
Presolve  1
Threads  32

Academic license 2514514 - for non-commercial use only - registered to l.___@student.vu.nl
Optimize a model with 176513 rows, 50050 columns and 1016448 nonzeros
Model fingerprint: 0xb9cdb551
Variable types: 39426 continuous, 10624 integer (10624 binary)
Coefficient statistics:
  Matrix range     [6e-05, 1e+05]
  Objective range  [5e-02, 3e+04]
  Bounds range     [1e+00, 1e+00]
  RHS range        [3e-01, 2e+05]
Presolve removed 35554 rows and 21366 columns
Presolve time: 4.04s
Presolved: 140959 rows, 28684 columns, 952643 nonzeros
Variable types: 22900 continuous, 5784 integer (5784 binary)
Found heuristic solution: objective 1.992806e+07
Found heuristic solution: objective 2.015968e+07

Deterministic concurrent LP optimizer: primal simplex, dual simplex, and barrier
Showing barrier log only...

Root barrier log...

Ordering time: 0.68s

Barrier statistics:
 Dense cols : 32
 AA' NZ     : 1.429e+07
 Factor NZ  : 1.647e+07 (roughly 200 MB of memory)
 Factor Ops : 3.031e+09 (less than 1 second per iteration)
 Threads    : 30

                  Objective                Residual
Iter       Primal          Dual         Primal    Dual     Compl     Time
   0   1.72860970e+10  2.81507977e+12  3.65e+05 1.47e+02  5.62e+08    10s
   1   8.99569062e+09  1.79087619e+12  2.42e+05 1.09e+04  2.90e+08    10s
   2   2.34087755e+09  1.52389189e+12  1.05e+05 1.37e+03  1.24e+08    10s
   3   2.63008825e+08  8.02778933e+11  1.18e+04 5.90e+01  1.65e+07    10s
   4   4.89637829e+07  3.15463521e+11  2.35e+03 2.62e+00  3.87e+06    10s
   5   2.66483280e+07  1.32050345e+11  1.25e+03 3.17e-09  1.67e+06    11s
   6   1.28286145e+07  5.26261412e+10  5.36e+02 3.95e-09  6.29e+05    11s
   7   5.79887654e+06  1.92932528e+10  1.48e+02 2.58e-09  1.81e+05    11s
   8   4.42617650e+06  6.90123488e+09  3.90e+01 1.86e-09  5.24e+04    11s

Barrier performed 8 iterations in 10.78 seconds (9.23 work units)
Barrier solve interrupted - model solved by another algorithm

Concurrent spin time: 0.66s (can be avoided by choosing Method=3)

Solved with primal simplex

Root relaxation: objective 2.146358e+07, 36787 iterations, 3.44 seconds (2.31 work units)

    Nodes    |    Current Node    |     Objective Bounds      |     Work
 Expl Unexpl |  Obj  Depth IntInf | Incumbent    BestBd   Gap | It/Node Time

     0     0 2.1464e+07    0  421 2.0160e+07 2.1464e+07  6.47%     -   14s
     0     0 2.1458e+07    0  497 2.0160e+07 2.1458e+07  6.44%     -   17s
H    0     0                    2.110654e+07 2.1458e+07  1.67%     -   19s
     0     0 2.1453e+07    0  563 2.1107e+07 2.1453e+07  1.64%     -   19s
     0     0 2.1453e+07    0  586 2.1107e+07 2.1453e+07  1.64%     -   19s
     0     0 2.1453e+07    0  592 2.1107e+07 2.1453e+07  1.64%     -   20s
     0     0 2.1447e+07    0  578 2.1107e+07 2.1447e+07  1.61%     -   23s
H    0     0                    2.115337e+07 2.1447e+07  1.39%     -   24s
     0     0 2.1447e+07    0  600 2.1153e+07 2.1447e+07  1.39%     -   25s
     0     0 2.1447e+07    0  603 2.1153e+07 2.1447e+07  1.39%     -   25s
     0     0 2.1447e+07    0  606 2.1153e+07 2.1447e+07  1.39%     -   25s
     0     0 2.1447e+07    0  618 2.1153e+07 2.1447e+07  1.39%     -   29s
H    0     0                    2.116112e+07 2.1447e+07  1.35%     -   31s
     0     0 2.1446e+07    0  632 2.1161e+07 2.1446e+07  1.35%     -   32s
     0     0 2.1446e+07    0  645 2.1161e+07 2.1446e+07  1.35%     -   32s
     0     0 2.1446e+07    0  653 2.1161e+07 2.1446e+07  1.35%     -   32s
     0     0 2.1446e+07    0  676 2.1161e+07 2.1446e+07  1.35%     -   36s
     0     0 2.1446e+07    0  688 2.1161e+07 2.1446e+07  1.35%     -   39s
     0     0 2.1446e+07    0  694 2.1161e+07 2.1446e+07  1.35%     -   40s
     0     0 2.1446e+07    0  693 2.1161e+07 2.1446e+07  1.35%     -   40s
     0     0 2.1446e+07    0  695 2.1161e+07 2.1446e+07  1.35%     -   40s
     0     0 2.1446e+07    0  705 2.1161e+07 2.1446e+07  1.35%     -   40s
     0     0 2.1446e+07    0  579 2.1161e+07 2.1446e+07  1.34%     -   44s
     0     0 2.1445e+07    0  578 2.1161e+07 2.1445e+07  1.34%     -   47s
     0     0 2.1445e+07    0  579 2.1161e+07 2.1445e+07  1.34%     -   47s
     0     0 2.1445e+07    0  585 2.1161e+07 2.1445e+07  1.34%     -   48s
     0     0 2.1445e+07    0  589 2.1161e+07 2.1445e+07  1.34%     -   50s
H    0     0                    2.116390e+07 2.1445e+07  1.33%     -   54s
H    0     0                    2.116390e+07 2.1445e+07  1.33%     -   54s
H    0     0                    2.116463e+07 2.1445e+07  1.33%     -   54s
H    0     0                    2.117040e+07 2.1445e+07  1.30%     -   54s
     0     0 2.1445e+07    0  598 2.1170e+07 2.1445e+07  1.30%     -   54s
     0     0 2.1445e+07    0  601 2.1170e+07 2.1445e+07  1.30%     -   54s
     0     0 2.1445e+07    0  600 2.1170e+07 2.1445e+07  1.30%     -   55s
     0     0 2.1445e+07    0  604 2.1170e+07 2.1445e+07  1.30%     -   55s
     0     0 2.1445e+07    0  597 2.1170e+07 2.1445e+07  1.30%     -   58s
     0     0 2.1445e+07    0  604 2.1170e+07 2.1445e+07  1.30%     -   60s
     0     0 2.1445e+07    0  598 2.1170e+07 2.1445e+07  1.30%     -   60s
     0     0 2.1445e+07    0  606 2.1170e+07 2.1445e+07  1.30%     -   60s
     0     0 2.1445e+07    0  597 2.1170e+07 2.1445e+07  1.30%     -   63s
     0     0 2.1445e+07    0  618 2.1170e+07 2.1445e+07  1.30%     -   64s
     0     0 2.1445e+07    0  615 2.1170e+07 2.1445e+07  1.30%     -   64s
     0     0 2.1445e+07    0  608 2.1170e+07 2.1445e+07  1.30%     -   66s
     0     0 2.1445e+07    0  597 2.1170e+07 2.1445e+07  1.30%     -   69s
     0     0 2.1445e+07    0  594 2.1170e+07 2.1445e+07  1.30%     -   70s
     0     0 2.1445e+07    0  603 2.1170e+07 2.1445e+07  1.30%     -   72s
     0     0 2.1445e+07    0  603 2.1170e+07 2.1445e+07  1.30%     -   82s
H    0     0                    2.123131e+07 2.1445e+07  1.01%     -   91s
H    0     0                    2.123712e+07 2.1445e+07  0.98%     -   95s
H    0     0                    2.123858e+07 2.1445e+07  0.97%     -   95s
     0     2 2.1445e+07    0  603 2.1239e+07 2.1445e+07  0.97%     -   97s
    31    64 2.1444e+07    5  590 2.1239e+07 2.1445e+07  0.97%   435  101s
H   66    96                    2.124868e+07 2.1445e+07  0.92%   469  103s
H   70    96                    2.126721e+07 2.1445e+07  0.84%   445  103s
    95   388 2.1444e+07    7  570 2.1267e+07 2.1445e+07  0.84%   345  105s
   551  1169 2.1443e+07   18  559 2.1267e+07 2.1445e+07  0.84%   128  111s
H 1168  1201                    2.126723e+07 2.1445e+07  0.84%   109  120s
H 1169  1201                    2.128164e+07 2.1445e+07  0.77%   109  120s
H 1189  1201                    2.129083e+07 2.1445e+07  0.72%   110  120s
  1200  2016 2.1441e+07   32  544 2.1291e+07 2.1445e+07  0.72%   109  125s
  2015  2795 2.1439e+07   48  520 2.1291e+07 2.1445e+07  0.72%  99.5  130s
H 2796  3360                    2.129649e+07 2.1445e+07  0.70%  90.6  135s
H 2895  3360                    2.129671e+07 2.1445e+07  0.70%  90.5  135s
H 2934  3360                    2.129885e+07 2.1445e+07  0.69%  90.6  135s
H 3089  3360                    2.130686e+07 2.1445e+07  0.65%  89.7  135s
H 3361  3522                    2.131390e+07 2.1445e+07  0.61%  87.5  141s
H 3389  3522                    2.131569e+07 2.1445e+07  0.61%  87.3  141s
  3523  4844 2.1435e+07   76  477 2.1316e+07 2.1445e+07  0.61%  86.4  145s
  4889  5645 2.1433e+07  105  408 2.1316e+07 2.1445e+07  0.61%  78.6  152s
H 4922  5566                    2.132168e+07 2.1445e+07  0.58%  78.5  152s
H 4935  5527                    2.132652e+07 2.1445e+07  0.55%  78.5  152s
  5724  6083 2.1431e+07  127  393 2.1327e+07 2.1445e+07  0.55%  75.8  156s
  6447  7105 2.1429e+07  140  367 2.1327e+07 2.1445e+07  0.55%  75.9  166s
  7481  7137 2.1427e+07  152  332 2.1327e+07 2.1445e+07  0.55%  76.4  175s
  7513  7166 2.1427e+07  152  335 2.1327e+07 2.1445e+07  0.55%  76.3  181s
H 7536  7015                    2.133583e+07 2.1445e+07  0.51%  76.3  181s
  7548  8289 2.1427e+07  153  334 2.1336e+07 2.1445e+07  0.51%  76.4  185s
H 8822  9060                    2.133962e+07 2.1445e+07  0.49%  75.0  192s
H 9011  8981                    2.134308e+07 2.1445e+07  0.48%  74.9  192s
  9667 10097 2.1423e+07  198  272 2.1343e+07 2.1445e+07  0.48%  77.9  197s
 10823 11147 2.1419e+07  225  236 2.1343e+07 2.1445e+07  0.48%  77.2  202s
H10957 11137                    2.134350e+07 2.1445e+07  0.47%  77.3  202s
H11402 11038                    2.134680e+07 2.1445e+07  0.46%  76.4  202s
 11873 12440 2.1418e+07  250  193 2.1347e+07 2.1445e+07  0.46%  75.7  206s
 13308 13805 2.1416e+07  279  166 2.1347e+07 2.1445e+07  0.46%  73.1  211s
H14345 13796                    2.134691e+07 2.1445e+07  0.46%  70.9  211s
H14388 13788                    2.134759e+07 2.1445e+07  0.46%  70.9  211s
 14674 13789 2.1439e+07   53  603 2.1348e+07 2.1445e+07  0.46%  70.2  267s
H14675 13100                    2.135680e+07 2.1445e+07  0.41%  70.2  413s
H14675 12445                    2.135730e+07 2.1445e+07  0.41%  70.2  413s
H14675 11823                    2.135738e+07 2.1445e+07  0.41%  70.2  413s
H14675 11232                    2.135739e+07 2.1445e+07  0.41%  70.2  413s
H14675 10670                    2.135746e+07 2.1445e+07  0.41%  70.2  413s
H14675 10136                    2.135748e+07 2.1445e+07  0.41%  70.2  413s
H14675  9630                    2.135749e+07 2.1445e+07  0.41%  70.2  413s
H14675  9148                    2.135751e+07 2.1445e+07  0.41%  70.2  413s
H14675  8691                    2.135768e+07 2.1445e+07  0.41%  70.2  413s
H14676  8256                    2.135928e+07 2.1444e+07  0.40%  70.2  414s
 14677  8257 2.1443e+07   13  452 2.1359e+07 2.1444e+07  0.40%  70.2  422s
 14678  8258 2.1433e+07  111  487 2.1359e+07 2.1444e+07  0.40%  70.2  425s
 14680  8259 2.1440e+07   62  575 2.1359e+07 2.1444e+07  0.40%  70.2  431s
H14680  7846                    2.135929e+07 2.1444e+07  0.40%  70.2  431s
H14684  7456                    2.136036e+07 2.1444e+07  0.39%  70.2  541s
H14684  7083                    2.136884e+07 2.1444e+07  0.35%  70.2  541s
H14684  6729                    2.138568e+07 2.1444e+07  0.27%  70.2  541s
H14684  6392                    2.139239e+07 2.1444e+07  0.24%  70.2  541s
H14684  6073                    2.140150e+07 2.1444e+07  0.20%  70.2  541s

Cutting planes:
  Gomory: 32
  Cover: 7
  Implied bound: 539
  MIR: 938
  Flow cover: 1220
  GUB cover: 1
  RLT: 5
  Relax-and-lift: 674
  PSD: 2

Explored 14684 nodes (1161433 simplex iterations) in 541.38 seconds (639.93 work units)
Thread count was 32 (of 192 available processors)

Solution count 10: 2.14015e+07 2.13924e+07 2.13857e+07 ... 2.13575e+07

Optimal solution found (tolerance 2.00e-03)
Best objective 2.140149814862e+07, best bound 2.144354662593e+07, gap 0.1965%
Deleted nodefile directory: /scratch-local/lbeemster.21401409/gurobi_marketZEEBRUGGE_maxh2_0.18_sub40.0_run1
Saved model snapshot to study_case_model/figures/market_experiment/run_30326/marketZEEBRUGGE/maxh2_0.18/sub40.0/run1/model_snapshot.pkl
Finished successfully!
