Gurobi shell based on Python 3.13.1 can be launched with command `gurobi.sh`
Gurobi Python Interface can be loaded in Python 3.13.1 with 'import gurobipy'
/var/spool/slurm/slurmd/job21392583/slurm_script: line 24: activate: No such file or directory
Solving model: marketZEEBRUGGE, maxh2_0.12, sub70.0, run0
Read LP format model from file /scratch-local/lbeemster.21392583/tmp6lcsrnli.pyomo.lp
Reading time = 0.74 seconds
x1: 176513 rows, 50050 columns, 1016448 nonzeros
Set parameter OutputFlag to value 1
Set parameter MIPGap to value 0.002
Set parameter Threads to value 32
Set parameter Presolve to value 1
Set parameter Cuts to value 1
Set parameter NodefileStart to value 1
Set parameter NodefileDir to value "/scratch-local/lbeemster.21392583/gurobi_marketZEEBRUGGE_maxh2_0.12_sub70.0_run0"
Set parameter MemLimit to value 60
Gurobi Optimizer version 12.0.3 build v12.0.3rc0 (linux64 - "Red Hat Enterprise Linux 9.6 (Plow)")

CPU model: AMD EPYC 9654 96-Core Processor, instruction set [SSE2|AVX|AVX2|AVX512]
Thread count: 192 physical cores, 192 logical processors, using up to 32 threads

Non-default parameters:
MemLimit  60
MIPGap  0.002
NodefileStart  1
Cuts  1
Presolve  1
Threads  32

Academic license 2514514 - for non-commercial use only - registered to l.___@student.vu.nl
Optimize a model with 176513 rows, 50050 columns and 1016448 nonzeros
Model fingerprint: 0xd971ee92
Variable types: 39426 continuous, 10624 integer (10624 binary)
Coefficient statistics:
  Matrix range     [6e-05, 1e+05]
  Objective range  [2e+00, 3e+04]
  Bounds range     [1e+00, 1e+00]
  RHS range        [3e-01, 2e+05]
Presolve removed 35369 rows and 21782 columns
Presolve time: 4.56s
Presolved: 141144 rows, 28268 columns, 944765 nonzeros
Variable types: 22588 continuous, 5680 integer (5680 binary)
Found heuristic solution: objective 1.921559e+07
Found heuristic solution: objective 1.935704e+07

Deterministic concurrent LP optimizer: primal simplex, dual simplex, and barrier
Showing barrier log only...

Root relaxation presolved: 27921 rows, 169019 columns, 972747 nonzeros

Root barrier log...

Ordering time: 0.05s

Barrier statistics:
 Free vars  : 2112
 AA' NZ     : 6.230e+05
 Factor NZ  : 1.842e+06 (roughly 100 MB of memory)
 Factor Ops : 1.434e+08 (less than 1 second per iteration)
 Threads    : 30

                  Objective                Residual
Iter       Primal          Dual         Primal    Dual     Compl     Time
   0   1.58347049e+12  2.97801099e+06  7.63e+06 3.81e+02  1.80e+08     9s
   1   1.13217080e+12 -4.03393070e+08  4.71e+06 3.56e+03  1.11e+08     9s
   2   7.89704500e+11 -7.66818416e+08  2.59e+06 2.04e+03  6.49e+07     9s
   3   5.04546648e+11 -8.30125066e+08  1.02e+06 1.50e+03  3.72e+07     9s
   4   3.74902171e+11 -4.92681263e+08  4.88e+05 7.99e+02  1.98e+07    10s
   5   2.93031422e+11 -3.27922599e+08  2.87e+05 4.86e+02  1.21e+07    10s
   6   2.10367325e+11 -1.90626403e+08  1.52e+05 2.48e+02  6.37e+06    10s
   7   1.45645817e+11 -9.86137565e+07  7.88e+04 1.17e+02  3.18e+06    10s
   8   1.04932071e+11 -6.92840086e+07  4.67e+04 7.91e+01  2.06e+06    10s
   9   6.67237472e+10 -4.02614924e+07  2.20e+04 4.61e+01  1.14e+06    10s
  10   4.54414528e+10 -1.85210318e+07  1.22e+04 2.24e+01  6.02e+05    10s
  11   3.18799068e+10 -5.79094919e+06  7.36e+03 8.75e+00  3.10e+05    10s
  12   1.35630718e+10 -1.21640408e+06  2.48e+03 3.92e+00  1.20e+05    10s
  13   5.70819161e+09  8.43543306e+05  8.56e+02 1.96e+00  4.91e+04    10s
  14   3.88899500e+09  3.10869768e+06  5.41e+02 7.94e-01  2.83e+04    10s
  15   2.28515275e+09  4.79892291e+06  2.93e+02 4.33e-01  1.58e+04    10s
  16   1.24969666e+09  6.96634337e+06  1.49e+02 1.45e-01  7.92e+03    10s
  17   5.16958835e+08  8.20816239e+06  5.71e+01 8.24e-02  3.24e+03    10s
  18   2.32116978e+08  9.95950074e+06  2.28e+01 4.50e-02  1.40e+03    10s
  19   1.33635948e+08  1.46302830e+07  1.15e+01 1.51e-02  7.14e+02    10s
  20   1.13061817e+08  1.51659502e+07  9.39e+00 1.35e-02  5.87e+02    10s
  21   9.92541811e+07  1.55133821e+07  7.90e+00 1.26e-02  5.01e+02    10s
  22   6.04045652e+07  1.75647949e+07  3.61e+00 8.05e-03  2.53e+02    10s
  23   4.26937908e+07  1.94107840e+07  1.81e+00 3.62e-03  1.35e+02    10s
  24   3.15818906e+07  1.99617539e+07  8.53e-01 1.67e-03  6.63e+01    10s
  25   2.83125922e+07  2.03544830e+07  5.81e-01 1.96e-03  4.51e+01    10s
  26   2.51910637e+07  2.05505896e+07  3.27e-01 1.49e-03  2.63e+01    10s
  27   2.39478686e+07  2.07370377e+07  2.24e-01 1.29e-03  1.81e+01    10s
  28   2.29590526e+07  2.08929031e+07  1.44e-01 7.42e-04  1.16e+01    10s
  29   2.20382590e+07  2.09515543e+07  7.09e-02 9.55e-04  6.10e+00    10s
  30   2.17290411e+07  2.10124967e+07  4.57e-02 5.82e-04  4.01e+00    11s
  31   2.14111205e+07  2.10434271e+07  2.22e-02 3.97e-04  2.05e+00    11s
  32   2.12799606e+07  2.10706457e+07  1.21e-02 3.83e-04  1.16e+00    11s
  33   2.12217100e+07  2.10847020e+07  7.14e-03 3.39e-04  7.56e-01    11s
  34   2.11908315e+07  2.11091777e+07  4.43e-03 3.25e-04  4.48e-01    11s
  35   2.11728839e+07  2.11200081e+07  2.81e-03 3.21e-04  2.89e-01    11s
  36   2.11614189e+07  2.11279950e+07  1.83e-03 3.21e-04  1.82e-01    11s
  37   2.11563109e+07  2.11316777e+07  1.40e-03 3.09e-04  1.34e-01    11s
  38   2.11471929e+07  2.11349828e+07  6.51e-04 1.50e-04  6.65e-02    11s
  39   2.11434643e+07  2.11365608e+07  3.70e-04 7.66e-05  3.76e-02    11s
  40   2.11411183e+07  2.11373189e+07  2.06e-04 8.36e-05  2.07e-02    11s
  41   2.11387955e+07  2.11375483e+07  5.28e-05 2.84e-05  6.77e-03    11s
  42   2.11383980e+07  2.11377328e+07  2.95e-05 8.82e-06  3.61e-03    11s
  43   2.11381592e+07  2.11377793e+07  1.65e-05 1.00e-05  2.06e-03    11s

Barrier performed 43 iterations in 11.13 seconds (10.39 work units)
Barrier solve interrupted - model solved by another algorithm

Concurrent spin time: 0.43s (can be avoided by choosing Method=3)

Solved with primal simplex

Root relaxation: objective 2.113783e+07, 37260 iterations, 3.11 seconds (2.24 work units)

    Nodes    |    Current Node    |     Objective Bounds      |     Work
 Expl Unexpl |  Obj  Depth IntInf | Incumbent    BestBd   Gap | It/Node Time

     0     0 2.1138e+07    0  458 1.9357e+07 2.1138e+07  9.20%     -   13s
     0     0 2.1128e+07    0  523 1.9357e+07 2.1128e+07  9.15%     -   17s
H    0     0                    2.054812e+07 2.1128e+07  2.82%     -   18s
     0     0 2.1121e+07    0  639 2.0548e+07 2.1121e+07  2.79%     -   19s
     0     0 2.1121e+07    0  674 2.0548e+07 2.1121e+07  2.79%     -   19s
     0     0 2.1120e+07    0  673 2.0548e+07 2.1120e+07  2.78%     -   20s
     0     0 2.1120e+07    0  671 2.0548e+07 2.1120e+07  2.78%     -   20s
     0     0 2.1120e+07    0  672 2.0548e+07 2.1120e+07  2.78%     -   20s
     0     0 2.1119e+07    0  687 2.0548e+07 2.1119e+07  2.78%     -   24s
H    0     0                    2.070656e+07 2.1119e+07  1.99%     -   25s
     0     0 2.1119e+07    0  701 2.0707e+07 2.1119e+07  1.99%     -   26s
     0     0 2.1119e+07    0  704 2.0707e+07 2.1119e+07  1.99%     -   26s
     0     0 2.1119e+07    0  711 2.0707e+07 2.1119e+07  1.99%     -   26s
     0     0 2.1117e+07    0  651 2.0707e+07 2.1117e+07  1.98%     -   31s
     0     0 2.1117e+07    0  720 2.0707e+07 2.1117e+07  1.98%     -   33s
     0     0 2.1117e+07    0  737 2.0707e+07 2.1117e+07  1.98%     -   33s
     0     0 2.1117e+07    0  737 2.0707e+07 2.1117e+07  1.98%     -   34s
     0     0 2.1117e+07    0  743 2.0707e+07 2.1117e+07  1.98%     -   34s
     0     0 2.1116e+07    0  711 2.0707e+07 2.1116e+07  1.98%     -   39s
     0     0 2.1116e+07    0  711 2.0707e+07 2.1116e+07  1.98%     -   39s
     0     0 2.1116e+07    0  746 2.0707e+07 2.1116e+07  1.98%     -   42s
     0     0 2.1116e+07    0  751 2.0707e+07 2.1116e+07  1.98%     -   42s
     0     0 2.1116e+07    0  756 2.0707e+07 2.1116e+07  1.98%     -   43s
     0     0 2.1116e+07    0  753 2.0707e+07 2.1116e+07  1.98%     -   43s
     0     0 2.1116e+07    0  756 2.0707e+07 2.1116e+07  1.98%     -   43s
     0     0 2.1114e+07    0  655 2.0707e+07 2.1114e+07  1.97%     -   48s
     0     0 2.1114e+07    0  620 2.0707e+07 2.1114e+07  1.97%     -   51s
     0     0 2.1114e+07    0  635 2.0707e+07 2.1114e+07  1.97%     -   51s
     0     0 2.1114e+07    0  632 2.0707e+07 2.1114e+07  1.97%     -   52s
     0     0 2.1114e+07    0  638 2.0707e+07 2.1114e+07  1.97%     -   52s
     0     0 2.1114e+07    0  640 2.0707e+07 2.1114e+07  1.97%     -   52s
     0     0 2.1114e+07    0  641 2.0707e+07 2.1114e+07  1.97%     -   55s
     0     0 2.1114e+07    0  638 2.0707e+07 2.1114e+07  1.97%     -   56s
H    0     0                    2.072061e+07 2.1114e+07  1.90%     -   62s
     0     0 2.1113e+07    0  659 2.0721e+07 2.1113e+07  1.90%     -   62s
     0     0 2.1113e+07    0  659 2.0721e+07 2.1113e+07  1.90%     -   62s
     0     0 2.1113e+07    0  660 2.0721e+07 2.1113e+07  1.90%     -   62s
     0     0 2.1113e+07    0  649 2.0721e+07 2.1113e+07  1.90%     -   63s
     0     0 2.1113e+07    0  646 2.0721e+07 2.1113e+07  1.90%     -   63s
     0     0 2.1113e+07    0  645 2.0721e+07 2.1113e+07  1.89%     -   66s
     0     0 2.1113e+07    0  645 2.0721e+07 2.1113e+07  1.89%     -   66s
     0     0 2.1113e+07    0  653 2.0721e+07 2.1113e+07  1.89%     -   69s
     0     0 2.1113e+07    0  655 2.0721e+07 2.1113e+07  1.89%     -   69s
     0     0 2.1113e+07    0  661 2.0721e+07 2.1113e+07  1.89%     -   69s
     0     0 2.1113e+07    0  653 2.0721e+07 2.1113e+07  1.89%     -   72s
     0     0 2.1113e+07    0  651 2.0721e+07 2.1113e+07  1.89%     -   72s
     0     0 2.1113e+07    0  660 2.0721e+07 2.1113e+07  1.89%     -   73s
     0     0 2.1113e+07    0  666 2.0721e+07 2.1113e+07  1.89%     -   74s
     0     0 2.1113e+07    0  669 2.0721e+07 2.1113e+07  1.89%     -   74s
     0     0 2.1113e+07    0  662 2.0721e+07 2.1113e+07  1.89%     -   74s
     0     0 2.1113e+07    0  640 2.0721e+07 2.1113e+07  1.89%     -   77s
     0     0 2.1113e+07    0  640 2.0721e+07 2.1113e+07  1.89%     -   77s
H    0     0                    2.072526e+07 2.1113e+07  1.87%     -   80s
     0     0 2.1113e+07    0  647 2.0725e+07 2.1113e+07  1.87%     -   80s
     0     0 2.1113e+07    0  642 2.0725e+07 2.1113e+07  1.87%     -   80s
     0     0 2.1113e+07    0  641 2.0725e+07 2.1113e+07  1.87%     -   80s
     0     0 2.1113e+07    0  642 2.0725e+07 2.1113e+07  1.87%     -   81s
     0     0 2.1112e+07    0  633 2.0725e+07 2.1112e+07  1.87%     -   83s
     0     0 2.1112e+07    0  634 2.0725e+07 2.1112e+07  1.87%     -   84s
     0     0 2.1112e+07    0  638 2.0725e+07 2.1112e+07  1.87%     -   84s
     0     0 2.1112e+07    0  602 2.0725e+07 2.1112e+07  1.87%     -   87s
     0     0 2.1112e+07    0  618 2.0725e+07 2.1112e+07  1.87%     -   90s
     0     0 2.1112e+07    0  614 2.0725e+07 2.1112e+07  1.87%     -   90s
     0     0 2.1112e+07    0  616 2.0725e+07 2.1112e+07  1.87%     -   93s
     0     0 2.1112e+07    0  635 2.0725e+07 2.1112e+07  1.87%     -   94s
     0     0 2.1112e+07    0  625 2.0725e+07 2.1112e+07  1.87%     -   94s
     0     0 2.1112e+07    0  628 2.0725e+07 2.1112e+07  1.87%     -   96s
     0     0 2.1112e+07    0  628 2.0725e+07 2.1112e+07  1.87%     -  107s
H    0     0                    2.072907e+07 2.1112e+07  1.85%     -  115s
H    0     0                    2.080104e+07 2.1112e+07  1.50%     -  118s
H    0     0                    2.080829e+07 2.1112e+07  1.46%     -  118s
H    0     0                    2.080836e+07 2.1112e+07  1.46%     -  121s
H    0     0                    2.080861e+07 2.1112e+07  1.46%     -  121s
     0     2 2.1112e+07    0  628 2.0809e+07 2.1112e+07  1.46%     -  124s
     7    16 2.1112e+07    3  619 2.0809e+07 2.1112e+07  1.46%   296  125s
H   63    96                    2.081484e+07 2.1112e+07  1.43%   294  130s
H   79    96                    2.081710e+07 2.1112e+07  1.42%   253  130s
H   85    96                    2.082871e+07 2.1112e+07  1.36%   241  130s
   524   557 2.1112e+07   21  618 2.0829e+07 2.1112e+07  1.36%  89.5  135s
H  540   557                    2.082872e+07 2.1112e+07  1.36%  88.3  135s
H  639   688                    2.085842e+07 2.1112e+07  1.22%  85.0  138s
H  661   688                    2.085965e+07 2.1112e+07  1.21%  83.7  138s
   936   998 2.1111e+07   31  614 2.0860e+07 2.1112e+07  1.21%  78.3  140s
  1660  1762 2.1110e+07   49  586 2.0860e+07 2.1112e+07  1.21%  71.0  145s
  1793  1826 2.1110e+07   53  600 2.0860e+07 2.1112e+07  1.21%  70.5  154s
H 1794  1826                    2.086100e+07 2.1112e+07  1.20%  70.4  154s
H 1795  1826                    2.086720e+07 2.1112e+07  1.17%  70.5  154s
H 1796  1826                    2.088749e+07 2.1112e+07  1.07%  70.4  154s
H 1798  1826                    2.089851e+07 2.1112e+07  1.02%  70.4  154s
H 1816  1826                    2.090019e+07 2.1112e+07  1.01%  70.3  154s
  1825  1949 2.1110e+07   54  600 2.0900e+07 2.1112e+07  1.01%  70.3  155s
  2753  2786 2.1109e+07   78  551 2.0900e+07 2.1112e+07  1.01%  66.0  160s
H 2760  2786                    2.090902e+07 2.1112e+07  0.97%  65.9  160s
  3804  3970 2.1107e+07  101  535 2.0909e+07 2.1112e+07  0.97%  65.0  166s
  4436  4710 2.1106e+07  119  528 2.0909e+07 2.1112e+07  0.97%  64.5  170s
  5638  5681 2.1103e+07  150  521 2.0909e+07 2.1112e+07  0.97%  65.9  176s
H 5711  5899                    2.091061e+07 2.1112e+07  0.96%  66.3  178s
  6315  6725 2.1101e+07  159  513 2.0911e+07 2.1112e+07  0.96%  66.7  180s
H 6870  6844                    2.091068e+07 2.1112e+07  0.96%  65.4  183s
  6902  7270 2.1100e+07  167  508 2.0911e+07 2.1112e+07  0.96%  65.3  185s
  8286  8652 2.1098e+07  198  496 2.0911e+07 2.1112e+07  0.96%  63.8  191s
* 8718  8297             392    2.092695e+07 2.1112e+07  0.88%  63.0  191s
  8798  8291 2.1098e+07  209  475 2.0927e+07 2.1112e+07  0.88%  62.8  195s
H 8824  7845                    2.094887e+07 2.1112e+07  0.78%  62.9  195s
  9339  8799 2.1097e+07  226  464 2.0949e+07 2.1112e+07  0.78%  62.6  201s
 10396  9699 2.1095e+07  247  465 2.0949e+07 2.1112e+07  0.78%  61.7  206s
H10439  9366                    2.096609e+07 2.1112e+07  0.70%  61.6  206s
H10517  9090                    2.098262e+07 2.1112e+07  0.62%  61.5  206s
 10713  9393 2.1094e+07  270  439 2.0983e+07 2.1112e+07  0.62%  61.3  212s
H10806  9393                    2.098262e+07 2.1112e+07  0.62%  61.2  212s
H10974  9361                    2.098599e+07 2.1112e+07  0.60%  61.2  212s
 11711 10746 2.1092e+07  313  411 2.0986e+07 2.1112e+07  0.60%  63.5  217s
 12460 11110 2.1090e+07  340  365 2.0986e+07 2.1112e+07  0.60%  62.6  221s
