Gurobi shell based on Python 3.13.1 can be launched with command `gurobi.sh`
Gurobi Python Interface can be loaded in Python 3.13.1 with 'import gurobipy'
/var/spool/slurm/slurmd/job21388547/slurm_script: line 24: activate: No such file or directory
Solving model: marketDORNUM, maxh2_0.04, sub40.0, run0
Read LP format model from file /scratch-local/lbeemster.21388547/tmp3xrf31wo.pyomo.lp
Reading time = 0.49 seconds
x1: 176513 rows, 50050 columns, 1016320 nonzeros
Set parameter OutputFlag to value 1
Set parameter MIPGap to value 0.002
Set parameter Threads to value 32
Set parameter Presolve to value 1
Set parameter Cuts to value 1
Set parameter NodefileStart to value 1
Set parameter NodefileDir to value "/scratch-local/lbeemster.21388547/gurobi_marketDORNUM_maxh2_0.04_sub40.0_run0"
Set parameter MemLimit to value 60
Gurobi Optimizer version 12.0.3 build v12.0.3rc0 (linux64 - "Red Hat Enterprise Linux 9.6 (Plow)")

CPU model: AMD EPYC 9654 96-Core Processor, instruction set [SSE2|AVX|AVX2|AVX512]
Thread count: 192 physical cores, 192 logical processors, using up to 32 threads

Non-default parameters:
MemLimit  60
MIPGap  0.002
NodefileStart  1
Cuts  1
Presolve  1
Threads  32

Academic license 2514514 - for non-commercial use only - registered to l.___@student.vu.nl
Optimize a model with 176513 rows, 50050 columns and 1016320 nonzeros
Model fingerprint: 0x2b5db33c
Variable types: 39426 continuous, 10624 integer (10624 binary)
Coefficient statistics:
  Matrix range     [6e-05, 1e+05]
  Objective range  [2e+00, 3e+04]
  Bounds range     [1e+00, 1e+00]
  RHS range        [3e-01, 2e+05]
Presolve removed 36049 rows and 24694 columns
Presolve time: 3.92s
Presolved: 140464 rows, 25356 columns, 874070 nonzeros
Variable types: 19684 continuous, 5672 integer (5672 binary)
Found heuristic solution: objective 1.880406e+07
Found heuristic solution: objective 1.891271e+07
Found heuristic solution: objective 1.920156e+07

Deterministic concurrent LP optimizer: primal simplex, dual simplex, and barrier
Showing barrier log only...

Root relaxation presolved: 24145 rows, 164571 columns, 898304 nonzeros

Root barrier log...

Ordering time: 0.05s

Barrier statistics:
 Free vars  : 1920
 AA' NZ     : 5.499e+05
 Factor NZ  : 1.399e+06 (roughly 90 MB of memory)
 Factor Ops : 9.867e+07 (less than 1 second per iteration)
 Threads    : 30

                  Objective                Residual
Iter       Primal          Dual         Primal    Dual     Compl     Time
   0   1.57851626e+12  3.21676480e+06  7.52e+06 3.81e+02  1.79e+08    10s
   1   1.12860424e+12 -2.15448382e+08  4.57e+06 3.90e+03  1.15e+08    10s
   2   8.58665894e+11 -2.25412611e+08  2.87e+06 2.57e+03  7.55e+07    10s
   3   6.50409889e+11 -1.99294819e+08  1.57e+06 1.83e+03  4.95e+07    10s
   4   5.71719488e+11 -1.59822388e+08  1.17e+06 1.30e+03  3.60e+07    10s
   5   4.92287934e+11 -1.24419398e+08  8.16e+05 9.04e+02  2.54e+07    10s
   6   4.14715596e+11 -1.08585957e+08  5.57e+05 7.29e+02  1.94e+07    10s
   7   3.19466713e+11 -7.82130004e+07  3.28e+05 4.33e+02  1.17e+07    10s
   8   2.48040901e+11 -5.24647034e+07  1.93e+05 2.54e+02  6.96e+06    10s
   9   1.69253384e+11 -3.23086288e+07  8.87e+04 1.43e+02  3.77e+06    10s
  10   1.21774921e+11 -2.10788296e+07  4.91e+04 9.51e+01  2.37e+06    10s
  11   9.30698538e+10 -1.07102157e+07  3.21e+04 5.75e+01  1.49e+06    10s
  12   6.80409297e+10 -6.80378794e+06  1.97e+04 3.42e+01  9.17e+05    10s
  13   4.11074961e+10 -2.32827375e+06  9.40e+03 1.71e+01  4.67e+05    10s
  14   2.25684424e+10 -5.74159224e+05  4.12e+03 9.59e+00  2.37e+05    10s
  15   1.29683245e+10  5.59402190e+05  2.03e+03 4.81e+00  1.22e+05    10s
  16   7.54559405e+09  8.52315382e+05  1.02e+03 3.67e+00  7.27e+04    10s
  17   3.62942771e+09  1.90751258e+06  4.05e+02 1.36e+00  3.03e+04    10s
  18   2.73078173e+09  3.89037866e+06  2.88e+02 6.69e-01  2.02e+04    10s
  19   1.90809045e+09  5.33529277e+06  1.91e+02 3.26e-01  1.29e+04    10s
  20   1.26360276e+09  6.94676842e+06  1.22e+02 1.33e-01  8.02e+03    10s
  21   5.58644666e+08  8.80734338e+06  4.80e+01 3.55e-02  3.35e+03    10s
  22   2.32951936e+08  1.03435417e+07  1.83e+01 1.35e-02  1.34e+03    10s
  23   1.33249215e+08  1.39516133e+07  9.25e+00 3.78e-03  7.05e+02    11s
  24   8.36204178e+07  1.58835153e+07  5.01e+00 5.46e-03  3.98e+02    11s
  25   5.76071003e+07  1.84773806e+07  2.82e+00 3.62e-03  2.30e+02    11s
  26   4.32402061e+07  1.91752797e+07  1.66e+00 2.64e-03  1.41e+02    11s
  27   3.12595248e+07  1.95300181e+07  7.70e-01 1.58e-03  6.84e+01    11s
  28   2.94735612e+07  1.99349922e+07  6.33e-01 1.74e-03  5.56e+01    11s
  29   2.56863458e+07  2.03180852e+07  3.45e-01 1.57e-03  3.12e+01    11s
  30   2.42073398e+07  2.05229291e+07  2.29e-01 1.10e-03  2.14e+01    11s
  31   2.30893394e+07  2.07297878e+07  1.50e-01 7.98e-04  1.37e+01    11s

Barrier performed 31 iterations in 10.83 seconds (9.67 work units)
Barrier solve interrupted - model solved by another algorithm

Concurrent spin time: 0.14s

Solved with primal simplex

Root relaxation: objective 2.094209e+07, 31539 iterations, 2.01 seconds (1.93 work units)

    Nodes    |    Current Node    |     Objective Bounds      |     Work
 Expl Unexpl |  Obj  Depth IntInf | Incumbent    BestBd   Gap | It/Node Time

     0     0 2.0942e+07    0  420 1.9202e+07 2.0942e+07  9.06%     -   13s
     0     0 2.0930e+07    0  505 1.9202e+07 2.0930e+07  9.00%     -   17s
H    0     0                    2.060099e+07 2.0930e+07  1.60%     -   18s
     0     0 2.0925e+07    0  509 2.0601e+07 2.0925e+07  1.57%     -   18s
     0     0 2.0925e+07    0  508 2.0601e+07 2.0925e+07  1.57%     -   19s
     0     0 2.0923e+07    0  539 2.0601e+07 2.0923e+07  1.56%     -   22s
     0     0 2.0923e+07    0  554 2.0601e+07 2.0923e+07  1.56%     -   22s
     0     0 2.0923e+07    0  560 2.0601e+07 2.0923e+07  1.56%     -   22s
     0     0 2.0923e+07    0  561 2.0601e+07 2.0923e+07  1.56%     -   23s
     0     0 2.0923e+07    0  502 2.0601e+07 2.0923e+07  1.56%     -   26s
H    0     0                    2.061771e+07 2.0923e+07  1.48%     -   28s
     0     0 2.0923e+07    0  556 2.0618e+07 2.0923e+07  1.48%     -   28s
     0     0 2.0923e+07    0  556 2.0618e+07 2.0923e+07  1.48%     -   28s
     0     0 2.0923e+07    0  563 2.0618e+07 2.0923e+07  1.48%     -   29s
     0     0 2.0923e+07    0  565 2.0618e+07 2.0923e+07  1.48%     -   29s
     0     0 2.0922e+07    0  583 2.0618e+07 2.0922e+07  1.48%     -   33s
     0     0 2.0922e+07    0  613 2.0618e+07 2.0922e+07  1.48%     -   35s
     0     0 2.0922e+07    0  622 2.0618e+07 2.0922e+07  1.48%     -   35s
     0     0 2.0922e+07    0  629 2.0618e+07 2.0922e+07  1.48%     -   35s
     0     0 2.0922e+07    0  634 2.0618e+07 2.0922e+07  1.48%     -   35s
     0     0 2.0922e+07    0  474 2.0618e+07 2.0922e+07  1.47%     -   39s
     0     0 2.0922e+07    0  500 2.0618e+07 2.0922e+07  1.47%     -   42s
     0     0 2.0922e+07    0  507 2.0618e+07 2.0922e+07  1.47%     -   42s
     0     0 2.0922e+07    0  513 2.0618e+07 2.0922e+07  1.47%     -   42s
     0     0 2.0922e+07    0  518 2.0618e+07 2.0922e+07  1.47%     -   45s
     0     0 2.0922e+07    0  515 2.0618e+07 2.0922e+07  1.47%     -   45s
H    0     0                    2.062292e+07 2.0922e+07  1.45%     -   50s
     0     0 2.0922e+07    0  492 2.0623e+07 2.0922e+07  1.45%     -   50s
     0     0 2.0922e+07    0  498 2.0623e+07 2.0922e+07  1.45%     -   50s
     0     0 2.0922e+07    0  503 2.0623e+07 2.0922e+07  1.45%     -   51s
     0     0 2.0921e+07    0  447 2.0623e+07 2.0921e+07  1.45%     -   53s
H    0     0                    2.063918e+07 2.0921e+07  1.37%     -   55s
     0     0 2.0921e+07    0  456 2.0639e+07 2.0921e+07  1.37%     -   56s
     0     0 2.0921e+07    0  465 2.0639e+07 2.0921e+07  1.37%     -   56s
     0     0 2.0921e+07    0  464 2.0639e+07 2.0921e+07  1.37%     -   56s
     0     0 2.0921e+07    0  441 2.0639e+07 2.0921e+07  1.37%     -   59s
     0     0 2.0921e+07    0  450 2.0639e+07 2.0921e+07  1.37%     -   60s
     0     0 2.0921e+07    0  450 2.0639e+07 2.0921e+07  1.37%     -   60s
     0     0 2.0921e+07    0  445 2.0639e+07 2.0921e+07  1.37%     -   60s
     0     0 2.0921e+07    0  453 2.0639e+07 2.0921e+07  1.37%     -   63s
     0     0 2.0921e+07    0  452 2.0639e+07 2.0921e+07  1.37%     -   65s
     0     0 2.0921e+07    0  453 2.0639e+07 2.0921e+07  1.37%     -   65s
     0     0 2.0921e+07    0  457 2.0639e+07 2.0921e+07  1.37%     -   68s
     0     0 2.0921e+07    0  457 2.0639e+07 2.0921e+07  1.37%     -   76s
H    0     0                    2.075880e+07 2.0921e+07  0.78%     -   84s
H    0     0                    2.077999e+07 2.0921e+07  0.68%     -   86s
H    0     2                    2.078706e+07 2.0921e+07  0.65%     -  101s
     0     2 2.0921e+07    0  457 2.0787e+07 2.0921e+07  0.65%     -  101s
   214   247 2.0921e+07   10  466 2.0787e+07 2.0921e+07  0.65%  83.8  106s
H  251   279                    2.079247e+07 2.0921e+07  0.62%  79.6  108s
H  257   279                    2.079863e+07 2.0921e+07  0.59%  79.3  108s
H  273   279                    2.079950e+07 2.0921e+07  0.59%  79.1  108s
H  275   279                    2.080056e+07 2.0921e+07  0.58%  78.7  108s
   342   377 2.0921e+07   14  457 2.0801e+07 2.0921e+07  0.58%  80.4  110s
   806   875 2.0921e+07   26  434 2.0801e+07 2.0921e+07  0.58%  69.8  115s
  1044  1077 2.0921e+07   34  416 2.0801e+07 2.0921e+07  0.58%  64.0  123s
H 1076  1109                    2.081422e+07 2.0921e+07  0.51%  63.4  127s
  1536  1646 2.0920e+07   49  416 2.0814e+07 2.0921e+07  0.51%  58.2  130s
  2449  2603 2.0920e+07   67  383 2.0814e+07 2.0921e+07  0.51%  55.0  135s
  3495  3677 2.0917e+07   90  380 2.0814e+07 2.0921e+07  0.51%  53.8  140s
  4558  4684 2.0916e+07  113  373 2.0814e+07 2.0921e+07  0.51%  53.1  145s
H 4813  4787                    2.081434e+07 2.0921e+07  0.51%  53.4  146s
H 4819  4632                    2.081751e+07 2.0921e+07  0.50%  53.4  146s
  5488  5502 2.0914e+07  129  336 2.0818e+07 2.0921e+07  0.50%  54.1  150s
H 6173  6025                    2.081773e+07 2.0921e+07  0.50%  54.6  153s
H 6205  6025                    2.081776e+07 2.0921e+07  0.50%  54.7  153s
H 6286  6020                    2.081828e+07 2.0921e+07  0.49%  54.7  153s
  6709  6688 2.0913e+07  141  312 2.0818e+07 2.0921e+07  0.49%  54.7  156s
H 7535  7154                    2.081834e+07 2.0921e+07  0.49%  54.3  162s
H 7540  6701                    2.082583e+07 2.0921e+07  0.46%  54.2  162s
  7981  7296 2.0910e+07  168  279 2.0826e+07 2.0921e+07  0.46%  54.4  168s
  8180  7712 2.0910e+07  172  278 2.0826e+07 2.0921e+07  0.46%  54.2  170s
H 8247  7118                    2.084389e+07 2.0921e+07  0.37%  54.2  170s
  9574  8184 2.0906e+07  206  235 2.0844e+07 2.0921e+07  0.37%  53.8  176s
H 9575  7731                    2.085667e+07 2.0921e+07  0.31%  53.8  176s
H 9579  7657                    2.085798e+07 2.0921e+07  0.30%  53.8  176s
H 9634  7535                    2.086155e+07 2.0921e+07  0.29%  53.7  176s
 10423  8139 2.0905e+07  218  223 2.0862e+07 2.0921e+07  0.29%  52.7  183s
 10455  8171 2.0905e+07  219  225 2.0862e+07 2.0921e+07  0.29%  52.6  191s
H10463  8055                    2.086401e+07 2.0921e+07  0.27%  52.6  191s
H10466  7346                    2.087796e+07 2.0921e+07  0.21%  52.6  191s
 11124  8504 2.0905e+07  233  208 2.0878e+07 2.0921e+07  0.21%  51.9  196s
H11743  8403                    2.088061e+07 2.0921e+07  0.19%  51.4  199s
H11745  8027                    2.088301e+07 2.0921e+07  0.18%  51.4  199s
H11768  7289                    2.088661e+07 2.0921e+07  0.16%  51.4  199s

Cutting planes:
  Gomory: 13
  Cover: 56
  Implied bound: 3961
  Clique: 1
  MIR: 805
  Flow cover: 1262
  RLT: 2
  Relax-and-lift: 289

Explored 12014 nodes (676305 simplex iterations) in 199.53 seconds (245.71 work units)
Thread count was 32 (of 192 available processors)

Solution count 10: 2.08866e+07 2.08866e+07 2.0883e+07 ... 2.08258e+07

Optimal solution found (tolerance 2.00e-03)
Best objective 2.088661041141e+07, best bound 2.092103937390e+07, gap 0.1648%
Deleted nodefile directory: /scratch-local/lbeemster.21388547/gurobi_marketDORNUM_maxh2_0.04_sub40.0_run0
Saved model snapshot to study_case_model/figures/market_experiment/run_30326/marketDORNUM/maxh2_0.04/sub40.0/run0/model_snapshot.pkl
Finished successfully!
