Gurobi shell based on Python 3.13.1 can be launched with command `gurobi.sh`
Gurobi Python Interface can be loaded in Python 3.13.1 with 'import gurobipy'
/var/spool/slurm/slurmd/job21394912/slurm_script: line 24: activate: No such file or directory
Solving model: marketEASINGTON, maxh2_0.06, sub40.0, run1
Read LP format model from file /scratch-local/lbeemster.21394912/tmp7dprtozt.pyomo.lp
Reading time = 0.49 seconds
x1: 176513 rows, 50050 columns, 1016320 nonzeros
Set parameter OutputFlag to value 1
Set parameter MIPGap to value 0.002
Set parameter Threads to value 32
Set parameter Presolve to value 1
Set parameter Cuts to value 1
Set parameter NodefileStart to value 1
Set parameter NodefileDir to value "/scratch-local/lbeemster.21394912/gurobi_marketEASINGTON_maxh2_0.06_sub40.0_run1"
Set parameter MemLimit to value 60
Gurobi Optimizer version 12.0.3 build v12.0.3rc0 (linux64 - "Red Hat Enterprise Linux 9.6 (Plow)")

CPU model: AMD EPYC 9654 96-Core Processor, instruction set [SSE2|AVX|AVX2|AVX512]
Thread count: 192 physical cores, 192 logical processors, using up to 32 threads

Non-default parameters:
MemLimit  60
MIPGap  0.002
NodefileStart  1
Cuts  1
Presolve  1
Threads  32

Academic license 2514514 - for non-commercial use only - registered to l.___@student.vu.nl
Optimize a model with 176513 rows, 50050 columns and 1016320 nonzeros
Model fingerprint: 0xc06f6cb0
Variable types: 39426 continuous, 10624 integer (10624 binary)
Coefficient statistics:
  Matrix range     [6e-05, 1e+05]
  Objective range  [5e-02, 3e+04]
  Bounds range     [1e+00, 1e+00]
  RHS range        [3e-01, 2e+05]
Presolve removed 35729 rows and 24246 columns
Presolve time: 3.82s
Presolved: 140784 rows, 25804 columns, 914233 nonzeros
Variable types: 20020 continuous, 5784 integer (5784 binary)
Found heuristic solution: objective 1.998322e+07
Found heuristic solution: objective 2.018743e+07

Deterministic concurrent LP optimizer: primal simplex, dual simplex, and barrier
Showing barrier log only...

Root relaxation presolved: 24867 rows, 165527 columns, 939059 nonzeros

Root barrier log...

Ordering time: 0.05s

Barrier statistics:
 Free vars  : 1920
 AA' NZ     : 5.648e+05
 Factor NZ  : 1.462e+06 (roughly 90 MB of memory)
 Factor Ops : 1.040e+08 (less than 1 second per iteration)
 Threads    : 30

                  Objective                Residual
Iter       Primal          Dual         Primal    Dual     Compl     Time
   0   1.55600688e+12  2.85764552e+06  7.54e+06 3.25e+02  1.61e+08     8s
   1   1.04548031e+12 -2.00808632e+08  4.22e+06 3.45e+03  9.94e+07     8s
   2   7.53524861e+11 -2.07857586e+08  2.36e+06 2.26e+03  6.22e+07     8s
   3   4.84707784e+11 -1.61338047e+08  8.01e+05 1.31e+03  3.14e+07     8s
   4   3.98725166e+11 -9.14494419e+07  4.64e+05 6.51e+02  1.67e+07     8s
   5   3.07301153e+11 -6.44670164e+07  2.46e+05 4.30e+02  1.04e+07     8s
   6   2.34649114e+11 -4.64444782e+07  1.43e+05 2.82e+02  6.66e+06     9s
   7   1.64864316e+11 -3.02323234e+07  7.18e+04 1.71e+02  3.87e+06     9s
   8   1.19363777e+11 -1.59682635e+07  4.02e+04 9.05e+01  2.14e+06     9s
   9   9.12594926e+10 -7.96592954e+06  2.64e+04 5.46e+01  1.35e+06     9s
  10   6.06492981e+10 -4.66256575e+06  1.51e+04 2.99e+01  7.71e+05     9s
  11   3.12853060e+10 -1.73125724e+06  5.97e+03 1.62e+01  3.65e+05     9s
  12   2.08644593e+10 -1.45579749e+05  3.50e+03 8.33e+00  2.07e+05     9s
  13   9.34750408e+09  7.32488872e+05  1.23e+03 3.51e+00  8.24e+04     9s
  14   3.97714254e+09  1.43150174e+06  4.26e+02 1.54e+00  3.28e+04     9s
  15   3.23325325e+09  3.39437147e+06  3.35e+02 7.06e-01  2.31e+04     9s
  16   2.44422415e+09  3.96115517e+06  2.45e+02 5.15e-01  1.70e+04     9s
  17   1.76505289e+09  6.72161259e+06  1.70e+02 1.87e-01  1.12e+04     9s
  18   8.70814245e+08  8.18812765e+06  8.01e+01 8.76e-02  5.38e+03     9s
  19   2.61918200e+08  1.04869229e+07  2.04e+01 3.33e-02  1.54e+03     9s
  20   1.44952242e+08  1.29506192e+07  1.01e+01 1.87e-02  8.00e+02     9s
  21   7.74979929e+07  1.51157156e+07  4.16e+00 1.30e-02  3.73e+02     9s
  22   5.28813782e+07  1.85457241e+07  2.05e+00 6.74e-03  2.02e+02     9s
  23   3.89295965e+07  1.99936255e+07  1.02e+00 3.90e-03  1.10e+02     9s
  24   3.09015675e+07  2.02936949e+07  5.46e-01 2.00e-03  6.13e+01     9s
  25   2.71764693e+07  2.07778415e+07  3.18e-01 2.81e-03  3.67e+01     9s
  26   2.51157313e+07  2.10458516e+07  2.02e-01 1.69e-03  2.33e+01     9s
  27   2.36969149e+07  2.12009156e+07  1.23e-01 1.88e-03  1.43e+01    10s
  28   2.26166426e+07  2.12945743e+07  6.44e-02 8.30e-04  7.55e+00    10s
  29   2.21994991e+07  2.13209003e+07  4.15e-02 7.61e-04  5.01e+00    10s
  30   2.19462999e+07  2.13519267e+07  2.76e-02 5.44e-04  3.38e+00    10s
  31   2.17341287e+07  2.13660003e+07  1.56e-02 4.72e-04  2.09e+00    10s
  32   2.16260402e+07  2.13859726e+07  9.96e-03 4.10e-04  1.36e+00    10s

Barrier performed 32 iterations in 9.78 seconds (8.50 work units)
Barrier solve interrupted - model solved by another algorithm

Concurrent spin time: 0.23s

Solved with primal simplex

Root relaxation: objective 2.146362e+07, 31387 iterations, 2.53 seconds (2.05 work units)
Total elapsed time = 10.62s (DegenMoves)

    Nodes    |    Current Node    |     Objective Bounds      |     Work
 Expl Unexpl |  Obj  Depth IntInf | Incumbent    BestBd   Gap | It/Node Time

     0     0 2.1464e+07    0  413 2.0187e+07 2.1464e+07  6.32%     -   11s
     0     0 2.1460e+07    0  473 2.0187e+07 2.1460e+07  6.30%     -   15s
H    0     0                    2.090675e+07 2.1459e+07  2.64%     -   17s
     0     0 2.1453e+07    0  580 2.0907e+07 2.1453e+07  2.61%     -   17s
     0     0 2.1453e+07    0  585 2.0907e+07 2.1453e+07  2.61%     -   18s
     0     0 2.1453e+07    0  588 2.0907e+07 2.1453e+07  2.61%     -   18s
     0     0 2.1453e+07    0  588 2.0907e+07 2.1453e+07  2.61%     -   18s
     0     0 2.1447e+07    0  564 2.0907e+07 2.1447e+07  2.59%     -   21s
H    0     0                    2.113668e+07 2.1447e+07  1.47%     -   22s
     0     0 2.1447e+07    0  611 2.1137e+07 2.1447e+07  1.47%     -   23s
     0     0 2.1447e+07    0  627 2.1137e+07 2.1447e+07  1.47%     -   23s
     0     0 2.1447e+07    0  637 2.1137e+07 2.1447e+07  1.47%     -   23s
     0     0 2.1447e+07    0  607 2.1137e+07 2.1447e+07  1.47%     -   27s
     0     0 2.1446e+07    0  636 2.1137e+07 2.1446e+07  1.47%     -   29s
     0     0 2.1446e+07    0  658 2.1137e+07 2.1446e+07  1.47%     -   30s
     0     0 2.1446e+07    0  663 2.1137e+07 2.1446e+07  1.47%     -   30s
     0     0 2.1446e+07    0  667 2.1137e+07 2.1446e+07  1.47%     -   30s
     0     0 2.1446e+07    0  636 2.1137e+07 2.1446e+07  1.46%     -   34s
     0     0 2.1446e+07    0  635 2.1137e+07 2.1446e+07  1.46%     -   35s
     0     0 2.1446e+07    0  637 2.1137e+07 2.1446e+07  1.46%     -   36s
     0     0 2.1446e+07    0  641 2.1137e+07 2.1446e+07  1.46%     -   36s
     0     0 2.1446e+07    0  647 2.1137e+07 2.1446e+07  1.46%     -   36s
     0     0 2.1445e+07    0  562 2.1137e+07 2.1445e+07  1.46%     -   40s
     0     0 2.1445e+07    0  568 2.1137e+07 2.1445e+07  1.46%     -   41s
     0     0 2.1445e+07    0  575 2.1137e+07 2.1445e+07  1.46%     -   42s
     0     0 2.1445e+07    0  572 2.1137e+07 2.1445e+07  1.46%     -   42s
     0     0 2.1445e+07    0  566 2.1137e+07 2.1445e+07  1.46%     -   45s
     0     0 2.1445e+07    0  569 2.1137e+07 2.1445e+07  1.46%     -   46s
     0     0 2.1445e+07    0  584 2.1137e+07 2.1445e+07  1.46%     -   46s
     0     0 2.1445e+07    0  588 2.1137e+07 2.1445e+07  1.46%     -   47s
     0     0 2.1445e+07    0  563 2.1137e+07 2.1445e+07  1.46%     -   49s
     0     0 2.1445e+07    0  562 2.1137e+07 2.1445e+07  1.46%     -   52s
     0     0 2.1445e+07    0  567 2.1137e+07 2.1445e+07  1.46%     -   52s
     0     0 2.1445e+07    0  572 2.1137e+07 2.1445e+07  1.46%     -   52s
     0     0 2.1445e+07    0  553 2.1137e+07 2.1445e+07  1.46%     -   55s
H    0     0                    2.114695e+07 2.1445e+07  1.41%     -   57s
     0     0 2.1445e+07    0  566 2.1147e+07 2.1445e+07  1.41%     -   57s
     0     0 2.1445e+07    0  571 2.1147e+07 2.1445e+07  1.41%     -   58s
     0     0 2.1445e+07    0  563 2.1147e+07 2.1445e+07  1.41%     -   60s
     0     0 2.1445e+07    0  582 2.1147e+07 2.1445e+07  1.41%     -   62s
     0     0 2.1445e+07    0  582 2.1147e+07 2.1445e+07  1.41%     -   62s
     0     0 2.1445e+07    0  552 2.1147e+07 2.1445e+07  1.41%     -   65s
     0     0 2.1445e+07    0  552 2.1147e+07 2.1445e+07  1.41%     -   74s
H    0     0                    2.126385e+07 2.1445e+07  0.85%     -   83s
H    0     0                    2.126643e+07 2.1445e+07  0.84%     -   83s
H    0     0                    2.130859e+07 2.1445e+07  0.64%     -   90s
     0     2 2.1445e+07    0  552 2.1309e+07 2.1445e+07  0.64%     -   92s
    31    64 2.1445e+07    5  555 2.1309e+07 2.1445e+07  0.64%   342   96s
H   95   128                    2.132891e+07 2.1445e+07  0.54%   206  101s
H   98   128                    2.133211e+07 2.1445e+07  0.53%   201  101s
H   99   128                    2.133433e+07 2.1445e+07  0.52%   200  101s
H  100   128                    2.133963e+07 2.1445e+07  0.49%   198  101s
   440   694 2.1443e+07   14  520 2.1340e+07 2.1445e+07  0.49%   110  107s
   693  1144 2.1443e+07   21  509 2.1340e+07 2.1445e+07  0.49%   106  111s
  1143  1706 2.1442e+07   30  499 2.1340e+07 2.1445e+07  0.49%  88.5  117s
H 1194  1706                    2.134318e+07 2.1445e+07  0.47%  88.0  117s
H 1359  1706                    2.134506e+07 2.1445e+07  0.47%  86.3  117s
H 1366  1706                    2.134650e+07 2.1445e+07  0.46%  86.3  117s
H 1679  1706                    2.134927e+07 2.1445e+07  0.45%  84.7  117s
H 1699  1706                    2.135130e+07 2.1445e+07  0.44%  84.2  117s
  1707  1736 2.1442e+07   42  477 2.1351e+07 2.1445e+07  0.44%  84.1  127s
H 1741  1768                    2.135603e+07 2.1445e+07  0.41%  84.3  132s
H 1742  1768                    2.135715e+07 2.1445e+07  0.41%  84.3  132s
H 1744  1768                    2.136138e+07 2.1445e+07  0.39%  84.3  132s
H 1746  1768                    2.136220e+07 2.1445e+07  0.39%  84.4  132s
H 1766  1768                    2.136349e+07 2.1445e+07  0.38%  84.2  132s
  1773  2735 2.1440e+07   43  496 2.1363e+07 2.1445e+07  0.38%  84.2  137s
  2784  3516 2.1438e+07   64  432 2.1363e+07 2.1445e+07  0.38%  72.1  144s
H 2814  3503                    2.136590e+07 2.1445e+07  0.37%  72.0  144s
H 3062  3484                    2.137239e+07 2.1445e+07  0.34%  71.9  144s
H 3361  3409                    2.138212e+07 2.1445e+07  0.29%  70.2  144s
  3592  4240 2.1436e+07   85  392 2.1382e+07 2.1445e+07  0.29%  69.1  150s
  6082  6720 2.1430e+07  136  317 2.1382e+07 2.1444e+07  0.29%  62.6  159s
H 6760  6565                    2.138651e+07 2.1444e+07  0.27%  62.4  159s
  7059  7564 2.1428e+07  162  293 2.1387e+07 2.1444e+07  0.27%  61.9  163s
  8122  8833 2.1425e+07  184  276 2.1387e+07 2.1444e+07  0.27%  61.3  168s
  9409  9123 2.1424e+07  209  245 2.1387e+07 2.1444e+07  0.27%  60.3  174s
H 9464  8849                    2.139631e+07 2.1444e+07  0.23%  60.3  174s
  9699  9650 2.1423e+07  218  254 2.1396e+07 2.1444e+07  0.23%  60.1  178s
 10502 10808 2.1423e+07  234  238 2.1396e+07 2.1444e+07  0.23%  59.0  184s
H10652 10798                    2.139648e+07 2.1444e+07  0.22%  58.6  184s
H11252 10771                    2.139694e+07 2.1444e+07  0.22%  57.2  184s
 11678 12036 2.1420e+07  259  223 2.1397e+07 2.1444e+07  0.22%  56.7  188s
 12977 13075 2.1419e+07  292  205 2.1397e+07 2.1444e+07  0.22%  55.8  191s
 14054 14039 2.1418e+07  313  178 2.1397e+07 2.1444e+07  0.22%  55.3  195s
 15038 14040 2.1429e+07  179  552 2.1397e+07 2.1444e+07  0.22%  55.3  231s
 15040 14041 2.1436e+07   78  416 2.1397e+07 2.1444e+07  0.22%  55.3  300s
 15041 14042 2.1433e+07  112  439 2.1397e+07 2.1444e+07  0.22%  55.2  308s
H15041 13339                    2.139814e+07 2.1444e+07  0.22%  55.2  308s
H15041 12672                    2.139926e+07 2.1444e+07  0.21%  55.2  308s
 15042 12673 2.1438e+07   88  438 2.1399e+07 2.1444e+07  0.21%  55.2  311s
H15043 12040                    2.140011e+07 2.1444e+07  0.20%  55.2  314s
 15044 12041 2.1431e+07  134  500 2.1400e+07 2.1444e+07  0.20%  55.2  316s
H15044 11438                    2.140045e+07 2.1444e+07  0.20%  55.2  316s
H15044 10866                    2.140132e+07 2.1444e+07  0.20%  55.2  316s

Cutting planes:
  Gomory: 28
  Cover: 17
  Implied bound: 382
  MIR: 797
  Flow cover: 1062
  GUB cover: 1
  Relax-and-lift: 606
  BQP: 2
  PSD: 1

Explored 15044 nodes (951193 simplex iterations) in 316.69 seconds (376.27 work units)
Thread count was 32 (of 192 available processors)

Solution count 10: 2.14013e+07 2.14005e+07 2.14001e+07 ... 2.13724e+07

Optimal solution found (tolerance 2.00e-03)
Best objective 2.140131873927e+07, best bound 2.144374451482e+07, gap 0.1982%
Deleted nodefile directory: /scratch-local/lbeemster.21394912/gurobi_marketEASINGTON_maxh2_0.06_sub40.0_run1
Saved model snapshot to study_case_model/figures/market_experiment/run_30326/marketEASINGTON/maxh2_0.06/sub40.0/run1/model_snapshot.pkl
Finished successfully!
