Gurobi shell based on Python 3.13.1 can be launched with command `gurobi.sh`
Gurobi Python Interface can be loaded in Python 3.13.1 with 'import gurobipy'
/var/spool/slurm/slurmd/job21597313/slurm_script: line 24: activate: No such file or directory
Solving model: dev0.1, sub55.0, run6
Read LP format model from file /scratch-local/lbeemster.21597313/tmp2mjqn8b3.pyomo.lp
Reading time = 0.54 seconds
x1: 176513 rows, 50050 columns, 1016320 nonzeros
Set parameter OutputFlag to value 1
Set parameter MIPGap to value 0.002
Set parameter Threads to value 48
Set parameter Presolve to value 1
Set parameter Cuts to value 1
Set parameter NodefileStart to value 1
Set parameter NodefileDir to value "/scratch-local/lbeemster.21597313/gurobi_dev0.1_sub55.0_run6"
Set parameter MemLimit to value 60
Gurobi Optimizer version 12.0.3 build v12.0.3rc0 (linux64 - "Red Hat Enterprise Linux 9.6 (Plow)")

CPU model: AMD EPYC 9654 96-Core Processor, instruction set [SSE2|AVX|AVX2|AVX512]
Thread count: 192 physical cores, 192 logical processors, using up to 48 threads

Non-default parameters:
MemLimit  60
MIPGap  0.002
NodefileStart  1
Cuts  1
Presolve  1
Threads  48

Academic license 2514514 - for non-commercial use only - registered to l.___@student.vu.nl
Optimize a model with 176513 rows, 50050 columns and 1016320 nonzeros
Model fingerprint: 0x98560ae7
Variable types: 39426 continuous, 10624 integer (10624 binary)
Coefficient statistics:
  Matrix range     [6e-05, 1e+05]
  Objective range  [2e+00, 3e+04]
  Bounds range     [1e+00, 1e+00]
  RHS range        [3e-01, 2e+05]
Presolve removed 32384 rows and 21558 columns
Presolve time: 3.25s
Presolved: 144129 rows, 28492 columns, 843330 nonzeros
Variable types: 22708 continuous, 5784 integer (5784 binary)

Deterministic concurrent LP optimizer: primal simplex, dual simplex, and barrier
Showing barrier log only...

Root relaxation presolved: 26497 rows, 170626 columns, 871628 nonzeros

Root barrier log...

Ordering time: 0.05s

Barrier statistics:
 Dense cols : 34
 Free vars  : 2112
 AA' NZ     : 5.964e+05
 Factor NZ  : 1.632e+06 (roughly 100 MB of memory)
 Factor Ops : 1.215e+08 (less than 1 second per iteration)
 Threads    : 45

                  Objective                Residual
Iter       Primal          Dual         Primal    Dual     Compl     Time
   0   1.66988925e+12  1.10151436e+06  7.91e+06 3.38e+02  1.72e+08     5s
   1   1.27518054e+12 -3.14065723e+08  5.21e+06 3.41e+03  1.10e+08     5s
   2   8.88104044e+11 -3.69344579e+08  2.67e+06 2.53e+03  7.09e+07     5s
   3   6.39382720e+11 -3.60180241e+08  1.19e+06 1.57e+03  4.03e+07     5s
   4   5.09797254e+11 -3.03428623e+08  6.46e+05 1.04e+03  2.56e+07     5s
   5   4.12086885e+11 -2.30561319e+08  3.91e+05 7.41e+02  1.78e+07     5s
   6   3.28490581e+11 -1.24088575e+08  2.39e+05 3.67e+02  9.52e+06     5s
   7   2.59712210e+11 -8.35753706e+07  1.57e+05 2.37e+02  6.22e+06     5s
   8   2.42023455e+11 -8.20884541e+07  1.44e+05 2.33e+02  5.96e+06     5s
   9   2.16785449e+11 -6.18592677e+07  1.19e+05 1.68e+02  4.55e+06     5s
  10   1.70588879e+11 -4.60280501e+07  8.23e+04 1.24e+02  3.29e+06     6s
  11   1.43827532e+11 -2.78616404e+07  6.34e+04 7.56e+01  2.25e+06     6s
  12   1.00319863e+11 -1.46862856e+07  3.76e+04 4.08e+01  1.30e+06     6s
  13   5.64554229e+10 -5.04890307e+06  1.65e+04 1.66e+01  5.85e+05     6s
  14   2.54067043e+10  2.83721013e+05  5.77e+03 3.80e+00  1.98e+05     6s
  15   1.28285242e+10  1.26956186e+06  2.64e+03 1.69e+00  9.34e+04     6s
  16   7.63489727e+09  2.12853929e+06  1.49e+03 6.37e-01  5.13e+04     6s
  17   4.96089796e+09  2.60392080e+06  9.41e+02 3.86e-01  3.27e+04     6s
  18   2.75821356e+09  3.07151774e+06  5.06e+02 2.76e-01  1.81e+04     6s
  19   2.10382503e+09  4.09293268e+06  3.76e+02 1.38e-01  1.34e+04     6s
  20   8.74103315e+08  5.21566278e+06  1.40e+02 5.05e-02  5.38e+03     6s
  21   4.06305802e+08  6.35962277e+06  6.14e+01 2.47e-02  2.45e+03     6s
  22   2.60369113e+08  8.66057973e+06  3.67e+01 1.10e-02  1.52e+03     6s
  23   1.68519315e+08  9.89068131e+06  2.22e+01 7.70e-03  9.48e+02     6s
  24   1.14823496e+08  1.55108492e+07  1.38e+01 3.14e-03  5.87e+02     6s
  25   7.71782194e+07  1.74245548e+07  7.90e+00 2.23e-03  3.51e+02     6s
  26   4.92720997e+07  1.97311140e+07  3.67e+00 1.70e-03  1.72e+02     6s
  27   4.07569438e+07  1.99336296e+07  2.50e+00 1.10e-03  1.21e+02     6s
  28   2.93412413e+07  2.08388126e+07  9.23e-01 8.42e-04  4.89e+01     6s
  29   2.70862605e+07  2.12726204e+07  6.13e-01 7.98e-04  3.33e+01     6s
  30   2.55074754e+07  2.16176596e+07  4.03e-01 8.41e-04  2.22e+01     6s
  31   2.36640459e+07  2.17561923e+07  1.89e-01 7.77e-04  1.09e+01     6s
  32   2.30424692e+07  2.18480952e+07  1.17e-01 5.56e-04  6.79e+00     6s
  33   2.26568325e+07  2.18779890e+07  7.45e-02 4.88e-04  4.42e+00     7s
  34   2.25291687e+07  2.19009598e+07  6.05e-02 3.88e-04  3.56e+00     7s
  35   2.23821895e+07  2.19196312e+07  4.51e-02 3.82e-04  2.62e+00     7s
  36   2.22625437e+07  2.19315496e+07  3.24e-02 3.59e-04  1.88e+00     7s
  37   2.21434398e+07  2.19421431e+07  1.94e-02 3.41e-04  1.14e+00     7s
  38   2.20919151e+07  2.19623815e+07  1.24e-02 2.72e-04  7.28e-01     7s
  39   2.20575941e+07  2.19776392e+07  7.45e-03 2.96e-04  4.45e-01     7s
  40   2.20425377e+07  2.19878497e+07  5.02e-03 2.82e-04  3.03e-01     7s
  41   2.20303184e+07  2.19951016e+07  3.05e-03 2.61e-04  1.94e-01     7s
  42   2.20235143e+07  2.19976227e+07  2.04e-03 2.41e-04  1.42e-01     7s
  43   2.20202245e+07  2.20014413e+07  1.57e-03 1.92e-04  1.03e-01     7s
  44   2.20161249e+07  2.20045235e+07  1.02e-03 1.34e-04  6.34e-02     7s
  45   2.20128248e+07  2.20059753e+07  6.22e-04 1.39e-04  3.75e-02     7s
  46   2.20106664e+07  2.20066020e+07  3.77e-04 1.24e-04  2.22e-02     7s
  47   2.20096366e+07  2.20067379e+07  2.66e-04 1.05e-04  1.59e-02     7s
  48   2.20085006e+07  2.20069286e+07  1.45e-04 6.17e-05  8.60e-03     7s
  49   2.20079983e+07  2.20069676e+07  9.44e-05 4.43e-05  5.63e-03     7s
  50   2.20075091e+07  2.20069908e+07  4.63e-05 2.22e-05  2.83e-03     7s
  51   2.20071063e+07  2.20070108e+07  6.48e-06 1.82e-05  5.17e-04     7s
  52   2.20070594e+07  2.20070138e+07  3.01e-06 8.46e-06  2.47e-04     7s
  53   2.20070427e+07  2.20070147e+07  1.84e-06 3.48e-06  1.52e-04     8s
  54   2.20070193e+07  2.20070152e+07  2.43e-07 1.25e-06  2.23e-05     8s
  55   2.20070163e+07  2.20070155e+07  3.12e-08 2.71e-07  3.92e-06     8s
  56   2.20070158e+07  2.20070156e+07  7.31e-09 8.07e-08  1.11e-06     8s
  57   2.20070156e+07  2.20070156e+07  4.72e-09 1.08e-08  1.46e-07     8s
  58   2.20070156e+07  2.20070156e+07  9.05e-10 3.53e-09  1.92e-09     8s

Barrier solved model in 58 iterations and 8.10 seconds (7.38 work units)
Optimal objective 2.20070156e+07


Root crossover log...

    8030 DPushes remaining with DInf 1.3591735e-02                 8s
       0 DPushes remaining with DInf 0.0000000e+00                 8s

    2779 PPushes remaining with PInf 7.5016079e-04                 8s
       0 PPushes remaining with PInf 0.0000000e+00                 8s

  Push phase complete: Pinf 0.0000000e+00, Dinf 1.6366135e-02      8s


Root simplex log...

Iteration    Objective       Primal Inf.    Dual Inf.      Time
    8424    2.2007016e+07   0.000000e+00   1.636613e-02      8s
    8444    2.2007016e+07   0.000000e+00   0.000000e+00      8s
    8444    2.2007016e+07   0.000000e+00   0.000000e+00      8s
    8444    2.2007016e+07   0.000000e+00   0.000000e+00      9s
Concurrent spin time: 0.57s (can be avoided by choosing Method=3)

Solved with barrier

Root relaxation: objective 2.200702e+07, 8444 iterations, 5.02 seconds (3.88 work units)

    Nodes    |    Current Node    |     Objective Bounds      |     Work
 Expl Unexpl |  Obj  Depth IntInf | Incumbent    BestBd   Gap | It/Node Time

     0     0 2.2007e+07    0  528          - 2.2007e+07      -     -   10s
H    0     0                    2.054790e+07 2.2007e+07  7.10%     -   12s
H    0     0                    2.074898e+07 2.2007e+07  6.06%     -   15s
     0     0 2.1978e+07    0  747 2.0749e+07 2.1978e+07  5.92%     -   17s
H    0     0                    2.126650e+07 2.1977e+07  3.34%     -   19s
     0     0 2.1972e+07    0  777 2.1266e+07 2.1972e+07  3.32%     -   20s
     0     0 2.1971e+07    0  801 2.1266e+07 2.1971e+07  3.31%     -   21s
     0     0 2.1971e+07    0  807 2.1266e+07 2.1971e+07  3.31%     -   22s
     0     0 2.1971e+07    0  807 2.1266e+07 2.1971e+07  3.31%     -   22s
     0     0 2.1969e+07    0  852 2.1266e+07 2.1969e+07  3.30%     -   27s
H    0     0                    2.132732e+07 2.1969e+07  3.01%     -   28s
     0     0 2.1967e+07    0  875 2.1327e+07 2.1967e+07  3.00%     -   32s
     0     0 2.1967e+07    0  900 2.1327e+07 2.1967e+07  3.00%     -   32s
     0     0 2.1967e+07    0  905 2.1327e+07 2.1967e+07  3.00%     -   33s
     0     0 2.1967e+07    0  911 2.1327e+07 2.1967e+07  3.00%     -   34s
H    0     0                    2.147118e+07 2.1967e+07  2.31%     -   38s
H    0     0                    2.147706e+07 2.1963e+07  2.26%     -   40s
     0     0 2.1963e+07    0  931 2.1477e+07 2.1963e+07  2.26%     -   41s
H    0     0                    2.155300e+07 2.1963e+07  1.90%     -   44s
     0     0 2.1962e+07    0  963 2.1553e+07 2.1962e+07  1.90%     -   45s
     0     0 2.1960e+07    0  954 2.1553e+07 2.1960e+07  1.89%     -   47s
     0     0 2.1960e+07    0  969 2.1553e+07 2.1960e+07  1.89%     -   48s
     0     0 2.1960e+07    0  989 2.1553e+07 2.1960e+07  1.89%     -   49s
     0     0 2.1960e+07    0  983 2.1553e+07 2.1960e+07  1.89%     -   49s
     0     0 2.1960e+07    0  999 2.1553e+07 2.1960e+07  1.89%     -   50s
     0     0 2.1960e+07    0 1008 2.1553e+07 2.1960e+07  1.89%     -   50s
     0     0 2.1960e+07    0 1010 2.1553e+07 2.1960e+07  1.89%     -   50s
     0     0 2.1958e+07    0  980 2.1553e+07 2.1958e+07  1.88%     -   58s
H    0     0                    2.155589e+07 2.1958e+07  1.87%     -   63s
H    0     0                    2.155725e+07 2.1957e+07  1.85%     -   65s
     0     0 2.1957e+07    0 1002 2.1557e+07 2.1957e+07  1.85%     -   65s
     0     0 2.1957e+07    0  997 2.1557e+07 2.1957e+07  1.85%     -   67s
     0     0 2.1957e+07    0 1009 2.1557e+07 2.1957e+07  1.85%     -   67s
     0     0 2.1957e+07    0 1038 2.1557e+07 2.1957e+07  1.85%     -   68s
     0     0 2.1957e+07    0 1037 2.1557e+07 2.1957e+07  1.85%     -   68s
     0     0 2.1955e+07    0  884 2.1557e+07 2.1955e+07  1.85%     -   81s
H    0     0                    2.156830e+07 2.1955e+07  1.79%     -   84s
     0     0 2.1955e+07    0  924 2.1568e+07 2.1955e+07  1.79%     -   85s
     0     0 2.1955e+07    0  940 2.1568e+07 2.1955e+07  1.79%     -   85s
     0     0 2.1955e+07    0  940 2.1568e+07 2.1955e+07  1.79%     -   86s
     0     0 2.1955e+07    0  954 2.1568e+07 2.1955e+07  1.79%     -   86s
     0     0 2.1954e+07    0  921 2.1568e+07 2.1954e+07  1.79%     -   91s
H    0     0                    2.157218e+07 2.1954e+07  1.77%     -   93s
H    0     0                    2.157238e+07 2.1954e+07  1.77%     -   94s
H    0     0                    2.157296e+07 2.1954e+07  1.77%     -   94s
H    0     0                    2.157890e+07 2.1954e+07  1.74%     -   94s
H    0     0                    2.157920e+07 2.1954e+07  1.74%     -   94s
     0     0 2.1954e+07    0  921 2.1579e+07 2.1954e+07  1.74%     -   95s
     0     0 2.1954e+07    0  937 2.1579e+07 2.1954e+07  1.74%     -   96s
     0     0 2.1954e+07    0  926 2.1579e+07 2.1954e+07  1.74%     -   96s
     0     0 2.1954e+07    0  944 2.1579e+07 2.1954e+07  1.74%     -   96s
     0     0 2.1953e+07    0  951 2.1579e+07 2.1953e+07  1.73%     -  100s
     0     0 2.1953e+07    0  959 2.1579e+07 2.1953e+07  1.73%     -  104s
     0     0 2.1953e+07    0  955 2.1579e+07 2.1953e+07  1.73%     -  105s
     0     0 2.1953e+07    0  960 2.1579e+07 2.1953e+07  1.73%     -  105s
     0     0 2.1953e+07    0  962 2.1579e+07 2.1953e+07  1.73%     -  109s
H    0     0                    2.159236e+07 2.1953e+07  1.67%     -  114s
     0     0 2.1953e+07    0  986 2.1592e+07 2.1953e+07  1.67%     -  115s
     0     0 2.1953e+07    0  975 2.1592e+07 2.1953e+07  1.67%     -  115s
     0     0 2.1953e+07    0  985 2.1592e+07 2.1953e+07  1.67%     -  116s
     0     0 2.1953e+07    0  970 2.1592e+07 2.1953e+07  1.67%     -  119s
     0     0 2.1953e+07    0  960 2.1592e+07 2.1953e+07  1.67%     -  122s
     0     0 2.1953e+07    0  975 2.1592e+07 2.1953e+07  1.67%     -  123s
     0     0 2.1953e+07    0  961 2.1592e+07 2.1953e+07  1.67%     -  123s
     0     0 2.1952e+07    0  948 2.1592e+07 2.1952e+07  1.67%     -  127s
     0     0 2.1952e+07    0  946 2.1592e+07 2.1952e+07  1.67%     -  129s
     0     0 2.1952e+07    0  934 2.1592e+07 2.1952e+07  1.67%     -  130s
H    0     0                    2.166535e+07 2.1952e+07  1.32%     -  132s
     0     0 2.1952e+07    0  936 2.1665e+07 2.1952e+07  1.32%     -  133s
     0     0 2.1952e+07    0  960 2.1665e+07 2.1952e+07  1.32%     -  136s
     0     0 2.1952e+07    0  967 2.1665e+07 2.1952e+07  1.32%     -  137s
     0     0 2.1952e+07    0  927 2.1665e+07 2.1952e+07  1.32%     -  140s
H    0     0                    2.169013e+07 2.1952e+07  1.21%     -  152s
     0     0 2.1952e+07    0  927 2.1690e+07 2.1952e+07  1.21%     -  153s
     0     2 2.1952e+07    0  927 2.1690e+07 2.1952e+07  1.21%     -  175s
    31    64 2.1951e+07    5  953 2.1690e+07 2.1952e+07  1.21%   657  182s
    63   112 2.1950e+07    6  945 2.1690e+07 2.1952e+07  1.21%   513  185s
   342   397 2.1949e+07   11  931 2.1690e+07 2.1952e+07  1.21%   262  191s
   613   708 2.1947e+07   16  903 2.1690e+07 2.1952e+07  1.21%   201  195s
   970  1055 2.1947e+07   21  882 2.1690e+07 2.1952e+07  1.21%   174  200s
  1102  1151 2.1946e+07   23  877 2.1690e+07 2.1952e+07  1.21%   169  212s
  1150  1199 2.1946e+07   24  878 2.1690e+07 2.1952e+07  1.21%   169  216s
  1198  1247 2.1946e+07   25  874 2.1690e+07 2.1952e+07  1.21%   169  222s
  1246  1296 2.1946e+07   25  854 2.1690e+07 2.1952e+07  1.21%   170  229s
  1295  1344 2.1946e+07   26  879 2.1690e+07 2.1952e+07  1.21%   174  237s
  1347  1392 2.1946e+07   26  862 2.1690e+07 2.1952e+07  1.21%   176  247s
  1397  1442 2.1946e+07   27  865 2.1690e+07 2.1952e+07  1.21%   179  250s
H 1454  1494                    2.169632e+07 2.1952e+07  1.18%   182  252s
  1617  1707 2.1944e+07   28  857 2.1696e+07 2.1952e+07  1.18%   186  257s
  1825  1935 2.1945e+07   30  849 2.1696e+07 2.1952e+07  1.18%   196  262s
  2049  2190 2.1943e+07   34  833 2.1696e+07 2.1952e+07  1.18%   202  266s
  2350  2481 2.1944e+07   40  797 2.1696e+07 2.1952e+07  1.18%   198  271s
  2488  2529 2.1942e+07   41  794 2.1696e+07 2.1952e+07  1.18%   200  275s
  2536  2588 2.1942e+07   42  802 2.1696e+07 2.1952e+07  1.18%   202  280s
H 2549  2588                    2.169779e+07 2.1952e+07  1.17%   203  280s
H 2569  2588                    2.169790e+07 2.1952e+07  1.17%   204  280s
H 2574  2588                    2.170065e+07 2.1952e+07  1.16%   204  280s
  2759  2928 2.1941e+07   44  806 2.1701e+07 2.1952e+07  1.16%   207  286s
Created node file directory '/scratch-local/lbeemster.21597313/gurobi_dev0.1_sub55.0_run6/grbnodes0'
  3211  3253 2.1940e+07   51  775 2.1701e+07 2.1952e+07  1.16%   203  293s
  3260  3309 2.1940e+07   52  765 2.1701e+07 2.1952e+07  1.16%   202  295s
H 3262  3309                    2.171123e+07 2.1952e+07  1.11%   202  295s
  3588  3821 2.1937e+07   57  762 2.1711e+07 2.1952e+07  1.11%   198  302s
  3830  4141 2.1923e+07   61  747 2.1711e+07 2.1952e+07  1.11%   194  306s
  4162  4463 2.1934e+07   67  764 2.1711e+07 2.1952e+07  1.11%   191  310s
  4854  4873 2.1930e+07   75  741 2.1711e+07 2.1952e+07  1.11%   187  319s
H 4855  4873                    2.171125e+07 2.1952e+07  1.11%   187  319s
H 4867  4873                    2.171132e+07 2.1952e+07  1.11%   187  319s
  4908  5197 2.1918e+07   75  731 2.1711e+07 2.1952e+07  1.11%   187  323s
  5232  5535 2.1927e+07   78  747 2.1711e+07 2.1952e+07  1.11%   187  327s
  5576  5993 2.1926e+07   80  733 2.1711e+07 2.1952e+07  1.11%   185  332s
  6034  6041 2.1923e+07   85  715 2.1711e+07 2.1952e+07  1.11%   182  337s
H 6064  6041                    2.171134e+07 2.1952e+07  1.11%   182  337s
  6082  6554 2.1923e+07   85  706 2.1711e+07 2.1952e+07  1.11%   182  342s
  6595  6804 2.1922e+07   89  685 2.1711e+07 2.1952e+07  1.11%   178  347s
  6853  7222 2.1920e+07   97  692 2.1711e+07 2.1952e+07  1.11%   180  359s
  7271  7707 2.1920e+07  100  676 2.1711e+07 2.1952e+07  1.11%   181  363s
H 7756  7787                    2.171134e+07 2.1952e+07  1.11%   181  369s
H 7758  7787                    2.171137e+07 2.1952e+07  1.11%   181  369s
H 7797  7780                    2.171632e+07 2.1952e+07  1.08%   182  369s
  7836  7827 2.1913e+07  107  671 2.1716e+07 2.1952e+07  1.08%   182  380s
  7885  7873 2.1913e+07  108  670 2.1716e+07 2.1952e+07  1.08%   183  390s
H 7896  7843                    2.172611e+07 2.1952e+07  1.04%   183  390s
H 7913  7800                    2.174517e+07 2.1952e+07  0.95%   183  390s
  7933  8214 2.1912e+07  109  656 2.1745e+07 2.1952e+07  0.95%   184  396s
H 8311  8201                    2.174655e+07 2.1952e+07  0.94%   184  396s
  8373  8743 2.1910e+07  113  643 2.1747e+07 2.1952e+07  0.94%   183  402s
  8952  9204 2.1908e+07  116  631 2.1747e+07 2.1952e+07  0.94%   181  408s
H 9104  9202                    2.174714e+07 2.1952e+07  0.94%   181  408s
  9430  9911 2.1905e+07  119  635 2.1747e+07 2.1952e+07  0.94%   177  413s
 10185 10228 2.1904e+07  125  627 2.1747e+07 2.1952e+07  0.94%   173  421s
 10519 10920 2.1903e+07  129  609 2.1747e+07 2.1952e+07  0.94%   173  427s
 11217 10968 2.1902e+07  133  608 2.1747e+07 2.1952e+07  0.94%   172  436s
 11265 11043 2.1901e+07  133  592 2.1747e+07 2.1952e+07  0.94%   172  443s
 11340 11144 2.1902e+07  134  612 2.1747e+07 2.1952e+07  0.94%   172  451s
H11439 11102                    2.175310e+07 2.1952e+07  0.91%   172  451s
 11441 11639 2.1901e+07  135  609 2.1753e+07 2.1952e+07  0.91%   172  457s
 11985 12432 2.1898e+07  144  584 2.1753e+07 2.1952e+07  0.91%   170  465s
 12779 12494 2.1891e+07  160  563 2.1753e+07 2.1952e+07  0.91%   169  473s
H12786 12494                    2.175712e+07 2.1952e+07  0.89%   169  473s
H12819 12494                    2.176250e+07 2.1952e+07  0.87%   169  473s
 12841 13429 2.1894e+07  161  553 2.1762e+07 2.1952e+07  0.87%   169  481s
 13785 13477 2.1885e+07  172  499 2.1762e+07 2.1952e+07  0.87%   166  502s
H13793 13463                    2.176330e+07 2.1952e+07  0.86%   166  502s
H13804 12758                    2.178353e+07 2.1952e+07  0.77%   166  502s
H13820 12729                    2.178633e+07 2.1952e+07  0.76%   166  502s
 13833 13521 2.1886e+07  173  509 2.1786e+07 2.1952e+07  0.76%   166  510s
 14658 14395 2.1885e+07  187  487 2.1786e+07 2.1951e+07  0.76%   165  520s
 15555 15367 2.1881e+07  199  452 2.1786e+07 2.1951e+07  0.76%   165  528s
 16529 16411 2.1877e+07  214  409 2.1786e+07 2.1951e+07  0.76%   164  537s
 17579 17508 2.1874e+07  246  348 2.1786e+07 2.1951e+07  0.76%   162  546s
*18405 17508             611    2.178658e+07 2.1951e+07  0.76%   160  546s
*18418 17508             623    2.178709e+07 2.1951e+07  0.75%   160  546s
H18730 17141                    2.179151e+07 2.1951e+07  0.73%   159  576s
 18731 17131 2.1908e+07  134  927 2.1792e+07 2.1951e+07  0.73%   159  710s
H18732 16275                    2.179204e+07 2.1950e+07  0.73%   159  839s
 18734 16276 2.1925e+07   46  719 2.1792e+07 2.1950e+07  0.73%   159  853s
 18735 16277 2.1916e+07   39  721 2.1792e+07 2.1950e+07  0.73%   159  859s
 18736 16277 2.1948e+07   14  764 2.1792e+07 2.1950e+07  0.73%   159  864s
 18737 16278 2.1944e+07   23  755 2.1792e+07 2.1950e+07  0.73%   159  868s
 18738 16279 2.1947e+07   19  718 2.1792e+07 2.1950e+07  0.73%   159  873s
 18739 16279 2.1901e+07  156  685 2.1792e+07 2.1950e+07  0.73%   159  876s
 18740 16280 2.1919e+07   33  723 2.1792e+07 2.1949e+07  0.72%   159  881s
H18741 15467                    2.179785e+07 2.1949e+07  0.69%   159  886s
 18747 15471 2.1910e+07  100  665 2.1798e+07 2.1948e+07  0.69%   159  890s
H18747 14697                    2.181943e+07 2.1948e+07  0.59%   159 1066s
H18747 13962                    2.183583e+07 2.1948e+07  0.52%   159 1066s
H18747 13263                    2.183978e+07 2.1948e+07  0.50%   159 1066s
H18747 12600                    2.184598e+07 2.1948e+07  0.47%   159 1066s
H18747 11970                    2.184614e+07 2.1948e+07  0.47%   159 1066s
H18747 11371                    2.184622e+07 2.1948e+07  0.47%   159 1066s
H18747 10802                    2.184661e+07 2.1948e+07  0.47%   159 1066s
H18747 10262                    2.185160e+07 2.1948e+07  0.44%   159 1066s
H18747  9748                    2.185324e+07 2.1948e+07  0.44%   159 1066s
H18747  9261                    2.186162e+07 2.1948e+07  0.40%   159 1066s
H18747  8797                    2.186297e+07 2.1948e+07  0.39%   159 1066s
H18747  8357                    2.186429e+07 2.1948e+07  0.39%   159 1066s
H18747  7939                    2.186431e+07 2.1948e+07  0.38%   159 1066s
H18747  7542                    2.186473e+07 2.1948e+07  0.38%   159 1066s
 18749  7543 2.1947e+07   16  659 2.1865e+07 2.1948e+07  0.38%   159 1070s
H18754  7168                    2.186580e+07 2.1948e+07  0.38%   159 1167s
H18754  6809                    2.186589e+07 2.1948e+07  0.38%   159 1167s
H18754  6468                    2.186605e+07 2.1948e+07  0.37%   159 1167s
H18754  6145                    2.186691e+07 2.1948e+07  0.37%   159 1167s
H18754  5837                    2.186827e+07 2.1948e+07  0.36%   159 1167s
H18754  5545                    2.186964e+07 2.1948e+07  0.36%   159 1167s
H18754  5267                    2.187094e+07 2.1948e+07  0.35%   159 1167s
 18756  5269 2.1945e+07   16  618 2.1871e+07 2.1946e+07  0.35%   159 1174s
 18757  5269 2.1944e+07   25  615 2.1871e+07 2.1946e+07  0.34%   159 1175s
 18760  5271 2.1896e+07  124  611 2.1871e+07 2.1946e+07  0.34%   159 1233s
 18761  5272 2.1946e+07   16  560 2.1871e+07 2.1946e+07  0.34%   159 1238s
 18765  5275 2.1935e+07   51  587 2.1871e+07 2.1946e+07  0.34%   159 1324s
 18766  5275 2.1945e+07   11  585 2.1871e+07 2.1945e+07  0.34%   159 1328s
 18768  5277 2.1936e+07   48  594 2.1871e+07 2.1945e+07  0.34%   159 1394s
 18769  5277 2.1938e+07   56  583 2.1871e+07 2.1945e+07  0.34%   159 1399s
 18771  5279 2.1936e+07   63  582 2.1871e+07 2.1945e+07  0.34%   159 1540s
 18774  5281 2.1939e+07   45  593 2.1871e+07 2.1945e+07  0.34%   159 1607s
 18775  5281 2.1941e+07   36  587 2.1871e+07 2.1945e+07  0.34%   159 1615s
H18775  5016                    2.187247e+07 2.1945e+07  0.33%   159 1689s
 18777  5018 2.1944e+07   13  590 2.1872e+07 2.1945e+07  0.33%   159 1692s
 18778  5018 2.1923e+07   96  581 2.1872e+07 2.1945e+07  0.33%   159 1750s
H18783  4771                    2.187296e+07 2.1945e+07  0.33%   163 1924s
 18785  4772 2.1904e+07  153  651 2.1873e+07 2.1945e+07  0.33%   163 1937s
 18786  4773 2.1877e+07  279  653 2.1873e+07 2.1945e+07  0.33%   163 1944s
 18787  4773 2.1923e+07   64  649 2.1873e+07 2.1945e+07  0.33%   163 1950s
 18788  4774 2.1912e+07  105  579 2.1873e+07 2.1945e+07  0.33%   163 1955s
H18788  4536                    2.187515e+07 2.1945e+07  0.32%   163 1958s
 18790  4537 2.1945e+07   17  567 2.1875e+07 2.1945e+07  0.32%   163 1961s
 18797  4542 2.1940e+07   42  556 2.1875e+07 2.1945e+07  0.32%   163 2086s
 18801  4545 2.1931e+07   64  569 2.1875e+07 2.1945e+07  0.32%   163 2177s
 18802  4545 2.1938e+07   47  538 2.1875e+07 2.1945e+07  0.32%   163 2181s
 18805  4547 2.1935e+07   25  548 2.1875e+07 2.1945e+07  0.32%   163 2242s
 18806  4548 2.1927e+07   75  534 2.1875e+07 2.1945e+07  0.32%   163 2245s
 18808  4549 2.1892e+07  174  536 2.1875e+07 2.1945e+07  0.32%   163 2379s
 18809  4550 2.1906e+07  119  537 2.1875e+07 2.1944e+07  0.32%   163 2383s
 18810  4551 2.1941e+07   48  540 2.1875e+07 2.1944e+07  0.32%   163 2446s
 18811  4551 2.1927e+07   58  547 2.1875e+07 2.1944e+07  0.32%   163 2460s
H18811  4322                    2.187525e+07 2.1944e+07  0.32%   163 2585s
H18813  4108                    2.187716e+07 2.1944e+07  0.31%   163 2672s
 18815  4109 2.1884e+07  200  538 2.1877e+07 2.1944e+07  0.31%   163 2676s
 18816  4110 2.1905e+07  125  539 2.1877e+07 2.1944e+07  0.31%   163 2771s
 18818  4111 2.1879e+07  184  535 2.1877e+07 2.1944e+07  0.31%   163 2917s
 18820  4112 2.1941e+07   33  530 2.1877e+07 2.1944e+07  0.31%   163 2924s
 18821  4113 2.1942e+07   32  530 2.1877e+07 2.1944e+07  0.31%   163 2973s
 18822  4117 2.1943e+07   27  532 2.1877e+07 2.1943e+07  0.30%   166 2998s
 18824  4120 2.1942e+07   28  531 2.1877e+07 2.1942e+07  0.30%   166 3000s
 18852  4167 2.1941e+07   31  550 2.1877e+07 2.1941e+07  0.29%   166 3008s
 18884  4204 2.1940e+07   32  548 2.1877e+07 2.1941e+07  0.29%   167 3012s
 18932  4269 2.1939e+07   33  543 2.1877e+07 2.1940e+07  0.29%   168 3017s
 19013  4339 2.1935e+07   34  545 2.1877e+07 2.1940e+07  0.29%   169 3021s
 19110  4356 2.1937e+07   35  549 2.1877e+07 2.1940e+07  0.29%   169 3025s
 19275  4465 2.1935e+07   36  552 2.1877e+07 2.1940e+07  0.29%   170 3033s
 19323  4498 2.1935e+07   37  552 2.1877e+07 2.1940e+07  0.29%   170 3039s
 19372  4530 2.1934e+07   37  551 2.1877e+07 2.1940e+07  0.29%   170 3047s
H19386  4319                    2.187728e+07 2.1940e+07  0.29%   170 3047s
 19421  4424 2.1933e+07   38  556 2.1877e+07 2.1940e+07  0.29%   171 3051s
 19538  4480 2.1932e+07   39  555 2.1877e+07 2.1940e+07  0.29%   171 3055s
 19726  4608 2.1930e+07   40  591 2.1877e+07 2.1940e+07  0.29%   173 3062s
 19824  4671 2.1927e+07   41  571 2.1877e+07 2.1940e+07  0.29%   173 3065s
 20011  4791 2.1927e+07   43  565 2.1877e+07 2.1940e+07  0.29%   174 3072s
 20105  4847 2.1926e+07   44  567 2.1877e+07 2.1940e+07  0.29%   175 3075s
 20288  4982 2.1924e+07   46  566 2.1877e+07 2.1940e+07  0.29%   176 3082s
 20399  4995 2.1923e+07   47  552 2.1877e+07 2.1940e+07  0.29%   177 3086s
 20452  5030 2.1920e+07   47  561 2.1877e+07 2.1940e+07  0.29%   177 3090s
 20509  5080 2.1922e+07   48  545 2.1877e+07 2.1940e+07  0.29%   177 3095s
 20601  5137 2.1915e+07   48  544 2.1877e+07 2.1940e+07  0.29%   177 3100s
 20709  5195 2.1920e+07   49  549 2.1877e+07 2.1940e+07  0.29%   177 3105s
 20817  5256 2.1921e+07   49  544 2.1877e+07 2.1940e+07  0.29%   177 3112s
 20928  5308 2.1920e+07   50  538 2.1877e+07 2.1940e+07  0.29%   178 3117s
 21041  5353 2.1919e+07   51  536 2.1877e+07 2.1940e+07  0.29%   178 3123s
 21135  5441 2.1918e+07   52  533 2.1877e+07 2.1940e+07  0.29%   179 3128s
 21287  5542 2.1916e+07   54  539 2.1877e+07 2.1940e+07  0.29%   179 3133s
 21465  5644 2.1914e+07   55  544 2.1877e+07 2.1940e+07  0.29%   179 3138s
 21658  5871 2.1913e+07   57  528 2.1877e+07 2.1940e+07  0.29%   180 3142s
 22023  5974 2.1904e+07   61  556 2.1877e+07 2.1940e+07  0.29%   180 3146s
 22299  5924 2.1904e+07   63  571 2.1877e+07 2.1940e+07  0.29%   180 3156s
 22347  5950 2.1909e+07   64  564 2.1877e+07 2.1940e+07  0.29%   180 3164s
 22395  5976 2.1902e+07   64  556 2.1877e+07 2.1940e+07  0.29%   180 3174s
 22443  6001 2.1908e+07   65  559 2.1877e+07 2.1940e+07  0.29%   180 3183s
 22491  6030 2.1907e+07   65  553 2.1877e+07 2.1940e+07  0.29%   180 3193s
 22539  6056 2.1908e+07   66  557 2.1877e+07 2.1940e+07  0.29%   180 3203s
 22588  6078 2.1900e+07   66  553 2.1877e+07 2.1940e+07  0.29%   180 3212s
 22638  6130 2.1908e+07   67  559 2.1877e+07 2.1940e+07  0.29%   180 3217s
 22723  6215 2.1904e+07   67  552 2.1877e+07 2.1940e+07  0.29%   180 3223s
 22881  6358 2.1908e+07   68  558 2.1877e+07 2.1940e+07  0.29%   180 3228s
 23113  6621 2.1904e+07   68  540 2.1877e+07 2.1940e+07  0.29%   180 3234s
 23527  7018 2.1904e+07   69  547 2.1877e+07 2.1938e+07  0.28%   180 3239s
 24151  7289 2.1905e+07   73  573 2.1877e+07 2.1938e+07  0.28%   180 3245s
 24686  7781 2.1905e+07   77  571 2.1877e+07 2.1938e+07  0.28%   179 3252s
 25409  8113 2.1904e+07   82  567 2.1877e+07 2.1938e+07  0.28%   179 3259s
 26051  8084 2.1903e+07   87  537 2.1877e+07 2.1938e+07  0.28%   178 3265s
 26255  8835 2.1903e+07   88  535 2.1877e+07 2.1938e+07  0.28%   177 3270s
 27138  9363 2.1900e+07   93  543 2.1877e+07 2.1938e+07  0.28%   176 3278s
 28046  9528 2.1899e+07   99  538 2.1877e+07 2.1938e+07  0.28%   174 3284s
 28595 10128 2.1895e+07  104  548 2.1877e+07 2.1938e+07  0.28%   174 3291s
 29511 10836 2.1898e+07  112  521 2.1877e+07 2.1938e+07  0.28%   173 3298s
 30663 11514 2.1898e+07  120  516 2.1877e+07 2.1938e+07  0.28%   170 3305s
 31835 12730 2.1897e+07  128  494 2.1877e+07 2.1937e+07  0.27%   168 3312s
 33102 13558 2.1897e+07  134  484 2.1877e+07 2.1936e+07  0.27%   165 3321s
 34028 14933 2.1897e+07  139  463 2.1877e+07 2.1936e+07  0.27%   163 3328s
 35491 16063 2.1896e+07  148  449 2.1877e+07 2.1936e+07  0.27%   160 3335s
 36728 17844 2.1896e+07  156  423 2.1877e+07 2.1936e+07  0.27%   157 3349s
 38734 18552 2.1896e+07  168  421 2.1877e+07 2.1936e+07  0.27%   154 3355s
 39584 19372 2.1883e+07  174  409 2.1877e+07 2.1936e+07  0.27%   152 3360s
 40508 19415 2.1893e+07  182  413 2.1877e+07 2.1936e+07  0.27%   151 3394s
 40558 19461 2.1881e+07  182  409 2.1877e+07 2.1936e+07  0.27%   150 3422s
 40608 19474 2.1893e+07  183  412 2.1877e+07 2.1936e+07  0.27%   150 3521s
 40656 19523 2.1882e+07  183  404 2.1877e+07 2.1936e+07  0.27%   150 3586s
 40736 19589 2.1892e+07  184  409 2.1877e+07 2.1936e+07  0.27%   150 3631s
H40788 19589                    2.187728e+07 2.1936e+07  0.27%   150 3631s
 40816 20719 2.1892e+07  184  411 2.1877e+07 2.1936e+07  0.27%   150 3637s
 42113 20770     cutoff  193      2.1877e+07 2.1936e+07  0.27%   148 3668s
 42189 20836 2.1890e+07  194  408 2.1877e+07 2.1936e+07  0.27%   148 3698s
 42305 20974 2.1892e+07  195  404 2.1877e+07 2.1936e+07  0.27%   148 3745s
 42465 21102 2.1887e+07  195  401 2.1877e+07 2.1936e+07  0.27%   148 3781s
H42658 21102                    2.187728e+07 2.1936e+07  0.27%   147 3781s
 42674 22489 2.1891e+07  196  403 2.1877e+07 2.1936e+07  0.27%   148 3789s
 44286 23100 2.1890e+07  209  396 2.1877e+07 2.1936e+07  0.27%   145 3800s
 45296 24442 2.1888e+07  222  387 2.1877e+07 2.1936e+07  0.27%   144 3808s
 46956 25654 2.1885e+07  239  349 2.1877e+07 2.1936e+07  0.27%   142 3817s
 48476 26729 2.1885e+07  255  331 2.1877e+07 2.1936e+07  0.27%   140 3827s
 49869 28224 2.1885e+07  270  327 2.1877e+07 2.1936e+07  0.27%   139 3837s
 51817 29607 2.1883e+07  289  298 2.1877e+07 2.1936e+07  0.27%   136 3849s
 53679 31169 2.1883e+07  308  285 2.1877e+07 2.1936e+07  0.27%   134 3858s
 55673 32705 2.1882e+07  326  270 2.1877e+07 2.1936e+07  0.27%   132 3870s
 57737 33904 2.1880e+07  350  256 2.1877e+07 2.1936e+07  0.27%   129 3881s
 59550 34641 2.1880e+07  373  234 2.1877e+07 2.1936e+07  0.27%   128 3890s
 60685 35511 2.1879e+07  394  205 2.1877e+07 2.1936e+07  0.27%   129 3900s
 61923 36423 2.1878e+07  419  169 2.1877e+07 2.1936e+07  0.27%   130 3911s
 63279 37502     cutoff  445      2.1877e+07 2.1935e+07  0.27%   130 3921s
 64628 38924 2.1905e+07   39  514 2.1877e+07 2.1935e+07  0.27%   131 3934s
 66258 40341     cutoff   47      2.1877e+07 2.1934e+07  0.26%   132 3947s
 67884 42083 2.1909e+07   45  538 2.1877e+07 2.1934e+07  0.26%   132 3961s
 69783 43751 2.1900e+07   57  570 2.1877e+07 2.1934e+07  0.26%   132 3974s
 71609 45412 2.1896e+07   64  566 2.1877e+07 2.1934e+07  0.26%   133 3989s
 73410 47145 2.1893e+07   74  561 2.1877e+07 2.1933e+07  0.26%   134 4023s
 75528 50730 2.1884e+07   85  541 2.1877e+07 2.1933e+07  0.26%   134 4051s
 79667 52553 2.1885e+07  109  545 2.1877e+07 2.1933e+07  0.26%   135 4073s
 82157 53210 2.1883e+07  131  521 2.1877e+07 2.1932e+07  0.25%   137 4097s
 83326 55391 2.1883e+07  148  499 2.1877e+07 2.1932e+07  0.25%   138 4120s
 86196 57308 2.1878e+07  188  403 2.1877e+07 2.1932e+07  0.25%   140 4145s
 89136 59075     cutoff   53      2.1877e+07 2.1932e+07  0.25%   141 4170s
 91841 61332 2.1905e+07   54  574 2.1877e+07 2.1931e+07  0.25%   144 4195s
 94443 64871 2.1898e+07   73  544 2.1877e+07 2.1931e+07  0.25%   146 4224s
 98245 67590 2.1891e+07  113  534 2.1877e+07 2.1931e+07  0.24%   146 4259s
 101783 71933 2.1888e+07  155  477 2.1877e+07 2.1931e+07  0.24%   144 4289s
 106674 75846 2.1883e+07  256  340 2.1877e+07 2.1931e+07  0.24%   141 4319s
 111084 80444 2.1880e+07  337  240 2.1877e+07 2.1931e+07  0.24%   140 4361s
 116331 84337 2.1878e+07  466  122 2.1877e+07 2.1931e+07  0.24%   139 4399s
 120712 88741 infeasible   70      2.1877e+07 2.1930e+07  0.24%   138 4431s
 125630 92788 2.1925e+07   43  522 2.1877e+07 2.1930e+07  0.24%   137 4460s
 130162 97192 2.1895e+07  101  503 2.1877e+07 2.1930e+07  0.24%   136 4490s
 135000 100820 2.1879e+07  210  362 2.1877e+07 2.1930e+07  0.24%   135 4520s
 139180 102919 2.1923e+07   43  495 2.1877e+07 2.1930e+07  0.24%   135 4557s
 142286 106408 2.1905e+07   62  520 2.1877e+07 2.1930e+07  0.24%   136 4589s
 146380 110455 2.1888e+07  132  452 2.1877e+07 2.1929e+07  0.24%   138 4629s
 150810 115199 2.1884e+07  219  368 2.1877e+07 2.1929e+07  0.24%   138 4680s
H151114 115199                    2.187745e+07 2.1929e+07  0.24%   138 4680s
 156094 115888 2.1910e+07   51  494 2.1877e+07 2.1929e+07  0.24%   138 4732s
 156916 118870 2.1902e+07   63  558 2.1877e+07 2.1929e+07  0.24%   138 4780s
H157167 118864                    2.187751e+07 2.1929e+07  0.24%   138 4780s
H159715 114525                    2.187842e+07 2.1929e+07  0.23%   138 4780s
 160270 121230 2.1880e+07  195  402 2.1878e+07 2.1929e+07  0.23%   138 4832s
 167554 127176 2.1889e+07  122  491 2.1878e+07 2.1929e+07  0.23%   138 4878s
 174327 130679 2.1908e+07   44  516 2.1878e+07 2.1929e+07  0.23%   138 4929s
 178742 130988 2.1906e+07   53  508 2.1878e+07 2.1929e+07  0.23%   139 5000s
 179068 132359 2.1899e+07   53  508 2.1878e+07 2.1929e+07  0.23%   139 5062s
H179713 126308                    2.187915e+07 2.1928e+07  0.22%   139 5062s
 180598 130203 2.1891e+07   71  538 2.1879e+07 2.1928e+07  0.22%   140 5113s
 185636 135338     cutoff  120      2.1879e+07 2.1928e+07  0.22%   142 5164s
 192586 139919 2.1892e+07   99  509 2.1879e+07 2.1928e+07  0.22%   142 5211s
 198571 143697 2.1901e+07   50  530 2.1879e+07 2.1928e+07  0.22%   142 5257s
 203668 147537 2.1902e+07   52  523 2.1879e+07 2.1928e+07  0.22%   143 5296s
 208201 151642 2.1905e+07   53  561 2.1879e+07 2.1928e+07  0.22%   144 5340s
 213446 154501 2.1885e+07  149  469 2.1879e+07 2.1927e+07  0.22%   143 5388s
 217167 158590 2.1894e+07   55  505 2.1879e+07 2.1927e+07  0.22%   145 5425s
 221969 163329 2.1900e+07   75  558 2.1879e+07 2.1927e+07  0.22%   146 5461s
 228002 166388     cutoff  212      2.1879e+07 2.1927e+07  0.22%   146 5513s
 231611 172281 2.1896e+07   91  488 2.1879e+07 2.1927e+07  0.22%   149 5579s
 237916 176246 2.1912e+07   49  526 2.1879e+07 2.1927e+07  0.22%   149 5625s
 242748 179257 2.1907e+07   58  490 2.1879e+07 2.1927e+07  0.22%   149 5681s
 246767 183102 2.1890e+07  121  496 2.1879e+07 2.1927e+07  0.22%   149 5728s
H251823 168096                    2.188043e+07 2.1926e+07  0.21%   150 5728s
 252362 170874 2.1911e+07   45  515 2.1880e+07 2.1926e+07  0.21%   150 5780s
 256432 174159 2.1890e+07   89  548 2.1880e+07 2.1926e+07  0.21%   152 5831s
 261834 177621 2.1898e+07   86  504 2.1880e+07 2.1926e+07  0.21%   153 5881s
 268228 180699 2.1885e+07   84  509 2.1880e+07 2.1926e+07  0.21%   154 5935s
 272424 186355 2.1903e+07   58  502 2.1880e+07 2.1926e+07  0.21%   155 5994s
 278757 191703 2.1886e+07  167  430 2.1880e+07 2.1926e+07  0.21%   155 6035s
 285127 195228 2.1889e+07   58  545 2.1880e+07 2.1926e+07  0.21%   155 6072s
 290538 197455 2.1891e+07   75  532 2.1880e+07 2.1926e+07  0.21%   156 6114s
 294283 199936 2.1905e+07   51  517 2.1880e+07 2.1926e+07  0.21%   157 6164s
 297642 204096 2.1899e+07   60  486 2.1880e+07 2.1926e+07  0.21%   158 6210s
 302209 208577 2.1887e+07  114  420 2.1880e+07 2.1926e+07  0.21%   158 6254s
 308084 212302 2.1883e+07  156  392 2.1880e+07 2.1926e+07  0.21%   158 6294s
 313614 212349 2.1898e+07   85  519 2.1880e+07 2.1926e+07  0.21%   158 6358s
H313625 209796                    2.188066e+07 2.1926e+07  0.21%   158 6358s
H313641 208130                    2.188078e+07 2.1926e+07  0.20%   158 6358s
 313752 212088 2.1898e+07   86  522 2.1881e+07 2.1926e+07  0.20%   158 6397s
 319444 215508 2.1895e+07   74  571 2.1881e+07 2.1926e+07  0.20%   158 6438s
 324636 219066 2.1890e+07   87  518 2.1881e+07 2.1926e+07  0.20%   159 6474s
 330156 219618 2.1881e+07   84  456 2.1881e+07 2.1925e+07  0.20%   159 6560s
 331177 220852 2.1881e+07   85  457 2.1881e+07 2.1925e+07  0.20%   159 6618s
 333493 222057 2.1881e+07   86  457 2.1881e+07 2.1925e+07  0.20%   159 6681s
H333542 218011                    2.188111e+07 2.1925e+07  0.20%   159 6681s
H333759 213666                    2.188149e+07 2.1925e+07  0.20%   159 6681s

Cutting planes:
  Learned: 3
  Gomory: 29
  Cover: 2
  Implied bound: 240
  MIR: 1173
  Flow cover: 1530
  RLT: 48
  Relax-and-lift: 1205
  BQP: 1

Explored 336144 nodes (53657680 simplex iterations) in 6683.14 seconds (8589.12 work units)
Thread count was 48 (of 192 available processors)

Solution count 10: 2.18815e+07 2.18815e+07 2.18811e+07 ... 2.18775e+07

Optimal solution found (tolerance 2.00e-03)
Best objective 2.188148503802e+07, best bound 2.192516104223e+07, gap 0.1996%
Deleted nodefile directory: /scratch-local/lbeemster.21597313/gurobi_dev0.1_sub55.0_run6
Saved model snapshot to study_case_model/figures/subsidy_experiment/run_06426/dev0.1/sub55.0/run6/model_snapshot.pkl
Finished successfully!
