Gurobi shell based on Python 3.13.1 can be launched with command `gurobi.sh`
Gurobi Python Interface can be loaded in Python 3.13.1 with 'import gurobipy'
/var/spool/slurm/slurmd/job21596701/slurm_script: line 24: activate: No such file or directory
Solving model: dev0.0, sub60.0, run6
Read LP format model from file /scratch-local/lbeemster.21596701/tmpttrrxbi4.pyomo.lp
Reading time = 0.55 seconds
x1: 176513 rows, 50050 columns, 1016320 nonzeros
Set parameter OutputFlag to value 1
Set parameter MIPGap to value 0.002
Set parameter Threads to value 48
Set parameter Presolve to value 1
Set parameter Cuts to value 1
Set parameter NodefileStart to value 1
Set parameter NodefileDir to value "/scratch-local/lbeemster.21596701/gurobi_dev0.0_sub60.0_run6"
Set parameter MemLimit to value 60
Gurobi Optimizer version 12.0.3 build v12.0.3rc0 (linux64 - "Red Hat Enterprise Linux 9.6 (Plow)")

CPU model: AMD EPYC 9654 96-Core Processor, instruction set [SSE2|AVX|AVX2|AVX512]
Thread count: 192 physical cores, 192 logical processors, using up to 48 threads

Non-default parameters:
MemLimit  60
MIPGap  0.002
NodefileStart  1
Cuts  1
Presolve  1
Threads  48

Academic license 2514514 - for non-commercial use only - registered to l.___@student.vu.nl
Optimize a model with 176513 rows, 50050 columns and 1016320 nonzeros
Model fingerprint: 0x3a5a2319
Variable types: 39426 continuous, 10624 integer (10624 binary)
Coefficient statistics:
  Matrix range     [6e-05, 1e+05]
  Objective range  [2e+00, 3e+04]
  Bounds range     [1e+00, 1e+00]
  RHS range        [3e-01, 2e+05]
Presolve removed 36033 rows and 24534 columns
Presolve time: 3.41s
Presolved: 140480 rows, 25516 columns, 877461 nonzeros
Variable types: 19804 continuous, 5712 integer (5712 binary)
Found heuristic solution: objective 1.992359e+07

Deterministic concurrent LP optimizer: primal simplex, dual simplex, and barrier
Showing barrier log only...

Root relaxation presolved: 24807 rows, 165230 columns, 902347 nonzeros

Root barrier log...

Ordering time: 0.04s

Barrier statistics:
 Dense cols : 1
 Free vars  : 1920
 AA' NZ     : 5.427e+05
 Factor NZ  : 1.436e+06 (roughly 90 MB of memory)
 Factor Ops : 1.006e+08 (less than 1 second per iteration)
 Threads    : 46

                  Objective                Residual
Iter       Primal          Dual         Primal    Dual     Compl     Time
   0   1.58237996e+12  2.98380243e+06  7.81e+06 3.38e+02  1.72e+08     7s
   1   9.46865125e+11 -2.18549380e+08  3.55e+06 3.71e+03  9.82e+07     7s
   2   5.92853662e+11 -1.84136465e+08  1.10e+06 1.84e+03  4.47e+07     7s
   3   3.80862694e+11 -5.55501792e+07  1.76e+05 5.78e+02  1.36e+07     7s
   4   2.16309223e+11 -2.07384834e+07  3.67e+04 2.33e+02  5.16e+06     7s
   5   1.55625089e+11 -9.77166010e+06  1.83e+04 1.26e+02  2.84e+06     7s
   6   1.22933491e+11 -5.20916644e+06  1.18e+04 8.35e+01  1.89e+06     7s
   7   7.56965568e+10 -3.00078664e+06  5.15e+03 5.92e+01  1.16e+06     7s
   8   4.50534369e+10 -8.39270945e+05  2.34e+03 2.65e+01  5.45e+05     7s
   9   2.22239492e+10  6.09227117e+05  8.74e+02 1.21e+01  2.36e+05     7s
  10   1.23780480e+10  1.36399112e+06  4.12e+02 5.61e+00  1.15e+05     7s
  11   3.52601002e+09  1.80948540e+06  6.28e+01 3.38e+00  4.05e+04     7s
  12   2.59552560e+09  3.26786488e+06  4.19e+01 1.83e+00  2.50e+04     7s
  13   1.92056366e+09  4.56752249e+06  2.90e+01 9.29e-01  1.56e+04     7s
  14   1.54790529e+09  5.92026722e+06  2.24e+01 6.89e-01  1.20e+04     7s
  15   1.29008974e+09  6.34748709e+06  1.82e+01 5.71e-01  9.80e+03     7s
  16   9.57916443e+08  8.52576874e+06  1.29e+01 3.22e-01  6.61e+03     7s
  17   3.78342991e+08  1.13208810e+07  4.06e+00 1.21e-01  2.40e+03     7s
  18   1.32605240e+08  1.35136893e+07  1.03e+00 5.70e-02  7.63e+02     7s
  19   7.11850547e+07  1.91107459e+07  3.88e-01 1.06e-02  3.02e+02     7s
  20   4.91219434e+07  1.97611484e+07  2.07e-01 7.79e-03  1.69e+02     8s
  21   3.88667411e+07  2.01386004e+07  1.30e-01 2.28e-03  1.05e+02     8s
  22   3.04859958e+07  2.08074064e+07  6.46e-02 2.80e-03  5.41e+01     8s
  23   2.79651726e+07  2.11514920e+07  4.55e-02 2.23e-03  3.80e+01     8s
  24   2.52604674e+07  2.13363947e+07  2.50e-02 1.75e-03  2.19e+01     8s
  25   2.38728885e+07  2.16096045e+07  1.43e-02 1.83e-03  1.26e+01     8s

Barrier performed 25 iterations in 7.75 seconds (6.87 work units)
Barrier solve interrupted - model solved by another algorithm

Concurrent spin time: 0.07s

Solved with primal simplex

Root relaxation: objective 2.196732e+07, 24906 iterations, 2.09 seconds (1.72 work units)

    Nodes    |    Current Node    |     Objective Bounds      |     Work
 Expl Unexpl |  Obj  Depth IntInf | Incumbent    BestBd   Gap | It/Node Time

     0     0 2.1967e+07    0  501 1.9924e+07 2.1967e+07  10.3%     -    9s
     0     0 2.1961e+07    0  611 1.9924e+07 2.1961e+07  10.2%     -   13s
H    0     0                    2.099213e+07 2.1961e+07  4.62%     -   15s
     0     0 2.1958e+07    0  668 2.0992e+07 2.1958e+07  4.60%     -   16s
     0     0 2.1957e+07    0  686 2.0992e+07 2.1957e+07  4.60%     -   16s
     0     0 2.1957e+07    0  683 2.0992e+07 2.1957e+07  4.60%     -   16s
     0     0 2.1954e+07    0  641 2.0992e+07 2.1954e+07  4.58%     -   19s
H    0     0                    2.144447e+07 2.1954e+07  2.38%     -   21s
     0     0 2.1954e+07    0  689 2.1444e+07 2.1954e+07  2.37%     -   21s
     0     0 2.1953e+07    0  693 2.1444e+07 2.1953e+07  2.37%     -   22s
     0     0 2.1953e+07    0  690 2.1444e+07 2.1953e+07  2.37%     -   22s
     0     0 2.1953e+07    0  697 2.1444e+07 2.1953e+07  2.37%     -   22s
     0     0 2.1952e+07    0  703 2.1444e+07 2.1952e+07  2.36%     -   26s
H    0     0                    2.148224e+07 2.1952e+07  2.18%     -   29s
     0     0 2.1950e+07    0  693 2.1482e+07 2.1950e+07  2.18%     -   30s
     0     0 2.1950e+07    0  723 2.1482e+07 2.1950e+07  2.18%     -   30s
     0     0 2.1950e+07    0  736 2.1482e+07 2.1950e+07  2.18%     -   30s
     0     0 2.1950e+07    0  736 2.1482e+07 2.1950e+07  2.18%     -   30s
     0     0 2.1949e+07    0  730 2.1482e+07 2.1949e+07  2.17%     -   35s
     0     0 2.1948e+07    0  758 2.1482e+07 2.1948e+07  2.17%     -   37s
     0     0 2.1947e+07    0  753 2.1482e+07 2.1947e+07  2.17%     -   38s
     0     0 2.1947e+07    0  766 2.1482e+07 2.1947e+07  2.17%     -   38s
     0     0 2.1947e+07    0  779 2.1482e+07 2.1947e+07  2.17%     -   38s
     0     0 2.1947e+07    0  784 2.1482e+07 2.1947e+07  2.17%     -   39s
     0     0 2.1946e+07    0  671 2.1482e+07 2.1946e+07  2.16%     -   43s
H    0     0                    2.154723e+07 2.1946e+07  1.85%     -   45s
     0     0 2.1946e+07    0  694 2.1547e+07 2.1946e+07  1.85%     -   45s
     0     0 2.1946e+07    0  713 2.1547e+07 2.1946e+07  1.85%     -   46s
     0     0 2.1946e+07    0  723 2.1547e+07 2.1946e+07  1.85%     -   46s
     0     0 2.1946e+07    0  717 2.1547e+07 2.1946e+07  1.85%     -   46s
     0     0 2.1946e+07    0  732 2.1547e+07 2.1946e+07  1.85%     -   49s
     0     0 2.1946e+07    0  719 2.1547e+07 2.1946e+07  1.85%     -   52s
     0     0 2.1946e+07    0  734 2.1547e+07 2.1946e+07  1.85%     -   52s
     0     0 2.1946e+07    0  742 2.1547e+07 2.1946e+07  1.85%     -   52s
     0     0 2.1946e+07    0  738 2.1547e+07 2.1946e+07  1.85%     -   53s
     0     0 2.1946e+07    0  743 2.1547e+07 2.1946e+07  1.85%     -   56s
     0     0 2.1946e+07    0  736 2.1547e+07 2.1946e+07  1.85%     -   59s
     0     0 2.1946e+07    0  736 2.1547e+07 2.1946e+07  1.85%     -   59s
     0     0 2.1946e+07    0  734 2.1547e+07 2.1946e+07  1.85%     -   59s
     0     0 2.1946e+07    0  732 2.1547e+07 2.1946e+07  1.85%     -   62s
H    0     0                    2.155220e+07 2.1946e+07  1.83%     -   64s
H    0     0                    2.155337e+07 2.1946e+07  1.82%     -   66s
     0     0 2.1946e+07    0  718 2.1553e+07 2.1946e+07  1.82%     -   66s
     0     0 2.1946e+07    0  715 2.1553e+07 2.1946e+07  1.82%     -   67s
     0     0 2.1946e+07    0  711 2.1553e+07 2.1946e+07  1.82%     -   67s
     0     0 2.1945e+07    0  711 2.1553e+07 2.1945e+07  1.82%     -   70s
     0     0 2.1945e+07    0  719 2.1553e+07 2.1945e+07  1.82%     -   73s
     0     0 2.1945e+07    0  722 2.1553e+07 2.1945e+07  1.82%     -   73s
     0     0 2.1945e+07    0  715 2.1553e+07 2.1945e+07  1.82%     -   73s
     0     0 2.1945e+07    0  681 2.1553e+07 2.1945e+07  1.82%     -   76s
     0     0 2.1945e+07    0  682 2.1553e+07 2.1945e+07  1.82%     -   77s
     0     0 2.1945e+07    0  680 2.1553e+07 2.1945e+07  1.82%     -   77s
     0     0 2.1945e+07    0  687 2.1553e+07 2.1945e+07  1.82%     -   77s
     0     0 2.1945e+07    0  695 2.1553e+07 2.1945e+07  1.82%     -   80s
     0     0 2.1945e+07    0  708 2.1553e+07 2.1945e+07  1.82%     -   83s
     0     0 2.1945e+07    0  704 2.1553e+07 2.1945e+07  1.82%     -   83s
     0     0 2.1945e+07    0  707 2.1553e+07 2.1945e+07  1.82%     -   84s
     0     0 2.1945e+07    0  684 2.1553e+07 2.1945e+07  1.82%     -   86s
     0     0 2.1945e+07    0  678 2.1553e+07 2.1945e+07  1.82%     -   86s
     0     0 2.1945e+07    0  677 2.1553e+07 2.1945e+07  1.82%     -   87s
     0     0 2.1945e+07    0  685 2.1553e+07 2.1945e+07  1.82%     -   87s
     0     0 2.1945e+07    0  684 2.1553e+07 2.1945e+07  1.82%     -   87s
     0     0 2.1945e+07    0  689 2.1553e+07 2.1945e+07  1.82%     -   90s
     0     0 2.1945e+07    0  684 2.1553e+07 2.1945e+07  1.82%     -   93s
     0     0 2.1945e+07    0  687 2.1553e+07 2.1945e+07  1.82%     -   93s
     0     0 2.1945e+07    0  644 2.1553e+07 2.1945e+07  1.82%     -   96s
     0     0 2.1945e+07    0  644 2.1553e+07 2.1945e+07  1.82%     -  106s
H    0     0                    2.167219e+07 2.1945e+07  1.26%     -  117s
H    0     0                    2.168407e+07 2.1945e+07  1.20%     -  120s
H    0     0                    2.168709e+07 2.1945e+07  1.19%     -  123s
H    0     0                    2.169120e+07 2.1945e+07  1.17%     -  124s
H    0     0                    2.169394e+07 2.1945e+07  1.16%     -  127s
H    0     0                    2.169473e+07 2.1945e+07  1.15%     -  127s
H    0     0                    2.169582e+07 2.1945e+07  1.15%     -  127s
H    0     2                    2.169794e+07 2.1945e+07  1.14%     -  131s
     0     2 2.1945e+07    0  644 2.1698e+07 2.1945e+07  1.14%     -  131s
   111   189 2.1939e+07    7  641 2.1698e+07 2.1941e+07  1.12%   224  135s
H  445   494                    2.169795e+07 2.1941e+07  1.12%   110  139s
   493   584 2.1938e+07   13  621 2.1698e+07 2.1941e+07  1.12%   105  140s
   840   928 2.1937e+07   22  605 2.1698e+07 2.1941e+07  1.12%  90.4  145s
  1130  1208 2.1935e+07   27  607 2.1698e+07 2.1941e+07  1.12%   111  150s
  1495  1551 2.1929e+07   34  594 2.1698e+07 2.1941e+07  1.12%   124  156s
H 1537  1551                    2.169800e+07 2.1941e+07  1.12%   127  156s
  1631  1721 2.1927e+07   37  587 2.1698e+07 2.1941e+07  1.12%   130  164s
  1720  1808 2.1926e+07   38  577 2.1698e+07 2.1941e+07  1.12%   133  165s
  2154  2276 2.1924e+07   42  553 2.1698e+07 2.1941e+07  1.12%   137  170s
  2550  2635 2.1920e+07   46  530 2.1698e+07 2.1941e+07  1.12%   133  175s
H 2564  2635                    2.169800e+07 2.1941e+07  1.12%   133  175s
  2858  2907 2.1920e+07   49  529 2.1698e+07 2.1941e+07  1.12%   130  181s
  2906  2955 2.1920e+07   50  532 2.1698e+07 2.1941e+07  1.12%   130  187s
H 2907  2955                    2.171192e+07 2.1941e+07  1.06%   130  187s
H 2910  2955                    2.171899e+07 2.1941e+07  1.02%   130  187s
H 2939  2955                    2.172035e+07 2.1941e+07  1.02%   130  187s
  3161  3323 2.1920e+07   51  533 2.1720e+07 2.1941e+07  1.02%   128  190s
  3616  3866 2.1920e+07   56  520 2.1720e+07 2.1941e+07  1.02%   124  195s
H 4276  4279                    2.172533e+07 2.1941e+07  0.99%   122  199s
  4278  4545 2.1917e+07   63  524 2.1725e+07 2.1941e+07  0.99%   122  201s
  4921  5096 2.1912e+07   66  496 2.1725e+07 2.1941e+07  0.99%   119  205s
  5181  5625 2.1913e+07   71  513 2.1725e+07 2.1941e+07  0.99%   118  210s
H 5818  5931                    2.172803e+07 2.1941e+07  0.98%   113  212s
H 5915  5931                    2.173051e+07 2.1941e+07  0.97%   112  212s
  5935  6460 2.1910e+07   78  487 2.1731e+07 2.1941e+07  0.97%   112  215s
  6924  7293 2.1907e+07   85  447 2.1731e+07 2.1941e+07  0.97%   106  220s
  7927  8438 2.1904e+07   92  432 2.1731e+07 2.1941e+07  0.97%   102  225s
Created node file directory '/scratch-local/lbeemster.21596701/gurobi_dev0.0_sub60.0_run6/grbnodes0'
  9193  9959 2.1902e+07  101  399 2.1731e+07 2.1941e+07  0.97%  98.2  232s
 10068 10697 2.1901e+07  115  383 2.1731e+07 2.1941e+07  0.97%  94.2  235s
 10840 11465 2.1899e+07  128  384 2.1731e+07 2.1941e+07  0.97%  91.9  244s
 11644 11657 2.1894e+07  140  394 2.1731e+07 2.1941e+07  0.97%  89.7  249s
 11860 12126 2.1895e+07  143  386 2.1731e+07 2.1941e+07  0.97%  91.0  253s
H11956 12095                    2.173508e+07 2.1941e+07  0.95%  90.7  253s
H12153 11753                    2.175166e+07 2.1941e+07  0.87%  90.1  253s
 12342 12420 2.1895e+07  155  373 2.1752e+07 2.1941e+07  0.87%  89.5  256s
 13128 13229 2.1895e+07  169  355 2.1752e+07 2.1941e+07  0.87%  88.4  260s
H14012 13594                    2.175365e+07 2.1941e+07  0.86%  87.1  264s
 14473 14552 2.1890e+07  197  306 2.1754e+07 2.1941e+07  0.86%  86.2  267s
 15488 15332 2.1887e+07  211  286 2.1754e+07 2.1941e+07  0.86%  84.3  272s
 16271 16412 2.1884e+07  223  276 2.1754e+07 2.1941e+07  0.86%  83.2  275s
 17362 17365 2.1881e+07  239  266 2.1754e+07 2.1941e+07  0.86%  82.0  280s
H18321 16665                    2.177217e+07 2.1941e+07  0.77%  81.4  304s
 18322 16646 2.1880e+07  150  644 2.1772e+07 2.1941e+07  0.77%  81.4  325s
H18323 15814                    2.177538e+07 2.1941e+07  0.76%  81.3  469s
H18323 15023                    2.177603e+07 2.1941e+07  0.76%  81.3  469s
H18323 14272                    2.177687e+07 2.1941e+07  0.75%  81.3  469s
H18323 13559                    2.178038e+07 2.1941e+07  0.74%  81.3  469s
H18323 12881                    2.178199e+07 2.1941e+07  0.73%  81.3  469s
 18325 12882 2.1939e+07   16  520 2.1782e+07 2.1941e+07  0.73%  81.3  478s
H18325 12237                    2.179366e+07 2.1941e+07  0.68%  81.3  478s
 18326 12238 2.1930e+07   28  499 2.1794e+07 2.1941e+07  0.68%  81.3  481s
H18326 11626                    2.180510e+07 2.1941e+07  0.62%  81.3  482s
 18328 11627 2.1926e+07   12  567 2.1805e+07 2.1941e+07  0.62%  81.3  486s
H18328 11046                    2.181456e+07 2.1940e+07  0.58%  81.3  487s
 18330 11047 2.1920e+07   48  580 2.1815e+07 2.1940e+07  0.57%  81.3  490s
H18331 10495                    2.181799e+07 2.1940e+07  0.56%  81.3  492s
H18332  9971                    2.183823e+07 2.1940e+07  0.46%  81.3  528s
 18334  9972 2.1898e+07   91  588 2.1838e+07 2.1939e+07  0.46%  81.3  532s
H18335  9475                    2.184121e+07 2.1939e+07  0.45%  81.3  677s
H18335  9001                    2.185748e+07 2.1939e+07  0.37%  81.3  677s
H18335  8550                    2.185941e+07 2.1939e+07  0.36%  81.3  677s
H18335  8123                    2.185994e+07 2.1939e+07  0.36%  81.3  677s
H18335  7716                    2.186247e+07 2.1939e+07  0.35%  81.3  677s
H18335  7330                    2.187620e+07 2.1939e+07  0.29%  81.3  677s
H18335  6963                    2.187743e+07 2.1939e+07  0.28%  81.3  677s
H18335  6615                    2.187754e+07 2.1939e+07  0.28%  81.3  677s
H18335  6284                    2.187754e+07 2.1939e+07  0.28%  81.3  677s
H18335  5970                    2.187765e+07 2.1939e+07  0.28%  81.3  677s
H18335  5671                    2.187795e+07 2.1939e+07  0.28%  81.3  677s
H18335  5387                    2.187858e+07 2.1939e+07  0.27%  81.3  677s
 18337  5388 2.1917e+07   38  564 2.1879e+07 2.1937e+07  0.27%  81.3  682s
 18340  5390 2.1883e+07  169  583 2.1879e+07 2.1937e+07  0.27%  81.3  815s
H18342  5121                    2.187885e+07 2.1937e+07  0.27%  81.3  971s
 18344  5123 2.1917e+07   38  573 2.1879e+07 2.1937e+07  0.27%  81.3  975s
H18345  4867                    2.188100e+07 2.1937e+07  0.26%  81.2 1107s
H18345  4623                    2.188119e+07 2.1937e+07  0.26%  81.2 1107s
H18346  4392                    2.188128e+07 2.1937e+07  0.26%  81.2 1112s
 18348  4393 2.1930e+07   27  565 2.1881e+07 2.1937e+07  0.26%  81.2 1237s
 18349  4394 2.1906e+07   80  567 2.1881e+07 2.1937e+07  0.26%  81.2 1241s
H18349  4174                    2.188170e+07 2.1937e+07  0.25%  81.2 1360s
H18349  3965                    2.188204e+07 2.1937e+07  0.25%  81.2 1360s
 18352  3967 2.1882e+07  267  565 2.1882e+07 2.1937e+07  0.25%  81.2 1366s
H18352  3768                    2.188213e+07 2.1937e+07  0.25%  81.2 1442s
 18354  3772 2.1936e+07   10  517 2.1882e+07 2.1937e+07  0.25%  85.2 1447s
 18360  3782 2.1934e+07   12  512 2.1882e+07 2.1935e+07  0.24%  85.3 1450s
 18384  3822 2.1931e+07   14  511 2.1882e+07 2.1934e+07  0.23%  86.0 1455s
H18421  3669                    2.188217e+07 2.1933e+07  0.23%  87.0 1459s
 18464  3736 2.1929e+07   16  509 2.1882e+07 2.1932e+07  0.23%  88.2 1462s
 18545  3760 2.1925e+07   17  514 2.1882e+07 2.1932e+07  0.23%  88.8 1465s
H18625  3635                    2.188220e+07 2.1932e+07  0.23%  89.2 1468s
 18677  3716 2.1926e+07   19  497 2.1882e+07 2.1932e+07  0.23%  89.5 1471s
 18869  3837 2.1925e+07   21  494 2.1882e+07 2.1932e+07  0.23%  90.8 1475s
 19054  3953 2.1924e+07   22  491 2.1882e+07 2.1932e+07  0.23%  92.3 1480s
 19235  4074 2.1916e+07   23  489 2.1882e+07 2.1932e+07  0.23%  93.1 1485s
 19422  4187 2.1921e+07   25  483 2.1882e+07 2.1932e+07  0.23%  93.9 1490s
 19688  4346 2.1919e+07   27  476 2.1882e+07 2.1932e+07  0.23%  94.5 1497s
 19885  4483 2.1917e+07   28  473 2.1882e+07 2.1932e+07  0.23%  94.8 1501s
 20113  4610 2.1914e+07   30  468 2.1882e+07 2.1932e+07  0.23%  95.0 1505s
 20363  4753 2.1910e+07   32  459 2.1882e+07 2.1932e+07  0.23%  94.9 1511s
 20628  4897 2.1903e+07   34  458 2.1882e+07 2.1932e+07  0.23%  94.7 1516s
 21190  5331 2.1904e+07   39  443 2.1882e+07 2.1932e+07  0.23%  93.9 1521s
 21536  5262 2.1900e+07   43  432 2.1882e+07 2.1931e+07  0.22%  93.8 1525s
 21584  5290 2.1900e+07   44  428 2.1882e+07 2.1931e+07  0.22%  93.9 1532s
H21588  5117                    2.188220e+07 2.1931e+07  0.22%  93.9 1532s
H21600  4951                    2.188228e+07 2.1931e+07  0.22%  94.0 1532s
 21632  5057 2.1899e+07   44  435 2.1882e+07 2.1931e+07  0.22%  94.0 1535s
 22233  5699 2.1899e+07   49  432 2.1882e+07 2.1931e+07  0.22%  93.6 1541s
 23025  6054 2.1892e+07   52  426 2.1882e+07 2.1931e+07  0.22%  92.7 1546s
 23813  6369 2.1897e+07   59  412 2.1882e+07 2.1931e+07  0.22%  92.1 1552s
 24241  6599 2.1895e+07   64  410 2.1882e+07 2.1931e+07  0.22%  92.1 1556s
 25218  6980 2.1894e+07   72  401 2.1882e+07 2.1930e+07  0.22%  92.0 1562s
 25606  7324 2.1894e+07   77  397 2.1882e+07 2.1930e+07  0.22%  91.9 1571s
 26192  7693 2.1892e+07   81  382 2.1882e+07 2.1930e+07  0.22%  91.4 1579s
 26876  7941 2.1890e+07   89  388 2.1882e+07 2.1930e+07  0.22%  90.6 1582s
 27532  8255 2.1891e+07   95  375 2.1882e+07 2.1929e+07  0.21%  90.0 1585s
 28933  9394 2.1890e+07  106  383 2.1882e+07 2.1929e+07  0.21%  89.6 1593s
 29628  9442 2.1890e+07  111  377 2.1882e+07 2.1929e+07  0.21%  89.3 1598s
 29850  9788 2.1890e+07  115  371 2.1882e+07 2.1929e+07  0.21%  89.4 1604s
 30339  9908 2.1890e+07  120  375 2.1882e+07 2.1929e+07  0.21%  89.2 1618s
 30471  9986     cutoff  120      2.1882e+07 2.1929e+07  0.21%  89.1 1627s
H30497  9980                    2.188251e+07 2.1929e+07  0.21%  89.2 1627s
H30509  9619                    2.188421e+07 2.1929e+07  0.20%  89.2 1627s
 30565 10163 2.1885e+07  121  340 2.1884e+07 2.1929e+07  0.20%  89.1 1631s
 31320 10573 2.1890e+07  130  358 2.1884e+07 2.1929e+07  0.20%  89.3 1637s
 31969 10962 2.1889e+07  139  344 2.1884e+07 2.1929e+07  0.20%  89.6 1642s
 32467 11125 2.1888e+07  146  346 2.1884e+07 2.1929e+07  0.20%  90.0 1647s
 32844 11750 2.1887e+07  151  318 2.1884e+07 2.1928e+07  0.20%  89.9 1652s
 33664 12295 2.1886e+07  157  310 2.1884e+07 2.1928e+07  0.20%  90.1 1658s

Cutting planes:
  Learned: 7
  Gomory: 45
  Cover: 5
  Implied bound: 1003
  MIR: 767
  Flow cover: 1345
  RLT: 8
  Relax-and-lift: 1109

Explored 34333 nodes (3164110 simplex iterations) in 1660.42 seconds (1922.18 work units)
Thread count was 48 (of 192 available processors)

Solution count 10: 2.18842e+07 2.18842e+07 2.18825e+07 ... 2.1881e+07

Optimal solution found (tolerance 2.00e-03)
Best objective 2.188420966739e+07, best bound 2.192781179099e+07, gap 0.1992%
Deleted nodefile directory: /scratch-local/lbeemster.21596701/gurobi_dev0.0_sub60.0_run6
Saved model snapshot to study_case_model/figures/subsidy_experiment/run_06426/dev0.0/sub60.0/run6/model_snapshot.pkl
Finished successfully!
