Gurobi shell based on Python 3.13.1 can be launched with command `gurobi.sh`
Gurobi Python Interface can be loaded in Python 3.13.1 with 'import gurobipy'
/var/spool/slurm/slurmd/job21597340/slurm_script: line 24: activate: No such file or directory
Solving model: dev0.2, sub25.0, run6
Read LP format model from file /scratch-local/lbeemster.21597340/tmpam03uqhh.pyomo.lp
Reading time = 0.58 seconds
x1: 176513 rows, 50050 columns, 1016320 nonzeros
Set parameter OutputFlag to value 1
Set parameter MIPGap to value 0.002
Set parameter Threads to value 48
Set parameter Presolve to value 1
Set parameter Cuts to value 1
Set parameter NodefileStart to value 1
Set parameter NodefileDir to value "/scratch-local/lbeemster.21597340/gurobi_dev0.2_sub25.0_run6"
Set parameter MemLimit to value 60
Gurobi Optimizer version 12.0.3 build v12.0.3rc0 (linux64 - "Red Hat Enterprise Linux 9.6 (Plow)")

CPU model: AMD EPYC 9654 96-Core Processor, instruction set [SSE2|AVX|AVX2|AVX512]
Thread count: 192 physical cores, 192 logical processors, using up to 48 threads

Non-default parameters:
MemLimit  60
MIPGap  0.002
NodefileStart  1
Cuts  1
Presolve  1
Threads  48

Academic license 2514514 - for non-commercial use only - registered to l.___@student.vu.nl
Optimize a model with 176513 rows, 50050 columns and 1016320 nonzeros
Model fingerprint: 0xc1be75bd
Variable types: 39426 continuous, 10624 integer (10624 binary)
Coefficient statistics:
  Matrix range     [6e-05, 1e+05]
  Objective range  [2e+00, 3e+04]
  Bounds range     [1e+00, 1e+00]
  RHS range        [3e-01, 2e+05]
Presolve removed 32384 rows and 21558 columns
Presolve time: 3.23s
Presolved: 144129 rows, 28492 columns, 843330 nonzeros
Variable types: 22708 continuous, 5784 integer (5784 binary)

Deterministic concurrent LP optimizer: primal simplex, dual simplex, and barrier
Showing barrier log only...

Root relaxation presolved: 26497 rows, 170626 columns, 871628 nonzeros

Root barrier log...

Ordering time: 0.05s

Barrier statistics:
 Dense cols : 34
 Free vars  : 2112
 AA' NZ     : 5.964e+05
 Factor NZ  : 1.632e+06 (roughly 100 MB of memory)
 Factor Ops : 1.215e+08 (less than 1 second per iteration)
 Threads    : 45

                  Objective                Residual
Iter       Primal          Dual         Primal    Dual     Compl     Time
   0   1.65296988e+12  1.14163894e+06  7.83e+06 3.38e+02  1.70e+08     5s
   1   1.26253322e+12 -1.88504255e+08  5.16e+06 3.40e+03  1.09e+08     5s
   2   8.79545045e+11 -1.34318202e+08  2.64e+06 2.53e+03  7.01e+07     5s
   3   6.33400701e+11 -4.00095065e+07  1.18e+06 1.57e+03  3.99e+07     5s
   4   5.05069015e+11  1.07298538e+04  6.40e+05 1.04e+03  2.54e+07     5s
   5   4.08253100e+11  7.49743803e+06  3.87e+05 7.38e+02  1.75e+07     5s
   6   3.25258742e+11  1.05507215e+07  2.37e+05 3.63e+02  9.36e+06     5s
   7   2.57480706e+11  9.24005889e+06  1.56e+05 2.37e+02  6.17e+06     5s
   8   2.39966849e+11  9.20311747e+06  1.43e+05 2.32e+02  5.91e+06     5s
   9   2.14496417e+11  7.42299843e+06  1.18e+05 1.68e+02  4.49e+06     5s
  10   1.71179305e+11  5.91888744e+06  8.35e+04 1.24e+02  3.29e+06     6s
  11   1.45137369e+11  4.03624352e+06  6.52e+04 8.41e+01  2.39e+06     6s
  12   9.78337332e+10  2.84386010e+06  3.48e+04 4.75e+01  1.37e+06     6s
  13   5.28380921e+10  2.17899834e+06  1.35e+04 2.07e+01  5.96e+05     6s
  14   3.15295770e+10  1.41106945e+06  6.87e+03 6.27e+00  2.63e+05     6s
  15   1.43802198e+10  1.43533903e+06  2.69e+03 3.03e+00  1.13e+05     6s
  16   8.41695716e+09  1.76395857e+06  1.46e+03 9.95e-01  5.77e+04     6s
  17   5.90231819e+09  2.42119958e+06  9.92e+02 4.67e-01  3.83e+04     6s
  18   2.26946544e+09  2.69815986e+06  3.59e+02 3.49e-01  1.51e+04     6s
  19   1.47242261e+09  4.21594797e+06  2.20e+02 1.62e-01  9.35e+03     6s
  20   6.34622203e+08  6.17654332e+06  8.73e+01 4.22e-02  3.82e+03     6s
  21   2.64401777e+08  7.77289992e+06  3.24e+01 2.11e-02  1.54e+03     6s
  22   1.73425453e+08  1.14629356e+07  2.00e+01 8.48e-03  9.56e+02     6s
  23   1.08750454e+08  1.49764662e+07  1.12e+01 4.15e-03  5.48e+02     6s
  24   7.78281781e+07  1.75625377e+07  6.92e+00 2.71e-03  3.50e+02     6s
  25   5.58533788e+07  1.84433863e+07  4.06e+00 2.31e-03  2.16e+02     6s

Barrier performed 25 iterations in 6.20 seconds (5.52 work units)
Barrier solve interrupted - model solved by another algorithm

Concurrent spin time: 0.33s (can be avoided by choosing Method=3)

Solved with primal simplex

Root relaxation: objective 2.182662e+07, 26962 iterations, 2.12 seconds (1.73 work units)

    Nodes    |    Current Node    |     Objective Bounds      |     Work
 Expl Unexpl |  Obj  Depth IntInf | Incumbent    BestBd   Gap | It/Node Time

     0     0 2.1827e+07    0  456          - 2.1827e+07      -     -    8s
H    0     0                    5805272.8960 2.1827e+07   276%     -   11s
H    0     0                    2.119312e+07 2.1822e+07  2.97%     -   12s
     0     0 2.1822e+07    0  560 2.1193e+07 2.1822e+07  2.97%     -   12s
     0     0 2.1821e+07    0  662 2.1193e+07 2.1821e+07  2.96%     -   15s
     0     0 2.1821e+07    0  654 2.1193e+07 2.1821e+07  2.96%     -   16s
     0     0 2.1821e+07    0  658 2.1193e+07 2.1821e+07  2.96%     -   17s
     0     0 2.1821e+07    0  659 2.1193e+07 2.1821e+07  2.96%     -   17s
     0     0 2.1821e+07    0  656 2.1193e+07 2.1821e+07  2.96%     -   17s
     0     0 2.1821e+07    0  656 2.1193e+07 2.1821e+07  2.96%     -   17s
     0     0 2.1819e+07    0  741 2.1193e+07 2.1819e+07  2.96%     -   21s
H    0     0                    2.137734e+07 2.1819e+07  2.07%     -   22s
     0     0 2.1819e+07    0  768 2.1377e+07 2.1819e+07  2.06%     -   25s
     0     0 2.1818e+07    0  766 2.1377e+07 2.1818e+07  2.06%     -   25s
     0     0 2.1818e+07    0  778 2.1377e+07 2.1818e+07  2.06%     -   26s
     0     0 2.1818e+07    0  782 2.1377e+07 2.1818e+07  2.06%     -   26s
H    0     0                    2.141128e+07 2.1818e+07  1.90%     -   29s
     0     0 2.1816e+07    0  770 2.1411e+07 2.1816e+07  1.89%     -   32s
H    0     0                    2.144879e+07 2.1814e+07  1.70%     -   35s
     0     0 2.1814e+07    0  823 2.1449e+07 2.1814e+07  1.70%     -   36s
     0     0 2.1814e+07    0  867 2.1449e+07 2.1814e+07  1.70%     -   36s
     0     0 2.1814e+07    0  871 2.1449e+07 2.1814e+07  1.70%     -   37s
     0     0 2.1814e+07    0  880 2.1449e+07 2.1814e+07  1.70%     -   37s
     0     0 2.1814e+07    0  884 2.1449e+07 2.1814e+07  1.70%     -   37s
     0     0 2.1814e+07    0  884 2.1449e+07 2.1814e+07  1.70%     -   37s
H    0     0                    2.147724e+07 2.1814e+07  1.57%     -   41s
     0     0 2.1812e+07    0  807 2.1477e+07 2.1812e+07  1.56%     -   44s
     0     0 2.1811e+07    0  859 2.1477e+07 2.1811e+07  1.56%     -   47s
     0     0 2.1811e+07    0  902 2.1477e+07 2.1811e+07  1.55%     -   48s
     0     0 2.1811e+07    0  900 2.1477e+07 2.1811e+07  1.55%     -   48s
     0     0 2.1811e+07    0  907 2.1477e+07 2.1811e+07  1.55%     -   48s
     0     0 2.1811e+07    0  911 2.1477e+07 2.1811e+07  1.55%     -   49s
     0     0 2.1810e+07    0  704 2.1477e+07 2.1810e+07  1.55%     -   58s
     0     0 2.1809e+07    0  755 2.1477e+07 2.1809e+07  1.55%     -   62s
     0     0 2.1809e+07    0  751 2.1477e+07 2.1809e+07  1.55%     -   63s
     0     0 2.1809e+07    0  740 2.1477e+07 2.1809e+07  1.55%     -   63s
     0     0 2.1809e+07    0  755 2.1477e+07 2.1809e+07  1.54%     -   63s
     0     0 2.1809e+07    0  761 2.1477e+07 2.1809e+07  1.54%     -   63s
     0     0 2.1809e+07    0  738 2.1477e+07 2.1809e+07  1.54%     -   67s
     0     0 2.1809e+07    0  771 2.1477e+07 2.1809e+07  1.54%     -   70s
     0     0 2.1809e+07    0  781 2.1477e+07 2.1809e+07  1.54%     -   70s
     0     0 2.1809e+07    0  776 2.1477e+07 2.1809e+07  1.54%     -   71s
     0     0 2.1809e+07    0  782 2.1477e+07 2.1809e+07  1.54%     -   71s
     0     0 2.1808e+07    0  716 2.1477e+07 2.1808e+07  1.54%     -   74s
H    0     0                    2.152981e+07 2.1808e+07  1.29%     -   77s
     0     0 2.1808e+07    0  748 2.1530e+07 2.1808e+07  1.29%     -   77s
     0     0 2.1808e+07    0  766 2.1530e+07 2.1808e+07  1.29%     -   78s
     0     0 2.1808e+07    0  760 2.1530e+07 2.1808e+07  1.29%     -   78s
H    0     0                    2.153576e+07 2.1808e+07  1.26%     -   81s
     0     0 2.1808e+07    0  715 2.1536e+07 2.1808e+07  1.26%     -   81s
H    0     0                    2.156342e+07 2.1808e+07  1.13%     -   87s
     0     0 2.1808e+07    0  724 2.1563e+07 2.1808e+07  1.13%     -   87s
     0     0 2.1808e+07    0  730 2.1563e+07 2.1808e+07  1.13%     -   88s
     0     0 2.1808e+07    0  727 2.1563e+07 2.1808e+07  1.13%     -   88s
     0     0 2.1808e+07    0  706 2.1563e+07 2.1808e+07  1.13%     -   91s
     0     0 2.1808e+07    0  695 2.1563e+07 2.1808e+07  1.13%     -   94s
     0     0 2.1808e+07    0  714 2.1563e+07 2.1808e+07  1.13%     -   95s
     0     0 2.1808e+07    0  713 2.1563e+07 2.1808e+07  1.13%     -   95s
     0     0 2.1808e+07    0  719 2.1563e+07 2.1808e+07  1.13%     -   98s
H    0     0                    2.157579e+07 2.1808e+07  1.08%     -  101s
     0     0 2.1808e+07    0  714 2.1576e+07 2.1808e+07  1.08%     -  101s
     0     0 2.1808e+07    0  719 2.1576e+07 2.1808e+07  1.08%     -  101s
     0     0 2.1808e+07    0  722 2.1576e+07 2.1808e+07  1.08%     -  102s
     0     0 2.1808e+07    0  715 2.1576e+07 2.1808e+07  1.08%     -  104s
     0     0 2.1808e+07    0  715 2.1576e+07 2.1808e+07  1.08%     -  113s
     0     2 2.1808e+07    0  715 2.1576e+07 2.1808e+07  1.08%     -  129s
     1     4 2.1808e+07    1  714 2.1576e+07 2.1808e+07  1.08%   177  130s
    63   112 2.1806e+07    6  683 2.1576e+07 2.1807e+07  1.07%   247  137s
   276   381 2.1806e+07    9  684 2.1576e+07 2.1807e+07  1.07%   134  140s
H  291   381                    2.158605e+07 2.1807e+07  1.02%   129  140s
   734   780 2.1803e+07   15  700 2.1586e+07 2.1807e+07  1.02%   106  147s
  1087  1130 2.1799e+07   24  687 2.1586e+07 2.1807e+07  1.02%  87.3  150s
H 1132  1130                    2.158605e+07 2.1807e+07  1.02%  86.6  150s
  1587  1684 2.1795e+07   33  646 2.1586e+07 2.1807e+07  1.02%  87.0  156s
  1701  1732 2.1795e+07   35  646 2.1586e+07 2.1807e+07  1.02%  88.3  160s
  1749  1783 2.1795e+07   36  646 2.1586e+07 2.1807e+07  1.02%  88.2  167s
  1855  1893 2.1795e+07   37  646 2.1586e+07 2.1807e+07  1.02%  89.3  170s
  2014  2046 2.1795e+07   40  647 2.1586e+07 2.1807e+07  1.02%  90.8  175s
H 2059  2046                    2.158605e+07 2.1807e+07  1.02%  90.9  175s
  2111  2142 2.1794e+07   42  632 2.1586e+07 2.1807e+07  1.02%  91.6  184s
H 2152  2142                    2.158605e+07 2.1807e+07  1.02%  93.1  184s
  2159  2289 2.1793e+07   42  631 2.1586e+07 2.1807e+07  1.02%  93.4  186s
  2659  2895 2.1780e+07   46  646 2.1586e+07 2.1807e+07  1.02%   101  191s
Created node file directory '/scratch-local/lbeemster.21597340/gurobi_dev0.2_sub25.0_run6/grbnodes0'
  3068  3323 2.1787e+07   49  653 2.1586e+07 2.1807e+07  1.02%   102  196s
  3397  3466 2.1783e+07   52  649 2.1586e+07 2.1807e+07  1.02%   102  203s
H 3413  3466                    2.158623e+07 2.1807e+07  1.02%   102  203s
H 3416  3466                    2.158832e+07 2.1807e+07  1.01%   102  203s
H 3424  3466                    2.159730e+07 2.1807e+07  0.97%   102  203s
H 3462  3466                    2.160537e+07 2.1807e+07  0.93%   102  203s
  3487  3746 2.1782e+07   52  650 2.1605e+07 2.1807e+07  0.93%   102  205s
  4128  4531 2.1781e+07   62  609 2.1605e+07 2.1807e+07  0.93%   100  210s
  5286  5633 2.1776e+07   81  582 2.1605e+07 2.1807e+07  0.93%  95.4  216s
  6067  6407 2.1775e+07   89  572 2.1605e+07 2.1807e+07  0.93%  95.6  221s
  6934  7410 2.1773e+07   98  540 2.1605e+07 2.1807e+07  0.93%  94.1  226s
  7933  8510 2.1765e+07  107  549 2.1605e+07 2.1807e+07  0.93%  92.2  232s
  8563  9055 2.1766e+07  113  520 2.1605e+07 2.1807e+07  0.93%  90.5  236s
  9108  9585 2.1766e+07  125  520 2.1605e+07 2.1807e+07  0.93%  91.9  240s
 10309 10294 2.1761e+07  147  499 2.1605e+07 2.1807e+07  0.93%  90.8  249s
 10357 10406 2.1760e+07  147  497 2.1605e+07 2.1807e+07  0.93%  90.7  253s
H10372 10403                    2.161027e+07 2.1807e+07  0.91%  90.7  253s
H10424 10398                    2.161447e+07 2.1807e+07  0.89%  90.6  253s
H10468 10375                    2.161877e+07 2.1807e+07  0.87%  90.5  253s
 10471 10807 2.1761e+07  148  497 2.1619e+07 2.1807e+07  0.87%  90.5  256s
 10940 11533 2.1759e+07  156  483 2.1619e+07 2.1807e+07  0.87%  89.7  261s
 11715 12312 2.1754e+07  167  474 2.1619e+07 2.1807e+07  0.87%  88.2  265s
 12513 12360 2.1752e+07  181  465 2.1619e+07 2.1807e+07  0.87%  86.6  272s
H12514 12360                    2.161906e+07 2.1807e+07  0.87%  86.6  272s
H12517 12360                    2.161910e+07 2.1807e+07  0.87%  86.6  272s
H12530 12358                    2.161983e+07 2.1807e+07  0.87%  86.7  272s
H12542 12358                    2.162088e+07 2.1807e+07  0.86%  86.7  272s
 12561 13132 2.1752e+07  181  470 2.1621e+07 2.1807e+07  0.86%  86.8  275s
 13340 13967 2.1750e+07  193  438 2.1621e+07 2.1807e+07  0.86%  85.3  281s
H13804 13966                    2.162318e+07 2.1807e+07  0.85%  85.3  281s
 14184 14874 2.1750e+07  195  428 2.1623e+07 2.1807e+07  0.85%  84.6  285s
H15384 15052                    2.164174e+07 2.1807e+07  0.76%  83.1  289s
 15603 15714 2.1748e+07  215  405 2.1642e+07 2.1807e+07  0.76%  82.6  298s
 16419 16556 2.1746e+07  224  397 2.1642e+07 2.1807e+07  0.76%  82.3  303s
 17267 17484 2.1743e+07  233  389 2.1642e+07 2.1807e+07  0.76%  82.6  307s
H18201 17484                    2.164254e+07 2.1807e+07  0.76%  82.4  319s
 18202 17485 2.1771e+07   33  715 2.1643e+07 2.1807e+07  0.76%  82.4  385s
H18203 16611                    2.165176e+07 2.1807e+07  0.72%  82.4  551s
H18203 15781                    2.165179e+07 2.1807e+07  0.72%  82.4  551s
H18203 14992                    2.165274e+07 2.1807e+07  0.71%  82.4  551s
H18203 14242                    2.165928e+07 2.1807e+07  0.68%  82.4  551s
H18203 13530                    2.165943e+07 2.1807e+07  0.68%  82.4  551s
H18203 12853                    2.166184e+07 2.1807e+07  0.67%  82.4  551s
H18203 12211                    2.166205e+07 2.1807e+07  0.67%  82.4  551s
H18203 11600                    2.166212e+07 2.1807e+07  0.67%  82.4  551s
H18203 11020                    2.166243e+07 2.1807e+07  0.67%  82.4  551s
H18203 10469                    2.166262e+07 2.1807e+07  0.67%  82.4  551s
H18203  9946                    2.166269e+07 2.1807e+07  0.67%  82.4  551s
 18204  9946 2.1765e+07  126  459 2.1663e+07 2.1801e+07  0.64%  82.4  577s
 18205  9947 2.1781e+07   59  549 2.1663e+07 2.1801e+07  0.64%  82.4  585s
 18207  9948 2.1791e+07   18  533 2.1663e+07 2.1801e+07  0.64%  82.4  590s
 18210  9950 2.1750e+07  190  591 2.1663e+07 2.1801e+07  0.64%  82.3  597s
H18213  9454                    2.166443e+07 2.1799e+07  0.62%  82.3  675s
H18213  8981                    2.166727e+07 2.1799e+07  0.61%  82.3  675s
H18213  8532                    2.167008e+07 2.1799e+07  0.60%  82.3  675s
H18213  8105                    2.167063e+07 2.1799e+07  0.59%  82.3  675s
H18213  7699                    2.167082e+07 2.1799e+07  0.59%  82.3  675s
H18213  7314                    2.167321e+07 2.1799e+07  0.58%  82.3  675s
H18213  6948                    2.167350e+07 2.1799e+07  0.58%  82.3  675s
H18217  6603                    2.168478e+07 2.1799e+07  0.53%  82.3  755s
H18217  6273                    2.170634e+07 2.1799e+07  0.43%  82.3  755s
H18217  5959                    2.170790e+07 2.1799e+07  0.42%  82.3  755s
H18217  5661                    2.170800e+07 2.1799e+07  0.42%  82.3  755s
H18217  5377                    2.170953e+07 2.1799e+07  0.41%  82.3  755s
H18217  5108                    2.171066e+07 2.1799e+07  0.41%  82.3  755s
H18217  4853                    2.171078e+07 2.1799e+07  0.41%  82.3  755s
 18220  4855 2.1778e+07   59  480 2.1711e+07 2.1799e+07  0.41%  82.3  761s
H18220  4612                    2.171312e+07 2.1798e+07  0.39%  82.3  834s
H18220  4381                    2.171871e+07 2.1798e+07  0.37%  82.3  834s
H18220  4161                    2.171910e+07 2.1798e+07  0.36%  82.3  834s
H18220  3953                    2.171917e+07 2.1798e+07  0.36%  82.3  834s
H18220  3755                    2.171921e+07 2.1798e+07  0.36%  82.3  834s
H18221  3568                    2.171955e+07 2.1798e+07  0.36%  82.3  839s
 18223  3569 2.1762e+07   86  466 2.1720e+07 2.1798e+07  0.36%  82.3  933s
 18224  3570 2.1762e+07   93  456 2.1720e+07 2.1798e+07  0.36%  82.3  937s
 18225  3570 2.1738e+07  238  462 2.1720e+07 2.1798e+07  0.36%  82.3 1001s
 18227  3572 2.1775e+07   15  470 2.1720e+07 2.1797e+07  0.36%  82.3 1099s
 18228  3572 2.1720e+07  119  463 2.1720e+07 2.1797e+07  0.36%  82.3 1103s
 18229  3573 2.1767e+07   88  472 2.1720e+07 2.1797e+07  0.36%  82.3 1163s
 18230  3574 2.1784e+07   57  463 2.1720e+07 2.1797e+07  0.36%  82.3 1166s
H18230  3395                    2.172798e+07 2.1797e+07  0.32%  82.3 1242s
H18230  3224                    2.172801e+07 2.1797e+07  0.32%  82.3 1242s
H18230  3063                    2.172808e+07 2.1797e+07  0.32%  82.3 1242s
 18232  3064 2.1748e+07  192  463 2.1728e+07 2.1797e+07  0.32%  82.2 1245s
H18232  2910                    2.173197e+07 2.1797e+07  0.30%  82.2 1246s
H18232  2764                    2.173975e+07 2.1797e+07  0.26%  82.2 1246s
H18232  2625                    2.174123e+07 2.1797e+07  0.26%  82.2 1307s
H18232  2493                    2.174171e+07 2.1797e+07  0.25%  82.2 1307s
H18232  2368                    2.174175e+07 2.1797e+07  0.25%  82.2 1307s
H18232  2249                    2.174274e+07 2.1797e+07  0.25%  82.2 1307s
H18232  2136                    2.174378e+07 2.1797e+07  0.24%  82.2 1307s
 18235  2138 2.1791e+07   37  461 2.1744e+07 2.1797e+07  0.24%  82.2 1318s
H18235  2031                    2.174509e+07 2.1797e+07  0.24%  82.2 1323s
 18236  2032 2.1789e+07   35  461 2.1745e+07 2.1797e+07  0.24%  82.2 1360s
 18237  2035 2.1797e+07   11  470 2.1745e+07 2.1797e+07  0.24%  85.7 1366s
 18251  2059 2.1797e+07   14  467 2.1745e+07 2.1797e+07  0.24%  85.9 1371s
 18267  2085 2.1796e+07   15  475 2.1745e+07 2.1797e+07  0.24%  86.3 1375s
 18299  2123 2.1795e+07   16  471 2.1745e+07 2.1797e+07  0.24%  87.2 1380s
 18347  2155 2.1793e+07   17  472 2.1745e+07 2.1797e+07  0.24%  87.4 1391s
 18395  2187 2.1792e+07   18  471 2.1745e+07 2.1797e+07  0.24%  89.6 1400s
 18443  2219 2.1792e+07   18  471 2.1745e+07 2.1797e+07  0.24%  90.0 1410s
H18444  2116                    2.174548e+07 2.1797e+07  0.24%  90.0 1410s
H18446  2019                    2.174623e+07 2.1797e+07  0.23%  90.0 1410s
H18461  1921                    2.174807e+07 2.1797e+07  0.22%  90.1 1410s
 18491  2099 2.1790e+07   19  484 2.1748e+07 2.1797e+07  0.22%  90.3 1417s
 18683  2172 2.1789e+07   21  493 2.1748e+07 2.1797e+07  0.22%  91.2 1422s
 18841  2237 2.1785e+07   23  474 2.1748e+07 2.1797e+07  0.22%  92.3 1427s
 18962  2303 2.1784e+07   24  477 2.1748e+07 2.1797e+07  0.22%  92.8 1431s
 19196  2443 2.1780e+07   26  475 2.1748e+07 2.1797e+07  0.22%  94.1 1438s
 19296  2484 2.1779e+07   27  476 2.1748e+07 2.1797e+07  0.22%  94.8 1441s
 19391  2535 2.1777e+07   28  475 2.1748e+07 2.1797e+07  0.22%  95.4 1445s
 19562  2610 2.1775e+07   29  472 2.1748e+07 2.1797e+07  0.22%  96.1 1452s
 19669  2635 2.1775e+07   30  478 2.1748e+07 2.1797e+07  0.22%  96.2 1455s
 19867  2684 2.1769e+07   32  474 2.1748e+07 2.1797e+07  0.22%  97.0 1463s
 19920  2746 2.1773e+07   33  481 2.1748e+07 2.1797e+07  0.22%  97.4 1468s
 20047  2794 2.1767e+07   34  473 2.1748e+07 2.1797e+07  0.22%  98.0 1472s
 20174  3006 2.1769e+07   36  475 2.1748e+07 2.1797e+07  0.22%  98.3 1475s
 20790  3339 2.1762e+07   39  434 2.1748e+07 2.1797e+07  0.22%   100 1481s
 21143  3484 2.1765e+07   42  427 2.1748e+07 2.1797e+07  0.22%   100 1485s
 21880  3638 2.1755e+07   47  416 2.1748e+07 2.1796e+07  0.22%   101 1491s
 22027  3931     cutoff   48      2.1748e+07 2.1796e+07  0.22%   101 1495s
 22934  4164 2.1759e+07   57  392 2.1748e+07 2.1796e+07  0.22%   101 1502s
 23112  4431 2.1758e+07   59  386 2.1748e+07 2.1796e+07  0.22%   101 1505s
 24020  4697 2.1758e+07   66  391 2.1748e+07 2.1796e+07  0.22%   101 1514s
 24185  5203 2.1758e+07   69  377 2.1748e+07 2.1796e+07  0.22%   101 1518s
 24825  5628 2.1758e+07   74  370 2.1748e+07 2.1796e+07  0.22%   101 1522s
 25428  6095 2.1749e+07   78  348 2.1748e+07 2.1796e+07  0.22%   100 1527s
 26025  6257 2.1757e+07   83  356 2.1748e+07 2.1795e+07  0.22%   100 1532s
 26352  6292 2.1756e+07   87  357 2.1748e+07 2.1795e+07  0.22%   100 1542s
 26406  6334 2.1756e+07   88  354 2.1748e+07 2.1795e+07  0.22%   100 1550s
 26455  6373 2.1755e+07   88  360 2.1748e+07 2.1795e+07  0.22%   100 1557s
 26509  6413 2.1756e+07   89  346 2.1748e+07 2.1795e+07  0.22%   101 1566s
H26528  6413                    2.174808e+07 2.1795e+07  0.22%   101 1566s
 26559  6724 2.1750e+07   89  348 2.1748e+07 2.1795e+07  0.22%   101 1570s
 27021  6931 2.1756e+07   95  331 2.1748e+07 2.1795e+07  0.22%   101 1576s
 27358  7285 2.1756e+07  100  319 2.1748e+07 2.1795e+07  0.22%   101 1581s
 27840  7388 2.1755e+07  104  322 2.1748e+07 2.1795e+07  0.21%   102 1587s
 28002  7747 2.1755e+07  105  323 2.1748e+07 2.1795e+07  0.21%   102 1592s
 28457  8460 2.1754e+07  111  323 2.1748e+07 2.1795e+07  0.21%   102 1597s
 29310  9204 2.1752e+07  122  325 2.1748e+07 2.1795e+07  0.21%   101 1603s
 30222  9844 2.1751e+07  128  278 2.1748e+07 2.1795e+07  0.21%   101 1609s
 31105 10331 2.1784e+07   23  471 2.1748e+07 2.1795e+07  0.21%   100 1615s
 31799 10697 2.1764e+07   32  445 2.1748e+07 2.1795e+07  0.21%   101 1621s
 32295 11206 2.1755e+07   43  446 2.1748e+07 2.1794e+07  0.21%   102 1627s
 32939 11973 2.1751e+07   57  409 2.1748e+07 2.1793e+07  0.21%   102 1633s
 33923 12754     cutoff   86      2.1748e+07 2.1793e+07  0.21%   103 1640s
 34872 13478 2.1780e+07   24  457 2.1748e+07 2.1793e+07  0.21%   103 1647s
 35846 14643 2.1764e+07   37  429 2.1748e+07 2.1793e+07  0.21%   103 1660s
 37214 15346 2.1753e+07   77  406 2.1748e+07 2.1793e+07  0.21%   104 1667s
 38006 15914 2.1750e+07  109  325 2.1748e+07 2.1793e+07  0.21%   104 1674s
 38783 16337 2.1787e+07   20  477 2.1748e+07 2.1793e+07  0.21%   105 1681s
 39374 17149 2.1775e+07   27  439 2.1748e+07 2.1793e+07  0.21%   105 1687s
 40322 17200 2.1762e+07   40  431 2.1748e+07 2.1792e+07  0.20%   106 1696s
 40377 17454 2.1762e+07   42  435 2.1748e+07 2.1792e+07  0.20%   106 1705s
H40378 17453                    2.174829e+07 2.1792e+07  0.20%   106 1705s
H40644 17453                    2.174832e+07 2.1792e+07  0.20%   106 1705s
 40653 18798 2.1761e+07   43  432 2.1748e+07 2.1792e+07  0.20%   106 1713s
 42132 18883 2.1754e+07   80  414 2.1748e+07 2.1792e+07  0.20%   105 1731s
H42200 18883                    2.174832e+07 2.1792e+07  0.20%   105 1731s
 42244 19889 2.1751e+07   81  402 2.1748e+07 2.1792e+07  0.20%   105 1740s
 43442 19902 2.1749e+07  110  316 2.1748e+07 2.1792e+07  0.20%   105 1757s
 43522 20204 2.1749e+07  111  308 2.1748e+07 2.1792e+07  0.20%   105 1768s
H43695 20204                    2.174835e+07 2.1792e+07  0.20%   105 1768s

Cutting planes:
  Learned: 1
  Gomory: 24
  Cover: 2
  Implied bound: 566
  MIR: 934
  Flow cover: 1438
  RLT: 9
  Relax-and-lift: 771

Explored 43925 nodes (4677313 simplex iterations) in 1769.60 seconds (2058.38 work units)
Thread count was 48 (of 192 available processors)

Solution count 10: 2.17484e+07 2.17484e+07 2.17483e+07 ... 2.17427e+07

Optimal solution found (tolerance 2.00e-03)
Best objective 2.174835012249e+07, best bound 2.179184108327e+07, gap 0.2000%
Deleted nodefile directory: /scratch-local/lbeemster.21597340/gurobi_dev0.2_sub25.0_run6
Saved model snapshot to study_case_model/figures/subsidy_experiment/run_06426/dev0.2/sub25.0/run6/model_snapshot.pkl
Finished successfully!
