Gurobi shell based on Python 3.13.1 can be launched with command `gurobi.sh`
Gurobi Python Interface can be loaded in Python 3.13.1 with 'import gurobipy'
/var/spool/slurm/slurmd/job21595820/slurm_script: line 24: activate: No such file or directory
Solving model: dev0.2, sub26.0, run5
Read LP format model from file /scratch-local/lbeemster.21595820/tmpc56lyxhd.pyomo.lp
Reading time = 0.56 seconds
x1: 176513 rows, 50050 columns, 1016320 nonzeros
Set parameter OutputFlag to value 1
Set parameter MIPGap to value 0.002
Set parameter Threads to value 48
Set parameter Presolve to value 1
Set parameter Cuts to value 1
Set parameter NodefileStart to value 1
Set parameter NodefileDir to value "/scratch-local/lbeemster.21595820/gurobi_dev0.2_sub26.0_run5"
Set parameter MemLimit to value 60
Gurobi Optimizer version 12.0.3 build v12.0.3rc0 (linux64 - "Red Hat Enterprise Linux 9.6 (Plow)")

CPU model: AMD EPYC 9654 96-Core Processor, instruction set [SSE2|AVX|AVX2|AVX512]
Thread count: 192 physical cores, 192 logical processors, using up to 48 threads

Non-default parameters:
MemLimit  60
MIPGap  0.002
NodefileStart  1
Cuts  1
Presolve  1
Threads  48

Academic license 2514514 - for non-commercial use only - registered to l.___@student.vu.nl
Optimize a model with 176513 rows, 50050 columns and 1016320 nonzeros
Model fingerprint: 0x1fe14c9b
Variable types: 39426 continuous, 10624 integer (10624 binary)
Coefficient statistics:
  Matrix range     [6e-05, 1e+05]
  Objective range  [2e+00, 3e+04]
  Bounds range     [1e+00, 1e+00]
  RHS range        [3e-01, 2e+05]
Presolve removed 32168 rows and 21206 columns
Presolve time: 3.15s
Presolved: 144345 rows, 28844 columns, 844618 nonzeros
Variable types: 22972 continuous, 5872 integer (5872 binary)

Deterministic concurrent LP optimizer: primal simplex, dual simplex, and barrier
Showing barrier log only...

Root relaxation presolved: 26634 rows, 170979 columns, 873283 nonzeros

Root barrier log...

Ordering time: 0.05s

Barrier statistics:
 Dense cols : 45
 Free vars  : 2112
 AA' NZ     : 5.833e+05
 Factor NZ  : 1.622e+06 (roughly 100 MB of memory)
 Factor Ops : 1.197e+08 (less than 1 second per iteration)
 Threads    : 45

                  Objective                Residual
Iter       Primal          Dual         Primal    Dual     Compl     Time
   0   1.64758045e+12  9.19086175e+05  7.83e+06 3.31e+02  1.69e+08     5s
   1   1.27114782e+12 -1.89443867e+08  5.21e+06 3.37e+03  1.08e+08     5s
   2   8.79917029e+11 -1.37610673e+08  2.72e+06 2.49e+03  7.03e+07     5s
   3   6.65841137e+11 -6.10797036e+07  1.35e+06 1.60e+03  4.22e+07     5s
   4   5.04360594e+11 -2.42301320e+07  5.51e+05 1.07e+03  2.52e+07     5s
   5   4.00766990e+11 -1.24587422e+06  2.91e+05 6.11e+02  1.44e+07     5s
   6   2.99480113e+11  5.11519337e+06  1.65e+05 3.87e+02  8.90e+06     5s
   7   2.44027058e+11  6.94991616e+06  1.14e+05 2.55e+02  6.00e+06     5s
   8   2.08489858e+11  7.15759979e+06  8.80e+04 2.15e+02  4.90e+06     5s
   9   1.83550872e+11  5.75809258e+06  6.97e+04 1.62e+02  3.79e+06     5s
  10   1.33829188e+11  5.37738661e+06  4.20e+04 1.27e+02  2.74e+06     6s
  11   1.15230745e+11  4.31229403e+06  3.31e+04 9.21e+01  2.07e+06     6s
  12   7.75627898e+10  3.45112158e+06  1.69e+04 6.21e+01  1.30e+06     6s
  13   6.16336700e+10  2.67290272e+06  1.17e+04 3.43e+01  8.07e+05     6s
  14   3.21617594e+10  1.83002974e+06  4.60e+03 1.25e+01  3.20e+05     6s
  15   2.02687483e+10  1.48501735e+06  2.58e+03 4.89e+00  1.63e+05     6s
  16   7.98799757e+09  1.53372447e+06  8.50e+02 2.59e+00  6.41e+04     6s
  17   5.13878122e+09  2.25349387e+06  5.11e+02 8.42e-01  3.48e+04     6s
  18   2.64364699e+09  3.16360061e+06  2.43e+02 5.08e-01  1.75e+04     6s
  19   1.46688713e+09  4.42466217e+06  1.26e+02 2.83e-01  9.41e+03     6s
  20   7.59089847e+08  6.31907248e+06  5.93e+01 1.18e-01  4.61e+03     6s
  21   3.21302927e+08  8.12143996e+06  2.19e+01 5.96e-02  1.88e+03     6s
  22   1.86391403e+08  9.83971634e+06  1.17e+01 3.63e-02  1.04e+03     6s
  23   1.30850020e+08  1.19439282e+07  7.42e+00 2.54e-02  6.92e+02     6s
  24   1.02315690e+08  1.66277880e+07  5.24e+00 3.02e-03  4.81e+02     6s
  25   7.43727298e+07  1.81078573e+07  3.33e+00 1.41e-03  3.14e+02     6s

Barrier performed 25 iterations in 6.24 seconds (5.47 work units)
Barrier solve interrupted - model solved by another algorithm

Concurrent spin time: 0.59s (can be avoided by choosing Method=3)

Solved with primal simplex

Root relaxation: objective 2.185446e+07, 25943 iterations, 2.29 seconds (1.75 work units)

    Nodes    |    Current Node    |     Objective Bounds      |     Work
 Expl Unexpl |  Obj  Depth IntInf | Incumbent    BestBd   Gap | It/Node Time

     0     0 2.1854e+07    0  424          - 2.1854e+07      -     -    8s
H    0     0                    2.135640e+07 2.1853e+07  2.32%     -   12s
     0     0 2.1853e+07    0  507 2.1356e+07 2.1853e+07  2.32%     -   13s
H    0     0                    2.139957e+07 2.1853e+07  2.12%     -   15s
     0     0 2.1852e+07    0  646 2.1400e+07 2.1852e+07  2.11%     -   17s
     0     0 2.1851e+07    0  648 2.1400e+07 2.1851e+07  2.11%     -   18s
     0     0 2.1851e+07    0  639 2.1400e+07 2.1851e+07  2.11%     -   19s
     0     0 2.1851e+07    0  641 2.1400e+07 2.1851e+07  2.11%     -   19s
H    0     0                    2.141893e+07 2.1851e+07  2.02%     -   19s
     0     0 2.1851e+07    0  641 2.1419e+07 2.1851e+07  2.02%     -   19s
     0     0 2.1849e+07    0  709 2.1419e+07 2.1849e+07  2.01%     -   23s
     0     0 2.1848e+07    0  719 2.1419e+07 2.1848e+07  2.00%     -   32s
     0     0 2.1848e+07    0  740 2.1419e+07 2.1848e+07  2.00%     -   33s
     0     0 2.1848e+07    0  746 2.1419e+07 2.1848e+07  2.00%     -   33s
     0     0 2.1848e+07    0  751 2.1419e+07 2.1848e+07  2.00%     -   33s
     0     0 2.1848e+07    0  752 2.1419e+07 2.1848e+07  2.00%     -   34s
     0     0 2.1845e+07    0  735 2.1419e+07 2.1845e+07  1.99%     -   39s
H    0     0                    2.144165e+07 2.1845e+07  1.88%     -   41s
     0     0 2.1844e+07    0  786 2.1442e+07 2.1844e+07  1.88%     -   42s
     0     0 2.1844e+07    0  819 2.1442e+07 2.1844e+07  1.88%     -   43s
     0     0 2.1843e+07    0  811 2.1442e+07 2.1843e+07  1.87%     -   43s
H    0     0                    2.144429e+07 2.1843e+07  1.86%     -   44s
     0     0 2.1843e+07    0  829 2.1444e+07 2.1843e+07  1.86%     -   44s
     0     0 2.1843e+07    0  831 2.1444e+07 2.1843e+07  1.86%     -   44s
     0     0 2.1843e+07    0  835 2.1444e+07 2.1843e+07  1.86%     -   45s
     0     0 2.1843e+07    0  835 2.1444e+07 2.1843e+07  1.86%     -   45s
     0     0 2.1843e+07    0  835 2.1444e+07 2.1843e+07  1.86%     -   45s
     0     0 2.1841e+07    0  810 2.1444e+07 2.1841e+07  1.85%     -   52s
     0     0 2.1841e+07    0  815 2.1444e+07 2.1841e+07  1.85%     -   54s
     0     0 2.1841e+07    0  795 2.1444e+07 2.1841e+07  1.85%     -   55s
     0     0 2.1841e+07    0  804 2.1444e+07 2.1841e+07  1.85%     -   55s
     0     0 2.1841e+07    0  804 2.1444e+07 2.1841e+07  1.85%     -   55s
     0     0 2.1841e+07    0  810 2.1444e+07 2.1841e+07  1.85%     -   56s
     0     0 2.1839e+07    0  669 2.1444e+07 2.1839e+07  1.84%     -   62s
H    0     0                    2.147677e+07 2.1839e+07  1.69%     -   64s
     0     0 2.1839e+07    0  686 2.1477e+07 2.1839e+07  1.69%     -   66s
     0     0 2.1839e+07    0  690 2.1477e+07 2.1839e+07  1.69%     -   66s
H    0     0                    2.154133e+07 2.1839e+07  1.38%     -   67s
     0     0 2.1839e+07    0  692 2.1541e+07 2.1839e+07  1.38%     -   67s
     0     0 2.1839e+07    0  681 2.1541e+07 2.1839e+07  1.38%     -   67s
     0     0 2.1839e+07    0  687 2.1541e+07 2.1839e+07  1.38%     -   67s
     0     0 2.1838e+07    0  682 2.1541e+07 2.1838e+07  1.38%     -   71s
     0     0 2.1838e+07    0  705 2.1541e+07 2.1838e+07  1.38%     -   75s
     0     0 2.1838e+07    0  710 2.1541e+07 2.1838e+07  1.38%     -   75s
     0     0 2.1838e+07    0  710 2.1541e+07 2.1838e+07  1.38%     -   76s
H    0     0                    2.159137e+07 2.1838e+07  1.14%     -   76s
     0     0 2.1838e+07    0  717 2.1591e+07 2.1838e+07  1.14%     -   76s
H    0     0                    2.159871e+07 2.1838e+07  1.11%     -   78s
     0     0 2.1838e+07    0  663 2.1599e+07 2.1838e+07  1.11%     -   79s
     0     0 2.1838e+07    0  714 2.1599e+07 2.1838e+07  1.11%     -   83s
     0     0 2.1838e+07    0  737 2.1599e+07 2.1838e+07  1.11%     -   83s
     0     0 2.1838e+07    0  732 2.1599e+07 2.1838e+07  1.11%     -   83s
     0     0 2.1838e+07    0  734 2.1599e+07 2.1838e+07  1.11%     -   84s
     0     0 2.1837e+07    0  716 2.1599e+07 2.1837e+07  1.11%     -   87s
H    0     0                    2.160132e+07 2.1837e+07  1.09%     -   90s
H    0     0                    2.160291e+07 2.1837e+07  1.09%     -   91s
H    0     0                    2.160443e+07 2.1837e+07  1.08%     -   91s
H    0     0                    2.160564e+07 2.1837e+07  1.07%     -   91s
H    0     0                    2.160576e+07 2.1837e+07  1.07%     -   91s
H    0     0                    2.160602e+07 2.1837e+07  1.07%     -   91s
     0     0 2.1837e+07    0  712 2.1606e+07 2.1837e+07  1.07%     -   92s
     0     0 2.1837e+07    0  740 2.1606e+07 2.1837e+07  1.07%     -   92s
     0     0 2.1837e+07    0  741 2.1606e+07 2.1837e+07  1.07%     -   93s
     0     0 2.1837e+07    0  725 2.1606e+07 2.1837e+07  1.07%     -   93s
H    0     0                    2.160647e+07 2.1837e+07  1.07%     -   95s
     0     0 2.1837e+07    0  702 2.1606e+07 2.1837e+07  1.07%     -   96s
     0     0 2.1837e+07    0  718 2.1606e+07 2.1837e+07  1.07%     -  100s
     0     0 2.1837e+07    0  723 2.1606e+07 2.1837e+07  1.07%     -  100s
     0     0 2.1837e+07    0  730 2.1606e+07 2.1837e+07  1.07%     -  100s
     0     0 2.1837e+07    0  689 2.1606e+07 2.1837e+07  1.07%     -  104s
H    0     0                    2.160955e+07 2.1837e+07  1.05%     -  107s
     0     0 2.1837e+07    0  693 2.1610e+07 2.1837e+07  1.05%     -  108s
     0     0 2.1837e+07    0  709 2.1610e+07 2.1837e+07  1.05%     -  108s
     0     0 2.1837e+07    0  713 2.1610e+07 2.1837e+07  1.05%     -  109s
     0     0 2.1837e+07    0  708 2.1610e+07 2.1837e+07  1.05%     -  112s
     0     0 2.1837e+07    0  706 2.1610e+07 2.1837e+07  1.05%     -  115s
     0     0 2.1837e+07    0  714 2.1610e+07 2.1837e+07  1.05%     -  115s
     0     0 2.1837e+07    0  716 2.1610e+07 2.1837e+07  1.05%     -  115s
     0     0 2.1837e+07    0  682 2.1610e+07 2.1837e+07  1.05%     -  118s
H    0     0                    2.161941e+07 2.1837e+07  1.00%     -  120s
     0     0 2.1837e+07    0  685 2.1619e+07 2.1837e+07  1.00%     -  120s
     0     0 2.1837e+07    0  685 2.1619e+07 2.1837e+07  1.00%     -  120s
     0     0 2.1837e+07    0  676 2.1619e+07 2.1837e+07  1.00%     -  123s
     0     0 2.1836e+07    0  667 2.1619e+07 2.1836e+07  1.00%     -  125s
     0     0 2.1836e+07    0  665 2.1619e+07 2.1836e+07  1.00%     -  125s
     0     0 2.1836e+07    0  673 2.1619e+07 2.1836e+07  1.00%     -  125s
     0     0 2.1836e+07    0  650 2.1619e+07 2.1836e+07  1.00%     -  128s
     0     0 2.1836e+07    0  663 2.1619e+07 2.1836e+07  1.00%     -  130s
     0     0 2.1836e+07    0  667 2.1619e+07 2.1836e+07  1.00%     -  130s
H    0     0                    2.161942e+07 2.1836e+07  1.00%     -  132s
H    0     0                    2.163194e+07 2.1836e+07  0.95%     -  132s
H    0     0                    2.163542e+07 2.1836e+07  0.93%     -  132s
H    0     0                    2.163646e+07 2.1836e+07  0.92%     -  132s
H    0     0                    2.163769e+07 2.1836e+07  0.92%     -  132s
     0     0 2.1836e+07    0  654 2.1638e+07 2.1836e+07  0.92%     -  132s
     0     0 2.1836e+07    0  654 2.1638e+07 2.1836e+07  0.92%     -  141s
H    0     0                    2.163772e+07 2.1836e+07  0.92%     -  155s
H    0     0                    2.163808e+07 2.1836e+07  0.92%     -  156s
H    0     0                    2.163822e+07 2.1836e+07  0.92%     -  156s
H    0     0                    2.163822e+07 2.1836e+07  0.92%     -  156s
H    0     0                    2.163822e+07 2.1836e+07  0.92%     -  157s
     0     2 2.1836e+07    0  654 2.1638e+07 2.1836e+07  0.92%     -  158s
     7    16 2.1835e+07    3  665 2.1638e+07 2.1836e+07  0.91%   411  160s
H   31    64                    2.163822e+07 2.1836e+07  0.91%   293  163s
   111   236 2.1833e+07    7  665 2.1638e+07 2.1835e+07  0.91%   206  165s
H  324   374                    2.164051e+07 2.1835e+07  0.90%   148  169s
   373   470 2.1833e+07   12  654 2.1641e+07 2.1835e+07  0.90%   143  170s
   719   810 2.1831e+07   18  638 2.1641e+07 2.1835e+07  0.90%   129  175s
  1066  1153 2.1830e+07   25  615 2.1641e+07 2.1835e+07  0.90%   136  181s
H 1340  1389                    2.164051e+07 2.1835e+07  0.90%   132  185s
H 1364  1389                    2.164053e+07 2.1835e+07  0.90%   131  185s
  1436  1485 2.1829e+07   31  626 2.1641e+07 2.1835e+07  0.90%   129  197s
  1580  1629 2.1829e+07   33  626 2.1641e+07 2.1835e+07  0.90%   127  200s
H 1624  1629                    2.165822e+07 2.1835e+07  0.82%   126  200s
  1676  1725 2.1829e+07   34  623 2.1658e+07 2.1835e+07  0.82%   124  208s
H 1679  1725                    2.166729e+07 2.1835e+07  0.78%   124  208s
  1885  2050 2.1829e+07   38  613 2.1667e+07 2.1835e+07  0.78%   120  211s
  2369  2553 2.1824e+07   43  595 2.1667e+07 2.1835e+07  0.78%   120  215s
H 2753  2806                    2.166730e+07 2.1835e+07  0.78%   118  219s
H 2757  2806                    2.166733e+07 2.1835e+07  0.78%   118  219s
  2807  3101 2.1823e+07   50  579 2.1667e+07 2.1835e+07  0.78%   118  221s
Created node file directory '/scratch-local/lbeemster.21595820/gurobi_dev0.2_sub26.0_run5/grbnodes0'
  3594  3733 2.1821e+07   60  562 2.1667e+07 2.1835e+07  0.78%   114  227s
  4104  4423 2.1817e+07   65  565 2.1667e+07 2.1835e+07  0.78%   113  230s
  5118  5474 2.1816e+07   76  556 2.1667e+07 2.1835e+07  0.78%   113  235s
  6384  6712 2.1809e+07   90  547 2.1667e+07 2.1835e+07  0.78%   110  242s
  7196  7586 2.1808e+07  103  521 2.1667e+07 2.1835e+07  0.78%   111  246s
  8206  8214 2.1805e+07  113  509 2.1667e+07 2.1835e+07  0.78%   108  254s
H 8228  8148                    2.168947e+07 2.1835e+07  0.67%   108  254s
  8265  8686 2.1805e+07  114  511 2.1689e+07 2.1835e+07  0.67%   108  258s
  8859  9327 2.1802e+07  121  514 2.1689e+07 2.1835e+07  0.67%   107  261s
 10117 10530 2.1798e+07  138  492 2.1689e+07 2.1835e+07  0.67%   104  266s
 10759 11078 2.1796e+07  144  493 2.1689e+07 2.1835e+07  0.67%   103  271s
 11312 11126 2.1794e+07  152  473 2.1689e+07 2.1835e+07  0.67%   102  278s
H11347 11074                    2.169620e+07 2.1835e+07  0.64%   102  278s
 11360 11703 2.1794e+07  153  473 2.1696e+07 2.1835e+07  0.64%   102  283s
H11822 11654                    2.171329e+07 2.1835e+07  0.56%   102  283s
 12023 11629 2.1793e+07  157  468 2.1713e+07 2.1835e+07  0.56%   101  287s
 12157 12278 2.1793e+07  159  473 2.1713e+07 2.1835e+07  0.56%   102  290s
 13525 13750 2.1790e+07  177  423 2.1713e+07 2.1835e+07  0.56%   102  297s
 14299 14634 2.1788e+07  189  403 2.1713e+07 2.1835e+07  0.56%   101  300s
 15197 15500 2.1782e+07  203  384 2.1713e+07 2.1835e+07  0.56%   100  305s
H16964 16401                    2.171803e+07 2.1835e+07  0.54%  97.4  323s
H16965 15933                    2.172828e+07 2.1835e+07  0.49%  97.4  323s
H16966 15933                    2.173261e+07 2.1835e+07  0.47%  97.4  323s
H16968 15621                    2.174082e+07 2.1835e+07  0.43%  97.4  323s
H16971 15621                    2.174417e+07 2.1835e+07  0.42%  97.4  323s
H16972 15463                    2.175163e+07 2.1835e+07  0.38%  97.4  323s
 17012 16215 2.1776e+07  229  343 2.1752e+07 2.1835e+07  0.38%  97.4  326s
 17787 16215 2.1829e+07   17  654 2.1752e+07 2.1835e+07  0.38%  96.9  398s
H17788 15405                    2.175496e+07 2.1835e+07  0.37%  96.9  521s
 17790 15406 2.1833e+07    8  541 2.1755e+07 2.1835e+07  0.37%  96.9  530s
H17790 14635                    2.175515e+07 2.1835e+07  0.37%  96.9  531s
 17792 14636 2.1831e+07    7  496 2.1755e+07 2.1835e+07  0.37%  96.9  535s
 17794 14638 2.1829e+07   32  561 2.1755e+07 2.1835e+07  0.37%  96.9  541s
 17797 14640 2.1827e+07   31  621 2.1755e+07 2.1834e+07  0.36%  96.8  546s
H17800 13910                    2.175515e+07 2.1834e+07  0.36%  96.8  589s
 17802 13911 2.1827e+07   24  610 2.1755e+07 2.1833e+07  0.36%  96.8  592s
 17807 13914 2.1833e+07    9  608 2.1755e+07 2.1833e+07  0.36%  96.8  595s
H17807 13218                    2.175516e+07 2.1833e+07  0.36%  96.8  657s
H17807 12557                    2.175533e+07 2.1833e+07  0.36%  96.8  657s
H17807 11928                    2.175550e+07 2.1833e+07  0.36%  96.8  657s
H17807 11332                    2.175557e+07 2.1833e+07  0.35%  96.8  657s
H17807 10765                    2.175576e+07 2.1833e+07  0.35%  96.8  657s
H17807 10226                    2.175620e+07 2.1833e+07  0.35%  96.8  657s
 17809 10228 2.1822e+07   41  582 2.1756e+07 2.1832e+07  0.35%  96.8  661s
H17813  9718                    2.176732e+07 2.1831e+07  0.29%  96.8  745s
H17814  9233                    2.178335e+07 2.1831e+07  0.22%  96.8  746s
H17814  8771                    2.178336e+07 2.1831e+07  0.22%  96.8  750s
 17818  8774 2.1829e+07   13  584 2.1783e+07 2.1831e+07  0.22%  96.7  815s
 17820  8775 2.1826e+07   20  598 2.1783e+07 2.1830e+07  0.21%  96.7  820s
 17822  8776 2.1783e+07  240  612 2.1783e+07 2.1830e+07  0.21%  96.7  861s
H17825  8338                    2.178596e+07 2.1830e+07  0.20%  96.7  973s
 17827  8340 2.1792e+07  198  581 2.1786e+07 2.1830e+07  0.20%  96.7  976s
 17829  8341 2.1823e+07   52  582 2.1786e+07 2.1830e+07  0.20%  96.7 1036s
 17830  8342 2.1789e+07  177  577 2.1786e+07 2.1830e+07  0.20%  96.7 1040s
 17832  8343 2.1786e+07  237  583 2.1786e+07 2.1830e+07  0.20%  96.7 1171s
H17835  7927                    2.178633e+07 2.1830e+07  0.20%  96.6 1254s

Cutting planes:
  Learned: 1
  Gomory: 15
  Cover: 1
  Implied bound: 721
  MIR: 1035
  Flow cover: 1455
  RLT: 7
  Relax-and-lift: 958

Explored 17835 nodes (1892285 simplex iterations) in 1255.05 seconds (1435.85 work units)
Thread count was 48 (of 192 available processors)

Solution count 10: 2.17863e+07 2.17863e+07 2.1786e+07 ... 2.17553e+07

Optimal solution found (tolerance 2.00e-03)
Best objective 2.178633301613e+07, best bound 2.182963052409e+07, gap 0.1987%
Deleted nodefile directory: /scratch-local/lbeemster.21595820/gurobi_dev0.2_sub26.0_run5
Saved model snapshot to study_case_model/figures/subsidy_experiment/run_06426/dev0.2/sub26.0/run5/model_snapshot.pkl
Finished successfully!
