Gurobi shell based on Python 3.13.1 can be launched with command `gurobi.sh`
Gurobi Python Interface can be loaded in Python 3.13.1 with 'import gurobipy'
/var/spool/slurm/slurmd/job21596707/slurm_script: line 24: activate: No such file or directory
Solving model: dev0.0, sub70.0, run6
Read LP format model from file /scratch-local/lbeemster.21596707/tmpd4jteuob.pyomo.lp
Reading time = 0.51 seconds
x1: 176513 rows, 50050 columns, 1016320 nonzeros
Set parameter OutputFlag to value 1
Set parameter MIPGap to value 0.002
Set parameter Threads to value 48
Set parameter Presolve to value 1
Set parameter Cuts to value 1
Set parameter NodefileStart to value 1
Set parameter NodefileDir to value "/scratch-local/lbeemster.21596707/gurobi_dev0.0_sub70.0_run6"
Set parameter MemLimit to value 60
Gurobi Optimizer version 12.0.3 build v12.0.3rc0 (linux64 - "Red Hat Enterprise Linux 9.6 (Plow)")

CPU model: AMD EPYC 9654 96-Core Processor, instruction set [SSE2|AVX|AVX2|AVX512]
Thread count: 192 physical cores, 192 logical processors, using up to 48 threads

Non-default parameters:
MemLimit  60
MIPGap  0.002
NodefileStart  1
Cuts  1
Presolve  1
Threads  48

Academic license 2514514 - for non-commercial use only - registered to l.___@student.vu.nl
Optimize a model with 176513 rows, 50050 columns and 1016320 nonzeros
Model fingerprint: 0x151bbe57
Variable types: 39426 continuous, 10624 integer (10624 binary)
Coefficient statistics:
  Matrix range     [6e-05, 1e+05]
  Objective range  [2e+00, 3e+04]
  Bounds range     [1e+00, 1e+00]
  RHS range        [3e-01, 2e+05]
Presolve removed 36033 rows and 24534 columns
Presolve time: 3.39s
Presolved: 140480 rows, 25516 columns, 877461 nonzeros
Variable types: 19804 continuous, 5712 integer (5712 binary)
Found heuristic solution: objective 1.996944e+07

Deterministic concurrent LP optimizer: primal simplex, dual simplex, and barrier
Showing barrier log only...

Root relaxation presolved: 24807 rows, 165230 columns, 902347 nonzeros

Root barrier log...

Ordering time: 0.04s

Barrier statistics:
 Dense cols : 1
 Free vars  : 1920
 AA' NZ     : 5.427e+05
 Factor NZ  : 1.436e+06 (roughly 90 MB of memory)
 Factor Ops : 1.006e+08 (less than 1 second per iteration)
 Threads    : 46

                  Objective                Residual
Iter       Primal          Dual         Primal    Dual     Compl     Time
   0   1.58767066e+12  2.97042757e+06  7.83e+06 3.38e+02  1.72e+08     7s
   1   9.50021706e+11 -2.27828243e+08  3.56e+06 3.71e+03  9.86e+07     7s
   2   5.94818416e+11 -1.83805122e+08  1.10e+06 1.84e+03  4.49e+07     7s
   3   3.82118339e+11 -5.61853300e+07  1.76e+05 5.78e+02  1.36e+07     7s
   4   2.17020748e+11 -2.18419805e+07  3.69e+04 2.33e+02  5.17e+06     7s
   5   1.56135305e+11 -1.14787601e+07  1.83e+04 1.26e+02  2.85e+06     7s
   6   1.23336796e+11 -7.28046930e+06  1.18e+04 8.35e+01  1.90e+06     7s
   7   7.59409705e+10 -5.11464860e+06  5.16e+03 5.92e+01  1.16e+06     7s
   8   4.52036476e+10 -1.56141577e+06  2.35e+03 2.65e+01  5.47e+05     7s
   9   2.22833029e+10  1.64519160e+05  8.76e+02 1.21e+01  2.36e+05     7s
  10   1.24045029e+10  1.21094178e+06  4.12e+02 5.61e+00  1.15e+05     7s
  11   3.54010968e+09  1.75593151e+06  6.32e+01 3.37e+00  4.06e+04     7s
  12   2.60031415e+09  3.26601304e+06  4.20e+01 1.82e+00  2.50e+04     7s
  13   1.92154054e+09  4.58246847e+06  2.90e+01 9.21e-01  1.56e+04     7s
  14   1.56187909e+09  5.91483360e+06  2.26e+01 6.89e-01  1.21e+04     7s
  15   1.42651762e+09  6.16427914e+06  2.05e+01 6.40e-01  1.09e+04     7s
  16   1.22339403e+09  8.25679139e+06  1.71e+01 3.02e-01  8.10e+03     7s
  17   4.39203537e+08  1.10533319e+07  5.10e+00 8.64e-02  2.64e+03     7s
  18   1.55848314e+08  1.24251401e+07  1.46e+00 4.71e-02  8.83e+02     7s
  19   8.64010326e+07  1.74586905e+07  6.39e-01 1.12e-02  3.97e+02     7s
  20   5.58570630e+07  1.95156328e+07  3.14e-01 5.58e-03  2.06e+02     7s
  21   5.12890290e+07  1.95171229e+07  2.71e-01 4.31e-03  1.80e+02     8s
  22   4.37534310e+07  1.98744868e+07  2.01e-01 2.48e-03  1.34e+02     8s
  23   3.25929739e+07  2.04098728e+07  9.78e-02 2.27e-03  6.82e+01     8s
  24   2.73923392e+07  2.10312717e+07  4.81e-02 1.96e-03  3.55e+01     8s
  25   2.48619479e+07  2.13309941e+07  2.50e-02 1.27e-03  1.97e+01     8s

Barrier performed 25 iterations in 7.71 seconds (6.87 work units)
Barrier solve interrupted - model solved by another algorithm

Concurrent spin time: 0.43s (can be avoided by choosing Method=3)

Solved with primal simplex

Root relaxation: objective 2.203405e+07, 24685 iterations, 2.40 seconds (1.65 work units)

    Nodes    |    Current Node    |     Objective Bounds      |     Work
 Expl Unexpl |  Obj  Depth IntInf | Incumbent    BestBd   Gap | It/Node Time

     0     0 2.2034e+07    0  499 1.9969e+07 2.2034e+07  10.3%     -    9s
H    0     0                    1.997192e+07 2.2034e+07  10.3%     -   10s
     0     0 2.2028e+07    0  619 1.9972e+07 2.2028e+07  10.3%     -   13s
H    0     0                    2.109845e+07 2.2028e+07  4.41%     -   15s
     0     0 2.2024e+07    0  656 2.1098e+07 2.2024e+07  4.39%     -   16s
     0     0 2.2024e+07    0  682 2.1098e+07 2.2024e+07  4.39%     -   16s
     0     0 2.2024e+07    0  680 2.1098e+07 2.2024e+07  4.39%     -   17s
     0     0 2.2020e+07    0  644 2.1098e+07 2.2020e+07  4.37%     -   20s
H    0     0                    2.144955e+07 2.2020e+07  2.66%     -   21s
     0     0 2.2019e+07    0  683 2.1450e+07 2.2019e+07  2.66%     -   22s
     0     0 2.2019e+07    0  694 2.1450e+07 2.2019e+07  2.66%     -   22s
     0     0 2.2019e+07    0  691 2.1450e+07 2.2019e+07  2.66%     -   22s
     0     0 2.2019e+07    0  693 2.1450e+07 2.2019e+07  2.66%     -   22s
     0     0 2.2017e+07    0  723 2.1450e+07 2.2017e+07  2.64%     -   27s
H    0     0                    2.146081e+07 2.2017e+07  2.59%     -   29s
     0     0 2.2016e+07    0  712 2.1461e+07 2.2016e+07  2.59%     -   30s
     0     0 2.2016e+07    0  734 2.1461e+07 2.2016e+07  2.58%     -   30s
     0     0 2.2016e+07    0  748 2.1461e+07 2.2016e+07  2.58%     -   31s
     0     0 2.2016e+07    0  746 2.1461e+07 2.2016e+07  2.58%     -   31s
     0     0 2.2016e+07    0  753 2.1461e+07 2.2016e+07  2.58%     -   31s
     0     0 2.2014e+07    0  714 2.1461e+07 2.2014e+07  2.58%     -   36s
H    0     0                    2.159806e+07 2.2014e+07  1.93%     -   37s
     0     0 2.2013e+07    0  725 2.1598e+07 2.2013e+07  1.92%     -   38s
     0     0 2.2013e+07    0  740 2.1598e+07 2.2013e+07  1.92%     -   39s
     0     0 2.2013e+07    0  726 2.1598e+07 2.2013e+07  1.92%     -   39s
     0     0 2.2013e+07    0  733 2.1598e+07 2.2013e+07  1.92%     -   39s
     0     0 2.2013e+07    0  733 2.1598e+07 2.2013e+07  1.92%     -   39s
     0     0 2.2011e+07    0  655 2.1598e+07 2.2011e+07  1.91%     -   44s
     0     0 2.2011e+07    0  679 2.1598e+07 2.2011e+07  1.91%     -   46s
     0     0 2.2011e+07    0  686 2.1598e+07 2.2011e+07  1.91%     -   46s
     0     0 2.2011e+07    0  709 2.1598e+07 2.2011e+07  1.91%     -   46s
     0     0 2.2011e+07    0  704 2.1598e+07 2.2011e+07  1.91%     -   47s
     0     0 2.2011e+07    0  689 2.1598e+07 2.2011e+07  1.91%     -   50s
H    0     0                    2.159969e+07 2.2011e+07  1.90%     -   53s
     0     0 2.2011e+07    0  718 2.1600e+07 2.2011e+07  1.90%     -   54s
     0     0 2.2011e+07    0  723 2.1600e+07 2.2011e+07  1.90%     -   54s
     0     0 2.2011e+07    0  722 2.1600e+07 2.2011e+07  1.90%     -   54s
     0     0 2.2011e+07    0  721 2.1600e+07 2.2011e+07  1.90%     -   55s
     0     0 2.2011e+07    0  701 2.1600e+07 2.2011e+07  1.90%     -   58s
     0     0 2.2011e+07    0  710 2.1600e+07 2.2011e+07  1.90%     -   61s
     0     0 2.2011e+07    0  712 2.1600e+07 2.2011e+07  1.90%     -   61s
     0     0 2.2011e+07    0  712 2.1600e+07 2.2011e+07  1.90%     -   61s
     0     0 2.2010e+07    0  728 2.1600e+07 2.2010e+07  1.90%     -   64s
     0     0 2.2010e+07    0  718 2.1600e+07 2.2010e+07  1.90%     -   66s
     0     0 2.2010e+07    0  731 2.1600e+07 2.2010e+07  1.90%     -   66s
     0     0 2.2010e+07    0  723 2.1600e+07 2.2010e+07  1.90%     -   66s
     0     0 2.2010e+07    0  708 2.1600e+07 2.2010e+07  1.90%     -   69s
     0     0 2.2010e+07    0  711 2.1600e+07 2.2010e+07  1.90%     -   72s
     0     0 2.2010e+07    0  708 2.1600e+07 2.2010e+07  1.90%     -   73s
     0     0 2.2010e+07    0  714 2.1600e+07 2.2010e+07  1.90%     -   73s
     0     0 2.2010e+07    0  712 2.1600e+07 2.2010e+07  1.90%     -   73s
     0     0 2.2010e+07    0  689 2.1600e+07 2.2010e+07  1.90%     -   76s
H    0     0                    2.161685e+07 2.2010e+07  1.82%     -   78s
     0     0 2.2010e+07    0  695 2.1617e+07 2.2010e+07  1.82%     -   80s
     0     0 2.2010e+07    0  710 2.1617e+07 2.2010e+07  1.82%     -   81s
     0     0 2.2010e+07    0  709 2.1617e+07 2.2010e+07  1.82%     -   81s
     0     0 2.2010e+07    0  722 2.1617e+07 2.2010e+07  1.82%     -   81s
     0     0 2.2010e+07    0  693 2.1617e+07 2.2010e+07  1.82%     -   84s
     0     0 2.2010e+07    0  709 2.1617e+07 2.2010e+07  1.82%     -   87s
     0     0 2.2010e+07    0  722 2.1617e+07 2.2010e+07  1.82%     -   87s
     0     0 2.2010e+07    0  714 2.1617e+07 2.2010e+07  1.82%     -   90s
     0     0 2.2010e+07    0  726 2.1617e+07 2.2010e+07  1.82%     -   92s
     0     0 2.2010e+07    0  718 2.1617e+07 2.2010e+07  1.82%     -   92s
     0     0 2.2010e+07    0  722 2.1617e+07 2.2010e+07  1.82%     -   92s
     0     0 2.2010e+07    0  707 2.1617e+07 2.2010e+07  1.82%     -   95s
     0     0 2.2010e+07    0  707 2.1617e+07 2.2010e+07  1.82%     -  105s
H    0     0                    2.163917e+07 2.2010e+07  1.71%     -  116s
H    0     0                    2.164763e+07 2.2010e+07  1.67%     -  116s
H    0     0                    2.165004e+07 2.2010e+07  1.66%     -  119s
     0     2 2.2010e+07    0  707 2.1650e+07 2.2010e+07  1.66%     -  122s
    31    64 2.2005e+07    5  717 2.1650e+07 2.2006e+07  1.65%   377  134s
    59    64 2.1986e+07    5  696 2.1650e+07 2.2005e+07  1.64%   358  135s
H   85   112                    2.165471e+07 2.2005e+07  1.62%   819  136s
   554   642 2.2003e+07   14  705 2.1655e+07 2.2004e+07  1.62%   216  146s
   641   718 2.2003e+07   15  708 2.1655e+07 2.2004e+07  1.62%   205  153s
   799   896 2.2002e+07   16  711 2.1655e+07 2.2004e+07  1.62%   194  155s
   943   992 2.2001e+07   18  710 2.1655e+07 2.2004e+07  1.62%   181  162s
H  948   992                    2.166507e+07 2.2004e+07  1.57%   180  162s
H  955   992                    2.168100e+07 2.2004e+07  1.49%   180  162s
H  962   992                    2.168924e+07 2.2004e+07  1.45%   179  162s
H  988   992                    2.169062e+07 2.2004e+07  1.45%   176  162s
  1045  1148 2.2000e+07   20  704 2.1691e+07 2.2004e+07  1.45%   172  165s
  1648  1745 2.1996e+07   32  687 2.1691e+07 2.2004e+07  1.45%   151  170s
  2082  2207 2.1996e+07   39  655 2.1691e+07 2.2004e+07  1.45%   139  175s
H 2115  2207                    2.169171e+07 2.2004e+07  1.44%   138  175s
H 2198  2207                    2.170882e+07 2.2004e+07  1.36%   136  175s
  2805  2963 2.1990e+07   49  652 2.1709e+07 2.2004e+07  1.36%   132  180s
H 3249  3298                    2.170882e+07 2.2004e+07  1.36%   128  186s
  3834  4124 2.1985e+07   64  596 2.1709e+07 2.2004e+07  1.36%   122  196s
  4437  4627 2.1982e+07   71  567 2.1709e+07 2.2004e+07  1.36%   120  204s
  4626  4881 2.1982e+07   71  561 2.1709e+07 2.2004e+07  1.36%   119  206s
H 4654  4881                    2.171951e+07 2.2004e+07  1.31%   118  206s
H 4772  4881                    2.172977e+07 2.2004e+07  1.26%   118  206s
  5640  6127 2.1978e+07   86  510 2.1730e+07 2.2004e+07  1.26%   114  210s
H 6319  6775                    2.172978e+07 2.2004e+07  1.26%   109  214s
  6784  7194 2.1976e+07  100  482 2.1730e+07 2.2004e+07  1.26%   107  217s
  7837  8195 2.1973e+07  107  466 2.1730e+07 2.2004e+07  1.26%   101  221s
  9042  9599 2.1968e+07  130  443 2.1730e+07 2.2004e+07  1.26%  94.4  225s
 10412 11307 2.1967e+07  144  419 2.1730e+07 2.2004e+07  1.26%  90.1  230s
Created node file directory '/scratch-local/lbeemster.21596707/gurobi_dev0.0_sub70.0_run6/grbnodes0'
 12441 12353 2.1964e+07  181  373 2.1730e+07 2.2004e+07  1.26%  82.5  237s
H12490 11464                    2.178128e+07 2.2004e+07  1.02%  82.4  249s
H12492 11429                    2.178730e+07 2.2004e+07  1.00%  82.4  249s
H12494 11381                    2.179125e+07 2.2004e+07  0.98%  82.4  249s
H12537 11350                    2.179575e+07 2.2004e+07  0.96%  82.4  249s
 12539 12074 2.1964e+07  182  375 2.1796e+07 2.2004e+07  0.96%  82.4  258s
 13329 12964 2.1960e+07  192  363 2.1796e+07 2.2004e+07  0.96%  81.1  261s
 14226 13460 2.1957e+07  213  353 2.1796e+07 2.2004e+07  0.96%  79.6  268s
H14294 13107                    2.180830e+07 2.2004e+07  0.90%  79.4  268s
H14432 13067                    2.181248e+07 2.2004e+07  0.88%  79.1  268s
 14722 13691 2.1954e+07  228  335 2.1812e+07 2.2004e+07  0.88%  78.9  271s
 15497 14589 2.1952e+07  248  331 2.1812e+07 2.2004e+07  0.88%  78.7  277s
 16401 15643 2.1952e+07  274  323 2.1812e+07 2.2004e+07  0.88%  77.4  280s
H18602 16762                    2.181248e+07 2.2004e+07  0.88%  73.9  295s
H18602 16762                    2.181248e+07 2.2004e+07  0.88%  73.9  297s
 18603 16763 2.1960e+07  105  707 2.1812e+07 2.2004e+07  0.88%  73.9  350s
 18605 16764 2.1985e+07   57  483 2.1812e+07 2.2004e+07  0.88%  73.9  418s
 18606 16765 2.1981e+07   52  524 2.1812e+07 2.2004e+07  0.88%  73.9  427s
 18607 16766 2.1967e+07  120  545 2.1812e+07 2.2004e+07  0.88%  73.9  433s
 18608 16766 2.1992e+07   25  583 2.1812e+07 2.2004e+07  0.88%  73.9  436s
H18609 15928                    2.182290e+07 2.2004e+07  0.83%  73.9  440s
H18612 15133                    2.182311e+07 2.2004e+07  0.83%  73.9  522s
H18612 14377                    2.182489e+07 2.2004e+07  0.82%  73.9  522s
H18612 13658                    2.183312e+07 2.2004e+07  0.78%  73.9  522s
H18612 12974                    2.183577e+07 2.2004e+07  0.77%  73.9  522s
 18614 12975 2.1974e+07   18  629 2.1836e+07 2.2004e+07  0.77%  73.9  526s
H18614 12326                    2.186633e+07 2.2003e+07  0.63%  73.9  527s
H18617 11712                    2.186786e+07 2.2003e+07  0.62%  73.9  607s
H18617 11126                    2.186889e+07 2.2003e+07  0.61%  73.9  607s
H18617 10569                    2.187740e+07 2.2003e+07  0.57%  73.9  607s
H18617 10041                    2.189122e+07 2.2003e+07  0.51%  73.9  607s
H18617  9538                    2.189628e+07 2.2003e+07  0.49%  73.9  607s
 18619  9540 2.1972e+07   53  604 2.1896e+07 2.2002e+07  0.48%  73.8  611s
H18621  9064                    2.189631e+07 2.2002e+07  0.48%  73.8  697s
H18621  8610                    2.189758e+07 2.2002e+07  0.47%  73.8  697s
H18621  8180                    2.189956e+07 2.2002e+07  0.47%  73.8  697s
H18621  7770                    2.191166e+07 2.2002e+07  0.41%  73.8  697s
H18621  7381                    2.191816e+07 2.2002e+07  0.38%  73.8  697s
H18621  7012                    2.191904e+07 2.2002e+07  0.38%  73.8  697s
H18621  6661                    2.191931e+07 2.2002e+07  0.38%  73.8  697s
H18621  6328                    2.191935e+07 2.2002e+07  0.38%  73.8  697s
 18623  6329 2.1919e+07  541  556 2.1919e+07 2.2002e+07  0.38%  73.8  700s
 18626  6331 2.1973e+07   98  567 2.1919e+07 2.2002e+07  0.37%  73.8  787s
 18627  6332 2.1954e+07  111  575 2.1919e+07 2.2001e+07  0.37%  73.8  791s
H18627  6015                    2.192118e+07 2.2001e+07  0.37%  73.8  905s
H18627  5714                    2.192157e+07 2.2001e+07  0.36%  73.8  905s
H18627  5427                    2.192442e+07 2.2001e+07  0.35%  73.8  905s
H18627  5156                    2.192456e+07 2.2001e+07  0.35%  73.8  905s
H18627  4897                    2.194016e+07 2.2001e+07  0.28%  73.8  905s
 18630  4899 2.1969e+07   63  549 2.1940e+07 2.2000e+07  0.27%  73.8  970s
 18632  4900 2.1953e+07  240  548 2.1940e+07 2.2000e+07  0.27%  73.8 1047s
 18634  4902 2.1974e+07   39  542 2.1940e+07 2.2000e+07  0.27%  73.8 1054s
 18635  4902 2.1992e+07   12  542 2.1940e+07 2.2000e+07  0.27%  73.8 1092s
 18636  4906 2.2000e+07   12  541 2.1940e+07 2.2000e+07  0.27%  77.7 1097s
 18650  4929 2.1997e+07   15  502 2.1940e+07 2.1998e+07  0.26%  77.9 1100s
 18698  4993 2.1994e+07   17  496 2.1940e+07 2.1997e+07  0.26%  78.8 1107s
H18707  4745                    2.194025e+07 2.1997e+07  0.26%  79.0 1107s
 18746  4819 2.1994e+07   18  490 2.1940e+07 2.1996e+07  0.25%  80.4 1110s
 18943  4912 2.1993e+07   21  487 2.1940e+07 2.1996e+07  0.25%  81.1 1115s
 19088  5056 2.1989e+07   22  491 2.1940e+07 2.1996e+07  0.25%  81.9 1121s
 19274  5174 2.1987e+07   24  487 2.1940e+07 2.1996e+07  0.25%  83.5 1125s
 19455  5294 2.1981e+07   26  478 2.1940e+07 2.1996e+07  0.25%  84.5 1130s
 19594  5346 2.1979e+07   28  474 2.1940e+07 2.1996e+07  0.25%  85.1 1137s
 19642  5380 2.1986e+07   29  468 2.1940e+07 2.1996e+07  0.25%  85.4 1142s
 19692  5417 2.1978e+07   29  469 2.1940e+07 2.1996e+07  0.25%  85.6 1146s
 19747  5460 2.1985e+07   30  465 2.1940e+07 2.1996e+07  0.25%  85.7 1150s
 19808  5517 2.1984e+07   31  460 2.1940e+07 2.1996e+07  0.25%  85.9 1155s
 19889  5569 2.1982e+07   32  457 2.1940e+07 2.1996e+07  0.25%  86.0 1160s
H19969  5309                    2.194029e+07 2.1996e+07  0.25%  86.2 1160s
 20085  5465 2.1976e+07   35  467 2.1940e+07 2.1996e+07  0.25%  86.8 1166s
 20344  5659 2.1975e+07   38  464 2.1940e+07 2.1996e+07  0.25%  87.2 1171s
 20651  5819 2.1974e+07   40  462 2.1940e+07 2.1996e+07  0.25%  87.5 1177s
 20793  5902 2.1972e+07   42  455 2.1940e+07 2.1996e+07  0.25%  87.4 1180s
 21356  6349 2.1969e+07   47  444 2.1940e+07 2.1996e+07  0.25%  87.3 1185s
 22130  6813 2.1967e+07   54  431 2.1940e+07 2.1995e+07  0.25%  87.5 1191s
 23095  6977 2.1964e+07   63  443 2.1940e+07 2.1994e+07  0.24%  87.2 1197s
 23217  7389 2.1965e+07   64  436 2.1940e+07 2.1994e+07  0.24%  87.5 1200s
 24919  8502 2.1964e+07   77  412 2.1940e+07 2.1993e+07  0.24%  86.3 1207s
 25564  8718 2.1963e+07   81  406 2.1940e+07 2.1993e+07  0.24%  85.5 1210s
 26654  9250 2.1955e+07   89  395 2.1940e+07 2.1993e+07  0.24%  85.0 1215s
 27833  9848 2.1959e+07  100  388 2.1940e+07 2.1993e+07  0.24%  84.6 1222s
 28469 10008 2.1956e+07  104  382 2.1940e+07 2.1993e+07  0.24%  84.4 1225s
 29574 10409 2.1945e+07  114  392 2.1940e+07 2.1993e+07  0.24%  85.5 1232s
 29987 10834 2.1957e+07  116  401 2.1940e+07 2.1993e+07  0.24%  87.5 1236s
 30695 11188 2.1957e+07  121  393 2.1940e+07 2.1993e+07  0.24%  87.7 1241s
 31400 11581 2.1956e+07  127  396 2.1940e+07 2.1993e+07  0.24%  88.2 1245s
 32993 12239 2.1954e+07  141  384 2.1940e+07 2.1993e+07  0.24%  88.2 1256s
 33228 12283 2.1954e+07  143  372 2.1940e+07 2.1993e+07  0.24%  88.9 1263s
 33277 12327 2.1954e+07  144  374 2.1940e+07 2.1993e+07  0.24%  88.9 1270s
H33320 11772                    2.194281e+07 2.1993e+07  0.23%  88.9 1270s
 33325 11804 2.1944e+07  144  343 2.1943e+07 2.1993e+07  0.23%  88.9 1283s
 33385 11840 2.1953e+07  145  377 2.1943e+07 2.1992e+07  0.23%  89.0 1293s
 33442 11883 2.1949e+07  145  369 2.1943e+07 2.1992e+07  0.23%  89.0 1309s
 33493 11926 2.1953e+07  146  376 2.1943e+07 2.1992e+07  0.23%  89.0 1323s
H33503 10566                    2.194567e+07 2.1992e+07  0.21%  89.0 1324s
 33543 10903     cutoff  146      2.1946e+07 2.1992e+07  0.21%  89.1 1327s
 34048 11240 2.1953e+07  151  378 2.1946e+07 2.1992e+07  0.21%  89.4 1333s
 34471 11894 2.1951e+07  158  369 2.1946e+07 2.1991e+07  0.21%  89.6 1338s
 35266 11934 2.1949e+07  167  370 2.1946e+07 2.1991e+07  0.21%  90.0 1345s
 35371 13121 2.1951e+07  170  369 2.1946e+07 2.1991e+07  0.21%  90.0 1355s
H36638 12963                    2.194582e+07 2.1991e+07  0.21%  89.7 1355s
 36774 13092 2.1949e+07  189  349 2.1946e+07 2.1991e+07  0.21%  89.7 1362s
 37039 13947     cutoff  196      2.1946e+07 2.1991e+07  0.21%  89.9 1367s
 38092 14176 2.1948e+07  212  319 2.1946e+07 2.1991e+07  0.21%  90.1 1374s
 38445 14675 2.1948e+07  225  321 2.1946e+07 2.1991e+07  0.21%  90.0 1381s
H38669 14125                    2.194739e+07 2.1991e+07  0.20%  89.9 1381s

Cutting planes:
  Learned: 2
  Gomory: 52
  Cover: 7
  Implied bound: 1064
  MIR: 882
  Flow cover: 1433
  RLT: 15
  Relax-and-lift: 1018

Explored 39115 nodes (3582969 simplex iterations) in 1383.67 seconds (1644.27 work units)
Thread count was 48 (of 192 available processors)

Solution count 10: 2.19474e+07 2.19474e+07 2.19458e+07 ... 2.19244e+07

Optimal solution found (tolerance 2.00e-03)
Best objective 2.194739398497e+07, best bound 2.199122109190e+07, gap 0.1997%
Deleted nodefile directory: /scratch-local/lbeemster.21596707/gurobi_dev0.0_sub70.0_run6
Saved model snapshot to study_case_model/figures/subsidy_experiment/run_06426/dev0.0/sub70.0/run6/model_snapshot.pkl
Finished successfully!
