Gurobi shell based on Python 3.13.1 can be launched with command `gurobi.sh`
Gurobi Python Interface can be loaded in Python 3.13.1 with 'import gurobipy'
/var/spool/slurm/slurmd/job21596090/slurm_script: line 24: activate: No such file or directory
Solving model: dev0.2, sub38.0, run5
Read LP format model from file /scratch-local/lbeemster.21596090/tmpa7q0os5_.pyomo.lp
Reading time = 0.55 seconds
x1: 176513 rows, 50050 columns, 1016320 nonzeros
Set parameter OutputFlag to value 1
Set parameter MIPGap to value 0.002
Set parameter Threads to value 48
Set parameter Presolve to value 1
Set parameter Cuts to value 1
Set parameter NodefileStart to value 1
Set parameter NodefileDir to value "/scratch-local/lbeemster.21596090/gurobi_dev0.2_sub38.0_run5"
Set parameter MemLimit to value 60
Gurobi Optimizer version 12.0.3 build v12.0.3rc0 (linux64 - "Red Hat Enterprise Linux 9.6 (Plow)")

CPU model: AMD EPYC 9654 96-Core Processor, instruction set [SSE2|AVX|AVX2|AVX512]
Thread count: 192 physical cores, 192 logical processors, using up to 48 threads

Non-default parameters:
MemLimit  60
MIPGap  0.002
NodefileStart  1
Cuts  1
Presolve  1
Threads  48

Academic license 2514514 - for non-commercial use only - registered to l.___@student.vu.nl
Optimize a model with 176513 rows, 50050 columns and 1016320 nonzeros
Model fingerprint: 0xf695f437
Variable types: 39426 continuous, 10624 integer (10624 binary)
Coefficient statistics:
  Matrix range     [6e-05, 1e+05]
  Objective range  [2e+00, 3e+04]
  Bounds range     [1e+00, 1e+00]
  RHS range        [3e-01, 2e+05]
Presolve removed 32168 rows and 21206 columns
Presolve time: 3.19s
Presolved: 144345 rows, 28844 columns, 844618 nonzeros
Variable types: 22972 continuous, 5872 integer (5872 binary)

Deterministic concurrent LP optimizer: primal simplex, dual simplex, and barrier
Showing barrier log only...

Root relaxation presolved: 26634 rows, 170979 columns, 873283 nonzeros

Root barrier log...

Ordering time: 0.05s

Barrier statistics:
 Dense cols : 45
 Free vars  : 2112
 AA' NZ     : 5.833e+05
 Factor NZ  : 1.622e+06 (roughly 100 MB of memory)
 Factor Ops : 1.197e+08 (less than 1 second per iteration)
 Threads    : 45

                  Objective                Residual
Iter       Primal          Dual         Primal    Dual     Compl     Time
   0   1.65434257e+12  9.03546428e+05  7.87e+06 3.31e+02  1.70e+08     5s
   1   1.27625555e+12 -2.38616098e+08  5.23e+06 3.37e+03  1.09e+08     5s
   2   8.83453574e+11 -2.32510459e+08  2.73e+06 2.49e+03  7.06e+07     5s
   3   6.68566581e+11 -1.84441203e+08  1.36e+06 1.60e+03  4.24e+07     5s
   4   5.06296723e+11 -1.29785315e+08  5.53e+05 1.08e+03  2.54e+07     5s
   5   4.02362502e+11 -7.56671480e+07  2.92e+05 6.12e+02  1.45e+07     5s
   6   3.00668817e+11 -4.68938011e+07  1.65e+05 3.87e+02  8.94e+06     5s
   7   2.45021914e+11 -3.06072692e+07  1.14e+05 2.55e+02  6.03e+06     5s
   8   2.09377085e+11 -2.52062305e+07  8.83e+04 2.15e+02  4.92e+06     5s
   9   1.85255019e+11 -1.92791139e+07  7.06e+04 1.63e+02  3.84e+06     5s
  10   1.34540722e+11 -1.46394234e+07  4.22e+04 1.27e+02  2.77e+06     5s
  11   1.15492530e+11 -1.01429810e+07  3.31e+04 9.22e+01  2.08e+06     5s
  12   7.70314841e+10 -6.44083499e+06  1.66e+04 6.30e+01  1.31e+06     6s
  13   5.40676505e+10 -2.30116343e+06  9.07e+03 3.08e+01  7.02e+05     6s
  14   3.02287021e+10  3.47689764e+05  3.96e+03 8.72e+00  2.68e+05     6s
  15   2.08020096e+10  9.10517463e+05  2.51e+03 4.59e+00  1.63e+05     6s
  16   1.49911799e+10  1.18989504e+06  1.71e+03 2.88e+00  1.11e+05     6s
  17   7.71871483e+09  1.59205454e+06  7.93e+02 1.30e+00  5.36e+04     6s
  18   4.62329440e+09  2.34832147e+06  4.51e+02 5.25e-01  2.97e+04     6s
  19   2.20644304e+09  3.04091953e+06  2.02e+02 3.72e-01  1.42e+04     6s
  20   1.26986435e+09  4.54513414e+06  1.09e+02 1.75e-01  7.81e+03     6s
  21   5.54123530e+08  6.48564133e+06  4.16e+01 5.73e-02  3.23e+03     6s
  22   2.70900934e+08  8.37688090e+06  1.88e+01 2.87e-02  1.53e+03     6s
  23   1.58906341e+08  1.08812122e+07  1.01e+01 1.71e-02  8.51e+02     6s
  24   1.10282348e+08  1.48961313e+07  6.37e+00 8.93e-03  5.42e+02     6s
  25   8.98360048e+07  1.67089504e+07  4.78e+00 5.81e-03  4.13e+02     6s
  26   6.33883829e+07  1.84726796e+07  2.84e+00 5.17e-03  2.52e+02     6s
  27   4.60156026e+07  1.96122444e+07  1.53e+00 3.50e-03  1.47e+02     6s
  28   3.53555931e+07  2.04089594e+07  8.22e-01 1.80e-03  8.28e+01     6s
  29   2.63060493e+07  2.12108069e+07  2.30e-01 1.58e-03  2.79e+01     6s
  30   2.43926646e+07  2.15005094e+07  1.22e-01 9.74e-04  1.58e+01     6s
  31   2.33696584e+07  2.16281633e+07  6.97e-02 8.70e-04  9.49e+00     6s
  32   2.27101163e+07  2.17071290e+07  3.92e-02 6.28e-04  5.46e+00     7s
  33   2.23299060e+07  2.17503960e+07  2.19e-02 4.64e-04  3.15e+00     7s
  34   2.21558114e+07  2.17724673e+07  1.40e-02 3.62e-04  2.08e+00     7s
  35   2.20272996e+07  2.17959496e+07  7.88e-03 3.03e-04  1.25e+00     7s
  36   2.19741070e+07  2.18251146e+07  4.96e-03 2.39e-04  8.05e-01     7s
  37   2.19548084e+07  2.18423521e+07  3.96e-03 1.99e-04  6.06e-01     7s
  38   2.19298780e+07  2.18611460e+07  2.58e-03 1.91e-04  3.70e-01     7s
  39   2.19098343e+07  2.18678546e+07  1.42e-03 3.13e-04  2.25e-01     7s
  40   2.19017515e+07  2.18740703e+07  9.67e-04 2.65e-04  1.48e-01     7s
  41   2.18905586e+07  2.18783804e+07  3.59e-04 1.84e-04  6.51e-02     7s
  42   2.18869976e+07  2.18800005e+07  1.94e-04 1.32e-04  3.73e-02     7s
  43   2.18854715e+07  2.18808374e+07  1.29e-04 7.38e-05  2.47e-02     7s
  44   2.18843190e+07  2.18814346e+07  8.36e-05 3.81e-05  1.54e-02     7s
  45   2.18832056e+07  2.18816612e+07  4.17e-05 2.23e-05  8.24e-03     7s
  46   2.18825522e+07  2.18818129e+07  1.88e-05 1.10e-05  3.94e-03     7s
  47   2.18821809e+07  2.18818848e+07  6.68e-06 4.75e-06  1.58e-03     7s

Barrier performed 47 iterations in 7.22 seconds (6.43 work units)
Barrier solve interrupted - model solved by another algorithm

Concurrent spin time: 0.56s (can be avoided by choosing Method=3)

Solved with primal simplex

Root relaxation: objective 2.188194e+07, 32158 iterations, 3.23 seconds (2.70 work units)

    Nodes    |    Current Node    |     Objective Bounds      |     Work
 Expl Unexpl |  Obj  Depth IntInf | Incumbent    BestBd   Gap | It/Node Time

     0     0 2.1882e+07    0  426          - 2.1882e+07      -     -    9s
     0     0 2.1879e+07    0  568          - 2.1879e+07      -     -   15s
     0     0 2.1877e+07    0  710          - 2.1877e+07      -     -   16s
H    0     0                    2.149044e+07 2.1877e+07  1.80%     -   17s
     0     0 2.1877e+07    0  718 2.1490e+07 2.1877e+07  1.80%     -   17s
     0     0 2.1877e+07    0  716 2.1490e+07 2.1877e+07  1.80%     -   17s
     0     0 2.1876e+07    0  766 2.1490e+07 2.1876e+07  1.79%     -   22s
H    0     0                    2.153351e+07 2.1876e+07  1.59%     -   23s
     0     0 2.1874e+07    0  812 2.1534e+07 2.1874e+07  1.58%     -   27s
     0     0 2.1874e+07    0  829 2.1534e+07 2.1874e+07  1.58%     -   27s
     0     0 2.1874e+07    0  841 2.1534e+07 2.1874e+07  1.58%     -   27s
     0     0 2.1874e+07    0  840 2.1534e+07 2.1874e+07  1.58%     -   28s
     0     0 2.1874e+07    0  848 2.1534e+07 2.1874e+07  1.58%     -   28s
     0     0 2.1874e+07    0  845 2.1534e+07 2.1874e+07  1.58%     -   29s
H    0     0                    2.155311e+07 2.1874e+07  1.49%     -   32s
     0     0 2.1871e+07    0  813 2.1553e+07 2.1871e+07  1.48%     -   34s
H    0     0                    2.159848e+07 2.1870e+07  1.26%     -   37s
     0     0 2.1870e+07    0  821 2.1598e+07 2.1870e+07  1.26%     -   37s
     0     0 2.1870e+07    0  846 2.1598e+07 2.1870e+07  1.26%     -   38s
     0     0 2.1869e+07    0  856 2.1598e+07 2.1869e+07  1.25%     -   38s
     0     0 2.1869e+07    0  869 2.1598e+07 2.1869e+07  1.25%     -   39s
H    0     0                    2.160080e+07 2.1869e+07  1.24%     -   39s
     0     0 2.1869e+07    0  880 2.1601e+07 2.1869e+07  1.24%     -   39s
     0     0 2.1869e+07    0  881 2.1601e+07 2.1869e+07  1.24%     -   39s
H    0     0                    2.160084e+07 2.1869e+07  1.24%     -   43s
     0     0 2.1868e+07    0  894 2.1601e+07 2.1868e+07  1.23%     -   47s
     0     0 2.1867e+07    0  904 2.1601e+07 2.1867e+07  1.23%     -   50s
     0     0 2.1867e+07    0  914 2.1601e+07 2.1867e+07  1.23%     -   52s
     0     0 2.1866e+07    0  949 2.1601e+07 2.1866e+07  1.23%     -   52s
     0     0 2.1866e+07    0  942 2.1601e+07 2.1866e+07  1.23%     -   53s
     0     0 2.1866e+07    0  947 2.1601e+07 2.1866e+07  1.23%     -   53s
     0     0 2.1866e+07    0  945 2.1601e+07 2.1866e+07  1.23%     -   53s
H    0     0                    2.163060e+07 2.1866e+07  1.09%     -   61s
     0     0 2.1865e+07    0  686 2.1631e+07 2.1865e+07  1.08%     -   66s
H    0     0                    2.163981e+07 2.1865e+07  1.04%     -   71s
     0     0 2.1865e+07    0  734 2.1640e+07 2.1865e+07  1.04%     -   71s
     0     0 2.1864e+07    0  775 2.1640e+07 2.1864e+07  1.04%     -   72s
     0     0 2.1864e+07    0  771 2.1640e+07 2.1864e+07  1.04%     -   72s
     0     0 2.1864e+07    0  777 2.1640e+07 2.1864e+07  1.04%     -   72s
     0     0 2.1864e+07    0  774 2.1640e+07 2.1864e+07  1.04%     -   73s
     0     0 2.1864e+07    0  773 2.1640e+07 2.1864e+07  1.04%     -   76s
H    0     0                    2.164312e+07 2.1864e+07  1.02%     -   80s
     0     0 2.1864e+07    0  802 2.1643e+07 2.1864e+07  1.02%     -   82s
     0     0 2.1864e+07    0  788 2.1643e+07 2.1864e+07  1.02%     -   82s
     0     0 2.1864e+07    0  784 2.1643e+07 2.1864e+07  1.02%     -   82s
     0     0 2.1864e+07    0  775 2.1643e+07 2.1864e+07  1.02%     -   83s
     0     0 2.1863e+07    0  731 2.1643e+07 2.1863e+07  1.02%     -   86s
     0     0 2.1863e+07    0  759 2.1643e+07 2.1863e+07  1.02%     -   89s
     0     0 2.1863e+07    0  759 2.1643e+07 2.1863e+07  1.02%     -   90s
     0     0 2.1863e+07    0  750 2.1643e+07 2.1863e+07  1.02%     -   90s
     0     0 2.1863e+07    0  762 2.1643e+07 2.1863e+07  1.02%     -   90s
     0     0 2.1863e+07    0  751 2.1643e+07 2.1863e+07  1.02%     -   94s
H    0     0                    2.164792e+07 2.1863e+07  0.99%     -   96s
     0     0 2.1863e+07    0  764 2.1648e+07 2.1863e+07  0.99%     -   97s
     0     0 2.1863e+07    0  747 2.1648e+07 2.1863e+07  0.99%     -   97s
     0     0 2.1863e+07    0  773 2.1648e+07 2.1863e+07  0.99%     -   97s
     0     0 2.1863e+07    0  776 2.1648e+07 2.1863e+07  0.99%     -   98s
     0     0 2.1862e+07    0  772 2.1648e+07 2.1862e+07  0.99%     -  101s
     0     0 2.1862e+07    0  776 2.1648e+07 2.1862e+07  0.99%     -  104s
     0     0 2.1862e+07    0  772 2.1648e+07 2.1862e+07  0.99%     -  105s
     0     0 2.1862e+07    0  773 2.1648e+07 2.1862e+07  0.99%     -  105s
     0     0 2.1862e+07    0  780 2.1648e+07 2.1862e+07  0.99%     -  105s
     0     0 2.1862e+07    0  756 2.1648e+07 2.1862e+07  0.99%     -  109s
H    0     0                    2.164792e+07 2.1862e+07  0.99%     -  111s
H    0     0                    2.165715e+07 2.1862e+07  0.95%     -  112s
H    0     0                    2.166438e+07 2.1862e+07  0.91%     -  112s
     0     0 2.1862e+07    0  772 2.1664e+07 2.1862e+07  0.91%     -  112s
     0     0 2.1862e+07    0  778 2.1664e+07 2.1862e+07  0.91%     -  112s
     0     0 2.1862e+07    0  770 2.1664e+07 2.1862e+07  0.91%     -  113s
H    0     0                    2.166850e+07 2.1862e+07  0.89%     -  115s
     0     0 2.1862e+07    0  783 2.1669e+07 2.1862e+07  0.89%     -  116s
     0     0 2.1862e+07    0  774 2.1669e+07 2.1862e+07  0.89%     -  119s
     0     0 2.1862e+07    0  789 2.1669e+07 2.1862e+07  0.89%     -  119s
     0     0 2.1862e+07    0  761 2.1669e+07 2.1862e+07  0.89%     -  122s
H    0     0                    2.167111e+07 2.1862e+07  0.88%     -  125s
H    0     0                    2.167315e+07 2.1862e+07  0.87%     -  125s
H    0     0                    2.167339e+07 2.1862e+07  0.87%     -  125s
H    0     0                    2.167447e+07 2.1862e+07  0.87%     -  125s
H    0     0                    2.167451e+07 2.1862e+07  0.86%     -  125s
H    0     0                    2.167480e+07 2.1862e+07  0.86%     -  125s
H    0     0                    2.167868e+07 2.1862e+07  0.85%     -  125s
H    0     0                    2.168065e+07 2.1862e+07  0.84%     -  125s
H    0     0                    2.168081e+07 2.1862e+07  0.84%     -  125s
H    0     0                    2.168175e+07 2.1862e+07  0.83%     -  125s
     0     0 2.1862e+07    0  762 2.1682e+07 2.1862e+07  0.83%     -  126s
     0     0 2.1862e+07    0  760 2.1682e+07 2.1862e+07  0.83%     -  126s
     0     0 2.1862e+07    0  754 2.1682e+07 2.1862e+07  0.83%     -  127s
     0     0 2.1862e+07    0  759 2.1682e+07 2.1862e+07  0.83%     -  130s
     0     0 2.1862e+07    0  761 2.1682e+07 2.1862e+07  0.83%     -  133s
     0     0 2.1862e+07    0  766 2.1682e+07 2.1862e+07  0.83%     -  133s
     0     0 2.1862e+07    0  732 2.1682e+07 2.1862e+07  0.83%     -  136s
     0     0 2.1862e+07    0  727 2.1682e+07 2.1862e+07  0.83%     -  139s
     0     0 2.1862e+07    0  723 2.1682e+07 2.1862e+07  0.83%     -  139s
     0     0 2.1862e+07    0  712 2.1682e+07 2.1862e+07  0.83%     -  142s
     0     0 2.1862e+07    0  712 2.1682e+07 2.1862e+07  0.83%     -  153s
     0     2 2.1862e+07    0  712 2.1682e+07 2.1862e+07  0.83%     -  175s
    31    64 2.1861e+07    5  697 2.1682e+07 2.1861e+07  0.83%   494  181s
    63   112 2.1860e+07    6  698 2.1682e+07 2.1861e+07  0.83%   408  186s
H   66   112                    2.169513e+07 2.1861e+07  0.77%   395  186s
H   68   112                    2.169544e+07 2.1861e+07  0.76%   390  186s
   111   340 2.1859e+07    7  692 2.1695e+07 2.1861e+07  0.76%   333  191s
   401   617 2.1858e+07   11  687 2.1695e+07 2.1861e+07  0.76%   181  198s
H  449   617                    2.169803e+07 2.1861e+07  0.75%   175  198s
H  511   617                    2.169902e+07 2.1861e+07  0.75%   173  198s
H  530   617                    2.169954e+07 2.1861e+07  0.75%   172  198s
   616   949 2.1857e+07   16  678 2.1700e+07 2.1861e+07  0.75%   166  201s
  1303  1352 2.1856e+07   29  635 2.1700e+07 2.1861e+07  0.75%   148  209s
  1351  1400 2.1856e+07   29  655 2.1700e+07 2.1861e+07  0.75%   149  218s
H 1355  1400                    2.169961e+07 2.1861e+07  0.75%   149  218s
H 1365  1400                    2.169967e+07 2.1861e+07  0.75%   149  218s
H 1392  1400                    2.169971e+07 2.1861e+07  0.74%   148  218s
  1399  1769 2.1855e+07   30  655 2.1700e+07 2.1861e+07  0.74%   148  222s
  1768  2138 2.1846e+07   37  655 2.1700e+07 2.1861e+07  0.74%   147  225s
  2137  2364 2.1852e+07   41  637 2.1700e+07 2.1861e+07  0.74%   143  230s
  2702  2749 2.1850e+07   47  610 2.1700e+07 2.1861e+07  0.74%   145  238s
  2750  2829 2.1850e+07   48  611 2.1700e+07 2.1861e+07  0.74%   145  245s
H 2831  2924                    2.169974e+07 2.1861e+07  0.74%   144  249s
H 2846  2924                    2.170044e+07 2.1861e+07  0.74%   144  249s
H 2890  2924                    2.170085e+07 2.1861e+07  0.74%   144  249s
  2925  3404 2.1850e+07   49  611 2.1701e+07 2.1861e+07  0.74%   143  253s
  3405  3999 2.1849e+07   55  609 2.1701e+07 2.1861e+07  0.74%   143  258s
  4000  4242 2.1848e+07   62  604 2.1701e+07 2.1861e+07  0.74%   137  262s
H 4021  4242                    2.170102e+07 2.1861e+07  0.74%   137  262s
  4243  4740 2.1848e+07   64  597 2.1701e+07 2.1861e+07  0.74%   136  265s
  5186  5473 2.1846e+07   70  596 2.1701e+07 2.1861e+07  0.74%   130  271s
H 5218  5473                    2.170127e+07 2.1861e+07  0.74%   130  271s
H 5382  5473                    2.170206e+07 2.1861e+07  0.73%   130  271s
  5946  6348 2.1845e+07   76  602 2.1702e+07 2.1861e+07  0.73%   127  277s
  6772  7105 2.1844e+07   87  590 2.1702e+07 2.1861e+07  0.73%   126  282s
H 7098  7096                    2.170266e+07 2.1861e+07  0.73%   125  282s
  7148  7575 2.1844e+07   90  586 2.1703e+07 2.1861e+07  0.73%   125  285s
  8190  8182 2.1841e+07  103  583 2.1703e+07 2.1861e+07  0.73%   122  292s
H 8213  8182                    2.170269e+07 2.1861e+07  0.73%   122  292s
  8238  8610 2.1841e+07  103  561 2.1703e+07 2.1861e+07  0.73%   122  295s
  9333  9776 2.1837e+07  120  536 2.1703e+07 2.1861e+07  0.73%   120  301s
  9858 10605 2.1835e+07  122  537 2.1703e+07 2.1861e+07  0.73%   118  305s
 11640 11829 2.1830e+07  144  469 2.1703e+07 2.1861e+07  0.73%   111  313s
 11993 12567 2.1829e+07  148  463 2.1703e+07 2.1861e+07  0.73%   111  317s
 12747 13319 2.1827e+07  153  459 2.1703e+07 2.1861e+07  0.73%   109  321s
 13529 13366 2.1826e+07  161  450 2.1703e+07 2.1861e+07  0.73%   108  331s
H13530 12593                    2.171707e+07 2.1861e+07  0.66%   108  331s
H13535 12485                    2.171963e+07 2.1861e+07  0.65%   108  331s
H13546 11244                    2.174595e+07 2.1861e+07  0.53%   108  331s
H13569  9731                    2.177472e+07 2.1861e+07  0.40%   108  331s
 13578 10066 2.1826e+07  162  443 2.1775e+07 2.1861e+07  0.40%   108  336s
 13995 10631 2.1823e+07  168  443 2.1775e+07 2.1861e+07  0.40%   109  340s
 14572 10933 2.1820e+07  176  449 2.1775e+07 2.1861e+07  0.40%   110  345s
H14843 10826                    2.177664e+07 2.1861e+07  0.39%   110  345s
 14874 11425 2.1821e+07  177  442 2.1777e+07 2.1861e+07  0.39%   110  350s
H16149 12334                    2.177680e+07 2.1861e+07  0.39%   112  360s
 16431 13131     cutoff  203      2.1777e+07 2.1861e+07  0.39%   112  365s
 17252 13930 2.1813e+07  219  401 2.1777e+07 2.1861e+07  0.39%   112  371s
 18058 13931 2.1842e+07   83  712 2.1777e+07 2.1861e+07  0.39%   111  471s
H18059 13235                    2.177816e+07 2.1861e+07  0.38%   111  614s
H18059 12573                    2.177911e+07 2.1861e+07  0.38%   111  614s
H18059 11944                    2.177953e+07 2.1861e+07  0.37%   111  614s
H18059 11347                    2.178035e+07 2.1861e+07  0.37%   111  614s
 18060 11347 2.1844e+07   69  493 2.1780e+07 2.1860e+07  0.37%   111  637s
 18061 11348 2.1791e+07   99  571 2.1780e+07 2.1860e+07  0.37%   111  647s
 18062 11349 2.1845e+07   72  573 2.1780e+07 2.1860e+07  0.37%   111  651s
 18064 11350 2.1797e+07   76  586 2.1780e+07 2.1860e+07  0.36%   111  656s
 18066 11351 2.1849e+07   58  519 2.1780e+07 2.1859e+07  0.36%   111  660s
 18068 11353 2.1859e+07   12  621 2.1780e+07 2.1859e+07  0.36%   111  667s
 18070 11354 2.1841e+07   79  635 2.1780e+07 2.1858e+07  0.36%   111  670s
 18077 11359 2.1851e+07   52  604 2.1780e+07 2.1857e+07  0.35%   111  776s
 18078 11359 2.1785e+07  126  587 2.1780e+07 2.1857e+07  0.35%   111  780s
H18082 10794                    2.181166e+07 2.1857e+07  0.21%   111  896s
H18082 10254                    2.181181e+07 2.1857e+07  0.21%   111  896s
 18084 10255 2.1812e+07  155  622 2.1812e+07 2.1856e+07  0.20%   111  901s
 18088 10258 2.1829e+07  145  584 2.1812e+07 2.1856e+07  0.20%   110 1011s
 18089 10259 2.1823e+07  165  570 2.1812e+07 2.1856e+07  0.20%   110 1016s
H18092  9747                    2.181188e+07 2.1856e+07  0.20%   110 1153s
H18092  9259                    2.181278e+07 2.1856e+07  0.20%   110 1153s

Cutting planes:
  Learned: 1
  Gomory: 24
  Implied bound: 745
  MIR: 1723
  Flow cover: 1988
  RLT: 34
  Relax-and-lift: 1322

Explored 18092 nodes (2187325 simplex iterations) in 1154.70 seconds (1245.57 work units)
Thread count was 48 (of 192 available processors)

Solution count 10: 2.18128e+07 2.18128e+07 2.18119e+07 ... 2.17768e+07

Optimal solution found (tolerance 2.00e-03)
Best objective 2.181277896445e+07, best bound 2.185605924031e+07, gap 0.1984%
Deleted nodefile directory: /scratch-local/lbeemster.21596090/gurobi_dev0.2_sub38.0_run5
Saved model snapshot to study_case_model/figures/subsidy_experiment/run_06426/dev0.2/sub38.0/run5/model_snapshot.pkl
Finished successfully!
