Gurobi shell based on Python 3.13.1 can be launched with command `gurobi.sh`
Gurobi Python Interface can be loaded in Python 3.13.1 with 'import gurobipy'
/var/spool/slurm/slurmd/job21594418/slurm_script: line 24: activate: No such file or directory
Solving model: dev0.1, sub30.0, run5
Read LP format model from file /scratch-local/lbeemster.21594418/tmp2rir579f.pyomo.lp
Reading time = 0.54 seconds
x1: 176513 rows, 50050 columns, 1016320 nonzeros
Set parameter OutputFlag to value 1
Set parameter MIPGap to value 0.002
Set parameter Threads to value 48
Set parameter Presolve to value 1
Set parameter Cuts to value 1
Set parameter NodefileStart to value 1
Set parameter NodefileDir to value "/scratch-local/lbeemster.21594418/gurobi_dev0.1_sub30.0_run5"
Set parameter MemLimit to value 60
Gurobi Optimizer version 12.0.3 build v12.0.3rc0 (linux64 - "Red Hat Enterprise Linux 9.6 (Plow)")

CPU model: AMD EPYC 9654 96-Core Processor, instruction set [SSE2|AVX|AVX2|AVX512]
Thread count: 192 physical cores, 192 logical processors, using up to 48 threads

Non-default parameters:
MemLimit  60
MIPGap  0.002
NodefileStart  1
Cuts  1
Presolve  1
Threads  48

Academic license 2514514 - for non-commercial use only - registered to l.___@student.vu.nl
Optimize a model with 176513 rows, 50050 columns and 1016320 nonzeros
Model fingerprint: 0x09d07cfb
Variable types: 39426 continuous, 10624 integer (10624 binary)
Coefficient statistics:
  Matrix range     [6e-05, 1e+05]
  Objective range  [2e+00, 3e+04]
  Bounds range     [1e+00, 1e+00]
  RHS range        [3e-01, 2e+05]
Presolve removed 32168 rows and 21206 columns
Presolve time: 3.16s
Presolved: 144345 rows, 28844 columns, 844618 nonzeros
Variable types: 22972 continuous, 5872 integer (5872 binary)

Deterministic concurrent LP optimizer: primal simplex, dual simplex, and barrier
Showing barrier log only...

Root relaxation presolved: 26634 rows, 170979 columns, 873283 nonzeros

Root barrier log...

Ordering time: 0.05s

Barrier statistics:
 Dense cols : 45
 Free vars  : 2112
 AA' NZ     : 5.833e+05
 Factor NZ  : 1.622e+06 (roughly 100 MB of memory)
 Factor Ops : 1.197e+08 (less than 1 second per iteration)
 Threads    : 45

                  Objective                Residual
Iter       Primal          Dual         Primal    Dual     Compl     Time
   0   1.64983477e+12  9.13906259e+05  7.84e+06 3.31e+02  1.69e+08     5s
   1   1.27286201e+12 -2.05852066e+08  5.22e+06 3.37e+03  1.08e+08     5s
   2   8.81108366e+11 -1.69253978e+08  2.73e+06 2.49e+03  7.04e+07     5s
   3   6.66766760e+11 -1.02208740e+08  1.35e+06 1.60e+03  4.23e+07     5s
   4   5.05008612e+11 -5.94068931e+07  5.52e+05 1.07e+03  2.53e+07     5s
   5   4.01304918e+11 -2.60421455e+07  2.91e+05 6.11e+02  1.44e+07     5s
   6   2.99879829e+11 -1.22132676e+07  1.65e+05 3.87e+02  8.91e+06     5s
   7   2.44361376e+11 -5.56768489e+06  1.14e+05 2.55e+02  6.01e+06     5s
   8   2.08788427e+11 -3.62356096e+06  8.81e+04 2.15e+02  4.91e+06     5s
   9   1.84152228e+11 -2.55443749e+06  7.01e+04 1.62e+02  3.81e+06     5s
  10   1.34078025e+11 -1.26761631e+06  4.21e+04 1.27e+02  2.75e+06     5s
  11   1.15325789e+11 -5.05970906e+05  3.31e+04 9.21e+01  2.08e+06     5s
  12   7.73386929e+10  1.82020893e+05  1.68e+04 6.24e+01  1.30e+06     5s
  13   5.76291992e+10  1.02421209e+06  1.04e+04 2.56e+01  6.68e+05     6s
  14   2.99549216e+10  1.10356267e+06  4.26e+03 8.08e+00  2.60e+05     6s
  15   1.97403387e+10  1.23982731e+06  2.57e+03 4.31e+00  1.55e+05     6s
  16   1.45165464e+10  1.36213947e+06  1.80e+03 2.54e+00  1.06e+05     6s
  17   8.25493318e+09  1.63751107e+06  9.47e+02 1.16e+00  5.60e+04     6s
  18   4.78616642e+09  2.22639183e+06  5.23e+02 5.30e-01  3.05e+04     6s
  19   2.31373858e+09  2.55598046e+06  2.39e+02 4.02e-01  1.50e+04     6s
  20   1.46280553e+09  4.15573419e+06  1.43e+02 1.86e-01  9.04e+03     6s
  21   7.49153068e+08  5.14195318e+06  6.88e+01 1.09e-01  4.57e+03     6s
  22   4.07858055e+08  6.65332865e+06  3.54e+01 6.24e-02  2.43e+03     6s
  23   2.42053445e+08  9.26403608e+06  1.97e+01 3.02e-02  1.38e+03     6s
  24   1.38704678e+08  1.27056150e+07  1.01e+01 1.53e-02  7.34e+02     6s
  25   8.25651480e+07  1.57384691e+07  4.74e+00 8.63e-03  3.82e+02     6s
  26   6.57064799e+07  1.81793798e+07  3.33e+00 7.08e-03  2.69e+02     6s
  27   4.95460016e+07  1.96994170e+07  1.95e+00 4.64e-03  1.68e+02     6s
  28   3.51654589e+07  1.97632797e+07  9.15e-01 2.43e-03  8.58e+01     6s
  29   2.80887266e+07  2.10141188e+07  3.91e-01 2.13e-03  3.91e+01     6s
  30   2.52934015e+07  2.13436697e+07  2.12e-01 1.32e-03  2.18e+01     6s
  31   2.41005484e+07  2.14834506e+07  1.38e-01 9.81e-04  1.44e+01     6s
  32   2.31740246e+07  2.15990057e+07  8.05e-02 7.09e-04  8.66e+00     6s
  33   2.26049031e+07  2.16797155e+07  4.64e-02 5.19e-04  5.08e+00     6s
  34   2.22934409e+07  2.17202512e+07  2.79e-02 3.69e-04  3.14e+00     6s
  35   2.20645111e+07  2.17533570e+07  1.44e-02 3.60e-04  1.70e+00     6s
  36   2.19707643e+07  2.17770386e+07  8.62e-03 3.53e-04  1.06e+00     7s
  37   2.19368672e+07  2.17923918e+07  6.25e-03 3.20e-04  7.86e-01     7s
  38   2.19167842e+07  2.18163945e+07  4.69e-03 2.86e-04  5.44e-01     7s
  39   2.19016698e+07  2.18316264e+07  3.58e-03 2.65e-04  3.79e-01     7s
  40   2.18789423e+07  2.18409466e+07  1.62e-03 1.87e-04  2.04e-01     7s

Barrier performed 40 iterations in 6.74 seconds (6.09 work units)
Barrier solve interrupted - model solved by another algorithm

Concurrent spin time: 0.60s (can be avoided by choosing Method=3)

Solved with primal simplex

Root relaxation: objective 2.185591e+07, 28294 iterations, 2.81 seconds (2.36 work units)

    Nodes    |    Current Node    |     Objective Bounds      |     Work
 Expl Unexpl |  Obj  Depth IntInf | Incumbent    BestBd   Gap | It/Node Time

     0     0 2.1856e+07    0  392          - 2.1856e+07      -     -    8s
H    0     0                    2.133713e+07 2.1856e+07  2.43%     -   11s
     0     0 2.1854e+07    0  586 2.1337e+07 2.1854e+07  2.42%     -   16s
H    0     0                    2.136430e+07 2.1854e+07  2.29%     -   17s
     0     0 2.1853e+07    0  608 2.1364e+07 2.1853e+07  2.29%     -   18s
     0     0 2.1853e+07    0  617 2.1364e+07 2.1853e+07  2.29%     -   19s
     0     0 2.1853e+07    0  617 2.1364e+07 2.1853e+07  2.29%     -   19s
     0     0 2.1850e+07    0  678 2.1364e+07 2.1850e+07  2.27%     -   23s
     0     0 2.1850e+07    0  690 2.1364e+07 2.1850e+07  2.27%     -   29s
     0     0 2.1849e+07    0  699 2.1364e+07 2.1849e+07  2.27%     -   29s
     0     0 2.1849e+07    0  704 2.1364e+07 2.1849e+07  2.27%     -   30s
     0     0 2.1849e+07    0  707 2.1364e+07 2.1849e+07  2.27%     -   30s
     0     0 2.1849e+07    0  706 2.1364e+07 2.1849e+07  2.27%     -   30s
H    0     0                    2.138758e+07 2.1847e+07  2.15%     -   35s
     0     0 2.1847e+07    0  701 2.1388e+07 2.1847e+07  2.15%     -   36s
     0     0 2.1846e+07    0  727 2.1388e+07 2.1846e+07  2.14%     -   39s
     0     0 2.1845e+07    0  760 2.1388e+07 2.1845e+07  2.14%     -   40s
H    0     0                    2.140204e+07 2.1845e+07  2.07%     -   40s
     0     0 2.1845e+07    0  775 2.1402e+07 2.1845e+07  2.07%     -   40s
     0     0 2.1845e+07    0  781 2.1402e+07 2.1845e+07  2.07%     -   41s
     0     0 2.1845e+07    0  783 2.1402e+07 2.1845e+07  2.07%     -   41s
     0     0 2.1845e+07    0  781 2.1402e+07 2.1845e+07  2.07%     -   41s
     0     0 2.1845e+07    0  780 2.1402e+07 2.1845e+07  2.07%     -   42s
H    0     0                    2.146405e+07 2.1843e+07  1.77%     -   48s
H    0     0                    2.149225e+07 2.1843e+07  1.63%     -   48s
     0     0 2.1843e+07    0  792 2.1492e+07 2.1843e+07  1.63%     -   48s
H    0     0                    2.149242e+07 2.1843e+07  1.63%     -   52s
H    0     0                    2.158784e+07 2.1843e+07  1.18%     -   53s
     0     0 2.1843e+07    0  790 2.1588e+07 2.1843e+07  1.18%     -   53s
     0     0 2.1842e+07    0  836 2.1588e+07 2.1842e+07  1.18%     -   54s
     0     0 2.1842e+07    0  843 2.1588e+07 2.1842e+07  1.18%     -   54s
     0     0 2.1842e+07    0  842 2.1588e+07 2.1842e+07  1.18%     -   55s
     0     0 2.1842e+07    0  844 2.1588e+07 2.1842e+07  1.18%     -   56s
     0     0 2.1842e+07    0  848 2.1588e+07 2.1842e+07  1.18%     -   56s
H    0     0                    2.162798e+07 2.1841e+07  0.99%     -   63s
     0     0 2.1841e+07    0  675 2.1628e+07 2.1841e+07  0.99%     -   63s
     0     0 2.1841e+07    0  671 2.1628e+07 2.1841e+07  0.98%     -   67s
     0     0 2.1841e+07    0  708 2.1628e+07 2.1841e+07  0.98%     -   67s
     0     0 2.1841e+07    0  730 2.1628e+07 2.1841e+07  0.98%     -   68s
     0     0 2.1841e+07    0  735 2.1628e+07 2.1841e+07  0.98%     -   68s
     0     0 2.1841e+07    0  744 2.1628e+07 2.1841e+07  0.98%     -   68s
     0     0 2.1840e+07    0  691 2.1628e+07 2.1840e+07  0.98%     -   72s
     0     0 2.1840e+07    0  744 2.1628e+07 2.1840e+07  0.98%     -   75s
     0     0 2.1840e+07    0  725 2.1628e+07 2.1840e+07  0.98%     -   75s
     0     0 2.1840e+07    0  744 2.1628e+07 2.1840e+07  0.98%     -   76s
     0     0 2.1840e+07    0  745 2.1628e+07 2.1840e+07  0.98%     -   76s
     0     0 2.1840e+07    0  749 2.1628e+07 2.1840e+07  0.98%     -   76s
     0     0 2.1840e+07    0  722 2.1628e+07 2.1840e+07  0.98%     -   80s
     0     0 2.1839e+07    0  744 2.1628e+07 2.1839e+07  0.98%     -   83s
     0     0 2.1839e+07    0  735 2.1628e+07 2.1839e+07  0.98%     -   83s
     0     0 2.1839e+07    0  748 2.1628e+07 2.1839e+07  0.98%     -   84s
     0     0 2.1839e+07    0  762 2.1628e+07 2.1839e+07  0.98%     -   84s
     0     0 2.1839e+07    0  728 2.1628e+07 2.1839e+07  0.98%     -   88s
     0     0 2.1839e+07    0  710 2.1628e+07 2.1839e+07  0.98%     -   90s
     0     0 2.1839e+07    0  705 2.1628e+07 2.1839e+07  0.98%     -   91s
     0     0 2.1839e+07    0  703 2.1628e+07 2.1839e+07  0.98%     -   91s
     0     0 2.1839e+07    0  711 2.1628e+07 2.1839e+07  0.98%     -   94s
     0     0 2.1839e+07    0  708 2.1628e+07 2.1839e+07  0.97%     -   98s
     0     0 2.1839e+07    0  704 2.1628e+07 2.1839e+07  0.97%     -   98s
     0     0 2.1839e+07    0  697 2.1628e+07 2.1839e+07  0.97%     -   98s
     0     0 2.1839e+07    0  693 2.1628e+07 2.1839e+07  0.97%     -   99s
H    0     0                    2.164107e+07 2.1839e+07  0.91%     -  101s
     0     0 2.1839e+07    0  665 2.1641e+07 2.1839e+07  0.91%     -  102s
     0     0 2.1839e+07    0  677 2.1641e+07 2.1839e+07  0.91%     -  108s
     0     0 2.1839e+07    0  685 2.1641e+07 2.1839e+07  0.91%     -  108s
     0     0 2.1839e+07    0  682 2.1641e+07 2.1839e+07  0.91%     -  108s
H    0     0                    2.166129e+07 2.1839e+07  0.82%     -  111s
     0     0 2.1838e+07    0  656 2.1661e+07 2.1838e+07  0.82%     -  111s
     0     0 2.1838e+07    0  661 2.1661e+07 2.1838e+07  0.82%     -  113s
     0     0 2.1838e+07    0  670 2.1661e+07 2.1838e+07  0.82%     -  113s
     0     0 2.1838e+07    0  658 2.1661e+07 2.1838e+07  0.82%     -  116s
     0     0 2.1838e+07    0  670 2.1661e+07 2.1838e+07  0.82%     -  118s
     0     0 2.1838e+07    0  674 2.1661e+07 2.1838e+07  0.82%     -  118s
     0     0 2.1838e+07    0  663 2.1661e+07 2.1838e+07  0.82%     -  120s
     0     0 2.1838e+07    0  663 2.1661e+07 2.1838e+07  0.82%     -  129s
     0     2 2.1838e+07    0  663 2.1661e+07 2.1838e+07  0.82%     -  146s
    31    64 2.1838e+07    5  678 2.1661e+07 2.1838e+07  0.82%   361  151s
    63   112 2.1838e+07    6  683 2.1661e+07 2.1838e+07  0.82%   254  156s
   111   279 2.1838e+07    7  677 2.1661e+07 2.1838e+07  0.82%   213  160s
H  151   279                    2.166423e+07 2.1838e+07  0.80%   177  160s
   596   654 2.1837e+07   14  665 2.1664e+07 2.1838e+07  0.80%   126  165s
  1094  1246 2.1834e+07   22  656 2.1664e+07 2.1838e+07  0.80%   117  170s
H 1293  1351                    2.167361e+07 2.1838e+07  0.76%   115  177s
H 1341  1351                    2.167623e+07 2.1838e+07  0.75%   114  177s
  1350  1399 2.1833e+07   25  649 2.1676e+07 2.1838e+07  0.75%   114  181s
  1398  1447 2.1834e+07   26  647 2.1676e+07 2.1838e+07  0.75%   114  187s
H 1481  1495                    2.169138e+07 2.1838e+07  0.68%   113  189s
  1494  1543 2.1834e+07   27  636 2.1691e+07 2.1838e+07  0.68%   113  193s
  1542  1591 2.1834e+07   28  635 2.1691e+07 2.1838e+07  0.68%   112  196s
  1642  1695 2.1834e+07   30  626 2.1691e+07 2.1838e+07  0.68%   110  200s
H 1644  1695                    2.170971e+07 2.1838e+07  0.59%   110  200s
  2313  2494 2.1832e+07   40  600 2.1710e+07 2.1838e+07  0.59%   107  205s
  2901  3172 2.1831e+07   49  595 2.1710e+07 2.1838e+07  0.59%   106  211s
  3485  3770 2.1829e+07   55  581 2.1710e+07 2.1838e+07  0.59%   104  215s
  4348  4634 2.1825e+07   67  568 2.1710e+07 2.1838e+07  0.59%   105  220s
  5236  5522 2.1822e+07   74  567 2.1710e+07 2.1838e+07  0.59%   107  227s
  6012  6032 2.1819e+07   83  567 2.1710e+07 2.1838e+07  0.59%   106  231s
  6591  6933 2.1817e+07   90  560 2.1710e+07 2.1838e+07  0.59%   103  237s
  7638  8205 2.1816e+07  107  532 2.1710e+07 2.1838e+07  0.59%  98.6  241s
  8801  9081 2.1813e+07  122  505 2.1710e+07 2.1838e+07  0.59%  97.3  247s
Created node file directory '/scratch-local/lbeemster.21594418/gurobi_dev0.1_sub30.0_run5/grbnodes0'
H 9840  9697                    2.170975e+07 2.1838e+07  0.59%  97.5  254s
H 9860  9697                    2.170975e+07 2.1838e+07  0.59%  97.5  254s
  9888 10158 2.1810e+07  133  477 2.1710e+07 2.1838e+07  0.59%  97.5  258s
 10360 10775 2.1805e+07  137  476 2.1710e+07 2.1838e+07  0.59%  97.5  261s
 11732 11913 2.1806e+07  151  440 2.1710e+07 2.1838e+07  0.59%  94.7  269s
 12210 12562 2.1803e+07  156  425 2.1710e+07 2.1838e+07  0.59%  95.2  273s
 12861 12621 2.1797e+07  162  406 2.1710e+07 2.1838e+07  0.59%  96.4  279s
H12875 12584                    2.171254e+07 2.1838e+07  0.58%  96.4  279s
H12878 12411                    2.171631e+07 2.1838e+07  0.56%  96.4  279s
H12884 12255                    2.171958e+07 2.1838e+07  0.55%  96.4  279s
 12922 12907 2.1801e+07  163  411 2.1720e+07 2.1838e+07  0.55%  96.4  283s
 13590 13558 2.1800e+07  186  380 2.1720e+07 2.1838e+07  0.54%  96.3  288s
 14248 14198 2.1799e+07  200  361 2.1720e+07 2.1838e+07  0.54%  96.7  293s
 14907 14246 2.1799e+07  215  330 2.1720e+07 2.1838e+07  0.54%  96.7  302s
H14908 12295                    2.174990e+07 2.1838e+07  0.40%  96.7  302s
 14955 12421 2.1782e+07  215  320 2.1750e+07 2.1838e+07  0.40%  96.7  306s
 15155 13183 2.1797e+07  218  322 2.1750e+07 2.1838e+07  0.40%  96.9  310s
 16589 14631 2.1794e+07  245  309 2.1750e+07 2.1838e+07  0.40%  97.4  318s
 17465 15748 2.1793e+07  269  271 2.1750e+07 2.1838e+07  0.40%  96.7  324s
 18590 15749 2.1812e+07   36  663 2.1750e+07 2.1838e+07  0.40%  95.0  398s
H18591 14962                    2.175610e+07 2.1838e+07  0.38%  95.0  510s
H18591 14214                    2.175703e+07 2.1838e+07  0.37%  95.0  510s
H18591 13503                    2.176209e+07 2.1838e+07  0.35%  95.0  510s
 18593 13504 2.1831e+07   43  520 2.1762e+07 2.1838e+07  0.35%  95.0  521s
 18595 13505 2.1819e+07   56  479 2.1762e+07 2.1838e+07  0.35%  95.0  526s
 18597 13507 2.1829e+07   26  567 2.1762e+07 2.1837e+07  0.35%  95.0  532s
H18597 12832                    2.176270e+07 2.1836e+07  0.34%  95.0  533s
 18599 12833 2.1805e+07  126  595 2.1763e+07 2.1835e+07  0.33%  94.9  536s
H18604 12194                    2.176606e+07 2.1835e+07  0.32%  94.9  607s
H18604 11584                    2.176609e+07 2.1835e+07  0.32%  94.9  607s
 18606 11586 2.1808e+07  118  563 2.1766e+07 2.1834e+07  0.31%  94.9  611s
H18610 11008                    2.178279e+07 2.1834e+07  0.24%  94.9  695s
 18613 11010 2.1831e+07   12  583 2.1783e+07 2.1833e+07  0.23%  94.9  700s
H18615 10461                    2.178310e+07 2.1833e+07  0.23%  94.9  789s
H18615  9937                    2.178316e+07 2.1833e+07  0.23%  94.9  789s
H18615  9440                    2.178322e+07 2.1833e+07  0.23%  94.9  789s
H18615  8968                    2.178330e+07 2.1833e+07  0.23%  94.9  789s
H18616  8519                    2.178331e+07 2.1832e+07  0.22%  94.9  789s
H18616  8092                    2.178337e+07 2.1832e+07  0.22%  94.9  789s
H18616  7687                    2.178345e+07 2.1832e+07  0.22%  94.9  789s
 18617  7688 2.1831e+07   31  550 2.1783e+07 2.1832e+07  0.22%  94.9  792s
H18620  7305                    2.178352e+07 2.1832e+07  0.22%  94.8  794s
H18621  6940                    2.178357e+07 2.1832e+07  0.22%  94.8  794s
H18621  6593                    2.178363e+07 2.1832e+07  0.22%  94.8  794s
H18621  6263                    2.178371e+07 2.1832e+07  0.22%  94.8  794s
 18622  6263 2.1830e+07   27  550 2.1784e+07 2.1832e+07  0.22%  94.8  889s
 18623  6264 2.1821e+07   57  542 2.1784e+07 2.1831e+07  0.22%  94.8  892s
H18628  5953                    2.178525e+07 2.1831e+07  0.21%  94.8  990s
H18629  5655                    2.178643e+07 2.1831e+07  0.20%  94.8  998s
 18633  5658 2.1808e+07  102  525 2.1786e+07 2.1831e+07  0.20%  94.8 1069s
 18634  5658 2.1811e+07   82  529 2.1786e+07 2.1831e+07  0.20%  94.8 1072s
H18635  5376                    2.178729e+07 2.1831e+07  0.20%  94.8 1132s

Cutting planes:
  Learned: 3
  Gomory: 13
  Implied bound: 660
  MIR: 917
  Flow cover: 1371
  RLT: 3
  Relax-and-lift: 926

Explored 18635 nodes (1931535 simplex iterations) in 1132.45 seconds (1301.02 work units)
Thread count was 48 (of 192 available processors)

Solution count 10: 2.17873e+07 2.17873e+07 2.17864e+07 ... 2.17834e+07

Optimal solution found (tolerance 2.00e-03)
Warning: max constraint violation (3.4412e-06) exceeds tolerance
Best objective 2.178728630436e+07, best bound 2.183064648006e+07, gap 0.1990%
Deleted nodefile directory: /scratch-local/lbeemster.21594418/gurobi_dev0.1_sub30.0_run5
Saved model snapshot to study_case_model/figures/subsidy_experiment/run_06426/dev0.1/sub30.0/run5/model_snapshot.pkl
Finished successfully!
