Gurobi shell based on Python 3.13.1 can be launched with command `gurobi.sh`
Gurobi Python Interface can be loaded in Python 3.13.1 with 'import gurobipy'
/var/spool/slurm/slurmd/job21596498/slurm_script: line 24: activate: No such file or directory
Solving model: dev1.0, sub30.0, run5
Read LP format model from file /scratch-local/lbeemster.21596498/tmplz6vihmf.pyomo.lp
Reading time = 0.52 seconds
x1: 176513 rows, 50050 columns, 1016320 nonzeros
Set parameter OutputFlag to value 1
Set parameter MIPGap to value 0.002
Set parameter Threads to value 48
Set parameter Presolve to value 1
Set parameter Cuts to value 1
Set parameter NodefileStart to value 1
Set parameter NodefileDir to value "/scratch-local/lbeemster.21596498/gurobi_dev1.0_sub30.0_run5"
Set parameter MemLimit to value 60
Gurobi Optimizer version 12.0.3 build v12.0.3rc0 (linux64 - "Red Hat Enterprise Linux 9.6 (Plow)")

CPU model: AMD EPYC 9654 96-Core Processor, instruction set [SSE2|AVX|AVX2|AVX512]
Thread count: 192 physical cores, 192 logical processors, using up to 48 threads

Non-default parameters:
MemLimit  60
MIPGap  0.002
NodefileStart  1
Cuts  1
Presolve  1
Threads  48

Academic license 2514514 - for non-commercial use only - registered to l.___@student.vu.nl
Optimize a model with 176513 rows, 50050 columns and 1016320 nonzeros
Model fingerprint: 0xe55822cb
Variable types: 39426 continuous, 10624 integer (10624 binary)
Coefficient statistics:
  Matrix range     [6e-05, 1e+05]
  Objective range  [2e+00, 3e+04]
  Bounds range     [1e+00, 1e+00]
  RHS range        [3e-01, 2e+05]
Presolve removed 32873 rows and 21270 columns
Presolve time: 3.14s
Presolved: 143640 rows, 28780 columns, 860626 nonzeros
Variable types: 22972 continuous, 5808 integer (5808 binary)

Deterministic concurrent LP optimizer: primal simplex, dual simplex, and barrier
Showing barrier log only...

Root relaxation presolved: 26817 rows, 170457 columns, 889217 nonzeros

Root barrier log...

Ordering time: 0.06s

Barrier statistics:
 Dense cols : 34
 Free vars  : 2112
 AA' NZ     : 6.111e+05
 Factor NZ  : 1.663e+06 (roughly 100 MB of memory)
 Factor Ops : 1.243e+08 (less than 1 second per iteration)
 Threads    : 45

                  Objective                Residual
Iter       Primal          Dual         Primal    Dual     Compl     Time
   0   1.64838842e+12  9.13906258e+05  7.82e+06 3.31e+02  1.69e+08     5s
   1   1.22557260e+12 -2.12937534e+08  4.91e+06 3.37e+03  1.05e+08     5s
   2   8.73398813e+11 -1.62040901e+08  2.68e+06 2.28e+03  6.59e+07     5s
   3   6.51071709e+11 -1.07418645e+08  1.36e+06 1.54e+03  4.09e+07     5s
   4   5.11189150e+11 -6.27815908e+07  7.08e+05 1.01e+03  2.55e+07     5s
   5   4.11372273e+11 -3.61678863e+07  4.12e+05 6.40e+02  1.60e+07     5s
   6   3.16150754e+11 -1.40334414e+07  2.34e+05 3.42e+02  8.87e+06     5s
   7   2.55147684e+11 -4.63388041e+06  1.61e+05 1.86e+02  5.36e+06     5s
   8   2.27005255e+11 -3.23139981e+06  1.34e+05 1.55e+02  4.47e+06     5s
   9   1.50753690e+11 -1.41908699e+06  7.36e+04 1.05e+02  2.80e+06     5s
  10   1.20087173e+11 -7.17394982e+05  5.14e+04 7.19e+01  1.97e+06     5s
  11   8.77626562e+10  6.49433723e+04  3.25e+04 4.00e+01  1.19e+06     5s
  12   5.21748752e+10  4.85320326e+05  1.47e+04 2.03e+01  5.98e+05     5s
  13   3.14683647e+10  8.17973248e+05  7.26e+03 6.26e+00  2.67e+05     5s
  14   1.27338195e+10  9.80916819e+05  2.37e+03 3.46e+00  1.07e+05     6s
  15   6.39874079e+09  1.39634864e+06  1.03e+03 1.44e+00  4.87e+04     6s
  16   4.21809580e+09  2.72530665e+06  6.37e+02 6.64e-01  2.91e+04     6s
  17   1.87584991e+09  3.77447695e+06  2.57e+02 3.88e-01  1.27e+04     6s
  18   1.26603609e+09  5.40732254e+06  1.67e+02 1.90e-01  8.14e+03     6s
  19   5.14591700e+08  7.39025727e+06  5.82e+01 5.73e-02  3.09e+03     6s
  20   2.20154980e+08  9.52644970e+06  2.24e+01 2.78e-02  1.26e+03     6s
  21   1.35260980e+08  1.35301083e+07  1.24e+01 1.25e-02  7.15e+02     6s
  22   8.88283353e+07  1.56098350e+07  6.79e+00 8.87e-03  4.24e+02     6s
  23   6.25528929e+07  1.86415678e+07  3.86e+00 4.45e-03  2.51e+02     6s
  24   4.57743191e+07  1.96780110e+07  2.18e+00 2.79e-03  1.49e+02     6s
  25   3.47758574e+07  2.02355757e+07  1.15e+00 1.67e-03  8.23e+01     6s
  26   2.82028975e+07  2.05716901e+07  5.26e-01 1.21e-03  4.28e+01     6s
  27   2.51885860e+07  2.12380286e+07  2.51e-01 1.32e-03  2.20e+01     6s
  28   2.38867818e+07  2.14168682e+07  1.50e-01 9.87e-04  1.37e+01     6s
  29   2.27413170e+07  2.16079839e+07  6.31e-02 9.20e-04  6.27e+00     6s
  30   2.23914596e+07  2.16560182e+07  3.86e-02 6.83e-04  4.06e+00     6s
  31   2.20879294e+07  2.17269453e+07  1.76e-02 4.41e-04  1.99e+00     6s
  32   2.20100519e+07  2.17665363e+07  1.24e-02 2.82e-04  1.34e+00     6s
  33   2.19453059e+07  2.17950402e+07  7.10e-03 4.27e-04  8.21e-01     6s

Barrier performed 33 iterations in 6.33 seconds (5.76 work units)
Barrier solve interrupted - model solved by another algorithm

Concurrent spin time: 0.33s (can be avoided by choosing Method=3)

Solved with primal simplex

Root relaxation: objective 2.185667e+07, 41004 iterations, 2.45 seconds (2.12 work units)

    Nodes    |    Current Node    |     Objective Bounds      |     Work
 Expl Unexpl |  Obj  Depth IntInf | Incumbent    BestBd   Gap | It/Node Time

     0     0 2.1857e+07    0  419          - 2.1857e+07      -     -    7s
H    0     0                    2884134.0006 2.1857e+07   658%     -   11s
     0     0 2.1855e+07    0  598 2884134.00 2.1855e+07   658%     -   12s
     0     0 2.1854e+07    0  549 2884134.00 2.1854e+07   658%     -   14s
     0     0 2.1854e+07    0  568 2884134.00 2.1854e+07   658%     -   14s
     0     0 2.1854e+07    0  570 2884134.00 2.1854e+07   658%     -   14s
     0     0 2.1854e+07    0  571 2884134.00 2.1854e+07   658%     -   14s
     0     0 2.1851e+07    0  662 2884134.00 2.1851e+07   658%     -   17s
H    0     0                    5738655.6804 2.1851e+07   281%     -   19s
     0     0 2.1850e+07    0  679 5738655.68 2.1850e+07   281%     -   19s
     0     0 2.1850e+07    0  694 5738655.68 2.1850e+07   281%     -   19s
     0     0 2.1850e+07    0  689 5738655.68 2.1850e+07   281%     -   20s
     0     0 2.1850e+07    0  693 5738655.68 2.1850e+07   281%     -   20s
     0     0 2.1850e+07    0  694 5738655.68 2.1850e+07   281%     -   20s
     0     0 2.1850e+07    0  693 5738655.68 2.1850e+07   281%     -   20s
     0     0 2.1850e+07    0  692 5738655.68 2.1850e+07   281%     -   20s
     0     0 2.1847e+07    0  648 5738655.68 2.1847e+07   281%     -   24s
     0     0 2.1847e+07    0  664 5738655.68 2.1847e+07   281%     -   27s
     0     0 2.1846e+07    0  680 5738655.68 2.1846e+07   281%     -   27s
     0     0 2.1846e+07    0  690 5738655.68 2.1846e+07   281%     -   27s
     0     0 2.1846e+07    0  701 5738655.68 2.1846e+07   281%     -   27s
     0     0 2.1846e+07    0  701 5738655.68 2.1846e+07   281%     -   28s
     0     0 2.1845e+07    0  674 5738655.68 2.1845e+07   281%     -   32s
     0     0 2.1844e+07    0  705 5738655.68 2.1844e+07   281%     -   34s
     0     0 2.1844e+07    0  711 5738655.68 2.1844e+07   281%     -   34s
     0     0 2.1844e+07    0  716 5738655.68 2.1844e+07   281%     -   35s
     0     0 2.1844e+07    0  718 5738655.68 2.1844e+07   281%     -   35s
     0     0 2.1844e+07    0  716 5738655.68 2.1844e+07   281%     -   35s
     0     0 2.1843e+07    0  533 5738655.68 2.1843e+07   281%     -   39s
     0     0 2.1843e+07    0  570 5738655.68 2.1843e+07   281%     -   41s
     0     0 2.1843e+07    0  564 5738655.68 2.1843e+07   281%     -   41s
     0     0 2.1843e+07    0  564 5738655.68 2.1843e+07   281%     -   41s
     0     0 2.1843e+07    0  566 5738655.68 2.1843e+07   281%     -   42s
     0     0 2.1842e+07    0  564 5738655.68 2.1842e+07   281%     -   44s
H    0     0                    1.973380e+07 2.1842e+07  10.7%     -   48s
     0     0 2.1842e+07    0  554 1.9734e+07 2.1842e+07  10.7%     -   48s
     0     0 2.1842e+07    0  555 1.9734e+07 2.1842e+07  10.7%     -   49s
     0     0 2.1842e+07    0  552 1.9734e+07 2.1842e+07  10.7%     -   49s
     0     0 2.1842e+07    0  570 1.9734e+07 2.1842e+07  10.7%     -   51s
     0     0 2.1842e+07    0  578 1.9734e+07 2.1842e+07  10.7%     -   53s
     0     0 2.1842e+07    0  582 1.9734e+07 2.1842e+07  10.7%     -   53s
     0     0 2.1842e+07    0  586 1.9734e+07 2.1842e+07  10.7%     -   54s
     0     0 2.1842e+07    0  567 1.9734e+07 2.1842e+07  10.7%     -   56s
     0     0 2.1842e+07    0  561 1.9734e+07 2.1842e+07  10.7%     -   57s
     0     0 2.1842e+07    0  565 1.9734e+07 2.1842e+07  10.7%     -   58s
     0     0 2.1842e+07    0  563 1.9734e+07 2.1842e+07  10.7%     -   60s
     0     0 2.1842e+07    0  566 1.9734e+07 2.1842e+07  10.7%     -   61s
     0     0 2.1842e+07    0  569 1.9734e+07 2.1842e+07  10.7%     -   61s
     0     0 2.1842e+07    0  570 1.9734e+07 2.1842e+07  10.7%     -   62s
     0     0 2.1841e+07    0  565 1.9734e+07 2.1841e+07  10.7%     -   64s
H    0     0                    1.975601e+07 2.1841e+07  10.6%     -   69s
     0     0 2.1841e+07    0  559 1.9756e+07 2.1841e+07  10.6%     -   69s
     0     0 2.1841e+07    0  567 1.9756e+07 2.1841e+07  10.6%     -   69s
     0     0 2.1841e+07    0  566 1.9756e+07 2.1841e+07  10.6%     -   69s
     0     0 2.1841e+07    0  528 1.9756e+07 2.1841e+07  10.6%     -   72s
     0     0 2.1841e+07    0  537 1.9756e+07 2.1841e+07  10.6%     -   74s
     0     0 2.1841e+07    0  538 1.9756e+07 2.1841e+07  10.6%     -   74s
     0     0 2.1841e+07    0  537 1.9756e+07 2.1841e+07  10.6%     -   74s
     0     0 2.1841e+07    0  527 1.9756e+07 2.1841e+07  10.6%     -   77s
     0     0 2.1841e+07    0  536 1.9756e+07 2.1841e+07  10.6%     -   78s
     0     0 2.1841e+07    0  543 1.9756e+07 2.1841e+07  10.6%     -   78s
     0     0 2.1841e+07    0  515 1.9756e+07 2.1841e+07  10.6%     -   80s
     0     0 2.1841e+07    0  515 1.9756e+07 2.1841e+07  10.6%     -   86s
     0     2 2.1841e+07    0  515 1.9756e+07 2.1841e+07  10.6%     -  102s
    31    64 2.1841e+07    5  519 1.9756e+07 2.1841e+07  10.6%   172  105s
H   72   112                    1.975794e+07 2.1841e+07  10.5%   123  107s
H   88   112                    1.976372e+07 2.1841e+07  10.5%   114  107s
H   99   112                    1.976995e+07 2.1841e+07  10.5%   110  107s
   412   641 2.1838e+07   11  495 1.9770e+07 2.1841e+07  10.5%  76.3  110s
   987  1186 2.1838e+07   17  465 1.9770e+07 2.1841e+07  10.5%  69.6  115s
  1185  1491 2.1836e+07   22  447 1.9770e+07 2.1841e+07  10.5%  68.4  121s
  1682  2103 2.1833e+07   32  415 1.9770e+07 2.1841e+07  10.5%  68.5  126s
  2517  2846 2.1834e+07   45  401 1.9770e+07 2.1841e+07  10.5%  67.2  130s
  4141  4659 2.1832e+07   63  400 1.9770e+07 2.1841e+07  10.5%  61.7  135s
H 4169  4659                    2.165053e+07 2.1841e+07  0.88%  61.8  135s
H 4313  4659                    2.165196e+07 2.1841e+07  0.87%  61.6  135s
H 4314  4659                    2.165218e+07 2.1841e+07  0.87%  61.6  135s
  4706  4755 2.1831e+07   70  396 2.1652e+07 2.1841e+07  0.87%  60.5  142s
H 4763  4803                    2.165267e+07 2.1841e+07  0.87%  60.6  144s
H 4766  4803                    2.165293e+07 2.1841e+07  0.87%  60.7  144s
  4802  4851 2.1832e+07   72  400 2.1653e+07 2.1841e+07  0.87%  60.7  149s
  4850  4923 2.1831e+07   73  400 2.1653e+07 2.1841e+07  0.87%  60.9  157s
H 4851  4923                    2.165305e+07 2.1841e+07  0.87%  60.9  157s
H 4882  4923                    2.165313e+07 2.1841e+07  0.87%  61.1  157s
H 4885  4923                    2.165314e+07 2.1841e+07  0.87%  61.1  157s
H 4889  4923                    2.165702e+07 2.1841e+07  0.85%  61.1  157s
  4940  5067 2.1837e+07   30  441 2.1657e+07 2.1841e+07  0.85%  61.3  160s
  5929  6161 2.1829e+07   89  374 2.1657e+07 2.1841e+07  0.85%  63.0  167s
H 6090  6153                    2.165802e+07 2.1841e+07  0.84%  63.6  167s
  6610  7079 2.1828e+07   96  373 2.1658e+07 2.1841e+07  0.84%  65.8  171s
H 7122  7377                    2.165804e+07 2.1841e+07  0.84%  66.9  174s
H 7247  7374                    2.165833e+07 2.1841e+07  0.84%  67.4  174s
  7406  7845 2.1823e+07  106  369 2.1658e+07 2.1841e+07  0.84%  67.3  176s
  8467  8799 2.1818e+07  119  356 2.1658e+07 2.1841e+07  0.84%  69.3  181s
H 8525  8799                    2.165833e+07 2.1841e+07  0.84%  69.4  181s
H 8544  8799                    2.165833e+07 2.1841e+07  0.84%  69.5  181s
H 8736  8791                    2.165882e+07 2.1841e+07  0.84%  69.2  181s
H 8856  8189                    2.172121e+07 2.1841e+07  0.55%  69.1  184s
  8904  8676 2.1817e+07  128  350 2.1721e+07 2.1841e+07  0.55%  69.1  186s
 10169  9837 2.1812e+07  152  348 2.1721e+07 2.1841e+07  0.55%  68.9  191s
H10223  9830                    2.172136e+07 2.1841e+07  0.55%  68.9  191s
H10329  9733                    2.172545e+07 2.1841e+07  0.53%  68.7  191s
 11394 10910 2.1811e+07  163  339 2.1725e+07 2.1841e+07  0.53%  67.7  196s
H11509 10907                    2.172559e+07 2.1841e+07  0.53%  68.0  196s
H11615 10907                    2.172559e+07 2.1841e+07  0.53%  68.0  196s
 12627 12390 2.1804e+07  183  338 2.1726e+07 2.1841e+07  0.53%  67.7  200s
 14229 13891 2.1797e+07  207  303 2.1726e+07 2.1841e+07  0.53%  67.0  205s
H15027 14576                    2.172560e+07 2.1841e+07  0.53%  66.6  208s
H15143 14492                    2.172690e+07 2.1841e+07  0.52%  66.6  208s
H15685 14520                    2.172690e+07 2.1841e+07  0.52%  66.2  213s
 15733 15338 2.1792e+07  232  285 2.1727e+07 2.1841e+07  0.52%  66.3  215s
 17359 16758 2.1788e+07  258  286 2.1727e+07 2.1841e+07  0.52%  66.4  221s
H17462 16757                    2.172691e+07 2.1841e+07  0.52%  66.2  221s
H18058 16757                    2.172693e+07 2.1841e+07  0.52%  66.2  229s
H18058 16757                    2.172693e+07 2.1841e+07  0.52%  66.2  233s
 18059 16758 2.1823e+07   88  515 2.1727e+07 2.1841e+07  0.52%  66.2  260s
H18060 15921                    2.173107e+07 2.1841e+07  0.50%  66.2  379s
H18060 15124                    2.173266e+07 2.1841e+07  0.50%  66.2  379s
H18060 14368                    2.173681e+07 2.1839e+07  0.47%  66.2  379s
 18061 14368 2.1814e+07  146  405 2.1737e+07 2.1839e+07  0.47%  66.2  380s
 18062 14369 2.1793e+07   92  487 2.1737e+07 2.1839e+07  0.47%  66.2  385s
H18062 13651                    2.173713e+07 2.1839e+07  0.47%  66.2  386s
 18065 13653 2.1820e+07  114  536 2.1737e+07 2.1839e+07  0.47%  66.2  391s
 18068 13655 2.1834e+07   27  523 2.1737e+07 2.1839e+07  0.47%  66.2  396s
 18073 13658 2.1797e+07  197  540 2.1737e+07 2.1837e+07  0.46%  66.2  400s
H18078 12978                    2.173865e+07 2.1837e+07  0.45%  66.2  504s
H18078 12329                    2.175202e+07 2.1837e+07  0.39%  66.2  504s
 18080 12330 2.1836e+07    9  532 2.1752e+07 2.1836e+07  0.39%  66.2  507s
H18082 11714                    2.175801e+07 2.1836e+07  0.36%  66.2  600s
H18082 11128                    2.176282e+07 2.1836e+07  0.34%  66.2  600s
H18082 10571                    2.176289e+07 2.1836e+07  0.34%  66.2  600s
H18082 10042                    2.176495e+07 2.1836e+07  0.33%  66.2  600s
H18082  9540                    2.176758e+07 2.1836e+07  0.32%  66.2  600s
H18082  9062                    2.176845e+07 2.1836e+07  0.31%  66.2  600s
H18082  8609                    2.176950e+07 2.1836e+07  0.31%  66.2  600s
H18082  8178                    2.177404e+07 2.1836e+07  0.29%  66.2  600s
H18082  7769                    2.177416e+07 2.1836e+07  0.29%  66.2  600s
H18082  7380                    2.177661e+07 2.1836e+07  0.27%  66.2  600s
 18088  7384 2.1798e+07  207  488 2.1777e+07 2.1836e+07  0.27%  66.1  683s
H18088  7014                    2.177849e+07 2.1835e+07  0.26%  66.1  686s
 18092  7017 2.1778e+07  130  479 2.1778e+07 2.1835e+07  0.26%  66.1  800s
 18097  7020 2.1778e+07  120  460 2.1778e+07 2.1834e+07  0.26%  66.1  852s
 18099  7022 2.1826e+07   72  447 2.1778e+07 2.1834e+07  0.25%  66.1  855s
 18102  7024 2.1801e+07  190  446 2.1778e+07 2.1834e+07  0.25%  66.1  898s
 18103  7024 2.1797e+07   90  440 2.1778e+07 2.1834e+07  0.25%  66.1  900s
 18106  7026 2.1834e+07   48  435 2.1778e+07 2.1834e+07  0.25%  66.1  970s
 18109  7028 2.1786e+07   75  438 2.1778e+07 2.1834e+07  0.25%  66.1 1055s
H18111  6678                    2.178244e+07 2.1833e+07  0.23%  66.0 1109s
H18111  6343                    2.178655e+07 2.1833e+07  0.21%  66.0 1109s
H18111  6025                    2.178683e+07 2.1833e+07  0.21%  66.0 1109s
 18113  6026 2.1813e+07  156  443 2.1787e+07 2.1833e+07  0.21%  66.0 1129s
 18114  6027 2.1787e+07  309  433 2.1787e+07 2.1833e+07  0.21%  66.0 1130s
 18115  6027 2.1789e+07  122  439 2.1787e+07 2.1833e+07  0.21%  66.0 1171s
H18119  5727                    2.178906e+07 2.1833e+07  0.20%  66.0 1252s
H18120  5441                    2.178923e+07 2.1833e+07  0.20%  66.0 1266s
 18123  5443 2.1824e+07   54  435 2.1789e+07 2.1833e+07  0.20%  66.0 1353s
 18124  5443 2.1833e+07   54  437 2.1789e+07 2.1833e+07  0.20%  66.0 1355s
 18125  5444 2.1831e+07   53  435 2.1789e+07 2.1833e+07  0.20%  66.0 1401s
 18129  5448 2.1833e+07   30  515 2.1789e+07 2.1833e+07  0.20%  70.8 1405s
 18131  5449 2.1792e+07  234  446 2.1789e+07 2.1833e+07  0.20%  70.8 1558s
 18132  5450 2.1789e+07   95  472 2.1789e+07 2.1833e+07  0.20%  70.8 1562s
 18133  5451 2.1793e+07  101  527 2.1789e+07 2.1833e+07  0.20%  70.8 1565s
 18136  5453 2.1801e+07   81  491 2.1789e+07 2.1833e+07  0.20%  70.7 1570s
 18144  5458 2.1810e+07   59  492 2.1789e+07 2.1833e+07  0.20%  70.7 1612s

Cutting planes:
  Learned: 1
  Gomory: 21
  Implied bound: 288
  MIR: 912
  Flow cover: 1304
  RLT: 5
  Relax-and-lift: 1312
  BQP: 5

Explored 18144 nodes (1436552 simplex iterations) in 1612.95 seconds (1952.44 work units)
Thread count was 48 (of 192 available processors)

Solution count 10: 2.17892e+07 2.17891e+07 2.17868e+07 ... 2.17695e+07

Optimal solution found (tolerance 2.00e-03)
Best objective 2.178923074837e+07, best bound 2.183276933811e+07, gap 0.1998%
Deleted nodefile directory: /scratch-local/lbeemster.21596498/gurobi_dev1.0_sub30.0_run5
Saved model snapshot to study_case_model/figures/subsidy_experiment/run_06426/dev1.0/sub30.0/run5/model_snapshot.pkl
Finished successfully!
