Gurobi shell based on Python 3.13.1 can be launched with command `gurobi.sh`
Gurobi Python Interface can be loaded in Python 3.13.1 with 'import gurobipy'
/var/spool/slurm/slurmd/job21593941/slurm_script: line 24: activate: No such file or directory
Solving model: dev0.05, sub40.0, run5
Read LP format model from file /scratch-local/lbeemster.21593941/tmp5wz93pzs.pyomo.lp
Reading time = 0.49 seconds
x1: 176513 rows, 50050 columns, 1016320 nonzeros
Set parameter OutputFlag to value 1
Set parameter MIPGap to value 0.002
Set parameter Threads to value 48
Set parameter Presolve to value 1
Set parameter Cuts to value 1
Set parameter NodefileStart to value 1
Set parameter NodefileDir to value "/scratch-local/lbeemster.21593941/gurobi_dev0.05_sub40.0_run5"
Set parameter MemLimit to value 60
Gurobi Optimizer version 12.0.3 build v12.0.3rc0 (linux64 - "Red Hat Enterprise Linux 9.6 (Plow)")

CPU model: AMD EPYC 9654 96-Core Processor, instruction set [SSE2|AVX|AVX2|AVX512]
Thread count: 192 physical cores, 192 logical processors, using up to 48 threads

Non-default parameters:
MemLimit  60
MIPGap  0.002
NodefileStart  1
Cuts  1
Presolve  1
Threads  48

Academic license 2514514 - for non-commercial use only - registered to l.___@student.vu.nl
Optimize a model with 176513 rows, 50050 columns and 1016320 nonzeros
Model fingerprint: 0x62a2015c
Variable types: 39426 continuous, 10624 integer (10624 binary)
Coefficient statistics:
  Matrix range     [6e-05, 1e+05]
  Objective range  [2e+00, 3e+04]
  Bounds range     [1e+00, 1e+00]
  RHS range        [3e-01, 2e+05]
Presolve removed 32168 rows and 21206 columns
Presolve time: 3.16s
Presolved: 144345 rows, 28844 columns, 844618 nonzeros
Variable types: 22972 continuous, 5872 integer (5872 binary)

Deterministic concurrent LP optimizer: primal simplex, dual simplex, and barrier
Showing barrier log only...

Root relaxation presolved: 26634 rows, 170979 columns, 873283 nonzeros

Root barrier log...

Ordering time: 0.05s

Barrier statistics:
 Dense cols : 45
 Free vars  : 2112
 AA' NZ     : 5.833e+05
 Factor NZ  : 1.622e+06 (roughly 100 MB of memory)
 Factor Ops : 1.197e+08 (less than 1 second per iteration)
 Threads    : 45

                  Objective                Residual
Iter       Primal          Dual         Primal    Dual     Compl     Time
   0   1.65546270e+12  9.00956471e+05  7.87e+06 3.31e+02  1.70e+08     5s
   1   1.27711867e+12 -2.46807043e+08  5.23e+06 3.37e+03  1.09e+08     5s
   2   8.84057813e+11 -2.48325556e+08  2.74e+06 2.49e+03  7.06e+07     5s
   3   6.69043395e+11 -2.05001754e+08  1.36e+06 1.60e+03  4.24e+07     5s
   4   5.06628586e+11 -1.47399010e+08  5.53e+05 1.08e+03  2.54e+07     5s
   5   4.02640538e+11 -8.80884359e+07  2.92e+05 6.12e+02  1.45e+07     5s
   6   3.00874773e+11 -5.55711891e+07  1.65e+05 3.87e+02  8.95e+06     5s
   7   2.45192921e+11 -3.68680306e+07  1.14e+05 2.55e+02  6.03e+06     5s
   8   2.09529455e+11 -3.06066277e+07  8.84e+04 2.15e+02  4.93e+06     5s
   9   1.85550552e+11 -2.34841964e+07  7.08e+04 1.63e+02  3.85e+06     5s
  10   1.34648620e+11 -1.80008349e+07  4.23e+04 1.28e+02  2.77e+06     5s
  11   1.15529553e+11 -1.25465527e+07  3.31e+04 9.21e+01  2.08e+06     5s
  12   7.68979685e+10 -8.11018982e+06  1.65e+04 6.31e+01  1.31e+06     6s
  13   5.24213131e+10 -3.11732565e+06  8.50e+03 3.11e+01  6.92e+05     6s
  14   2.99891100e+10  8.00960207e+04  3.80e+03 9.29e+00  2.71e+05     6s
  15   1.44303974e+10  8.63165582e+05  1.47e+03 4.51e+00  1.20e+05     6s
  16   8.66038828e+09  1.41779629e+06  7.90e+02 2.20e+00  6.51e+04     6s
  17   4.79433740e+09  2.19281000e+06  3.98e+02 8.52e-01  3.25e+04     6s
  18   2.53332175e+09  3.41771139e+06  1.95e+02 4.35e-01  1.63e+04     6s
  19   1.79474239e+09  4.07606397e+06  1.35e+02 2.70e-01  1.12e+04     6s
  20   8.77845088e+08  5.59607806e+06  6.18e+01 1.24e-01  5.31e+03     6s
  21   4.36020103e+08  7.02995714e+06  2.87e+01 6.68e-02  2.58e+03     6s
  22   2.01452217e+08  9.54354672e+06  1.15e+01 3.18e-02  1.13e+03     6s
  23   1.35259071e+08  1.06777877e+07  6.95e+00 2.63e-02  7.32e+02     6s
  24   1.05574140e+08  1.57563466e+07  4.84e+00 1.24e-02  5.12e+02     6s
  25   7.63412794e+07  1.72682938e+07  3.04e+00 9.54e-03  3.34e+02     6s
  26   4.84043829e+07  1.95419208e+07  1.34e+00 5.31e-03  1.61e+02     6s
  27   3.75216353e+07  1.97834871e+07  7.73e-01 2.98e-03  9.82e+01     6s
  28   2.91388308e+07  2.07786413e+07  3.32e-01 2.14e-03  4.59e+01     6s
  29   2.63793880e+07  2.12523569e+07  2.00e-01 1.46e-03  2.80e+01     6s
  30   2.47483291e+07  2.14981211e+07  1.23e-01 1.28e-03  1.77e+01     6s
  31   2.37198003e+07  2.16176875e+07  7.66e-02 9.65e-04  1.14e+01     6s
  32   2.30676519e+07  2.16716926e+07  4.94e-02 7.33e-04  7.59e+00     6s
  33   2.28588862e+07  2.16898306e+07  4.08e-02 6.42e-04  6.35e+00     6s
  34   2.25393893e+07  2.17589503e+07  2.79e-02 5.72e-04  4.24e+00     6s
  35   2.22924104e+07  2.17800789e+07  1.79e-02 5.16e-04  2.78e+00     6s
  36   2.21723469e+07  2.18001174e+07  1.30e-02 3.82e-04  2.02e+00     7s
  37   2.20330709e+07  2.18137443e+07  7.32e-03 3.87e-04  1.19e+00     7s
  38   2.19870904e+07  2.18376116e+07  5.26e-03 3.06e-04  8.08e-01     7s
  39   2.19526247e+07  2.18519617e+07  3.53e-03 2.71e-04  5.43e-01     7s
  40   2.19301820e+07  2.18658724e+07  2.05e-03 2.91e-04  3.45e-01     7s
  41   2.19132162e+07  2.18759999e+07  1.14e-03 2.78e-04  1.99e-01     7s
  42   2.19052893e+07  2.18843922e+07  7.38e-04 2.10e-04  1.12e-01     7s
  43   2.18979325e+07  2.18858241e+07  4.15e-04 1.91e-04  6.47e-02     7s
  44   2.18943548e+07  2.18867710e+07  2.61e-04 1.42e-04  4.05e-02     7s
  45   2.18915655e+07  2.18872061e+07  1.48e-04 9.86e-05  2.33e-02     7s
  46   2.18901489e+07  2.18874393e+07  9.42e-05 3.97e-05  1.45e-02     7s
  47   2.18889674e+07  2.18874760e+07  5.04e-05 3.63e-05  7.97e-03     7s
  48   2.18885665e+07  2.18875188e+07  3.53e-05 2.21e-05  5.60e-03     7s
  49   2.18879082e+07  2.18875489e+07  1.12e-05 1.42e-05  1.92e-03     7s
  50   2.18876578e+07  2.18875710e+07  2.29e-06 8.30e-06  4.63e-04     7s
  51   2.18876077e+07  2.18875743e+07  8.51e-07 4.62e-06  1.78e-04     7s
  52   2.18875878e+07  2.18875765e+07  2.83e-07 1.57e-06  6.01e-05     7s
  53   2.18875791e+07  2.18875774e+07  3.87e-08 2.28e-07  9.08e-06     7s
  54   2.18875778e+07  2.18875775e+07  9.20e-09 9.34e-08  1.91e-06     8s
  55   2.18875776e+07  2.18875775e+07  1.48e-08 1.52e-08  7.13e-08     8s
  56   2.18875775e+07  2.18875775e+07  3.37e-09 8.07e-10  2.54e-09     8s

Barrier solved model in 56 iterations and 7.74 seconds (7.10 work units)
Optimal objective 2.18875775e+07


Root crossover log...

    7291 DPushes remaining with DInf 8.8005010e-03                 8s
       0 DPushes remaining with DInf 0.0000000e+00                 8s

    4253 PPushes remaining with PInf 1.6052516e-05                 8s
       0 PPushes remaining with PInf 0.0000000e+00                 8s

  Push phase complete: Pinf 0.0000000e+00, Dinf 6.3518750e-04      8s


Root simplex log...

Iteration    Objective       Primal Inf.    Dual Inf.      Time
    9620    2.1887578e+07   0.000000e+00   6.351875e-04      8s
    9657    2.1887578e+07   0.000000e+00   0.000000e+00      8s
    9657    2.1887578e+07   0.000000e+00   0.000000e+00      8s
    9658    2.1887578e+07   0.000000e+00   0.000000e+00      8s
Extra simplex iterations from dual to original model: 1
Concurrent spin time: 0.00s

Solved with barrier

Root relaxation: objective 2.188758e+07, 9658 iterations, 4.15 seconds (3.68 work units)

    Nodes    |    Current Node    |     Objective Bounds      |     Work
 Expl Unexpl |  Obj  Depth IntInf | Incumbent    BestBd   Gap | It/Node Time

     0     0 2.1888e+07    0  426          - 2.1888e+07      -     -    9s
H    0     0                    2.126012e+07 2.1888e+07  2.95%     -   11s
H    0     0                    2.137992e+07 2.1888e+07  2.37%     -   15s
     0     0 2.1883e+07    0  529 2.1380e+07 2.1883e+07  2.35%     -   16s
H    0     0                    2.140303e+07 2.1883e+07  2.24%     -   18s
H    0     0                    2.145600e+07 2.1882e+07  1.99%     -   18s
     0     0 2.1882e+07    0  643 2.1456e+07 2.1882e+07  1.99%     -   19s
     0     0 2.1882e+07    0  646 2.1456e+07 2.1882e+07  1.99%     -   19s
     0     0 2.1882e+07    0  646 2.1456e+07 2.1882e+07  1.99%     -   19s
     0     0 2.1880e+07    0  716 2.1456e+07 2.1880e+07  1.98%     -   25s
     0     0 2.1879e+07    0  744 2.1456e+07 2.1879e+07  1.97%     -   28s
H    0     0                    2.149190e+07 2.1879e+07  1.80%     -   29s
     0     0 2.1879e+07    0  783 2.1492e+07 2.1879e+07  1.80%     -   29s
     0     0 2.1879e+07    0  809 2.1492e+07 2.1879e+07  1.80%     -   29s
     0     0 2.1879e+07    0  813 2.1492e+07 2.1879e+07  1.80%     -   30s
H    0     0                    2.151042e+07 2.1879e+07  1.71%     -   33s
H    0     0                    2.151050e+07 2.1877e+07  1.70%     -   35s
     0     0 2.1877e+07    0  775 2.1511e+07 2.1877e+07  1.70%     -   36s
H    0     0                    2.155741e+07 2.1876e+07  1.48%     -   38s
     0     0 2.1876e+07    0  779 2.1557e+07 2.1876e+07  1.48%     -   38s
     0     0 2.1876e+07    0  816 2.1557e+07 2.1876e+07  1.48%     -   39s
     0     0 2.1876e+07    0  828 2.1557e+07 2.1876e+07  1.48%     -   40s
     0     0 2.1876e+07    0  837 2.1557e+07 2.1876e+07  1.48%     -   40s
     0     0 2.1876e+07    0  838 2.1557e+07 2.1876e+07  1.48%     -   40s
H    0     0                    2.155966e+07 2.1874e+07  1.46%     -   45s
     0     0 2.1874e+07    0  846 2.1560e+07 2.1874e+07  1.46%     -   46s
H    0     0                    2.159166e+07 2.1874e+07  1.31%     -   48s
     0     0 2.1874e+07    0  836 2.1592e+07 2.1874e+07  1.31%     -   49s
     0     0 2.1874e+07    0  846 2.1592e+07 2.1874e+07  1.31%     -   50s
     0     0 2.1874e+07    0  876 2.1592e+07 2.1874e+07  1.31%     -   51s
     0     0 2.1874e+07    0  870 2.1592e+07 2.1874e+07  1.31%     -   51s
     0     0 2.1874e+07    0  885 2.1592e+07 2.1874e+07  1.31%     -   51s
     0     0 2.1873e+07    0  745 2.1592e+07 2.1873e+07  1.30%     -   59s
H    0     0                    2.163160e+07 2.1872e+07  1.11%     -   63s
     0     0 2.1872e+07    0  771 2.1632e+07 2.1872e+07  1.11%     -   63s
     0     0 2.1872e+07    0  794 2.1632e+07 2.1872e+07  1.11%     -   64s
     0     0 2.1872e+07    0  799 2.1632e+07 2.1872e+07  1.11%     -   65s
     0     0 2.1872e+07    0  794 2.1632e+07 2.1872e+07  1.11%     -   65s
     0     0 2.1872e+07    0  793 2.1632e+07 2.1872e+07  1.11%     -   65s
     0     0 2.1872e+07    0  798 2.1632e+07 2.1872e+07  1.11%     -   66s
     0     0 2.1872e+07    0  779 2.1632e+07 2.1872e+07  1.11%     -   69s
H    0     0                    2.163168e+07 2.1872e+07  1.11%     -   71s
     0     0 2.1871e+07    0  819 2.1632e+07 2.1871e+07  1.11%     -   72s
     0     0 2.1871e+07    0  817 2.1632e+07 2.1871e+07  1.11%     -   73s
     0     0 2.1871e+07    0  810 2.1632e+07 2.1871e+07  1.11%     -   73s
     0     0 2.1871e+07    0  807 2.1632e+07 2.1871e+07  1.11%     -   74s
     0     0 2.1871e+07    0  813 2.1632e+07 2.1871e+07  1.11%     -   74s
     0     0 2.1871e+07    0  810 2.1632e+07 2.1871e+07  1.11%     -   77s
     0     0 2.1871e+07    0  788 2.1632e+07 2.1871e+07  1.11%     -   81s
     0     0 2.1871e+07    0  824 2.1632e+07 2.1871e+07  1.11%     -   81s
     0     0 2.1871e+07    0  850 2.1632e+07 2.1871e+07  1.11%     -   82s
     0     0 2.1871e+07    0  830 2.1632e+07 2.1871e+07  1.11%     -   82s
H    0     0                    2.164731e+07 2.1871e+07  1.03%     -   84s
     0     0 2.1871e+07    0  791 2.1647e+07 2.1871e+07  1.03%     -   86s
H    0     0                    2.166192e+07 2.1871e+07  0.96%     -   90s
     0     0 2.1871e+07    0  783 2.1662e+07 2.1871e+07  0.96%     -   90s
     0     0 2.1871e+07    0  794 2.1662e+07 2.1871e+07  0.96%     -   91s
     0     0 2.1871e+07    0  790 2.1662e+07 2.1871e+07  0.96%     -   91s
     0     0 2.1870e+07    0  775 2.1662e+07 2.1870e+07  0.96%     -   94s
H    0     0                    2.167167e+07 2.1870e+07  0.92%     -   98s
     0     0 2.1870e+07    0  788 2.1672e+07 2.1870e+07  0.92%     -   98s
     0     0 2.1870e+07    0  782 2.1672e+07 2.1870e+07  0.92%     -   98s
     0     0 2.1870e+07    0  782 2.1672e+07 2.1870e+07  0.92%     -   99s
     0     0 2.1870e+07    0  782 2.1672e+07 2.1870e+07  0.92%     -   99s
     0     0 2.1870e+07    0  749 2.1672e+07 2.1870e+07  0.92%     -  103s
     0     0 2.1870e+07    0  771 2.1672e+07 2.1870e+07  0.92%     -  105s
     0     0 2.1870e+07    0  755 2.1672e+07 2.1870e+07  0.92%     -  105s
     0     0 2.1870e+07    0  771 2.1672e+07 2.1870e+07  0.92%     -  105s
H    0     0                    2.168748e+07 2.1870e+07  0.84%     -  108s
     0     0 2.1870e+07    0  736 2.1687e+07 2.1870e+07  0.84%     -  108s
     0     0 2.1870e+07    0  742 2.1687e+07 2.1870e+07  0.84%     -  111s
     0     0 2.1870e+07    0  759 2.1687e+07 2.1870e+07  0.84%     -  111s
     0     0 2.1870e+07    0  761 2.1687e+07 2.1870e+07  0.84%     -  111s
     0     0 2.1870e+07    0  720 2.1687e+07 2.1870e+07  0.84%     -  114s
H    0     0                    2.170647e+07 2.1870e+07  0.75%     -  118s
     0     0 2.1870e+07    0  726 2.1706e+07 2.1870e+07  0.75%     -  118s
     0     0 2.1870e+07    0  737 2.1706e+07 2.1870e+07  0.75%     -  119s
     0     0 2.1870e+07    0  741 2.1706e+07 2.1870e+07  0.75%     -  119s
     0     0 2.1870e+07    0  718 2.1706e+07 2.1870e+07  0.75%     -  122s
H    0     0                    2.171987e+07 2.1870e+07  0.69%     -  132s
     0     0 2.1870e+07    0  718 2.1720e+07 2.1870e+07  0.69%     -  133s
     0     2 2.1870e+07    0  718 2.1720e+07 2.1870e+07  0.69%     -  153s
     1     4 2.1869e+07    1  725 2.1720e+07 2.1870e+07  0.69%   389  155s
    31    64 2.1869e+07    5  741 2.1720e+07 2.1869e+07  0.69%   691  162s
   111   160 2.1868e+07    7  747 2.1720e+07 2.1869e+07  0.68%   675  167s
   159   256 2.1868e+07    8  736 2.1720e+07 2.1869e+07  0.68%   538  170s
H  165   256                    2.172460e+07 2.1869e+07  0.66%   525  170s
H  242   256                    2.172840e+07 2.1869e+07  0.64%   446  170s
   306   448 2.1868e+07   11  733 2.1728e+07 2.1869e+07  0.64%   406  176s
   555   671 2.1866e+07   14  711 2.1728e+07 2.1869e+07  0.64%   349  180s
   898   947 2.1865e+07   18  699 2.1728e+07 2.1869e+07  0.64%   284  187s
   946   999 2.1864e+07   18  702 2.1728e+07 2.1869e+07  0.64%   280  190s
  1331  1381 2.1863e+07   23  698 2.1728e+07 2.1869e+07  0.64%   246  197s
  1380  1441 2.1863e+07   23  693 2.1728e+07 2.1869e+07  0.64%   242  201s
H 1381  1441                    2.173624e+07 2.1869e+07  0.61%   242  201s
H 1382  1441                    2.173644e+07 2.1869e+07  0.61%   243  201s
H 1424  1441                    2.173720e+07 2.1869e+07  0.60%   244  201s
  1706  1842 2.1862e+07   27  697 2.1737e+07 2.1869e+07  0.60%   229  206s
  1983  2145 2.1861e+07   32  712 2.1737e+07 2.1869e+07  0.60%   217  210s
  2481  2693 2.1859e+07   37  706 2.1737e+07 2.1869e+07  0.60%   198  216s
  3168  3404 2.1857e+07   52  675 2.1737e+07 2.1869e+07  0.60%   185  221s
  3680  3972 2.1855e+07   58  672 2.1737e+07 2.1869e+07  0.60%   178  225s
  4590  4942 2.1852e+07   77  629 2.1737e+07 2.1869e+07  0.60%   168  231s
  5220  5637 2.1851e+07   83  617 2.1737e+07 2.1869e+07  0.60%   161  236s
  5640  5685 2.1850e+07   88  611 2.1737e+07 2.1869e+07  0.60%   156  240s
H 5688  5733                    2.173727e+07 2.1869e+07  0.60%   156  249s
H 5689  5733                    2.173913e+07 2.1869e+07  0.60%   156  249s
H 5706  5733                    2.173995e+07 2.1869e+07  0.59%   156  249s
  5736  5875 2.1850e+07   89  609 2.1740e+07 2.1869e+07  0.59%   156  252s
H 5739  5868                    2.175299e+07 2.1869e+07  0.53%   156  252s
  5884  6264 2.1848e+07   89  609 2.1753e+07 2.1869e+07  0.53%   157  255s
  6781  6836 2.1847e+07   98  609 2.1753e+07 2.1869e+07  0.53%   152  262s
  6903  7159 2.1847e+07   99  605 2.1753e+07 2.1869e+07  0.53%   151  265s
H 6945  7155                    2.175351e+07 2.1869e+07  0.53%   151  265s
H 6978  7137                    2.175510e+07 2.1869e+07  0.52%   151  265s
H 6996  7117                    2.175758e+07 2.1869e+07  0.51%   151  265s
  7852  8164 2.1847e+07  108  586 2.1758e+07 2.1868e+07  0.51%   143  272s
Created node file directory '/scratch-local/lbeemster.21593941/gurobi_dev0.05_sub40.0_run5/grbnodes0'
  8327  8785 2.1845e+07  115  577 2.1758e+07 2.1868e+07  0.51%   140  276s
  8969  9021 2.1845e+07  126  564 2.1758e+07 2.1868e+07  0.51%   136  283s
  9215  9068 2.1844e+07  130  566 2.1758e+07 2.1868e+07  0.51%   135  290s
H 9248  9064                    2.176184e+07 2.1868e+07  0.49%   135  290s
  9874 10349 2.1843e+07  136  552 2.1762e+07 2.1868e+07  0.49%   132  298s
 10594 10928 2.1843e+07  139  553 2.1762e+07 2.1868e+07  0.49%   129  303s
 11194 11642 2.1841e+07  143  553 2.1762e+07 2.1868e+07  0.49%   129  308s
 11932 12397 2.1840e+07  157  520 2.1762e+07 2.1868e+07  0.49%   127  313s
 12701 12986 2.1839e+07  174  483 2.1762e+07 2.1868e+07  0.49%   124  319s
 13306 13715 2.1836e+07  182  458 2.1762e+07 2.1868e+07  0.49%   125  323s
 14062 14427 2.1835e+07  199  442 2.1762e+07 2.1868e+07  0.49%   124  329s
 14798 15167 2.1834e+07  209  469 2.1762e+07 2.1868e+07  0.49%   123  335s
 15572 15290 2.1832e+07  216  457 2.1762e+07 2.1868e+07  0.49%   123  342s
H15573 15083                    2.176463e+07 2.1868e+07  0.47%   123  342s
H15673 15048                    2.176597e+07 2.1868e+07  0.47%   123  342s
 15708 15785 2.1832e+07  217  456 2.1766e+07 2.1868e+07  0.47%   123  348s
 16485 16333 2.1831e+07  239  426 2.1766e+07 2.1868e+07  0.47%   123  355s
 17048 17266 2.1831e+07  251  424 2.1766e+07 2.1868e+07  0.47%   124  361s
H17994 17200                    2.176858e+07 2.1868e+07  0.46%   122  374s
H17994 17199                    2.177055e+07 2.1868e+07  0.45%   122  379s
 17995 17189 2.1846e+07   52  718 2.1771e+07 2.1868e+07  0.45%   122  492s
H17996 16330                    2.177362e+07 2.1868e+07  0.43%   122  625s
H17996 15513                    2.177480e+07 2.1868e+07  0.43%   122  625s
H17996 14738                    2.178146e+07 2.1868e+07  0.40%   122  625s
H17996 14001                    2.178146e+07 2.1868e+07  0.40%   122  625s
H17996 13301                    2.178147e+07 2.1868e+07  0.40%   122  625s
 17998 13302 2.1859e+07   33  602 2.1781e+07 2.1868e+07  0.40%   122  637s
H17998 12637                    2.178385e+07 2.1868e+07  0.39%   122  637s
 18000 12638 2.1846e+07   51  652 2.1784e+07 2.1868e+07  0.38%   122  643s
 18001 12639 2.1845e+07   45  657 2.1784e+07 2.1868e+07  0.38%   122  646s
 18003 12640 2.1864e+07   21  564 2.1784e+07 2.1868e+07  0.38%   122  651s
 18004 12641 2.1852e+07   49  640 2.1784e+07 2.1868e+07  0.38%   122  656s
 18006 12642 2.1850e+07   42  702 2.1784e+07 2.1866e+07  0.38%   122  663s
 18007 12643 2.1845e+07   40  648 2.1784e+07 2.1866e+07  0.38%   122  665s
H18012 12013                    2.179305e+07 2.1865e+07  0.33%   122  787s
H18012 11412                    2.179639e+07 2.1865e+07  0.32%   122  787s
H18013 10842                    2.179882e+07 2.1865e+07  0.30%   122  789s
 18014 10843 2.1845e+07   46  657 2.1799e+07 2.1865e+07  0.30%   122  791s
H18016 10301                    2.181580e+07 2.1865e+07  0.22%   122  895s
 18019 10303 2.1849e+07   52  661 2.1816e+07 2.1864e+07  0.22%   122  900s
 18021 10304 2.1847e+07  107  649 2.1816e+07 2.1864e+07  0.22%   122 1068s
 18022 10305 2.1864e+07   10  650 2.1816e+07 2.1864e+07  0.22%   122 1071s
 18024 10306 2.1850e+07   23  652 2.1816e+07 2.1864e+07  0.22%   122 1212s
 18026 10308 2.1849e+07   69  636 2.1816e+07 2.1863e+07  0.22%   122 1215s
H18026  9793                    2.181810e+07 2.1863e+07  0.21%   122 1310s
 18028  9794 2.1854e+07   32  632 2.1818e+07 2.1863e+07  0.21%   122 1315s
H18029  9304                    2.181876e+07 2.1863e+07  0.20%   122 1405s
 18033  9306 2.1862e+07   18  630 2.1819e+07 2.1863e+07  0.20%   122 1410s
 18035  9308 2.1847e+07   45  633 2.1819e+07 2.1863e+07  0.20%   122 1572s
 18036  9308 2.1863e+07    7  620 2.1819e+07 2.1863e+07  0.20%   122 1575s
 18037  9309 2.1831e+07  210  623 2.1819e+07 2.1863e+07  0.20%   122 1679s
 18038  9310 2.1863e+07    9  626 2.1819e+07 2.1863e+07  0.20%   122 1681s
 18039  9310 2.1863e+07    8  625 2.1819e+07 2.1863e+07  0.20%   122 1826s
 18041  9312 2.1819e+07  107  628 2.1819e+07 2.1863e+07  0.20%   122 1959s
 18042  9312 2.1819e+07  237  625 2.1819e+07 2.1862e+07  0.20%   122 1960s
 18043  9313 2.1860e+07   27  625 2.1819e+07 2.1862e+07  0.20%   122 1981s
 18044  9314 2.1847e+07   91  625 2.1819e+07 2.1862e+07  0.20%   122 2008s
 18045  9317 2.1862e+07   13  618 2.1819e+07 2.1862e+07  0.20%   126 2022s
 18051  9327 2.1862e+07   15  623 2.1819e+07 2.1862e+07  0.20%   127 2025s

Cutting planes:
  Learned: 1
  Gomory: 37
  Implied bound: 880
  MIR: 1282
  Flow cover: 1618
  RLT: 44
  Relax-and-lift: 1210

Explored 18059 nodes (2363719 simplex iterations) in 2025.95 seconds (2327.35 work units)
Thread count was 48 (of 192 available processors)

Solution count 10: 2.18188e+07 2.18188e+07 2.18181e+07 ... 2.17748e+07

Optimal solution found (tolerance 2.00e-03)
Best objective 2.181876231728e+07, best bound 2.186194904024e+07, gap 0.1979%
Deleted nodefile directory: /scratch-local/lbeemster.21593941/gurobi_dev0.05_sub40.0_run5
Saved model snapshot to study_case_model/figures/subsidy_experiment/run_06426/dev0.05/sub40.0/run5/model_snapshot.pkl
Finished successfully!
