Gurobi shell based on Python 3.13.1 can be launched with command `gurobi.sh`
Gurobi Python Interface can be loaded in Python 3.13.1 with 'import gurobipy'
/var/spool/slurm/slurmd/job21612380/slurm_script: line 24: activate: No such file or directory
Solving model: dev0.0, sub30.0, run8
Read LP format model from file /scratch-local/lbeemster.21612380/tmpbm9811u4.pyomo.lp
Reading time = 0.58 seconds
x1: 176513 rows, 50050 columns, 1016320 nonzeros
Set parameter OutputFlag to value 1
Set parameter MIPGap to value 0.002
Set parameter Threads to value 48
Set parameter Presolve to value 1
Set parameter Cuts to value 1
Set parameter NodefileStart to value 1
Set parameter NodefileDir to value "/scratch-local/lbeemster.21612380/gurobi_dev0.0_sub30.0_run8"
Set parameter MemLimit to value 60
Gurobi Optimizer version 12.0.3 build v12.0.3rc0 (linux64 - "Red Hat Enterprise Linux 9.6 (Plow)")

CPU model: AMD EPYC 9654 96-Core Processor, instruction set [SSE2|AVX|AVX2|AVX512]
Thread count: 192 physical cores, 192 logical processors, using up to 48 threads

Non-default parameters:
MemLimit  60
MIPGap  0.002
NodefileStart  1
Cuts  1
Presolve  1
Threads  48

Academic license 2514514 - for non-commercial use only - registered to l.___@student.vu.nl
Optimize a model with 176513 rows, 50050 columns and 1016320 nonzeros
Model fingerprint: 0xa7e95fce
Variable types: 39426 continuous, 10624 integer (10624 binary)
Coefficient statistics:
  Matrix range     [6e-05, 1e+05]
  Objective range  [2e+00, 3e+04]
  Bounds range     [1e+00, 1e+00]
  RHS range        [3e-01, 2e+05]
Presolve removed 35766 rows and 24394 columns
Presolve time: 3.50s
Presolved: 140747 rows, 25656 columns, 872981 nonzeros
Variable types: 19909 continuous, 5747 integer (5747 binary)
Found heuristic solution: objective 1.963888e+07
Found heuristic solution: objective 1.992055e+07

Deterministic concurrent LP optimizer: primal simplex, dual simplex, and barrier
Showing barrier log only...

Root relaxation presolved: 24824 rows, 165403 columns, 897736 nonzeros

Root barrier log...

Ordering time: 0.05s

Barrier statistics:
 Free vars  : 1920
 AA' NZ     : 5.545e+05
 Factor NZ  : 1.447e+06 (roughly 90 MB of memory)
 Factor Ops : 1.025e+08 (less than 1 second per iteration)
 Threads    : 46

                  Objective                Residual
Iter       Primal          Dual         Primal    Dual     Compl     Time
   0   1.58743940e+12  3.01705422e+06  7.61e+06 3.37e+02  1.70e+08     9s
   1   1.10316528e+12 -1.96884802e+08  4.47e+06 3.69e+03  1.08e+08     9s
   2   8.85235710e+11 -2.03165207e+08  3.08e+06 2.37e+03  7.19e+07     9s
   3   6.74150730e+11 -1.68150936e+08  1.82e+06 1.50e+03  4.50e+07     9s
   4   5.08749997e+11 -1.19522174e+08  9.46e+05 9.16e+02  2.62e+07     9s
   5   3.63139700e+11 -8.07752285e+07  4.65e+05 5.05e+02  1.41e+07     9s
   6   2.46524120e+11 -5.15900462e+07  2.20e+05 2.78e+02  7.43e+06     9s
   7   1.79532977e+11 -2.31323712e+07  1.17e+05 1.34e+02  3.81e+06     9s
   8   1.22412345e+11 -6.63874702e+06  5.62e+04 6.54e+01  1.94e+06     9s
   9   8.89566868e+10 -2.13596056e+06  3.51e+04 4.25e+01  1.25e+06     9s
  10   5.33068105e+10 -2.06016934e+05  1.71e+04 2.22e+01  6.44e+05     9s
  11   2.63079818e+10  9.69954609e+05  6.15e+03 1.00e+01  2.74e+05    10s
  12   1.52820218e+10  1.12034888e+06  3.04e+03 4.56e+00  1.39e+05    10s
  13   4.86886778e+09  1.23834890e+06  5.86e+02 2.62e+00  4.72e+04    10s
  14   3.76460137e+09  1.93395343e+06  4.26e+02 1.46e+00  3.19e+04    10s
  15   2.90207224e+09  3.69001377e+06  3.12e+02 6.72e-01  2.09e+04    10s
  16   2.71556644e+09  3.71936194e+06  2.91e+02 4.95e-01  1.89e+04    10s
  17   1.74841600e+09  5.03455093e+06  1.79e+02 2.50e-01  1.15e+04    10s
  18   7.01955437e+08  7.14356188e+06  6.25e+01 8.12e-02  4.38e+03    10s
  19   3.65616687e+08  8.90957588e+06  3.01e+01 3.50e-02  2.19e+03    10s
  20   1.90310240e+08  1.19462727e+07  1.40e+01 1.40e-02  1.07e+03    10s
  21   1.17384071e+08  1.39240849e+07  7.48e+00 8.94e-03  6.11e+02    10s
  22   7.86413746e+07  1.56311747e+07  4.36e+00 6.99e-03  3.70e+02    10s
  23   6.13423805e+07  1.94833823e+07  2.95e+00 2.86e-03  2.44e+02    10s
  24   5.58844303e+07  1.96171735e+07  2.54e+00 2.15e-03  2.11e+02    10s
  25   3.64160228e+07  2.00021514e+07  1.10e+00 2.29e-03  9.53e+01    10s
  26   3.18988196e+07  2.04678685e+07  7.52e-01 2.53e-03  6.63e+01    10s
  27   2.83181531e+07  2.12161392e+07  4.70e-01 2.10e-03  4.11e+01    10s
  28   2.58112756e+07  2.14008474e+07  2.92e-01 1.39e-03  2.55e+01    10s
  29   2.46051195e+07  2.15759271e+07  2.02e-01 1.66e-03  1.75e+01    10s
  30   2.34050242e+07  2.16302763e+07  1.16e-01 1.23e-03  1.02e+01    10s
  31   2.23027058e+07  2.16810176e+07  3.55e-02 7.25e-04  3.57e+00    10s
  32   2.21445072e+07  2.17181444e+07  2.44e-02 3.98e-04  2.45e+00    10s
  33   2.19946144e+07  2.17332813e+07  1.43e-02 3.52e-04  1.50e+00    10s

Barrier performed 33 iterations in 10.42 seconds (9.07 work units)
Barrier solve interrupted - model solved by another algorithm

Concurrent spin time: 0.05s

Solved with primal simplex

Root relaxation: objective 2.181023e+07, 31040 iterations, 2.21 seconds (1.85 work units)

    Nodes    |    Current Node    |     Objective Bounds      |     Work
 Expl Unexpl |  Obj  Depth IntInf | Incumbent    BestBd   Gap | It/Node Time

     0     0 2.1810e+07    0  348 1.9921e+07 2.1810e+07  9.49%     -   11s
H    0     0                    1.992078e+07 2.1810e+07  9.48%     -   12s
     0     0 2.1802e+07    0  469 1.9921e+07 2.1802e+07  9.44%     -   14s
H    0     0                    2.101631e+07 2.1802e+07  3.74%     -   15s
     0     0 2.1801e+07    0  489 2.1016e+07 2.1801e+07  3.74%     -   16s
     0     0 2.1801e+07    0  494 2.1016e+07 2.1801e+07  3.74%     -   16s
     0     0 2.1798e+07    0  474 2.1016e+07 2.1798e+07  3.72%     -   18s
     0     0 2.1798e+07    0  472 2.1016e+07 2.1798e+07  3.72%     -   19s
     0     0 2.1798e+07    0  479 2.1016e+07 2.1798e+07  3.72%     -   19s
     0     0 2.1797e+07    0  490 2.1016e+07 2.1797e+07  3.72%     -   22s
     0     0 2.1797e+07    0  489 2.1016e+07 2.1797e+07  3.72%     -   22s
     0     0 2.1797e+07    0  497 2.1016e+07 2.1797e+07  3.72%     -   23s
     0     0 2.1797e+07    0  502 2.1016e+07 2.1797e+07  3.72%     -   23s
     0     0 2.1797e+07    0  499 2.1016e+07 2.1797e+07  3.72%     -   23s
     0     0 2.1797e+07    0  527 2.1016e+07 2.1797e+07  3.71%     -   26s
H    0     0                    2.115238e+07 2.1797e+07  3.05%     -   29s
     0     0 2.1797e+07    0  536 2.1152e+07 2.1797e+07  3.05%     -   29s
     0     0 2.1797e+07    0  537 2.1152e+07 2.1797e+07  3.05%     -   29s
     0     0 2.1797e+07    0  545 2.1152e+07 2.1797e+07  3.05%     -   30s
     0     0 2.1796e+07    0  452 2.1152e+07 2.1796e+07  3.05%     -   32s
H    0     0                    2.123665e+07 2.1796e+07  2.64%     -   35s
     0     0 2.1796e+07    0  445 2.1237e+07 2.1796e+07  2.64%     -   35s
     0     0 2.1796e+07    0  456 2.1237e+07 2.1796e+07  2.64%     -   35s
     0     0 2.1796e+07    0  472 2.1237e+07 2.1796e+07  2.64%     -   37s
     0     0 2.1796e+07    0  477 2.1237e+07 2.1796e+07  2.64%     -   38s
     0     0 2.1796e+07    0  483 2.1237e+07 2.1796e+07  2.64%     -   39s
     0     0 2.1796e+07    0  487 2.1237e+07 2.1796e+07  2.64%     -   39s
     0     0 2.1796e+07    0  468 2.1237e+07 2.1796e+07  2.64%     -   41s
H    0     0                    2.127137e+07 2.1796e+07  2.47%     -   43s
     0     0 2.1796e+07    0  476 2.1271e+07 2.1796e+07  2.47%     -   43s
     0     0 2.1796e+07    0  484 2.1271e+07 2.1796e+07  2.47%     -   43s
     0     0 2.1796e+07    0  474 2.1271e+07 2.1796e+07  2.47%     -   45s
H    0     0                    2.128322e+07 2.1796e+07  2.41%     -   48s
H    0     0                    2.128671e+07 2.1796e+07  2.39%     -   48s
H    0     0                    2.128684e+07 2.1796e+07  2.39%     -   48s
H    0     0                    2.128684e+07 2.1796e+07  2.39%     -   48s
H    0     0                    2.128694e+07 2.1796e+07  2.39%     -   48s
H    0     0                    2.128707e+07 2.1796e+07  2.39%     -   48s
H    0     0                    2.128772e+07 2.1796e+07  2.39%     -   48s
H    0     0                    2.128794e+07 2.1796e+07  2.39%     -   48s
     0     0 2.1796e+07    0  484 2.1288e+07 2.1796e+07  2.39%     -   49s
     0     0 2.1796e+07    0  478 2.1288e+07 2.1796e+07  2.39%     -   49s
     0     0 2.1796e+07    0  465 2.1288e+07 2.1796e+07  2.39%     -   51s
     0     0 2.1796e+07    0  469 2.1288e+07 2.1796e+07  2.39%     -   53s
     0     0 2.1796e+07    0  474 2.1288e+07 2.1796e+07  2.39%     -   53s
     0     0 2.1796e+07    0  477 2.1288e+07 2.1796e+07  2.39%     -   55s
     0     0 2.1796e+07    0  477 2.1288e+07 2.1796e+07  2.39%     -   62s
H    0     0                    2.146917e+07 2.1796e+07  1.52%     -   63s
     0     2 2.1796e+07    0  477 2.1469e+07 2.1796e+07  1.52%     -   70s
    63   112 2.1796e+07    6  465 2.1469e+07 2.1796e+07  1.52%   532   75s
H   88   112                    2.147156e+07 2.1796e+07  1.51%   397   75s
   692   989 2.1795e+07   13  451 2.1472e+07 2.1796e+07  1.51%   110   80s
  1269  1318 2.1794e+07   22  430 2.1472e+07 2.1796e+07  1.51%  83.4   89s
H 1272  1318                    2.149429e+07 2.1796e+07  1.40%  83.2   89s
H 1286  1318                    2.150290e+07 2.1796e+07  1.36%  82.5   89s
H 1310  1318                    2.150674e+07 2.1796e+07  1.35%  81.7   89s
  1317  1879 2.1794e+07   23  426 2.1507e+07 2.1796e+07  1.35%  81.7   91s
  1878  1927 2.1793e+07   33  392 2.1507e+07 2.1796e+07  1.35%  71.0   96s
H 1884  1927                    2.152725e+07 2.1796e+07  1.25%  70.9   96s
H 1901  1927                    2.152810e+07 2.1796e+07  1.24%  70.8   96s
H 1905  1927                    2.152973e+07 2.1796e+07  1.24%  70.7   96s
H 1914  1927                    2.153351e+07 2.1796e+07  1.22%  70.5   96s
  2539  2970 2.1792e+07   42  374 2.1534e+07 2.1796e+07  1.22%  62.3  101s
H 2985  3076                    2.156015e+07 2.1796e+07  1.09%  63.9  103s
H 3073  3076                    2.156071e+07 2.1796e+07  1.09%  64.1  103s
  3091  3802 2.1791e+07   47  376 2.1561e+07 2.1796e+07  1.09%  63.9  106s
  5619  6144 2.1786e+07   77  301 2.1561e+07 2.1796e+07  1.09%  53.0  112s
  6983  7106 2.1782e+07   94  270 2.1561e+07 2.1796e+07  1.09%  48.4  115s
H 7139  7154                    2.156110e+07 2.1796e+07  1.09%  48.1  118s
  7903  8633 2.1782e+07  105  263 2.1561e+07 2.1796e+07  1.09%  45.9  120s
H 9034  9023                    2.156421e+07 2.1796e+07  1.08%  43.5  122s
  9895 10538 2.1780e+07  122  192 2.1564e+07 2.1796e+07  1.08%  42.3  125s
 13064 13359 2.1778e+07  177  116 2.1564e+07 2.1796e+07  1.08%  39.6  131s
*13439 13333             360    2.156503e+07 2.1796e+07  1.07%  39.4  131s
*13449 13208             411    2.157079e+07 2.1796e+07  1.04%  39.4  131s
*14164 13901             410    2.157106e+07 2.1796e+07  1.04%  39.1  132s
 14403 13945 2.1776e+07  207  103 2.1571e+07 2.1796e+07  1.04%  39.1  136s
 14452 13993 2.1776e+07  208  100 2.1571e+07 2.1796e+07  1.04%  39.1  142s
H14469 12736                    2.164465e+07 2.1796e+07  0.70%  39.1  142s
H14491 12735                    2.164512e+07 2.1796e+07  0.70%  39.2  142s
 16070 14315 2.1745e+07  241   67 2.1645e+07 2.1796e+07  0.70%  38.9  148s
H16081 14304                    2.164654e+07 2.1796e+07  0.69%  38.9  148s
H16099 14296                    2.164771e+07 2.1796e+07  0.68%  38.9  148s
 16129 15227 2.1770e+07  241   70 2.1648e+07 2.1796e+07  0.68%  38.9  150s
H18615 13476                    2.171749e+07 2.1796e+07  0.36%  37.8  167s
H18615 12186                    2.173163e+07 2.1796e+07  0.30%  37.8  168s
H18615 12181                    2.173174e+07 2.1796e+07  0.30%  37.8  168s
H18615 12168                    2.173184e+07 2.1796e+07  0.29%  37.8  169s
 18616 12110 2.1789e+07   37  477 2.1732e+07 2.1796e+07  0.29%  37.8  194s
H18617 11505                    2.173405e+07 2.1796e+07  0.28%  37.8  239s
 18618 11505 2.1783e+07  133  368 2.1734e+07 2.1796e+07  0.28%  37.8  250s
 18619 11506 2.1734e+07  266  405 2.1734e+07 2.1796e+07  0.28%  37.8  258s
H18619 10931                    2.173554e+07 2.1796e+07  0.28%  37.8  258s
 18620 10932 2.1779e+07  150  472 2.1736e+07 2.1796e+07  0.28%  37.8  262s
H18620 10385                    2.174785e+07 2.1796e+07  0.22%  37.8  263s
 18621 10385 2.1772e+07  221  477 2.1748e+07 2.1796e+07  0.22%  37.8  265s

Cutting planes:
  Gomory: 29
  Cover: 1
  Implied bound: 547
  MIR: 744
  Flow cover: 841
  RLT: 6
  Relax-and-lift: 546
  BQP: 1

Explored 18624 nodes (802506 simplex iterations) in 298.83 seconds (316.57 work units)
Thread count was 48 (of 192 available processors)

Solution count 10: 2.17478e+07 2.17478e+07 2.1734e+07 ... 2.16451e+07

Optimal solution found (tolerance 2.00e-03)
Best objective 2.174784579324e+07, best bound 2.179128155950e+07, gap 0.1997%
Deleted nodefile directory: /scratch-local/lbeemster.21612380/gurobi_dev0.0_sub30.0_run8
Saved model snapshot to study_case_model/figures/subsidy_experiment/run_06426/dev0.0/sub30.0/run8/model_snapshot.pkl
Finished successfully!
