Gurobi shell based on Python 3.13.1 can be launched with command `gurobi.sh`
Gurobi Python Interface can be loaded in Python 3.13.1 with 'import gurobipy'
/var/spool/slurm/slurmd/job21699032/slurm_script: line 24: activate: No such file or directory
Solving model: marketDORNUM, maxh2_0.17, sub45.0, run0
Read LP format model from file /scratch-local/lbeemster.21699032/tmpnqww7oa4.pyomo.lp
Reading time = 0.54 seconds
x1: 176513 rows, 50050 columns, 1016320 nonzeros
Set parameter OutputFlag to value 1
Set parameter MIPGap to value 0.002
Set parameter Threads to value 48
Set parameter Presolve to value 1
Set parameter Cuts to value 1
Set parameter NodefileStart to value 1
Set parameter NodefileDir to value "/scratch-local/lbeemster.21699032/gurobi_marketDORNUM_maxh2_0.17_sub45.0_run0"
Set parameter MemLimit to value 60
Gurobi Optimizer version 12.0.3 build v12.0.3rc0 (linux64 - "Red Hat Enterprise Linux 9.6 (Plow)")

CPU model: AMD EPYC 9654 96-Core Processor, instruction set [SSE2|AVX|AVX2|AVX512]
Thread count: 192 physical cores, 192 logical processors, using up to 48 threads

Non-default parameters:
MemLimit  60
MIPGap  0.002
NodefileStart  1
Cuts  1
Presolve  1
Threads  48

Academic license 2514514 - for non-commercial use only - registered to l.___@student.vu.nl
Optimize a model with 176513 rows, 50050 columns and 1016320 nonzeros
Model fingerprint: 0x96a222a4
Variable types: 39426 continuous, 10624 integer (10624 binary)
Coefficient statistics:
  Matrix range     [6e-05, 1e+05]
  Objective range  [2e+00, 3e+04]
  Bounds range     [1e+00, 1e+00]
  RHS range        [3e-01, 2e+05]
Presolve removed 36049 rows and 24694 columns
Presolve time: 3.91s
Presolved: 140464 rows, 25356 columns, 869781 nonzeros
Variable types: 19684 continuous, 5672 integer (5672 binary)
Found heuristic solution: objective 1.885248e+07
Found heuristic solution: objective 1.895367e+07
Found heuristic solution: objective 1.923868e+07

Deterministic concurrent LP optimizer: primal simplex, dual simplex, and barrier
Showing barrier log only...

Root relaxation presolved: 24168 rows, 164594 columns, 894026 nonzeros

Root barrier log...

Ordering time: 0.05s

Barrier statistics:
 Free vars  : 1920
 AA' NZ     : 5.465e+05
 Factor NZ  : 1.395e+06 (roughly 90 MB of memory)
 Factor Ops : 9.759e+07 (less than 1 second per iteration)
 Threads    : 46

                  Objective                Residual
Iter       Primal          Dual         Primal    Dual     Compl     Time
   0   1.58136152e+12  3.21017437e+06  7.53e+06 3.81e+02  1.79e+08    10s
   1   1.12849363e+12 -2.20342804e+08  4.56e+06 3.90e+03  1.15e+08    10s
   2   8.63998188e+11 -2.31755801e+08  2.88e+06 2.59e+03  7.60e+07    10s
   3   6.76426184e+11 -2.05624457e+08  1.70e+06 1.81e+03  5.06e+07    10s
   4   5.34140588e+11 -1.65122886e+08  9.55e+05 1.27e+03  3.36e+07    10s
   5   4.80911743e+11 -1.31336392e+08  7.46e+05 9.20e+02  2.50e+07    10s
   6   4.31261730e+11 -1.01169704e+08  5.88e+05 6.02e+02  1.76e+07    10s
   7   3.73515774e+11 -8.00435052e+07  4.34e+05 4.15e+02  1.26e+07    10s
   8   2.71910047e+11 -6.08376057e+07  2.34e+05 2.80e+02  7.91e+06    10s
   9   1.86862230e+11 -3.65677166e+07  1.08e+05 1.49e+02  4.15e+06    10s
  10   1.25731284e+11 -2.20081950e+07  5.23e+04 8.95e+01  2.35e+06    10s
  11   9.43455063e+10 -1.38526848e+07  3.25e+04 6.06e+01  1.55e+06    10s
  12   6.31192540e+10 -7.08836668e+06  1.76e+04 3.35e+01  8.68e+05    10s
  13   3.98923408e+10 -2.43070777e+06  9.56e+03 1.54e+01  4.39e+05    10s
  14   1.96318883e+10 -6.60088224e+05  3.73e+03 9.10e+00  2.09e+05    10s
  15   1.35344442e+10  6.92330768e+05  2.38e+03 4.02e+00  1.18e+05    10s
  16   6.03221146e+09  1.14175653e+06  8.76e+02 2.55e+00  5.38e+04    11s
  17   4.31647852e+09  2.47785280e+06  5.95e+02 1.00e+00  3.25e+04    11s
  18   2.65518375e+09  4.73332954e+06  3.42e+02 4.79e-01  1.85e+04    11s
  19   2.34309393e+09  5.57745216e+06  2.98e+02 2.76e-01  1.56e+04    11s
  20   1.19356622e+09  6.66244277e+06  1.43e+02 1.63e-01  7.79e+03    11s
  21   3.44543276e+08  8.99378437e+06  3.14e+01 2.95e-02  2.08e+03    11s
  22   1.54019769e+08  1.19583840e+07  1.18e+01 1.52e-02  8.57e+02    11s
  23   9.63675005e+07  1.34316662e+07  6.32e+00 1.05e-02  4.94e+02    11s
  24   6.48946374e+07  1.57468864e+07  3.42e+00 5.99e-03  2.89e+02    11s
  25   5.01348445e+07  1.77919626e+07  2.19e+00 3.11e-03  1.90e+02    11s
  26   4.09786855e+07  1.86208923e+07  1.44e+00 2.24e-03  1.31e+02    11s
  27   3.37387009e+07  1.95211101e+07  8.83e-01 1.41e-03  8.28e+01    11s
  28   2.97131946e+07  2.00945115e+07  5.98e-01 2.34e-03  5.59e+01    11s
  29   2.61019116e+07  2.03763486e+07  3.46e-01 1.84e-03  3.32e+01    11s
  30   2.36512958e+07  2.06359808e+07  1.77e-01 9.71e-04  1.75e+01    11s
  31   2.25140570e+07  2.07576819e+07  1.00e-01 8.96e-04  1.02e+01    11s
  32   2.18168923e+07  2.08298214e+07  5.23e-02 9.44e-04  5.69e+00    11s

Barrier performed 32 iterations in 11.28 seconds (9.68 work units)
Barrier solve interrupted - model solved by another algorithm

Concurrent spin time: 0.05s

Solved with primal simplex

Root relaxation: objective 2.098168e+07, 30673 iterations, 2.23 seconds (1.84 work units)

    Nodes    |    Current Node    |     Objective Bounds      |     Work
 Expl Unexpl |  Obj  Depth IntInf | Incumbent    BestBd   Gap | It/Node Time

     0     0 2.0982e+07    0  417 1.9239e+07 2.0982e+07  9.06%     -   13s
     0     0 2.0970e+07    0  496 1.9239e+07 2.0970e+07  9.00%     -   16s
H    0     0                    2.060300e+07 2.0970e+07  1.78%     -   18s
     0     0 2.0966e+07    0  527 2.0603e+07 2.0966e+07  1.76%     -   18s
     0     0 2.0966e+07    0  548 2.0603e+07 2.0966e+07  1.76%     -   18s
     0     0 2.0966e+07    0  545 2.0603e+07 2.0966e+07  1.76%     -   19s
     0     0 2.0966e+07    0  545 2.0603e+07 2.0966e+07  1.76%     -   19s
     0     0 2.0964e+07    0  549 2.0603e+07 2.0964e+07  1.75%     -   22s
     0     0 2.0964e+07    0  554 2.0603e+07 2.0964e+07  1.75%     -   22s
     0     0 2.0964e+07    0  559 2.0603e+07 2.0964e+07  1.75%     -   23s
     0     0 2.0964e+07    0  563 2.0603e+07 2.0964e+07  1.75%     -   23s
     0     0 2.0963e+07    0  538 2.0603e+07 2.0963e+07  1.75%     -   27s
H    0     0                    2.061312e+07 2.0963e+07  1.70%     -   29s
     0     0 2.0963e+07    0  593 2.0613e+07 2.0963e+07  1.70%     -   29s
     0     0 2.0963e+07    0  596 2.0613e+07 2.0963e+07  1.70%     -   29s
     0     0 2.0963e+07    0  592 2.0613e+07 2.0963e+07  1.70%     -   30s
     0     0 2.0963e+07    0  581 2.0613e+07 2.0963e+07  1.70%     -   34s
H    0     0                    2.065056e+07 2.0963e+07  1.51%     -   35s
     0     0 2.0963e+07    0  595 2.0651e+07 2.0963e+07  1.51%     -   36s
     0     0 2.0962e+07    0  613 2.0651e+07 2.0962e+07  1.51%     -   36s
     0     0 2.0962e+07    0  611 2.0651e+07 2.0962e+07  1.51%     -   36s
     0     0 2.0962e+07    0  617 2.0651e+07 2.0962e+07  1.51%     -   36s
     0     0 2.0962e+07    0  534 2.0651e+07 2.0962e+07  1.51%     -   40s
H    0     0                    2.069089e+07 2.0962e+07  1.31%     -   42s
     0     0 2.0961e+07    0  575 2.0691e+07 2.0961e+07  1.31%     -   43s
     0     0 2.0961e+07    0  575 2.0691e+07 2.0961e+07  1.31%     -   43s
     0     0 2.0961e+07    0  582 2.0691e+07 2.0961e+07  1.31%     -   43s
     0     0 2.0961e+07    0  580 2.0691e+07 2.0961e+07  1.31%     -   43s
     0     0 2.0961e+07    0  582 2.0691e+07 2.0961e+07  1.31%     -   44s
     0     0 2.0961e+07    0  575 2.0691e+07 2.0961e+07  1.31%     -   47s
     0     0 2.0961e+07    0  568 2.0691e+07 2.0961e+07  1.31%     -   51s
     0     0 2.0961e+07    0  566 2.0691e+07 2.0961e+07  1.31%     -   51s
     0     0 2.0961e+07    0  585 2.0691e+07 2.0961e+07  1.31%     -   51s
     0     0 2.0961e+07    0  592 2.0691e+07 2.0961e+07  1.31%     -   51s
     0     0 2.0961e+07    0  524 2.0691e+07 2.0961e+07  1.31%     -   54s
     0     0 2.0961e+07    0  537 2.0691e+07 2.0961e+07  1.31%     -   56s
     0     0 2.0961e+07    0  534 2.0691e+07 2.0961e+07  1.31%     -   57s
     0     0 2.0961e+07    0  529 2.0691e+07 2.0961e+07  1.31%     -   57s
     0     0 2.0961e+07    0  529 2.0691e+07 2.0961e+07  1.31%     -   57s
     0     0 2.0961e+07    0  540 2.0691e+07 2.0961e+07  1.30%     -   60s
     0     0 2.0961e+07    0  539 2.0691e+07 2.0961e+07  1.30%     -   61s
     0     0 2.0961e+07    0  544 2.0691e+07 2.0961e+07  1.30%     -   61s
     0     0 2.0961e+07    0  541 2.0691e+07 2.0961e+07  1.30%     -   62s
     0     0 2.0961e+07    0  537 2.0691e+07 2.0961e+07  1.30%     -   62s
     0     0 2.0961e+07    0  534 2.0691e+07 2.0961e+07  1.30%     -   64s
H    0     0                    2.069594e+07 2.0961e+07  1.28%     -   66s
     0     0 2.0961e+07    0  544 2.0696e+07 2.0961e+07  1.28%     -   66s
     0     0 2.0961e+07    0  536 2.0696e+07 2.0961e+07  1.28%     -   66s
     0     0 2.0961e+07    0  540 2.0696e+07 2.0961e+07  1.28%     -   66s
     0     0 2.0961e+07    0  525 2.0696e+07 2.0961e+07  1.28%     -   69s
H    0     0                    2.071392e+07 2.0961e+07  1.19%     -   72s
H    0     0                    2.071576e+07 2.0961e+07  1.18%     -   73s
     0     0 2.0961e+07    0  512 2.0716e+07 2.0961e+07  1.18%     -   74s
     0     0 2.0961e+07    0  532 2.0716e+07 2.0961e+07  1.18%     -   74s
     0     0 2.0961e+07    0  521 2.0716e+07 2.0961e+07  1.18%     -   74s
     0     0 2.0961e+07    0  526 2.0716e+07 2.0961e+07  1.18%     -   75s
     0     0 2.0960e+07    0  501 2.0716e+07 2.0960e+07  1.18%     -   77s
     0     0 2.0960e+07    0  501 2.0716e+07 2.0960e+07  1.18%     -   77s
     0     0 2.0960e+07    0  510 2.0716e+07 2.0960e+07  1.18%     -   79s
     0     0 2.0960e+07    0  514 2.0716e+07 2.0960e+07  1.18%     -   80s
     0     0 2.0960e+07    0  521 2.0716e+07 2.0960e+07  1.18%     -   80s
     0     0 2.0960e+07    0  499 2.0716e+07 2.0960e+07  1.18%     -   82s
     0     0 2.0960e+07    0  512 2.0716e+07 2.0960e+07  1.18%     -   84s
     0     0 2.0960e+07    0  518 2.0716e+07 2.0960e+07  1.18%     -   84s
     0     0 2.0960e+07    0  508 2.0716e+07 2.0960e+07  1.18%     -   87s
     0     0 2.0960e+07    0  519 2.0716e+07 2.0960e+07  1.18%     -   88s
     0     0 2.0960e+07    0  513 2.0716e+07 2.0960e+07  1.18%     -   88s
     0     0 2.0960e+07    0  499 2.0716e+07 2.0960e+07  1.18%     -   91s
     0     0 2.0960e+07    0  499 2.0716e+07 2.0960e+07  1.18%     -   99s
H    0     0                    2.075546e+07 2.0960e+07  0.99%     -  108s
H    0     0                    2.077008e+07 2.0960e+07  0.92%     -  109s
H    0     0                    2.082236e+07 2.0960e+07  0.66%     -  112s
H    0     0                    2.084023e+07 2.0960e+07  0.58%     -  115s
H    0     0                    2.085885e+07 2.0960e+07  0.49%     -  118s
     0     2 2.0960e+07    0  499 2.0859e+07 2.0960e+07  0.49%     -  121s
H   45    64                    2.086141e+07 2.0960e+07  0.47%   155  124s
    63   112 2.0960e+07    6  506 2.0861e+07 2.0960e+07  0.47%   170  125s
H  163   309                    2.086155e+07 2.0960e+07  0.47%   122  128s
H  181   309                    2.086472e+07 2.0960e+07  0.46%   116  128s
H  183   309                    2.086645e+07 2.0960e+07  0.45%   116  128s
H  209   309                    2.086700e+07 2.0960e+07  0.45%   111  128s
H  221   309                    2.087100e+07 2.0960e+07  0.43%   108  128s
   531   637 2.0960e+07   15  493 2.0871e+07 2.0960e+07  0.43%  83.6  130s
  1347  1396 2.0960e+07   34  471 2.0871e+07 2.0960e+07  0.43%  65.4  137s
  1395  1444 2.0960e+07   34  462 2.0871e+07 2.0960e+07  0.43%  64.8  141s
H 1399  1444                    2.087336e+07 2.0960e+07  0.42%  64.7  141s
H 1400  1444                    2.087477e+07 2.0960e+07  0.41%  64.7  141s
H 1425  1444                    2.087600e+07 2.0960e+07  0.40%  64.8  141s
  1819  2176 2.0959e+07   44  450 2.0876e+07 2.0960e+07  0.40%  62.9  146s
  2589  2625 2.0959e+07   58  437 2.0876e+07 2.0960e+07  0.40%  59.7  152s
  2637  2671 2.0959e+07   59  440 2.0876e+07 2.0960e+07  0.40%  59.5  157s
  2686  2717 2.0958e+07   60  442 2.0876e+07 2.0960e+07  0.40%  59.2  161s
H 2734  2651                    2.089823e+07 2.0960e+07  0.30%  58.9  171s
H 2737  2651                    2.091039e+07 2.0960e+07  0.24%  58.9  171s
H 2771  2651                    2.091362e+07 2.0960e+07  0.22%  58.7  171s
  3712  4037 2.0957e+07   74  426 2.0914e+07 2.0960e+07  0.22%  54.8  176s
  4507  4556 2.0955e+07   83  408 2.0914e+07 2.0960e+07  0.22%  54.2  180s
  5359  5736 2.0952e+07   93  395 2.0914e+07 2.0960e+07  0.22%  53.1  185s
  6685  6929 2.0950e+07  122  361 2.0914e+07 2.0960e+07  0.22%  50.8  191s
  8251  8239 2.0947e+07  145  350 2.0914e+07 2.0960e+07  0.22%  49.6  195s
 10345 10126 2.0944e+07  171  341 2.0914e+07 2.0960e+07  0.22%  48.9  200s
 12429 11661 2.0941e+07  199  323 2.0914e+07 2.0960e+07  0.22%  48.1  207s
H12439 11600                    2.091396e+07 2.0960e+07  0.22%  48.1  207s
 13340 13038 2.0939e+07  220  312 2.0914e+07 2.0960e+07  0.22%  47.7  210s
*14078 11302             412    2.092380e+07 2.0960e+07  0.17%  47.4  210s

Cutting planes:
  Gomory: 16
  Cover: 54
  Implied bound: 4071
  MIR: 1008
  Flow cover: 1398
  RLT: 2
  Relax-and-lift: 246

Explored 14145 nodes (737905 simplex iterations) in 212.34 seconds (236.53 work units)
Thread count was 48 (of 192 available processors)

Solution count 10: 2.09238e+07 2.09238e+07 2.0914e+07 ... 2.0871e+07

Optimal solution found (tolerance 2.00e-03)
Best objective 2.092379644095e+07, best bound 2.095980417662e+07, gap 0.1721%
Deleted nodefile directory: /scratch-local/lbeemster.21699032/gurobi_marketDORNUM_maxh2_0.17_sub45.0_run0
Saved model snapshot to study_case_model/figures/technical_experiment/run_09426/marketDORNUM/maxh2_0.17/sub45.0/run0/model_snapshot.pkl
Finished successfully!
