Gurobi shell based on Python 3.13.1 can be launched with command `gurobi.sh`
Gurobi Python Interface can be loaded in Python 3.13.1 with 'import gurobipy'
/var/spool/slurm/slurmd/job21698661/slurm_script: line 24: activate: No such file or directory
Solving model: marketDORNUM, maxh2_0.14, sub30.0, run0
Read LP format model from file /scratch-local/lbeemster.21698661/tmpynp3o74m.pyomo.lp
Reading time = 0.57 seconds
x1: 176513 rows, 50050 columns, 1016320 nonzeros
Set parameter OutputFlag to value 1
Set parameter MIPGap to value 0.002
Set parameter Threads to value 48
Set parameter Presolve to value 1
Set parameter Cuts to value 1
Set parameter NodefileStart to value 1
Set parameter NodefileDir to value "/scratch-local/lbeemster.21698661/gurobi_marketDORNUM_maxh2_0.14_sub30.0_run0"
Set parameter MemLimit to value 60
Gurobi Optimizer version 12.0.3 build v12.0.3rc0 (linux64 - "Red Hat Enterprise Linux 9.6 (Plow)")

CPU model: AMD EPYC 9654 96-Core Processor, instruction set [SSE2|AVX|AVX2|AVX512]
Thread count: 192 physical cores, 192 logical processors, using up to 48 threads

Non-default parameters:
MemLimit  60
MIPGap  0.002
NodefileStart  1
Cuts  1
Presolve  1
Threads  48

Academic license 2514514 - for non-commercial use only - registered to l.___@student.vu.nl
Optimize a model with 176513 rows, 50050 columns and 1016320 nonzeros
Model fingerprint: 0xdd3f4e36
Variable types: 39426 continuous, 10624 integer (10624 binary)
Coefficient statistics:
  Matrix range     [6e-05, 1e+05]
  Objective range  [2e+00, 3e+04]
  Bounds range     [1e+00, 1e+00]
  RHS range        [3e-01, 2e+05]
Presolve removed 36049 rows and 24694 columns
Presolve time: 3.95s
Presolved: 140464 rows, 25356 columns, 870530 nonzeros
Variable types: 19684 continuous, 5672 integer (5672 binary)
Found heuristic solution: objective 1.879596e+07
Found heuristic solution: objective 1.889701e+07
Found heuristic solution: objective 1.917933e+07

Deterministic concurrent LP optimizer: primal simplex, dual simplex, and barrier
Showing barrier log only...

Root relaxation presolved: 24168 rows, 164594 columns, 894775 nonzeros

Root barrier log...

Ordering time: 0.05s

Barrier statistics:
 Free vars  : 1920
 AA' NZ     : 5.465e+05
 Factor NZ  : 1.394e+06 (roughly 90 MB of memory)
 Factor Ops : 9.740e+07 (less than 1 second per iteration)
 Threads    : 46

                  Objective                Residual
Iter       Primal          Dual         Primal    Dual     Compl     Time
   0   1.57329135e+12  3.22994567e+06  7.49e+06 3.81e+02  1.78e+08    10s
   1   1.12287324e+12 -2.04603314e+08  4.54e+06 3.90e+03  1.15e+08    10s
   2   8.59240637e+11 -2.14947531e+08  2.87e+06 2.59e+03  7.56e+07    10s
   3   6.72132060e+11 -1.88137494e+08  1.69e+06 1.81e+03  5.03e+07    10s
   4   5.30624630e+11 -1.47581138e+08  9.50e+05 1.27e+03  3.34e+07    10s
   5   4.77729724e+11 -1.17548045e+08  7.42e+05 9.20e+02  2.48e+07    10s
   6   4.28446458e+11 -9.05674619e+07  5.85e+05 6.02e+02  1.75e+07    10s
   7   3.71087377e+11 -7.18324204e+07  4.32e+05 4.15e+02  1.25e+07    10s
   8   2.70289554e+11 -5.44667565e+07  2.33e+05 2.80e+02  7.87e+06    10s
   9   1.86144533e+11 -3.21238755e+07  1.08e+05 1.49e+02  4.14e+06    10s
  10   1.25762342e+11 -1.81100573e+07  5.28e+04 8.94e+01  2.35e+06    10s
  11   9.42893791e+10 -1.02807389e+07  3.27e+04 6.07e+01  1.55e+06    10s
  12   6.31072528e+10 -4.97442966e+06  1.77e+04 3.34e+01  8.67e+05    10s
  13   3.98314201e+10 -1.37865663e+06  9.62e+03 1.54e+01  4.39e+05    10s
  14   1.96988166e+10  4.20473699e+04  3.79e+03 9.11e+00  2.09e+05    10s
  15   1.35863845e+10  9.71226554e+05  2.41e+03 4.00e+00  1.19e+05    10s
  16   6.09770526e+09  1.28015408e+06  8.98e+02 2.53e+00  5.41e+04    10s
  17   4.37328854e+09  2.44629805e+06  6.12e+02 1.01e+00  3.30e+04    11s
  18   2.68855489e+09  4.69269355e+06  3.52e+02 4.81e-01  1.88e+04    11s
  19   2.36049611e+09  5.56896861e+06  3.05e+02 2.78e-01  1.57e+04    11s
  20   1.02524037e+09  6.93746388e+06  1.22e+02 1.11e-01  6.55e+03    11s
  21   3.02075578e+08  9.28317597e+06  2.90e+01 3.10e-02  1.82e+03    11s
  22   1.38959961e+08  1.21856365e+07  1.18e+01 1.49e-02  7.73e+02    11s
  23   9.42864344e+07  1.44061173e+07  6.84e+00 1.02e-02  4.80e+02    11s
  24   6.43832469e+07  1.71457436e+07  3.77e+00 5.73e-03  2.81e+02    11s
  25   4.43424804e+07  1.82498944e+07  1.93e+00 4.00e-03  1.54e+02    11s
  26   3.59072333e+07  1.89283483e+07  1.17e+00 2.84e-03  9.98e+01    11s
  27   3.09825273e+07  1.96598211e+07  7.74e-01 1.95e-03  6.64e+01    11s
  28   2.78190753e+07  2.01418579e+07  5.26e-01 2.46e-03  4.49e+01    11s
  29   2.56348493e+07  2.03587286e+07  3.57e-01 1.75e-03  3.08e+01    11s
  30   2.32760864e+07  2.05684830e+07  1.75e-01 9.82e-04  1.58e+01    11s
  31   2.23516868e+07  2.06708315e+07  1.03e-01 7.29e-04  9.76e+00    11s
  32   2.17779250e+07  2.07788277e+07  5.96e-02 7.83e-04  5.79e+00    11s

Barrier performed 32 iterations in 11.19 seconds (9.66 work units)
Barrier solve interrupted - model solved by another algorithm

Concurrent spin time: 0.26s (can be avoided by choosing Method=3)

Solved with primal simplex

Root relaxation: objective 2.091532e+07, 29950 iterations, 2.44 seconds (1.83 work units)

    Nodes    |    Current Node    |     Objective Bounds      |     Work
 Expl Unexpl |  Obj  Depth IntInf | Incumbent    BestBd   Gap | It/Node Time

     0     0 2.0915e+07    0  404 1.9179e+07 2.0915e+07  9.05%     -   12s
H    0     0                    1.918505e+07 2.0915e+07  9.02%     -   14s
     0     0 2.0901e+07    0  430 1.9185e+07 2.0901e+07  8.95%     -   17s
H    0     0                    2.066136e+07 2.0901e+07  1.16%     -   18s
     0     0 2.0901e+07    0  434 2.0661e+07 2.0901e+07  1.16%     -   18s
     0     0 2.0901e+07    0  436 2.0661e+07 2.0901e+07  1.16%     -   18s
     0     0 2.0901e+07    0  437 2.0661e+07 2.0901e+07  1.16%     -   18s
     0     0 2.0900e+07    0  432 2.0661e+07 2.0900e+07  1.16%     -   21s
     0     0 2.0900e+07    0  448 2.0661e+07 2.0900e+07  1.16%     -   21s
     0     0 2.0900e+07    0  455 2.0661e+07 2.0900e+07  1.16%     -   21s
     0     0 2.0900e+07    0  458 2.0661e+07 2.0900e+07  1.16%     -   22s
     0     0 2.0900e+07    0  461 2.0661e+07 2.0900e+07  1.16%     -   22s
     0     0 2.0900e+07    0  435 2.0661e+07 2.0900e+07  1.15%     -   25s
     0     0 2.0900e+07    0  432 2.0661e+07 2.0900e+07  1.15%     -   28s
     0     0 2.0900e+07    0  437 2.0661e+07 2.0900e+07  1.15%     -   28s
     0     0 2.0900e+07    0  445 2.0661e+07 2.0900e+07  1.15%     -   28s
     0     0 2.0900e+07    0  472 2.0661e+07 2.0900e+07  1.15%     -   32s
     0     0 2.0900e+07    0  460 2.0661e+07 2.0900e+07  1.15%     -   33s
     0     0 2.0900e+07    0  458 2.0661e+07 2.0900e+07  1.15%     -   33s
     0     0 2.0900e+07    0  459 2.0661e+07 2.0900e+07  1.15%     -   33s
     0     0 2.0899e+07    0  396 2.0661e+07 2.0899e+07  1.15%     -   36s
H    0     0                    2.067484e+07 2.0899e+07  1.09%     -   38s
     0     0 2.0899e+07    0  359 2.0675e+07 2.0899e+07  1.09%     -   39s
     0     0 2.0899e+07    0  364 2.0675e+07 2.0899e+07  1.09%     -   39s
     0     0 2.0899e+07    0  367 2.0675e+07 2.0899e+07  1.09%     -   39s
     0     0 2.0899e+07    0  398 2.0675e+07 2.0899e+07  1.09%     -   41s
     0     0 2.0899e+07    0  404 2.0675e+07 2.0899e+07  1.09%     -   42s
     0     0 2.0899e+07    0  429 2.0675e+07 2.0899e+07  1.08%     -   43s
     0     0 2.0899e+07    0  418 2.0675e+07 2.0899e+07  1.08%     -   43s
     0     0 2.0899e+07    0  398 2.0675e+07 2.0899e+07  1.08%     -   45s
     0     0 2.0899e+07    0  414 2.0675e+07 2.0899e+07  1.08%     -   46s
     0     0 2.0899e+07    0  412 2.0675e+07 2.0899e+07  1.08%     -   47s
     0     0 2.0899e+07    0  416 2.0675e+07 2.0899e+07  1.08%     -   47s
     0     0 2.0899e+07    0  407 2.0675e+07 2.0899e+07  1.08%     -   49s
     0     0 2.0899e+07    0  409 2.0675e+07 2.0899e+07  1.08%     -   51s
     0     0 2.0899e+07    0  410 2.0675e+07 2.0899e+07  1.08%     -   51s
     0     0 2.0899e+07    0  400 2.0675e+07 2.0899e+07  1.08%     -   53s
     0     0 2.0899e+07    0  412 2.0675e+07 2.0899e+07  1.08%     -   55s
     0     0 2.0899e+07    0  412 2.0675e+07 2.0899e+07  1.08%     -   55s
     0     0 2.0899e+07    0  389 2.0675e+07 2.0899e+07  1.08%     -   57s
H    0     0                    2.071314e+07 2.0899e+07  0.90%     -   60s
     0     0 2.0899e+07    0  392 2.0713e+07 2.0899e+07  0.90%     -   60s
     0     0 2.0899e+07    0  393 2.0713e+07 2.0899e+07  0.90%     -   60s
     0     0 2.0899e+07    0  400 2.0713e+07 2.0899e+07  0.90%     -   61s
     0     0 2.0899e+07    0  382 2.0713e+07 2.0899e+07  0.90%     -   63s
H    0     0                    2.072265e+07 2.0899e+07  0.85%     -   65s
     0     0 2.0899e+07    0  379 2.0723e+07 2.0899e+07  0.85%     -   65s
     0     0 2.0899e+07    0  376 2.0723e+07 2.0899e+07  0.85%     -   65s
     0     0 2.0899e+07    0  376 2.0723e+07 2.0899e+07  0.85%     -   68s
     0     0 2.0899e+07    0  376 2.0723e+07 2.0899e+07  0.85%     -   74s
H    0     0                    2.074430e+07 2.0899e+07  0.74%     -   81s
H    0     0                    2.075095e+07 2.0899e+07  0.71%     -   83s
H    0     0                    2.075182e+07 2.0899e+07  0.71%     -   84s
H    0     0                    2.076087e+07 2.0899e+07  0.66%     -   89s
H    0     0                    2.077585e+07 2.0899e+07  0.59%     -   92s
H    0     0                    2.077968e+07 2.0899e+07  0.57%     -   92s
H    0     0                    2.077990e+07 2.0899e+07  0.57%     -   92s
H    0     0                    2.078035e+07 2.0899e+07  0.57%     -   92s
H    0     2                    2.078499e+07 2.0899e+07  0.55%     -   97s
     0     2 2.0899e+07    0  376 2.0785e+07 2.0899e+07  0.55%     -   97s
    31    64 2.0899e+07    5  372 2.0785e+07 2.0899e+07  0.55%   171  100s
    63   112 2.0899e+07    6  370 2.0785e+07 2.0899e+07  0.55%   128  107s
   111   160 2.0899e+07    7  365 2.0785e+07 2.0899e+07  0.55%   754  111s
H  117   160                    2.078506e+07 2.0899e+07  0.55%   717  111s
H  223   422                    2.080053e+07 2.0899e+07  0.47%   408  114s
H  235   422                    2.080130e+07 2.0899e+07  0.47%   389  114s
   421   546 2.0898e+07   15  363 2.0801e+07 2.0899e+07  0.47%   244  115s
   545   750 2.0898e+07   17  351 2.0801e+07 2.0899e+07  0.47%   202  121s
  1332  1381 2.0898e+07   32  345 2.0801e+07 2.0899e+07  0.47%   119  128s
  1380  1429 2.0898e+07   33  345 2.0801e+07 2.0899e+07  0.47%   117  132s
H 1390  1429                    2.080510e+07 2.0899e+07  0.45%   116  132s
H 1403  1429                    2.081408e+07 2.0899e+07  0.41%   115  132s
  1927  2540 2.0898e+07   41  336 2.0814e+07 2.0899e+07  0.41%  97.0  137s
  2584  2792 2.0896e+07   50  323 2.0814e+07 2.0899e+07  0.41%  85.0  140s
H 2604  2792                    2.081547e+07 2.0899e+07  0.40%  84.5  140s
H 2769  2792                    2.082120e+07 2.0899e+07  0.37%  82.3  140s
H 2828  2792                    2.082757e+07 2.0899e+07  0.34%  81.2  140s
  3919  4524 2.0895e+07   71  317 2.0828e+07 2.0899e+07  0.34%  73.2  147s
H 5129  4791                    2.084311e+07 2.0899e+07  0.27%  68.4  149s
  5526  5099 2.0891e+07   92  327 2.0843e+07 2.0899e+07  0.27%  67.6  153s
  5943  5864 2.0890e+07   99  309 2.0843e+07 2.0899e+07  0.27%  66.8  161s
  6750  5908 2.0890e+07  110  288 2.0843e+07 2.0899e+07  0.27%  70.3  166s
  6802  5952 2.0890e+07  111  290 2.0843e+07 2.0899e+07  0.27%  70.1  172s
H 6803  5822                    2.084545e+07 2.0899e+07  0.25%  70.1  172s
H 6820  5812                    2.084550e+07 2.0899e+07  0.25%  70.1  172s
H 6825  5793                    2.084605e+07 2.0899e+07  0.25%  70.1  172s
  6854  6414 2.0890e+07  112  292 2.0846e+07 2.0899e+07  0.25%  70.0  180s
  7562  6455 2.0888e+07  122  264 2.0846e+07 2.0899e+07  0.25%  81.9  187s
  7612  6502 2.0878e+07  122  254 2.0846e+07 2.0899e+07  0.25%  81.8  191s
H 7615  6500                    2.084612e+07 2.0899e+07  0.25%  81.8  191s
H 7652  6212                    2.085179e+07 2.0899e+07  0.22%  81.8  191s
  7661  6523 2.0888e+07  123  263 2.0852e+07 2.0899e+07  0.22%  81.8  195s
  8954  7971 2.0886e+07  146  234 2.0852e+07 2.0899e+07  0.22%  77.7  202s
H 8971  7690                    2.085486e+07 2.0899e+07  0.21%  77.6  202s
H 8982  7616                    2.085623e+07 2.0899e+07  0.20%  77.5  202s
H 9401  7082                    2.086253e+07 2.0899e+07  0.17%  76.0  202s

Cutting planes:
  Learned: 1
  Gomory: 20
  Cover: 69
  Implied bound: 2644
  MIR: 798
  Flow cover: 1153
  RLT: 3
  Relax-and-lift: 256

Explored 9599 nodes (777606 simplex iterations) in 202.76 seconds (238.02 work units)
Thread count was 48 (of 192 available processors)

Solution count 10: 2.08625e+07 2.08625e+07 2.08562e+07 ... 2.08431e+07

Optimal solution found (tolerance 2.00e-03)
Best objective 2.086252982776e+07, best bound 2.089854042845e+07, gap 0.1726%
Deleted nodefile directory: /scratch-local/lbeemster.21698661/gurobi_marketDORNUM_maxh2_0.14_sub30.0_run0
Saved model snapshot to study_case_model/figures/technical_experiment/run_09426/marketDORNUM/maxh2_0.14/sub30.0/run0/model_snapshot.pkl
Finished successfully!
