Gurobi shell based on Python 3.13.1 can be launched with command `gurobi.sh`
Gurobi Python Interface can be loaded in Python 3.13.1 with 'import gurobipy'
/var/spool/slurm/slurmd/job21700146/slurm_script: line 24: activate: No such file or directory
Solving model: marketDORNUM, maxh2_0.01, sub45.0, run1
Read LP format model from file /scratch-local/lbeemster.21700146/tmprp26h64z.pyomo.lp
Reading time = 0.57 seconds
x1: 176513 rows, 50050 columns, 1016320 nonzeros
Set parameter OutputFlag to value 1
Set parameter MIPGap to value 0.002
Set parameter Threads to value 48
Set parameter Presolve to value 1
Set parameter Cuts to value 1
Set parameter NodefileStart to value 1
Set parameter NodefileDir to value "/scratch-local/lbeemster.21700146/gurobi_marketDORNUM_maxh2_0.01_sub45.0_run1"
Set parameter MemLimit to value 60
Gurobi Optimizer version 12.0.3 build v12.0.3rc0 (linux64 - "Red Hat Enterprise Linux 9.6 (Plow)")

CPU model: AMD EPYC 9654 96-Core Processor, instruction set [SSE2|AVX|AVX2|AVX512]
Thread count: 192 physical cores, 192 logical processors, using up to 48 threads

Non-default parameters:
MemLimit  60
MIPGap  0.002
NodefileStart  1
Cuts  1
Presolve  1
Threads  48

Academic license 2514514 - for non-commercial use only - registered to l.___@student.vu.nl
Optimize a model with 176513 rows, 50050 columns and 1016320 nonzeros
Model fingerprint: 0x266e4546
Variable types: 39426 continuous, 10624 integer (10624 binary)
Coefficient statistics:
  Matrix range     [6e-05, 1e+05]
  Objective range  [2e+00, 3e+04]
  Bounds range     [1e+00, 1e+00]
  RHS range        [3e-01, 2e+05]
Presolve removed 36409 rows and 24310 columns
Presolve time: 3.71s
Presolved: 140104 rows, 25740 columns, 887166 nonzeros
Variable types: 19972 continuous, 5768 integer (5768 binary)

Deterministic concurrent LP optimizer: primal simplex, dual simplex, and barrier
Showing barrier log only...

Root relaxation presolved: 24629 rows, 164649 columns, 911993 nonzeros

Root barrier log...

Ordering time: 0.05s

Barrier statistics:
 Dense cols : 3
 Free vars  : 1920
 AA' NZ     : 5.656e+05
 Factor NZ  : 1.430e+06 (roughly 90 MB of memory)
 Factor Ops : 1.013e+08 (less than 1 second per iteration)
 Threads    : 45

                  Objective                Residual
Iter       Primal          Dual         Primal    Dual     Compl     Time
   0   1.54679223e+12  3.05361878e+06  7.86e+06 3.25e+02  1.68e+08     5s
   1   1.05423317e+12 -2.14013390e+08  4.45e+06 3.61e+03  1.04e+08     6s
   2   8.05551093e+11 -2.25263098e+08  2.76e+06 2.21e+03  6.49e+07     6s
   3   6.16833690e+11 -1.59745164e+08  1.54e+06 1.15e+03  3.56e+07     6s
   4   4.59394627e+11 -1.20498253e+08  7.59e+05 7.41e+02  2.10e+07     6s
   5   3.86457758e+11 -9.13409265e+07  5.33e+05 4.90e+02  1.43e+07     6s
   6   3.27912783e+11 -7.16957277e+07  3.83e+05 3.59e+02  1.05e+07     6s
   7   2.59942576e+11 -5.79849035e+07  2.48e+05 2.69e+02  7.55e+06     6s
   8   2.16929699e+11 -3.87016975e+07  1.77e+05 1.68e+02  5.02e+06     6s
   9   1.47079710e+11 -1.94385864e+07  8.89e+04 8.84e+01  2.67e+06     6s
  10   1.06268345e+11 -8.94444768e+06  5.15e+04 5.02e+01  1.58e+06     6s
  11   6.76583647e+10 -5.24964963e+06  2.69e+04 3.13e+01  9.26e+05     6s
  12   4.31740402e+10 -2.55999355e+06  1.47e+04 1.98e+01  5.44e+05     6s
  13   3.10169396e+10 -8.96204118e+05  9.25e+03 1.28e+01  3.51e+05     6s
  14   1.80837385e+10  4.27045679e+05  4.54e+03 5.32e+00  1.68e+05     6s
  15   8.64241569e+09  8.74530333e+05  1.75e+03 3.20e+00  7.86e+04     6s
  16   4.23300544e+09  1.40523288e+06  7.33e+02 1.63e+00  3.66e+04     6s
  17   3.11533578e+09  3.08926488e+06  5.08e+02 8.96e-01  2.44e+04     6s
  18   2.25795376e+09  4.68898451e+06  3.52e+02 5.49e-01  1.65e+04     6s
  19   1.37314317e+09  7.32146488e+06  2.00e+02 1.62e-01  9.06e+03     6s
  20   6.52760592e+08  9.24878022e+06  8.66e+01 5.86e-02  4.11e+03     6s
  21   2.56919676e+08  1.07684252e+07  2.95e+01 2.87e-02  1.55e+03     6s
  22   1.51060994e+08  1.43499771e+07  1.57e+01 1.52e-02  8.37e+02     7s
  23   7.88192406e+07  1.62303149e+07  6.57e+00 1.07e-02  3.79e+02     7s
  24   5.10626162e+07  1.93068005e+07  3.17e+00 4.84e-03  1.90e+02     7s
  25   4.44142922e+07  1.99447039e+07  2.41e+00 3.41e-03  1.46e+02     7s
  26   3.17074475e+07  2.01711660e+07  1.07e+00 1.84e-03  6.85e+01     7s
  27   2.84073046e+07  2.04054273e+07  7.18e-01 1.38e-03  4.74e+01     7s
  28   2.58462714e+07  2.08428653e+07  4.45e-01 1.94e-03  2.95e+01     7s

Barrier performed 28 iterations in 6.78 seconds (6.14 work units)
Barrier solve interrupted - model solved by another algorithm

Concurrent spin time: 0.46s (can be avoided by choosing Method=3)

Solved with primal simplex

Root relaxation: objective 2.148213e+07, 26407 iterations, 2.31 seconds (1.85 work units)

    Nodes    |    Current Node    |     Objective Bounds      |     Work
 Expl Unexpl |  Obj  Depth IntInf | Incumbent    BestBd   Gap | It/Node Time

     0     0 2.1482e+07    0  444          - 2.1482e+07      -     -    8s
H    0     0                    2.094157e+07 2.1482e+07  2.58%     -   10s
     0     0 2.1477e+07    0  577 2.0942e+07 2.1477e+07  2.56%     -   14s
     0     0 2.1477e+07    0  578 2.0942e+07 2.1477e+07  2.56%     -   14s
H    0     0                    2.104683e+07 2.1477e+07  2.05%     -   16s
     0     0 2.1467e+07    0  650 2.1047e+07 2.1467e+07  2.00%     -   16s
     0     0 2.1467e+07    0  662 2.1047e+07 2.1467e+07  2.00%     -   17s
     0     0 2.1467e+07    0  668 2.1047e+07 2.1467e+07  2.00%     -   17s
     0     0 2.1461e+07    0  642 2.1047e+07 2.1461e+07  1.97%     -   20s
     0     0 2.1461e+07    0  678 2.1047e+07 2.1461e+07  1.97%     -   22s
     0     0 2.1461e+07    0  703 2.1047e+07 2.1461e+07  1.97%     -   22s
     0     0 2.1461e+07    0  706 2.1047e+07 2.1461e+07  1.97%     -   23s
     0     0 2.1461e+07    0  704 2.1047e+07 2.1461e+07  1.97%     -   23s
     0     0 2.1459e+07    0  691 2.1047e+07 2.1459e+07  1.96%     -   27s
H    0     0                    2.112214e+07 2.1459e+07  1.60%     -   28s
     0     0 2.1459e+07    0  740 2.1122e+07 2.1459e+07  1.59%     -   29s
     0     0 2.1459e+07    0  745 2.1122e+07 2.1459e+07  1.59%     -   29s
     0     0 2.1459e+07    0  740 2.1122e+07 2.1459e+07  1.59%     -   30s
     0     0 2.1459e+07    0  741 2.1122e+07 2.1459e+07  1.59%     -   30s
     0     0 2.1459e+07    0  744 2.1122e+07 2.1459e+07  1.59%     -   30s
     0     0 2.1458e+07    0  693 2.1122e+07 2.1458e+07  1.59%     -   35s
     0     0 2.1457e+07    0  714 2.1122e+07 2.1457e+07  1.59%     -   37s
     0     0 2.1457e+07    0  735 2.1122e+07 2.1457e+07  1.59%     -   37s
     0     0 2.1457e+07    0  740 2.1122e+07 2.1457e+07  1.59%     -   37s
     0     0 2.1457e+07    0  735 2.1122e+07 2.1457e+07  1.59%     -   38s
     0     0 2.1457e+07    0  738 2.1122e+07 2.1457e+07  1.59%     -   38s
     0     0 2.1456e+07    0  650 2.1122e+07 2.1456e+07  1.58%     -   42s
H    0     0                    2.114139e+07 2.1456e+07  1.49%     -   43s
     0     0 2.1456e+07    0  675 2.1141e+07 2.1456e+07  1.49%     -   44s
     0     0 2.1456e+07    0  670 2.1141e+07 2.1456e+07  1.49%     -   44s
     0     0 2.1456e+07    0  672 2.1141e+07 2.1456e+07  1.49%     -   45s
     0     0 2.1456e+07    0  673 2.1141e+07 2.1456e+07  1.49%     -   47s
     0     0 2.1456e+07    0  662 2.1141e+07 2.1456e+07  1.49%     -   50s
     0     0 2.1456e+07    0  669 2.1141e+07 2.1456e+07  1.49%     -   50s
     0     0 2.1456e+07    0  677 2.1141e+07 2.1456e+07  1.49%     -   50s
     0     0 2.1456e+07    0  662 2.1141e+07 2.1456e+07  1.49%     -   53s
     0     0 2.1456e+07    0  656 2.1141e+07 2.1456e+07  1.49%     -   54s
     0     0 2.1456e+07    0  655 2.1141e+07 2.1456e+07  1.49%     -   55s
     0     0 2.1456e+07    0  656 2.1141e+07 2.1456e+07  1.49%     -   55s
     0     0 2.1456e+07    0  652 2.1141e+07 2.1456e+07  1.49%     -   57s
     0     0 2.1456e+07    0  658 2.1141e+07 2.1456e+07  1.49%     -   61s
     0     0 2.1456e+07    0  672 2.1141e+07 2.1456e+07  1.49%     -   61s
     0     0 2.1455e+07    0  665 2.1141e+07 2.1455e+07  1.49%     -   61s
     0     0 2.1455e+07    0  673 2.1141e+07 2.1455e+07  1.49%     -   64s
     0     0 2.1455e+07    0  674 2.1141e+07 2.1455e+07  1.49%     -   65s
     0     0 2.1455e+07    0  686 2.1141e+07 2.1455e+07  1.49%     -   66s
     0     0 2.1455e+07    0  688 2.1141e+07 2.1455e+07  1.49%     -   66s
     0     0 2.1455e+07    0  654 2.1141e+07 2.1455e+07  1.49%     -   69s
     0     0 2.1455e+07    0  655 2.1141e+07 2.1455e+07  1.49%     -   79s
H    0     0                    2.120857e+07 2.1455e+07  1.16%     -   81s
H    0     0                    2.126637e+07 2.1455e+07  0.89%     -   88s
H    0     0                    2.126764e+07 2.1455e+07  0.88%     -   91s
H    0     0                    2.126776e+07 2.1455e+07  0.88%     -   91s
H    0     0                    2.126933e+07 2.1455e+07  0.87%     -   91s
H    0     0                    2.126995e+07 2.1455e+07  0.87%     -   91s
H    0     0                    2.127531e+07 2.1455e+07  0.85%     -   91s
     0     2 2.1455e+07    0  655 2.1275e+07 2.1455e+07  0.85%     -   94s
     3     8 2.1455e+07    2  668 2.1275e+07 2.1455e+07  0.85%   459   95s
    63   112 2.1455e+07    6  658 2.1275e+07 2.1455e+07  0.85%   444  101s
   610   682 2.1453e+07   17  641 2.1275e+07 2.1455e+07  0.84%   119  105s
  1045  1096 2.1452e+07   23  629 2.1275e+07 2.1455e+07  0.84%   106  110s
H 1323  1401                    2.127645e+07 2.1455e+07  0.84%   101  113s
  1752  1875 2.1451e+07   36  611 2.1276e+07 2.1455e+07  0.84%  93.3  115s
H 1874  1923                    2.127649e+07 2.1455e+07  0.84%  91.8  119s
  1922  1972 2.1451e+07   38  591 2.1276e+07 2.1455e+07  0.84%  91.1  120s
H 1934  1972                    2.127664e+07 2.1455e+07  0.84%  91.1  120s
  2738  2897 2.1451e+07   51  544 2.1277e+07 2.1455e+07  0.84%  83.6  125s
H 3073  3126                    2.127666e+07 2.1455e+07  0.84%  82.2  128s
H 3099  3126                    2.127666e+07 2.1455e+07  0.84%  82.0  128s
  3404  3496 2.1451e+07   58  528 2.1277e+07 2.1455e+07  0.84%  80.3  131s
H 3432  3496                    2.127670e+07 2.1455e+07  0.84%  80.1  131s
H 3454  3496                    2.127676e+07 2.1455e+07  0.84%  80.0  131s
  3599  3940 2.1450e+07   59  526 2.1277e+07 2.1455e+07  0.84%  79.3  135s
H 4271  4320                    2.127676e+07 2.1455e+07  0.84%  76.7  139s
  4319  4665 2.1450e+07   71  514 2.1277e+07 2.1455e+07  0.84%  76.5  140s
  5444  5531 2.1448e+07   92  429 2.1277e+07 2.1455e+07  0.84%  73.9  145s
H 5530  5725                    2.129321e+07 2.1455e+07  0.76%  73.8  148s
H 5538  5725                    2.130281e+07 2.1455e+07  0.71%  73.8  148s
H 5586  5705                    2.135432e+07 2.1455e+07  0.47%  73.7  148s
  6173  6184 2.1447e+07  100  401 2.1354e+07 2.1455e+07  0.47%  72.4  151s
  6684  7040 2.1446e+07  105  394 2.1354e+07 2.1455e+07  0.47%  71.8  155s
  7665  7594 2.1443e+07  119  360 2.1354e+07 2.1455e+07  0.47%  70.8  160s
  7713  7639 2.1443e+07  120  360 2.1354e+07 2.1455e+07  0.47%  70.8  165s
H 7743  7573                    2.135565e+07 2.1455e+07  0.46%  70.9  165s
  7862  8176 2.1442e+07  122  360 2.1356e+07 2.1455e+07  0.46%  71.1  170s
  8461  8270 2.1441e+07  130  341 2.1356e+07 2.1455e+07  0.46%  70.3  176s
H 8525  8211                    2.135808e+07 2.1455e+07  0.45%  70.2  178s
  8569  8759 2.1441e+07  132  342 2.1358e+07 2.1455e+07  0.45%  70.2  180s
 10480 10790 2.1437e+07  156  289 2.1358e+07 2.1455e+07  0.45%  67.8  185s
 12790 13075 2.1428e+07  191  238 2.1358e+07 2.1454e+07  0.45%  64.9  192s
 13593 13133 2.1434e+07  208  233 2.1358e+07 2.1454e+07  0.45%  64.2  196s
H13597 11607                    2.137343e+07 2.1454e+07  0.38%  64.2  196s
 14408 13081 2.1432e+07  218  216 2.1373e+07 2.1454e+07  0.38%  63.8  201s
 16236 15017 2.1429e+07  260  134 2.1373e+07 2.1454e+07  0.38%  62.6  206s
 17160 15682 2.1429e+07  278  110 2.1373e+07 2.1454e+07  0.38%  61.7  210s
 17834 15683 2.1385e+07   42  655 2.1373e+07 2.1454e+07  0.38%  61.0  247s
H17835 14899                    2.137344e+07 2.1454e+07  0.38%  61.0  350s
H17835 14154                    2.137895e+07 2.1454e+07  0.35%  61.0  350s
H17835 13447                    2.138351e+07 2.1454e+07  0.33%  61.0  350s
H17835 12774                    2.138354e+07 2.1454e+07  0.33%  61.0  350s
H17835 12135                    2.138438e+07 2.1454e+07  0.32%  61.0  374s
 17837 12136 2.1445e+07   19  492 2.1384e+07 2.1454e+07  0.32%  61.0  383s
H17837 11530                    2.138916e+07 2.1454e+07  0.30%  61.0  383s
 17838 11531 2.1441e+07   40  449 2.1389e+07 2.1454e+07  0.30%  61.0  386s
 17840 11532 2.1428e+07   75  538 2.1389e+07 2.1454e+07  0.30%  61.0  392s
H17840 10955                    2.139466e+07 2.1454e+07  0.28%  61.0  393s
 17842 10956 2.1426e+07  296  543 2.1395e+07 2.1454e+07  0.28%  61.0  395s
 17845 10958 2.1417e+07  260  550 2.1395e+07 2.1454e+07  0.28%  61.0  425s
H17847 10412                    2.139601e+07 2.1453e+07  0.27%  61.0  534s
H17847  9891                    2.139825e+07 2.1453e+07  0.26%  61.0  534s
H17847  9396                    2.140660e+07 2.1453e+07  0.22%  61.0  534s
 17849  9397 2.1425e+07  117  492 2.1407e+07 2.1453e+07  0.22%  61.0  538s
 17851  9398 2.1407e+07  170  502 2.1407e+07 2.1453e+07  0.22%  61.0  612s
 17852  9399 2.1407e+07   75  480 2.1407e+07 2.1453e+07  0.22%  60.9  615s
H17852  8929                    2.141194e+07 2.1453e+07  0.19%  60.9  693s
H17852  8482                    2.141237e+07 2.1453e+07  0.19%  60.9  693s
H17852  8058                    2.141663e+07 2.1453e+07  0.17%  60.9  693s
H17852  7654                    2.141919e+07 2.1453e+07  0.16%  60.9  693s
H17852  7271                    2.141989e+07 2.1453e+07  0.15%  60.9  693s

Cutting planes:
  Gomory: 29
  Cover: 6
  Implied bound: 802
  MIR: 856
  Flow cover: 1155
  GUB cover: 1
  RLT: 13
  Relax-and-lift: 494
  BQP: 1
  PSD: 1

Explored 17852 nodes (1219823 simplex iterations) in 693.96 seconds (752.21 work units)
Thread count was 48 (of 192 available processors)

Solution count 10: 2.14199e+07 2.14192e+07 2.14166e+07 ... 2.13892e+07

Optimal solution found (tolerance 2.00e-03)
Best objective 2.141989385814e+07, best bound 2.145304242898e+07, gap 0.1548%
Deleted nodefile directory: /scratch-local/lbeemster.21700146/gurobi_marketDORNUM_maxh2_0.01_sub45.0_run1
Saved model snapshot to study_case_model/figures/technical_experiment/run_09426/marketDORNUM/maxh2_0.01/sub45.0/run1/model_snapshot.pkl
Finished successfully!
