Gurobi shell based on Python 3.13.1 can be launched with command `gurobi.sh`
Gurobi Python Interface can be loaded in Python 3.13.1 with 'import gurobipy'
/var/spool/slurm/slurmd/job21699599/slurm_script: line 24: activate: No such file or directory
Solving model: marketDORNUM, maxh2_0.04, sub30.0, run1
Read LP format model from file /scratch-local/lbeemster.21699599/tmpyhmd0l6b.pyomo.lp
Reading time = 0.76 seconds
x1: 176513 rows, 50050 columns, 1016320 nonzeros
Set parameter OutputFlag to value 1
Set parameter MIPGap to value 0.002
Set parameter Threads to value 48
Set parameter Presolve to value 1
Set parameter Cuts to value 1
Set parameter NodefileStart to value 1
Set parameter NodefileDir to value "/scratch-local/lbeemster.21699599/gurobi_marketDORNUM_maxh2_0.04_sub30.0_run1"
Set parameter MemLimit to value 60
Gurobi Optimizer version 12.0.3 build v12.0.3rc0 (linux64 - "Red Hat Enterprise Linux 9.6 (Plow)")

CPU model: AMD EPYC 9654 96-Core Processor, instruction set [SSE2|AVX|AVX2|AVX512]
Thread count: 192 physical cores, 192 logical processors, using up to 48 threads

Non-default parameters:
MemLimit  60
MIPGap  0.002
NodefileStart  1
Cuts  1
Presolve  1
Threads  48

Academic license 2514514 - for non-commercial use only - registered to l.___@student.vu.nl
Optimize a model with 176513 rows, 50050 columns and 1016320 nonzeros
Model fingerprint: 0x17923328
Variable types: 39426 continuous, 10624 integer (10624 binary)
Coefficient statistics:
  Matrix range     [6e-05, 1e+05]
  Objective range  [2e+00, 3e+04]
  Bounds range     [1e+00, 1e+00]
  RHS range        [3e-01, 2e+05]
Presolve removed 36265 rows and 24246 columns
Presolve time: 3.52s
Presolved: 140248 rows, 25804 columns, 890026 nonzeros
Variable types: 20020 continuous, 5784 integer (5784 binary)
Found heuristic solution: objective 1.995686e+07
Found heuristic solution: objective 2.014461e+07

Deterministic concurrent LP optimizer: primal simplex, dual simplex, and barrier
Showing barrier log only...

Root relaxation presolved: 24797 rows, 164867 columns, 914820 nonzeros

Root barrier log...

Ordering time: 0.05s

Barrier statistics:
 Dense cols : 1
 Free vars  : 1920
 AA' NZ     : 5.690e+05
 Factor NZ  : 1.459e+06 (roughly 90 MB of memory)
 Factor Ops : 1.045e+08 (less than 1 second per iteration)
 Threads    : 46

                  Objective                Residual
Iter       Primal          Dual         Primal    Dual     Compl     Time
   0   1.53925839e+12  3.07073159e+06  7.82e+06 3.25e+02  1.67e+08     8s
   1   1.05388729e+12 -1.99550208e+08  4.47e+06 3.59e+03  1.04e+08     8s
   2   8.11113173e+11 -2.04212676e+08  2.81e+06 2.24e+03  6.58e+07     8s
   3   6.10264331e+11 -1.47647119e+08  1.50e+06 1.10e+03  3.43e+07     8s
   4   4.64895518e+11 -1.11842101e+08  7.84e+05 7.15e+02  2.08e+07     8s
   5   3.89702144e+11 -8.00741765e+07  5.31e+05 4.28e+02  1.33e+07     8s
   6   2.78236892e+11 -6.71324796e+07  2.78e+05 3.41e+02  9.02e+06     8s
   7   2.11166571e+11 -3.87982191e+07  1.57e+05 1.87e+02  5.14e+06     8s
   8   1.48981503e+11 -2.09701738e+07  8.40e+04 1.05e+02  2.89e+06     8s
   9   1.06031320e+11 -7.81875987e+06  4.87e+04 5.74e+01  1.65e+06     8s
  10   7.86923311e+10 -3.56085287e+06  3.27e+04 4.00e+01  1.13e+06     8s
  11   4.26332530e+10 -6.59575800e+05  1.30e+04 1.91e+01  5.23e+05     8s
  12   3.05319630e+10  4.75402112e+05  8.14e+03 1.20e+01  3.31e+05     8s
  13   1.85285101e+10  1.04401766e+06  4.27e+03 4.66e+00  1.63e+05     8s
  14   8.06769442e+09  1.26574174e+06  1.58e+03 2.70e+00  7.04e+04     8s
  15   3.95801092e+09  1.97909727e+06  6.64e+02 1.28e+00  3.23e+04     8s
  16   2.78308481e+09  3.95414942e+06  4.40e+02 5.75e-01  2.02e+04     9s
  17   1.61595885e+09  6.38405789e+06  2.38e+02 2.10e-01  1.07e+04     9s
  18   8.14958084e+08  8.06151075e+06  1.13e+02 9.21e-02  5.21e+03     9s
  19   2.53948670e+08  1.03420324e+07  2.83e+01 3.44e-02  1.54e+03     9s
  20   1.43035006e+08  1.35867964e+07  1.43e+01 1.50e-02  7.98e+02     9s
  21   7.44217922e+07  1.56142399e+07  5.67e+00 1.09e-02  3.58e+02     9s
  22   4.96511536e+07  1.92274288e+07  2.65e+00 4.81e-03  1.81e+02     9s
  23   3.77697366e+07  1.97952203e+07  1.49e+00 3.02e-03  1.06e+02     9s
  24   3.05188445e+07  2.01682336e+07  8.30e-01 1.66e-03  6.09e+01     9s
  25   2.68151411e+07  2.07064501e+07  4.87e-01 2.40e-03  3.58e+01     9s
  26   2.48097050e+07  2.09381292e+07  2.93e-01 1.48e-03  2.26e+01     9s
  27   2.33827581e+07  2.11443784e+07  1.67e-01 1.41e-03  1.30e+01     9s
  28   2.27004202e+07  2.12298550e+07  1.09e-01 1.23e-03  8.55e+00     9s

Barrier performed 28 iterations in 9.10 seconds (8.08 work units)
Barrier solve interrupted - model solved by another algorithm

Concurrent spin time: 0.04s

Solved with primal simplex

Root relaxation: objective 2.143532e+07, 28913 iterations, 2.19 seconds (1.80 work units)
Total elapsed time = 10.32s (DegenMoves)

    Nodes    |    Current Node    |     Objective Bounds      |     Work
 Expl Unexpl |  Obj  Depth IntInf | Incumbent    BestBd   Gap | It/Node Time

     0     0 2.1435e+07    0  331 2.0145e+07 2.1435e+07  6.41%     -   11s
     0     0 2.1425e+07    0  368 2.0145e+07 2.1425e+07  6.36%     -   14s
H    0     0                    2.099057e+07 2.1425e+07  2.07%     -   15s
     0     0 2.1425e+07    0  427 2.0991e+07 2.1425e+07  2.07%     -   16s
     0     0 2.1425e+07    0  435 2.0991e+07 2.1425e+07  2.07%     -   16s
     0     0 2.1425e+07    0  432 2.0991e+07 2.1425e+07  2.07%     -   16s
     0     0 2.1425e+07    0  433 2.0991e+07 2.1425e+07  2.07%     -   16s
     0     0 2.1420e+07    0  449 2.0991e+07 2.1420e+07  2.04%     -   18s
H    0     0                    2.112426e+07 2.1419e+07  1.40%     -   20s
     0     0 2.1419e+07    0  467 2.1124e+07 2.1419e+07  1.40%     -   20s
     0     0 2.1419e+07    0  477 2.1124e+07 2.1419e+07  1.40%     -   20s
     0     0 2.1419e+07    0  476 2.1124e+07 2.1419e+07  1.40%     -   23s
H    0     0                    2.119061e+07 2.1419e+07  1.08%     -   25s
     0     0 2.1419e+07    0  483 2.1191e+07 2.1419e+07  1.08%     -   25s
     0     0 2.1419e+07    0  475 2.1191e+07 2.1419e+07  1.08%     -   25s
     0     0 2.1419e+07    0  475 2.1191e+07 2.1419e+07  1.08%     -   25s
     0     0 2.1419e+07    0  475 2.1191e+07 2.1419e+07  1.08%     -   25s
     0     0 2.1419e+07    0  469 2.1191e+07 2.1419e+07  1.08%     -   28s
     0     0 2.1419e+07    0  461 2.1191e+07 2.1419e+07  1.08%     -   30s
     0     0 2.1419e+07    0  457 2.1191e+07 2.1419e+07  1.08%     -   30s
     0     0 2.1419e+07    0  460 2.1191e+07 2.1419e+07  1.08%     -   31s
     0     0 2.1419e+07    0  409 2.1191e+07 2.1419e+07  1.08%     -   33s
     0     0 2.1419e+07    0  390 2.1191e+07 2.1419e+07  1.08%     -   36s
     0     0 2.1419e+07    0  386 2.1191e+07 2.1419e+07  1.08%     -   36s
     0     0 2.1419e+07    0  401 2.1191e+07 2.1419e+07  1.08%     -   36s
     0     0 2.1419e+07    0  362 2.1191e+07 2.1419e+07  1.08%     -   38s
H    0     0                    2.119306e+07 2.1419e+07  1.07%     -   41s
     0     0 2.1419e+07    0  351 2.1193e+07 2.1419e+07  1.07%     -   41s
     0     0 2.1419e+07    0  355 2.1193e+07 2.1419e+07  1.07%     -   42s
     0     0 2.1419e+07    0  363 2.1193e+07 2.1419e+07  1.06%     -   44s
     0     0 2.1419e+07    0  375 2.1193e+07 2.1419e+07  1.06%     -   46s
     0     0 2.1419e+07    0  384 2.1193e+07 2.1419e+07  1.06%     -   48s
     0     0 2.1419e+07    0  383 2.1193e+07 2.1419e+07  1.06%     -   49s
     0     0 2.1419e+07    0  372 2.1193e+07 2.1419e+07  1.06%     -   51s
     0     0 2.1419e+07    0  376 2.1193e+07 2.1419e+07  1.06%     -   53s
     0     0 2.1419e+07    0  356 2.1193e+07 2.1419e+07  1.06%     -   55s
     0     0 2.1419e+07    0  354 2.1193e+07 2.1419e+07  1.06%     -   61s
H    0     0                    2.127960e+07 2.1419e+07  0.65%     -   69s
H    0     0                    2.129636e+07 2.1419e+07  0.57%     -   71s
H    0     0                    2.131040e+07 2.1419e+07  0.51%     -   78s
H    0     2                    2.132261e+07 2.1419e+07  0.45%     -   86s
     0     2 2.1419e+07    0  350 2.1323e+07 2.1419e+07  0.45%     -   86s
   291   340 2.1417e+07   11  322 2.1323e+07 2.1418e+07  0.45%  95.4   92s
   339   388 2.1417e+07   12  343 2.1323e+07 2.1418e+07  0.45%  90.4   97s
H  349   388                    2.133024e+07 2.1418e+07  0.41%  89.9   97s
H  368   388                    2.133074e+07 2.1418e+07  0.41%  87.9   97s
H  384   388                    2.133370e+07 2.1418e+07  0.40%  85.8   97s
   483   546 2.1417e+07   14  323 2.1334e+07 2.1418e+07  0.40%  79.2  100s
   919  1036 2.1416e+07   20  320 2.1334e+07 2.1418e+07  0.40%  67.6  106s
  1494  1714 2.1416e+07   29  329 2.1334e+07 2.1418e+07  0.40%  58.6  111s
H 1546  1714                    2.133465e+07 2.1418e+07  0.39%  59.2  111s
H 1589  1714                    2.133724e+07 2.1418e+07  0.38%  58.7  111s
  2705  2718 2.1414e+07   48  313 2.1337e+07 2.1418e+07  0.38%  51.5  116s
  2753  2765 2.1413e+07   49  311 2.1337e+07 2.1418e+07  0.38%  51.2  121s
  2802  2813 2.1413e+07   50  306 2.1337e+07 2.1418e+07  0.38%  51.1  125s
  2850  2861 2.1413e+07   51  304 2.1337e+07 2.1418e+07  0.38%  51.1  131s
  2898  2909 2.1413e+07   51  309 2.1337e+07 2.1418e+07  0.38%  50.8  138s
H 2911  2909                    2.133880e+07 2.1418e+07  0.37%  50.7  138s
H 2920  2909                    2.134252e+07 2.1418e+07  0.35%  50.7  138s
  2946  3425 2.1413e+07   52  302 2.1343e+07 2.1418e+07  0.35%  50.7  140s
H 4289  4506                    2.134308e+07 2.1418e+07  0.35%  44.9  144s
H 4314  4506                    2.134463e+07 2.1418e+07  0.34%  44.8  144s
  4554  4884 2.1410e+07   71  281 2.1345e+07 2.1418e+07  0.34%  44.4  145s
H 6063  5918                    2.135691e+07 2.1418e+07  0.29%  42.2  149s
  6166  6254 2.1409e+07  104  233 2.1357e+07 2.1418e+07  0.29%  42.1  150s
  7346  7392 2.1408e+07  121  217 2.1357e+07 2.1418e+07  0.29%  42.3  155s
H 7401  7261                    2.135898e+07 2.1418e+07  0.28%  42.3  155s
  8906  8832 2.1405e+07  134  202 2.1359e+07 2.1418e+07  0.28%  42.3  162s
H 9103  8807                    2.135913e+07 2.1418e+07  0.28%  42.2  162s
 10016  9581 2.1404e+07  153  163 2.1359e+07 2.1418e+07  0.27%  41.9  165s
 11565 11721 2.1401e+07  193  111 2.1359e+07 2.1418e+07  0.27%  41.7  170s
 13721 13799 2.1389e+07  214  110 2.1359e+07 2.1418e+07  0.27%  40.2  176s
 15540 15409 2.1386e+07  235   90 2.1359e+07 2.1418e+07  0.27%  39.1  180s
 16995 16723 2.1383e+07  261   74 2.1359e+07 2.1418e+07  0.27%  38.6  185s
H17984 16111                    2.136266e+07 2.1418e+07  0.26%  38.0  206s
H17984 16035                    2.136331e+07 2.1418e+07  0.26%  38.0  207s
 17985 15982 2.1367e+07   65  354 2.1363e+07 2.1418e+07  0.26%  38.0  225s
 17987 15983 2.1416e+07   18  276 2.1363e+07 2.1418e+07  0.26%  38.0  273s
 17988 15984 2.1364e+07   87  354 2.1363e+07 2.1418e+07  0.26%  38.0  277s
H17988 15184                    2.136365e+07 2.1418e+07  0.25%  38.0  278s
H17988 14425                    2.136369e+07 2.1418e+07  0.25%  38.0  278s
 17989 14426 2.1409e+07   63  384 2.1364e+07 2.1418e+07  0.25%  38.0  280s
H17993 13706                    2.136441e+07 2.1418e+07  0.25%  38.0  310s
 17998 13710 2.1403e+07   95  415 2.1364e+07 2.1417e+07  0.25%  38.0  362s
 17999 13710 2.1367e+07  257  377 2.1364e+07 2.1417e+07  0.25%  38.0  366s
H18000 13026                    2.136575e+07 2.1417e+07  0.24%  38.0  438s
H18000 12374                    2.137083e+07 2.1417e+07  0.22%  38.0  438s
 18002 12375 2.1407e+07   40  381 2.1371e+07 2.1417e+07  0.22%  38.0  441s
H18003 11757                    2.137410e+07 2.1417e+07  0.20%  38.0  476s
H18005 11170                    2.139925e+07 2.1417e+07  0.08%  38.0  539s

Cutting planes:
  Gomory: 40
  Cover: 11
  Implied bound: 585
  MIR: 812
  Flow cover: 1188
  GUB cover: 2
  RLT: 9
  Relax-and-lift: 519

Explored 18005 nodes (777947 simplex iterations) in 540.91 seconds (674.99 work units)
Thread count was 48 (of 192 available processors)

Solution count 10: 2.13993e+07 2.13993e+07 2.13741e+07 ... 2.13627e+07

Optimal solution found (tolerance 2.00e-03)
Best objective 2.139925236856e+07, best bound 2.141720135206e+07, gap 0.0839%
Deleted nodefile directory: /scratch-local/lbeemster.21699599/gurobi_marketDORNUM_maxh2_0.04_sub30.0_run1
Saved model snapshot to study_case_model/figures/technical_experiment/run_09426/marketDORNUM/maxh2_0.04/sub30.0/run1/model_snapshot.pkl
Finished successfully!
