Gurobi shell based on Python 3.13.1 can be launched with command `gurobi.sh`
Gurobi Python Interface can be loaded in Python 3.13.1 with 'import gurobipy'
/var/spool/slurm/slurmd/job21699494/slurm_script: line 24: activate: No such file or directory
Solving model: marketDORNUM, maxh2_0.18, sub70.0, run0
Read LP format model from file /scratch-local/lbeemster.21699494/tmpxc_8u3b0.pyomo.lp
Reading time = 0.57 seconds
x1: 176513 rows, 50050 columns, 1016320 nonzeros
Set parameter OutputFlag to value 1
Set parameter MIPGap to value 0.002
Set parameter Threads to value 48
Set parameter Presolve to value 1
Set parameter Cuts to value 1
Set parameter NodefileStart to value 1
Set parameter NodefileDir to value "/scratch-local/lbeemster.21699494/gurobi_marketDORNUM_maxh2_0.18_sub70.0_run0"
Set parameter MemLimit to value 60
Gurobi Optimizer version 12.0.3 build v12.0.3rc0 (linux64 - "Red Hat Enterprise Linux 9.6 (Plow)")

CPU model: AMD EPYC 9654 96-Core Processor, instruction set [SSE2|AVX|AVX2|AVX512]
Thread count: 192 physical cores, 192 logical processors, using up to 48 threads

Non-default parameters:
MemLimit  60
MIPGap  0.002
NodefileStart  1
Cuts  1
Presolve  1
Threads  48

Academic license 2514514 - for non-commercial use only - registered to l.___@student.vu.nl
Optimize a model with 176513 rows, 50050 columns and 1016320 nonzeros
Model fingerprint: 0xf0e0f65d
Variable types: 39426 continuous, 10624 integer (10624 binary)
Coefficient statistics:
  Matrix range     [6e-05, 1e+05]
  Objective range  [2e+00, 3e+04]
  Bounds range     [1e+00, 1e+00]
  RHS range        [3e-01, 2e+05]
Presolve removed 36049 rows and 24694 columns
Presolve time: 3.91s
Presolved: 140464 rows, 25356 columns, 869567 nonzeros
Variable types: 19684 continuous, 5672 integer (5672 binary)
Found heuristic solution: objective 1.898757e+07
Found heuristic solution: objective 1.908597e+07
Found heuristic solution: objective 1.936013e+07

Deterministic concurrent LP optimizer: primal simplex, dual simplex, and barrier
Showing barrier log only...

Root relaxation presolved: 24168 rows, 164594 columns, 893812 nonzeros

Root barrier log...

Ordering time: 0.05s

Barrier statistics:
 Free vars  : 1920
 AA' NZ     : 5.465e+05
 Factor NZ  : 1.395e+06 (roughly 90 MB of memory)
 Factor Ops : 9.752e+07 (less than 1 second per iteration)
 Threads    : 46

                  Objective                Residual
Iter       Primal          Dual         Primal    Dual     Compl     Time
   0   1.59467695e+12  3.17722220e+06  7.59e+06 3.81e+02  1.81e+08    10s
   1   1.13791740e+12 -2.46548953e+08  4.60e+06 3.90e+03  1.16e+08    10s
   2   8.71345110e+11 -2.59795402e+08  2.90e+06 2.59e+03  7.66e+07    10s
   3   6.82376514e+11 -2.34770823e+08  1.72e+06 1.81e+03  5.10e+07    10s
   4   5.38873738e+11 -1.94419686e+08  9.62e+05 1.27e+03  3.39e+07    10s
   5   4.85187830e+11 -1.54312048e+08  7.52e+05 9.20e+02  2.52e+07    10s
   6   4.35061163e+11 -1.18824979e+08  5.93e+05 6.02e+02  1.78e+07    10s
   7   3.76804486e+11 -9.37272989e+07  4.38e+05 4.15e+02  1.27e+07    10s
   8   2.74226074e+11 -7.14516606e+07  2.36e+05 2.80e+02  7.97e+06    10s
   9   1.88229148e+11 -4.39836575e+07  1.09e+05 1.49e+02  4.18e+06    10s
  10   1.26441881e+11 -2.84704318e+07  5.24e+04 8.95e+01  2.37e+06    10s
  11   9.49076795e+10 -1.98524207e+07  3.25e+04 6.05e+01  1.56e+06    11s
  12   6.34816906e+10 -1.05356029e+07  1.76e+04 3.36e+01  8.74e+05    11s
  13   4.01454440e+10 -4.15947890e+06  9.58e+03 1.54e+01  4.42e+05    11s
  14   1.96913345e+10 -1.81451208e+06  3.72e+03 9.09e+00  2.10e+05    11s
  15   1.35645010e+10  2.14764038e+05  2.37e+03 4.09e+00  1.19e+05    11s
  16   6.22121536e+09  8.82324500e+05  9.05e+02 2.64e+00  5.58e+04    11s
  17   4.30014730e+09  2.30164961e+06  5.89e+02 1.12e+00  3.31e+04    11s
  18   2.51036356e+09  4.83370471e+06  3.15e+02 5.19e-01  1.78e+04    11s
  19   2.13605124e+09  5.91184848e+06  2.63e+02 2.92e-01  1.43e+04    11s
  20   1.11497411e+09  8.03813858e+06  1.29e+02 8.24e-02  6.97e+03    11s
  21   3.20340852e+08  1.01071404e+07  3.22e+01 1.25e-02  1.89e+03    11s
  22   1.50556023e+08  1.28421830e+07  1.36e+01 1.20e-02  8.26e+02    11s
  23   9.44683802e+07  1.44438138e+07  7.55e+00 8.59e-03  4.77e+02    11s
  24   6.29617562e+07  1.61130334e+07  4.14e+00 5.81e-03  2.78e+02    11s
  25   4.96442265e+07  1.84156601e+07  2.61e+00 4.05e-03  1.84e+02    11s
  26   4.14299087e+07  1.94756628e+07  1.79e+00 2.79e-03  1.29e+02    11s
  27   3.38712427e+07  1.96670958e+07  1.14e+00 1.76e-03  8.36e+01    11s
  28   3.03831063e+07  2.02782336e+07  8.12e-01 2.52e-03  5.94e+01    11s
  29   2.69471038e+07  2.05156453e+07  5.02e-01 1.96e-03  3.78e+01    11s
  30   2.42757318e+07  2.08085444e+07  2.66e-01 1.50e-03  2.03e+01    11s
  31   2.34304098e+07  2.09203771e+07  1.95e-01 9.32e-04  1.47e+01    11s
  32   2.22099130e+07  2.09850428e+07  9.00e-02 1.53e-03  7.16e+00    11s

Barrier performed 32 iterations in 11.26 seconds (9.75 work units)
Barrier solve interrupted - model solved by another algorithm

Concurrent spin time: 0.67s (can be avoided by choosing Method=3)

Solved with primal simplex

Root relaxation: objective 2.114371e+07, 30347 iterations, 2.76 seconds (1.82 work units)

    Nodes    |    Current Node    |     Objective Bounds      |     Work
 Expl Unexpl |  Obj  Depth IntInf | Incumbent    BestBd   Gap | It/Node Time

     0     0 2.1144e+07    0  442 1.9360e+07 2.1144e+07  9.21%     -   14s
     0     0 2.1129e+07    0  524 1.9360e+07 2.1129e+07  9.14%     -   19s
     0     0 2.1128e+07    0  566 1.9360e+07 2.1128e+07  9.13%     -   19s
     0     0 2.1128e+07    0  577 1.9360e+07 2.1128e+07  9.13%     -   20s
     0     0 2.1128e+07    0  576 1.9360e+07 2.1128e+07  9.13%     -   20s
     0     0 2.1128e+07    0  576 1.9360e+07 2.1128e+07  9.13%     -   20s
     0     0 2.1126e+07    0  603 1.9360e+07 2.1126e+07  9.12%     -   23s
     0     0 2.1126e+07    0  628 1.9360e+07 2.1126e+07  9.12%     -   23s
     0     0 2.1126e+07    0  631 1.9360e+07 2.1126e+07  9.12%     -   24s
     0     0 2.1126e+07    0  634 1.9360e+07 2.1126e+07  9.12%     -   24s
     0     0 2.1126e+07    0  635 1.9360e+07 2.1126e+07  9.12%     -   24s
     0     0 2.1125e+07    0  529 1.9360e+07 2.1125e+07  9.12%     -   28s
H    0     0                    2.070662e+07 2.1125e+07  2.02%     -   30s
     0     0 2.1125e+07    0  582 2.0707e+07 2.1125e+07  2.02%     -   30s
     0     0 2.1125e+07    0  605 2.0707e+07 2.1125e+07  2.02%     -   31s
     0     0 2.1125e+07    0  614 2.0707e+07 2.1125e+07  2.02%     -   31s
     0     0 2.1125e+07    0  616 2.0707e+07 2.1125e+07  2.02%     -   31s
     0     0 2.1124e+07    0  586 2.0707e+07 2.1124e+07  2.02%     -   35s
     0     0 2.1124e+07    0  586 2.0707e+07 2.1124e+07  2.02%     -   36s
H    0     0                    2.070935e+07 2.1124e+07  2.00%     -   37s
     0     0 2.1124e+07    0  623 2.0709e+07 2.1124e+07  2.00%     -   37s
     0     0 2.1124e+07    0  655 2.0709e+07 2.1124e+07  2.00%     -   37s
     0     0 2.1124e+07    0  654 2.0709e+07 2.1124e+07  2.00%     -   37s
     0     0 2.1124e+07    0  645 2.0709e+07 2.1124e+07  2.00%     -   38s
     0     0 2.1124e+07    0  653 2.0709e+07 2.1124e+07  2.00%     -   38s
     0     0 2.1123e+07    0  530 2.0709e+07 2.1123e+07  2.00%     -   42s
     0     0 2.1123e+07    0  586 2.0709e+07 2.1123e+07  2.00%     -   43s
     0     0 2.1123e+07    0  592 2.0709e+07 2.1123e+07  2.00%     -   44s
     0     0 2.1123e+07    0  595 2.0709e+07 2.1123e+07  2.00%     -   44s
     0     0 2.1123e+07    0  590 2.0709e+07 2.1123e+07  2.00%     -   47s
H    0     0                    2.079070e+07 2.1123e+07  1.60%     -   48s
     0     0 2.1122e+07    0  593 2.0791e+07 2.1122e+07  1.60%     -   49s
     0     0 2.1122e+07    0  597 2.0791e+07 2.1122e+07  1.60%     -   49s
     0     0 2.1122e+07    0  596 2.0791e+07 2.1122e+07  1.60%     -   49s
     0     0 2.1122e+07    0  572 2.0791e+07 2.1122e+07  1.59%     -   52s
     0     0 2.1122e+07    0  573 2.0791e+07 2.1122e+07  1.59%     -   53s
     0     0 2.1122e+07    0  576 2.0791e+07 2.1122e+07  1.59%     -   54s
     0     0 2.1122e+07    0  590 2.0791e+07 2.1122e+07  1.59%     -   54s
     0     0 2.1122e+07    0  563 2.0791e+07 2.1122e+07  1.59%     -   57s
     0     0 2.1122e+07    0  552 2.0791e+07 2.1122e+07  1.59%     -   59s
     0     0 2.1122e+07    0  569 2.0791e+07 2.1122e+07  1.59%     -   59s
     0     0 2.1122e+07    0  575 2.0791e+07 2.1122e+07  1.59%     -   59s
     0     0 2.1122e+07    0  567 2.0791e+07 2.1122e+07  1.59%     -   62s
     0     0 2.1122e+07    0  570 2.0791e+07 2.1122e+07  1.59%     -   63s
     0     0 2.1122e+07    0  570 2.0791e+07 2.1122e+07  1.59%     -   63s
     0     0 2.1122e+07    0  556 2.0791e+07 2.1122e+07  1.59%     -   64s
     0     0 2.1122e+07    0  546 2.0791e+07 2.1122e+07  1.59%     -   66s
H    0     0                    2.079205e+07 2.1122e+07  1.58%     -   69s
H    0     0                    2.079453e+07 2.1122e+07  1.57%     -   69s
H    0     0                    2.079454e+07 2.1122e+07  1.57%     -   69s
H    0     0                    2.079562e+07 2.1122e+07  1.57%     -   69s
     0     0 2.1122e+07    0  557 2.0796e+07 2.1122e+07  1.57%     -   70s
     0     0 2.1121e+07    0  555 2.0796e+07 2.1121e+07  1.57%     -   70s
     0     0 2.1121e+07    0  559 2.0796e+07 2.1121e+07  1.57%     -   70s
     0     0 2.1121e+07    0  549 2.0796e+07 2.1121e+07  1.57%     -   73s
     0     0 2.1121e+07    0  547 2.0796e+07 2.1121e+07  1.57%     -   75s
     0     0 2.1121e+07    0  536 2.0796e+07 2.1121e+07  1.57%     -   75s
     0     0 2.1121e+07    0  536 2.0796e+07 2.1121e+07  1.57%     -   76s
     0     0 2.1121e+07    0  521 2.0796e+07 2.1121e+07  1.57%     -   78s
H    0     0                    2.079567e+07 2.1121e+07  1.57%     -   80s
     0     0 2.1121e+07    0  521 2.0796e+07 2.1121e+07  1.57%     -   80s
     0     0 2.1121e+07    0  517 2.0796e+07 2.1121e+07  1.57%     -   80s
     0     0 2.1121e+07    0  511 2.0796e+07 2.1121e+07  1.57%     -   80s
     0     0 2.1121e+07    0  509 2.0796e+07 2.1121e+07  1.57%     -   83s
H    0     0                    2.085310e+07 2.1121e+07  1.29%     -   84s
     0     0 2.1121e+07    0  501 2.0853e+07 2.1121e+07  1.29%     -   85s
     0     0 2.1121e+07    0  504 2.0853e+07 2.1121e+07  1.29%     -   85s
     0     0 2.1121e+07    0  500 2.0853e+07 2.1121e+07  1.29%     -   87s
     0     0 2.1121e+07    0  500 2.0853e+07 2.1121e+07  1.29%     -   96s
H    0     0                    2.091802e+07 2.1121e+07  0.97%     -  105s
H    0     0                    2.092476e+07 2.1121e+07  0.94%     -  108s
H    0     0                    2.092723e+07 2.1121e+07  0.93%     -  109s
H    0     0                    2.093004e+07 2.1121e+07  0.91%     -  110s
H    0     0                    2.095561e+07 2.1121e+07  0.79%     -  112s
H    0     0                    2.095561e+07 2.1121e+07  0.79%     -  115s
     0     2 2.1121e+07    0  500 2.0956e+07 2.1121e+07  0.79%     -  120s
H   93   112                    2.095838e+07 2.1121e+07  0.78%  88.9  124s
   111   182 2.1121e+07    7  506 2.0958e+07 2.1121e+07  0.78%  91.1  127s
H  181   339                    2.096609e+07 2.1121e+07  0.74%  73.1  128s
   662  1264 2.1120e+07   15  503 2.0966e+07 2.1121e+07  0.74%  62.7  132s
H 1263  1804                    2.096679e+07 2.1121e+07  0.74%  61.5  136s
H 1278  1804                    2.096721e+07 2.1121e+07  0.73%  61.5  136s
H 1298  1804                    2.097496e+07 2.1121e+07  0.70%  61.5  136s
H 1320  1804                    2.097826e+07 2.1121e+07  0.68%  61.1  136s
H 1491  1804                    2.097874e+07 2.1121e+07  0.68%  60.3  136s
H 1803  1852                    2.097962e+07 2.1121e+07  0.67%  60.7  145s
H 1805  1852                    2.097975e+07 2.1121e+07  0.67%  60.7  145s
H 1811  1852                    2.098041e+07 2.1121e+07  0.67%  60.6  145s
H 1849  1852                    2.098133e+07 2.1121e+07  0.67%  60.7  145s
  1851  1911 2.1119e+07   30  484 2.0981e+07 2.1121e+07  0.67%  60.7  153s
H 1861  1911                    2.098609e+07 2.1121e+07  0.64%  60.6  153s
H 1869  1911                    2.100591e+07 2.1121e+07  0.55%  60.5  153s
H 1870  1911                    2.100707e+07 2.1121e+07  0.54%  60.6  153s
H 1873  1911                    2.102728e+07 2.1121e+07  0.45%  60.5  153s
  1910  3513 2.1119e+07   40  465 2.1027e+07 2.1121e+07  0.45%  60.4  160s
  3512  6120 2.1118e+07   70  426 2.1027e+07 2.1121e+07  0.45%  55.2  169s
H 3572  6112                    2.103663e+07 2.1121e+07  0.40%  55.2  169s
H 3785  6101                    2.104961e+07 2.1121e+07  0.34%  55.5  169s
H 4638  6101                    2.105132e+07 2.1121e+07  0.33%  54.9  169s
H 5724  6101                    2.105166e+07 2.1121e+07  0.33%  52.3  169s
  6191  7305 2.1102e+07  115  380 2.1052e+07 2.1121e+07  0.33%  51.2  182s
  8072 10913 2.1113e+07  141  360 2.1052e+07 2.1121e+07  0.33%  49.9  192s
 11730 10961 2.1109e+07  212  317 2.1052e+07 2.1121e+07  0.33%  50.0  206s
H11750 10207                    2.106837e+07 2.1121e+07  0.25%  49.9  206s
 11778 13473 2.1109e+07  213  319 2.1068e+07 2.1121e+07  0.25%  49.9  213s
 15100 15728 2.1103e+07  268  290 2.1068e+07 2.1121e+07  0.25%  48.0  221s
H15292 15322                    2.107288e+07 2.1121e+07  0.23%  48.3  221s
H16937 15150                    2.107628e+07 2.1121e+07  0.21%  48.4  222s
 17476 17651 2.1094e+07  288  275 2.1076e+07 2.1121e+07  0.21%  48.2  229s
H20153 16976                    2.108480e+07 2.1121e+07  0.17%  48.9  261s

Cutting planes:
  Learned: 1
  Gomory: 22
  Cover: 67
  Implied bound: 4155
  MIR: 860
  Flow cover: 1371
  RLT: 2
  Relax-and-lift: 354

Explored 20153 nodes (1053842 simplex iterations) in 277.56 seconds (321.39 work units)
Thread count was 48 (of 192 available processors)

Solution count 10: 2.10848e+07 2.10763e+07 2.10729e+07 ... 2.10071e+07

Optimal solution found (tolerance 2.00e-03)
Warning: max constraint violation (1.0158e-06) exceeds tolerance
Best objective 2.108480339877e+07, best bound 2.112102568702e+07, gap 0.1718%
Deleted nodefile directory: /scratch-local/lbeemster.21699494/gurobi_marketDORNUM_maxh2_0.18_sub70.0_run0
Saved model snapshot to study_case_model/figures/technical_experiment/run_09426/marketDORNUM/maxh2_0.18/sub70.0/run0/model_snapshot.pkl
Finished successfully!
