Gurobi shell based on Python 3.13.1 can be launched with command `gurobi.sh`
Gurobi Python Interface can be loaded in Python 3.13.1 with 'import gurobipy'
/var/spool/slurm/slurmd/job21699135/slurm_script: line 24: activate: No such file or directory
Solving model: marketDORNUM, maxh2_0.04, sub70.0, run0
Read LP format model from file /scratch-local/lbeemster.21699135/tmpgtd26x3w.pyomo.lp
Reading time = 0.60 seconds
x1: 176513 rows, 50050 columns, 1016320 nonzeros
Set parameter OutputFlag to value 1
Set parameter MIPGap to value 0.002
Set parameter Threads to value 48
Set parameter Presolve to value 1
Set parameter Cuts to value 1
Set parameter NodefileStart to value 1
Set parameter NodefileDir to value "/scratch-local/lbeemster.21699135/gurobi_marketDORNUM_maxh2_0.04_sub70.0_run0"
Set parameter MemLimit to value 60
Gurobi Optimizer version 12.0.3 build v12.0.3rc0 (linux64 - "Red Hat Enterprise Linux 9.6 (Plow)")

CPU model: AMD EPYC 9654 96-Core Processor, instruction set [SSE2|AVX|AVX2|AVX512]
Thread count: 192 physical cores, 192 logical processors, using up to 48 threads

Non-default parameters:
MemLimit  60
MIPGap  0.002
NodefileStart  1
Cuts  1
Presolve  1
Threads  48

Academic license 2514514 - for non-commercial use only - registered to l.___@student.vu.nl
Optimize a model with 176513 rows, 50050 columns and 1016320 nonzeros
Model fingerprint: 0x3d303671
Variable types: 39426 continuous, 10624 integer (10624 binary)
Coefficient statistics:
  Matrix range     [6e-05, 1e+05]
  Objective range  [2e+00, 3e+04]
  Bounds range     [1e+00, 1e+00]
  RHS range        [3e-01, 2e+05]
Presolve removed 36049 rows and 24694 columns
Presolve time: 3.92s
Presolved: 140464 rows, 25356 columns, 874070 nonzeros
Variable types: 19684 continuous, 5672 integer (5672 binary)
Found heuristic solution: objective 1.890016e+07
Found heuristic solution: objective 1.902281e+07
Found heuristic solution: objective 1.928434e+07

Deterministic concurrent LP optimizer: primal simplex, dual simplex, and barrier
Showing barrier log only...

Root relaxation presolved: 24145 rows, 164571 columns, 898304 nonzeros

Root barrier log...

Ordering time: 0.04s

Barrier statistics:
 Free vars  : 1920
 AA' NZ     : 5.499e+05
 Factor NZ  : 1.399e+06 (roughly 90 MB of memory)
 Factor Ops : 9.867e+07 (less than 1 second per iteration)
 Threads    : 46

                  Objective                Residual
Iter       Primal          Dual         Primal    Dual     Compl     Time
   0   1.59450659e+12  3.17722220e+06  7.59e+06 3.81e+02  1.81e+08    10s
   1   1.13999795e+12 -2.47017114e+08  4.62e+06 3.90e+03  1.16e+08    10s
   2   8.67279534e+11 -2.57753260e+08  2.90e+06 2.57e+03  7.63e+07    10s
   3   6.56810377e+11 -2.33774648e+08  1.59e+06 1.83e+03  5.00e+07    10s
   4   5.77400262e+11 -1.95643203e+08  1.18e+06 1.30e+03  3.64e+07    10s
   5   4.97174138e+11 -1.49026942e+08  8.24e+05 9.04e+02  2.56e+07    10s
   6   4.18820840e+11 -1.30977046e+08  5.63e+05 7.28e+02  1.96e+07    10s
   7   3.22625224e+11 -9.43357170e+07  3.31e+05 4.33e+02  1.18e+07    10s
   8   2.50481591e+11 -6.39909319e+07  1.95e+05 2.54e+02  7.03e+06    10s
   9   1.70901469e+11 -4.10697361e+07  8.95e+04 1.43e+02  3.81e+06    10s
  10   1.22958020e+11 -2.90160660e+07  4.96e+04 9.51e+01  2.39e+06    10s
  11   9.39745462e+10 -1.80126491e+07  3.24e+04 5.75e+01  1.50e+06    10s
  12   6.86931065e+10 -1.02356501e+07  1.98e+04 3.43e+01  9.27e+05    10s
  13   4.14857718e+10 -4.62740865e+06  9.47e+03 1.71e+01  4.72e+05    10s
  14   2.28589773e+10 -1.98690183e+06  4.18e+03 9.85e+00  2.41e+05    10s
  15   1.43706231e+10 -1.88485689e+05  2.32e+03 5.19e+00  1.34e+05    10s
  16   8.13849449e+09  5.42252021e+05  1.14e+03 3.52e+00  7.51e+04    11s
  17   4.55446242e+09  1.53931908e+06  5.72e+02 1.68e+00  3.81e+04    11s
  18   3.14222286e+09  3.18487261e+06  3.66e+02 7.56e-01  2.31e+04    11s
  19   2.25140665e+09  4.63215377e+06  2.51e+02 4.41e-01  1.57e+04    11s
  20   1.49867347e+09  6.04347119e+06  1.60e+02 1.79e-01  9.69e+03    11s
  21   4.86173524e+08  8.53031237e+06  4.41e+01 3.60e-02  2.95e+03    11s
  22   1.68525767e+08  1.11140693e+07  1.28e+01 1.61e-02  9.46e+02    11s
  23   1.09566621e+08  1.31194813e+07  7.30e+00 9.07e-03  5.72e+02    11s
  24   7.43696088e+07  1.51990542e+07  4.14e+00 5.49e-03  3.48e+02    11s
  25   5.22770373e+07  1.82355068e+07  2.33e+00 2.67e-03  1.99e+02    11s
  26   3.82291116e+07  1.93548328e+07  1.19e+00 1.82e-03  1.10e+02    11s
  27   3.24660006e+07  1.96244719e+07  7.99e-01 1.69e-03  7.47e+01    11s
  28   2.81011469e+07  2.03629645e+07  4.74e-01 2.21e-03  4.49e+01    11s
  29   2.52906318e+07  2.05651380e+07  2.67e-01 1.58e-03  2.73e+01    11s
  30   2.33901173e+07  2.07723324e+07  1.42e-01 9.73e-04  1.51e+01    11s

Barrier performed 30 iterations in 11.06 seconds (9.67 work units)
Barrier solve interrupted - model solved by another algorithm

Concurrent spin time: 0.25s (can be avoided by choosing Method=3)

Solved with primal simplex

Root relaxation: objective 2.112598e+07, 30695 iterations, 2.09 seconds (1.88 work units)

    Nodes    |    Current Node    |     Objective Bounds      |     Work
 Expl Unexpl |  Obj  Depth IntInf | Incumbent    BestBd   Gap | It/Node Time

     0     0 2.1126e+07    0  446 1.9284e+07 2.1126e+07  9.55%     -   13s
     0     0 2.1113e+07    0  539 1.9284e+07 2.1113e+07  9.48%     -   16s
H    0     0                    2.069368e+07 2.1113e+07  2.03%     -   18s
     0     0 2.1105e+07    0  622 2.0694e+07 2.1105e+07  1.99%     -   18s
     0     0 2.1105e+07    0  647 2.0694e+07 2.1105e+07  1.99%     -   19s
     0     0 2.1105e+07    0  649 2.0694e+07 2.1105e+07  1.99%     -   19s
     0     0 2.1102e+07    0  630 2.0694e+07 2.1102e+07  1.97%     -   22s
     0     0 2.1102e+07    0  645 2.0694e+07 2.1102e+07  1.97%     -   23s
     0     0 2.1102e+07    0  662 2.0694e+07 2.1102e+07  1.97%     -   23s
     0     0 2.1102e+07    0  661 2.0694e+07 2.1102e+07  1.97%     -   23s
     0     0 2.1098e+07    0  580 2.0694e+07 2.1098e+07  1.96%     -   27s
H    0     0                    2.074937e+07 2.1098e+07  1.68%     -   30s
     0     0 2.1098e+07    0  599 2.0749e+07 2.1098e+07  1.68%     -   30s
     0     0 2.1098e+07    0  620 2.0749e+07 2.1098e+07  1.68%     -   30s
     0     0 2.1098e+07    0  619 2.0749e+07 2.1098e+07  1.68%     -   30s
     0     0 2.1098e+07    0  616 2.0749e+07 2.1098e+07  1.68%     -   31s
     0     0 2.1098e+07    0  618 2.0749e+07 2.1098e+07  1.68%     -   31s
     0     0 2.1096e+07    0  618 2.0749e+07 2.1096e+07  1.67%     -   35s
     0     0 2.1096e+07    0  633 2.0749e+07 2.1096e+07  1.67%     -   37s
     0     0 2.1096e+07    0  649 2.0749e+07 2.1096e+07  1.67%     -   37s
     0     0 2.1096e+07    0  647 2.0749e+07 2.1096e+07  1.67%     -   38s
     0     0 2.1096e+07    0  648 2.0749e+07 2.1096e+07  1.67%     -   38s
     0     0 2.1096e+07    0  648 2.0749e+07 2.1096e+07  1.67%     -   38s
     0     0 2.1092e+07    0  542 2.0749e+07 2.1092e+07  1.65%     -   42s
     0     0 2.1092e+07    0  561 2.0749e+07 2.1092e+07  1.65%     -   45s
     0     0 2.1092e+07    0  582 2.0749e+07 2.1092e+07  1.65%     -   45s
     0     0 2.1092e+07    0  594 2.0749e+07 2.1092e+07  1.65%     -   46s
     0     0 2.1092e+07    0  592 2.0749e+07 2.1092e+07  1.65%     -   46s
     0     0 2.1091e+07    0  601 2.0749e+07 2.1091e+07  1.65%     -   49s
H    0     0                    2.077143e+07 2.1091e+07  1.54%     -   53s
     0     0 2.1091e+07    0  603 2.0771e+07 2.1091e+07  1.54%     -   53s
     0     0 2.1091e+07    0  615 2.0771e+07 2.1091e+07  1.54%     -   54s
     0     0 2.1091e+07    0  614 2.0771e+07 2.1091e+07  1.54%     -   54s
     0     0 2.1091e+07    0  622 2.0771e+07 2.1091e+07  1.54%     -   54s
     0     0 2.1091e+07    0  614 2.0771e+07 2.1091e+07  1.54%     -   54s
     0     0 2.1091e+07    0  617 2.0771e+07 2.1091e+07  1.54%     -   54s
     0     0 2.1091e+07    0  619 2.0771e+07 2.1091e+07  1.54%     -   55s
     0     0 2.1090e+07    0  601 2.0771e+07 2.1090e+07  1.53%     -   58s
     0     0 2.1090e+07    0  597 2.0771e+07 2.1090e+07  1.53%     -   58s
     0     0 2.1090e+07    0  612 2.0771e+07 2.1090e+07  1.53%     -   60s
     0     0 2.1090e+07    0  610 2.0771e+07 2.1090e+07  1.53%     -   61s
     0     0 2.1090e+07    0  617 2.0771e+07 2.1090e+07  1.53%     -   61s
     0     0 2.1090e+07    0  619 2.0771e+07 2.1090e+07  1.53%     -   61s
     0     0 2.1090e+07    0  620 2.0771e+07 2.1090e+07  1.53%     -   61s
     0     0 2.1090e+07    0  623 2.0771e+07 2.1090e+07  1.53%     -   61s
     0     0 2.1090e+07    0  593 2.0771e+07 2.1090e+07  1.53%     -   64s
     0     0 2.1089e+07    0  592 2.0771e+07 2.1089e+07  1.53%     -   66s
     0     0 2.1089e+07    0  593 2.0771e+07 2.1089e+07  1.53%     -   67s
     0     0 2.1089e+07    0  601 2.0771e+07 2.1089e+07  1.53%     -   67s
     0     0 2.1089e+07    0  577 2.0771e+07 2.1089e+07  1.53%     -   70s
     0     0 2.1089e+07    0  580 2.0771e+07 2.1089e+07  1.53%     -   71s
     0     0 2.1089e+07    0  577 2.0771e+07 2.1089e+07  1.53%     -   71s
     0     0 2.1089e+07    0  584 2.0771e+07 2.1089e+07  1.53%     -   72s
     0     0 2.1089e+07    0  576 2.0771e+07 2.1089e+07  1.53%     -   72s
     0     0 2.1089e+07    0  585 2.0771e+07 2.1089e+07  1.53%     -   75s
H    0     0                    2.078234e+07 2.1089e+07  1.47%     -   78s
H    0     0                    2.078243e+07 2.1089e+07  1.47%     -   79s
H    0     0                    2.078268e+07 2.1089e+07  1.47%     -   79s
H    0     0                    2.078270e+07 2.1089e+07  1.47%     -   79s
H    0     0                    2.078308e+07 2.1089e+07  1.47%     -   79s
     0     0 2.1088e+07    0  588 2.0783e+07 2.1088e+07  1.47%     -   80s
     0     0 2.1088e+07    0  579 2.0783e+07 2.1088e+07  1.47%     -   80s
     0     0 2.1088e+07    0  583 2.0783e+07 2.1088e+07  1.47%     -   80s
     0     0 2.1088e+07    0  584 2.0783e+07 2.1088e+07  1.47%     -   83s
     0     0 2.1088e+07    0  588 2.0783e+07 2.1088e+07  1.47%     -   86s
     0     0 2.1088e+07    0  591 2.0783e+07 2.1088e+07  1.47%     -   86s
     0     0 2.1088e+07    0  584 2.0783e+07 2.1088e+07  1.47%     -   86s
     0     0 2.1088e+07    0  595 2.0783e+07 2.1088e+07  1.47%     -   87s
     0     0 2.1088e+07    0  591 2.0783e+07 2.1088e+07  1.47%     -   87s
     0     0 2.1088e+07    0  587 2.0783e+07 2.1088e+07  1.47%     -   90s
     0     0 2.1088e+07    0  582 2.0783e+07 2.1088e+07  1.47%     -   90s
     0     0 2.1088e+07    0  583 2.0783e+07 2.1088e+07  1.47%     -   90s
     0     0 2.1088e+07    0  572 2.0783e+07 2.1088e+07  1.47%     -   90s
     0     0 2.1088e+07    0  587 2.0783e+07 2.1088e+07  1.47%     -   93s
     0     0 2.1087e+07    0  578 2.0783e+07 2.1087e+07  1.46%     -   95s
     0     0 2.1087e+07    0  589 2.0783e+07 2.1087e+07  1.46%     -   96s
     0     0 2.1087e+07    0  589 2.0783e+07 2.1087e+07  1.46%     -   96s
     0     0 2.1087e+07    0  584 2.0783e+07 2.1087e+07  1.46%     -   98s
     0     0 2.1087e+07    0  593 2.0783e+07 2.1087e+07  1.46%     -   99s
     0     0 2.1087e+07    0  591 2.0783e+07 2.1087e+07  1.46%     -   99s
     0     0 2.1087e+07    0  592 2.0783e+07 2.1087e+07  1.46%     -   99s
     0     0 2.1087e+07    0  563 2.0783e+07 2.1087e+07  1.46%     -  102s
     0     0 2.1087e+07    0  570 2.0783e+07 2.1087e+07  1.46%     -  104s
     0     0 2.1087e+07    0  574 2.0783e+07 2.1087e+07  1.46%     -  104s
     0     0 2.1087e+07    0  530 2.0783e+07 2.1087e+07  1.46%     -  107s
     0     0 2.1087e+07    0  552 2.0783e+07 2.1087e+07  1.46%     -  107s
     0     0 2.1087e+07    0  550 2.0783e+07 2.1087e+07  1.46%     -  108s
     0     0 2.1087e+07    0  539 2.0783e+07 2.1087e+07  1.46%     -  110s
     0     0 2.1087e+07    0  539 2.0783e+07 2.1087e+07  1.46%     -  120s
H    0     0                    2.081254e+07 2.1087e+07  1.32%     -  131s
H    0     0                    2.087332e+07 2.1087e+07  1.02%     -  133s
H    0     0                    2.091018e+07 2.1087e+07  0.85%     -  135s
     0     2 2.1087e+07    0  539 2.0910e+07 2.1087e+07  0.85%     -  143s
    15    32 2.1087e+07    4  543 2.0910e+07 2.1087e+07  0.84%   220  145s
H   45    64                    2.091274e+07 2.1087e+07  0.83%   167  147s
   111   167 2.1086e+07    7  544 2.0913e+07 2.1087e+07  0.83%   134  150s
   972  1057 2.1084e+07   20  536 2.0913e+07 2.1087e+07  0.83%  88.7  155s
  1104  1160 2.1084e+07   21  540 2.0913e+07 2.1087e+07  0.83%  86.5  160s
H 1105  1160                    2.091298e+07 2.1087e+07  0.83%  86.4  160s
H 1106  1160                    2.091759e+07 2.1087e+07  0.81%  86.4  160s
H 1119  1160                    2.091767e+07 2.1087e+07  0.81%  86.3  160s
H 1121  1160                    2.092762e+07 2.1087e+07  0.76%  86.3  160s
H 1132  1160                    2.092763e+07 2.1087e+07  0.76%  86.3  160s
H 1145  1160                    2.093001e+07 2.1087e+07  0.75%  86.1  160s
  1207  1257 2.1084e+07   22  545 2.0930e+07 2.1087e+07  0.75%  85.7  171s
  1256  1306 2.1084e+07   23  531 2.0930e+07 2.1087e+07  0.75%  84.5  176s
H 1278  1306                    2.094298e+07 2.1087e+07  0.69%  84.2  176s
H 1293  1306                    2.095298e+07 2.1087e+07  0.64%  83.8  176s
  1991  2159 2.1082e+07   35  511 2.0953e+07 2.1087e+07  0.64%  77.0  181s
  2456  2613 2.1080e+07   46  493 2.0953e+07 2.1087e+07  0.64%  71.6  185s
H 2530  2613                    2.095372e+07 2.1087e+07  0.63%  71.4  185s
  3940  4030 2.1076e+07   72  463 2.0954e+07 2.1087e+07  0.63%  61.8  191s
H 3971  4030                    2.095407e+07 2.1087e+07  0.63%  61.8  191s
  5302  5523 2.1076e+07  101  424 2.0954e+07 2.1087e+07  0.63%  57.0  196s
H 5610  5899                    2.095823e+07 2.1087e+07  0.61%  56.6  197s
  6124  6367 2.1075e+07  107  421 2.0958e+07 2.1086e+07  0.61%  56.0  200s
  7694  8019 2.1073e+07  121  417 2.0958e+07 2.1086e+07  0.61%  56.4  205s
  9201  9525 2.1066e+07  139  400 2.0958e+07 2.1086e+07  0.61%  55.9  210s
 10380 10177 2.1064e+07  167  372 2.0958e+07 2.1086e+07  0.61%  55.6  217s
H10381 10010                    2.096116e+07 2.1086e+07  0.60%  55.6  217s
H10382  9919                    2.096306e+07 2.1086e+07  0.59%  55.6  217s
H10383  9747                    2.096626e+07 2.1086e+07  0.57%  55.6  217s
H10384  9715                    2.096768e+07 2.1086e+07  0.57%  55.6  217s
 11083 10994 2.1064e+07  184  356 2.0968e+07 2.1086e+07  0.57%  55.3  221s
H11793 11371                    2.096840e+07 2.1086e+07  0.56%  55.0  223s
H11794 10783                    2.098446e+07 2.1086e+07  0.49%  55.0  223s
 12193 11456 2.1062e+07  221  322 2.0984e+07 2.1086e+07  0.48%  54.7  225s
 13171 12237 2.1061e+07  235  323 2.0984e+07 2.1086e+07  0.48%  54.9  231s
H13219 12204                    2.098550e+07 2.1086e+07  0.48%  54.9  231s
H13359 12182                    2.098658e+07 2.1086e+07  0.47%  54.7  231s
H14609 13106                    2.098658e+07 2.1086e+07  0.47%  53.9  237s
 15504 14835 2.1059e+07  263  311 2.0987e+07 2.1086e+07  0.47%  53.5  241s
 16449 15681 2.1059e+07  278  276 2.0987e+07 2.1086e+07  0.47%  52.7  245s
H18062 14905                    2.100185e+07 2.1086e+07  0.40%  51.9  280s
H18062 14768                    2.100341e+07 2.1086e+07  0.39%  51.9  280s
H18062 14743                    2.100401e+07 2.1086e+07  0.39%  51.9  281s
H18062 13696                    2.101476e+07 2.1086e+07  0.34%  51.9  289s
 18063 13665 2.1048e+07  190  539 2.1015e+07 2.1086e+07  0.34%  51.9  315s
 18065 13666 2.1054e+07  158  417 2.1015e+07 2.1081e+07  0.32%  51.9  433s
 18066 13667 2.1050e+07  275  473 2.1015e+07 2.1081e+07  0.32%  51.9  443s
 18067 13668 2.1064e+07  225  485 2.1015e+07 2.1081e+07  0.31%  51.8  447s
 18068 13668 2.1045e+07  249  504 2.1015e+07 2.1081e+07  0.31%  51.8  451s
H18068 12984                    2.101848e+07 2.1081e+07  0.30%  51.8  451s
 18070 12986 2.1054e+07  143  478 2.1018e+07 2.1081e+07  0.30%  51.8  455s
H18074 12338                    2.101945e+07 2.1080e+07  0.29%  51.8  572s
H18074 11721                    2.102186e+07 2.1080e+07  0.27%  51.8  572s
H18074 11135                    2.102374e+07 2.1080e+07  0.27%  51.8  572s
H18074 10578                    2.102381e+07 2.1080e+07  0.27%  51.8  572s
H18074 10049                    2.102985e+07 2.1080e+07  0.24%  51.8  572s
H18074  9546                    2.102986e+07 2.1080e+07  0.24%  51.8  572s
H18074  9069                    2.103162e+07 2.1080e+07  0.23%  51.8  572s
H18074  8615                    2.103188e+07 2.1080e+07  0.23%  51.8  572s
H18074  8184                    2.103256e+07 2.1080e+07  0.22%  51.8  572s
 18076  8186 2.1080e+07   24  482 2.1033e+07 2.1080e+07  0.22%  51.8  575s
 18079  8188 2.1079e+07   54  461 2.1033e+07 2.1079e+07  0.22%  51.8  654s
 18080  8188 2.1035e+07   79  455 2.1033e+07 2.1079e+07  0.22%  51.8  658s
 18082  8190 2.1055e+07  129  451 2.1033e+07 2.1079e+07  0.22%  51.8  706s
H18085  7782                    2.103413e+07 2.1079e+07  0.21%  51.8  789s
 18087  7783 2.1062e+07  261  461 2.1034e+07 2.1079e+07  0.21%  51.8  793s
 18088  7784 2.1079e+07   32  459 2.1034e+07 2.1079e+07  0.21%  51.8  979s
 18089  7784 2.1060e+07  157  463 2.1034e+07 2.1079e+07  0.21%  51.8  983s
H18089  7394                    2.103423e+07 2.1079e+07  0.21%  51.8 1061s
H18089  7024                    2.103596e+07 2.1079e+07  0.20%  51.8 1061s
 18091  7026 2.1067e+07  161  457 2.1036e+07 2.1079e+07  0.20%  51.8 1065s
 18092  7026 2.1067e+07   10  464 2.1036e+07 2.1079e+07  0.20%  51.8 1191s
H18092  6674                    2.103604e+07 2.1079e+07  0.20%  51.8 1200s
 18094  6676 2.1051e+07  164  459 2.1036e+07 2.1079e+07  0.20%  51.8 1308s
 18095  6676 2.1079e+07   27  459 2.1036e+07 2.1079e+07  0.20%  51.8 1311s
 18096  6677 2.1041e+07  148  459 2.1036e+07 2.1079e+07  0.20%  51.8 1397s
 18098  6678 2.1042e+07  193  457 2.1036e+07 2.1079e+07  0.20%  51.8 1403s
 18099  6679 2.1057e+07   70  457 2.1036e+07 2.1079e+07  0.20%  51.8 1427s
 18100  6683 2.1079e+07   12  455 2.1036e+07 2.1079e+07  0.20%  55.4 1440s
 18130  6733 2.1079e+07   16  457 2.1036e+07 2.1079e+07  0.20%  55.5 1445s
 18162  6770 2.1079e+07   17  460 2.1036e+07 2.1079e+07  0.20%  55.7 1450s
H18177  6431                    2.103648e+07 2.1079e+07  0.20%  55.7 1450s

Cutting planes:
  Learned: 1
  Gomory: 20
  Cover: 7
  Implied bound: 1227
  MIR: 578
  Flow cover: 868
  RLT: 10
  Relax-and-lift: 487
  BQP: 1
  PSD: 1

Explored 18210 nodes (1089605 simplex iterations) in 1450.13 seconds (1710.50 work units)
Thread count was 48 (of 192 available processors)

Solution count 10: 2.10365e+07 2.1036e+07 2.1036e+07 ... 2.10238e+07

Optimal solution found (tolerance 2.00e-03)
Best objective 2.103647690236e+07, best bound 2.107853287673e+07, gap 0.1999%
Deleted nodefile directory: /scratch-local/lbeemster.21699135/gurobi_marketDORNUM_maxh2_0.04_sub70.0_run0
Saved model snapshot to study_case_model/figures/technical_experiment/run_09426/marketDORNUM/maxh2_0.04/sub70.0/run0/model_snapshot.pkl
Finished successfully!
