Gurobi shell based on Python 3.13.1 can be launched with command `gurobi.sh`
Gurobi Python Interface can be loaded in Python 3.13.1 with 'import gurobipy'
/var/spool/slurm/slurmd/job21713428/slurm_script: line 24: activate: No such file or directory
Solving model:, maxh2_0.0, sub30.0, run2
Read LP format model from file /scratch-local/lbeemster.21713428/tmpadiwuche.pyomo.lp
Reading time = 0.92 seconds
x1: 176513 rows, 50050 columns, 1012992 nonzeros
Set parameter OutputFlag to value 1
Set parameter MIPGap to value 0.002
Set parameter Threads to value 48
Set parameter Presolve to value 1
Set parameter Cuts to value 1
Set parameter NodefileStart to value 1
Set parameter NodefileDir to value "/scratch-local/lbeemster.21713428/gurobi_maxh2_0.0_sub30.0_run2"
Set parameter MemLimit to value 60
Gurobi Optimizer version 12.0.3 build v12.0.3rc0 (linux64 - "Red Hat Enterprise Linux 9.6 (Plow)")

CPU model: AMD EPYC 9654 96-Core Processor, instruction set [SSE2|AVX|AVX2|AVX512]
Thread count: 192 physical cores, 192 logical processors, using up to 48 threads

Non-default parameters:
MemLimit  60
MIPGap  0.002
NodefileStart  1
Cuts  1
Presolve  1
Threads  48

Academic license 2514514 - for non-commercial use only - registered to l.___@student.vu.nl
Optimize a model with 176513 rows, 50050 columns and 1012992 nonzeros
Model fingerprint: 0x839963ad
Variable types: 39426 continuous, 10624 integer (10624 binary)
Coefficient statistics:
  Matrix range     [6e-05, 1e+05]
  Objective range  [1e-02, 3e+04]
  Bounds range     [1e+00, 1e+00]
  RHS range        [3e-01, 2e+05]
Presolve removed 37473 rows and 27231 columns
Presolve time: 2.39s
Presolved: 139040 rows, 22819 columns, 735919 nonzeros
Variable types: 16995 continuous, 5824 integer (5824 binary)

Deterministic concurrent LP optimizer: primal simplex, dual simplex, and barrier
Showing barrier log only...

Root relaxation presolved: 21335 rows, 160303 columns, 757314 nonzeros

Root barrier log...

Ordering time: 0.04s

Barrier statistics:
 Free vars  : 1664
 AA' NZ     : 4.825e+05
 Factor NZ  : 1.071e+06 (roughly 80 MB of memory)
 Factor Ops : 6.512e+07 (less than 1 second per iteration)
 Threads    : 45

                  Objective                Residual
Iter       Primal          Dual         Primal    Dual     Compl     Time
   0   1.56342344e+12  3.09609267e+06  7.85e+06 3.20e+02  1.67e+08     4s
   1   9.22539316e+11 -2.02084669e+08  3.38e+06 3.40e+03  8.97e+07     4s
   2   5.81186391e+11 -1.39478257e+08  9.58e+05 1.50e+03  3.64e+07     4s
   3   3.83965107e+11 -5.44596150e+07  2.75e+05 5.81e+02  1.40e+07     4s
   4   2.40237433e+11 -1.57232636e+07  9.90e+04 1.74e+02  4.75e+06     4s
   5   1.58800439e+11 -9.67121373e+06  4.68e+04 1.12e+02  2.79e+06     4s
   6   1.29503320e+11 -6.37777866e+06  3.36e+04 7.68e+01  1.98e+06     4s
   7   1.00152622e+11 -4.72365290e+06  2.36e+04 5.88e+01  1.45e+06     4s
   8   6.09569856e+10 -2.23265552e+06  1.13e+04 3.25e+01  7.67e+05     4s
   9   3.87178194e+10 -3.79498443e+05  6.01e+03 1.29e+01  3.78e+05     4s
  10   1.87814681e+10  4.90314125e+05  2.35e+03 5.25e+00  1.59e+05     4s
  11   6.32224005e+09  9.26587378e+05  6.46e+02 2.41e+00  5.26e+04     4s
  12   2.38870630e+09  1.57321941e+06  2.13e+02 1.08e+00  1.94e+04     4s
  13   1.86985246e+09  2.80038495e+06  1.61e+02 6.50e-01  1.42e+04     4s
  14   1.50459391e+09  5.85642323e+06  1.26e+02 1.85e-01  9.88e+03     4s
  15   5.90912345e+08  7.59346839e+06  4.46e+01 7.73e-02  3.74e+03     5s
  16   2.55636918e+08  9.00805643e+06  1.70e+01 4.23e-02  1.57e+03     5s
  17   1.87783441e+08  1.18424172e+07  1.19e+01 1.21e-02  1.09e+03     5s
  18   1.23508175e+08  1.53614362e+07  7.16e+00 4.78e-03  6.60e+02     5s
  19   5.96759560e+07  1.73991552e+07  2.44e+00 4.59e-03  2.56e+02     5s

Barrier performed 19 iterations in 4.67 seconds (4.20 work units)
Barrier solve interrupted - model solved by another algorithm

Concurrent spin time: 0.27s (can be avoided by choosing Method=3)

Solved with primal simplex

Root relaxation: objective 2.107810e+07, 20254 iterations, 1.63 seconds (1.25 work units)
Total elapsed time = 5.29s (DegenMoves)

    Nodes    |    Current Node    |     Objective Bounds      |     Work
 Expl Unexpl |  Obj  Depth IntInf | Incumbent    BestBd   Gap | It/Node Time

     0     0 2.1078e+07    0  414          - 2.1078e+07      -     -    6s
H    0     0                    5306606.7045 2.1076e+07   297%     -    9s
     0     0 2.1068e+07    0  506 5306606.70 2.1068e+07   297%     -   10s
     0     0 2.1066e+07    0  542 5306606.70 2.1066e+07   297%     -   12s
     0     0 2.1066e+07    0  550 5306606.70 2.1066e+07   297%     -   13s
     0     0 2.1066e+07    0  551 5306606.70 2.1066e+07   297%     -   13s
     0     0 2.1051e+07    0  584 5306606.70 2.1051e+07   297%     -   18s
H    0     0                    1.926959e+07 2.1051e+07  9.24%     -   21s
     0     0 2.1047e+07    0  605 1.9270e+07 2.1047e+07  9.22%     -   23s
H    0     0                    2.054701e+07 2.1046e+07  2.43%     -   23s
     0     0 2.1046e+07    0  628 2.0547e+07 2.1046e+07  2.43%     -   24s
     0     0 2.1046e+07    0  631 2.0547e+07 2.1046e+07  2.43%     -   24s
     0     0 2.1045e+07    0  642 2.0547e+07 2.1045e+07  2.43%     -   24s
     0     0 2.1045e+07    0  641 2.0547e+07 2.1045e+07  2.43%     -   24s
     0     0 2.1045e+07    0  643 2.0547e+07 2.1045e+07  2.43%     -   24s
     0     0 2.1045e+07    0  644 2.0547e+07 2.1045e+07  2.43%     -   24s
     0     0 2.1030e+07    0  591 2.0547e+07 2.1030e+07  2.35%     -   28s
H    0     0                    2.078064e+07 2.1030e+07  1.20%     -   29s
     0     0 2.1028e+07    0  587 2.0781e+07 2.1028e+07  1.19%     -   30s
     0     0 2.1028e+07    0  612 2.0781e+07 2.1028e+07  1.19%     -   30s
     0     0 2.1027e+07    0  612 2.0781e+07 2.1027e+07  1.19%     -   30s
     0     0 2.1027e+07    0  618 2.0781e+07 2.1027e+07  1.19%     -   30s
     0     0 2.1027e+07    0  618 2.0781e+07 2.1027e+07  1.19%     -   31s
     0     0 2.1027e+07    0  622 2.0781e+07 2.1027e+07  1.19%     -   31s
     0     0 2.1021e+07    0  594 2.0781e+07 2.1021e+07  1.16%     -   34s
H    0     0                    2.081190e+07 2.1021e+07  1.01%     -   36s
     0     0 2.1020e+07    0  591 2.0812e+07 2.1020e+07  1.00%     -   36s
     0     0 2.1020e+07    0  597 2.0812e+07 2.1020e+07  1.00%     -   36s
     0     0 2.1020e+07    0  590 2.0812e+07 2.1020e+07  1.00%     -   36s
     0     0 2.1020e+07    0  598 2.0812e+07 2.1020e+07  1.00%     -   37s
H    0     0                    2.081870e+07 2.1020e+07  0.97%     -   39s
     0     0 2.1017e+07    0  498 2.0819e+07 2.1017e+07  0.95%     -   40s
H    0     0                    2.086584e+07 2.1017e+07  0.72%     -   41s
     0     0 2.1017e+07    0  508 2.0866e+07 2.1017e+07  0.72%     -   41s
     0     0 2.1017e+07    0  520 2.0866e+07 2.1017e+07  0.72%     -   42s
     0     0 2.1017e+07    0  518 2.0866e+07 2.1017e+07  0.72%     -   42s
     0     0 2.1017e+07    0  514 2.0866e+07 2.1017e+07  0.72%     -   42s
     0     0 2.1016e+07    0  515 2.0866e+07 2.1016e+07  0.72%     -   44s
     0     0 2.1016e+07    0  527 2.0866e+07 2.1016e+07  0.72%     -   46s
     0     0 2.1016e+07    0  526 2.0866e+07 2.1016e+07  0.72%     -   46s
     0     0 2.1016e+07    0  537 2.0866e+07 2.1016e+07  0.72%     -   47s
     0     0 2.1016e+07    0  506 2.0866e+07 2.1016e+07  0.72%     -   49s
     0     0 2.1016e+07    0  502 2.0866e+07 2.1016e+07  0.72%     -   50s
     0     0 2.1015e+07    0  513 2.0866e+07 2.1015e+07  0.72%     -   51s
     0     0 2.1015e+07    0  511 2.0866e+07 2.1015e+07  0.72%     -   51s
     0     0 2.1015e+07    0  491 2.0866e+07 2.1015e+07  0.72%     -   53s
     0     0 2.1015e+07    0  509 2.0866e+07 2.1015e+07  0.72%     -   55s
     0     0 2.1015e+07    0  515 2.0866e+07 2.1015e+07  0.72%     -   55s
     0     0 2.1015e+07    0  487 2.0866e+07 2.1015e+07  0.72%     -   57s
     0     0 2.1015e+07    0  502 2.0866e+07 2.1015e+07  0.71%     -   59s
     0     0 2.1015e+07    0  503 2.0866e+07 2.1015e+07  0.71%     -   59s
H    0     0                    2.092501e+07 2.1015e+07  0.43%     -   61s
     0     0 2.1015e+07    0  486 2.0925e+07 2.1015e+07  0.43%     -   61s
     0     0 2.1015e+07    0  473 2.0925e+07 2.1015e+07  0.43%     -   63s
     0     0 2.1015e+07    0  474 2.0925e+07 2.1015e+07  0.43%     -   66s
     0     0 2.1015e+07    0  474 2.0925e+07 2.1015e+07  0.43%     -   72s
H    0     0                    2.092796e+07 2.1015e+07  0.42%     -   79s
H    0     0                    2.095432e+07 2.1015e+07  0.29%     -   81s
     0     2 2.1015e+07    0  474 2.0954e+07 2.1015e+07  0.29%     -   90s
    59   104 2.1012e+07    6  447 2.0954e+07 2.1013e+07  0.28%   188   95s
H   60   104                    2.096002e+07 2.1013e+07  0.25%   185   95s
   595   566 2.1005e+07   15  413 2.0960e+07 2.1012e+07  0.25%   205  101s
   925   863 2.1003e+07   21  403 2.0960e+07 2.1012e+07  0.25%   171  105s
H 1144   990                    2.096005e+07 2.1012e+07  0.25%   160  107s
  1491  1331 2.1000e+07   28  363 2.0960e+07 2.1012e+07  0.25%   156  110s
  2254  2033 2.0997e+07   39  334 2.0960e+07 2.1012e+07  0.25%   133  115s
H 2364  2133                    2.096008e+07 2.1012e+07  0.25%   133  116s
  3014  2842 2.0990e+07   51  334 2.0960e+07 2.1011e+07  0.24%   126  120s
  4032  3688 2.0991e+07   63  305 2.0960e+07 2.1011e+07  0.24%   112  125s
H 4265  3843                    2.096102e+07 2.1010e+07  0.24%   109  126s
  4998  4703 2.0990e+07   73  273 2.0961e+07 2.1010e+07  0.24%   103  130s
H 6142  5425                    2.096114e+07 2.1010e+07  0.23%  94.4  153s
H 6142  4974                    2.096349e+07 2.1010e+07  0.22%  94.4  154s
H 6142  4850                    2.096398e+07 2.1010e+07  0.22%  94.4  154s
  6143  4816 2.0991e+07   16  474 2.0964e+07 2.1010e+07  0.22%  94.4  169s
H 6144  4576                    2.096425e+07 2.1010e+07  0.22%  94.3  253s
H 6144  4347                    2.096448e+07 2.1010e+07  0.22%  94.3  253s
H 6144  4129                    2.096451e+07 2.1010e+07  0.22%  94.3  253s
  6145  4129 2.0972e+07   67  318 2.0965e+07 2.1010e+07  0.22%  94.3  271s
  6146  4130 2.0966e+07   38  432 2.0965e+07 2.1010e+07  0.22%  94.3  278s
H 6147  3925                    2.096474e+07 2.1010e+07  0.22%  94.3  280s
H 6148  3728                    2.096475e+07 2.1010e+07  0.22%  94.3  282s
  6151  3730 2.0965e+07   80  410 2.0965e+07 2.1008e+07  0.21%  94.2  285s
  6155  3733 2.0985e+07   44  396 2.0965e+07 2.1007e+07  0.20%  94.2  300s

Cutting planes:
  Gomory: 18
  Cover: 23
  Implied bound: 312
  MIR: 845
  Flow cover: 833
  RLT: 6
  Relax-and-lift: 928
  BQP: 3
  PSD: 3

Explored 6155 nodes (688563 simplex iterations) in 301.62 seconds (294.72 work units)
Thread count was 48 (of 192 available processors)

Solution count 10: 2.09647e+07 2.09647e+07 2.09645e+07 ... 2.09543e+07

Optimal solution found (tolerance 2.00e-03)
Best objective 2.096474607740e+07, best bound 2.100519016260e+07, gap 0.1929%
Deleted nodefile directory: /scratch-local/lbeemster.21713428/gurobi_maxh2_0.0_sub30.0_run2
Saved model snapshot to study_case_model/figures/technical_experiment/run_10426/maxh2_0.0/sub30.0/run2/model_snapshot.pkl
Finished successfully!
