Gurobi shell based on Python 3.13.1 can be launched with command `gurobi.sh`
Gurobi Python Interface can be loaded in Python 3.13.1 with 'import gurobipy'
/var/spool/slurm/slurmd/job21708701/slurm_script: line 24: activate: No such file or directory
Solving model:, maxh2_0.18, sub30.0, run1
Read LP format model from file /scratch-local/lbeemster.21708701/tmpg8h6z1y3.pyomo.lp
Reading time = 0.59 seconds
x1: 176513 rows, 50050 columns, 1016320 nonzeros
Set parameter OutputFlag to value 1
Set parameter MIPGap to value 0.002
Set parameter Threads to value 48
Set parameter Presolve to value 1
Set parameter Cuts to value 1
Set parameter NodefileStart to value 1
Set parameter NodefileDir to value "/scratch-local/lbeemster.21708701/gurobi_maxh2_0.18_sub30.0_run1"
Set parameter MemLimit to value 60
Gurobi Optimizer version 12.0.3 build v12.0.3rc0 (linux64 - "Red Hat Enterprise Linux 9.6 (Plow)")

CPU model: AMD EPYC 9654 96-Core Processor, instruction set [SSE2|AVX|AVX2|AVX512]
Thread count: 192 physical cores, 192 logical processors, using up to 48 threads

Non-default parameters:
MemLimit  60
MIPGap  0.002
NodefileStart  1
Cuts  1
Presolve  1
Threads  48

Academic license 2514514 - for non-commercial use only - registered to l.___@student.vu.nl
Optimize a model with 176513 rows, 50050 columns and 1016320 nonzeros
Model fingerprint: 0xd7a27e8e
Variable types: 39426 continuous, 10624 integer (10624 binary)
Coefficient statistics:
  Matrix range     [6e-05, 1e+05]
  Objective range  [2e+00, 3e+04]
  Bounds range     [1e+00, 1e+00]
  RHS range        [3e-01, 2e+05]
Presolve removed 36337 rows and 24246 columns
Presolve time: 3.58s
Presolved: 140176 rows, 25804 columns, 891807 nonzeros
Variable types: 20020 continuous, 5784 integer (5784 binary)
Found heuristic solution: objective 1.996741e+07
Found heuristic solution: objective 2.012476e+07

Deterministic concurrent LP optimizer: primal simplex, dual simplex, and barrier
Showing barrier log only...

Root relaxation presolved: 24855 rows, 164858 columns, 916631 nonzeros

Root barrier log...

Ordering time: 0.05s

Barrier statistics:
 Free vars  : 1920
 AA' NZ     : 5.685e+05
 Factor NZ  : 1.467e+06 (roughly 90 MB of memory)
 Factor Ops : 1.046e+08 (less than 1 second per iteration)
 Threads    : 46

                  Objective                Residual
Iter       Primal          Dual         Primal    Dual     Compl     Time
   0   1.53963016e+12  3.13213159e+06  7.67e+06 3.25e+02  1.67e+08     8s
   1   1.06460094e+12 -1.99510691e+08  4.46e+06 3.59e+03  1.05e+08     8s
   2   8.24959335e+11 -2.04903135e+08  2.86e+06 2.25e+03  6.70e+07     8s
   3   5.68828197e+11 -1.62186368e+08  1.01e+06 1.21e+03  3.35e+07     8s
   4   4.32535636e+11 -1.08235785e+08  5.19e+05 6.35e+02  1.78e+07     8s
   5   3.34787092e+11 -7.80240806e+07  3.05e+05 3.85e+02  1.08e+07     8s
   6   2.33343870e+11 -5.03513039e+07  1.50e+05 2.14e+02  5.92e+06     8s
   7   1.35286463e+11 -1.99702478e+07  5.23e+04 9.59e+01  2.53e+06     8s
   8   1.02884445e+11 -8.18113744e+06  3.24e+04 5.61e+01  1.55e+06     8s
   9   6.72619471e+10 -3.85990620e+06  1.81e+04 3.36e+01  9.03e+05     8s
  10   4.00183330e+10 -1.57305307e+06  9.22e+03 1.73e+01  4.68e+05     8s
  11   2.23782852e+10 -7.78234764e+03  4.02e+03 9.00e+00  2.30e+05     9s
  12   1.39641829e+10  4.81809791e+05  2.20e+03 5.48e+00  1.34e+05     9s
  13   6.12831677e+09  9.94059947e+05  7.38e+02 2.34e+00  5.27e+04     9s
  14   4.08232569e+09  1.63895816e+06  4.56e+02 1.20e+00  3.18e+04     9s
  15   3.02682298e+09  3.80578754e+06  3.23e+02 5.62e-01  2.12e+04     9s
  16   2.22933435e+09  4.74290084e+06  2.30e+02 3.58e-01  1.50e+04     9s
  17   9.35605106e+08  6.81073088e+06  8.46e+01 1.19e-01  5.91e+03     9s
  18   4.47271752e+08  8.41325292e+06  3.64e+01 6.12e-02  2.74e+03     9s
  19   2.00100049e+08  1.11217083e+07  1.40e+01 2.80e-02  1.16e+03     9s
  20   1.30017931e+08  1.42410721e+07  8.34e+00 1.86e-02  6.92e+02     9s
  21   7.78169787e+07  1.72453774e+07  3.90e+00 9.46e-03  3.56e+02     9s
  22   5.35989838e+07  1.88990414e+07  2.11e+00 5.56e-03  2.02e+02     9s
  23   4.53895297e+07  1.98839435e+07  1.54e+00 2.91e-03  1.48e+02     9s
  24   3.61087681e+07  1.98561897e+07  9.66e-01 1.50e-03  9.41e+01     9s
  25   2.86678763e+07  2.06678215e+07  4.58e-01 2.75e-03  4.61e+01     9s
  26   2.57912314e+07  2.09319517e+07  2.75e-01 1.84e-03  2.80e+01     9s
  27   2.37396504e+07  2.10913986e+07  1.50e-01 1.75e-03  1.52e+01     9s

Barrier performed 27 iterations in 9.19 seconds (8.08 work units)
Barrier solve interrupted - model solved by another algorithm

Concurrent spin time: 0.18s

Solved with primal simplex

Root relaxation: objective 2.143532e+07, 29710 iterations, 2.15 seconds (1.80 work units)
Total elapsed time = 10.01s (DegenMoves)

    Nodes    |    Current Node    |     Objective Bounds      |     Work
 Expl Unexpl |  Obj  Depth IntInf | Incumbent    BestBd   Gap | It/Node Time

     0     0 2.1435e+07    0  329 2.0125e+07 2.1435e+07  6.51%     -   11s
     0     0 2.1425e+07    0  365 2.0125e+07 2.1425e+07  6.46%     -   14s
     0     0 2.1425e+07    0  433 2.0125e+07 2.1425e+07  6.46%     -   14s
     0     0 2.1425e+07    0  444 2.0125e+07 2.1425e+07  6.46%     -   15s
     0     0 2.1425e+07    0  442 2.0125e+07 2.1425e+07  6.46%     -   15s
     0     0 2.1420e+07    0  435 2.0125e+07 2.1420e+07  6.43%     -   17s
H    0     0                    2.121479e+07 2.1420e+07  0.97%     -   18s
     0     0 2.1420e+07    0  473 2.1215e+07 2.1420e+07  0.97%     -   19s
     0     0 2.1420e+07    0  466 2.1215e+07 2.1420e+07  0.97%     -   19s
     0     0 2.1420e+07    0  477 2.1215e+07 2.1420e+07  0.97%     -   19s
     0     0 2.1420e+07    0  480 2.1215e+07 2.1420e+07  0.97%     -   19s
     0     0 2.1419e+07    0  467 2.1215e+07 2.1419e+07  0.96%     -   22s
H    0     0                    2.122535e+07 2.1419e+07  0.91%     -   24s
     0     0 2.1419e+07    0  482 2.1225e+07 2.1419e+07  0.91%     -   24s
     0     0 2.1419e+07    0  482 2.1225e+07 2.1419e+07  0.91%     -   24s
     0     0 2.1419e+07    0  485 2.1225e+07 2.1419e+07  0.91%     -   24s
     0     0 2.1419e+07    0  464 2.1225e+07 2.1419e+07  0.91%     -   27s
     0     0 2.1419e+07    0  454 2.1225e+07 2.1419e+07  0.91%     -   29s
     0     0 2.1419e+07    0  466 2.1225e+07 2.1419e+07  0.91%     -   29s
     0     0 2.1419e+07    0  470 2.1225e+07 2.1419e+07  0.91%     -   29s
     0     0 2.1419e+07    0  405 2.1225e+07 2.1419e+07  0.91%     -   32s
     0     0 2.1419e+07    0  400 2.1225e+07 2.1419e+07  0.91%     -   33s
     0     0 2.1419e+07    0  425 2.1225e+07 2.1419e+07  0.91%     -   33s
     0     0 2.1419e+07    0  417 2.1225e+07 2.1419e+07  0.91%     -   35s
H    0     0                    2.123347e+07 2.1419e+07  0.87%     -   39s
     0     0 2.1419e+07    0  420 2.1233e+07 2.1419e+07  0.87%     -   40s
     0     0 2.1419e+07    0  424 2.1233e+07 2.1419e+07  0.87%     -   40s
     0     0 2.1419e+07    0  420 2.1233e+07 2.1419e+07  0.87%     -   40s
     0     0 2.1419e+07    0  388 2.1233e+07 2.1419e+07  0.87%     -   42s
     0     0 2.1419e+07    0  390 2.1233e+07 2.1419e+07  0.87%     -   43s
     0     0 2.1419e+07    0  392 2.1233e+07 2.1419e+07  0.87%     -   44s
     0     0 2.1419e+07    0  391 2.1233e+07 2.1419e+07  0.87%     -   46s
     0     0 2.1419e+07    0  386 2.1233e+07 2.1419e+07  0.87%     -   47s
     0     0 2.1419e+07    0  397 2.1233e+07 2.1419e+07  0.87%     -   49s
H    0     0                    2.124283e+07 2.1419e+07  0.83%     -   50s
     0     0 2.1419e+07    0  406 2.1243e+07 2.1419e+07  0.83%     -   51s
     0     0 2.1419e+07    0  403 2.1243e+07 2.1419e+07  0.83%     -   51s
     0     0 2.1419e+07    0  397 2.1243e+07 2.1419e+07  0.83%     -   53s
     0     0 2.1419e+07    0  397 2.1243e+07 2.1419e+07  0.83%     -   58s
H    0     0                    2.127889e+07 2.1419e+07  0.66%     -   67s
H    0     0                    2.128665e+07 2.1419e+07  0.62%     -   72s
H    0     0                    2.128875e+07 2.1419e+07  0.61%     -   74s
H    0     0                    2.129481e+07 2.1419e+07  0.58%     -   76s
H    0     2                    2.129943e+07 2.1419e+07  0.56%     -   79s
     0     2 2.1419e+07    0  397 2.1299e+07 2.1419e+07  0.56%     -   79s
     3     8 2.1417e+07    2  386 2.1299e+07 2.1418e+07  0.56%   303   80s
H   33    64                    2.129950e+07 2.1418e+07  0.56%   474   82s
    63   112 2.1416e+07    6  390 2.1300e+07 2.1418e+07  0.55%   954   85s
H  111   319                    2.131821e+07 2.1418e+07  0.47%   597   86s
   981  1248 2.1415e+07   19  372 2.1318e+07 2.1418e+07  0.47%   115   90s
H 1425  1592                    2.132586e+07 2.1418e+07  0.43%  93.8   93s
H 1461  1592                    2.132946e+07 2.1418e+07  0.41%  92.8   93s
  1946  2025 2.1413e+07   29  359 2.1329e+07 2.1418e+07  0.41%  82.0   96s
  3052  3096 2.1411e+07   41  325 2.1329e+07 2.1418e+07  0.41%  68.2  101s
H 3059  3096                    2.132965e+07 2.1418e+07  0.41%  68.1  101s
  5096  5484 2.1409e+07   62  290 2.1330e+07 2.1418e+07  0.41%  54.9  105s
  5559  5580 2.1408e+07   68  284 2.1330e+07 2.1418e+07  0.41%  53.3  113s
  5607  5628 2.1408e+07   69  284 2.1330e+07 2.1418e+07  0.41%  53.3  119s
H 5608  5487                    2.135161e+07 2.1418e+07  0.31%  53.3  119s
H 5610  5417                    2.135567e+07 2.1418e+07  0.29%  53.3  119s
H 5621  5395                    2.135668e+07 2.1418e+07  0.29%  53.3  119s
  5655  5409 2.1407e+07   70  276 2.1357e+07 2.1418e+07  0.29%  53.3  121s
  6364  6418 2.1406e+07   74  270 2.1357e+07 2.1418e+07  0.29%  53.0  125s
  8751  8810 2.1404e+07  120  225 2.1357e+07 2.1417e+07  0.28%  50.6  130s
 10135 10069 2.1403e+07  139  210 2.1357e+07 2.1417e+07  0.28%  48.7  135s
H10183  9794                    2.136111e+07 2.1417e+07  0.26%  48.7  135s
H10306  9744                    2.136234e+07 2.1417e+07  0.26%  48.6  135s
H10307  9730                    2.136242e+07 2.1417e+07  0.26%  48.6  135s
H10341  9725                    2.136255e+07 2.1417e+07  0.26%  48.5  135s
 11969 11404 2.1401e+07  158  180 2.1363e+07 2.1417e+07  0.26%  46.7  141s
 13919 13877 2.1397e+07  181  172 2.1363e+07 2.1417e+07  0.26%  44.6  145s
 16501 16030 2.1379e+07  224  126 2.1363e+07 2.1417e+07  0.26%  42.0  151s
H18061 15883                    2.136966e+07 2.1417e+07  0.22%  41.6  168s
 18062 15862 2.1400e+07   76  397 2.1370e+07 2.1417e+07  0.22%  41.6  195s
H18063 15069                    2.137893e+07 2.1417e+07  0.18%  41.6  285s

Cutting planes:
  Gomory: 3
  Cover: 9
  Implied bound: 124
  MIR: 720
  Flow cover: 510
  RLT: 2
  Relax-and-lift: 347
  BQP: 2

Explored 18063 nodes (833443 simplex iterations) in 302.09 seconds (328.00 work units)
Thread count was 48 (of 192 available processors)

Solution count 10: 2.13789e+07 2.13789e+07 2.13697e+07 ... 2.13516e+07

Optimal solution found (tolerance 2.00e-03)
Best objective 2.137893184342e+07, best bound 2.141727961922e+07, gap 0.1794%
Deleted nodefile directory: /scratch-local/lbeemster.21708701/gurobi_maxh2_0.18_sub30.0_run1
Saved model snapshot to study_case_model/figures/technical_experiment/run_10426/maxh2_0.18/sub30.0/run1/model_snapshot.pkl
Finished successfully!
