Gurobi shell based on Python 3.13.1 can be launched with command `gurobi.sh`
Gurobi Python Interface can be loaded in Python 3.13.1 with 'import gurobipy'
/var/spool/slurm/slurmd/job21705196/slurm_script: line 24: activate: No such file or directory
Solving model:, maxh2_0.19, sub30.0, run0
Read LP format model from file /scratch-local/lbeemster.21705196/tmp9qakl0ll.pyomo.lp
Reading time = 0.84 seconds
x1: 176513 rows, 50050 columns, 1016320 nonzeros
Set parameter OutputFlag to value 1
Set parameter MIPGap to value 0.002
Set parameter Threads to value 48
Set parameter Presolve to value 1
Set parameter Cuts to value 1
Set parameter NodefileStart to value 1
Set parameter NodefileDir to value "/scratch-local/lbeemster.21705196/gurobi_maxh2_0.19_sub30.0_run0"
Set parameter MemLimit to value 60
Gurobi Optimizer version 12.0.3 build v12.0.3rc0 (linux64 - "Red Hat Enterprise Linux 9.6 (Plow)")

CPU model: AMD EPYC 9654 96-Core Processor, instruction set [SSE2|AVX|AVX2|AVX512]
Thread count: 192 physical cores, 192 logical processors, using up to 48 threads

Non-default parameters:
MemLimit  60
MIPGap  0.002
NodefileStart  1
Cuts  1
Presolve  1
Threads  48

Academic license 2514514 - for non-commercial use only - registered to l.___@student.vu.nl
Optimize a model with 176513 rows, 50050 columns and 1016320 nonzeros
Model fingerprint: 0xaea60258
Variable types: 39426 continuous, 10624 integer (10624 binary)
Coefficient statistics:
  Matrix range     [6e-05, 1e+05]
  Objective range  [2e+00, 3e+04]
  Bounds range     [1e+00, 1e+00]
  RHS range        [3e-01, 2e+05]
Presolve removed 36073 rows and 24694 columns
Presolve time: 3.97s
Presolved: 140440 rows, 25356 columns, 872573 nonzeros
Variable types: 19684 continuous, 5672 integer (5672 binary)
Found heuristic solution: objective 1.879945e+07
Found heuristic solution: objective 1.885129e+07
Found heuristic solution: objective 1.917933e+07

Deterministic concurrent LP optimizer: primal simplex, dual simplex, and barrier
Showing barrier log only...

Root relaxation presolved: 24170 rows, 164574 columns, 896822 nonzeros

Root barrier log...

Ordering time: 0.04s

Barrier statistics:
 Free vars  : 1920
 AA' NZ     : 5.466e+05
 Factor NZ  : 1.393e+06 (roughly 90 MB of memory)
 Factor Ops : 9.729e+07 (less than 1 second per iteration)
 Threads    : 46

                  Objective                Residual
Iter       Primal          Dual         Primal    Dual     Compl     Time
   0   1.57327584e+12  3.26033870e+06  7.49e+06 3.81e+02  1.78e+08    10s
   1   1.07125880e+12 -2.04122691e+08  4.21e+06 3.90e+03  1.11e+08    10s
   2   8.47630186e+11 -2.11705758e+08  2.78e+06 2.65e+03  7.55e+07    10s
   3   6.55420108e+11 -1.85646637e+08  1.61e+06 1.67e+03  4.66e+07    10s
   4   4.94170385e+11 -1.44746258e+08  7.99e+05 1.19e+03  2.99e+07    10s
   5   4.46072764e+11 -1.11025163e+08  6.18e+05 8.13e+02  2.14e+07    10s
   6   3.89445074e+11 -8.34067878e+07  4.60e+05 5.00e+02  1.43e+07    10s
   7   3.27196875e+11 -6.39283256e+07  3.21e+05 3.32e+02  9.83e+06    10s
   8   2.91691608e+11 -5.62678304e+07  2.60e+05 2.82e+02  8.20e+06    10s
   9   2.01615303e+11 -4.02624358e+07  1.22e+05 1.87e+02  4.85e+06    10s
  10   1.41844407e+11 -2.56136808e+07  6.47e+04 1.19e+02  2.92e+06    10s
  11   1.06585702e+11 -1.01718343e+07  3.99e+04 6.07e+01  1.64e+06    10s
  12   7.28249798e+10 -5.57280258e+06  2.28e+04 4.27e+01  1.05e+06    11s
  13   4.06116644e+10 -2.09333103e+06  9.36e+03 1.99e+01  4.91e+05    11s
  14   2.41493013e+10 -6.41012097e+05  4.43e+03 1.37e+01  2.82e+05    11s
  15   1.29492777e+10  8.80031617e+05  1.89e+03 4.88e+00  1.20e+05    11s
  16   7.60447913e+09  1.08749033e+06  9.69e+02 3.76e+00  7.23e+04    11s
  17   3.58914988e+09  1.89766452e+06  3.69e+02 1.65e+00  3.14e+04    11s
  18   3.22870488e+09  3.71678800e+06  3.25e+02 8.84e-01  2.45e+04    11s
  19   2.22895401e+09  4.77455250e+06  2.12e+02 5.58e-01  1.59e+04    11s
  20   1.78597680e+09  6.42353847e+06  1.66e+02 2.47e-01  1.18e+04    11s
  21   1.04560465e+09  7.88891077e+06  9.21e+01 1.27e-01  6.62e+03    11s
  22   7.73447529e+08  8.83966790e+06  6.62e+01 6.48e-02  4.75e+03    11s
  23   3.12640798e+08  1.04596348e+07  2.43e+01 2.17e-02  1.84e+03    11s
  24   1.53956032e+08  1.34420613e+07  1.06e+01 1.28e-02  8.35e+02    11s
  25   8.82277723e+07  1.50268686e+07  4.94e+00 9.24e-03  4.31e+02    11s
  26   6.11530701e+07  1.74251059e+07  2.88e+00 5.30e-03  2.56e+02    11s
  27   4.24626395e+07  1.92002688e+07  1.36e+00 2.92e-03  1.35e+02    11s
  28   3.31046653e+07  1.94068268e+07  7.85e-01 1.68e-03  7.95e+01    11s
  29   2.93211405e+07  2.00268178e+07  5.38e-01 3.69e-03  5.39e+01    11s
  30   2.64487723e+07  2.03231366e+07  3.41e-01 2.03e-03  3.54e+01    11s
  31   2.36822999e+07  2.06033556e+07  1.68e-01 1.35e-03  1.78e+01    11s
  32   2.30134689e+07  2.07091219e+07  1.25e-01 9.24e-04  1.33e+01    11s

Barrier performed 32 iterations in 11.38 seconds (9.70 work units)
Barrier solve interrupted - model solved by another algorithm

Concurrent spin time: 0.27s (can be avoided by choosing Method=3)

Solved with primal simplex

Root relaxation: objective 2.091530e+07, 30591 iterations, 2.45 seconds (1.81 work units)

    Nodes    |    Current Node    |     Objective Bounds      |     Work
 Expl Unexpl |  Obj  Depth IntInf | Incumbent    BestBd   Gap | It/Node Time

     0     0 2.0915e+07    0  395 1.9179e+07 2.0915e+07  9.05%     -   12s
     0     0 2.0902e+07    0  433 1.9179e+07 2.0902e+07  8.98%     -   16s
H    0     0                    2.060206e+07 2.0902e+07  1.46%     -   17s
     0     0 2.0901e+07    0  455 2.0602e+07 2.0901e+07  1.45%     -   17s
     0     0 2.0901e+07    0  461 2.0602e+07 2.0901e+07  1.45%     -   17s
     0     0 2.0901e+07    0  456 2.0602e+07 2.0901e+07  1.45%     -   18s
     0     0 2.0900e+07    0  451 2.0602e+07 2.0900e+07  1.45%     -   20s
     0     0 2.0900e+07    0  466 2.0602e+07 2.0900e+07  1.45%     -   21s
     0     0 2.0900e+07    0  469 2.0602e+07 2.0900e+07  1.45%     -   21s
     0     0 2.0900e+07    0  471 2.0602e+07 2.0900e+07  1.45%     -   21s
     0     0 2.0900e+07    0  473 2.0602e+07 2.0900e+07  1.45%     -   21s
     0     0 2.0900e+07    0  435 2.0602e+07 2.0900e+07  1.45%     -   24s
     0     0 2.0900e+07    0  432 2.0602e+07 2.0900e+07  1.45%     -   26s
     0     0 2.0900e+07    0  445 2.0602e+07 2.0900e+07  1.45%     -   26s
     0     0 2.0900e+07    0  445 2.0602e+07 2.0900e+07  1.45%     -   26s
     0     0 2.0900e+07    0  446 2.0602e+07 2.0900e+07  1.45%     -   26s
     0     0 2.0900e+07    0  476 2.0602e+07 2.0900e+07  1.44%     -   29s
     0     0 2.0900e+07    0  468 2.0602e+07 2.0900e+07  1.44%     -   31s
     0     0 2.0900e+07    0  463 2.0602e+07 2.0900e+07  1.44%     -   32s
     0     0 2.0900e+07    0  476 2.0602e+07 2.0900e+07  1.44%     -   32s
     0     0 2.0899e+07    0  417 2.0602e+07 2.0899e+07  1.44%     -   35s
H    0     0                    2.060356e+07 2.0899e+07  1.44%     -   36s
     0     0 2.0899e+07    0  378 2.0604e+07 2.0899e+07  1.44%     -   36s
     0     0 2.0899e+07    0  379 2.0604e+07 2.0899e+07  1.44%     -   37s
     0     0 2.0899e+07    0  383 2.0604e+07 2.0899e+07  1.44%     -   37s
     0     0 2.0899e+07    0  393 2.0604e+07 2.0899e+07  1.43%     -   39s
H    0     0                    2.063831e+07 2.0899e+07  1.26%     -   44s
     0     0 2.0899e+07    0  383 2.0638e+07 2.0899e+07  1.26%     -   44s
     0     0 2.0899e+07    0  402 2.0638e+07 2.0899e+07  1.26%     -   45s
     0     0 2.0899e+07    0  377 2.0638e+07 2.0899e+07  1.26%     -   47s
     0     0 2.0899e+07    0  381 2.0638e+07 2.0899e+07  1.26%     -   49s
     0     0 2.0899e+07    0  385 2.0638e+07 2.0899e+07  1.26%     -   49s
     0     0 2.0899e+07    0  383 2.0638e+07 2.0899e+07  1.26%     -   50s
     0     0 2.0899e+07    0  379 2.0638e+07 2.0899e+07  1.26%     -   52s
     0     0 2.0899e+07    0  396 2.0638e+07 2.0899e+07  1.26%     -   52s
     0     0 2.0899e+07    0  394 2.0638e+07 2.0899e+07  1.26%     -   53s
     0     0 2.0899e+07    0  397 2.0638e+07 2.0899e+07  1.26%     -   53s
     0     0 2.0899e+07    0  360 2.0638e+07 2.0899e+07  1.26%     -   55s
     0     0 2.0899e+07    0  369 2.0638e+07 2.0899e+07  1.26%     -   58s
     0     0 2.0899e+07    0  367 2.0638e+07 2.0899e+07  1.26%     -   58s
     0     0 2.0899e+07    0  364 2.0638e+07 2.0899e+07  1.26%     -   60s
     0     0 2.0899e+07    0  364 2.0638e+07 2.0899e+07  1.26%     -   66s
H    0     0                    2.075817e+07 2.0899e+07  0.68%     -   73s
H    0     0                    2.078288e+07 2.0899e+07  0.56%     -   74s
H    0     0                    2.081467e+07 2.0899e+07  0.40%     -   76s
H    0     0                    2.081858e+07 2.0899e+07  0.39%     -   79s
     0     2 2.0899e+07    0  364 2.0819e+07 2.0899e+07  0.39%     -   85s
H   64   112                    2.082673e+07 2.0899e+07  0.35%   138   89s
H   92   112                    2.082679e+07 2.0899e+07  0.35%   116   89s
   111   170 2.0899e+07    7  374 2.0827e+07 2.0899e+07  0.35%   117   92s
H  169   372                    2.083475e+07 2.0899e+07  0.31%  91.3   93s
H  203   372                    2.084120e+07 2.0899e+07  0.28%  84.9   93s
   738   852 2.0899e+07   18  369 2.0841e+07 2.0899e+07  0.28%  55.8   95s
  1335  1421 2.0898e+07   26  356 2.0841e+07 2.0899e+07  0.28%  50.4  100s
  1476  1522 2.0898e+07   28  361 2.0841e+07 2.0899e+07  0.28%  50.2  108s
  1529  1575 2.0898e+07   29  356 2.0841e+07 2.0899e+07  0.28%  49.5  112s
  1585  1629 2.0898e+07   30  358 2.0841e+07 2.0899e+07  0.28%  49.2  118s
H 1593  1629                    2.084156e+07 2.0899e+07  0.27%  49.1  118s
  1643  1677 2.0898e+07   30  350 2.0842e+07 2.0899e+07  0.27%  48.7  121s
H 1693  1727                    2.084159e+07 2.0899e+07  0.27%  48.8  124s
H 1694  1727                    2.084459e+07 2.0899e+07  0.26%  48.9  124s
H 1695  1727                    2.084490e+07 2.0899e+07  0.26%  48.9  124s
H 1699  1727                    2.084574e+07 2.0899e+07  0.25%  48.9  124s
H 1717  1727                    2.084587e+07 2.0899e+07  0.25%  48.9  124s
  1741  1937 2.0898e+07   32  360 2.0846e+07 2.0899e+07  0.25%  48.9  125s
  3096  3312 2.0896e+07   57  341 2.0846e+07 2.0899e+07  0.25%  44.9  130s
  4608  4756 2.0892e+07   72  344 2.0846e+07 2.0899e+07  0.25%  44.3  135s
  6657  6742 2.0890e+07  110  276 2.0846e+07 2.0899e+07  0.25%  42.9  140s
  8423  8334 2.0887e+07  132  261 2.0846e+07 2.0899e+07  0.25%  42.6  145s
  9972  9378 2.0886e+07  157  258 2.0846e+07 2.0899e+07  0.25%  41.9  151s
 11248 10943 2.0886e+07  175  250 2.0846e+07 2.0899e+07  0.25%  42.1  155s
H13121 10708                    2.085260e+07 2.0899e+07  0.22%  42.4  185s
H13121 10678                    2.085283e+07 2.0899e+07  0.22%  42.4  185s
H13121 10631                    2.085331e+07 2.0899e+07  0.22%  42.4  188s
H13121 10582                    2.085383e+07 2.0899e+07  0.22%  42.4  188s
 13122 10530 2.0861e+07  102  364 2.0854e+07 2.0899e+07  0.22%  42.3  209s
H13123 10004                    2.085390e+07 2.0899e+07  0.21%  42.3  297s
H13123  9504                    2.085523e+07 2.0898e+07  0.20%  42.3  318s
H13123  9029                    2.085526e+07 2.0898e+07  0.20%  42.3  318s
 13125  9030 2.0878e+07   93  375 2.0855e+07 2.0898e+07  0.20%  42.3  325s
H13125  8578                    2.085830e+07 2.0898e+07  0.19%  42.3  325s

Cutting planes:
  Gomory: 17
  Cover: 10
  Implied bound: 216
  MIR: 902
  Flow cover: 714
  RLT: 3
  Relax-and-lift: 355

Explored 13125 nodes (650909 simplex iterations) in 325.94 seconds (329.96 work units)
Thread count was 48 (of 192 available processors)

Solution count 10: 2.08583e+07 2.08583e+07 2.08553e+07 ... 2.08459e+07

Optimal solution found (tolerance 2.00e-03)
Best objective 2.085829544218e+07, best bound 2.089766696339e+07, gap 0.1888%
Deleted nodefile directory: /scratch-local/lbeemster.21705196/gurobi_maxh2_0.19_sub30.0_run0
Saved model snapshot to study_case_model/figures/technical_experiment/run_10426/maxh2_0.19/sub30.0/run0/model_snapshot.pkl
Finished successfully!
