Gurobi shell based on Python 3.13.1 can be launched with command `gurobi.sh`
Gurobi Python Interface can be loaded in Python 3.13.1 with 'import gurobipy'
/var/spool/slurm/slurmd/job21704814/slurm_script: line 24: activate: No such file or directory
Solving model:, maxh2_0.0, sub30.0, run0
Read LP format model from file /scratch-local/lbeemster.21704814/tmpp4odm7_7.pyomo.lp
Reading time = 0.65 seconds
x1: 176513 rows, 50050 columns, 1012992 nonzeros
Set parameter OutputFlag to value 1
Set parameter MIPGap to value 0.002
Set parameter Threads to value 48
Set parameter Presolve to value 1
Set parameter Cuts to value 1
Set parameter NodefileStart to value 1
Set parameter NodefileDir to value "/scratch-local/lbeemster.21704814/gurobi_maxh2_0.0_sub30.0_run0"
Set parameter MemLimit to value 60
Gurobi Optimizer version 12.0.3 build v12.0.3rc0 (linux64 - "Red Hat Enterprise Linux 9.6 (Plow)")

CPU model: AMD EPYC 9654 96-Core Processor, instruction set [SSE2|AVX|AVX2|AVX512]
Thread count: 192 physical cores, 192 logical processors, using up to 48 threads

Non-default parameters:
MemLimit  60
MIPGap  0.002
NodefileStart  1
Cuts  1
Presolve  1
Threads  48

Academic license 2514514 - for non-commercial use only - registered to l.___@student.vu.nl
Optimize a model with 176513 rows, 50050 columns and 1012992 nonzeros
Model fingerprint: 0x816b0488
Variable types: 39426 continuous, 10624 integer (10624 binary)
Coefficient statistics:
  Matrix range     [6e-05, 1e+05]
  Objective range  [2e+00, 3e+04]
  Bounds range     [1e+00, 1e+00]
  RHS range        [3e-01, 2e+05]
Presolve removed 37825 rows and 27807 columns
Presolve time: 2.77s
Presolved: 138688 rows, 22243 columns, 723343 nonzeros
Variable types: 16611 continuous, 5632 integer (5632 binary)

Deterministic concurrent LP optimizer: primal simplex, dual simplex, and barrier
Showing barrier log only...

Root relaxation presolved: 20404 rows, 158988 columns, 743746 nonzeros

Root barrier log...

Ordering time: 0.04s

Barrier statistics:
 Free vars  : 1664
 AA' NZ     : 4.622e+05
 Factor NZ  : 9.791e+05 (roughly 80 MB of memory)
 Factor Ops : 5.751e+07 (less than 1 second per iteration)
 Threads    : 45

                  Objective                Residual
Iter       Primal          Dual         Primal    Dual     Compl     Time
   0   1.56982853e+12  3.72559218e+06  7.85e+06 3.81e+02  1.80e+08     4s
   1   1.12705776e+12 -2.42421427e+08  4.69e+06 3.74e+03  1.12e+08     4s
   2   9.60846875e+11 -2.57296324e+08  3.43e+06 2.44e+03  7.80e+07     5s
   3   6.80715172e+11 -1.93789062e+08  1.44e+06 1.35e+03  3.97e+07     5s
   4   5.14125109e+11 -1.47096584e+08  7.57e+05 8.53e+02  2.38e+07     5s
   5   4.60085749e+11 -1.11612055e+08  6.11e+05 5.64e+02  1.70e+07     5s
   6   4.00050538e+11 -9.16621873e+07  4.60e+05 4.06e+02  1.26e+07     5s
   7   3.32671474e+11 -7.51141439e+07  3.24e+05 3.11e+02  9.37e+06     5s
   8   2.86163032e+11 -6.22496809e+07  2.47e+05 2.32e+02  7.05e+06     5s
   9   2.22779725e+11 -5.31348891e+07  1.59e+05 1.88e+02  5.23e+06     5s
  10   1.60288630e+11 -3.62196458e+07  8.91e+04 1.21e+02  3.24e+06     5s
  11   1.25252318e+11 -2.12836722e+07  5.92e+04 6.81e+01  2.01e+06     5s
  12   7.50711571e+10 -1.28902810e+07  2.62e+04 4.16e+01  1.09e+06     5s
  13   4.94142011e+10 -4.23232652e+06  1.41e+04 1.57e+01  5.26e+05     5s
  14   2.76862148e+10 -1.21575983e+06  6.83e+03 7.52e+00  2.58e+05     5s
  15   1.00515094e+10  3.73041956e+05  1.93e+03 3.62e+00  8.99e+04     5s
  16   4.46154755e+09  1.50145501e+06  7.19e+02 1.42e+00  3.62e+04     5s
  17   2.54122388e+09  2.23456753e+06  3.82e+02 8.38e-01  1.99e+04     5s
  18   1.67913866e+09  3.80574760e+06  2.39e+02 2.92e-01  1.19e+04     5s
  19   1.10182300e+09  5.24965653e+06  1.50e+02 1.50e-01  7.50e+03     5s
  20   4.53573752e+08  6.80756547e+06  5.33e+01 6.25e-02  2.96e+03     5s
  21   2.28349263e+08  8.63191833e+06  2.38e+01 3.28e-02  1.43e+03     5s
  22   1.63991032e+08  1.21696901e+07  1.63e+01 1.56e-02  9.73e+02     5s
  23   1.24458376e+08  1.47624003e+07  1.14e+01 9.93e-03  6.96e+02     5s
  24   9.03461461e+07  1.62863088e+07  7.45e+00 7.14e-03  4.67e+02     5s
  25   6.88182542e+07  1.77709857e+07  5.04e+00 4.60e-03  3.21e+02     5s
  26   4.73500775e+07  1.92058019e+07  2.64e+00 3.37e-03  1.76e+02     5s

Barrier performed 26 iterations in 5.35 seconds (4.81 work units)
Barrier solve interrupted - model solved by another algorithm

Concurrent spin time: 0.44s (can be avoided by choosing Method=3)

Solved with primal simplex

Root relaxation: objective 2.091527e+07, 22128 iterations, 1.92 seconds (1.45 work units)

    Nodes    |    Current Node    |     Objective Bounds      |     Work
 Expl Unexpl |  Obj  Depth IntInf | Incumbent    BestBd   Gap | It/Node Time

     0     0 2.0915e+07    0  361          - 2.0915e+07      -     -    6s
H    0     0                    2.027523e+07 2.0915e+07  3.16%     -    7s
     0     0 2.0902e+07    0  435 2.0275e+07 2.0902e+07  3.09%     -   11s
H    0     0                    2.028855e+07 2.0902e+07  3.02%     -   12s
     0     0 2.0901e+07    0  438 2.0289e+07 2.0901e+07  3.02%     -   13s
     0     0 2.0901e+07    0  445 2.0289e+07 2.0901e+07  3.02%     -   13s
     0     0 2.0901e+07    0  446 2.0289e+07 2.0901e+07  3.02%     -   13s
     0     0 2.0900e+07    0  429 2.0289e+07 2.0900e+07  3.01%     -   16s
H    0     0                    2.054012e+07 2.0900e+07  1.75%     -   17s
     0     0 2.0900e+07    0  444 2.0540e+07 2.0900e+07  1.75%     -   19s
     0     0 2.0900e+07    0  459 2.0540e+07 2.0900e+07  1.75%     -   19s
     0     0 2.0900e+07    0  464 2.0540e+07 2.0900e+07  1.75%     -   19s
     0     0 2.0900e+07    0  425 2.0540e+07 2.0900e+07  1.75%     -   22s
     0     0 2.0900e+07    0  455 2.0540e+07 2.0900e+07  1.75%     -   23s
     0     0 2.0900e+07    0  460 2.0540e+07 2.0900e+07  1.75%     -   24s
     0     0 2.0900e+07    0  464 2.0540e+07 2.0900e+07  1.75%     -   24s
     0     0 2.0900e+07    0  464 2.0540e+07 2.0900e+07  1.75%     -   24s
H    0     0                    2.054633e+07 2.0900e+07  1.72%     -   27s
     0     0 2.0899e+07    0  460 2.0546e+07 2.0899e+07  1.72%     -   27s
H    0     0                    2.055554e+07 2.0899e+07  1.67%     -   28s
H    0     0                    2.056103e+07 2.0899e+07  1.65%     -   28s
     0     0 2.0899e+07    0  482 2.0561e+07 2.0899e+07  1.65%     -   28s
     0     0 2.0899e+07    0  487 2.0561e+07 2.0899e+07  1.65%     -   28s
     0     0 2.0899e+07    0  488 2.0561e+07 2.0899e+07  1.65%     -   28s
H    0     0                    2.057768e+07 2.0899e+07  1.56%     -   30s
     0     0 2.0899e+07    0  382 2.0578e+07 2.0899e+07  1.56%     -   31s
H    0     0                    2.058336e+07 2.0899e+07  1.53%     -   33s
H    0     0                    2.058949e+07 2.0899e+07  1.50%     -   33s
H    0     0                    2.059057e+07 2.0899e+07  1.50%     -   33s
     0     0 2.0899e+07    0  378 2.0591e+07 2.0899e+07  1.50%     -   33s
     0     0 2.0899e+07    0  370 2.0591e+07 2.0899e+07  1.50%     -   33s
     0     0 2.0899e+07    0  370 2.0591e+07 2.0899e+07  1.50%     -   34s
     0     0 2.0899e+07    0  372 2.0591e+07 2.0899e+07  1.50%     -   36s
H    0     0                    2.059698e+07 2.0899e+07  1.47%     -   39s
H    0     0                    2.061321e+07 2.0899e+07  1.39%     -   39s
     0     0 2.0899e+07    0  365 2.0613e+07 2.0899e+07  1.39%     -   39s
     0     0 2.0899e+07    0  365 2.0613e+07 2.0899e+07  1.39%     -   39s
     0     0 2.0899e+07    0  366 2.0613e+07 2.0899e+07  1.39%     -   39s
     0     0 2.0899e+07    0  365 2.0613e+07 2.0899e+07  1.38%     -   41s
     0     0 2.0899e+07    0  368 2.0613e+07 2.0899e+07  1.38%     -   43s
     0     0 2.0899e+07    0  368 2.0613e+07 2.0899e+07  1.38%     -   44s
H    0     0                    2.068883e+07 2.0899e+07  1.01%     -   46s
     0     0 2.0899e+07    0  362 2.0689e+07 2.0899e+07  1.01%     -   46s
     0     0 2.0899e+07    0  357 2.0689e+07 2.0899e+07  1.01%     -   46s
     0     0 2.0899e+07    0  372 2.0689e+07 2.0899e+07  1.01%     -   46s
     0     0 2.0899e+07    0  368 2.0689e+07 2.0899e+07  1.01%     -   46s
     0     0 2.0898e+07    0  356 2.0689e+07 2.0898e+07  1.01%     -   48s
     0     0 2.0898e+07    0  365 2.0689e+07 2.0898e+07  1.01%     -   50s
     0     0 2.0898e+07    0  366 2.0689e+07 2.0898e+07  1.01%     -   51s
     0     0 2.0898e+07    0  363 2.0689e+07 2.0898e+07  1.01%     -   53s
H    0     0                    2.068893e+07 2.0898e+07  1.01%     -   58s
H    0     0                    2.069067e+07 2.0898e+07  1.00%     -   58s
H    0     0                    2.069071e+07 2.0898e+07  1.00%     -   58s
H    0     0                    2.069277e+07 2.0898e+07  0.99%     -   58s
H    0     0                    2.069284e+07 2.0898e+07  0.99%     -   58s
     0     0 2.0898e+07    0  363 2.0693e+07 2.0898e+07  0.99%     -   59s
H    0     0                    2.077834e+07 2.0898e+07  0.58%     -   65s
H    0     0                    2.080159e+07 2.0898e+07  0.47%     -   67s
H    0     0                    2.080365e+07 2.0898e+07  0.46%     -   70s
H    0     0                    2.080652e+07 2.0898e+07  0.44%     -   75s
     0     2 2.0898e+07    0  363 2.0807e+07 2.0898e+07  0.44%     -   76s
    31    64 2.0898e+07    5  377 2.0807e+07 2.0898e+07  0.44%   129   80s
H   64   112                    2.081623e+07 2.0898e+07  0.39%  94.3   84s
H   89   112                    2.081874e+07 2.0898e+07  0.38%  96.6   84s
   111   592 2.0898e+07    7  370 2.0819e+07 2.0898e+07  0.38%  96.9   87s
H  591   640                    2.082113e+07 2.0898e+07  0.37%  52.8   90s
  1730  1779 2.0897e+07   36  329 2.0821e+07 2.0898e+07  0.37%  50.3  100s
  1778  1827 2.0897e+07   36  321 2.0821e+07 2.0898e+07  0.37%  49.9  107s
H 1779  1827                    2.082376e+07 2.0898e+07  0.36%  49.9  107s
H 1782  1827                    2.082417e+07 2.0898e+07  0.36%  49.9  107s
H 1819  1827                    2.082904e+07 2.0898e+07  0.33%  50.0  107s
  1826  2729 2.0897e+07   37  321 2.0829e+07 2.0898e+07  0.33%  49.9  111s
  2743  4367 2.0896e+07   52  301 2.0829e+07 2.0898e+07  0.33%  46.6  115s
  4455  4973 2.0892e+07   80  283 2.0829e+07 2.0898e+07  0.33%  43.9  120s
H 4470  4839                    2.083483e+07 2.0898e+07  0.30%  44.0  120s
H 4482  4791                    2.083954e+07 2.0898e+07  0.28%  44.0  120s
H 4532  4791                    2.083958e+07 2.0898e+07  0.28%  43.9  120s
H 4622  4791                    2.083985e+07 2.0898e+07  0.28%  43.9  120s
H 4632  4707                    2.084519e+07 2.0898e+07  0.25%  43.9  120s
H 4913  4683                    2.084645e+07 2.0898e+07  0.25%  43.5  120s
  7232  8435 2.0890e+07  116  262 2.0846e+07 2.0898e+07  0.25%  40.8  128s
H 7325  8355                    2.085075e+07 2.0898e+07  0.23%  41.0  128s
H 7410  8209                    2.085561e+07 2.0898e+07  0.20%  41.1  128s
H 7935  8178                    2.085647e+07 2.0898e+07  0.20%  41.0  128s
H 8128  8080                    2.085897e+07 2.0898e+07  0.19%  41.0  128s

Cutting planes:
  Learned: 1
  Gomory: 29
  Cover: 62
  Implied bound: 2614
  MIR: 919
  Flow cover: 1277
  RLT: 6
  Relax-and-lift: 513

Explored 9189 nodes (406510 simplex iterations) in 128.96 seconds (143.62 work units)
Thread count was 48 (of 192 available processors)

Solution count 10: 2.0859e+07 2.0859e+07 2.08565e+07 ... 2.0829e+07

Optimal solution found (tolerance 2.00e-03)
Best objective 2.085896731048e+07, best bound 2.089829351605e+07, gap 0.1885%
Deleted nodefile directory: /scratch-local/lbeemster.21704814/gurobi_maxh2_0.0_sub30.0_run0
Saved model snapshot to study_case_model/figures/technical_experiment/run_10426/maxh2_0.0/sub30.0/run0/model_snapshot.pkl
Finished successfully!
