Gurobi shell based on Python 3.13.1 can be launched with command `gurobi.sh`
Gurobi Python Interface can be loaded in Python 3.13.1 with 'import gurobipy'
/var/spool/slurm/slurmd/job21705340/slurm_script: line 24: activate: No such file or directory
Solving model:, maxh2_0.07, sub45.0, run0
Read LP format model from file /scratch-local/lbeemster.21705340/tmp6o72xw8l.pyomo.lp
Reading time = 0.61 seconds
x1: 176513 rows, 50050 columns, 1016320 nonzeros
Set parameter OutputFlag to value 1
Set parameter MIPGap to value 0.002
Set parameter Threads to value 48
Set parameter Presolve to value 1
Set parameter Cuts to value 1
Set parameter NodefileStart to value 1
Set parameter NodefileDir to value "/scratch-local/lbeemster.21705340/gurobi_maxh2_0.07_sub45.0_run0"
Set parameter MemLimit to value 60
Gurobi Optimizer version 12.0.3 build v12.0.3rc0 (linux64 - "Red Hat Enterprise Linux 9.6 (Plow)")

CPU model: AMD EPYC 9654 96-Core Processor, instruction set [SSE2|AVX|AVX2|AVX512]
Thread count: 192 physical cores, 192 logical processors, using up to 48 threads

Non-default parameters:
MemLimit  60
MIPGap  0.002
NodefileStart  1
Cuts  1
Presolve  1
Threads  48

Academic license 2514514 - for non-commercial use only - registered to l.___@student.vu.nl
Optimize a model with 176513 rows, 50050 columns and 1016320 nonzeros
Model fingerprint: 0xc3478a65
Variable types: 39426 continuous, 10624 integer (10624 binary)
Coefficient statistics:
  Matrix range     [6e-05, 1e+05]
  Objective range  [2e+00, 3e+04]
  Bounds range     [1e+00, 1e+00]
  RHS range        [3e-01, 2e+05]
Presolve removed 36521 rows and 24854 columns
Presolve time: 3.70s
Presolved: 139992 rows, 25196 columns, 863904 nonzeros
Variable types: 19564 continuous, 5632 integer (5632 binary)
Found heuristic solution: objective 1.920696e+07
Found heuristic solution: objective 1.933380e+07

Deterministic concurrent LP optimizer: primal simplex, dual simplex, and barrier
Showing barrier log only...

Root relaxation presolved: 24067 rows, 164047 columns, 888074 nonzeros

Root barrier log...

Ordering time: 0.04s

Barrier statistics:
 Free vars  : 1920
 AA' NZ     : 5.397e+05
 Factor NZ  : 1.385e+06 (roughly 90 MB of memory)
 Factor Ops : 9.658e+07 (less than 1 second per iteration)
 Threads    : 46

                  Objective                Residual
Iter       Primal          Dual         Primal    Dual     Compl     Time
   0   1.59361041e+12  3.55428286e+06  7.57e+06 3.81e+02  1.80e+08     9s
   1   1.14529608e+12 -2.20894945e+08  4.64e+06 3.92e+03  1.16e+08     9s
   2   8.47606214e+11 -2.30165188e+08  2.72e+06 2.58e+03  7.40e+07     9s
   3   6.92490647e+11 -2.01023775e+08  1.84e+06 1.77e+03  5.12e+07    10s
   4   5.45724813e+11 -1.59600916e+08  1.05e+06 1.23e+03  3.36e+07    10s
   5   4.92142236e+11 -1.28101957e+08  8.21e+05 8.99e+02  2.52e+07    10s
   6   4.16193706e+11 -1.06569212e+08  5.69e+05 6.81e+02  1.86e+07    10s
   7   3.02940790e+11 -8.44595928e+07  2.72e+05 4.59e+02  1.15e+07    10s
   8   2.28724113e+11 -5.25482306e+07  1.46e+05 2.45e+02  6.33e+06    10s
   9   1.53798423e+11 -2.25531399e+07  6.48e+04 1.09e+02  2.95e+06    10s
  10   1.16668948e+11 -1.15852714e+07  3.96e+04 6.54e+01  1.83e+06    10s
  11   9.16726986e+10 -7.07423638e+06  2.77e+04 4.71e+01  1.30e+06    10s
  12   5.38437114e+10 -3.23087294e+06  1.29e+04 2.54e+01  6.79e+05    10s
  13   3.37033397e+10 -1.69587887e+06  6.74e+03 1.81e+01  4.15e+05    10s
  14   1.75265669e+10 -1.00985014e+04  2.77e+03 1.03e+01  2.02e+05    10s
  15   1.19855415e+10  1.00249167e+06  1.72e+03 5.00e+00  1.15e+05    10s
  16   5.88576035e+09  1.31474617e+06  6.66e+02 3.59e+00  5.92e+04    10s
  17   3.96289543e+09  2.30757295e+06  4.10e+02 1.64e+00  3.37e+04    10s
  18   2.30304962e+09  4.49726627e+06  2.10e+02 8.23e-01  1.79e+04    10s
  19   1.84226555e+09  5.92045928e+06  1.63e+02 4.63e-01  1.31e+04    10s
  20   9.94915169e+08  7.91283012e+06  8.14e+01 1.38e-01  6.47e+03    10s
  21   3.64174162e+08  1.01381638e+07  2.45e+01 3.42e-02  2.17e+03    10s
  22   1.54453950e+08  1.26860181e+07  9.14e+00 1.40e-02  8.54e+02    10s
  23   9.50800323e+07  1.48248597e+07  4.94e+00 8.83e-03  4.78e+02    10s
  24   6.74978172e+07  1.78978712e+07  3.00e+00 5.00e-03  2.93e+02    10s
  25   4.66791385e+07  1.89284294e+07  1.59e+00 3.72e-03  1.63e+02    10s
  26   3.87101339e+07  1.92668027e+07  1.10e+00 2.33e-03  1.14e+02    10s
  27   3.03362925e+07  1.98148937e+07  5.54e-01 2.15e-03  6.12e+01    10s
  28   2.70624292e+07  2.02498995e+07  3.57e-01 3.13e-03  3.95e+01    11s
  29   2.49786999e+07  2.04811639e+07  2.33e-01 2.02e-03  2.61e+01    11s
  30   2.33692757e+07  2.06901185e+07  1.39e-01 1.19e-03  1.55e+01    11s
  31   2.24065896e+07  2.07522403e+07  8.38e-02 1.25e-03  9.56e+00    11s
  32   2.17525262e+07  2.08136659e+07  4.68e-02 6.29e-04  5.42e+00    11s

Barrier performed 32 iterations in 10.70 seconds (9.18 work units)
Barrier solve interrupted - model solved by another algorithm

Concurrent spin time: 0.30s (can be avoided by choosing Method=3)

Solved with primal simplex

Root relaxation: objective 2.093663e+07, 28863 iterations, 2.45 seconds (1.81 work units)

    Nodes    |    Current Node    |     Objective Bounds      |     Work
 Expl Unexpl |  Obj  Depth IntInf | Incumbent    BestBd   Gap | It/Node Time

     0     0 2.0937e+07    0  377 1.9334e+07 2.0937e+07  8.29%     -   12s
     0     0 2.0923e+07    0  460 1.9334e+07 2.0923e+07  8.22%     -   17s
H    0     0                    2.018190e+07 2.0923e+07  3.67%     -   18s
     0     0 2.0923e+07    0  524 2.0182e+07 2.0923e+07  3.67%     -   18s
     0     0 2.0923e+07    0  525 2.0182e+07 2.0923e+07  3.67%     -   18s
     0     0 2.0922e+07    0  525 2.0182e+07 2.0922e+07  3.67%     -   19s
     0     0 2.0922e+07    0  519 2.0182e+07 2.0922e+07  3.67%     -   19s
     0     0 2.0922e+07    0  520 2.0182e+07 2.0922e+07  3.67%     -   19s
     0     0 2.0921e+07    0  525 2.0182e+07 2.0921e+07  3.66%     -   22s
     0     0 2.0921e+07    0  533 2.0182e+07 2.0921e+07  3.66%     -   22s
     0     0 2.0921e+07    0  539 2.0182e+07 2.0921e+07  3.66%     -   23s
     0     0 2.0920e+07    0  468 2.0182e+07 2.0920e+07  3.66%     -   26s
H    0     0                    2.035418e+07 2.0920e+07  2.78%     -   27s
     0     0 2.0920e+07    0  479 2.0354e+07 2.0920e+07  2.78%     -   28s
     0     0 2.0920e+07    0  472 2.0354e+07 2.0920e+07  2.78%     -   28s
     0     0 2.0920e+07    0  474 2.0354e+07 2.0920e+07  2.78%     -   28s
     0     0 2.0920e+07    0  508 2.0354e+07 2.0920e+07  2.78%     -   32s
H    0     0                    2.048432e+07 2.0920e+07  2.13%     -   33s
     0     0 2.0920e+07    0  530 2.0484e+07 2.0920e+07  2.13%     -   33s
     0     0 2.0920e+07    0  527 2.0484e+07 2.0920e+07  2.13%     -   34s
     0     0 2.0920e+07    0  532 2.0484e+07 2.0920e+07  2.13%     -   34s
     0     0 2.0919e+07    0  486 2.0484e+07 2.0919e+07  2.12%     -   37s
     0     0 2.0919e+07    0  491 2.0484e+07 2.0919e+07  2.12%     -   38s
     0     0 2.0919e+07    0  502 2.0484e+07 2.0919e+07  2.12%     -   38s
     0     0 2.0919e+07    0  499 2.0484e+07 2.0919e+07  2.12%     -   38s
     0     0 2.0919e+07    0  462 2.0484e+07 2.0919e+07  2.12%     -   41s
     0     0 2.0919e+07    0  460 2.0484e+07 2.0919e+07  2.12%     -   42s
     0     0 2.0919e+07    0  447 2.0484e+07 2.0919e+07  2.12%     -   43s
     0     0 2.0919e+07    0  451 2.0484e+07 2.0919e+07  2.12%     -   43s
     0     0 2.0919e+07    0  453 2.0484e+07 2.0919e+07  2.12%     -   45s
H    0     0                    2.050419e+07 2.0919e+07  2.02%     -   47s
     0     0 2.0919e+07    0  445 2.0504e+07 2.0919e+07  2.02%     -   47s
     0     0 2.0919e+07    0  447 2.0504e+07 2.0919e+07  2.02%     -   47s
     0     0 2.0919e+07    0  416 2.0504e+07 2.0919e+07  2.02%     -   49s
     0     0 2.0919e+07    0  427 2.0504e+07 2.0919e+07  2.02%     -   51s
     0     0 2.0919e+07    0  432 2.0504e+07 2.0919e+07  2.02%     -   52s
     0     0 2.0919e+07    0  414 2.0504e+07 2.0919e+07  2.02%     -   54s
H    0     0                    2.050546e+07 2.0919e+07  2.02%     -   55s
     0     0 2.0919e+07    0  422 2.0505e+07 2.0919e+07  2.02%     -   55s
     0     0 2.0919e+07    0  428 2.0505e+07 2.0919e+07  2.02%     -   56s
     0     0 2.0919e+07    0  430 2.0505e+07 2.0919e+07  2.02%     -   56s
     0     0 2.0919e+07    0  401 2.0505e+07 2.0919e+07  2.02%     -   58s
     0     0 2.0919e+07    0  418 2.0505e+07 2.0919e+07  2.02%     -   61s
     0     0 2.0919e+07    0  418 2.0505e+07 2.0919e+07  2.02%     -   61s
     0     0 2.0919e+07    0  421 2.0505e+07 2.0919e+07  2.02%     -   63s
     0     0 2.0919e+07    0  421 2.0505e+07 2.0919e+07  2.02%     -   70s
H    0     0                    2.054662e+07 2.0919e+07  1.81%     -   72s
H    0     0                    2.068092e+07 2.0919e+07  1.15%     -   79s
H    0     0                    2.072076e+07 2.0919e+07  0.96%     -   81s
H    0     0                    2.074748e+07 2.0919e+07  0.83%     -   85s
H    0     0                    2.074853e+07 2.0919e+07  0.82%     -   87s
H    0     0                    2.075739e+07 2.0919e+07  0.78%     -   89s
H    0     0                    2.077083e+07 2.0919e+07  0.71%     -   89s
H    0     0                    2.077368e+07 2.0919e+07  0.70%     -   89s
     0     2 2.0919e+07    0  421 2.0774e+07 2.0919e+07  0.70%     -   91s
    31    64 2.0919e+07    5  435 2.0774e+07 2.0919e+07  0.70%   171   95s
H   64   112                    2.077822e+07 2.0919e+07  0.68%   122   99s
H   68   112                    2.078161e+07 2.0919e+07  0.66%   120   99s
H   73   112                    2.078204e+07 2.0919e+07  0.66%   118   99s
   111   592 2.0919e+07    7  436 2.0782e+07 2.0919e+07  0.66%   106  101s
   723  1137 2.0918e+07   14  413 2.0782e+07 2.0919e+07  0.66%  61.6  106s
H 1136  1762                    2.079026e+07 2.0919e+07  0.62%  59.4  111s
H 1160  1762                    2.079076e+07 2.0919e+07  0.61%  59.1  111s
H 1411  1762                    2.079096e+07 2.0919e+07  0.61%  58.0  111s
H 1700  1762                    2.079301e+07 2.0919e+07  0.60%  58.1  111s
H 1703  1762                    2.080205e+07 2.0919e+07  0.56%  58.1  111s
  1761  1810 2.0918e+07   26  410 2.0802e+07 2.0919e+07  0.56%  58.3  120s
  1809  1858 2.0918e+07   27  408 2.0802e+07 2.0919e+07  0.56%  58.3  130s
H 1817  1858                    2.080411e+07 2.0919e+07  0.55%  58.4  130s
H 1855  1858                    2.080575e+07 2.0919e+07  0.54%  58.7  130s
  1857  3333 2.0918e+07   28  407 2.0806e+07 2.0919e+07  0.54%  58.6  136s
H 3332  4597                    2.082508e+07 2.0919e+07  0.45%  56.0  142s
H 3393  4597                    2.082711e+07 2.0919e+07  0.44%  56.0  142s
H 3435  4596                    2.083009e+07 2.0919e+07  0.42%  56.1  142s
H 4216  4596                    2.083061e+07 2.0919e+07  0.42%  55.5  142s
H 4250  4596                    2.083264e+07 2.0919e+07  0.41%  55.6  142s
H 4604  5529                    2.083334e+07 2.0919e+07  0.41%  54.5  148s
H 4829  5519                    2.083501e+07 2.0919e+07  0.40%  54.5  148s
H 5006  5371                    2.084468e+07 2.0919e+07  0.35%  54.6  148s
  5913  6174 2.0910e+07   69  342 2.0845e+07 2.0919e+07  0.35%  53.0  154s
  6886  8305 2.0908e+07   81  307 2.0845e+07 2.0919e+07  0.35%  51.7  160s
  9066  9948 2.0905e+07  110  273 2.0845e+07 2.0919e+07  0.35%  49.5  165s
* 9710  9860             312    2.084598e+07 2.0919e+07  0.35%  50.1  165s
 10771 11705 2.0904e+07  129  270 2.0846e+07 2.0919e+07  0.35%  49.5  170s
 12714 11805 2.0902e+07  159  262 2.0846e+07 2.0919e+07  0.35%  47.8  178s
 12823 11911 2.0902e+07  160  260 2.0846e+07 2.0919e+07  0.35%  47.8  185s
H12830 11310                    2.085398e+07 2.0919e+07  0.31%  47.8  185s
 12929 13243 2.0902e+07  161  261 2.0854e+07 2.0919e+07  0.31%  48.0  190s
*14705 12751             283    2.086010e+07 2.0919e+07  0.28%  47.1  190s
*15376 13667             277    2.086505e+07 2.0919e+07  0.26%  47.4  194s
*15748 13376             290    2.086836e+07 2.0919e+07  0.24%  47.3  194s
 16615 14714 2.0900e+07  194  220 2.0868e+07 2.0919e+07  0.24%  47.0  198s
H18213 13042                    2.087915e+07 2.0919e+07  0.19%  46.9  217s

Cutting planes:
  Gomory: 18
  Cover: 60
  Implied bound: 3195
  Clique: 1
  MIR: 701
  Flow cover: 1119
  Relax-and-lift: 193

Explored 18213 nodes (907743 simplex iterations) in 236.14 seconds (270.16 work units)
Thread count was 48 (of 192 available processors)

Solution count 10: 2.08792e+07 2.08792e+07 2.08684e+07 ... 2.08333e+07

Optimal solution found (tolerance 2.00e-03)
Best objective 2.087915314972e+07, best bound 2.091856394121e+07, gap 0.1888%
Deleted nodefile directory: /scratch-local/lbeemster.21705340/gurobi_maxh2_0.07_sub45.0_run0
Saved model snapshot to study_case_model/figures/technical_experiment/run_10426/maxh2_0.07/sub45.0/run0/model_snapshot.pkl
Finished successfully!
