Gurobi shell based on Python 3.13.1 can be launched with command `gurobi.sh`
Gurobi Python Interface can be loaded in Python 3.13.1 with 'import gurobipy'
/var/spool/slurm/slurmd/job21715357/slurm_script: line 24: activate: No such file or directory
Solving model:, maxh2_0.19, sub45.0, run3
Read LP format model from file /scratch-local/lbeemster.21715357/tmpse_cgre_.pyomo.lp
Reading time = 0.54 seconds
x1: 176513 rows, 50050 columns, 1016320 nonzeros
Set parameter OutputFlag to value 1
Set parameter MIPGap to value 0.002
Set parameter Threads to value 48
Set parameter Presolve to value 1
Set parameter Cuts to value 1
Set parameter NodefileStart to value 1
Set parameter NodefileDir to value "/scratch-local/lbeemster.21715357/gurobi_maxh2_0.19_sub45.0_run3"
Set parameter MemLimit to value 60
Gurobi Optimizer version 12.0.3 build v12.0.3rc0 (linux64 - "Red Hat Enterprise Linux 9.6 (Plow)")

CPU model: AMD EPYC 9654 96-Core Processor, instruction set [SSE2|AVX|AVX2|AVX512]
Thread count: 192 physical cores, 192 logical processors, using up to 48 threads

Non-default parameters:
MemLimit  60
MIPGap  0.002
NodefileStart  1
Cuts  1
Presolve  1
Threads  48

Academic license 2514514 - for non-commercial use only - registered to l.___@student.vu.nl
Optimize a model with 176513 rows, 50050 columns and 1016320 nonzeros
Model fingerprint: 0x0896f30e
Variable types: 39426 continuous, 10624 integer (10624 binary)
Coefficient statistics:
  Matrix range     [6e-05, 1e+05]
  Objective range  [2e+00, 3e+04]
  Bounds range     [1e+00, 1e+00]
  RHS range        [3e-01, 2e+05]
Presolve removed 35401 rows and 24214 columns
Presolve time: 3.25s
Presolved: 141112 rows, 25836 columns, 864458 nonzeros
Variable types: 20044 continuous, 5792 integer (5792 binary)
Found heuristic solution: objective 1.946652e+07
Found heuristic solution: objective 1.953185e+07

Deterministic concurrent LP optimizer: primal simplex, dual simplex, and barrier
Showing barrier log only...

Root relaxation presolved: 24997 rows, 166050 columns, 889519 nonzeros

Root barrier log...

Ordering time: 0.05s

Barrier statistics:
 Free vars  : 1920
 AA' NZ     : 5.598e+05
 Factor NZ  : 1.474e+06 (roughly 90 MB of memory)
 Factor Ops : 1.056e+08 (less than 1 second per iteration)
 Threads    : 46

                  Objective                Residual
Iter       Primal          Dual         Primal    Dual     Compl     Time
   0   1.58602891e+12  2.60299541e+06  7.59e+06 3.09e+02  1.65e+08     8s
   1   1.07559742e+12 -1.99194894e+08  4.27e+06 3.58e+03  1.03e+08     8s
   2   7.32064767e+11 -2.05796315e+08  2.13e+06 2.28e+03  6.12e+07     8s
   3   5.37292591e+11 -1.19001736e+08  9.02e+05 1.01e+03  2.84e+07     8s
   4   4.12105701e+11 -7.70512456e+07  4.52e+05 5.45e+02  1.51e+07     8s
   5   3.55151384e+11 -6.26295965e+07  3.37e+05 3.95e+02  1.11e+07     8s
   6   2.42399355e+11 -4.29942908e+07  1.54e+05 2.43e+02  6.28e+06     8s
   7   1.67187453e+11 -1.90054646e+07  7.64e+04 1.09e+02  3.03e+06     8s
   8   1.19965912e+11 -8.77970341e+06  4.41e+04 6.16e+01  1.75e+06     8s
   9   6.48733114e+10 -4.10625023e+06  1.69e+04 3.09e+01  8.21e+05     8s
  10   3.84327948e+10 -1.82022377e+06  8.17e+03 1.67e+01  4.29e+05     8s
  11   1.88113691e+10 -5.41253712e+04  3.01e+03 6.37e+00  1.76e+05     8s
  12   1.12497586e+10  3.18652262e+05  1.58e+03 4.39e+00  1.04e+05     8s
  13   5.01001250e+09  1.56524814e+06  5.86e+02 1.57e+00  4.05e+04     8s
  14   3.30035359e+09  4.04941360e+06  3.59e+02 6.07e-01  2.32e+04     8s
  15   1.73800085e+09  5.57067800e+06  1.74e+02 3.92e-01  1.20e+04     8s
  16   1.07386011e+09  7.79656277e+06  1.01e+02 1.40e-01  6.83e+03     8s
  17   3.51777356e+08  9.71409706e+06  2.74e+01 5.66e-02  2.15e+03     8s
  18   1.63583285e+08  1.28399572e+07  1.13e+01 2.63e-02  9.30e+02     8s
  19   8.70146494e+07  1.53523759e+07  4.58e+00 1.23e-02  4.31e+02     8s
  20   6.49737057e+07  1.67603916e+07  2.84e+00 9.11e-03  2.87e+02     9s
  21   4.20110197e+07  1.94546871e+07  1.14e+00 4.58e-03  1.32e+02     9s
  22   3.40590324e+07  1.94691055e+07  6.97e-01 3.77e-03  8.44e+01     9s
  23   2.86912239e+07  2.04274632e+07  3.88e-01 2.63e-03  4.75e+01     9s
  24   2.61314911e+07  2.09013711e+07  2.44e-01 1.94e-03  3.00e+01     9s
  25   2.46767148e+07  2.11218722e+07  1.58e-01 1.54e-03  2.03e+01     9s
  26   2.39051352e+07  2.12400020e+07  1.16e-01 1.19e-03  1.52e+01     9s
  27   2.33375924e+07  2.14218643e+07  8.60e-02 1.21e-03  1.09e+01     9s

Barrier performed 27 iterations in 8.83 seconds (7.72 work units)
Barrier solve interrupted - model solved by another algorithm

Concurrent spin time: 0.01s

Solved with primal simplex

Root relaxation: objective 2.167739e+07, 25982 iterations, 2.09 seconds (1.77 work units)
Total elapsed time = 10.11s (DegenMoves)

    Nodes    |    Current Node    |     Objective Bounds      |     Work
 Expl Unexpl |  Obj  Depth IntInf | Incumbent    BestBd   Gap | It/Node Time

     0     0 2.1677e+07    0  425 1.9532e+07 2.1677e+07  11.0%     -   10s
     0     0 2.1636e+07    0  518 1.9532e+07 2.1636e+07  10.8%     -   15s
H    0     0                    2.091753e+07 2.1636e+07  3.43%     -   17s
     0     0 2.1615e+07    0  527 2.0918e+07 2.1615e+07  3.33%     -   17s
     0     0 2.1615e+07    0  540 2.0918e+07 2.1615e+07  3.33%     -   18s
     0     0 2.1615e+07    0  547 2.0918e+07 2.1615e+07  3.33%     -   18s
     0     0 2.1614e+07    0  572 2.0918e+07 2.1614e+07  3.33%     -   21s
H    0     0                    2.097531e+07 2.1614e+07  3.05%     -   22s
     0     0 2.1614e+07    0  577 2.0975e+07 2.1614e+07  3.05%     -   22s
     0     0 2.1614e+07    0  586 2.0975e+07 2.1614e+07  3.05%     -   22s
     0     0 2.1613e+07    0  557 2.0975e+07 2.1613e+07  3.04%     -   26s
H    0     0                    2.109640e+07 2.1613e+07  2.45%     -   27s
     0     0 2.1613e+07    0  604 2.1096e+07 2.1613e+07  2.45%     -   28s
     0     0 2.1613e+07    0  607 2.1096e+07 2.1613e+07  2.45%     -   28s
     0     0 2.1613e+07    0  612 2.1096e+07 2.1613e+07  2.45%     -   28s
     0     0 2.1613e+07    0  598 2.1096e+07 2.1613e+07  2.45%     -   32s
     0     0 2.1613e+07    0  579 2.1096e+07 2.1613e+07  2.45%     -   33s
     0     0 2.1613e+07    0  589 2.1096e+07 2.1613e+07  2.45%     -   34s
     0     0 2.1613e+07    0  591 2.1096e+07 2.1613e+07  2.45%     -   34s
     0     0 2.1612e+07    0  497 2.1096e+07 2.1612e+07  2.45%     -   38s
     0     0 2.1612e+07    0  523 2.1096e+07 2.1612e+07  2.45%     -   38s
     0     0 2.1612e+07    0  540 2.1096e+07 2.1612e+07  2.44%     -   38s
     0     0 2.1612e+07    0  543 2.1096e+07 2.1612e+07  2.44%     -   39s
     0     0 2.1612e+07    0  518 2.1096e+07 2.1612e+07  2.44%     -   41s
     0     0 2.1612e+07    0  525 2.1096e+07 2.1612e+07  2.44%     -   43s
     0     0 2.1612e+07    0  509 2.1096e+07 2.1612e+07  2.44%     -   43s
     0     0 2.1612e+07    0  524 2.1096e+07 2.1612e+07  2.44%     -   46s
H    0     0                    2.110675e+07 2.1612e+07  2.39%     -   47s
     0     0 2.1612e+07    0  539 2.1107e+07 2.1612e+07  2.39%     -   47s
     0     0 2.1612e+07    0  536 2.1107e+07 2.1612e+07  2.39%     -   47s
     0     0 2.1612e+07    0  542 2.1107e+07 2.1612e+07  2.39%     -   50s
     0     0 2.1612e+07    0  538 2.1107e+07 2.1612e+07  2.39%     -   52s
     0     0 2.1612e+07    0  526 2.1107e+07 2.1612e+07  2.39%     -   52s
     0     0 2.1612e+07    0  523 2.1107e+07 2.1612e+07  2.39%     -   54s
     0     0 2.1611e+07    0  529 2.1107e+07 2.1611e+07  2.39%     -   56s
     0     0 2.1611e+07    0  528 2.1107e+07 2.1611e+07  2.39%     -   56s
     0     0 2.1611e+07    0  528 2.1107e+07 2.1611e+07  2.39%     -   56s
     0     0 2.1611e+07    0  531 2.1107e+07 2.1611e+07  2.39%     -   56s
     0     0 2.1611e+07    0  506 2.1107e+07 2.1611e+07  2.39%     -   59s
H    0     0                    2.116035e+07 2.1611e+07  2.13%     -   64s
     0     0 2.1611e+07    0  499 2.1160e+07 2.1611e+07  2.13%     -   64s
     0     0 2.1611e+07    0  502 2.1160e+07 2.1611e+07  2.13%     -   66s
     0     0 2.1611e+07    0  502 2.1160e+07 2.1611e+07  2.13%     -   74s
H    0     0                    2.119123e+07 2.1611e+07  1.98%     -   80s
H    0     0                    2.124180e+07 2.1611e+07  1.74%     -   80s
H    0     0                    2.127635e+07 2.1611e+07  1.57%     -   81s
H    0     0                    2.136153e+07 2.1611e+07  1.17%     -   84s
H    0     0                    2.145084e+07 2.1611e+07  0.75%     -   85s
H    0     0                    2.145258e+07 2.1611e+07  0.74%     -   91s
     0     2 2.1611e+07    0  502 2.1453e+07 2.1611e+07  0.74%     -   94s
     7    16 2.1611e+07    3  480 2.1453e+07 2.1611e+07  0.74%   271   95s
    63   112 2.1611e+07    6  461 2.1453e+07 2.1611e+07  0.74%   185  101s
H   80   112                    2.146675e+07 2.1611e+07  0.67%   165  101s
H   85   112                    2.147113e+07 2.1611e+07  0.65%   156  101s
H   89   112                    2.147449e+07 2.1611e+07  0.63%   153  101s
   445   490 2.1609e+07   12  462 2.1474e+07 2.1611e+07  0.63%   102  105s
   769   954 2.1608e+07   18  465 2.1474e+07 2.1611e+07  0.63%  92.5  110s
H 1125  1169                    2.147449e+07 2.1611e+07  0.63%  82.3  113s
H 1126  1169                    2.147463e+07 2.1611e+07  0.63%  82.3  113s
H 1130  1169                    2.147464e+07 2.1611e+07  0.63%  82.2  113s
H 1180  1217                    2.147465e+07 2.1611e+07  0.63%  81.3  117s
  1803  1972 2.1606e+07   33  415 2.1475e+07 2.1611e+07  0.63%  72.5  120s
  3405  3743 2.1605e+07   49  412 2.1475e+07 2.1611e+07  0.63%  61.5  125s
H 3833  3986                    2.150339e+07 2.1611e+07  0.50%  59.1  129s
H 3834  3986                    2.150862e+07 2.1611e+07  0.47%  59.1  129s
  4005  4363 2.1601e+07   63  407 2.1509e+07 2.1611e+07  0.47%  58.5  130s
  5206  5361 2.1591e+07   81  388 2.1509e+07 2.1611e+07  0.47%  53.2  135s
  5384  5409 2.1597e+07   86  391 2.1509e+07 2.1611e+07  0.47%  52.6  140s
  5480  5505 2.1597e+07   87  391 2.1509e+07 2.1611e+07  0.47%  52.4  152s
H 5492  5505                    2.151208e+07 2.1611e+07  0.46%  52.4  152s
H 5493  5505                    2.151274e+07 2.1611e+07  0.45%  52.4  152s
H 5526  5399                    2.153522e+07 2.1611e+07  0.35%  52.3  152s
  5804  6092 2.1596e+07   90  383 2.1535e+07 2.1611e+07  0.35%  51.7  155s
  7277  7707 2.1596e+07  109  354 2.1535e+07 2.1611e+07  0.35%  48.8  160s
  9408  9284 2.1595e+07  150  287 2.1535e+07 2.1610e+07  0.35%  45.0  165s
 11611 11666 2.1592e+07  181  254 2.1535e+07 2.1610e+07  0.35%  44.4  171s
H12327 11280                    2.153762e+07 2.1610e+07  0.34%  44.5  173s
 12391 12027 2.1589e+07  192  241 2.1538e+07 2.1610e+07  0.34%  44.6  175s
Created node file directory '/scratch-local/lbeemster.21715357/gurobi_maxh2_0.19_sub45.0_run3/grbnodes0'
 13796 13525 2.1588e+07  218  221 2.1538e+07 2.1610e+07  0.34%  44.3  180s
 15511 15223 2.1584e+07  247  196 2.1538e+07 2.1610e+07  0.34%  43.3  186s
 17231 16130 2.1582e+07  267  182 2.1538e+07 2.1610e+07  0.34%  43.7  193s
H17280 14933                    2.154707e+07 2.1610e+07  0.29%  43.7  197s
H17287 14888                    2.154896e+07 2.1610e+07  0.28%  43.7  197s
H17292 14679                    2.155211e+07 2.1610e+07  0.27%  43.7  197s
H17302 14491                    2.155276e+07 2.1610e+07  0.27%  43.7  197s
 18129 15161 2.1585e+07  215  502 2.1553e+07 2.1610e+07  0.27%  43.8  253s
 18131 15162 2.1604e+07   25  405 2.1553e+07 2.1610e+07  0.27%  43.7  315s
 18132 15163 2.1606e+07   11  351 2.1553e+07 2.1610e+07  0.27%  43.7  322s
H18132 14404                    2.155286e+07 2.1610e+07  0.27%  43.7  322s
H18132 13684                    2.155397e+07 2.1610e+07  0.26%  43.7  325s
 18134 13685 2.1566e+07  189  450 2.1554e+07 2.1610e+07  0.26%  43.7  331s
 18138 13688 2.1608e+07   12  426 2.1554e+07 2.1610e+07  0.26%  43.7  335s
H18139 13004                    2.155545e+07 2.1609e+07  0.25%  43.7  420s
H18139 12354                    2.155643e+07 2.1609e+07  0.24%  43.7  420s
H18141 11737                    2.156076e+07 2.1609e+07  0.22%  43.7  424s
 18142 11738 2.1604e+07   49  394 2.1561e+07 2.1609e+07  0.22%  43.7  425s
H18143 11151                    2.156646e+07 2.1609e+07  0.20%  43.7  515s
H18143 10593                    2.156738e+07 2.1609e+07  0.19%  43.7  515s
H18143 10063                    2.156840e+07 2.1609e+07  0.19%  43.7  515s
H18143  9560                    2.156934e+07 2.1609e+07  0.18%  43.7  515s
H18143  9081                    2.156948e+07 2.1609e+07  0.18%  43.7  515s

Cutting planes:
  Gomory: 30
  Implied bound: 898
  MIR: 730
  Flow cover: 849
  RLT: 9
  Relax-and-lift: 563

Explored 18143 nodes (903592 simplex iterations) in 515.47 seconds (553.88 work units)
Thread count was 48 (of 192 available processors)

Solution count 10: 2.15695e+07 2.15695e+07 2.15693e+07 ... 2.1554e+07

Optimal solution found (tolerance 2.00e-03)
Best objective 2.156947814338e+07, best bound 2.160879904771e+07, gap 0.1823%
Deleted nodefile directory: /scratch-local/lbeemster.21715357/gurobi_maxh2_0.19_sub45.0_run3
Saved model snapshot to study_case_model/figures/technical_experiment/run_10426/maxh2_0.19/sub45.0/run3/model_snapshot.pkl
Finished successfully!
