Gurobi shell based on Python 3.13.1 can be launched with command `gurobi.sh`
Gurobi Python Interface can be loaded in Python 3.13.1 with 'import gurobipy'
/var/spool/slurm/slurmd/job21714893/slurm_script: line 24: activate: No such file or directory
Solving model:, maxh2_0.05, sub30.0, run3
Read LP format model from file /scratch-local/lbeemster.21714893/tmptgu8s7md.pyomo.lp
Reading time = 0.56 seconds
x1: 176513 rows, 50050 columns, 1016320 nonzeros
Set parameter OutputFlag to value 1
Set parameter MIPGap to value 0.002
Set parameter Threads to value 48
Set parameter Presolve to value 1
Set parameter Cuts to value 1
Set parameter NodefileStart to value 1
Set parameter NodefileDir to value "/scratch-local/lbeemster.21714893/gurobi_maxh2_0.05_sub30.0_run3"
Set parameter MemLimit to value 60
Gurobi Optimizer version 12.0.3 build v12.0.3rc0 (linux64 - "Red Hat Enterprise Linux 9.6 (Plow)")

CPU model: AMD EPYC 9654 96-Core Processor, instruction set [SSE2|AVX|AVX2|AVX512]
Thread count: 192 physical cores, 192 logical processors, using up to 48 threads

Non-default parameters:
MemLimit  60
MIPGap  0.002
NodefileStart  1
Cuts  1
Presolve  1
Threads  48

Academic license 2514514 - for non-commercial use only - registered to l.___@student.vu.nl
Optimize a model with 176513 rows, 50050 columns and 1016320 nonzeros
Model fingerprint: 0x362c7fbd
Variable types: 39426 continuous, 10624 integer (10624 binary)
Coefficient statistics:
  Matrix range     [6e-05, 1e+05]
  Objective range  [2e+00, 3e+04]
  Bounds range     [1e+00, 1e+00]
  RHS range        [3e-01, 2e+05]
Presolve removed 35881 rows and 24246 columns
Presolve time: 3.01s
Presolved: 140632 rows, 25804 columns, 863743 nonzeros
Variable types: 20020 continuous, 5784 integer (5784 binary)
Found heuristic solution: objective 1.944292e+07
Found heuristic solution: objective 1.954431e+07
Found heuristic solution: objective 1.961204e+07

Deterministic concurrent LP optimizer: primal simplex, dual simplex, and barrier
Showing barrier log only...

Root relaxation presolved: 24980 rows, 165583 columns, 888817 nonzeros

Root barrier log...

Ordering time: 0.04s

Barrier statistics:
 Free vars  : 1920
 AA' NZ     : 5.596e+05
 Factor NZ  : 1.477e+06 (roughly 90 MB of memory)
 Factor Ops : 1.059e+08 (less than 1 second per iteration)
 Threads    : 46

                  Objective                Residual
Iter       Primal          Dual         Primal    Dual     Compl     Time
   0   1.56107079e+12  2.97356368e+06  7.55e+06 3.09e+02  1.64e+08     9s
   1   1.08355883e+12 -1.89081876e+08  4.42e+06 3.53e+03  1.03e+08     9s
   2   8.42539425e+11 -1.75798287e+08  2.85e+06 2.24e+03  6.64e+07     9s
   3   5.35623731e+11 -1.53686351e+08  1.02e+06 1.71e+03  4.02e+07     9s
   4   4.74448198e+11 -8.74943658e+07  7.75e+05 7.45e+02  2.12e+07     9s
   5   3.92594126e+11 -6.69996571e+07  5.13e+05 4.70e+02  1.38e+07     9s
   6   3.11081995e+11 -5.03737033e+07  3.15e+05 3.39e+02  9.43e+06     9s
   7   2.20712076e+11 -3.84444664e+07  1.51e+05 2.30e+02  5.74e+06     9s
   8   1.60162730e+11 -1.73126596e+07  7.90e+04 1.04e+02  2.86e+06     9s
   9   1.07372967e+11 -6.38504825e+06  3.98e+04 5.91e+01  1.59e+06     9s
  10   6.36520179e+10 -2.32898709e+06  1.85e+04 3.08e+01  8.05e+05     9s
  11   2.95926168e+10 -6.32807566e+05  6.04e+03 1.71e+01  3.57e+05     9s
  12   1.49697679e+10  4.78871095e+05  2.34e+03 8.08e+00  1.60e+05     9s
  13   7.26146582e+09  1.23681292e+06  9.00e+02 3.19e+00  6.56e+04     9s
  14   3.56795641e+09  2.53519827e+06  3.86e+02 1.21e+00  2.82e+04     9s
  15   2.54895688e+09  3.74631113e+06  2.62e+02 6.45e-01  1.85e+04     9s
  16   1.85049259e+09  4.95904718e+06  1.82e+02 3.74e-01  1.26e+04     9s
  17   1.10017593e+09  7.24981148e+06  1.02e+02 1.22e-01  6.90e+03     9s
  18   4.74823998e+08  8.53048294e+06  4.10e+01 6.71e-02  2.92e+03     9s
  19   2.08759960e+08  1.04732319e+07  1.60e+01 2.66e-02  1.22e+03    10s
  20   1.36464710e+08  1.41588184e+07  9.63e+00 1.46e-02  7.33e+02    10s
  21   9.37337699e+07  1.58787937e+07  5.88e+00 1.06e-02  4.64e+02    10s
  22   6.36075032e+07  1.86902291e+07  3.28e+00 5.23e-03  2.65e+02    10s
  23   4.09391096e+07  1.97917930e+07  1.41e+00 3.42e-03  1.24e+02    10s
  24   3.34666911e+07  2.03657651e+07  8.62e-01 2.79e-03  7.62e+01    10s
  25   2.87254664e+07  2.08360998e+07  5.10e-01 2.48e-03  4.57e+01    10s
  26   2.61914023e+07  2.10725192e+07  3.20e-01 1.75e-03  2.96e+01    10s
  27   2.43033513e+07  2.12801971e+07  1.81e-01 1.38e-03  1.74e+01    10s
  28   2.32353969e+07  2.13895834e+07  1.09e-01 9.57e-04  1.06e+01    10s
  29   2.24864339e+07  2.14476974e+07  6.17e-02 7.82e-04  5.97e+00    10s
  30   2.22723943e+07  2.14787078e+07  4.79e-02 5.28e-04  4.56e+00    10s
  31   2.19365914e+07  2.15019758e+07  2.56e-02 6.21e-04  2.49e+00    10s
  32   2.18039495e+07  2.15157581e+07  1.68e-02 5.13e-04  1.65e+00    10s

Barrier performed 32 iterations in 10.05 seconds (8.65 work units)
Barrier solve interrupted - model solved by another algorithm

Concurrent spin time: 0.74s (can be avoided by choosing Method=3)

Solved with primal simplex

Root relaxation: objective 2.158873e+07, 30881 iterations, 2.57 seconds (1.96 work units)

    Nodes    |    Current Node    |     Objective Bounds      |     Work
 Expl Unexpl |  Obj  Depth IntInf | Incumbent    BestBd   Gap | It/Node Time

     0     0 2.1589e+07    0  408 1.9612e+07 2.1589e+07  10.1%     -   11s
     0     0 2.1562e+07    0  442 1.9612e+07 2.1562e+07  9.94%     -   14s
H    0     0                    2.101390e+07 2.1562e+07  2.61%     -   16s
     0     0 2.1558e+07    0  464 2.1014e+07 2.1558e+07  2.59%     -   16s
     0     0 2.1558e+07    0  493 2.1014e+07 2.1558e+07  2.59%     -   16s
     0     0 2.1558e+07    0  497 2.1014e+07 2.1558e+07  2.59%     -   16s
     0     0 2.1558e+07    0  496 2.1014e+07 2.1558e+07  2.59%     -   17s
     0     0 2.1558e+07    0  496 2.1014e+07 2.1558e+07  2.59%     -   17s
     0     0 2.1558e+07    0  513 2.1014e+07 2.1558e+07  2.59%     -   19s
     0     0 2.1558e+07    0  517 2.1014e+07 2.1558e+07  2.59%     -   20s
     0     0 2.1558e+07    0  518 2.1014e+07 2.1558e+07  2.59%     -   20s
     0     0 2.1558e+07    0  521 2.1014e+07 2.1558e+07  2.59%     -   20s
     0     0 2.1557e+07    0  451 2.1014e+07 2.1557e+07  2.58%     -   23s
H    0     0                    2.106767e+07 2.1557e+07  2.32%     -   25s
     0     0 2.1557e+07    0  459 2.1068e+07 2.1557e+07  2.32%     -   26s
     0     0 2.1557e+07    0  459 2.1068e+07 2.1557e+07  2.32%     -   26s
     0     0 2.1557e+07    0  463 2.1068e+07 2.1557e+07  2.32%     -   26s
     0     0 2.1557e+07    0  466 2.1068e+07 2.1557e+07  2.32%     -   26s
     0     0 2.1557e+07    0  463 2.1068e+07 2.1557e+07  2.32%     -   26s
     0     0 2.1556e+07    0  459 2.1068e+07 2.1556e+07  2.32%     -   29s
H    0     0                    2.108748e+07 2.1556e+07  2.22%     -   31s
     0     0 2.1556e+07    0  458 2.1087e+07 2.1556e+07  2.22%     -   31s
     0     0 2.1556e+07    0  443 2.1087e+07 2.1556e+07  2.22%     -   31s
     0     0 2.1556e+07    0  444 2.1087e+07 2.1556e+07  2.22%     -   32s
     0     0 2.1556e+07    0  445 2.1087e+07 2.1556e+07  2.22%     -   32s
     0     0 2.1556e+07    0  386 2.1087e+07 2.1556e+07  2.22%     -   35s
H    0     0                    2.108855e+07 2.1556e+07  2.22%     -   36s
     0     0 2.1556e+07    0  370 2.1089e+07 2.1556e+07  2.21%     -   36s
     0     0 2.1556e+07    0  368 2.1089e+07 2.1556e+07  2.21%     -   36s
     0     0 2.1556e+07    0  376 2.1089e+07 2.1556e+07  2.21%     -   37s
     0     0 2.1555e+07    0  366 2.1089e+07 2.1555e+07  2.21%     -   39s
H    0     0                    2.111917e+07 2.1555e+07  2.07%     -   42s
H    0     0                    2.114641e+07 2.1555e+07  1.93%     -   42s
     0     0 2.1555e+07    0  369 2.1146e+07 2.1555e+07  1.93%     -   42s
     0     0 2.1555e+07    0  382 2.1146e+07 2.1555e+07  1.93%     -   42s
     0     0 2.1555e+07    0  385 2.1146e+07 2.1555e+07  1.93%     -   42s
     0     0 2.1555e+07    0  349 2.1146e+07 2.1555e+07  1.93%     -   45s
     0     0 2.1555e+07    0  343 2.1146e+07 2.1555e+07  1.93%     -   46s
     0     0 2.1555e+07    0  347 2.1146e+07 2.1555e+07  1.93%     -   46s
     0     0 2.1555e+07    0  344 2.1146e+07 2.1555e+07  1.93%     -   48s
H    0     0                    2.117626e+07 2.1555e+07  1.79%     -   51s
H    0     0                    2.117979e+07 2.1555e+07  1.77%     -   52s
     0     0 2.1555e+07    0  342 2.1180e+07 2.1555e+07  1.77%     -   54s
     0     0 2.1555e+07    0  346 2.1180e+07 2.1555e+07  1.77%     -   54s
     0     0 2.1555e+07    0  313 2.1180e+07 2.1555e+07  1.77%     -   56s
     0     0 2.1555e+07    0  322 2.1180e+07 2.1555e+07  1.77%     -   59s
     0     0 2.1555e+07    0  325 2.1180e+07 2.1555e+07  1.77%     -   59s
     0     0 2.1555e+07    0  320 2.1180e+07 2.1555e+07  1.77%     -   61s
     0     0 2.1555e+07    0  320 2.1180e+07 2.1555e+07  1.77%     -   66s
H    0     0                    2.117983e+07 2.1555e+07  1.77%     -   71s
H    0     0                    2.121694e+07 2.1555e+07  1.59%     -   74s
H    0     0                    2.125832e+07 2.1555e+07  1.40%     -   74s
H    0     0                    2.133837e+07 2.1555e+07  1.02%     -   75s
H    0     0                    2.135990e+07 2.1555e+07  0.91%     -   83s
     0     2 2.1555e+07    0  320 2.1360e+07 2.1555e+07  0.91%     -   85s
H   63   112                    2.136386e+07 2.1554e+07  0.89%   265   95s
H   65   112                    2.137477e+07 2.1554e+07  0.84%   267   95s
H   67   112                    2.138163e+07 2.1554e+07  0.81%   268   95s
   411   460 2.1552e+07   12  312 2.1382e+07 2.1554e+07  0.81%   125  101s
  1025  1301 2.1550e+07   19  284 2.1382e+07 2.1554e+07  0.81%  87.9  105s
H 1350  1397                    2.140116e+07 2.1554e+07  0.71%  80.0  113s
  1705  1993 2.1548e+07   28  259 2.1401e+07 2.1554e+07  0.71%  73.3  116s
  2676  3060 2.1544e+07   39  238 2.1401e+07 2.1554e+07  0.71%  62.5  120s
H 2931  3060                    2.140208e+07 2.1554e+07  0.71%  59.9  120s
H 3013  3060                    2.141576e+07 2.1554e+07  0.65%  58.9  120s
H 4441  4549                    2.141576e+07 2.1554e+07  0.65%  49.0  124s
  5007  5471 2.1544e+07   66  193 2.1416e+07 2.1554e+07  0.65%  47.2  125s
H 5747  6037                    2.141609e+07 2.1554e+07  0.64%  44.9  128s
H 5765  6037                    2.142411e+07 2.1554e+07  0.61%  44.8  128s
  6905  7361 2.1540e+07  108  150 2.1424e+07 2.1554e+07  0.61%  42.5  130s
  8522  8857 2.1540e+07  129  124 2.1424e+07 2.1554e+07  0.61%  40.0  135s
H 8523  8776                    2.142688e+07 2.1554e+07  0.59%  40.0  135s
  9982 10118 2.1534e+07  144  124 2.1427e+07 2.1554e+07  0.59%  39.2  140s
 12517 12107 2.1530e+07  177  114 2.1427e+07 2.1554e+07  0.59%  37.1  146s
 14012 14332 2.1526e+07  205   84 2.1427e+07 2.1554e+07  0.59%  36.4  150s
 14916 14427 2.1526e+07  217   76 2.1427e+07 2.1554e+07  0.59%  35.8  157s
 14964 14475 2.1526e+07  218   77 2.1427e+07 2.1554e+07  0.59%  35.8  161s
H14985 13301                    2.144489e+07 2.1554e+07  0.51%  35.8  161s
 16697 15543 2.1520e+07  244   75 2.1445e+07 2.1554e+07  0.51%  35.0  166s
H16786 15452                    2.144910e+07 2.1554e+07  0.49%  34.9  166s
 18369 16478 2.1546e+07   64  320 2.1449e+07 2.1554e+07  0.49%  34.1  212s
H18370 15655                    2.145343e+07 2.1554e+07  0.47%  34.1  345s
H18370 14872                    2.145490e+07 2.1554e+07  0.46%  34.1  345s
H18370 14128                    2.145716e+07 2.1554e+07  0.45%  34.1  345s
H18370 13422                    2.146597e+07 2.1552e+07  0.40%  34.1  345s
H18370 12751                    2.147475e+07 2.1552e+07  0.36%  34.1  345s
H18370 12113                    2.148019e+07 2.1552e+07  0.33%  34.1  345s
 18372 12114 2.1532e+07   69  303 2.1480e+07 2.1552e+07  0.33%  34.1  352s
 18374 12115 2.1528e+07  213  339 2.1480e+07 2.1552e+07  0.33%  34.1  356s
H18379 11513                    2.148094e+07 2.1552e+07  0.33%  34.1  461s
H18379 10937                    2.148775e+07 2.1552e+07  0.30%  34.1  461s
H18379 10390                    2.148823e+07 2.1552e+07  0.29%  34.1  461s
H18379  9870                    2.148866e+07 2.1552e+07  0.29%  34.1  461s
H18379  9377                    2.148924e+07 2.1552e+07  0.29%  34.1  461s
H18379  8908                    2.148953e+07 2.1552e+07  0.29%  34.1  461s
H18379  8462                    2.149030e+07 2.1552e+07  0.29%  34.1  461s
 18381  8463 2.1527e+07  208  307 2.1490e+07 2.1552e+07  0.29%  34.1  465s
H18381  8040                    2.152043e+07 2.1552e+07  0.14%  34.1  465s
H18381  7638                    2.152627e+07 2.1552e+07  0.12%  34.1  465s

Cutting planes:
  Gomory: 46
  Cover: 2
  Implied bound: 387
  MIR: 676
  Flow cover: 758
  RLT: 6
  Relax-and-lift: 467

Explored 18381 nodes (725104 simplex iterations) in 465.66 seconds (491.81 work units)
Thread count was 48 (of 192 available processors)

Solution count 10: 2.15263e+07 2.15263e+07 2.15204e+07 ... 2.14809e+07

Optimal solution found (tolerance 2.00e-03)
Best objective 2.152626609551e+07, best bound 2.155154458966e+07, gap 0.1174%
Deleted nodefile directory: /scratch-local/lbeemster.21714893/gurobi_maxh2_0.05_sub30.0_run3
Saved model snapshot to study_case_model/figures/technical_experiment/run_10426/maxh2_0.05/sub30.0/run3/model_snapshot.pkl
Finished successfully!
