Gurobi shell based on Python 3.13.1 can be launched with command `gurobi.sh`
Gurobi Python Interface can be loaded in Python 3.13.1 with 'import gurobipy'
/var/spool/slurm/slurmd/job21711424/slurm_script: line 24: activate: No such file or directory
Solving model:, maxh2_0.1, sub45.0, run1
Read LP format model from file /scratch-local/lbeemster.21711424/tmpgwz6ca5c.pyomo.lp
Reading time = 2.54 seconds
x1: 176513 rows, 50050 columns, 1016320 nonzeros
Set parameter OutputFlag to value 1
Set parameter MIPGap to value 0.002
Set parameter Threads to value 48
Set parameter Presolve to value 1
Set parameter Cuts to value 1
Set parameter NodefileStart to value 1
Set parameter NodefileDir to value "/scratch-local/lbeemster.21711424/gurobi_maxh2_0.1_sub45.0_run1"
Set parameter MemLimit to value 60
Gurobi Optimizer version 12.0.3 build v12.0.3rc0 (linux64 - "Red Hat Enterprise Linux 9.6 (Plow)")

CPU model: AMD EPYC 9654 96-Core Processor, instruction set [SSE2|AVX|AVX2|AVX512]
Thread count: 192 physical cores, 192 logical processors, using up to 48 threads

Non-default parameters:
MemLimit  60
MIPGap  0.002
NodefileStart  1
Cuts  1
Presolve  1
Threads  48

Academic license 2514514 - for non-commercial use only - registered to l.___@student.vu.nl
Optimize a model with 176513 rows, 50050 columns and 1016320 nonzeros
Model fingerprint: 0x561d2222
Variable types: 39426 continuous, 10624 integer (10624 binary)
Coefficient statistics:
  Matrix range     [6e-05, 1e+05]
  Objective range  [2e+00, 3e+04]
  Bounds range     [1e+00, 1e+00]
  RHS range        [3e-01, 2e+05]
Presolve removed 36713 rows and 24310 columns
Presolve time: 3.41s
Presolved: 139800 rows, 25740 columns, 888327 nonzeros
Variable types: 19972 continuous, 5768 integer (5768 binary)
Found heuristic solution: objective 2.001131e+07
Found heuristic solution: objective 2.016869e+07

Deterministic concurrent LP optimizer: primal simplex, dual simplex, and barrier
Showing barrier log only...

Root relaxation presolved: 24842 rows, 164509 columns, 913127 nonzeros

Root barrier log...

Ordering time: 0.05s

Barrier statistics:
 Free vars  : 1920
 AA' NZ     : 5.622e+05
 Factor NZ  : 1.460e+06 (roughly 90 MB of memory)
 Factor Ops : 1.039e+08 (less than 1 second per iteration)
 Threads    : 46

                  Objective                Residual
Iter       Primal          Dual         Primal    Dual     Compl     Time
   0   1.54181707e+12  3.33330612e+06  7.55e+06 3.25e+02  1.61e+08     8s
   1   1.02054490e+12 -2.06980735e+08  4.12e+06 3.43e+03  9.83e+07     8s
   2   8.16165243e+11 -2.17891238e+08  2.81e+06 2.16e+03  6.46e+07     8s
   3   6.26308826e+11 -1.57334973e+08  1.54e+06 1.14e+03  3.64e+07     8s
   4   4.90792461e+11 -1.14132922e+08  9.32e+05 6.44e+02  2.13e+07     8s
   5   4.01252690e+11 -8.48746942e+07  6.34e+05 4.16e+02  1.42e+07     8s
   6   2.81940602e+11 -6.08275426e+07  3.30e+05 2.59e+02  8.30e+06     8s
   7   1.70891307e+11 -4.04755106e+07  1.29e+05 1.47e+02  4.15e+06     8s
   8   1.11965093e+11 -1.49096767e+07  5.95e+04 6.70e+01  1.97e+06     8s
   9   6.85241729e+10 -8.67214293e+06  2.47e+04 4.60e+01  1.13e+06     8s
  10   4.57506363e+10 -5.20010712e+06  1.41e+04 2.93e+01  6.87e+05     8s
  11   2.82740808e+10 -1.33286894e+06  6.85e+03 1.29e+01  3.29e+05     8s
  12   1.84069968e+10  3.47158212e+05  3.94e+03 5.37e+00  1.70e+05     8s
  13   7.64113494e+09  9.69095776e+05  1.29e+03 2.47e+00  6.65e+04     8s
  14   4.62780417e+09  1.41900520e+06  7.10e+02 1.30e+00  3.72e+04     9s
  15   3.05156967e+09  3.18679776e+06  4.36e+02 5.49e-01  2.20e+04     9s
  16   2.13365919e+09  4.08889909e+06  2.92e+02 4.17e-01  1.50e+04     9s
  17   1.56334481e+09  5.95707136e+06  2.06e+02 1.67e-01  1.02e+04     9s
  18   6.56284242e+08  7.43756102e+06  8.17e+01 6.26e-02  4.11e+03     9s
  19   3.50791570e+08  9.12703069e+06  3.95e+01 2.53e-02  2.11e+03     9s
  20   2.69525779e+08  1.02996913e+07  2.95e+01 1.48e-02  1.59e+03     9s
  21   1.89602762e+08  1.33491813e+07  1.94e+01 1.66e-02  1.06e+03     9s
  22   1.07365752e+08  1.50599802e+07  9.74e+00 1.08e-02  5.52e+02     9s
  23   6.96983811e+07  1.81776902e+07  5.21e+00 5.43e-03  3.07e+02     9s
  24   4.78613172e+07  1.94830379e+07  2.74e+00 3.74e-03  1.68e+02     9s
  25   3.61730462e+07  2.01047648e+07  1.46e+00 2.31e-03  9.50e+01     9s
  26   3.03339876e+07  2.05765894e+07  8.69e-01 1.98e-03  5.76e+01     9s
  27   2.68910158e+07  2.09857281e+07  5.25e-01 1.83e-03  3.48e+01     9s
  28   2.51109823e+07  2.11288748e+07  3.57e-01 1.22e-03  2.35e+01     9s
  29   2.41076678e+07  2.12185363e+07  2.58e-01 1.89e-03  1.70e+01     9s

Barrier performed 29 iterations in 9.08 seconds (8.06 work units)
Barrier solve interrupted - model solved by another algorithm

Concurrent spin time: 0.19s

Solved with primal simplex

Root relaxation: objective 2.146389e+07, 26403 iterations, 2.21 seconds (1.86 work units)
Total elapsed time = 10.02s (DegenMoves)

    Nodes    |    Current Node    |     Objective Bounds      |     Work
 Expl Unexpl |  Obj  Depth IntInf | Incumbent    BestBd   Gap | It/Node Time

     0     0 2.1464e+07    0  363 2.0169e+07 2.1464e+07  6.42%     -   11s
     0     0 2.1454e+07    0  454 2.0169e+07 2.1454e+07  6.37%     -   15s
     0     0 2.1453e+07    0  517 2.0169e+07 2.1453e+07  6.37%     -   16s
     0     0 2.1453e+07    0  522 2.0169e+07 2.1453e+07  6.37%     -   16s
     0     0 2.1453e+07    0  524 2.0169e+07 2.1453e+07  6.37%     -   16s
     0     0 2.1453e+07    0  526 2.0169e+07 2.1453e+07  6.37%     -   17s
     0     0 2.1448e+07    0  535 2.0169e+07 2.1448e+07  6.34%     -   19s
H    0     0                    2.113315e+07 2.1448e+07  1.49%     -   21s
     0     0 2.1447e+07    0  560 2.1133e+07 2.1447e+07  1.49%     -   21s
     0     0 2.1447e+07    0  556 2.1133e+07 2.1447e+07  1.49%     -   21s
     0     0 2.1447e+07    0  554 2.1133e+07 2.1447e+07  1.49%     -   21s
     0     0 2.1446e+07    0  576 2.1133e+07 2.1446e+07  1.48%     -   25s
     0     0 2.1446e+07    0  560 2.1133e+07 2.1446e+07  1.48%     -   27s
     0     0 2.1446e+07    0  579 2.1133e+07 2.1446e+07  1.48%     -   27s
     0     0 2.1446e+07    0  581 2.1133e+07 2.1446e+07  1.48%     -   27s
     0     0 2.1446e+07    0  586 2.1133e+07 2.1446e+07  1.48%     -   28s
     0     0 2.1446e+07    0  610 2.1133e+07 2.1446e+07  1.48%     -   31s
     0     0 2.1446e+07    0  612 2.1133e+07 2.1446e+07  1.48%     -   32s
     0     0 2.1446e+07    0  609 2.1133e+07 2.1446e+07  1.48%     -   32s
     0     0 2.1446e+07    0  617 2.1133e+07 2.1446e+07  1.48%     -   33s
     0     0 2.1446e+07    0  620 2.1133e+07 2.1446e+07  1.48%     -   33s
     0     0 2.1445e+07    0  482 2.1133e+07 2.1445e+07  1.48%     -   36s
     0     0 2.1445e+07    0  503 2.1133e+07 2.1445e+07  1.48%     -   39s
     0     0 2.1445e+07    0  499 2.1133e+07 2.1445e+07  1.48%     -   39s
     0     0 2.1445e+07    0  509 2.1133e+07 2.1445e+07  1.48%     -   40s
     0     0 2.1445e+07    0  444 2.1133e+07 2.1445e+07  1.48%     -   42s
     0     0 2.1445e+07    0  466 2.1133e+07 2.1445e+07  1.48%     -   44s
     0     0 2.1445e+07    0  472 2.1133e+07 2.1445e+07  1.48%     -   45s
     0     0 2.1445e+07    0  472 2.1133e+07 2.1445e+07  1.48%     -   47s
     0     0 2.1445e+07    0  460 2.1133e+07 2.1445e+07  1.48%     -   49s
     0     0 2.1445e+07    0  450 2.1133e+07 2.1445e+07  1.48%     -   49s
     0     0 2.1445e+07    0  454 2.1133e+07 2.1445e+07  1.48%     -   51s
     0     0 2.1445e+07    0  456 2.1133e+07 2.1445e+07  1.48%     -   51s
     0     0 2.1445e+07    0  459 2.1133e+07 2.1445e+07  1.48%     -   52s
     0     0 2.1445e+07    0  456 2.1133e+07 2.1445e+07  1.48%     -   54s
     0     0 2.1445e+07    0  456 2.1133e+07 2.1445e+07  1.48%     -   61s
H    0     0                    2.114525e+07 2.1445e+07  1.42%     -   62s
H    0     0                    2.119638e+07 2.1445e+07  1.17%     -   69s
H    0     0                    2.129881e+07 2.1445e+07  0.69%     -   70s
H    0     0                    2.131737e+07 2.1445e+07  0.60%     -   73s
H    0     0                    2.132815e+07 2.1445e+07  0.55%     -   80s
H    0     0                    2.132870e+07 2.1445e+07  0.55%     -   80s
     0     2 2.1445e+07    0  456 2.1329e+07 2.1445e+07  0.55%     -   82s
    31    64 2.1445e+07    5  452 2.1329e+07 2.1445e+07  0.55%   162   86s
H   66   112                    2.132921e+07 2.1445e+07  0.54%   115   88s
H   78   112                    2.133602e+07 2.1445e+07  0.51%   105   88s
   111   305 2.1445e+07    7  453 2.1336e+07 2.1445e+07  0.51%  96.3   90s
   810   859 2.1442e+07   17  439 2.1336e+07 2.1445e+07  0.51%  67.0   95s
H 1042  1091                    2.133602e+07 2.1445e+07  0.51%  64.3   99s
  1187  1281 2.1441e+07   22  431 2.1336e+07 2.1445e+07  0.51%  65.0  100s
  1817  1866 2.1439e+07   32  424 2.1336e+07 2.1445e+07  0.51%  69.7  105s
H 1868  1915                    2.134764e+07 2.1445e+07  0.46%  70.1  108s
H 1872  1915                    2.134797e+07 2.1445e+07  0.45%  70.0  108s
H 1880  1915                    2.135085e+07 2.1445e+07  0.44%  70.2  108s
  2191  2425 2.1438e+07   36  421 2.1351e+07 2.1445e+07  0.44%  69.3  110s
  3097  3144 2.1438e+07   43  399 2.1351e+07 2.1445e+07  0.44%  63.5  116s
  3145  3214 2.1437e+07   44  403 2.1351e+07 2.1445e+07  0.44%  63.3  121s
  3480  3572 2.1437e+07   46  388 2.1351e+07 2.1445e+07  0.44%  62.7  125s
H 3660  3681                    2.135438e+07 2.1445e+07  0.42%  62.1  126s
  4675  4861 2.1436e+07   63  350 2.1354e+07 2.1445e+07  0.42%  60.4  131s
H 5000  5114                    2.135667e+07 2.1445e+07  0.41%  60.3  132s
  5498  5873 2.1434e+07   74  345 2.1357e+07 2.1445e+07  0.41%  60.6  135s
  6902  7109 2.1431e+07   92  310 2.1357e+07 2.1445e+07  0.41%  58.6  141s
  7672  8041 2.1430e+07  101  302 2.1357e+07 2.1445e+07  0.41%  58.0  145s
* 9770  9964             333    2.135672e+07 2.1445e+07  0.41%  54.9  149s
 10179 10518 2.1429e+07  135  261 2.1357e+07 2.1445e+07  0.41%  54.4  151s
*10697 10386             304    2.135863e+07 2.1445e+07  0.40%  54.3  151s
 11370 11567 2.1427e+07  154  219 2.1359e+07 2.1444e+07  0.40%  54.3  155s
*12355 11997             287    2.135876e+07 2.1444e+07  0.40%  53.8  157s
 13188 13453 2.1424e+07  197  191 2.1359e+07 2.1444e+07  0.40%  53.6  161s
 15782 16098 2.1422e+07  268  127 2.1359e+07 2.1444e+07  0.40%  51.9  166s
Created node file directory '/scratch-local/lbeemster.21711424/gurobi_maxh2_0.1_sub45.0_run1/grbnodes0'
 17412 17887 2.1421e+07  300   85 2.1359e+07 2.1444e+07  0.40%  50.4  173s
 18449 17888 2.1419e+07   72  456 2.1359e+07 2.1444e+07  0.40%  49.6  209s
 18451 17889 2.1422e+07   66  389 2.1359e+07 2.1444e+07  0.40%  49.6  256s
H18451 16994                    2.136213e+07 2.1444e+07  0.38%  49.6  263s
 18453 16996 2.1424e+07  261  412 2.1362e+07 2.1444e+07  0.38%  49.6  267s
 18455 16997 2.1429e+07   72  422 2.1362e+07 2.1444e+07  0.38%  49.5  270s
H18456 16148                    2.136741e+07 2.1444e+07  0.36%  49.5  303s
 18458 16149 2.1438e+07   44  434 2.1367e+07 2.1444e+07  0.36%  49.5  307s
 18461 16151 2.1438e+07   44  429 2.1367e+07 2.1444e+07  0.36%  49.5  372s
 18462 16152 2.1422e+07  281  405 2.1367e+07 2.1444e+07  0.36%  49.5  375s
H18464 15345                    2.139131e+07 2.1444e+07  0.25%  49.5  420s
H18467 14579                    2.140296e+07 2.1444e+07  0.19%  49.5  487s
H18467 13850                    2.140825e+07 2.1444e+07  0.17%  49.5  487s

Cutting planes:
  Gomory: 36
  Cover: 17
  Implied bound: 578
  MIR: 814
  Flow cover: 1017
  GUB cover: 4
  RLT: 13
  Relax-and-lift: 365

Explored 18467 nodes (1022738 simplex iterations) in 487.53 seconds (570.32 work units)
Thread count was 48 (of 192 available processors)

Solution count 10: 2.14083e+07 2.1403e+07 2.13913e+07 ... 2.13544e+07

Optimal solution found (tolerance 2.00e-03)
Best objective 2.140825131960e+07, best bound 2.144392541736e+07, gap 0.1666%
Deleted nodefile directory: /scratch-local/lbeemster.21711424/gurobi_maxh2_0.1_sub45.0_run1
Saved model snapshot to study_case_model/figures/technical_experiment/run_10426/maxh2_0.1/sub45.0/run1/model_snapshot.pkl
Finished successfully!
