Gurobi shell based on Python 3.13.1 can be launched with command `gurobi.sh`
Gurobi Python Interface can be loaded in Python 3.13.1 with 'import gurobipy'
/var/spool/slurm/slurmd/job21706559/slurm_script: line 24: activate: No such file or directory
Solving model:, maxh2_0.1, sub70.0, run0
Read LP format model from file /scratch-local/lbeemster.21706559/tmpx50wi3c0.pyomo.lp
Reading time = 0.63 seconds
x1: 176513 rows, 50050 columns, 1016320 nonzeros
Set parameter OutputFlag to value 1
Set parameter MIPGap to value 0.002
Set parameter Threads to value 48
Set parameter Presolve to value 1
Set parameter Cuts to value 1
Set parameter NodefileStart to value 1
Set parameter NodefileDir to value "/scratch-local/lbeemster.21706559/gurobi_maxh2_0.1_sub70.0_run0"
Set parameter MemLimit to value 60
Gurobi Optimizer version 12.0.3 build v12.0.3rc0 (linux64 - "Red Hat Enterprise Linux 9.6 (Plow)")

CPU model: AMD EPYC 9654 96-Core Processor, instruction set [SSE2|AVX|AVX2|AVX512]
Thread count: 192 physical cores, 192 logical processors, using up to 48 threads

Non-default parameters:
MemLimit  60
MIPGap  0.002
NodefileStart  1
Cuts  1
Presolve  1
Threads  48

Academic license 2514514 - for non-commercial use only - registered to l.___@student.vu.nl
Optimize a model with 176513 rows, 50050 columns and 1016320 nonzeros
Model fingerprint: 0xa942d824
Variable types: 39426 continuous, 10624 integer (10624 binary)
Coefficient statistics:
  Matrix range     [6e-05, 1e+05]
  Objective range  [2e+00, 3e+04]
  Bounds range     [1e+00, 1e+00]
  RHS range        [3e-01, 2e+05]
Presolve removed 36449 rows and 24854 columns
Presolve time: 3.80s
Presolved: 140064 rows, 25196 columns, 861714 nonzeros
Variable types: 19564 continuous, 5632 integer (5632 binary)
Found heuristic solution: objective 1.927398e+07
Found heuristic solution: objective 1.938314e+07

Deterministic concurrent LP optimizer: primal simplex, dual simplex, and barrier
Showing barrier log only...

Root relaxation presolved: 24061 rows, 164090 columns, 885855 nonzeros

Root barrier log...

Ordering time: 0.04s

Barrier statistics:
 Free vars  : 1920
 AA' NZ     : 5.391e+05
 Factor NZ  : 1.376e+06 (roughly 90 MB of memory)
 Factor Ops : 9.538e+07 (less than 1 second per iteration)
 Threads    : 46

                  Objective                Residual
Iter       Primal          Dual         Primal    Dual     Compl     Time
   0   1.60727312e+12  3.45074955e+06  7.65e+06 3.81e+02  1.81e+08    10s
   1   1.15087724e+12 -2.49162572e+08  4.67e+06 3.90e+03  1.17e+08    10s
   2   8.88788711e+11 -2.61245471e+08  3.01e+06 2.54e+03  7.68e+07    10s
   3   7.12359825e+11 -2.25099806e+08  1.99e+06 1.73e+03  5.21e+07    10s
   4   5.30925652e+11 -1.90760771e+08  9.86e+05 1.27e+03  3.36e+07    10s
   5   4.76820789e+11 -1.51633124e+08  7.60e+05 9.21e+02  2.51e+07    10s
   6   4.26623264e+11 -1.25994514e+08  5.95e+05 6.75e+02  1.89e+07    10s
   7   3.57387760e+11 -1.02309059e+08  4.10e+05 4.78e+02  1.34e+07    10s
   8   2.74664199e+11 -7.59762394e+07  2.39e+05 3.08e+02  8.45e+06    10s
   9   1.91487571e+11 -4.39968925e+07  1.17e+05 1.62e+02  4.49e+06    10s
  10   1.35298757e+11 -1.85038402e+07  5.99e+04 6.59e+01  2.13e+06    10s
  11   9.10880006e+10 -1.21855478e+07  3.29e+04 4.37e+01  1.31e+06    10s
  12   5.49336232e+10 -6.38294952e+06  1.65e+04 2.45e+01  7.01e+05    10s
  13   3.62099861e+10 -3.73172681e+06  9.20e+03 1.61e+01  4.25e+05    10s
  14   1.89285900e+10 -8.42734912e+05  3.84e+03 7.20e+00  1.90e+05    10s
  15   1.18677894e+10  3.98638345e+05  2.17e+03 3.92e+00  1.08e+05    10s
  16   5.76104942e+09  1.03313757e+06  8.81e+02 2.44e+00  5.27e+04    10s
  17   3.75765862e+09  2.29828384e+06  5.25e+02 1.09e+00  2.99e+04    10s
  18   2.49333405e+09  4.45684666e+06  3.25e+02 5.53e-01  1.81e+04    10s
  19   2.14653625e+09  5.40020210e+06  2.76e+02 3.25e-01  1.47e+04    10s
  20   1.44356841e+09  6.81016182e+06  1.79e+02 1.45e-01  9.34e+03    10s
  21   4.94663779e+08  8.32583103e+06  5.21e+01 5.22e-02  3.08e+03    11s
  22   2.27929850e+08  1.07542243e+07  2.07e+01 1.80e-02  1.34e+03    11s
  23   1.35735695e+08  1.41962402e+07  1.12e+01 5.30e-03  7.31e+02    11s
  24   8.47342677e+07  1.61227448e+07  6.05e+00 3.39e-03  4.10e+02    11s
  25   5.47343676e+07  1.88360709e+07  3.05e+00 2.34e-03  2.13e+02    11s
  26   4.72413898e+07  1.93602623e+07  2.35e+00 1.90e-03  1.65e+02    11s
  27   3.56780324e+07  1.96965693e+07  1.32e+00 2.75e-03  9.45e+01    11s
  28   3.02111018e+07  2.01480253e+07  8.18e-01 2.40e-03  5.94e+01    11s
  29   2.79735163e+07  2.03295236e+07  6.15e-01 1.89e-03  4.51e+01    11s
  30   2.51557585e+07  2.06019748e+07  3.60e-01 1.61e-03  2.68e+01    11s
  31   2.35103239e+07  2.07669437e+07  2.09e-01 1.30e-03  1.61e+01    11s
  32   2.22651581e+07  2.08519237e+07  1.03e-01 1.14e-03  8.28e+00    11s

Barrier performed 32 iterations in 10.98 seconds (9.34 work units)
Barrier solve interrupted - model solved by another algorithm

Concurrent spin time: 0.69s (can be avoided by choosing Method=3)

Solved with primal simplex

Root relaxation: objective 2.102091e+07, 30190 iterations, 2.90 seconds (1.87 work units)

    Nodes    |    Current Node    |     Objective Bounds      |     Work
 Expl Unexpl |  Obj  Depth IntInf | Incumbent    BestBd   Gap | It/Node Time

     0     0 2.1021e+07    0  402 1.9383e+07 2.1021e+07  8.45%     -   13s
     0     0 2.1006e+07    0  501 1.9383e+07 2.1006e+07  8.37%     -   16s
H    0     0                    2.050976e+07 2.1006e+07  2.42%     -   17s
     0     0 2.1006e+07    0  514 2.0510e+07 2.1006e+07  2.42%     -   18s
     0     0 2.1006e+07    0  517 2.0510e+07 2.1006e+07  2.42%     -   18s
     0     0 2.1005e+07    0  520 2.0510e+07 2.1005e+07  2.42%     -   18s
     0     0 2.1005e+07    0  512 2.0510e+07 2.1005e+07  2.42%     -   18s
     0     0 2.1005e+07    0  556 2.0510e+07 2.1005e+07  2.41%     -   21s
     0     0 2.1005e+07    0  567 2.0510e+07 2.1005e+07  2.41%     -   22s
     0     0 2.1005e+07    0  573 2.0510e+07 2.1005e+07  2.41%     -   22s
     0     0 2.1005e+07    0  573 2.0510e+07 2.1005e+07  2.41%     -   22s
     0     0 2.1005e+07    0  574 2.0510e+07 2.1005e+07  2.41%     -   22s
     0     0 2.1004e+07    0  525 2.0510e+07 2.1004e+07  2.41%     -   26s
H    0     0                    2.063351e+07 2.1004e+07  1.79%     -   29s
     0     0 2.1004e+07    0  511 2.0634e+07 2.1004e+07  1.79%     -   29s
     0     0 2.1004e+07    0  530 2.0634e+07 2.1004e+07  1.79%     -   29s
     0     0 2.1004e+07    0  525 2.0634e+07 2.1004e+07  1.79%     -   29s
     0     0 2.1004e+07    0  524 2.0634e+07 2.1004e+07  1.79%     -   30s
     0     0 2.1003e+07    0  525 2.0634e+07 2.1003e+07  1.79%     -   34s
     0     0 2.1003e+07    0  545 2.0634e+07 2.1003e+07  1.79%     -   36s
     0     0 2.1003e+07    0  548 2.0634e+07 2.1003e+07  1.79%     -   36s
     0     0 2.1003e+07    0  547 2.0634e+07 2.1003e+07  1.79%     -   36s
     0     0 2.1003e+07    0  541 2.0634e+07 2.1003e+07  1.79%     -   36s
     0     0 2.1002e+07    0  461 2.0634e+07 2.1002e+07  1.79%     -   40s
H    0     0                    2.065572e+07 2.1002e+07  1.68%     -   42s
     0     0 2.1002e+07    0  471 2.0656e+07 2.1002e+07  1.68%     -   42s
     0     0 2.1002e+07    0  478 2.0656e+07 2.1002e+07  1.68%     -   43s
     0     0 2.1002e+07    0  478 2.0656e+07 2.1002e+07  1.68%     -   43s
     0     0 2.1002e+07    0  489 2.0656e+07 2.1002e+07  1.68%     -   43s
     0     0 2.1002e+07    0  452 2.0656e+07 2.1002e+07  1.68%     -   46s
H    0     0                    2.071734e+07 2.1002e+07  1.38%     -   52s
     0     0 2.1002e+07    0  458 2.0717e+07 2.1002e+07  1.38%     -   52s
     0     0 2.1002e+07    0  456 2.0717e+07 2.1002e+07  1.38%     -   53s
     0     0 2.1002e+07    0  451 2.0717e+07 2.1002e+07  1.38%     -   55s
     0     0 2.1002e+07    0  464 2.0717e+07 2.1002e+07  1.37%     -   57s
     0     0 2.1002e+07    0  473 2.0717e+07 2.1002e+07  1.37%     -   58s
     0     0 2.1002e+07    0  472 2.0717e+07 2.1002e+07  1.37%     -   58s
     0     0 2.1002e+07    0  438 2.0717e+07 2.1002e+07  1.37%     -   60s
     0     0 2.1002e+07    0  442 2.0717e+07 2.1002e+07  1.37%     -   60s
     0     0 2.1002e+07    0  444 2.0717e+07 2.1002e+07  1.37%     -   61s
     0     0 2.1002e+07    0  440 2.0717e+07 2.1002e+07  1.37%     -   63s
     0     0 2.1002e+07    0  440 2.0717e+07 2.1002e+07  1.37%     -   70s
H    0     0                    2.078281e+07 2.1002e+07  1.06%     -   79s
H    0     0                    2.084092e+07 2.1002e+07  0.77%     -   80s
H    0     0                    2.084728e+07 2.1002e+07  0.74%     -   83s
     0     2 2.1002e+07    0  440 2.0847e+07 2.1002e+07  0.74%     -   91s
    31    64 2.1001e+07    5  445 2.0847e+07 2.1002e+07  0.74%   193   95s
H   72   112                    2.084805e+07 2.1002e+07  0.74%   137   96s
H   90   112                    2.085125e+07 2.1002e+07  0.72%   121   96s
   159   356 2.1000e+07    8  450 2.0851e+07 2.1002e+07  0.72%   104  100s
H  166   356                    2.086789e+07 2.1002e+07  0.64%   104  100s
   962  1407 2.0999e+07   21  431 2.0868e+07 2.1002e+07  0.64%  76.5  106s
H 1406  1854                    2.086986e+07 2.1002e+07  0.63%  71.3  110s
H 1426  1854                    2.087262e+07 2.1002e+07  0.62%  70.7  110s
H 1495  1854                    2.087339e+07 2.1002e+07  0.62%  69.2  110s
  1853  1902 2.0999e+07   35  414 2.0873e+07 2.1002e+07  0.62%  65.3  116s
  1901  1950 2.0998e+07   35  407 2.0873e+07 2.1002e+07  0.62%  64.9  124s
H 1949  1998                    2.088326e+07 2.1002e+07  0.57%  64.9  132s
  1997  2736 2.0999e+07   37  416 2.0883e+07 2.1002e+07  0.57%  64.7  137s
H 2159  2736                    2.088667e+07 2.1002e+07  0.55%  63.9  137s
H 2344  2736                    2.089517e+07 2.1002e+07  0.51%  62.4  137s
  2735  4812 2.0998e+07   51  386 2.0895e+07 2.1002e+07  0.51%  60.4  142s
H 4830  4859                    2.089557e+07 2.1002e+07  0.51%  53.0  150s
H 4835  4853                    2.089665e+07 2.1002e+07  0.50%  53.0  150s
H 4836  4851                    2.089727e+07 2.1002e+07  0.50%  53.0  150s
H 4842  4849                    2.089793e+07 2.1002e+07  0.50%  53.0  150s
H 4847  4801                    2.090704e+07 2.1002e+07  0.45%  53.1  150s
  4878  6544 2.0997e+07   75  339 2.0907e+07 2.1002e+07  0.45%  53.2  156s
  6742  7348 2.0994e+07  103  293 2.0907e+07 2.1002e+07  0.45%  50.1  162s
H 6901  7155                    2.091173e+07 2.1002e+07  0.43%  49.9  162s
H 6952  7118                    2.091317e+07 2.1002e+07  0.42%  49.9  162s
H 7029  6770                    2.092636e+07 2.1002e+07  0.36%  49.9  162s
  7578  8775 2.0993e+07  121  287 2.0926e+07 2.1002e+07  0.36%  49.7  167s
  9686  9901 2.0990e+07  152  275 2.0926e+07 2.1002e+07  0.36%  48.0  172s
 10838 11695 2.0989e+07  164  261 2.0926e+07 2.1002e+07  0.36%  47.7  177s
 12679 13614 2.0988e+07  191  232 2.0926e+07 2.1002e+07  0.36%  46.8  182s
 14713 15173 2.0986e+07  230  179 2.0926e+07 2.1002e+07  0.36%  45.2  186s
*15840 15147             449    2.092649e+07 2.1002e+07  0.36%  45.2  186s
*16343 14949             379    2.092976e+07 2.1002e+07  0.34%  44.8  186s
 16398 16590 2.0984e+07  251  176 2.0930e+07 2.1002e+07  0.34%  44.8  190s
H18200 15107                    2.094440e+07 2.1002e+07  0.27%  44.4  212s
 18201 15070 2.0968e+07  162  440 2.0944e+07 2.1002e+07  0.27%  44.4  232s
H18202 14317                    2.094892e+07 2.1002e+07  0.25%  44.4  367s
H18202 13601                    2.095039e+07 2.1002e+07  0.25%  44.4  367s
H18202 12921                    2.095324e+07 2.1000e+07  0.23%  44.4  367s
H18202 12275                    2.096332e+07 2.1000e+07  0.18%  44.4  367s
H18202 11661                    2.096418e+07 2.1000e+07  0.17%  44.4  367s
H18202 11078                    2.096436e+07 2.1000e+07  0.17%  44.4  367s

Cutting planes:
  Gomory: 3
  Cover: 8
  Implied bound: 188
  MIR: 563
  Flow cover: 503
  RLT: 6
  Relax-and-lift: 381
  PSD: 1

Explored 18202 nodes (906322 simplex iterations) in 367.85 seconds (367.45 work units)
Thread count was 48 (of 192 available processors)

Solution count 10: 2.09644e+07 2.09644e+07 2.09642e+07 ... 2.09265e+07

Optimal solution found (tolerance 2.00e-03)
Best objective 2.096436478051e+07, best bound 2.100048243983e+07, gap 0.1723%
Deleted nodefile directory: /scratch-local/lbeemster.21706559/gurobi_maxh2_0.1_sub70.0_run0
Saved model snapshot to study_case_model/figures/technical_experiment/run_10426/maxh2_0.1/sub70.0/run0/model_snapshot.pkl
Finished successfully!
