Gurobi shell based on Python 3.13.1 can be launched with command `gurobi.sh`
Gurobi Python Interface can be loaded in Python 3.13.1 with 'import gurobipy'
/var/spool/slurm/slurmd/job21713031/slurm_script: line 24: activate: No such file or directory
Solving model:, maxh2_0.02, sub70.0, run1
Read LP format model from file /scratch-local/lbeemster.21713031/tmpdfadhqkw.pyomo.lp
Reading time = 0.51 seconds
x1: 176513 rows, 50050 columns, 1016320 nonzeros
Set parameter OutputFlag to value 1
Set parameter MIPGap to value 0.002
Set parameter Threads to value 48
Set parameter Presolve to value 1
Set parameter Cuts to value 1
Set parameter NodefileStart to value 1
Set parameter NodefileDir to value "/scratch-local/lbeemster.21713031/gurobi_maxh2_0.02_sub70.0_run1"
Set parameter MemLimit to value 60
Gurobi Optimizer version 12.0.3 build v12.0.3rc0 (linux64 - "Red Hat Enterprise Linux 9.6 (Plow)")

CPU model: AMD EPYC 9654 96-Core Processor, instruction set [SSE2|AVX|AVX2|AVX512]
Thread count: 192 physical cores, 192 logical processors, using up to 48 threads

Non-default parameters:
MemLimit  60
MIPGap  0.002
NodefileStart  1
Cuts  1
Presolve  1
Threads  48

Academic license 2514514 - for non-commercial use only - registered to l.___@student.vu.nl
Optimize a model with 176513 rows, 50050 columns and 1016320 nonzeros
Model fingerprint: 0x5b7f4ed3
Variable types: 39426 continuous, 10624 integer (10624 binary)
Coefficient statistics:
  Matrix range     [6e-05, 1e+05]
  Objective range  [2e+00, 3e+04]
  Bounds range     [1e+00, 1e+00]
  RHS range        [3e-01, 2e+05]
Presolve removed 36977 rows and 24310 columns
Presolve time: 3.15s
Presolved: 139536 rows, 25740 columns, 891070 nonzeros
Variable types: 19972 continuous, 5768 integer (5768 binary)
Found heuristic solution: objective 2.000920e+07
Found heuristic solution: objective 2.015150e+07

Deterministic concurrent LP optimizer: primal simplex, dual simplex, and barrier
Showing barrier log only...

Root relaxation presolved: 24841 rows, 164214 columns, 915847 nonzeros

Root barrier log...

Ordering time: 0.05s

Barrier statistics:
 Free vars  : 1920
 AA' NZ     : 5.638e+05
 Factor NZ  : 1.468e+06 (roughly 90 MB of memory)
 Factor Ops : 1.056e+08 (less than 1 second per iteration)
 Threads    : 46

                  Objective                Residual
Iter       Primal          Dual         Primal    Dual     Compl     Time
   0   1.55502019e+12  3.48741388e+06  7.58e+06 3.25e+02  1.63e+08     9s
   1   1.00961379e+12 -2.38129636e+08  4.02e+06 3.28e+03  9.54e+07     9s
   2   7.50389016e+11 -2.32383262e+08  2.39e+06 1.77e+03  5.48e+07     9s
   3   5.61330193e+11 -1.94560374e+08  1.35e+06 1.34e+03  3.77e+07     9s
   4   4.22077403e+11 -1.32728180e+08  6.98e+05 7.14e+02  2.02e+07     9s
   5   3.28881903e+11 -9.48103717e+07  4.12e+05 4.35e+02  1.23e+07     9s
   6   2.33180178e+11 -6.10642166e+07  2.09e+05 2.29e+02  6.55e+06     9s
   7   1.37056018e+11 -3.83561620e+07  7.31e+04 1.32e+02  3.23e+06     9s
   8   1.02789352e+11 -1.80793561e+07  4.19e+04 6.15e+01  1.70e+06     9s
   9   6.62290335e+10 -1.17793298e+07  1.97e+04 4.11e+01  1.01e+06     9s
  10   4.27546233e+10 -5.50011454e+06  1.04e+04 2.14e+01  5.44e+05     9s
  11   2.44431669e+10 -1.62582155e+06  4.66e+03 9.75e+00  2.58e+05     9s
  12   1.45566905e+10  8.45312352e+04  2.40e+03 4.91e+00  1.36e+05    10s
  13   5.34200887e+09  9.97282525e+05  6.39e+02 2.63e+00  5.11e+04    10s
  14   3.20041348e+09  2.47987399e+06  3.41e+02 1.18e+00  2.67e+04    10s
  15   2.05592094e+09  4.37175878e+06  2.02e+02 5.66e-01  1.53e+04    10s
  16   1.88937648e+09  6.17834610e+06  1.83e+02 2.54e-01  1.25e+04    10s
  17   5.70578352e+08  8.10852636e+06  4.74e+01 1.05e-01  3.67e+03    10s
  18   2.87430775e+08  9.81225623e+06  2.18e+01 5.44e-02  1.77e+03    10s
  19   1.49906557e+08  1.37649345e+07  9.87e+00 1.84e-02  8.40e+02    10s
  20   9.53236057e+07  1.62601879e+07  5.45e+00 8.63e-03  4.80e+02    10s
  21   4.96761328e+07  1.90614366e+07  1.84e+00 4.28e-03  1.83e+02    10s
  22   4.03530707e+07  1.98748281e+07  1.19e+00 2.84e-03  1.21e+02    10s
  23   3.28491657e+07  2.02372517e+07  7.17e-01 1.88e-03  7.39e+01    10s
  24   2.80413314e+07  2.06525453e+07  3.98e-01 2.63e-03  4.30e+01    10s
  25   2.50771915e+07  2.09887601e+07  2.14e-01 2.13e-03  2.37e+01    10s
  26   2.36478669e+07  2.11438761e+07  1.30e-01 1.59e-03  1.45e+01    10s
  27   2.27664660e+07  2.12600911e+07  7.68e-02 1.59e-03  8.68e+00    10s
  28   2.22111602e+07  2.13004155e+07  4.48e-02 1.05e-03  5.24e+00    10s
  29   2.17989625e+07  2.13430440e+07  2.09e-02 5.48e-04  2.61e+00    10s
  30   2.16804987e+07  2.13687874e+07  1.43e-02 7.00e-04  1.79e+00    10s
  31   2.15743497e+07  2.13833933e+07  8.21e-03 6.99e-04  1.09e+00    10s
  32   2.15363175e+07  2.14046555e+07  5.41e-03 3.80e-04  7.49e-01    10s
  33   2.15062272e+07  2.14260760e+07  3.03e-03 3.50e-04  4.54e-01    10s

Barrier performed 33 iterations in 10.33 seconds (9.01 work units)
Barrier solve interrupted - model solved by another algorithm

Concurrent spin time: 0.46s (can be avoided by choosing Method=3)

Solved with primal simplex

Root relaxation: objective 2.145462e+07, 28564 iterations, 2.63 seconds (1.80 work units)

    Nodes    |    Current Node    |     Objective Bounds      |     Work
 Expl Unexpl |  Obj  Depth IntInf | Incumbent    BestBd   Gap | It/Node Time

     0     0 2.1455e+07    0  370 2.0152e+07 2.1455e+07  6.47%     -   12s
     0     0 2.1444e+07    0  448 2.0152e+07 2.1444e+07  6.41%     -   16s
H    0     0                    2.095225e+07 2.1444e+07  2.35%     -   17s
     0     0 2.1443e+07    0  510 2.0952e+07 2.1443e+07  2.34%     -   18s
     0     0 2.1443e+07    0  527 2.0952e+07 2.1443e+07  2.34%     -   18s
     0     0 2.1443e+07    0  527 2.0952e+07 2.1443e+07  2.34%     -   18s
     0     0 2.1443e+07    0  527 2.0952e+07 2.1443e+07  2.34%     -   19s
     0     0 2.1438e+07    0  555 2.0952e+07 2.1438e+07  2.32%     -   21s
     0     0 2.1438e+07    0  607 2.0952e+07 2.1438e+07  2.32%     -   22s
     0     0 2.1438e+07    0  601 2.0952e+07 2.1438e+07  2.32%     -   22s
     0     0 2.1438e+07    0  609 2.0952e+07 2.1438e+07  2.32%     -   22s
     0     0 2.1438e+07    0  612 2.0952e+07 2.1438e+07  2.32%     -   26s
     0     0 2.1438e+07    0  611 2.0952e+07 2.1438e+07  2.32%     -   27s
     0     0 2.1438e+07    0  626 2.0952e+07 2.1438e+07  2.32%     -   28s
     0     0 2.1438e+07    0  626 2.0952e+07 2.1438e+07  2.32%     -   28s
     0     0 2.1438e+07    0  604 2.0952e+07 2.1438e+07  2.32%     -   32s
H    0     0                    2.107429e+07 2.1438e+07  1.72%     -   33s
     0     0 2.1438e+07    0  593 2.1074e+07 2.1438e+07  1.72%     -   33s
     0     0 2.1438e+07    0  595 2.1074e+07 2.1438e+07  1.72%     -   33s
     0     0 2.1438e+07    0  596 2.1074e+07 2.1438e+07  1.72%     -   34s
     0     0 2.1438e+07    0  596 2.1074e+07 2.1438e+07  1.72%     -   34s
     0     0 2.1437e+07    0  453 2.1074e+07 2.1437e+07  1.72%     -   37s
     0     0 2.1437e+07    0  469 2.1074e+07 2.1437e+07  1.72%     -   38s
     0     0 2.1437e+07    0  469 2.1074e+07 2.1437e+07  1.72%     -   39s
     0     0 2.1437e+07    0  472 2.1074e+07 2.1437e+07  1.72%     -   39s
     0     0 2.1437e+07    0  479 2.1074e+07 2.1437e+07  1.72%     -   41s
     0     0 2.1437e+07    0  478 2.1074e+07 2.1437e+07  1.72%     -   43s
     0     0 2.1437e+07    0  470 2.1074e+07 2.1437e+07  1.72%     -   43s
     0     0 2.1437e+07    0  473 2.1074e+07 2.1437e+07  1.72%     -   43s
     0     0 2.1437e+07    0  468 2.1074e+07 2.1437e+07  1.72%     -   45s
     0     0 2.1437e+07    0  473 2.1074e+07 2.1437e+07  1.72%     -   47s
     0     0 2.1437e+07    0  479 2.1074e+07 2.1437e+07  1.72%     -   47s
     0     0 2.1437e+07    0  462 2.1074e+07 2.1437e+07  1.72%     -   49s
     0     0 2.1437e+07    0  462 2.1074e+07 2.1437e+07  1.72%     -   56s
H    0     0                    2.120671e+07 2.1437e+07  1.09%     -   57s
H    0     0                    2.128157e+07 2.1437e+07  0.73%     -   64s
H    0     2                    2.128676e+07 2.1437e+07  0.71%     -   69s
     0     2 2.1437e+07    0  462 2.1287e+07 2.1437e+07  0.71%     -   69s
     1     4 2.1437e+07    1  463 2.1287e+07 2.1437e+07  0.71%   310   70s
    63   112 2.1437e+07    6  473 2.1287e+07 2.1437e+07  0.71%   138   75s
H  111   160                    2.128677e+07 2.1437e+07  0.71%   116   77s
   545   770 2.1437e+07   12  467 2.1287e+07 2.1437e+07  0.71%  68.9   80s
   833  1176 2.1436e+07   16  444 2.1287e+07 2.1437e+07  0.71%  63.4   86s
  1179  1584 2.1436e+07   21  428 2.1287e+07 2.1437e+07  0.71%  62.3   91s
H 1258  1584                    2.130486e+07 2.1437e+07  0.62%  63.4   91s
  2157  2197 2.1434e+07   37  397 2.1305e+07 2.1437e+07  0.62%  60.2  101s
H 2190  2197                    2.130775e+07 2.1437e+07  0.61%  60.1  101s
  2799  3599 2.1433e+07   45  381 2.1308e+07 2.1437e+07  0.61%  57.5  106s
  3624  4025 2.1432e+07   57  359 2.1308e+07 2.1437e+07  0.61%  54.9  110s
H 3702  4025                    2.131255e+07 2.1437e+07  0.58%  54.9  110s
H 4023  4025                    2.131278e+07 2.1437e+07  0.58%  53.4  110s
  4967  5375 2.1429e+07   72  348 2.1313e+07 2.1437e+07  0.58%  50.7  116s
  6257  6887 2.1428e+07   83  320 2.1313e+07 2.1437e+07  0.58%  47.6  120s
  7412  7915 2.1427e+07   97  298 2.1313e+07 2.1437e+07  0.58%  46.7  125s
H 7551  7902                    2.131793e+07 2.1437e+07  0.56%  46.4  125s
  9201  9109 2.1425e+07  136  242 2.1318e+07 2.1437e+07  0.56%  45.9  130s
H 9251  9082                    2.132253e+07 2.1437e+07  0.54%  45.8  137s
H 9252  9022                    2.132661e+07 2.1437e+07  0.52%  45.8  137s
H 9255  8983                    2.132794e+07 2.1437e+07  0.51%  45.8  137s
H 9258  8967                    2.132968e+07 2.1437e+07  0.50%  45.8  137s
H 9259  8956                    2.133031e+07 2.1437e+07  0.50%  45.8  137s
H 9267  8916                    2.133147e+07 2.1437e+07  0.49%  45.9  137s
  9899  9625 2.1423e+07  149  225 2.1331e+07 2.1437e+07  0.49%  45.9  142s
 10085  9672 2.1423e+07  151  228 2.1331e+07 2.1437e+07  0.49%  45.9  145s
H10134  9711                    2.133204e+07 2.1437e+07  0.49%  45.9  152s
H10136  9669                    2.133382e+07 2.1437e+07  0.48%  45.9  152s
H10154  9664                    2.133477e+07 2.1437e+07  0.48%  45.9  152s
 10836 10994 2.1421e+07  159  221 2.1335e+07 2.1437e+07  0.48%  45.8  155s
H11724 11001                    2.134860e+07 2.1437e+07  0.41%  45.6  158s
 11968 11578 2.1416e+07  179  192 2.1349e+07 2.1437e+07  0.41%  45.4  160s
 14309 13897 2.1410e+07  218  151 2.1349e+07 2.1437e+07  0.41%  45.2  165s
 15291 14961 2.1409e+07  239  137 2.1349e+07 2.1437e+07  0.41%  44.8  170s
 18123 16954 2.1435e+07   15  462 2.1349e+07 2.1437e+07  0.41%  44.1  215s
H18124 16107                    2.135156e+07 2.1437e+07  0.40%  44.1  337s
H18124 15301                    2.135687e+07 2.1435e+07  0.36%  44.1  337s
H18124 14536                    2.135851e+07 2.1435e+07  0.36%  44.1  337s
H18124 13809                    2.136326e+07 2.1435e+07  0.33%  44.1  337s
 18126 13810 2.1434e+07   24  399 2.1363e+07 2.1435e+07  0.33%  44.1  344s
 18127 13811 2.1434e+07   35  420 2.1363e+07 2.1435e+07  0.33%  44.1  347s
 18130 13813 2.1433e+07   30  422 2.1363e+07 2.1435e+07  0.33%  44.1  350s
H18132 13124                    2.137848e+07 2.1434e+07  0.26%  44.1  432s
H18132 12467                    2.137980e+07 2.1434e+07  0.26%  44.1  432s
H18132 11844                    2.138007e+07 2.1434e+07  0.25%  44.1  432s
 18134 11845 2.1383e+07  131  401 2.1380e+07 2.1434e+07  0.25%  44.1  435s
 18138 11848 2.1425e+07  144  399 2.1380e+07 2.1434e+07  0.25%  44.1  505s
H18140 11256                    2.138476e+07 2.1434e+07  0.23%  44.1  571s
H18140 10693                    2.139331e+07 2.1434e+07  0.19%  44.1  571s
H18140 10158                    2.139704e+07 2.1434e+07  0.17%  44.1  571s
H18140  9650                    2.139708e+07 2.1434e+07  0.17%  44.1  571s
H18140  9167                    2.140302e+07 2.1434e+07  0.15%  44.1  572s
H18140  8708                    2.140525e+07 2.1434e+07  0.14%  44.1  572s
H18140  8272                    2.140552e+07 2.1434e+07  0.13%  44.1  572s
H18140  7858                    2.140581e+07 2.1434e+07  0.13%  44.1  572s

Cutting planes:
  Gomory: 20
  Cover: 13
  Implied bound: 554
  MIR: 711
  Flow cover: 1031
  GUB cover: 7
  RLT: 13
  Relax-and-lift: 357

Explored 18140 nodes (902310 simplex iterations) in 572.24 seconds (637.10 work units)
Thread count was 48 (of 192 available processors)

Solution count 10: 2.14058e+07 2.14055e+07 2.14052e+07 ... 2.13785e+07

Optimal solution found (tolerance 2.00e-03)
Best objective 2.140580525471e+07, best bound 2.143416668925e+07, gap 0.1325%
Deleted nodefile directory: /scratch-local/lbeemster.21713031/gurobi_maxh2_0.02_sub70.0_run1
Saved model snapshot to study_case_model/figures/technical_experiment/run_10426/maxh2_0.02/sub70.0/run1/model_snapshot.pkl
Finished successfully!
