Gurobi shell based on Python 3.13.1 can be launched with command `gurobi.sh`
Gurobi Python Interface can be loaded in Python 3.13.1 with 'import gurobipy'
/var/spool/slurm/slurmd/job21715247/slurm_script: line 24: activate: No such file or directory
Solving model:, maxh2_0.06, sub45.0, run3
Read LP format model from file /scratch-local/lbeemster.21715247/tmp59itfl1g.pyomo.lp
Reading time = 0.60 seconds
x1: 176513 rows, 50050 columns, 1016320 nonzeros
Set parameter OutputFlag to value 1
Set parameter MIPGap to value 0.002
Set parameter Threads to value 48
Set parameter Presolve to value 1
Set parameter Cuts to value 1
Set parameter NodefileStart to value 1
Set parameter NodefileDir to value "/scratch-local/lbeemster.21715247/gurobi_maxh2_0.06_sub45.0_run3"
Set parameter MemLimit to value 60
Gurobi Optimizer version 12.0.3 build v12.0.3rc0 (linux64 - "Red Hat Enterprise Linux 9.6 (Plow)")

CPU model: AMD EPYC 9654 96-Core Processor, instruction set [SSE2|AVX|AVX2|AVX512]
Thread count: 192 physical cores, 192 logical processors, using up to 48 threads

Non-default parameters:
MemLimit  60
MIPGap  0.002
NodefileStart  1
Cuts  1
Presolve  1
Threads  48

Academic license 2514514 - for non-commercial use only - registered to l.___@student.vu.nl
Optimize a model with 176513 rows, 50050 columns and 1016320 nonzeros
Model fingerprint: 0x7eca87cf
Variable types: 39426 continuous, 10624 integer (10624 binary)
Coefficient statistics:
  Matrix range     [6e-05, 1e+05]
  Objective range  [2e+00, 3e+04]
  Bounds range     [1e+00, 1e+00]
  RHS range        [3e-01, 2e+05]
Presolve removed 35921 rows and 24246 columns
Presolve time: 3.03s
Presolved: 140592 rows, 25804 columns, 861453 nonzeros
Variable types: 20020 continuous, 5784 integer (5784 binary)
Found heuristic solution: objective 1.946910e+07
Found heuristic solution: objective 1.953108e+07
Found heuristic solution: objective 1.963546e+07

Deterministic concurrent LP optimizer: primal simplex, dual simplex, and barrier
Showing barrier log only...

Root relaxation presolved: 24980 rows, 165541 columns, 886525 nonzeros

Root barrier log...

Ordering time: 0.05s

Barrier statistics:
 Free vars  : 1920
 AA' NZ     : 5.595e+05
 Factor NZ  : 1.476e+06 (roughly 90 MB of memory)
 Factor Ops : 1.059e+08 (less than 1 second per iteration)
 Threads    : 46

                  Objective                Residual
Iter       Primal          Dual         Primal    Dual     Compl     Time
   0   1.56914414e+12  2.93571658e+06  7.58e+06 3.09e+02  1.65e+08     9s
   1   1.08679506e+12 -2.02714674e+08  4.42e+06 3.53e+03  1.04e+08     9s
   2   8.46088569e+11 -1.87899840e+08  2.86e+06 2.21e+03  6.66e+07     9s
   3   5.97843977e+11 -1.48985883e+08  1.35e+06 1.40e+03  3.85e+07     9s
   4   4.45107428e+11 -8.35557331e+07  6.46e+05 6.36e+02  1.84e+07     9s
   5   3.71064646e+11 -6.76857900e+07  4.33e+05 4.49e+02  1.29e+07     9s
   6   2.76316404e+11 -5.44313282e+07  2.37e+05 3.30e+02  8.61e+06     9s
   7   2.03455362e+11 -3.92233502e+07  1.28e+05 2.09e+02  5.25e+06     9s
   8   1.45698274e+11 -1.81557978e+07  6.52e+04 9.60e+01  2.60e+06     9s
   9   8.90111383e+10 -7.67483238e+06  2.71e+04 5.23e+01  1.31e+06     9s
  10   5.45314157e+10 -3.79773707e+06  1.33e+04 2.66e+01  6.77e+05     9s
  11   2.52355358e+10 -1.05254019e+06  4.34e+03 1.23e+01  2.77e+05     9s
  12   1.36942247e+10  2.79658534e+05  1.92e+03 5.36e+00  1.29e+05     9s
  13   6.64831882e+09  7.50866661e+05  7.58e+02 3.43e+00  6.41e+04     9s
  14   3.99490250e+09  2.58127783e+06  4.02e+02 1.30e+00  3.18e+04     9s
  15   2.21896077e+09  4.25866607e+06  1.99e+02 6.21e-01  1.63e+04     9s
  16   1.85320550e+09  6.09850570e+06  1.63e+02 3.02e-01  1.23e+04     9s
  17   6.37409605e+08  8.49560078e+06  4.84e+01 9.20e-02  3.96e+03     9s
  18   3.01483810e+08  1.00270503e+07  2.10e+01 4.86e-02  1.81e+03     9s
  19   1.75618554e+08  1.25619781e+07  1.11e+01 2.05e-02  9.85e+02     9s
  20   1.45927957e+08  1.56820018e+07  8.87e+00 9.51e-03  7.73e+02    10s
  21   6.93948223e+07  1.79571114e+07  3.19e+00 4.82e-03  3.02e+02    10s
  22   4.88772795e+07  1.90155974e+07  1.75e+00 3.41e-03  1.74e+02    10s
  23   3.95882571e+07  1.97463257e+07  1.12e+00 1.68e-03  1.15e+02    10s
  24   3.19156778e+07  2.04530315e+07  6.41e-01 2.54e-03  6.61e+01    10s
  25   2.72028788e+07  2.08800145e+07  3.42e-01 3.31e-03  3.64e+01    10s
  26   2.51217616e+07  2.10334700e+07  2.11e-01 2.36e-03  2.35e+01    10s
  27   2.37070272e+07  2.12302677e+07  1.25e-01 1.37e-03  1.42e+01    10s

Barrier performed 27 iterations in 9.85 seconds (8.48 work units)
Barrier solve interrupted - model solved by another algorithm

Concurrent spin time: 0.40s (can be avoided by choosing Method=3)

Solved with primal simplex

Root relaxation: objective 2.160676e+07, 25616 iterations, 2.46 seconds (1.73 work units)

    Nodes    |    Current Node    |     Objective Bounds      |     Work
 Expl Unexpl |  Obj  Depth IntInf | Incumbent    BestBd   Gap | It/Node Time

     0     0 2.1607e+07    0  377 1.9635e+07 2.1607e+07  10.0%     -   12s
     0     0 2.1581e+07    0  428 1.9635e+07 2.1581e+07  9.91%     -   15s
H    0     0                    2.109284e+07 2.1581e+07  2.31%     -   16s
     0     0 2.1580e+07    0  447 2.1093e+07 2.1580e+07  2.31%     -   16s
     0     0 2.1580e+07    0  465 2.1093e+07 2.1580e+07  2.31%     -   17s
     0     0 2.1580e+07    0  468 2.1093e+07 2.1580e+07  2.31%     -   17s
     0     0 2.1580e+07    0  469 2.1093e+07 2.1580e+07  2.31%     -   17s
     0     0 2.1578e+07    0  502 2.1093e+07 2.1578e+07  2.30%     -   20s
     0     0 2.1578e+07    0  523 2.1093e+07 2.1578e+07  2.30%     -   20s
     0     0 2.1578e+07    0  525 2.1093e+07 2.1578e+07  2.30%     -   20s
     0     0 2.1578e+07    0  528 2.1093e+07 2.1578e+07  2.30%     -   21s
     0     0 2.1576e+07    0  476 2.1093e+07 2.1576e+07  2.29%     -   24s
     0     0 2.1576e+07    0  529 2.1093e+07 2.1576e+07  2.29%     -   26s
     0     0 2.1576e+07    0  530 2.1093e+07 2.1576e+07  2.29%     -   27s
     0     0 2.1575e+07    0  548 2.1093e+07 2.1575e+07  2.29%     -   30s
     0     0 2.1575e+07    0  559 2.1093e+07 2.1575e+07  2.29%     -   32s
     0     0 2.1575e+07    0  548 2.1093e+07 2.1575e+07  2.29%     -   32s
     0     0 2.1575e+07    0  547 2.1093e+07 2.1575e+07  2.29%     -   32s
     0     0 2.1575e+07    0  438 2.1093e+07 2.1575e+07  2.29%     -   36s
H    0     0                    2.112451e+07 2.1575e+07  2.13%     -   37s
     0     0 2.1575e+07    0  472 2.1125e+07 2.1575e+07  2.13%     -   37s
     0     0 2.1575e+07    0  444 2.1125e+07 2.1575e+07  2.13%     -   38s
     0     0 2.1575e+07    0  439 2.1125e+07 2.1575e+07  2.13%     -   38s
     0     0 2.1575e+07    0  431 2.1125e+07 2.1575e+07  2.13%     -   40s
H    0     0                    2.117287e+07 2.1575e+07  1.90%     -   44s
     0     0 2.1575e+07    0  420 2.1173e+07 2.1575e+07  1.90%     -   45s
     0     0 2.1575e+07    0  425 2.1173e+07 2.1575e+07  1.90%     -   45s
     0     0 2.1574e+07    0  455 2.1173e+07 2.1574e+07  1.90%     -   47s
     0     0 2.1574e+07    0  464 2.1173e+07 2.1574e+07  1.90%     -   50s
     0     0 2.1574e+07    0  472 2.1173e+07 2.1574e+07  1.90%     -   50s
     0     0 2.1574e+07    0  465 2.1173e+07 2.1574e+07  1.90%     -   50s
     0     0 2.1574e+07    0  469 2.1173e+07 2.1574e+07  1.90%     -   50s
     0     0 2.1574e+07    0  415 2.1173e+07 2.1574e+07  1.90%     -   53s
     0     0 2.1574e+07    0  437 2.1173e+07 2.1574e+07  1.89%     -   53s
     0     0 2.1574e+07    0  432 2.1173e+07 2.1574e+07  1.89%     -   53s
     0     0 2.1574e+07    0  408 2.1173e+07 2.1574e+07  1.89%     -   56s
H    0     0                    2.122388e+07 2.1574e+07  1.65%     -   57s
     0     0 2.1574e+07    0  415 2.1224e+07 2.1574e+07  1.65%     -   57s
     0     0 2.1574e+07    0  407 2.1224e+07 2.1574e+07  1.65%     -   58s
     0     0 2.1574e+07    0  407 2.1224e+07 2.1574e+07  1.65%     -   58s
     0     0 2.1574e+07    0  379 2.1224e+07 2.1574e+07  1.65%     -   60s
     0     0 2.1574e+07    0  386 2.1224e+07 2.1574e+07  1.65%     -   60s
     0     0 2.1574e+07    0  382 2.1224e+07 2.1574e+07  1.65%     -   63s
     0     0 2.1574e+07    0  382 2.1224e+07 2.1574e+07  1.65%     -   69s
H    0     0                    2.122696e+07 2.1574e+07  1.63%     -   70s
H    0     0                    2.124256e+07 2.1574e+07  1.56%     -   78s
H    0     0                    2.125492e+07 2.1574e+07  1.50%     -   79s
H    0     0                    2.138249e+07 2.1574e+07  0.90%     -   82s
H    0     0                    2.138344e+07 2.1574e+07  0.89%     -   83s
H    0     0                    2.139136e+07 2.1574e+07  0.85%     -   88s
     0     2 2.1574e+07    0  382 2.1391e+07 2.1574e+07  0.85%     -   89s
     1     4 2.1574e+07    1  382 2.1391e+07 2.1574e+07  0.85%   389   90s
    63   112 2.1573e+07    6  386 2.1391e+07 2.1573e+07  0.85%   217   99s
H   67   112                    2.141001e+07 2.1573e+07  0.76%   206   99s
H   79   112                    2.142756e+07 2.1573e+07  0.68%   193   99s
   111   341 2.1572e+07    7  385 2.1428e+07 2.1573e+07  0.68%   185  100s
H  394   570                    2.145154e+07 2.1573e+07  0.57%  99.0  104s
H  397   570                    2.146442e+07 2.1573e+07  0.51%  99.1  104s
H  401   570                    2.146690e+07 2.1573e+07  0.49%  98.6  104s
H  460   570                    2.146739e+07 2.1573e+07  0.49%  96.4  104s
H  517   570                    2.147385e+07 2.1573e+07  0.46%  94.2  104s
H  566   570                    2.147710e+07 2.1573e+07  0.45%  91.8  104s
   569   845 2.1571e+07   12  377 2.1477e+07 2.1573e+07  0.45%  92.0  105s
  1739  1784 2.1569e+07   26  343 2.1477e+07 2.1573e+07  0.45%  78.2  113s
  1787  1832 2.1568e+07   26  349 2.1477e+07 2.1573e+07  0.45%  78.2  118s
  1835  1880 2.1568e+07   27  337 2.1477e+07 2.1573e+07  0.45%  78.2  121s
  1883  1928 2.1568e+07   27  342 2.1477e+07 2.1573e+07  0.45%  77.6  129s
H 1885  1928                    2.148628e+07 2.1573e+07  0.40%  77.5  129s
H 1919  1928                    2.148655e+07 2.1573e+07  0.40%  77.2  129s
  1931  2294 2.1568e+07   28  332 2.1487e+07 2.1573e+07  0.40%  77.1  131s
  3398  3528 2.1567e+07   48  265 2.1487e+07 2.1573e+07  0.40%  64.7  136s
  3981  4142 2.1567e+07   53  248 2.1487e+07 2.1573e+07  0.40%  61.2  140s
  5861  6327 2.1565e+07   77  212 2.1487e+07 2.1573e+07  0.40%  55.7  145s
  7880  8210 2.1562e+07  104  197 2.1487e+07 2.1573e+07  0.40%  51.7  150s
 10329 10529 2.1555e+07  147  173 2.1487e+07 2.1572e+07  0.40%  49.8  156s
 12272 12531 2.1550e+07  172  164 2.1487e+07 2.1572e+07  0.40%  48.9  160s
 13587 13873 2.1539e+07  194  164 2.1487e+07 2.1572e+07  0.40%  48.5  165s
*14788 14579             225    2.148725e+07 2.1572e+07  0.39%  47.9  167s
*14789 14355             224    2.148838e+07 2.1572e+07  0.39%  47.9  167s
*14790 14201             223    2.148945e+07 2.1572e+07  0.38%  47.9  167s
 15244 14288 2.1543e+07  226  123 2.1489e+07 2.1572e+07  0.38%  47.5  170s
 16203 15305 2.1539e+07  237  116 2.1489e+07 2.1572e+07  0.38%  46.9  176s
*16593 15770             259    2.149277e+07 2.1572e+07  0.37%  46.8  178s
 17221 16615 2.1533e+07  257  113 2.1493e+07 2.1572e+07  0.37%  46.4  180s
H18091 16566                    2.149436e+07 2.1572e+07  0.36%  46.2  197s
H18091 16431                    2.149786e+07 2.1572e+07  0.35%  46.2  198s
H18091 16124                    2.150531e+07 2.1572e+07  0.31%  46.2  199s
 18092 16111 2.1548e+07  178  382 2.1505e+07 2.1572e+07  0.31%  46.2  222s
H18093 15306                    2.151644e+07 2.1572e+07  0.26%  46.2  341s
H18093 14541                    2.152524e+07 2.1572e+07  0.22%  46.2  341s
H18093 13814                    2.153656e+07 2.1571e+07  0.16%  46.2  341s
H18093 13123                    2.154278e+07 2.1571e+07  0.13%  46.2  341s

Cutting planes:
  Gomory: 6
  Implied bound: 65
  MIR: 602
  Flow cover: 215
  RLT: 2
  Relax-and-lift: 367

Explored 18093 nodes (918007 simplex iterations) in 342.11 seconds (356.67 work units)
Thread count was 48 (of 192 available processors)

Solution count 10: 2.15428e+07 2.15428e+07 2.15366e+07 ... 2.14895e+07

Optimal solution found (tolerance 2.00e-03)
Best objective 2.154278369462e+07, best bound 2.157082355130e+07, gap 0.1302%
Deleted nodefile directory: /scratch-local/lbeemster.21715247/gurobi_maxh2_0.06_sub45.0_run3
Saved model snapshot to study_case_model/figures/technical_experiment/run_10426/maxh2_0.06/sub45.0/run3/model_snapshot.pkl
Finished successfully!
