Gurobi shell based on Python 3.13.1 can be launched with command `gurobi.sh`
Gurobi Python Interface can be loaded in Python 3.13.1 with 'import gurobipy'
/var/spool/slurm/slurmd/job21715344/slurm_script: line 24: activate: No such file or directory
Solving model:, maxh2_0.18, sub45.0, run3
Read LP format model from file /scratch-local/lbeemster.21715344/tmp1yaog2_f.pyomo.lp
Reading time = 0.76 seconds
x1: 176513 rows, 50050 columns, 1016320 nonzeros
Set parameter OutputFlag to value 1
Set parameter MIPGap to value 0.002
Set parameter Threads to value 48
Set parameter Presolve to value 1
Set parameter Cuts to value 1
Set parameter NodefileStart to value 1
Set parameter NodefileDir to value "/scratch-local/lbeemster.21715344/gurobi_maxh2_0.18_sub45.0_run3"
Set parameter MemLimit to value 60
Gurobi Optimizer version 12.0.3 build v12.0.3rc0 (linux64 - "Red Hat Enterprise Linux 9.6 (Plow)")

CPU model: AMD EPYC 9654 96-Core Processor, instruction set [SSE2|AVX|AVX2|AVX512]
Thread count: 192 physical cores, 192 logical processors, using up to 48 threads

Non-default parameters:
MemLimit  60
MIPGap  0.002
NodefileStart  1
Cuts  1
Presolve  1
Threads  48

Academic license 2514514 - for non-commercial use only - registered to l.___@student.vu.nl
Optimize a model with 176513 rows, 50050 columns and 1016320 nonzeros
Model fingerprint: 0xd2735bbc
Variable types: 39426 continuous, 10624 integer (10624 binary)
Coefficient statistics:
  Matrix range     [6e-05, 1e+05]
  Objective range  [2e+00, 3e+04]
  Bounds range     [1e+00, 1e+00]
  RHS range        [3e-01, 2e+05]
Presolve removed 35425 rows and 24214 columns
Presolve time: 3.26s
Presolved: 141088 rows, 25836 columns, 864613 nonzeros
Variable types: 20044 continuous, 5792 integer (5792 binary)
Found heuristic solution: objective 1.946501e+07
Found heuristic solution: objective 1.954055e+07

Deterministic concurrent LP optimizer: primal simplex, dual simplex, and barrier
Showing barrier log only...

Root relaxation presolved: 24998 rows, 166037 columns, 889685 nonzeros

Root barrier log...

Ordering time: 0.04s

Barrier statistics:
 Free vars  : 1920
 AA' NZ     : 5.599e+05
 Factor NZ  : 1.472e+06 (roughly 90 MB of memory)
 Factor Ops : 1.054e+08 (less than 1 second per iteration)
 Threads    : 46

                  Objective                Residual
Iter       Primal          Dual         Primal    Dual     Compl     Time
   0   1.58620982e+12  2.63233685e+06  7.59e+06 3.09e+02  1.65e+08     8s
   1   1.07508532e+12 -1.99387999e+08  4.27e+06 3.58e+03  1.03e+08     8s
   2   8.51529188e+11 -2.04356088e+08  2.84e+06 2.41e+03  7.05e+07     8s
   3   5.63243414e+11 -1.31927658e+08  1.11e+06 1.46e+03  3.77e+07     8s
   4   4.24649791e+11 -7.89922667e+07  5.09e+05 6.39e+02  1.74e+07     8s
   5   3.65626417e+11 -6.63604240e+07  3.61e+05 4.75e+02  1.28e+07     8s
   6   2.69236836e+11 -4.59430780e+07  1.88e+05 2.85e+02  7.43e+06     8s
   7   2.15588355e+11 -2.52530852e+07  1.19e+05 1.54e+02  4.37e+06     8s
   8   1.53037533e+11 -1.44315509e+07  6.50e+04 9.32e+01  2.57e+06     8s
   9   8.67946935e+10 -6.85860688e+06  2.39e+04 5.62e+01  1.32e+06     8s
  10   5.33630326e+10 -2.86525377e+06  1.19e+04 2.44e+01  6.30e+05     8s
  11   2.25993122e+10 -3.07391276e+05  3.38e+03 1.04e+01  2.34e+05     8s
  12   1.29909382e+10  7.60933028e+05  1.73e+03 4.67e+00  1.16e+05     8s
  13   4.40754806e+09  1.50473176e+06  4.23e+02 2.05e+00  3.87e+04     8s
  14   3.18456550e+09  3.05407527e+06  2.90e+02 9.10e-01  2.40e+04     8s
  15   1.99354663e+09  4.42409238e+06  1.69e+02 5.52e-01  1.43e+04     8s
  16   1.64598619e+09  6.29893406e+06  1.36e+02 2.32e-01  1.06e+04     8s
  17   6.46137515e+08  7.97966067e+06  4.71e+01 9.73e-02  4.02e+03     8s
  18   3.33724835e+08  9.85170776e+06  2.15e+01 3.60e-02  1.96e+03     8s
  19   1.49994390e+08  1.23275570e+07  8.43e+00 1.71e-02  8.11e+02     9s
  20   9.11199038e+07  1.44379595e+07  4.28e+00 1.13e-02  4.46e+02     9s
  21   7.18727677e+07  1.62522811e+07  3.03e+00 8.35e-03  3.22e+02     9s
  22   5.40733667e+07  1.83153185e+07  1.84e+00 5.11e-03  2.06e+02     9s
  23   4.03105632e+07  1.98307339e+07  9.87e-01 3.09e-03  1.17e+02     9s
  24   3.45777353e+07  1.99304504e+07  6.87e-01 2.52e-03  8.39e+01     9s
  25   2.85526394e+07  2.06006223e+07  3.60e-01 1.81e-03  4.54e+01     9s
  26   2.60350433e+07  2.09960572e+07  2.26e-01 1.52e-03  2.87e+01     9s
  27   2.43339229e+07  2.12833932e+07  1.32e-01 1.08e-03  1.73e+01     9s
  28   2.35797769e+07  2.13664944e+07  9.36e-02 8.61e-04  1.26e+01     9s
  29   2.30598574e+07  2.14793840e+07  6.76e-02 8.41e-04  8.96e+00     9s
  30   2.24715294e+07  2.15438455e+07  3.89e-02 7.11e-04  5.25e+00     9s
  31   2.18943347e+07  2.15796662e+07  1.16e-02 4.92e-04  1.78e+00     9s
  32   2.18365972e+07  2.16024342e+07  8.86e-03 2.85e-04  1.32e+00     9s
  33   2.17640251e+07  2.16246726e+07  4.88e-03 3.85e-04  7.84e-01     9s
  34   2.17388601e+07  2.16353079e+07  3.37e-03 3.48e-04  5.81e-01     9s
  35   2.17156864e+07  2.16532456e+07  2.11e-03 3.67e-04  3.49e-01     9s
  36   2.17002365e+07  2.16614584e+07  1.15e-03 3.32e-04  2.16e-01     9s
  37   2.16898932e+07  2.16704033e+07  6.41e-04 9.52e-05  1.09e-01     9s
  38   2.16809562e+07  2.16732722e+07  2.41e-04 3.76e-05  4.27e-02     9s
  39   2.16774165e+07  2.16739321e+07  9.97e-05 1.78e-05  1.94e-02     9s
  40   2.16757447e+07  2.16743475e+07  3.74e-05 8.26e-06  7.76e-03     9s
  41   2.16754106e+07  2.16744674e+07  2.68e-05 8.52e-06  5.24e-03     9s
  42   2.16749457e+07  2.16745046e+07  1.21e-05 8.19e-06  2.45e-03    10s
  43   2.16746523e+07  2.16745246e+07  3.16e-06 7.09e-06  7.09e-04    10s
  44   2.16746293e+07  2.16745320e+07  2.50e-06 3.60e-06  5.40e-04    10s
  45   2.16745577e+07  2.16745363e+07  4.44e-07 1.79e-06  1.19e-04    10s
  46   2.16745427e+07  2.16745397e+07  4.44e-08 4.93e-07  1.64e-05    10s
  47   2.16745409e+07  2.16745400e+07  1.28e-08 8.75e-08  5.07e-06    10s
  48   2.16745404e+07  2.16745400e+07  3.98e-09 4.80e-08  1.79e-06    10s
  49   2.16745401e+07  2.16745401e+07  7.49e-10 5.18e-08  4.21e-07    10s
  50   2.16745401e+07  2.16745401e+07  1.03e-10 6.58e-08  1.85e-08    10s
  51   2.16745401e+07  2.16745401e+07  9.09e-11 7.17e-08  1.98e-10    10s

Barrier solved model in 51 iterations and 10.28 seconds (9.32 work units)
Optimal objective 2.16745401e+07


Root crossover log...

    7220 DPushes remaining with DInf 2.5269139e-05                10s
       0 DPushes remaining with DInf 0.0000000e+00                10s

    2296 PPushes remaining with PInf 1.2340850e-06                10s
       0 PPushes remaining with PInf 0.0000000e+00                10s

  Push phase complete: Pinf 0.0000000e+00, Dinf 1.0327563e-04     10s


Root simplex log...

Iteration    Objective       Primal Inf.    Dual Inf.      Time
    7670    2.1674540e+07   0.000000e+00   1.032756e-04     10s
    7675    2.1674540e+07   0.000000e+00   0.000000e+00     10s
    7675    2.1674540e+07   0.000000e+00   0.000000e+00     11s
    7675    2.1674540e+07   0.000000e+00   0.000000e+00     11s
Concurrent spin time: 1.41s (can be avoided by choosing Method=3)

Solved with barrier

Root relaxation: objective 2.167454e+07, 7675 iterations, 5.10 seconds (3.52 work units)

    Nodes    |    Current Node    |     Objective Bounds      |     Work
 Expl Unexpl |  Obj  Depth IntInf | Incumbent    BestBd   Gap | It/Node Time

     0     0 2.1675e+07    0  431 1.9541e+07 2.1675e+07  10.9%     -   13s
     0     0 2.1632e+07    0  545 1.9541e+07 2.1632e+07  10.7%     -   18s
H    0     0                    2.070262e+07 2.1632e+07  4.49%     -   19s
     0     0 2.1612e+07    0  555 2.0703e+07 2.1612e+07  4.39%     -   20s
     0     0 2.1612e+07    0  546 2.0703e+07 2.1612e+07  4.39%     -   20s
     0     0 2.1612e+07    0  549 2.0703e+07 2.1612e+07  4.39%     -   20s
     0     0 2.1611e+07    0  600 2.0703e+07 2.1611e+07  4.39%     -   23s
     0     0 2.1611e+07    0  614 2.0703e+07 2.1611e+07  4.39%     -   24s
     0     0 2.1611e+07    0  625 2.0703e+07 2.1611e+07  4.39%     -   24s
     0     0 2.1611e+07    0  634 2.0703e+07 2.1611e+07  4.39%     -   24s
     0     0 2.1610e+07    0  482 2.0703e+07 2.1610e+07  4.38%     -   28s
H    0     0                    2.108169e+07 2.1610e+07  2.51%     -   29s
     0     0 2.1610e+07    0  481 2.1082e+07 2.1610e+07  2.51%     -   30s
     0     0 2.1610e+07    0  487 2.1082e+07 2.1610e+07  2.51%     -   30s
     0     0 2.1609e+07    0  511 2.1082e+07 2.1609e+07  2.50%     -   33s
     0     0 2.1609e+07    0  509 2.1082e+07 2.1609e+07  2.50%     -   35s
     0     0 2.1609e+07    0  524 2.1082e+07 2.1609e+07  2.50%     -   35s
     0     0 2.1609e+07    0  533 2.1082e+07 2.1609e+07  2.50%     -   35s
     0     0 2.1609e+07    0  453 2.1082e+07 2.1609e+07  2.50%     -   39s
     0     0 2.1609e+07    0  459 2.1082e+07 2.1609e+07  2.50%     -   40s
     0     0 2.1609e+07    0  473 2.1082e+07 2.1609e+07  2.50%     -   41s
     0     0 2.1609e+07    0  451 2.1082e+07 2.1609e+07  2.50%     -   43s
     0     0 2.1609e+07    0  459 2.1082e+07 2.1609e+07  2.50%     -   45s
     0     0 2.1609e+07    0  462 2.1082e+07 2.1609e+07  2.50%     -   45s
     0     0 2.1609e+07    0  458 2.1082e+07 2.1609e+07  2.50%     -   48s
H    0     0                    2.112323e+07 2.1609e+07  2.30%     -   49s
     0     0 2.1609e+07    0  457 2.1123e+07 2.1609e+07  2.30%     -   49s
     0     0 2.1609e+07    0  438 2.1123e+07 2.1609e+07  2.30%     -   51s
     0     0 2.1609e+07    0  451 2.1123e+07 2.1609e+07  2.30%     -   55s
     0     0 2.1609e+07    0  437 2.1123e+07 2.1609e+07  2.30%     -   57s
     0     0 2.1609e+07    0  447 2.1123e+07 2.1609e+07  2.30%     -   57s
     0     0 2.1609e+07    0  428 2.1123e+07 2.1609e+07  2.30%     -   60s
     0     0 2.1609e+07    0  428 2.1123e+07 2.1609e+07  2.30%     -   67s
H    0     0                    2.116085e+07 2.1609e+07  2.12%     -   74s
H    0     0                    2.132914e+07 2.1609e+07  1.31%     -   75s
H    0     0                    2.134603e+07 2.1609e+07  1.23%     -   80s
H    0     0                    2.135338e+07 2.1609e+07  1.19%     -   83s
H    0     0                    2.136367e+07 2.1609e+07  1.15%     -   83s
H    0     0                    2.137300e+07 2.1609e+07  1.10%     -   83s
H    0     0                    2.137381e+07 2.1609e+07  1.10%     -   83s
     0     2 2.1609e+07    0  428 2.1374e+07 2.1609e+07  1.10%     -   85s
H   52    64                    2.137381e+07 2.1608e+07  1.10%   169   88s
    63   112 2.1607e+07    6  437 2.1374e+07 2.1608e+07  1.10%   209   91s
   810   992 2.1607e+07   18  407 2.1374e+07 2.1608e+07  1.10%  77.1   97s
   991  1136 2.1605e+07   21  401 2.1374e+07 2.1608e+07  1.10%  78.0  105s
  1135  1184 2.1605e+07   23  400 2.1374e+07 2.1608e+07  1.10%  77.9  113s
H 1142  1184                    2.137611e+07 2.1608e+07  1.09%  77.7  113s
H 1148  1184                    2.138394e+07 2.1608e+07  1.05%  77.6  113s
H 1162  1184                    2.138810e+07 2.1608e+07  1.03%  77.3  113s
H 1174  1184                    2.139108e+07 2.1608e+07  1.02%  76.9  113s
H 1180  1184                    2.139217e+07 2.1608e+07  1.01%  76.8  113s
H 1183  1242                    2.140263e+07 2.1608e+07  0.96%  76.8  120s
H 1184  1242                    2.140586e+07 2.1608e+07  0.95%  76.8  120s
H 1185  1242                    2.141550e+07 2.1608e+07  0.90%  76.8  120s
  1241  2315 2.1605e+07   24  399 2.1415e+07 2.1608e+07  0.90%  76.1  125s
  2320  2485 2.1603e+07   39  393 2.1415e+07 2.1608e+07  0.90%  70.7  131s
H 2321  2485                    2.142030e+07 2.1608e+07  0.88%  70.7  131s
H 2325  2485                    2.143152e+07 2.1608e+07  0.83%  70.6  131s
H 2355  2485                    2.144021e+07 2.1608e+07  0.78%  70.6  131s
  2490  4154 2.1602e+07   39  393 2.1440e+07 2.1608e+07  0.78%  69.0  136s
  5487  6519 2.1598e+07   89  317 2.1440e+07 2.1608e+07  0.78%  58.6  141s
  7872  8860 2.1595e+07  116  291 2.1440e+07 2.1608e+07  0.78%  52.8  146s
 10586 11085 2.1593e+07  149  241 2.1440e+07 2.1608e+07  0.78%  49.2  150s
 12182 12733 2.1589e+07  172  212 2.1440e+07 2.1608e+07  0.78%  48.1  155s
*13445 13404             343    2.144030e+07 2.1608e+07  0.78%  46.8  157s
 13857 14103 2.1584e+07  199  206 2.1440e+07 2.1608e+07  0.78%  46.7  160s
*14397 13938             354    2.144112e+07 2.1608e+07  0.78%  46.4  160s
 15459 15408 2.1569e+07  240  202 2.1441e+07 2.1608e+07  0.78%  46.1  168s
 16981 17242 2.1581e+07  268  182 2.1441e+07 2.1608e+07  0.78%  47.8  171s
H17925 15553                    2.148216e+07 2.1608e+07  0.59%  47.5  190s
H17925 15394                    2.148799e+07 2.1608e+07  0.56%  47.5  190s
H17925 15054                    2.149869e+07 2.1608e+07  0.51%  47.5  191s
H17925 15024                    2.149935e+07 2.1608e+07  0.51%  47.5  196s
H17925 14641                    2.151269e+07 2.1608e+07  0.44%  47.5  197s
 17926 14635 2.1586e+07  190  428 2.1513e+07 2.1608e+07  0.44%  47.5  214s
H17927 13904                    2.151330e+07 2.1608e+07  0.44%  47.5  313s
H17927 13208                    2.151335e+07 2.1608e+07  0.44%  47.5  313s
H17927 12548                    2.151373e+07 2.1608e+07  0.44%  47.5  313s
H17927 11921                    2.151405e+07 2.1608e+07  0.44%  47.5  313s
 17928 11921 2.1606e+07   20  435 2.1514e+07 2.1607e+07  0.43%  47.5  322s
 17929 11922 2.1607e+07   13  399 2.1514e+07 2.1607e+07  0.43%  47.5  327s
 17930 11923 2.1539e+07  171  389 2.1514e+07 2.1606e+07  0.43%  47.5  333s
 17931 11923 2.1586e+07  254  368 2.1514e+07 2.1606e+07  0.43%  47.5  335s
 17933 11925 2.1595e+07   98  405 2.1514e+07 2.1606e+07  0.43%  47.5  340s
H17939 11332                    2.152988e+07 2.1604e+07  0.35%  47.5  440s
H17939 10765                    2.154485e+07 2.1604e+07  0.28%  47.5  440s
H17939 10227                    2.154747e+07 2.1604e+07  0.26%  47.5  440s
H17939  9715                    2.155356e+07 2.1604e+07  0.23%  47.5  440s
H17939  9229                    2.155425e+07 2.1604e+07  0.23%  47.5  440s
H17939  8767                    2.155557e+07 2.1604e+07  0.23%  47.5  440s
H17939  8329                    2.155829e+07 2.1604e+07  0.21%  47.5  440s
 17943  8331 2.1588e+07   41  397 2.1558e+07 2.1604e+07  0.21%  47.4  445s
H17943  7914                    2.156307e+07 2.1604e+07  0.19%  47.4  512s

Cutting planes:
  Learned: 1
  Gomory: 32
  Implied bound: 833
  MIR: 764
  Flow cover: 860
  RLT: 10
  Relax-and-lift: 978

Explored 17943 nodes (939154 simplex iterations) in 512.49 seconds (560.16 work units)
Thread count was 48 (of 192 available processors)

Solution count 10: 2.15631e+07 2.15583e+07 2.15556e+07 ... 2.15137e+07

Optimal solution found (tolerance 2.00e-03)
Best objective 2.156307331866e+07, best bound 2.160403413888e+07, gap 0.1900%
Deleted nodefile directory: /scratch-local/lbeemster.21715344/gurobi_maxh2_0.18_sub45.0_run3
Saved model snapshot to study_case_model/figures/technical_experiment/run_10426/maxh2_0.18/sub45.0/run3/model_snapshot.pkl
Finished successfully!
