Gurobi shell based on Python 3.13.1 can be launched with command `gurobi.sh`
Gurobi Python Interface can be loaded in Python 3.13.1 with 'import gurobipy'
/var/spool/slurm/slurmd/job21803256/slurm_script: line 25: activate: No such file or directory
Renamed nodes according to mapping.
Nodes after renaming: ['NORNE/HEIDRUN T', 'KARSTO', 'ZEEPIPE-SCP', 'ZEEBRUGGE', 'GJØA-T', 'NORNE_ERB', 'NORPIPE Y', 'B-11', 'OSEBERG D', 'HEIMDAL HRP', 'SLEIPNER R', 'DRAUPNER_S', 'H-7_BP', 'EMDEN', 'ST.FERGUS', 'KOLLSNES', 'DORNUM', 'EUROPIPE-SCP', 'DUNKERQUE', 'VISUND T', 'VISUND', 'NYHAMNA', 'EASINGTON', 'GJOA', 'AASTA HANSTEEN PLEM']
Edges after renaming: [('NORNE/HEIDRUN T', 'KARSTO'), ('KARSTO', 'DRAUPNER_S'), ('KARSTO', 'DORNUM'), ('ZEEPIPE-SCP', 'ZEEBRUGGE'), ('GJØA-T', 'KARSTO'), ('NORNE_ERB', 'NORNE/HEIDRUN T'), ('NORPIPE Y', 'B-11'), ('B-11', 'H-7_BP'), ('OSEBERG D', 'HEIMDAL HRP'), ('HEIMDAL HRP', 'DRAUPNER_S'), ('HEIMDAL HRP', 'ST.FERGUS'), ('SLEIPNER R', 'ZEEPIPE-SCP'), ('SLEIPNER R', 'DRAUPNER_S'), ('SLEIPNER R', 'EASINGTON'), ('DRAUPNER_S', 'EUROPIPE-SCP'), ('DRAUPNER_S', 'DUNKERQUE'), ('DRAUPNER_S', 'NORPIPE Y'), ('H-7_BP', 'EMDEN'), ('KOLLSNES', 'SLEIPNER R'), ('KOLLSNES', 'DRAUPNER_S'), ('EUROPIPE-SCP', 'DORNUM'), ('VISUND T', 'KOLLSNES'), ('VISUND', 'VISUND T'), ('NYHAMNA', 'SLEIPNER R'), ('GJOA', 'GJØA-T'), ('AASTA HANSTEEN PLEM', 'NYHAMNA')]
Solving model:, failed_VISUND, sub30.0, run1
Read LP format model from file /scratch-local/lbeemster.21803256/tmp5vthtaqr.pyomo.lp
Reading time = 0.57 seconds
x1: 176513 rows, 50050 columns, 1016320 nonzeros
Set parameter OutputFlag to value 1
Set parameter MIPGap to value 0.002
Set parameter Threads to value 48
Set parameter Presolve to value 1
Set parameter Cuts to value 1
Set parameter NodefileStart to value 1
Set parameter NodefileDir to value "/scratch-local/lbeemster.21803256/gurobi_failed_VISUND_sub30.0_run1"
Set parameter MemLimit to value 60
Gurobi Optimizer version 12.0.3 build v12.0.3rc0 (linux64 - "Red Hat Enterprise Linux 9.6 (Plow)")

CPU model: AMD EPYC 9654 96-Core Processor, instruction set [SSE2|AVX|AVX2|AVX512]
Thread count: 192 physical cores, 192 logical processors, using up to 48 threads

Non-default parameters:
MemLimit  60
MIPGap  0.002
NodefileStart  1
Cuts  1
Presolve  1
Threads  48

Academic license 2514514 - for non-commercial use only - registered to l.___@student.vu.nl
Optimize a model with 176513 rows, 50050 columns and 1016320 nonzeros
Model fingerprint: 0xd0e11200
Variable types: 39426 continuous, 10624 integer (10624 binary)
Coefficient statistics:
  Matrix range     [6e-05, 1e+05]
  Objective range  [2e+00, 3e+04]
  Bounds range     [1e+00, 1e+00]
  RHS range        [3e-01, 2e+05]
Presolve removed 58329 rows and 26279 columns
Presolve time: 3.43s
Presolved: 118184 rows, 23771 columns, 829183 nonzeros
Variable types: 18387 continuous, 5384 integer (5384 binary)

Deterministic concurrent LP optimizer: primal simplex, dual simplex, and barrier
Showing barrier log only...

Root relaxation presolved: 23176 rows, 141324 columns, 852437 nonzeros

Root barrier log...

Ordering time: 0.04s

Barrier statistics:
 Free vars  : 1792
 AA' NZ     : 4.921e+05
 Factor NZ  : 1.294e+06 (roughly 80 MB of memory)
 Factor Ops : 8.769e+07 (less than 1 second per iteration)
 Threads    : 45

                  Objective                Residual
Iter       Primal          Dual         Primal    Dual     Compl     Time
   0   1.12163950e+12  3.03445912e+06  7.54e+06 2.47e+02  1.39e+08     5s
   1   7.00519709e+11 -1.84233874e+08  3.88e+06 2.71e+03  7.80e+07     5s
   2   4.48129645e+11 -1.41641603e+08  1.78e+06 1.48e+03  4.10e+07     5s
   3   2.95452412e+11 -8.60551878e+07  7.10e+05 8.00e+02  2.11e+07     5s
   4   2.27257571e+11 -6.23127297e+07  4.01e+05 5.65e+02  1.41e+07     5s
   5   1.71549404e+11 -3.97214643e+07  2.15e+05 3.37e+02  8.32e+06     5s
   6   1.35081755e+11 -3.16127454e+07  1.28e+05 2.28e+02  5.48e+06     6s
   7   1.12089994e+11 -2.27062800e+07  9.06e+04 1.06e+02  3.03e+06     6s
   8   8.34914114e+10 -1.74498795e+07  5.48e+04 6.50e+01  1.87e+06     6s
   9   5.91337925e+10 -1.45528940e+07  3.20e+04 5.00e+01  1.29e+06     6s
  10   3.86611455e+10 -6.87631283e+06  1.67e+04 2.29e+01  6.38e+05     6s
  11   2.47236715e+10 -1.73941252e+06  8.77e+03 9.53e+00  3.14e+05     6s
  12   1.25795707e+10  3.50474743e+05  3.58e+03 4.60e+00  1.41e+05     6s
  13   5.46308885e+09  1.80965937e+06  1.22e+03 1.74e+00  5.38e+04     6s
  14   3.42936682e+09  3.01252506e+06  7.01e+02 7.81e-01  3.02e+04     6s
  15   2.51105395e+09  4.11866747e+06  4.92e+02 4.28e-01  2.06e+04     6s
  16   1.66392654e+09  5.37672705e+06  3.12e+02 1.89e-01  1.28e+04     6s
  17   5.03953789e+08  6.77316793e+06  8.53e+01 6.82e-02  3.71e+03     6s
  18   2.45691784e+08  7.98561464e+06  3.72e+01 3.51e-02  1.74e+03     6s
  19   1.19812418e+08  9.84764716e+06  1.48e+01 2.06e-02  7.91e+02     6s
  20   7.58507518e+07  1.21972105e+07  8.11e+00 1.13e-02  4.50e+02     6s
  21   5.26914842e+07  1.32002341e+07  4.80e+00 9.21e-03  2.78e+02     6s
  22   3.61653765e+07  1.51061611e+07  2.35e+00 4.93e-03  1.46e+02     6s
  23   2.63354228e+07  1.55180000e+07  1.13e+00 2.66e-03  7.44e+01     6s
  24   2.32157817e+07  1.57401570e+07  7.24e-01 2.08e-03  5.11e+01     6s
  25   2.09641146e+07  1.59833858e+07  4.64e-01 1.40e-03  3.39e+01     6s
  26   1.99998557e+07  1.61814894e+07  3.54e-01 1.43e-03  2.59e+01     6s
  27   1.85997351e+07  1.64187027e+07  1.96e-01 2.11e-03  1.48e+01     6s
  28   1.78533328e+07  1.65731220e+07  1.12e-01 1.09e-03  8.64e+00     6s
  29   1.74640926e+07  1.66403006e+07  6.90e-02 8.37e-04  5.54e+00     6s
  30   1.71651093e+07  1.66703267e+07  3.81e-02 6.15e-04  3.31e+00     6s
  31   1.70025849e+07  1.66956385e+07  2.25e-02 4.69e-04  2.05e+00     6s
  32   1.69238435e+07  1.67149073e+07  1.48e-02 3.57e-04  1.39e+00     7s
  33   1.68885731e+07  1.67356663e+07  1.11e-02 4.83e-04  1.02e+00     7s
  34   1.68634250e+07  1.67512370e+07  8.32e-03 5.36e-04  7.44e-01     7s
  35   1.68392079e+07  1.67684343e+07  5.26e-03 5.42e-04  4.67e-01     7s

Barrier performed 35 iterations in 6.62 seconds (6.15 work units)
Barrier solve interrupted - model solved by another algorithm

Concurrent spin time: 0.32s (can be avoided by choosing Method=3)

Solved with primal simplex

Root relaxation: objective 1.679711e+07, 32326 iterations, 2.34 seconds (1.90 work units)

    Nodes    |    Current Node    |     Objective Bounds      |     Work
 Expl Unexpl |  Obj  Depth IntInf | Incumbent    BestBd   Gap | It/Node Time

     0     0 1.6797e+07    0  408          - 1.6797e+07      -     -    7s
H    0     0                    1.635610e+07 1.6797e+07  2.70%     -    9s
H    0     0                    1.635966e+07 1.6789e+07  2.63%     -   13s
     0     0 1.6789e+07    0  422 1.6360e+07 1.6789e+07  2.63%     -   13s
H    0     0                    1.652760e+07 1.6789e+07  1.58%     -   14s
     0     0 1.6789e+07    0  424 1.6528e+07 1.6789e+07  1.58%     -   15s
     0     0 1.6789e+07    0  427 1.6528e+07 1.6789e+07  1.58%     -   16s
     0     0 1.6786e+07    0  431 1.6528e+07 1.6786e+07  1.57%     -   19s
H    0     0                    1.663558e+07 1.6786e+07  0.91%     -   20s
     0     0 1.6786e+07    0  418 1.6636e+07 1.6786e+07  0.91%     -   22s
     0     0 1.6786e+07    0  427 1.6636e+07 1.6786e+07  0.91%     -   22s
     0     0 1.6786e+07    0  429 1.6636e+07 1.6786e+07  0.91%     -   23s
     0     0 1.6786e+07    0  358 1.6636e+07 1.6786e+07  0.90%     -   26s
H    0     0                    1.668341e+07 1.6786e+07  0.61%     -   27s
     0     0 1.6786e+07    0  350 1.6683e+07 1.6786e+07  0.61%     -   27s
     0     0 1.6786e+07    0  360 1.6683e+07 1.6786e+07  0.61%     -   28s
     0     0 1.6786e+07    0  365 1.6683e+07 1.6786e+07  0.61%     -   28s
     0     0 1.6786e+07    0  365 1.6683e+07 1.6786e+07  0.61%     -   28s
     0     0 1.6785e+07    0  335 1.6683e+07 1.6785e+07  0.61%     -   31s
H    0     0                    1.668907e+07 1.6785e+07  0.58%     -   32s
     0     0 1.6785e+07    0  344 1.6689e+07 1.6785e+07  0.58%     -   33s
     0     0 1.6785e+07    0  344 1.6689e+07 1.6785e+07  0.58%     -   33s
     0     0 1.6785e+07    0  346 1.6689e+07 1.6785e+07  0.58%     -   33s
H    0     0                    1.669271e+07 1.6785e+07  0.56%     -   35s
     0     0 1.6785e+07    0  266 1.6693e+07 1.6785e+07  0.55%     -   35s
H    0     0                    1.670766e+07 1.6785e+07  0.46%     -   37s
     0     0 1.6785e+07    0  272 1.6708e+07 1.6785e+07  0.46%     -   37s
     0     0 1.6785e+07    0  275 1.6708e+07 1.6785e+07  0.46%     -   37s
H    0     0                    1.672691e+07 1.6785e+07  0.35%     -   39s
     0     0 1.6785e+07    0  288 1.6727e+07 1.6785e+07  0.35%     -   39s
H    0     0                    1.673402e+07 1.6785e+07  0.31%     -   42s
     0     0 1.6785e+07    0  288 1.6734e+07 1.6785e+07  0.31%     -   43s
     0     0 1.6785e+07    0  283 1.6734e+07 1.6785e+07  0.31%     -   43s
     0     0 1.6785e+07    0  290 1.6734e+07 1.6785e+07  0.31%     -   45s
     0     0 1.6785e+07    0  281 1.6734e+07 1.6785e+07  0.31%     -   46s
     0     0 1.6785e+07    0  282 1.6734e+07 1.6785e+07  0.31%     -   46s
     0     0 1.6785e+07    0  274 1.6734e+07 1.6785e+07  0.31%     -   48s
     0     0 1.6785e+07    0  273 1.6734e+07 1.6785e+07  0.31%     -   51s
H    0     2                    1.674155e+07 1.6785e+07  0.26%     -   71s
     0     2 1.6785e+07    0  272 1.6742e+07 1.6785e+07  0.26%     -   71s
   267   297 1.6784e+07   10  259 1.6742e+07 1.6785e+07  0.26%  94.5   76s
   364   398 1.6784e+07   12  255 1.6742e+07 1.6785e+07  0.26%  85.3   80s
H  366   398                    1.674170e+07 1.6785e+07  0.26%  84.9   80s
H  367   398                    1.674236e+07 1.6785e+07  0.26%  85.0   80s
H  370   398                    1.674500e+07 1.6785e+07  0.24%  85.2   80s
H  371   398                    1.674779e+07 1.6785e+07  0.22%  85.0   80s
H  383   398                    1.674845e+07 1.6785e+07  0.22%  83.8   80s
  1108  1131 1.6783e+07   23  221 1.6748e+07 1.6785e+07  0.22%  64.3   86s
  1156  1179 1.6783e+07   24  234 1.6748e+07 1.6785e+07  0.22%  63.6   91s
H 1163  1179                    1.674984e+07 1.6785e+07  0.21%  63.4   91s
  2602  2927 1.6781e+07   39  220 1.6750e+07 1.6785e+07  0.21%  50.0   95s
H 2612  2927                    1.675180e+07 1.6785e+07  0.20%  50.2   95s
H 2785  2927                    1.675428e+07 1.6785e+07  0.18%  50.4   95s

Cutting planes:
  Gomory: 17
  Cover: 80
  Implied bound: 1955
  MIR: 726
  Flow cover: 1127
  Zero half: 2
  RLT: 7
  Relax-and-lift: 266

Explored 2987 nodes (195434 simplex iterations) in 95.29 seconds (102.45 work units)
Thread count was 48 (of 192 available processors)

Solution count 10: 1.67543e+07 1.67518e+07 1.67498e+07 ... 1.6734e+07

Optimal solution found (tolerance 2.00e-03)
Best objective 1.675427659289e+07, best bound 1.678505047030e+07, gap 0.1837%
Deleted nodefile directory: /scratch-local/lbeemster.21803256/gurobi_failed_VISUND_sub30.0_run1
Saved model snapshot to study_case_model/figures/failure_experiment/run_13426_2/maxh2_VISUND/sub30.0/run1/model_snapshot.pkl
Finished successfully!
