Gurobi shell based on Python 3.13.1 can be launched with command `gurobi.sh`
Gurobi Python Interface can be loaded in Python 3.13.1 with 'import gurobipy'
/var/spool/slurm/slurmd/job21806051/slurm_script: line 25: activate: No such file or directory
Renamed nodes according to mapping.
Nodes after renaming: ['NORNE/HEIDRUN T', 'KARSTO', 'ZEEPIPE-SCP', 'ZEEBRUGGE', 'GJØA-T', 'NORNE_ERB', 'NORPIPE Y', 'B-11', 'OSEBERG D', 'HEIMDAL HRP', 'SLEIPNER R', 'DRAUPNER_S', 'H-7_BP', 'EMDEN', 'ST.FERGUS', 'KOLLSNES', 'DORNUM', 'EUROPIPE-SCP', 'DUNKERQUE', 'VISUND T', 'VISUND', 'NYHAMNA', 'EASINGTON', 'GJOA', 'AASTA HANSTEEN PLEM']
Edges after renaming: [('NORNE/HEIDRUN T', 'KARSTO'), ('KARSTO', 'DRAUPNER_S'), ('KARSTO', 'DORNUM'), ('ZEEPIPE-SCP', 'ZEEBRUGGE'), ('GJØA-T', 'KARSTO'), ('NORNE_ERB', 'NORNE/HEIDRUN T'), ('NORPIPE Y', 'B-11'), ('B-11', 'H-7_BP'), ('OSEBERG D', 'HEIMDAL HRP'), ('HEIMDAL HRP', 'DRAUPNER_S'), ('HEIMDAL HRP', 'ST.FERGUS'), ('SLEIPNER R', 'ZEEPIPE-SCP'), ('SLEIPNER R', 'DRAUPNER_S'), ('SLEIPNER R', 'EASINGTON'), ('DRAUPNER_S', 'EUROPIPE-SCP'), ('DRAUPNER_S', 'DUNKERQUE'), ('DRAUPNER_S', 'NORPIPE Y'), ('H-7_BP', 'EMDEN'), ('KOLLSNES', 'SLEIPNER R'), ('KOLLSNES', 'DRAUPNER_S'), ('EUROPIPE-SCP', 'DORNUM'), ('VISUND T', 'KOLLSNES'), ('VISUND', 'VISUND T'), ('NYHAMNA', 'SLEIPNER R'), ('GJOA', 'GJØA-T'), ('AASTA HANSTEEN PLEM', 'NYHAMNA')]
Solving model:, failed_VISUND, sub70.0, run2
Read LP format model from file /scratch-local/lbeemster.21806051/tmpps4xyzqe.pyomo.lp
Reading time = 0.59 seconds
x1: 176513 rows, 50050 columns, 1016320 nonzeros
Set parameter OutputFlag to value 1
Set parameter MIPGap to value 0.002
Set parameter Threads to value 48
Set parameter Presolve to value 1
Set parameter Cuts to value 1
Set parameter NodefileStart to value 1
Set parameter NodefileDir to value "/scratch-local/lbeemster.21806051/gurobi_failed_VISUND_sub70.0_run2"
Set parameter MemLimit to value 60
Gurobi Optimizer version 12.0.3 build v12.0.3rc0 (linux64 - "Red Hat Enterprise Linux 9.6 (Plow)")

CPU model: AMD EPYC 9654 96-Core Processor, instruction set [SSE2|AVX|AVX2|AVX512]
Thread count: 192 physical cores, 192 logical processors, using up to 48 threads

Non-default parameters:
MemLimit  60
MIPGap  0.002
NodefileStart  1
Cuts  1
Presolve  1
Threads  48

Academic license 2514514 - for non-commercial use only - registered to l.___@student.vu.nl
Optimize a model with 176513 rows, 50050 columns and 1016320 nonzeros
Model fingerprint: 0xa4a08105
Variable types: 39426 continuous, 10624 integer (10624 binary)
Coefficient statistics:
  Matrix range     [6e-05, 1e+05]
  Objective range  [2e+00, 3e+04]
  Bounds range     [1e+00, 1e+00]
  RHS range        [3e-01, 2e+05]
Presolve removed 57631 rows and 25871 columns
Presolve time: 3.69s
Presolved: 118882 rows, 24179 columns, 832809 nonzeros
Variable types: 18675 continuous, 5504 integer (5504 binary)

Deterministic concurrent LP optimizer: primal simplex, dual simplex, and barrier
Showing barrier log only...

Root relaxation presolved: 23479 rows, 142349 columns, 856390 nonzeros

Root barrier log...

Ordering time: 0.04s

Barrier statistics:
 Free vars  : 1792
 AA' NZ     : 5.109e+05
 Factor NZ  : 1.330e+06 (roughly 80 MB of memory)
 Factor Ops : 9.148e+07 (less than 1 second per iteration)
 Threads    : 45

                  Objective                Residual
Iter       Primal          Dual         Primal    Dual     Compl     Time
   0   1.17897648e+12  2.54782959e+06  7.67e+06 2.41e+02  1.47e+08     6s
   1   7.89314525e+11 -2.15953379e+08  4.41e+06 2.84e+03  8.66e+07     6s
   2   6.23044053e+11 -2.20967910e+08  3.09e+06 1.90e+03  5.96e+07     6s
   3   4.06390424e+11 -2.02093799e+08  1.47e+06 1.30e+03  3.61e+07     6s
   4   2.84304282e+11 -1.76764127e+08  7.14e+05 8.65e+02  2.21e+07     6s
   5   2.17411260e+11 -1.43552046e+08  4.12e+05 6.25e+02  1.52e+07     6s
   6   1.66217609e+11 -1.04943492e+08  2.27e+05 2.91e+02  7.65e+06     6s
   7   1.32959834e+11 -9.24183169e+07  1.47e+05 2.05e+02  5.25e+06     6s
   8   1.09170944e+11 -7.19921715e+07  1.01e+05 1.16e+02  3.25e+06     6s
   9   7.66449303e+10 -5.40638383e+07  5.04e+04 6.88e+01  1.85e+06     6s
  10   6.09025561e+10 -4.19168951e+07  3.47e+04 4.75e+01  1.29e+06     6s
  11   3.70134589e+10 -2.67240077e+07  1.57e+04 2.81e+01  7.00e+05     6s
  12   2.35411708e+10 -1.69416373e+07  7.88e+03 1.77e+01  4.03e+05     6s
  13   1.62980851e+10 -9.77405029e+06  4.49e+03 1.11e+01  2.46e+05     6s
  14   8.99667842e+09 -4.89729314e+06  1.92e+03 6.72e+00  1.27e+05     6s
  15   4.29275932e+09  8.56977615e+05  6.98e+02 1.91e+00  4.44e+04     6s
  16   2.77971338e+09  3.29930514e+06  4.07e+02 9.37e-01  2.55e+04     6s
  17   1.64742110e+09  4.72037790e+06  2.18e+02 5.86e-01  1.44e+04     6s
  18   1.27264441e+09  6.55064785e+06  1.62e+02 2.50e-01  9.90e+03     6s
  19   6.96403337e+08  8.28939122e+06  8.25e+01 8.76e-02  5.02e+03     6s
  20   3.04787356e+08  9.07969164e+06  3.27e+01 4.56e-02  2.13e+03     6s
  21   2.22734374e+08  1.12331241e+07  2.33e+01 1.61e-02  1.48e+03     6s
  22   9.76542044e+07  1.25967252e+07  8.53e+00 1.04e-02  5.88e+02     6s
  23   5.28497649e+07  1.37670825e+07  3.61e+00 7.85e-03  2.69e+02     6s
  24   3.95704471e+07  1.47648014e+07  2.13e+00 5.09e-03  1.69e+02     6s
  25   3.02260479e+07  1.54459539e+07  1.20e+00 2.58e-03  9.96e+01     6s
  26   2.50057624e+07  1.56846728e+07  7.42e-01 1.63e-03  6.25e+01     6s
  27   2.13920736e+07  1.60504580e+07  4.17e-01 2.96e-03  3.57e+01     7s
  28   1.97825735e+07  1.62366422e+07  2.73e-01 1.81e-03  2.36e+01     7s
  29   1.84714184e+07  1.64172889e+07  1.46e-01 1.50e-03  1.36e+01     7s
  30   1.79523769e+07  1.64987278e+07  1.02e-01 1.03e-03  9.64e+00     7s
  31   1.74449431e+07  1.65615640e+07  6.04e-02 9.62e-04  5.85e+00     7s
  32   1.72191169e+07  1.65966879e+07  4.18e-02 6.64e-04  4.12e+00     7s
  33   1.69678061e+07  1.66381845e+07  2.12e-02 3.38e-04  2.18e+00     7s
  34   1.68746756e+07  1.66583471e+07  1.35e-02 2.80e-04  1.42e+00     7s
  35   1.68121128e+07  1.66801380e+07  7.89e-03 2.98e-04  8.65e-01     7s
  36   1.67841301e+07  1.67102694e+07  4.82e-03 3.39e-04  4.81e-01     7s

Barrier performed 36 iterations in 6.86 seconds (6.40 work units)
Barrier solve interrupted - model solved by another algorithm

Concurrent spin time: 0.45s (can be avoided by choosing Method=3)

Solved with primal simplex

Root relaxation: objective 1.673903e+07, 37026 iterations, 2.53 seconds (1.98 work units)

    Nodes    |    Current Node    |     Objective Bounds      |     Work
 Expl Unexpl |  Obj  Depth IntInf | Incumbent    BestBd   Gap | It/Node Time

     0     0 1.6739e+07    0  454          - 1.6739e+07      -     -    9s
H    0     0                    1.642114e+07 1.6739e+07  1.94%     -   11s
H    0     0                    1.653752e+07 1.6739e+07  1.22%     -   15s
     0     0 1.6730e+07    0  546 1.6538e+07 1.6730e+07  1.16%     -   16s
H    0     0                    1.653927e+07 1.6730e+07  1.15%     -   18s
H    0     0                    1.655183e+07 1.6725e+07  1.05%     -   18s
     0     0 1.6725e+07    0  542 1.6552e+07 1.6725e+07  1.05%     -   18s
     0     0 1.6724e+07    0  565 1.6552e+07 1.6724e+07  1.04%     -   19s
     0     0 1.6724e+07    0  564 1.6552e+07 1.6724e+07  1.04%     -   19s
     0     0 1.6724e+07    0  563 1.6552e+07 1.6724e+07  1.04%     -   19s
     0     0 1.6724e+07    0  564 1.6552e+07 1.6724e+07  1.04%     -   20s
     0     0 1.6716e+07    0  620 1.6552e+07 1.6716e+07  0.99%     -   24s
     0     0 1.6714e+07    0  661 1.6552e+07 1.6714e+07  0.98%     -   26s
H    0     0                    1.660251e+07 1.6714e+07  0.67%     -   26s
     0     0 1.6714e+07    0  694 1.6603e+07 1.6714e+07  0.67%     -   27s
     0     0 1.6714e+07    0  705 1.6603e+07 1.6714e+07  0.67%     -   27s
     0     0 1.6714e+07    0  720 1.6603e+07 1.6714e+07  0.67%     -   27s
     0     0 1.6714e+07    0  722 1.6603e+07 1.6714e+07  0.67%     -   27s
     0     0 1.6714e+07    0  722 1.6603e+07 1.6714e+07  0.67%     -   28s
     0     0 1.6708e+07    0  651 1.6603e+07 1.6708e+07  0.63%     -   32s
H    0     0                    1.660692e+07 1.6708e+07  0.61%     -   34s
     0     0 1.6706e+07    0  695 1.6607e+07 1.6706e+07  0.60%     -   35s
     0     0 1.6706e+07    0  697 1.6607e+07 1.6706e+07  0.60%     -   35s
     0     0 1.6706e+07    0  707 1.6607e+07 1.6706e+07  0.60%     -   36s
     0     0 1.6706e+07    0  703 1.6607e+07 1.6706e+07  0.60%     -   36s
     0     0 1.6706e+07    0  711 1.6607e+07 1.6706e+07  0.60%     -   36s
     0     0 1.6706e+07    0  715 1.6607e+07 1.6706e+07  0.60%     -   36s
     0     0 1.6704e+07    0  709 1.6607e+07 1.6704e+07  0.58%     -   41s
     0     0 1.6704e+07    0  708 1.6607e+07 1.6704e+07  0.58%     -   41s
     0     0 1.6703e+07    0  723 1.6607e+07 1.6703e+07  0.58%     -   43s
     0     0 1.6703e+07    0  722 1.6607e+07 1.6703e+07  0.58%     -   43s
     0     0 1.6703e+07    0  716 1.6607e+07 1.6703e+07  0.58%     -   44s
     0     0 1.6703e+07    0  721 1.6607e+07 1.6703e+07  0.58%     -   44s
     0     0 1.6703e+07    0  733 1.6607e+07 1.6703e+07  0.58%     -   44s
     0     0 1.6703e+07    0  732 1.6607e+07 1.6703e+07  0.58%     -   44s
     0     0 1.6703e+07    0  732 1.6607e+07 1.6703e+07  0.58%     -   45s
H    0     0                    1.662250e+07 1.6702e+07  0.48%     -   49s
     0     0 1.6702e+07    0  549 1.6622e+07 1.6702e+07  0.48%     -   49s
H    0     0                    1.664470e+07 1.6701e+07  0.34%     -   52s
     0     0 1.6701e+07    0  537 1.6645e+07 1.6701e+07  0.34%     -   52s
     0     0 1.6701e+07    0  549 1.6645e+07 1.6701e+07  0.34%     -   52s
     0     0 1.6701e+07    0  565 1.6645e+07 1.6701e+07  0.34%     -   53s
H    0     0                    1.665062e+07 1.6701e+07  0.31%     -   55s
     0     0 1.6701e+07    0  578 1.6651e+07 1.6701e+07  0.30%     -   55s
     0     0 1.6701e+07    0  578 1.6651e+07 1.6701e+07  0.30%     -   56s
     0     0 1.6701e+07    0  589 1.6651e+07 1.6701e+07  0.30%     -   57s
     0     0 1.6701e+07    0  589 1.6651e+07 1.6701e+07  0.30%     -   57s
     0     0 1.6701e+07    0  589 1.6651e+07 1.6701e+07  0.30%     -   58s
     0     0 1.6701e+07    0  589 1.6651e+07 1.6701e+07  0.30%     -   58s
H    0     0                    1.665078e+07 1.6701e+07  0.30%     -   58s
     0     0 1.6701e+07    0  598 1.6651e+07 1.6701e+07  0.30%     -   58s
     0     0 1.6701e+07    0  598 1.6651e+07 1.6701e+07  0.30%     -   58s
     0     0 1.6701e+07    0  599 1.6651e+07 1.6701e+07  0.30%     -   59s
H    0     0                    1.665227e+07 1.6701e+07  0.29%     -   61s
H    0     0                    1.665258e+07 1.6701e+07  0.29%     -   61s
     0     0 1.6701e+07    0  572 1.6653e+07 1.6701e+07  0.29%     -   61s
     0     0 1.6701e+07    0  572 1.6653e+07 1.6701e+07  0.29%     -   61s
     0     0 1.6701e+07    0  572 1.6653e+07 1.6701e+07  0.29%     -   62s
     0     0 1.6701e+07    0  571 1.6653e+07 1.6701e+07  0.29%     -   62s
     0     0 1.6701e+07    0  601 1.6653e+07 1.6701e+07  0.29%     -   64s
     0     0 1.6701e+07    0  596 1.6653e+07 1.6701e+07  0.29%     -   64s
     0     0 1.6701e+07    0  596 1.6653e+07 1.6701e+07  0.29%     -   64s
     0     0 1.6701e+07    0  602 1.6653e+07 1.6701e+07  0.29%     -   65s
     0     0 1.6700e+07    0  549 1.6653e+07 1.6700e+07  0.29%     -   67s
     0     0 1.6700e+07    0  548 1.6653e+07 1.6700e+07  0.29%     -   67s
     0     0 1.6700e+07    0  558 1.6653e+07 1.6700e+07  0.29%     -   69s
     0     0 1.6700e+07    0  558 1.6653e+07 1.6700e+07  0.29%     -   69s
     0     0 1.6700e+07    0  555 1.6653e+07 1.6700e+07  0.29%     -   70s
     0     0 1.6700e+07    0  527 1.6653e+07 1.6700e+07  0.29%     -   72s
     0     0 1.6700e+07    0  529 1.6653e+07 1.6700e+07  0.29%     -   75s
     0     0 1.6700e+07    0  531 1.6653e+07 1.6700e+07  0.29%     -   75s
     0     0 1.6700e+07    0  514 1.6653e+07 1.6700e+07  0.29%     -   77s
H    0     0                    1.665367e+07 1.6700e+07  0.28%     -   79s
     0     0 1.6700e+07    0  527 1.6654e+07 1.6700e+07  0.28%     -   79s
     0     0 1.6700e+07    0  540 1.6654e+07 1.6700e+07  0.28%     -   80s
     0     0 1.6700e+07    0  518 1.6654e+07 1.6700e+07  0.28%     -   82s
     0     0 1.6700e+07    0  527 1.6654e+07 1.6700e+07  0.28%     -   85s
     0     0 1.6700e+07    0  521 1.6654e+07 1.6700e+07  0.28%     -   85s
     0     0 1.6700e+07    0  499 1.6654e+07 1.6700e+07  0.28%     -   87s
     0     0 1.6700e+07    0  499 1.6654e+07 1.6700e+07  0.28%     -   92s
H    0     0                    1.666303e+07 1.6700e+07  0.22%     -  102s
H    0     0                    1.666307e+07 1.6700e+07  0.22%     -  103s
H    0     0                    1.666330e+07 1.6700e+07  0.22%     -  104s
H    0     0                    1.666363e+07 1.6700e+07  0.22%     -  106s
H    0     0                    1.666363e+07 1.6700e+07  0.22%     -  111s
     0     2 1.6700e+07    0  499 1.6664e+07 1.6700e+07  0.22%     -  114s
     7    16 1.6700e+07    3  522 1.6664e+07 1.6700e+07  0.22%   176  115s
    63   112 1.6699e+07    6  532 1.6664e+07 1.6700e+07  0.22%   178  121s
   276   451 1.6699e+07   10  551 1.6664e+07 1.6699e+07  0.22%   161  126s
H  488   555                    1.666409e+07 1.6699e+07  0.21%   130  128s
   677   712 1.6694e+07   18  530 1.6664e+07 1.6699e+07  0.21%   133  130s
  1118  1077 1.6690e+07   23  510 1.6664e+07 1.6699e+07  0.21%   140  136s
  1166  1147 1.6690e+07   24  508 1.6664e+07 1.6699e+07  0.21%   141  140s
  1315  1293 1.6690e+07   29  501 1.6664e+07 1.6699e+07  0.21%   135  149s
H 1321  1293                    1.666424e+07 1.6699e+07  0.21%   135  149s
H 1348  1293                    1.666446e+07 1.6699e+07  0.21%   134  149s
  1386  1421 1.6690e+07   31  496 1.6664e+07 1.6699e+07  0.21%   133  150s
  2081  2034 1.6686e+07   44  464 1.6664e+07 1.6699e+07  0.21%   140  155s
  3058  3024 1.6684e+07   59  433 1.6664e+07 1.6699e+07  0.21%   134  160s
  3714  3578 1.6682e+07   72  403 1.6664e+07 1.6699e+07  0.21%   128  165s
  4410  4200 1.6679e+07   91  374 1.6664e+07 1.6699e+07  0.21%   127  170s
  6004  5769 1.6676e+07  133  337 1.6664e+07 1.6699e+07  0.21%   114  175s
  7143  6967 1.6675e+07  148  308 1.6664e+07 1.6699e+07  0.20%   109  180s
Created node file directory '/scratch-local/lbeemster.21806051/gurobi_failed_VISUND_sub70.0_run2/grbnodes0'
  8683  8365 1.6672e+07  178  270 1.6664e+07 1.6699e+07  0.20%   102  185s
H 9733  8873                    1.666458e+07 1.6699e+07  0.20%   100  209s
  9734  8871 1.6674e+07   27  499 1.6665e+07 1.6699e+07  0.20%   100  223s

Cutting planes:
  Cover: 17
  Implied bound: 104
  MIR: 390
  Flow cover: 271
  Zero half: 1
  RLT: 9
  Relax-and-lift: 537
  BQP: 1

Explored 9735 nodes (1085204 simplex iterations) in 369.86 seconds (392.55 work units)
Thread count was 48 (of 192 available processors)

Solution count 10: 1.66646e+07 1.66646e+07 1.66645e+07 ... 1.66537e+07

Optimal solution found (tolerance 2.00e-03)
Best objective 1.666458155634e+07, best bound 1.669331610618e+07, gap 0.1724%
Deleted nodefile directory: /scratch-local/lbeemster.21806051/gurobi_failed_VISUND_sub70.0_run2
Saved model snapshot to study_case_model/figures/failure_experiment/run_13426_2/maxh2_VISUND/sub70.0/run2/model_snapshot.pkl
Finished successfully!
