Gurobi shell based on Python 3.13.1 can be launched with command `gurobi.sh`
Gurobi Python Interface can be loaded in Python 3.13.1 with 'import gurobipy'
/var/spool/slurm/slurmd/job21862270/slurm_script: line 25: activate: No such file or directory
Renamed nodes according to mapping.
Nodes after renaming: ['NORNE/HEIDRUN T', 'KARSTO', 'ZEEPIPE-SCP', 'ZEEBRUGGE', 'GJØA-T', 'NORNE_ERB', 'NORPIPE Y', 'B-11', 'OSEBERG D', 'HEIMDAL HRP', 'SLEIPNER R', 'DRAUPNER_S', 'H-7_BP', 'EMDEN', 'ST.FERGUS', 'KOLLSNES', 'DORNUM', 'EUROPIPE-SCP', 'DUNKERQUE', 'VISUND T', 'VISUND', 'NYHAMNA', 'EASINGTON', 'GJOA', 'AASTA HANSTEEN PLEM']
Edges after renaming: [('NORNE/HEIDRUN T', 'KARSTO'), ('KARSTO', 'DRAUPNER_S'), ('KARSTO', 'DORNUM'), ('ZEEPIPE-SCP', 'ZEEBRUGGE'), ('GJØA-T', 'KARSTO'), ('NORNE_ERB', 'NORNE/HEIDRUN T'), ('NORPIPE Y', 'B-11'), ('B-11', 'H-7_BP'), ('OSEBERG D', 'HEIMDAL HRP'), ('HEIMDAL HRP', 'DRAUPNER_S'), ('HEIMDAL HRP', 'ST.FERGUS'), ('SLEIPNER R', 'ZEEPIPE-SCP'), ('SLEIPNER R', 'DRAUPNER_S'), ('SLEIPNER R', 'EASINGTON'), ('DRAUPNER_S', 'EUROPIPE-SCP'), ('DRAUPNER_S', 'DUNKERQUE'), ('DRAUPNER_S', 'NORPIPE Y'), ('H-7_BP', 'EMDEN'), ('KOLLSNES', 'SLEIPNER R'), ('KOLLSNES', 'DRAUPNER_S'), ('EUROPIPE-SCP', 'DORNUM'), ('VISUND T', 'KOLLSNES'), ('VISUND', 'VISUND T'), ('NYHAMNA', 'SLEIPNER R'), ('GJOA', 'GJØA-T'), ('AASTA HANSTEEN PLEM', 'NYHAMNA')]
{'location': nan, 'location_id': 'None', 'type': 'edge', 'pipName': '42" Gas KÅRSTØ, EMDEN', 'idPipeline': 323212.0, 'mapLabel': 'Europipe II', 'belongs_to': 'GASSLED', 'curOperNam': 'Gassco AS', 'curPhase': 'IN SERVICE', 'curPhDate': Timestamp('1999-10-01 00:00:00'), 'fromFacili': 'KÅRSTØ', 'toFacility': 'EMDEN', 'mainGrp': 'Transportation', 'dimension': 42.0, 'WaterDepth': 347.0, 'medium': 'Gas', 'idBelongTo': 2252643.0, 'idFrmFacil': 286169.0, 'idToFacili': 286141.0, 'idOperator': 1944954.0, 'dtUpdated': Timestamp('2025-01-31 00:00:00'), 'FactUrl': 'https://factpages.sodir.no/tuf/pageview/pipeline/all/323212', 'MapUrl': 'https://factmaps.sodir.no/map/redirect/pipLine.ashx?id=323212', 'weight': 6.418115856643556, 'from_node': '(5.2680054225, 59.318134979999996)', 'to_node': '(7.32642, 53.6797)', 'max_flow': 0, 'node_type': nan, 'base_booking_cost': nan, 'supplier': nan, 'supply_capacity': nan, 'generation_cost': nan, 'component_ratio': nan, 'compression_increase': nan, 'compression_constants': nan, 'average_market_price': nan, 'long_term_price_std': nan, 'day_ahead_price_std': nan, 'average_demand_mwh_x1000': nan, 'demand_variance': nan, 'max_fractions': nan, 'min_outlet_pressure': nan, 'supplier_ratios': nan, 'weymouth_constant': 0.29508360944733714, 'max_inlet_pressure': 150.0, 'pressure_cost': 100.0, 'max_pipe_fractions': [{'NG': 1, 'CO2': 1, 'H2': 0.2}], 'geometry': <LINESTRING (5.268 59.318, 7.326 53.68)>}
Solving model:, failed_KARSTO_to_DORNUM, sub30.0, run2
Read LP format model from file /scratch-local/lbeemster.21862270/tmphz79x09_.pyomo.lp
Reading time = 0.52 seconds
x1: 178177 rows, 50050 columns, 1016064 nonzeros
Set parameter OutputFlag to value 1
Set parameter MIPGap to value 0.002
Set parameter Threads to value 48
Set parameter Presolve to value 1
Set parameter Cuts to value 1
Set parameter NodefileStart to value 1
Set parameter NodefileDir to value "/scratch-local/lbeemster.21862270/gurobi_failed_KARSTO_to_DORNUM_sub30.0_run2"
Set parameter MemLimit to value 60
Gurobi Optimizer version 12.0.3 build v12.0.3rc0 (linux64 - "Red Hat Enterprise Linux 9.6 (Plow)")

CPU model: AMD EPYC 9654 96-Core Processor, instruction set [SSE2|AVX|AVX2|AVX512]
Thread count: 192 physical cores, 192 logical processors, using up to 48 threads

Non-default parameters:
MemLimit  60
MIPGap  0.002
NodefileStart  1
Cuts  1
Presolve  1
Threads  48

Academic license 2514514 - for non-commercial use only - registered to l.___@student.vu.nl
Optimize a model with 178177 rows, 50050 columns and 1016064 nonzeros
Model fingerprint: 0xb6b0f5f3
Variable types: 39426 continuous, 10624 integer (10624 binary)
Coefficient statistics:
  Matrix range     [6e-05, 1e+05]
  Objective range  [1e-02, 3e+04]
  Bounds range     [1e+00, 1e+00]
  RHS range        [3e-01, 2e+05]
Presolve removed 43761 rows and 27062 columns
Presolve time: 2.65s
Presolved: 134416 rows, 22988 columns, 751472 nonzeros
Variable types: 17844 continuous, 5144 integer (5144 binary)

Deterministic concurrent LP optimizer: primal simplex, dual simplex, and barrier
Showing barrier log only...

Root relaxation presolved: 22080 rows, 156411 columns, 774132 nonzeros

Root barrier log...

Ordering time: 0.04s

Barrier statistics:
 Free vars  : 1920
 AA' NZ     : 4.685e+05
 Factor NZ  : 1.130e+06 (roughly 80 MB of memory)
 Factor Ops : 7.003e+07 (less than 1 second per iteration)
 Threads    : 45

                  Objective                Residual
Iter       Primal          Dual         Primal    Dual     Compl     Time
   0   1.42690053e+12  3.04494977e+06  7.85e+06 3.10e+02  1.34e+08     5s
   1   9.24731821e+11 -1.22153305e+08  4.20e+06 3.12e+03  8.52e+07     5s
   2   4.94874870e+11 -1.15150667e+08  1.17e+06 1.72e+03  3.94e+07     5s
   3   3.11572729e+11 -2.96510623e+07  2.40e+05 5.15e+02  1.20e+07     5s
   4   1.89749493e+11 -4.96526326e+06  6.31e+04 1.77e+02  4.22e+06     5s
   5   1.35207303e+11  2.58777637e+06  3.44e+04 8.72e+01  2.21e+06     5s
   6   9.60774555e+10  5.39255388e+06  2.01e+04 5.55e+01  1.37e+06     5s
   7   5.87380797e+10  4.35708049e+06  9.97e+03 3.65e+01  8.10e+05     5s
   8   3.52863928e+10  2.57759768e+06  5.11e+03 1.62e+01  3.95e+05     5s
   9   2.53706601e+10  2.37704083e+06  3.33e+03 9.19e+00  2.50e+05     5s
  10   1.42932396e+10  2.29327348e+06  1.63e+03 3.60e+00  1.19e+05     5s
  11   9.09040102e+09  2.52898625e+06  9.68e+02 2.35e+00  7.35e+04     5s
  12   3.07295961e+09  3.32162491e+06  2.59e+02 9.81e-01  2.45e+04     5s
  13   1.99034907e+09  4.65008556e+06  1.55e+02 4.77e-01  1.45e+04     5s
  14   9.43452621e+08  6.68941969e+06  6.62e+01 1.76e-01  6.41e+03     5s
  15   3.23198143e+08  9.00592108e+06  1.94e+01 4.31e-02  2.04e+03     5s
  16   1.55221450e+08  1.15981186e+07  8.12e+00 1.44e-02  9.02e+02     5s
  17   1.11713481e+08  1.32424498e+07  5.53e+00 9.44e-03  6.15e+02     5s
  18   7.08342645e+07  1.57970111e+07  2.74e+00 4.02e-03  3.38e+02     5s
  19   6.09025637e+07  1.86634416e+07  2.19e+00 2.98e-03  2.59e+02     5s
  20   4.68241016e+07  1.92626146e+07  1.39e+00 5.56e-03  1.69e+02     5s
  21   3.93852152e+07  1.91048614e+07  9.83e-01 3.74e-03  1.24e+02     5s
  22   3.08986697e+07  1.96054605e+07  5.23e-01 2.54e-03  6.87e+01     5s

Barrier performed 22 iterations in 5.31 seconds (4.67 work units)
Barrier solve interrupted - model solved by another algorithm

Concurrent spin time: 0.12s

Solved with primal simplex

Root relaxation: objective 2.094253e+07, 23331 iterations, 1.67 seconds (1.38 work units)

    Nodes    |    Current Node    |     Objective Bounds      |     Work
 Expl Unexpl |  Obj  Depth IntInf | Incumbent    BestBd   Gap | It/Node Time

     0     0 2.0943e+07    0  386          - 2.0943e+07      -     -    7s
H    0     0                    5372248.3620 2.0939e+07   290%     -   10s
     0     0 2.0933e+07    0  492 5372248.36 2.0933e+07   290%     -   11s
H    0     0                    2.036587e+07 2.0933e+07  2.78%     -   12s
     0     0 2.0928e+07    0  547 2.0366e+07 2.0928e+07  2.76%     -   13s
     0     0 2.0928e+07    0  566 2.0366e+07 2.0928e+07  2.76%     -   13s
     0     0 2.0928e+07    0  566 2.0366e+07 2.0928e+07  2.76%     -   13s
     0     0 2.0917e+07    0  581 2.0366e+07 2.0917e+07  2.71%     -   16s
     0     0 2.0916e+07    0  604 2.0366e+07 2.0916e+07  2.70%     -   19s
     0     0 2.0916e+07    0  614 2.0366e+07 2.0916e+07  2.70%     -   19s
     0     0 2.0916e+07    0  614 2.0366e+07 2.0916e+07  2.70%     -   19s
     0     0 2.0916e+07    0  617 2.0366e+07 2.0916e+07  2.70%     -   20s
     0     0 2.0916e+07    0  616 2.0366e+07 2.0916e+07  2.70%     -   20s
     0     0 2.0916e+07    0  619 2.0366e+07 2.0916e+07  2.70%     -   20s
     0     0 2.0888e+07    0  590 2.0366e+07 2.0888e+07  2.56%     -   23s
H    0     0                    2.057971e+07 2.0887e+07  1.49%     -   25s
     0     0 2.0886e+07    0  610 2.0580e+07 2.0886e+07  1.49%     -   25s
     0     0 2.0886e+07    0  613 2.0580e+07 2.0886e+07  1.49%     -   26s
     0     0 2.0886e+07    0  630 2.0580e+07 2.0886e+07  1.49%     -   26s
     0     0 2.0886e+07    0  632 2.0580e+07 2.0886e+07  1.49%     -   26s
     0     0 2.0886e+07    0  638 2.0580e+07 2.0886e+07  1.49%     -   26s
     0     0 2.0886e+07    0  637 2.0580e+07 2.0886e+07  1.49%     -   26s
     0     0 2.0866e+07    0  574 2.0580e+07 2.0866e+07  1.39%     -   30s
     0     0 2.0865e+07    0  545 2.0580e+07 2.0865e+07  1.39%     -   31s
     0     0 2.0865e+07    0  553 2.0580e+07 2.0865e+07  1.39%     -   32s
     0     0 2.0865e+07    0  565 2.0580e+07 2.0865e+07  1.39%     -   32s
     0     0 2.0864e+07    0  454 2.0580e+07 2.0864e+07  1.38%     -   35s
H    0     0                    2.070104e+07 2.0864e+07  0.79%     -   37s
     0     0 2.0864e+07    0  471 2.0701e+07 2.0864e+07  0.79%     -   37s
     0     0 2.0864e+07    0  474 2.0701e+07 2.0864e+07  0.79%     -   37s
     0     0 2.0864e+07    0  459 2.0701e+07 2.0864e+07  0.79%     -   40s
H    0     0                    2.070226e+07 2.0864e+07  0.78%     -   41s
     0     0 2.0864e+07    0  462 2.0702e+07 2.0864e+07  0.78%     -   41s
     0     0 2.0864e+07    0  459 2.0702e+07 2.0864e+07  0.78%     -   43s
H    0     0                    2.070497e+07 2.0864e+07  0.77%     -   45s
H    0     0                    2.077208e+07 2.0864e+07  0.44%     -   45s
     0     0 2.0864e+07    0  459 2.0772e+07 2.0864e+07  0.44%     -   45s
H    0     0                    2.077883e+07 2.0864e+07  0.41%     -   47s
     0     0 2.0864e+07    0  461 2.0779e+07 2.0864e+07  0.41%     -   47s
     0     0 2.0864e+07    0  481 2.0779e+07 2.0864e+07  0.41%     -   49s
H    0     0                    2.078519e+07 2.0864e+07  0.38%     -   51s
     0     0 2.0864e+07    0  459 2.0785e+07 2.0864e+07  0.38%     -   51s
H    0     0                    2.079388e+07 2.0864e+07  0.34%     -   55s
     0     0 2.0864e+07    0  459 2.0794e+07 2.0864e+07  0.34%     -   56s
H    0     0                    2.080389e+07 2.0864e+07  0.29%     -   65s
H    0     0                    2.080632e+07 2.0864e+07  0.28%     -   71s
H    0     0                    2.080766e+07 2.0864e+07  0.27%     -   71s
H    0     0                    2.080793e+07 2.0864e+07  0.27%     -   71s
H    0     0                    2.080795e+07 2.0864e+07  0.27%     -   71s
     0     2 2.0864e+07    0  459 2.0808e+07 2.0864e+07  0.27%     -   73s
    31    64 2.0863e+07    5  447 2.0808e+07 2.0864e+07  0.27%   226   76s
H   35    64                    2.080918e+07 2.0864e+07  0.26%   219   76s
H   48    64                    2.080921e+07 2.0864e+07  0.26%   214   76s
   475   559 2.0860e+07   11  413 2.0809e+07 2.0863e+07  0.26%   193   80s
   934  1024 2.0856e+07   18  411 2.0809e+07 2.0863e+07  0.26%   160   85s
H 1187  1219                    2.080923e+07 2.0863e+07  0.26%   155   88s
H 1208  1219                    2.080925e+07 2.0863e+07  0.26%   154   88s
  1316  1405 2.0850e+07   23  392 2.0809e+07 2.0862e+07  0.26%   152   90s
  2299  2273 2.0843e+07   34  384 2.0809e+07 2.0862e+07  0.26%   125   96s
H 2395  2357                    2.080932e+07 2.0862e+07  0.25%   124   97s
  2618  2537 2.0842e+07   39  366 2.0809e+07 2.0862e+07  0.25%   122  101s
  2669  2576 2.0842e+07   40  346 2.0809e+07 2.0862e+07  0.25%   121  105s
H 2714  2576                    2.081000e+07 2.0862e+07  0.25%   121  105s
  3620  3648 2.0836e+07   52  317 2.0810e+07 2.0862e+07  0.25%   114  110s
H 4133  4053                    2.081086e+07 2.0862e+07  0.24%   109  113s
  4615  4666 2.0831e+07   66  283 2.0811e+07 2.0862e+07  0.24%   106  115s
  5761  5824 2.0831e+07   81  254 2.0811e+07 2.0862e+07  0.24%  94.2  120s
  7975  7601 2.0830e+07  126  198 2.0811e+07 2.0862e+07  0.24%  79.0  126s
  9024  8938 2.0829e+07  155  181 2.0811e+07 2.0862e+07  0.24%  75.9  131s
 11003 10975 2.0828e+07  197  117 2.0811e+07 2.0862e+07  0.24%  69.3  136s
*13032 12454             338    2.081106e+07 2.0862e+07  0.24%  63.2  139s
H13420 12024                    2.081201e+07 2.0862e+07  0.24%  62.8  159s
H13420 10853                    2.081557e+07 2.0862e+07  0.22%  62.8  160s
H13420 10728                    2.081607e+07 2.0862e+07  0.22%  62.8  161s
H13420 10714                    2.081613e+07 2.0862e+07  0.22%  62.8  161s
H13420 10686                    2.081621e+07 2.0862e+07  0.22%  62.8  164s
H13420 10671                    2.081627e+07 2.0862e+07  0.22%  62.8  164s
H13420  9995                    2.081861e+07 2.0862e+07  0.21%  62.8  168s
H13420  9864                    2.081906e+07 2.0862e+07  0.20%  62.8  169s
 13421  9780 2.0837e+07   40  459 2.0819e+07 2.0862e+07  0.20%  62.8  186s
H13422  9291                    2.081912e+07 2.0862e+07  0.20%  62.8  310s
H13422  8827                    2.081914e+07 2.0862e+07  0.20%  62.8  310s
H13422  8385                    2.081915e+07 2.0862e+07  0.20%  62.8  310s
 13424  8386 2.0820e+07  125  420 2.0819e+07 2.0862e+07  0.20%  62.8  315s
 13428  8389 2.0835e+07   38  369 2.0819e+07 2.0861e+07  0.20%  62.8  320s
 13432  8391 2.0846e+07   28  361 2.0819e+07 2.0861e+07  0.20%  62.8  394s

Cutting planes:
  Gomory: 33
  Cover: 16
  Implied bound: 287
  Clique: 2
  MIR: 691
  Flow cover: 788
  Zero half: 1
  RLT: 5
  Relax-and-lift: 800
  BQP: 3
  PSD: 1

Explored 13432 nodes (943825 simplex iterations) in 395.06 seconds (439.35 work units)
Thread count was 48 (of 192 available processors)

Solution count 10: 2.08191e+07 2.08191e+07 2.08191e+07 ... 2.08156e+07

Optimal solution found (tolerance 2.00e-03)
Best objective 2.081914747105e+07, best bound 2.086076461831e+07, gap 0.1999%
Deleted nodefile directory: /scratch-local/lbeemster.21862270/gurobi_failed_KARSTO_to_DORNUM_sub30.0_run2
Saved model snapshot to study_case_model/figures/failure_experiment/run_14426/maxh2_KARSTO_to_DORNUM/sub30.0/run2/model_snapshot.pkl
Finished successfully!
