Gurobi shell based on Python 3.13.1 can be launched with command `gurobi.sh`
Gurobi Python Interface can be loaded in Python 3.13.1 with 'import gurobipy'
/var/spool/slurm/slurmd/job21861077/slurm_script: line 25: activate: No such file or directory
Renamed nodes according to mapping.
Nodes after renaming: ['NORNE/HEIDRUN T', 'KARSTO', 'ZEEPIPE-SCP', 'ZEEBRUGGE', 'GJØA-T', 'NORNE_ERB', 'NORPIPE Y', 'B-11', 'OSEBERG D', 'HEIMDAL HRP', 'SLEIPNER R', 'DRAUPNER_S', 'H-7_BP', 'EMDEN', 'ST.FERGUS', 'KOLLSNES', 'DORNUM', 'EUROPIPE-SCP', 'DUNKERQUE', 'VISUND T', 'VISUND', 'NYHAMNA', 'EASINGTON', 'GJOA', 'AASTA HANSTEEN PLEM']
Edges after renaming: [('NORNE/HEIDRUN T', 'KARSTO'), ('KARSTO', 'DRAUPNER_S'), ('KARSTO', 'DORNUM'), ('ZEEPIPE-SCP', 'ZEEBRUGGE'), ('GJØA-T', 'KARSTO'), ('NORNE_ERB', 'NORNE/HEIDRUN T'), ('NORPIPE Y', 'B-11'), ('B-11', 'H-7_BP'), ('OSEBERG D', 'HEIMDAL HRP'), ('HEIMDAL HRP', 'DRAUPNER_S'), ('HEIMDAL HRP', 'ST.FERGUS'), ('SLEIPNER R', 'ZEEPIPE-SCP'), ('SLEIPNER R', 'DRAUPNER_S'), ('SLEIPNER R', 'EASINGTON'), ('DRAUPNER_S', 'EUROPIPE-SCP'), ('DRAUPNER_S', 'DUNKERQUE'), ('DRAUPNER_S', 'NORPIPE Y'), ('H-7_BP', 'EMDEN'), ('KOLLSNES', 'SLEIPNER R'), ('KOLLSNES', 'DRAUPNER_S'), ('EUROPIPE-SCP', 'DORNUM'), ('VISUND T', 'KOLLSNES'), ('VISUND', 'VISUND T'), ('NYHAMNA', 'SLEIPNER R'), ('GJOA', 'GJØA-T'), ('AASTA HANSTEEN PLEM', 'NYHAMNA')]
Solving model:, failed_VISUND, sub30.0, run0
Read LP format model from file /scratch-local/lbeemster.21861077/tmpl_h0bi5o.pyomo.lp
Reading time = 0.77 seconds
x1: 178177 rows, 50050 columns, 1021312 nonzeros
Set parameter OutputFlag to value 1
Set parameter MIPGap to value 0.002
Set parameter Threads to value 48
Set parameter Presolve to value 1
Set parameter Cuts to value 1
Set parameter NodefileStart to value 1
Set parameter NodefileDir to value "/scratch-local/lbeemster.21861077/gurobi_failed_VISUND_sub30.0_run0"
Set parameter MemLimit to value 60
Gurobi Optimizer version 12.0.3 build v12.0.3rc0 (linux64 - "Red Hat Enterprise Linux 9.6 (Plow)")

CPU model: AMD EPYC 9654 96-Core Processor, instruction set [SSE2|AVX|AVX2|AVX512]
Thread count: 192 physical cores, 192 logical processors, using up to 48 threads

Non-default parameters:
MemLimit  60
MIPGap  0.002
NodefileStart  1
Cuts  1
Presolve  1
Threads  48

Academic license 2514514 - for non-commercial use only - registered to l.___@student.vu.nl
Optimize a model with 178177 rows, 50050 columns and 1021312 nonzeros
Model fingerprint: 0x8f36bc9b
Variable types: 39426 continuous, 10624 integer (10624 binary)
Coefficient statistics:
  Matrix range     [6e-05, 1e+05]
  Objective range  [2e+00, 3e+04]
  Bounds range     [1e+00, 1e+00]
  RHS range        [3e-01, 2e+05]
Presolve removed 59737 rows and 27311 columns
Presolve time: 3.07s
Presolved: 118440 rows, 22739 columns, 817712 nonzeros
Variable types: 17675 continuous, 5064 integer (5064 binary)

Deterministic concurrent LP optimizer: primal simplex, dual simplex, and barrier
Showing barrier log only...

Root relaxation presolved: 22305 rows, 140721 columns, 840132 nonzeros

Root barrier log...

Ordering time: 0.04s

Barrier statistics:
 Free vars  : 1792
 AA' NZ     : 4.414e+05
 Factor NZ  : 1.183e+06 (roughly 70 MB of memory)
 Factor Ops : 7.648e+07 (less than 1 second per iteration)
 Threads    : 45

                  Objective                Residual
Iter       Primal          Dual         Primal    Dual     Compl     Time
   0   1.07602399e+12  3.18776505e+06  7.54e+06 2.89e+02  1.27e+08     5s
   1   6.71900220e+11 -1.67219660e+08  3.94e+06 2.47e+03  7.16e+07     5s
   2   4.49461300e+11 -1.27099636e+08  2.10e+06 1.35e+03  3.87e+07     5s
   3   2.52914573e+11 -4.59240452e+07  6.09e+05 5.60e+02  1.50e+07     5s
   4   1.63452723e+11 -2.27141959e+07  2.15e+05 2.36e+02  6.44e+06     5s
   5   1.24974718e+11 -1.23186830e+07  1.32e+05 1.34e+02  3.74e+06     5s
   6   1.06037257e+11 -6.13786426e+06  1.00e+05 7.80e+01  2.47e+06     5s
   7   7.26864152e+10 -2.43294440e+06  5.44e+04 5.13e+01  1.50e+06     5s
   8   5.00167874e+10 -1.91056973e+06  3.24e+04 3.17e+01  9.25e+05     5s
   9   2.88047374e+10  9.61232761e+04  1.31e+04 1.66e+01  4.48e+05     5s
  10   1.91284557e+10  1.30500750e+06  7.33e+03 8.58e+00  2.50e+05     5s
  11   8.17057506e+09  2.37805170e+06  2.20e+03 3.41e+00  9.10e+04     5s
  12   4.83817473e+09  3.79326139e+06  1.18e+03 1.18e+00  4.44e+04     5s
  13   2.02374060e+09  4.62926277e+06  4.06e+02 5.57e-01  1.76e+04     5s
  14   1.69437069e+09  5.29945085e+06  3.33e+02 3.30e-01  1.38e+04     5s
  15   6.08404728e+08  6.94803460e+06  1.02e+02 7.95e-02  4.53e+03     6s
  16   2.86283118e+08  8.21999316e+06  4.37e+01 3.69e-02  2.05e+03     6s
  17   1.25861246e+08  1.04577115e+07  1.49e+01 1.54e-02  8.25e+02     6s
  18   8.07387630e+07  1.19829245e+07  8.73e+00 9.56e-03  4.88e+02     6s
  19   5.13831618e+07  1.41634614e+07  4.52e+00 4.95e-03  2.61e+02     6s
  20   3.60755687e+07  1.49360032e+07  2.42e+00 3.18e-03  1.47e+02     6s
  21   2.45096912e+07  1.53623047e+07  9.75e-01 1.87e-03  6.31e+01     6s
  22   2.11243142e+07  1.56021043e+07  5.43e-01 1.73e-03  3.79e+01     6s
  23   1.93422103e+07  1.58360511e+07  3.37e-01 1.37e-03  2.40e+01     6s
  24   1.82864635e+07  1.59509647e+07  2.15e-01 1.24e-03  1.59e+01     6s
  25   1.73545108e+07  1.60904524e+07  1.10e-01 8.69e-04  8.59e+00     6s
  26   1.69826995e+07  1.61454507e+07  6.75e-02 6.64e-04  5.67e+00     6s
  27   1.67164175e+07  1.62003189e+07  4.06e-02 5.03e-04  3.49e+00     6s
  28   1.65242265e+07  1.62300922e+07  2.19e-02 5.06e-04  1.99e+00     6s
  29   1.64542857e+07  1.62600954e+07  1.48e-02 6.33e-04  1.31e+00     6s
  30   1.64162385e+07  1.62760597e+07  1.02e-02 6.49e-04  9.40e-01     6s

Barrier performed 30 iterations in 6.06 seconds (5.56 work units)
Barrier solve interrupted - model solved by another algorithm

Concurrent spin time: 0.37s (can be avoided by choosing Method=3)

Solved with primal simplex

Root relaxation: objective 1.633249e+07, 28239 iterations, 2.13 seconds (1.70 work units)

    Nodes    |    Current Node    |     Objective Bounds      |     Work
 Expl Unexpl |  Obj  Depth IntInf | Incumbent    BestBd   Gap | It/Node Time

     0     0 1.6332e+07    0  398          - 1.6332e+07      -     -    7s
H    0     0                    1.612931e+07 1.6332e+07  1.26%     -    9s
     0     0 1.6331e+07    0  362 1.6129e+07 1.6331e+07  1.25%     -   12s
H    0     0                    1.615366e+07 1.6331e+07  1.10%     -   13s
H    0     0                    1.617149e+07 1.6330e+07  0.98%     -   13s
     0     0 1.6330e+07    0  389 1.6171e+07 1.6330e+07  0.98%     -   13s
     0     0 1.6330e+07    0  398 1.6171e+07 1.6330e+07  0.98%     -   13s
     0     0 1.6330e+07    0  398 1.6171e+07 1.6330e+07  0.98%     -   13s
     0     0 1.6328e+07    0  451 1.6171e+07 1.6328e+07  0.97%     -   17s
H    0     0                    1.619527e+07 1.6328e+07  0.82%     -   18s
     0     0 1.6328e+07    0  449 1.6195e+07 1.6328e+07  0.82%     -   18s
H    0     0                    1.623002e+07 1.6328e+07  0.60%     -   19s
     0     0 1.6328e+07    0  461 1.6230e+07 1.6328e+07  0.60%     -   19s
     0     0 1.6328e+07    0  461 1.6230e+07 1.6328e+07  0.60%     -   19s
     0     0 1.6328e+07    0  463 1.6230e+07 1.6328e+07  0.60%     -   19s
H    0     0                    1.624055e+07 1.6328e+07  0.54%     -   22s
     0     0 1.6327e+07    0  449 1.6241e+07 1.6327e+07  0.53%     -   22s
     0     0 1.6327e+07    0  447 1.6241e+07 1.6327e+07  0.53%     -   24s
     0     0 1.6327e+07    0  459 1.6241e+07 1.6327e+07  0.53%     -   24s
     0     0 1.6327e+07    0  456 1.6241e+07 1.6327e+07  0.53%     -   24s
H    0     0                    1.624200e+07 1.6327e+07  0.52%     -   25s
     0     0 1.6327e+07    0  457 1.6242e+07 1.6327e+07  0.52%     -   25s
     0     0 1.6327e+07    0  378 1.6242e+07 1.6327e+07  0.52%     -   28s
H    0     0                    1.624200e+07 1.6327e+07  0.52%     -   29s
H    0     0                    1.624451e+07 1.6327e+07  0.51%     -   29s
H    0     0                    1.624716e+07 1.6327e+07  0.49%     -   29s
H    0     0                    1.624734e+07 1.6327e+07  0.49%     -   29s
     0     0 1.6327e+07    0  404 1.6247e+07 1.6327e+07  0.49%     -   29s
     0     0 1.6327e+07    0  426 1.6247e+07 1.6327e+07  0.49%     -   30s
     0     0 1.6327e+07    0  429 1.6247e+07 1.6327e+07  0.49%     -   30s
     0     0 1.6327e+07    0  419 1.6247e+07 1.6327e+07  0.49%     -   30s
H    0     0                    1.624938e+07 1.6327e+07  0.48%     -   32s
     0     0 1.6326e+07    0  330 1.6249e+07 1.6326e+07  0.47%     -   33s
H    0     0                    1.624976e+07 1.6326e+07  0.47%     -   34s
     0     0 1.6326e+07    0  352 1.6250e+07 1.6326e+07  0.47%     -   34s
     0     0 1.6326e+07    0  357 1.6250e+07 1.6326e+07  0.47%     -   34s
     0     0 1.6326e+07    0  355 1.6250e+07 1.6326e+07  0.47%     -   35s
     0     0 1.6326e+07    0  364 1.6250e+07 1.6326e+07  0.47%     -   37s
     0     0 1.6326e+07    0  361 1.6250e+07 1.6326e+07  0.47%     -   38s
     0     0 1.6326e+07    0  360 1.6250e+07 1.6326e+07  0.47%     -   38s
     0     0 1.6326e+07    0  361 1.6250e+07 1.6326e+07  0.47%     -   38s
     0     0 1.6326e+07    0  368 1.6250e+07 1.6326e+07  0.47%     -   40s
H    0     0                    1.625184e+07 1.6326e+07  0.46%     -   42s
     0     0 1.6326e+07    0  355 1.6252e+07 1.6326e+07  0.46%     -   42s
     0     0 1.6326e+07    0  360 1.6252e+07 1.6326e+07  0.46%     -   43s
H    0     0                    1.625438e+07 1.6326e+07  0.44%     -   43s
     0     0 1.6326e+07    0  365 1.6254e+07 1.6326e+07  0.44%     -   43s
     0     0 1.6326e+07    0  367 1.6254e+07 1.6326e+07  0.44%     -   45s
H    0     0                    1.625833e+07 1.6326e+07  0.42%     -   47s
     0     0 1.6326e+07    0  374 1.6258e+07 1.6326e+07  0.42%     -   47s
     0     0 1.6326e+07    0  371 1.6258e+07 1.6326e+07  0.42%     -   47s
H    0     0                    1.626021e+07 1.6326e+07  0.40%     -   49s
     0     0 1.6326e+07    0  367 1.6260e+07 1.6326e+07  0.40%     -   49s
     0     0 1.6326e+07    0  363 1.6260e+07 1.6326e+07  0.40%     -   51s
     0     0 1.6326e+07    0  367 1.6260e+07 1.6326e+07  0.40%     -   51s
     0     0 1.6326e+07    0  364 1.6260e+07 1.6326e+07  0.40%     -   53s
     0     0 1.6326e+07    0  364 1.6260e+07 1.6326e+07  0.40%     -   57s
H    0     0                    1.626416e+07 1.6326e+07  0.38%     -   71s
H    0     0                    1.627788e+07 1.6326e+07  0.30%     -   74s
H    0     0                    1.628289e+07 1.6326e+07  0.26%     -   76s
H    0     0                    1.628534e+07 1.6326e+07  0.25%     -   77s
H    0     0                    1.628556e+07 1.6326e+07  0.25%     -   77s
H    0     0                    1.628591e+07 1.6326e+07  0.25%     -   77s
     0     2 1.6326e+07    0  364 1.6286e+07 1.6326e+07  0.25%     -   79s
     3     8 1.6326e+07    2  364 1.6286e+07 1.6326e+07  0.25%   128   80s
H  256   301                    1.628593e+07 1.6326e+07  0.25%  72.9   86s
H  258   301                    1.628599e+07 1.6326e+07  0.24%  72.6   86s
   747  1035 1.6325e+07   20  319 1.6286e+07 1.6326e+07  0.24%  59.8   90s
H 1088  1082                    1.628600e+07 1.6326e+07  0.24%  55.7   93s
  1137  1575 1.6325e+07   25  314 1.6286e+07 1.6326e+07  0.24%  55.8   95s
H 2149  2369                    1.628602e+07 1.6326e+07  0.24%  53.0   99s
  2470  3074 1.6323e+07   43  271 1.6286e+07 1.6326e+07  0.24%  52.9  101s
H 3582  3337                    1.628994e+07 1.6326e+07  0.22%  51.5  103s
  3641  3939 1.6321e+07   73  253 1.6290e+07 1.6326e+07  0.22%  51.4  105s
  4998  4521 1.6308e+07   93  236 1.6290e+07 1.6326e+07  0.22%  49.6  111s
H 5080  4441                    1.629316e+07 1.6326e+07  0.20%  49.5  114s
  5097  4958 1.6318e+07   95  238 1.6293e+07 1.6326e+07  0.20%  49.5  115s
  5806  5055 1.6312e+07  112  239 1.6293e+07 1.6326e+07  0.20%  48.7  122s
H 5817  4864                    1.629730e+07 1.6326e+07  0.17%  48.7  122s

Cutting planes:
  Learned: 1
  Gomory: 20
  Cover: 75
  Implied bound: 2120
  MIR: 872
  Flow cover: 1135
  Relax-and-lift: 259

Explored 5867 nodes (334064 simplex iterations) in 122.39 seconds (127.60 work units)
Thread count was 48 (of 192 available processors)

Solution count 10: 1.62973e+07 1.62973e+07 1.62932e+07 ... 1.62642e+07

Optimal solution found (tolerance 2.00e-03)
Best objective 1.629729903996e+07, best bound 1.632579800407e+07, gap 0.1749%
Deleted nodefile directory: /scratch-local/lbeemster.21861077/gurobi_failed_VISUND_sub30.0_run0
Saved model snapshot to study_case_model/figures/failure_experiment/run_14426/maxh2_VISUND/sub30.0/run0/model_snapshot.pkl
Finished successfully!
