Gurobi shell based on Python 3.13.1 can be launched with command `gurobi.sh`
Gurobi Python Interface can be loaded in Python 3.13.1 with 'import gurobipy'
/var/spool/slurm/slurmd/job21862107/slurm_script: line 25: activate: No such file or directory
Renamed nodes according to mapping.
Nodes after renaming: ['NORNE/HEIDRUN T', 'KARSTO', 'ZEEPIPE-SCP', 'ZEEBRUGGE', 'GJØA-T', 'NORNE_ERB', 'NORPIPE Y', 'B-11', 'OSEBERG D', 'HEIMDAL HRP', 'SLEIPNER R', 'DRAUPNER_S', 'H-7_BP', 'EMDEN', 'ST.FERGUS', 'KOLLSNES', 'DORNUM', 'EUROPIPE-SCP', 'DUNKERQUE', 'VISUND T', 'VISUND', 'NYHAMNA', 'EASINGTON', 'GJOA', 'AASTA HANSTEEN PLEM']
Edges after renaming: [('NORNE/HEIDRUN T', 'KARSTO'), ('KARSTO', 'DRAUPNER_S'), ('KARSTO', 'DORNUM'), ('ZEEPIPE-SCP', 'ZEEBRUGGE'), ('GJØA-T', 'KARSTO'), ('NORNE_ERB', 'NORNE/HEIDRUN T'), ('NORPIPE Y', 'B-11'), ('B-11', 'H-7_BP'), ('OSEBERG D', 'HEIMDAL HRP'), ('HEIMDAL HRP', 'DRAUPNER_S'), ('HEIMDAL HRP', 'ST.FERGUS'), ('SLEIPNER R', 'ZEEPIPE-SCP'), ('SLEIPNER R', 'DRAUPNER_S'), ('SLEIPNER R', 'EASINGTON'), ('DRAUPNER_S', 'EUROPIPE-SCP'), ('DRAUPNER_S', 'DUNKERQUE'), ('DRAUPNER_S', 'NORPIPE Y'), ('H-7_BP', 'EMDEN'), ('KOLLSNES', 'SLEIPNER R'), ('KOLLSNES', 'DRAUPNER_S'), ('EUROPIPE-SCP', 'DORNUM'), ('VISUND T', 'KOLLSNES'), ('VISUND', 'VISUND T'), ('NYHAMNA', 'SLEIPNER R'), ('GJOA', 'GJØA-T'), ('AASTA HANSTEEN PLEM', 'NYHAMNA')]
No plant failure specified (baseline).
Solving model:, failed_None, sub45.0, run1
Read LP format model from file /scratch-local/lbeemster.21862107/tmpbqy6cd5i.pyomo.lp
Reading time = 0.55 seconds
x1: 178177 rows, 50050 columns, 1021312 nonzeros
Set parameter OutputFlag to value 1
Set parameter MIPGap to value 0.002
Set parameter Threads to value 48
Set parameter Presolve to value 1
Set parameter Cuts to value 1
Set parameter NodefileStart to value 1
Set parameter NodefileDir to value "/scratch-local/lbeemster.21862107/gurobi_failed_None_sub45.0_run1"
Set parameter MemLimit to value 60
Gurobi Optimizer version 12.0.3 build v12.0.3rc0 (linux64 - "Red Hat Enterprise Linux 9.6 (Plow)")

CPU model: AMD EPYC 9654 96-Core Processor, instruction set [SSE2|AVX|AVX2|AVX512]
Thread count: 192 physical cores, 192 logical processors, using up to 48 threads

Non-default parameters:
MemLimit  60
MIPGap  0.002
NodefileStart  1
Cuts  1
Presolve  1
Threads  48

Academic license 2514514 - for non-commercial use only - registered to l.___@student.vu.nl
Optimize a model with 178177 rows, 50050 columns and 1021312 nonzeros
Model fingerprint: 0xc00487ae
Variable types: 39426 continuous, 10624 integer (10624 binary)
Coefficient statistics:
  Matrix range     [6e-05, 1e+05]
  Objective range  [2e+00, 3e+04]
  Bounds range     [1e+00, 1e+00]
  RHS range        [3e-01, 2e+05]
Presolve removed 38185 rows and 24918 columns
Presolve time: 3.05s
Presolved: 139992 rows, 25132 columns, 903580 nonzeros
Variable types: 19516 continuous, 5616 integer (5616 binary)
Found heuristic solution: objective 1.998339e+07
Found heuristic solution: objective 2.018267e+07

Deterministic concurrent LP optimizer: primal simplex, dual simplex, and barrier
Showing barrier log only...

Root relaxation presolved: 24336 rows, 164269 columns, 928050 nonzeros

Root barrier log...

Ordering time: 0.05s

Barrier statistics:
 Dense cols : 1
 Free vars  : 1920
 AA' NZ     : 5.302e+05
 Factor NZ  : 1.376e+06 (roughly 90 MB of memory)
 Factor Ops : 9.350e+07 (less than 1 second per iteration)
 Threads    : 46

                  Objective                Residual
Iter       Primal          Dual         Primal    Dual     Compl     Time
   0   1.42192917e+12  3.05362439e+06  7.87e+06 3.25e+02  1.36e+08     8s
   1   9.55403728e+11 -1.63090053e+08  4.46e+06 2.96e+03  8.53e+07     8s
   2   6.39535732e+11 -1.81335797e+08  2.30e+06 1.79e+03  4.94e+07     8s
   3   4.78474089e+11 -1.45846780e+08  1.30e+06 1.13e+03  3.06e+07     8s
   4   3.72933516e+11 -1.03441058e+08  7.70e+05 6.52e+02  1.81e+07     8s
   5   3.01710568e+11 -8.42181931e+07  5.04e+05 4.59e+02  1.24e+07     8s
   6   2.19308195e+11 -6.46795381e+07  2.61e+05 3.08e+02  7.74e+06     8s
   7   1.48561662e+11 -4.60431462e+07  1.11e+05 1.99e+02  4.49e+06     8s
   8   1.21711587e+11 -2.46286760e+07  7.45e+04 1.05e+02  2.65e+06     8s
   9   8.07914779e+10 -1.02236526e+07  3.31e+04 5.59e+01  1.38e+06     8s
  10   6.40068357e+10 -4.75492940e+06  2.29e+04 2.87e+01  8.40e+05     8s
  11   3.19505451e+10 -2.08234118e+06  8.15e+03 1.79e+01  4.11e+05     8s
  12   2.00660046e+10 -2.77035224e+05  4.30e+03 1.04e+01  2.30e+05     8s
  13   1.07948918e+10  8.76738809e+05  1.81e+03 4.87e+00  1.08e+05     8s
  14   5.74419971e+09  1.23980750e+06  7.85e+02 3.30e+00  5.80e+04     8s
  15   3.23316309e+09  2.52982653e+06  3.76e+02 1.39e+00  2.76e+04     8s
  16   2.33053759e+09  4.48960671e+06  2.55e+02 6.34e-01  1.73e+04     8s
  17   1.33373700e+09  5.69944982e+06  1.34e+02 3.67e-01  9.54e+03     9s
  18   1.14732112e+09  7.90807818e+06  1.12e+02 1.51e-01  7.38e+03     9s
  19   3.73749387e+08  9.46223356e+06  3.23e+01 5.91e-02  2.31e+03     9s
  20   2.45405872e+08  1.17434716e+07  1.99e+01 2.13e-02  1.43e+03     9s
  21   1.39375447e+08  1.51192326e+07  1.01e+01 1.31e-02  7.44e+02     9s
  22   7.84658358e+07  1.65558041e+07  4.75e+00 9.41e-03  3.68e+02     9s
  23   5.14349465e+07  1.93321174e+07  2.34e+00 4.69e-03  1.89e+02     9s
  24   4.41660823e+07  1.96689294e+07  1.74e+00 3.33e-03  1.44e+02     9s
  25   2.91537330e+07  2.00004982e+07  5.83e-01 1.70e-03  5.34e+01     9s
  26   2.64161420e+07  2.04500235e+07  3.70e-01 1.07e-03  3.47e+01     9s
  27   2.48424687e+07  2.08721551e+07  2.50e-01 1.82e-03  2.31e+01     9s
  28   2.36082864e+07  2.10316430e+07  1.57e-01 1.25e-03  1.50e+01     9s

Barrier performed 28 iterations in 9.00 seconds (7.62 work units)
Barrier solve interrupted - model solved by another algorithm

Concurrent spin time: 0.49s (can be avoided by choosing Method=3)

Solved with primal simplex

Root relaxation: objective 2.145745e+07, 27882 iterations, 2.29 seconds (1.87 work units)
Total elapsed time = 10.09s (DegenMoves)

    Nodes    |    Current Node    |     Objective Bounds      |     Work
 Expl Unexpl |  Obj  Depth IntInf | Incumbent    BestBd   Gap | It/Node Time

     0     0 2.1457e+07    0  430 2.0183e+07 2.1457e+07  6.32%     -   10s
     0     0 2.1454e+07    0  502 2.0183e+07 2.1454e+07  6.30%     -   14s
H    0     0                    2.107083e+07 2.1454e+07  1.82%     -   15s
     0     0 2.1445e+07    0  550 2.1071e+07 2.1445e+07  1.78%     -   15s
     0     0 2.1445e+07    0  569 2.1071e+07 2.1445e+07  1.78%     -   16s
     0     0 2.1445e+07    0  573 2.1071e+07 2.1445e+07  1.77%     -   16s
     0     0 2.1445e+07    0  573 2.1071e+07 2.1445e+07  1.77%     -   16s
     0     0 2.1444e+07    0  561 2.1071e+07 2.1444e+07  1.77%     -   19s
     0     0 2.1444e+07    0  585 2.1071e+07 2.1444e+07  1.77%     -   20s
     0     0 2.1444e+07    0  598 2.1071e+07 2.1444e+07  1.77%     -   20s
     0     0 2.1444e+07    0  600 2.1071e+07 2.1444e+07  1.77%     -   20s
     0     0 2.1443e+07    0  603 2.1071e+07 2.1443e+07  1.77%     -   24s
H    0     0                    2.129407e+07 2.1443e+07  0.70%     -   25s
     0     0 2.1443e+07    0  639 2.1294e+07 2.1443e+07  0.70%     -   26s
     0     0 2.1443e+07    0  643 2.1294e+07 2.1443e+07  0.70%     -   26s
     0     0 2.1442e+07    0  655 2.1294e+07 2.1442e+07  0.70%     -   26s
     0     0 2.1442e+07    0  661 2.1294e+07 2.1442e+07  0.70%     -   27s
     0     0 2.1442e+07    0  621 2.1294e+07 2.1442e+07  0.69%     -   31s
     0     0 2.1442e+07    0  633 2.1294e+07 2.1442e+07  0.69%     -   32s
     0     0 2.1442e+07    0  620 2.1294e+07 2.1442e+07  0.69%     -   32s
     0     0 2.1442e+07    0  628 2.1294e+07 2.1442e+07  0.69%     -   32s
     0     0 2.1441e+07    0  494 2.1294e+07 2.1441e+07  0.69%     -   36s
H    0     0                    2.131873e+07 2.1441e+07  0.57%     -   38s
     0     0 2.1441e+07    0  517 2.1319e+07 2.1441e+07  0.57%     -   39s
     0     0 2.1441e+07    0  523 2.1319e+07 2.1441e+07  0.57%     -   39s
     0     0 2.1441e+07    0  525 2.1319e+07 2.1441e+07  0.57%     -   39s
     0     0 2.1441e+07    0  489 2.1319e+07 2.1441e+07  0.57%     -   42s
H    0     0                    2.131906e+07 2.1441e+07  0.57%     -   46s
     0     0 2.1441e+07    0  481 2.1319e+07 2.1441e+07  0.57%     -   46s
     0     0 2.1441e+07    0  496 2.1319e+07 2.1441e+07  0.57%     -   46s
     0     0 2.1441e+07    0  494 2.1319e+07 2.1441e+07  0.57%     -   46s
     0     0 2.1441e+07    0  493 2.1319e+07 2.1441e+07  0.57%     -   49s
H    0     0                    2.133727e+07 2.1441e+07  0.49%     -   51s
     0     0 2.1441e+07    0  515 2.1337e+07 2.1441e+07  0.49%     -   51s
     0     0 2.1441e+07    0  504 2.1337e+07 2.1441e+07  0.49%     -   52s
     0     0 2.1441e+07    0  492 2.1337e+07 2.1441e+07  0.49%     -   54s
     0     0 2.1441e+07    0  488 2.1337e+07 2.1441e+07  0.49%     -   55s
     0     0 2.1441e+07    0  485 2.1337e+07 2.1441e+07  0.49%     -   56s
     0     0 2.1441e+07    0  454 2.1337e+07 2.1441e+07  0.49%     -   58s
     0     0 2.1441e+07    0  449 2.1337e+07 2.1441e+07  0.49%     -   66s
H    0     0                    2.135209e+07 2.1441e+07  0.42%     -   73s
H    0     0                    2.137853e+07 2.1441e+07  0.29%     -   74s
H    0     0                    2.138806e+07 2.1441e+07  0.25%     -   78s
H    0     0                    2.139119e+07 2.1441e+07  0.23%     -   81s
H    0     0                    2.139398e+07 2.1441e+07  0.22%     -   83s
     0     2 2.1441e+07    0  448 2.1394e+07 2.1441e+07  0.22%     -   86s
   111   160 2.1440e+07    7  455 2.1394e+07 2.1440e+07  0.22%   139   91s
H  167   215                    2.139399e+07 2.1440e+07  0.22%   127   94s
H  184   215                    2.139406e+07 2.1440e+07  0.22%   122   94s
H  190   215                    2.139850e+07 2.1440e+07  0.19%   121   94s

Cutting planes:
  Learned: 2
  Gomory: 29
  Cover: 72
  Implied bound: 2822
  MIR: 826
  Flow cover: 1131
  RLT: 2
  Relax-and-lift: 298

Explored 214 nodes (79289 simplex iterations) in 94.21 seconds (94.65 work units)
Thread count was 48 (of 192 available processors)

Solution count 10: 2.13985e+07 2.13985e+07 2.13941e+07 ... 2.13373e+07

Optimal solution found (tolerance 2.00e-03)
Best objective 2.139850040799e+07, best bound 2.144016118337e+07, gap 0.1947%
Deleted nodefile directory: /scratch-local/lbeemster.21862107/gurobi_failed_None_sub45.0_run1
Saved model snapshot to study_case_model/figures/failure_experiment/run_14426/maxh2_None/sub45.0/run1/model_snapshot.pkl
Finished successfully!
