Gurobi shell based on Python 3.13.1 can be launched with command `gurobi.sh`
Gurobi Python Interface can be loaded in Python 3.13.1 with 'import gurobipy'
/var/spool/slurm/slurmd/job21861402/slurm_script: line 25: activate: No such file or directory
Renamed nodes according to mapping.
Nodes after renaming: ['NORNE/HEIDRUN T', 'KARSTO', 'ZEEPIPE-SCP', 'ZEEBRUGGE', 'GJØA-T', 'NORNE_ERB', 'NORPIPE Y', 'B-11', 'OSEBERG D', 'HEIMDAL HRP', 'SLEIPNER R', 'DRAUPNER_S', 'H-7_BP', 'EMDEN', 'ST.FERGUS', 'KOLLSNES', 'DORNUM', 'EUROPIPE-SCP', 'DUNKERQUE', 'VISUND T', 'VISUND', 'NYHAMNA', 'EASINGTON', 'GJOA', 'AASTA HANSTEEN PLEM']
Edges after renaming: [('NORNE/HEIDRUN T', 'KARSTO'), ('KARSTO', 'DRAUPNER_S'), ('KARSTO', 'DORNUM'), ('ZEEPIPE-SCP', 'ZEEBRUGGE'), ('GJØA-T', 'KARSTO'), ('NORNE_ERB', 'NORNE/HEIDRUN T'), ('NORPIPE Y', 'B-11'), ('B-11', 'H-7_BP'), ('OSEBERG D', 'HEIMDAL HRP'), ('HEIMDAL HRP', 'DRAUPNER_S'), ('HEIMDAL HRP', 'ST.FERGUS'), ('SLEIPNER R', 'ZEEPIPE-SCP'), ('SLEIPNER R', 'DRAUPNER_S'), ('SLEIPNER R', 'EASINGTON'), ('DRAUPNER_S', 'EUROPIPE-SCP'), ('DRAUPNER_S', 'DUNKERQUE'), ('DRAUPNER_S', 'NORPIPE Y'), ('H-7_BP', 'EMDEN'), ('KOLLSNES', 'SLEIPNER R'), ('KOLLSNES', 'DRAUPNER_S'), ('EUROPIPE-SCP', 'DORNUM'), ('VISUND T', 'KOLLSNES'), ('VISUND', 'VISUND T'), ('NYHAMNA', 'SLEIPNER R'), ('GJOA', 'GJØA-T'), ('AASTA HANSTEEN PLEM', 'NYHAMNA')]
No plant failure specified (baseline).
Solving model:, failed_None, sub45.0, run0
Read LP format model from file /scratch-local/lbeemster.21861402/tmpq_jx8rpc.pyomo.lp
Reading time = 0.68 seconds
x1: 178177 rows, 50050 columns, 1021312 nonzeros
Set parameter OutputFlag to value 1
Set parameter MIPGap to value 0.002
Set parameter Threads to value 48
Set parameter Presolve to value 1
Set parameter Cuts to value 1
Set parameter NodefileStart to value 1
Set parameter NodefileDir to value "/scratch-local/lbeemster.21861402/gurobi_failed_None_sub45.0_run0"
Set parameter MemLimit to value 60
Gurobi Optimizer version 12.0.3 build v12.0.3rc0 (linux64 - "Red Hat Enterprise Linux 9.6 (Plow)")

CPU model: AMD EPYC 9654 96-Core Processor, instruction set [SSE2|AVX|AVX2|AVX512]
Thread count: 192 physical cores, 192 logical processors, using up to 48 threads

Non-default parameters:
MemLimit  60
MIPGap  0.002
NodefileStart  1
Cuts  1
Presolve  1
Threads  48

Academic license 2514514 - for non-commercial use only - registered to l.___@student.vu.nl
Optimize a model with 178177 rows, 50050 columns and 1021312 nonzeros
Model fingerprint: 0xf534bb4c
Variable types: 39426 continuous, 10624 integer (10624 binary)
Coefficient statistics:
  Matrix range     [6e-05, 1e+05]
  Objective range  [2e+00, 3e+04]
  Bounds range     [1e+00, 1e+00]
  RHS range        [3e-01, 2e+05]
Presolve removed 37857 rows and 25110 columns
Presolve time: 3.13s
Presolved: 140320 rows, 24940 columns, 908071 nonzeros
Variable types: 19372 continuous, 5568 integer (5568 binary)
Found heuristic solution: objective 1.896565e+07
Found heuristic solution: objective 1.908643e+07
Found heuristic solution: objective 1.923854e+07

Deterministic concurrent LP optimizer: primal simplex, dual simplex, and barrier
Showing barrier log only...

Root relaxation presolved: 24014 rows, 164321 columns, 932235 nonzeros

Root barrier log...

Ordering time: 0.04s

Barrier statistics:
 Free vars  : 1920
 AA' NZ     : 5.246e+05
 Factor NZ  : 1.351e+06 (roughly 90 MB of memory)
 Factor Ops : 9.136e+07 (less than 1 second per iteration)
 Threads    : 46

                  Objective                Residual
Iter       Primal          Dual         Primal    Dual     Compl     Time
   0   1.42923857e+12  3.21018840e+06  7.58e+06 3.81e+02  1.45e+08     9s
   1   9.57555345e+11 -1.79181057e+08  4.26e+06 3.11e+03  8.98e+07     9s
   2   7.20710556e+11 -1.80262153e+08  2.72e+06 2.06e+03  5.92e+07     9s
   3   5.22070467e+11 -1.62218879e+08  1.45e+06 1.45e+03  3.81e+07     9s
   4   4.11758653e+11 -1.27707785e+08  8.80e+05 9.42e+02  2.44e+07     9s
   5   3.60365560e+11 -8.72902203e+07  6.59e+05 5.41e+02  1.56e+07     9s
   6   3.01096440e+11 -6.79595001e+07  4.58e+05 3.63e+02  1.08e+07     9s
   7   2.12369273e+11 -5.44129944e+07  2.22e+05 2.67e+02  6.82e+06     9s
   8   1.60643689e+11 -3.55793081e+07  1.28e+05 1.56e+02  4.04e+06    10s
   9   1.14914223e+11 -1.93629418e+07  6.68e+04 8.54e+01  2.24e+06    10s
  10   9.05544616e+10 -1.04869232e+07  4.47e+04 5.29e+01  1.47e+06    10s
  11   5.46907960e+10 -6.17852138e+06  1.95e+04 3.06e+01  7.77e+05    10s
  12   4.19186363e+10 -2.94580692e+06  1.32e+04 1.88e+01  5.11e+05    10s
  13   2.27693853e+10 -5.16310736e+05  5.47e+03 9.85e+00  2.48e+05    10s
  14   1.35461730e+10  7.90699541e+05  2.79e+03 5.00e+00  1.30e+05    10s
  15   8.39005062e+09  1.38640455e+06  1.51e+03 2.99e+00  7.48e+04    10s
  16   3.66416933e+09  2.03706602e+06  5.55e+02 1.61e+00  3.17e+04    10s
  17   2.37514157e+09  3.96719144e+06  3.32e+02 6.49e-01  1.77e+04    10s
  18   2.03040212e+09  4.58760606e+06  2.79e+02 3.98e-01  1.43e+04    10s
  19   1.12790253e+09  5.90716917e+06  1.46e+02 1.99e-01  7.58e+03    10s
  20   6.36119289e+08  7.70553482e+06  7.71e+01 8.06e-02  4.05e+03    10s
  21   2.22365434e+08  9.60113140e+06  2.11e+01 2.81e-02  1.33e+03    10s
  22   1.37119411e+08  1.07895694e+07  1.19e+01 2.05e-02  7.83e+02    10s
  23   8.89388381e+07  1.43270376e+07  6.61e+00 9.06e-03  4.52e+02    10s
  24   5.82983286e+07  1.83285081e+07  3.43e+00 3.67e-03  2.39e+02    10s
  25   5.16918790e+07  1.91705716e+07  2.80e+00 2.46e-03  1.94e+02    10s
  26   4.01766450e+07  1.89695037e+07  1.74e+00 2.36e-03  1.26e+02    10s
  27   3.03548114e+07  1.96869094e+07  8.33e-01 1.98e-03  6.30e+01    10s
  28   2.81176434e+07  1.99884118e+07  6.30e-01 1.50e-03  4.79e+01    10s
  29   2.63526250e+07  2.03512702e+07  4.69e-01 2.20e-03  3.54e+01    10s

Barrier performed 29 iterations in 10.42 seconds (8.99 work units)
Barrier solve interrupted - model solved by another algorithm

Concurrent spin time: 0.69s (can be avoided by choosing Method=3)

Solved with primal simplex

Root relaxation: objective 2.096484e+07, 32416 iterations, 2.56 seconds (1.88 work units)

    Nodes    |    Current Node    |     Objective Bounds      |     Work
 Expl Unexpl |  Obj  Depth IntInf | Incumbent    BestBd   Gap | It/Node Time

     0     0 2.0965e+07    0  442 1.9239e+07 2.0965e+07  8.97%     -   12s
     0     0 2.0951e+07    0  520 1.9239e+07 2.0951e+07  8.90%     -   17s
H    0     0                    2.056010e+07 2.0951e+07  1.90%     -   18s
     0     0 2.0949e+07    0  531 2.0560e+07 2.0949e+07  1.89%     -   18s
     0     0 2.0949e+07    0  529 2.0560e+07 2.0949e+07  1.89%     -   19s
     0     0 2.0949e+07    0  534 2.0560e+07 2.0949e+07  1.89%     -   19s
     0     0 2.0949e+07    0  535 2.0560e+07 2.0949e+07  1.89%     -   19s
     0     0 2.0949e+07    0  535 2.0560e+07 2.0949e+07  1.89%     -   19s
     0     0 2.0947e+07    0  544 2.0560e+07 2.0947e+07  1.88%     -   22s
     0     0 2.0947e+07    0  577 2.0560e+07 2.0947e+07  1.88%     -   22s
     0     0 2.0947e+07    0  587 2.0560e+07 2.0947e+07  1.88%     -   23s
     0     0 2.0947e+07    0  585 2.0560e+07 2.0947e+07  1.88%     -   23s
     0     0 2.0946e+07    0  572 2.0560e+07 2.0946e+07  1.88%     -   27s
H    0     0                    2.080150e+07 2.0946e+07  0.70%     -   29s
     0     0 2.0946e+07    0  586 2.0801e+07 2.0946e+07  0.69%     -   29s
     0     0 2.0946e+07    0  595 2.0801e+07 2.0946e+07  0.69%     -   30s
     0     0 2.0946e+07    0  595 2.0801e+07 2.0946e+07  0.69%     -   30s
     0     0 2.0946e+07    0  592 2.0801e+07 2.0946e+07  0.69%     -   30s
     0     0 2.0945e+07    0  612 2.0801e+07 2.0945e+07  0.69%     -   34s
     0     0 2.0945e+07    0  616 2.0801e+07 2.0945e+07  0.69%     -   36s
     0     0 2.0945e+07    0  631 2.0801e+07 2.0945e+07  0.69%     -   36s
     0     0 2.0945e+07    0  644 2.0801e+07 2.0945e+07  0.69%     -   36s
     0     0 2.0945e+07    0  643 2.0801e+07 2.0945e+07  0.69%     -   36s
     0     0 2.0945e+07    0  644 2.0801e+07 2.0945e+07  0.69%     -   37s
     0     0 2.0944e+07    0  444 2.0801e+07 2.0944e+07  0.69%     -   40s
H    0     0                    2.080379e+07 2.0944e+07  0.68%     -   43s
     0     0 2.0944e+07    0  461 2.0804e+07 2.0944e+07  0.68%     -   43s
     0     0 2.0944e+07    0  459 2.0804e+07 2.0944e+07  0.68%     -   43s
     0     0 2.0944e+07    0  461 2.0804e+07 2.0944e+07  0.68%     -   43s
     0     0 2.0944e+07    0  457 2.0804e+07 2.0944e+07  0.67%     -   46s
H    0     0                    2.080591e+07 2.0944e+07  0.66%     -   47s
     0     0 2.0944e+07    0  450 2.0806e+07 2.0944e+07  0.66%     -   47s
     0     0 2.0944e+07    0  456 2.0806e+07 2.0944e+07  0.66%     -   47s
     0     0 2.0944e+07    0  447 2.0806e+07 2.0944e+07  0.66%     -   50s
     0     0 2.0944e+07    0  456 2.0806e+07 2.0944e+07  0.66%     -   52s
     0     0 2.0944e+07    0  452 2.0806e+07 2.0944e+07  0.66%     -   52s
     0     0 2.0944e+07    0  453 2.0806e+07 2.0944e+07  0.66%     -   52s
     0     0 2.0944e+07    0  461 2.0806e+07 2.0944e+07  0.66%     -   55s
H    0     0                    2.080612e+07 2.0944e+07  0.66%     -   57s
     0     0 2.0944e+07    0  457 2.0806e+07 2.0944e+07  0.66%     -   57s
     0     0 2.0944e+07    0  456 2.0806e+07 2.0944e+07  0.66%     -   57s
     0     0 2.0944e+07    0  425 2.0806e+07 2.0944e+07  0.66%     -   59s
     0     0 2.0944e+07    0  424 2.0806e+07 2.0944e+07  0.66%     -   66s
H    0     0                    2.083538e+07 2.0944e+07  0.52%     -   75s
H    0     0                    2.083743e+07 2.0944e+07  0.51%     -   76s
H    0     0                    2.083800e+07 2.0944e+07  0.51%     -   78s
     0     2 2.0944e+07    0  423 2.0838e+07 2.0944e+07  0.51%     -   87s
    63   112 2.0944e+07    6  434 2.0838e+07 2.0944e+07  0.51%   156   90s
H  221   274                    2.083844e+07 2.0944e+07  0.51%   111   93s
   392   441 2.0944e+07   11  424 2.0838e+07 2.0944e+07  0.51%  88.4   97s
   440   491 2.0944e+07   11  430 2.0838e+07 2.0944e+07  0.51%  86.6  103s
H  441   491                    2.084589e+07 2.0944e+07  0.47%  86.4  103s
H  442   491                    2.084695e+07 2.0944e+07  0.47%  86.6  103s
H  488   491                    2.085151e+07 2.0944e+07  0.44%  84.5  103s
   490   587 2.0944e+07   12  413 2.0852e+07 2.0944e+07  0.44%  84.4  106s
H  586   796                    2.085259e+07 2.0944e+07  0.44%  80.7  109s
H  598   796                    2.086084e+07 2.0944e+07  0.40%  80.0  109s
H  616   796                    2.086111e+07 2.0944e+07  0.40%  79.1  109s
   795  1644 2.0943e+07   14  407 2.0861e+07 2.0944e+07  0.40%  72.5  112s
  1643  2408 2.0943e+07   34  397 2.0861e+07 2.0944e+07  0.40%  59.9  117s
H 1678  2408                    2.086342e+07 2.0944e+07  0.39%  59.7  117s
H 1888  2408                    2.086395e+07 2.0944e+07  0.38%  60.5  117s
H 1985  2408                    2.086625e+07 2.0944e+07  0.37%  60.0  117s
H 2384  2408                    2.086789e+07 2.0944e+07  0.36%  59.1  117s
  2407  2456 2.0943e+07   47  409 2.0868e+07 2.0944e+07  0.36%  59.3  126s
H 2427  2456                    2.088171e+07 2.0944e+07  0.30%  59.2  126s
  2455  4386 2.0942e+07   47  396 2.0882e+07 2.0944e+07  0.30%  59.4  132s
  4432  5900 2.0941e+07   71  392 2.0882e+07 2.0944e+07  0.30%  55.9  137s
H 4468  5743                    2.089014e+07 2.0944e+07  0.26%  55.9  137s
H 4490  5700                    2.089114e+07 2.0944e+07  0.25%  55.9  137s
H 5694  5696                    2.089143e+07 2.0944e+07  0.25%  52.7  137s
  6040  6877 2.0939e+07   99  369 2.0891e+07 2.0944e+07  0.25%  51.4  141s
  7605  8561 2.0934e+07  121  351 2.0891e+07 2.0944e+07  0.25%  51.2  145s
H 9777  8296                    2.090732e+07 2.0944e+07  0.17%  47.7  149s

Cutting planes:
  Gomory: 29
  Cover: 54
  Implied bound: 3786
  Clique: 2
  MIR: 672
  Flow cover: 1043
  RLT: 5
  Relax-and-lift: 282

Explored 10090 nodes (533399 simplex iterations) in 149.98 seconds (165.09 work units)
Thread count was 48 (of 192 available processors)

Solution count 10: 2.09073e+07 2.08914e+07 2.08911e+07 ... 2.08611e+07

Optimal solution found (tolerance 2.00e-03)
Best objective 2.090731830786e+07, best bound 2.094385240763e+07, gap 0.1747%
Deleted nodefile directory: /scratch-local/lbeemster.21861402/gurobi_failed_None_sub45.0_run0
Saved model snapshot to study_case_model/figures/failure_experiment/run_14426/maxh2_None/sub45.0/run0/model_snapshot.pkl
Finished successfully!
