Gurobi shell based on Python 3.13.1 can be launched with command `gurobi.sh`
Gurobi Python Interface can be loaded in Python 3.13.1 with 'import gurobipy'
/var/spool/slurm/slurmd/job22231133/slurm_script: line 24: activate: No such file or directory
Solving model: dev0.0, sub38.0, run0
Read LP format model from file /scratch-local/lbeemster.22231133/tmpion9rrpu.pyomo.lp
Reading time = 0.68 seconds
x1: 178177 rows, 50050 columns, 1021312 nonzeros
Set parameter OutputFlag to value 1
Set parameter MIPGap to value 0.002
Set parameter Threads to value 48
Set parameter Presolve to value 1
Set parameter Cuts to value 1
Set parameter NodefileStart to value 1
Set parameter NodefileDir to value "/scratch-local/lbeemster.22231133/gurobi_dev0.0_sub38.0_run0"
Set parameter MemLimit to value 60
Gurobi Optimizer version 12.0.3 build v12.0.3rc0 (linux64 - "Red Hat Enterprise Linux 9.6 (Plow)")

CPU model: AMD EPYC 9654 96-Core Processor, instruction set [SSE2|AVX|AVX2|AVX512]
Thread count: 192 physical cores, 192 logical processors, using up to 48 threads

Non-default parameters:
MemLimit  60
MIPGap  0.002
NodefileStart  1
Cuts  1
Presolve  1
Threads  48

Academic license 2514514 - for non-commercial use only - registered to l.___@student.vu.nl
Optimize a model with 178177 rows, 50050 columns and 1021312 nonzeros
Model fingerprint: 0x137e4a57
Variable types: 39426 continuous, 10624 integer (10624 binary)
Coefficient statistics:
  Matrix range     [6e-05, 1e+05]
  Objective range  [2e+00, 3e+04]
  Bounds range     [1e+00, 1e+00]
  RHS range        [3e-01, 2e+05]
Presolve removed 38073 rows and 25390 columns
Presolve time: 3.02s
Presolved: 140104 rows, 24660 columns, 900845 nonzeros
Variable types: 19180 continuous, 5480 integer (5480 binary)
Found heuristic solution: objective 1.899468e+07
Found heuristic solution: objective 1.915419e+07
Found heuristic solution: objective 1.920256e+07

Deterministic concurrent LP optimizer: primal simplex, dual simplex, and barrier
Showing barrier log only...

Root relaxation presolved: 24002 rows, 164082 columns, 924965 nonzeros

Root barrier log...

Ordering time: 0.04s

Barrier statistics:
 Free vars  : 1920
 AA' NZ     : 5.077e+05
 Factor NZ  : 1.336e+06 (roughly 90 MB of memory)
 Factor Ops : 8.961e+07 (less than 1 second per iteration)
 Threads    : 46

                  Objective                Residual
Iter       Primal          Dual         Primal    Dual     Compl     Time
   0   1.41887560e+12  3.26719811e+06  7.56e+06 4.01e+02  1.48e+08     9s
   1   1.01014151e+12 -1.76379629e+08  4.65e+06 3.18e+03  9.51e+07     9s
   2   7.75689552e+11 -1.80978200e+08  3.01e+06 2.09e+03  6.28e+07     9s
   3   5.34887847e+11 -1.49370848e+08  1.45e+06 1.39e+03  3.74e+07     9s
   4   4.18327836e+11 -1.01604182e+08  8.45e+05 8.25e+02  2.24e+07     9s
   5   3.57427724e+11 -6.26313360e+07  5.92e+05 4.49e+02  1.36e+07     9s
   6   2.60033887e+11 -4.64543509e+07  3.15e+05 3.12e+02  8.61e+06     9s
   7   1.95926024e+11 -2.56323965e+07  1.75e+05 1.63e+02  4.74e+06     9s
   8   1.31084816e+11 -1.52136061e+07  8.55e+04 1.04e+02  2.73e+06     9s
   9   9.57548953e+10 -5.61010967e+06  4.90e+04 5.80e+01  1.59e+06     9s
  10   7.09906428e+10 -2.73094170e+06  3.05e+04 4.09e+01  1.07e+06     9s
  11   4.04288497e+10 -7.96224931e+05  1.32e+04 2.31e+01  5.55e+05     9s
  12   2.60481424e+10  1.52736610e+05  6.86e+03 1.64e+01  3.41e+05     9s
  13   1.22036252e+10  1.24733463e+06  2.36e+03 5.37e+00  1.23e+05     9s
  14   7.25983961e+09  1.45730228e+06  1.18e+03 3.77e+00  7.07e+04     9s
  15   3.98187170e+09  2.26120654e+06  5.60e+02 1.59e+00  3.36e+04     9s
  16   2.32962854e+09  3.98847946e+06  2.94e+02 7.28e-01  1.78e+04     9s
  17   1.70507292e+09  5.38391642e+06  2.06e+02 4.23e-01  1.22e+04    10s
  18   1.11365413e+09  7.49168024e+06  1.27e+02 1.44e-01  7.21e+03    10s
  19   4.71167623e+08  9.20001152e+06  4.92e+01 5.23e-02  2.91e+03    10s
  20   2.04107062e+08  1.04208557e+07  1.90e+01 2.52e-02  1.20e+03    10s
  21   1.35250055e+08  1.20020900e+07  1.17e+01 1.56e-02  7.56e+02    10s
  22   9.37248780e+07  1.35586417e+07  7.27e+00 1.19e-02  4.88e+02    10s
  23   6.24663251e+07  1.77466207e+07  3.73e+00 4.76e-03  2.67e+02    10s
  24   4.23500707e+07  1.87883645e+07  1.81e+00 3.37e-03  1.40e+02    10s
  25   3.20581920e+07  1.94658352e+07  9.33e-01 1.69e-03  7.43e+01    10s
  26   2.83405501e+07  1.98924984e+07  6.16e-01 2.66e-03  4.98e+01    10s
  27   2.54880965e+07  2.02551153e+07  3.73e-01 2.10e-03  3.08e+01    10s
  28   2.39929555e+07  2.04501849e+07  2.48e-01 1.36e-03  2.08e+01    10s
  29   2.24349872e+07  2.06206610e+07  1.17e-01 7.90e-04  1.06e+01    10s
  30   2.19057299e+07  2.06901555e+07  7.53e-02 5.84e-04  7.09e+00    10s
  31   2.14770360e+07  2.07798755e+07  4.09e-02 4.18e-04  4.06e+00    10s
  32   2.13022127e+07  2.08086589e+07  2.86e-02 3.67e-04  2.87e+00    10s
  33   2.11236249e+07  2.08350347e+07  1.62e-02 3.84e-04  1.68e+00    10s

Barrier performed 33 iterations in 10.16 seconds (8.85 work units)
Barrier solve interrupted - model solved by another algorithm

Concurrent spin time: 0.49s (can be avoided by choosing Method=3)

Solved with primal simplex

Root relaxation: objective 2.092237e+07, 29523 iterations, 2.70 seconds (1.83 work units)

    Nodes    |    Current Node    |     Objective Bounds      |     Work
 Expl Unexpl |  Obj  Depth IntInf | Incumbent    BestBd   Gap | It/Node Time

     0     0 2.0922e+07    0  396 1.9203e+07 2.0922e+07  8.96%     -   13s
     0     0 2.0909e+07    0  461 1.9203e+07 2.0909e+07  8.89%     -   16s
H    0     0                    2.073791e+07 2.0909e+07  0.82%     -   17s
     0     0 2.0908e+07    0  505 2.0738e+07 2.0908e+07  0.82%     -   18s
     0     0 2.0908e+07    0  508 2.0738e+07 2.0908e+07  0.82%     -   18s
     0     0 2.0908e+07    0  519 2.0738e+07 2.0908e+07  0.82%     -   18s
     0     0 2.0908e+07    0  520 2.0738e+07 2.0908e+07  0.82%     -   18s
     0     0 2.0908e+07    0  521 2.0738e+07 2.0908e+07  0.82%     -   19s
     0     0 2.0907e+07    0  547 2.0738e+07 2.0907e+07  0.81%     -   21s
     0     0 2.0907e+07    0  557 2.0738e+07 2.0907e+07  0.81%     -   22s
     0     0 2.0907e+07    0  561 2.0738e+07 2.0907e+07  0.81%     -   22s
     0     0 2.0907e+07    0  559 2.0738e+07 2.0907e+07  0.81%     -   22s
     0     0 2.0907e+07    0  560 2.0738e+07 2.0907e+07  0.81%     -   22s
     0     0 2.0906e+07    0  540 2.0738e+07 2.0906e+07  0.81%     -   26s
H    0     0                    2.078285e+07 2.0906e+07  0.59%     -   28s
     0     0 2.0906e+07    0  568 2.0783e+07 2.0906e+07  0.59%     -   29s
     0     0 2.0906e+07    0  579 2.0783e+07 2.0906e+07  0.59%     -   29s
     0     0 2.0906e+07    0  578 2.0783e+07 2.0906e+07  0.59%     -   29s
     0     0 2.0906e+07    0  586 2.0783e+07 2.0906e+07  0.59%     -   29s
     0     0 2.0906e+07    0  557 2.0783e+07 2.0906e+07  0.59%     -   33s
     0     0 2.0906e+07    0  551 2.0783e+07 2.0906e+07  0.59%     -   35s
     0     0 2.0906e+07    0  559 2.0783e+07 2.0906e+07  0.59%     -   35s
     0     0 2.0906e+07    0  563 2.0783e+07 2.0906e+07  0.59%     -   35s
     0     0 2.0906e+07    0  571 2.0783e+07 2.0906e+07  0.59%     -   36s
     0     0 2.0905e+07    0  404 2.0783e+07 2.0905e+07  0.59%     -   39s
H    0     0                    2.078362e+07 2.0905e+07  0.59%     -   41s
     0     0 2.0905e+07    0  421 2.0784e+07 2.0905e+07  0.59%     -   42s
     0     0 2.0905e+07    0  434 2.0784e+07 2.0905e+07  0.59%     -   42s
     0     0 2.0905e+07    0  436 2.0784e+07 2.0905e+07  0.59%     -   42s
     0     0 2.0905e+07    0  435 2.0784e+07 2.0905e+07  0.59%     -   45s
H    0     0                    2.079103e+07 2.0905e+07  0.55%     -   49s
     0     0 2.0905e+07    0  442 2.0791e+07 2.0905e+07  0.55%     -   49s
     0     0 2.0905e+07    0  438 2.0791e+07 2.0905e+07  0.55%     -   49s
     0     0 2.0905e+07    0  438 2.0791e+07 2.0905e+07  0.55%     -   49s
     0     0 2.0905e+07    0  433 2.0791e+07 2.0905e+07  0.55%     -   52s
     0     0 2.0905e+07    0  431 2.0791e+07 2.0905e+07  0.55%     -   54s
     0     0 2.0905e+07    0  431 2.0791e+07 2.0905e+07  0.55%     -   55s
     0     0 2.0905e+07    0  433 2.0791e+07 2.0905e+07  0.55%     -   55s
     0     0 2.0905e+07    0  428 2.0791e+07 2.0905e+07  0.55%     -   57s
     0     0 2.0905e+07    0  434 2.0791e+07 2.0905e+07  0.55%     -   59s
     0     0 2.0905e+07    0  440 2.0791e+07 2.0905e+07  0.55%     -   59s
     0     0 2.0905e+07    0  403 2.0791e+07 2.0905e+07  0.55%     -   61s
     0     0 2.0905e+07    0  403 2.0791e+07 2.0905e+07  0.55%     -   67s
H    0     0                    2.079188e+07 2.0905e+07  0.54%     -   72s
H    0     0                    2.079653e+07 2.0905e+07  0.52%     -   76s
H    0     0                    2.080314e+07 2.0905e+07  0.49%     -   83s
H    0     0                    2.080968e+07 2.0905e+07  0.46%     -   83s
H    0     0                    2.080969e+07 2.0905e+07  0.46%     -   83s
     0     2 2.0905e+07    0  403 2.0810e+07 2.0905e+07  0.46%     -   85s
    63   112 2.0905e+07    6  422 2.0810e+07 2.0905e+07  0.46%  94.8   91s
H   68   112                    2.081133e+07 2.0905e+07  0.45%  89.9   91s
H   73   112                    2.081391e+07 2.0905e+07  0.44%  86.5   91s
   733   801 2.0904e+07   15  408 2.0814e+07 2.0905e+07  0.44%  64.9   97s
H  756   801                    2.081509e+07 2.0905e+07  0.43%  64.1   97s
H  770   801                    2.081857e+07 2.0905e+07  0.42%  64.6   97s
  1119  1465 2.0904e+07   24  400 2.0819e+07 2.0905e+07  0.42%  61.9  100s
  1847  1953 2.0904e+07   34  398 2.0819e+07 2.0905e+07  0.42%  61.7  105s
  1952  2001 2.0903e+07   38  396 2.0819e+07 2.0905e+07  0.42%  60.6  110s
H 1959  2001                    2.082021e+07 2.0905e+07  0.41%  60.5  110s
H 1975  2001                    2.082579e+07 2.0905e+07  0.38%  60.4  110s
  2585  3538 2.0903e+07   53  399 2.0826e+07 2.0905e+07  0.38%  54.3  115s
H 3540  3586                    2.082582e+07 2.0905e+07  0.38%  53.6  120s
H 3543  3586                    2.082600e+07 2.0905e+07  0.38%  53.6  120s
H 3544  3586                    2.082637e+07 2.0905e+07  0.38%  53.5  120s
H 3548  3582                    2.082747e+07 2.0905e+07  0.37%  53.5  120s
H 3549  3582                    2.082909e+07 2.0905e+07  0.36%  53.5  121s
H 3550  3581                    2.083039e+07 2.0905e+07  0.36%  53.6  121s
H 3557  3578                    2.083187e+07 2.0905e+07  0.35%  53.6  121s
  4695  5485 2.0900e+07   83  367 2.0832e+07 2.0905e+07  0.35%  50.9  125s
  6471  6345 2.0898e+07  107  353 2.0832e+07 2.0905e+07  0.35%  48.3  130s
H 6539  6126                    2.084052e+07 2.0905e+07  0.31%  48.5  135s
H 6559  6089                    2.084200e+07 2.0905e+07  0.30%  48.5  135s
  8236  8301 2.0895e+07  128  335 2.0842e+07 2.0905e+07  0.30%  46.9  142s
  9849  9739 2.0892e+07  152  315 2.0842e+07 2.0905e+07  0.30%  45.3  146s
H 9965  9633                    2.084306e+07 2.0905e+07  0.30%  45.5  146s
H10096  9560                    2.084412e+07 2.0905e+07  0.29%  45.3  146s
 11277 11157 2.0891e+07  172  305 2.0844e+07 2.0905e+07  0.29%  43.9  150s
 12485 12424 2.0891e+07  191  292 2.0844e+07 2.0905e+07  0.29%  43.8  155s
 15308 14567 2.0888e+07  221  256 2.0844e+07 2.0905e+07  0.29%  42.1  160s
H15319 14567                    2.084413e+07 2.0905e+07  0.29%  42.1  160s
H15324 13154                    2.085087e+07 2.0905e+07  0.26%  42.1  160s
 16644 14094 2.0887e+07  253  242 2.0851e+07 2.0905e+07  0.26%  41.3  165s
H16712 14093                    2.085087e+07 2.0905e+07  0.26%  41.3  165s
H16732 14033                    2.085114e+07 2.0905e+07  0.26%  41.3  165s
H17840 13631                    2.085965e+07 2.0905e+07  0.22%  41.3  188s
H17840 13518                    2.086081e+07 2.0905e+07  0.21%  41.3  191s
 17841 13489 2.0877e+07   93  403 2.0861e+07 2.0905e+07  0.21%  41.3  218s
H17842 12815                    2.086235e+07 2.0905e+07  0.20%  41.3  369s
H17842 12174                    2.086306e+07 2.0905e+07  0.20%  41.3  369s
H17842 11565                    2.086640e+07 2.0905e+07  0.18%  41.3  369s
H17842 10987                    2.086726e+07 2.0905e+07  0.18%  41.3  369s
H17842 10438                    2.086857e+07 2.0904e+07  0.17%  41.3  369s

Cutting planes:
  Gomory: 18
  Cover: 6
  Implied bound: 176
  MIR: 545
  Flow cover: 465
  RLT: 2
  Relax-and-lift: 276

Explored 17842 nodes (828111 simplex iterations) in 370.31 seconds (383.64 work units)
Thread count was 48 (of 192 available processors)

Solution count 10: 2.08686e+07 2.08686e+07 2.08673e+07 ... 2.08441e+07

Optimal solution found (tolerance 2.00e-03)
Best objective 2.086856746251e+07, best bound 2.090385628744e+07, gap 0.1691%
Deleted nodefile directory: /scratch-local/lbeemster.22231133/gurobi_dev0.0_sub38.0_run0
Saved model snapshot to study_case_model/figures/subsidy_experiment/run_24426/dev0.0/sub38.0/run0/model_snapshot.pkl
Finished successfully!
