Gurobi shell based on Python 3.13.1 can be launched with command `gurobi.sh`
Gurobi Python Interface can be loaded in Python 3.13.1 with 'import gurobipy'
/var/spool/slurm/slurmd/job22233761/slurm_script: line 24: activate: No such file or directory
Solving model: dev0.1, sub36.0, run1
Read LP format model from file /scratch-local/lbeemster.22233761/tmp9_klfcbc.pyomo.lp
Reading time = 0.54 seconds
x1: 178177 rows, 50050 columns, 1021312 nonzeros
Set parameter OutputFlag to value 1
Set parameter MIPGap to value 0.002
Set parameter Threads to value 48
Set parameter Presolve to value 1
Set parameter Cuts to value 1
Set parameter NodefileStart to value 1
Set parameter NodefileDir to value "/scratch-local/lbeemster.22233761/gurobi_dev0.1_sub36.0_run1"
Set parameter MemLimit to value 60
Gurobi Optimizer version 12.0.3 build v12.0.3rc0 (linux64 - "Red Hat Enterprise Linux 9.6 (Plow)")

CPU model: AMD EPYC 9654 96-Core Processor, instruction set [SSE2|AVX|AVX2|AVX512]
Thread count: 192 physical cores, 192 logical processors, using up to 48 threads

Non-default parameters:
MemLimit  60
MIPGap  0.002
NodefileStart  1
Cuts  1
Presolve  1
Threads  48

Academic license 2514514 - for non-commercial use only - registered to l.___@student.vu.nl
Optimize a model with 178177 rows, 50050 columns and 1021312 nonzeros
Model fingerprint: 0xf85ceda5
Variable types: 39426 continuous, 10624 integer (10624 binary)
Coefficient statistics:
  Matrix range     [6e-05, 1e+05]
  Objective range  [9e-01, 3e+04]
  Bounds range     [1e+00, 1e+00]
  RHS range        [3e-01, 2e+05]
Presolve removed 34328 rows and 21942 columns
Presolve time: 2.87s
Presolved: 143849 rows, 28108 columns, 845177 nonzeros
Variable types: 22420 continuous, 5688 integer (5688 binary)

Deterministic concurrent LP optimizer: primal simplex, dual simplex, and barrier
Showing barrier log only...

Root relaxation presolved: 26119 rows, 169912 columns, 873054 nonzeros

Root barrier log...

Ordering time: 0.05s

Barrier statistics:
 Dense cols : 36
 Free vars  : 2112
 AA' NZ     : 5.774e+05
 Factor NZ  : 1.582e+06 (roughly 100 MB of memory)
 Factor Ops : 1.159e+08 (less than 1 second per iteration)
 Threads    : 45

                  Objective                Residual
Iter       Primal          Dual         Primal    Dual     Compl     Time
   0   1.52996980e+12  1.06326768e+06  7.89e+06 3.17e+02  1.43e+08     5s
   1   1.16413745e+12 -2.02126388e+08  5.23e+06 2.84e+03  9.16e+07     5s
   2   8.23678536e+11 -1.94810638e+08  2.97e+06 2.17e+03  6.18e+07     5s
   3   6.56800044e+11 -1.61129319e+08  1.90e+06 1.52e+03  4.23e+07     5s
   4   4.73033799e+11 -1.31865350e+08  8.62e+05 1.10e+03  2.65e+07     5s
   5   3.84065887e+11 -9.10861400e+07  5.32e+05 6.89e+02  1.68e+07     5s
   6   3.04129690e+11 -5.36207616e+07  3.16e+05 3.84e+02  9.74e+06     5s
   7   2.28073964e+11 -2.97735796e+07  1.84e+05 2.09e+02  5.56e+06     5s
   8   1.85892594e+11 -2.57253259e+07  1.31e+05 1.81e+02  4.47e+06     5s
   9   1.72995292e+11 -2.33911749e+07  1.19e+05 1.62e+02  4.03e+06     5s
  10   1.48990992e+11 -1.92010453e+07  9.29e+04 1.32e+02  3.24e+06     5s
  11   1.12626085e+11 -1.30401224e+07  6.08e+04 8.67e+01  2.15e+06     5s
  12   9.43800726e+10 -7.50887661e+06  4.62e+04 4.93e+01  1.42e+06     5s
  13   5.42844259e+10 -4.13974055e+06  1.83e+04 3.10e+01  7.58e+05     5s
  14   3.29198169e+10 -7.97351980e+05  8.24e+03 1.25e+01  3.47e+05     5s
  15   1.03413426e+10  9.16756237e+05  1.51e+03 4.21e+00  9.45e+04     5s
  16   5.06769864e+09  1.82935410e+06  6.22e+02 1.68e+00  4.05e+04     5s
  17   3.45546771e+09  3.51504353e+06  3.96e+02 6.26e-01  2.35e+04     5s
  18   2.45190178e+09  4.03765541e+06  2.73e+02 4.25e-01  1.63e+04     6s
  19   1.77871050e+09  4.71443954e+06  1.92e+02 2.88e-01  1.15e+04     6s
  20   9.90825005e+08  6.62555750e+06  1.01e+02 1.05e-01  6.05e+03     6s
  21   4.65165292e+08  8.03491900e+06  4.48e+01 5.19e-02  2.76e+03     6s
  22   2.39566907e+08  1.02236662e+07  2.07e+01 2.46e-02  1.36e+03     6s
  23   2.01691365e+08  1.09491708e+07  1.68e+01 1.95e-02  1.12e+03     6s
  24   1.26472258e+08  1.53400686e+07  9.51e+00 7.53e-03  6.43e+02     6s
  25   8.52114505e+07  1.65994299e+07  5.56e+00 5.85e-03  3.94e+02     6s
  26   5.92937792e+07  1.74682169e+07  3.16e+00 4.87e-03  2.39e+02     6s
  27   4.79477505e+07  1.91548034e+07  2.12e+00 3.21e-03  1.64e+02     6s
  28   3.55464695e+07  1.95087259e+07  1.08e+00 1.84e-03  9.05e+01     6s
  29   2.72966681e+07  2.05295733e+07  3.96e-01 1.16e-03  3.78e+01     6s
  30   2.46930256e+07  2.08394172e+07  2.02e-01 9.66e-04  2.14e+01     6s
  31   2.33565310e+07  2.09701186e+07  1.18e-01 7.90e-04  1.32e+01     6s
  32   2.26254880e+07  2.10832509e+07  7.21e-02 6.89e-04  8.52e+00     6s
  33   2.22463587e+07  2.11705080e+07  4.92e-02 5.61e-04  5.94e+00     6s
  34   2.19514988e+07  2.12284868e+07  3.12e-02 4.39e-04  3.98e+00     6s
  35   2.17078710e+07  2.12704086e+07  1.70e-02 3.27e-04  2.40e+00     6s
  36   2.15728166e+07  2.13280332e+07  9.37e-03 3.47e-04  1.34e+00     6s
  37   2.15140073e+07  2.13467490e+07  5.85e-03 3.31e-04  9.13e-01     6s
  38   2.14889825e+07  2.13765477e+07  4.03e-03 2.39e-04  6.12e-01     6s
  39   2.14647681e+07  2.13940486e+07  2.59e-03 2.39e-04  3.84e-01     6s
  40   2.14459303e+07  2.14040608e+07  1.43e-03 2.08e-04  2.27e-01     6s
  41   2.14390435e+07  2.14102779e+07  1.02e-03 1.61e-04  1.56e-01     7s
  42   2.14325925e+07  2.14152415e+07  6.57e-04 1.13e-04  9.38e-02     7s
  43   2.14285671e+07  2.14170942e+07  4.45e-04 8.60e-05  6.20e-02     7s
  44   2.14257536e+07  2.14182374e+07  3.04e-04 1.18e-04  4.06e-02     7s
  45   2.14229300e+07  2.14185874e+07  1.68e-04 1.24e-04  2.35e-02     7s
  46   2.14211791e+07  2.14188684e+07  8.67e-05 7.19e-05  1.25e-02     7s
  47   2.14197796e+07  2.14190574e+07  2.49e-05 2.68e-05  3.90e-03     7s
  48   2.14194598e+07  2.14191137e+07  1.19e-05 8.55e-06  1.87e-03     7s

Barrier performed 48 iterations in 6.86 seconds (6.14 work units)
Barrier solve interrupted - model solved by another algorithm

Concurrent spin time: 0.77s (can be avoided by choosing Method=3)

Solved with primal simplex

Root relaxation: objective 2.141914e+07, 36816 iterations, 3.41 seconds (2.71 work units)

    Nodes    |    Current Node    |     Objective Bounds      |     Work
 Expl Unexpl |  Obj  Depth IntInf | Incumbent    BestBd   Gap | It/Node Time

     0     0 2.1419e+07    0  437          - 2.1419e+07      -     -    9s
H    0     0                    2.090132e+07 2.1419e+07  2.48%     -   11s
H    0     0                    2.090172e+07 2.1413e+07  2.45%     -   16s
     0     0 2.1413e+07    0  638 2.0902e+07 2.1413e+07  2.45%     -   17s
H    0     0                    2.107565e+07 2.1413e+07  1.60%     -   18s
     0     0 2.1410e+07    0  679 2.1076e+07 2.1410e+07  1.59%     -   20s
     0     0 2.1408e+07    0  692 2.1076e+07 2.1408e+07  1.58%     -   21s
     0     0 2.1408e+07    0  701 2.1076e+07 2.1408e+07  1.58%     -   22s
     0     0 2.1404e+07    0  752 2.1076e+07 2.1404e+07  1.56%     -   26s
     0     0 2.1403e+07    0  784 2.1076e+07 2.1403e+07  1.55%     -   34s
     0     0 2.1403e+07    0  818 2.1076e+07 2.1403e+07  1.55%     -   35s
     0     0 2.1403e+07    0  833 2.1076e+07 2.1403e+07  1.55%     -   36s
     0     0 2.1403e+07    0  831 2.1076e+07 2.1403e+07  1.55%     -   36s
     0     0 2.1403e+07    0  832 2.1076e+07 2.1403e+07  1.55%     -   36s
H    0     0                    2.113951e+07 2.1403e+07  1.25%     -   40s
     0     0 2.1402e+07    0  771 2.1140e+07 2.1402e+07  1.24%     -   42s
H    0     0                    2.118423e+07 2.1402e+07  1.03%     -   44s
     0     0 2.1402e+07    0  777 2.1184e+07 2.1402e+07  1.03%     -   44s
     0     0 2.1401e+07    0  812 2.1184e+07 2.1401e+07  1.02%     -   46s
     0     0 2.1401e+07    0  857 2.1184e+07 2.1401e+07  1.02%     -   46s
     0     0 2.1401e+07    0  857 2.1184e+07 2.1401e+07  1.02%     -   47s
     0     0 2.1401e+07    0  859 2.1184e+07 2.1401e+07  1.02%     -   47s
     0     0 2.1401e+07    0  858 2.1184e+07 2.1401e+07  1.02%     -   47s
H    0     0                    2.118430e+07 2.1401e+07  1.02%     -   52s
     0     0 2.1400e+07    0  876 2.1184e+07 2.1400e+07  1.02%     -   54s
H    0     0                    2.118454e+07 2.1400e+07  1.02%     -   58s
H    0     0                    2.119490e+07 2.1400e+07  0.97%     -   60s
H    0     0                    2.121900e+07 2.1400e+07  0.85%     -   60s
     0     0 2.1400e+07    0  842 2.1219e+07 2.1400e+07  0.85%     -   60s
     0     0 2.1399e+07    0  862 2.1219e+07 2.1399e+07  0.85%     -   61s
     0     0 2.1399e+07    0  861 2.1219e+07 2.1399e+07  0.85%     -   61s
     0     0 2.1399e+07    0  871 2.1219e+07 2.1399e+07  0.85%     -   62s
     0     0 2.1399e+07    0  886 2.1219e+07 2.1399e+07  0.85%     -   62s
H    0     0                    2.121998e+07 2.1399e+07  0.85%     -   69s
H    0     0                    2.125758e+07 2.1399e+07  0.67%     -   69s
H    0     0                    2.126056e+07 2.1399e+07  0.65%     -   73s
     0     0 2.1399e+07    0  657 2.1261e+07 2.1399e+07  0.65%     -   73s
H    0     0                    2.126251e+07 2.1399e+07  0.64%     -   75s
     0     0 2.1398e+07    0  666 2.1263e+07 2.1398e+07  0.64%     -   76s
     0     0 2.1398e+07    0  673 2.1263e+07 2.1398e+07  0.64%     -   76s
     0     0 2.1398e+07    0  676 2.1263e+07 2.1398e+07  0.64%     -   77s
     0     0 2.1398e+07    0  676 2.1263e+07 2.1398e+07  0.64%     -   77s
     0     0 2.1398e+07    0  669 2.1263e+07 2.1398e+07  0.64%     -   80s
H    0     0                    2.126294e+07 2.1398e+07  0.64%     -   85s
H    0     0                    2.126681e+07 2.1398e+07  0.62%     -   86s
     0     0 2.1398e+07    0  656 2.1267e+07 2.1398e+07  0.62%     -   86s
     0     0 2.1398e+07    0  661 2.1267e+07 2.1398e+07  0.62%     -   86s
     0     0 2.1398e+07    0  681 2.1267e+07 2.1398e+07  0.62%     -   87s
     0     0 2.1398e+07    0  673 2.1267e+07 2.1398e+07  0.62%     -   87s
     0     0 2.1398e+07    0  649 2.1267e+07 2.1398e+07  0.62%     -   90s
H    0     0                    2.130085e+07 2.1398e+07  0.46%     -   92s
     0     0 2.1398e+07    0  636 2.1301e+07 2.1398e+07  0.46%     -   93s
     0     0 2.1398e+07    0  637 2.1301e+07 2.1398e+07  0.46%     -   93s
     0     0 2.1398e+07    0  646 2.1301e+07 2.1398e+07  0.46%     -   93s
     0     0 2.1398e+07    0  607 2.1301e+07 2.1398e+07  0.45%     -   96s
     0     0 2.1398e+07    0  608 2.1301e+07 2.1398e+07  0.45%     -   97s
     0     0 2.1398e+07    0  612 2.1301e+07 2.1398e+07  0.45%     -   98s
     0     0 2.1398e+07    0  582 2.1301e+07 2.1398e+07  0.45%     -  100s
H    0     0                    2.130145e+07 2.1398e+07  0.45%     -  102s
     0     0 2.1398e+07    0  568 2.1301e+07 2.1398e+07  0.45%     -  102s
     0     0 2.1398e+07    0  569 2.1301e+07 2.1398e+07  0.45%     -  103s
     0     0 2.1398e+07    0  572 2.1301e+07 2.1398e+07  0.45%     -  103s
     0     0 2.1398e+07    0  572 2.1301e+07 2.1398e+07  0.45%     -  103s
     0     0 2.1398e+07    0  583 2.1301e+07 2.1398e+07  0.45%     -  106s
     0     0 2.1398e+07    0  581 2.1301e+07 2.1398e+07  0.45%     -  114s
H    0     0                    2.130145e+07 2.1398e+07  0.45%     -  130s
H    0     0                    2.130147e+07 2.1398e+07  0.45%     -  131s
H    0     0                    2.130150e+07 2.1398e+07  0.45%     -  131s
H    0     0                    2.130153e+07 2.1398e+07  0.45%     -  131s
H    0     0                    2.130155e+07 2.1398e+07  0.45%     -  131s
H    0     0                    2.130157e+07 2.1398e+07  0.45%     -  131s
H    0     0                    2.130160e+07 2.1398e+07  0.45%     -  131s
H    0     0                    2.130160e+07 2.1398e+07  0.45%     -  132s
     0     2 2.1398e+07    0  580 2.1302e+07 2.1398e+07  0.45%     -  135s
    31    64 2.1397e+07    5  588 2.1302e+07 2.1397e+07  0.45%   413  141s
    63   112 2.1397e+07    6  588 2.1302e+07 2.1397e+07  0.45%   394  145s
H   69   112                    2.130171e+07 2.1397e+07  0.45%   366  145s
H   73   112                    2.130243e+07 2.1397e+07  0.44%   353  145s
   342   441 2.1395e+07   12  582 2.1302e+07 2.1397e+07  0.44%   153  150s
H  358   441                    2.130322e+07 2.1397e+07  0.44%   152  150s
H  393   441                    2.130581e+07 2.1397e+07  0.43%   151  150s
   848   887 2.1395e+07   18  580 2.1306e+07 2.1397e+07  0.43%   119  155s
   896   936 2.1395e+07   19  580 2.1306e+07 2.1397e+07  0.43%   116  161s
   994  1031 2.1394e+07   21  581 2.1306e+07 2.1397e+07  0.43%   111  165s
H  996  1031                    2.132491e+07 2.1397e+07  0.34%   111  165s
  1607  1714 2.1381e+07   30  606 2.1325e+07 2.1397e+07  0.34%  98.7  170s
  2117  2150 2.1391e+07   34  569 2.1325e+07 2.1397e+07  0.34%  95.6  175s
H 2165  2202                    2.133617e+07 2.1397e+07  0.28%  95.2  178s
  2383  2622 2.1390e+07   36  560 2.1336e+07 2.1397e+07  0.28%  92.8  180s
  2945  2969 2.1390e+07   41  544 2.1336e+07 2.1397e+07  0.28%  87.6  185s
H 2994  3017                    2.133619e+07 2.1397e+07  0.28%  87.4  192s
H 3016  3017                    2.133620e+07 2.1397e+07  0.28%  87.5  192s
H 3022  3017                    2.133697e+07 2.1397e+07  0.28%  87.4  192s
  3691  4012 2.1389e+07   58  533 2.1337e+07 2.1397e+07  0.28%  82.2  195s
  5070  5300 2.1388e+07   78  507 2.1337e+07 2.1397e+07  0.28%  76.6  200s
  6053  6392 2.1385e+07   96  502 2.1337e+07 2.1397e+07  0.28%  79.4  205s
  7575  7784 2.1383e+07  123  507 2.1337e+07 2.1397e+07  0.28%  74.5  210s
  8579  8895 2.1374e+07  137  489 2.1337e+07 2.1397e+07  0.28%  73.2  216s
  9514  9781 2.1374e+07  150  466 2.1337e+07 2.1397e+07  0.28%  72.5  221s
Created node file directory '/scratch-local/lbeemster.22233761/gurobi_dev0.1_sub36.0_run1/grbnodes0'
 10602 10901 2.1371e+07  167  441 2.1337e+07 2.1396e+07  0.28%  72.5  226s
 11785 11587 2.1371e+07  193  423 2.1337e+07 2.1396e+07  0.28%  72.1  233s
H11798 11587                    2.133697e+07 2.1396e+07  0.28%  72.1  233s
H11868 11587                    2.133699e+07 2.1396e+07  0.28%  72.1  233s
 11881 12175 2.1370e+07  194  424 2.1337e+07 2.1396e+07  0.28%  72.2  235s
 13231 13627 2.1368e+07  216  421 2.1337e+07 2.1396e+07  0.28%  71.2  241s
 14601 14945 2.1365e+07  250  401 2.1337e+07 2.1396e+07  0.28%  69.7  248s
 15395 15580 2.1357e+07  262  390 2.1337e+07 2.1396e+07  0.28%  69.0  252s
 16051 16218 2.1363e+07  266  394 2.1337e+07 2.1396e+07  0.28%  69.6  255s
 16716 16438 2.1362e+07  282  386 2.1337e+07 2.1396e+07  0.28%  70.4  260s
 17719 17173 2.1388e+07   26  581 2.1337e+07 2.1396e+07  0.28%  70.7  401s
H17720 16315                    2.133820e+07 2.1396e+07  0.27%  70.7  517s
H17720 15499                    2.133825e+07 2.1396e+07  0.27%  70.7  517s
H17720 14724                    2.133883e+07 2.1396e+07  0.27%  70.7  517s
H17720 13988                    2.133915e+07 2.1396e+07  0.27%  70.7  517s
H17720 13288                    2.133997e+07 2.1396e+07  0.26%  70.7  517s
H17720 12624                    2.134051e+07 2.1396e+07  0.26%  70.7  517s
H17720 11993                    2.134283e+07 2.1396e+07  0.25%  70.7  517s
 17722 11994 2.1386e+07   25  522 2.1343e+07 2.1396e+07  0.25%  70.7  527s
 17724 11995 2.1383e+07   35  491 2.1343e+07 2.1396e+07  0.25%  70.7  530s
 17729 11999 2.1390e+07   24  477 2.1343e+07 2.1396e+07  0.25%  70.7  537s
 17733 12001 2.1389e+07   19  454 2.1343e+07 2.1396e+07  0.25%  70.6  540s
H17734 11401                    2.134295e+07 2.1395e+07  0.24%  70.6  597s
H17734 10831                    2.134332e+07 2.1395e+07  0.24%  70.6  597s
 17736 10832 2.1369e+07  236  436 2.1343e+07 2.1395e+07  0.24%  70.6  600s
H17738 10292                    2.134657e+07 2.1395e+07  0.23%  70.6  670s
H17741  9779                    2.134837e+07 2.1395e+07  0.22%  70.6  674s
H17741  9290                    2.134848e+07 2.1395e+07  0.22%  70.6  737s
H17741  8825                    2.134848e+07 2.1395e+07  0.22%  70.6  737s
H17741  8383                    2.135111e+07 2.1395e+07  0.20%  70.6  737s
H17741  7964                    2.135228e+07 2.1395e+07  0.20%  70.6  737s
H17741  7565                    2.135232e+07 2.1395e+07  0.20%  70.6  737s
H17741  7186                    2.135567e+07 2.1395e+07  0.18%  70.6  738s
H17741  6827                    2.135610e+07 2.1395e+07  0.18%  70.6  738s
H17741  6485                    2.135794e+07 2.1395e+07  0.17%  70.6  738s
H17741  6160                    2.135927e+07 2.1395e+07  0.17%  70.6  738s
H17741  5852                    2.135966e+07 2.1395e+07  0.16%  70.6  738s

Cutting planes:
  Learned: 1
  Gomory: 21
  Implied bound: 409
  MIR: 1193
  Flow cover: 1364
  RLT: 40
  Relax-and-lift: 813
  BQP: 1

Explored 17741 nodes (1408817 simplex iterations) in 738.26 seconds (853.92 work units)
Thread count was 48 (of 192 available processors)

Solution count 10: 2.13597e+07 2.13597e+07 2.13593e+07 ... 2.13485e+07

Optimal solution found (tolerance 2.00e-03)
Best objective 2.135965637125e+07, best bound 2.139466870057e+07, gap 0.1639%
Deleted nodefile directory: /scratch-local/lbeemster.22233761/gurobi_dev0.1_sub36.0_run1
Saved model snapshot to study_case_model/figures/subsidy_experiment/run_24426/dev0.1/sub36.0/run1/model_snapshot.pkl
Finished successfully!
