Gurobi shell based on Python 3.13.1 can be launched with command `gurobi.sh`
Gurobi Python Interface can be loaded in Python 3.13.1 with 'import gurobipy'
/var/spool/slurm/slurmd/job22237278/slurm_script: line 24: activate: No such file or directory
Solving model: dev0.2, sub34.0, run3
Read LP format model from file /scratch-local/lbeemster.22237278/tmp8z3zkj23.pyomo.lp
Reading time = 0.54 seconds
x1: 178177 rows, 50050 columns, 1021312 nonzeros
Set parameter OutputFlag to value 1
Set parameter MIPGap to value 0.002
Set parameter Threads to value 48
Set parameter Presolve to value 1
Set parameter Cuts to value 1
Set parameter NodefileStart to value 1
Set parameter NodefileDir to value "/scratch-local/lbeemster.22237278/gurobi_dev0.2_sub34.0_run3"
Set parameter MemLimit to value 60
Gurobi Optimizer version 12.0.3 build v12.0.3rc0 (linux64 - "Red Hat Enterprise Linux 9.6 (Plow)")

CPU model: AMD EPYC 9654 96-Core Processor, instruction set [SSE2|AVX|AVX2|AVX512]
Thread count: 192 physical cores, 192 logical processors, using up to 48 threads

Non-default parameters:
MemLimit  60
MIPGap  0.002
NodefileStart  1
Cuts  1
Presolve  1
Threads  48

Academic license 2514514 - for non-commercial use only - registered to l.___@student.vu.nl
Optimize a model with 178177 rows, 50050 columns and 1021312 nonzeros
Model fingerprint: 0xe2e08cc2
Variable types: 39426 continuous, 10624 integer (10624 binary)
Coefficient statistics:
  Matrix range     [6e-05, 1e+05]
  Objective range  [2e+00, 3e+04]
  Bounds range     [1e+00, 1e+00]
  RHS range        [3e-01, 2e+05]
Presolve removed 33568 rows and 21526 columns
Presolve time: 2.78s
Presolved: 144609 rows, 28524 columns, 858606 nonzeros
Variable types: 22732 continuous, 5792 integer (5792 binary)

Deterministic concurrent LP optimizer: primal simplex, dual simplex, and barrier
Showing barrier log only...

Root relaxation presolved: 26582 rows, 171175 columns, 887002 nonzeros

Root barrier log...

Ordering time: 0.05s

Barrier statistics:
 Dense cols : 36
 Free vars  : 2112
 AA' NZ     : 5.863e+05
 Factor NZ  : 1.633e+06 (roughly 100 MB of memory)
 Factor Ops : 1.208e+08 (less than 1 second per iteration)
 Threads    : 45

                  Objective                Residual
Iter       Primal          Dual         Primal    Dual     Compl     Time
   0   1.54418926e+12  7.53665259e+05  7.88e+06 3.10e+02  1.42e+08     5s
   1   1.16438747e+12 -1.89290986e+08  5.17e+06 2.81e+03  9.03e+07     5s
   2   8.50609124e+11 -1.70619441e+08  3.10e+06 1.92e+03  5.86e+07     5s
   3   5.82533638e+11 -1.18699952e+08  1.40e+06 1.28e+03  3.45e+07     5s
   4   4.42191811e+11 -8.62457119e+07  7.55e+05 8.29e+02  2.14e+07     5s
   5   3.58379385e+11 -5.68511374e+07  4.95e+05 4.76e+02  1.30e+07     5s
   6   2.75239390e+11 -3.97706595e+07  2.94e+05 3.07e+02  8.28e+06     5s
   7   2.15541543e+11 -2.60752791e+07  1.90e+05 1.98e+02  5.39e+06     5s
   8   1.88442994e+11 -2.48802061e+07  1.59e+05 1.89e+02  4.92e+06     5s
   9   1.61792077e+11 -1.69714538e+07  1.21e+05 1.23e+02  3.44e+06     5s
  10   1.23468187e+11 -1.15829013e+07  8.10e+04 8.04e+01  2.29e+06     5s
  11   9.70079631e+10 -6.17330214e+06  5.56e+04 4.15e+01  1.39e+06     5s
  12   5.68463566e+10 -1.99858024e+06  2.25e+04 1.83e+01  6.40e+05     5s
  13   2.50931381e+10  2.53808239e+05  6.45e+03 5.62e+00  2.19e+05     5s
  14   1.43826378e+10  9.94701127e+05  3.27e+03 2.54e+00  1.13e+05     5s
  15   7.85847895e+09  1.54863427e+06  1.64e+03 1.01e+00  5.63e+04     5s
  16   5.30861506e+09  2.43094806e+06  1.07e+03 4.95e-01  3.55e+04     5s
  17   3.41731859e+09  2.82756586e+06  6.70e+02 3.58e-01  2.27e+04     5s
  18   2.24676522e+09  3.26318766e+06  4.31e+02 2.75e-01  1.49e+04     5s
  19   1.25002853e+09  4.35961297e+06  2.28e+02 1.21e-01  7.99e+03     6s
  20   5.88920136e+08  6.89993717e+06  9.76e+01 2.15e-02  3.54e+03     6s
  21   2.55321089e+08  8.59338448e+06  3.79e+01 1.45e-02  1.48e+03     6s
  22   1.62730465e+08  1.01945843e+07  2.21e+01 9.40e-03  9.03e+02     6s
  23   1.16747100e+08  1.27447035e+07  1.47e+01 4.90e-03  6.12e+02     6s
  24   9.04674596e+07  1.55733155e+07  1.03e+01 6.94e-03  4.39e+02     6s
  25   8.04694819e+07  1.74240076e+07  8.72e+00 5.80e-03  3.69e+02     6s
  26   7.16428937e+07  1.83624309e+07  7.35e+00 4.31e-03  3.12e+02     6s
  27   5.42585945e+07  1.95562707e+07  4.65e+00 2.97e-03  2.02e+02     6s
  28   3.86132746e+07  1.96527681e+07  2.39e+00 2.19e-03  1.10e+02     6s
  29   3.02030886e+07  2.04220423e+07  1.15e+00 1.73e-03  5.63e+01     6s
  30   2.76675698e+07  2.08590620e+07  7.83e-01 1.04e-03  3.91e+01     6s
  31   2.53513218e+07  2.10386142e+07  4.81e-01 8.66e-04  2.47e+01     6s

Barrier performed 31 iterations in 5.93 seconds (5.44 work units)
Barrier solve interrupted - model solved by another algorithm

Concurrent spin time: 0.51s (can be avoided by choosing Method=3)

Solved with primal simplex

Root relaxation: objective 2.154616e+07, 32767 iterations, 2.49 seconds (2.03 work units)

    Nodes    |    Current Node    |     Objective Bounds      |     Work
 Expl Unexpl |  Obj  Depth IntInf | Incumbent    BestBd   Gap | It/Node Time

     0     0 2.1546e+07    0  483          - 2.1546e+07      -     -    8s
     0     0 2.1544e+07    0  535          - 2.1544e+07      -     -   12s
H    0     0                    2.106962e+07 2.1543e+07  2.25%     -   13s
     0     0 2.1543e+07    0  600 2.1070e+07 2.1543e+07  2.25%     -   14s
     0     0 2.1543e+07    0  592 2.1070e+07 2.1543e+07  2.25%     -   15s
     0     0 2.1543e+07    0  597 2.1070e+07 2.1543e+07  2.24%     -   15s
     0     0 2.1543e+07    0  597 2.1070e+07 2.1543e+07  2.24%     -   15s
     0     0 2.1541e+07    0  686 2.1070e+07 2.1541e+07  2.24%     -   18s
     0     0 2.1540e+07    0  733 2.1070e+07 2.1540e+07  2.23%     -   21s
     0     0 2.1540e+07    0  740 2.1070e+07 2.1540e+07  2.23%     -   22s
     0     0 2.1540e+07    0  744 2.1070e+07 2.1540e+07  2.23%     -   22s
     0     0 2.1540e+07    0  749 2.1070e+07 2.1540e+07  2.23%     -   22s
     0     0 2.1538e+07    0  714 2.1070e+07 2.1538e+07  2.22%     -   27s
H    0     0                    2.117717e+07 2.1538e+07  1.70%     -   29s
     0     0 2.1537e+07    0  701 2.1177e+07 2.1537e+07  1.70%     -   30s
     0     0 2.1536e+07    0  712 2.1177e+07 2.1536e+07  1.69%     -   30s
     0     0 2.1536e+07    0  709 2.1177e+07 2.1536e+07  1.69%     -   31s
     0     0 2.1536e+07    0  708 2.1177e+07 2.1536e+07  1.69%     -   31s
     0     0 2.1535e+07    0  655 2.1177e+07 2.1535e+07  1.69%     -   36s
     0     0 2.1534e+07    0  668 2.1177e+07 2.1534e+07  1.68%     -   38s
     0     0 2.1534e+07    0  680 2.1177e+07 2.1534e+07  1.68%     -   38s
     0     0 2.1534e+07    0  684 2.1177e+07 2.1534e+07  1.68%     -   39s
     0     0 2.1534e+07    0  685 2.1177e+07 2.1534e+07  1.68%     -   39s
     0     0 2.1532e+07    0  519 2.1177e+07 2.1532e+07  1.68%     -   46s
H    0     0                    2.120784e+07 2.1532e+07  1.53%     -   47s
     0     0 2.1532e+07    0  528 2.1208e+07 2.1532e+07  1.53%     -   48s
     0     0 2.1532e+07    0  543 2.1208e+07 2.1532e+07  1.53%     -   48s
     0     0 2.1532e+07    0  538 2.1208e+07 2.1532e+07  1.53%     -   48s
     0     0 2.1532e+07    0  551 2.1208e+07 2.1532e+07  1.53%     -   51s
     0     0 2.1532e+07    0  532 2.1208e+07 2.1532e+07  1.53%     -   52s
     0     0 2.1531e+07    0  537 2.1208e+07 2.1531e+07  1.53%     -   53s
     0     0 2.1531e+07    0  532 2.1208e+07 2.1531e+07  1.53%     -   53s
     0     0 2.1531e+07    0  536 2.1208e+07 2.1531e+07  1.53%     -   53s
     0     0 2.1531e+07    0  505 2.1208e+07 2.1531e+07  1.52%     -   56s
H    0     0                    2.122184e+07 2.1531e+07  1.46%     -   58s
     0     0 2.1531e+07    0  515 2.1222e+07 2.1531e+07  1.46%     -   59s
     0     0 2.1531e+07    0  517 2.1222e+07 2.1531e+07  1.46%     -   59s
     0     0 2.1531e+07    0  521 2.1222e+07 2.1531e+07  1.46%     -   59s
     0     0 2.1531e+07    0  526 2.1222e+07 2.1531e+07  1.46%     -   62s
     0     0 2.1531e+07    0  516 2.1222e+07 2.1531e+07  1.46%     -   64s
     0     0 2.1531e+07    0  526 2.1222e+07 2.1531e+07  1.46%     -   65s
     0     0 2.1531e+07    0  530 2.1222e+07 2.1531e+07  1.46%     -   65s
     0     0 2.1531e+07    0  517 2.1222e+07 2.1531e+07  1.46%     -   67s
H    0     0                    2.122345e+07 2.1531e+07  1.45%     -   70s
     0     0 2.1531e+07    0  514 2.1223e+07 2.1531e+07  1.45%     -   70s
     0     0 2.1531e+07    0  522 2.1223e+07 2.1531e+07  1.45%     -   70s
     0     0 2.1531e+07    0  504 2.1223e+07 2.1531e+07  1.45%     -   72s
H    0     0                    2.123816e+07 2.1531e+07  1.38%     -   75s
     0     0 2.1531e+07    0  516 2.1238e+07 2.1531e+07  1.38%     -   75s
     0     0 2.1531e+07    0  507 2.1238e+07 2.1531e+07  1.38%     -   75s
     0     0 2.1531e+07    0  497 2.1238e+07 2.1531e+07  1.38%     -   77s
     0     0 2.1531e+07    0  497 2.1238e+07 2.1531e+07  1.38%     -   84s
H    0     0                    2.123876e+07 2.1531e+07  1.37%     -   92s
H    0     0                    2.131406e+07 2.1531e+07  1.02%     -   95s
H    0     0                    2.135985e+07 2.1531e+07  0.80%     -   97s
H    0     0                    2.136284e+07 2.1531e+07  0.79%     -  100s
H    0     0                    2.136800e+07 2.1531e+07  0.76%     -  103s
H    0     0                    2.136801e+07 2.1531e+07  0.76%     -  105s
H    0     0                    2.136801e+07 2.1531e+07  0.76%     -  109s
H    0     0                    2.136807e+07 2.1531e+07  0.76%     -  109s
     0     2 2.1531e+07    0  497 2.1368e+07 2.1531e+07  0.76%     -  111s
    31    64 2.1530e+07    5  504 2.1368e+07 2.1531e+07  0.76%   228  115s
H   64   112                    2.136813e+07 2.1531e+07  0.76%   186  116s
H   84   112                    2.137055e+07 2.1531e+07  0.75%   171  116s
H  111   160                    2.137301e+07 2.1530e+07  0.74%   155  119s
   159   324 2.1528e+07    8  505 2.1373e+07 2.1530e+07  0.74%   135  120s
   901  1039 2.1525e+07   19  488 2.1373e+07 2.1530e+07  0.74%  95.2  125s
  1086  1136 2.1525e+07   22  487 2.1373e+07 2.1530e+07  0.74%  96.7  134s
H 1098  1136                    2.137579e+07 2.1530e+07  0.72%  96.8  134s
H 1099  1136                    2.137731e+07 2.1530e+07  0.72%  96.8  134s
H 1104  1136                    2.138026e+07 2.1530e+07  0.70%  97.1  134s
H 1106  1136                    2.138184e+07 2.1530e+07  0.69%  97.1  134s
  1135  1184 2.1525e+07   23  490 2.1382e+07 2.1530e+07  0.69%  97.4  137s
  1183  1350 2.1525e+07   24  488 2.1382e+07 2.1530e+07  0.69%  96.8  142s
H 1244  1350                    2.138242e+07 2.1530e+07  0.69%  97.3  142s
  1705  1897 2.1524e+07   29  466 2.1382e+07 2.1530e+07  0.69%  91.5  145s
  2384  2523 2.1522e+07   42  454 2.1382e+07 2.1530e+07  0.69%  82.6  151s
H 2526  2571                    2.139309e+07 2.1530e+07  0.64%  81.7  154s
  2570  2893 2.1522e+07   44  448 2.1393e+07 2.1530e+07  0.64%  81.4  155s
H 3637  3704                    2.139309e+07 2.1530e+07  0.64%  73.9  159s
  3705  4061 2.1521e+07   56  453 2.1393e+07 2.1530e+07  0.64%  73.7  160s
H 4840  4988                    2.139309e+07 2.1530e+07  0.64%  69.4  164s
  4993  5445 2.1506e+07   94  435 2.1393e+07 2.1530e+07  0.64%  69.1  166s
  5458  5492 2.1512e+07   97  428 2.1393e+07 2.1530e+07  0.64%  67.4  170s
  5506  5539 2.1511e+07   97  428 2.1393e+07 2.1530e+07  0.64%  67.4  176s
  5554  5587 2.1511e+07   98  428 2.1393e+07 2.1530e+07  0.64%  67.5  183s
H 5556  5583                    2.139442e+07 2.1530e+07  0.64%  67.5  183s
H 5563  5580                    2.139473e+07 2.1530e+07  0.63%  67.5  183s
H 5583  5553                    2.141441e+07 2.1530e+07  0.54%  67.5  183s
H 5585  5537                    2.141966e+07 2.1530e+07  0.52%  67.5  183s
  5602  5928 2.1511e+07   99  429 2.1420e+07 2.1530e+07  0.52%  67.4  185s
  6932  6816 2.1510e+07  116  409 2.1420e+07 2.1530e+07  0.52%  65.2  190s
H 6989  6862                    2.142035e+07 2.1530e+07  0.51%  65.3  193s
H 6996  6839                    2.142198e+07 2.1530e+07  0.51%  65.3  193s
H 7004  6836                    2.142212e+07 2.1530e+07  0.50%  65.2  193s
H 7011  6822                    2.142300e+07 2.1530e+07  0.50%  65.3  193s
H 7032  6794                    2.142421e+07 2.1530e+07  0.50%  65.2  193s
  7063  7306 2.1510e+07  118  411 2.1424e+07 2.1530e+07  0.50%  65.1  195s
  8791  9051 2.1505e+07  144  396 2.1424e+07 2.1530e+07  0.49%  62.3  200s
Created node file directory '/scratch-local/lbeemster.22237278/gurobi_dev0.2_sub34.0_run3/grbnodes0'
 10738 11045 2.1496e+07  181  355 2.1424e+07 2.1530e+07  0.49%  59.4  207s
 11479 11783 2.1495e+07  193  346 2.1424e+07 2.1530e+07  0.49%  58.7  210s
 13107 13493 2.1492e+07  233  327 2.1424e+07 2.1530e+07  0.49%  56.6  215s
 14957 14578 2.1485e+07  291  305 2.1424e+07 2.1530e+07  0.49%  54.5  223s
 15082 15450 2.1485e+07  292  304 2.1424e+07 2.1530e+07  0.49%  54.5  225s
 16901 16553 2.1480e+07  319  296 2.1424e+07 2.1530e+07  0.49%  52.9  233s
H16921 16342                    2.142908e+07 2.1530e+07  0.47%  52.9  233s
H16925 16341                    2.142914e+07 2.1530e+07  0.47%  52.9  233s
 17103 17204 2.1480e+07  321  297 2.1429e+07 2.1530e+07  0.47%  53.0  236s
H18009 13751                    2.146616e+07 2.1530e+07  0.30%  52.7  257s
H18009 13751                    2.146619e+07 2.1530e+07  0.30%  52.7  260s
H18009 13751                    2.146632e+07 2.1530e+07  0.30%  52.7  262s
H18009 13429                    2.147052e+07 2.1530e+07  0.28%  52.7  271s
 18010 13372 2.1501e+07  188  497 2.1471e+07 2.1530e+07  0.28%  52.7  354s
H18011 12704                    2.147337e+07 2.1530e+07  0.26%  52.6  468s
H18011 12069                    2.148802e+07 2.1522e+07  0.16%  52.6  469s
H18011 11465                    2.148809e+07 2.1522e+07  0.16%  52.6  469s

Cutting planes:
  Gomory: 3
  Cover: 1
  Implied bound: 95
  MIR: 611
  Flow cover: 360
  Relax-and-lift: 398

Explored 18011 nodes (1061251 simplex iterations) in 469.61 seconds (503.15 work units)
Thread count was 48 (of 192 available processors)

Solution count 10: 2.14881e+07 2.1488e+07 2.14734e+07 ... 2.14242e+07

Optimal solution found (tolerance 2.00e-03)
Best objective 2.148809125380e+07, best bound 2.152179564542e+07, gap 0.1569%
Deleted nodefile directory: /scratch-local/lbeemster.22237278/gurobi_dev0.2_sub34.0_run3
Saved model snapshot to study_case_model/figures/subsidy_experiment/run_24426/dev0.2/sub34.0/run3/model_snapshot.pkl
Finished successfully!
