Gurobi shell based on Python 3.13.1 can be launched with command `gurobi.sh`
Gurobi Python Interface can be loaded in Python 3.13.1 with 'import gurobipy'
/var/spool/slurm/slurmd/job22231252/slurm_script: line 24: activate: No such file or directory
Solving model: dev0.0, sub60.0, run0
Read LP format model from file /scratch-local/lbeemster.22231252/tmpd6u6luxg.pyomo.lp
Reading time = 0.59 seconds
x1: 178177 rows, 50050 columns, 1021312 nonzeros
Set parameter OutputFlag to value 1
Set parameter MIPGap to value 0.002
Set parameter Threads to value 48
Set parameter Presolve to value 1
Set parameter Cuts to value 1
Set parameter NodefileStart to value 1
Set parameter NodefileDir to value "/scratch-local/lbeemster.22231252/gurobi_dev0.0_sub60.0_run0"
Set parameter MemLimit to value 60
Gurobi Optimizer version 12.0.3 build v12.0.3rc0 (linux64 - "Red Hat Enterprise Linux 9.6 (Plow)")

CPU model: AMD EPYC 9654 96-Core Processor, instruction set [SSE2|AVX|AVX2|AVX512]
Thread count: 192 physical cores, 192 logical processors, using up to 48 threads

Non-default parameters:
MemLimit  60
MIPGap  0.002
NodefileStart  1
Cuts  1
Presolve  1
Threads  48

Academic license 2514514 - for non-commercial use only - registered to l.___@student.vu.nl
Optimize a model with 178177 rows, 50050 columns and 1021312 nonzeros
Model fingerprint: 0x09db8c8e
Variable types: 39426 continuous, 10624 integer (10624 binary)
Coefficient statistics:
  Matrix range     [6e-05, 1e+05]
  Objective range  [2e+00, 3e+04]
  Bounds range     [1e+00, 1e+00]
  RHS range        [3e-01, 2e+05]
Presolve removed 38073 rows and 25390 columns
Presolve time: 3.03s
Presolved: 140104 rows, 24660 columns, 900845 nonzeros
Variable types: 19180 continuous, 5480 integer (5480 binary)
Found heuristic solution: objective 1.910667e+07
Found heuristic solution: objective 1.924672e+07
Found heuristic solution: objective 1.930844e+07

Deterministic concurrent LP optimizer: primal simplex, dual simplex, and barrier
Showing barrier log only...

Root relaxation presolved: 24002 rows, 164082 columns, 924965 nonzeros

Root barrier log...

Ordering time: 0.04s

Barrier statistics:
 Free vars  : 1920
 AA' NZ     : 5.077e+05
 Factor NZ  : 1.336e+06 (roughly 90 MB of memory)
 Factor Ops : 8.961e+07 (less than 1 second per iteration)
 Threads    : 46

                  Objective                Residual
Iter       Primal          Dual         Primal    Dual     Compl     Time
   0   1.42944218e+12  3.23788887e+06  7.62e+06 4.01e+02  1.49e+08     9s
   1   1.01763809e+12 -1.95234580e+08  4.68e+06 3.18e+03  9.58e+07     9s
   2   7.81392621e+11 -2.00391687e+08  3.03e+06 2.09e+03  6.32e+07     9s
   3   5.38816393e+11 -1.68502842e+08  1.46e+06 1.39e+03  3.76e+07     9s
   4   4.21373292e+11 -1.15855195e+08  8.52e+05 8.24e+02  2.25e+07     9s
   5   3.60065935e+11 -7.22055049e+07  5.97e+05 4.49e+02  1.37e+07     9s
   6   2.61953692e+11 -5.42052388e+07  3.18e+05 3.12e+02  8.67e+06     9s
   7   1.97377082e+11 -3.13557399e+07  1.76e+05 1.63e+02  4.77e+06     9s
   8   1.32133885e+11 -2.02989853e+07  8.63e+04 1.04e+02  2.76e+06     9s
   9   9.64787847e+10 -1.06551929e+07  4.94e+04 5.80e+01  1.61e+06     9s
  10   7.15454655e+10 -6.95368479e+06  3.07e+04 4.09e+01  1.08e+06     9s
  11   4.07630782e+10 -3.40409269e+06  1.33e+04 2.31e+01  5.60e+05    10s
  12   2.61849058e+10 -1.89670091e+06  6.89e+03 1.63e+01  3.43e+05    10s
  13   1.21790820e+10  5.86636339e+05  2.35e+03 5.36e+00  1.22e+05    10s
  14   7.21071432e+09  1.02739431e+06  1.16e+03 3.78e+00  7.05e+04    10s
  15   4.00418781e+09  2.12665522e+06  5.62e+02 1.67e+00  3.43e+04    10s
  16   2.27868102e+09  3.52767771e+06  2.84e+02 8.32e-01  1.79e+04    10s
  17   1.58992585e+09  5.60434306e+06  1.87e+02 4.20e-01  1.14e+04    10s
  18   1.10683022e+09  7.67462999e+06  1.25e+02 1.52e-01  7.22e+03    10s
  19   4.84239719e+08  8.99669311e+06  5.03e+01 6.80e-02  3.04e+03    10s
  20   2.16937061e+08  1.03715664e+07  1.99e+01 3.07e-02  1.29e+03    10s
  21   1.25952717e+08  1.42110243e+07  1.02e+01 1.68e-02  6.78e+02    10s
  22   8.14195391e+07  1.77097955e+07  5.75e+00 7.60e-03  3.82e+02    10s
  23   4.70276414e+07  1.89673389e+07  2.29e+00 5.04e-03  1.67e+02    10s
  24   3.69158828e+07  1.91577646e+07  1.39e+00 3.14e-03  1.05e+02    10s
  25   2.89304832e+07  2.00003056e+07  6.65e-01 2.51e-03  5.26e+01    10s
  26   2.64989929e+07  2.02766499e+07  4.45e-01 1.88e-03  3.66e+01    10s
  27   2.44579989e+07  2.06043331e+07  2.75e-01 1.97e-03  2.26e+01    10s
  28   2.26932741e+07  2.07818546e+07  1.30e-01 1.11e-03  1.12e+01    10s
  29   2.20109621e+07  2.08712396e+07  7.46e-02 1.07e-03  6.66e+00    10s
  30   2.17283776e+07  2.09058366e+07  5.29e-02 7.86e-04  4.80e+00    10s
  31   2.13386105e+07  2.09399782e+07  2.33e-02 5.57e-04  2.32e+00    10s
  32   2.12285628e+07  2.09700335e+07  1.51e-02 4.44e-04  1.50e+00    10s

Barrier performed 32 iterations in 10.30 seconds (8.91 work units)
Barrier solve interrupted - model solved by another algorithm

Concurrent spin time: 0.38s (can be avoided by choosing Method=3)

Solved with primal simplex

Root relaxation: objective 2.105785e+07, 28821 iterations, 2.54 seconds (1.76 work units)

    Nodes    |    Current Node    |     Objective Bounds      |     Work
 Expl Unexpl |  Obj  Depth IntInf | Incumbent    BestBd   Gap | It/Node Time

     0     0 2.1058e+07    0  443 1.9308e+07 2.1058e+07  9.06%     -   12s
     0     0 2.1044e+07    0  536 1.9308e+07 2.1044e+07  8.99%     -   15s
     0     0 2.1041e+07    0  581 1.9308e+07 2.1041e+07  8.97%     -   16s
     0     0 2.1041e+07    0  581 1.9308e+07 2.1041e+07  8.97%     -   16s
     0     0 2.1041e+07    0  583 1.9308e+07 2.1041e+07  8.97%     -   17s
     0     0 2.1041e+07    0  583 1.9308e+07 2.1041e+07  8.97%     -   17s
     0     0 2.1039e+07    0  584 1.9308e+07 2.1039e+07  8.96%     -   20s
     0     0 2.1039e+07    0  591 1.9308e+07 2.1039e+07  8.96%     -   20s
     0     0 2.1039e+07    0  591 1.9308e+07 2.1039e+07  8.96%     -   20s
     0     0 2.1038e+07    0  572 1.9308e+07 2.1038e+07  8.96%     -   25s
H    0     0                    2.078861e+07 2.1038e+07  1.20%     -   26s
     0     0 2.1038e+07    0  585 2.0789e+07 2.1038e+07  1.20%     -   26s
     0     0 2.1038e+07    0  606 2.0789e+07 2.1038e+07  1.20%     -   27s
     0     0 2.1038e+07    0  608 2.0789e+07 2.1038e+07  1.20%     -   27s
     0     0 2.1038e+07    0  608 2.0789e+07 2.1038e+07  1.20%     -   27s
     0     0 2.1037e+07    0  600 2.0789e+07 2.1037e+07  1.20%     -   31s
     0     0 2.1037e+07    0  586 2.0789e+07 2.1037e+07  1.19%     -   34s
     0     0 2.1037e+07    0  615 2.0789e+07 2.1037e+07  1.19%     -   34s
     0     0 2.1037e+07    0  618 2.0789e+07 2.1037e+07  1.19%     -   35s
     0     0 2.1037e+07    0  619 2.0789e+07 2.1037e+07  1.19%     -   35s
     0     0 2.1037e+07    0  623 2.0789e+07 2.1037e+07  1.19%     -   35s
     0     0 2.1036e+07    0  461 2.0789e+07 2.1036e+07  1.19%     -   39s
H    0     0                    2.079054e+07 2.1036e+07  1.18%     -   41s
     0     0 2.1036e+07    0  480 2.0791e+07 2.1036e+07  1.18%     -   42s
     0     0 2.1036e+07    0  491 2.0791e+07 2.1036e+07  1.18%     -   42s
     0     0 2.1036e+07    0  494 2.0791e+07 2.1036e+07  1.18%     -   42s
     0     0 2.1036e+07    0  491 2.0791e+07 2.1036e+07  1.18%     -   42s
     0     0 2.1035e+07    0  496 2.0791e+07 2.1035e+07  1.18%     -   45s
H    0     0                    2.082278e+07 2.1035e+07  1.02%     -   49s
     0     0 2.1035e+07    0  514 2.0823e+07 2.1035e+07  1.02%     -   49s
     0     0 2.1035e+07    0  524 2.0823e+07 2.1035e+07  1.02%     -   49s
     0     0 2.1035e+07    0  530 2.0823e+07 2.1035e+07  1.02%     -   50s
     0     0 2.1035e+07    0  498 2.0823e+07 2.1035e+07  1.02%     -   52s
     0     0 2.1035e+07    0  503 2.0823e+07 2.1035e+07  1.02%     -   55s
     0     0 2.1035e+07    0  510 2.0823e+07 2.1035e+07  1.02%     -   55s
     0     0 2.1035e+07    0  511 2.0823e+07 2.1035e+07  1.02%     -   55s
     0     0 2.1035e+07    0  505 2.0823e+07 2.1035e+07  1.02%     -   58s
     0     0 2.1035e+07    0  496 2.0823e+07 2.1035e+07  1.02%     -   58s
     0     0 2.1035e+07    0  504 2.0823e+07 2.1035e+07  1.02%     -   58s
     0     0 2.1035e+07    0  505 2.0823e+07 2.1035e+07  1.02%     -   58s
     0     0 2.1035e+07    0  464 2.0823e+07 2.1035e+07  1.02%     -   61s
     0     0 2.1035e+07    0  477 2.0823e+07 2.1035e+07  1.02%     -   63s
     0     0 2.1035e+07    0  478 2.0823e+07 2.1035e+07  1.02%     -   63s
     0     0 2.1035e+07    0  477 2.0823e+07 2.1035e+07  1.02%     -   64s
     0     0 2.1035e+07    0  467 2.0823e+07 2.1035e+07  1.02%     -   66s
     0     0 2.1035e+07    0  467 2.0823e+07 2.1035e+07  1.02%     -   73s
H    0     0                    2.083254e+07 2.1035e+07  0.97%     -   81s
H    0     0                    2.083329e+07 2.1035e+07  0.97%     -   83s
H    0     0                    2.083464e+07 2.1035e+07  0.96%     -   84s
H    0     0                    2.089280e+07 2.1035e+07  0.68%     -   86s
H    0     0                    2.089509e+07 2.1035e+07  0.67%     -   89s
     0     2 2.1035e+07    0  467 2.0895e+07 2.1035e+07  0.67%     -   91s
    31    64 2.1035e+07    5  466 2.0895e+07 2.1035e+07  0.67%   122   95s
H   63   112                    2.090582e+07 2.1035e+07  0.62%   110   99s
H   69   112                    2.090851e+07 2.1035e+07  0.60%   107   99s
H   75   112                    2.090987e+07 2.1035e+07  0.60%   105   99s
   111   351 2.1035e+07    7  465 2.0910e+07 2.1035e+07  0.60%   125  100s
H  350   399                    2.092208e+07 2.1035e+07  0.54%  66.5  102s
H  360   399                    2.092373e+07 2.1035e+07  0.53%  65.9  102s
   513   562 2.1034e+07   14  454 2.0924e+07 2.1035e+07  0.53%  59.9  105s
  1434  1523 2.1032e+07   28  444 2.0924e+07 2.1035e+07  0.53%  51.1  110s
H 1539  1661                    2.092930e+07 2.1035e+07  0.50%  51.1  111s
H 1570  1661                    2.093051e+07 2.1035e+07  0.50%  50.8  111s
  1834  1883 2.1033e+07   37  414 2.0931e+07 2.1035e+07  0.50%  49.4  115s
  1930  1979 2.1033e+07   39  412 2.0931e+07 2.1035e+07  0.50%  49.2  122s
H 1978  2027                    2.095571e+07 2.1035e+07  0.38%  48.8  130s
H 1986  2027                    2.095658e+07 2.1035e+07  0.37%  48.8  130s
H 2009  2027                    2.095670e+07 2.1035e+07  0.37%  48.6  130s
  2787  3178 2.1031e+07   51  395 2.0957e+07 2.1035e+07  0.37%  47.1  135s
H 3399  3620                    2.095997e+07 2.1035e+07  0.36%  46.2  137s
H 3519  3592                    2.097026e+07 2.1035e+07  0.31%  46.0  137s
  4441  4381 2.1026e+07   73  388 2.0970e+07 2.1035e+07  0.31%  44.9  142s
H 4489  4383                    2.097455e+07 2.1035e+07  0.29%  44.9  145s
H 4490  4193                    2.098287e+07 2.1035e+07  0.25%  44.9  145s
H 4515  4153                    2.098547e+07 2.1035e+07  0.23%  44.9  145s
  6104  5916 2.1025e+07   96  365 2.0985e+07 2.1035e+07  0.23%  46.1  152s
H 6126  5898                    2.098610e+07 2.1035e+07  0.23%  46.2  152s
H 6170  5872                    2.098688e+07 2.1035e+07  0.23%  46.6  152s
  7163  7281 2.1024e+07  111  359 2.0987e+07 2.1035e+07  0.23%  46.0  157s
  7854  7700 2.1023e+07  117  359 2.0987e+07 2.1035e+07  0.23%  46.2  160s
H 8106  7699                    2.098688e+07 2.1035e+07  0.23%  46.5  160s
H 8136  7699                    2.098688e+07 2.1035e+07  0.23%  46.5  160s
  9347  9373 2.1022e+07  139  350 2.0987e+07 2.1035e+07  0.23%  45.5  165s
H 9393  9251                    2.098849e+07 2.1035e+07  0.22%  45.6  165s
 10960 10963 2.1019e+07  157  350 2.0988e+07 2.1034e+07  0.22%  45.7  170s
H11228 10962                    2.098849e+07 2.1034e+07  0.22%  46.1  170s
 13842 14034 2.1017e+07  197  338 2.0988e+07 2.1034e+07  0.22%  46.1  177s
 14911 14962 2.1016e+07  213  335 2.0988e+07 2.1034e+07  0.22%  45.6  180s
 17036 17106 2.1014e+07  253  308 2.0988e+07 2.1034e+07  0.22%  44.4  185s
H18074 16934                    2.098915e+07 2.1034e+07  0.22%  44.0  192s
H18074 16331                    2.099166e+07 2.1034e+07  0.20%  44.0  209s
H18074 15418                    2.099388e+07 2.1034e+07  0.19%  44.0  213s

Cutting planes:
  Gomory: 20
  Cover: 55
  Implied bound: 3750
  MIR: 709
  Flow cover: 1193
  RLT: 2
  Relax-and-lift: 280

Explored 18074 nodes (848500 simplex iterations) in 229.78 seconds (262.25 work units)
Thread count was 48 (of 192 available processors)

Solution count 10: 2.09939e+07 2.09939e+07 2.09917e+07 ... 2.09746e+07

Optimal solution found (tolerance 2.00e-03)
Warning: max constraint violation (6.2273e-06) exceeds tolerance
Best objective 2.099387524234e+07, best bound 2.103431007496e+07, gap 0.1926%
Deleted nodefile directory: /scratch-local/lbeemster.22231252/gurobi_dev0.0_sub60.0_run0
Saved model snapshot to study_case_model/figures/subsidy_experiment/run_24426/dev0.0/sub60.0/run0/model_snapshot.pkl
Finished successfully!
