Gurobi shell based on Python 3.13.1 can be launched with command `gurobi.sh`
Gurobi Python Interface can be loaded in Python 3.13.1 with 'import gurobipy'
/var/spool/slurm/slurmd/job22234231/slurm_script: line 24: activate: No such file or directory
Solving model: dev0.0, sub25.0, run2
Read LP format model from file /scratch-local/lbeemster.22234231/tmpx29ic_pt.pyomo.lp
Reading time = 0.57 seconds
x1: 178177 rows, 50050 columns, 1021312 nonzeros
Set parameter OutputFlag to value 1
Set parameter MIPGap to value 0.002
Set parameter Threads to value 48
Set parameter Presolve to value 1
Set parameter Cuts to value 1
Set parameter NodefileStart to value 1
Set parameter NodefileDir to value "/scratch-local/lbeemster.22234231/gurobi_dev0.0_sub25.0_run2"
Set parameter MemLimit to value 60
Gurobi Optimizer version 12.0.3 build v12.0.3rc0 (linux64 - "Red Hat Enterprise Linux 9.6 (Plow)")

CPU model: AMD EPYC 9654 96-Core Processor, instruction set [SSE2|AVX|AVX2|AVX512]
Thread count: 192 physical cores, 192 logical processors, using up to 48 threads

Non-default parameters:
MemLimit  60
MIPGap  0.002
NodefileStart  1
Cuts  1
Presolve  1
Threads  48

Academic license 2514514 - for non-commercial use only - registered to l.___@student.vu.nl
Optimize a model with 178177 rows, 50050 columns and 1021312 nonzeros
Model fingerprint: 0x59ef9486
Variable types: 39426 continuous, 10624 integer (10624 binary)
Coefficient statistics:
  Matrix range     [6e-05, 1e+05]
  Objective range  [2e+00, 3e+04]
  Bounds range     [1e+00, 1e+00]
  RHS range        [3e-01, 2e+05]
Presolve removed 37641 rows and 24630 columns
Presolve time: 2.88s
Presolved: 140536 rows, 25420 columns, 909965 nonzeros
Variable types: 19732 continuous, 5688 integer (5688 binary)
Found heuristic solution: objective 1.951930e+07

Deterministic concurrent LP optimizer: primal simplex, dual simplex, and barrier
Showing barrier log only...

Root relaxation presolved: 24981 rows, 165366 columns, 934926 nonzeros

Root barrier log...

Ordering time: 0.04s

Barrier statistics:
 Free vars  : 1920
 AA' NZ     : 5.366e+05
 Factor NZ  : 1.436e+06 (roughly 90 MB of memory)
 Factor Ops : 9.942e+07 (less than 1 second per iteration)
 Threads    : 46

                  Objective                Residual
Iter       Primal          Dual         Primal    Dual     Compl     Time
   0   1.41137966e+12  2.64307095e+06  7.54e+06 3.21e+02  1.34e+08     7s
   1   8.52099772e+11 -1.44323609e+08  3.64e+06 2.89e+03  7.80e+07     7s
   2   4.87619865e+11 -1.32589255e+08  1.17e+06 1.56e+03  3.71e+07     7s
   3   3.13577153e+11 -3.77091319e+07  3.10e+05 4.81e+02  1.21e+07     7s
   4   2.23579424e+11 -1.45252914e+07  1.41e+05 2.31e+02  5.82e+06     7s
   5   1.52480172e+11 -1.45651841e+06  6.29e+04 1.04e+02  2.76e+06     7s
   6   1.21039617e+11  3.40802059e+06  4.37e+04 6.54e+01  1.84e+06     8s
   7   9.01564559e+10  4.75150000e+06  2.86e+04 4.51e+01  1.24e+06     8s
   8   7.23603379e+10  4.21520594e+06  2.11e+04 2.72e+01  8.48e+05     8s
   9   3.11116965e+10  3.27690463e+06  6.84e+03 1.12e+01  3.20e+05     8s
  10   2.47983187e+10  2.97040620e+06  5.16e+03 7.33e+00  2.32e+05     8s
  11   1.69090078e+10  2.70098436e+06  3.26e+03 4.96e+00  1.51e+05     8s
  12   1.28886713e+10  2.41126530e+06  2.36e+03 2.31e+00  1.00e+05     8s
  13   2.94129664e+09  2.79987583e+06  4.03e+02 8.95e-01  2.32e+04     8s
  14   2.04623212e+09  4.50865692e+06  2.65e+02 4.94e-01  1.47e+04     8s
  15   1.09185973e+09  6.70857529e+06  1.30e+02 1.80e-01  7.41e+03     8s
  16   7.49801017e+08  8.10554101e+06  8.53e+01 1.33e-01  4.91e+03     8s
  17   3.86219620e+08  9.88025024e+06  3.98e+01 6.95e-02  2.42e+03     8s
  18   1.59200123e+08  1.17370235e+07  1.42e+01 3.63e-02  9.33e+02     8s
  19   1.02666956e+08  1.62002171e+07  8.01e+00 1.07e-02  5.23e+02     8s
  20   6.97289983e+07  1.82159553e+07  4.65e+00 6.95e-03  3.08e+02     8s
  21   4.64555372e+07  1.92612862e+07  2.28e+00 4.54e-03  1.62e+02     8s
  22   3.39424803e+07  1.97146385e+07  1.12e+00 2.48e-03  8.37e+01     8s
  23   2.70415735e+07  2.02453893e+07  4.83e-01 2.89e-03  3.96e+01     8s
  24   2.49199280e+07  2.04185046e+07  3.11e-01 1.96e-03  2.62e+01     8s
  25   2.38665685e+07  2.06430529e+07  2.23e-01 1.65e-03  1.87e+01     8s

Barrier performed 25 iterations in 8.28 seconds (7.22 work units)
Barrier solve interrupted - model solved by another algorithm

Concurrent spin time: 0.79s (can be avoided by choosing Method=3)

Solved with primal simplex

Root relaxation: objective 2.106809e+07, 25679 iterations, 2.49 seconds (1.70 work units)
Total elapsed time = 10.20s (DegenMoves)

    Nodes    |    Current Node    |     Objective Bounds      |     Work
 Expl Unexpl |  Obj  Depth IntInf | Incumbent    BestBd   Gap | It/Node Time

     0     0 2.1068e+07    0  406 1.9519e+07 2.1068e+07  7.93%     -   11s
     0     0 2.1060e+07    0  494 1.9519e+07 2.1060e+07  7.89%     -   14s
     0     0 2.1057e+07    0  515 1.9519e+07 2.1057e+07  7.88%     -   15s
     0     0 2.1057e+07    0  536 1.9519e+07 2.1057e+07  7.88%     -   16s
     0     0 2.1057e+07    0  539 1.9519e+07 2.1057e+07  7.88%     -   16s
     0     0 2.1057e+07    0  539 1.9519e+07 2.1057e+07  7.88%     -   16s
     0     0 2.1051e+07    0  600 1.9519e+07 2.1051e+07  7.85%     -   19s
H    0     0                    2.057117e+07 2.1051e+07  2.33%     -   20s
     0     0 2.1049e+07    0  638 2.0571e+07 2.1049e+07  2.32%     -   20s
     0     0 2.1048e+07    0  653 2.0571e+07 2.1048e+07  2.32%     -   21s
     0     0 2.1048e+07    0  660 2.0571e+07 2.1048e+07  2.32%     -   21s
     0     0 2.1048e+07    0  663 2.0571e+07 2.1048e+07  2.32%     -   21s
     0     0 2.1048e+07    0  660 2.0571e+07 2.1048e+07  2.32%     -   21s
     0     0 2.1043e+07    0  578 2.0571e+07 2.1043e+07  2.29%     -   25s
H    0     0                    2.057774e+07 2.1043e+07  2.26%     -   26s
     0     0 2.1041e+07    0  636 2.0578e+07 2.1041e+07  2.25%     -   27s
     0     0 2.1041e+07    0  640 2.0578e+07 2.1041e+07  2.25%     -   27s
     0     0 2.1041e+07    0  647 2.0578e+07 2.1041e+07  2.25%     -   27s
     0     0 2.1041e+07    0  646 2.0578e+07 2.1041e+07  2.25%     -   28s
     0     0 2.1039e+07    0  609 2.0578e+07 2.1039e+07  2.24%     -   31s
H    0     0                    2.062499e+07 2.1039e+07  2.01%     -   32s
     0     0 2.1039e+07    0  624 2.0625e+07 2.1039e+07  2.01%     -   33s
     0     0 2.1039e+07    0  648 2.0625e+07 2.1039e+07  2.01%     -   34s
     0     0 2.1039e+07    0  639 2.0625e+07 2.1039e+07  2.01%     -   34s
     0     0 2.1039e+07    0  539 2.0625e+07 2.1039e+07  2.01%     -   37s
H    0     0                    2.065365e+07 2.1039e+07  1.86%     -   38s
     0     0 2.1038e+07    0  561 2.0654e+07 2.1038e+07  1.86%     -   39s
     0     0 2.1038e+07    0  562 2.0654e+07 2.1038e+07  1.86%     -   39s
     0     0 2.1038e+07    0  560 2.0654e+07 2.1038e+07  1.86%     -   39s
     0     0 2.1038e+07    0  565 2.0654e+07 2.1038e+07  1.86%     -   39s
     0     0 2.1038e+07    0  531 2.0654e+07 2.1038e+07  1.86%     -   42s
H    0     0                    2.067700e+07 2.1038e+07  1.74%     -   43s
     0     0 2.1038e+07    0  540 2.0677e+07 2.1038e+07  1.74%     -   46s
     0     0 2.1038e+07    0  546 2.0677e+07 2.1038e+07  1.74%     -   46s
     0     0 2.1038e+07    0  561 2.0677e+07 2.1038e+07  1.74%     -   46s
     0     0 2.1037e+07    0  522 2.0677e+07 2.1037e+07  1.74%     -   49s
     0     0 2.1037e+07    0  529 2.0677e+07 2.1037e+07  1.74%     -   50s
     0     0 2.1037e+07    0  524 2.0677e+07 2.1037e+07  1.74%     -   50s
     0     0 2.1037e+07    0  527 2.0677e+07 2.1037e+07  1.74%     -   51s
     0     0 2.1037e+07    0  525 2.0677e+07 2.1037e+07  1.74%     -   53s
H    0     0                    2.070982e+07 2.1037e+07  1.58%     -   54s
H    0     0                    2.071266e+07 2.1037e+07  1.57%     -   56s
     0     0 2.1037e+07    0  522 2.0713e+07 2.1037e+07  1.57%     -   59s
     0     0 2.1037e+07    0  509 2.0713e+07 2.1037e+07  1.57%     -   61s
     0     0 2.1037e+07    0  511 2.0713e+07 2.1037e+07  1.57%     -   64s
     0     0 2.1037e+07    0  518 2.0713e+07 2.1037e+07  1.57%     -   64s
     0     0 2.1037e+07    0  524 2.0713e+07 2.1037e+07  1.57%     -   66s
     0     0 2.1037e+07    0  526 2.0713e+07 2.1037e+07  1.57%     -   67s
     0     0 2.1037e+07    0  522 2.0713e+07 2.1037e+07  1.57%     -   69s
     0     0 2.1037e+07    0  529 2.0713e+07 2.1037e+07  1.57%     -   70s
     0     0 2.1037e+07    0  506 2.0713e+07 2.1037e+07  1.57%     -   73s
     0     0 2.1037e+07    0  506 2.0713e+07 2.1037e+07  1.57%     -   79s
H    0     0                    2.084481e+07 2.1037e+07  0.92%     -   83s
H    0     0                    2.091252e+07 2.1037e+07  0.59%     -   85s
H    0     0                    2.091277e+07 2.1037e+07  0.59%     -   85s
H    0     0                    2.091295e+07 2.1037e+07  0.59%     -   85s
     0     2 2.1037e+07    0  506 2.0913e+07 2.1037e+07  0.59%     -   87s
   111   156 2.1029e+07    7  468 2.0913e+07 2.1030e+07  0.56%   155   90s
   693   713 2.1020e+07   17  430 2.0913e+07 2.1030e+07  0.56%   155   95s
H  914   888                    2.093364e+07 2.1030e+07  0.46%   172   99s
   967   883 2.1016e+07   19  423 2.0934e+07 2.1030e+07  0.46%   170  100s
  1309  1186 2.1014e+07   22  393 2.0934e+07 2.1030e+07  0.46%   202  105s
  1860  1716 2.0994e+07   28  369 2.0934e+07 2.1030e+07  0.46%   198  110s
  2049  1843 2.1004e+07   29  365 2.0934e+07 2.1026e+07  0.44%   198  115s
  2100  1886 2.1004e+07   30  364 2.0934e+07 2.1026e+07  0.44%   199  122s
  2151  1926 2.1004e+07   31  361 2.0934e+07 2.1026e+07  0.44%   199  126s
H 2162  1926                    2.093927e+07 2.1026e+07  0.42%   199  126s
  2352  2190 2.1001e+07   33  352 2.0939e+07 2.1025e+07  0.41%   202  134s
  2507  2391 2.1000e+07   39  339 2.0939e+07 2.1025e+07  0.41%   207  135s
  3402  2783 2.0998e+07   55  326 2.0939e+07 2.1022e+07  0.40%   185  141s
H 3459  2908                    2.095790e+07 2.1022e+07  0.31%   184  144s
  3694  2838 2.0998e+07   60  316 2.0958e+07 2.1022e+07  0.31%   178  145s
H 4157  2573                    2.095884e+07 2.1021e+07  0.30%   177  171s
H 4157  2555                    2.095958e+07 2.1021e+07  0.30%   177  174s
H 4157  2555                    2.095961e+07 2.1021e+07  0.29%   177  174s
H 4157  2547                    2.095995e+07 2.1021e+07  0.29%   177  175s
H 4157  2435                    2.096213e+07 2.1021e+07  0.28%   177  180s
H 4157  2383                    2.096283e+07 2.1021e+07  0.28%   177  181s
H 4157  2337                    2.096330e+07 2.1021e+07  0.28%   177  181s
  4158  2306 2.0988e+07   20  506 2.0963e+07 2.1021e+07  0.28%   177  189s
H 4159  2191                    2.096332e+07 2.1021e+07  0.28%   177  285s
H 4159  2082                    2.096525e+07 2.1021e+07  0.27%   177  285s
  4161  2083 2.1019e+07   18  420 2.0965e+07 2.1021e+07  0.27%   177  291s
  4163  2084 2.0986e+07   18  497 2.0965e+07 2.1021e+07  0.27%   177  295s
  4166  2086 2.0965e+07   29  494 2.0965e+07 2.1021e+07  0.27%   176  300s
  4168  2088 2.0972e+07    9  491 2.0965e+07 2.1021e+07  0.27%   176  388s
  4169  2088 2.0983e+07   21  471 2.0965e+07 2.1021e+07  0.27%   176  392s
  4172  2090 2.0970e+07    7  475 2.0965e+07 2.1018e+07  0.25%   176  506s
  4173  2091 2.0977e+07   49  446 2.0965e+07 2.1018e+07  0.25%   176  510s
H 4174  1987                    2.096850e+07 2.1017e+07  0.23%   176  560s
H 4174  1887                    2.096975e+07 2.1017e+07  0.22%   176  560s
H 4174  1792                    2.097164e+07 2.1017e+07  0.22%   176  561s
  4178  1794 2.0990e+07   17  452 2.0972e+07 2.1015e+07  0.21%   176  635s
  4180  1796 2.0974e+07   19  436 2.0972e+07 2.1014e+07  0.20%   176  682s
  4182  1797 2.0990e+07   18  434 2.0972e+07 2.1014e+07  0.20%   176  696s
H 4182  1707                    2.097313e+07 2.1014e+07  0.19%   176  720s

Cutting planes:
  Gomory: 17
  Cover: 20
  Implied bound: 527
  MIR: 616
  Flow cover: 831
  RLT: 6
  Relax-and-lift: 664

Explored 4182 nodes (853690 simplex iterations) in 721.75 seconds (845.66 work units)
Thread count was 48 (of 192 available processors)

Solution count 10: 2.09731e+07 2.09731e+07 2.09716e+07 ... 2.09621e+07

Optimal solution found (tolerance 2.00e-03)
Best objective 2.097313348843e+07, best bound 2.101378747823e+07, gap 0.1938%
Deleted nodefile directory: /scratch-local/lbeemster.22234231/gurobi_dev0.0_sub25.0_run2
Saved model snapshot to study_case_model/figures/subsidy_experiment/run_24426/dev0.0/sub25.0/run2/model_snapshot.pkl
Finished successfully!
