Gurobi shell based on Python 3.13.1 can be launched with command `gurobi.sh`
Gurobi Python Interface can be loaded in Python 3.13.1 with 'import gurobipy'
/var/spool/slurm/slurmd/job22234155/slurm_script: line 24: activate: No such file or directory
Solving model: dev1.0, sub34.0, run1
Read LP format model from file /scratch-local/lbeemster.22234155/tmpajvtzmcw.pyomo.lp
Reading time = 0.55 seconds
x1: 178177 rows, 50050 columns, 1021312 nonzeros
Set parameter OutputFlag to value 1
Set parameter MIPGap to value 0.002
Set parameter Threads to value 48
Set parameter Presolve to value 1
Set parameter Cuts to value 1
Set parameter NodefileStart to value 1
Set parameter NodefileDir to value "/scratch-local/lbeemster.22234155/gurobi_dev1.0_sub34.0_run1"
Set parameter MemLimit to value 60
Gurobi Optimizer version 12.0.3 build v12.0.3rc0 (linux64 - "Red Hat Enterprise Linux 9.6 (Plow)")

CPU model: AMD EPYC 9654 96-Core Processor, instruction set [SSE2|AVX|AVX2|AVX512]
Thread count: 192 physical cores, 192 logical processors, using up to 48 threads

Non-default parameters:
MemLimit  60
MIPGap  0.002
NodefileStart  1
Cuts  1
Presolve  1
Threads  48

Academic license 2514514 - for non-commercial use only - registered to l.___@student.vu.nl
Optimize a model with 178177 rows, 50050 columns and 1021312 nonzeros
Model fingerprint: 0xe377107f
Variable types: 39426 continuous, 10624 integer (10624 binary)
Coefficient statistics:
  Matrix range     [6e-05, 1e+05]
  Objective range  [2e+00, 3e+04]
  Bounds range     [1e+00, 1e+00]
  RHS range        [3e-01, 2e+05]
Presolve removed 35033 rows and 22006 columns
Presolve time: 2.83s
Presolved: 143144 rows, 28044 columns, 863693 nonzeros
Variable types: 22420 continuous, 5624 integer (5624 binary)

Deterministic concurrent LP optimizer: primal simplex, dual simplex, and barrier
Showing barrier log only...

Root relaxation presolved: 26318 rows, 169406 columns, 891503 nonzeros

Root barrier log...

Ordering time: 0.06s

Barrier statistics:
 Dense cols : 28
 Free vars  : 2112
 AA' NZ     : 5.933e+05
 Factor NZ  : 1.608e+06 (roughly 100 MB of memory)
 Factor Ops : 1.187e+08 (less than 1 second per iteration)
 Threads    : 45

                  Objective                Residual
Iter       Primal          Dual         Primal    Dual     Compl     Time
   0   1.53083609e+12  1.07265364e+06  7.86e+06 3.17e+02  1.43e+08     5s
   1   1.12334571e+12 -1.98935809e+08  4.93e+06 2.84e+03  8.92e+07     5s
   2   7.76675966e+11 -1.83137034e+08  2.78e+06 1.98e+03  5.72e+07     5s
   3   5.61602534e+11 -1.41184580e+08  1.45e+06 1.39e+03  3.66e+07     5s
   4   4.18960234e+11 -1.11151255e+08  7.28e+05 9.86e+02  2.37e+07     5s
   5   3.28396637e+11 -6.85471986e+07  4.01e+05 5.61e+02  1.36e+07     5s
   6   2.50461668e+11 -3.58294192e+07  2.19e+05 2.79e+02  7.14e+06     5s
   7   1.85620330e+11 -1.93517653e+07  1.25e+05 1.54e+02  4.08e+06     5s
   8   1.39792637e+11 -1.56576498e+07  8.12e+04 1.20e+02  2.98e+06     5s
   9   1.07004863e+11 -1.02894999e+07  5.59e+04 7.36e+01  1.93e+06     5s
  10   8.32262293e+10 -7.39564235e+06  3.75e+04 5.12e+01  1.34e+06     5s
  11   6.04169994e+10 -3.50793063e+06  2.30e+04 2.53e+01  7.58e+05     5s
  12   4.33597994e+10 -1.49549601e+06  1.47e+04 1.49e+01  4.74e+05     5s
  13   2.27847270e+10  6.82634722e+05  6.10e+03 4.91e+00  1.96e+05     6s
  14   1.29664973e+10  1.41321257e+06  3.14e+03 2.22e+00  1.01e+05     6s
  15   8.03426732e+09  2.22731661e+06  1.81e+03 7.81e-01  5.63e+04     6s
  16   3.93437444e+09  2.67891128e+06  8.34e+02 4.67e-01  2.70e+04     6s
  17   2.43400965e+09  3.15880692e+06  4.82e+02 3.27e-01  1.66e+04     6s
  18   1.80910087e+09  4.46577850e+06  3.47e+02 1.37e-01  1.17e+04     6s
  19   6.90393958e+08  6.44389851e+06  1.19e+02 2.79e-02  4.23e+03     6s
  20   2.67098266e+08  7.85848769e+06  4.12e+01 1.58e-02  1.58e+03     6s
  21   1.65491116e+08  1.17670218e+07  2.37e+01 6.82e-03  9.27e+02     6s
  22   1.06752851e+08  1.55913595e+07  1.35e+01 1.06e-02  5.44e+02     6s
  23   8.94923653e+07  1.75356018e+07  1.06e+01 7.06e-03  4.29e+02     6s
  24   6.91140617e+07  1.86529769e+07  7.28e+00 5.06e-03  3.00e+02     6s
  25   4.19232111e+07  1.97283129e+07  2.86e+00 3.61e-03  1.31e+02     6s
  26   3.46722002e+07  1.99793995e+07  1.80e+00 2.43e-03  8.60e+01     6s
  27   2.61280359e+07  2.06533608e+07  5.39e-01 1.06e-03  3.15e+01     6s
  28   2.43673285e+07  2.08246050e+07  3.32e-01 7.83e-04  2.03e+01     6s
  29   2.27978591e+07  2.10377732e+07  1.44e-01 6.71e-04  9.99e+00     6s
  30   2.22276339e+07  2.11012925e+07  8.03e-02 5.86e-04  6.34e+00     6s
  31   2.18153944e+07  2.12240856e+07  3.87e-02 3.80e-04  3.31e+00     6s
  32   2.16523778e+07  2.12659897e+07  2.34e-02 3.21e-04  2.16e+00     6s
  33   2.15357106e+07  2.13184852e+07  1.26e-02 4.28e-04  1.21e+00     6s
  34   2.14865089e+07  2.13370509e+07  7.52e-03 3.57e-04  8.26e-01     6s

Barrier performed 34 iterations in 6.42 seconds (5.54 work units)
Barrier solve interrupted - model solved by another algorithm

Concurrent spin time: 0.42s (can be avoided by choosing Method=3)

Solved with primal simplex

Root relaxation: objective 2.141176e+07, 41964 iterations, 2.79 seconds (2.16 work units)

    Nodes    |    Current Node    |     Objective Bounds      |     Work
 Expl Unexpl |  Obj  Depth IntInf | Incumbent    BestBd   Gap | It/Node Time

     0     0 2.1412e+07    0  360          - 2.1412e+07      -     -    8s
H    0     0                    3670809.9769 2.1412e+07   483%     -   11s
     0     0 2.1406e+07    0  465 3670809.98 2.1406e+07   483%     -   12s
H    0     0                    2.126042e+07 2.1406e+07  0.68%     -   13s
     0     0 2.1404e+07    0  506 2.1260e+07 2.1404e+07  0.68%     -   13s
     0     0 2.1404e+07    0  516 2.1260e+07 2.1404e+07  0.68%     -   14s
     0     0 2.1404e+07    0  525 2.1260e+07 2.1404e+07  0.68%     -   14s
     0     0 2.1402e+07    0  604 2.1260e+07 2.1402e+07  0.67%     -   17s
     0     0 2.1401e+07    0  652 2.1260e+07 2.1401e+07  0.66%     -   19s
     0     0 2.1398e+07    0  684 2.1260e+07 2.1398e+07  0.65%     -   20s
     0     0 2.1398e+07    0  681 2.1260e+07 2.1398e+07  0.65%     -   20s
     0     0 2.1398e+07    0  685 2.1260e+07 2.1398e+07  0.65%     -   20s
     0     0 2.1397e+07    0  639 2.1260e+07 2.1397e+07  0.64%     -   24s
     0     0 2.1397e+07    0  703 2.1260e+07 2.1397e+07  0.64%     -   28s
     0     0 2.1397e+07    0  716 2.1260e+07 2.1397e+07  0.64%     -   28s
     0     0 2.1397e+07    0  709 2.1260e+07 2.1397e+07  0.64%     -   28s
     0     0 2.1397e+07    0  714 2.1260e+07 2.1397e+07  0.64%     -   28s
     0     0 2.1396e+07    0  696 2.1260e+07 2.1396e+07  0.64%     -   33s
     0     0 2.1396e+07    0  694 2.1260e+07 2.1396e+07  0.64%     -   35s
     0     0 2.1396e+07    0  700 2.1260e+07 2.1396e+07  0.64%     -   35s
     0     0 2.1396e+07    0  711 2.1260e+07 2.1396e+07  0.64%     -   35s
     0     0 2.1396e+07    0  711 2.1260e+07 2.1396e+07  0.64%     -   36s
     0     0 2.1395e+07    0  579 2.1260e+07 2.1395e+07  0.63%     -   40s
     0     0 2.1395e+07    0  614 2.1260e+07 2.1395e+07  0.63%     -   43s
     0     0 2.1395e+07    0  624 2.1260e+07 2.1395e+07  0.63%     -   43s
     0     0 2.1395e+07    0  625 2.1260e+07 2.1395e+07  0.63%     -   43s
     0     0 2.1395e+07    0  620 2.1260e+07 2.1395e+07  0.63%     -   44s
     0     0 2.1395e+07    0  599 2.1260e+07 2.1395e+07  0.63%     -   46s
H    0     0                    2.126172e+07 2.1395e+07  0.63%     -   48s
     0     0 2.1395e+07    0  596 2.1262e+07 2.1395e+07  0.63%     -   48s
     0     0 2.1395e+07    0  602 2.1262e+07 2.1395e+07  0.63%     -   49s
     0     0 2.1395e+07    0  603 2.1262e+07 2.1395e+07  0.63%     -   49s
     0     0 2.1395e+07    0  606 2.1262e+07 2.1395e+07  0.63%     -   49s
     0     0 2.1395e+07    0  559 2.1262e+07 2.1395e+07  0.63%     -   52s
     0     0 2.1395e+07    0  575 2.1262e+07 2.1395e+07  0.63%     -   55s
     0     0 2.1395e+07    0  574 2.1262e+07 2.1395e+07  0.63%     -   55s
     0     0 2.1395e+07    0  582 2.1262e+07 2.1395e+07  0.63%     -   55s
     0     0 2.1395e+07    0  581 2.1262e+07 2.1395e+07  0.62%     -   58s
     0     0 2.1395e+07    0  581 2.1262e+07 2.1395e+07  0.62%     -   60s
     0     0 2.1395e+07    0  577 2.1262e+07 2.1395e+07  0.62%     -   60s
     0     0 2.1395e+07    0  536 2.1262e+07 2.1395e+07  0.62%     -   63s
     0     0 2.1394e+07    0  544 2.1262e+07 2.1394e+07  0.62%     -   64s
     0     0 2.1394e+07    0  549 2.1262e+07 2.1394e+07  0.62%     -   64s
     0     0 2.1394e+07    0  540 2.1262e+07 2.1394e+07  0.62%     -   67s
     0     0 2.1394e+07    0  540 2.1262e+07 2.1394e+07  0.62%     -   72s
H    0     0                    2.126296e+07 2.1394e+07  0.62%     -   84s
     0     2 2.1394e+07    0  540 2.1263e+07 2.1394e+07  0.62%     -   91s
    31    64 2.1394e+07    5  546 2.1263e+07 2.1394e+07  0.62%   223   95s
H   80   112                    2.126652e+07 2.1394e+07  0.60%   234   95s
   273   327 2.1393e+07   10  534 2.1267e+07 2.1394e+07  0.60%   153  104s
   326   375 2.1384e+07   11  521 2.1267e+07 2.1394e+07  0.60%   145  106s
H  379   426                    2.129809e+07 2.1394e+07  0.45%   135  108s
H  391   426                    2.130075e+07 2.1394e+07  0.44%   134  108s
   592   648 2.1392e+07   14  511 2.1301e+07 2.1394e+07  0.44%   114  111s
H  649   774                    2.131599e+07 2.1394e+07  0.37%   111  112s
H  669   774                    2.131607e+07 2.1394e+07  0.37%   110  112s
   929   965 2.1391e+07   17  499 2.1316e+07 2.1394e+07  0.37%  99.1  115s
  1203  1178 2.1390e+07   21  469 2.1316e+07 2.1394e+07  0.37%  91.8  126s
  1395  1370 2.1390e+07   24  471 2.1316e+07 2.1394e+07  0.37%  85.8  130s
H 1531  1465                    2.131866e+07 2.1394e+07  0.35%  81.4  132s
  1933  2022 2.1390e+07   33  462 2.1319e+07 2.1394e+07  0.35%  74.9  135s
  2700  2614 2.1389e+07   46  458 2.1319e+07 2.1394e+07  0.35%  67.0  140s
H 2760  2708                    2.132159e+07 2.1394e+07  0.34%  66.7  144s
H 2782  2708                    2.133090e+07 2.1394e+07  0.30%  66.8  144s
  2851  2872 2.1389e+07   47  446 2.1331e+07 2.1394e+07  0.30%  66.5  145s
  4011  3656 2.1387e+07   63  443 2.1331e+07 2.1394e+07  0.30%  67.6  150s
  5710  5379 2.1386e+07   88  429 2.1331e+07 2.1394e+07  0.30%  62.9  157s
  6747  6301 2.1385e+07   99  416 2.1331e+07 2.1394e+07  0.30%  59.9  160s
  7471  6939 2.1384e+07  114  405 2.1331e+07 2.1394e+07  0.30%  58.5  165s
  9098  8851 2.1382e+07  157  349 2.1331e+07 2.1394e+07  0.30%  55.4  170s
Created node file directory '/scratch-local/lbeemster.22234155/gurobi_dev1.0_sub34.0_run1/grbnodes0'
 11182 10888 2.1381e+07  186  344 2.1331e+07 2.1394e+07  0.30%  52.7  176s
 12008 11075 2.1380e+07  197  332 2.1331e+07 2.1394e+07  0.30%  51.7  180s
H12043 11075                    2.133091e+07 2.1394e+07  0.30%  51.7  180s
H12054 10862                    2.133209e+07 2.1394e+07  0.29%  51.7  180s
 12650 11937 2.1378e+07  212  327 2.1332e+07 2.1393e+07  0.29%  51.8  185s
H13120 11717                    2.133361e+07 2.1393e+07  0.28%  51.5  185s
 14141 13002 2.1376e+07  234  294 2.1334e+07 2.1393e+07  0.28%  51.2  191s
 14941 13003 2.1348e+07  295  540 2.1334e+07 2.1393e+07  0.28%  50.8  231s
H14942 12353                    2.133464e+07 2.1393e+07  0.28%  50.8  329s
H14942 11736                    2.133912e+07 2.1393e+07  0.25%  50.8  329s
H14942 11149                    2.133934e+07 2.1393e+07  0.25%  50.8  329s
 14944 11150 2.1350e+07   44  427 2.1339e+07 2.1393e+07  0.25%  50.7  335s
 14948 11153 2.1349e+07   73  376 2.1339e+07 2.1393e+07  0.25%  50.7  340s
H14950 10596                    2.134229e+07 2.1393e+07  0.24%  50.7  393s
 14952 10597 2.1357e+07   34  387 2.1342e+07 2.1393e+07  0.24%  50.7  396s
H14953 10068                    2.134291e+07 2.1393e+07  0.23%  50.7  447s
H14953  9564                    2.134292e+07 2.1393e+07  0.23%  50.7  447s
H14953  9086                    2.134309e+07 2.1393e+07  0.23%  50.7  447s
H14953  8631                    2.134309e+07 2.1393e+07  0.23%  50.7  447s
H14953  8199                    2.134322e+07 2.1393e+07  0.23%  50.7  447s
H14953  7789                    2.134323e+07 2.1393e+07  0.23%  50.7  447s
H14953  7400                    2.134329e+07 2.1393e+07  0.23%  50.7  447s
H14953  7029                    2.134330e+07 2.1393e+07  0.23%  50.7  447s
 14955  7030 2.1383e+07   21  369 2.1343e+07 2.1393e+07  0.23%  50.7  451s
H14956  6680                    2.135634e+07 2.1392e+07  0.17%  50.7  489s

Cutting planes:
  Learned: 1
  Gomory: 10
  Cover: 1
  Implied bound: 471
  MIR: 997
  Flow cover: 1197
  RLT: 3
  Relax-and-lift: 864

Explored 14956 nodes (901408 simplex iterations) in 491.09 seconds (590.69 work units)
Thread count was 48 (of 192 available processors)

Solution count 10: 2.13563e+07 2.13563e+07 2.13433e+07 ... 2.13429e+07

Optimal solution found (tolerance 2.00e-03)
Best objective 2.135634101160e+07, best bound 2.139244822852e+07, gap 0.1691%
Deleted nodefile directory: /scratch-local/lbeemster.22234155/gurobi_dev1.0_sub34.0_run1
Saved model snapshot to study_case_model/figures/subsidy_experiment/run_24426/dev1.0/sub34.0/run1/model_snapshot.pkl
Finished successfully!
