Gurobi shell based on Python 3.13.1 can be launched with command `gurobi.sh`
Gurobi Python Interface can be loaded in Python 3.13.1 with 'import gurobipy'
/var/spool/slurm/slurmd/job22233905/slurm_script: line 24: activate: No such file or directory
Solving model: dev0.2, sub28.0, run1
Read LP format model from file /scratch-local/lbeemster.22233905/tmptqnntefu.pyomo.lp
Reading time = 0.58 seconds
x1: 178177 rows, 50050 columns, 1021312 nonzeros
Set parameter OutputFlag to value 1
Set parameter MIPGap to value 0.002
Set parameter Threads to value 48
Set parameter Presolve to value 1
Set parameter Cuts to value 1
Set parameter NodefileStart to value 1
Set parameter NodefileDir to value "/scratch-local/lbeemster.22233905/gurobi_dev0.2_sub28.0_run1"
Set parameter MemLimit to value 60
Gurobi Optimizer version 12.0.3 build v12.0.3rc0 (linux64 - "Red Hat Enterprise Linux 9.6 (Plow)")

CPU model: AMD EPYC 9654 96-Core Processor, instruction set [SSE2|AVX|AVX2|AVX512]
Thread count: 192 physical cores, 192 logical processors, using up to 48 threads

Non-default parameters:
MemLimit  60
MIPGap  0.002
NodefileStart  1
Cuts  1
Presolve  1
Threads  48

Academic license 2514514 - for non-commercial use only - registered to l.___@student.vu.nl
Optimize a model with 178177 rows, 50050 columns and 1021312 nonzeros
Model fingerprint: 0xf362a0ef
Variable types: 39426 continuous, 10624 integer (10624 binary)
Coefficient statistics:
  Matrix range     [6e-05, 1e+05]
  Objective range  [2e+00, 3e+04]
  Bounds range     [1e+00, 1e+00]
  RHS range        [3e-01, 2e+05]
Presolve removed 34328 rows and 21942 columns
Presolve time: 2.88s
Presolved: 143849 rows, 28108 columns, 845177 nonzeros
Variable types: 22420 continuous, 5688 integer (5688 binary)

Deterministic concurrent LP optimizer: primal simplex, dual simplex, and barrier
Showing barrier log only...

Root relaxation presolved: 26119 rows, 169912 columns, 873054 nonzeros

Root barrier log...

Ordering time: 0.05s

Barrier statistics:
 Dense cols : 36
 Free vars  : 2112
 AA' NZ     : 5.774e+05
 Factor NZ  : 1.582e+06 (roughly 100 MB of memory)
 Factor Ops : 1.159e+08 (less than 1 second per iteration)
 Threads    : 45

                  Objective                Residual
Iter       Primal          Dual         Primal    Dual     Compl     Time
   0   1.52580095e+12  1.07235564e+06  7.87e+06 3.17e+02  1.43e+08     5s
   1   1.16102542e+12 -1.75307962e+08  5.21e+06 2.84e+03  9.13e+07     5s
   2   8.21401659e+11 -1.44978614e+08  2.96e+06 2.17e+03  6.17e+07     5s
   3   6.54885493e+11 -9.53960048e+07  1.90e+06 1.52e+03  4.22e+07     5s
   4   4.66072582e+11 -6.23233893e+07  8.25e+05 1.05e+03  2.54e+07     5s
   5   3.82952990e+11 -3.75574001e+07  5.26e+05 6.77e+02  1.65e+07     5s
   6   3.01036786e+11 -1.97033932e+07  3.09e+05 3.81e+02  9.61e+06     5s
   7   2.21876984e+11 -8.75530869e+06  1.73e+05 2.11e+02  5.47e+06     5s
   8   1.83899358e+11 -6.90151227e+06  1.27e+05 1.82e+02  4.43e+06     5s
   9   1.70996623e+11 -6.28856739e+06  1.15e+05 1.61e+02  3.97e+06     5s
  10   1.47348412e+11 -4.84562944e+06  8.98e+04 1.28e+02  3.16e+06     5s
  11   1.11206046e+11 -3.25622674e+06  5.89e+04 8.66e+01  2.12e+06     5s
  12   8.97955568e+10 -1.83649370e+06  4.18e+04 4.68e+01  1.33e+06     5s
  13   5.60027274e+10 -3.23634175e+03  2.04e+04 2.22e+01  6.68e+05     5s
  14   2.79139223e+10  9.29567302e+05  7.05e+03 8.44e+00  2.68e+05     5s
  15   7.74087734e+09  1.60369463e+06  1.20e+03 2.42e+00  6.44e+04     5s
  16   4.74915633e+09  2.62125349e+06  6.74e+02 9.05e-01  3.38e+04     5s
  17   2.44628471e+09  3.89098949e+06  3.15e+02 4.75e-01  1.67e+04     5s
  18   1.89658283e+09  4.90716646e+06  2.39e+02 3.04e-01  1.25e+04     5s
  19   1.23071685e+09  6.20845437e+06  1.49e+02 1.53e-01  7.74e+03     5s
  20   7.45137664e+08  7.99462528e+06  8.65e+01 7.14e-02  4.51e+03     5s
  21   3.28854307e+08  9.62312634e+06  3.55e+01 3.34e-02  1.92e+03     6s
  22   1.91188558e+08  1.04774337e+07  1.93e+01 2.54e-02  1.08e+03     6s
  23   1.26491947e+08  1.41444005e+07  1.16e+01 1.10e-02  6.61e+02     6s
  24   8.01744533e+07  1.60678756e+07  6.16e+00 7.49e-03  3.73e+02     6s
  25   6.28208606e+07  1.68934172e+07  4.22e+00 6.37e-03  2.66e+02     6s
  26   4.69527463e+07  1.90084627e+07  2.46e+00 3.87e-03  1.61e+02     6s
  27   3.93683388e+07  1.97572690e+07  1.68e+00 2.70e-03  1.12e+02     6s
  28   2.95567955e+07  2.02279821e+07  7.44e-01 1.34e-03  5.30e+01     6s

Barrier performed 28 iterations in 5.81 seconds (5.29 work units)
Barrier solve interrupted - model solved by another algorithm

Concurrent spin time: 0.44s (can be avoided by choosing Method=3)

Solved with primal simplex

Root relaxation: objective 2.140715e+07, 31723 iterations, 2.33 seconds (1.90 work units)

    Nodes    |    Current Node    |     Objective Bounds      |     Work
 Expl Unexpl |  Obj  Depth IntInf | Incumbent    BestBd   Gap | It/Node Time

     0     0 2.1407e+07    0  394          - 2.1407e+07      -     -    7s
H    0     0                    2.087042e+07 2.1407e+07  2.57%     -    9s
     0     0 2.1403e+07    0  511 2.0870e+07 2.1403e+07  2.55%     -   13s
H    0     0                    2.105719e+07 2.1403e+07  1.64%     -   15s
     0     0 2.1400e+07    0  542 2.1057e+07 2.1400e+07  1.63%     -   15s
H    0     0                    2.107859e+07 2.1400e+07  1.52%     -   16s
     0     0 2.1400e+07    0  552 2.1079e+07 2.1400e+07  1.52%     -   16s
     0     0 2.1400e+07    0  563 2.1079e+07 2.1400e+07  1.52%     -   16s
     0     0 2.1397e+07    0  595 2.1079e+07 2.1397e+07  1.51%     -   19s
H    0     0                    2.114005e+07 2.1397e+07  1.22%     -   21s
     0     0 2.1393e+07    0  679 2.1140e+07 2.1393e+07  1.20%     -   23s
     0     0 2.1393e+07    0  673 2.1140e+07 2.1393e+07  1.20%     -   24s
     0     0 2.1393e+07    0  676 2.1140e+07 2.1393e+07  1.20%     -   24s
     0     0 2.1393e+07    0  676 2.1140e+07 2.1393e+07  1.20%     -   24s
H    0     0                    2.118516e+07 2.1393e+07  0.98%     -   27s
H    0     0                    2.120899e+07 2.1392e+07  0.86%     -   29s
     0     0 2.1392e+07    0  654 2.1209e+07 2.1392e+07  0.86%     -   29s
     0     0 2.1392e+07    0  689 2.1209e+07 2.1392e+07  0.86%     -   32s
     0     0 2.1392e+07    0  698 2.1209e+07 2.1392e+07  0.86%     -   32s
     0     0 2.1392e+07    0  711 2.1209e+07 2.1392e+07  0.86%     -   33s
     0     0 2.1392e+07    0  703 2.1209e+07 2.1392e+07  0.86%     -   33s
     0     0 2.1392e+07    0  718 2.1209e+07 2.1392e+07  0.86%     -   34s
     0     0 2.1392e+07    0  720 2.1209e+07 2.1392e+07  0.86%     -   34s
H    0     0                    2.123133e+07 2.1392e+07  0.76%     -   37s
H    0     0                    2.123668e+07 2.1391e+07  0.73%     -   39s
     0     0 2.1391e+07    0  696 2.1237e+07 2.1391e+07  0.73%     -   39s
     0     0 2.1391e+07    0  714 2.1237e+07 2.1391e+07  0.73%     -   41s
     0     0 2.1391e+07    0  732 2.1237e+07 2.1391e+07  0.73%     -   42s
     0     0 2.1391e+07    0  730 2.1237e+07 2.1391e+07  0.73%     -   42s
     0     0 2.1391e+07    0  727 2.1237e+07 2.1391e+07  0.73%     -   42s
     0     0 2.1391e+07    0  735 2.1237e+07 2.1391e+07  0.73%     -   42s
H    0     0                    2.127392e+07 2.1391e+07  0.55%     -   46s
H    0     0                    2.127915e+07 2.1390e+07  0.52%     -   48s
     0     0 2.1390e+07    0  564 2.1279e+07 2.1390e+07  0.52%     -   48s
H    0     0                    2.127934e+07 2.1390e+07  0.52%     -   51s
H    0     0                    2.127969e+07 2.1390e+07  0.52%     -   51s
     0     0 2.1390e+07    0  584 2.1280e+07 2.1390e+07  0.52%     -   51s
     0     0 2.1390e+07    0  600 2.1280e+07 2.1390e+07  0.52%     -   52s
     0     0 2.1390e+07    0  594 2.1280e+07 2.1390e+07  0.52%     -   52s
     0     0 2.1390e+07    0  586 2.1280e+07 2.1390e+07  0.52%     -   52s
     0     0 2.1390e+07    0  591 2.1280e+07 2.1390e+07  0.52%     -   53s
     0     0 2.1390e+07    0  558 2.1280e+07 2.1390e+07  0.52%     -   56s
     0     0 2.1389e+07    0  583 2.1280e+07 2.1389e+07  0.52%     -   60s
     0     0 2.1389e+07    0  583 2.1280e+07 2.1389e+07  0.52%     -   60s
     0     0 2.1389e+07    0  586 2.1280e+07 2.1389e+07  0.52%     -   60s
     0     0 2.1389e+07    0  557 2.1280e+07 2.1389e+07  0.52%     -   63s
H    0     0                    2.130838e+07 2.1389e+07  0.38%     -   66s
     0     0 2.1389e+07    0  559 2.1308e+07 2.1389e+07  0.38%     -   66s
     0     0 2.1389e+07    0  532 2.1308e+07 2.1389e+07  0.38%     -   66s
     0     0 2.1389e+07    0  507 2.1308e+07 2.1389e+07  0.38%     -   68s
     0     0 2.1389e+07    0  509 2.1308e+07 2.1389e+07  0.38%     -   74s
     0     0 2.1389e+07    0  513 2.1308e+07 2.1389e+07  0.38%     -   75s
     0     0 2.1389e+07    0  485 2.1308e+07 2.1389e+07  0.38%     -   77s
     0     0 2.1389e+07    0  500 2.1308e+07 2.1389e+07  0.38%     -   80s
     0     0 2.1389e+07    0  488 2.1308e+07 2.1389e+07  0.38%     -   80s
     0     0 2.1389e+07    0  484 2.1308e+07 2.1389e+07  0.38%     -   82s
     0     0 2.1389e+07    0  484 2.1308e+07 2.1389e+07  0.38%     -   88s
     0     2 2.1389e+07    0  484 2.1308e+07 2.1389e+07  0.38%     -  101s
    31    64 2.1389e+07    5  478 2.1308e+07 2.1389e+07  0.38%   382  106s
   159   231 2.1388e+07    8  465 2.1308e+07 2.1389e+07  0.38%   254  110s
H  164   231                    2.130929e+07 2.1389e+07  0.37%   250  110s
H  180   231                    2.130994e+07 2.1389e+07  0.37%   240  110s
H  189   231                    2.131386e+07 2.1389e+07  0.35%   235  110s
H  208   231                    2.132665e+07 2.1389e+07  0.29%   225  110s
H  210   231                    2.132923e+07 2.1389e+07  0.28%   224  110s
H  212   231                    2.132996e+07 2.1389e+07  0.27%   223  110s
   610   662 2.1386e+07   15  444 2.1330e+07 2.1389e+07  0.27%   135  115s
  1203  1303 2.1385e+07   22  421 2.1330e+07 2.1389e+07  0.27%   102  120s
H 1315  1350                    2.132997e+07 2.1389e+07  0.27%  99.2  122s
H 1318  1350                    2.132997e+07 2.1389e+07  0.27%  99.1  122s
H 1341  1350                    2.133001e+07 2.1389e+07  0.27%  98.3  122s
H 1592  1633                    2.133002e+07 2.1389e+07  0.27%  91.6  126s
  2396  2624 2.1380e+07   47  404 2.1330e+07 2.1389e+07  0.27%  76.7  130s
  3799  3768 2.1377e+07   62  390 2.1330e+07 2.1389e+07  0.27%  70.2  137s
H 3847  3779                    2.133379e+07 2.1389e+07  0.26%  70.2  140s
H 3849  3733                    2.133490e+07 2.1389e+07  0.25%  70.2  140s
  5180  5119 2.1376e+07   78  389 2.1335e+07 2.1389e+07  0.25%  67.4  145s
  6666  6614 2.1375e+07   92  375 2.1335e+07 2.1388e+07  0.25%  63.9  151s
  7964  7869 2.1373e+07  122  360 2.1335e+07 2.1388e+07  0.25%  62.2  156s
Created node file directory '/scratch-local/lbeemster.22233905/gurobi_dev0.2_sub28.0_run1/grbnodes0'
  9515  9509 2.1372e+07  152  356 2.1335e+07 2.1388e+07  0.25%  59.7  161s
 10669 10278 2.1368e+07  185  354 2.1335e+07 2.1388e+07  0.25%  58.1  166s
 11559 10848 2.1366e+07  198  338 2.1335e+07 2.1388e+07  0.25%  58.1  172s
H11608 10888                    2.133551e+07 2.1388e+07  0.24%  58.1  175s
H11615 10888                    2.133554e+07 2.1388e+07  0.24%  58.1  175s
 12892 12605 2.1365e+07  209  334 2.1336e+07 2.1388e+07  0.24%  57.5  183s
 13505 13327 2.1365e+07  217  329 2.1336e+07 2.1388e+07  0.24%  57.2  191s
 14268 13373 2.1365e+07  223  318 2.1336e+07 2.1388e+07  0.24%  56.8  196s
H14304 12196                    2.134035e+07 2.1388e+07  0.22%  56.8  196s
 14964 13612 2.1363e+07  228  320 2.1340e+07 2.1388e+07  0.22%  57.2  201s
 15824 13613 2.1358e+07   60  484 2.1340e+07 2.1388e+07  0.22%  56.4  259s
H15825 12933                    2.134036e+07 2.1388e+07  0.22%  56.4  371s
H15825 12286                    2.134157e+07 2.1387e+07  0.21%  56.4  371s
H15825 11672                    2.134473e+07 2.1387e+07  0.20%  56.4  371s
H15825 11088                    2.134495e+07 2.1387e+07  0.20%  56.4  371s
H15825 10534                    2.134499e+07 2.1387e+07  0.20%  56.4  371s
H15825 10007                    2.134518e+07 2.1387e+07  0.20%  56.4  371s

Cutting planes:
  Gomory: 7
  Implied bound: 80
  MIR: 672
  Flow cover: 578
  RLT: 1
  Relax-and-lift: 297

Explored 15825 nodes (1000994 simplex iterations) in 371.55 seconds (424.80 work units)
Thread count was 48 (of 192 available processors)

Solution count 10: 2.13452e+07 2.13452e+07 2.1345e+07 ... 2.13355e+07

Optimal solution found (tolerance 2.00e-03)
Best objective 2.134518413978e+07, best bound 2.138715787333e+07, gap 0.1966%
Deleted nodefile directory: /scratch-local/lbeemster.22233905/gurobi_dev0.2_sub28.0_run1
Saved model snapshot to study_case_model/figures/subsidy_experiment/run_24426/dev0.2/sub28.0/run1/model_snapshot.pkl
Finished successfully!
