Gurobi shell based on Python 3.13.1 can be launched with command `gurobi.sh`
Gurobi Python Interface can be loaded in Python 3.13.1 with 'import gurobipy'
/var/spool/slurm/slurmd/job22231224/slurm_script: line 24: activate: No such file or directory
Solving model: dev0.0, sub55.0, run0
Read LP format model from file /scratch-local/lbeemster.22231224/tmpfw26vmzj.pyomo.lp
Reading time = 0.64 seconds
x1: 178177 rows, 50050 columns, 1021312 nonzeros
Set parameter OutputFlag to value 1
Set parameter MIPGap to value 0.002
Set parameter Threads to value 48
Set parameter Presolve to value 1
Set parameter Cuts to value 1
Set parameter NodefileStart to value 1
Set parameter NodefileDir to value "/scratch-local/lbeemster.22231224/gurobi_dev0.0_sub55.0_run0"
Set parameter MemLimit to value 60
Gurobi Optimizer version 12.0.3 build v12.0.3rc0 (linux64 - "Red Hat Enterprise Linux 9.6 (Plow)")

CPU model: AMD EPYC 9654 96-Core Processor, instruction set [SSE2|AVX|AVX2|AVX512]
Thread count: 192 physical cores, 192 logical processors, using up to 48 threads

Non-default parameters:
MemLimit  60
MIPGap  0.002
NodefileStart  1
Cuts  1
Presolve  1
Threads  48

Academic license 2514514 - for non-commercial use only - registered to l.___@student.vu.nl
Optimize a model with 178177 rows, 50050 columns and 1021312 nonzeros
Model fingerprint: 0x58f4c9da
Variable types: 39426 continuous, 10624 integer (10624 binary)
Coefficient statistics:
  Matrix range     [6e-05, 1e+05]
  Objective range  [2e+00, 3e+04]
  Bounds range     [1e+00, 1e+00]
  RHS range        [3e-01, 2e+05]
Presolve removed 38073 rows and 25390 columns
Presolve time: 3.06s
Presolved: 140104 rows, 24660 columns, 900845 nonzeros
Variable types: 19180 continuous, 5480 integer (5480 binary)
Found heuristic solution: objective 1.908052e+07
Found heuristic solution: objective 1.922473e+07
Found heuristic solution: objective 1.928424e+07

Deterministic concurrent LP optimizer: primal simplex, dual simplex, and barrier
Showing barrier log only...

Root relaxation presolved: 24002 rows, 164082 columns, 924965 nonzeros

Root barrier log...

Ordering time: 0.04s

Barrier statistics:
 Free vars  : 1920
 AA' NZ     : 5.077e+05
 Factor NZ  : 1.336e+06 (roughly 90 MB of memory)
 Factor Ops : 8.961e+07 (less than 1 second per iteration)
 Threads    : 46

                  Objective                Residual
Iter       Primal          Dual         Primal    Dual     Compl     Time
   0   1.42704756e+12  3.24455006e+06  7.60e+06 4.01e+02  1.49e+08     9s
   1   1.01593922e+12 -1.90952450e+08  4.67e+06 3.18e+03  9.56e+07     9s
   2   7.80100230e+11 -1.95982107e+08  3.02e+06 2.09e+03  6.31e+07     9s
   3   5.37926135e+11 -1.64156839e+08  1.46e+06 1.39e+03  3.76e+07     9s
   4   4.20683175e+11 -1.12618289e+08  8.50e+05 8.24e+02  2.25e+07     9s
   5   3.59468073e+11 -7.00304379e+07  5.96e+05 4.49e+02  1.37e+07     9s
   6   2.61518615e+11 -5.24443525e+07  3.17e+05 3.12e+02  8.66e+06     9s
   7   1.97048235e+11 -3.00554289e+07  1.76e+05 1.63e+02  4.76e+06     9s
   8   1.31896070e+11 -1.91437519e+07  8.61e+04 1.04e+02  2.75e+06     9s
   9   9.63147248e+10 -9.50921975e+06  4.93e+04 5.80e+01  1.60e+06     9s
  10   7.14197065e+10 -5.99459532e+06  3.07e+04 4.09e+01  1.08e+06     9s
  11   4.06872988e+10 -2.81166808e+06  1.33e+04 2.31e+01  5.59e+05     9s
  12   2.61545781e+10 -1.43234632e+06  6.89e+03 1.63e+01  3.43e+05     9s
  13   1.21602074e+10  7.36550059e+05  2.34e+03 5.36e+00  1.22e+05    10s
  14   7.20087040e+09  1.12455964e+06  1.16e+03 3.78e+00  7.04e+04    10s
  15   3.99456925e+09  2.15809814e+06  5.60e+02 1.67e+00  3.42e+04    10s
  16   2.27611942e+09  3.53744955e+06  2.84e+02 8.33e-01  1.79e+04    10s
  17   1.58839777e+09  5.59783634e+06  1.87e+02 4.21e-01  1.14e+04    10s
  18   1.10705858e+09  7.66335682e+06  1.25e+02 1.52e-01  7.22e+03    10s
  19   4.84402910e+08  8.98184158e+06  5.03e+01 6.32e-02  3.04e+03    10s
  20   2.17170647e+08  1.03471985e+07  1.99e+01 3.09e-02  1.29e+03    10s
  21   1.31805274e+08  1.41828212e+07  1.09e+01 1.67e-02  7.14e+02    10s
  22   8.57987616e+07  1.75230156e+07  6.23e+00 7.56e-03  4.10e+02    10s
  23   5.68686691e+07  1.89420349e+07  3.35e+00 4.23e-03  2.26e+02    10s
  24   4.52332200e+07  1.89223686e+07  2.25e+00 3.06e-03  1.57e+02    10s
  25   3.14888181e+07  1.97755597e+07  9.38e-01 2.27e-03  6.93e+01    10s
  26   2.79584214e+07  2.00645780e+07  6.19e-01 1.50e-03  4.66e+01    10s
  27   2.54291920e+07  2.04430948e+07  3.88e-01 2.74e-03  2.94e+01    10s
  28   2.41219687e+07  2.06461751e+07  2.70e-01 1.63e-03  2.05e+01    10s

Barrier performed 28 iterations in 10.08 seconds (8.75 work units)
Barrier solve interrupted - model solved by another algorithm

Concurrent spin time: 0.80s (can be avoided by choosing Method=3)

Solved with primal simplex

Root relaxation: objective 2.102627e+07, 29009 iterations, 2.54 seconds (1.80 work units)

    Nodes    |    Current Node    |     Objective Bounds      |     Work
 Expl Unexpl |  Obj  Depth IntInf | Incumbent    BestBd   Gap | It/Node Time

     0     0 2.1026e+07    0  438 1.9284e+07 2.1026e+07  9.03%     -   12s
     0     0 2.1012e+07    0  519 1.9284e+07 2.1012e+07  8.96%     -   16s
H    0     0                    2.053699e+07 2.1012e+07  2.31%     -   18s
     0     0 2.1010e+07    0  570 2.0537e+07 2.1010e+07  2.30%     -   18s
     0     0 2.1010e+07    0  570 2.0537e+07 2.1010e+07  2.30%     -   18s
     0     0 2.1010e+07    0  570 2.0537e+07 2.1010e+07  2.30%     -   19s
     0     0 2.1009e+07    0  570 2.0537e+07 2.1009e+07  2.30%     -   19s
     0     0 2.1009e+07    0  570 2.0537e+07 2.1009e+07  2.30%     -   19s
     0     0 2.1009e+07    0  558 2.0537e+07 2.1009e+07  2.30%     -   22s
     0     0 2.1008e+07    0  575 2.0537e+07 2.1008e+07  2.29%     -   22s
     0     0 2.1008e+07    0  580 2.0537e+07 2.1008e+07  2.29%     -   23s
     0     0 2.1007e+07    0  563 2.0537e+07 2.1007e+07  2.29%     -   27s
H    0     0                    2.075427e+07 2.1007e+07  1.22%     -   29s
     0     0 2.1007e+07    0  590 2.0754e+07 2.1007e+07  1.22%     -   29s
     0     0 2.1007e+07    0  594 2.0754e+07 2.1007e+07  1.22%     -   30s
     0     0 2.1007e+07    0  601 2.0754e+07 2.1007e+07  1.22%     -   30s
     0     0 2.1007e+07    0  598 2.0754e+07 2.1007e+07  1.22%     -   30s
     0     0 2.1006e+07    0  581 2.0754e+07 2.1006e+07  1.21%     -   34s
     0     0 2.1006e+07    0  589 2.0754e+07 2.1006e+07  1.21%     -   36s
     0     0 2.1006e+07    0  612 2.0754e+07 2.1006e+07  1.21%     -   36s
     0     0 2.1006e+07    0  609 2.0754e+07 2.1006e+07  1.21%     -   36s
     0     0 2.1006e+07    0  609 2.0754e+07 2.1006e+07  1.21%     -   36s
     0     0 2.1005e+07    0  456 2.0754e+07 2.1005e+07  1.21%     -   40s
H    0     0                    2.075879e+07 2.1005e+07  1.19%     -   42s
     0     0 2.1005e+07    0  495 2.0759e+07 2.1005e+07  1.18%     -   43s
     0     0 2.1005e+07    0  507 2.0759e+07 2.1005e+07  1.18%     -   43s
     0     0 2.1005e+07    0  512 2.0759e+07 2.1005e+07  1.18%     -   43s
     0     0 2.1005e+07    0  512 2.0759e+07 2.1005e+07  1.18%     -   43s
     0     0 2.1005e+07    0  517 2.0759e+07 2.1005e+07  1.18%     -   46s
     0     0 2.1004e+07    0  532 2.0759e+07 2.1004e+07  1.18%     -   46s
     0     0 2.1004e+07    0  528 2.0759e+07 2.1004e+07  1.18%     -   47s
     0     0 2.1004e+07    0  534 2.0759e+07 2.1004e+07  1.18%     -   47s
     0     0 2.1004e+07    0  510 2.0759e+07 2.1004e+07  1.18%     -   49s
H    0     0                    2.075927e+07 2.1004e+07  1.18%     -   52s
     0     0 2.1004e+07    0  517 2.0759e+07 2.1004e+07  1.18%     -   52s
     0     0 2.1004e+07    0  523 2.0759e+07 2.1004e+07  1.18%     -   52s
     0     0 2.1004e+07    0  503 2.0759e+07 2.1004e+07  1.18%     -   55s
H    0     0                    2.076691e+07 2.1004e+07  1.14%     -   57s
     0     0 2.1004e+07    0  491 2.0767e+07 2.1004e+07  1.14%     -   57s
     0     0 2.1004e+07    0  489 2.0767e+07 2.1004e+07  1.14%     -   57s
     0     0 2.1004e+07    0  488 2.0767e+07 2.1004e+07  1.14%     -   57s
     0     0 2.1004e+07    0  468 2.0767e+07 2.1004e+07  1.14%     -   60s
     0     0 2.1004e+07    0  463 2.0767e+07 2.1004e+07  1.14%     -   62s
     0     0 2.1004e+07    0  470 2.0767e+07 2.1004e+07  1.14%     -   62s
     0     0 2.1004e+07    0  472 2.0767e+07 2.1004e+07  1.14%     -   62s
     0     0 2.1004e+07    0  466 2.0767e+07 2.1004e+07  1.14%     -   65s
     0     0 2.1004e+07    0  471 2.0767e+07 2.1004e+07  1.14%     -   65s
     0     0 2.1004e+07    0  467 2.0767e+07 2.1004e+07  1.14%     -   65s
     0     0 2.1004e+07    0  475 2.0767e+07 2.1004e+07  1.14%     -   68s
     0     0 2.1004e+07    0  475 2.0767e+07 2.1004e+07  1.14%     -   74s
H    0     0                    2.083980e+07 2.1004e+07  0.79%     -   83s
H    0     0                    2.089918e+07 2.1004e+07  0.50%     -   84s
H    0     0                    2.089931e+07 2.1004e+07  0.50%     -   88s
H    0     0                    2.090298e+07 2.1004e+07  0.48%     -   93s
     0     2 2.1004e+07    0  475 2.0903e+07 2.1004e+07  0.48%     -   95s
H   40    64                    2.090339e+07 2.1004e+07  0.48%   102   98s
   111   235 2.1004e+07    7  477 2.0903e+07 2.1004e+07  0.48%  85.7  100s
   858   995 2.1003e+07   21  431 2.0903e+07 2.1004e+07  0.48%  47.3  105s
  1042  1092 2.1003e+07   25  413 2.0903e+07 2.1004e+07  0.48%  48.2  111s
H 1045  1092                    2.090673e+07 2.1004e+07  0.46%  48.4  111s
H 1058  1092                    2.091021e+07 2.1004e+07  0.45%  48.5  111s
H 1091  1140                    2.091023e+07 2.1004e+07  0.45%  48.2  114s
  1139  1318 2.1003e+07   26  410 2.0910e+07 2.1004e+07  0.45%  48.2  115s
  2284  2469 2.1000e+07   42  401 2.0910e+07 2.1004e+07  0.45%  46.9  121s
  3577  3953 2.0998e+07   55  392 2.0910e+07 2.1004e+07  0.45%  47.1  126s
  4596  4618 2.0997e+07   66  389 2.0910e+07 2.1004e+07  0.45%  50.7  132s
  4644  4668 2.0997e+07   67  390 2.0910e+07 2.1004e+07  0.45%  50.8  136s
H 4694  4482                    2.092987e+07 2.1004e+07  0.35%  51.0  142s
  5510  5787 2.0995e+07   78  384 2.0930e+07 2.1004e+07  0.35%  50.5  146s
H 6466  6141                    2.093038e+07 2.1004e+07  0.35%  49.6  148s
H 6503  6061                    2.093557e+07 2.1004e+07  0.33%  49.5  148s
  6507  6954 2.0991e+07  101  372 2.0936e+07 2.1004e+07  0.33%  49.5  150s
  8075  8102 2.0987e+07  127  336 2.0936e+07 2.1004e+07  0.33%  48.2  155s
H 9258  8930                    2.093557e+07 2.1004e+07  0.33%  47.5  157s
  9499  9546 2.0985e+07  148  318 2.0936e+07 2.1004e+07  0.33%  47.2  160s
H11076 10500                    2.094144e+07 2.1004e+07  0.30%  46.1  164s
 11543 10833 2.0982e+07  171  313 2.0941e+07 2.1004e+07  0.30%  45.6  167s
 12670 12239 2.0981e+07  198  305 2.0941e+07 2.1004e+07  0.30%  45.7  172s
H12681 12239                    2.094144e+07 2.1004e+07  0.30%  45.7  172s
 14324 13833 2.0979e+07  218  300 2.0941e+07 2.1004e+07  0.30%  44.5  176s
H14982 13758                    2.094250e+07 2.1004e+07  0.29%  44.1  176s
 15809 14560 2.0977e+07  233  298 2.0942e+07 2.1004e+07  0.29%  43.6  183s
H15823 14512                    2.094296e+07 2.1004e+07  0.29%  43.6  183s
H15828 14449                    2.094374e+07 2.1004e+07  0.29%  43.6  183s
H15838 14429                    2.094411e+07 2.1004e+07  0.28%  43.6  183s
H15846 13961                    2.094949e+07 2.1004e+07  0.26%  43.6  183s
 15857 14682 2.0974e+07  234  289 2.0949e+07 2.1004e+07  0.26%  43.6  185s
 17364 15831 2.0973e+07  253  288 2.0949e+07 2.1004e+07  0.26%  43.4  190s
H17665 15319                    2.095334e+07 2.1004e+07  0.24%  43.4  190s
H17698 14991                    2.095629e+07 2.1004e+07  0.23%  43.3  190s
H17865 14535                    2.096019e+07 2.1004e+07  0.21%  43.3  214s
H17865 14504                    2.096066e+07 2.1004e+07  0.21%  43.3  215s
H17865 14127                    2.096397e+07 2.1004e+07  0.19%  43.3  215s

Cutting planes:
  Gomory: 17
  Cover: 56
  Implied bound: 3578
  MIR: 696
  Flow cover: 1157
  RLT: 2
  Relax-and-lift: 311

Explored 17865 nodes (827721 simplex iterations) in 233.71 seconds (255.28 work units)
Thread count was 48 (of 192 available processors)

Solution count 10: 2.0964e+07 2.09607e+07 2.09602e+07 ... 2.09425e+07

Optimal solution found (tolerance 2.00e-03)
Best objective 2.096397393141e+07, best bound 2.100368940107e+07, gap 0.1894%
Deleted nodefile directory: /scratch-local/lbeemster.22231224/gurobi_dev0.0_sub55.0_run0
Saved model snapshot to study_case_model/figures/subsidy_experiment/run_24426/dev0.0/sub55.0/run0/model_snapshot.pkl
Finished successfully!
