Gurobi shell based on Python 3.13.1 can be launched with command `gurobi.sh`
Gurobi Python Interface can be loaded in Python 3.13.1 with 'import gurobipy'
/var/spool/slurm/slurmd/job22231696/slurm_script: line 24: activate: No such file or directory
Solving model: dev0.1, sub36.0, run0
Read LP format model from file /scratch-local/lbeemster.22231696/tmp01tk5d05.pyomo.lp
Reading time = 0.56 seconds
x1: 178177 rows, 50050 columns, 1021312 nonzeros
Set parameter OutputFlag to value 1
Set parameter MIPGap to value 0.002
Set parameter Threads to value 48
Set parameter Presolve to value 1
Set parameter Cuts to value 1
Set parameter NodefileStart to value 1
Set parameter NodefileDir to value "/scratch-local/lbeemster.22231696/gurobi_dev0.1_sub36.0_run0"
Set parameter MemLimit to value 60
Gurobi Optimizer version 12.0.3 build v12.0.3rc0 (linux64 - "Red Hat Enterprise Linux 9.6 (Plow)")

CPU model: AMD EPYC 9654 96-Core Processor, instruction set [SSE2|AVX|AVX2|AVX512]
Thread count: 192 physical cores, 192 logical processors, using up to 48 threads

Non-default parameters:
MemLimit  60
MIPGap  0.002
NodefileStart  1
Cuts  1
Presolve  1
Threads  48

Academic license 2514514 - for non-commercial use only - registered to l.___@student.vu.nl
Optimize a model with 178177 rows, 50050 columns and 1021312 nonzeros
Model fingerprint: 0x02ace2e5
Variable types: 39426 continuous, 10624 integer (10624 binary)
Coefficient statistics:
  Matrix range     [6e-05, 1e+05]
  Objective range  [2e+00, 3e+04]
  Bounds range     [1e+00, 1e+00]
  RHS range        [3e-01, 2e+05]
Presolve removed 34464 rows and 22454 columns
Presolve time: 2.93s
Presolved: 143713 rows, 27596 columns, 844472 nonzeros
Variable types: 22036 continuous, 5560 integer (5560 binary)

Deterministic concurrent LP optimizer: primal simplex, dual simplex, and barrier
Showing barrier log only...

Root relaxation presolved: 25734 rows, 169447 columns, 871927 nonzeros

Root barrier log...

Ordering time: 0.05s

Barrier statistics:
 Dense cols : 25
 Free vars  : 2112
 AA' NZ     : 5.878e+05
 Factor NZ  : 1.574e+06 (roughly 100 MB of memory)
 Factor Ops : 1.164e+08 (less than 1 second per iteration)
 Threads    : 45

                  Objective                Residual
Iter       Primal          Dual         Primal    Dual     Compl     Time
   0   1.53076648e+12  1.30370354e+06  7.89e+06 4.01e+02  1.58e+08     5s
   1   1.16529613e+12 -2.11952536e+08  5.16e+06 3.14e+03  1.00e+08     5s
   2   8.37919872e+11 -1.91969841e+08  2.78e+06 2.15e+03  6.28e+07     5s
   3   5.95812843e+11 -1.51092762e+08  1.21e+06 1.44e+03  3.69e+07     5s
   4   4.47736366e+11 -9.23716996e+07  5.62e+05 8.68e+02  2.13e+07     5s
   5   3.54838451e+11 -5.86655114e+07  3.13e+05 5.54e+02  1.32e+07     5s
   6   2.72941173e+11 -3.20310374e+07  1.78e+05 3.00e+02  7.45e+06     5s
   7   2.14215459e+11 -2.12088283e+07  1.16e+05 1.97e+02  4.89e+06     5s
   8   2.02163435e+11 -2.07454572e+07  1.07e+05 1.93e+02  4.69e+06     5s
   9   1.95073825e+11 -1.97072721e+07  1.03e+05 1.83e+02  4.47e+06     5s
  10   1.71365370e+11 -1.54871087e+07  8.29e+04 1.43e+02  3.55e+06     5s
  11   1.39783321e+11 -1.24343867e+07  6.11e+04 1.16e+02  2.79e+06     5s
  12   1.08175431e+11 -7.04027681e+06  4.08e+04 7.12e+01  1.80e+06     5s
  13   7.09999964e+10 -2.33763662e+06  2.13e+04 3.43e+01  9.30e+05     5s
  14   3.64600533e+10 -4.48403475e+04  7.33e+03 1.52e+01  3.98e+05     5s
  15   2.30506026e+10  1.41924663e+06  4.05e+03 4.44e+00  1.83e+05     5s
  16   1.03993676e+10  1.93378284e+06  1.60e+03 2.17e+00  7.88e+04     5s
  17   5.93188358e+09  2.49005999e+06  8.43e+02 1.01e+00  4.16e+04     6s
  18   4.14358190e+09  3.53357002e+06  5.67e+02 4.16e-01  2.68e+04     6s
  19   1.85516490e+09  3.96526701e+06  2.39e+02 3.04e-01  1.22e+04     6s
  20   1.02800029e+09  5.23051216e+06  1.25e+02 1.35e-01  6.47e+03     6s
  21   5.21602525e+08  6.89395239e+06  5.88e+01 5.38e-02  3.15e+03     6s
  22   2.80137709e+08  8.50644448e+06  2.96e+01 3.03e-02  1.64e+03     6s
  23   1.88389838e+08  1.03739829e+07  1.88e+01 1.98e-02  1.06e+03     6s
  24   1.21326504e+08  1.43399755e+07  1.11e+01 6.55e-03  6.30e+02     6s
  25   9.68111889e+07  1.59973581e+07  8.21e+00 3.75e-03  4.73e+02     6s
  26   6.33857611e+07  1.79212458e+07  4.40e+00 4.28e-03  2.64e+02     6s
  27   4.60196775e+07  1.89421148e+07  2.47e+00 2.94e-03  1.56e+02     6s
  28   3.32954828e+07  1.89159308e+07  1.19e+00 1.53e-03  8.22e+01     6s
  29   2.83117032e+07  1.96752966e+07  6.94e-01 9.65e-04  4.92e+01     6s
  30   2.52338711e+07  2.01856710e+07  3.80e-01 1.15e-03  2.86e+01     6s
  31   2.41260548e+07  2.03944299e+07  2.74e-01 9.24e-04  2.11e+01     6s
  32   2.26491547e+07  2.05979812e+07  1.45e-01 8.07e-04  1.16e+01     6s
  33   2.19040735e+07  2.06754182e+07  8.29e-02 6.34e-04  6.91e+00     6s
  34   2.15743989e+07  2.07509840e+07  5.55e-02 4.41e-04  4.63e+00     6s
  35   2.12170353e+07  2.07925623e+07  2.71e-02 3.76e-04  2.38e+00     6s
  36   2.10719450e+07  2.08203007e+07  1.51e-02 3.14e-04  1.41e+00     6s
  37   2.10172495e+07  2.08401348e+07  1.02e-02 2.71e-04  9.87e-01     6s
  38   2.09921771e+07  2.08700246e+07  6.89e-03 2.76e-04  6.77e-01     6s
  39   2.09665646e+07  2.08890861e+07  4.30e-03 2.38e-04  4.27e-01     6s
  40   2.09526664e+07  2.09055566e+07  2.67e-03 1.91e-04  2.58e-01     6s

Barrier performed 40 iterations in 6.45 seconds (5.86 work units)
Barrier solve interrupted - model solved by another algorithm

Concurrent spin time: 0.66s (can be avoided by choosing Method=3)

Solved with primal simplex

Root relaxation: objective 2.092103e+07, 33218 iterations, 2.97 seconds (2.36 work units)

    Nodes    |    Current Node    |     Objective Bounds      |     Work
 Expl Unexpl |  Obj  Depth IntInf | Incumbent    BestBd   Gap | It/Node Time

     0     0 2.0921e+07    0  506          - 2.0921e+07      -     -    8s
H    0     0                    1.997822e+07 2.0921e+07  4.72%     -    9s
     0     0 2.0910e+07    0  554 1.9978e+07 2.0910e+07  4.66%     -   15s
H    0     0                    2.020302e+07 2.0910e+07  3.50%     -   16s
     0     0 2.0908e+07    0  604 2.0203e+07 2.0908e+07  3.49%     -   18s
     0     0 2.0908e+07    0  622 2.0203e+07 2.0908e+07  3.49%     -   18s
     0     0 2.0907e+07    0  628 2.0203e+07 2.0907e+07  3.49%     -   19s
     0     0 2.0907e+07    0  633 2.0203e+07 2.0907e+07  3.49%     -   19s
     0     0 2.0906e+07    0  613 2.0203e+07 2.0906e+07  3.48%     -   24s
     0     0 2.0905e+07    0  632 2.0203e+07 2.0905e+07  3.48%     -   28s
     0     0 2.0905e+07    0  632 2.0203e+07 2.0905e+07  3.48%     -   28s
     0     0 2.0905e+07    0  646 2.0203e+07 2.0905e+07  3.48%     -   29s
     0     0 2.0905e+07    0  645 2.0203e+07 2.0905e+07  3.48%     -   29s
     0     0 2.0905e+07    0  644 2.0203e+07 2.0905e+07  3.48%     -   30s
H    0     0                    2.057837e+07 2.0905e+07  1.59%     -   33s
H    0     0                    2.058900e+07 2.0904e+07  1.53%     -   35s
     0     0 2.0904e+07    0  654 2.0589e+07 2.0904e+07  1.53%     -   35s
     0     0 2.0904e+07    0  648 2.0589e+07 2.0904e+07  1.53%     -   36s
H    0     0                    2.059511e+07 2.0904e+07  1.50%     -   37s
H    0     0                    2.063347e+07 2.0903e+07  1.31%     -   38s
     0     0 2.0903e+07    0  670 2.0633e+07 2.0903e+07  1.31%     -   38s
     0     0 2.0903e+07    0  704 2.0633e+07 2.0903e+07  1.31%     -   39s
     0     0 2.0903e+07    0  718 2.0633e+07 2.0903e+07  1.31%     -   40s
     0     0 2.0903e+07    0  733 2.0633e+07 2.0903e+07  1.31%     -   40s
     0     0 2.0903e+07    0  725 2.0633e+07 2.0903e+07  1.31%     -   40s
H    0     0                    2.063658e+07 2.0902e+07  1.29%     -   45s
     0     0 2.0902e+07    0  679 2.0637e+07 2.0902e+07  1.29%     -   45s
H    0     0                    2.069099e+07 2.0902e+07  1.02%     -   48s
H    0     0                    2.071205e+07 2.0902e+07  0.92%     -   48s
     0     0 2.0902e+07    0  699 2.0712e+07 2.0902e+07  0.92%     -   49s
     0     0 2.0902e+07    0  707 2.0712e+07 2.0902e+07  0.92%     -   50s
     0     0 2.0902e+07    0  714 2.0712e+07 2.0902e+07  0.92%     -   50s
     0     0 2.0902e+07    0  712 2.0712e+07 2.0902e+07  0.92%     -   51s
     0     0 2.0902e+07    0  719 2.0712e+07 2.0902e+07  0.92%     -   51s
H    0     0                    2.072362e+07 2.0901e+07  0.85%     -   58s
     0     0 2.0901e+07    0  491 2.0724e+07 2.0901e+07  0.85%     -   58s
     0     0 2.0901e+07    0  508 2.0724e+07 2.0901e+07  0.85%     -   60s
     0     0 2.0901e+07    0  509 2.0724e+07 2.0901e+07  0.85%     -   60s
H    0     0                    2.072367e+07 2.0900e+07  0.85%     -   61s
     0     0 2.0900e+07    0  505 2.0724e+07 2.0900e+07  0.85%     -   61s
     0     0 2.0900e+07    0  508 2.0724e+07 2.0900e+07  0.85%     -   61s
     0     0 2.0900e+07    0  469 2.0724e+07 2.0900e+07  0.85%     -   64s
H    0     0                    2.072644e+07 2.0900e+07  0.84%     -   68s
H    0     0                    2.077279e+07 2.0900e+07  0.61%     -   68s
     0     0 2.0900e+07    0  486 2.0773e+07 2.0900e+07  0.61%     -   68s
     0     0 2.0900e+07    0  487 2.0773e+07 2.0900e+07  0.61%     -   68s
H    0     0                    2.079679e+07 2.0900e+07  0.50%     -   68s
     0     0 2.0900e+07    0  492 2.0797e+07 2.0900e+07  0.50%     -   69s
H    0     0                    2.081813e+07 2.0900e+07  0.39%     -   71s
     0     0 2.0900e+07    0  482 2.0818e+07 2.0900e+07  0.39%     -   71s
     0     0 2.0900e+07    0  500 2.0818e+07 2.0900e+07  0.39%     -   73s
     0     0 2.0900e+07    0  486 2.0818e+07 2.0900e+07  0.39%     -   73s
     0     0 2.0900e+07    0  485 2.0818e+07 2.0900e+07  0.39%     -   74s
     0     0 2.0900e+07    0  458 2.0818e+07 2.0900e+07  0.39%     -   76s
     0     0 2.0900e+07    0  456 2.0818e+07 2.0900e+07  0.39%     -   79s
     0     0 2.0900e+07    0  462 2.0818e+07 2.0900e+07  0.39%     -   79s
     0     0 2.0900e+07    0  463 2.0818e+07 2.0900e+07  0.39%     -   80s
     0     0 2.0900e+07    0  449 2.0818e+07 2.0900e+07  0.39%     -   82s
     0     0 2.0900e+07    0  453 2.0818e+07 2.0900e+07  0.39%     -   83s
     0     0 2.0900e+07    0  450 2.0818e+07 2.0900e+07  0.39%     -   84s
     0     0 2.0900e+07    0  450 2.0818e+07 2.0900e+07  0.39%     -   84s
     0     0 2.0900e+07    0  466 2.0818e+07 2.0900e+07  0.39%     -   86s
     0     0 2.0900e+07    0  466 2.0818e+07 2.0900e+07  0.39%     -   93s
H    0     0                    2.084947e+07 2.0900e+07  0.24%     -  110s
H    0     0                    2.084948e+07 2.0900e+07  0.24%     -  117s
H    0     0                    2.085691e+07 2.0900e+07  0.21%     -  122s
H    0     0                    2.086208e+07 2.0900e+07  0.18%     -  124s

Cutting planes:
  Gomory: 10
  Cover: 55
  Implied bound: 3502
  MIR: 993
  Flow cover: 1470
  RLT: 29
  Relax-and-lift: 393

Explored 1 nodes (70827 simplex iterations) in 124.49 seconds (114.81 work units)
Thread count was 48 (of 192 available processors)

Solution count 10: 2.08621e+07 2.08621e+07 2.08569e+07 ... 2.07237e+07

Optimal solution found (tolerance 2.00e-03)
Best objective 2.086214072363e+07, best bound 2.089979123582e+07, gap 0.1805%
Deleted nodefile directory: /scratch-local/lbeemster.22231696/gurobi_dev0.1_sub36.0_run0
Saved model snapshot to study_case_model/figures/subsidy_experiment/run_24426/dev0.1/sub36.0/run0/model_snapshot.pkl
Finished successfully!
