Gurobi shell based on Python 3.13.1 can be launched with command `gurobi.sh`
Gurobi Python Interface can be loaded in Python 3.13.1 with 'import gurobipy'
/var/spool/slurm/slurmd/job22233987/slurm_script: line 24: activate: No such file or directory
Solving model: dev0.2, sub50.0, run1
Read LP format model from file /scratch-local/lbeemster.22233987/tmp1702g7an.pyomo.lp
Reading time = 0.55 seconds
x1: 178177 rows, 50050 columns, 1021312 nonzeros
Set parameter OutputFlag to value 1
Set parameter MIPGap to value 0.002
Set parameter Threads to value 48
Set parameter Presolve to value 1
Set parameter Cuts to value 1
Set parameter NodefileStart to value 1
Set parameter NodefileDir to value "/scratch-local/lbeemster.22233987/gurobi_dev0.2_sub50.0_run1"
Set parameter MemLimit to value 60
Gurobi Optimizer version 12.0.3 build v12.0.3rc0 (linux64 - "Red Hat Enterprise Linux 9.6 (Plow)")

CPU model: AMD EPYC 9654 96-Core Processor, instruction set [SSE2|AVX|AVX2|AVX512]
Thread count: 192 physical cores, 192 logical processors, using up to 48 threads

Non-default parameters:
MemLimit  60
MIPGap  0.002
NodefileStart  1
Cuts  1
Presolve  1
Threads  48

Academic license 2514514 - for non-commercial use only - registered to l.___@student.vu.nl
Optimize a model with 178177 rows, 50050 columns and 1021312 nonzeros
Model fingerprint: 0xeb9307f7
Variable types: 39426 continuous, 10624 integer (10624 binary)
Coefficient statistics:
  Matrix range     [6e-05, 1e+05]
  Objective range  [2e+00, 3e+04]
  Bounds range     [1e+00, 1e+00]
  RHS range        [3e-01, 2e+05]
Presolve removed 34328 rows and 21942 columns
Presolve time: 2.89s
Presolved: 143849 rows, 28108 columns, 845177 nonzeros
Variable types: 22420 continuous, 5688 integer (5688 binary)

Deterministic concurrent LP optimizer: primal simplex, dual simplex, and barrier
Showing barrier log only...

Root relaxation presolved: 26119 rows, 169912 columns, 873054 nonzeros

Root barrier log...

Ordering time: 0.05s

Barrier statistics:
 Dense cols : 36
 Free vars  : 2112
 AA' NZ     : 5.774e+05
 Factor NZ  : 1.582e+06 (roughly 100 MB of memory)
 Factor Ops : 1.159e+08 (less than 1 second per iteration)
 Threads    : 45

                  Objective                Residual
Iter       Primal          Dual         Primal    Dual     Compl     Time
   0   1.53724574e+12  1.04736376e+06  7.93e+06 3.17e+02  1.44e+08     5s
   1   1.16953520e+12 -2.48950148e+08  5.25e+06 2.84e+03  9.20e+07     5s
   2   8.27602737e+11 -2.81893298e+08  2.98e+06 2.17e+03  6.22e+07     5s
   3   6.60083193e+11 -2.76016766e+08  1.91e+06 1.52e+03  4.26e+07     5s
   4   4.68065523e+11 -2.48844033e+08  8.30e+05 1.08e+03  2.61e+07     5s
   5   3.84954502e+11 -1.84438448e+08  5.26e+05 6.88e+02  1.68e+07     5s
   6   3.03865275e+11 -1.13738469e+08  3.09e+05 3.87e+02  9.78e+06     5s
   7   2.28523823e+11 -6.74417555e+07  1.80e+05 2.11e+02  5.58e+06     5s
   8   1.87121401e+11 -5.93196962e+07  1.29e+05 1.83e+02  4.51e+06     5s
   9   1.73426691e+11 -5.62694393e+07  1.16e+05 1.72e+02  4.18e+06     5s
  10   1.56062914e+11 -4.62067868e+07  9.81e+04 1.39e+02  3.44e+06     5s
  11   1.15190894e+11 -3.08446505e+07  6.12e+04 8.93e+01  2.21e+06     5s
  12   8.83588376e+10 -1.74092543e+07  4.01e+04 5.01e+01  1.36e+06     5s
  13   5.52982197e+10 -7.47309615e+06  1.92e+04 2.35e+01  6.81e+05     5s
  14   3.70532609e+10 -1.95974230e+06  1.09e+04 9.49e+00  3.52e+05     5s
  15   1.34667847e+10  4.90598065e+05  2.99e+03 3.64e+00  1.15e+05     5s
  16   8.66477096e+09  1.52959655e+06  1.79e+03 1.58e+00  6.56e+04     5s
  17   5.16034908e+09  2.47865977e+06  9.94e+02 5.70e-01  3.55e+04     5s
  18   2.65998754e+09  3.12997719e+06  4.81e+02 3.83e-01  1.80e+04     5s
  19   1.68410345e+09  3.98235840e+06  2.92e+02 2.38e-01  1.12e+04     5s
  20   9.66738460e+08  6.25970466e+06  1.59e+02 6.78e-02  6.02e+03     5s
  21   4.50942425e+08  7.74050996e+06  7.02e+01 2.84e-02  2.72e+03     6s
  22   2.37895565e+08  9.21636993e+06  3.42e+01 1.91e-02  1.39e+03     6s
  23   1.66096278e+08  1.06337924e+07  2.25e+01 1.54e-02  9.39e+02     6s
  24   1.16686440e+08  1.59117696e+07  1.45e+01 5.56e-03  6.01e+02     6s
  25   7.50824441e+07  1.80442932e+07  7.87e+00 3.62e-03  3.38e+02     6s
  26   4.60509372e+07  1.93813629e+07  3.32e+00 2.45e-03  1.56e+02     6s
  27   3.70555465e+07  1.97682601e+07  2.04e+00 2.10e-03  1.01e+02     6s
  28   3.15629424e+07  2.02819055e+07  1.28e+00 1.47e-03  6.55e+01     6s
  29   2.89251469e+07  2.05696282e+07  9.25e-01 1.04e-03  4.84e+01     6s
  30   2.57796458e+07  2.08705029e+07  4.94e-01 8.64e-04  2.82e+01     6s
  31   2.43150041e+07  2.11321131e+07  3.16e-01 7.82e-04  1.82e+01     6s
  32   2.33469359e+07  2.12357477e+07  2.01e-01 6.30e-04  1.21e+01     6s
  33   2.27318003e+07  2.13050447e+07  1.29e-01 5.69e-04  8.12e+00     6s
  34   2.22275014e+07  2.13961900e+07  7.09e-02 5.23e-04  4.71e+00     6s
  35   2.19679085e+07  2.14522661e+07  4.35e-02 5.41e-04  2.92e+00     6s
  36   2.17942258e+07  2.14811842e+07  2.48e-02 4.11e-04  1.76e+00     6s
  37   2.17094346e+07  2.15062975e+07  1.57e-02 2.98e-04  1.14e+00     6s
  38   2.16726621e+07  2.15237485e+07  1.06e-02 2.68e-04  8.31e-01     6s
  39   2.16499716e+07  2.15452286e+07  7.14e-03 2.55e-04  5.80e-01     6s
  40   2.16320483e+07  2.15642805e+07  4.65e-03 2.31e-04  3.73e-01     6s
  41   2.16145202e+07  2.15736263e+07  2.73e-03 2.37e-04  2.24e-01     6s
  42   2.16033308e+07  2.15806676e+07  1.54e-03 1.88e-04  1.24e-01     6s
  43   2.15962300e+07  2.15832662e+07  8.28e-04 1.49e-04  7.08e-02     6s
  44   2.15919233e+07  2.15850019e+07  4.28e-04 1.16e-04  3.78e-02     6s
  45   2.15900144e+07  2.15858616e+07  2.61e-04 8.73e-05  2.27e-02     7s
  46   2.15881667e+07  2.15862961e+07  1.10e-04 6.54e-05  1.02e-02     7s
  47   2.15874965e+07  2.15865338e+07  5.81e-05 2.85e-05  5.25e-03     7s
  48   2.15870879e+07  2.15865969e+07  2.85e-05 1.25e-05  2.67e-03     7s
  49   2.15868050e+07  2.15866224e+07  9.54e-06 6.91e-06  9.92e-04     7s
  50   2.15867279e+07  2.15866382e+07  4.36e-06 4.87e-06  4.87e-04     7s
  51   2.15867084e+07  2.15866463e+07  3.16e-06 2.92e-06  3.37e-04     7s
  52   2.15866783e+07  2.15866505e+07  1.37e-06 1.95e-06  1.51e-04     7s
  53   2.15866566e+07  2.15866516e+07  2.14e-07 6.83e-07  2.70e-05     7s
  54   2.15866529e+07  2.15866519e+07  4.27e-08 1.86e-07  5.72e-06     7s
  55   2.15866522e+07  2.15866519e+07  8.31e-09 7.25e-08  1.39e-06     7s
  56   2.15866520e+07  2.15866520e+07  4.05e-09 8.94e-09  4.02e-07     7s
  57   2.15866520e+07  2.15866520e+07  2.17e-09 2.27e-09  7.88e-08     8s
  58   2.15866520e+07  2.15866520e+07  1.81e-09 4.91e-10  4.65e-08     8s

Barrier solved model in 58 iterations and 7.62 seconds (6.95 work units)
Optimal objective 2.15866520e+07


Root crossover log...

    7957 DPushes remaining with DInf 0.0000000e+00                 8s
       0 DPushes remaining with DInf 0.0000000e+00                 8s

    9385 PPushes remaining with PInf 2.4503565e-03                 8s
       0 PPushes remaining with PInf 8.6979209e-06                 8s

  Push phase complete: Pinf 8.6979209e-06, Dinf 1.7723716e+00      8s


Root simplex log...

Iteration    Objective       Primal Inf.    Dual Inf.      Time
   16148    2.1586652e+07   0.000000e+00   1.772372e+00      8s
   16208    2.1586652e+07   0.000000e+00   0.000000e+00      8s
   16208    2.1586652e+07   0.000000e+00   0.000000e+00      8s
   16208    2.1586652e+07   0.000000e+00   0.000000e+00      8s
Concurrent spin time: 0.02s

Solved with barrier

Root relaxation: objective 2.158665e+07, 16208 iterations, 4.56 seconds (3.89 work units)
Total elapsed time = 10.37s (DegenMoves)

    Nodes    |    Current Node    |     Objective Bounds      |     Work
 Expl Unexpl |  Obj  Depth IntInf | Incumbent    BestBd   Gap | It/Node Time

     0     0 2.1587e+07    0  557          - 2.1587e+07      -     -   11s
H    0     0                    2.062938e+07 2.1587e+07  4.64%     -   13s
     0     0 2.1551e+07    0  677 2.0629e+07 2.1551e+07  4.47%     -   19s
H    0     0                    2.094326e+07 2.1550e+07  2.90%     -   20s
     0     0 2.1532e+07    0  698 2.0943e+07 2.1532e+07  2.81%     -   22s
     0     0 2.1531e+07    0  733 2.0943e+07 2.1531e+07  2.81%     -   23s
H    0     0                    2.101860e+07 2.1531e+07  2.44%     -   23s
     0     0 2.1531e+07    0  741 2.1019e+07 2.1531e+07  2.44%     -   23s
     0     0 2.1529e+07    0  823 2.1019e+07 2.1529e+07  2.43%     -   28s
     0     0 2.1526e+07    0  815 2.1019e+07 2.1526e+07  2.41%     -   33s
     0     0 2.1526e+07    0  852 2.1019e+07 2.1526e+07  2.41%     -   35s
     0     0 2.1526e+07    0  864 2.1019e+07 2.1526e+07  2.41%     -   35s
H    0     0                    2.124971e+07 2.1524e+07  1.29%     -   42s
     0     0 2.1524e+07    0  865 2.1250e+07 2.1524e+07  1.29%     -   43s
H    0     0                    2.131649e+07 2.1524e+07  0.97%     -   45s
     0     0 2.1523e+07    0  891 2.1316e+07 2.1523e+07  0.97%     -   46s
     0     0 2.1523e+07    0  902 2.1316e+07 2.1523e+07  0.97%     -   48s
     0     0 2.1523e+07    0  934 2.1316e+07 2.1523e+07  0.97%     -   49s
     0     0 2.1523e+07    0  950 2.1316e+07 2.1523e+07  0.97%     -   49s
     0     0 2.1523e+07    0  964 2.1316e+07 2.1523e+07  0.97%     -   49s
     0     0 2.1522e+07    0  900 2.1316e+07 2.1522e+07  0.96%     -   57s
H    0     0                    2.135215e+07 2.1522e+07  0.80%     -   61s
     0     0 2.1522e+07    0  914 2.1352e+07 2.1522e+07  0.79%     -   63s
     0     0 2.1522e+07    0  926 2.1352e+07 2.1522e+07  0.79%     -   64s
     0     0 2.1522e+07    0  933 2.1352e+07 2.1522e+07  0.79%     -   65s
     0     0 2.1522e+07    0  937 2.1352e+07 2.1522e+07  0.79%     -   65s
     0     0 2.1522e+07    0  939 2.1352e+07 2.1522e+07  0.79%     -   65s
     0     0 2.1521e+07    0  732 2.1352e+07 2.1521e+07  0.79%     -   74s
     0     0 2.1521e+07    0  775 2.1352e+07 2.1521e+07  0.79%     -   78s
     0     0 2.1521e+07    0  795 2.1352e+07 2.1521e+07  0.79%     -   79s
     0     0 2.1521e+07    0  798 2.1352e+07 2.1521e+07  0.79%     -   80s
     0     0 2.1521e+07    0  808 2.1352e+07 2.1521e+07  0.79%     -   80s
     0     0 2.1520e+07    0  819 2.1352e+07 2.1520e+07  0.79%     -   84s
H    0     0                    2.138254e+07 2.1520e+07  0.64%     -   86s
H    0     0                    2.138518e+07 2.1520e+07  0.63%     -   89s
     0     0 2.1520e+07    0  851 2.1385e+07 2.1520e+07  0.63%     -   90s
     0     0 2.1520e+07    0  845 2.1385e+07 2.1520e+07  0.63%     -   91s
     0     0 2.1520e+07    0  840 2.1385e+07 2.1520e+07  0.63%     -   91s
     0     0 2.1520e+07    0  841 2.1385e+07 2.1520e+07  0.63%     -   92s
     0     0 2.1520e+07    0  816 2.1385e+07 2.1520e+07  0.63%     -   96s
H    0     0                    2.138598e+07 2.1520e+07  0.63%     -   99s
     0     0 2.1520e+07    0  835 2.1386e+07 2.1520e+07  0.63%     -  100s
     0     0 2.1520e+07    0  815 2.1386e+07 2.1520e+07  0.63%     -  101s
     0     0 2.1520e+07    0  828 2.1386e+07 2.1520e+07  0.63%     -  101s
     0     0 2.1520e+07    0  816 2.1386e+07 2.1520e+07  0.63%     -  102s
     0     0 2.1520e+07    0  792 2.1386e+07 2.1520e+07  0.62%     -  106s
     0     0 2.1519e+07    0  831 2.1386e+07 2.1519e+07  0.62%     -  109s
     0     0 2.1519e+07    0  803 2.1386e+07 2.1519e+07  0.62%     -  110s
     0     0 2.1519e+07    0  815 2.1386e+07 2.1519e+07  0.62%     -  110s
     0     0 2.1519e+07    0  807 2.1386e+07 2.1519e+07  0.62%     -  110s
     0     0 2.1519e+07    0  791 2.1386e+07 2.1519e+07  0.62%     -  114s
H    0     0                    2.138953e+07 2.1519e+07  0.61%     -  117s
     0     0 2.1519e+07    0  789 2.1390e+07 2.1519e+07  0.61%     -  118s
     0     0 2.1519e+07    0  770 2.1390e+07 2.1519e+07  0.61%     -  118s
     0     0 2.1519e+07    0  777 2.1390e+07 2.1519e+07  0.61%     -  119s
     0     0 2.1519e+07    0  784 2.1390e+07 2.1519e+07  0.61%     -  122s
     0     0 2.1519e+07    0  798 2.1390e+07 2.1519e+07  0.61%     -  124s
     0     0 2.1519e+07    0  790 2.1390e+07 2.1519e+07  0.61%     -  125s
     0     0 2.1519e+07    0  798 2.1390e+07 2.1519e+07  0.61%     -  125s
     0     0 2.1519e+07    0  771 2.1390e+07 2.1519e+07  0.61%     -  129s
     0     0 2.1519e+07    0  788 2.1390e+07 2.1519e+07  0.60%     -  132s
     0     0 2.1519e+07    0  785 2.1390e+07 2.1519e+07  0.60%     -  132s
     0     0 2.1519e+07    0  767 2.1390e+07 2.1519e+07  0.60%     -  135s
     0     0 2.1519e+07    0  767 2.1390e+07 2.1519e+07  0.60%     -  146s
H    0     0                    2.138966e+07 2.1519e+07  0.60%     -  161s
H    0     2                    2.140356e+07 2.1519e+07  0.54%     -  178s
     0     2 2.1519e+07    0  767 2.1404e+07 2.1519e+07  0.54%     -  178s
     3     8 2.1519e+07    2  751 2.1404e+07 2.1519e+07  0.54%   617  180s
    31    64 2.1519e+07    5  735 2.1404e+07 2.1519e+07  0.54%   604  186s
   111   233 2.1518e+07    7  740 2.1404e+07 2.1519e+07  0.54%   436  190s
   293   342 2.1518e+07    9  748 2.1404e+07 2.1519e+07  0.54%   257  196s
H  299   342                    2.140371e+07 2.1519e+07  0.54%   254  196s
H  306   342                    2.140452e+07 2.1519e+07  0.53%   253  196s
H  318   342                    2.140453e+07 2.1519e+07  0.53%   247  196s
   341   567 2.1518e+07   10  747 2.1405e+07 2.1519e+07  0.53%   238  200s
   566  1076 2.1517e+07   12  728 2.1405e+07 2.1519e+07  0.53%   209  205s
  1075  1124 2.1517e+07   23  694 2.1405e+07 2.1519e+07  0.53%   171  213s
H 1079  1124                    2.141719e+07 2.1519e+07  0.47%   171  213s
H 1091  1124                    2.141972e+07 2.1519e+07  0.46%   171  213s
H 1092  1124                    2.142021e+07 2.1519e+07  0.46%   171  213s
H 1101  1124                    2.142336e+07 2.1519e+07  0.44%   171  213s
  1123  1858 2.1517e+07   23  704 2.1423e+07 2.1519e+07  0.44%   171  221s
  1857  2751 2.1515e+07   33  687 2.1423e+07 2.1519e+07  0.44%   163  229s
  2752  2828 2.1514e+07   46  676 2.1423e+07 2.1519e+07  0.44%   154  237s
H 2766  2828                    2.143341e+07 2.1519e+07  0.40%   154  237s
H 2804  2828                    2.143369e+07 2.1519e+07  0.40%   155  237s
  2829  2951 2.1514e+07   47  668 2.1434e+07 2.1519e+07  0.40%   155  245s
  2952  3029 2.1514e+07   48  653 2.1434e+07 2.1519e+07  0.40%   154  255s
H 2955  3029                    2.143403e+07 2.1519e+07  0.39%   154  255s
H 2980  3027                    2.143614e+07 2.1519e+07  0.39%   154  255s
H 2984  3018                    2.143974e+07 2.1519e+07  0.37%   154  255s
H 2998  3018                    2.144042e+07 2.1519e+07  0.37%   154  255s
  3032  3061 2.1513e+07   49  653 2.1440e+07 2.1519e+07  0.37%   154  264s
H 3033  3056                    2.144656e+07 2.1519e+07  0.34%   154  264s
H 3038  3056                    2.144694e+07 2.1519e+07  0.33%   154  264s
H 3039  3056                    2.144915e+07 2.1519e+07  0.32%   154  264s
H 3047  3056                    2.145311e+07 2.1519e+07  0.31%   154  264s
H 3058  3056                    2.145769e+07 2.1519e+07  0.28%   154  264s
  3082  4385 2.1513e+07   50  654 2.1458e+07 2.1519e+07  0.28%   154  273s
  4434  5655 2.1513e+07   68  632 2.1458e+07 2.1519e+07  0.28%   144  280s
  5729  6340 2.1509e+07   78  613 2.1458e+07 2.1519e+07  0.28%   139  287s
  6466  7315 2.1511e+07   83  631 2.1458e+07 2.1519e+07  0.28%   143  295s
  7480  8418 2.1509e+07  101  607 2.1458e+07 2.1519e+07  0.28%   145  302s
  8627  9221 2.1509e+07  114  569 2.1458e+07 2.1519e+07  0.28%   143  310s
H 9470  9174                    2.145836e+07 2.1519e+07  0.28%   144  321s
H 9489  9137                    2.145887e+07 2.1519e+07  0.28%   145  321s
H 9490  9120                    2.145906e+07 2.1519e+07  0.28%   145  321s
H 9506  8936                    2.146076e+07 2.1519e+07  0.27%   145  321s
  9521  9903 2.1503e+07  123  573 2.1461e+07 2.1519e+07  0.27%   145  327s
H10563 10198                    2.146140e+07 2.1519e+07  0.27%   144  334s
H10728 10176                    2.146164e+07 2.1519e+07  0.27%   145  334s
H10843 10074                    2.146231e+07 2.1519e+07  0.26%   144  334s
 10928 11061 2.1505e+07  143  530 2.1462e+07 2.1519e+07  0.26%   144  342s
 11981 12320 2.1504e+07  159  460 2.1462e+07 2.1519e+07  0.26%   147  350s
 13285 13265 2.1502e+07  192  405 2.1462e+07 2.1519e+07  0.26%   145  358s
 14236 14926 2.1500e+07  211  394 2.1462e+07 2.1519e+07  0.26%   145  368s
 15927 16681 2.1498e+07  272  382 2.1462e+07 2.1519e+07  0.26%   141  375s
H17750 16602                    2.146280e+07 2.1519e+07  0.26%   135  409s
 17751 16595 2.1508e+07   93  767 2.1463e+07 2.1519e+07  0.26%   135  518s
H17752 15766                    2.146423e+07 2.1519e+07  0.25%   135  680s
H17752 14977                    2.146497e+07 2.1519e+07  0.25%   135  680s
H17752 14228                    2.146621e+07 2.1519e+07  0.24%   135  680s
 17754 14229 2.1507e+07  132  640 2.1466e+07 2.1518e+07  0.24%   135  694s
 17755 14230 2.1514e+07   73  643 2.1466e+07 2.1518e+07  0.24%   135  698s
 17756 14230 2.1499e+07  246  664 2.1466e+07 2.1518e+07  0.24%   135  701s
 17758 14232 2.1496e+07   17  631 2.1466e+07 2.1518e+07  0.24%   135  707s
 17760 14233 2.1498e+07  249  646 2.1466e+07 2.1517e+07  0.24%   135  712s
 17762 14234 2.1495e+07  303  645 2.1466e+07 2.1517e+07  0.23%   135  715s
 17765 14236 2.1469e+07   99  634 2.1466e+07 2.1517e+07  0.23%   135  785s
 17768 14238 2.1469e+07  288  590 2.1466e+07 2.1516e+07  0.23%   135  790s
 17769 14239 2.1515e+07   33  584 2.1466e+07 2.1516e+07  0.23%   135  858s
 17770 14240 2.1504e+07  168  585 2.1466e+07 2.1516e+07  0.23%   135  862s
H17772 13529                    2.146647e+07 2.1516e+07  0.23%   135  918s
 17774 13530 2.1470e+07  259  568 2.1466e+07 2.1516e+07  0.23%   135  923s
H17774 12853                    2.146951e+07 2.1516e+07  0.22%   135  923s
 17778 12856 2.1506e+07  126  555 2.1470e+07 2.1516e+07  0.22%   135  977s
 17779 12857 2.1511e+07   88  535 2.1470e+07 2.1516e+07  0.22%   135  980s
 17782 12859 2.1506e+07  126  540 2.1470e+07 2.1516e+07  0.22%   135 1007s
 17783 12859 2.1497e+07  224  535 2.1470e+07 2.1516e+07  0.22%   135 1016s
 17785 12861 2.1491e+07  231  545 2.1470e+07 2.1516e+07  0.22%   135 1097s
 17786 12861 2.1499e+07  174  529 2.1470e+07 2.1516e+07  0.22%   135 1101s
H17786 12217                    2.147799e+07 2.1516e+07  0.18%   135 1179s

Cutting planes:
  Gomory: 27
  Implied bound: 503
  MIR: 888
  Flow cover: 1246
  GUB cover: 1
  RLT: 50
  Relax-and-lift: 890
  BQP: 1

Explored 17786 nodes (2557830 simplex iterations) in 1179.14 seconds (1355.85 work units)
Thread count was 48 (of 192 available processors)

Solution count 10: 2.1478e+07 2.14695e+07 2.14665e+07 ... 2.14608e+07

Optimal solution found (tolerance 2.00e-03)
Best objective 2.147798772344e+07, best bound 2.151596015661e+07, gap 0.1768%
Deleted nodefile directory: /scratch-local/lbeemster.22233987/gurobi_dev0.2_sub50.0_run1
Saved model snapshot to study_case_model/figures/subsidy_experiment/run_24426/dev0.2/sub50.0/run1/model_snapshot.pkl
Finished successfully!
