Gurobi shell based on Python 3.13.1 can be launched with command `gurobi.sh`
Gurobi Python Interface can be loaded in Python 3.13.1 with 'import gurobipy'
/var/spool/slurm/slurmd/job22237033/slurm_script: line 24: activate: No such file or directory
Solving model: dev0.05, sub38.0, run3
Read LP format model from file /scratch-local/lbeemster.22237033/tmphyczp4g5.pyomo.lp
Reading time = 0.54 seconds
x1: 178177 rows, 50050 columns, 1021312 nonzeros
Set parameter OutputFlag to value 1
Set parameter MIPGap to value 0.002
Set parameter Threads to value 48
Set parameter Presolve to value 1
Set parameter Cuts to value 1
Set parameter NodefileStart to value 1
Set parameter NodefileDir to value "/scratch-local/lbeemster.22237033/gurobi_dev0.05_sub38.0_run3"
Set parameter MemLimit to value 60
Gurobi Optimizer version 12.0.3 build v12.0.3rc0 (linux64 - "Red Hat Enterprise Linux 9.6 (Plow)")

CPU model: AMD EPYC 9654 96-Core Processor, instruction set [SSE2|AVX|AVX2|AVX512]
Thread count: 192 physical cores, 192 logical processors, using up to 48 threads

Non-default parameters:
MemLimit  60
MIPGap  0.002
NodefileStart  1
Cuts  1
Presolve  1
Threads  48

Academic license 2514514 - for non-commercial use only - registered to l.___@student.vu.nl
Optimize a model with 178177 rows, 50050 columns and 1021312 nonzeros
Model fingerprint: 0xa689c580
Variable types: 39426 continuous, 10624 integer (10624 binary)
Coefficient statistics:
  Matrix range     [6e-05, 1e+05]
  Objective range  [8e-01, 3e+04]
  Bounds range     [1e+00, 1e+00]
  RHS range        [3e-01, 2e+05]
Presolve removed 33568 rows and 21526 columns
Presolve time: 2.77s
Presolved: 144609 rows, 28524 columns, 858606 nonzeros
Variable types: 22732 continuous, 5792 integer (5792 binary)

Deterministic concurrent LP optimizer: primal simplex, dual simplex, and barrier
Showing barrier log only...

Root relaxation presolved: 26582 rows, 171175 columns, 887002 nonzeros

Root barrier log...

Ordering time: 0.05s

Barrier statistics:
 Dense cols : 36
 Free vars  : 2112
 AA' NZ     : 5.863e+05
 Factor NZ  : 1.633e+06 (roughly 100 MB of memory)
 Factor Ops : 1.208e+08 (less than 1 second per iteration)
 Threads    : 45

                  Objective                Residual
Iter       Primal          Dual         Primal    Dual     Compl     Time
   0   1.54628882e+12  7.49446246e+05  7.89e+06 3.10e+02  1.42e+08     5s
   1   1.16595492e+12 -2.02891095e+08  5.18e+06 2.81e+03  9.04e+07     5s
   2   8.51773717e+11 -1.99816870e+08  3.10e+06 1.92e+03  5.87e+07     5s
   3   5.83314420e+11 -1.53418015e+08  1.40e+06 1.28e+03  3.46e+07     5s
   4   4.42799189e+11 -1.17118787e+08  7.56e+05 8.29e+02  2.14e+07     5s
   5   3.58880390e+11 -7.75080053e+07  4.96e+05 4.76e+02  1.30e+07     5s
   6   2.75626494e+11 -5.43940296e+07  2.95e+05 3.07e+02  8.29e+06     5s
   7   2.15829410e+11 -3.64516641e+07  1.90e+05 1.98e+02  5.40e+06     5s
   8   1.88803664e+11 -3.48596989e+07  1.59e+05 1.89e+02  4.93e+06     5s
   9   1.62049308e+11 -2.36569218e+07  1.21e+05 1.24e+02  3.45e+06     5s
  10   1.26100700e+11 -1.62464726e+07  8.39e+04 8.19e+01  2.35e+06     5s
  11   1.05904906e+11 -1.01309332e+07  6.43e+04 4.87e+01  1.60e+06     5s
  12   6.36581298e+10 -4.49265835e+06  2.71e+04 2.40e+01  7.83e+05     5s
  13   3.32189096e+10 -5.13142850e+05  1.02e+04 7.49e+00  3.05e+05     5s
  14   1.19384508e+10  7.59103433e+05  2.29e+03 3.03e+00  1.00e+05     5s
  15   5.44199667e+09  1.67810134e+06  8.50e+02 1.09e+00  4.04e+04     5s
  16   3.88849220e+09  3.08314168e+06  5.81e+02 5.10e-01  2.60e+04     5s
  17   2.29538364e+09  3.67826999e+06  3.27e+02 3.56e-01  1.52e+04     5s
  18   1.31705732e+09  4.87271718e+06  1.77e+02 1.67e-01  8.38e+03     5s
  19   6.60726095e+08  6.72343362e+06  8.27e+01 6.66e-02  4.03e+03     6s
  20   3.34370627e+08  8.42941352e+06  3.86e+01 3.56e-02  1.98e+03     6s
  21   1.86079500e+08  9.91568204e+06  1.87e+01 2.11e-02  1.05e+03     6s
  22   1.27342989e+08  1.23130755e+07  1.13e+01 1.34e-02  6.77e+02     6s
  23   8.65688430e+07  1.46145933e+07  6.67e+00 5.93e-03  4.18e+02     6s
  24   6.32321061e+07  1.62096379e+07  4.07e+00 4.33e-03  2.71e+02     6s
  25   5.31967378e+07  1.85142973e+07  2.98e+00 2.83e-03  1.98e+02     6s
  26   4.23465366e+07  1.97273274e+07  1.84e+00 1.95e-03  1.29e+02     6s
  27   3.46801165e+07  2.03391224e+07  1.13e+00 1.77e-03  8.09e+01     6s
  28   3.07378297e+07  2.06231718e+07  7.81e-01 1.59e-03  5.69e+01     6s
  29   2.73781807e+07  2.08897511e+07  4.85e-01 1.41e-03  3.64e+01     6s
  30   2.56255955e+07  2.11043403e+07  3.29e-01 1.10e-03  2.53e+01     6s
  31   2.42996825e+07  2.12160780e+07  2.20e-01 8.61e-04  1.72e+01     6s
  32   2.32606317e+07  2.13244657e+07  1.36e-01 8.21e-04  1.08e+01     6s
  33   2.26920791e+07  2.13846115e+07  9.10e-02 6.25e-04  7.27e+00     6s
  34   2.21557352e+07  2.14332847e+07  4.83e-02 5.47e-04  4.01e+00     6s
  35   2.19400335e+07  2.14560687e+07  3.09e-02 4.20e-04  2.68e+00     6s
  36   2.17738167e+07  2.14824641e+07  1.79e-02 3.68e-04  1.61e+00     6s
  37   2.17020971e+07  2.14953386e+07  1.25e-02 3.59e-04  1.14e+00     6s
  38   2.16488780e+07  2.15070086e+07  8.17e-03 3.15e-04  7.79e-01     6s
  39   2.16276471e+07  2.15136520e+07  6.04e-03 2.94e-04  6.23e-01     6s
  40   2.16089123e+07  2.15338628e+07  4.08e-03 3.15e-04  4.08e-01     6s
  41   2.15936936e+07  2.15440201e+07  2.38e-03 3.00e-04  2.68e-01     6s
  42   2.15797295e+07  2.15576884e+07  1.06e-03 2.86e-04  1.19e-01     6s
  43   2.15733616e+07  2.15617560e+07  5.77e-04 2.10e-04  6.24e-02     6s
  44   2.15696085e+07  2.15627217e+07  3.28e-04 1.61e-04  3.70e-02     6s
  45   2.15676059e+07  2.15632541e+07  2.02e-04 1.09e-04  2.34e-02     7s
  46   2.15655475e+07  2.15637044e+07  7.87e-05 5.70e-05  9.88e-03     7s
  47   2.15646646e+07  2.15637995e+07  3.19e-05 4.44e-05  4.63e-03     7s
  48   2.15642131e+07  2.15639195e+07  9.21e-06 1.59e-05  1.57e-03     7s
  49   2.15640985e+07  2.15639480e+07  4.41e-06 7.96e-06  8.03e-04     7s
  50   2.15640172e+07  2.15639704e+07  1.29e-06 2.52e-06  2.50e-04     7s
  51   2.15639810e+07  2.15639777e+07  3.20e-08 7.56e-07  1.76e-05     7s
  52   2.15639791e+07  2.15639787e+07  3.54e-09 1.40e-07  2.25e-06     7s
  53   2.15639790e+07  2.15639788e+07  5.14e-09 5.95e-08  7.94e-07     7s
  54   2.15639789e+07  2.15639788e+07  6.08e-09 4.77e-08  5.19e-07     7s

Barrier solved model in 54 iterations and 7.05 seconds (6.62 work units)
Optimal objective 2.15639789e+07


Root crossover log...

    8145 DPushes remaining with DInf 0.0000000e+00                 7s
       0 DPushes remaining with DInf 0.0000000e+00                 7s

   19325 PPushes remaining with PInf 1.4891118e-03                 7s
       0 PPushes remaining with PInf 1.6803086e-05                 8s

  Push phase complete: Pinf 1.6803086e-05, Dinf 2.3844373e+01      8s


Root simplex log...

Iteration    Objective       Primal Inf.    Dual Inf.      Time
   27016    2.1563979e+07   0.000000e+00   2.384437e+01      8s
   27085    2.1563979e+07   0.000000e+00   0.000000e+00      8s
   27085    2.1563979e+07   0.000000e+00   0.000000e+00      8s
   27088    2.1563979e+07   0.000000e+00   0.000000e+00      8s
Extra simplex iterations from dual to original model: 3
Concurrent spin time: 0.44s (can be avoided by choosing Method=3)

Solved with barrier

Root relaxation: objective 2.156398e+07, 27088 iterations, 4.29 seconds (3.76 work units)
Total elapsed time = 10.48s (DegenMoves)

    Nodes    |    Current Node    |     Objective Bounds      |     Work
 Expl Unexpl |  Obj  Depth IntInf | Incumbent    BestBd   Gap | It/Node Time

     0     0 2.1564e+07    0  488          - 2.1564e+07      -     -   11s
H    0     0                    2.051122e+07 2.1564e+07  5.13%     -   12s
     0     0 2.1559e+07    0  554 2.0511e+07 2.1559e+07  5.11%     -   17s
H    0     0                    2.113172e+07 2.1559e+07  2.02%     -   18s
     0     0 2.1559e+07    0  601 2.1132e+07 2.1559e+07  2.02%     -   18s
     0     0 2.1559e+07    0  612 2.1132e+07 2.1559e+07  2.02%     -   19s
     0     0 2.1559e+07    0  616 2.1132e+07 2.1559e+07  2.02%     -   19s
     0     0 2.1556e+07    0  621 2.1132e+07 2.1556e+07  2.01%     -   23s
     0     0 2.1556e+07    0  708 2.1132e+07 2.1556e+07  2.01%     -   25s
     0     0 2.1556e+07    0  733 2.1132e+07 2.1556e+07  2.01%     -   25s
     0     0 2.1556e+07    0  735 2.1132e+07 2.1556e+07  2.01%     -   26s
     0     0 2.1556e+07    0  742 2.1132e+07 2.1556e+07  2.01%     -   26s
     0     0 2.1553e+07    0  697 2.1132e+07 2.1553e+07  1.99%     -   31s
H    0     0                    2.128072e+07 2.1553e+07  1.28%     -   33s
     0     0 2.1552e+07    0  713 2.1281e+07 2.1552e+07  1.28%     -   34s
     0     0 2.1552e+07    0  713 2.1281e+07 2.1552e+07  1.27%     -   34s
     0     0 2.1552e+07    0  732 2.1281e+07 2.1552e+07  1.27%     -   35s
     0     0 2.1552e+07    0  732 2.1281e+07 2.1552e+07  1.27%     -   35s
     0     0 2.1552e+07    0  730 2.1281e+07 2.1552e+07  1.27%     -   35s
     0     0 2.1550e+07    0  722 2.1281e+07 2.1550e+07  1.27%     -   41s
H    0     0                    2.128114e+07 2.1550e+07  1.27%     -   45s
     0     0 2.1550e+07    0  741 2.1281e+07 2.1550e+07  1.26%     -   46s
     0     0 2.1550e+07    0  745 2.1281e+07 2.1550e+07  1.26%     -   47s
     0     0 2.1550e+07    0  752 2.1281e+07 2.1550e+07  1.26%     -   47s
     0     0 2.1550e+07    0  758 2.1281e+07 2.1550e+07  1.26%     -   47s
     0     0 2.1549e+07    0  640 2.1281e+07 2.1549e+07  1.26%     -   56s
     0     0 2.1549e+07    0  658 2.1281e+07 2.1549e+07  1.26%     -   59s
     0     0 2.1549e+07    0  662 2.1281e+07 2.1549e+07  1.26%     -   60s
     0     0 2.1549e+07    0  659 2.1281e+07 2.1549e+07  1.26%     -   60s
     0     0 2.1549e+07    0  664 2.1281e+07 2.1549e+07  1.26%     -   60s
     0     0 2.1548e+07    0  675 2.1281e+07 2.1548e+07  1.25%     -   63s
     0     0 2.1548e+07    0  692 2.1281e+07 2.1548e+07  1.25%     -   66s
     0     0 2.1548e+07    0  683 2.1281e+07 2.1548e+07  1.25%     -   66s
     0     0 2.1548e+07    0  685 2.1281e+07 2.1548e+07  1.25%     -   66s
     0     0 2.1548e+07    0  678 2.1281e+07 2.1548e+07  1.25%     -   69s
     0     0 2.1548e+07    0  714 2.1281e+07 2.1548e+07  1.25%     -   71s
     0     0 2.1548e+07    0  722 2.1281e+07 2.1548e+07  1.25%     -   71s
     0     0 2.1548e+07    0  726 2.1281e+07 2.1548e+07  1.25%     -   72s
     0     0 2.1548e+07    0  728 2.1281e+07 2.1548e+07  1.25%     -   72s
     0     0 2.1547e+07    0  689 2.1281e+07 2.1547e+07  1.25%     -   75s
     0     0 2.1547e+07    0  690 2.1281e+07 2.1547e+07  1.25%     -   77s
     0     0 2.1547e+07    0  699 2.1281e+07 2.1547e+07  1.25%     -   77s
     0     0 2.1547e+07    0  692 2.1281e+07 2.1547e+07  1.25%     -   78s
     0     0 2.1547e+07    0  701 2.1281e+07 2.1547e+07  1.25%     -   80s
     0     0 2.1547e+07    0  715 2.1281e+07 2.1547e+07  1.25%     -   82s
     0     0 2.1547e+07    0  718 2.1281e+07 2.1547e+07  1.25%     -   82s
     0     0 2.1547e+07    0  721 2.1281e+07 2.1547e+07  1.25%     -   83s
     0     0 2.1547e+07    0  721 2.1281e+07 2.1547e+07  1.25%     -   83s
     0     0 2.1547e+07    0  724 2.1281e+07 2.1547e+07  1.25%     -   83s
     0     0 2.1547e+07    0  691 2.1281e+07 2.1547e+07  1.25%     -   85s
     0     0 2.1547e+07    0  698 2.1281e+07 2.1547e+07  1.25%     -   90s
     0     0 2.1547e+07    0  701 2.1281e+07 2.1547e+07  1.25%     -   90s
     0     0 2.1547e+07    0  688 2.1281e+07 2.1547e+07  1.25%     -   93s
     0     0 2.1547e+07    0  691 2.1281e+07 2.1547e+07  1.25%     -   95s
     0     0 2.1547e+07    0  694 2.1281e+07 2.1547e+07  1.25%     -   96s
     0     0 2.1547e+07    0  682 2.1281e+07 2.1547e+07  1.25%     -   98s
     0     0 2.1547e+07    0  693 2.1281e+07 2.1547e+07  1.25%     -   99s
     0     0 2.1547e+07    0  700 2.1281e+07 2.1547e+07  1.25%     -   99s
     0     0 2.1547e+07    0  699 2.1281e+07 2.1547e+07  1.25%     -   99s
     0     0 2.1546e+07    0  694 2.1281e+07 2.1546e+07  1.25%     -  102s
     0     0 2.1546e+07    0  689 2.1281e+07 2.1546e+07  1.25%     -  103s
     0     0 2.1546e+07    0  691 2.1281e+07 2.1546e+07  1.25%     -  103s
     0     0 2.1546e+07    0  691 2.1281e+07 2.1546e+07  1.25%     -  103s
     0     0 2.1546e+07    0  690 2.1281e+07 2.1546e+07  1.25%     -  104s
     0     0 2.1546e+07    0  684 2.1281e+07 2.1546e+07  1.25%     -  106s
     0     0 2.1546e+07    0  679 2.1281e+07 2.1546e+07  1.24%     -  108s
     0     0 2.1546e+07    0  686 2.1281e+07 2.1546e+07  1.24%     -  108s
     0     0 2.1546e+07    0  685 2.1281e+07 2.1546e+07  1.24%     -  108s
     0     0 2.1546e+07    0  686 2.1281e+07 2.1546e+07  1.24%     -  109s
     0     0 2.1546e+07    0  655 2.1281e+07 2.1546e+07  1.24%     -  111s
     0     0 2.1546e+07    0  647 2.1281e+07 2.1546e+07  1.24%     -  111s
     0     0 2.1546e+07    0  650 2.1281e+07 2.1546e+07  1.24%     -  112s
     0     0 2.1546e+07    0  666 2.1281e+07 2.1546e+07  1.24%     -  114s
     0     0 2.1546e+07    0  652 2.1281e+07 2.1546e+07  1.24%     -  116s
     0     0 2.1546e+07    0  665 2.1281e+07 2.1546e+07  1.24%     -  118s
     0     0 2.1546e+07    0  665 2.1281e+07 2.1546e+07  1.24%     -  127s
H    0     0                    2.130778e+07 2.1546e+07  1.12%     -  139s
H    0     0                    2.131026e+07 2.1546e+07  1.11%     -  142s
H    0     0                    2.131031e+07 2.1546e+07  1.11%     -  142s
H    0     2                    2.132988e+07 2.1546e+07  1.01%     -  146s
     0     2 2.1546e+07    0  665 2.1330e+07 2.1546e+07  1.01%     -  146s
    31    64 2.1542e+07    5  654 2.1330e+07 2.1544e+07  1.01%   275  151s
    63   112 2.1540e+07    6  650 2.1330e+07 2.1544e+07  1.00%   336  155s
H   64   112                    2.133752e+07 2.1544e+07  0.97%   331  155s
H   65   112                    2.134743e+07 2.1544e+07  0.92%   329  155s
   398   531 2.1537e+07   10  642 2.1347e+07 2.1543e+07  0.92%   161  161s
   792   944 2.1534e+07   17  637 2.1347e+07 2.1543e+07  0.92%   124  165s
H 1183  1278                    2.136146e+07 2.1543e+07  0.85%   115  169s
H 1232  1278                    2.136746e+07 2.1543e+07  0.82%   116  169s
  1277  1326 2.1533e+07   24  602 2.1367e+07 2.1543e+07  0.82%   115  173s
  1325  1374 2.1533e+07   25  600 2.1367e+07 2.1543e+07  0.82%   115  181s
H 1349  1374                    2.139254e+07 2.1543e+07  0.70%   116  181s
  1659  1816 2.1532e+07   32  581 2.1393e+07 2.1543e+07  0.70%   120  185s
  2065  2114 2.1531e+07   41  576 2.1393e+07 2.1543e+07  0.70%   121  193s
H 2114  2193                    2.139280e+07 2.1543e+07  0.70%   121  194s
H 2144  2193                    2.139681e+07 2.1543e+07  0.68%   120  194s
H 2155  2193                    2.140658e+07 2.1543e+07  0.64%   120  194s
  2192  2387 2.1531e+07   43  574 2.1407e+07 2.1543e+07  0.64%   121  197s
  2575  2846 2.1530e+07   51  566 2.1407e+07 2.1543e+07  0.64%   116  203s
  3094  3401 2.1530e+07   64  554 2.1407e+07 2.1543e+07  0.64%   115  206s
H 3433  3468                    2.140659e+07 2.1543e+07  0.64%   113  208s
H 3444  3468                    2.140665e+07 2.1543e+07  0.64%   113  208s
H 3453  3468                    2.140666e+07 2.1543e+07  0.64%   113  208s
  3467  3868 2.1530e+07   69  555 2.1407e+07 2.1543e+07  0.64%   113  210s
  4358  4580 2.1529e+07   82  535 2.1407e+07 2.1543e+07  0.64%   112  215s
  5260  5542 2.1529e+07   96  507 2.1407e+07 2.1543e+07  0.64%   119  222s
H 5750  5911                    2.141590e+07 2.1543e+07  0.59%   122  224s
  5914  6188 2.1526e+07  106  517 2.1416e+07 2.1543e+07  0.59%   121  226s
  6664  7274 2.1524e+07  114  364 2.1416e+07 2.1543e+07  0.59%   121  231s
  7963  8399 2.1515e+07  134  355 2.1416e+07 2.1543e+07  0.59%   113  237s
  9234  9225 2.1521e+07  158  348 2.1416e+07 2.1543e+07  0.59%   107  242s
H 9322  9032                    2.141987e+07 2.1543e+07  0.57%   107  242s
 10159 10501 2.1520e+07  168  339 2.1420e+07 2.1543e+07  0.57%   103  246s
 10948 11154 2.1517e+07  176  334 2.1420e+07 2.1543e+07  0.57%  99.2  250s
Created node file directory '/scratch-local/lbeemster.22237033/gurobi_dev0.05_sub38.0_run3/grbnodes0'
 12446 12856 2.1513e+07  208  324 2.1420e+07 2.1543e+07  0.57%  94.3  255s
 14228 14662 2.1472e+07  240  320 2.1420e+07 2.1543e+07  0.57%  90.1  262s
 15197 15551 2.1504e+07  269  296 2.1420e+07 2.1543e+07  0.57%  88.0  265s
 16115 16408 2.1504e+07  278  289 2.1420e+07 2.1542e+07  0.57%  86.5  270s
 16989 16582 2.1501e+07  293  286 2.1420e+07 2.1542e+07  0.57%  85.3  277s
 17163 16824 2.1501e+07  294  287 2.1420e+07 2.1542e+07  0.57%  85.3  281s
H17309 15652                    2.143613e+07 2.1542e+07  0.50%  85.0  281s
H18527 16579                    2.143965e+07 2.1542e+07  0.48%  83.0  320s
H18527 16246                    2.144570e+07 2.1542e+07  0.45%  83.0  324s
 18528 16233 2.1533e+07   64  665 2.1446e+07 2.1542e+07  0.45%  83.0  416s
H18529 15422                    2.144660e+07 2.1542e+07  0.45%  83.0  548s
H18529 14651                    2.146010e+07 2.1539e+07  0.37%  83.0  548s
H18530 13918                    2.146105e+07 2.1539e+07  0.36%  83.0  551s
 18531 13919 2.1493e+07  203  495 2.1461e+07 2.1539e+07  0.36%  83.0  559s
H18531 13223                    2.146964e+07 2.1539e+07  0.32%  83.0  560s
 18533 13224 2.1528e+07  125  410 2.1470e+07 2.1539e+07  0.32%  83.0  565s
H18536 12565                    2.147256e+07 2.1537e+07  0.30%  83.0  647s
H18536 11936                    2.147312e+07 2.1537e+07  0.30%  83.0  647s
H18536 11339                    2.147402e+07 2.1537e+07  0.30%  83.0  647s
H18536 10772                    2.147614e+07 2.1537e+07  0.29%  83.0  647s
H18536 10233                    2.147683e+07 2.1537e+07  0.28%  83.0  647s
H18536  9721                    2.149131e+07 2.1537e+07  0.21%  83.0  647s
H18536  9235                    2.149226e+07 2.1537e+07  0.21%  83.0  647s
H18536  8773                    2.149471e+07 2.1537e+07  0.20%  83.0  647s
H18536  8334                    2.149669e+07 2.1537e+07  0.19%  83.0  647s
H18536  7918                    2.149680e+07 2.1537e+07  0.19%  83.0  647s
H18536  7521                    2.150109e+07 2.1537e+07  0.17%  83.0  647s
H18536  7145                    2.150110e+07 2.1537e+07  0.17%  83.0  647s
H18536  6788                    2.150169e+07 2.1537e+07  0.17%  83.0  647s

Cutting planes:
  Gomory: 18
  Cover: 1
  Implied bound: 447
  MIR: 790
  Flow cover: 787
  RLT: 15
  Relax-and-lift: 997
  PSD: 1

Explored 18536 nodes (1652861 simplex iterations) in 647.51 seconds (733.17 work units)
Thread count was 48 (of 192 available processors)

Solution count 10: 2.15017e+07 2.15017e+07 2.15011e+07 ... 2.14768e+07

Optimal solution found (tolerance 2.00e-03)
Best objective 2.150169045622e+07, best bound 2.153742588126e+07, gap 0.1662%
Deleted nodefile directory: /scratch-local/lbeemster.22237033/gurobi_dev0.05_sub38.0_run3
Saved model snapshot to study_case_model/figures/subsidy_experiment/run_24426/dev0.05/sub38.0/run3/model_snapshot.pkl
Finished successfully!
