Gurobi shell based on Python 3.13.1 can be launched with command `gurobi.sh`
Gurobi Python Interface can be loaded in Python 3.13.1 with 'import gurobipy'
/var/spool/slurm/slurmd/job22234419/slurm_script: line 24: activate: No such file or directory
Solving model: dev0.0, sub55.0, run2
Read LP format model from file /scratch-local/lbeemster.22234419/tmp526_q9re.pyomo.lp
Reading time = 0.57 seconds
x1: 178177 rows, 50050 columns, 1021312 nonzeros
Set parameter OutputFlag to value 1
Set parameter MIPGap to value 0.002
Set parameter Threads to value 48
Set parameter Presolve to value 1
Set parameter Cuts to value 1
Set parameter NodefileStart to value 1
Set parameter NodefileDir to value "/scratch-local/lbeemster.22234419/gurobi_dev0.0_sub55.0_run2"
Set parameter MemLimit to value 60
Gurobi Optimizer version 12.0.3 build v12.0.3rc0 (linux64 - "Red Hat Enterprise Linux 9.6 (Plow)")

CPU model: AMD EPYC 9654 96-Core Processor, instruction set [SSE2|AVX|AVX2|AVX512]
Thread count: 192 physical cores, 192 logical processors, using up to 48 threads

Non-default parameters:
MemLimit  60
MIPGap  0.002
NodefileStart  1
Cuts  1
Presolve  1
Threads  48

Academic license 2514514 - for non-commercial use only - registered to l.___@student.vu.nl
Optimize a model with 178177 rows, 50050 columns and 1021312 nonzeros
Model fingerprint: 0xffa1cbff
Variable types: 39426 continuous, 10624 integer (10624 binary)
Coefficient statistics:
  Matrix range     [6e-05, 1e+05]
  Objective range  [2e+00, 3e+04]
  Bounds range     [1e+00, 1e+00]
  RHS range        [3e-01, 2e+05]
Presolve removed 37641 rows and 24630 columns
Presolve time: 2.88s
Presolved: 140536 rows, 25420 columns, 909965 nonzeros
Variable types: 19732 continuous, 5688 integer (5688 binary)
Found heuristic solution: objective 1.962423e+07

Deterministic concurrent LP optimizer: primal simplex, dual simplex, and barrier
Showing barrier log only...

Root relaxation presolved: 24981 rows, 165366 columns, 934926 nonzeros

Root barrier log...

Ordering time: 0.04s

Barrier statistics:
 Free vars  : 1920
 AA' NZ     : 5.366e+05
 Factor NZ  : 1.436e+06 (roughly 90 MB of memory)
 Factor Ops : 9.942e+07 (less than 1 second per iteration)
 Threads    : 46

                  Objective                Residual
Iter       Primal          Dual         Primal    Dual     Compl     Time
   0   1.42582570e+12  2.60621995e+06  7.62e+06 3.21e+02  1.36e+08     7s
   1   8.60799228e+11 -1.65844571e+08  3.67e+06 2.89e+03  7.88e+07     7s
   2   4.92542609e+11 -1.29492596e+08  1.18e+06 1.56e+03  3.75e+07     8s
   3   3.16724189e+11 -3.87417193e+07  3.13e+05 4.82e+02  1.22e+07     8s
   4   2.25765294e+11 -1.72391065e+07  1.43e+05 2.31e+02  5.88e+06     8s
   5   1.54001004e+11 -5.90391362e+06  6.35e+04 1.04e+02  2.79e+06     8s
   6   1.22229673e+11 -2.09162103e+06  4.41e+04 6.54e+01  1.86e+06     8s
   7   9.10543249e+10 -3.71936976e+05  2.89e+04 4.51e+01  1.25e+06     8s
   8   7.30748051e+10  6.11258261e+05  2.13e+04 2.72e+01  8.56e+05     8s
   9   3.14285832e+10  1.44748149e+06  6.90e+03 1.12e+01  3.22e+05     8s
  10   2.51326993e+10  1.67789205e+06  5.23e+03 7.33e+00  2.35e+05     8s
  11   1.73344312e+10  1.78460894e+06  3.35e+03 4.97e+00  1.55e+05     8s
  12   1.31318193e+10  2.04638639e+06  2.41e+03 2.27e+00  1.02e+05     8s
  13   2.94183214e+09  2.68349088e+06  4.05e+02 8.85e-01  2.32e+04     8s
  14   2.04837200e+09  4.51501727e+06  2.66e+02 4.90e-01  1.47e+04     8s
  15   1.04875104e+09  6.91380936e+06  1.24e+02 1.64e-01  7.07e+03     8s
  16   7.73610980e+08  8.26356796e+06  8.85e+01 1.23e-01  5.04e+03     8s
  17   3.19342425e+08  1.00794288e+07  3.14e+01 4.81e-02  1.99e+03     8s
  18   1.44611087e+08  1.23090998e+07  1.21e+01 2.22e-02  8.31e+02     8s
  19   9.36052186e+07  1.61872416e+07  6.75e+00 8.19e-03  4.68e+02     8s
  20   5.93262330e+07  1.79331425e+07  3.39e+00 1.05e-02  2.48e+02     8s
  21   4.61090302e+07  1.94525680e+07  2.13e+00 6.00e-03  1.58e+02     8s
  22   3.73604037e+07  1.95425478e+07  1.38e+00 4.18e-03  1.05e+02     8s
  23   2.98522029e+07  2.01257785e+07  7.30e-01 2.64e-03  5.69e+01     8s
  24   2.67427985e+07  2.04437248e+07  4.55e-01 1.53e-03  3.67e+01     8s
  25   2.46830062e+07  2.07114245e+07  2.85e-01 1.81e-03  2.31e+01     8s
  26   2.35056255e+07  2.08244097e+07  1.82e-01 1.44e-03  1.55e+01     8s
  27   2.23965456e+07  2.09630423e+07  9.09e-02 1.58e-03  8.27e+00     9s
  28   2.20237347e+07  2.10175628e+07  6.23e-02 1.18e-03  5.80e+00     9s
  29   2.15542587e+07  2.10834398e+07  2.71e-02 5.92e-04  2.70e+00     9s
  30   2.14306614e+07  2.11174331e+07  1.82e-02 4.10e-04  1.80e+00     9s
  31   2.13680832e+07  2.11394002e+07  1.36e-02 4.51e-04  1.31e+00     9s

Barrier performed 31 iterations in 8.68 seconds (7.56 work units)
Barrier solve interrupted - model solved by another algorithm

Concurrent spin time: 0.03s

Solved with primal simplex

Root relaxation: objective 2.120946e+07, 26290 iterations, 2.14 seconds (1.77 work units)
Total elapsed time = 10.07s (DegenMoves)

    Nodes    |    Current Node    |     Objective Bounds      |     Work
 Expl Unexpl |  Obj  Depth IntInf | Incumbent    BestBd   Gap | It/Node Time

     0     0 2.1209e+07    0  441 1.9624e+07 2.1209e+07  8.08%     -   11s
     0     0 2.1204e+07    0  565 1.9624e+07 2.1204e+07  8.05%     -   14s
H    0     0                    2.072354e+07 2.1204e+07  2.32%     -   15s
     0     0 2.1201e+07    0  603 2.0724e+07 2.1201e+07  2.30%     -   16s
     0     0 2.1201e+07    0  618 2.0724e+07 2.1201e+07  2.30%     -   16s
     0     0 2.1200e+07    0  616 2.0724e+07 2.1200e+07  2.30%     -   17s
     0     0 2.1200e+07    0  617 2.0724e+07 2.1200e+07  2.30%     -   17s
     0     0 2.1198e+07    0  663 2.0724e+07 2.1198e+07  2.29%     -   20s
     0     0 2.1194e+07    0  724 2.0724e+07 2.1194e+07  2.27%     -   22s
     0     0 2.1194e+07    0  725 2.0724e+07 2.1194e+07  2.27%     -   22s
     0     0 2.1194e+07    0  734 2.0724e+07 2.1194e+07  2.27%     -   22s
     0     0 2.1194e+07    0  734 2.0724e+07 2.1194e+07  2.27%     -   22s
     0     0 2.1186e+07    0  678 2.0724e+07 2.1186e+07  2.23%     -   27s
H    0     0                    2.095835e+07 2.1186e+07  1.09%     -   28s
     0     0 2.1185e+07    0  671 2.0958e+07 2.1185e+07  1.08%     -   29s
     0     0 2.1185e+07    0  680 2.0958e+07 2.1185e+07  1.08%     -   29s
     0     0 2.1185e+07    0  678 2.0958e+07 2.1185e+07  1.08%     -   29s
     0     0 2.1185e+07    0  686 2.0958e+07 2.1185e+07  1.08%     -   29s
     0     0 2.1182e+07    0  671 2.0958e+07 2.1182e+07  1.07%     -   33s
     0     0 2.1182e+07    0  703 2.0958e+07 2.1182e+07  1.07%     -   36s
     0     0 2.1182e+07    0  705 2.0958e+07 2.1182e+07  1.07%     -   36s
     0     0 2.1182e+07    0  709 2.0958e+07 2.1182e+07  1.07%     -   36s
     0     0 2.1182e+07    0  713 2.0958e+07 2.1182e+07  1.07%     -   37s
     0     0 2.1182e+07    0  592 2.0958e+07 2.1182e+07  1.07%     -   40s
     0     0 2.1182e+07    0  602 2.0958e+07 2.1182e+07  1.07%     -   42s
     0     0 2.1182e+07    0  620 2.0958e+07 2.1182e+07  1.07%     -   42s
     0     0 2.1182e+07    0  620 2.0958e+07 2.1182e+07  1.07%     -   43s
     0     0 2.1182e+07    0  612 2.0958e+07 2.1182e+07  1.07%     -   45s
H    0     0                    2.095954e+07 2.1182e+07  1.06%     -   50s
     0     0 2.1182e+07    0  633 2.0960e+07 2.1182e+07  1.06%     -   50s
     0     0 2.1182e+07    0  637 2.0960e+07 2.1182e+07  1.06%     -   50s
     0     0 2.1182e+07    0  639 2.0960e+07 2.1182e+07  1.06%     -   53s
     0     0 2.1182e+07    0  633 2.0960e+07 2.1182e+07  1.06%     -   55s
     0     0 2.1182e+07    0  635 2.0960e+07 2.1182e+07  1.06%     -   55s
     0     0 2.1181e+07    0  618 2.0960e+07 2.1181e+07  1.06%     -   58s
     0     0 2.1181e+07    0  631 2.0960e+07 2.1181e+07  1.06%     -   59s
     0     0 2.1181e+07    0  633 2.0960e+07 2.1181e+07  1.06%     -   60s
     0     0 2.1181e+07    0  622 2.0960e+07 2.1181e+07  1.06%     -   62s
     0     0 2.1181e+07    0  639 2.0960e+07 2.1181e+07  1.06%     -   64s
     0     0 2.1181e+07    0  639 2.0960e+07 2.1181e+07  1.06%     -   64s
     0     0 2.1181e+07    0  615 2.0960e+07 2.1181e+07  1.06%     -   66s
     0     0 2.1181e+07    0  615 2.0960e+07 2.1181e+07  1.06%     -   74s
H    0     0                    2.101772e+07 2.1181e+07  0.78%     -   81s
H    0     0                    2.103219e+07 2.1181e+07  0.71%     -   81s
     0     2 2.1181e+07    0  615 2.1032e+07 2.1181e+07  0.71%     -   91s
    31    64 2.1181e+07    5  627 2.1032e+07 2.1181e+07  0.71%   332   96s
H  111   167                    2.103291e+07 2.1181e+07  0.70%   258  102s
H  122   167                    2.103345e+07 2.1181e+07  0.70%   245  102s
H  165   167                    2.103451e+07 2.1181e+07  0.70%   207  102s
   214   359 2.1149e+07    8  623 2.1035e+07 2.1181e+07  0.70%   192  107s
   550   687 2.1176e+07   14  619 2.1035e+07 2.1181e+07  0.70%   166  110s
  1158  1197 2.1163e+07   21  617 2.1035e+07 2.1181e+07  0.70%   148  117s
  1206  1245 2.1166e+07   21  613 2.1035e+07 2.1181e+07  0.70%   149  122s
H 1210  1245                    2.103507e+07 2.1181e+07  0.69%   149  122s
H 1212  1245                    2.104429e+07 2.1181e+07  0.65%   149  122s
H 1216  1245                    2.104624e+07 2.1181e+07  0.64%   149  122s
H 1231  1245                    2.105048e+07 2.1181e+07  0.62%   149  122s
  1511  1615 2.1161e+07   24  600 2.1050e+07 2.1181e+07  0.62%   147  125s
  1919  2022 2.1157e+07   31  583 2.1050e+07 2.1181e+07  0.62%   142  134s
  2066  2179 2.1150e+07   33  570 2.1050e+07 2.1181e+07  0.62%   143  135s
H 2521  2572                    2.105480e+07 2.1181e+07  0.60%   138  139s
H 2555  2572                    2.105689e+07 2.1181e+07  0.59%   138  139s
  2651  2771 2.1148e+07   44  542 2.1057e+07 2.1181e+07  0.59%   136  140s
  3764  3793 2.1141e+07   55  531 2.1057e+07 2.1181e+07  0.59%   125  146s
H 3929  3755                    2.106069e+07 2.1181e+07  0.57%   124  146s
  4291  4341 2.1140e+07   60  517 2.1061e+07 2.1181e+07  0.57%   121  155s
  5275  5477 2.1135e+07   70  503 2.1061e+07 2.1181e+07  0.57%   116  161s
  6839  7215 2.1133e+07  100  453 2.1061e+07 2.1181e+07  0.57%   103  165s
  9060  9228 2.1132e+07  137  403 2.1061e+07 2.1181e+07  0.57%  87.6  170s
H 9710  6248                    2.109850e+07 2.1181e+07  0.39%  86.6  176s
 10392  7275 2.1129e+07  151  392 2.1099e+07 2.1181e+07  0.39%  85.1  187s
 10946  7845 2.1129e+07  152  394 2.1099e+07 2.1181e+07  0.39%  84.7  190s
H11079  7801                    2.109925e+07 2.1181e+07  0.39%  84.0  190s
H12377  9010                    2.109925e+07 2.1181e+07  0.39%  80.9  194s
 12765 10185 2.1128e+07  189  359 2.1099e+07 2.1181e+07  0.39%  80.2  197s
 13959 10352 2.1128e+07  243  321 2.1099e+07 2.1181e+07  0.39%  76.2  200s
H13961 10216                    2.110054e+07 2.1181e+07  0.38%  76.2  200s
Created node file directory '/scratch-local/lbeemster.22234419/gurobi_dev0.0_sub55.0_run2/grbnodes0'
 15222 11832 2.1127e+07  278  304 2.1101e+07 2.1181e+07  0.38%  73.5  206s
 16575 12568 2.1128e+07  196  615 2.1101e+07 2.1181e+07  0.38%  72.1  274s
 16577 12569 2.1132e+07   66  409 2.1101e+07 2.1165e+07  0.31%  72.1  396s
 16578 12570 2.1125e+07  288  462 2.1101e+07 2.1165e+07  0.31%  72.1  404s
 16579 12571 2.1135e+07   45  477 2.1101e+07 2.1165e+07  0.31%  72.1  406s
 16581 12572 2.1126e+07  106  540 2.1101e+07 2.1165e+07  0.31%  72.0  410s
H16586 11946                    2.110150e+07 2.1165e+07  0.30%  72.0  519s
H16586 11348                    2.110493e+07 2.1165e+07  0.28%  72.0  519s
H16586 10780                    2.110954e+07 2.1165e+07  0.26%  72.0  519s
H16586 10241                    2.111018e+07 2.1165e+07  0.26%  72.0  519s
H16586  9729                    2.111020e+07 2.1165e+07  0.26%  72.0  519s
H16586  9242                    2.111020e+07 2.1165e+07  0.26%  72.0  519s
H16586  8780                    2.111028e+07 2.1165e+07  0.26%  72.0  519s
H16586  8341                    2.111030e+07 2.1165e+07  0.26%  72.0  519s
H16586  7923                    2.111030e+07 2.1165e+07  0.26%  72.0  519s
H16586  7527                    2.111037e+07 2.1165e+07  0.26%  72.0  519s
 16588  7529 2.1131e+07   56  535 2.1110e+07 2.1165e+07  0.26%  72.0  522s
H16590  7153                    2.111136e+07 2.1165e+07  0.25%  72.0  608s
H16590  6795                    2.111386e+07 2.1165e+07  0.24%  72.0  608s
 16592  6796 2.1132e+07   91  527 2.1114e+07 2.1165e+07  0.24%  72.0  612s
 16595  6798 2.1157e+07   32  521 2.1114e+07 2.1165e+07  0.24%  72.0  662s
 16596  6799 2.1153e+07   29  487 2.1114e+07 2.1165e+07  0.24%  72.0  665s
 16598  6800 2.1140e+07   54  489 2.1114e+07 2.1164e+07  0.24%  72.0  718s
 16599  6801 2.1129e+07   50  482 2.1114e+07 2.1164e+07  0.24%  72.0  722s
H16601  6462                    2.111614e+07 2.1164e+07  0.23%  72.0  829s
H16601  6138                    2.111692e+07 2.1164e+07  0.22%  72.0  829s
 16603  6140 2.1137e+07   31  470 2.1117e+07 2.1164e+07  0.22%  72.0  833s
 16607  6142 2.1130e+07   97  475 2.1117e+07 2.1164e+07  0.22%  71.9  866s
 16610  6144 2.1126e+07   54  473 2.1117e+07 2.1164e+07  0.22%  71.9  955s
H16610  5836                    2.111882e+07 2.1164e+07  0.22%  71.9  959s
 16612  5838 2.1125e+07  288  473 2.1119e+07 2.1164e+07  0.22%  71.9 1060s
 16615  5840 2.1125e+07  254  479 2.1119e+07 2.1164e+07  0.22%  71.9 1140s
 16617  5841 2.1129e+07   51  474 2.1119e+07 2.1164e+07  0.22%  71.9 1225s
 16619  5842 2.1126e+07  131  474 2.1119e+07 2.1164e+07  0.22%  71.9 1315s
 16621  5844 2.1143e+07   41  472 2.1119e+07 2.1164e+07  0.21%  71.9 1320s
 16622  5844 2.1125e+07  256  472 2.1119e+07 2.1164e+07  0.21%  71.9 1360s
 16628  5849 2.1123e+07  266  420 2.1119e+07 2.1164e+07  0.21%  75.9 1497s
 16629  5850 2.1138e+07   47  448 2.1119e+07 2.1164e+07  0.21%  75.9 1503s
 16630  5851 2.1123e+07  289  462 2.1119e+07 2.1164e+07  0.21%  75.9 1505s
 16634  5853 2.1123e+07  193  491 2.1119e+07 2.1164e+07  0.21%  75.8 1510s
 16638  5856 2.1133e+07   94  486 2.1119e+07 2.1164e+07  0.21%  75.8 1640s
H16640  5563                    2.111950e+07 2.1164e+07  0.21%  75.8 1736s
H16640  5285                    2.111976e+07 2.1164e+07  0.21%  75.8 1736s
H16640  5020                    2.112002e+07 2.1164e+07  0.21%  75.8 1736s
H16640  4769                    2.112048e+07 2.1164e+07  0.21%  75.8 1736s
 16644  4772 2.1140e+07   10  483 2.1120e+07 2.1164e+07  0.21%  75.8 1798s
 16645  4773 2.1125e+07  208  464 2.1120e+07 2.1164e+07  0.21%  75.8 1801s
 16647  4774 2.1124e+07  253  460 2.1120e+07 2.1164e+07  0.20%  75.8 1920s
 16649  4775 2.1133e+07   34  456 2.1120e+07 2.1164e+07  0.20%  75.8 1975s
H16650  4537                    2.112240e+07 2.1164e+07  0.20%  75.8 2048s
H16650  4310                    2.112244e+07 2.1164e+07  0.20%  75.8 2048s
H16650  4094                    2.112248e+07 2.1164e+07  0.19%  75.8 2048s
H16650  3889                    2.112253e+07 2.1164e+07  0.19%  75.8 2048s
H16650  3694                    2.112261e+07 2.1164e+07  0.19%  75.8 2048s
H16650  3509                    2.112265e+07 2.1164e+07  0.19%  75.8 2048s
H16650  3333                    2.112270e+07 2.1164e+07  0.19%  75.8 2048s
H16650  3166                    2.112274e+07 2.1164e+07  0.19%  75.8 2048s
H16650  3007                    2.112364e+07 2.1164e+07  0.19%  75.8 2048s
H16650  2856                    2.112368e+07 2.1164e+07  0.19%  75.8 2048s

Cutting planes:
  Gomory: 50
  Cover: 5
  Implied bound: 320
  MIR: 783
  Flow cover: 861
  RLT: 8
  Relax-and-lift: 646
  BQP: 1

Explored 16650 nodes (1382365 simplex iterations) in 2049.08 seconds (2534.72 work units)
Thread count was 48 (of 192 available processors)

Solution count 10: 2.11237e+07 2.11237e+07 2.11236e+07 ... 2.11224e+07

Optimal solution found (tolerance 2.00e-03)
Best objective 2.112368329648e+07, best bound 2.116363947881e+07, gap 0.1892%
Deleted nodefile directory: /scratch-local/lbeemster.22234419/gurobi_dev0.0_sub55.0_run2
Saved model snapshot to study_case_model/figures/subsidy_experiment/run_24426/dev0.0/sub55.0/run2/model_snapshot.pkl
Finished successfully!
