Gurobi shell based on Python 3.13.1 can be launched with command `gurobi.sh`
Gurobi Python Interface can be loaded in Python 3.13.1 with 'import gurobipy'
/var/spool/slurm/slurmd/job22237117/slurm_script: line 24: activate: No such file or directory
Solving model: dev0.1, sub34.0, run3
Read LP format model from file /scratch-local/lbeemster.22237117/tmpfh_ad7ys.pyomo.lp
Reading time = 0.55 seconds
x1: 178177 rows, 50050 columns, 1021312 nonzeros
Set parameter OutputFlag to value 1
Set parameter MIPGap to value 0.002
Set parameter Threads to value 48
Set parameter Presolve to value 1
Set parameter Cuts to value 1
Set parameter NodefileStart to value 1
Set parameter NodefileDir to value "/scratch-local/lbeemster.22237117/gurobi_dev0.1_sub34.0_run3"
Set parameter MemLimit to value 60
Gurobi Optimizer version 12.0.3 build v12.0.3rc0 (linux64 - "Red Hat Enterprise Linux 9.6 (Plow)")

CPU model: AMD EPYC 9654 96-Core Processor, instruction set [SSE2|AVX|AVX2|AVX512]
Thread count: 192 physical cores, 192 logical processors, using up to 48 threads

Non-default parameters:
MemLimit  60
MIPGap  0.002
NodefileStart  1
Cuts  1
Presolve  1
Threads  48

Academic license 2514514 - for non-commercial use only - registered to l.___@student.vu.nl
Optimize a model with 178177 rows, 50050 columns and 1021312 nonzeros
Model fingerprint: 0x1ef295ed
Variable types: 39426 continuous, 10624 integer (10624 binary)
Coefficient statistics:
  Matrix range     [6e-05, 1e+05]
  Objective range  [2e+00, 3e+04]
  Bounds range     [1e+00, 1e+00]
  RHS range        [3e-01, 2e+05]
Presolve removed 33568 rows and 21526 columns
Presolve time: 2.76s
Presolved: 144609 rows, 28524 columns, 858606 nonzeros
Variable types: 22732 continuous, 5792 integer (5792 binary)

Deterministic concurrent LP optimizer: primal simplex, dual simplex, and barrier
Showing barrier log only...

Root relaxation presolved: 26582 rows, 171175 columns, 887002 nonzeros

Root barrier log...

Ordering time: 0.06s

Barrier statistics:
 Dense cols : 36
 Free vars  : 2112
 AA' NZ     : 5.863e+05
 Factor NZ  : 1.633e+06 (roughly 100 MB of memory)
 Factor Ops : 1.208e+08 (less than 1 second per iteration)
 Threads    : 45

                  Objective                Residual
Iter       Primal          Dual         Primal    Dual     Compl     Time
   0   1.54418646e+12  7.53665259e+05  7.88e+06 3.10e+02  1.42e+08     5s
   1   1.16439900e+12 -1.89295893e+08  5.17e+06 2.81e+03  9.03e+07     5s
   2   8.50626461e+11 -1.70623407e+08  3.10e+06 1.92e+03  5.86e+07     5s
   3   5.82543747e+11 -1.18700221e+08  1.40e+06 1.28e+03  3.45e+07     5s
   4   4.42201757e+11 -8.62472261e+07  7.55e+05 8.29e+02  2.14e+07     5s
   5   3.58397352e+11 -5.68531427e+07  4.95e+05 4.76e+02  1.30e+07     5s
   6   2.75251978e+11 -3.97689403e+07  2.94e+05 3.07e+02  8.28e+06     5s
   7   2.15547004e+11 -2.60752595e+07  1.90e+05 1.98e+02  5.39e+06     5s
   8   1.88443862e+11 -2.48797933e+07  1.59e+05 1.89e+02  4.92e+06     5s
   9   1.61793085e+11 -1.69676616e+07  1.21e+05 1.23e+02  3.43e+06     5s
  10   1.23545912e+11 -1.15816275e+07  8.11e+04 8.04e+01  2.29e+06     5s
  11   9.69749278e+10 -6.22649649e+06  5.55e+04 4.15e+01  1.39e+06     5s
  12   6.03474371e+10 -2.83507677e+06  2.68e+04 2.27e+01  7.43e+05     5s
  13   3.18517408e+10 -2.53315672e+05  1.03e+04 7.85e+00  3.01e+05     5s
  14   1.73395294e+10  6.97148633e+05  4.84e+03 3.70e+00  1.46e+05     5s
  15   1.00317845e+10  1.27397277e+06  2.51e+03 1.62e+00  7.63e+04     5s
  16   6.36061848e+09  1.82231048e+06  1.49e+03 7.96e-01  4.51e+04     5s
  17   4.17012429e+09  2.40616843e+06  9.46e+02 4.42e-01  2.85e+04     5s
  18   2.66282914e+09  2.76198770e+06  5.88e+02 3.44e-01  1.82e+04     5s
  19   1.59743752e+09  3.57049529e+06  3.39e+02 2.05e-01  1.07e+04     5s
  20   8.19509664e+08  5.13142737e+06  1.61e+02 8.61e-02  5.25e+03     6s
  21   4.06889439e+08  6.52977458e+06  7.39e+01 3.56e-02  2.51e+03     6s
  22   2.37492720e+08  8.87999262e+06  3.96e+01 1.71e-02  1.40e+03     6s
  23   1.46462127e+08  1.03053568e+07  2.15e+01 1.17e-02  8.22e+02     6s
  24   1.14247890e+08  1.48469629e+07  1.52e+01 4.26e-03  5.92e+02     6s
  25   9.47344238e+07  1.67516385e+07  1.18e+01 3.15e-03  4.63e+02     6s
  26   5.71658973e+07  1.83609313e+07  5.40e+00 2.68e-03  2.28e+02     6s
  27   4.33624771e+07  1.96476861e+07  3.02e+00 1.68e-03  1.38e+02     6s
  28   3.56434632e+07  2.02945388e+07  1.90e+00 1.19e-03  8.90e+01     6s
  29   2.88423933e+07  2.07932212e+07  9.41e-01 1.32e-03  4.64e+01     6s
  30   2.57018567e+07  2.10213064e+07  5.24e-01 1.12e-03  2.68e+01     6s
  31   2.40563298e+07  2.11287363e+07  3.13e-01 9.41e-04  1.67e+01     6s
  32   2.31571072e+07  2.12859743e+07  1.99e-01 5.26e-04  1.07e+01     6s
  33   2.24615959e+07  2.13741235e+07  1.10e-01 5.22e-04  6.18e+00     6s
  34   2.20776401e+07  2.14325107e+07  6.48e-02 4.34e-04  3.66e+00     6s
  35   2.18985748e+07  2.14507134e+07  4.51e-02 3.72e-04  2.54e+00     6s
  36   2.17450997e+07  2.14688848e+07  2.74e-02 3.24e-04  1.56e+00     6s
  37   2.16604737e+07  2.14841953e+07  1.73e-02 2.80e-04  9.94e-01     6s
  38   2.16174518e+07  2.15073901e+07  1.03e-02 2.20e-04  6.13e-01     6s
  39   2.15802617e+07  2.15250015e+07  4.65e-03 1.68e-04  3.03e-01     6s
  40   2.15651548e+07  2.15371952e+07  2.31e-03 1.01e-04  1.52e-01     6s
  41   2.15595210e+07  2.15416212e+07  1.55e-03 8.93e-05  9.74e-02     6s
  42   2.15544025e+07  2.15438855e+07  9.23e-04 6.08e-05  5.72e-02     6s
  43   2.15529629e+07  2.15449232e+07  7.57e-04 5.57e-05  4.38e-02     6s
  44   2.15495758e+07  2.15454219e+07  3.83e-04 7.29e-05  2.26e-02     6s
  45   2.15479565e+07  2.15456254e+07  2.12e-04 6.19e-05  1.27e-02     6s

Barrier performed 45 iterations in 6.47 seconds (6.01 work units)
Barrier solve interrupted - model solved by another algorithm

Concurrent spin time: 0.79s (can be avoided by choosing Method=3)

Solved with primal simplex

Root relaxation: objective 2.154579e+07, 33300 iterations, 3.19 seconds (2.62 work units)

    Nodes    |    Current Node    |     Objective Bounds      |     Work
 Expl Unexpl |  Obj  Depth IntInf | Incumbent    BestBd   Gap | It/Node Time

     0     0 2.1546e+07    0  474          - 2.1546e+07      -     -    9s
H    0     0                    4122489.7110 2.1546e+07   423%     -   12s
     0     0 2.1543e+07    0  587 4122489.71 2.1543e+07   423%     -   14s
H    0     0                    2.113499e+07 2.1543e+07  1.93%     -   15s
     0     0 2.1542e+07    0  570 2.1135e+07 2.1542e+07  1.93%     -   16s
     0     0 2.1542e+07    0  595 2.1135e+07 2.1542e+07  1.93%     -   16s
     0     0 2.1542e+07    0  601 2.1135e+07 2.1542e+07  1.93%     -   16s
     0     0 2.1542e+07    0  601 2.1135e+07 2.1542e+07  1.93%     -   17s
     0     0 2.1541e+07    0  672 2.1135e+07 2.1541e+07  1.92%     -   20s
     0     0 2.1539e+07    0  667 2.1135e+07 2.1539e+07  1.91%     -   23s
     0     0 2.1539e+07    0  691 2.1135e+07 2.1539e+07  1.91%     -   24s
     0     0 2.1539e+07    0  700 2.1135e+07 2.1539e+07  1.91%     -   24s
     0     0 2.1539e+07    0  704 2.1135e+07 2.1539e+07  1.91%     -   24s
     0     0 2.1536e+07    0  657 2.1135e+07 2.1536e+07  1.90%     -   30s
H    0     0                    2.122400e+07 2.1536e+07  1.47%     -   32s
     0     0 2.1534e+07    0  699 2.1224e+07 2.1534e+07  1.46%     -   33s
     0     0 2.1534e+07    0  701 2.1224e+07 2.1534e+07  1.46%     -   33s
     0     0 2.1534e+07    0  702 2.1224e+07 2.1534e+07  1.46%     -   34s
     0     0 2.1534e+07    0  722 2.1224e+07 2.1534e+07  1.46%     -   34s
     0     0 2.1534e+07    0  725 2.1224e+07 2.1534e+07  1.46%     -   34s
     0     0 2.1533e+07    0  697 2.1224e+07 2.1533e+07  1.46%     -   39s
     0     0 2.1533e+07    0  725 2.1224e+07 2.1533e+07  1.46%     -   42s
     0     0 2.1533e+07    0  729 2.1224e+07 2.1533e+07  1.46%     -   42s
     0     0 2.1533e+07    0  727 2.1224e+07 2.1533e+07  1.46%     -   42s
     0     0 2.1533e+07    0  730 2.1224e+07 2.1533e+07  1.46%     -   42s
     0     0 2.1532e+07    0  566 2.1224e+07 2.1532e+07  1.45%     -   51s
     0     0 2.1532e+07    0  547 2.1224e+07 2.1532e+07  1.45%     -   54s
     0     0 2.1532e+07    0  567 2.1224e+07 2.1532e+07  1.45%     -   55s
     0     0 2.1532e+07    0  575 2.1224e+07 2.1532e+07  1.45%     -   55s
     0     0 2.1531e+07    0  573 2.1224e+07 2.1531e+07  1.45%     -   58s
     0     0 2.1531e+07    0  597 2.1224e+07 2.1531e+07  1.45%     -   60s
     0     0 2.1531e+07    0  596 2.1224e+07 2.1531e+07  1.45%     -   60s
     0     0 2.1531e+07    0  595 2.1224e+07 2.1531e+07  1.45%     -   61s
     0     0 2.1531e+07    0  597 2.1224e+07 2.1531e+07  1.45%     -   61s
     0     0 2.1531e+07    0  605 2.1224e+07 2.1531e+07  1.45%     -   63s
H    0     0                    2.123663e+07 2.1531e+07  1.39%     -   65s
     0     0 2.1531e+07    0  594 2.1237e+07 2.1531e+07  1.38%     -   65s
     0     0 2.1531e+07    0  591 2.1237e+07 2.1531e+07  1.38%     -   65s
     0     0 2.1531e+07    0  591 2.1237e+07 2.1531e+07  1.38%     -   65s
     0     0 2.1531e+07    0  574 2.1237e+07 2.1531e+07  1.38%     -   68s
H    0     0                    2.126010e+07 2.1531e+07  1.27%     -   73s
     0     0 2.1531e+07    0  584 2.1260e+07 2.1531e+07  1.27%     -   74s
     0     0 2.1531e+07    0  594 2.1260e+07 2.1531e+07  1.27%     -   74s
     0     0 2.1530e+07    0  581 2.1260e+07 2.1530e+07  1.27%     -   76s
     0     0 2.1530e+07    0  576 2.1260e+07 2.1530e+07  1.27%     -   78s
     0     0 2.1530e+07    0  585 2.1260e+07 2.1530e+07  1.27%     -   78s
     0     0 2.1530e+07    0  589 2.1260e+07 2.1530e+07  1.27%     -   81s
     0     0 2.1530e+07    0  588 2.1260e+07 2.1530e+07  1.27%     -   88s
H    0     0                    2.126011e+07 2.1530e+07  1.27%     -  100s
H    0     0                    2.126013e+07 2.1530e+07  1.27%     -  100s
H    0     0                    2.126016e+07 2.1530e+07  1.27%     -  100s
H    0     0                    2.128987e+07 2.1530e+07  1.13%     -  102s
H    0     2                    2.131914e+07 2.1530e+07  0.99%     -  112s
     0     2 2.1530e+07    0  587 2.1319e+07 2.1530e+07  0.99%     -  112s
     7    16 2.1530e+07    3  576 2.1319e+07 2.1530e+07  0.99%   203  115s
H   31    64                    2.133172e+07 2.1530e+07  0.93%   233  118s
H   61    64                    2.134142e+07 2.1530e+07  0.89%   205  118s
   111   245 2.1530e+07    7  572 2.1341e+07 2.1530e+07  0.89%   189  120s
   395   445 2.1529e+07   10  557 2.1341e+07 2.1530e+07  0.89%   108  127s
   497   548 2.1529e+07   12  559 2.1341e+07 2.1530e+07  0.89%   111  130s
H  550   605                    2.134145e+07 2.1530e+07  0.89%   109  130s
H  552   605                    2.134147e+07 2.1530e+07  0.89%   108  130s
H  572   605                    2.134900e+07 2.1530e+07  0.85%   108  131s
   661   710 2.1529e+07   15  556 2.1349e+07 2.1530e+07  0.85%   105  138s
H  663   710                    2.134994e+07 2.1530e+07  0.85%   104  138s
H  666   710                    2.134996e+07 2.1530e+07  0.84%   104  138s
H  673   710                    2.134998e+07 2.1530e+07  0.84%   104  138s
H  678   710                    2.135003e+07 2.1530e+07  0.84%   104  138s
H  703   710                    2.135423e+07 2.1530e+07  0.82%   103  138s
   709   836 2.1529e+07   16  553 2.1354e+07 2.1530e+07  0.82%   103  140s
H 1003  1054                    2.135425e+07 2.1530e+07  0.82%   105  152s
H 1007  1054                    2.135426e+07 2.1530e+07  0.82%   105  152s
H 1017  1054                    2.135428e+07 2.1530e+07  0.82%   105  152s
H 1020  1054                    2.135436e+07 2.1530e+07  0.82%   105  152s
H 1047  1054                    2.135436e+07 2.1530e+07  0.82%   105  152s
  1318  1439 2.1528e+07   24  544 2.1354e+07 2.1530e+07  0.82%   102  155s
  1838  1983 2.1527e+07   33  507 2.1354e+07 2.1530e+07  0.82%   103  160s
  2196  2281 2.1526e+07   37  504 2.1354e+07 2.1530e+07  0.82%   103  168s
H 2204  2281                    2.135616e+07 2.1530e+07  0.82%   103  168s
  2556  2839 2.1526e+07   45  503 2.1356e+07 2.1530e+07  0.82%   100  171s
  3427  3755 2.1515e+07   51  503 2.1356e+07 2.1530e+07  0.82%  97.7  175s
  4432  4775 2.1522e+07   59  493 2.1356e+07 2.1530e+07  0.82%  93.8  180s
  5642  6140 2.1518e+07   75  478 2.1356e+07 2.1530e+07  0.82%  89.3  185s
  7248  7847 2.1514e+07   94  423 2.1356e+07 2.1530e+07  0.82%  81.8  190s
  8983  9569 2.1503e+07  145  400 2.1356e+07 2.1530e+07  0.81%  76.6  196s
Created node file directory '/scratch-local/lbeemster.22237117/gurobi_dev0.1_sub34.0_run3/grbnodes0'
 10291 10793 2.1500e+07  172  387 2.1356e+07 2.1530e+07  0.81%  73.9  201s
 11619 12446 2.1495e+07  188  379 2.1356e+07 2.1530e+07  0.81%  72.0  207s
 12583 13283 2.1492e+07  225  374 2.1356e+07 2.1530e+07  0.81%  69.4  211s
*13190 13238             344    2.135832e+07 2.1530e+07  0.80%  68.2  211s
 14213 13953 2.1486e+07  272  347 2.1358e+07 2.1530e+07  0.80%  67.1  219s
 14262 13998 2.1485e+07  273  349 2.1358e+07 2.1530e+07  0.80%  67.1  230s
H14273 13998                    2.135834e+07 2.1530e+07  0.80%  67.1  230s
H14282 12891                    2.138984e+07 2.1530e+07  0.65%  67.1  230s
H14304 12726                    2.139662e+07 2.1530e+07  0.62%  67.1  230s
 15025 13647 2.1484e+07  290  340 2.1397e+07 2.1530e+07  0.62%  66.8  235s
H15320 13372                    2.140017e+07 2.1530e+07  0.61%  66.8  242s
H15332 13372                    2.140061e+07 2.1530e+07  0.60%  66.8  242s
H15347 12901                    2.141194e+07 2.1530e+07  0.55%  66.7  242s
H15371 12971                    2.141291e+07 2.1530e+07  0.55%  66.7  246s
H15562 12971                    2.141398e+07 2.1530e+07  0.54%  66.7  246s
 16375 14602 2.1478e+07  322  327 2.1414e+07 2.1530e+07  0.54%  66.6  253s
 17237 15435 2.1479e+07  340  322 2.1414e+07 2.1530e+07  0.54%  66.6  256s
H18070 15435                    2.141403e+07 2.1530e+07  0.54%  67.3  270s
H18070 15435                    2.141406e+07 2.1530e+07  0.54%  67.3  273s
H18070 15435                    2.141407e+07 2.1530e+07  0.54%  67.3  277s
 18071 15436 2.1514e+07  101  588 2.1414e+07 2.1530e+07  0.54%  67.3  329s
H18072 14665                    2.141450e+07 2.1530e+07  0.54%  67.3  622s
H18072 13931                    2.141546e+07 2.1530e+07  0.53%  67.3  622s
H18072 13235                    2.141910e+07 2.1530e+07  0.52%  67.3  622s
H18072 12573                    2.141933e+07 2.1530e+07  0.52%  67.3  622s
H18072 11944                    2.141941e+07 2.1530e+07  0.51%  67.3  622s
H18072 11347                    2.144366e+07 2.1518e+07  0.35%  67.3  622s
H18072 10780                    2.144687e+07 2.1518e+07  0.33%  67.3  622s
H18072 10241                    2.145426e+07 2.1518e+07  0.30%  67.3  622s
H18072  9729                    2.145436e+07 2.1518e+07  0.30%  67.3  622s
H18072  9242                    2.145456e+07 2.1518e+07  0.30%  67.3  622s
H18072  8780                    2.145491e+07 2.1518e+07  0.30%  67.3  622s
H18072  8341                    2.145512e+07 2.1518e+07  0.29%  67.3  622s
H18072  7924                    2.145663e+07 2.1518e+07  0.29%  67.3  622s
H18072  7528                    2.146478e+07 2.1518e+07  0.25%  67.3  622s
H18072  7151                    2.146999e+07 2.1518e+07  0.23%  67.3  622s
H18072  6794                    2.147692e+07 2.1518e+07  0.19%  67.3  622s

Cutting planes:
  Implied bound: 80
  MIR: 683
  Flow cover: 439
  RLT: 2
  Relax-and-lift: 393

Explored 18072 nodes (1329108 simplex iterations) in 622.78 seconds (728.06 work units)
Thread count was 48 (of 192 available processors)

Solution count 10: 2.14769e+07 2.147e+07 2.14648e+07 ... 2.14469e+07

Optimal solution found (tolerance 2.00e-03)
Best objective 2.147692451690e+07, best bound 2.151836633453e+07, gap 0.1930%
Deleted nodefile directory: /scratch-local/lbeemster.22237117/gurobi_dev0.1_sub34.0_run3
Saved model snapshot to study_case_model/figures/subsidy_experiment/run_24426/dev0.1/sub34.0/run3/model_snapshot.pkl
Finished successfully!
