Gurobi shell based on Python 3.13.1 can be launched with command `gurobi.sh`
Gurobi Python Interface can be loaded in Python 3.13.1 with 'import gurobipy'
/var/spool/slurm/slurmd/job22232640/slurm_script: line 24: activate: No such file or directory
Solving model: dev1.0, sub65.0, run0
Read LP format model from file /scratch-local/lbeemster.22232640/tmpnuelsa8x.pyomo.lp
Reading time = 0.57 seconds
x1: 178177 rows, 50050 columns, 1021312 nonzeros
Set parameter OutputFlag to value 1
Set parameter MIPGap to value 0.002
Set parameter Threads to value 48
Set parameter Presolve to value 1
Set parameter Cuts to value 1
Set parameter NodefileStart to value 1
Set parameter NodefileDir to value "/scratch-local/lbeemster.22232640/gurobi_dev1.0_sub65.0_run0"
Set parameter MemLimit to value 60
Gurobi Optimizer version 12.0.3 build v12.0.3rc0 (linux64 - "Red Hat Enterprise Linux 9.6 (Plow)")

CPU model: AMD EPYC 9654 96-Core Processor, instruction set [SSE2|AVX|AVX2|AVX512]
Thread count: 192 physical cores, 192 logical processors, using up to 48 threads

Non-default parameters:
MemLimit  60
MIPGap  0.002
NodefileStart  1
Cuts  1
Presolve  1
Threads  48

Academic license 2514514 - for non-commercial use only - registered to l.___@student.vu.nl
Optimize a model with 178177 rows, 50050 columns and 1021312 nonzeros
Model fingerprint: 0x3d930e2c
Variable types: 39426 continuous, 10624 integer (10624 binary)
Coefficient statistics:
  Matrix range     [6e-05, 1e+05]
  Objective range  [2e+00, 3e+04]
  Bounds range     [1e+00, 1e+00]
  RHS range        [3e-01, 2e+05]
Presolve removed 35169 rows and 22518 columns
Presolve time: 2.87s
Presolved: 143008 rows, 27532 columns, 862796 nonzeros
Variable types: 22036 continuous, 5496 integer (5496 binary)

Deterministic concurrent LP optimizer: primal simplex, dual simplex, and barrier
Showing barrier log only...

Root relaxation presolved: 25954 rows, 168962 columns, 890196 nonzeros

Root barrier log...

Ordering time: 0.05s

Barrier statistics:
 Dense cols : 21
 Free vars  : 2112
 AA' NZ     : 5.862e+05
 Factor NZ  : 1.582e+06 (roughly 100 MB of memory)
 Factor Ops : 1.160e+08 (less than 1 second per iteration)
 Threads    : 45

                  Objective                Residual
Iter       Primal          Dual         Primal    Dual     Compl     Time
   0   1.54007700e+12  1.26264307e+06  7.94e+06 4.01e+02  1.59e+08     5s
   1   1.14130207e+12 -3.07494567e+08  5.00e+06 3.14e+03  9.92e+07     5s
   2   7.96917712e+11 -4.02589271e+08  2.78e+06 2.54e+03  6.87e+07     5s
   3   6.06330061e+11 -4.57727575e+08  1.54e+06 1.60e+03  4.21e+07     5s
   4   4.64787537e+11 -4.00747940e+08  7.78e+05 1.06e+03  2.61e+07     5s
   5   3.75155337e+11 -2.61955554e+08  4.50e+05 5.97e+02  1.52e+07     5s
   6   2.78187181e+11 -1.38213437e+08  2.30e+05 2.85e+02  7.58e+06     5s
   7   2.27616131e+11 -8.36055693e+07  1.63e+05 1.63e+02  4.80e+06     5s
   8   1.68967088e+11 -6.76494998e+07  1.04e+05 1.29e+02  3.49e+06     5s
   9   1.30216729e+11 -4.18152997e+07  7.22e+04 7.88e+01  2.27e+06     5s
  10   1.10380381e+11 -3.30920027e+07  5.61e+04 6.27e+01  1.80e+06     5s
  11   7.97736364e+10 -1.67481648e+07  3.49e+04 3.24e+01  1.05e+06     5s
  12   5.29700126e+10 -6.04113319e+06  1.99e+04 1.35e+01  5.42e+05     5s
  13   1.95959185e+10 -1.59210524e+06  4.62e+03 6.06e+00  1.83e+05     5s
  14   8.14493380e+09  5.45720319e+05  1.50e+03 2.78e+00  7.07e+04     5s
  15   5.85937374e+09  1.87881596e+06  1.01e+03 1.37e+00  4.51e+04     5s
  16   4.09882252e+09  3.43575751e+06  6.73e+02 5.92e-01  2.85e+04     5s
  17   2.66742034e+09  4.40774643e+06  4.20e+02 3.80e-01  1.79e+04     5s
  18   1.41812116e+09  5.00667316e+06  2.13e+02 2.53e-01  9.47e+03     5s
  19   5.30369983e+08  7.48208675e+06  6.60e+01 8.69e-02  3.32e+03     6s
  20   2.24058511e+08  9.69123688e+06  2.41e+01 3.77e-02  1.32e+03     6s
  21   1.17674414e+08  1.42443300e+07  1.04e+01 1.15e-02  6.16e+02     6s
  22   9.99067962e+07  1.60595203e+07  8.40e+00 6.78e-03  4.95e+02     6s
  23   5.82934946e+07  1.82123762e+07  3.72e+00 4.56e-03  2.34e+02     6s
  24   4.35581448e+07  1.91075263e+07  2.17e+00 2.71e-03  1.42e+02     6s
  25   3.23872084e+07  1.98678643e+07  1.03e+00 1.33e-03  7.20e+01     6s
  26   2.86776366e+07  2.01977289e+07  6.75e-01 9.43e-04  4.86e+01     6s
  27   2.49358317e+07  2.05167732e+07  3.17e-01 6.24e-04  2.51e+01     6s
  28   2.39694104e+07  2.07444433e+07  2.27e-01 6.19e-04  1.83e+01     6s
  29   2.27499693e+07  2.10366095e+07  1.18e-01 9.46e-04  9.70e+00     6s
  30   2.23860618e+07  2.11107244e+07  8.62e-02 8.67e-04  7.21e+00     6s
  31   2.18365942e+07  2.12007117e+07  4.01e-02 5.85e-04  3.58e+00     6s
  32   2.16716550e+07  2.12392876e+07  2.61e-02 4.08e-04  2.43e+00     6s
  33   2.15390312e+07  2.12856297e+07  1.50e-02 2.99e-04  1.42e+00     6s
  34   2.14615628e+07  2.13028432e+07  8.54e-03 2.82e-04  8.85e-01     6s
  35   2.14246740e+07  2.13255995e+07  5.01e-03 2.30e-04  5.49e-01     6s
  36   2.14081303e+07  2.13422205e+07  3.40e-03 2.20e-04  3.64e-01     6s
  37   2.13913376e+07  2.13567831e+07  1.82e-03 1.88e-04  1.90e-01     6s

Barrier performed 37 iterations in 6.37 seconds (5.73 work units)
Barrier solve interrupted - model solved by another algorithm

Concurrent spin time: 0.24s

Solved with primal simplex

Root relaxation: objective 2.136776e+07, 47848 iterations, 2.65 seconds (2.26 work units)

    Nodes    |    Current Node    |     Objective Bounds      |     Work
 Expl Unexpl |  Obj  Depth IntInf | Incumbent    BestBd   Gap | It/Node Time

     0     0 2.1368e+07    0  398          - 2.1368e+07      -     -    8s
H    0     0                    2.056557e+07 2.1368e+07  3.90%     -   10s
     0     0 2.1348e+07    0  685 2.0566e+07 2.1348e+07  3.81%     -   14s
     0     0 2.1347e+07    0  725 2.0566e+07 2.1347e+07  3.80%     -   16s
     0     0 2.1346e+07    0  737 2.0566e+07 2.1346e+07  3.80%     -   17s
     0     0 2.1346e+07    0  738 2.0566e+07 2.1346e+07  3.79%     -   17s
     0     0 2.1346e+07    0  739 2.0566e+07 2.1346e+07  3.79%     -   17s
     0     0 2.1342e+07    0  798 2.0566e+07 2.1342e+07  3.78%     -   21s
H    0     0                    2.076424e+07 2.1342e+07  2.78%     -   23s
     0     0 2.1341e+07    0  856 2.0764e+07 2.1341e+07  2.78%     -   24s
     0     0 2.1341e+07    0  863 2.0764e+07 2.1341e+07  2.78%     -   24s
     0     0 2.1341e+07    0  878 2.0764e+07 2.1341e+07  2.78%     -   24s
     0     0 2.1341e+07    0  882 2.0764e+07 2.1341e+07  2.78%     -   25s
     0     0 2.1341e+07    0  885 2.0764e+07 2.1341e+07  2.78%     -   25s
     0     0 2.1335e+07    0  889 2.0764e+07 2.1335e+07  2.75%     -   30s
     0     0 2.1333e+07    0  950 2.0764e+07 2.1333e+07  2.74%     -   34s
     0     0 2.1333e+07    0  963 2.0764e+07 2.1333e+07  2.74%     -   34s
     0     0 2.1332e+07    0  998 2.0764e+07 2.1332e+07  2.74%     -   35s
     0     0 2.1332e+07    0  990 2.0764e+07 2.1332e+07  2.74%     -   35s
     0     0 2.1332e+07    0  992 2.0764e+07 2.1332e+07  2.74%     -   35s
     0     0 2.1332e+07    0  994 2.0764e+07 2.1332e+07  2.74%     -   36s
     0     0 2.1330e+07    0  917 2.0764e+07 2.1330e+07  2.72%     -   42s
H    0     0                    2.082020e+07 2.1330e+07  2.45%     -   44s
H    0     0                    2.082191e+07 2.1330e+07  2.44%     -   44s
     0     0 2.1329e+07    0 1003 2.0822e+07 2.1329e+07  2.43%     -   45s
     0     0 2.1329e+07    0 1011 2.0822e+07 2.1329e+07  2.43%     -   46s
     0     0 2.1329e+07    0 1018 2.0822e+07 2.1329e+07  2.43%     -   46s
     0     0 2.1329e+07    0 1034 2.0822e+07 2.1329e+07  2.43%     -   46s
     0     0 2.1329e+07    0 1028 2.0822e+07 2.1329e+07  2.43%     -   47s
     0     0 2.1329e+07    0 1031 2.0822e+07 2.1329e+07  2.43%     -   47s
     0     0 2.1323e+07    0  760 2.0822e+07 2.1323e+07  2.40%     -   54s
H    0     0                    2.095563e+07 2.1323e+07  1.75%     -   56s
     0     0 2.1322e+07    0  842 2.0956e+07 2.1322e+07  1.75%     -   57s
     0     0 2.1322e+07    0  846 2.0956e+07 2.1322e+07  1.75%     -   57s
     0     0 2.1322e+07    0  829 2.0956e+07 2.1322e+07  1.75%     -   58s
     0     0 2.1322e+07    0  823 2.0956e+07 2.1322e+07  1.75%     -   58s
     0     0 2.1322e+07    0  824 2.0956e+07 2.1322e+07  1.75%     -   58s
     0     0 2.1321e+07    0  838 2.0956e+07 2.1321e+07  1.75%     -   62s
H    0     0                    2.095798e+07 2.1321e+07  1.73%     -   64s
     0     0 2.1321e+07    0  849 2.0958e+07 2.1321e+07  1.73%     -   65s
     0     0 2.1321e+07    0  858 2.0958e+07 2.1321e+07  1.73%     -   65s
     0     0 2.1321e+07    0  873 2.0958e+07 2.1321e+07  1.73%     -   66s
     0     0 2.1321e+07    0  864 2.0958e+07 2.1321e+07  1.73%     -   66s
     0     0 2.1320e+07    0  849 2.0958e+07 2.1320e+07  1.73%     -   69s
H    0     0                    2.096669e+07 2.1320e+07  1.69%     -   71s
     0     0 2.1320e+07    0  873 2.0967e+07 2.1320e+07  1.68%     -   71s
     0     0 2.1320e+07    0  887 2.0967e+07 2.1320e+07  1.68%     -   72s
     0     0 2.1320e+07    0  884 2.0967e+07 2.1320e+07  1.68%     -   72s
     0     0 2.1320e+07    0  892 2.0967e+07 2.1320e+07  1.68%     -   72s
     0     0 2.1319e+07    0  848 2.0967e+07 2.1319e+07  1.68%     -   76s
H    0     0                    2.101562e+07 2.1319e+07  1.45%     -   81s
     0     0 2.1319e+07    0  853 2.1016e+07 2.1319e+07  1.45%     -   81s
     0     0 2.1319e+07    0  832 2.1016e+07 2.1319e+07  1.45%     -   81s
     0     0 2.1319e+07    0  841 2.1016e+07 2.1319e+07  1.45%     -   82s
     0     0 2.1319e+07    0  832 2.1016e+07 2.1319e+07  1.45%     -   82s
     0     0 2.1319e+07    0  795 2.1016e+07 2.1319e+07  1.44%     -   85s
H    0     0                    2.104193e+07 2.1319e+07  1.32%     -   88s
     0     0 2.1319e+07    0  805 2.1042e+07 2.1319e+07  1.32%     -   88s
     0     0 2.1319e+07    0  814 2.1042e+07 2.1319e+07  1.32%     -   88s
     0     0 2.1319e+07    0  815 2.1042e+07 2.1319e+07  1.32%     -   89s
     0     0 2.1319e+07    0  800 2.1042e+07 2.1319e+07  1.32%     -   92s
     0     0 2.1319e+07    0  776 2.1042e+07 2.1319e+07  1.32%     -   93s
     0     0 2.1319e+07    0  773 2.1042e+07 2.1319e+07  1.31%     -   93s
     0     0 2.1318e+07    0  732 2.1042e+07 2.1318e+07  1.31%     -   96s
H    0     0                    2.109154e+07 2.1318e+07  1.08%     -   98s
     0     0 2.1318e+07    0  764 2.1092e+07 2.1318e+07  1.08%     -   98s
     0     0 2.1318e+07    0  734 2.1092e+07 2.1318e+07  1.08%     -   98s
     0     0 2.1318e+07    0  745 2.1092e+07 2.1318e+07  1.08%     -   99s
     0     0 2.1318e+07    0  736 2.1092e+07 2.1318e+07  1.08%     -  101s
H    0     0                    2.109900e+07 2.1318e+07  1.04%     -  107s
     0     0 2.1318e+07    0  746 2.1099e+07 2.1318e+07  1.04%     -  107s
     0     0 2.1318e+07    0  749 2.1099e+07 2.1318e+07  1.04%     -  107s
     0     0 2.1318e+07    0  752 2.1099e+07 2.1318e+07  1.04%     -  110s
     0     0 2.1318e+07    0  749 2.1099e+07 2.1318e+07  1.04%     -  121s
     0     2 2.1318e+07    0  748 2.1099e+07 2.1318e+07  1.04%     -  139s
     1     4 2.1318e+07    1  748 2.1099e+07 2.1318e+07  1.04%   163  140s
    63   112 2.1318e+07    6  763 2.1099e+07 2.1318e+07  1.04%   364  146s
   224   273 2.1317e+07    8  756 2.1099e+07 2.1318e+07  1.04%   219  150s
H  306   322                    2.109931e+07 2.1318e+07  1.04%   205  154s
H  311   322                    2.110477e+07 2.1318e+07  1.01%   205  154s
   321   370 2.1317e+07   10  750 2.1105e+07 2.1318e+07  1.01%   204  157s
H  349   370                    2.111759e+07 2.1318e+07  0.95%   203  157s
   650   778 2.1316e+07   14  739 2.1118e+07 2.1318e+07  0.95%   162  161s
   777   901 2.1316e+07   15  742 2.1118e+07 2.1318e+07  0.95%   152  167s
  1228  1308 2.1315e+07   23  744 2.1118e+07 2.1318e+07  0.95%   124  170s
H 1481  1573                    2.113179e+07 2.1318e+07  0.88%   123  173s
H 1513  1573                    2.113216e+07 2.1318e+07  0.88%   121  173s
H 1574  1621                    2.113216e+07 2.1318e+07  0.88%   119  176s
  1907  2067 2.1314e+07   30  736 2.1132e+07 2.1318e+07  0.88%   110  180s
  2512  2660 2.1314e+07   42  714 2.1132e+07 2.1318e+07  0.88%   100  185s
H 2664  2789                    2.113416e+07 2.1318e+07  0.87%   100  186s
Created node file directory '/scratch-local/lbeemster.22232640/gurobi_dev1.0_sub65.0_run0/grbnodes0'
  2988  3159 2.1314e+07   49  716 2.1134e+07 2.1318e+07  0.87%  94.8  191s
  3784  4005 2.1313e+07   65  689 2.1134e+07 2.1318e+07  0.87%  89.9  195s
H 3794  4005                    2.113601e+07 2.1318e+07  0.86%  89.8  195s
H 4311  4358                    2.113601e+07 2.1318e+07  0.86%  88.8  200s
  5355  5608 2.1311e+07   90  642 2.1136e+07 2.1318e+07  0.86%  87.4  206s
H 5392  5608                    2.114376e+07 2.1318e+07  0.82%  87.6  206s
  6367  6791 2.1309e+07  104  644 2.1144e+07 2.1318e+07  0.82%  87.0  210s
H 6802  7173                    2.114657e+07 2.1318e+07  0.81%  86.4  212s
  7657  8022 2.1307e+07  124  631 2.1147e+07 2.1318e+07  0.81%  84.7  216s
  8515  8507 2.1297e+07  128  638 2.1147e+07 2.1317e+07  0.81%  83.0  222s
  8563  8552 2.1306e+07  129  626 2.1147e+07 2.1317e+07  0.81%  83.0  230s
H 8564  8167                    2.118254e+07 2.1317e+07  0.64%  82.9  230s
H 8566  8088                    2.118970e+07 2.1317e+07  0.60%  83.0  230s
H 8585  8007                    2.120169e+07 2.1317e+07  0.55%  83.0  230s
  8684  8070 2.1306e+07  130  636 2.1202e+07 2.1317e+07  0.55%  83.1  237s
H 8692  8070                    2.120217e+07 2.1317e+07  0.54%  83.1  237s
  8732  8304 2.1306e+07  131  635 2.1202e+07 2.1317e+07  0.54%  83.0  241s
  9654  9702 2.1303e+07  149  618 2.1202e+07 2.1317e+07  0.54%  80.8  246s
 11153 11158 2.1301e+07  173  560 2.1202e+07 2.1317e+07  0.54%  77.0  251s
 12607 12569 2.1297e+07  197  540 2.1202e+07 2.1317e+07  0.54%  75.7  256s
 13338 13341 2.1296e+07  209  515 2.1202e+07 2.1317e+07  0.54%  75.2  260s
 14834 14767 2.1293e+07  227  485 2.1202e+07 2.1317e+07  0.54%  74.7  266s
 15570 15560 2.1291e+07  240  481 2.1202e+07 2.1317e+07  0.54%  75.2  275s
 17259 17248 2.1288e+07  274  458 2.1202e+07 2.1317e+07  0.54%  74.5  283s
H18091 17082                    2.120480e+07 2.1317e+07  0.53%  74.8  320s
H18091 16592                    2.120989e+07 2.1317e+07  0.51%  74.8  322s
H18091 16109                    2.121633e+07 2.1317e+07  0.48%  74.8  322s
H18091 15791                    2.122033e+07 2.1317e+07  0.46%  74.8  327s
 18092 15783 2.1314e+07   30  749 2.1220e+07 2.1317e+07  0.46%  74.8  363s
H18093 14994                    2.122033e+07 2.1317e+07  0.46%  74.8  529s
H18093 14245                    2.123201e+07 2.1317e+07  0.40%  74.8  529s
H18093 13532                    2.123286e+07 2.1313e+07  0.38%  74.8  529s
H18093 12856                    2.123301e+07 2.1313e+07  0.38%  74.8  529s
H18093 12213                    2.123405e+07 2.1313e+07  0.37%  74.8  529s
 18094 12213 2.1302e+07  160  517 2.1234e+07 2.1313e+07  0.37%  74.8  530s
 18095 12214 2.1296e+07  203  625 2.1234e+07 2.1313e+07  0.37%  74.7  540s
 18097 12215 2.1296e+07  158  649 2.1234e+07 2.1313e+07  0.37%  74.7  546s
 18099 12217 2.1298e+07   64  652 2.1234e+07 2.1313e+07  0.37%  74.7  551s
 18102 12219 2.1293e+07  207  646 2.1234e+07 2.1313e+07  0.37%  74.7  555s
H18104 11609                    2.123841e+07 2.1313e+07  0.35%  74.7  651s
H18104 11028                    2.125369e+07 2.1313e+07  0.28%  74.7  651s
H18104 10476                    2.125691e+07 2.1313e+07  0.26%  74.7  651s
H18104  9952                    2.125696e+07 2.1313e+07  0.26%  74.7  651s
H18104  9454                    2.125850e+07 2.1313e+07  0.26%  74.7  651s
H18104  8982                    2.125877e+07 2.1313e+07  0.26%  74.7  651s
 18107  8984 2.1301e+07   94  626 2.1259e+07 2.1313e+07  0.26%  74.7  655s
H18108  8535                    2.126166e+07 2.1313e+07  0.24%  74.7  791s
H18108  8108                    2.126247e+07 2.1313e+07  0.24%  74.7  791s
 18110  8109 2.1313e+07   48  629 2.1262e+07 2.1313e+07  0.24%  74.7  796s
H18112  7704                    2.126466e+07 2.1313e+07  0.23%  74.7  842s
H18112  7319                    2.126766e+07 2.1313e+07  0.21%  74.7  842s
H18112  6952                    2.127107e+07 2.1313e+07  0.20%  74.7  842s
H18112  6604                    2.127119e+07 2.1313e+07  0.20%  74.7  842s

Cutting planes:
  Gomory: 30
  Cover: 1
  Implied bound: 1046
  MIR: 1185
  Flow cover: 1677
  RLT: 11
  Relax-and-lift: 839

Explored 18112 nodes (1561788 simplex iterations) in 842.75 seconds (997.22 work units)
Thread count was 48 (of 192 available processors)

Solution count 10: 2.12712e+07 2.12711e+07 2.12677e+07 ... 2.12569e+07

Optimal solution found (tolerance 2.00e-03)
Best objective 2.127118755027e+07, best bound 2.131301248271e+07, gap 0.1966%
Deleted nodefile directory: /scratch-local/lbeemster.22232640/gurobi_dev1.0_sub65.0_run0
Saved model snapshot to study_case_model/figures/subsidy_experiment/run_24426/dev1.0/sub65.0/run0/model_snapshot.pkl
Finished successfully!
