Gurobi shell based on Python 3.13.1 can be launched with command `gurobi.sh`
Gurobi Python Interface can be loaded in Python 3.13.1 with 'import gurobipy'
/var/spool/slurm/slurmd/job22237128/slurm_script: line 24: activate: No such file or directory
Solving model: dev0.1, sub40.0, run3
Read LP format model from file /scratch-local/lbeemster.22237128/tmpg1o5c3hi.pyomo.lp
Reading time = 0.53 seconds
x1: 178177 rows, 50050 columns, 1021312 nonzeros
Set parameter OutputFlag to value 1
Set parameter MIPGap to value 0.002
Set parameter Threads to value 48
Set parameter Presolve to value 1
Set parameter Cuts to value 1
Set parameter NodefileStart to value 1
Set parameter NodefileDir to value "/scratch-local/lbeemster.22237128/gurobi_dev0.1_sub40.0_run3"
Set parameter MemLimit to value 60
Gurobi Optimizer version 12.0.3 build v12.0.3rc0 (linux64 - "Red Hat Enterprise Linux 9.6 (Plow)")

CPU model: AMD EPYC 9654 96-Core Processor, instruction set [SSE2|AVX|AVX2|AVX512]
Thread count: 192 physical cores, 192 logical processors, using up to 48 threads

Non-default parameters:
MemLimit  60
MIPGap  0.002
NodefileStart  1
Cuts  1
Presolve  1
Threads  48

Academic license 2514514 - for non-commercial use only - registered to l.___@student.vu.nl
Optimize a model with 178177 rows, 50050 columns and 1021312 nonzeros
Model fingerprint: 0x531b8950
Variable types: 39426 continuous, 10624 integer (10624 binary)
Coefficient statistics:
  Matrix range     [6e-05, 1e+05]
  Objective range  [2e+00, 3e+04]
  Bounds range     [1e+00, 1e+00]
  RHS range        [3e-01, 2e+05]
Presolve removed 33568 rows and 21526 columns
Presolve time: 2.79s
Presolved: 144609 rows, 28524 columns, 858606 nonzeros
Variable types: 22732 continuous, 5792 integer (5792 binary)

Deterministic concurrent LP optimizer: primal simplex, dual simplex, and barrier
Showing barrier log only...

Root relaxation presolved: 26582 rows, 171175 columns, 887002 nonzeros

Root barrier log...

Ordering time: 0.06s

Barrier statistics:
 Dense cols : 36
 Free vars  : 2112
 AA' NZ     : 5.863e+05
 Factor NZ  : 1.633e+06 (roughly 100 MB of memory)
 Factor Ops : 1.208e+08 (less than 1 second per iteration)
 Threads    : 45

                  Objective                Residual
Iter       Primal          Dual         Primal    Dual     Compl     Time
   0   1.54734102e+12  7.47336739e+05  7.90e+06 3.10e+02  1.42e+08     5s
   1   1.16672344e+12 -2.09681628e+08  5.18e+06 2.81e+03  9.05e+07     5s
   2   8.52333753e+11 -2.14408729e+08  3.10e+06 1.92e+03  5.88e+07     5s
   3   5.83691781e+11 -1.70777345e+08  1.40e+06 1.28e+03  3.46e+07     5s
   4   4.43090137e+11 -1.32553720e+08  7.56e+05 8.29e+02  2.15e+07     5s
   5   3.59108143e+11 -8.78348661e+07  4.96e+05 4.76e+02  1.31e+07     5s
   6   2.75804101e+11 -6.17050946e+07  2.95e+05 3.07e+02  8.29e+06     5s
   7   2.15966390e+11 -4.16389740e+07  1.90e+05 1.98e+02  5.40e+06     5s
   8   1.88983154e+11 -3.98510798e+07  1.59e+05 1.89e+02  4.93e+06     5s
   9   1.62176637e+11 -2.70340078e+07  1.22e+05 1.24e+02  3.45e+06     5s
  10   1.25906121e+11 -1.85324339e+07  8.36e+04 8.19e+01  2.35e+06     5s
  11   1.05579598e+11 -1.14683002e+07  6.39e+04 4.85e+01  1.60e+06     5s
  12   6.34842968e+10 -5.18398442e+06  2.69e+04 2.40e+01  7.81e+05     5s
  13   3.30049909e+10 -6.10808173e+05  1.01e+04 7.14e+00  2.99e+05     5s
  14   1.20018140e+10  7.56822462e+05  2.38e+03 2.88e+00  9.91e+04     5s
  15   5.74976931e+09  1.67039195e+06  9.53e+02 1.05e+00  4.24e+04     5s
  16   4.01893874e+09  2.80548755e+06  6.37e+02 5.47e-01  2.72e+04     6s
  17   2.33377271e+09  3.51609075e+06  3.50e+02 3.62e-01  1.56e+04     6s
  18   1.46386497e+09  4.60648278e+06  2.10e+02 1.84e-01  9.38e+03     6s
  19   6.84414305e+08  6.15799220e+06  8.88e+01 6.70e-02  4.16e+03     6s
  20   3.64957496e+08  7.54292918e+06  4.44e+01 3.25e-02  2.15e+03     6s
  21   2.08767370e+08  1.00729959e+07  2.31e+01 1.48e-02  1.17e+03     6s
  22   1.33604448e+08  1.09268506e+07  1.32e+01 1.18e-02  7.16e+02     6s
  23   1.03163769e+08  1.36464335e+07  9.41e+00 5.61e-03  5.17e+02     6s
  24   7.81055257e+07  1.60821893e+07  6.29e+00 4.64e-03  3.56e+02     6s
  25   5.75471243e+07  1.90098312e+07  3.86e+00 2.88e-03  2.20e+02     6s
  26   5.09874806e+07  1.94645662e+07  3.13e+00 1.76e-03  1.80e+02     6s
  27   3.70650977e+07  1.97086116e+07  1.63e+00 1.73e-03  9.86e+01     6s
  28   3.49493753e+07  1.99953055e+07  1.40e+00 1.48e-03  8.49e+01     6s
  29   2.99928933e+07  2.07018789e+07  8.67e-01 1.27e-03  5.26e+01     6s
  30   2.76092562e+07  2.09780897e+07  6.13e-01 1.01e-03  3.75e+01     6s
  31   2.56945480e+07  2.10943538e+07  4.15e-01 7.98e-04  2.60e+01     6s
  32   2.39728004e+07  2.12286658e+07  2.39e-01 6.54e-04  1.55e+01     6s
  33   2.30646667e+07  2.13143609e+07  1.47e-01 5.98e-04  9.83e+00     6s
  34   2.24113400e+07  2.14012265e+07  7.86e-02 4.32e-04  5.65e+00     6s
  35   2.21619007e+07  2.14385997e+07  5.46e-02 3.51e-04  4.04e+00     6s
  36   2.18969720e+07  2.14816093e+07  3.11e-02 3.60e-04  2.32e+00     6s
  37   2.18035215e+07  2.14944886e+07  2.28e-02 3.37e-04  1.72e+00     6s
  38   2.16937871e+07  2.15165492e+07  1.28e-02 2.66e-04  9.83e-01     6s
  39   2.16628463e+07  2.15327510e+07  9.49e-03 2.16e-04  7.18e-01     6s
  40   2.16343723e+07  2.15486053e+07  5.96e-03 1.93e-04  4.70e-01     6s
  41   2.16231097e+07  2.15616115e+07  4.53e-03 1.88e-04  3.36e-01     6s
  42   2.16103792e+07  2.15710455e+07  2.95e-03 2.04e-04  2.14e-01     7s
  43   2.16012795e+07  2.15765863e+07  1.90e-03 1.57e-04  1.34e-01     7s
  44   2.15973136e+07  2.15793499e+07  1.46e-03 1.37e-04  9.76e-02     7s
  45   2.15923707e+07  2.15806104e+07  9.54e-04 1.30e-04  6.39e-02     7s
  46   2.15884160e+07  2.15811896e+07  5.59e-04 1.17e-04  3.92e-02     7s
  47   2.15861699e+07  2.15816656e+07  3.41e-04 8.86e-05  2.44e-02     7s
  48   2.15839693e+07  2.15820555e+07  1.37e-04 4.90e-05  1.04e-02     7s
  49   2.15833184e+07  2.15822087e+07  8.01e-05 4.00e-05  6.00e-03     7s
  50   2.15828712e+07  2.15822888e+07  4.32e-05 2.24e-05  3.15e-03     7s
  51   2.15824379e+07  2.15823135e+07  8.25e-06 4.67e-06  6.72e-04     7s
  52   2.15823606e+07  2.15823169e+07  2.65e-06 3.52e-06  2.36e-04     7s
  53   2.15823348e+07  2.15823190e+07  9.44e-07 1.89e-06  8.51e-05     7s
  54   2.15823219e+07  2.15823195e+07  1.05e-07 1.62e-06  1.31e-05     7s
  55   2.15823199e+07  2.15823197e+07  6.49e-09 5.29e-07  1.43e-06     7s
  56   2.15823199e+07  2.15823198e+07  9.13e-09 1.28e-07  4.77e-07     7s
  57   2.15823198e+07  2.15823198e+07  3.30e-09 1.77e-08  8.38e-08     7s
  58   2.15823198e+07  2.15823198e+07  1.96e-09 3.56e-09  2.60e-08     8s
  59   2.15823198e+07  2.15823198e+07  9.67e-10 3.46e-09  3.80e-09     8s

Barrier solved model in 59 iterations and 7.60 seconds (6.95 work units)
Optimal objective 2.15823198e+07


Root crossover log...

    8192 DPushes remaining with DInf 0.0000000e+00                 8s
       0 DPushes remaining with DInf 0.0000000e+00                 8s

    4142 PPushes remaining with PInf 5.6242342e-04                 8s
Concurrent spin time: 0.80s (can be avoided by choosing Method=3)

Solved with primal simplex

Root relaxation: objective 2.158232e+07, 38915 iterations, 4.20 seconds (3.64 work units)

    Nodes    |    Current Node    |     Objective Bounds      |     Work
 Expl Unexpl |  Obj  Depth IntInf | Incumbent    BestBd   Gap | It/Node Time

     0     0 2.1582e+07    0  525          - 2.1582e+07      -     -    9s
H    0     0                    2.049443e+07 2.1582e+07  5.31%     -   11s
     0     0 2.1575e+07    0  598 2.0494e+07 2.1575e+07  5.27%     -   17s
H    0     0                    2.111983e+07 2.1575e+07  2.15%     -   18s
     0     0 2.1574e+07    0  628 2.1120e+07 2.1574e+07  2.15%     -   19s
     0     0 2.1574e+07    0  637 2.1120e+07 2.1574e+07  2.15%     -   19s
     0     0 2.1574e+07    0  643 2.1120e+07 2.1574e+07  2.15%     -   19s
     0     0 2.1574e+07    0  644 2.1120e+07 2.1574e+07  2.15%     -   19s
     0     0 2.1571e+07    0  713 2.1120e+07 2.1571e+07  2.14%     -   23s
H    0     0                    2.121149e+07 2.1571e+07  1.70%     -   25s
     0     0 2.1570e+07    0  760 2.1211e+07 2.1570e+07  1.69%     -   25s
     0     0 2.1570e+07    0  779 2.1211e+07 2.1570e+07  1.69%     -   26s
     0     0 2.1570e+07    0  782 2.1211e+07 2.1570e+07  1.69%     -   26s
     0     0 2.1570e+07    0  787 2.1211e+07 2.1570e+07  1.69%     -   26s
     0     0 2.1570e+07    0  784 2.1211e+07 2.1570e+07  1.69%     -   26s
     0     0 2.1570e+07    0  784 2.1211e+07 2.1570e+07  1.69%     -   27s
     0     0 2.1568e+07    0  771 2.1211e+07 2.1568e+07  1.68%     -   32s
H    0     0                    2.129049e+07 2.1568e+07  1.30%     -   35s
     0     0 2.1567e+07    0  809 2.1290e+07 2.1567e+07  1.30%     -   36s
     0     0 2.1567e+07    0  815 2.1290e+07 2.1567e+07  1.30%     -   36s
     0     0 2.1567e+07    0  821 2.1290e+07 2.1567e+07  1.30%     -   36s
     0     0 2.1567e+07    0  823 2.1290e+07 2.1567e+07  1.30%     -   37s
     0     0 2.1565e+07    0  761 2.1290e+07 2.1565e+07  1.29%     -   42s
     0     0 2.1564e+07    0  770 2.1290e+07 2.1564e+07  1.29%     -   44s
     0     0 2.1564e+07    0  774 2.1290e+07 2.1564e+07  1.29%     -   45s
     0     0 2.1564e+07    0  782 2.1290e+07 2.1564e+07  1.29%     -   45s
     0     0 2.1564e+07    0  784 2.1290e+07 2.1564e+07  1.29%     -   45s
     0     0 2.1564e+07    0  781 2.1290e+07 2.1564e+07  1.29%     -   46s
     0     0 2.1563e+07    0  632 2.1290e+07 2.1563e+07  1.28%     -   53s
H    0     0                    2.132969e+07 2.1563e+07  1.09%     -   55s
     0     0 2.1563e+07    0  649 2.1330e+07 2.1563e+07  1.09%     -   56s
     0     0 2.1563e+07    0  654 2.1330e+07 2.1563e+07  1.09%     -   56s
     0     0 2.1563e+07    0  649 2.1330e+07 2.1563e+07  1.09%     -   57s
     0     0 2.1563e+07    0  657 2.1330e+07 2.1563e+07  1.09%     -   57s
     0     0 2.1563e+07    0  655 2.1330e+07 2.1563e+07  1.09%     -   57s
     0     0 2.1562e+07    0  672 2.1330e+07 2.1562e+07  1.09%     -   60s
     0     0 2.1562e+07    0  672 2.1330e+07 2.1562e+07  1.09%     -   62s
     0     0 2.1562e+07    0  664 2.1330e+07 2.1562e+07  1.09%     -   63s
     0     0 2.1562e+07    0  663 2.1330e+07 2.1562e+07  1.09%     -   63s
     0     0 2.1561e+07    0  650 2.1330e+07 2.1561e+07  1.09%     -   66s
     0     0 2.1561e+07    0  661 2.1330e+07 2.1561e+07  1.09%     -   68s
     0     0 2.1561e+07    0  665 2.1330e+07 2.1561e+07  1.09%     -   69s
     0     0 2.1561e+07    0  669 2.1330e+07 2.1561e+07  1.09%     -   69s
     0     0 2.1561e+07    0  655 2.1330e+07 2.1561e+07  1.08%     -   72s
H    0     0                    2.133710e+07 2.1561e+07  1.05%     -   76s
     0     0 2.1561e+07    0  634 2.1337e+07 2.1561e+07  1.05%     -   76s
     0     0 2.1561e+07    0  640 2.1337e+07 2.1561e+07  1.05%     -   77s
     0     0 2.1561e+07    0  645 2.1337e+07 2.1561e+07  1.05%     -   77s
     0     0 2.1561e+07    0  660 2.1337e+07 2.1561e+07  1.05%     -   80s
H    0     0                    2.135499e+07 2.1561e+07  0.96%     -   82s
     0     0 2.1561e+07    0  645 2.1355e+07 2.1561e+07  0.96%     -   83s
     0     0 2.1561e+07    0  647 2.1355e+07 2.1561e+07  0.96%     -   83s
     0     0 2.1561e+07    0  618 2.1355e+07 2.1561e+07  0.96%     -   85s
     0     0 2.1561e+07    0  618 2.1355e+07 2.1561e+07  0.96%     -   94s
H    0     0                    2.138289e+07 2.1561e+07  0.83%     -  113s
H    0     0                    2.138312e+07 2.1561e+07  0.83%     -  118s
H    0     0                    2.138328e+07 2.1561e+07  0.83%     -  118s
     0     2 2.1561e+07    0  618 2.1383e+07 2.1561e+07  0.83%     -  120s
    63   112 2.1559e+07    6  631 2.1383e+07 2.1560e+07  0.83%   537  126s
H   64   112                    2.139081e+07 2.1560e+07  0.79%   529  126s
H   65   112                    2.139199e+07 2.1560e+07  0.79%   521  126s
   399   502 2.1559e+07   12  627 2.1392e+07 2.1560e+07  0.79%   207  131s
   769   820 2.1557e+07   17  625 2.1392e+07 2.1560e+07  0.79%   171  135s
  1103  1150 2.1556e+07   23  615 2.1392e+07 2.1560e+07  0.79%   149  141s
  1151  1199 2.1555e+07   24  614 2.1392e+07 2.1560e+07  0.79%   146  145s
H 1152  1199                    2.141404e+07 2.1560e+07  0.68%   146  145s
H 1171  1199                    2.142408e+07 2.1560e+07  0.64%   145  145s
  1300  1347 2.1554e+07   25  612 2.1424e+07 2.1560e+07  0.64%   145  150s
  1348  1395 2.1555e+07   26  606 2.1424e+07 2.1560e+07  0.64%   144  156s
  1396  1443 2.1555e+07   27  604 2.1424e+07 2.1560e+07  0.64%   143  167s
H 1428  1443                    2.142827e+07 2.1560e+07  0.62%   141  167s
  1502  1616 2.1555e+07   29  609 2.1428e+07 2.1560e+07  0.62%   138  170s
H 1515  1616                    2.142924e+07 2.1560e+07  0.61%   137  170s
H 1528  1616                    2.142947e+07 2.1560e+07  0.61%   136  170s
H 1566  1616                    2.142952e+07 2.1560e+07  0.61%   135  170s
  1665  1714 2.1555e+07   31  608 2.1430e+07 2.1560e+07  0.61%   135  180s
  1715  1764 2.1555e+07   32  607 2.1430e+07 2.1560e+07  0.61%   136  186s
  1765  1813 2.1555e+07   33  603 2.1430e+07 2.1560e+07  0.61%   136  194s
H 1800  1813                    2.143467e+07 2.1560e+07  0.59%   134  194s
  1814  2024 2.1555e+07   34  606 2.1435e+07 2.1560e+07  0.59%   135  195s
  2395  2671 2.1552e+07   45  599 2.1435e+07 2.1560e+07  0.59%   131  200s
  2973  3286 2.1551e+07   59  597 2.1435e+07 2.1560e+07  0.59%   126  206s
  3919  4240 2.1550e+07   70  598 2.1435e+07 2.1560e+07  0.59%   123  211s
  4986  5127 2.1548e+07   82  564 2.1435e+07 2.1560e+07  0.59%   120  218s
  5137  5175 2.1548e+07   84  563 2.1435e+07 2.1560e+07  0.59%   119  220s
H 5185  5386                    2.144216e+07 2.1560e+07  0.55%   119  225s
H 5230  5386                    2.144366e+07 2.1560e+07  0.54%   119  225s
H 5315  5373                    2.144688e+07 2.1560e+07  0.53%   118  225s
H 5378  5371                    2.144862e+07 2.1560e+07  0.52%   117  225s
H 5391  5371                    2.144892e+07 2.1560e+07  0.52%   117  225s
H 5418  5371                    2.145332e+07 2.1560e+07  0.50%   117  225s
  5892  6321 2.1547e+07   97  541 2.1453e+07 2.1560e+07  0.50%   113  231s
  6903  7448 2.1543e+07  111  501 2.1453e+07 2.1560e+07  0.50%   107  235s
  8323  8905 2.1541e+07  133  473 2.1453e+07 2.1560e+07  0.50%  98.4  240s
Created node file directory '/scratch-local/lbeemster.22237128/gurobi_dev0.1_sub40.0_run3/grbnodes0'
  9723 10500 2.1540e+07  152  471 2.1453e+07 2.1560e+07  0.50%  91.9  245s
 11735 12382 2.1532e+07  195  464 2.1453e+07 2.1560e+07  0.50%  84.7  252s
 12678 13179 2.1522e+07  213  449 2.1453e+07 2.1560e+07  0.50%  82.8  255s
 14390 14753 2.1520e+07  229  411 2.1453e+07 2.1560e+07  0.50%  81.2  262s
 15180 15448 2.1519e+07  246  400 2.1453e+07 2.1560e+07  0.50%  81.2  265s
 15881 16447 2.1519e+07  251  401 2.1453e+07 2.1560e+07  0.50%  81.6  270s
 17187 17755 2.1517e+07  275  352 2.1453e+07 2.1560e+07  0.50%  79.8  277s
H18198 17569                    2.145924e+07 2.1560e+07  0.47%  78.9  317s
H18198 17412                    2.146076e+07 2.1560e+07  0.46%  78.9  321s
H18198 16929                    2.146958e+07 2.1560e+07  0.42%  78.9  321s
H18198 16926                    2.147062e+07 2.1560e+07  0.41%  78.9  327s
 18199 16916 2.1545e+07   25  618 2.1471e+07 2.1560e+07  0.41%  78.9  407s
 18201 16917 2.1535e+07  173  468 2.1471e+07 2.1552e+07  0.38%  78.9  550s
 18202 16918 2.1545e+07   66  449 2.1471e+07 2.1552e+07  0.38%  78.9  560s
 18204 16919 2.1537e+07   47  495 2.1471e+07 2.1552e+07  0.38%  78.9  566s
 18206 16921 2.1522e+07  226  470 2.1471e+07 2.1552e+07  0.38%  78.9  570s
H18211 16077                    2.147289e+07 2.1552e+07  0.37%  78.9  629s
H18211 15273                    2.147647e+07 2.1552e+07  0.35%  78.9  629s
H18211 14509                    2.148200e+07 2.1552e+07  0.32%  78.9  629s
H18211 13783                    2.148811e+07 2.1552e+07  0.30%  78.9  629s
H18211 13094                    2.150236e+07 2.1552e+07  0.23%  78.9  629s
H18211 12439                    2.150294e+07 2.1552e+07  0.23%  78.9  629s
H18211 11817                    2.150559e+07 2.1552e+07  0.21%  78.9  629s
 18213 11818 2.1520e+07  251  451 2.1506e+07 2.1552e+07  0.21%  78.8  633s
H18215 11229                    2.150916e+07 2.1551e+07  0.20%  78.8  705s
H18215 10667                    2.151015e+07 2.1551e+07  0.19%  78.8  705s
H18215 10133                    2.151176e+07 2.1551e+07  0.18%  78.8  705s
H18215  9626                    2.152144e+07 2.1551e+07  0.14%  78.8  705s

Cutting planes:
  Learned: 2
  Gomory: 30
  Implied bound: 606
  MIR: 712
  Flow cover: 1040
  RLT: 18
  Relax-and-lift: 929
  BQP: 2
  PSD: 3

Explored 18215 nodes (1559304 simplex iterations) in 705.34 seconds (812.55 work units)
Thread count was 48 (of 192 available processors)

Solution count 10: 2.15214e+07 2.15118e+07 2.15101e+07 ... 2.14765e+07

Optimal solution found (tolerance 2.00e-03)
Best objective 2.152144468977e+07, best bound 2.155130345760e+07, gap 0.1387%
Deleted nodefile directory: /scratch-local/lbeemster.22237128/gurobi_dev0.1_sub40.0_run3
Saved model snapshot to study_case_model/figures/subsidy_experiment/run_24426/dev0.1/sub40.0/run3/model_snapshot.pkl
Finished successfully!
