Gurobi shell based on Python 3.13.1 can be launched with command `gurobi.sh`
Gurobi Python Interface can be loaded in Python 3.13.1 with 'import gurobipy'
/var/spool/slurm/slurmd/job22237329/slurm_script: line 24: activate: No such file or directory
Solving model: dev1.0, sub25.0, run3
Read LP format model from file /scratch-local/lbeemster.22237329/tmp1lfsl17p.pyomo.lp
Reading time = 0.54 seconds
x1: 178177 rows, 50050 columns, 1021312 nonzeros
Set parameter OutputFlag to value 1
Set parameter MIPGap to value 0.002
Set parameter Threads to value 48
Set parameter Presolve to value 1
Set parameter Cuts to value 1
Set parameter NodefileStart to value 1
Set parameter NodefileDir to value "/scratch-local/lbeemster.22237329/gurobi_dev1.0_sub25.0_run3"
Set parameter MemLimit to value 60
Gurobi Optimizer version 12.0.3 build v12.0.3rc0 (linux64 - "Red Hat Enterprise Linux 9.6 (Plow)")

CPU model: AMD EPYC 9654 96-Core Processor, instruction set [SSE2|AVX|AVX2|AVX512]
Thread count: 192 physical cores, 192 logical processors, using up to 48 threads

Non-default parameters:
MemLimit  60
MIPGap  0.002
NodefileStart  1
Cuts  1
Presolve  1
Threads  48

Academic license 2514514 - for non-commercial use only - registered to l.___@student.vu.nl
Optimize a model with 178177 rows, 50050 columns and 1021312 nonzeros
Model fingerprint: 0xdeec4952
Variable types: 39426 continuous, 10624 integer (10624 binary)
Coefficient statistics:
  Matrix range     [6e-05, 1e+05]
  Objective range  [2e+00, 3e+04]
  Bounds range     [1e+00, 1e+00]
  RHS range        [3e-01, 2e+05]
Presolve removed 34273 rows and 21590 columns
Presolve time: 2.86s
Presolved: 143904 rows, 28460 columns, 877576 nonzeros
Variable types: 22732 continuous, 5728 integer (5728 binary)

Deterministic concurrent LP optimizer: primal simplex, dual simplex, and barrier
Showing barrier log only...

Root relaxation presolved: 26814 rows, 170702 columns, 905908 nonzeros

Root barrier log...

Ordering time: 0.05s

Barrier statistics:
 Dense cols : 24
 Free vars  : 2112
 AA' NZ     : 6.172e+05
 Factor NZ  : 1.686e+06 (roughly 100 MB of memory)
 Factor Ops : 1.272e+08 (less than 1 second per iteration)
 Threads    : 45

                  Objective                Residual
Iter       Primal          Dual         Primal    Dual     Compl     Time
   0   1.53500023e+12  7.51540216e+05  7.84e+06 3.10e+02  1.42e+08     6s
   1   1.12407650e+12 -1.65613568e+08  4.93e+06 2.81e+03  8.82e+07     6s
   2   7.81383966e+11 -1.04975036e+08  2.82e+06 2.04e+03  5.81e+07     6s
   3   5.64332019e+11 -4.65865968e+07  1.50e+06 1.29e+03  3.50e+07     7s
   4   4.66356401e+11 -2.17288618e+07  1.02e+06 8.36e+02  2.34e+07     7s
   5   3.92643164e+11 -1.50664022e+07  7.15e+05 6.02e+02  1.69e+07     7s
   6   3.35814834e+11 -1.17882430e+07  5.23e+05 5.01e+02  1.34e+07     7s
   7   2.76530770e+11 -8.34873868e+06  3.53e+05 3.46e+02  9.28e+06     7s
   8   1.96375739e+11 -3.60108046e+06  1.74e+05 1.96e+02  5.16e+06     7s
   9   1.17730586e+11 -2.32985643e+06  6.40e+04 1.08e+02  2.59e+06     7s
  10   8.59746394e+10 -2.80084924e+06  3.74e+04 6.38e+01  1.56e+06     7s
  11   7.33155332e+10 -2.61009418e+06  2.91e+04 5.29e+01  1.26e+06     7s
  12   5.12542936e+10 -1.67203643e+06  1.62e+04 2.82e+01  7.02e+05     7s
  13   3.40584531e+10 -8.30486269e+05  8.62e+03 1.50e+01  3.87e+05     7s
  14   1.37216641e+10  2.69917048e+04  2.38e+03 6.74e+00  1.41e+05     7s
  15   5.87642036e+09  4.67443858e+05  7.49e+02 3.57e+00  5.95e+04     7s
  16   4.18158016e+09  9.86888171e+05  4.79e+02 2.65e+00  4.12e+04     7s
  17   3.02825595e+09  2.55066108e+06  3.16e+02 9.25e-01  2.29e+04     7s
  18   2.41826232e+09  3.76447567e+06  2.44e+02 6.06e-01  1.69e+04     7s
  19   1.96596291e+09  4.36409919e+06  1.94e+02 3.14e-01  1.29e+04     7s
  20   1.36595049e+09  5.14511714e+06  1.30e+02 2.29e-01  8.69e+03     7s
  21   7.15720269e+08  7.37142038e+06  6.28e+01 8.88e-02  4.31e+03     7s
  22   3.54635626e+08  8.96922608e+06  2.87e+01 4.72e-02  2.07e+03     7s
  23   1.57041750e+08  1.32042009e+07  1.08e+01 1.30e-02  8.27e+02     7s
  24   9.25651789e+07  1.53862739e+07  5.24e+00 7.17e-03  4.36e+02     7s
  25   6.51781792e+07  1.83917173e+07  3.01e+00 2.83e-03  2.62e+02     8s
  26   5.54509712e+07  1.88194736e+07  2.34e+00 2.03e-03  2.05e+02     8s
  27   3.88040192e+07  1.94547979e+07  1.18e+00 1.44e-03  1.08e+02     8s
  28   3.33317207e+07  1.99131444e+07  7.99e-01 9.49e-04  7.46e+01     8s
  29   2.73730373e+07  2.06227449e+07  3.67e-01 1.02e-03  3.73e+01     8s
  30   2.35227349e+07  2.10093983e+07  1.11e-01 9.73e-04  1.38e+01     8s
  31   2.25874572e+07  2.12055472e+07  5.41e-02 6.80e-04  7.55e+00     8s
  32   2.21607178e+07  2.13539256e+07  3.15e-02 5.18e-04  4.40e+00     8s

Barrier performed 32 iterations in 7.87 seconds (6.73 work units)
Barrier solve interrupted - model solved by another algorithm

Concurrent spin time: 0.02s

Solved with primal simplex

Root relaxation: objective 2.153615e+07, 35694 iterations, 2.39 seconds (2.04 work units)

    Nodes    |    Current Node    |     Objective Bounds      |     Work
 Expl Unexpl |  Obj  Depth IntInf | Incumbent    BestBd   Gap | It/Node Time

     0     0 2.1536e+07    0  418          - 2.1536e+07      -     -    9s
H    0     0                    3241641.0578 2.1536e+07   564%     -   12s
     0     0 2.1533e+07    0  453 3241641.06 2.1533e+07   564%     -   12s
H    0     0                    2.118999e+07 2.1533e+07  1.62%     -   14s
     0     0 2.1533e+07    0  510 2.1190e+07 2.1533e+07  1.62%     -   14s
     0     0 2.1533e+07    0  517 2.1190e+07 2.1533e+07  1.62%     -   15s
     0     0 2.1533e+07    0  529 2.1190e+07 2.1533e+07  1.62%     -   15s
     0     0 2.1532e+07    0  601 2.1190e+07 2.1532e+07  1.61%     -   18s
     0     0 2.1530e+07    0  627 2.1190e+07 2.1530e+07  1.61%     -   20s
     0     0 2.1530e+07    0  636 2.1190e+07 2.1530e+07  1.61%     -   20s
     0     0 2.1530e+07    0  648 2.1190e+07 2.1530e+07  1.61%     -   20s
     0     0 2.1530e+07    0  650 2.1190e+07 2.1530e+07  1.61%     -   21s
     0     0 2.1527e+07    0  663 2.1190e+07 2.1527e+07  1.59%     -   25s
H    0     0                    2.124096e+07 2.1527e+07  1.35%     -   26s
     0     0 2.1527e+07    0  655 2.1241e+07 2.1527e+07  1.34%     -   26s
     0     0 2.1527e+07    0  645 2.1241e+07 2.1527e+07  1.34%     -   27s
     0     0 2.1527e+07    0  660 2.1241e+07 2.1527e+07  1.34%     -   27s
     0     0 2.1527e+07    0  670 2.1241e+07 2.1527e+07  1.34%     -   27s
     0     0 2.1526e+07    0  585 2.1241e+07 2.1526e+07  1.34%     -   31s
     0     0 2.1526e+07    0  614 2.1241e+07 2.1526e+07  1.34%     -   33s
     0     0 2.1525e+07    0  640 2.1241e+07 2.1525e+07  1.34%     -   33s
     0     0 2.1525e+07    0  633 2.1241e+07 2.1525e+07  1.34%     -   33s
     0     0 2.1525e+07    0  641 2.1241e+07 2.1525e+07  1.34%     -   34s
     0     0 2.1524e+07    0  490 2.1241e+07 2.1524e+07  1.33%     -   37s
     0     0 2.1523e+07    0  505 2.1241e+07 2.1523e+07  1.33%     -   40s
     0     0 2.1523e+07    0  526 2.1241e+07 2.1523e+07  1.33%     -   40s
     0     0 2.1523e+07    0  528 2.1241e+07 2.1523e+07  1.33%     -   40s
     0     0 2.1523e+07    0  529 2.1241e+07 2.1523e+07  1.33%     -   41s
     0     0 2.1523e+07    0  535 2.1241e+07 2.1523e+07  1.33%     -   43s
     0     0 2.1523e+07    0  563 2.1241e+07 2.1523e+07  1.33%     -   44s
     0     0 2.1523e+07    0  567 2.1241e+07 2.1523e+07  1.33%     -   44s
     0     0 2.1523e+07    0  562 2.1241e+07 2.1523e+07  1.33%     -   45s
     0     0 2.1522e+07    0  540 2.1241e+07 2.1522e+07  1.32%     -   47s
H    0     0                    2.128133e+07 2.1522e+07  1.13%     -   50s
     0     0 2.1522e+07    0  537 2.1281e+07 2.1522e+07  1.13%     -   50s
     0     0 2.1522e+07    0  548 2.1281e+07 2.1522e+07  1.13%     -   50s
     0     0 2.1522e+07    0  549 2.1281e+07 2.1522e+07  1.13%     -   50s
     0     0 2.1522e+07    0  548 2.1281e+07 2.1522e+07  1.13%     -   50s
     0     0 2.1522e+07    0  520 2.1281e+07 2.1522e+07  1.13%     -   53s
H    0     0                    2.128679e+07 2.1522e+07  1.10%     -   55s
     0     0 2.1522e+07    0  524 2.1287e+07 2.1522e+07  1.10%     -   56s
     0     0 2.1522e+07    0  522 2.1287e+07 2.1522e+07  1.10%     -   56s
     0     0 2.1522e+07    0  499 2.1287e+07 2.1522e+07  1.10%     -   58s
     0     0 2.1522e+07    0  507 2.1287e+07 2.1522e+07  1.10%     -   61s
     0     0 2.1522e+07    0  510 2.1287e+07 2.1522e+07  1.10%     -   61s
     0     0 2.1521e+07    0  499 2.1287e+07 2.1521e+07  1.10%     -   63s
H    0     0                    2.129097e+07 2.1521e+07  1.08%     -   66s
     0     0 2.1521e+07    0  510 2.1291e+07 2.1521e+07  1.08%     -   67s
     0     0 2.1521e+07    0  513 2.1291e+07 2.1521e+07  1.08%     -   67s
     0     0 2.1521e+07    0  504 2.1291e+07 2.1521e+07  1.08%     -   69s
     0     0 2.1521e+07    0  505 2.1291e+07 2.1521e+07  1.08%     -   74s
H    0     0                    2.130506e+07 2.1521e+07  1.02%     -   87s
H    0     0                    2.134617e+07 2.1521e+07  0.82%     -   88s
H    0     0                    2.134637e+07 2.1521e+07  0.82%     -   93s
H    0     0                    2.135109e+07 2.1521e+07  0.80%     -   95s
H    0     0                    2.135119e+07 2.1521e+07  0.80%     -  100s
     0     2 2.1521e+07    0  505 2.1351e+07 2.1521e+07  0.80%     -  102s
    31    64 2.1521e+07    5  510 2.1351e+07 2.1521e+07  0.80%   154  105s
H   63   112                    2.135941e+07 2.1521e+07  0.76%   136  111s
H   65   112                    2.136180e+07 2.1521e+07  0.75%   135  111s
H   76   112                    2.136256e+07 2.1521e+07  0.74%   125  111s
H   79   112                    2.136617e+07 2.1521e+07  0.73%   128  111s
H   82   112                    2.137668e+07 2.1521e+07  0.68%   126  111s
   186   399 2.1518e+07    8  516 2.1377e+07 2.1521e+07  0.68%   115  115s
  1007  1056 2.1515e+07   21  470 2.1377e+07 2.1521e+07  0.68%  92.2  123s
  1055  1104 2.1515e+07   22  465 2.1377e+07 2.1521e+07  0.68%  90.7  129s
  1103  1152 2.1515e+07   22  462 2.1377e+07 2.1521e+07  0.68%  89.4  137s
H 1105  1152                    2.140276e+07 2.1521e+07  0.55%  89.2  137s
H 1118  1152                    2.141960e+07 2.1521e+07  0.47%  89.1  137s
  1664  1810 2.1514e+07   29  462 2.1420e+07 2.1521e+07  0.47%  79.5  140s
H 2357  2531                    2.144110e+07 2.1521e+07  0.37%  74.4  146s
H 2509  2531                    2.144470e+07 2.1521e+07  0.36%  73.0  146s
  3535  3711 2.1508e+07   50  416 2.1445e+07 2.1521e+07  0.36%  65.4  150s
H 3879  3997                    2.144597e+07 2.1521e+07  0.35%  63.4  151s
H 3907  3991                    2.144784e+07 2.1521e+07  0.34%  63.2  151s
  4854  4904 2.1506e+07   61  409 2.1448e+07 2.1521e+07  0.34%  59.0  156s
H 5297  5446                    2.144789e+07 2.1520e+07  0.34%  58.0  159s
  5639  5832 2.1503e+07   72  398 2.1448e+07 2.1520e+07  0.34%  56.8  160s
  7873  7553 2.1499e+07  134  333 2.1448e+07 2.1520e+07  0.34%  51.6  166s
H 7940  5782                    2.147380e+07 2.1520e+07  0.22%  52.0  168s
  8618  6798 2.1496e+07  148  333 2.1474e+07 2.1520e+07  0.21%  51.8  170s
H 9282  7108                    2.147380e+07 2.1520e+07  0.21%  50.7  172s
H 9400  7107                    2.147392e+07 2.1520e+07  0.21%  50.4  172s
 10139  8295 2.1488e+07  181  321 2.1474e+07 2.1520e+07  0.21%  49.9  175s
Created node file directory '/scratch-local/lbeemster.22237329/gurobi_dev1.0_sub25.0_run3/grbnodes0'
 12441 10739 2.1485e+07  233  285 2.1474e+07 2.1520e+07  0.21%  46.7  181s
 14456 12697 2.1484e+07  291  252 2.1474e+07 2.1520e+07  0.21%  43.8  187s
 15444 13054 2.1482e+07  315  235 2.1474e+07 2.1520e+07  0.21%  42.8  190s
H15454 13054                    2.147392e+07 2.1520e+07  0.21%  42.8  190s
 17020 15187 2.1480e+07  349  215 2.1474e+07 2.1520e+07  0.21%  40.8  195s
 18047 15188 2.1484e+07  331  505 2.1474e+07 2.1520e+07  0.21%  40.0  255s
H18048 14429                    2.147519e+07 2.1520e+07  0.21%  40.0  468s
H18048 13708                    2.147624e+07 2.1520e+07  0.20%  40.0  468s
H18048 13022                    2.147624e+07 2.1511e+07  0.16%  40.0  468s

Cutting planes:
  Gomory: 12
  Cover: 1
  Implied bound: 148
  MIR: 389
  Flow cover: 452
  RLT: 3
  Relax-and-lift: 341

Explored 18048 nodes (835574 simplex iterations) in 468.75 seconds (502.50 work units)
Thread count was 48 (of 192 available processors)

Solution count 10: 2.14762e+07 2.14752e+07 2.14739e+07 ... 2.13662e+07

Optimal solution found (tolerance 2.00e-03)
Best objective 2.147624272252e+07, best bound 2.151061664166e+07, gap 0.1601%
Deleted nodefile directory: /scratch-local/lbeemster.22237329/gurobi_dev1.0_sub25.0_run3
Saved model snapshot to study_case_model/figures/subsidy_experiment/run_24426/dev1.0/sub25.0/run3/model_snapshot.pkl
Finished successfully!
