Gurobi shell based on Python 3.13.1 can be launched with command `gurobi.sh`
Gurobi Python Interface can be loaded in Python 3.13.1 with 'import gurobipy'
/var/spool/slurm/slurmd/job22234587/slurm_script: line 24: activate: No such file or directory
Solving model: dev0.05, sub26.0, run2
Read LP format model from file /scratch-local/lbeemster.22234587/tmp94a_kpj6.pyomo.lp
Reading time = 0.54 seconds
x1: 178177 rows, 50050 columns, 1021312 nonzeros
Set parameter OutputFlag to value 1
Set parameter MIPGap to value 0.002
Set parameter Threads to value 48
Set parameter Presolve to value 1
Set parameter Cuts to value 1
Set parameter NodefileStart to value 1
Set parameter NodefileDir to value "/scratch-local/lbeemster.22234587/gurobi_dev0.05_sub26.0_run2"
Set parameter MemLimit to value 60
Gurobi Optimizer version 12.0.3 build v12.0.3rc0 (linux64 - "Red Hat Enterprise Linux 9.6 (Plow)")

CPU model: AMD EPYC 9654 96-Core Processor, instruction set [SSE2|AVX|AVX2|AVX512]
Thread count: 192 physical cores, 192 logical processors, using up to 48 threads

Non-default parameters:
MemLimit  60
MIPGap  0.002
NodefileStart  1
Cuts  1
Presolve  1
Threads  48

Academic license 2514514 - for non-commercial use only - registered to l.___@student.vu.nl
Optimize a model with 178177 rows, 50050 columns and 1021312 nonzeros
Model fingerprint: 0x929112c5
Variable types: 39426 continuous, 10624 integer (10624 binary)
Coefficient statistics:
  Matrix range     [6e-05, 1e+05]
  Objective range  [2e+00, 3e+04]
  Bounds range     [1e+00, 1e+00]
  RHS range        [3e-01, 2e+05]
Presolve removed 33568 rows and 21686 columns
Presolve time: 2.71s
Presolved: 144609 rows, 28364 columns, 863613 nonzeros
Variable types: 22612 continuous, 5752 integer (5752 binary)

Deterministic concurrent LP optimizer: primal simplex, dual simplex, and barrier
Showing barrier log only...

Root relaxation presolved: 26567 rows, 171104 columns, 891743 nonzeros

Root barrier log...

Ordering time: 0.05s

Barrier statistics:
 Dense cols : 31
 Free vars  : 2112
 AA' NZ     : 5.932e+05
 Factor NZ  : 1.636e+06 (roughly 100 MB of memory)
 Factor Ops : 1.211e+08 (less than 1 second per iteration)
 Threads    : 45

                  Objective                Residual
Iter       Primal          Dual         Primal    Dual     Compl     Time
   0   1.53439176e+12  7.58673186e+05  7.86e+06 3.21e+02  1.44e+08     4s
   1   1.14790482e+12 -1.60647952e+08  5.10e+06 2.85e+03  9.08e+07     5s
   2   7.57656012e+11 -8.63510054e+07  2.43e+06 1.68e+03  5.01e+07     5s
   3   5.52323995e+11 -3.87258915e+07  1.24e+06 1.20e+03  3.19e+07     5s
   4   3.92997142e+11 -1.43285878e+07  5.21e+05 8.42e+02  1.95e+07     5s
   5   3.11246318e+11 -9.09832397e+06  2.85e+05 6.12e+02  1.35e+07     5s
   6   2.50703368e+11 -7.90149453e+05  1.76e+05 3.86e+02  8.55e+06     5s
   7   1.94864446e+11  2.42957907e+06  1.06e+05 2.45e+02  5.40e+06     5s
   8   1.45430494e+11  3.14792939e+06  6.09e+04 1.91e+02  3.86e+06     5s
   9   1.42894810e+11  3.39949145e+06  5.88e+04 1.71e+02  3.54e+06     5s
  10   1.28201049e+11  3.47675166e+06  4.92e+04 1.44e+02  2.98e+06     5s
  11   8.75234488e+10  3.33705992e+06  2.43e+04 9.63e+01  1.87e+06     5s
  12   6.55018899e+10  2.49084099e+06  1.41e+04 5.26e+01  1.08e+06     5s
  13   5.93842407e+10  1.86448701e+06  1.21e+04 2.96e+01  7.36e+05     5s
  14   3.68911947e+10  1.49365093e+06  5.75e+03 1.75e+01  4.10e+05     5s
  15   2.51206209e+10  1.16151586e+06  3.44e+03 8.55e+00  2.30e+05     5s
  16   1.53387173e+10  1.10645697e+06  1.84e+03 4.38e+00  1.25e+05     5s
  17   8.52186490e+09  1.32918754e+06  9.02e+02 2.06e+00  6.36e+04     5s
  18   6.29251332e+09  1.66764844e+06  6.38e+02 1.13e+00  4.35e+04     5s
  19   3.73386070e+09  2.56628366e+06  3.55e+02 4.65e-01  2.37e+04     5s
  20   1.80119042e+09  2.99487090e+06  1.61e+02 3.23e-01  1.16e+04     6s
  21   1.18789202e+09  3.93520320e+06  1.00e+02 2.22e-01  7.52e+03     6s
  22   6.56399258e+08  6.32729392e+06  5.21e+01 7.00e-02  3.88e+03     6s
  23   1.98086860e+08  9.06714942e+06  1.29e+01 3.05e-02  1.12e+03     6s
  24   1.23180786e+08  1.52505978e+07  6.97e+00 6.99e-03  6.14e+02     6s
  25   8.52621007e+07  1.69340057e+07  4.28e+00 2.96e-03  3.86e+02     6s
  26   5.56554020e+07  1.82689602e+07  2.09e+00 2.01e-03  2.09e+02     6s
  27   4.29971984e+07  1.92472714e+07  1.28e+00 1.39e-03  1.32e+02     6s
  28   3.41226565e+07  1.97224450e+07  7.56e-01 1.77e-03  7.97e+01     6s
  29   2.82974737e+07  2.02267533e+07  4.02e-01 2.03e-03  4.45e+01     6s
  30   2.51401825e+07  2.05668570e+07  2.15e-01 1.19e-03  2.51e+01     6s
  31   2.35624617e+07  2.06989770e+07  1.30e-01 1.06e-03  1.57e+01     6s
  32   2.25866477e+07  2.08305089e+07  7.85e-02 6.39e-04  9.61e+00     6s
  33   2.15617377e+07  2.09021107e+07  2.57e-02 4.97e-04  3.60e+00     6s
  34   2.13277548e+07  2.09675839e+07  1.42e-02 3.47e-04  1.96e+00     6s
  35   2.12085126e+07  2.09954478e+07  8.02e-03 4.07e-04  1.16e+00     6s
  36   2.11604411e+07  2.10091772e+07  5.16e-03 3.30e-04  8.19e-01     6s
  37   2.11361611e+07  2.10258143e+07  3.34e-03 2.86e-04  5.95e-01     6s
  38   2.11204070e+07  2.10467497e+07  2.18e-03 2.80e-04  3.96e-01     6s
  39   2.11089346e+07  2.10582930e+07  1.59e-03 2.66e-04  2.72e-01     6s
  40   2.10938647e+07  2.10656042e+07  8.51e-04 2.65e-04  1.51e-01     6s
  41   2.10870344e+07  2.10696613e+07  5.22e-04 2.05e-04  9.29e-02     7s
  42   2.10805168e+07  2.10726049e+07  2.32e-04 1.22e-04  4.23e-02     7s
  43   2.10780598e+07  2.10734908e+07  1.34e-04 8.19e-05  2.44e-02     7s
  44   2.10755700e+07  2.10739782e+07  4.06e-05 3.13e-05  8.50e-03     7s
  45   2.10748947e+07  2.10741370e+07  1.85e-05 1.54e-05  4.04e-03     7s
  46   2.10746197e+07  2.10741791e+07  1.03e-05 1.04e-05  2.35e-03     7s
  47   2.10743996e+07  2.10742145e+07  4.08e-06 5.05e-06  9.88e-04     7s
  48   2.10742588e+07  2.10742339e+07  2.12e-07 2.40e-06  1.32e-04     7s

Barrier performed 48 iterations in 6.86 seconds (6.11 work units)
Barrier solve interrupted - model solved by another algorithm

Concurrent spin time: 0.68s (can be avoided by choosing Method=3)

Solved with primal simplex

Root relaxation: objective 2.107424e+07, 29044 iterations, 3.37 seconds (2.80 work units)

    Nodes    |    Current Node    |     Objective Bounds      |     Work
 Expl Unexpl |  Obj  Depth IntInf | Incumbent    BestBd   Gap | It/Node Time

     0     0 2.1074e+07    0  446          - 2.1074e+07      -     -    8s
     0     0 2.1069e+07    0  561          - 2.1069e+07      -     -   12s
H    0     0                    2.043975e+07 2.1069e+07  3.08%     -   14s
     0     0 2.1068e+07    0  578 2.0440e+07 2.1068e+07  3.08%     -   14s
     0     0 2.1068e+07    0  586 2.0440e+07 2.1068e+07  3.08%     -   15s
     0     0 2.1068e+07    0  590 2.0440e+07 2.1068e+07  3.08%     -   15s
     0     0 2.1067e+07    0  629 2.0440e+07 2.1067e+07  3.07%     -   18s
H    0     0                    2.071867e+07 2.1066e+07  1.68%     -   19s
     0     0 2.1066e+07    0  674 2.0719e+07 2.1066e+07  1.68%     -   21s
     0     0 2.1066e+07    0  681 2.0719e+07 2.1066e+07  1.67%     -   21s
     0     0 2.1065e+07    0  698 2.0719e+07 2.1065e+07  1.67%     -   22s
     0     0 2.1065e+07    0  702 2.0719e+07 2.1065e+07  1.67%     -   22s
     0     0 2.1065e+07    0  701 2.0719e+07 2.1065e+07  1.67%     -   22s
     0     0 2.1065e+07    0  701 2.0719e+07 2.1065e+07  1.67%     -   22s
     0     0 2.1059e+07    0  637 2.0719e+07 2.1059e+07  1.64%     -   26s
H    0     0                    2.075337e+07 2.1059e+07  1.47%     -   28s
     0     0 2.1058e+07    0  647 2.0753e+07 2.1058e+07  1.47%     -   29s
     0     0 2.1057e+07    0  683 2.0753e+07 2.1057e+07  1.46%     -   29s
     0     0 2.1057e+07    0  707 2.0753e+07 2.1057e+07  1.46%     -   30s
     0     0 2.1057e+07    0  713 2.0753e+07 2.1057e+07  1.46%     -   30s
     0     0 2.1057e+07    0  717 2.0753e+07 2.1057e+07  1.46%     -   30s
     0     0 2.1057e+07    0  716 2.0753e+07 2.1057e+07  1.46%     -   30s
     0     0 2.1055e+07    0  694 2.0753e+07 2.1055e+07  1.45%     -   34s
     0     0 2.1054e+07    0  724 2.0753e+07 2.1054e+07  1.45%     -   37s
     0     0 2.1054e+07    0  764 2.0753e+07 2.1054e+07  1.45%     -   37s
     0     0 2.1054e+07    0  769 2.0753e+07 2.1054e+07  1.45%     -   38s
     0     0 2.1054e+07    0  765 2.0753e+07 2.1054e+07  1.45%     -   38s
     0     0 2.1054e+07    0  767 2.0753e+07 2.1054e+07  1.45%     -   38s
     0     0 2.1054e+07    0  637 2.0753e+07 2.1054e+07  1.45%     -   43s
     0     0 2.1054e+07    0  658 2.0753e+07 2.1054e+07  1.45%     -   46s
     0     0 2.1054e+07    0  665 2.0753e+07 2.1054e+07  1.45%     -   46s
     0     0 2.1054e+07    0  670 2.0753e+07 2.1054e+07  1.45%     -   46s
     0     0 2.1053e+07    0  652 2.0753e+07 2.1053e+07  1.44%     -   49s
     0     0 2.1053e+07    0  655 2.0753e+07 2.1053e+07  1.44%     -   51s
     0     0 2.1053e+07    0  657 2.0753e+07 2.1053e+07  1.44%     -   51s
     0     0 2.1053e+07    0  661 2.0753e+07 2.1053e+07  1.44%     -   51s
     0     0 2.1053e+07    0  631 2.0753e+07 2.1053e+07  1.44%     -   54s
     0     0 2.1053e+07    0  668 2.0753e+07 2.1053e+07  1.44%     -   58s
     0     0 2.1053e+07    0  670 2.0753e+07 2.1053e+07  1.44%     -   58s
     0     0 2.1053e+07    0  656 2.0753e+07 2.1053e+07  1.44%     -   58s
     0     0 2.1053e+07    0  657 2.0753e+07 2.1053e+07  1.44%     -   59s
     0     0 2.1052e+07    0  614 2.0753e+07 2.1052e+07  1.44%     -   61s
H    0     0                    2.076426e+07 2.1052e+07  1.39%     -   66s
     0     0 2.1052e+07    0  627 2.0764e+07 2.1052e+07  1.39%     -   66s
     0     0 2.1052e+07    0  627 2.0764e+07 2.1052e+07  1.39%     -   66s
     0     0 2.1052e+07    0  617 2.0764e+07 2.1052e+07  1.39%     -   69s
     0     0 2.1052e+07    0  637 2.0764e+07 2.1052e+07  1.39%     -   72s
     0     0 2.1052e+07    0  643 2.0764e+07 2.1052e+07  1.39%     -   72s
     0     0 2.1052e+07    0  615 2.0764e+07 2.1052e+07  1.39%     -   75s
     0     0 2.1052e+07    0  634 2.0764e+07 2.1052e+07  1.39%     -   76s
     0     0 2.1052e+07    0  624 2.0764e+07 2.1052e+07  1.39%     -   76s
     0     0 2.1052e+07    0  589 2.0764e+07 2.1052e+07  1.39%     -   79s
     0     0 2.1052e+07    0  589 2.0764e+07 2.1052e+07  1.39%     -   85s
H    0     0                    2.076904e+07 2.1052e+07  1.36%     -   92s
H    0     0                    2.077630e+07 2.1052e+07  1.33%     -   92s
     0     2 2.1052e+07    0  589 2.0776e+07 2.1052e+07  1.33%     -   98s
    15    32 2.1050e+07    4  597 2.0776e+07 2.1052e+07  1.33%   457  100s
   111   222 2.1045e+07    7  588 2.0776e+07 2.1049e+07  1.31%   585  107s
H  119   222                    2.077745e+07 2.1049e+07  1.31%   573  107s
H  313   362                    2.077746e+07 2.1049e+07  1.31%   421  112s
H  379   421                    2.077754e+07 2.1049e+07  1.31%   401  114s
H  386   421                    2.078641e+07 2.1049e+07  1.26%   400  114s
   420   539 2.1036e+07   12  585 2.0786e+07 2.1049e+07  1.26%   388  118s
   538   692 2.1032e+07   14  587 2.0786e+07 2.1049e+07  1.26%   353  120s
   951  1069 2.1029e+07   20  570 2.0786e+07 2.1049e+07  1.26%   240  125s
H  971  1069                    2.088733e+07 2.1049e+07  0.77%   237  125s
  1530  1640 2.1028e+07   30  551 2.0887e+07 2.1049e+07  0.77%   189  130s
  1976  2049 2.1024e+07   37  481 2.0887e+07 2.1049e+07  0.77%   193  136s
H 2083  2163                    2.090152e+07 2.1049e+07  0.70%   194  138s
H 2116  2163                    2.090252e+07 2.1049e+07  0.70%   194  138s
  2335  2363 2.1021e+07   43  502 2.0903e+07 2.1049e+07  0.70%   193  141s
  2387  2411 2.1022e+07   43  496 2.0903e+07 2.1048e+07  0.70%   192  145s
H 2388  2411                    2.091028e+07 2.1048e+07  0.66%   192  145s
  3034  3177 2.1021e+07   50  505 2.0910e+07 2.1048e+07  0.66%   191  151s
Created node file directory '/scratch-local/lbeemster.22234587/gurobi_dev0.05_sub26.0_run2/grbnodes0'
  3516  3507 2.1018e+07   55  538 2.0910e+07 2.1048e+07  0.66%   187  155s
H 3612  3662                    2.091031e+07 2.1048e+07  0.66%   198  157s
H 3619  3662                    2.091079e+07 2.1048e+07  0.66%   198  157s
H 3746  3652                    2.091167e+07 2.1048e+07  0.65%   201  157s
  4052  4158 2.1017e+07   59  519 2.0912e+07 2.1048e+07  0.65%   197  160s
  4804  4798 2.1013e+07   70  460 2.0912e+07 2.1048e+07  0.65%   198  166s
H 4966  4798                    2.091167e+07 2.1048e+07  0.65%   198  166s
  5605  5727 2.0995e+07   78  443 2.0912e+07 2.1048e+07  0.65%   195  172s
  6347  6391 2.1000e+07   90  410 2.0912e+07 2.1047e+07  0.65%   191  176s
H 6654  6467                    2.091167e+07 2.1047e+07  0.65%   193  179s
H 6681  6449                    2.091339e+07 2.1047e+07  0.64%   193  179s
  6727  6694 2.0995e+07   96  321 2.0913e+07 2.1047e+07  0.64%   194  181s
H 7337  7065                    2.091339e+07 2.1047e+07  0.64%   200  187s
  7385  7504 2.0990e+07  102  356 2.0913e+07 2.1047e+07  0.64%   200  190s
H 8023  7690                    2.091339e+07 2.1047e+07  0.64%   198  194s
  8060  8134 2.0990e+07  118  321 2.0913e+07 2.1047e+07  0.64%   198  197s
  8522  8604 2.0986e+07  121  319 2.0913e+07 2.1047e+07  0.64%   196  201s
  9407  9688 2.0983e+07  139  280 2.0913e+07 2.1047e+07  0.64%   193  207s
 10129 10494 2.0981e+07  144  273 2.0913e+07 2.1046e+07  0.64%   187  211s
 10943 11337 2.0982e+07  157  256 2.0913e+07 2.1046e+07  0.64%   180  216s
 11795 12033 2.0982e+07  175  264 2.0913e+07 2.1046e+07  0.64%   172  220s
 13632 13145 2.0977e+07  214  221 2.0913e+07 2.1046e+07  0.63%   156  233s
H13702 13145                    2.091339e+07 2.1046e+07  0.63%   156  234s
H13704 11375                    2.093736e+07 2.1046e+07  0.52%   156  243s
H13705 11041                    2.094489e+07 2.1046e+07  0.48%   156  243s
H13726 10838                    2.094880e+07 2.1046e+07  0.46%   156  243s
H13727 10260                    2.095573e+07 2.1046e+07  0.43%   156  243s
H13747  8505                    2.096296e+07 2.1046e+07  0.40%   156  244s
 13758  8829 2.0979e+07  216  223 2.0963e+07 2.1046e+07  0.40%   156  248s
 14333  9028 2.0978e+07  226  213 2.0963e+07 2.1046e+07  0.40%   156  252s
H14560  9027                    2.096298e+07 2.1046e+07  0.40%   159  270s
H14560  9017                    2.096456e+07 2.1046e+07  0.39%   159  271s
H14560  9017                    2.096456e+07 2.1046e+07  0.39%   159  273s
 14561  9018 2.1029e+07   36  589 2.0965e+07 2.1046e+07  0.39%   159  323s
H14562  8568                    2.096540e+07 2.1046e+07  0.38%   159  453s
H14562  8139                    2.096575e+07 2.1046e+07  0.38%   159  453s
H14562  7732                    2.096584e+07 2.1046e+07  0.38%   159  453s
 14563  7732 2.1007e+07   14  377 2.0966e+07 2.1046e+07  0.38%   159  467s
 14564  7733 2.1023e+07   60  599 2.0966e+07 2.1046e+07  0.38%   159  475s
 14566  7734 2.1023e+07   50  483 2.0966e+07 2.1046e+07  0.38%   159  481s
 14568  7736 2.1040e+07   10  519 2.0966e+07 2.1046e+07  0.38%   159  486s
 14571  7738 2.1005e+07   34  498 2.0966e+07 2.1045e+07  0.38%   159  546s
H14571  7351                    2.096938e+07 2.1045e+07  0.36%   159  547s
 14573  7352 2.1005e+07   34  469 2.0969e+07 2.1043e+07  0.35%   159  550s
H14573  6984                    2.097072e+07 2.1043e+07  0.34%   159  585s
H14575  6636                    2.097154e+07 2.1043e+07  0.34%   159  589s
H14575  6304                    2.097181e+07 2.1043e+07  0.34%   159  589s
H14575  5988                    2.097183e+07 2.1043e+07  0.34%   159  589s
H14576  5689                    2.097630e+07 2.1043e+07  0.32%   159  637s
H14576  5405                    2.097672e+07 2.1043e+07  0.31%   159  637s
H14576  5134                    2.097701e+07 2.1043e+07  0.31%   159  637s
 14578  5135 2.1009e+07   73  441 2.0977e+07 2.1042e+07  0.31%   159  640s
 14579  5136 2.0994e+07   98  445 2.0977e+07 2.1042e+07  0.31%   159  728s
 14580  5137 2.0993e+07   69  445 2.0977e+07 2.1042e+07  0.31%   159  731s
 14581  5137 2.1027e+07   45  452 2.0977e+07 2.1042e+07  0.31%   159  763s
 14583  5139 2.0984e+07  150  442 2.0977e+07 2.1042e+07  0.31%   159  769s
H14583  4882                    2.097704e+07 2.1042e+07  0.31%   159  806s
 14584  4882 2.0990e+07   72  442 2.0977e+07 2.1042e+07  0.31%   159  810s
 14585  4886 2.1042e+07   16  437 2.0977e+07 2.1042e+07  0.31%   164  817s
 14587  4888 2.1040e+07   17  431 2.0977e+07 2.1040e+07  0.30%   164  820s
 14617  4885 2.1033e+07   21  410 2.0977e+07 2.1033e+07  0.26%   164  826s
 14643  4890 2.1029e+07   23  396 2.0977e+07 2.1031e+07  0.26%   164  830s
 14739  4949 2.1019e+07   26  358 2.0977e+07 2.1022e+07  0.21%   166  836s
 14908  4995 2.1016e+07   28  358 2.0977e+07 2.1022e+07  0.21%   168  842s
 14988  5020 2.1015e+07   28  353 2.0977e+07 2.1022e+07  0.21%   168  845s
 15149  5054 2.1001e+07   29  349 2.0977e+07 2.1022e+07  0.21%   168  851s
 15197  5067 2.1015e+07   30  346 2.0977e+07 2.1022e+07  0.21%   168  855s
H15211  4817                    2.097711e+07 2.1022e+07  0.21%   168  855s
H15236  4577                    2.097718e+07 2.1022e+07  0.21%   168  855s
 15325  4657 2.1014e+07   31  342 2.0977e+07 2.1022e+07  0.21%   168  860s
 15402  4635 2.1011e+07   31  347 2.0977e+07 2.1022e+07  0.21%   168  868s
 15472  4621 2.1012e+07   32  333 2.0977e+07 2.1022e+07  0.21%   168  872s
 15558  4618 2.1012e+07   33  333 2.0977e+07 2.1022e+07  0.21%   168  877s
 15645  4606 2.1010e+07   34  338 2.0977e+07 2.1022e+07  0.21%   169  881s

Cutting planes:
  Gomory: 3
  Cover: 3
  Implied bound: 465
  MIR: 1066
  Flow cover: 1116
  RLT: 8
  Relax-and-lift: 964

Explored 15825 nodes (2743175 simplex iterations) in 884.64 seconds (1057.87 work units)
Thread count was 48 (of 192 available processors)

Solution count 10: 2.09772e+07 2.09772e+07 2.09771e+07 ... 2.09715e+07

Optimal solution found (tolerance 2.00e-03)
Best objective 2.097718043165e+07, best bound 2.101807739095e+07, gap 0.1950%
Deleted nodefile directory: /scratch-local/lbeemster.22234587/gurobi_dev0.05_sub26.0_run2
Saved model snapshot to study_case_model/figures/subsidy_experiment/run_24426/dev0.05/sub26.0/run2/model_snapshot.pkl
Finished successfully!
