Gurobi shell based on Python 3.13.1 can be launched with command `gurobi.sh`
Gurobi Python Interface can be loaded in Python 3.13.1 with 'import gurobipy'
/var/spool/slurm/slurmd/job22237307/slurm_script: line 24: activate: No such file or directory
Solving model: dev0.2, sub60.0, run3
Read LP format model from file /scratch-local/lbeemster.22237307/tmpwzcq50wv.pyomo.lp
Reading time = 0.54 seconds
x1: 178177 rows, 50050 columns, 1021312 nonzeros
Set parameter OutputFlag to value 1
Set parameter MIPGap to value 0.002
Set parameter Threads to value 48
Set parameter Presolve to value 1
Set parameter Cuts to value 1
Set parameter NodefileStart to value 1
Set parameter NodefileDir to value "/scratch-local/lbeemster.22237307/gurobi_dev0.2_sub60.0_run3"
Set parameter MemLimit to value 60
Gurobi Optimizer version 12.0.3 build v12.0.3rc0 (linux64 - "Red Hat Enterprise Linux 9.6 (Plow)")

CPU model: AMD EPYC 9654 96-Core Processor, instruction set [SSE2|AVX|AVX2|AVX512]
Thread count: 192 physical cores, 192 logical processors, using up to 48 threads

Non-default parameters:
MemLimit  60
MIPGap  0.002
NodefileStart  1
Cuts  1
Presolve  1
Threads  48

Academic license 2514514 - for non-commercial use only - registered to l.___@student.vu.nl
Optimize a model with 178177 rows, 50050 columns and 1021312 nonzeros
Model fingerprint: 0xf477a99e
Variable types: 39426 continuous, 10624 integer (10624 binary)
Coefficient statistics:
  Matrix range     [6e-05, 1e+05]
  Objective range  [2e+00, 3e+04]
  Bounds range     [1e+00, 1e+00]
  RHS range        [3e-01, 2e+05]
Presolve removed 33568 rows and 21526 columns
Presolve time: 2.76s
Presolved: 144609 rows, 28524 columns, 858606 nonzeros
Variable types: 22732 continuous, 5792 integer (5792 binary)

Deterministic concurrent LP optimizer: primal simplex, dual simplex, and barrier
Showing barrier log only...

Root relaxation presolved: 26582 rows, 171175 columns, 887002 nonzeros

Root barrier log...

Ordering time: 0.06s

Barrier statistics:
 Dense cols : 36
 Free vars  : 2112
 AA' NZ     : 5.863e+05
 Factor NZ  : 1.633e+06 (roughly 100 MB of memory)
 Factor Ops : 1.208e+08 (less than 1 second per iteration)
 Threads    : 45

                  Objective                Residual
Iter       Primal          Dual         Primal    Dual     Compl     Time
   0   1.55781291e+12  7.26241672e+05  7.95e+06 3.10e+02  1.43e+08     5s
   1   1.17442523e+12 -2.77470220e+08  5.21e+06 2.81e+03  9.11e+07     5s
   2   8.57981246e+11 -3.60297358e+08  3.12e+06 1.92e+03  5.92e+07     5s
   3   5.87486836e+11 -3.44408958e+08  1.41e+06 1.28e+03  3.48e+07     5s
   4   4.46007055e+11 -2.86924534e+08  7.61e+05 8.29e+02  2.16e+07     5s
   5   3.61410841e+11 -1.91151083e+08  4.99e+05 4.77e+02  1.31e+07     5s
   6   2.77628601e+11 -1.34759509e+08  2.97e+05 3.06e+02  8.34e+06     5s
   7   2.17359027e+11 -9.35037256e+07  1.92e+05 1.97e+02  5.44e+06     5s
   8   1.90564320e+11 -8.97749064e+07  1.61e+05 1.89e+02  4.97e+06     5s
   9   1.63371893e+11 -6.08999627e+07  1.23e+05 1.25e+02  3.49e+06     5s
  10   1.25284091e+11 -4.07955543e+07  8.26e+04 8.06e+01  2.32e+06     5s
  11   1.01134642e+11 -2.17746308e+07  5.93e+04 4.19e+01  1.45e+06     5s
  12   5.77427667e+10 -1.13233154e+07  2.38e+04 2.25e+01  7.14e+05     5s
  13   4.07455026e+10 -3.04523966e+06  1.48e+04 7.93e+00  3.76e+05     5s
  14   2.39482408e+10 -8.55969010e+05  7.61e+03 4.38e+00  2.04e+05     5s
  15   1.12733960e+10  7.71952589e+05  3.10e+03 1.86e+00  8.76e+04     6s
  16   6.42188148e+09  1.65900519e+06  1.62e+03 8.86e-01  4.64e+04     6s
  17   4.47869899e+09  2.33031176e+06  1.10e+03 5.02e-01  3.11e+04     6s
  18   3.07056854e+09  2.75944252e+06  7.34e+02 3.80e-01  2.12e+04     6s
  19   1.98179095e+09  3.50777225e+06  4.61e+02 2.45e-01  1.34e+04     6s
  20   1.06923619e+09  4.65133543e+06  2.37e+02 1.16e-01  7.02e+03     6s
  21   4.82812056e+08  6.93707107e+06  9.55e+01 2.68e-02  2.97e+03     6s
  22   2.42758511e+08  8.94884053e+06  4.43e+01 1.28e-02  1.44e+03     6s
  23   1.59682630e+08  9.99286123e+06  2.68e+01 9.91e-03  9.13e+02     6s
  24   1.18601097e+08  1.36999306e+07  1.85e+01 5.37e-03  6.35e+02     6s
  25   9.12363428e+07  1.62146955e+07  1.29e+01 3.84e-03  4.51e+02     6s
  26   6.71756447e+07  1.84357729e+07  8.25e+00 3.99e-03  2.92e+02     6s
  27   4.64366504e+07  1.97258002e+07  4.26e+00 2.74e-03  1.59e+02     6s
  28   3.71935719e+07  2.03979308e+07  2.60e+00 1.36e-03  9.94e+01     6s
  29   3.09816182e+07  2.07262012e+07  1.52e+00 9.67e-04  6.04e+01     6s
  30   2.73013021e+07  2.11807477e+07  8.50e-01 6.97e-04  3.58e+01     6s
  31   2.51973209e+07  2.13601515e+07  4.93e-01 7.14e-04  2.23e+01     6s
  32   2.34284497e+07  2.15057209e+07  2.25e-01 6.06e-04  1.11e+01     6s
  33   2.31648590e+07  2.15880086e+07  1.87e-01 4.63e-04  9.08e+00     6s
  34   2.25342611e+07  2.16778274e+07  9.76e-02 4.04e-04  4.91e+00     6s
  35   2.21780442e+07  2.17157246e+07  4.85e-02 4.08e-04  2.64e+00     6s
  36   2.20111414e+07  2.17543020e+07  2.53e-02 2.83e-04  1.46e+00     6s
  37   2.19502509e+07  2.17736109e+07  1.63e-02 2.25e-04  9.95e-01     6s
  38   2.19324748e+07  2.18056869e+07  1.07e-02 1.79e-04  7.05e-01     7s
  39   2.19046000e+07  2.18336472e+07  6.44e-03 2.80e-04  3.92e-01     7s
  40   2.18836774e+07  2.18455219e+07  3.14e-03 2.50e-04  2.09e-01     7s
  41   2.18741604e+07  2.18512551e+07  1.92e-03 2.36e-04  1.25e-01     7s
  42   2.18685417e+07  2.18538713e+07  1.23e-03 2.16e-04  7.99e-02     7s
  43   2.18649136e+07  2.18549646e+07  8.15e-04 1.95e-04  5.41e-02     7s
  44   2.18620874e+07  2.18560721e+07  4.99e-04 1.81e-04  3.27e-02     7s
  45   2.18600240e+07  2.18565991e+07  2.80e-04 2.08e-04  1.86e-02     7s
  46   2.18589306e+07  2.18568747e+07  1.70e-04 2.88e-04  1.12e-02     7s
  47   2.18581375e+07  2.18569861e+07  9.36e-05 1.51e-04  6.26e-03     7s
  48   2.18576830e+07  2.18570560e+07  5.13e-05 3.72e-05  3.41e-03     7s
  49   2.18571814e+07  2.18570775e+07  7.40e-06 2.46e-05  5.62e-04     7s
  50   2.18571103e+07  2.18570806e+07  1.84e-06 2.46e-05  1.60e-04     7s
  51   2.18570921e+07  2.18570833e+07  4.75e-07 2.08e-05  4.73e-05     7s
  52   2.18570882e+07  2.18570836e+07  2.45e-07 1.04e-05  2.51e-05     7s
  53   2.18570841e+07  2.18570838e+07  1.22e-08 3.63e-06  1.63e-06     7s
  54   2.18570838e+07  2.18570838e+07  7.17e-09 3.64e-06  6.35e-08     8s
  55   2.18570838e+07  2.18570838e+07  9.17e-09 3.66e-06  3.42e-09     8s

Barrier solved model in 55 iterations and 7.60 seconds (6.89 work units)
Optimal objective 2.18570838e+07


Root crossover log...

    8937 DPushes remaining with DInf 0.0000000e+00                 8s
       0 DPushes remaining with DInf 0.0000000e+00                 8s

    2738 PPushes remaining with PInf 9.0355638e-04                 8s
       0 PPushes remaining with PInf 0.0000000e+00                 8s

  Push phase complete: Pinf 0.0000000e+00, Dinf 1.5311997e-03      8s


Root simplex log...

Iteration    Objective       Primal Inf.    Dual Inf.      Time
    8684    2.1857084e+07   0.000000e+00   1.531200e-03      8s
    8698    2.1857084e+07   0.000000e+00   0.000000e+00      8s
    8698    2.1857084e+07   0.000000e+00   0.000000e+00      8s
    8698    2.1857084e+07   0.000000e+00   0.000000e+00      8s
Concurrent spin time: 0.21s

Solved with barrier

Root relaxation: objective 2.185708e+07, 8698 iterations, 4.58 seconds (3.76 work units)

    Nodes    |    Current Node    |     Objective Bounds      |     Work
 Expl Unexpl |  Obj  Depth IntInf | Incumbent    BestBd   Gap | It/Node Time

     0     0 2.1857e+07    0  559          - 2.1857e+07      -     -    9s
H    0     0                    2.046656e+07 2.1857e+07  6.79%     -   11s
     0     0 2.1780e+07    0  767 2.0467e+07 2.1780e+07  6.42%     -   17s
H    0     0                    2.120487e+07 2.1778e+07  2.70%     -   19s
     0     0 2.1762e+07    0  807 2.1205e+07 2.1762e+07  2.63%     -   20s
     0     0 2.1762e+07    0  818 2.1205e+07 2.1762e+07  2.63%     -   21s
     0     0 2.1762e+07    0  826 2.1205e+07 2.1762e+07  2.63%     -   21s
     0     0 2.1762e+07    0  817 2.1205e+07 2.1762e+07  2.63%     -   21s
     0     0 2.1762e+07    0  817 2.1205e+07 2.1762e+07  2.63%     -   21s
     0     0 2.1758e+07    0  856 2.1205e+07 2.1758e+07  2.61%     -   27s
     0     0 2.1754e+07    0  906 2.1205e+07 2.1754e+07  2.59%     -   30s
     0     0 2.1754e+07    0  916 2.1205e+07 2.1754e+07  2.59%     -   31s
     0     0 2.1754e+07    0  927 2.1205e+07 2.1754e+07  2.59%     -   31s
     0     0 2.1754e+07    0  922 2.1205e+07 2.1754e+07  2.59%     -   31s
     0     0 2.1750e+07    0  856 2.1205e+07 2.1750e+07  2.57%     -   37s
H    0     0                    2.135843e+07 2.1750e+07  1.84%     -   40s
     0     0 2.1749e+07    0  922 2.1358e+07 2.1749e+07  1.83%     -   42s
     0     0 2.1749e+07    0  932 2.1358e+07 2.1749e+07  1.83%     -   43s
     0     0 2.1749e+07    0  964 2.1358e+07 2.1749e+07  1.83%     -   43s
     0     0 2.1749e+07    0  964 2.1358e+07 2.1749e+07  1.83%     -   43s
     0     0 2.1747e+07    0  919 2.1358e+07 2.1747e+07  1.82%     -   51s
H    0     0                    2.135876e+07 2.1747e+07  1.82%     -   53s
H    0     0                    2.136108e+07 2.1747e+07  1.81%     -   53s
     0     0 2.1746e+07    0  955 2.1361e+07 2.1746e+07  1.80%     -   55s
     0     0 2.1746e+07    0  945 2.1361e+07 2.1746e+07  1.80%     -   56s
     0     0 2.1746e+07    0  980 2.1361e+07 2.1746e+07  1.80%     -   56s
     0     0 2.1746e+07    0  969 2.1361e+07 2.1746e+07  1.80%     -   57s
     0     0 2.1744e+07    0  678 2.1361e+07 2.1744e+07  1.79%     -   71s
     0     0 2.1744e+07    0  699 2.1361e+07 2.1744e+07  1.79%     -   74s
     0     0 2.1744e+07    0  714 2.1361e+07 2.1744e+07  1.79%     -   75s
     0     0 2.1744e+07    0  716 2.1361e+07 2.1744e+07  1.79%     -   75s
     0     0 2.1743e+07    0  724 2.1361e+07 2.1743e+07  1.79%     -   79s
H    0     0                    2.140349e+07 2.1743e+07  1.58%     -   83s
     0     0 2.1743e+07    0  744 2.1403e+07 2.1743e+07  1.58%     -   83s
     0     0 2.1743e+07    0  752 2.1403e+07 2.1743e+07  1.58%     -   84s
     0     0 2.1743e+07    0  751 2.1403e+07 2.1743e+07  1.58%     -   84s
     0     0 2.1742e+07    0  744 2.1403e+07 2.1742e+07  1.58%     -   89s
     0     0 2.1742e+07    0  752 2.1403e+07 2.1742e+07  1.58%     -   92s
     0     0 2.1742e+07    0  756 2.1403e+07 2.1742e+07  1.58%     -   92s
     0     0 2.1742e+07    0  763 2.1403e+07 2.1742e+07  1.58%     -   93s
     0     0 2.1742e+07    0  737 2.1403e+07 2.1742e+07  1.58%     -   96s
     0     0 2.1742e+07    0  749 2.1403e+07 2.1742e+07  1.58%     -   99s
     0     0 2.1742e+07    0  741 2.1403e+07 2.1742e+07  1.58%     -   99s
     0     0 2.1741e+07    0  722 2.1403e+07 2.1741e+07  1.58%     -  102s
     0     0 2.1741e+07    0  722 2.1403e+07 2.1741e+07  1.58%     -  113s
H    0     0                    2.151463e+07 2.1741e+07  1.05%     -  127s
H    0     0                    2.161460e+07 2.1741e+07  0.59%     -  129s
H    0     0                    2.163076e+07 2.1741e+07  0.51%     -  138s
H    0     0                    2.163232e+07 2.1741e+07  0.50%     -  143s
     0     2 2.1741e+07    0  722 2.1632e+07 2.1741e+07  0.50%     -  146s
     7    16 2.1741e+07    3  728 2.1632e+07 2.1741e+07  0.50%   947  150s
    31    64 2.1741e+07    5  700 2.1632e+07 2.1741e+07  0.50%  1049  155s
    63   112 2.1741e+07    6  701 2.1632e+07 2.1741e+07  0.50%   755  160s
H  112   236                    2.164032e+07 2.1741e+07  0.47%   628  163s
   235   314 2.1740e+07    8  707 2.1640e+07 2.1741e+07  0.47%   351  166s
   503   642 2.1740e+07   11  699 2.1640e+07 2.1741e+07  0.47%   236  170s
H  641   690                    2.164033e+07 2.1741e+07  0.47%   226  174s
   689  1117 2.1740e+07   13  699 2.1640e+07 2.1741e+07  0.47%   223  179s
  1042  1117 2.1734e+07   21  663 2.1640e+07 2.1741e+07  0.47%   212  180s
  1116  1501 2.1738e+07   24  663 2.1640e+07 2.1741e+07  0.47%   211  185s
  1868  1921 2.1737e+07   32  625 2.1640e+07 2.1741e+07  0.47%   212  196s
H 1869  1921                    2.165231e+07 2.1741e+07  0.41%   212  196s
  1920  1969 2.1737e+07   33  614 2.1652e+07 2.1741e+07  0.41%   211  202s
  1968  2017 2.1737e+07   34  612 2.1652e+07 2.1741e+07  0.41%   209  209s
H 1973  2017                    2.165523e+07 2.1741e+07  0.40%   209  209s
H 1978  2017                    2.165824e+07 2.1741e+07  0.38%   209  209s
H 1981  2017                    2.165907e+07 2.1741e+07  0.38%   209  209s
H 1992  2017                    2.165994e+07 2.1741e+07  0.38%   209  209s
  2016  2498 2.1736e+07   35  608 2.1660e+07 2.1741e+07  0.38%   208  214s
  2497  2999 2.1735e+07   43  608 2.1660e+07 2.1741e+07  0.38%   199  218s
  3005  3095 2.1733e+07   48  580 2.1660e+07 2.1741e+07  0.38%   196  222s
  3104  3487 2.1733e+07   49  580 2.1660e+07 2.1741e+07  0.38%   201  226s
  3514  3868 2.1734e+07   52  593 2.1660e+07 2.1741e+07  0.37%   206  230s
  4508  5034 2.1732e+07   59  577 2.1660e+07 2.1741e+07  0.37%   202  238s
  5104  5483 2.1731e+07   64  562 2.1660e+07 2.1741e+07  0.37%   196  241s
  5586  5966 2.1730e+07   66  564 2.1660e+07 2.1741e+07  0.37%   195  245s
  6613  6892 2.1729e+07   73  536 2.1660e+07 2.1741e+07  0.37%   187  251s
  7027  6946 2.1728e+07   78  530 2.1660e+07 2.1741e+07  0.37%   186  257s
H 7036  6896                    2.166116e+07 2.1741e+07  0.37%   187  257s
H 7040  6855                    2.166196e+07 2.1741e+07  0.37%   187  257s
H 7057  6850                    2.166218e+07 2.1741e+07  0.36%   187  257s
H 7070  6847                    2.166225e+07 2.1741e+07  0.36%   187  257s
H 7076  6815                    2.166282e+07 2.1741e+07  0.36%   187  257s
  7081  7121 2.1728e+07   79  531 2.1663e+07 2.1741e+07  0.36%   187  261s
H 7507  7505                    2.166282e+07 2.1741e+07  0.36%   189  264s
  7798  7940 2.1726e+07   88  513 2.1663e+07 2.1741e+07  0.36%   186  268s
  8246  8166 2.1726e+07   98  494 2.1663e+07 2.1741e+07  0.36%   186  273s
  8480  8498 2.1725e+07  104  457 2.1663e+07 2.1741e+07  0.36%   190  277s
H 8603  8459                    2.166318e+07 2.1741e+07  0.36%   192  277s
  8812  8502 2.1724e+07  111  439 2.1663e+07 2.1741e+07  0.36%   192  289s
H 8849  8460                    2.166360e+07 2.1741e+07  0.36%   193  289s
  8865  9160 2.1723e+07  111  455 2.1664e+07 2.1741e+07  0.36%   193  292s
  9611  9943 2.1722e+07  121  406 2.1664e+07 2.1741e+07  0.36%   187  296s
 10416 10808 2.1720e+07  131  385 2.1664e+07 2.1741e+07  0.36%   181  300s
 11312 11556 2.1720e+07  148  379 2.1664e+07 2.1741e+07  0.36%   174  305s
H12171 11146                    2.166650e+07 2.1741e+07  0.34%   169  309s
H12188 11119                    2.166678e+07 2.1741e+07  0.34%   168  309s
 12346 11927 2.1717e+07  163  377 2.1667e+07 2.1741e+07  0.34%   168  314s
 13222 12851 2.1716e+07  187  355 2.1667e+07 2.1741e+07  0.34%   163  318s
 14189 13937 2.1713e+07  209  329 2.1667e+07 2.1741e+07  0.34%   158  322s
 15289 14958 2.1709e+07  233  307 2.1667e+07 2.1741e+07  0.34%   153  327s
 16334 16186 2.1708e+07  248  299 2.1667e+07 2.1741e+07  0.34%   148  331s
Created node file directory '/scratch-local/lbeemster.22237307/gurobi_dev0.2_sub60.0_run3/grbnodes0'
 17576 16234 2.1705e+07  287  265 2.1667e+07 2.1741e+07  0.34%   143  350s
H17577 16233                    2.166700e+07 2.1741e+07  0.34%   143  350s
H17622 15751                    2.167013e+07 2.1741e+07  0.33%   143  350s
 17624 16956 2.1703e+07  287  261 2.1670e+07 2.1741e+07  0.33%   143  355s
 18857 16956 2.1712e+07  210  722 2.1670e+07 2.1741e+07  0.33%   138  493s
H18858 16109                    2.167015e+07 2.1741e+07  0.33%   138  641s
H18858 15303                    2.167097e+07 2.1741e+07  0.32%   138  641s
H18858 14538                    2.167099e+07 2.1736e+07  0.30%   138  641s
H18858 13811                    2.167108e+07 2.1736e+07  0.30%   138  641s
H18858 13121                    2.167120e+07 2.1736e+07  0.30%   138  641s
 18860 13122 2.1706e+07  113  614 2.1671e+07 2.1736e+07  0.30%   138  654s
 18861 13123 2.1730e+07   42  613 2.1671e+07 2.1736e+07  0.30%   138  662s
 18863 13124 2.1729e+07   65  664 2.1671e+07 2.1736e+07  0.30%   138  668s
 18864 13125 2.1724e+07  140  584 2.1671e+07 2.1736e+07  0.30%   138  674s
 18865 13125 2.1690e+07   97  569 2.1671e+07 2.1736e+07  0.30%   138  677s
 18868 13127 2.1710e+07  261  600 2.1671e+07 2.1736e+07  0.30%   138  680s
 18870 13129 2.1722e+07   34  597 2.1671e+07 2.1736e+07  0.30%   138  724s
 18871 13129 2.1686e+07   80  556 2.1671e+07 2.1734e+07  0.29%   138  728s
 18874 13131 2.1689e+07   97  562 2.1671e+07 2.1734e+07  0.29%   138  812s
 18875 13132 2.1710e+07  261  560 2.1671e+07 2.1733e+07  0.29%   138  817s
H18878 12476                    2.168532e+07 2.1733e+07  0.22%   138  878s
H18878 11852                    2.168789e+07 2.1733e+07  0.21%   138  878s
H18878 11259                    2.169026e+07 2.1733e+07  0.20%   138  878s

Cutting planes:
  Learned: 1
  Gomory: 21
  Implied bound: 752
  MIR: 750
  Flow cover: 1214
  RLT: 41
  Relax-and-lift: 1834
  BQP: 2

Explored 18878 nodes (2731403 simplex iterations) in 878.88 seconds (991.17 work units)
Thread count was 48 (of 192 available processors)

Solution count 10: 2.16903e+07 2.16879e+07 2.16853e+07 ... 2.1667e+07

Optimal solution found (tolerance 2.00e-03)
Best objective 2.169025673928e+07, best bound 2.173309306948e+07, gap 0.1975%
Deleted nodefile directory: /scratch-local/lbeemster.22237307/gurobi_dev0.2_sub60.0_run3
Saved model snapshot to study_case_model/figures/subsidy_experiment/run_24426/dev0.2/sub60.0/run3/model_snapshot.pkl
Finished successfully!
