Gurobi shell based on Python 3.13.1 can be launched with command `gurobi.sh`
Gurobi Python Interface can be loaded in Python 3.13.1 with 'import gurobipy'
/var/spool/slurm/slurmd/job22231112/slurm_script: line 24: activate: No such file or directory
Solving model: dev0.0, sub36.0, run0
Read LP format model from file /scratch-local/lbeemster.22231112/tmpmzmf9fdk.pyomo.lp
Reading time = 0.64 seconds
x1: 178177 rows, 50050 columns, 1021312 nonzeros
Set parameter OutputFlag to value 1
Set parameter MIPGap to value 0.002
Set parameter Threads to value 48
Set parameter Presolve to value 1
Set parameter Cuts to value 1
Set parameter NodefileStart to value 1
Set parameter NodefileDir to value "/scratch-local/lbeemster.22231112/gurobi_dev0.0_sub36.0_run0"
Set parameter MemLimit to value 60
Gurobi Optimizer version 12.0.3 build v12.0.3rc0 (linux64 - "Red Hat Enterprise Linux 9.6 (Plow)")

CPU model: AMD EPYC 9654 96-Core Processor, instruction set [SSE2|AVX|AVX2|AVX512]
Thread count: 192 physical cores, 192 logical processors, using up to 48 threads

Non-default parameters:
MemLimit  60
MIPGap  0.002
NodefileStart  1
Cuts  1
Presolve  1
Threads  48

Academic license 2514514 - for non-commercial use only - registered to l.___@student.vu.nl
Optimize a model with 178177 rows, 50050 columns and 1021312 nonzeros
Model fingerprint: 0x8bef2263
Variable types: 39426 continuous, 10624 integer (10624 binary)
Coefficient statistics:
  Matrix range     [6e-05, 1e+05]
  Objective range  [2e+00, 3e+04]
  Bounds range     [1e+00, 1e+00]
  RHS range        [3e-01, 2e+05]
Presolve removed 38073 rows and 25390 columns
Presolve time: 3.04s
Presolved: 140104 rows, 24660 columns, 900845 nonzeros
Variable types: 19180 continuous, 5480 integer (5480 binary)
Found heuristic solution: objective 1.898663e+07
Found heuristic solution: objective 1.914668e+07
Found heuristic solution: objective 1.919407e+07

Deterministic concurrent LP optimizer: primal simplex, dual simplex, and barrier
Showing barrier log only...

Root relaxation presolved: 24002 rows, 164082 columns, 924965 nonzeros

Root barrier log...

Ordering time: 0.04s

Barrier statistics:
 Free vars  : 1920
 AA' NZ     : 5.077e+05
 Factor NZ  : 1.336e+06 (roughly 90 MB of memory)
 Factor Ops : 8.961e+07 (less than 1 second per iteration)
 Threads    : 46

                  Objective                Residual
Iter       Primal          Dual         Primal    Dual     Compl     Time
   0   1.41791110e+12  3.26986259e+06  7.55e+06 4.01e+02  1.48e+08    12s
   1   1.00945722e+12 -1.74663792e+08  4.64e+06 3.18e+03  9.50e+07    12s
   2   7.75168953e+11 -1.79211875e+08  3.00e+06 2.09e+03  6.27e+07    12s
   3   5.34529232e+11 -1.47630339e+08  1.45e+06 1.39e+03  3.73e+07    12s
   4   4.18049822e+11 -1.00307522e+08  8.45e+05 8.25e+02  2.24e+07    12s
   5   3.57186903e+11 -6.17604570e+07  5.92e+05 4.49e+02  1.36e+07    12s
   6   2.59858653e+11 -4.57493388e+07  3.15e+05 3.12e+02  8.60e+06    12s
   7   1.95793576e+11 -2.51118375e+07  1.75e+05 1.63e+02  4.73e+06    12s
   8   1.30989100e+11 -1.47509951e+07  8.55e+04 1.04e+02  2.73e+06    12s
   9   9.56888249e+10 -5.15110391e+06  4.89e+04 5.80e+01  1.59e+06    12s
  10   7.09400120e+10 -2.34670152e+06  3.04e+04 4.09e+01  1.07e+06    13s
  11   4.03983628e+10 -5.58990981e+05  1.32e+04 2.31e+01  5.55e+05    13s
  12   2.60352688e+10  3.39847066e+05  6.85e+03 1.64e+01  3.41e+05    13s
  13   1.22095232e+10  1.30814419e+06  2.37e+03 5.38e+00  1.23e+05    13s
  14   7.25780288e+09  1.49679038e+06  1.18e+03 3.77e+00  7.07e+04    13s
  15   3.98182415e+09  2.27768446e+06  5.60e+02 1.57e+00  3.35e+04    13s
  16   2.33340507e+09  3.99346629e+06  2.95e+02 7.13e-01  1.77e+04    13s
  17   1.66024122e+09  5.58822068e+06  2.00e+02 3.90e-01  1.17e+04    13s
  18   1.23096516e+09  7.52732180e+06  1.44e+02 1.47e-01  7.97e+03    13s
  19   4.79990919e+08  9.13576075e+06  5.15e+01 5.19e-02  2.97e+03    13s
  20   2.35859824e+08  1.02097754e+07  2.30e+01 2.62e-02  1.40e+03    13s
  21   1.24511296e+08  1.27618754e+07  1.06e+01 1.14e-02  6.81e+02    13s
  22   8.76439076e+07  1.44742927e+07  6.64e+00 8.71e-03  4.42e+02    13s
  23   5.41105818e+07  1.85220944e+07  2.89e+00 3.27e-03  2.12e+02    13s
  24   4.15638148e+07  1.91745597e+07  1.75e+00 2.18e-03  1.33e+02    13s
  25   3.27280799e+07  1.97628947e+07  1.00e+00 2.65e-03  7.65e+01    13s
  26   2.88905120e+07  2.00679994e+07  6.75e-01 2.60e-03  5.20e+01    13s
  27   2.51121010e+07  2.03730217e+07  3.50e-01 1.74e-03  2.79e+01    13s
  28   2.38289767e+07  2.05537786e+07  2.41e-01 1.26e-03  1.92e+01    13s
  29   2.23927312e+07  2.06845932e+07  1.20e-01 1.05e-03  1.00e+01    13s
  30   2.18359477e+07  2.07377027e+07  7.24e-02 8.13e-04  6.42e+00    13s
  31   2.14940462e+07  2.07887563e+07  4.61e-02 4.67e-04  4.12e+00    14s
  32   2.12299557e+07  2.08088593e+07  2.64e-02 3.86e-04  2.45e+00    14s
  33   2.10570645e+07  2.08333441e+07  1.29e-02 3.59e-04  1.30e+00    14s
  34   2.10053333e+07  2.08572398e+07  8.41e-03 3.11e-04  8.57e-01    14s
  35   2.09746936e+07  2.08861824e+07  5.02e-03 3.17e-04  5.08e-01    14s

Barrier performed 35 iterations in 13.72 seconds (8.93 work units)
Barrier solve interrupted - model solved by another algorithm

Concurrent spin time: 0.29s (can be avoided by choosing Method=3)

Solved with primal simplex

Root relaxation: objective 2.091291e+07, 31982 iterations, 2.75 seconds (1.90 work units)
Total elapsed time = 15.30s (DegenMoves)

    Nodes    |    Current Node    |     Objective Bounds      |     Work
 Expl Unexpl |  Obj  Depth IntInf | Incumbent    BestBd   Gap | It/Node Time

     0     0 2.0913e+07    0  394 1.9194e+07 2.0913e+07  8.96%     -   16s
     0     0 2.0900e+07    0  423 1.9194e+07 2.0900e+07  8.89%     -   20s
H    0     0                    2.068107e+07 2.0900e+07  1.06%     -   21s
     0     0 2.0899e+07    0  481 2.0681e+07 2.0899e+07  1.05%     -   22s
     0     0 2.0899e+07    0  477 2.0681e+07 2.0899e+07  1.05%     -   22s
     0     0 2.0899e+07    0  488 2.0681e+07 2.0899e+07  1.05%     -   22s
     0     0 2.0899e+07    0  489 2.0681e+07 2.0899e+07  1.05%     -   22s
     0     0 2.0899e+07    0  490 2.0681e+07 2.0899e+07  1.05%     -   22s
     0     0 2.0898e+07    0  509 2.0681e+07 2.0898e+07  1.05%     -   25s
     0     0 2.0898e+07    0  522 2.0681e+07 2.0898e+07  1.05%     -   26s
     0     0 2.0898e+07    0  526 2.0681e+07 2.0898e+07  1.05%     -   26s
     0     0 2.0897e+07    0  532 2.0681e+07 2.0897e+07  1.04%     -   30s
H    0     0                    2.072699e+07 2.0897e+07  0.82%     -   32s
     0     0 2.0897e+07    0  530 2.0727e+07 2.0897e+07  0.82%     -   32s
     0     0 2.0897e+07    0  539 2.0727e+07 2.0897e+07  0.82%     -   32s
     0     0 2.0897e+07    0  543 2.0727e+07 2.0897e+07  0.82%     -   32s
     0     0 2.0897e+07    0  503 2.0727e+07 2.0897e+07  0.82%     -   36s
     0     0 2.0897e+07    0  503 2.0727e+07 2.0897e+07  0.82%     -   37s
     0     0 2.0897e+07    0  509 2.0727e+07 2.0897e+07  0.82%     -   38s
     0     0 2.0897e+07    0  509 2.0727e+07 2.0897e+07  0.82%     -   38s
     0     0 2.0896e+07    0  380 2.0727e+07 2.0896e+07  0.82%     -   41s
     0     0 2.0896e+07    0  409 2.0727e+07 2.0896e+07  0.82%     -   43s
     0     0 2.0896e+07    0  411 2.0727e+07 2.0896e+07  0.82%     -   43s
     0     0 2.0896e+07    0  413 2.0727e+07 2.0896e+07  0.82%     -   43s
     0     0 2.0896e+07    0  414 2.0727e+07 2.0896e+07  0.82%     -   45s
     0     0 2.0896e+07    0  418 2.0727e+07 2.0896e+07  0.82%     -   48s
     0     0 2.0896e+07    0  421 2.0727e+07 2.0896e+07  0.82%     -   49s
     0     0 2.0896e+07    0  418 2.0727e+07 2.0896e+07  0.82%     -   51s
H    0     0                    2.073907e+07 2.0896e+07  0.76%     -   52s
     0     0 2.0896e+07    0  409 2.0739e+07 2.0896e+07  0.76%     -   52s
     0     0 2.0896e+07    0  416 2.0739e+07 2.0896e+07  0.76%     -   52s
     0     0 2.0896e+07    0  400 2.0739e+07 2.0896e+07  0.76%     -   55s
     0     0 2.0896e+07    0  423 2.0739e+07 2.0896e+07  0.76%     -   56s
     0     0 2.0896e+07    0  420 2.0739e+07 2.0896e+07  0.76%     -   56s
     0     0 2.0896e+07    0  397 2.0739e+07 2.0896e+07  0.76%     -   59s
     0     0 2.0896e+07    0  397 2.0739e+07 2.0896e+07  0.76%     -   64s
H    0     0                    2.074521e+07 2.0896e+07  0.73%     -   70s
H    0     0                    2.078417e+07 2.0896e+07  0.54%     -   72s
H    0     0                    2.080642e+07 2.0896e+07  0.43%     -   74s
H    0     0                    2.081513e+07 2.0896e+07  0.39%     -   76s
     0     2 2.0896e+07    0  397 2.0815e+07 2.0896e+07  0.39%     -   83s
     7    16 2.0896e+07    3  415 2.0815e+07 2.0896e+07  0.39%   341   85s
H   63   112                    2.081600e+07 2.0896e+07  0.38%   137   90s
H   83   112                    2.082735e+07 2.0896e+07  0.33%   114   90s
   111   329 2.0896e+07    7  418 2.0827e+07 2.0896e+07  0.33%   105   97s
   800   907 2.0885e+07   18  409 2.0827e+07 2.0896e+07  0.33%  55.6  100s
H 1025  1127                    2.082827e+07 2.0896e+07  0.33%  52.5  103s
  1330  1503 2.0894e+07   26  414 2.0828e+07 2.0896e+07  0.33%  49.3  105s
H 2197  2322                    2.082937e+07 2.0896e+07  0.32%  47.9  110s
H 2204  2322                    2.082963e+07 2.0896e+07  0.32%  47.9  110s
H 2321  2370                    2.082964e+07 2.0896e+07  0.32%  48.3  113s
  2622  2798 2.0893e+07   48  372 2.0830e+07 2.0896e+07  0.32%  47.8  116s
  3385  3552 2.0892e+07   54  375 2.0830e+07 2.0896e+07  0.32%  46.7  120s
H 3492  3552                    2.082964e+07 2.0896e+07  0.32%  46.4  120s
  4454  4791 2.0890e+07   75  349 2.0830e+07 2.0896e+07  0.32%  45.9  130s
H 5237  5326                    2.082964e+07 2.0896e+07  0.32%  44.8  132s
H 5415  5446                    2.082964e+07 2.0896e+07  0.32%  44.5  134s
  5541  5850 2.0890e+07   81  348 2.0830e+07 2.0896e+07  0.32%  44.4  136s
  6441  6351 2.0889e+07   99  326 2.0830e+07 2.0896e+07  0.32%  43.2  140s
  6492  6399 2.0889e+07  100  326 2.0830e+07 2.0896e+07  0.32%  43.2  145s
H 6519  6014                    2.083897e+07 2.0896e+07  0.27%  43.3  145s
  7584  7327 2.0876e+07  113  316 2.0839e+07 2.0896e+07  0.27%  42.1  150s
H 8114  7516                    2.084496e+07 2.0896e+07  0.25%  41.5  151s
  8876  7905 2.0887e+07  123  317 2.0845e+07 2.0896e+07  0.24%  41.0  156s
H 8924  7772                    2.084627e+07 2.0896e+07  0.24%  41.0  159s
H 8932  7581                    2.084804e+07 2.0896e+07  0.23%  41.0  159s
  8972  7680 2.0884e+07  124  317 2.0848e+07 2.0896e+07  0.23%  41.1  161s
 10391  9683 2.0886e+07  140  304 2.0848e+07 2.0896e+07  0.23%  40.7  165s
 12331 11558 2.0885e+07  169  276 2.0848e+07 2.0896e+07  0.23%  39.7  171s
 13888 13223 2.0882e+07  185  264 2.0848e+07 2.0896e+07  0.23%  39.3  175s
 15706 14681 2.0879e+07  204  250 2.0848e+07 2.0896e+07  0.23%  38.8  180s
H16359 14627                    2.084853e+07 2.0896e+07  0.23%  39.0  184s
 16360 15396 2.0876e+07  213  256 2.0849e+07 2.0896e+07  0.23%  39.0  186s
Created node file directory '/scratch-local/lbeemster.22231112/gurobi_dev0.0_sub36.0_run0/grbnodes0'
H18258 16444                    2.084882e+07 2.0896e+07  0.23%  38.6  215s
H18258 16079                    2.084981e+07 2.0896e+07  0.22%  38.6  216s
H18258 15736                    2.085151e+07 2.0896e+07  0.21%  38.6  220s
 18259 15710 2.0852e+07   72  397 2.0852e+07 2.0896e+07  0.21%  38.6  240s
H18260 14925                    2.085521e+07 2.0896e+07  0.20%  38.6  344s
H18260 14179                    2.085801e+07 2.0894e+07  0.17%  38.6  344s
H18260 13470                    2.086090e+07 2.0894e+07  0.16%  38.6  344s

Cutting planes:
  Implied bound: 52
  MIR: 187
  Flow cover: 132
  RLT: 2
  Relax-and-lift: 669

Explored 18260 nodes (795970 simplex iterations) in 344.50 seconds (361.41 work units)
Thread count was 48 (of 192 available processors)

Solution count 10: 2.08609e+07 2.0858e+07 2.08552e+07 ... 2.0845e+07

Optimal solution found (tolerance 2.00e-03)
Best objective 2.086090495301e+07, best bound 2.089392471277e+07, gap 0.1583%
Deleted nodefile directory: /scratch-local/lbeemster.22231112/gurobi_dev0.0_sub36.0_run0
Saved model snapshot to study_case_model/figures/subsidy_experiment/run_24426/dev0.0/sub36.0/run0/model_snapshot.pkl
Finished successfully!
