Gurobi shell based on Python 3.13.1 can be launched with command `gurobi.sh`
Gurobi Python Interface can be loaded in Python 3.13.1 with 'import gurobipy'
/var/spool/slurm/slurmd/job22235270/slurm_script: line 24: activate: No such file or directory
Solving model: dev0.1, sub25.0, run2
Read LP format model from file /scratch-local/lbeemster.22235270/tmp9wl3hnc3.pyomo.lp
Reading time = 0.54 seconds
x1: 178177 rows, 50050 columns, 1021312 nonzeros
Set parameter OutputFlag to value 1
Set parameter MIPGap to value 0.002
Set parameter Threads to value 48
Set parameter Presolve to value 1
Set parameter Cuts to value 1
Set parameter NodefileStart to value 1
Set parameter NodefileDir to value "/scratch-local/lbeemster.22235270/gurobi_dev0.1_sub25.0_run2"
Set parameter MemLimit to value 60
Gurobi Optimizer version 12.0.3 build v12.0.3rc0 (linux64 - "Red Hat Enterprise Linux 9.6 (Plow)")

CPU model: AMD EPYC 9654 96-Core Processor, instruction set [SSE2|AVX|AVX2|AVX512]
Thread count: 192 physical cores, 192 logical processors, using up to 48 threads

Non-default parameters:
MemLimit  60
MIPGap  0.002
NodefileStart  1
Cuts  1
Presolve  1
Threads  48

Academic license 2514514 - for non-commercial use only - registered to l.___@student.vu.nl
Optimize a model with 178177 rows, 50050 columns and 1021312 nonzeros
Model fingerprint: 0xadaa4755
Variable types: 39426 continuous, 10624 integer (10624 binary)
Coefficient statistics:
  Matrix range     [6e-05, 1e+05]
  Objective range  [2e+00, 3e+04]
  Bounds range     [1e+00, 1e+00]
  RHS range        [3e-01, 2e+05]
Presolve removed 33568 rows and 21686 columns
Presolve time: 2.76s
Presolved: 144609 rows, 28364 columns, 863613 nonzeros
Variable types: 22612 continuous, 5752 integer (5752 binary)

Deterministic concurrent LP optimizer: primal simplex, dual simplex, and barrier
Showing barrier log only...

Root relaxation presolved: 26567 rows, 171104 columns, 891743 nonzeros

Root barrier log...

Ordering time: 0.05s

Barrier statistics:
 Dense cols : 31
 Free vars  : 2112
 AA' NZ     : 5.932e+05
 Factor NZ  : 1.636e+06 (roughly 100 MB of memory)
 Factor Ops : 1.211e+08 (less than 1 second per iteration)
 Threads    : 45

                  Objective                Residual
Iter       Primal          Dual         Primal    Dual     Compl     Time
   0   1.53386714e+12  7.59901552e+05  7.86e+06 3.21e+02  1.43e+08     5s
   1   1.14751328e+12 -1.57069717e+08  5.10e+06 2.85e+03  9.07e+07     5s
   2   7.57410129e+11 -7.74796087e+07  2.43e+06 1.68e+03  5.01e+07     5s
   3   5.52130498e+11 -2.88834019e+07  1.24e+06 1.20e+03  3.19e+07     5s
   4   3.92864941e+11 -6.18363899e+06  5.21e+05 8.42e+02  1.95e+07     5s
   5   3.11138519e+11 -3.12238628e+06  2.85e+05 6.12e+02  1.35e+07     5s
   6   2.50606523e+11  3.35563162e+06  1.76e+05 3.86e+02  8.55e+06     5s
   7   1.94793103e+11  5.29360972e+06  1.06e+05 2.45e+02  5.40e+06     5s
   8   1.45377382e+11  5.44815180e+06  6.09e+04 1.91e+02  3.86e+06     5s
   9   1.42835813e+11  5.49125923e+06  5.87e+04 1.71e+02  3.53e+06     5s
  10   1.28119732e+11  5.26246585e+06  4.92e+04 1.44e+02  2.98e+06     5s
  11   8.76154798e+10  4.56294105e+06  2.44e+04 9.63e+01  1.87e+06     5s
  12   6.59158694e+10  3.13593089e+06  1.43e+04 5.23e+01  1.08e+06     5s
  13   6.02357772e+10  2.25074782e+06  1.24e+04 2.99e+01  7.47e+05     5s
  14   3.73085663e+10  1.69377281e+06  5.88e+03 1.71e+01  4.09e+05     5s
  15   2.52236752e+10  1.18353635e+06  3.50e+03 7.20e+00  2.18e+05     5s
  16   1.53407813e+10  1.12895300e+06  1.90e+03 3.95e+00  1.22e+05     5s
  17   8.53703399e+09  1.35044252e+06  9.55e+02 1.89e+00  6.26e+04     5s
  18   6.30344785e+09  1.75207263e+06  6.78e+02 9.07e-01  4.18e+04     5s
  19   2.81919000e+09  2.21664247e+06  2.75e+02 5.01e-01  1.85e+04     5s
  20   1.92771410e+09  3.26598800e+06  1.81e+02 2.94e-01  1.22e+04     5s
  21   1.24145060e+09  4.31547929e+06  1.12e+02 1.45e-01  7.57e+03     5s
  22   5.94667940e+08  5.64743247e+06  5.02e+01 6.67e-02  3.52e+03     5s
  23   2.28457287e+08  8.17484329e+06  1.68e+01 2.32e-02  1.28e+03     6s
  24   1.56929561e+08  1.17499258e+07  1.08e+01 1.15e-02  8.32e+02     6s
  25   9.75184852e+07  1.54633826e+07  5.68e+00 5.52e-03  4.63e+02     6s
  26   7.02491913e+07  1.71568674e+07  3.54e+00 3.94e-03  2.98e+02     6s
  27   5.13829813e+07  1.85084816e+07  2.09e+00 3.03e-03  1.84e+02     6s
  28   3.86337982e+07  1.94796013e+07  1.11e+00 2.00e-03  1.06e+02     6s
  29   3.20592306e+07  1.98635729e+07  6.90e-01 1.18e-03  6.76e+01     6s
  30   2.71076821e+07  2.04085938e+07  3.63e-01 1.60e-03  3.70e+01     6s
  31   2.42346408e+07  2.06118094e+07  1.89e-01 1.09e-03  1.99e+01     6s
  32   2.25537523e+07  2.07811953e+07  8.52e-02 6.76e-04  9.73e+00     6s
  33   2.16384449e+07  2.08896275e+07  3.23e-02 4.51e-04  4.09e+00     6s

Barrier performed 33 iterations in 5.96 seconds (5.44 work units)
Barrier solve interrupted - model solved by another algorithm

Concurrent spin time: 0.31s (can be avoided by choosing Method=3)

Solved with primal simplex

Root relaxation: objective 2.107492e+07, 27142 iterations, 2.41 seconds (2.11 work units)

    Nodes    |    Current Node    |     Objective Bounds      |     Work
 Expl Unexpl |  Obj  Depth IntInf | Incumbent    BestBd   Gap | It/Node Time

     0     0 2.1075e+07    0  471          - 2.1075e+07      -     -    8s
     0     0 2.1071e+07    0  572          - 2.1071e+07      -     -   12s
H    0     0                    2.031783e+07 2.1071e+07  3.71%     -   13s
     0     0 2.1069e+07    0  613 2.0318e+07 2.1069e+07  3.70%     -   14s
     0     0 2.1069e+07    0  646 2.0318e+07 2.1069e+07  3.70%     -   14s
     0     0 2.1069e+07    0  645 2.0318e+07 2.1069e+07  3.70%     -   15s
     0     0 2.1069e+07    0  644 2.0318e+07 2.1069e+07  3.70%     -   15s
     0     0 2.1069e+07    0  643 2.0318e+07 2.1069e+07  3.70%     -   15s
     0     0 2.1069e+07    0  643 2.0318e+07 2.1069e+07  3.70%     -   15s
     0     0 2.1067e+07    0  666 2.0318e+07 2.1067e+07  3.69%     -   19s
H    0     0                    2.067735e+07 2.1067e+07  1.89%     -   20s
     0     0 2.1066e+07    0  732 2.0677e+07 2.1066e+07  1.88%     -   22s
     0     0 2.1065e+07    0  776 2.0677e+07 2.1065e+07  1.87%     -   23s
     0     0 2.1065e+07    0  780 2.0677e+07 2.1065e+07  1.87%     -   23s
     0     0 2.1065e+07    0  785 2.0677e+07 2.1065e+07  1.87%     -   23s
     0     0 2.1065e+07    0  789 2.0677e+07 2.1065e+07  1.87%     -   23s
     0     0 2.1061e+07    0  731 2.0677e+07 2.1061e+07  1.86%     -   28s
     0     0 2.1060e+07    0  786 2.0677e+07 2.1060e+07  1.85%     -   31s
     0     0 2.1060e+07    0  789 2.0677e+07 2.1060e+07  1.85%     -   31s
     0     0 2.1060e+07    0  800 2.0677e+07 2.1060e+07  1.85%     -   32s
     0     0 2.1060e+07    0  805 2.0677e+07 2.1060e+07  1.85%     -   32s
     0     0 2.1060e+07    0  810 2.0677e+07 2.1060e+07  1.85%     -   32s
     0     0 2.1055e+07    0  703 2.0677e+07 2.1055e+07  1.83%     -   37s
     0     0 2.1054e+07    0  725 2.0677e+07 2.1054e+07  1.82%     -   40s
     0     0 2.1054e+07    0  730 2.0677e+07 2.1054e+07  1.82%     -   40s
     0     0 2.1054e+07    0  730 2.0677e+07 2.1054e+07  1.82%     -   40s
     0     0 2.1054e+07    0  730 2.0677e+07 2.1054e+07  1.82%     -   41s
     0     0 2.1053e+07    0  651 2.0677e+07 2.1053e+07  1.82%     -   48s
H    0     0                    2.071399e+07 2.1053e+07  1.64%     -   49s
     0     0 2.1053e+07    0  672 2.0714e+07 2.1053e+07  1.63%     -   50s
     0     0 2.1053e+07    0  668 2.0714e+07 2.1053e+07  1.63%     -   50s
     0     0 2.1053e+07    0  671 2.0714e+07 2.1053e+07  1.63%     -   51s
     0     0 2.1053e+07    0  675 2.0714e+07 2.1053e+07  1.63%     -   51s
     0     0 2.1052e+07    0  662 2.0714e+07 2.1052e+07  1.63%     -   54s
H    0     0                    2.073271e+07 2.1052e+07  1.54%     -   56s
H    0     0                    2.073580e+07 2.1052e+07  1.52%     -   57s
     0     0 2.1052e+07    0  679 2.0736e+07 2.1052e+07  1.52%     -   57s
     0     0 2.1052e+07    0  668 2.0736e+07 2.1052e+07  1.52%     -   58s
     0     0 2.1052e+07    0  681 2.0736e+07 2.1052e+07  1.52%     -   58s
     0     0 2.1052e+07    0  645 2.0736e+07 2.1052e+07  1.52%     -   61s
H    0     0                    2.074267e+07 2.1052e+07  1.49%     -   63s
     0     0 2.1052e+07    0  646 2.0743e+07 2.1052e+07  1.49%     -   63s
     0     0 2.1052e+07    0  645 2.0743e+07 2.1052e+07  1.49%     -   63s
     0     0 2.1052e+07    0  646 2.0743e+07 2.1052e+07  1.49%     -   63s
     0     0 2.1052e+07    0  622 2.0743e+07 2.1052e+07  1.49%     -   66s
H    0     0                    2.074883e+07 2.1052e+07  1.46%     -   68s
     0     0 2.1051e+07    0  622 2.0749e+07 2.1051e+07  1.46%     -   69s
     0     0 2.1051e+07    0  635 2.0749e+07 2.1051e+07  1.46%     -   69s
     0     0 2.1051e+07    0  601 2.0749e+07 2.1051e+07  1.46%     -   72s
H    0     0                    2.075307e+07 2.1051e+07  1.44%     -   73s
     0     0 2.1051e+07    0  611 2.0753e+07 2.1051e+07  1.44%     -   74s
     0     0 2.1051e+07    0  601 2.0753e+07 2.1051e+07  1.44%     -   74s
     0     0 2.1051e+07    0  596 2.0753e+07 2.1051e+07  1.44%     -   74s
     0     0 2.1051e+07    0  561 2.0753e+07 2.1051e+07  1.44%     -   77s
     0     0 2.1051e+07    0  575 2.0753e+07 2.1051e+07  1.44%     -   80s
     0     0 2.1051e+07    0  561 2.0753e+07 2.1051e+07  1.44%     -   82s
     0     0 2.1051e+07    0  559 2.0753e+07 2.1051e+07  1.44%     -   84s
     0     0 2.1051e+07    0  592 2.0753e+07 2.1051e+07  1.43%     -   86s
     0     0 2.1051e+07    0  592 2.0753e+07 2.1051e+07  1.43%     -   93s
H    0     0                    2.078670e+07 2.1051e+07  1.27%     -   95s
     0     2 2.1051e+07    0  592 2.0787e+07 2.1051e+07  1.27%     -  109s
     3     8 2.1050e+07    2  587 2.0787e+07 2.1051e+07  1.27%   263  110s
   205   278 2.1039e+07    8  547 2.0787e+07 2.1046e+07  1.25%   242  115s
H  296   334                    2.082993e+07 2.1046e+07  1.04%   252  118s
   335   382 2.1039e+07   10  541 2.0830e+07 2.1046e+07  1.04%   237  121s
H  383   432                    2.082997e+07 2.1046e+07  1.04%   220  127s
H  406   432                    2.083002e+07 2.1046e+07  1.04%   226  127s
   546   593 2.1033e+07   14  529 2.0830e+07 2.1046e+07  1.04%   221  131s
H  552   593                    2.083899e+07 2.1046e+07  0.99%   220  131s
H  574   593                    2.084985e+07 2.1046e+07  0.94%   217  131s
   853   960 2.1030e+07   19  500 2.0850e+07 2.1046e+07  0.94%   206  136s
  1178  1282 2.1026e+07   25  491 2.0850e+07 2.1046e+07  0.94%   191  140s
H 1331  1380                    2.086308e+07 2.1046e+07  0.88%   186  151s
H 1335  1380                    2.087475e+07 2.1046e+07  0.82%   186  151s
H 1366  1380                    2.087603e+07 2.1046e+07  0.81%   184  151s
  1660  1779 2.1019e+07   31  475 2.0876e+07 2.1046e+07  0.81%   173  155s
  2081  2230 2.1019e+07   37  466 2.0876e+07 2.1046e+07  0.81%   166  160s
  2559  2579 2.1017e+07   43  461 2.0876e+07 2.1046e+07  0.81%   150  166s
H 2607  2632                    2.087606e+07 2.1046e+07  0.81%   149  170s
H 2608  2632                    2.087608e+07 2.1046e+07  0.81%   149  170s
H 2610  2632                    2.087632e+07 2.1046e+07  0.81%   149  170s
H 2615  2632                    2.087676e+07 2.1046e+07  0.81%   149  170s
H 2645  2632                    2.087688e+07 2.1046e+07  0.81%   149  170s
H 2646  2632                    2.087743e+07 2.1046e+07  0.81%   149  170s
H 2647  2632                    2.087762e+07 2.1046e+07  0.80%   149  170s
  3137  3297 2.1014e+07   54  460 2.0878e+07 2.1046e+07  0.80%   149  176s
  3559  3745 2.1007e+07   56  434 2.0878e+07 2.1046e+07  0.80%   155  181s
  4129  4270 2.1004e+07   69  416 2.0878e+07 2.1046e+07  0.80%   153  185s
  4653  4736 2.1000e+07   82  380 2.0878e+07 2.1045e+07  0.80%   157  193s
  4891  5036 2.0997e+07   84  374 2.0878e+07 2.1045e+07  0.80%   159  196s
  5563  5788 2.0994e+07   98  372 2.0878e+07 2.1045e+07  0.80%   160  201s
H 5992  4328                    2.094092e+07 2.1045e+07  0.50%   157  204s
  6312  4281 2.0991e+07  115  344 2.0941e+07 2.1045e+07  0.50%   157  206s
H 6550  4605                    2.094239e+07 2.1045e+07  0.49%   156  209s
H 6560  4534                    2.094523e+07 2.1045e+07  0.48%   156  209s
  6867  4930 2.0990e+07  129  318 2.0945e+07 2.1045e+07  0.48%   156  212s
  7695  5811 2.0988e+07  148  279 2.0945e+07 2.1045e+07  0.48%   153  217s
  8159  6271 2.0987e+07  158  271 2.0945e+07 2.1045e+07  0.48%   151  220s
  9285  7488 2.0985e+07  173  239 2.0945e+07 2.1045e+07  0.48%   144  226s
 10509  8714 2.0984e+07  203  219 2.0945e+07 2.1045e+07  0.48%   139  232s
 11187  9513 2.0981e+07  216  212 2.0945e+07 2.1045e+07  0.48%   137  235s
Created node file directory '/scratch-local/lbeemster.22235270/gurobi_dev0.1_sub25.0_run2/grbnodes0'
 12057  9553 2.0981e+07  232  205 2.0945e+07 2.1045e+07  0.47%   131  241s
H12058  8864                    2.095082e+07 2.1045e+07  0.45%   131  241s
H12061  8291                    2.095761e+07 2.1045e+07  0.41%   131  241s
H12083  8287                    2.095764e+07 2.1045e+07  0.41%   131  241s
H12094  7631                    2.096185e+07 2.1044e+07  0.39%   131  241s
 12113  7963 2.0981e+07  233  204 2.0962e+07 2.1044e+07  0.39%   131  245s
H13232  8464                    2.096185e+07 2.1044e+07  0.39%   132  264s
H13232  8458                    2.096186e+07 2.1044e+07  0.39%   132  275s
H13232  8457                    2.096187e+07 2.1044e+07  0.39%   132  293s
 13233  8458 2.1035e+07   11  592 2.0962e+07 2.1044e+07  0.39%   132  340s
H13234  8036                    2.096255e+07 2.1044e+07  0.39%   132  475s
H13234  7634                    2.096275e+07 2.1044e+07  0.39%   132  475s
H13234  7252                    2.096340e+07 2.1044e+07  0.39%   132  475s
H13234  6889                    2.096742e+07 2.1044e+07  0.37%   132  475s
H13234  6545                    2.096748e+07 2.1044e+07  0.37%   132  475s
H13234  6218                    2.096751e+07 2.1044e+07  0.37%   132  475s
 13236  6219 2.0968e+07   53  489 2.0968e+07 2.1044e+07  0.37%   132  483s
 13237  6220 2.0990e+07  110  473 2.0968e+07 2.1044e+07  0.37%   132  485s
 13239  6221 2.0968e+07   91  520 2.0968e+07 2.1044e+07  0.37%   132  490s
 13243  6224 2.0968e+07   28  494 2.0968e+07 2.1043e+07  0.36%   131  568s
H13243  5912                    2.096813e+07 2.1041e+07  0.35%   131  572s
 13246  5914 2.0980e+07  255  482 2.0968e+07 2.1041e+07  0.35%   131  637s
 13247  5914 2.1020e+07   30  469 2.0968e+07 2.1039e+07  0.34%   131  642s
 13249  5916 2.0993e+07   98  481 2.0968e+07 2.1039e+07  0.34%   131  694s
 13250  5916 2.0994e+07   18  478 2.0968e+07 2.1039e+07  0.34%   131  697s
 13251  5917 2.1010e+07   34  470 2.0968e+07 2.1039e+07  0.34%   131  765s
H13252  5622                    2.097030e+07 2.1039e+07  0.33%   131  823s
H13252  5341                    2.097169e+07 2.1039e+07  0.32%   131  823s
 13255  5343 2.1012e+07   52  473 2.0972e+07 2.1038e+07  0.32%   131  836s
 13256  5343 2.0982e+07  159  473 2.0972e+07 2.1038e+07  0.32%   131  873s
 13257  5347 2.1038e+07   15  468 2.0972e+07 2.1038e+07  0.32%   136  879s
 13263  5354 2.1033e+07   17  451 2.0972e+07 2.1033e+07  0.29%   136  880s
 13299  5347 2.1029e+07   20  427 2.0972e+07 2.1029e+07  0.27%   136  888s
 13322  5344 2.1027e+07   21  422 2.0972e+07 2.1027e+07  0.26%   136  894s
 13340  5343 2.1024e+07   22  414 2.0972e+07 2.1027e+07  0.26%   137  900s
 13363  5368 2.1020e+07   23  394 2.0972e+07 2.1024e+07  0.25%   137  906s
H13413  5155                    2.097170e+07 2.1020e+07  0.23%   138  911s
H13418  4899                    2.097305e+07 2.1020e+07  0.23%   138  911s
 13511  4896 2.1016e+07   25  367 2.0973e+07 2.1018e+07  0.21%   140  916s
 13669  4970 2.1013e+07   26  356 2.0973e+07 2.1017e+07  0.21%   142  921s
 13775  4993 2.1012e+07   26  363 2.0973e+07 2.1017e+07  0.21%   142  925s
 13951  4994 2.1008e+07   27  352 2.0973e+07 2.1017e+07  0.21%   143  932s
 14144  4985 2.1008e+07   29  326 2.0973e+07 2.1017e+07  0.21%   144  938s
 14228  4990 2.1006e+07   29  325 2.0973e+07 2.1017e+07  0.21%   144  941s
H14424  4752                    2.097306e+07 2.1017e+07  0.21%   144  947s
H14425  4523                    2.097344e+07 2.1017e+07  0.21%   144  947s
 14595  4542 2.1001e+07   33  307 2.0973e+07 2.1017e+07  0.21%   144  953s
 14685  4552 2.0999e+07   34  307 2.0973e+07 2.1017e+07  0.21%   144  956s
 14881  4610 2.0996e+07   36  301 2.0973e+07 2.1017e+07  0.21%   143  962s
 15320  4775 2.0990e+07   40  296 2.0973e+07 2.1017e+07  0.21%   142  966s

Cutting planes:
  Learned: 2
  Gomory: 5
  Cover: 4
  Implied bound: 446
  Clique: 1
  MIR: 1082
  Flow cover: 1231
  GUB cover: 1
  RLT: 5
  Relax-and-lift: 849

Explored 15590 nodes (2260948 simplex iterations) in 966.91 seconds (1162.38 work units)
Thread count was 48 (of 192 available processors)

Solution count 10: 2.09734e+07 2.09734e+07 2.09731e+07 ... 2.09634e+07

Optimal solution found (tolerance 2.00e-03)
Best objective 2.097344475224e+07, best bound 2.101472856276e+07, gap 0.1968%
Deleted nodefile directory: /scratch-local/lbeemster.22235270/gurobi_dev0.1_sub25.0_run2
Saved model snapshot to study_case_model/figures/subsidy_experiment/run_24426/dev0.1/sub25.0/run2/model_snapshot.pkl
Finished successfully!
