Gurobi shell based on Python 3.13.1 can be launched with command `gurobi.sh`
Gurobi Python Interface can be loaded in Python 3.13.1 with 'import gurobipy'
/var/spool/slurm/slurmd/job22237082/slurm_script: line 24: activate: No such file or directory
Solving model: dev0.1, sub0.0, run3
Read LP format model from file /scratch-local/lbeemster.22237082/tmpmpajawbu.pyomo.lp
Reading time = 0.68 seconds
x1: 178177 rows, 50050 columns, 1021312 nonzeros
Set parameter OutputFlag to value 1
Set parameter MIPGap to value 0.002
Set parameter Threads to value 48
Set parameter Presolve to value 1
Set parameter Cuts to value 1
Set parameter NodefileStart to value 1
Set parameter NodefileDir to value "/scratch-local/lbeemster.22237082/gurobi_dev0.1_sub0.0_run3"
Set parameter MemLimit to value 60
Gurobi Optimizer version 12.0.3 build v12.0.3rc0 (linux64 - "Red Hat Enterprise Linux 9.6 (Plow)")

CPU model: AMD EPYC 9654 96-Core Processor, instruction set [SSE2|AVX|AVX2|AVX512]
Thread count: 192 physical cores, 192 logical processors, using up to 48 threads

Non-default parameters:
MemLimit  60
MIPGap  0.002
NodefileStart  1
Cuts  1
Presolve  1
Threads  48

Academic license 2514514 - for non-commercial use only - registered to l.___@student.vu.nl
Optimize a model with 178177 rows, 50050 columns and 1021312 nonzeros
Model fingerprint: 0x59cd0eb4
Variable types: 39426 continuous, 10624 integer (10624 binary)
Coefficient statistics:
  Matrix range     [6e-05, 1e+05]
  Objective range  [2e+00, 3e+04]
  Bounds range     [1e+00, 1e+00]
  RHS range        [3e-01, 2e+05]
Presolve removed 33568 rows and 21526 columns
Presolve time: 2.76s
Presolved: 144609 rows, 28524 columns, 858606 nonzeros
Variable types: 22732 continuous, 5792 integer (5792 binary)

Deterministic concurrent LP optimizer: primal simplex, dual simplex, and barrier
Showing barrier log only...

Root relaxation presolved: 26582 rows, 171175 columns, 887002 nonzeros

Root barrier log...

Ordering time: 0.05s

Barrier statistics:
 Dense cols : 36
 Free vars  : 2112
 AA' NZ     : 5.863e+05
 Factor NZ  : 1.633e+06 (roughly 100 MB of memory)
 Factor Ops : 1.208e+08 (less than 1 second per iteration)
 Threads    : 45

                  Objective                Residual
Iter       Primal          Dual         Primal    Dual     Compl     Time
   0   1.57216615e+12  7.89526874e+05  8.03e+06 3.10e+02  1.45e+08     5s
   1   1.18574429e+12 -7.33088334e+07  5.26e+06 2.80e+03  9.18e+07     5s
   2   8.66004012e+11  7.77210857e+07  3.15e+06 1.91e+03  5.96e+07     5s
   3   6.00221582e+11  1.77259763e+08  1.47e+06 1.26e+03  3.51e+07     5s
   4   4.54527109e+11  1.76381795e+08  7.98e+05 8.23e+02  2.19e+07     5s
   5   3.67492473e+11  1.19049055e+08  5.23e+05 4.76e+02  1.34e+07     5s
   6   2.82488031e+11  8.32032558e+07  3.12e+05 2.99e+02  8.38e+06     5s
   7   2.21106091e+11  6.23942538e+07  2.02e+05 1.98e+02  5.57e+06     5s
   8   1.92537088e+11  5.98385014e+07  1.68e+05 1.89e+02  5.05e+06     5s
   9   1.63261400e+11  3.82060014e+07  1.27e+05 1.18e+02  3.43e+06     5s
  10   1.26059841e+11  2.63093210e+07  8.63e+04 7.91e+01  2.34e+06     5s
  11   8.88368213e+10  1.35567669e+07  4.86e+04 4.06e+01  1.31e+06     5s
  12   5.37490656e+10  6.07450460e+06  2.15e+04 1.57e+01  5.87e+05     6s
  13   2.42839729e+10  2.61460404e+06  7.30e+03 5.35e+00  2.17e+05     6s
  14   8.72676612e+09  1.85926318e+06  2.04e+03 2.44e+00  7.48e+04     6s
  15   4.75940157e+09  2.08405366e+06  9.89e+02 1.20e+00  3.71e+04     6s
  16   3.00094135e+09  3.44861559e+06  5.73e+02 5.37e-01  2.11e+04     6s
  17   2.26624973e+09  3.94379728e+06  4.24e+02 3.59e-01  1.55e+04     6s
  18   1.33857380e+09  4.90854919e+06  2.41e+02 2.20e-01  8.99e+03     6s
  19   6.85300688e+08  6.73763496e+06  1.12e+02 8.21e-02  4.32e+03     6s
  20   3.38502344e+08  8.45184415e+06  5.07e+01 4.27e-02  2.06e+03     6s
  21   1.77252265e+08  9.95284805e+06  2.36e+01 2.65e-02  1.03e+03     6s
  22   1.20265711e+08  1.37305831e+07  1.40e+01 1.32e-02  6.37e+02     6s
  23   9.61878774e+07  1.53041666e+07  1.03e+01 1.80e-02  4.81e+02     6s
  24   6.40696854e+07  1.67087290e+07  5.61e+00 1.38e-02  2.79e+02     6s
  25   4.73240236e+07  1.89125494e+07  3.08e+00 8.48e-03  1.65e+02     6s
  26   3.91745961e+07  1.95422937e+07  2.08e+00 4.13e-03  1.13e+02     6s
  27   3.07012941e+07  2.03738752e+07  1.03e+00 1.92e-03  5.90e+01     6s
  28   2.64384889e+07  2.07866447e+07  5.12e-01 1.50e-03  3.20e+01     6s
  29   2.43827928e+07  2.09514254e+07  2.93e-01 1.13e-03  1.94e+01     6s
  30   2.33055227e+07  2.11859328e+07  1.79e-01 6.22e-04  1.19e+01     6s
  31   2.26115828e+07  2.13074352e+07  1.08e-01 5.53e-04  7.33e+00     6s
  32   2.20422594e+07  2.14031981e+07  4.99e-02 4.42e-04  3.58e+00     6s
  33   2.18114132e+07  2.14361443e+07  2.87e-02 3.59e-04  2.10e+00     6s
  34   2.16791337e+07  2.14641296e+07  1.65e-02 3.46e-04  1.20e+00     6s
  35   2.16204735e+07  2.14775436e+07  1.05e-02 2.91e-04  7.93e-01     6s
  36   2.15990216e+07  2.14980621e+07  6.65e-03 2.65e-04  5.54e-01     6s
  37   2.15793317e+07  2.15129383e+07  4.19e-03 2.24e-04  3.62e-01     6s
  38   2.15630229e+07  2.15269277e+07  2.31e-03 1.55e-04  1.96e-01     6s
  39   2.15541790e+07  2.15317607e+07  1.50e-03 1.03e-04  1.21e-01     7s

Barrier performed 39 iterations in 6.52 seconds (5.79 work units)
Barrier solve interrupted - model solved by another algorithm

Concurrent spin time: 0.72s (can be avoided by choosing Method=3)

Solved with primal simplex

Root relaxation: objective 2.153603e+07, 30480 iterations, 2.94 seconds (2.40 work units)

    Nodes    |    Current Node    |     Objective Bounds      |     Work
 Expl Unexpl |  Obj  Depth IntInf | Incumbent    BestBd   Gap | It/Node Time

     0     0 2.1536e+07    0  493          - 2.1536e+07      -     -    8s
H    0     0                    2.073794e+07 2.1536e+07  3.85%     -   10s
     0     0 2.1533e+07    0  525 2.0738e+07 2.1533e+07  3.83%     -   13s
H    0     0                    2.109120e+07 2.1533e+07  2.09%     -   15s
     0     0 2.1532e+07    0  625 2.1091e+07 2.1532e+07  2.09%     -   15s
     0     0 2.1532e+07    0  654 2.1091e+07 2.1532e+07  2.09%     -   16s
     0     0 2.1532e+07    0  659 2.1091e+07 2.1532e+07  2.09%     -   16s
     0     0 2.1531e+07    0  642 2.1091e+07 2.1531e+07  2.09%     -   20s
     0     0 2.1530e+07    0  682 2.1091e+07 2.1530e+07  2.08%     -   21s
     0     0 2.1530e+07    0  693 2.1091e+07 2.1530e+07  2.08%     -   21s
     0     0 2.1530e+07    0  695 2.1091e+07 2.1530e+07  2.08%     -   21s
     0     0 2.1529e+07    0  686 2.1091e+07 2.1529e+07  2.07%     -   25s
H    0     0                    2.125308e+07 2.1529e+07  1.30%     -   27s
     0     0 2.1528e+07    0  716 2.1253e+07 2.1528e+07  1.29%     -   28s
     0     0 2.1528e+07    0  721 2.1253e+07 2.1528e+07  1.29%     -   28s
     0     0 2.1528e+07    0  730 2.1253e+07 2.1528e+07  1.29%     -   29s
     0     0 2.1528e+07    0  730 2.1253e+07 2.1528e+07  1.29%     -   29s
     0     0 2.1527e+07    0  709 2.1253e+07 2.1527e+07  1.29%     -   34s
     0     0 2.1526e+07    0  724 2.1253e+07 2.1526e+07  1.29%     -   36s
     0     0 2.1526e+07    0  706 2.1253e+07 2.1526e+07  1.29%     -   37s
     0     0 2.1526e+07    0  701 2.1253e+07 2.1526e+07  1.29%     -   37s
     0     0 2.1526e+07    0  705 2.1253e+07 2.1526e+07  1.29%     -   37s
     0     0 2.1526e+07    0  706 2.1253e+07 2.1526e+07  1.29%     -   38s
     0     0 2.1524e+07    0  599 2.1253e+07 2.1524e+07  1.28%     -   45s
H    0     0                    2.125537e+07 2.1524e+07  1.27%     -   49s
     0     0 2.1524e+07    0  623 2.1255e+07 2.1524e+07  1.26%     -   49s
     0     0 2.1524e+07    0  621 2.1255e+07 2.1524e+07  1.26%     -   50s
     0     0 2.1524e+07    0  627 2.1255e+07 2.1524e+07  1.26%     -   50s
     0     0 2.1524e+07    0  635 2.1255e+07 2.1524e+07  1.26%     -   53s
H    0     0                    2.125946e+07 2.1524e+07  1.24%     -   55s
     0     0 2.1523e+07    0  626 2.1259e+07 2.1523e+07  1.24%     -   56s
     0     0 2.1523e+07    0  609 2.1259e+07 2.1523e+07  1.24%     -   56s
     0     0 2.1523e+07    0  605 2.1259e+07 2.1523e+07  1.24%     -   56s
     0     0 2.1523e+07    0  598 2.1259e+07 2.1523e+07  1.24%     -   59s
     0     0 2.1523e+07    0  612 2.1259e+07 2.1523e+07  1.24%     -   61s
     0     0 2.1523e+07    0  623 2.1259e+07 2.1523e+07  1.24%     -   62s
     0     0 2.1523e+07    0  566 2.1259e+07 2.1523e+07  1.24%     -   64s
H    0     0                    2.131051e+07 2.1523e+07  1.00%     -   68s
     0     0 2.1523e+07    0  565 2.1311e+07 2.1523e+07  1.00%     -   68s
     0     0 2.1523e+07    0  569 2.1311e+07 2.1523e+07  1.00%     -   68s
     0     0 2.1523e+07    0  572 2.1311e+07 2.1523e+07  1.00%     -   68s
     0     0 2.1523e+07    0  569 2.1311e+07 2.1523e+07  1.00%     -   71s
     0     0 2.1523e+07    0  564 2.1311e+07 2.1523e+07  1.00%     -   73s
     0     0 2.1523e+07    0  571 2.1311e+07 2.1523e+07  1.00%     -   74s
     0     0 2.1523e+07    0  567 2.1311e+07 2.1523e+07  1.00%     -   76s
     0     0 2.1523e+07    0  567 2.1311e+07 2.1523e+07  1.00%     -   83s
H    0     0                    2.134148e+07 2.1523e+07  0.85%     -  106s
H    0     2                    2.136534e+07 2.1523e+07  0.74%     -  120s
     0     2 2.1523e+07    0  567 2.1365e+07 2.1523e+07  0.74%     -  120s
   111   242 2.1523e+07    7  568 2.1365e+07 2.1523e+07  0.74%   177  125s
   652   701 2.1521e+07   17  558 2.1365e+07 2.1523e+07  0.74%  86.9  131s
H  672   701                    2.136534e+07 2.1523e+07  0.74%  86.4  131s
  1021  1070 2.1521e+07   26  546 2.1365e+07 2.1523e+07  0.74%  94.1  138s
  1069  1118 2.1521e+07   27  546 2.1365e+07 2.1523e+07  0.74%  93.4  144s
H 1117  1166                    2.138170e+07 2.1523e+07  0.66%  94.0  150s
H 1120  1166                    2.138235e+07 2.1523e+07  0.66%  93.9  150s
H 1135  1166                    2.138436e+07 2.1523e+07  0.65%  93.8  150s
H 1149  1166                    2.139035e+07 2.1523e+07  0.62%  93.9  150s
  1213  1262 2.1521e+07   30  546 2.1390e+07 2.1523e+07  0.62%  92.5  159s
H 1217  1262                    2.140672e+07 2.1523e+07  0.54%  92.5  159s
  1261  1620 2.1521e+07   31  544 2.1407e+07 2.1523e+07  0.54%  92.2  163s
  1619  1999 2.1519e+07   38  558 2.1407e+07 2.1523e+07  0.54%  84.5  165s
  2142  2534 2.1517e+07   47  562 2.1407e+07 2.1523e+07  0.54%  83.0  171s
H 2538  2583                    2.141108e+07 2.1523e+07  0.52%  80.2  173s
  2582  2915 2.1515e+07   54  565 2.1411e+07 2.1523e+07  0.52%  80.0  175s
  3756  3815 2.1513e+07   70  517 2.1411e+07 2.1523e+07  0.52%  78.3  182s
H 3785  3815                    2.141166e+07 2.1523e+07  0.52%  78.3  182s
  4253  4665 2.1512e+07   76  490 2.1412e+07 2.1523e+07  0.52%  77.0  186s
  5548  5978 2.1508e+07   94  482 2.1412e+07 2.1523e+07  0.52%  73.5  192s
  6430  6894 2.1507e+07  105  474 2.1412e+07 2.1523e+07  0.52%  74.5  195s
  7456  7862 2.1504e+07  126  462 2.1412e+07 2.1523e+07  0.52%  73.9  200s
  9122  9614 2.1501e+07  142  440 2.1412e+07 2.1523e+07  0.52%  71.9  206s
  9898 10207 2.1499e+07  165  439 2.1412e+07 2.1523e+07  0.52%  72.5  211s
H 9945  9264                    2.142025e+07 2.1523e+07  0.48%  72.3  211s
H10071  8390                    2.143509e+07 2.1523e+07  0.41%  72.1  211s
H10201  8293                    2.143658e+07 2.1523e+07  0.40%  71.7  211s
H10324  8273                    2.143758e+07 2.1523e+07  0.40%  71.4  211s
 10380  8338 2.1498e+07  168  436 2.1438e+07 2.1523e+07  0.40%  71.2  215s
 11532  9962 2.1497e+07  195  413 2.1438e+07 2.1523e+07  0.40%  69.1  220s
 13305 11646 2.1494e+07  234  377 2.1438e+07 2.1523e+07  0.40%  66.0  225s
 14876 12482 2.1493e+07  243  344 2.1438e+07 2.1523e+07  0.40%  66.0  232s
 14924 12530 2.1493e+07  244  343 2.1438e+07 2.1523e+07  0.40%  66.1  240s
 14972 12578 2.1493e+07  245  340 2.1438e+07 2.1523e+07  0.40%  66.2  247s
H14974 12365                    2.144076e+07 2.1523e+07  0.38%  66.2  247s
H14985 12259                    2.144219e+07 2.1523e+07  0.38%  66.2  247s
H14993 12237                    2.144241e+07 2.1523e+07  0.37%  66.2  247s
 15020 13005 2.1489e+07  245  375 2.1442e+07 2.1523e+07  0.37%  66.4  251s
Created node file directory '/scratch-local/lbeemster.22237082/gurobi_dev0.1_sub0.0_run3/grbnodes0'
 15830 13814 2.1493e+07  250  315 2.1442e+07 2.1523e+07  0.37%  67.1  255s
 16659 14838 2.1492e+07  252  282 2.1442e+07 2.1523e+07  0.37%  67.7  260s
H17699 14660                    2.144700e+07 2.1523e+07  0.35%  67.5  286s
H17699 14659                    2.144807e+07 2.1523e+07  0.35%  67.5  289s
 17700 14651 2.1505e+07   86  567 2.1448e+07 2.1523e+07  0.35%  67.5  340s
H17701 13919                    2.144952e+07 2.1523e+07  0.34%  67.5  450s
H17701 13223                    2.144971e+07 2.1523e+07  0.34%  67.5  450s
H17701 12562                    2.144979e+07 2.1523e+07  0.34%  67.5  450s
H17701 11934                    2.145019e+07 2.1523e+07  0.34%  67.5  450s
H17701 11337                    2.145935e+07 2.1514e+07  0.25%  67.5  450s
 17703 11338 2.1496e+07  175  415 2.1459e+07 2.1514e+07  0.25%  67.5  456s
H17704 10772                    2.146540e+07 2.1514e+07  0.23%  67.5  460s
H17710 10237                    2.147248e+07 2.1511e+07  0.18%  67.5  529s
H17710  9725                    2.147313e+07 2.1511e+07  0.18%  67.5  529s
H17710  9239                    2.147431e+07 2.1511e+07  0.17%  67.5  529s
H17710  8776                    2.147751e+07 2.1511e+07  0.15%  67.5  529s
H17710  8337                    2.148333e+07 2.1511e+07  0.13%  67.5  529s

Cutting planes:
  Learned: 2
  Gomory: 20
  Implied bound: 363
  MIR: 701
  Flow cover: 794
  RLT: 4
  Relax-and-lift: 729

Explored 17710 nodes (1310602 simplex iterations) in 530.00 seconds (608.57 work units)
Thread count was 48 (of 192 available processors)

Solution count 10: 2.14833e+07 2.14775e+07 2.14743e+07 ... 2.14497e+07

Optimal solution found (tolerance 2.00e-03)
Best objective 2.148333120675e+07, best bound 2.151072954052e+07, gap 0.1275%
Deleted nodefile directory: /scratch-local/lbeemster.22237082/gurobi_dev0.1_sub0.0_run3
Saved model snapshot to study_case_model/figures/subsidy_experiment/run_24426/dev0.1/sub0.0/run3/model_snapshot.pkl
Finished successfully!
