Gurobi shell based on Python 3.13.1 can be launched with command `gurobi.sh`
Gurobi Python Interface can be loaded in Python 3.13.1 with 'import gurobipy'
/var/spool/slurm/slurmd/job22269420/slurm_script: line 24: activate: No such file or directory
Solving model:, maxh2_0.01, sub45.0, run2
Read LP format model from file /scratch-local/lbeemster.22269420/tmp4gmotrfq.pyomo.lp
Reading time = 0.69 seconds
x1: 178177 rows, 50050 columns, 1021312 nonzeros
Set parameter OutputFlag to value 1
Set parameter MIPGap to value 0.002
Set parameter Threads to value 48
Set parameter Presolve to value 1
Set parameter Cuts to value 1
Set parameter NodefileStart to value 1
Set parameter NodefileDir to value "/scratch-local/lbeemster.22269420/gurobi_maxh2_0.01_sub45.0_run2"
Set parameter MemLimit to value 60
Gurobi Optimizer version 12.0.3 build v12.0.3rc0 (linux64 - "Red Hat Enterprise Linux 9.6 (Plow)")

CPU model: AMD EPYC 9654 96-Core Processor, instruction set [SSE2|AVX|AVX2|AVX512]
Thread count: 192 physical cores, 192 logical processors, using up to 48 threads

Non-default parameters:
MemLimit  60
MIPGap  0.002
NodefileStart  1
Cuts  1
Presolve  1
Threads  48

Academic license 2514514 - for non-commercial use only - registered to l.___@student.vu.nl
Optimize a model with 178177 rows, 50050 columns and 1021312 nonzeros
Model fingerprint: 0xae515a06
Variable types: 39426 continuous, 10624 integer (10624 binary)
Coefficient statistics:
  Matrix range     [6e-05, 1e+05]
  Objective range  [2e+00, 3e+04]
  Bounds range     [1e+00, 1e+00]
  RHS range        [3e-01, 2e+05]
Presolve removed 38329 rows and 24630 columns
Presolve time: 2.68s
Presolved: 139848 rows, 25420 columns, 900735 nonzeros
Variable types: 19732 continuous, 5688 integer (5688 binary)

Deterministic concurrent LP optimizer: primal simplex, dual simplex, and barrier
Showing barrier log only...

Root relaxation presolved: 24791 rows, 164567 columns, 925751 nonzeros

Root barrier log...

Ordering time: 0.05s

Barrier statistics:
 Dense cols : 5
 Free vars  : 1920
 AA' NZ     : 5.328e+05
 Factor NZ  : 1.414e+06 (roughly 90 MB of memory)
 Factor Ops : 9.795e+07 (less than 1 second per iteration)
 Threads    : 45

                  Objective                Residual
Iter       Primal          Dual         Primal    Dual     Compl     Time
   0   1.42213310e+12  3.05929815e+06  7.80e+06 3.21e+02  1.35e+08     5s
   1   8.72988221e+11 -1.76309900e+08  3.85e+06 2.72e+03  7.65e+07     5s
   2   5.64096728e+11 -1.57054138e+08  1.64e+06 1.59e+03  4.13e+07     5s
   3   3.56664432e+11 -5.44866576e+07  4.49e+05 5.58e+02  1.47e+07     5s
   4   2.17227961e+11 -2.50960603e+07  1.48e+05 2.63e+02  6.46e+06     5s
   5   1.44856112e+11 -9.52654966e+06  6.28e+04 1.23e+02  3.06e+06     5s
   6   1.08646709e+11 -9.52596140e+05  3.69e+04 6.00e+01  1.66e+06     5s
   7   7.75319132e+10 -1.09231092e+06  2.32e+04 4.29e+01  1.12e+06     5s
   8   5.88106425e+10  1.98700539e+05  1.59e+04 2.55e+01  7.25e+05     5s
   9   3.31036461e+10  8.70898551e+05  6.74e+03 1.36e+01  3.64e+05     5s
  10   1.66139930e+10  1.20581564e+06  2.68e+03 7.07e+00  1.72e+05     5s
  11   1.05121450e+10  1.28738949e+06  1.49e+03 3.59e+00  9.55e+04     5s
  12   5.05469386e+09  1.63224104e+06  6.06e+02 1.64e+00  4.25e+04     5s
  13   3.05283669e+09  3.73163684e+06  3.37e+02 5.79e-01  2.20e+04     5s
  14   2.00595851e+09  4.49210257e+06  2.11e+02 4.22e-01  1.41e+04     5s
  15   1.20723365e+09  6.34232458e+06  1.19e+02 1.60e-01  7.83e+03     5s
  16   6.82303112e+08  7.54089786e+06  6.39e+01 6.52e-02  4.23e+03     6s
  17   2.18272534e+08  9.69801932e+06  1.58e+01 1.68e-02  1.26e+03     6s
  18   1.30077158e+08  1.23981175e+07  8.60e+00 1.36e-02  7.05e+02     6s
  19   7.56020847e+07  1.57612780e+07  3.96e+00 7.08e-03  3.54e+02     6s
  20   6.42175554e+07  1.74011035e+07  3.07e+00 4.81e-03  2.76e+02     6s
  21   4.45564110e+07  1.92967510e+07  1.53e+00 2.39e-03  1.48e+02     6s
  22   3.41873516e+07  1.93863510e+07  8.75e-01 1.62e-03  8.65e+01     6s
  23   2.85228541e+07  2.01596281e+07  4.78e-01 2.51e-03  4.85e+01     6s
  24   2.52924559e+07  2.04121087e+07  2.70e-01 1.53e-03  2.82e+01     6s
  25   2.41786222e+07  2.06809790e+07  1.98e-01 1.52e-03  2.02e+01     6s
  26   2.35550647e+07  2.07367042e+07  1.57e-01 1.36e-03  1.63e+01     6s
  27   2.23228910e+07  2.08727701e+07  7.62e-02 9.56e-04  8.34e+00     6s
  28   2.18947121e+07  2.09208253e+07  5.05e-02 6.48e-04  5.60e+00     6s
  29   2.15507646e+07  2.09560068e+07  3.01e-02 5.65e-04  3.41e+00     6s
  30   2.14276759e+07  2.09720695e+07  2.28e-02 4.76e-04  2.61e+00     6s

Barrier performed 30 iterations in 6.14 seconds (5.49 work units)
Barrier solve interrupted - model solved by another algorithm

Concurrent spin time: 0.44s (can be avoided by choosing Method=3)

Solved with primal simplex

Root relaxation: objective 2.107089e+07, 28835 iterations, 2.40 seconds (1.95 work units)

    Nodes    |    Current Node    |     Objective Bounds      |     Work
 Expl Unexpl |  Obj  Depth IntInf | Incumbent    BestBd   Gap | It/Node Time

     0     0 2.1071e+07    0  435          - 2.1071e+07      -     -    8s
H    0     0                    2.073837e+07 2.1071e+07  1.60%     -   10s
     0     0 2.1063e+07    0  506 2.0738e+07 2.1063e+07  1.56%     -   13s
H    0     0                    2.074098e+07 2.1063e+07  1.55%     -   15s
     0     0 2.1061e+07    0  531 2.0741e+07 2.1061e+07  1.54%     -   15s
     0     0 2.1060e+07    0  549 2.0741e+07 2.1060e+07  1.54%     -   15s
     0     0 2.1060e+07    0  555 2.0741e+07 2.1060e+07  1.54%     -   16s
     0     0 2.1060e+07    0  556 2.0741e+07 2.1060e+07  1.54%     -   16s
     0     0 2.1051e+07    0  571 2.0741e+07 2.1051e+07  1.49%     -   19s
     0     0 2.1047e+07    0  623 2.0741e+07 2.1047e+07  1.48%     -   20s
     0     0 2.1047e+07    0  629 2.0741e+07 2.1047e+07  1.47%     -   21s
     0     0 2.1047e+07    0  631 2.0741e+07 2.1047e+07  1.47%     -   21s
     0     0 2.1047e+07    0  634 2.0741e+07 2.1047e+07  1.47%     -   21s
     0     0 2.1047e+07    0  632 2.0741e+07 2.1047e+07  1.47%     -   21s
     0     0 2.1039e+07    0  573 2.0741e+07 2.1039e+07  1.44%     -   25s
     0     0 2.1039e+07    0  593 2.0741e+07 2.1039e+07  1.44%     -   28s
     0     0 2.1038e+07    0  614 2.0741e+07 2.1038e+07  1.43%     -   28s
     0     0 2.1038e+07    0  623 2.0741e+07 2.1038e+07  1.43%     -   28s
     0     0 2.1038e+07    0  631 2.0741e+07 2.1038e+07  1.43%     -   28s
     0     0 2.1038e+07    0  631 2.0741e+07 2.1038e+07  1.43%     -   28s
     0     0 2.1037e+07    0  573 2.0741e+07 2.1037e+07  1.43%     -   32s
     0     0 2.1037e+07    0  591 2.0741e+07 2.1037e+07  1.43%     -   33s
     0     0 2.1037e+07    0  584 2.0741e+07 2.1037e+07  1.43%     -   33s
     0     0 2.1037e+07    0  589 2.0741e+07 2.1037e+07  1.43%     -   34s
     0     0 2.1037e+07    0  585 2.0741e+07 2.1037e+07  1.43%     -   34s
     0     0 2.1037e+07    0  586 2.0741e+07 2.1037e+07  1.43%     -   34s
     0     0 2.1036e+07    0  493 2.0741e+07 2.1036e+07  1.42%     -   37s
     0     0 2.1036e+07    0  503 2.0741e+07 2.1036e+07  1.42%     -   40s
     0     0 2.1036e+07    0  506 2.0741e+07 2.1036e+07  1.42%     -   40s
     0     0 2.1036e+07    0  510 2.0741e+07 2.1036e+07  1.42%     -   40s
     0     0 2.1036e+07    0  499 2.0741e+07 2.1036e+07  1.42%     -   42s
     0     0 2.1036e+07    0  508 2.0741e+07 2.1036e+07  1.42%     -   45s
     0     0 2.1036e+07    0  518 2.0741e+07 2.1036e+07  1.42%     -   45s
     0     0 2.1036e+07    0  522 2.0741e+07 2.1036e+07  1.42%     -   45s
     0     0 2.1036e+07    0  503 2.0741e+07 2.1036e+07  1.42%     -   48s
     0     0 2.1036e+07    0  498 2.0741e+07 2.1036e+07  1.42%     -   49s
     0     0 2.1036e+07    0  496 2.0741e+07 2.1036e+07  1.42%     -   49s
     0     0 2.1036e+07    0  488 2.0741e+07 2.1036e+07  1.42%     -   51s
H    0     0                    2.079760e+07 2.1036e+07  1.15%     -   66s
     0     0 2.1036e+07    0  501 2.0798e+07 2.1036e+07  1.15%     -   66s
     0     0 2.1036e+07    0  504 2.0798e+07 2.1036e+07  1.15%     -   67s
     0     0 2.1036e+07    0  503 2.0798e+07 2.1036e+07  1.15%     -   69s
     0     0 2.1036e+07    0  505 2.0798e+07 2.1036e+07  1.15%     -   72s
     0     0 2.1036e+07    0  499 2.0798e+07 2.1036e+07  1.15%     -   74s
     0     0 2.1036e+07    0  499 2.0798e+07 2.1036e+07  1.15%     -   80s
H    0     0                    2.094848e+07 2.1036e+07  0.42%     -   91s
H    0     0                    2.094987e+07 2.1036e+07  0.41%     -   99s
H    0     0                    2.095158e+07 2.1036e+07  0.40%     -   99s
     0     2 2.1036e+07    0  499 2.0952e+07 2.1036e+07  0.40%     -  101s
    63   111 2.1032e+07    6  485 2.0952e+07 2.1034e+07  0.39%   449  111s
   322   422 2.1028e+07   10  487 2.0952e+07 2.1032e+07  0.38%   237  115s
   752   829 2.1026e+07   14  471 2.0952e+07 2.1032e+07  0.38%   156  120s
  1208  1246 2.1020e+07   19  454 2.0952e+07 2.1032e+07  0.38%   168  125s
H 1380  1365                    2.095183e+07 2.1032e+07  0.38%   165  128s
H 1393  1365                    2.095246e+07 2.1032e+07  0.38%   165  128s
  1569  1566 2.1002e+07   22  425 2.0952e+07 2.1032e+07  0.38%   161  130s
  1645  1656 2.1012e+07   24  429 2.0952e+07 2.1032e+07  0.38%   159  137s
  1998  2011 2.1007e+07   28  417 2.0952e+07 2.1031e+07  0.38%   153  141s
H 2612  2522                    2.095450e+07 2.1031e+07  0.37%   138  146s
  3193  3113 2.1005e+07   47  360 2.0954e+07 2.1031e+07  0.37%   127  151s
  3380  3279 2.1005e+07   52  360 2.0954e+07 2.1031e+07  0.37%   127  158s
  3795  3654 2.1000e+07   55  351 2.0954e+07 2.1031e+07  0.37%   134  161s
  4441  4418 2.0992e+07   59  336 2.0954e+07 2.1031e+07  0.37%   129  170s
  5392  5507 2.0993e+07   76  306 2.0954e+07 2.1031e+07  0.37%   125  176s
  6787  6995 2.0991e+07  100  270 2.0954e+07 2.1031e+07  0.37%   110  180s
  7423  7088 2.0990e+07  104  262 2.0954e+07 2.1031e+07  0.37%   103  189s
H 7449  7030                    2.095617e+07 2.1031e+07  0.36%   103  189s
  7471  7650 2.0990e+07  104  262 2.0956e+07 2.1031e+07  0.36%   103  191s
  8230  8350 2.0990e+07  111  256 2.0956e+07 2.1030e+07  0.35%  97.2  195s
Created node file directory '/scratch-local/lbeemster.22269420/gurobi_maxh2_0.01_sub45.0_run2/grbnodes0'
  9393  9447 2.0989e+07  126  250 2.0956e+07 2.1030e+07  0.35%  90.2  200s
 10703 10728 2.0989e+07  155  226 2.0956e+07 2.1030e+07  0.35%  84.5  212s
 11347 11426 2.0985e+07  163  205 2.0956e+07 2.1030e+07  0.35%  82.7  215s
 12665 12666 2.0984e+07  180  197 2.0956e+07 2.1030e+07  0.35%  80.0  220s
H13434 12665                    2.095630e+07 2.1030e+07  0.35%  78.4  235s
H13434 12657                    2.095674e+07 2.1030e+07  0.35%  78.4  244s
H13434 12646                    2.095699e+07 2.1030e+07  0.35%  78.4  246s
H13434 11876                    2.096017e+07 2.1030e+07  0.33%  78.4  248s
H13434 11869                    2.096113e+07 2.1030e+07  0.33%  78.4  248s
 13435 11826 2.0993e+07   88  499 2.0961e+07 2.1030e+07  0.33%  78.4  278s
 13437 11827 2.0984e+07  191  431 2.0961e+07 2.1020e+07  0.28%  78.4  390s
 13438 11828 2.0974e+07  162  423 2.0961e+07 2.1020e+07  0.28%  78.4  396s
 13440 11829 2.0988e+07   89  492 2.0961e+07 2.1020e+07  0.28%  78.4  401s
H13444 11240                    2.096637e+07 2.1019e+07  0.25%  78.4  404s
 13445 11241 2.0992e+07   73  523 2.0966e+07 2.1019e+07  0.25%  78.4  405s
H13447 10679                    2.097446e+07 2.1017e+07  0.20%  78.4  505s
H13447 10145                    2.097477e+07 2.1017e+07  0.20%  78.4  505s
H13447  9638                    2.097488e+07 2.1017e+07  0.20%  78.4  505s
H13451  9158                    2.097546e+07 2.1016e+07  0.19%  78.3  610s
H13451  8700                    2.097786e+07 2.1016e+07  0.18%  78.3  610s
H13451  8265                    2.097825e+07 2.1016e+07  0.18%  78.3  610s

Cutting planes:
  Learned: 1
  Gomory: 22
  Cover: 4
  Implied bound: 427
  Clique: 1
  MIR: 849
  Flow cover: 875
  RLT: 13
  Relax-and-lift: 570
  BQP: 2

Explored 13451 nodes (1168053 simplex iterations) in 611.02 seconds (722.51 work units)
Thread count was 48 (of 192 available processors)

Solution count 10: 2.09782e+07 2.09779e+07 2.09755e+07 ... 2.0957e+07

Optimal solution found (tolerance 2.00e-03)
Best objective 2.097824766549e+07, best bound 2.101622952366e+07, gap 0.1811%
Deleted nodefile directory: /scratch-local/lbeemster.22269420/gurobi_maxh2_0.01_sub45.0_run2
Saved model snapshot to study_case_model/figures/technical_experiment/run_26426/maxh2_0.01/sub45.0/run2/model_snapshot.pkl
Finished successfully!
