Gurobi shell based on Python 3.13.1 can be launched with command `gurobi.sh`
Gurobi Python Interface can be loaded in Python 3.13.1 with 'import gurobipy'
/var/spool/slurm/slurmd/job22269994/slurm_script: line 24: activate: No such file or directory
Solving model:, maxh2_0.14, sub70.0, run2
Read LP format model from file /scratch-local/lbeemster.22269994/tmp8pdn8crt.pyomo.lp
Reading time = 1.33 seconds
x1: 178177 rows, 50050 columns, 1021312 nonzeros
Set parameter OutputFlag to value 1
Set parameter MIPGap to value 0.002
Set parameter Threads to value 48
Set parameter Presolve to value 1
Set parameter Cuts to value 1
Set parameter NodefileStart to value 1
Set parameter NodefileDir to value "/scratch-local/lbeemster.22269994/gurobi_maxh2_0.14_sub70.0_run2"
Set parameter MemLimit to value 60
Gurobi Optimizer version 12.0.3 build v12.0.3rc0 (linux64 - "Red Hat Enterprise Linux 9.6 (Plow)")

CPU model: AMD EPYC 9654 96-Core Processor, instruction set [SSE2|AVX|AVX2|AVX512]
Thread count: 192 physical cores, 192 logical processors, using up to 48 threads

Non-default parameters:
MemLimit  60
MIPGap  0.002
NodefileStart  1
Cuts  1
Presolve  1
Threads  48

Academic license 2514514 - for non-commercial use only - registered to l.___@student.vu.nl
Optimize a model with 178177 rows, 50050 columns and 1021312 nonzeros
Model fingerprint: 0xdbd0c224
Variable types: 39426 continuous, 10624 integer (10624 binary)
Coefficient statistics:
  Matrix range     [6e-05, 1e+05]
  Objective range  [2e+00, 3e+04]
  Bounds range     [1e+00, 1e+00]
  RHS range        [3e-01, 2e+05]
Presolve removed 37841 rows and 24630 columns
Presolve time: 2.89s
Presolved: 140336 rows, 25420 columns, 908483 nonzeros
Variable types: 19732 continuous, 5688 integer (5688 binary)
Found heuristic solution: objective 1.967787e+07

Deterministic concurrent LP optimizer: primal simplex, dual simplex, and barrier
Showing barrier log only...

Root relaxation presolved: 24981 rows, 165203 columns, 933478 nonzeros

Root barrier log...

Ordering time: 0.04s

Barrier statistics:
 Free vars  : 1920
 AA' NZ     : 5.368e+05
 Factor NZ  : 1.437e+06 (roughly 90 MB of memory)
 Factor Ops : 9.944e+07 (less than 1 second per iteration)
 Threads    : 46

                  Objective                Residual
Iter       Primal          Dual         Primal    Dual     Compl     Time
   0   1.43092523e+12  2.74805513e+06  7.67e+06 3.21e+02  1.36e+08     7s
   1   8.67458080e+11 -1.76162858e+08  3.72e+06 2.89e+03  7.93e+07     7s
   2   4.98383418e+11 -1.28669971e+08  1.22e+06 1.58e+03  3.83e+07     8s
   3   3.12474395e+11 -4.26233392e+07  3.01e+05 5.28e+02  1.29e+07     8s
   4   2.12328580e+11 -2.19738174e+07  1.12e+05 2.77e+02  6.29e+06     8s
   5   1.42745915e+11 -8.64211237e+06  5.39e+04 1.13e+02  2.78e+06     8s
   6   1.14013966e+11 -4.92120519e+06  3.75e+04 6.90e+01  1.81e+06     8s
   7   8.64482893e+10 -2.84115430e+06  2.50e+04 4.64e+01  1.22e+06     8s
   8   5.69527979e+10 -1.19675023e+06  1.40e+04 2.93e+01  7.33e+05     8s
   9   2.96308749e+10  2.69633464e+05  5.21e+03 1.46e+01  3.41e+05     8s
  10   1.66088050e+10  1.08191263e+06  2.42e+03 8.02e+00  1.77e+05     8s
  11   1.09941421e+10  1.74501000e+06  1.43e+03 3.29e+00  9.42e+04     8s
  12   7.33730404e+09  2.50619229e+06  8.90e+02 1.18e+00  5.36e+04     8s
  13   3.02241231e+09  3.50390399e+06  3.24e+02 6.12e-01  2.19e+04     8s
  14   2.16923122e+09  4.31504470e+06  2.24e+02 4.68e-01  1.52e+04     8s
  15   1.30345189e+09  5.80803896e+06  1.27e+02 1.98e-01  8.54e+03     8s
  16   8.56616925e+08  6.73080701e+06  8.09e+01 1.29e-01  5.50e+03     8s
  17   2.58529252e+08  8.68131502e+06  2.05e+01 5.10e-02  1.59e+03     8s
  18   1.40837966e+08  1.00663284e+07  9.99e+00 3.61e-02  8.28e+02     8s
  19   9.94182192e+07  1.42019694e+07  6.05e+00 2.02e-02  5.22e+02     8s
  20   6.46792794e+07  1.79970882e+07  3.15e+00 1.09e-02  2.80e+02     8s
  21   3.95211203e+07  1.93550570e+07  1.16e+00 7.29e-03  1.20e+02     8s
  22   3.19200385e+07  1.95615582e+07  6.84e-01 4.71e-03  7.27e+01     8s
  23   2.67001457e+07  2.02638791e+07  3.37e-01 3.47e-03  3.73e+01     8s
  24   2.51071226e+07  2.05309407e+07  2.32e-01 2.17e-03  2.64e+01     8s
  25   2.40612576e+07  2.06776265e+07  1.68e-01 1.59e-03  1.95e+01     8s
  26   2.29702450e+07  2.08672610e+07  1.02e-01 1.13e-03  1.21e+01     8s
  27   2.21208986e+07  2.09901479e+07  5.15e-02 7.94e-04  6.47e+00     9s
  28   2.18279769e+07  2.10442545e+07  3.41e-02 6.34e-04  4.48e+00     9s
  29   2.16389212e+07  2.11112918e+07  2.37e-02 5.09e-04  3.01e+00     9s
  30   2.14959185e+07  2.11314756e+07  1.61e-02 5.69e-04  2.08e+00     9s
  31   2.13509855e+07  2.11525360e+07  8.16e-03 5.65e-04  1.13e+00     9s
  32   2.13106841e+07  2.11693850e+07  5.36e-03 4.75e-04  8.01e-01     9s
  33   2.12794904e+07  2.11990063e+07  3.35e-03 3.64e-04  4.54e-01     9s
  34   2.12610802e+07  2.12125345e+07  1.96e-03 3.49e-04  2.73e-01     9s

Barrier performed 34 iterations in 8.82 seconds (7.73 work units)
Barrier solve interrupted - model solved by another algorithm

Concurrent spin time: 0.07s

Solved with primal simplex

Root relaxation: objective 2.122710e+07, 27963 iterations, 2.33 seconds (1.92 work units)

    Nodes    |    Current Node    |     Objective Bounds      |     Work
 Expl Unexpl |  Obj  Depth IntInf | Incumbent    BestBd   Gap | It/Node Time

     0     0 2.1227e+07    0  469 1.9678e+07 2.1227e+07  7.87%     -   10s
     0     0 2.1221e+07    0  583 1.9678e+07 2.1221e+07  7.84%     -   14s
H    0     0                    2.075808e+07 2.1221e+07  2.23%     -   15s
     0     0 2.1216e+07    0  611 2.0758e+07 2.1216e+07  2.21%     -   16s
     0     0 2.1216e+07    0  629 2.0758e+07 2.1216e+07  2.21%     -   16s
     0     0 2.1216e+07    0  627 2.0758e+07 2.1216e+07  2.21%     -   16s
     0     0 2.1216e+07    0  629 2.0758e+07 2.1216e+07  2.21%     -   16s
     0     0 2.1213e+07    0  635 2.0758e+07 2.1213e+07  2.19%     -   19s
H    0     0                    2.095233e+07 2.1213e+07  1.24%     -   21s
     0     0 2.1211e+07    0  679 2.0952e+07 2.1211e+07  1.24%     -   21s
     0     0 2.1211e+07    0  709 2.0952e+07 2.1211e+07  1.23%     -   22s
     0     0 2.1211e+07    0  716 2.0952e+07 2.1211e+07  1.23%     -   22s
     0     0 2.1211e+07    0  717 2.0952e+07 2.1211e+07  1.23%     -   22s
     0     0 2.1211e+07    0  720 2.0952e+07 2.1211e+07  1.23%     -   22s
     0     0 2.1211e+07    0  723 2.0952e+07 2.1211e+07  1.23%     -   22s
     0     0 2.1204e+07    0  632 2.0952e+07 2.1204e+07  1.20%     -   26s
     0     0 2.1203e+07    0  676 2.0952e+07 2.1203e+07  1.20%     -   29s
     0     0 2.1203e+07    0  686 2.0952e+07 2.1203e+07  1.19%     -   29s
     0     0 2.1203e+07    0  694 2.0952e+07 2.1203e+07  1.19%     -   30s
     0     0 2.1203e+07    0  698 2.0952e+07 2.1203e+07  1.19%     -   30s
     0     0 2.1201e+07    0  631 2.0952e+07 2.1201e+07  1.19%     -   34s
     0     0 2.1201e+07    0  639 2.0952e+07 2.1201e+07  1.18%     -   36s
     0     0 2.1201e+07    0  640 2.0952e+07 2.1201e+07  1.18%     -   36s
     0     0 2.1201e+07    0  644 2.0952e+07 2.1201e+07  1.18%     -   37s
     0     0 2.1201e+07    0  652 2.0952e+07 2.1201e+07  1.18%     -   37s
     0     0 2.1201e+07    0  654 2.0952e+07 2.1201e+07  1.18%     -   37s
     0     0 2.1200e+07    0  560 2.0952e+07 2.1200e+07  1.18%     -   41s
H    0     0                    2.095322e+07 2.1200e+07  1.18%     -   42s
     0     0 2.1200e+07    0  567 2.0953e+07 2.1200e+07  1.18%     -   43s
     0     0 2.1200e+07    0  565 2.0953e+07 2.1200e+07  1.18%     -   43s
     0     0 2.1200e+07    0  567 2.0953e+07 2.1200e+07  1.18%     -   43s
     0     0 2.1200e+07    0  552 2.0953e+07 2.1200e+07  1.18%     -   46s
H    0     0                    2.095515e+07 2.1200e+07  1.17%     -   51s
     0     0 2.1200e+07    0  579 2.0955e+07 2.1200e+07  1.17%     -   51s
     0     0 2.1200e+07    0  580 2.0955e+07 2.1200e+07  1.17%     -   51s
     0     0 2.1200e+07    0  556 2.0955e+07 2.1200e+07  1.17%     -   54s
     0     0 2.1200e+07    0  573 2.0955e+07 2.1200e+07  1.17%     -   56s
     0     0 2.1200e+07    0  578 2.0955e+07 2.1200e+07  1.17%     -   57s
     0     0 2.1200e+07    0  597 2.0955e+07 2.1200e+07  1.17%     -   59s
     0     0 2.1200e+07    0  589 2.0955e+07 2.1200e+07  1.17%     -   59s
     0     0 2.1200e+07    0  589 2.0955e+07 2.1200e+07  1.17%     -   60s
     0     0 2.1200e+07    0  588 2.0955e+07 2.1200e+07  1.17%     -   62s
     0     0 2.1200e+07    0  588 2.0955e+07 2.1200e+07  1.17%     -   69s
H    0     0                    2.100695e+07 2.1200e+07  0.92%     -   78s
H    0     0                    2.108164e+07 2.1200e+07  0.56%     -   79s
H    0     0                    2.108838e+07 2.1200e+07  0.53%     -   89s
     0     2 2.1200e+07    0  588 2.1088e+07 2.1200e+07  0.53%     -   91s
    31    64 2.1200e+07    5  601 2.1088e+07 2.1200e+07  0.53%   423   95s
H   64   112                    2.108854e+07 2.1199e+07  0.53%   341   97s
   173   369 2.1199e+07    8  603 2.1089e+07 2.1199e+07  0.53%   184  100s
   708  1039 2.1198e+07   15  599 2.1089e+07 2.1199e+07  0.53%   118  106s
H 1397  1439                    2.108855e+07 2.1199e+07  0.53%   107  113s
  1445  1749 2.1163e+07   24  576 2.1089e+07 2.1199e+07  0.53%   108  121s
H 2120  2119                    2.108859e+07 2.1199e+07  0.53%   110  126s
H 2121  2119                    2.108861e+07 2.1199e+07  0.53%   110  126s
H 2123  2119                    2.108862e+07 2.1199e+07  0.53%   110  126s
  2470  2725 2.1178e+07   34  581 2.1089e+07 2.1199e+07  0.53%   115  130s
H 3414  3533                    2.109105e+07 2.1199e+07  0.51%   119  139s
  3691  3563 2.1167e+07   48  547 2.1091e+07 2.1199e+07  0.51%   119  142s
  3751  3603 2.1166e+07   48  549 2.1091e+07 2.1199e+07  0.51%   119  148s
  3805  3651 2.1167e+07   49  541 2.1091e+07 2.1199e+07  0.51%   120  151s
H 3810  3557                    2.109637e+07 2.1199e+07  0.49%   119  151s
  3853  4043 2.1166e+07   50  540 2.1096e+07 2.1199e+07  0.49%   120  159s
  4355  4381 2.1163e+07   56  525 2.1096e+07 2.1199e+07  0.49%   119  162s
  5095  4919 2.1153e+07   61  492 2.1096e+07 2.1199e+07  0.49%   127  168s
  5269  4984 2.1156e+07   62  482 2.1096e+07 2.1199e+07  0.49%   128  170s
H 5271  4965                    2.109664e+07 2.1199e+07  0.49%   128  170s
H 5291  4928                    2.109712e+07 2.1199e+07  0.48%   128  170s
  5338  5057 2.1156e+07   62  481 2.1097e+07 2.1199e+07  0.48%   129  178s
  5467  5499 2.1151e+07   63  476 2.1097e+07 2.1199e+07  0.48%   129  181s
H 5475  5339                    2.110484e+07 2.1199e+07  0.45%   130  181s
H 5566  5318                    2.110587e+07 2.1199e+07  0.44%   129  181s
  6500  6556 2.1148e+07   70  453 2.1106e+07 2.1199e+07  0.44%   123  185s
H 7351  6958                    2.110622e+07 2.1199e+07  0.44%   115  189s
H 7566  6919                    2.110681e+07 2.1199e+07  0.44%   113  189s
H 7657  6916                    2.110689e+07 2.1199e+07  0.44%   112  189s
  7736  7741 2.1146e+07  118  404 2.1107e+07 2.1199e+07  0.44%   112  192s
  8630  7786 2.1146e+07  142  367 2.1107e+07 2.1199e+07  0.44%   105  195s
  8679  7832 2.1146e+07  143  381 2.1107e+07 2.1199e+07  0.44%   105  201s
H 8720  7795                    2.110750e+07 2.1199e+07  0.43%   105  201s
H 9089  9142                    2.110932e+07 2.1199e+07  0.43%   104  206s
H 9165  8724                    2.111533e+07 2.1199e+07  0.40%   103  206s
 10924  9655 2.1145e+07  198  321 2.1115e+07 2.1199e+07  0.40%  93.7  212s
 12079 11318 2.1139e+07  232  300 2.1115e+07 2.1199e+07  0.40%  89.5  222s
 13049 11365 2.1141e+07  247  293 2.1115e+07 2.1199e+07  0.40%  86.2  229s
 13097 11413 2.1142e+07  247  296 2.1115e+07 2.1199e+07  0.40%  86.3  237s
H13099 11228                    2.111822e+07 2.1199e+07  0.38%  86.3  237s
H13100 11204                    2.111891e+07 2.1199e+07  0.38%  86.2  237s
H13101 11118                    2.112019e+07 2.1199e+07  0.37%  86.2  237s
H13105 11060                    2.112140e+07 2.1199e+07  0.37%  86.2  237s
H13129 11047                    2.112172e+07 2.1199e+07  0.37%  86.2  237s
 13145 11898 2.1141e+07  248  296 2.1122e+07 2.1199e+07  0.37%  86.3  240s
 15081 12879 2.1187e+07   25  588 2.1122e+07 2.1199e+07  0.37%  81.3  313s
H15082 12236                    2.112450e+07 2.1199e+07  0.35%  81.3  428s
 15084 12237 2.1143e+07  230  511 2.1125e+07 2.1184e+07  0.28%  81.3  436s
 15086 12238 2.1144e+07   62  519 2.1125e+07 2.1182e+07  0.27%  81.2  441s
 15090 12241 2.1131e+07   51  561 2.1125e+07 2.1181e+07  0.27%  81.2  445s
H15092 11629                    2.112540e+07 2.1177e+07  0.24%  81.2  537s
H15092 11048                    2.112886e+07 2.1177e+07  0.23%  81.2  537s
H15092 10495                    2.113160e+07 2.1177e+07  0.21%  81.2  537s
H15092  9970                    2.113253e+07 2.1177e+07  0.21%  81.2  537s
 15095  9972 2.1149e+07   56  543 2.1133e+07 2.1176e+07  0.21%  81.2  540s
H15098  9475                    2.113444e+07 2.1176e+07  0.20%  81.2  613s
H15098  9001                    2.113561e+07 2.1176e+07  0.19%  81.2  613s
H15098  8550                    2.113766e+07 2.1176e+07  0.18%  81.2  613s
H15098  8123                    2.113882e+07 2.1176e+07  0.18%  81.2  613s

Cutting planes:
  Gomory: 55
  Cover: 6
  Implied bound: 563
  MIR: 754
  Flow cover: 943
  RLT: 11
  Relax-and-lift: 748

Explored 15098 nodes (1344126 simplex iterations) in 613.29 seconds (743.77 work units)
Thread count was 48 (of 192 available processors)

Solution count 10: 2.11388e+07 2.11388e+07 2.11377e+07 ... 2.11245e+07

Optimal solution found (tolerance 2.00e-03)
Best objective 2.113882369845e+07, best bound 2.117588667035e+07, gap 0.1753%
Deleted nodefile directory: /scratch-local/lbeemster.22269994/gurobi_maxh2_0.14_sub70.0_run2
Saved model snapshot to study_case_model/figures/technical_experiment/run_26426/maxh2_0.14/sub70.0/run2/model_snapshot.pkl
Finished successfully!
