Gurobi shell based on Python 3.13.1 can be launched with command `gurobi.sh`
Gurobi Python Interface can be loaded in Python 3.13.1 with 'import gurobipy'
/var/spool/slurm/slurmd/job22270371/slurm_script: line 24: activate: No such file or directory
Solving model:, maxh2_0.1, sub45.0, run3
Read LP format model from file /scratch-local/lbeemster.22270371/tmpu6p8uhok.pyomo.lp
Reading time = 1.35 seconds
x1: 178177 rows, 50050 columns, 1021312 nonzeros
Set parameter OutputFlag to value 1
Set parameter MIPGap to value 0.002
Set parameter Threads to value 48
Set parameter Presolve to value 1
Set parameter Cuts to value 1
Set parameter NodefileStart to value 1
Set parameter NodefileDir to value "/scratch-local/lbeemster.22270371/gurobi_maxh2_0.1_sub45.0_run3"
Set parameter MemLimit to value 60
Gurobi Optimizer version 12.0.3 build v12.0.3rc0 (linux64 - "Red Hat Enterprise Linux 9.6 (Plow)")

CPU model: AMD EPYC 9654 96-Core Processor, instruction set [SSE2|AVX|AVX2|AVX512]
Thread count: 192 physical cores, 192 logical processors, using up to 48 threads

Non-default parameters:
MemLimit  60
MIPGap  0.002
NodefileStart  1
Cuts  1
Presolve  1
Threads  48

Academic license 2514514 - for non-commercial use only - registered to l.___@student.vu.nl
Optimize a model with 178177 rows, 50050 columns and 1021312 nonzeros
Model fingerprint: 0x4bbcbf80
Variable types: 39426 continuous, 10624 integer (10624 binary)
Coefficient statistics:
  Matrix range     [6e-05, 1e+05]
  Objective range  [2e+00, 3e+04]
  Bounds range     [1e+00, 1e+00]
  RHS range        [3e-01, 2e+05]
Presolve removed 37888 rows and 24470 columns
Presolve time: 2.97s
Presolved: 140289 rows, 25580 columns, 911973 nonzeros
Variable types: 19852 continuous, 5728 integer (5728 binary)
Found heuristic solution: objective 1.935773e+07
Found heuristic solution: objective 1.942075e+07

Deterministic concurrent LP optimizer: primal simplex, dual simplex, and barrier
Showing barrier log only...

Root relaxation presolved: 24957 rows, 165208 columns, 937047 nonzeros

Root barrier log...

Ordering time: 0.05s

Barrier statistics:
 Free vars  : 1920
 AA' NZ     : 5.476e+05
 Factor NZ  : 1.453e+06 (roughly 90 MB of memory)
 Factor Ops : 1.021e+08 (less than 1 second per iteration)
 Threads    : 46

                  Objective                Residual
Iter       Primal          Dual         Primal    Dual     Compl     Time
   0   1.41980724e+12  2.87261497e+06  7.62e+06 3.10e+02  1.33e+08     7s
   1   9.16714582e+11 -1.62379200e+08  4.09e+06 2.84e+03  8.08e+07     7s
   2   6.83629433e+11 -1.60603183e+08  2.50e+06 1.79e+03  5.15e+07     7s
   3   4.18056697e+11 -8.95322057e+07  7.60e+05 7.00e+02  1.98e+07     8s
   4   3.11858230e+11 -6.56789607e+07  4.11e+05 4.13e+02  1.15e+07     8s
   5   2.54669080e+11 -4.20068198e+07  2.76e+05 2.37e+02  7.11e+06     8s
   6   1.91669826e+11 -3.15013776e+07  1.59e+05 1.57e+02  4.58e+06     8s
   7   1.79599991e+11 -1.98727253e+07  1.42e+05 9.30e+01  3.35e+06     8s
   8   1.13621412e+11 -1.40251899e+07  6.49e+04 7.09e+01  2.00e+06     8s
   9   6.69788310e+10 -7.32997625e+06  2.74e+04 4.21e+01  1.04e+06     8s
  10   3.97824873e+10 -3.92994930e+06  1.31e+04 2.47e+01  5.67e+05     8s
  11   2.06847216e+10 -1.06836660e+06  4.40e+03 1.20e+01  2.52e+05     8s
  12   1.15035896e+10  7.04237461e+05  2.05e+03 5.23e+00  1.16e+05     8s
  13   4.80015854e+09  1.43211878e+06  5.90e+02 2.86e+00  4.74e+04     8s
  14   2.58003396e+09  3.01020894e+06  2.71e+02 1.07e+00  2.13e+04     8s
  15   1.82357906e+09  4.14346033e+06  1.80e+02 5.43e-01  1.34e+04     8s
  16   1.58819131e+09  5.94953937e+06  1.55e+02 2.30e-01  1.04e+04     8s
  17   5.81506324e+08  7.97681775e+06  5.04e+01 8.58e-02  3.65e+03     8s
  18   2.95136018e+08  9.43980582e+06  2.31e+01 4.25e-02  1.78e+03     8s
  19   1.48578134e+08  1.31756961e+07  1.00e+01 1.67e-02  8.15e+02     8s
  20   8.69518896e+07  1.46469879e+07  4.82e+00 1.12e-02  4.29e+02     8s
  21   5.20048276e+07  1.88739764e+07  2.04e+00 5.21e-03  1.93e+02     8s
  22   4.61442092e+07  1.96251371e+07  1.63e+00 3.89e-03  1.54e+02     8s
  23   3.51902574e+07  1.94060101e+07  9.09e-01 2.26e-03  9.12e+01     8s
  24   2.88807881e+07  2.01175766e+07  4.74e-01 1.35e-03  5.05e+01     8s
  25   2.59238933e+07  2.09241617e+07  2.66e-01 3.90e-03  2.87e+01     8s
  26   2.40171617e+07  2.11473266e+07  1.41e-01 2.20e-03  1.64e+01     8s
  27   2.30674314e+07  2.12761723e+07  8.55e-02 1.34e-03  1.02e+01     9s
  28   2.25960242e+07  2.13488264e+07  5.87e-02 9.00e-04  7.12e+00     9s
  29   2.21278986e+07  2.14217354e+07  3.25e-02 5.27e-04  4.03e+00     9s
  30   2.18702018e+07  2.14481767e+07  1.85e-02 4.73e-04  2.40e+00     9s
  31   2.17085674e+07  2.14877406e+07  9.21e-03 3.72e-04  1.26e+00     9s
  32   2.16502124e+07  2.15037986e+07  5.99e-03 3.51e-04  8.31e-01     9s
  33   2.16242040e+07  2.15307073e+07  3.69e-03 3.67e-04  5.27e-01     9s

Barrier performed 33 iterations in 8.74 seconds (7.78 work units)
Barrier solve interrupted - model solved by another algorithm

Concurrent spin time: 0.03s

Solved with primal simplex

Root relaxation: objective 2.156176e+07, 26807 iterations, 2.23 seconds (1.86 work units)
Total elapsed time = 10.15s (DegenMoves)

    Nodes    |    Current Node    |     Objective Bounds      |     Work
 Expl Unexpl |  Obj  Depth IntInf | Incumbent    BestBd   Gap | It/Node Time

     0     0 2.1562e+07    0  432 1.9421e+07 2.1562e+07  11.0%     -   10s
     0     0 2.1550e+07    0  453 1.9421e+07 2.1550e+07  11.0%     -   15s
H    0     0                    2.135145e+07 2.1550e+07  0.93%     -   17s
     0     0 2.1550e+07    0  522 2.1351e+07 2.1550e+07  0.93%     -   17s
     0     0 2.1550e+07    0  539 2.1351e+07 2.1550e+07  0.93%     -   17s
     0     0 2.1550e+07    0  538 2.1351e+07 2.1550e+07  0.93%     -   17s
     0     0 2.1547e+07    0  523 2.1351e+07 2.1547e+07  0.91%     -   20s
     0     0 2.1547e+07    0  527 2.1351e+07 2.1547e+07  0.91%     -   22s
     0     0 2.1547e+07    0  533 2.1351e+07 2.1547e+07  0.91%     -   22s
     0     0 2.1547e+07    0  533 2.1351e+07 2.1547e+07  0.91%     -   22s
     0     0 2.1546e+07    0  539 2.1351e+07 2.1546e+07  0.91%     -   25s
     0     0 2.1546e+07    0  549 2.1351e+07 2.1546e+07  0.91%     -   28s
     0     0 2.1546e+07    0  548 2.1351e+07 2.1546e+07  0.91%     -   28s
     0     0 2.1546e+07    0  547 2.1351e+07 2.1546e+07  0.91%     -   28s
     0     0 2.1546e+07    0  567 2.1351e+07 2.1546e+07  0.91%     -   28s
     0     0 2.1546e+07    0  564 2.1351e+07 2.1546e+07  0.91%     -   29s
     0     0 2.1545e+07    0  565 2.1351e+07 2.1545e+07  0.91%     -   32s
     0     0 2.1545e+07    0  544 2.1351e+07 2.1545e+07  0.91%     -   34s
     0     0 2.1545e+07    0  546 2.1351e+07 2.1545e+07  0.91%     -   34s
     0     0 2.1545e+07    0  545 2.1351e+07 2.1545e+07  0.91%     -   34s
     0     0 2.1544e+07    0  354 2.1351e+07 2.1544e+07  0.90%     -   38s
     0     0 2.1544e+07    0  373 2.1351e+07 2.1544e+07  0.90%     -   40s
     0     0 2.1544e+07    0  379 2.1351e+07 2.1544e+07  0.90%     -   41s
     0     0 2.1544e+07    0  382 2.1351e+07 2.1544e+07  0.90%     -   41s
     0     0 2.1544e+07    0  385 2.1351e+07 2.1544e+07  0.90%     -   41s
     0     0 2.1544e+07    0  368 2.1351e+07 2.1544e+07  0.90%     -   43s
     0     0 2.1544e+07    0  375 2.1351e+07 2.1544e+07  0.90%     -   44s
     0     0 2.1544e+07    0  370 2.1351e+07 2.1544e+07  0.90%     -   44s
     0     0 2.1544e+07    0  372 2.1351e+07 2.1544e+07  0.90%     -   45s
     0     0 2.1544e+07    0  374 2.1351e+07 2.1544e+07  0.90%     -   45s
     0     0 2.1544e+07    0  371 2.1351e+07 2.1544e+07  0.90%     -   47s
     0     0 2.1544e+07    0  373 2.1351e+07 2.1544e+07  0.90%     -   48s
     0     0 2.1544e+07    0  367 2.1351e+07 2.1544e+07  0.90%     -   49s
     0     0 2.1544e+07    0  348 2.1351e+07 2.1544e+07  0.90%     -   51s
     0     0 2.1544e+07    0  340 2.1351e+07 2.1544e+07  0.90%     -   52s
     0     0 2.1544e+07    0  343 2.1351e+07 2.1544e+07  0.90%     -   52s
     0     0 2.1544e+07    0  349 2.1351e+07 2.1544e+07  0.90%     -   52s
     0     0 2.1544e+07    0  346 2.1351e+07 2.1544e+07  0.90%     -   52s
     0     0 2.1544e+07    0  346 2.1351e+07 2.1544e+07  0.90%     -   52s
     0     0 2.1544e+07    0  336 2.1351e+07 2.1544e+07  0.90%     -   54s
H    0     0                    2.135840e+07 2.1544e+07  0.87%     -   56s
     0     0 2.1544e+07    0  333 2.1358e+07 2.1544e+07  0.87%     -   56s
     0     0 2.1544e+07    0  333 2.1358e+07 2.1544e+07  0.87%     -   56s
     0     0 2.1544e+07    0  340 2.1358e+07 2.1544e+07  0.87%     -   56s
     0     0 2.1544e+07    0  321 2.1358e+07 2.1544e+07  0.87%     -   58s
H    0     0                    2.138354e+07 2.1544e+07  0.75%     -   63s
     0     0 2.1544e+07    0  320 2.1384e+07 2.1544e+07  0.75%     -   63s
     0     0 2.1544e+07    0  314 2.1384e+07 2.1544e+07  0.75%     -   64s
     0     0 2.1544e+07    0  321 2.1384e+07 2.1544e+07  0.75%     -   66s
     0     0 2.1544e+07    0  321 2.1384e+07 2.1544e+07  0.75%     -   71s
H    0     0                    2.138807e+07 2.1544e+07  0.73%     -   81s
H    0     0                    2.139984e+07 2.1544e+07  0.67%     -   90s
     0     2 2.1544e+07    0  321 2.1400e+07 2.1544e+07  0.67%     -   92s
    31    64 2.1544e+07    5  336 2.1400e+07 2.1544e+07  0.67%   124   96s
H   89   112                    2.140083e+07 2.1544e+07  0.67%   115   99s
   111   331 2.1544e+07    7  329 2.1401e+07 2.1544e+07  0.67%   118  101s
   669   909 2.1542e+07   16  306 2.1401e+07 2.1544e+07  0.67%  84.7  105s
  1004  1334 2.1541e+07   23  297 2.1401e+07 2.1544e+07  0.67%  80.9  110s
H 1454  1530                    2.140085e+07 2.1544e+07  0.67%  77.6  112s
H 1513  1530                    2.140089e+07 2.1544e+07  0.67%  77.6  112s
H 1519  1530                    2.142256e+07 2.1544e+07  0.56%  77.5  112s
H 1531  1578                    2.142258e+07 2.1544e+07  0.56%  77.4  116s
  2687  3152 2.1536e+07   56  273 2.1423e+07 2.1544e+07  0.56%  63.9  120s
H 3237  3507                    2.144241e+07 2.1544e+07  0.47%  59.1  122s
  4456  4685 2.1535e+07   84  240 2.1442e+07 2.1544e+07  0.47%  53.4  125s
  6714  7092 2.1526e+07  121  230 2.1442e+07 2.1544e+07  0.47%  47.3  130s
  7266  7181 2.1526e+07  128  239 2.1442e+07 2.1544e+07  0.47%  46.0  140s
H 7268  6691                    2.145373e+07 2.1544e+07  0.42%  46.0  140s
H 7278  6619                    2.145579e+07 2.1544e+07  0.41%  46.0  140s
H 7280  6619                    2.145581e+07 2.1544e+07  0.41%  46.0  140s
H 7296  6508                    2.145985e+07 2.1544e+07  0.39%  46.0  140s
  8610  7749 2.1521e+07  159  226 2.1460e+07 2.1543e+07  0.39%  46.8  146s
  8658  7808 2.1521e+07  160  222 2.1460e+07 2.1543e+07  0.39%  46.7  150s
H 8670  7647                    2.146517e+07 2.1543e+07  0.36%  46.8  150s
H 8692  7592                    2.146817e+07 2.1543e+07  0.35%  46.9  150s
  9936  9019 2.1520e+07  187  213 2.1468e+07 2.1543e+07  0.35%  45.9  155s
H10367  9229                    2.146914e+07 2.1543e+07  0.35%  46.3  158s
H10428  8670                    2.147894e+07 2.1543e+07  0.30%  46.4  158s
 11018  9456 2.1517e+07  211  215 2.1479e+07 2.1543e+07  0.30%  46.4  161s
H12346 10501                    2.147944e+07 2.1543e+07  0.30%  45.7  164s
 12393 11162 2.1515e+07  234  201 2.1479e+07 2.1543e+07  0.30%  45.7  165s
 14893 13189 2.1511e+07  282  186 2.1479e+07 2.1543e+07  0.30%  44.2  171s
 17163 15710 2.1509e+07  330  154 2.1479e+07 2.1543e+07  0.30%  42.6  176s
H17952 15698                    2.147951e+07 2.1543e+07  0.30%  42.5  196s
H17952 15487                    2.148026e+07 2.1543e+07  0.29%  42.5  196s
H17952 15465                    2.148042e+07 2.1543e+07  0.29%  42.5  200s
 17953 15466 2.1522e+07  153  321 2.1480e+07 2.1543e+07  0.29%  42.5  221s
H17954 14693                    2.148539e+07 2.1540e+07  0.25%  42.5  334s
 17956 14694 2.1528e+07  109  320 2.1485e+07 2.1540e+07  0.25%  42.5  339s
 17957 14695 2.1490e+07  153  308 2.1485e+07 2.1540e+07  0.25%  42.5  341s
 17961 14697 2.1540e+07   14  323 2.1485e+07 2.1540e+07  0.25%  42.5  345s
H17964 13964                    2.148817e+07 2.1539e+07  0.24%  42.5  383s
H17964 13266                    2.149037e+07 2.1539e+07  0.23%  42.5  383s
H17964 12602                    2.149247e+07 2.1539e+07  0.22%  42.5  383s
H17964 11972                    2.149308e+07 2.1539e+07  0.22%  42.5  383s
 17966 11974 2.1535e+07   65  306 2.1493e+07 2.1539e+07  0.22%  42.5  385s
H17968 11376                    2.149999e+07 2.1539e+07  0.18%  42.5  462s
H17968 10807                    2.150096e+07 2.1539e+07  0.18%  42.5  462s

Cutting planes:
  Learned: 2
  Gomory: 24
  Implied bound: 408
  MIR: 740
  Flow cover: 628
  RLT: 1
  Relax-and-lift: 442

Explored 17968 nodes (866985 simplex iterations) in 462.63 seconds (531.10 work units)
Thread count was 48 (of 192 available processors)

Solution count 10: 2.1501e+07 2.1501e+07 2.15e+07 ... 2.14803e+07

Optimal solution found (tolerance 2.00e-03)
Best objective 2.150096138344e+07, best bound 2.153911391300e+07, gap 0.1774%
Deleted nodefile directory: /scratch-local/lbeemster.22270371/gurobi_maxh2_0.1_sub45.0_run3
Saved model snapshot to study_case_model/figures/technical_experiment/run_26426/maxh2_0.1/sub45.0/run3/model_snapshot.pkl
Finished successfully!
