Gurobi shell based on Python 3.13.1 can be launched with command `gurobi.sh`
Gurobi Python Interface can be loaded in Python 3.13.1 with 'import gurobipy'
/var/spool/slurm/slurmd/job22269295/slurm_script: line 24: activate: No such file or directory
Solving model:, maxh2_0.15, sub30.0, run2
Read LP format model from file /scratch-local/lbeemster.22269295/tmpep1vq29d.pyomo.lp
Reading time = 1.24 seconds
x1: 178177 rows, 50050 columns, 1021312 nonzeros
Set parameter OutputFlag to value 1
Set parameter MIPGap to value 0.002
Set parameter Threads to value 48
Set parameter Presolve to value 1
Set parameter Cuts to value 1
Set parameter NodefileStart to value 1
Set parameter NodefileDir to value "/scratch-local/lbeemster.22269295/gurobi_maxh2_0.15_sub30.0_run2"
Set parameter MemLimit to value 60
Gurobi Optimizer version 12.0.3 build v12.0.3rc0 (linux64 - "Red Hat Enterprise Linux 9.6 (Plow)")

CPU model: AMD EPYC 9654 96-Core Processor, instruction set [SSE2|AVX|AVX2|AVX512]
Thread count: 192 physical cores, 192 logical processors, using up to 48 threads

Non-default parameters:
MemLimit  60
MIPGap  0.002
NodefileStart  1
Cuts  1
Presolve  1
Threads  48

Academic license 2514514 - for non-commercial use only - registered to l.___@student.vu.nl
Optimize a model with 178177 rows, 50050 columns and 1021312 nonzeros
Model fingerprint: 0xa5f1a495
Variable types: 39426 continuous, 10624 integer (10624 binary)
Coefficient statistics:
  Matrix range     [6e-05, 1e+05]
  Objective range  [1e-02, 3e+04]
  Bounds range     [1e+00, 1e+00]
  RHS range        [3e-01, 2e+05]
Presolve removed 37808 rows and 24630 columns
Presolve time: 2.88s
Presolved: 140369 rows, 25420 columns, 908533 nonzeros
Variable types: 19732 continuous, 5688 integer (5688 binary)
Found heuristic solution: objective 1.951927e+07

Deterministic concurrent LP optimizer: primal simplex, dual simplex, and barrier
Showing barrier log only...

Root relaxation presolved: 24981 rows, 165236 columns, 933531 nonzeros

Root barrier log...

Ordering time: 0.05s

Barrier statistics:
 Free vars  : 1920
 AA' NZ     : 5.369e+05
 Factor NZ  : 1.440e+06 (roughly 90 MB of memory)
 Factor Ops : 9.993e+07 (less than 1 second per iteration)
 Threads    : 46

                  Objective                Residual
Iter       Primal          Dual         Primal    Dual     Compl     Time
   0   1.41203412e+12  2.77205179e+06  7.56e+06 3.21e+02  1.35e+08     7s
   1   8.55038484e+11 -1.47983162e+08  3.66e+06 2.89e+03  7.82e+07     7s
   2   5.07918826e+11 -1.26096234e+08  1.31e+06 1.66e+03  3.96e+07     7s
   3   3.22170349e+11 -4.92397280e+07  3.50e+05 6.36e+02  1.48e+07     7s
   4   2.04423849e+11 -2.14295202e+07  9.70e+04 3.01e+02  6.52e+06     7s
   5   1.38829584e+11 -3.39865057e+06  4.68e+04 1.15e+02  2.71e+06     7s
   6   1.05924043e+11  2.22442659e+06  2.99e+04 6.99e+01  1.70e+06     7s
   7   8.06406351e+10  3.76876966e+06  2.00e+04 4.54e+01  1.13e+06     7s
   8   4.94731242e+10  3.39073058e+06  1.04e+04 2.75e+01  6.42e+05     7s
   9   2.66546875e+10  3.01771274e+06  4.46e+03 1.22e+01  2.88e+05     8s
  10   1.57533483e+10  2.51022460e+06  2.28e+03 6.59e+00  1.55e+05     8s
  11   1.29356008e+10  2.13631467e+06  1.80e+03 2.96e+00  1.04e+05     8s
  12   4.21367878e+09  2.25201174e+06  4.96e+02 1.28e+00  3.31e+04     8s
  13   2.27315284e+09  3.90509364e+06  2.42e+02 5.90e-01  1.64e+04     8s
  14   1.93407733e+09  4.62951939e+06  2.02e+02 3.99e-01  1.33e+04     8s
  15   1.07094522e+09  6.60263757e+06  1.04e+02 1.27e-01  6.79e+03     8s
  16   4.84295016e+08  7.88573224e+06  4.38e+01 5.81e-02  2.98e+03     8s
  17   2.23089439e+08  1.06550042e+07  1.77e+01 2.68e-02  1.27e+03     8s
  18   1.35226101e+08  1.42755410e+07  9.78e+00 2.00e-02  7.15e+02     8s
  19   8.90081804e+07  1.62767208e+07  5.62e+00 1.30e-02  4.27e+02     8s
  20   7.87954011e+07  1.64402775e+07  4.77e+00 1.26e-02  3.66e+02     8s
  21   5.23167615e+07  1.88606511e+07  2.48e+00 5.24e-03  1.96e+02     8s
  22   4.09698134e+07  1.95052697e+07  1.53e+00 3.82e-03  1.25e+02     8s
  23   3.07847482e+07  1.98556903e+07  7.35e-01 1.89e-03  6.35e+01     8s
  24   2.61769499e+07  2.02399514e+07  3.64e-01 1.16e-03  3.43e+01     8s
  25   2.48077853e+07  2.06008125e+07  2.65e-01 1.86e-03  2.43e+01     8s
  26   2.34908460e+07  2.06713989e+07  1.69e-01 1.61e-03  1.63e+01     8s
  27   2.26028943e+07  2.08264241e+07  1.06e-01 9.33e-04  1.02e+01     8s

Barrier performed 27 iterations in 8.30 seconds (7.29 work units)
Barrier solve interrupted - model solved by another algorithm

Concurrent spin time: 0.86s (can be avoided by choosing Method=3)

Solved with primal simplex

Root relaxation: objective 2.106799e+07, 29291 iterations, 2.64 seconds (1.82 work units)
Total elapsed time = 10.20s (DegenMoves)

    Nodes    |    Current Node    |     Objective Bounds      |     Work
 Expl Unexpl |  Obj  Depth IntInf | Incumbent    BestBd   Gap | It/Node Time

     0     0 2.1068e+07    0  385 1.9519e+07 2.1068e+07  7.93%     -   11s
     0     0 2.1060e+07    0  461 1.9519e+07 2.1060e+07  7.89%     -   14s
H    0     0                    2.066516e+07 2.1060e+07  1.91%     -   15s
     0     0 2.1057e+07    0  496 2.0665e+07 2.1057e+07  1.89%     -   15s
     0     0 2.1056e+07    0  521 2.0665e+07 2.1056e+07  1.89%     -   16s
     0     0 2.1056e+07    0  520 2.0665e+07 2.1056e+07  1.89%     -   16s
     0     0 2.1056e+07    0  522 2.0665e+07 2.1056e+07  1.89%     -   16s
     0     0 2.1050e+07    0  584 2.0665e+07 2.1050e+07  1.86%     -   19s
     0     0 2.1047e+07    0  628 2.0665e+07 2.1047e+07  1.85%     -   20s
     0     0 2.1047e+07    0  646 2.0665e+07 2.1047e+07  1.85%     -   21s
     0     0 2.1046e+07    0  650 2.0665e+07 2.1046e+07  1.85%     -   21s
     0     0 2.1046e+07    0  655 2.0665e+07 2.1046e+07  1.85%     -   21s
     0     0 2.1046e+07    0  655 2.0665e+07 2.1046e+07  1.85%     -   21s
     0     0 2.1046e+07    0  655 2.0665e+07 2.1046e+07  1.85%     -   22s
     0     0 2.1041e+07    0  607 2.0665e+07 2.1041e+07  1.82%     -   25s
H    0     0                    2.067330e+07 2.1041e+07  1.78%     -   27s
     0     0 2.1040e+07    0  631 2.0673e+07 2.1040e+07  1.78%     -   28s
     0     0 2.1040e+07    0  644 2.0673e+07 2.1040e+07  1.77%     -   28s
     0     0 2.1040e+07    0  654 2.0673e+07 2.1040e+07  1.77%     -   28s
     0     0 2.1040e+07    0  649 2.0673e+07 2.1040e+07  1.77%     -   28s
     0     0 2.1040e+07    0  650 2.0673e+07 2.1040e+07  1.77%     -   29s
     0     0 2.1038e+07    0  606 2.0673e+07 2.1038e+07  1.76%     -   32s
H    0     0                    2.075248e+07 2.1038e+07  1.37%     -   34s
     0     0 2.1037e+07    0  621 2.0752e+07 2.1037e+07  1.37%     -   34s
     0     0 2.1037e+07    0  607 2.0752e+07 2.1037e+07  1.37%     -   35s
     0     0 2.1037e+07    0  626 2.0752e+07 2.1037e+07  1.37%     -   35s
     0     0 2.1037e+07    0  628 2.0752e+07 2.1037e+07  1.37%     -   35s
     0     0 2.1031e+07    0  472 2.0752e+07 2.1031e+07  1.34%     -   38s
H    0     0                    2.084317e+07 2.1031e+07  0.90%     -   40s
     0     0 2.1031e+07    0  477 2.0843e+07 2.1031e+07  0.90%     -   40s
     0     0 2.1031e+07    0  485 2.0843e+07 2.1031e+07  0.90%     -   40s
     0     0 2.1031e+07    0  480 2.0843e+07 2.1031e+07  0.90%     -   40s
     0     0 2.1031e+07    0  481 2.0843e+07 2.1031e+07  0.90%     -   40s
     0     0 2.1029e+07    0  473 2.0843e+07 2.1029e+07  0.89%     -   43s
     0     0 2.1029e+07    0  487 2.0843e+07 2.1029e+07  0.89%     -   47s
     0     0 2.1029e+07    0  488 2.0843e+07 2.1029e+07  0.89%     -   47s
     0     0 2.1029e+07    0  477 2.0843e+07 2.1029e+07  0.89%     -   50s
H    0     0                    2.090311e+07 2.1029e+07  0.60%     -   51s
     0     0 2.1029e+07    0  470 2.0903e+07 2.1029e+07  0.60%     -   51s
     0     0 2.1029e+07    0  469 2.0903e+07 2.1029e+07  0.60%     -   53s
H    0     0                    2.090647e+07 2.1029e+07  0.58%     -   57s
H    0     0                    2.090981e+07 2.1029e+07  0.57%     -   57s
     0     0 2.1029e+07    0  470 2.0910e+07 2.1029e+07  0.57%     -   57s
     0     0 2.1029e+07    0  467 2.0910e+07 2.1029e+07  0.57%     -   59s
     0     0 2.1029e+07    0  467 2.0910e+07 2.1029e+07  0.57%     -   65s
H    0     0                    2.091395e+07 2.1029e+07  0.55%     -   70s
H    0     0                    2.093369e+07 2.1029e+07  0.45%     -   73s
H    0     0                    2.094077e+07 2.1029e+07  0.42%     -   74s
H    0     0                    2.094865e+07 2.1029e+07  0.38%     -   75s
H    0     0                    2.095152e+07 2.1029e+07  0.37%     -   78s
H    0     0                    2.095179e+07 2.1029e+07  0.37%     -   79s
H    0     0                    2.095204e+07 2.1029e+07  0.37%     -   83s
     0     2 2.1029e+07    0  467 2.0952e+07 2.1029e+07  0.37%     -   85s
   346   409 2.1015e+07   11  455 2.0952e+07 2.1023e+07  0.34%   196   90s
H  643   615                    2.095226e+07 2.1020e+07  0.32%   185   95s
  1020   964 2.1004e+07   19  434 2.0952e+07 2.1020e+07  0.32%   182  100s
  1073  1016 2.1002e+07   20  434 2.0952e+07 2.1019e+07  0.32%   180  107s
  1133  1070 2.1001e+07   20  429 2.0952e+07 2.1019e+07  0.32%   178  110s
  1191  1124 2.1001e+07   21  426 2.0952e+07 2.1019e+07  0.32%   176  116s
H 1193  1124                    2.095383e+07 2.1019e+07  0.31%   176  116s
H 1215  1124                    2.095389e+07 2.1019e+07  0.31%   176  116s
H 1226  1124                    2.095791e+07 2.1019e+07  0.29%   176  116s
  1714  1664 2.0996e+07   28  396 2.0958e+07 2.1018e+07  0.29%   175  120s
  2252  2161 2.0994e+07   37  377 2.0958e+07 2.1018e+07  0.29%   160  126s
H 2627  2452                    2.095805e+07 2.1018e+07  0.29%   144  127s
  3114  3069 2.0989e+07   47  339 2.0958e+07 2.1017e+07  0.28%   141  130s
  4412  4357 2.0987e+07   78  292 2.0958e+07 2.1017e+07  0.28%   118  135s
  6126  5919 2.0986e+07  105  264 2.0958e+07 2.1017e+07  0.28%  99.4  140s
H 7569  6371                    2.095908e+07 2.1016e+07  0.27%  90.1  179s
  7570  6339 2.0960e+07  127  467 2.0959e+07 2.1016e+07  0.27%  90.0  185s
H 7571  6023                    2.095949e+07 2.1016e+07  0.27%  90.0  268s
H 7571  5721                    2.095954e+07 2.1016e+07  0.27%  90.0  268s
  7572  5721 2.1002e+07   16  297 2.0960e+07 2.1016e+07  0.27%  90.0  288s
  7573  5722 2.0961e+07  105  401 2.0960e+07 2.1016e+07  0.27%  90.0  294s
  7574  5723 2.0966e+07   29  412 2.0960e+07 2.1016e+07  0.27%  90.0  296s
  7577  5725 2.1005e+07   18  467 2.0960e+07 2.1016e+07  0.27%  90.0  300s
H 7582  5442                    2.096488e+07 2.1016e+07  0.25%  89.9  332s
  7584  5443 2.0998e+07   36  432 2.0965e+07 2.1016e+07  0.25%  89.9  335s
H 7585  5171                    2.096536e+07 2.1016e+07  0.24%  89.9  469s
H 7585  4912                    2.096564e+07 2.1016e+07  0.24%  89.9  469s
H 7585  4667                    2.096986e+07 2.1016e+07  0.22%  89.9  469s
H 7585  4433                    2.097173e+07 2.1016e+07  0.21%  89.9  469s
H 7585  4211                    2.097195e+07 2.1016e+07  0.21%  89.9  469s
H 7585  4000                    2.097369e+07 2.1016e+07  0.20%  89.9  469s
H 7585  3800                    2.097391e+07 2.1016e+07  0.20%  89.9  469s
H 7585  3610                    2.097461e+07 2.1016e+07  0.20%  89.9  469s
H 7585  3429                    2.097545e+07 2.1016e+07  0.19%  89.9  469s
H 7585  3257                    2.097567e+07 2.1016e+07  0.19%  89.9  469s

Cutting planes:
  Gomory: 22
  Cover: 20
  Implied bound: 438
  MIR: 876
  Flow cover: 1066
  RLT: 7
  Relax-and-lift: 783

Explored 7585 nodes (790811 simplex iterations) in 470.00 seconds (487.87 work units)
Thread count was 48 (of 192 available processors)

Solution count 10: 2.09757e+07 2.09757e+07 2.09755e+07 ... 2.09656e+07

Optimal solution found (tolerance 2.00e-03)
Best objective 2.097567059449e+07, best bound 2.101631335041e+07, gap 0.1938%
Deleted nodefile directory: /scratch-local/lbeemster.22269295/gurobi_maxh2_0.15_sub30.0_run2
Saved model snapshot to study_case_model/figures/technical_experiment/run_26426/maxh2_0.15/sub30.0/run2/model_snapshot.pkl
Finished successfully!
