Gurobi shell based on Python 3.13.1 can be launched with command `gurobi.sh`
Gurobi Python Interface can be loaded in Python 3.13.1 with 'import gurobipy'
/var/spool/slurm/slurmd/job22268273/slurm_script: line 24: activate: No such file or directory
Solving model:, maxh2_0.0, sub70.0, run0
Read LP format model from file /scratch-local/lbeemster.22268273/tmp6c3qi0as.pyomo.lp
Reading time = 0.82 seconds
x1: 178177 rows, 50050 columns, 1017984 nonzeros
Set parameter OutputFlag to value 1
Set parameter MIPGap to value 0.002
Set parameter Threads to value 48
Set parameter Presolve to value 1
Set parameter Cuts to value 1
Set parameter NodefileStart to value 1
Set parameter NodefileDir to value "/scratch-local/lbeemster.22268273/gurobi_maxh2_0.0_sub70.0_run0"
Set parameter MemLimit to value 60
Gurobi Optimizer version 12.0.3 build v12.0.3rc0 (linux64 - "Red Hat Enterprise Linux 9.6 (Plow)")

CPU model: AMD EPYC 9654 96-Core Processor, instruction set [SSE2|AVX|AVX2|AVX512]
Thread count: 192 physical cores, 192 logical processors, using up to 48 threads

Non-default parameters:
MemLimit  60
MIPGap  0.002
NodefileStart  1
Cuts  1
Presolve  1
Threads  48

Academic license 2514514 - for non-commercial use only - registered to l.___@student.vu.nl
Optimize a model with 178177 rows, 50050 columns and 1017984 nonzeros
Model fingerprint: 0x4e9f22f2
Variable types: 39426 continuous, 10624 integer (10624 binary)
Coefficient statistics:
  Matrix range     [6e-05, 1e+05]
  Objective range  [2e+00, 3e+04]
  Bounds range     [1e+00, 1e+00]
  RHS range        [3e-01, 2e+05]
Presolve removed 39905 rows and 28311 columns
Presolve time: 2.36s
Presolved: 138272 rows, 21739 columns, 763563 nonzeros
Variable types: 16275 continuous, 5464 integer (5464 binary)

Deterministic concurrent LP optimizer: primal simplex, dual simplex, and barrier
Showing barrier log only...

Root relaxation presolved: 20542 rows, 158742 columns, 784150 nonzeros

Root barrier log...

Ordering time: 0.04s

Barrier statistics:
 Free vars  : 1664
 AA' NZ     : 4.311e+05
 Factor NZ  : 9.670e+05 (roughly 80 MB of memory)
 Factor Ops : 5.512e+07 (less than 1 second per iteration)
 Threads    : 45

                  Objective                Residual
Iter       Primal          Dual         Primal    Dual     Compl     Time
   0   1.41154761e+12  3.72017465e+06  7.91e+06 4.01e+02  1.50e+08     4s
   1   9.88392280e+11 -2.02775764e+08  4.66e+06 3.00e+03  9.16e+07     4s
   2   7.89066643e+11 -2.23813987e+08  3.23e+06 2.19e+03  6.60e+07     4s
   3   5.30301456e+11 -1.67811699e+08  1.29e+06 1.17e+03  3.27e+07     4s
   4   3.99175349e+11 -1.24645983e+08  6.21e+05 7.12e+02  1.87e+07     4s
   5   3.07393059e+11 -8.94499627e+07  3.48e+05 4.74e+02  1.19e+07     4s
   6   2.08759977e+11 -5.59208979e+07  1.48e+05 2.70e+02  6.34e+06     4s
   7   1.54691824e+11 -3.84159770e+07  8.26e+04 1.79e+02  4.04e+06     4s
   8   1.11103077e+11 -2.08241039e+07  4.50e+04 9.55e+01  2.23e+06     4s
   9   8.44017903e+10 -1.14560384e+07  2.87e+04 5.46e+01  1.36e+06     4s
  10   5.91546909e+10 -7.02142232e+06  1.68e+04 3.54e+01  8.50e+05     4s
  11   3.46717075e+10 -2.46442020e+06  8.09e+03 1.61e+01  4.04e+05     4s
  12   1.58837142e+10  1.37227186e+05  2.69e+03 6.92e+00  1.59e+05     4s
  13   7.21222877e+09  1.40282129e+06  9.58e+02 3.17e+00  6.56e+04     4s
  14   2.80538319e+09  2.27869789e+06  2.94e+02 1.33e+00  2.39e+04     5s
  15   1.87156892e+09  3.92765962e+06  1.84e+02 6.64e-01  1.45e+04     5s
  16   8.88493057e+08  6.14502527e+06  7.53e+01 2.41e-01  6.24e+03     5s
  17   4.09134553e+08  8.12321120e+06  3.13e+01 1.16e-01  2.74e+03     5s
  18   1.86034408e+08  1.08478489e+07  1.19e+01 4.39e-02  1.15e+03     5s
  19   1.57115395e+08  1.23569795e+07  9.84e+00 2.95e-02  9.31e+02     5s
  20   9.16332135e+07  1.52268057e+07  4.66e+00 1.43e-02  4.79e+02     5s
  21   6.00636496e+07  1.77057406e+07  2.48e+00 7.61e-03  2.62e+02     5s
  22   4.08764307e+07  1.88953085e+07  1.20e+00 4.67e-03  1.35e+02     5s

Barrier performed 22 iterations in 4.80 seconds (4.38 work units)
Barrier solve interrupted - model solved by another algorithm

Concurrent spin time: 0.30s (can be avoided by choosing Method=3)

Solved with primal simplex

Root relaxation: objective 2.090276e+07, 20714 iterations, 1.68 seconds (1.38 work units)
Total elapsed time = 5.48s (DegenMoves)

    Nodes    |    Current Node    |     Objective Bounds      |     Work
 Expl Unexpl |  Obj  Depth IntInf | Incumbent    BestBd   Gap | It/Node Time

     0     0 2.0903e+07    0  385          - 2.0903e+07      -     -    6s
H    0     0                    2.050446e+07 2.0903e+07  1.94%     -    8s
     0     0 2.0891e+07    0  433 2.0504e+07 2.0891e+07  1.89%     -   11s
H    0     0                    2.062877e+07 2.0891e+07  1.27%     -   12s
H    0     0                    2.066187e+07 2.0890e+07  1.10%     -   12s
     0     0 2.0890e+07    0  469 2.0662e+07 2.0890e+07  1.10%     -   13s
     0     0 2.0890e+07    0  483 2.0662e+07 2.0890e+07  1.10%     -   13s
     0     0 2.0890e+07    0  486 2.0662e+07 2.0890e+07  1.10%     -   13s
     0     0 2.0888e+07    0  495 2.0662e+07 2.0888e+07  1.09%     -   16s
     0     0 2.0888e+07    0  529 2.0662e+07 2.0888e+07  1.09%     -   18s
     0     0 2.0888e+07    0  541 2.0662e+07 2.0888e+07  1.09%     -   19s
     0     0 2.0888e+07    0  541 2.0662e+07 2.0888e+07  1.09%     -   19s
     0     0 2.0888e+07    0  541 2.0662e+07 2.0888e+07  1.09%     -   19s
     0     0 2.0887e+07    0  515 2.0662e+07 2.0887e+07  1.09%     -   22s
H    0     0                    2.069688e+07 2.0887e+07  0.92%     -   24s
     0     0 2.0887e+07    0  522 2.0697e+07 2.0887e+07  0.92%     -   24s
     0     0 2.0887e+07    0  536 2.0697e+07 2.0887e+07  0.92%     -   24s
     0     0 2.0887e+07    0  530 2.0697e+07 2.0887e+07  0.92%     -   24s
     0     0 2.0887e+07    0  508 2.0697e+07 2.0887e+07  0.92%     -   27s
     0     0 2.0887e+07    0  517 2.0697e+07 2.0887e+07  0.92%     -   28s
     0     0 2.0887e+07    0  520 2.0697e+07 2.0887e+07  0.92%     -   28s
     0     0 2.0887e+07    0  523 2.0697e+07 2.0887e+07  0.92%     -   29s
     0     0 2.0887e+07    0  393 2.0697e+07 2.0887e+07  0.92%     -   32s
H    0     0                    2.072545e+07 2.0887e+07  0.78%     -   33s
     0     0 2.0887e+07    0  369 2.0725e+07 2.0887e+07  0.78%     -   33s
     0     0 2.0887e+07    0  369 2.0725e+07 2.0887e+07  0.78%     -   33s
     0     0 2.0887e+07    0  348 2.0725e+07 2.0887e+07  0.78%     -   35s
H    0     0                    2.072590e+07 2.0887e+07  0.78%     -   38s
     0     0 2.0887e+07    0  347 2.0726e+07 2.0887e+07  0.78%     -   38s
     0     0 2.0887e+07    0  345 2.0726e+07 2.0887e+07  0.78%     -   38s
     0     0 2.0886e+07    0  338 2.0726e+07 2.0886e+07  0.77%     -   40s
H    0     0                    2.072727e+07 2.0886e+07  0.77%     -   41s
     0     0 2.0886e+07    0  335 2.0727e+07 2.0886e+07  0.77%     -   42s
     0     0 2.0886e+07    0  333 2.0727e+07 2.0886e+07  0.77%     -   42s
     0     0 2.0886e+07    0  334 2.0727e+07 2.0886e+07  0.77%     -   42s
H    0     0                    2.076174e+07 2.0886e+07  0.60%     -   44s
     0     0 2.0886e+07    0  330 2.0762e+07 2.0886e+07  0.60%     -   44s
     0     0 2.0886e+07    0  330 2.0762e+07 2.0886e+07  0.60%     -   45s
     0     0 2.0886e+07    0  330 2.0762e+07 2.0886e+07  0.60%     -   45s
     0     0 2.0886e+07    0  320 2.0762e+07 2.0886e+07  0.60%     -   47s
     0     0 2.0886e+07    0  319 2.0762e+07 2.0886e+07  0.60%     -   52s
H    0     0                    2.081539e+07 2.0886e+07  0.34%     -   68s
H    0     0                    2.081697e+07 2.0886e+07  0.33%     -   69s
H    0     0                    2.083941e+07 2.0886e+07  0.23%     -   70s
H    0     0                    2.084303e+07 2.0886e+07  0.21%     -   71s
H    0     0                    2.084577e+07 2.0886e+07  0.20%     -   72s

Cutting planes:
  Learned: 3
  Gomory: 39
  Cover: 35
  Implied bound: 3016
  MIR: 743
  Flow cover: 1045
  RLT: 5
  Relax-and-lift: 268

Explored 1 nodes (39230 simplex iterations) in 72.76 seconds (82.51 work units)
Thread count was 48 (of 192 available processors)

Solution count 10: 2.08458e+07 2.0843e+07 2.08394e+07 ... 2.06969e+07

Optimal solution found (tolerance 2.00e-03)
Best objective 2.084576956884e+07, best bound 2.088642851539e+07, gap 0.1950%
Deleted nodefile directory: /scratch-local/lbeemster.22268273/gurobi_maxh2_0.0_sub70.0_run0
Saved model snapshot to study_case_model/figures/technical_experiment/run_26426/maxh2_0.0/sub70.0/run0/model_snapshot.pkl
Finished successfully!
