Gurobi shell based on Python 3.13.1 can be launched with command `gurobi.sh`
Gurobi Python Interface can be loaded in Python 3.13.1 with 'import gurobipy'
/var/spool/slurm/slurmd/job22268500/slurm_script: line 24: activate: No such file or directory
Solving model:, maxh2_0.04, sub30.0, run1
Read LP format model from file /scratch-local/lbeemster.22268500/tmpo_cxpgf3.pyomo.lp
Reading time = 1.57 seconds
x1: 178177 rows, 50050 columns, 1021312 nonzeros
Set parameter OutputFlag to value 1
Set parameter MIPGap to value 0.002
Set parameter Threads to value 48
Set parameter Presolve to value 1
Set parameter Cuts to value 1
Set parameter NodefileStart to value 1
Set parameter NodefileDir to value "/scratch-local/lbeemster.22268500/gurobi_maxh2_0.04_sub30.0_run1"
Set parameter MemLimit to value 60
Gurobi Optimizer version 12.0.3 build v12.0.3rc0 (linux64 - "Red Hat Enterprise Linux 9.6 (Plow)")

CPU model: AMD EPYC 9654 96-Core Processor, instruction set [SSE2|AVX|AVX2|AVX512]
Thread count: 192 physical cores, 192 logical processors, using up to 48 threads

Non-default parameters:
MemLimit  60
MIPGap  0.002
NodefileStart  1
Cuts  1
Presolve  1
Threads  48

Academic license 2514514 - for non-commercial use only - registered to l.___@student.vu.nl
Optimize a model with 178177 rows, 50050 columns and 1021312 nonzeros
Model fingerprint: 0x05b3c877
Variable types: 39426 continuous, 10624 integer (10624 binary)
Coefficient statistics:
  Matrix range     [6e-05, 1e+05]
  Objective range  [2e+00, 3e+04]
  Bounds range     [1e+00, 1e+00]
  RHS range        [3e-01, 2e+05]
Presolve removed 38713 rows and 24950 columns
Presolve time: 2.96s
Presolved: 139464 rows, 25100 columns, 915293 nonzeros
Variable types: 19492 continuous, 5608 integer (5608 binary)
Found heuristic solution: objective 1.998721e+07
Found heuristic solution: objective 2.015950e+07

Deterministic concurrent LP optimizer: primal simplex, dual simplex, and barrier
Showing barrier log only...

Root relaxation presolved: 24414 rows, 163852 columns, 939776 nonzeros

Root barrier log...

Ordering time: 0.04s

Barrier statistics:
 Free vars  : 1920
 AA' NZ     : 5.293e+05
 Factor NZ  : 1.397e+06 (roughly 90 MB of memory)
 Factor Ops : 9.574e+07 (less than 1 second per iteration)
 Threads    : 46

                  Objective                Residual
Iter       Primal          Dual         Primal    Dual     Compl     Time
   0   1.40556793e+12  3.46165082e+06  7.53e+06 3.17e+02  1.33e+08     7s
   1   9.60253143e+11 -1.63546290e+08  4.41e+06 2.80e+03  8.31e+07     7s
   2   7.28603514e+11 -1.57086810e+08  2.84e+06 1.76e+03  5.33e+07     7s
   3   5.05802270e+11 -1.35079358e+08  1.41e+06 1.11e+03  3.16e+07     8s
   4   4.33412581e+11 -1.11736404e+08  1.04e+06 8.09e+02  2.33e+07     8s
   5   3.84885769e+11 -9.79132460e+07  8.32e+05 6.31e+02  1.84e+07     8s
   6   3.11597080e+11 -8.19577563e+07  5.64e+05 4.53e+02  1.30e+07     8s
   7   2.26118124e+11 -6.20651777e+07  3.07e+05 2.83e+02  7.61e+06     8s
   8   1.48376443e+11 -4.11430807e+07  1.36e+05 1.57e+02  3.96e+06     8s
   9   8.83585260e+10 -1.82982189e+07  5.40e+04 7.67e+01  1.82e+06     8s
  10   6.26245210e+10 -8.02601483e+06  3.09e+04 4.70e+01  1.09e+06     8s
  11   4.37869299e+10 -3.66684681e+06  1.83e+04 2.60e+01  6.41e+05     8s
  12   2.50584285e+10 -1.42237910e+06  7.87e+03 1.76e+01  3.58e+05     8s
  13   1.32461849e+10  8.37367392e+05  3.15e+03 6.64e+00  1.48e+05     8s
  14   5.34597575e+09  1.33010511e+06  8.05e+02 4.50e+00  6.60e+04     8s
  15   3.47456170e+09  3.04121368e+06  4.54e+02 1.48e+00  3.10e+04     8s
  16   1.92798049e+09  4.44784769e+06  2.19e+02 7.68e-01  1.59e+04     8s
  17   1.53694395e+09  6.66873694e+06  1.68e+02 4.73e-01  1.14e+04     8s
  18   1.15042484e+09  8.96485097e+06  1.20e+02 1.70e-01  7.55e+03     8s
  19   4.25419911e+08  1.02619781e+07  3.89e+01 8.99e-02  2.73e+03     8s
  20   1.97736717e+08  1.23586839e+07  1.55e+01 3.92e-02  1.18e+03     8s
  21   1.33690187e+08  1.57053540e+07  9.75e+00 1.70e-02  7.27e+02     8s
  22   1.08632835e+08  1.73457933e+07  7.45e+00 1.14e-02  5.56e+02     8s
  23   6.30365980e+07  1.92758640e+07  3.31e+00 5.59e-03  2.62e+02     8s
  24   4.70044839e+07  1.94820380e+07  2.01e+00 3.82e-03  1.64e+02     9s
  25   3.02175848e+07  2.02132497e+07  6.70e-01 2.54e-03  5.88e+01     9s
  26   2.71301360e+07  2.06233589e+07  4.22e-01 2.34e-03  3.81e+01     9s
  27   2.46963452e+07  2.09397639e+07  2.41e-01 2.27e-03  2.19e+01     9s
  28   2.34884971e+07  2.10822804e+07  1.52e-01 1.45e-03  1.40e+01     9s
  29   2.25841312e+07  2.11748344e+07  8.55e-02 1.31e-03  8.20e+00     9s
  30   2.20994211e+07  2.12318913e+07  5.06e-02 8.89e-04  5.03e+00     9s
  31   2.17575895e+07  2.12803015e+07  2.67e-02 3.99e-04  2.76e+00     9s
  32   2.16074103e+07  2.13072903e+07  1.64e-02 3.90e-04  1.74e+00     9s
  33   2.15027764e+07  2.13299717e+07  8.63e-03 3.68e-04  9.95e-01     9s
  34   2.14696955e+07  2.13538668e+07  5.49e-03 3.13e-04  6.64e-01     9s
  35   2.14482327e+07  2.13805320e+07  3.21e-03 3.48e-04  3.86e-01     9s

Barrier performed 35 iterations in 8.95 seconds (7.90 work units)
Barrier solve interrupted - model solved by another algorithm

Concurrent spin time: 0.63s (can be avoided by choosing Method=3)

Solved with primal simplex

Root relaxation: objective 2.140152e+07, 32780 iterations, 3.00 seconds (2.06 work units)
Total elapsed time = 10.28s (DegenMoves)

    Nodes    |    Current Node    |     Objective Bounds      |     Work
 Expl Unexpl |  Obj  Depth IntInf | Incumbent    BestBd   Gap | It/Node Time

     0     0 2.1402e+07    0  318 2.0160e+07 2.1402e+07  6.16%     -   12s
     0     0 2.1390e+07    0  363 2.0160e+07 2.1390e+07  6.10%     -   14s
H    0     0                    2.124998e+07 2.1390e+07  0.66%     -   16s
     0     0 2.1389e+07    0  432 2.1250e+07 2.1389e+07  0.65%     -   16s
     0     0 2.1389e+07    0  444 2.1250e+07 2.1389e+07  0.65%     -   16s
     0     0 2.1389e+07    0  446 2.1250e+07 2.1389e+07  0.65%     -   16s
     0     0 2.1389e+07    0  446 2.1250e+07 2.1389e+07  0.65%     -   17s
     0     0 2.1388e+07    0  457 2.1250e+07 2.1388e+07  0.65%     -   19s
     0     0 2.1388e+07    0  475 2.1250e+07 2.1388e+07  0.65%     -   20s
     0     0 2.1388e+07    0  485 2.1250e+07 2.1388e+07  0.65%     -   21s
     0     0 2.1388e+07    0  484 2.1250e+07 2.1388e+07  0.65%     -   21s
     0     0 2.1388e+07    0  498 2.1250e+07 2.1388e+07  0.65%     -   24s
     0     0 2.1388e+07    0  520 2.1250e+07 2.1388e+07  0.65%     -   26s
     0     0 2.1388e+07    0  517 2.1250e+07 2.1388e+07  0.65%     -   27s
     0     0 2.1388e+07    0  518 2.1250e+07 2.1388e+07  0.65%     -   27s
     0     0 2.1388e+07    0  492 2.1250e+07 2.1388e+07  0.65%     -   30s
     0     0 2.1387e+07    0  497 2.1250e+07 2.1387e+07  0.65%     -   31s
     0     0 2.1387e+07    0  508 2.1250e+07 2.1387e+07  0.65%     -   31s
     0     0 2.1387e+07    0  501 2.1250e+07 2.1387e+07  0.65%     -   31s
     0     0 2.1387e+07    0  383 2.1250e+07 2.1387e+07  0.65%     -   34s
H    0     0                    2.125496e+07 2.1387e+07  0.62%     -   36s
     0     0 2.1387e+07    0  393 2.1255e+07 2.1387e+07  0.62%     -   37s
     0     0 2.1387e+07    0  388 2.1255e+07 2.1387e+07  0.62%     -   37s
     0     0 2.1387e+07    0  378 2.1255e+07 2.1387e+07  0.62%     -   39s
H    0     0                    2.125697e+07 2.1387e+07  0.61%     -   42s
     0     0 2.1387e+07    0  388 2.1257e+07 2.1387e+07  0.61%     -   42s
     0     0 2.1387e+07    0  384 2.1257e+07 2.1387e+07  0.61%     -   42s
     0     0 2.1387e+07    0  378 2.1257e+07 2.1387e+07  0.61%     -   44s
H    0     0                    2.126917e+07 2.1387e+07  0.56%     -   46s
     0     0 2.1387e+07    0  385 2.1269e+07 2.1387e+07  0.56%     -   46s
     0     0 2.1387e+07    0  392 2.1269e+07 2.1387e+07  0.56%     -   46s
     0     0 2.1387e+07    0  379 2.1269e+07 2.1387e+07  0.56%     -   49s
     0     0 2.1387e+07    0  379 2.1269e+07 2.1387e+07  0.56%     -   53s
H    0     0                    2.131455e+07 2.1387e+07  0.34%     -   55s
H    0     0                    2.131834e+07 2.1387e+07  0.32%     -   61s
H    0     0                    2.132668e+07 2.1387e+07  0.28%     -   62s
H    0     0                    2.133877e+07 2.1387e+07  0.23%     -   63s
H    0     0                    2.134102e+07 2.1387e+07  0.22%     -   64s
H    0     0                    2.134824e+07 2.1387e+07  0.18%     -   65s

Cutting planes:
  Learned: 2
  Gomory: 25
  Cover: 57
  Implied bound: 1964
  MIR: 554
  Flow cover: 857
  RLT: 2
  Relax-and-lift: 199

Explored 1 nodes (48366 simplex iterations) in 65.75 seconds (66.43 work units)
Thread count was 48 (of 192 available processors)

Solution count 10: 2.13482e+07 2.1341e+07 2.13388e+07 ... 2.125e+07

Optimal solution found (tolerance 2.00e-03)
Best objective 2.134823680140e+07, best bound 2.138724404083e+07, gap 0.1827%
Deleted nodefile directory: /scratch-local/lbeemster.22268500/gurobi_maxh2_0.04_sub30.0_run1
Saved model snapshot to study_case_model/figures/technical_experiment/run_26426/maxh2_0.04/sub30.0/run1/model_snapshot.pkl
Finished successfully!
