Gurobi shell based on Python 3.13.1 can be launched with command `gurobi.sh`
Gurobi Python Interface can be loaded in Python 3.13.1 with 'import gurobipy'
/var/spool/slurm/slurmd/job22268865/slurm_script: line 24: activate: No such file or directory
Solving model:, maxh2_0.19, sub70.0, run1
Read LP format model from file /scratch-local/lbeemster.22268865/tmpf19e1yps.pyomo.lp
Reading time = 2.17 seconds
x1: 178177 rows, 50050 columns, 1021312 nonzeros
Set parameter OutputFlag to value 1
Set parameter MIPGap to value 0.002
Set parameter Threads to value 48
Set parameter Presolve to value 1
Set parameter Cuts to value 1
Set parameter NodefileStart to value 1
Set parameter NodefileDir to value "/scratch-local/lbeemster.22268865/gurobi_maxh2_0.19_sub70.0_run1"
Set parameter MemLimit to value 60
Gurobi Optimizer version 12.0.3 build v12.0.3rc0 (linux64 - "Red Hat Enterprise Linux 9.6 (Plow)")

CPU model: AMD EPYC 9654 96-Core Processor, instruction set [SSE2|AVX|AVX2|AVX512]
Thread count: 192 physical cores, 192 logical processors, using up to 48 threads

Non-default parameters:
MemLimit  60
MIPGap  0.002
NodefileStart  1
Cuts  1
Presolve  1
Threads  48

Academic license 2514514 - for non-commercial use only - registered to l.___@student.vu.nl
Optimize a model with 178177 rows, 50050 columns and 1021312 nonzeros
Model fingerprint: 0x6f7efc42
Variable types: 39426 continuous, 10624 integer (10624 binary)
Coefficient statistics:
  Matrix range     [6e-05, 1e+05]
  Objective range  [2e+00, 3e+04]
  Bounds range     [1e+00, 1e+00]
  RHS range        [3e-01, 2e+05]
Presolve removed 38177 rows and 24886 columns
Presolve time: 3.02s
Presolved: 140000 rows, 25164 columns, 907971 nonzeros
Variable types: 19540 continuous, 5624 integer (5624 binary)
Found heuristic solution: objective 2.013857e+07

Deterministic concurrent LP optimizer: primal simplex, dual simplex, and barrier
Showing barrier log only...

Root relaxation presolved: 24433 rows, 164361 columns, 932454 nonzeros

Root barrier log...

Ordering time: 0.04s

Barrier statistics:
 Free vars  : 1920
 AA' NZ     : 5.311e+05
 Factor NZ  : 1.385e+06 (roughly 90 MB of memory)
 Factor Ops : 9.455e+07 (less than 1 second per iteration)
 Threads    : 46

                  Objective                Residual
Iter       Primal          Dual         Primal    Dual     Compl     Time
   0   1.42913986e+12  3.02776459e+06  7.64e+06 3.17e+02  1.36e+08     6s
   1   9.70534806e+11 -1.92842933e+08  4.42e+06 2.84e+03  8.46e+07     6s
   2   7.01454574e+11 -2.19669341e+08  2.60e+06 1.82e+03  5.29e+07     6s
   3   4.28284358e+11 -1.45820949e+08  7.68e+05 9.11e+02  2.36e+07     7s
   4   3.22844863e+11 -1.06653938e+08  3.96e+05 5.27e+02  1.34e+07     7s
   5   2.63504423e+11 -8.50976310e+07  2.63e+05 3.66e+02  9.31e+06     7s
   6   1.93270328e+11 -5.93041789e+07  1.50e+05 2.14e+02  5.41e+06     7s
   7   1.27645347e+11 -3.78079446e+07  7.15e+04 1.17e+02  2.85e+06     7s
   8   1.06188563e+11 -2.24824644e+07  5.18e+04 6.47e+01  1.81e+06     7s
   9   6.52153772e+10 -1.56493529e+07  2.31e+04 4.49e+01  1.06e+06     7s
  10   4.40414264e+10 -7.34020190e+06  1.34e+04 2.31e+01  5.85e+05     7s
  11   2.22484440e+10 -2.40632415e+06  4.91e+03 1.09e+01  2.56e+05     7s
  12   1.18202746e+10  1.08515182e+05  2.07e+03 4.78e+00  1.17e+05     7s
  13   4.67838154e+09  1.23588959e+06  5.54e+02 2.55e+00  4.60e+04     7s
  14   2.99696228e+09  2.87852781e+06  3.11e+02 1.50e+00  2.71e+04     7s
  15   2.04767360e+09  4.06308687e+06  1.95e+02 8.56e-01  1.69e+04     7s
  16   1.69531522e+09  5.97819236e+06  1.56e+02 5.57e-01  1.27e+04     7s
  17   1.10470658e+09  8.04649817e+06  9.46e+01 2.70e-01  7.64e+03     7s
  18   8.34827174e+08  9.39728291e+06  6.93e+01 1.70e-01  5.53e+03     7s
  19   4.07121101e+08  1.12689386e+07  2.99e+01 6.56e-02  2.51e+03     7s
  20   1.64607868e+08  1.33998612e+07  1.02e+01 3.11e-02  9.39e+02     7s
  21   8.87823935e+07  1.60988790e+07  4.22e+00 1.65e-02  4.38e+02     7s
  22   5.29998680e+07  1.96673283e+07  1.76e+00 6.62e-03  1.96e+02     7s
  23   4.09307100e+07  1.92828235e+07  1.07e+00 4.90e-03  1.27e+02     7s
  24   3.67506816e+07  2.01641303e+07  8.31e-01 2.79e-03  9.65e+01     7s
  25   3.11419821e+07  2.06424023e+07  5.23e-01 3.57e-03  6.08e+01     7s
  26   2.74496944e+07  2.09515885e+07  3.08e-01 1.90e-03  3.75e+01     7s
  27   2.45756278e+07  2.11653287e+07  1.52e-01 1.40e-03  1.96e+01     8s
  28   2.34220451e+07  2.12847156e+07  8.88e-02 9.40e-04  1.23e+01     8s
  29   2.27748577e+07  2.13912529e+07  5.66e-02 8.46e-04  7.93e+00     8s
  30   2.24248107e+07  2.14437164e+07  3.96e-02 6.45e-04  5.62e+00     8s

Barrier performed 30 iterations in 7.68 seconds (6.71 work units)
Barrier solve interrupted - model solved by another algorithm

Concurrent spin time: 0.04s

Solved with primal simplex

Root relaxation: objective 2.161118e+07, 29711 iterations, 2.25 seconds (1.82 work units)

    Nodes    |    Current Node    |     Objective Bounds      |     Work
 Expl Unexpl |  Obj  Depth IntInf | Incumbent    BestBd   Gap | It/Node Time

     0     0 2.1611e+07    0  436 2.0139e+07 2.1611e+07  7.31%     -    9s
     0     0 2.1607e+07    0  566 2.0139e+07 2.1607e+07  7.29%     -   13s
H    0     0                    2.133957e+07 2.1607e+07  1.25%     -   14s
     0     0 2.1596e+07    0  617 2.1340e+07 2.1596e+07  1.20%     -   15s
     0     0 2.1596e+07    0  636 2.1340e+07 2.1596e+07  1.20%     -   15s
     0     0 2.1596e+07    0  638 2.1340e+07 2.1596e+07  1.20%     -   15s
     0     0 2.1596e+07    0  638 2.1340e+07 2.1596e+07  1.20%     -   15s
     0     0 2.1595e+07    0  633 2.1340e+07 2.1595e+07  1.20%     -   18s
     0     0 2.1594e+07    0  684 2.1340e+07 2.1594e+07  1.19%     -   20s
     0     0 2.1594e+07    0  693 2.1340e+07 2.1594e+07  1.19%     -   20s
     0     0 2.1594e+07    0  698 2.1340e+07 2.1594e+07  1.19%     -   20s
     0     0 2.1592e+07    0  718 2.1340e+07 2.1592e+07  1.18%     -   25s
H    0     0                    2.147567e+07 2.1592e+07  0.54%     -   26s
     0     0 2.1591e+07    0  765 2.1476e+07 2.1591e+07  0.54%     -   27s
     0     0 2.1591e+07    0  774 2.1476e+07 2.1591e+07  0.54%     -   27s
     0     0 2.1591e+07    0  784 2.1476e+07 2.1591e+07  0.54%     -   27s
     0     0 2.1591e+07    0  792 2.1476e+07 2.1591e+07  0.54%     -   28s
     0     0 2.1591e+07    0  798 2.1476e+07 2.1591e+07  0.54%     -   28s
     0     0 2.1589e+07    0  753 2.1476e+07 2.1589e+07  0.53%     -   33s
     0     0 2.1588e+07    0  755 2.1476e+07 2.1588e+07  0.53%     -   35s
     0     0 2.1588e+07    0  774 2.1476e+07 2.1588e+07  0.52%     -   36s
     0     0 2.1588e+07    0  787 2.1476e+07 2.1588e+07  0.52%     -   36s
     0     0 2.1588e+07    0  790 2.1476e+07 2.1588e+07  0.52%     -   36s
     0     0 2.1587e+07    0  601 2.1476e+07 2.1587e+07  0.52%     -   41s
     0     0 2.1587e+07    0  582 2.1476e+07 2.1587e+07  0.52%     -   42s
     0     0 2.1587e+07    0  593 2.1476e+07 2.1587e+07  0.52%     -   43s
     0     0 2.1587e+07    0  599 2.1476e+07 2.1587e+07  0.52%     -   43s
     0     0 2.1587e+07    0  575 2.1476e+07 2.1587e+07  0.52%     -   46s
     0     0 2.1587e+07    0  560 2.1476e+07 2.1587e+07  0.52%     -   48s
     0     0 2.1587e+07    0  552 2.1476e+07 2.1587e+07  0.52%     -   49s
     0     0 2.1587e+07    0  561 2.1476e+07 2.1587e+07  0.52%     -   49s
     0     0 2.1587e+07    0  554 2.1476e+07 2.1587e+07  0.52%     -   51s
     0     0 2.1587e+07    0  555 2.1476e+07 2.1587e+07  0.52%     -   52s
     0     0 2.1587e+07    0  560 2.1476e+07 2.1587e+07  0.52%     -   52s
     0     0 2.1587e+07    0  562 2.1476e+07 2.1587e+07  0.52%     -   53s
     0     0 2.1587e+07    0  540 2.1476e+07 2.1587e+07  0.52%     -   55s
     0     0 2.1587e+07    0  551 2.1476e+07 2.1587e+07  0.52%     -   56s
     0     0 2.1587e+07    0  551 2.1476e+07 2.1587e+07  0.52%     -   56s
     0     0 2.1587e+07    0  551 2.1476e+07 2.1587e+07  0.52%     -   56s
     0     0 2.1587e+07    0  532 2.1476e+07 2.1587e+07  0.52%     -   59s
H    0     0                    2.149374e+07 2.1587e+07  0.43%     -   60s
     0     0 2.1587e+07    0  544 2.1494e+07 2.1587e+07  0.43%     -   60s
     0     0 2.1587e+07    0  551 2.1494e+07 2.1587e+07  0.43%     -   61s
     0     0 2.1587e+07    0  543 2.1494e+07 2.1587e+07  0.43%     -   63s
     0     0 2.1587e+07    0  548 2.1494e+07 2.1587e+07  0.43%     -   71s
H    0     0                    2.150445e+07 2.1587e+07  0.38%     -   84s
H    0     2                    2.150875e+07 2.1587e+07  0.36%     -   96s
     0     2 2.1587e+07    0  548 2.1509e+07 2.1587e+07  0.36%     -   96s
    63   112 2.1586e+07    6  579 2.1509e+07 2.1586e+07  0.36%   183  100s
   577   620 2.1585e+07   11  578 2.1509e+07 2.1586e+07  0.36%   105  105s
   940   983 2.1584e+07   18  561 2.1509e+07 2.1586e+07  0.36%  88.8  112s
  1279  1322 2.1584e+07   22  552 2.1509e+07 2.1586e+07  0.36%  78.1  117s
  1327  1370 2.1584e+07   23  549 2.1509e+07 2.1586e+07  0.36%  77.0  123s
H 1347  1370                    2.151319e+07 2.1586e+07  0.34%  76.9  123s
  1529  1732 2.1582e+07   25  548 2.1513e+07 2.1586e+07  0.34%  77.3  125s
  1793  1881 2.1583e+07   29  554 2.1513e+07 2.1586e+07  0.34%  72.5  130s
H 1795  1881                    2.151476e+07 2.1586e+07  0.33%  72.5  130s
H 1800  1881                    2.151478e+07 2.1586e+07  0.33%  72.3  130s
  2801  2848 2.1583e+07   45  538 2.1515e+07 2.1586e+07  0.33%  66.0  136s
H 2837  2848                    2.151479e+07 2.1586e+07  0.33%  65.7  136s
H 2872  2848                    2.151480e+07 2.1586e+07  0.33%  65.6  136s
  3842  4124 2.1581e+07   55  531 2.1515e+07 2.1586e+07  0.33%  62.1  141s
H 4232  4344                    2.151480e+07 2.1586e+07  0.33%  61.3  142s
  5148  5519 2.1580e+07   67  510 2.1515e+07 2.1586e+07  0.33%  59.3  146s
H 5682  5837                    2.151480e+07 2.1586e+07  0.33%  57.2  148s
  6457  6775 2.1579e+07   82  493 2.1515e+07 2.1586e+07  0.33%  55.1  150s
  7702  7922 2.1578e+07   98  473 2.1515e+07 2.1586e+07  0.33%  53.8  155s
  9717  9972 2.1575e+07  137  423 2.1515e+07 2.1586e+07  0.33%  53.5  161s
Created node file directory '/scratch-local/lbeemster.22268865/gurobi_maxh2_0.19_sub70.0_run1/grbnodes0'
 11384 11670 2.1571e+07  166  403 2.1515e+07 2.1586e+07  0.33%  53.8  167s
 12685 12922 2.1570e+07  181  376 2.1515e+07 2.1586e+07  0.33%  53.4  171s
 14077 14441 2.1569e+07  196  362 2.1515e+07 2.1586e+07  0.33%  53.2  177s
 14815 15382 2.1567e+07  218  348 2.1515e+07 2.1586e+07  0.33%  53.0  180s
*15261 14501             400    2.152188e+07 2.1586e+07  0.30%  52.4  180s
 16594 15282 2.1565e+07  259  326 2.1522e+07 2.1586e+07  0.30%  51.5  187s
 16761 16173 2.1565e+07  260  326 2.1522e+07 2.1586e+07  0.30%  51.5  190s
 18603 17124 2.1564e+07    9  548 2.1522e+07 2.1586e+07  0.30%  50.7  228s
 18605 17125 2.1567e+07  130  418 2.1522e+07 2.1582e+07  0.28%  50.7  370s
 18606 17126 2.1575e+07   87  481 2.1522e+07 2.1582e+07  0.28%  50.7  377s
 18607 17127 2.1569e+07   97  422 2.1522e+07 2.1582e+07  0.28%  50.7  380s
 18612 17130 2.1564e+07  195  473 2.1522e+07 2.1582e+07  0.28%  50.7  385s
 18613 17131 2.1562e+07  158  474 2.1522e+07 2.1581e+07  0.27%  50.7  480s
H18616 16276                    2.152358e+07 2.1581e+07  0.26%  50.7  566s
H18616 15462                    2.153171e+07 2.1581e+07  0.23%  50.7  566s
H18616 14688                    2.153240e+07 2.1581e+07  0.22%  50.7  566s
 18620 14690 2.1571e+07  132  469 2.1532e+07 2.1581e+07  0.22%  50.7  570s
H18620 13955                    2.153409e+07 2.1581e+07  0.22%  50.7  678s
H18620 13257                    2.153410e+07 2.1581e+07  0.22%  50.7  678s
H18620 12594                    2.153481e+07 2.1581e+07  0.21%  50.7  693s
 18622 12596 2.1569e+07  152  458 2.1535e+07 2.1581e+07  0.21%  50.7  695s
 18624 12597 2.1564e+07  154  456 2.1535e+07 2.1580e+07  0.21%  50.6  791s
 18627 12599 2.1580e+07   11  446 2.1535e+07 2.1580e+07  0.21%  50.6  895s
 18630 12601 2.1570e+07  122  445 2.1535e+07 2.1580e+07  0.21%  50.6  973s
 18631 12602 2.1548e+07  295  442 2.1535e+07 2.1580e+07  0.21%  50.6  976s
H18631 11972                    2.153499e+07 2.1580e+07  0.21%  50.6 1042s
H18631 11373                    2.154123e+07 2.1580e+07  0.18%  50.6 1042s

Cutting planes:
  Learned: 3
  Gomory: 41
  Cover: 7
  Implied bound: 586
  MIR: 627
  Flow cover: 700
  GUB cover: 1
  RLT: 5
  Relax-and-lift: 424

Explored 18631 nodes (1068694 simplex iterations) in 1042.62 seconds (1270.93 work units)
Thread count was 48 (of 192 available processors)

Solution count 10: 2.15412e+07 2.15412e+07 2.1535e+07 ... 2.15219e+07

Optimal solution found (tolerance 2.00e-03)
Best objective 2.154123457986e+07, best bound 2.158030499810e+07, gap 0.1814%
Deleted nodefile directory: /scratch-local/lbeemster.22268865/gurobi_maxh2_0.19_sub70.0_run1
Saved model snapshot to study_case_model/figures/technical_experiment/run_26426/maxh2_0.19/sub70.0/run1/model_snapshot.pkl
Finished successfully!
