Gurobi shell based on Python 3.13.1 can be launched with command `gurobi.sh`
Gurobi Python Interface can be loaded in Python 3.13.1 with 'import gurobipy'
/var/spool/slurm/slurmd/job22268700/slurm_script: line 24: activate: No such file or directory
Solving model:, maxh2_0.02, sub45.0, run1
Read LP format model from file /scratch-local/lbeemster.22268700/tmpjsthbpsp.pyomo.lp
Reading time = 1.32 seconds
x1: 178177 rows, 50050 columns, 1021312 nonzeros
Set parameter OutputFlag to value 1
Set parameter MIPGap to value 0.002
Set parameter Threads to value 48
Set parameter Presolve to value 1
Set parameter Cuts to value 1
Set parameter NodefileStart to value 1
Set parameter NodefileDir to value "/scratch-local/lbeemster.22268700/gurobi_maxh2_0.02_sub45.0_run1"
Set parameter MemLimit to value 60
Gurobi Optimizer version 12.0.3 build v12.0.3rc0 (linux64 - "Red Hat Enterprise Linux 9.6 (Plow)")

CPU model: AMD EPYC 9654 96-Core Processor, instruction set [SSE2|AVX|AVX2|AVX512]
Thread count: 192 physical cores, 192 logical processors, using up to 48 threads

Non-default parameters:
MemLimit  60
MIPGap  0.002
NodefileStart  1
Cuts  1
Presolve  1
Threads  48

Academic license 2514514 - for non-commercial use only - registered to l.___@student.vu.nl
Optimize a model with 178177 rows, 50050 columns and 1021312 nonzeros
Model fingerprint: 0xb11869d1
Variable types: 39426 continuous, 10624 integer (10624 binary)
Coefficient statistics:
  Matrix range     [6e-05, 1e+05]
  Objective range  [2e+00, 3e+04]
  Bounds range     [1e+00, 1e+00]
  RHS range        [3e-01, 2e+05]
Presolve removed 38817 rows and 24950 columns
Presolve time: 2.90s
Presolved: 139360 rows, 25100 columns, 918237 nonzeros
Variable types: 19492 continuous, 5608 integer (5608 binary)
Found heuristic solution: objective 2.002468e+07
Found heuristic solution: objective 2.014405e+07

Deterministic concurrent LP optimizer: primal simplex, dual simplex, and barrier
Showing barrier log only...

Root relaxation presolved: 24420 rows, 163733 columns, 942704 nonzeros

Root barrier log...

Ordering time: 0.04s

Barrier statistics:
 Free vars  : 1920
 AA' NZ     : 5.298e+05
 Factor NZ  : 1.399e+06 (roughly 90 MB of memory)
 Factor Ops : 9.686e+07 (less than 1 second per iteration)
 Threads    : 46

                  Objective                Residual
Iter       Primal          Dual         Primal    Dual     Compl     Time
   0   1.41140917e+12  3.48737626e+06  7.57e+06 3.17e+02  1.34e+08     9s
   1   8.99976181e+11 -1.83892981e+08  4.01e+06 2.70e+03  7.84e+07     9s
   2   6.48307671e+11 -1.72224747e+08  2.35e+06 1.40e+03  4.38e+07     9s
   3   4.30964576e+11 -1.32588731e+08  1.06e+06 8.67e+02  2.45e+07     9s
   4   3.16478852e+11 -9.68342566e+07  5.40e+05 5.15e+02  1.39e+07     9s
   5   2.57596891e+11 -7.35846978e+07  3.57e+05 3.22e+02  9.01e+06     9s
   6   1.79226740e+11 -5.01489775e+07  1.76e+05 1.81e+02  4.91e+06     9s
   7   1.21654383e+11 -2.54254743e+07  8.71e+04 9.09e+01  2.52e+06     9s
   8   8.56702996e+10 -1.34934032e+07  4.71e+04 5.35e+01  1.47e+06     9s
   9   5.66199966e+10 -7.84440530e+06  2.39e+04 3.43e+01  8.67e+05     9s
  10   4.07952292e+10 -3.64768675e+06  1.52e+04 2.02e+01  5.39e+05     9s
  11   2.08414951e+10  4.60320456e+03  5.52e+03 8.43e+00  2.25e+05     9s
  12   1.54543272e+10  9.48192637e+05  3.80e+03 4.41e+00  1.45e+05     9s
  13   5.30174372e+09  1.88905907e+06  9.78e+02 1.78e+00  4.66e+04     9s
  14   2.99042265e+09  3.08524820e+06  4.97e+02 8.02e-01  2.38e+04     9s
  15   1.82208610e+09  4.42983386e+06  2.77e+02 4.30e-01  1.34e+04     9s
  16   1.39328216e+09  6.33598275e+06  2.05e+02 2.42e-01  9.65e+03    10s
  17   6.50794574e+08  8.25068573e+06  8.82e+01 9.38e-02  4.25e+03    10s
  18   2.96675331e+08  9.87460816e+06  3.52e+01 3.83e-02  1.84e+03    10s
  19   1.35719961e+08  1.37053858e+07  1.35e+01 1.45e-02  7.57e+02    10s
  20   9.04960471e+07  1.59106819e+07  7.80e+00 1.01e-02  4.58e+02    10s
  21   5.78025138e+07  1.85494011e+07  3.87e+00 5.16e-03  2.38e+02    10s
  22   4.29866978e+07  1.98019058e+07  2.17e+00 3.37e-03  1.40e+02    10s
  23   3.57365603e+07  1.98635393e+07  1.45e+00 1.89e-03  9.51e+01    10s
  24   2.96283610e+07  2.03876551e+07  8.24e-01 2.32e-03  5.51e+01    10s
  25   2.65256168e+07  2.08394268e+07  5.05e-01 1.82e-03  3.38e+01    10s
  26   2.44464156e+07  2.09987370e+07  2.97e-01 1.38e-03  2.04e+01    10s
  27   2.34199612e+07  2.11534521e+07  1.95e-01 1.40e-03  1.34e+01    10s
  28   2.27247422e+07  2.12257460e+07  1.28e-01 1.46e-03  8.85e+00    10s
  29   2.22291769e+07  2.12689747e+07  7.97e-02 8.90e-04  5.66e+00    10s

Barrier performed 29 iterations in 10.05 seconds (8.53 work units)
Barrier solve interrupted - model solved by another algorithm

Concurrent spin time: 0.60s (can be avoided by choosing Method=3)

Solved with primal simplex

Root relaxation: objective 2.140682e+07, 28993 iterations, 2.72 seconds (1.89 work units)

    Nodes    |    Current Node    |     Objective Bounds      |     Work
 Expl Unexpl |  Obj  Depth IntInf | Incumbent    BestBd   Gap | It/Node Time

     0     0 2.1407e+07    0  366 2.0144e+07 2.1407e+07  6.27%     -   13s
     0     0 2.1403e+07    0  446 2.0144e+07 2.1403e+07  6.25%     -   17s
H    0     0                    2.113457e+07 2.1403e+07  1.27%     -   18s
     0     0 2.1394e+07    0  480 2.1135e+07 2.1394e+07  1.23%     -   19s
     0     0 2.1394e+07    0  497 2.1135e+07 2.1394e+07  1.23%     -   19s
     0     0 2.1394e+07    0  499 2.1135e+07 2.1394e+07  1.23%     -   19s
     0     0 2.1394e+07    0  499 2.1135e+07 2.1394e+07  1.23%     -   19s
     0     0 2.1393e+07    0  484 2.1135e+07 2.1393e+07  1.22%     -   22s
     0     0 2.1393e+07    0  510 2.1135e+07 2.1393e+07  1.22%     -   23s
     0     0 2.1393e+07    0  515 2.1135e+07 2.1393e+07  1.22%     -   23s
     0     0 2.1393e+07    0  514 2.1135e+07 2.1393e+07  1.22%     -   23s
     0     0 2.1393e+07    0  561 2.1135e+07 2.1393e+07  1.22%     -   27s
H    0     0                    2.118743e+07 2.1393e+07  0.97%     -   28s
     0     0 2.1393e+07    0  562 2.1187e+07 2.1393e+07  0.97%     -   28s
     0     0 2.1393e+07    0  567 2.1187e+07 2.1393e+07  0.97%     -   28s
     0     0 2.1393e+07    0  573 2.1187e+07 2.1393e+07  0.97%     -   29s
     0     0 2.1392e+07    0  538 2.1187e+07 2.1392e+07  0.97%     -   32s
H    0     0                    2.123002e+07 2.1392e+07  0.76%     -   34s
     0     0 2.1392e+07    0  550 2.1230e+07 2.1392e+07  0.76%     -   34s
     0     0 2.1392e+07    0  549 2.1230e+07 2.1392e+07  0.76%     -   34s
     0     0 2.1392e+07    0  558 2.1230e+07 2.1392e+07  0.76%     -   35s
     0     0 2.1392e+07    0  408 2.1230e+07 2.1392e+07  0.76%     -   38s
     0     0 2.1392e+07    0  401 2.1230e+07 2.1392e+07  0.76%     -   39s
     0     0 2.1392e+07    0  403 2.1230e+07 2.1392e+07  0.76%     -   39s
     0     0 2.1392e+07    0  395 2.1230e+07 2.1392e+07  0.76%     -   41s
H    0     0                    2.128836e+07 2.1392e+07  0.49%     -   43s
     0     0 2.1392e+07    0  390 2.1288e+07 2.1392e+07  0.49%     -   43s
     0     0 2.1392e+07    0  393 2.1288e+07 2.1392e+07  0.49%     -   43s
     0     0 2.1392e+07    0  389 2.1288e+07 2.1392e+07  0.49%     -   46s
     0     0 2.1392e+07    0  394 2.1288e+07 2.1392e+07  0.49%     -   47s
     0     0 2.1392e+07    0  400 2.1288e+07 2.1392e+07  0.49%     -   47s
     0     0 2.1392e+07    0  395 2.1288e+07 2.1392e+07  0.49%     -   49s
     0     0 2.1392e+07    0  395 2.1288e+07 2.1392e+07  0.49%     -   55s
H    0     0                    2.132311e+07 2.1392e+07  0.32%     -   56s
H    0     0                    2.132529e+07 2.1392e+07  0.31%     -   61s
H    0     0                    2.132578e+07 2.1392e+07  0.31%     -   61s
H    0     0                    2.133220e+07 2.1392e+07  0.28%     -   62s
H    0     0                    2.134331e+07 2.1392e+07  0.23%     -   63s
H    0     0                    2.134336e+07 2.1392e+07  0.23%     -   70s
H    0     0                    2.134336e+07 2.1392e+07  0.23%     -   70s
     0     2 2.1392e+07    0  395 2.1343e+07 2.1392e+07  0.23%     -   72s
    31    64 2.1392e+07    5  397 2.1343e+07 2.1392e+07  0.23%   160   75s
   269   319 2.1392e+07    9  392 2.1343e+07 2.1392e+07  0.23%   120   82s
   318   378 2.1391e+07   10  391 2.1343e+07 2.1392e+07  0.23%   117   86s
H  334   378                    2.134546e+07 2.1392e+07  0.22%   117   86s
   500   555 2.1390e+07   14  391 2.1345e+07 2.1392e+07  0.22%   113   90s
  1395  1482 2.1387e+07   26  377 2.1345e+07 2.1392e+07  0.22%  81.8   95s
H 1396  1482                    2.134553e+07 2.1392e+07  0.22%  81.7   95s
H 1401  1482                    2.134554e+07 2.1392e+07  0.22%  81.7   95s
H 1700  1709                    2.134554e+07 2.1392e+07  0.22%  77.2   99s
  1749  1890 2.1386e+07   29  371 2.1346e+07 2.1392e+07  0.22%  76.6  102s
  2615  2691 2.1383e+07   42  357 2.1346e+07 2.1392e+07  0.22%  72.0  105s
H 2805  2795                    2.134557e+07 2.1392e+07  0.22%  71.7  107s
  3432  3533 2.1381e+07   52  349 2.1346e+07 2.1392e+07  0.22%  70.7  110s
  4583  4664 2.1377e+07   63  332 2.1346e+07 2.1391e+07  0.21%  66.2  115s
  6035  6057 2.1373e+07  102  305 2.1346e+07 2.1391e+07  0.21%  63.2  120s
  7055  7008 2.1371e+07  112  282 2.1346e+07 2.1391e+07  0.21%  63.6  125s
  8037  7822 2.1369e+07  121  270 2.1346e+07 2.1391e+07  0.21%  62.8  131s
  9476  9413 2.1368e+07  142  267 2.1346e+07 2.1391e+07  0.21%  60.3  136s
* 9711  9386             326    2.134585e+07 2.1391e+07  0.21%  59.9  136s
 11173 10717 2.1364e+07  166  256 2.1346e+07 2.1391e+07  0.21%  58.7  142s
H11622 10054                    2.134809e+07 2.1391e+07  0.20%  58.4  158s
 11623 10025 2.1378e+07   97  395 2.1348e+07 2.1391e+07  0.20%  58.4  184s
H11624  9524                    2.134954e+07 2.1391e+07  0.20%  58.4  313s

Cutting planes:
  Cover: 4
  Implied bound: 135
  MIR: 515
  Flow cover: 389
  Relax-and-lift: 378

Explored 11624 nodes (768256 simplex iterations) in 313.93 seconds (336.17 work units)
Thread count was 48 (of 192 available processors)

Solution count 10: 2.13495e+07 2.13481e+07 2.13459e+07 ... 2.13231e+07

Optimal solution found (tolerance 2.00e-03)
Warning: max constraint violation (1.0236e-06) exceeds tolerance
Best objective 2.134954384859e+07, best bound 2.138823377732e+07, gap 0.1812%
Deleted nodefile directory: /scratch-local/lbeemster.22268700/gurobi_maxh2_0.02_sub45.0_run1
Saved model snapshot to study_case_model/figures/technical_experiment/run_26426/maxh2_0.02/sub45.0/run1/model_snapshot.pkl
Finished successfully!
