Gurobi shell based on Python 3.13.1 can be launched with command `gurobi.sh`
Gurobi Python Interface can be loaded in Python 3.13.1 with 'import gurobipy'
/var/spool/slurm/slurmd/job22270226/slurm_script: line 24: activate: No such file or directory
Solving model:, maxh2_0.07, sub30.0, run3
Read LP format model from file /scratch-local/lbeemster.22270226/tmp7336ux3q.pyomo.lp
Reading time = 1.16 seconds
x1: 178177 rows, 50050 columns, 1021312 nonzeros
Set parameter OutputFlag to value 1
Set parameter MIPGap to value 0.002
Set parameter Threads to value 48
Set parameter Presolve to value 1
Set parameter Cuts to value 1
Set parameter NodefileStart to value 1
Set parameter NodefileDir to value "/scratch-local/lbeemster.22270226/gurobi_maxh2_0.07_sub30.0_run3"
Set parameter MemLimit to value 60
Gurobi Optimizer version 12.0.3 build v12.0.3rc0 (linux64 - "Red Hat Enterprise Linux 9.6 (Plow)")

CPU model: AMD EPYC 9654 96-Core Processor, instruction set [SSE2|AVX|AVX2|AVX512]
Thread count: 192 physical cores, 192 logical processors, using up to 48 threads

Non-default parameters:
MemLimit  60
MIPGap  0.002
NodefileStart  1
Cuts  1
Presolve  1
Threads  48

Academic license 2514514 - for non-commercial use only - registered to l.___@student.vu.nl
Optimize a model with 178177 rows, 50050 columns and 1021312 nonzeros
Model fingerprint: 0x00e52ea0
Variable types: 39426 continuous, 10624 integer (10624 binary)
Coefficient statistics:
  Matrix range     [6e-05, 1e+05]
  Objective range  [2e+00, 3e+04]
  Bounds range     [1e+00, 1e+00]
  RHS range        [3e-01, 2e+05]
Presolve removed 37985 rows and 24470 columns
Presolve time: 2.90s
Presolved: 140192 rows, 25580 columns, 916031 nonzeros
Variable types: 19852 continuous, 5728 integer (5728 binary)
Found heuristic solution: objective 1.933432e+07
Found heuristic solution: objective 1.938496e+07
Found heuristic solution: objective 1.965034e+07

Deterministic concurrent LP optimizer: primal simplex, dual simplex, and barrier
Showing barrier log only...

Root relaxation presolved: 24958 rows, 165113 columns, 941107 nonzeros

Root barrier log...

Ordering time: 0.05s

Barrier statistics:
 Free vars  : 1920
 AA' NZ     : 5.477e+05
 Factor NZ  : 1.454e+06 (roughly 90 MB of memory)
 Factor Ops : 1.024e+08 (less than 1 second per iteration)
 Threads    : 46

                  Objective                Residual
Iter       Primal          Dual         Primal    Dual     Compl     Time
   0   1.41186529e+12  2.95828478e+06  7.57e+06 3.10e+02  1.33e+08     9s
   1   9.38210153e+11 -1.50292627e+08  4.25e+06 2.85e+03  8.21e+07     9s
   2   7.08548487e+11 -1.46331746e+08  2.69e+06 1.94e+03  5.48e+07     9s
   3   5.79779023e+11 -1.26216549e+08  1.84e+06 1.36e+03  3.92e+07     9s
   4   3.64666289e+11 -6.98901685e+07  6.39e+05 5.95e+02  1.65e+07     9s
   5   2.99294180e+11 -5.68933465e+07  4.19e+05 4.19e+02  1.12e+07     9s
   6   2.50711206e+11 -3.69483307e+07  2.96e+05 2.47e+02  7.24e+06     9s
   7   1.82284457e+11 -2.43777693e+07  1.58e+05 1.39e+02  4.11e+06     9s
   8   1.18944719e+11 -1.17413782e+07  7.02e+04 7.14e+01  2.06e+06     9s
   9   6.79530494e+10 -5.70403431e+06  2.59e+04 4.74e+01  1.09e+06     9s
  10   4.84020941e+10 -2.81437777e+06  1.59e+04 2.63e+01  6.48e+05     9s
  11   2.26256532e+10 -3.43681878e+05  4.73e+03 1.32e+01  2.75e+05     9s
  12   1.22434667e+10  9.98322662e+05  1.98e+03 5.48e+00  1.22e+05     9s
  13   4.98800360e+09  1.38964042e+06  5.89e+02 3.43e+00  5.21e+04     9s
  14   3.09197288e+09  3.02815665e+06  3.18e+02 1.32e+00  2.58e+04     9s
  15   1.93046900e+09  4.63893901e+06  1.83e+02 6.18e-01  1.43e+04    10s
  16   1.77781542e+09  5.94541762e+06  1.67e+02 2.99e-01  1.18e+04    10s
  17   7.86719904e+08  7.41576268e+06  6.66e+01 1.31e-01  5.02e+03    10s
  18   3.94423605e+08  9.08673145e+06  3.04e+01 5.07e-02  2.39e+03    10s
  19   1.87044696e+08  1.18022575e+07  1.28e+01 1.71e-02  1.06e+03    10s
  20   1.34901214e+08  1.46011569e+07  8.81e+00 8.86e-03  7.20e+02    10s
  21   8.25425062e+07  1.58715396e+07  4.53e+00 6.96e-03  3.96e+02    10s
  22   5.65780909e+07  1.90099443e+07  2.48e+00 7.14e-03  2.21e+02    10s
  23   5.32054147e+07  1.91835709e+07  2.23e+00 6.06e-03  1.99e+02    10s
  24   3.80772693e+07  1.94561549e+07  1.13e+00 3.84e-03  1.08e+02    10s
  25   2.95338092e+07  2.02979947e+07  5.04e-01 1.83e-03  5.34e+01    10s
  26   2.63616812e+07  2.07447848e+07  2.92e-01 1.85e-03  3.24e+01    10s
  27   2.41330565e+07  2.10963379e+07  1.49e-01 1.61e-03  1.74e+01    10s
  28   2.33137203e+07  2.12022100e+07  1.01e-01 1.19e-03  1.21e+01    10s

Barrier performed 28 iterations in 10.16 seconds (8.64 work units)
Barrier solve interrupted - model solved by another algorithm

Concurrent spin time: 0.56s (can be avoided by choosing Method=3)

Solved with primal simplex

Root relaxation: objective 2.152911e+07, 26387 iterations, 2.73 seconds (1.87 work units)

    Nodes    |    Current Node    |     Objective Bounds      |     Work
 Expl Unexpl |  Obj  Depth IntInf | Incumbent    BestBd   Gap | It/Node Time

     0     0 2.1529e+07    0  376 1.9650e+07 2.1529e+07  9.56%     -   12s
     0     0 2.1516e+07    0  419 1.9650e+07 2.1516e+07  9.49%     -   15s
H    0     0                    2.113177e+07 2.1516e+07  1.82%     -   17s
     0     0 2.1515e+07    0  448 2.1132e+07 2.1515e+07  1.81%     -   17s
     0     0 2.1515e+07    0  465 2.1132e+07 2.1515e+07  1.81%     -   17s
     0     0 2.1515e+07    0  466 2.1132e+07 2.1515e+07  1.81%     -   18s
     0     0 2.1513e+07    0  472 2.1132e+07 2.1513e+07  1.81%     -   20s
     0     0 2.1513e+07    0  487 2.1132e+07 2.1513e+07  1.81%     -   21s
     0     0 2.1513e+07    0  490 2.1132e+07 2.1513e+07  1.81%     -   21s
     0     0 2.1513e+07    0  492 2.1132e+07 2.1513e+07  1.81%     -   21s
     0     0 2.1512e+07    0  449 2.1132e+07 2.1512e+07  1.80%     -   24s
     0     0 2.1512e+07    0  466 2.1132e+07 2.1512e+07  1.80%     -   26s
     0     0 2.1512e+07    0  472 2.1132e+07 2.1512e+07  1.80%     -   27s
     0     0 2.1512e+07    0  476 2.1132e+07 2.1512e+07  1.80%     -   27s
     0     0 2.1512e+07    0  473 2.1132e+07 2.1512e+07  1.80%     -   27s
     0     0 2.1512e+07    0  457 2.1132e+07 2.1512e+07  1.80%     -   30s
     0     0 2.1511e+07    0  441 2.1132e+07 2.1511e+07  1.80%     -   31s
     0     0 2.1511e+07    0  446 2.1132e+07 2.1511e+07  1.80%     -   31s
     0     0 2.1511e+07    0  443 2.1132e+07 2.1511e+07  1.80%     -   31s
     0     0 2.1511e+07    0  447 2.1132e+07 2.1511e+07  1.80%     -   31s
     0     0 2.1511e+07    0  449 2.1132e+07 2.1511e+07  1.80%     -   32s
     0     0 2.1511e+07    0  374 2.1132e+07 2.1511e+07  1.79%     -   35s
H    0     0                    2.116263e+07 2.1511e+07  1.65%     -   36s
     0     0 2.1511e+07    0  356 2.1163e+07 2.1511e+07  1.65%     -   36s
     0     0 2.1511e+07    0  354 2.1163e+07 2.1511e+07  1.65%     -   36s
     0     0 2.1511e+07    0  356 2.1163e+07 2.1511e+07  1.65%     -   39s
H    0     0                    2.118284e+07 2.1511e+07  1.55%     -   44s
     0     0 2.1511e+07    0  373 2.1183e+07 2.1511e+07  1.55%     -   44s
     0     0 2.1511e+07    0  369 2.1183e+07 2.1511e+07  1.55%     -   45s
     0     0 2.1511e+07    0  364 2.1183e+07 2.1511e+07  1.55%     -   45s
     0     0 2.1511e+07    0  338 2.1183e+07 2.1511e+07  1.55%     -   47s
     0     0 2.1511e+07    0  340 2.1183e+07 2.1511e+07  1.55%     -   49s
     0     0 2.1511e+07    0  341 2.1183e+07 2.1511e+07  1.55%     -   49s
     0     0 2.1511e+07    0  328 2.1183e+07 2.1511e+07  1.55%     -   51s
     0     0 2.1511e+07    0  330 2.1183e+07 2.1511e+07  1.55%     -   53s
     0     0 2.1511e+07    0  334 2.1183e+07 2.1511e+07  1.55%     -   53s
     0     0 2.1511e+07    0  323 2.1183e+07 2.1511e+07  1.55%     -   55s
     0     0 2.1511e+07    0  324 2.1183e+07 2.1511e+07  1.55%     -   56s
     0     0 2.1511e+07    0  323 2.1183e+07 2.1511e+07  1.55%     -   56s
     0     0 2.1511e+07    0  312 2.1183e+07 2.1511e+07  1.55%     -   58s
     0     0 2.1511e+07    0  312 2.1183e+07 2.1511e+07  1.55%     -   63s
H    0     0                    2.124152e+07 2.1511e+07  1.27%     -   67s
H    0     0                    2.134154e+07 2.1511e+07  0.79%     -   74s
H    0     0                    2.139534e+07 2.1511e+07  0.54%     -   78s
H    0     0                    2.139633e+07 2.1511e+07  0.53%     -   80s
H    0     0                    2.140904e+07 2.1511e+07  0.47%     -   84s
     0     2 2.1511e+07    0  312 2.1409e+07 2.1511e+07  0.47%     -   86s
H   63   112                    2.141130e+07 2.1511e+07  0.46%   168   92s
H   67   112                    2.142177e+07 2.1511e+07  0.42%   169   92s
   401   453 2.1508e+07   11  289 2.1422e+07 2.1510e+07  0.41%   125   96s
H  413   453                    2.142766e+07 2.1510e+07  0.39%   125   96s
H  414   453                    2.142776e+07 2.1510e+07  0.39%   125   96s
H  428   453                    2.144251e+07 2.1510e+07  0.32%   124   96s
H  444   453                    2.144777e+07 2.1510e+07  0.29%   123   96s
   558   670 2.1506e+07   13  284 2.1448e+07 2.1510e+07  0.29%   117  103s
   881   976 2.1506e+07   18  274 2.1448e+07 2.1510e+07  0.29%   105  105s
  1634  1785 2.1505e+07   30  257 2.1448e+07 2.1510e+07  0.29%  80.3  110s
  1837  1891 2.1505e+07   32  254 2.1448e+07 2.1510e+07  0.29%  74.3  117s
  1896  1957 2.1505e+07   33  253 2.1448e+07 2.1510e+07  0.29%  72.9  125s
H 1897  1957                    2.145347e+07 2.1510e+07  0.27%  72.9  125s
H 1898  1957                    2.146247e+07 2.1510e+07  0.22%  72.9  125s
H 1945  1957                    2.146929e+07 2.1510e+07  0.19%  71.8  125s

Cutting planes:
  Gomory: 19
  Cover: 43
  Implied bound: 2788
  MIR: 768
  Flow cover: 1038
  RLT: 3
  Relax-and-lift: 199

Explored 1962 nodes (185917 simplex iterations) in 125.49 seconds (140.56 work units)
Thread count was 48 (of 192 available processors)

Solution count 10: 2.14693e+07 2.14625e+07 2.14535e+07 ... 2.1409e+07

Optimal solution found (tolerance 2.00e-03)
Best objective 2.146928613655e+07, best bound 2.151041890187e+07, gap 0.1916%
Deleted nodefile directory: /scratch-local/lbeemster.22270226/gurobi_maxh2_0.07_sub30.0_run3
Saved model snapshot to study_case_model/figures/technical_experiment/run_26426/maxh2_0.07/sub30.0/run3/model_snapshot.pkl
Finished successfully!
