Gurobi shell based on Python 3.13.1 can be launched with command `gurobi.sh`
Gurobi Python Interface can be loaded in Python 3.13.1 with 'import gurobipy'
/var/spool/slurm/slurmd/job22268194/slurm_script: line 24: activate: No such file or directory
Solving model:, maxh2_0.05, sub45.0, run0
Read LP format model from file /scratch-local/lbeemster.22268194/tmp181fmn9v.pyomo.lp
Reading time = 0.84 seconds
x1: 178177 rows, 50050 columns, 1021312 nonzeros
Set parameter OutputFlag to value 1
Set parameter MIPGap to value 0.002
Set parameter Threads to value 48
Set parameter Presolve to value 1
Set parameter Cuts to value 1
Set parameter NodefileStart to value 1
Set parameter NodefileDir to value "/scratch-local/lbeemster.22268194/gurobi_maxh2_0.05_sub45.0_run0"
Set parameter MemLimit to value 60
Gurobi Optimizer version 12.0.3 build v12.0.3rc0 (linux64 - "Red Hat Enterprise Linux 9.6 (Plow)")

CPU model: AMD EPYC 9654 96-Core Processor, instruction set [SSE2|AVX|AVX2|AVX512]
Thread count: 192 physical cores, 192 logical processors, using up to 48 threads

Non-default parameters:
MemLimit  60
MIPGap  0.002
NodefileStart  1
Cuts  1
Presolve  1
Threads  48

Academic license 2514514 - for non-commercial use only - registered to l.___@student.vu.nl
Optimize a model with 178177 rows, 50050 columns and 1021312 nonzeros
Model fingerprint: 0xd2ca359d
Variable types: 39426 continuous, 10624 integer (10624 binary)
Coefficient statistics:
  Matrix range     [6e-05, 1e+05]
  Objective range  [2e+00, 3e+04]
  Bounds range     [1e+00, 1e+00]
  RHS range        [3e-01, 2e+05]
Presolve removed 38624 rows and 25454 columns
Presolve time: 2.98s
Presolved: 139553 rows, 24596 columns, 902016 nonzeros
Variable types: 19132 continuous, 5464 integer (5464 binary)
Found heuristic solution: objective 1.898027e+07
Found heuristic solution: objective 1.914357e+07
Found heuristic solution: objective 1.918733e+07

Deterministic concurrent LP optimizer: primal simplex, dual simplex, and barrier
Showing barrier log only...

Root relaxation presolved: 23971 rows, 163516 columns, 926113 nonzeros

Root barrier log...

Ordering time: 0.04s

Barrier statistics:
 Free vars  : 1920
 AA' NZ     : 5.061e+05
 Factor NZ  : 1.342e+06 (roughly 90 MB of memory)
 Factor Ops : 9.005e+07 (less than 1 second per iteration)
 Threads    : 46

                  Objective                Residual
Iter       Primal          Dual         Primal    Dual     Compl     Time
   0   1.41982037e+12  3.64654619e+06  7.60e+06 4.01e+02  1.48e+08     9s
   1   9.60832265e+11 -1.86384026e+08  4.33e+06 3.13e+03  9.15e+07     9s
   2   7.25548320e+11 -1.85462809e+08  2.69e+06 1.93e+03  5.70e+07     9s
   3   5.29291708e+11 -1.50282380e+08  1.49e+06 1.30e+03  3.60e+07     9s
   4   4.71529518e+11 -1.22865896e+08  1.18e+06 1.05e+03  2.89e+07     9s
   5   3.41153924e+11 -8.62888961e+07  5.73e+05 6.05e+02  1.59e+07     9s
   6   2.65064136e+11 -5.98134642e+07  3.50e+05 3.80e+02  9.98e+06     9s
   7   1.85318334e+11 -3.99198098e+07  1.66e+05 2.37e+02  5.76e+06     9s
   8   1.37654676e+11 -2.06684637e+07  9.31e+04 1.27e+02  3.21e+06     9s
   9   8.83005406e+10 -9.36075016e+06  3.66e+04 7.10e+01  1.65e+06     9s
  10   7.10869853e+10 -4.61839023e+06  2.53e+04 4.53e+01  1.11e+06     9s
  11   4.73013882e+10 -2.00930064e+06  1.32e+04 2.49e+01  6.21e+05     9s
  12   3.10439625e+10 -3.92558261e+05  7.59e+03 1.49e+01  3.68e+05     9s
  13   1.45524479e+10  1.03245311e+06  2.68e+03 5.37e+00  1.41e+05     9s
  14   1.01387254e+10  1.39047921e+06  1.73e+03 3.55e+00  9.28e+04     9s
  15   4.42205990e+09  2.00086738e+06  5.91e+02 1.53e+00  3.71e+04     9s
  16   3.18902728e+09  2.95626082e+06  4.02e+02 9.24e-01  2.49e+04     9s
  17   1.99606428e+09  4.44415738e+06  2.34e+02 4.60e-01  1.44e+04     9s
  18   1.68998613e+09  5.22481426e+06  1.95e+02 2.98e-01  1.16e+04     9s
  19   8.41122427e+08  6.71953556e+06  8.91e+01 1.17e-01  5.46e+03     9s
  20   4.42861308e+08  8.06687582e+06  4.36e+01 5.38e-02  2.76e+03     9s
  21   2.15313780e+08  9.27411281e+06  1.92e+01 3.28e-02  1.30e+03    10s
  22   1.44738165e+08  1.19275140e+07  1.20e+01 1.60e-02  8.22e+02    10s
  23   1.10228974e+08  1.34749649e+07  8.56e+00 1.01e-02  5.95e+02    10s
  24   8.21316166e+07  1.53944665e+07  5.75e+00 7.10e-03  4.07e+02    10s
  25   5.14863879e+07  1.82346826e+07  2.60e+00 3.69e-03  2.00e+02    10s
  26   4.04206198e+07  1.91603522e+07  1.60e+00 2.42e-03  1.27e+02    10s
  27   2.93094196e+07  1.94304813e+07  6.92e-01 1.83e-03  5.86e+01    10s
  28   2.69521833e+07  1.98625025e+07  4.92e-01 2.59e-03  4.19e+01    10s
  29   2.47793832e+07  2.02418518e+07  3.10e-01 1.55e-03  2.68e+01    10s
  30   2.36361022e+07  2.04807810e+07  2.15e-01 1.41e-03  1.86e+01    10s
  31   2.24364444e+07  2.06756612e+07  1.18e-01 1.07e-03  1.03e+01    10s
  32   2.17305186e+07  2.07354801e+07  6.35e-02 1.18e-03  5.83e+00    10s
  33   2.14656027e+07  2.07869574e+07  4.32e-02 6.98e-04  3.97e+00    10s

Barrier performed 33 iterations in 10.02 seconds (8.79 work units)
Barrier solve interrupted - model solved by another algorithm

Concurrent spin time: 0.43s (can be avoided by choosing Method=3)

Solved with primal simplex

Root relaxation: objective 2.091789e+07, 29871 iterations, 2.60 seconds (1.82 work units)

    Nodes    |    Current Node    |     Objective Bounds      |     Work
 Expl Unexpl |  Obj  Depth IntInf | Incumbent    BestBd   Gap | It/Node Time

     0     0 2.0918e+07    0  453 1.9187e+07 2.0918e+07  9.02%     -   11s
     0     0 2.0906e+07    0  499 1.9187e+07 2.0906e+07  8.96%     -   15s
H    0     0                    2.067992e+07 2.0906e+07  1.09%     -   16s
     0     0 2.0904e+07    0  516 2.0680e+07 2.0904e+07  1.08%     -   17s
     0     0 2.0904e+07    0  533 2.0680e+07 2.0904e+07  1.08%     -   17s
     0     0 2.0903e+07    0  536 2.0680e+07 2.0903e+07  1.08%     -   17s
     0     0 2.0903e+07    0  533 2.0680e+07 2.0903e+07  1.08%     -   17s
     0     0 2.0903e+07    0  533 2.0680e+07 2.0903e+07  1.08%     -   17s
     0     0 2.0902e+07    0  521 2.0680e+07 2.0902e+07  1.08%     -   20s
     0     0 2.0902e+07    0  522 2.0680e+07 2.0902e+07  1.08%     -   21s
     0     0 2.0902e+07    0  527 2.0680e+07 2.0902e+07  1.08%     -   21s
     0     0 2.0902e+07    0  534 2.0680e+07 2.0902e+07  1.08%     -   21s
     0     0 2.0902e+07    0  519 2.0680e+07 2.0902e+07  1.07%     -   25s
     0     0 2.0902e+07    0  498 2.0680e+07 2.0902e+07  1.07%     -   27s
     0     0 2.0902e+07    0  509 2.0680e+07 2.0902e+07  1.07%     -   28s
     0     0 2.0902e+07    0  505 2.0680e+07 2.0902e+07  1.07%     -   28s
     0     0 2.0902e+07    0  506 2.0680e+07 2.0902e+07  1.07%     -   28s
     0     0 2.0901e+07    0  470 2.0680e+07 2.0901e+07  1.07%     -   32s
H    0     0                    2.068181e+07 2.0901e+07  1.06%     -   33s
     0     0 2.0901e+07    0  451 2.0682e+07 2.0901e+07  1.06%     -   33s
     0     0 2.0901e+07    0  462 2.0682e+07 2.0901e+07  1.06%     -   34s
     0     0 2.0901e+07    0  462 2.0682e+07 2.0901e+07  1.06%     -   34s
     0     0 2.0901e+07    0  339 2.0682e+07 2.0901e+07  1.06%     -   37s
H    0     0                    2.074793e+07 2.0901e+07  0.74%     -   38s
     0     0 2.0901e+07    0  341 2.0748e+07 2.0901e+07  0.74%     -   39s
     0     0 2.0901e+07    0  337 2.0748e+07 2.0901e+07  0.74%     -   39s
     0     0 2.0901e+07    0  340 2.0748e+07 2.0901e+07  0.74%     -   39s
     0     0 2.0901e+07    0  345 2.0748e+07 2.0901e+07  0.74%     -   41s
     0     0 2.0901e+07    0  339 2.0748e+07 2.0901e+07  0.74%     -   43s
     0     0 2.0901e+07    0  343 2.0748e+07 2.0901e+07  0.74%     -   43s
     0     0 2.0901e+07    0  336 2.0748e+07 2.0901e+07  0.74%     -   46s
H    0     0                    2.075090e+07 2.0901e+07  0.72%     -   47s
     0     0 2.0901e+07    0  337 2.0751e+07 2.0901e+07  0.72%     -   47s
     0     0 2.0901e+07    0  339 2.0751e+07 2.0901e+07  0.72%     -   47s
     0     0 2.0901e+07    0  339 2.0751e+07 2.0901e+07  0.72%     -   47s
     0     0 2.0901e+07    0  326 2.0751e+07 2.0901e+07  0.72%     -   50s
     0     0 2.0901e+07    0  330 2.0751e+07 2.0901e+07  0.72%     -   52s
     0     0 2.0901e+07    0  329 2.0751e+07 2.0901e+07  0.72%     -   54s
     0     0 2.0901e+07    0  329 2.0751e+07 2.0901e+07  0.72%     -   59s
H    0     0                    2.077207e+07 2.0901e+07  0.62%     -   66s
H    0     0                    2.081747e+07 2.0901e+07  0.40%     -   77s
     0     2 2.0901e+07    0  329 2.0817e+07 2.0901e+07  0.40%     -   78s
    15    32 2.0901e+07    4  322 2.0817e+07 2.0901e+07  0.40%   144   80s
    63   112 2.0901e+07    6  328 2.0817e+07 2.0901e+07  0.40%  89.4   87s
H   64   112                    2.081787e+07 2.0901e+07  0.40%  88.0   87s
H   66   112                    2.081802e+07 2.0901e+07  0.40%  87.2   87s
H   72   112                    2.081926e+07 2.0901e+07  0.39%  84.0   87s
H   74   112                    2.082511e+07 2.0901e+07  0.36%  82.3   87s
   350   402 2.0900e+07   12  316 2.0825e+07 2.0901e+07  0.36%  58.0   90s
  1029  1273 2.0900e+07   24  299 2.0825e+07 2.0901e+07  0.36%  55.5   95s
H 1278  1491                    2.083233e+07 2.0901e+07  0.33%  53.3   97s
H 1929  1978                    2.083233e+07 2.0901e+07  0.33%  50.7  101s
  2694  3694 2.0898e+07   52  258 2.0832e+07 2.0901e+07  0.33%  47.9  105s
H 3775  4250                    2.083479e+07 2.0901e+07  0.32%  42.3  107s
H 5118  5176                    2.083480e+07 2.0901e+07  0.32%  40.5  109s
  5240  5318 2.0894e+07   94  249 2.0835e+07 2.0901e+07  0.32%  40.5  112s
  6244  6558 2.0886e+07  107  240 2.0835e+07 2.0900e+07  0.31%  49.4  116s
  6799  6647 2.0890e+07  120  239 2.0835e+07 2.0900e+07  0.31%  48.4  124s
H 6808  6186                    2.084392e+07 2.0900e+07  0.27%  48.4  124s
H 6815  6040                    2.084781e+07 2.0900e+07  0.25%  48.5  124s
  6850  6597 2.0888e+07  120  234 2.0848e+07 2.0900e+07  0.25%  48.5  126s
  8203  7775 2.0888e+07  134  230 2.0848e+07 2.0900e+07  0.25%  48.2  130s
H 8339  7581                    2.085268e+07 2.0900e+07  0.23%  48.2  130s
H 9543  8883                    2.085268e+07 2.0900e+07  0.23%  46.5  134s
H 9584  8874                    2.085285e+07 2.0900e+07  0.23%  46.5  134s
  9989  9690 2.0887e+07  154  222 2.0853e+07 2.0900e+07  0.23%  45.9  135s
 12282 11679 2.0880e+07  185  214 2.0853e+07 2.0900e+07  0.23%  44.4  140s
 13264 11973 2.0881e+07  196  207 2.0853e+07 2.0900e+07  0.23%  44.2  145s
H13265 11662                    2.085506e+07 2.0900e+07  0.22%  44.2  145s
 13312 12087 2.0881e+07  197  207 2.0855e+07 2.0900e+07  0.22%  44.2  151s
 13750 12543 2.0880e+07  206  200 2.0855e+07 2.0900e+07  0.22%  44.0  155s
 14678 13849 2.0879e+07  233  176 2.0855e+07 2.0900e+07  0.22%  43.5  164s
H14898 13108                    2.085906e+07 2.0900e+07  0.20%  43.3  164s

Cutting planes:
  Learned: 1
  Gomory: 27
  Cover: 74
  Implied bound: 3212
  MIR: 792
  Flow cover: 1003
  RLT: 4
  Relax-and-lift: 168

Explored 15575 nodes (714125 simplex iterations) in 164.41 seconds (181.37 work units)
Thread count was 48 (of 192 available processors)

Solution count 10: 2.08591e+07 2.08551e+07 2.08478e+07 ... 2.08179e+07

Optimal solution found (tolerance 2.00e-03)
Best objective 2.085905940353e+07, best bound 2.090028463112e+07, gap 0.1976%
Deleted nodefile directory: /scratch-local/lbeemster.22268194/gurobi_maxh2_0.05_sub45.0_run0
Saved model snapshot to study_case_model/figures/technical_experiment/run_26426/maxh2_0.05/sub45.0/run0/model_snapshot.pkl
Finished successfully!
