Gurobi shell based on Python 3.13.1 can be launched with command `gurobi.sh`
Gurobi Python Interface can be loaded in Python 3.13.1 with 'import gurobipy'
/var/spool/slurm/slurmd/job22268487/slurm_script: line 24: activate: No such file or directory
Solving model:, maxh2_0.01, sub30.0, run1
Read LP format model from file /scratch-local/lbeemster.22268487/tmp652fp93l.pyomo.lp
Reading time = 0.84 seconds
x1: 178177 rows, 50050 columns, 1021312 nonzeros
Set parameter OutputFlag to value 1
Set parameter MIPGap to value 0.002
Set parameter Threads to value 48
Set parameter Presolve to value 1
Set parameter Cuts to value 1
Set parameter NodefileStart to value 1
Set parameter NodefileDir to value "/scratch-local/lbeemster.22268487/gurobi_maxh2_0.01_sub30.0_run1"
Set parameter MemLimit to value 60
Gurobi Optimizer version 12.0.3 build v12.0.3rc0 (linux64 - "Red Hat Enterprise Linux 9.6 (Plow)")

CPU model: AMD EPYC 9654 96-Core Processor, instruction set [SSE2|AVX|AVX2|AVX512]
Thread count: 192 physical cores, 192 logical processors, using up to 48 threads

Non-default parameters:
MemLimit  60
MIPGap  0.002
NodefileStart  1
Cuts  1
Presolve  1
Threads  48

Academic license 2514514 - for non-commercial use only - registered to l.___@student.vu.nl
Optimize a model with 178177 rows, 50050 columns and 1021312 nonzeros
Model fingerprint: 0x651a4cc7
Variable types: 39426 continuous, 10624 integer (10624 binary)
Coefficient statistics:
  Matrix range     [6e-05, 1e+05]
  Objective range  [2e+00, 3e+04]
  Bounds range     [1e+00, 1e+00]
  RHS range        [3e-01, 2e+05]
Presolve removed 38857 rows and 24950 columns
Presolve time: 2.83s
Presolved: 139320 rows, 25100 columns, 898808 nonzeros
Variable types: 19492 continuous, 5608 integer (5608 binary)

Deterministic concurrent LP optimizer: primal simplex, dual simplex, and barrier
Showing barrier log only...

Root relaxation presolved: 24240 rows, 163508 columns, 923279 nonzeros

Root barrier log...

Ordering time: 0.05s

Barrier statistics:
 Dense cols : 2
 Free vars  : 1920
 AA' NZ     : 5.352e+05
 Factor NZ  : 1.370e+06 (roughly 90 MB of memory)
 Factor Ops : 9.353e+07 (less than 1 second per iteration)
 Threads    : 45

                  Objective                Residual
Iter       Primal          Dual         Primal    Dual     Compl     Time
   0   1.40451429e+12  3.52519391e+06  7.77e+06 3.17e+02  1.33e+08     5s
   1   8.77367242e+11 -1.71341888e+08  3.94e+06 2.75e+03  7.72e+07     5s
   2   6.98263064e+11 -1.58363057e+08  2.71e+06 1.46e+03  4.64e+07     5s
   3   4.69261111e+11 -1.33867956e+08  1.30e+06 1.03e+03  2.85e+07     5s
   4   3.44572850e+11 -9.09603981e+07  6.92e+05 5.17e+02  1.50e+07     5s
   5   2.72591203e+11 -7.54490771e+07  4.45e+05 3.80e+02  1.04e+07     5s
   6   2.25737064e+11 -5.57588577e+07  3.09e+05 2.36e+02  6.89e+06     5s
   7   1.47755984e+11 -3.66320638e+07  1.42e+05 1.37e+02  3.67e+06     5s
   8   1.01575050e+11 -1.84420884e+07  7.73e+04 7.48e+01  2.01e+06     5s
   9   7.54622992e+10 -7.90323504e+06  4.90e+04 4.36e+01  1.24e+06     5s
  10   4.81166156e+10 -4.41765773e+06  2.66e+04 2.61e+01  7.15e+05     5s
  11   3.00214703e+10 -6.95565947e+05  1.36e+04 1.31e+01  3.74e+05     5s
  12   1.62209035e+10  1.16566213e+06  6.05e+03 5.05e+00  1.64e+05     5s
  13   8.37434129e+09  1.93926167e+06  2.62e+03 1.67e+00  7.01e+04     5s
  14   4.21428355e+09  2.52808593e+06  1.18e+03 7.75e-01  3.31e+04     5s
  15   2.81078399e+09  3.84721035e+06  7.54e+02 3.78e-01  2.07e+04     5s
  16   1.92730211e+09  4.59523952e+06  4.97e+02 2.39e-01  1.38e+04     6s
  17   8.35581062e+08  6.26849315e+06  1.96e+02 1.17e-01  5.81e+03     6s
  18   4.14397821e+08  7.75598934e+06  8.92e+01 5.97e-02  2.78e+03     6s
  19   1.71603626e+08  1.10921190e+07  3.17e+01 2.37e-02  1.07e+03     6s
  20   1.05271768e+08  1.39408846e+07  1.66e+01 1.21e-02  5.92e+02     6s
  21   7.38417104e+07  1.57699020e+07  9.52e+00 6.92e-03  3.69e+02     6s
  22   5.41745710e+07  1.92213872e+07  5.48e+00 5.85e-03  2.19e+02     6s
  23   4.50640540e+07  1.97607101e+07  3.88e+00 3.41e-03  1.58e+02     6s
  24   3.64125550e+07  2.01716597e+07  2.43e+00 1.67e-03  1.01e+02     6s
  25   2.87129533e+07  2.07592015e+07  1.09e+00 1.99e-03  4.86e+01     6s
  26   2.53353692e+07  2.09497620e+07  5.79e-01 1.51e-03  2.67e+01     6s
  27   2.37836547e+07  2.11073913e+07  3.47e-01 1.09e-03  1.63e+01     6s
  28   2.30596131e+07  2.11839592e+07  2.41e-01 1.09e-03  1.14e+01     6s
  29   2.21803232e+07  2.12531813e+07  1.12e-01 6.40e-04  5.59e+00     6s
  30   2.19713089e+07  2.12763496e+07  8.28e-02 4.45e-04  4.18e+00     6s
  31   2.17724328e+07  2.13073668e+07  5.53e-02 3.88e-04  2.79e+00     6s

Barrier performed 31 iterations in 6.17 seconds (5.43 work units)
Barrier solve interrupted - model solved by another algorithm

Concurrent spin time: 0.69s (can be avoided by choosing Method=3)

Solved with primal simplex

Root relaxation: objective 2.140151e+07, 31680 iterations, 2.65 seconds (1.95 work units)

    Nodes    |    Current Node    |     Objective Bounds      |     Work
 Expl Unexpl |  Obj  Depth IntInf | Incumbent    BestBd   Gap | It/Node Time

     0     0 2.1402e+07    0  310          - 2.1402e+07      -     -    8s
H    0     0                    2.111518e+07 2.1402e+07  1.36%     -   10s
     0     0 2.1389e+07    0  385 2.1115e+07 2.1389e+07  1.30%     -   13s
H    0     0                    2.127388e+07 2.1389e+07  0.54%     -   14s
     0     0 2.1389e+07    0  443 2.1274e+07 2.1389e+07  0.54%     -   15s
     0     0 2.1389e+07    0  445 2.1274e+07 2.1389e+07  0.54%     -   15s
     0     0 2.1389e+07    0  448 2.1274e+07 2.1389e+07  0.54%     -   15s
     0     0 2.1389e+07    0  449 2.1274e+07 2.1389e+07  0.54%     -   15s
     0     0 2.1388e+07    0  443 2.1274e+07 2.1388e+07  0.54%     -   18s
     0     0 2.1388e+07    0  467 2.1274e+07 2.1388e+07  0.54%     -   18s
     0     0 2.1388e+07    0  471 2.1274e+07 2.1388e+07  0.54%     -   19s
     0     0 2.1388e+07    0  487 2.1274e+07 2.1388e+07  0.54%     -   22s
     0     0 2.1388e+07    0  499 2.1274e+07 2.1388e+07  0.53%     -   24s
     0     0 2.1388e+07    0  517 2.1274e+07 2.1388e+07  0.53%     -   24s
     0     0 2.1387e+07    0  492 2.1274e+07 2.1387e+07  0.53%     -   27s
     0     0 2.1387e+07    0  503 2.1274e+07 2.1387e+07  0.53%     -   28s
     0     0 2.1387e+07    0  508 2.1274e+07 2.1387e+07  0.53%     -   28s
     0     0 2.1387e+07    0  505 2.1274e+07 2.1387e+07  0.53%     -   29s
     0     0 2.1387e+07    0  389 2.1274e+07 2.1387e+07  0.53%     -   32s
H    0     0                    2.129259e+07 2.1387e+07  0.44%     -   33s
     0     0 2.1387e+07    0  412 2.1293e+07 2.1387e+07  0.44%     -   33s
     0     0 2.1387e+07    0  410 2.1293e+07 2.1387e+07  0.44%     -   33s
     0     0 2.1387e+07    0  415 2.1293e+07 2.1387e+07  0.44%     -   34s
     0     0 2.1387e+07    0  393 2.1293e+07 2.1387e+07  0.44%     -   36s
     0     0 2.1387e+07    0  409 2.1293e+07 2.1387e+07  0.44%     -   37s
     0     0 2.1387e+07    0  406 2.1293e+07 2.1387e+07  0.44%     -   38s
     0     0 2.1387e+07    0  407 2.1293e+07 2.1387e+07  0.44%     -   40s
     0     0 2.1387e+07    0  412 2.1293e+07 2.1387e+07  0.44%     -   42s
     0     0 2.1387e+07    0  406 2.1293e+07 2.1387e+07  0.44%     -   42s
     0     0 2.1387e+07    0  413 2.1293e+07 2.1387e+07  0.44%     -   43s
     0     0 2.1387e+07    0  384 2.1293e+07 2.1387e+07  0.44%     -   45s
H    0     0                    2.129314e+07 2.1387e+07  0.44%     -   47s
H    0     0                    2.129342e+07 2.1387e+07  0.44%     -   48s
H    0     0                    2.129431e+07 2.1387e+07  0.44%     -   48s
H    0     0                    2.129737e+07 2.1387e+07  0.42%     -   48s
H    0     0                    2.129759e+07 2.1387e+07  0.42%     -   48s
     0     0 2.1387e+07    0  395 2.1298e+07 2.1387e+07  0.42%     -   49s
     0     0 2.1387e+07    0  398 2.1298e+07 2.1387e+07  0.42%     -   49s
     0     0 2.1387e+07    0  389 2.1298e+07 2.1387e+07  0.42%     -   51s
H    0     0                    2.129849e+07 2.1387e+07  0.42%     -   52s
     0     0 2.1387e+07    0  403 2.1298e+07 2.1387e+07  0.42%     -   53s
     0     0 2.1387e+07    0  398 2.1298e+07 2.1387e+07  0.42%     -   53s
     0     0 2.1387e+07    0  403 2.1298e+07 2.1387e+07  0.42%     -   53s
     0     0 2.1387e+07    0  404 2.1298e+07 2.1387e+07  0.42%     -   55s
     0     0 2.1387e+07    0  410 2.1298e+07 2.1387e+07  0.41%     -   56s
     0     0 2.1387e+07    0  408 2.1298e+07 2.1387e+07  0.41%     -   56s
     0     0 2.1387e+07    0  410 2.1298e+07 2.1387e+07  0.41%     -   56s
     0     0 2.1387e+07    0  396 2.1298e+07 2.1387e+07  0.41%     -   58s
H    0     0                    2.129856e+07 2.1387e+07  0.41%     -   61s
     0     0 2.1387e+07    0  390 2.1299e+07 2.1387e+07  0.41%     -   61s
     0     0 2.1387e+07    0  385 2.1299e+07 2.1387e+07  0.41%     -   61s
     0     0 2.1387e+07    0  389 2.1299e+07 2.1387e+07  0.41%     -   61s
     0     0 2.1387e+07    0  385 2.1299e+07 2.1387e+07  0.41%     -   64s
     0     0 2.1387e+07    0  391 2.1299e+07 2.1387e+07  0.41%     -   64s
     0     0 2.1387e+07    0  392 2.1299e+07 2.1387e+07  0.41%     -   64s
     0     0 2.1387e+07    0  378 2.1299e+07 2.1387e+07  0.41%     -   66s
     0     0 2.1387e+07    0  378 2.1299e+07 2.1387e+07  0.41%     -   71s
H    0     0                    2.130126e+07 2.1387e+07  0.40%     -   76s
H    0     0                    2.130664e+07 2.1387e+07  0.38%     -   79s
H    0     0                    2.134000e+07 2.1387e+07  0.22%     -   89s
     0     2 2.1387e+07    0  378 2.1340e+07 2.1387e+07  0.22%     -   91s
    63   112 2.1386e+07    6  372 2.1340e+07 2.1386e+07  0.22%   183   95s
H   72   112                    2.134000e+07 2.1386e+07  0.22%   170   95s
H   75   112                    2.134004e+07 2.1386e+07  0.22%   167   95s
   641   734 2.1386e+07   16  358 2.1340e+07 2.1386e+07  0.22%  92.7  100s
  1169  1218 2.1384e+07   26  340 2.1340e+07 2.1386e+07  0.22%  87.2  105s
  1217  1265 2.1384e+07   27  339 2.1340e+07 2.1386e+07  0.22%  85.6  110s
  1313  1361 2.1383e+07   29  340 2.1340e+07 2.1386e+07  0.22%  83.4  116s
  1361  1406 2.1383e+07   29  337 2.1340e+07 2.1386e+07  0.22%  82.1  121s
H 1376  1406                    2.134353e+07 2.1386e+07  0.20%  81.7  121s
H 1383  1406                    2.134547e+07 2.1386e+07  0.19%  81.5  121s
H 1398  1406                    2.134608e+07 2.1386e+07  0.19%  81.3  121s
H 1404  1406                    2.134673e+07 2.1386e+07  0.19%  81.2  121s
H 1405  1406                    2.134722e+07 2.1386e+07  0.18%  81.1  121s

Cutting planes:
  Learned: 4
  Gomory: 26
  Cover: 54
  Implied bound: 2226
  Clique: 2
  MIR: 692
  Flow cover: 1113
  Relax-and-lift: 239

Explored 1412 nodes (166546 simplex iterations) in 121.30 seconds (132.17 work units)
Thread count was 48 (of 192 available processors)

Solution count 10: 2.13472e+07 2.13472e+07 2.13467e+07 ... 2.13066e+07

Optimal solution found (tolerance 2.00e-03)
Best objective 2.134722443034e+07, best bound 2.138626044372e+07, gap 0.1829%
Deleted nodefile directory: /scratch-local/lbeemster.22268487/gurobi_maxh2_0.01_sub30.0_run1
Saved model snapshot to study_case_model/figures/technical_experiment/run_26426/maxh2_0.01/sub30.0/run1/model_snapshot.pkl
Finished successfully!
