Gurobi shell based on Python 3.13.1 can be launched with command `gurobi.sh`
Gurobi Python Interface can be loaded in Python 3.13.1 with 'import gurobipy'
/var/spool/slurm/slurmd/job22270104/slurm_script: line 24: activate: No such file or directory
Solving model:, maxh2_0.0, sub30.0, run3
Read LP format model from file /scratch-local/lbeemster.22270104/tmp136lxbq8.pyomo.lp
Reading time = 3.34 seconds
x1: 178177 rows, 50050 columns, 1017984 nonzeros
Set parameter OutputFlag to value 1
Set parameter MIPGap to value 0.002
Set parameter Threads to value 48
Set parameter Presolve to value 1
Set parameter Cuts to value 1
Set parameter NodefileStart to value 1
Set parameter NodefileDir to value "/scratch-local/lbeemster.22270104/gurobi_maxh2_0.0_sub30.0_run3"
Set parameter MemLimit to value 60
Gurobi Optimizer version 12.0.3 build v12.0.3rc0 (linux64 - "Red Hat Enterprise Linux 9.6 (Plow)")

CPU model: AMD EPYC 9654 96-Core Processor, instruction set [SSE2|AVX|AVX2|AVX512]
Thread count: 192 physical cores, 192 logical processors, using up to 48 threads

Non-default parameters:
MemLimit  60
MIPGap  0.002
NodefileStart  1
Cuts  1
Presolve  1
Threads  48

Academic license 2514514 - for non-commercial use only - registered to l.___@student.vu.nl
Optimize a model with 178177 rows, 50050 columns and 1017984 nonzeros
Model fingerprint: 0xb6df3e8d
Variable types: 39426 continuous, 10624 integer (10624 binary)
Coefficient statistics:
  Matrix range     [6e-05, 1e+05]
  Objective range  [2e+00, 3e+04]
  Bounds range     [1e+00, 1e+00]
  RHS range        [3e-01, 2e+05]
Presolve removed 39321 rows and 27567 columns
Presolve time: 2.29s
Presolved: 138856 rows, 22483 columns, 772616 nonzeros
Variable types: 16771 continuous, 5712 integer (5712 binary)
Found heuristic solution: objective 1.963900e+07

Deterministic concurrent LP optimizer: primal simplex, dual simplex, and barrier
Showing barrier log only...

Root relaxation presolved: 21234 rows, 160010 columns, 793893 nonzeros

Root barrier log...

Ordering time: 0.04s

Barrier statistics:
 Free vars  : 1664
 AA' NZ     : 4.636e+05
 Factor NZ  : 1.040e+06 (roughly 80 MB of memory)
 Factor Ops : 6.179e+07 (less than 1 second per iteration)
 Threads    : 46

                  Objective                Residual
Iter       Primal          Dual         Primal    Dual     Compl     Time
   0   1.38744882e+12  3.10833200e+06  7.83e+06 3.10e+02  1.33e+08     5s
   1   9.31786764e+11 -1.78512240e+08  4.39e+06 2.68e+03  7.94e+07     5s
   2   6.72188238e+11 -2.23146158e+08  2.64e+06 1.66e+03  4.94e+07     5s
   3   4.18151902e+11 -1.63637954e+08  8.55e+05 8.26e+02  2.23e+07     5s
   4   2.82548894e+11 -1.04091947e+08  3.12e+05 4.87e+02  1.19e+07     5s
   5   2.30968990e+11 -5.64450075e+07  1.92e+05 2.34e+02  6.35e+06     5s
   6   1.88683021e+11 -4.17874360e+07  1.30e+05 1.58e+02  4.36e+06     5s
   7   1.38352090e+11 -3.48296316e+07  7.37e+04 1.26e+02  3.07e+06     5s
   8   1.05591503e+11 -2.20944470e+07  4.64e+04 7.59e+01  1.92e+06     5s
   9   8.27515140e+10 -1.21040090e+07  3.11e+04 4.09e+01  1.18e+06     6s
  10   4.22994377e+10 -7.49982744e+06  1.05e+04 2.62e+01  5.85e+05     6s
  11   2.83172269e+10 -2.35299685e+06  6.07e+03 1.03e+01  2.92e+05     6s
  12   1.00492777e+10  3.13530850e+05  1.29e+03 3.64e+00  9.06e+04     6s
  13   4.41218848e+09  1.28257196e+06  4.60e+02 1.55e+00  3.60e+04     6s
  14   2.04782985e+09  2.37729255e+06  1.88e+02 8.03e-01  1.63e+04     6s
  15   1.48803024e+09  4.79104789e+06  1.30e+02 2.44e-01  1.01e+04     6s
  16   6.92098777e+08  6.15207676e+06  5.56e+01 1.12e-01  4.53e+03     6s
  17   3.17450609e+08  8.27273104e+06  2.30e+01 4.40e-02  1.97e+03     6s
  18   1.99986699e+08  1.06310007e+07  1.37e+01 2.22e-02  1.19e+03     6s
  19   1.03190317e+08  1.49297460e+07  5.76e+00 8.94e-03  5.40e+02     6s
  20   7.29131420e+07  1.71603175e+07  3.49e+00 5.84e-03  3.39e+02     6s
  21   5.42248600e+07  1.87127754e+07  2.16e+00 3.73e-03  2.15e+02     6s
  22   4.48015860e+07  1.93897399e+07  1.51e+00 2.92e-03  1.54e+02     6s

Barrier performed 22 iterations in 6.01 seconds (5.30 work units)
Barrier solve interrupted - model solved by another algorithm

Concurrent spin time: 0.06s

Solved with primal simplex

Root relaxation: objective 2.152865e+07, 20797 iterations, 1.72 seconds (1.29 work units)

    Nodes    |    Current Node    |     Objective Bounds      |     Work
 Expl Unexpl |  Obj  Depth IntInf | Incumbent    BestBd   Gap | It/Node Time

     0     0 2.1529e+07    0  375 1.9639e+07 2.1529e+07  9.62%     -    7s
H    0     0                    2.072266e+07 2.1529e+07  3.89%     -   10s
     0     0 2.1516e+07    0  412 2.0723e+07 2.1516e+07  3.83%     -   11s
H    0     0                    2.078861e+07 2.1516e+07  3.50%     -   12s
     0     0 2.1514e+07    0  425 2.0789e+07 2.1514e+07  3.49%     -   13s
     0     0 2.1514e+07    0  451 2.0789e+07 2.1514e+07  3.49%     -   14s
H    0     0                    2.109114e+07 2.1514e+07  2.00%     -   14s
     0     0 2.1514e+07    0  454 2.1091e+07 2.1514e+07  2.00%     -   14s
     0     0 2.1514e+07    0  453 2.1091e+07 2.1514e+07  2.00%     -   14s
     0     0 2.1513e+07    0  477 2.1091e+07 2.1513e+07  2.00%     -   17s
     0     0 2.1513e+07    0  509 2.1091e+07 2.1513e+07  2.00%     -   20s
     0     0 2.1513e+07    0  517 2.1091e+07 2.1513e+07  2.00%     -   21s
     0     0 2.1512e+07    0  473 2.1091e+07 2.1512e+07  1.99%     -   24s
H    0     0                    2.116615e+07 2.1512e+07  1.63%     -   26s
     0     0 2.1512e+07    0  486 2.1166e+07 2.1512e+07  1.63%     -   26s
     0     0 2.1512e+07    0  503 2.1166e+07 2.1512e+07  1.63%     -   26s
     0     0 2.1511e+07    0  502 2.1166e+07 2.1511e+07  1.63%     -   26s
     0     0 2.1511e+07    0  502 2.1166e+07 2.1511e+07  1.63%     -   26s
     0     0 2.1511e+07    0  502 2.1166e+07 2.1511e+07  1.63%     -   26s
     0     0 2.1511e+07    0  445 2.1166e+07 2.1511e+07  1.63%     -   29s
     0     0 2.1511e+07    0  466 2.1166e+07 2.1511e+07  1.63%     -   31s
     0     0 2.1511e+07    0  458 2.1166e+07 2.1511e+07  1.63%     -   31s
     0     0 2.1511e+07    0  461 2.1166e+07 2.1511e+07  1.63%     -   32s
     0     0 2.1511e+07    0  379 2.1166e+07 2.1511e+07  1.63%     -   34s
H    0     0                    2.119779e+07 2.1511e+07  1.48%     -   36s
     0     0 2.1511e+07    0  371 2.1198e+07 2.1511e+07  1.48%     -   37s
     0     0 2.1511e+07    0  370 2.1198e+07 2.1511e+07  1.48%     -   37s
     0     0 2.1511e+07    0  374 2.1198e+07 2.1511e+07  1.48%     -   37s
     0     0 2.1510e+07    0  362 2.1198e+07 2.1510e+07  1.47%     -   39s
     0     0 2.1510e+07    0  352 2.1198e+07 2.1510e+07  1.47%     -   41s
     0     0 2.1510e+07    0  359 2.1198e+07 2.1510e+07  1.47%     -   41s
     0     0 2.1510e+07    0  323 2.1198e+07 2.1510e+07  1.47%     -   43s
H    0     0                    2.127856e+07 2.1510e+07  1.09%     -   44s
     0     0 2.1510e+07    0  318 2.1279e+07 2.1510e+07  1.09%     -   44s
     0     0 2.1510e+07    0  317 2.1279e+07 2.1510e+07  1.09%     -   44s
     0     0 2.1510e+07    0  318 2.1279e+07 2.1510e+07  1.09%     -   45s
     0     0 2.1510e+07    0  323 2.1279e+07 2.1510e+07  1.09%     -   47s
H    0     0                    2.129327e+07 2.1510e+07  1.02%     -   48s
H    0     0                    2.129399e+07 2.1510e+07  1.01%     -   50s
H    0     0                    2.130247e+07 2.1510e+07  0.97%     -   52s
     0     0 2.1510e+07    0  328 2.1302e+07 2.1510e+07  0.97%     -   52s
     0     0 2.1510e+07    0  330 2.1302e+07 2.1510e+07  0.97%     -   52s
     0     0 2.1510e+07    0  327 2.1302e+07 2.1510e+07  0.97%     -   53s
     0     0 2.1510e+07    0  324 2.1302e+07 2.1510e+07  0.97%     -   54s
     0     0 2.1510e+07    0  317 2.1302e+07 2.1510e+07  0.97%     -   57s
     0     0 2.1510e+07    0  321 2.1302e+07 2.1510e+07  0.97%     -   57s
     0     0 2.1510e+07    0  325 2.1302e+07 2.1510e+07  0.97%     -   57s
     0     0 2.1510e+07    0  303 2.1302e+07 2.1510e+07  0.97%     -   59s
H    0     0                    2.130569e+07 2.1510e+07  0.96%     -   60s
     0     0 2.1510e+07    0  300 2.1306e+07 2.1510e+07  0.96%     -   60s
     0     0 2.1510e+07    0  293 2.1306e+07 2.1510e+07  0.96%     -   60s
     0     0 2.1510e+07    0  281 2.1306e+07 2.1510e+07  0.96%     -   62s
     0     0 2.1510e+07    0  280 2.1306e+07 2.1510e+07  0.96%     -   63s
     0     0 2.1510e+07    0  276 2.1306e+07 2.1510e+07  0.96%     -   65s
     0     0 2.1510e+07    0  276 2.1306e+07 2.1510e+07  0.96%     -   70s
H    0     0                    2.136209e+07 2.1510e+07  0.69%     -   74s
H    0     0                    2.141425e+07 2.1510e+07  0.45%     -   75s
H    0     0                    2.142426e+07 2.1510e+07  0.40%     -   76s
     0     2 2.1510e+07    0  276 2.1424e+07 2.1510e+07  0.40%     -   85s
H  152   160                    2.142859e+07 2.1510e+07  0.38%   123   88s
   159   211 2.1508e+07    8  287 2.1429e+07 2.1510e+07  0.38%   122   90s
  1036  1161 2.1504e+07   23  253 2.1429e+07 2.1510e+07  0.38%  92.5   95s
H 1239  1335                    2.143398e+07 2.1510e+07  0.35%  86.5   97s
H 1268  1335                    2.144070e+07 2.1510e+07  0.32%  85.9   97s
  1465  1514 2.1504e+07   31  251 2.1441e+07 2.1510e+07  0.32%  81.5  100s
H 1519  1562                    2.144071e+07 2.1510e+07  0.32%  80.6  104s
H 1523  1562                    2.144073e+07 2.1510e+07  0.32%  80.5  104s
H 1527  1562                    2.144076e+07 2.1510e+07  0.32%  80.4  104s
H 1530  1562                    2.144083e+07 2.1510e+07  0.32%  80.4  104s
H 1544  1562                    2.144529e+07 2.1510e+07  0.30%  80.3  104s
  1561  1610 2.1504e+07   33  252 2.1445e+07 2.1510e+07  0.30%  80.0  106s
  1609  1658 2.1501e+07   33  247 2.1445e+07 2.1510e+07  0.30%  79.3  110s
H 1613  1658                    2.144565e+07 2.1510e+07  0.30%  79.2  110s
H 1620  1658                    2.145384e+07 2.1510e+07  0.26%  79.1  110s
  2967  3173 2.1501e+07   53  251 2.1454e+07 2.1510e+07  0.26%  62.9  115s
H 3033  3042                    2.146112e+07 2.1510e+07  0.23%  62.4  115s
H 4293  4328                    2.146112e+07 2.1510e+07  0.23%  56.1  119s
H 4579  4326                    2.146131e+07 2.1510e+07  0.23%  54.9  119s
  4612  4654 2.1495e+07   79  237 2.1461e+07 2.1510e+07  0.23%  54.6  120s
  6706  6640 2.1491e+07  108  214 2.1461e+07 2.1509e+07  0.22%  48.0  125s
  7905  7846 2.1486e+07  143  200 2.1461e+07 2.1509e+07  0.22%  46.7  130s
  9654  9552 2.1485e+07  186  179 2.1461e+07 2.1509e+07  0.22%  46.2  136s
 11226 11187 2.1483e+07  218  159 2.1461e+07 2.1509e+07  0.22%  46.1  141s
 13272 13026 2.1481e+07  244  131 2.1461e+07 2.1509e+07  0.22%  44.2  145s
*13850 13025             279    2.146131e+07 2.1509e+07  0.22%  44.0  145s
*13860 13021             278    2.146133e+07 2.1509e+07  0.22%  43.9  145s
Created node file directory '/scratch-local/lbeemster.22270104/gurobi_maxh2_0.0_sub30.0_run3/grbnodes0'
 14771 14548 2.1479e+07  265  127 2.1461e+07 2.1509e+07  0.22%  43.5  151s
H15494 11378                    2.147496e+07 2.1509e+07  0.16%  43.2  164s

Cutting planes:
  Learned: 1
  Gomory: 21
  Cover: 42
  Implied bound: 2983
  MIR: 830
  Flow cover: 1188
  RLT: 11
  Relax-and-lift: 311

Explored 15494 nodes (710651 simplex iterations) in 175.75 seconds (194.96 work units)
Thread count was 48 (of 192 available processors)

Solution count 10: 2.1475e+07 2.1475e+07 2.14613e+07 ... 2.14408e+07

Optimal solution found (tolerance 2.00e-03)
Best objective 2.147496063192e+07, best bound 2.150899104164e+07, gap 0.1585%
Deleted nodefile directory: /scratch-local/lbeemster.22270104/gurobi_maxh2_0.0_sub30.0_run3
Saved model snapshot to study_case_model/figures/technical_experiment/run_26426/maxh2_0.0/sub30.0/run3/model_snapshot.pkl
Finished successfully!
