Gurobi shell based on Python 3.13.1 can be launched with command `gurobi.sh`
Gurobi Python Interface can be loaded in Python 3.13.1 with 'import gurobipy'
/var/spool/slurm/slurmd/job22270337/slurm_script: line 24: activate: No such file or directory
Solving model:, maxh2_0.07, sub45.0, run3
Read LP format model from file /scratch-local/lbeemster.22270337/tmpi0pzasoa.pyomo.lp
Reading time = 1.57 seconds
x1: 178177 rows, 50050 columns, 1021312 nonzeros
Set parameter OutputFlag to value 1
Set parameter MIPGap to value 0.002
Set parameter Threads to value 48
Set parameter Presolve to value 1
Set parameter Cuts to value 1
Set parameter NodefileStart to value 1
Set parameter NodefileDir to value "/scratch-local/lbeemster.22270337/gurobi_maxh2_0.07_sub45.0_run3"
Set parameter MemLimit to value 60
Gurobi Optimizer version 12.0.3 build v12.0.3rc0 (linux64 - "Red Hat Enterprise Linux 9.6 (Plow)")

CPU model: AMD EPYC 9654 96-Core Processor, instruction set [SSE2|AVX|AVX2|AVX512]
Thread count: 192 physical cores, 192 logical processors, using up to 48 threads

Non-default parameters:
MemLimit  60
MIPGap  0.002
NodefileStart  1
Cuts  1
Presolve  1
Threads  48

Academic license 2514514 - for non-commercial use only - registered to l.___@student.vu.nl
Optimize a model with 178177 rows, 50050 columns and 1021312 nonzeros
Model fingerprint: 0x26e7a87f
Variable types: 39426 continuous, 10624 integer (10624 binary)
Coefficient statistics:
  Matrix range     [6e-05, 1e+05]
  Objective range  [2e+00, 3e+04]
  Bounds range     [1e+00, 1e+00]
  RHS range        [3e-01, 2e+05]
Presolve removed 37985 rows and 24470 columns
Presolve time: 2.92s
Presolved: 140192 rows, 25580 columns, 916031 nonzeros
Variable types: 19852 continuous, 5728 integer (5728 binary)
Found heuristic solution: objective 1.935844e+07
Found heuristic solution: objective 1.940906e+07
Found heuristic solution: objective 1.967748e+07

Deterministic concurrent LP optimizer: primal simplex, dual simplex, and barrier
Showing barrier log only...

Root relaxation presolved: 24958 rows, 165113 columns, 941107 nonzeros

Root barrier log...

Ordering time: 0.04s

Barrier statistics:
 Free vars  : 1920
 AA' NZ     : 5.477e+05
 Factor NZ  : 1.454e+06 (roughly 90 MB of memory)
 Factor Ops : 1.024e+08 (less than 1 second per iteration)
 Threads    : 46

                  Objective                Residual
Iter       Primal          Dual         Primal    Dual     Compl     Time
   0   1.41908468e+12  2.94246348e+06  7.61e+06 3.10e+02  1.33e+08     9s
   1   9.42963088e+11 -1.61697982e+08  4.27e+06 2.85e+03  8.25e+07     9s
   2   7.12101577e+11 -1.54921013e+08  2.70e+06 1.94e+03  5.51e+07     9s
   3   5.82626454e+11 -1.31432406e+08  1.85e+06 1.36e+03  3.93e+07     9s
   4   3.66445673e+11 -7.40212244e+07  6.42e+05 5.95e+02  1.66e+07     9s
   5   3.00789766e+11 -6.01143953e+07  4.21e+05 4.19e+02  1.13e+07     9s
   6   2.51938427e+11 -3.94417967e+07  2.98e+05 2.46e+02  7.25e+06     9s
   7   1.82582943e+11 -2.68216372e+07  1.58e+05 1.38e+02  4.12e+06     9s
   8   1.19066265e+11 -1.44134820e+07  6.99e+04 7.14e+01  2.06e+06     9s
   9   6.81013530e+10 -8.54637098e+06  2.58e+04 4.74e+01  1.10e+06     9s
  10   4.84508229e+10 -4.43237606e+06  1.58e+04 2.61e+01  6.49e+05     9s
  11   2.26375847e+10 -1.34683048e+06  4.70e+03 1.32e+01  2.75e+05     9s
  12   1.22103951e+10  5.37690103e+05  1.96e+03 5.48e+00  1.22e+05     9s
  13   5.11446338e+09  1.12174120e+06  6.05e+02 3.44e+00  5.29e+04     9s
  14   3.04467883e+09  2.68399850e+06  3.12e+02 1.35e+00  2.57e+04     9s
  15   1.81292208e+09  4.55891069e+06  1.67e+02 6.32e-01  1.37e+04     9s
  16   1.72167160e+09  5.19732087e+06  1.58e+02 4.64e-01  1.24e+04     9s
  17   1.18789838e+09  7.50996506e+06  1.04e+02 1.45e-01  7.60e+03    10s
  18   4.89922268e+08  8.80332875e+06  3.84e+01 6.94e-02  3.04e+03    10s
  19   2.37192546e+08  1.13979101e+07  1.64e+01 2.33e-02  1.37e+03    10s
  20   1.36552229e+08  1.49961693e+07  8.56e+00 1.04e-02  7.22e+02    10s
  21   6.62662513e+07  1.63846155e+07  3.01e+00 7.82e-03  2.94e+02    10s
  22   5.04564279e+07  1.91140426e+07  1.86e+00 5.32e-03  1.83e+02    10s
  23   4.33213478e+07  1.91761376e+07  1.39e+00 3.90e-03  1.41e+02    10s
  24   3.48977224e+07  2.01603678e+07  8.44e-01 2.71e-03  8.53e+01    10s
  25   2.91316485e+07  2.06243900e+07  4.73e-01 1.84e-03  4.91e+01    10s
  26   2.60022466e+07  2.09657608e+07  2.75e-01 1.58e-03  2.90e+01    10s
  27   2.39803268e+07  2.11698205e+07  1.48e-01 1.53e-03  1.61e+01    10s
  28   2.32217443e+07  2.12659970e+07  1.01e-01 1.05e-03  1.12e+01    10s
  29   2.25525882e+07  2.13577446e+07  5.99e-02 7.37e-04  6.84e+00    10s
  30   2.22134013e+07  2.14101870e+07  3.99e-02 5.60e-04  4.60e+00    10s

Barrier performed 30 iterations in 10.11 seconds (8.72 work units)
Barrier solve interrupted - model solved by another algorithm

Concurrent spin time: 0.50s (can be avoided by choosing Method=3)

Solved with primal simplex

Root relaxation: objective 2.155136e+07, 25315 iterations, 2.66 seconds (1.83 work units)

    Nodes    |    Current Node    |     Objective Bounds      |     Work
 Expl Unexpl |  Obj  Depth IntInf | Incumbent    BestBd   Gap | It/Node Time

     0     0 2.1551e+07    0  395 1.9677e+07 2.1551e+07  9.52%     -   12s
     0     0 2.1538e+07    0  479 1.9677e+07 2.1538e+07  9.46%     -   16s
H    0     0                    2.119402e+07 2.1538e+07  1.62%     -   17s
     0     0 2.1538e+07    0  467 2.1194e+07 2.1538e+07  1.62%     -   17s
     0     0 2.1537e+07    0  475 2.1194e+07 2.1537e+07  1.62%     -   17s
     0     0 2.1537e+07    0  481 2.1194e+07 2.1537e+07  1.62%     -   18s
     0     0 2.1536e+07    0  480 2.1194e+07 2.1536e+07  1.61%     -   20s
     0     0 2.1536e+07    0  513 2.1194e+07 2.1536e+07  1.61%     -   21s
     0     0 2.1536e+07    0  518 2.1194e+07 2.1536e+07  1.61%     -   21s
     0     0 2.1536e+07    0  519 2.1194e+07 2.1536e+07  1.61%     -   21s
     0     0 2.1535e+07    0  474 2.1194e+07 2.1535e+07  1.61%     -   25s
     0     0 2.1535e+07    0  493 2.1194e+07 2.1535e+07  1.61%     -   27s
     0     0 2.1535e+07    0  495 2.1194e+07 2.1535e+07  1.61%     -   27s
     0     0 2.1535e+07    0  496 2.1194e+07 2.1535e+07  1.61%     -   27s
     0     0 2.1534e+07    0  479 2.1194e+07 2.1534e+07  1.60%     -   31s
     0     0 2.1534e+07    0  469 2.1194e+07 2.1534e+07  1.60%     -   33s
     0     0 2.1534e+07    0  468 2.1194e+07 2.1534e+07  1.60%     -   33s
     0     0 2.1534e+07    0  465 2.1194e+07 2.1534e+07  1.60%     -   33s
     0     0 2.1534e+07    0  326 2.1194e+07 2.1534e+07  1.60%     -   36s
H    0     0                    2.123466e+07 2.1534e+07  1.41%     -   38s
     0     0 2.1534e+07    0  337 2.1235e+07 2.1534e+07  1.41%     -   38s
     0     0 2.1534e+07    0  337 2.1235e+07 2.1534e+07  1.41%     -   38s
     0     0 2.1534e+07    0  334 2.1235e+07 2.1534e+07  1.41%     -   38s
     0     0 2.1533e+07    0  332 2.1235e+07 2.1533e+07  1.41%     -   40s
H    0     0                    2.125772e+07 2.1533e+07  1.30%     -   42s
H    0     0                    2.129905e+07 2.1533e+07  1.10%     -   45s
     0     0 2.1533e+07    0  325 2.1299e+07 2.1533e+07  1.10%     -   46s
     0     0 2.1533e+07    0  320 2.1299e+07 2.1533e+07  1.10%     -   46s
     0     0 2.1533e+07    0  325 2.1299e+07 2.1533e+07  1.10%     -   46s
     0     0 2.1533e+07    0  328 2.1299e+07 2.1533e+07  1.10%     -   48s
     0     0 2.1533e+07    0  330 2.1299e+07 2.1533e+07  1.10%     -   51s
     0     0 2.1533e+07    0  320 2.1299e+07 2.1533e+07  1.10%     -   51s
     0     0 2.1533e+07    0  316 2.1299e+07 2.1533e+07  1.10%     -   53s
     0     0 2.1533e+07    0  320 2.1299e+07 2.1533e+07  1.10%     -   53s
     0     0 2.1533e+07    0  318 2.1299e+07 2.1533e+07  1.10%     -   53s
     0     0 2.1533e+07    0  308 2.1299e+07 2.1533e+07  1.10%     -   55s
     0     0 2.1533e+07    0  316 2.1299e+07 2.1533e+07  1.10%     -   57s
     0     0 2.1533e+07    0  320 2.1299e+07 2.1533e+07  1.10%     -   57s
     0     0 2.1533e+07    0  312 2.1299e+07 2.1533e+07  1.10%     -   59s
     0     0 2.1533e+07    0  311 2.1299e+07 2.1533e+07  1.10%     -   64s
H    0     0                    2.131565e+07 2.1533e+07  1.02%     -   69s
H    0     0                    2.141597e+07 2.1533e+07  0.55%     -   70s
H    0     0                    2.143794e+07 2.1533e+07  0.44%     -   72s
H    0     0                    2.143972e+07 2.1533e+07  0.44%     -   79s
H    0     0                    2.144383e+07 2.1533e+07  0.42%     -   79s
     0     2 2.1533e+07    0  310 2.1444e+07 2.1533e+07  0.42%     -   82s
    31    64 2.1533e+07    5  307 2.1444e+07 2.1533e+07  0.42%   216   86s
    63   112 2.1533e+07    6  304 2.1444e+07 2.1533e+07  0.42%   228   90s
H   66   112                    2.144725e+07 2.1533e+07  0.40%   221   90s
H   82   112                    2.144963e+07 2.1533e+07  0.39%   208   90s
H   89   112                    2.145885e+07 2.1533e+07  0.35%   199   90s
   522   638 2.1531e+07   13  306 2.1459e+07 2.1533e+07  0.34%   103   96s
  1123  1195 2.1529e+07   20  273 2.1459e+07 2.1533e+07  0.34%  88.7  101s
  1618  1667 2.1529e+07   28  262 2.1459e+07 2.1533e+07  0.34%  79.2  106s
  1666  1715 2.1529e+07   29  262 2.1459e+07 2.1533e+07  0.34%  78.2  112s
  1714  1763 2.1528e+07   30  262 2.1459e+07 2.1533e+07  0.34%  77.6  120s
H 1716  1763                    2.146853e+07 2.1533e+07  0.30%  77.6  120s
H 1736  1763                    2.146890e+07 2.1533e+07  0.30%  77.3  120s
H 1738  1763                    2.147186e+07 2.1533e+07  0.28%  77.2  120s
H 1740  1763                    2.147548e+07 2.1533e+07  0.27%  77.2  120s
  3070  3337 2.1525e+07   47  256 2.1475e+07 2.1533e+07  0.27%  59.7  125s
  5348  5577 2.1511e+07   78  241 2.1475e+07 2.1533e+07  0.27%  47.1  130s
  5978  5834 2.1515e+07  101  238 2.1475e+07 2.1533e+07  0.27%  46.6  137s
H 5983  5404                    2.148322e+07 2.1533e+07  0.23%  46.6  137s
H 5991  5399                    2.148348e+07 2.1533e+07  0.23%  46.6  137s
H 6010  5088                    2.148999e+07 2.1533e+07  0.20%  46.7  137s

Cutting planes:
  Gomory: 10
  Cover: 42
  Implied bound: 3362
  MIR: 759
  StrongCG: 1
  Flow cover: 987
  RLT: 1
  Relax-and-lift: 312

Explored 6042 nodes (328340 simplex iterations) in 137.52 seconds (156.78 work units)
Thread count was 48 (of 192 available processors)

Solution count 10: 2.149e+07 2.14835e+07 2.14832e+07 ... 2.14473e+07

Optimal solution found (tolerance 2.00e-03)
Best objective 2.148998825026e+07, best bound 2.153278665103e+07, gap 0.1992%
Deleted nodefile directory: /scratch-local/lbeemster.22270337/gurobi_maxh2_0.07_sub45.0_run3
Saved model snapshot to study_case_model/figures/technical_experiment/run_26426/maxh2_0.07/sub45.0/run3/model_snapshot.pkl
Finished successfully!
