Gurobi shell based on Python 3.13.1 can be launched with command `gurobi.sh`
Gurobi Python Interface can be loaded in Python 3.13.1 with 'import gurobipy'
/var/spool/slurm/slurmd/job22270393/slurm_script: line 24: activate: No such file or directory
Solving model:, maxh2_0.18, sub45.0, run3
Read LP format model from file /scratch-local/lbeemster.22270393/tmpcor87kuo.pyomo.lp
Reading time = 1.89 seconds
x1: 178177 rows, 50050 columns, 1021312 nonzeros
Set parameter OutputFlag to value 1
Set parameter MIPGap to value 0.002
Set parameter Threads to value 48
Set parameter Presolve to value 1
Set parameter Cuts to value 1
Set parameter NodefileStart to value 1
Set parameter NodefileDir to value "/scratch-local/lbeemster.22270393/gurobi_maxh2_0.18_sub45.0_run3"
Set parameter MemLimit to value 60
Gurobi Optimizer version 12.0.3 build v12.0.3rc0 (linux64 - "Red Hat Enterprise Linux 9.6 (Plow)")

CPU model: AMD EPYC 9654 96-Core Processor, instruction set [SSE2|AVX|AVX2|AVX512]
Thread count: 192 physical cores, 192 logical processors, using up to 48 threads

Non-default parameters:
MemLimit  60
MIPGap  0.002
NodefileStart  1
Cuts  1
Presolve  1
Threads  48

Academic license 2514514 - for non-commercial use only - registered to l.___@student.vu.nl
Optimize a model with 178177 rows, 50050 columns and 1021312 nonzeros
Model fingerprint: 0xb28e42ee
Variable types: 39426 continuous, 10624 integer (10624 binary)
Coefficient statistics:
  Matrix range     [6e-05, 1e+05]
  Objective range  [2e+00, 3e+04]
  Bounds range     [1e+00, 1e+00]
  RHS range        [3e-01, 2e+05]
Presolve removed 37489 rows and 24470 columns
Presolve time: 2.94s
Presolved: 140688 rows, 25580 columns, 914238 nonzeros
Variable types: 19852 continuous, 5728 integer (5728 binary)
Found heuristic solution: objective 1.941445e+07
Found heuristic solution: objective 1.941605e+07

Deterministic concurrent LP optimizer: primal simplex, dual simplex, and barrier
Showing barrier log only...

Root relaxation presolved: 24948 rows, 165591 columns, 939320 nonzeros

Root barrier log...

Ordering time: 0.04s

Barrier statistics:
 Free vars  : 1920
 AA' NZ     : 5.469e+05
 Factor NZ  : 1.454e+06 (roughly 90 MB of memory)
 Factor Ops : 1.023e+08 (less than 1 second per iteration)
 Threads    : 46

                  Objective                Residual
Iter       Primal          Dual         Primal    Dual     Compl     Time
   0   1.42171409e+12  2.66138122e+06  7.60e+06 3.10e+02  1.33e+08     7s
   1   9.52475258e+11 -1.61247602e+08  4.31e+06 2.85e+03  8.30e+07     7s
   2   6.09834833e+11 -1.64902716e+08  2.01e+06 1.82e+03  4.81e+07     8s
   3   4.22718993e+11 -1.14994596e+08  7.77e+05 1.01e+03  2.52e+07     8s
   4   2.98416134e+11 -7.33036890e+07  3.39e+05 5.02e+02  1.22e+07     8s
   5   2.43782078e+11 -5.58698301e+07  2.19e+05 3.27e+02  8.13e+06     8s
   6   1.67480957e+11 -3.47361611e+07  9.73e+04 1.83e+02  4.30e+06     8s
   7   1.40848851e+11 -1.78181083e+07  7.06e+04 8.73e+01  2.52e+06     8s
   8   1.10389520e+11 -9.49759200e+06  4.70e+04 5.61e+01  1.65e+06     8s
   9   6.53239591e+10 -7.40428171e+06  2.08e+04 3.42e+01  8.95e+05     8s
  10   3.77922648e+10 -4.19691432e+06  9.92e+03 2.16e+01  4.92e+05     8s
  11   2.06229797e+10 -8.10013414e+05  4.29e+03 7.89e+00  2.09e+05     8s
  12   1.53897219e+10  3.64069509e+05  2.98e+03 3.96e+00  1.33e+05     8s
  13   6.46250464e+09  1.20094207e+06  1.03e+03 1.58e+00  5.10e+04     8s
  14   3.99104514e+09  2.07588936e+06  5.95e+02 7.82e-01  2.93e+04     8s
  15   2.64457565e+09  3.64761655e+06  3.74e+02 3.80e-01  1.81e+04     8s
  16   1.84943695e+09  4.71892395e+06  2.52e+02 2.38e-01  1.22e+04     8s
  17   7.31640573e+08  6.39826287e+06  8.79e+01 7.94e-02  4.61e+03     8s
  18   3.25580662e+08  7.90500642e+06  3.52e+01 3.07e-02  1.96e+03     8s
  19   2.42303757e+08  9.80124308e+06  2.53e+01 1.71e-02  1.42e+03     8s
  20   1.78780915e+08  1.12591660e+07  1.78e+01 1.24e-02  1.01e+03     8s
  21   1.37595682e+08  1.39554395e+07  1.30e+01 1.28e-02  7.42e+02     8s
  22   8.87468319e+07  1.59442226e+07  7.39e+00 8.59e-03  4.34e+02     8s
  23   6.23552288e+07  1.87213794e+07  4.24e+00 6.22e-03  2.59e+02     8s
  24   4.81129658e+07  1.96501041e+07  2.69e+00 4.50e-03  1.68e+02     8s
  25   3.41733791e+07  2.00649050e+07  1.29e+00 2.02e-03  8.31e+01     9s
  26   3.09277536e+07  2.04254846e+07  9.50e-01 1.69e-03  6.18e+01     9s
  27   2.70212287e+07  2.08420845e+07  5.42e-01 1.34e-03  3.62e+01     9s

Barrier performed 27 iterations in 8.64 seconds (7.59 work units)
Barrier solve interrupted - model solved by another algorithm

Concurrent spin time: 0.26s (can be avoided by choosing Method=3)

Solved with primal simplex

Root relaxation: objective 2.158221e+07, 25736 iterations, 2.33 seconds (1.72 work units)
Total elapsed time = 10.24s (DegenMoves)

    Nodes    |    Current Node    |     Objective Bounds      |     Work
 Expl Unexpl |  Obj  Depth IntInf | Incumbent    BestBd   Gap | It/Node Time

     0     0 2.1582e+07    0  391 1.9416e+07 2.1582e+07  11.2%     -   11s
     0     0 2.1572e+07    0  458 1.9416e+07 2.1572e+07  11.1%     -   14s
H    0     0                    2.134627e+07 2.1572e+07  1.06%     -   16s
     0     0 2.1571e+07    0  505 2.1346e+07 2.1571e+07  1.05%     -   16s
     0     0 2.1571e+07    0  515 2.1346e+07 2.1571e+07  1.05%     -   16s
     0     0 2.1571e+07    0  522 2.1346e+07 2.1571e+07  1.05%     -   16s
     0     0 2.1571e+07    0  522 2.1346e+07 2.1571e+07  1.05%     -   17s
     0     0 2.1569e+07    0  590 2.1346e+07 2.1569e+07  1.04%     -   19s
     0     0 2.1568e+07    0  586 2.1346e+07 2.1568e+07  1.04%     -   21s
     0     0 2.1568e+07    0  583 2.1346e+07 2.1568e+07  1.04%     -   21s
     0     0 2.1568e+07    0  585 2.1346e+07 2.1568e+07  1.04%     -   21s
     0     0 2.1567e+07    0  543 2.1346e+07 2.1567e+07  1.03%     -   25s
     0     0 2.1566e+07    0  530 2.1346e+07 2.1566e+07  1.03%     -   27s
     0     0 2.1566e+07    0  540 2.1346e+07 2.1566e+07  1.03%     -   27s
     0     0 2.1566e+07    0  539 2.1346e+07 2.1566e+07  1.03%     -   28s
     0     0 2.1566e+07    0  540 2.1346e+07 2.1566e+07  1.03%     -   28s
     0     0 2.1566e+07    0  545 2.1346e+07 2.1566e+07  1.03%     -   28s
     0     0 2.1566e+07    0  544 2.1346e+07 2.1566e+07  1.03%     -   28s
     0     0 2.1566e+07    0  548 2.1346e+07 2.1566e+07  1.03%     -   32s
     0     0 2.1566e+07    0  537 2.1346e+07 2.1566e+07  1.03%     -   34s
     0     0 2.1566e+07    0  528 2.1346e+07 2.1566e+07  1.03%     -   34s
     0     0 2.1566e+07    0  529 2.1346e+07 2.1566e+07  1.03%     -   34s
     0     0 2.1566e+07    0  528 2.1346e+07 2.1566e+07  1.03%     -   35s
     0     0 2.1565e+07    0  436 2.1346e+07 2.1565e+07  1.03%     -   38s
     0     0 2.1565e+07    0  435 2.1346e+07 2.1565e+07  1.03%     -   39s
     0     0 2.1565e+07    0  439 2.1346e+07 2.1565e+07  1.03%     -   40s
     0     0 2.1565e+07    0  441 2.1346e+07 2.1565e+07  1.03%     -   40s
     0     0 2.1565e+07    0  422 2.1346e+07 2.1565e+07  1.03%     -   42s
H    0     0                    2.137088e+07 2.1565e+07  0.91%     -   46s
     0     0 2.1565e+07    0  430 2.1371e+07 2.1565e+07  0.91%     -   46s
     0     0 2.1565e+07    0  430 2.1371e+07 2.1565e+07  0.91%     -   47s
     0     0 2.1565e+07    0  426 2.1371e+07 2.1565e+07  0.91%     -   49s
     0     0 2.1565e+07    0  442 2.1371e+07 2.1565e+07  0.91%     -   51s
     0     0 2.1565e+07    0  434 2.1371e+07 2.1565e+07  0.91%     -   52s
     0     0 2.1565e+07    0  430 2.1371e+07 2.1565e+07  0.91%     -   52s
     0     0 2.1565e+07    0  400 2.1371e+07 2.1565e+07  0.91%     -   54s
     0     0 2.1565e+07    0  418 2.1371e+07 2.1565e+07  0.91%     -   54s
     0     0 2.1565e+07    0  415 2.1371e+07 2.1565e+07  0.91%     -   54s
     0     0 2.1565e+07    0  399 2.1371e+07 2.1565e+07  0.91%     -   57s
     0     0 2.1565e+07    0  404 2.1371e+07 2.1565e+07  0.91%     -   59s
     0     0 2.1565e+07    0  406 2.1371e+07 2.1565e+07  0.91%     -   59s
     0     0 2.1565e+07    0  411 2.1371e+07 2.1565e+07  0.91%     -   59s
     0     0 2.1565e+07    0  392 2.1371e+07 2.1565e+07  0.91%     -   62s
     0     0 2.1565e+07    0  395 2.1371e+07 2.1565e+07  0.91%     -   62s
     0     0 2.1565e+07    0  395 2.1371e+07 2.1565e+07  0.91%     -   62s
     0     0 2.1565e+07    0  383 2.1371e+07 2.1565e+07  0.91%     -   64s
     0     0 2.1565e+07    0  383 2.1371e+07 2.1565e+07  0.91%     -   70s
H    0     0                    2.137661e+07 2.1565e+07  0.88%     -   78s
H    0     0                    2.142859e+07 2.1565e+07  0.64%     -   79s
H    0     0                    2.147379e+07 2.1565e+07  0.42%     -   80s
H    0     0                    2.147855e+07 2.1565e+07  0.40%     -   81s
H    0     0                    2.148786e+07 2.1565e+07  0.36%     -   89s
     0     2 2.1565e+07    0  383 2.1488e+07 2.1565e+07  0.36%     -   91s
    31    64 2.1565e+07    5  379 2.1488e+07 2.1565e+07  0.36%   104   95s
H   80   112                    2.148797e+07 2.1565e+07  0.36%  86.9   99s
H   86   112                    2.149664e+07 2.1565e+07  0.32%  85.2   99s
   111   346 2.1565e+07    7  375 2.1497e+07 2.1565e+07  0.32%   107  101s
   436   495 2.1563e+07   11  384 2.1497e+07 2.1565e+07  0.32%  76.4  105s
   661   710 2.1563e+07   14  368 2.1497e+07 2.1565e+07  0.32%  85.1  110s
  1271  1474 2.1562e+07   25  352 2.1497e+07 2.1565e+07  0.32%  82.5  116s
  1477  1522 2.1561e+07   26  354 2.1497e+07 2.1565e+07  0.32%  79.3  120s
  1525  1570 2.1561e+07   26  365 2.1497e+07 2.1565e+07  0.32%  79.5  127s
H 1536  1570                    2.149665e+07 2.1565e+07  0.32%  79.7  127s
  1935  2322 2.1560e+07   31  334 2.1497e+07 2.1565e+07  0.32%  75.9  131s
  3051  3374 2.1559e+07   65  261 2.1497e+07 2.1565e+07  0.32%  61.8  135s
H 3584  3914                    2.150197e+07 2.1565e+07  0.29%  58.2  136s
  4848  5045 2.1557e+07   91  251 2.1502e+07 2.1565e+07  0.29%  51.8  141s
  6256  6548 2.1555e+07  122  226 2.1502e+07 2.1565e+07  0.29%  46.5  145s
  8155  8404 2.1551e+07  159  220 2.1502e+07 2.1565e+07  0.29%  43.6  150s
H 8723  8435                    2.150203e+07 2.1565e+07  0.29%  42.7  153s
  8775  8929 2.1549e+07  181  204 2.1502e+07 2.1565e+07  0.29%  42.7  155s
H10114  8787                    2.151213e+07 2.1564e+07  0.24%  41.3  159s
 10210  9271 2.1539e+07  207  192 2.1512e+07 2.1564e+07  0.24%  41.2  161s
 11517 10426 2.1544e+07  216  191 2.1512e+07 2.1564e+07  0.24%  40.9  165s
H11826 10290                    2.151411e+07 2.1564e+07  0.23%  40.5  165s
H11846 10155                    2.151653e+07 2.1564e+07  0.22%  40.5  165s
 13538 12152 2.1542e+07  279  156 2.1517e+07 2.1564e+07  0.22%  39.0  171s
H13679 12152                    2.151653e+07 2.1564e+07  0.22%  38.7  171s
H13774 11900                    2.151871e+07 2.1564e+07  0.21%  38.6  171s
 14065 11898 2.1536e+07  300  148 2.1519e+07 2.1564e+07  0.21%  38.4  175s
 14127 11944 2.1536e+07  301  146 2.1519e+07 2.1564e+07  0.21%  38.3  184s
 14175 11992 2.1536e+07  302  144 2.1519e+07 2.1564e+07  0.21%  38.4  191s
 14223 12046 2.1536e+07  303  144 2.1519e+07 2.1564e+07  0.21%  38.4  201s
H14228 10843                    2.153208e+07 2.1564e+07  0.15%  38.4  201s
H14255 10841                    2.153211e+07 2.1564e+07  0.15%  38.4  201s

Cutting planes:
  Gomory: 21
  Cover: 47
  Implied bound: 3289
  MIR: 750
  Flow cover: 1022
  RLT: 2
  Relax-and-lift: 241

Explored 14279 nodes (596539 simplex iterations) in 201.97 seconds (197.93 work units)
Thread count was 48 (of 192 available processors)

Solution count 10: 2.15321e+07 2.15321e+07 2.15187e+07 ... 2.14785e+07

Optimal solution found (tolerance 2.00e-03)
Best objective 2.153210573581e+07, best bound 2.156442849338e+07, gap 0.1501%
Deleted nodefile directory: /scratch-local/lbeemster.22270393/gurobi_maxh2_0.18_sub45.0_run3
Saved model snapshot to study_case_model/figures/technical_experiment/run_26426/maxh2_0.18/sub45.0/run3/model_snapshot.pkl
Finished successfully!
