Gurobi shell based on Python 3.13.1 can be launched with command `gurobi.sh`
Gurobi Python Interface can be loaded in Python 3.13.1 with 'import gurobipy'
/var/spool/slurm/slurmd/job22269735/slurm_script: line 24: activate: No such file or directory
Solving model:, maxh2_0.16, sub45.0, run2
Read LP format model from file /scratch-local/lbeemster.22269735/tmpi_ugliwh.pyomo.lp
Reading time = 1.31 seconds
x1: 178177 rows, 50050 columns, 1021312 nonzeros
Set parameter OutputFlag to value 1
Set parameter MIPGap to value 0.002
Set parameter Threads to value 48
Set parameter Presolve to value 1
Set parameter Cuts to value 1
Set parameter NodefileStart to value 1
Set parameter NodefileDir to value "/scratch-local/lbeemster.22269735/gurobi_maxh2_0.16_sub45.0_run2"
Set parameter MemLimit to value 60
Gurobi Optimizer version 12.0.3 build v12.0.3rc0 (linux64 - "Red Hat Enterprise Linux 9.6 (Plow)")

CPU model: AMD EPYC 9654 96-Core Processor, instruction set [SSE2|AVX|AVX2|AVX512]
Thread count: 192 physical cores, 192 logical processors, using up to 48 threads

Non-default parameters:
MemLimit  60
MIPGap  0.002
NodefileStart  1
Cuts  1
Presolve  1
Threads  48

Academic license 2514514 - for non-commercial use only - registered to l.___@student.vu.nl
Optimize a model with 178177 rows, 50050 columns and 1021312 nonzeros
Model fingerprint: 0x89cfe242
Variable types: 39426 continuous, 10624 integer (10624 binary)
Coefficient statistics:
  Matrix range     [6e-05, 1e+05]
  Objective range  [2e+00, 3e+04]
  Bounds range     [1e+00, 1e+00]
  RHS range        [3e-01, 2e+05]
Presolve removed 37785 rows and 24630 columns
Presolve time: 2.85s
Presolved: 140392 rows, 25420 columns, 907811 nonzeros
Variable types: 19732 continuous, 5688 integer (5688 binary)
Found heuristic solution: objective 1.956519e+07

Deterministic concurrent LP optimizer: primal simplex, dual simplex, and barrier
Showing barrier log only...

Root relaxation presolved: 24981 rows, 165259 columns, 932809 nonzeros

Root barrier log...

Ordering time: 0.04s

Barrier statistics:
 Free vars  : 1920
 AA' NZ     : 5.366e+05
 Factor NZ  : 1.440e+06 (roughly 90 MB of memory)
 Factor Ops : 1.000e+08 (less than 1 second per iteration)
 Threads    : 46

                  Objective                Residual
Iter       Primal          Dual         Primal    Dual     Compl     Time
   0   1.41989681e+12  2.72788922e+06  7.60e+06 3.21e+02  1.35e+08     7s
   1   8.59990034e+11 -1.58472762e+08  3.68e+06 2.89e+03  7.86e+07     7s
   2   4.90507136e+11 -1.31090050e+08  1.18e+06 1.57e+03  3.76e+07     7s
   3   3.13193989e+11 -4.22564630e+07  2.97e+05 5.28e+02  1.29e+07     7s
   4   2.09054835e+11 -1.92816612e+07  1.05e+05 2.67e+02  6.04e+06     7s
   5   1.39614376e+11 -4.35806173e+06  5.02e+04 1.11e+02  2.69e+06     7s
   6   1.11493790e+11  1.98255974e+05  3.38e+04 6.69e+01  1.74e+06     7s
   7   8.60977055e+10  1.39357147e+06  2.34e+04 4.51e+01  1.19e+06     8s
   8   6.58338622e+10  1.83314904e+06  1.63e+04 2.86e+01  7.97e+05     8s
   9   3.18029252e+10  2.03852007e+06  5.71e+03 1.37e+01  3.48e+05     8s
  10   1.77473057e+10  2.06661885e+06  2.65e+03 7.21e+00  1.76e+05     8s
  11   1.51377669e+10  2.10167811e+06  2.19e+03 3.97e+00  1.28e+05     8s
  12   1.15780091e+10  2.36085323e+06  1.60e+03 1.47e+00  8.28e+04     8s
  13   2.47869287e+09  2.82404902e+06  2.51e+02 8.30e-01  1.93e+04     8s
  14   1.87672100e+09  4.57982403e+06  1.81e+02 4.46e-01  1.31e+04     8s
  15   1.04041178e+09  6.90789933e+06  9.37e+01 1.70e-01  6.73e+03     8s
  16   7.39366920e+08  8.41826163e+06  6.49e+01 7.75e-02  4.56e+03     8s
  17   2.29477146e+08  9.66349273e+06  1.73e+01 4.36e-02  1.37e+03     8s
  18   1.42185211e+08  1.26345150e+07  9.83e+00 1.77e-02  7.88e+02     8s
  19   8.90263854e+07  1.64131459e+07  5.06e+00 6.82e-03  4.31e+02     8s
  20   6.73096441e+07  1.91736294e+07  3.36e+00 2.95e-03  2.82e+02     8s
  21   6.04811325e+07  1.92049541e+07  2.86e+00 2.39e-03  2.42e+02     8s
  22   4.22996151e+07  1.91746692e+07  1.51e+00 1.53e-03  1.35e+02     8s
  23   3.03423420e+07  1.99528180e+07  6.16e-01 2.62e-03  6.01e+01     8s
  24   2.82015381e+07  2.02798592e+07  4.73e-01 1.57e-03  4.58e+01     8s
  25   2.51749429e+07  2.05764540e+07  2.69e-01 1.60e-03  2.65e+01     8s
  26   2.38541054e+07  2.06782194e+07  1.79e-01 1.42e-03  1.83e+01     8s
  27   2.26021070e+07  2.08811173e+07  9.11e-02 8.50e-04  9.87e+00     8s

Barrier performed 27 iterations in 8.37 seconds (7.31 work units)
Barrier solve interrupted - model solved by another algorithm

Concurrent spin time: 0.75s (can be avoided by choosing Method=3)

Solved with primal simplex

Root relaxation: objective 2.112663e+07, 26517 iterations, 2.50 seconds (1.82 work units)
Total elapsed time = 10.22s (DegenMoves)

    Nodes    |    Current Node    |     Objective Bounds      |     Work
 Expl Unexpl |  Obj  Depth IntInf | Incumbent    BestBd   Gap | It/Node Time

     0     0 2.1127e+07    0  458 1.9565e+07 2.1127e+07  7.98%     -   11s
     0     0 2.1121e+07    0  551 1.9565e+07 2.1121e+07  7.95%     -   14s
H    0     0                    2.066601e+07 2.1121e+07  2.20%     -   15s
     0     0 2.1117e+07    0  591 2.0666e+07 2.1117e+07  2.18%     -   16s
     0     0 2.1116e+07    0  611 2.0666e+07 2.1116e+07  2.18%     -   16s
     0     0 2.1116e+07    0  615 2.0666e+07 2.1116e+07  2.18%     -   17s
     0     0 2.1113e+07    0  646 2.0666e+07 2.1113e+07  2.16%     -   20s
H    0     0                    2.084535e+07 2.1113e+07  1.29%     -   21s
     0     0 2.1112e+07    0  675 2.0845e+07 2.1112e+07  1.28%     -   22s
     0     0 2.1112e+07    0  686 2.0845e+07 2.1112e+07  1.28%     -   22s
     0     0 2.1112e+07    0  689 2.0845e+07 2.1112e+07  1.28%     -   22s
     0     0 2.1112e+07    0  689 2.0845e+07 2.1112e+07  1.28%     -   22s
     0     0 2.1112e+07    0  690 2.0845e+07 2.1112e+07  1.28%     -   23s
     0     0 2.1106e+07    0  628 2.0845e+07 2.1106e+07  1.25%     -   26s
     0     0 2.1105e+07    0  668 2.0845e+07 2.1105e+07  1.25%     -   28s
     0     0 2.1105e+07    0  679 2.0845e+07 2.1105e+07  1.25%     -   29s
     0     0 2.1105e+07    0  689 2.0845e+07 2.1105e+07  1.25%     -   29s
     0     0 2.1105e+07    0  694 2.0845e+07 2.1105e+07  1.25%     -   29s
     0     0 2.1103e+07    0  625 2.0845e+07 2.1103e+07  1.23%     -   33s
     0     0 2.1102e+07    0  659 2.0845e+07 2.1102e+07  1.23%     -   34s
     0     0 2.1102e+07    0  659 2.0845e+07 2.1102e+07  1.23%     -   35s
     0     0 2.1102e+07    0  656 2.0845e+07 2.1102e+07  1.23%     -   35s
     0     0 2.1102e+07    0  658 2.0845e+07 2.1102e+07  1.23%     -   35s
     0     0 2.1101e+07    0  576 2.0845e+07 2.1101e+07  1.22%     -   39s
H    0     0                    2.091842e+07 2.1100e+07  0.87%     -   42s
     0     0 2.1100e+07    0  578 2.0918e+07 2.1100e+07  0.87%     -   42s
     0     0 2.1100e+07    0  586 2.0918e+07 2.1100e+07  0.87%     -   42s
     0     0 2.1100e+07    0  590 2.0918e+07 2.1100e+07  0.87%     -   42s
     0     0 2.1100e+07    0  610 2.0918e+07 2.1100e+07  0.87%     -   45s
     0     0 2.1100e+07    0  619 2.0918e+07 2.1100e+07  0.87%     -   48s
     0     0 2.1100e+07    0  625 2.0918e+07 2.1100e+07  0.87%     -   49s
     0     0 2.1100e+07    0  625 2.0918e+07 2.1100e+07  0.87%     -   49s
     0     0 2.1100e+07    0  631 2.0918e+07 2.1100e+07  0.87%     -   52s
     0     0 2.1100e+07    0  656 2.0918e+07 2.1100e+07  0.87%     -   53s
     0     0 2.1100e+07    0  642 2.0918e+07 2.1100e+07  0.87%     -   53s
     0     0 2.1100e+07    0  658 2.0918e+07 2.1100e+07  0.87%     -   54s
     0     0 2.1100e+07    0  662 2.0918e+07 2.1100e+07  0.87%     -   54s
     0     0 2.1099e+07    0  642 2.0918e+07 2.1099e+07  0.87%     -   57s
     0     0 2.1099e+07    0  643 2.0918e+07 2.1099e+07  0.86%     -   62s
     0     0 2.1099e+07    0  637 2.0918e+07 2.1099e+07  0.86%     -   63s
     0     0 2.1099e+07    0  637 2.0918e+07 2.1099e+07  0.86%     -   63s
     0     0 2.1099e+07    0  639 2.0918e+07 2.1099e+07  0.86%     -   66s
     0     0 2.1099e+07    0  644 2.0918e+07 2.1099e+07  0.86%     -   68s
     0     0 2.1099e+07    0  654 2.0918e+07 2.1099e+07  0.86%     -   69s
     0     0 2.1099e+07    0  632 2.0918e+07 2.1099e+07  0.86%     -   71s
     0     0 2.1099e+07    0  624 2.0918e+07 2.1099e+07  0.86%     -   72s
     0     0 2.1099e+07    0  622 2.0918e+07 2.1099e+07  0.86%     -   72s
     0     0 2.1099e+07    0  623 2.0918e+07 2.1099e+07  0.86%     -   75s
     0     0 2.1099e+07    0  634 2.0918e+07 2.1099e+07  0.86%     -   77s
     0     0 2.1099e+07    0  631 2.0918e+07 2.1099e+07  0.86%     -   78s
     0     0 2.1099e+07    0  619 2.0918e+07 2.1099e+07  0.86%     -   80s
     0     0 2.1099e+07    0  619 2.0918e+07 2.1099e+07  0.86%     -   87s
H    0     0                    2.094788e+07 2.1099e+07  0.72%     -   97s
H    0     0                    2.095042e+07 2.1099e+07  0.71%     -   99s
     0     2 2.1099e+07    0  619 2.0950e+07 2.1099e+07  0.71%     -  101s
    31    64 2.1090e+07    5  613 2.0950e+07 2.1098e+07  0.70%   404  106s
   346   417 2.1088e+07   12  606 2.0950e+07 2.1097e+07  0.70%   167  110s
   472   535 2.1056e+07   14  592 2.0950e+07 2.1097e+07  0.70%   174  117s
   751   798 2.1080e+07   17  565 2.0950e+07 2.1097e+07  0.70%   177  120s
   872   888 2.1079e+07   18  559 2.0950e+07 2.1097e+07  0.70%   183  129s
   934   947 2.1079e+07   19  560 2.0950e+07 2.1097e+07  0.70%   188  134s
  1007   992 2.1076e+07   19  561 2.0950e+07 2.1097e+07  0.70%   187  136s
  1058  1034 2.1076e+07   20  550 2.0950e+07 2.1097e+07  0.70%   189  140s
H 1075  1034                    2.096459e+07 2.1097e+07  0.63%   194  140s
H 1077  1034                    2.097771e+07 2.1097e+07  0.57%   194  140s
  1527  1495 2.1063e+07   26  528 2.0978e+07 2.1097e+07  0.57%   204  145s
  1960  1932 2.1058e+07   30  522 2.0978e+07 2.1096e+07  0.56%   198  150s
H 2271  2162                    2.098018e+07 2.1096e+07  0.55%   191  153s
  2325  2337 2.1058e+07   33  518 2.0980e+07 2.1096e+07  0.55%   189  156s
  3040  3024 2.1053e+07   40  492 2.0980e+07 2.1096e+07  0.55%   170  160s
H 3377  3162                    2.098018e+07 2.1096e+07  0.55%   164  162s
  3645  3382 2.1044e+07   47  467 2.0980e+07 2.1095e+07  0.55%   162  167s
  3695  3429 2.1045e+07   48  457 2.0980e+07 2.1095e+07  0.55%   162  173s
H 3696  3398                    2.098117e+07 2.1095e+07  0.54%   162  173s
H 3699  3218                    2.098625e+07 2.1095e+07  0.52%   162  173s
H 3703  3061                    2.099153e+07 2.1095e+07  0.49%   162  173s
H 3720  2990                    2.099427e+07 2.1095e+07  0.48%   162  173s
  4001  3459 2.1044e+07   55  447 2.0994e+07 2.1095e+07  0.48%   160  176s
  4929  4312 2.1043e+07   79  403 2.0994e+07 2.1095e+07  0.48%   147  181s
H 4985  4307                    2.099441e+07 2.1095e+07  0.48%   146  181s
  5456  4964 2.1043e+07   86  393 2.0994e+07 2.1095e+07  0.48%   141  186s
  6248  5712 2.1041e+07   93  368 2.0994e+07 2.1095e+07  0.48%   136  196s
H 6259  5712                    2.099441e+07 2.1095e+07  0.48%   136  196s
  7212  6890 2.1040e+07  117  326 2.0994e+07 2.1095e+07  0.48%   126  200s
  8243  7576 2.1039e+07  122  321 2.0994e+07 2.1095e+07  0.48%   116  206s
  9195  8725 2.1037e+07  135  318 2.0994e+07 2.1094e+07  0.48%   110  212s
 10466 10059 2.1037e+07  149  316 2.0994e+07 2.1094e+07  0.48%   104  218s
 11115 10956 2.1036e+07  163  308 2.0994e+07 2.1094e+07  0.48%   100  221s
 12185 12241 2.1035e+07  183  295 2.0994e+07 2.1094e+07  0.48%  96.0  227s
 14421 14262 2.1034e+07  231  247 2.0994e+07 2.1094e+07  0.47%  87.2  232s
Created node file directory '/scratch-local/lbeemster.22269735/gurobi_maxh2_0.16_sub45.0_run2/grbnodes0'
H15464 14260                    2.099455e+07 2.1094e+07  0.47%  84.5  240s
 15465 14261 2.1037e+07  128  619 2.0995e+07 2.1094e+07  0.47%  84.5  280s
H15466 13548                    2.099455e+07 2.1088e+07  0.44%  84.5  427s
H15466 12871                    2.099805e+07 2.1088e+07  0.43%  84.5  427s
H15466 12227                    2.099961e+07 2.1088e+07  0.42%  84.5  427s
H15466 11616                    2.100438e+07 2.1088e+07  0.40%  84.5  427s
 15468 11617 2.1077e+07   17  450 2.1004e+07 2.1088e+07  0.40%  84.5  434s
H15468 11036                    2.101001e+07 2.1087e+07  0.37%  84.5  435s
 15470 11037 2.1041e+07  152  538 2.1010e+07 2.1087e+07  0.37%  84.5  440s
H15470 10485                    2.101479e+07 2.1087e+07  0.34%  84.5  440s
H15474  9964                    2.101692e+07 2.1086e+07  0.33%  84.4  531s
H15474  9465                    2.101722e+07 2.1086e+07  0.33%  84.4  531s
H15474  8992                    2.101882e+07 2.1086e+07  0.32%  84.4  531s
H15474  8542                    2.102138e+07 2.1086e+07  0.31%  84.4  531s
H15474  8115                    2.102317e+07 2.1086e+07  0.30%  84.4  531s
 15476  8116 2.1040e+07  155  568 2.1023e+07 2.1086e+07  0.30%  84.4  535s
H15477  7711                    2.103029e+07 2.1084e+07  0.26%  84.4  648s
H15477  7325                    2.103064e+07 2.1084e+07  0.25%  84.4  648s
H15477  6958                    2.103069e+07 2.1084e+07  0.25%  84.4  648s
H15477  6610                    2.103179e+07 2.1084e+07  0.25%  84.4  648s
H15477  6280                    2.103355e+07 2.1084e+07  0.24%  84.4  648s
H15477  5965                    2.103558e+07 2.1084e+07  0.23%  84.4  648s
H15477  5667                    2.103592e+07 2.1084e+07  0.23%  84.4  648s
 15479  5668 2.1036e+07   88  497 2.1036e+07 2.1084e+07  0.23%  84.4  651s
 15481  5670 2.1041e+07  154  517 2.1036e+07 2.1083e+07  0.22%  84.4  751s
 15483  5671 2.1040e+07  118  498 2.1036e+07 2.1082e+07  0.22%  84.4  755s
 15484  5672 2.1036e+07   83  501 2.1036e+07 2.1081e+07  0.22%  84.4  850s
 15486  5673 2.1042e+07  137  497 2.1036e+07 2.1081e+07  0.21%  84.4  943s
 15487  5674 2.1038e+07  151  483 2.1036e+07 2.1081e+07  0.21%  84.4  947s
 15489  5675 2.1062e+07   29  490 2.1036e+07 2.1080e+07  0.21%  84.4 1053s
 15490  5676 2.1036e+07  178  480 2.1036e+07 2.1080e+07  0.21%  84.3 1056s
 15491  5676 2.1079e+07    9  476 2.1036e+07 2.1079e+07  0.20%  84.3 1182s
 15492  5677 2.1038e+07  168  482 2.1036e+07 2.1079e+07  0.20%  84.3 1186s
H15492  5393                    2.103633e+07 2.1078e+07  0.20%  84.3 1277s
H15492  5122                    2.103658e+07 2.1078e+07  0.20%  84.3 1277s
H15492  4866                    2.103675e+07 2.1078e+07  0.20%  84.3 1277s

Cutting planes:
  Gomory: 42
  Cover: 4
  Implied bound: 634
  MIR: 701
  Flow cover: 934
  GUB cover: 1
  RLT: 4
  Relax-and-lift: 619

Explored 15492 nodes (1436905 simplex iterations) in 1277.51 seconds (1536.17 work units)
Thread count was 48 (of 192 available processors)

Solution count 10: 2.10368e+07 2.10366e+07 2.10363e+07 ... 2.10303e+07

Optimal solution found (tolerance 2.00e-03)
Best objective 2.103675046583e+07, best bound 2.107799951206e+07, gap 0.1961%
Deleted nodefile directory: /scratch-local/lbeemster.22269735/gurobi_maxh2_0.16_sub45.0_run2
Saved model snapshot to study_case_model/figures/technical_experiment/run_26426/maxh2_0.16/sub45.0/run2/model_snapshot.pkl
Finished successfully!
