Gurobi shell based on Python 3.13.1 can be launched with command `gurobi.sh`
Gurobi Python Interface can be loaded in Python 3.13.1 with 'import gurobipy'
/var/spool/slurm/slurmd/job22270392/slurm_script: line 24: activate: No such file or directory
Solving model:, maxh2_0.17, sub45.0, run3
Read LP format model from file /scratch-local/lbeemster.22270392/tmp_o18b7zh.pyomo.lp
Reading time = 1.18 seconds
x1: 178177 rows, 50050 columns, 1021312 nonzeros
Set parameter OutputFlag to value 1
Set parameter MIPGap to value 0.002
Set parameter Threads to value 48
Set parameter Presolve to value 1
Set parameter Cuts to value 1
Set parameter NodefileStart to value 1
Set parameter NodefileDir to value "/scratch-local/lbeemster.22270392/gurobi_maxh2_0.17_sub45.0_run3"
Set parameter MemLimit to value 60
Gurobi Optimizer version 12.0.3 build v12.0.3rc0 (linux64 - "Red Hat Enterprise Linux 9.6 (Plow)")

CPU model: AMD EPYC 9654 96-Core Processor, instruction set [SSE2|AVX|AVX2|AVX512]
Thread count: 192 physical cores, 192 logical processors, using up to 48 threads

Non-default parameters:
MemLimit  60
MIPGap  0.002
NodefileStart  1
Cuts  1
Presolve  1
Threads  48

Academic license 2514514 - for non-commercial use only - registered to l.___@student.vu.nl
Optimize a model with 178177 rows, 50050 columns and 1021312 nonzeros
Model fingerprint: 0xdc76aa9c
Variable types: 39426 continuous, 10624 integer (10624 binary)
Coefficient statistics:
  Matrix range     [6e-05, 1e+05]
  Objective range  [2e+00, 3e+04]
  Bounds range     [1e+00, 1e+00]
  RHS range        [3e-01, 2e+05]
Presolve removed 37521 rows and 24470 columns
Presolve time: 2.94s
Presolved: 140656 rows, 25580 columns, 913933 nonzeros
Variable types: 19852 continuous, 5728 integer (5728 binary)
Found heuristic solution: objective 1.938728e+07
Found heuristic solution: objective 1.941642e+07

Deterministic concurrent LP optimizer: primal simplex, dual simplex, and barrier
Showing barrier log only...

Root relaxation presolved: 24951 rows, 165562 columns, 939019 nonzeros

Root barrier log...

Ordering time: 0.04s

Barrier statistics:
 Free vars  : 1920
 AA' NZ     : 5.468e+05
 Factor NZ  : 1.454e+06 (roughly 90 MB of memory)
 Factor Ops : 1.023e+08 (less than 1 second per iteration)
 Threads    : 46

                  Objective                Residual
Iter       Primal          Dual         Primal    Dual     Compl     Time
   0   1.42167328e+12  2.69001470e+06  7.58e+06 3.10e+02  1.33e+08     7s
   1   9.49818489e+11 -1.61413890e+08  4.28e+06 2.85e+03  8.28e+07     7s
   2   6.12164122e+11 -1.64874547e+08  2.02e+06 1.81e+03  4.81e+07     8s
   3   4.16186477e+11 -1.14008972e+08  7.34e+05 9.88e+02  2.46e+07     8s
   4   2.99758009e+11 -7.21615325e+07  3.38e+05 4.78e+02  1.19e+07     8s
   5   2.53212316e+11 -4.96431633e+07  2.36e+05 3.00e+02  7.92e+06     8s
   6   1.70467222e+11 -3.51587694e+07  1.04e+05 1.88e+02  4.45e+06     8s
   7   1.64787289e+11 -2.24400199e+07  9.81e+04 1.04e+02  3.12e+06     8s
   8   1.05564107e+11 -1.37617721e+07  4.36e+04 7.04e+01  1.79e+06     8s
   9   6.58195776e+10 -7.49476370e+06  2.04e+04 4.01e+01  9.60e+05     8s
  10   3.59060180e+10 -4.09146958e+06  8.16e+03 2.43e+01  5.00e+05     8s
  11   1.90180921e+10 -1.24973904e+06  2.91e+03 1.19e+01  2.29e+05     8s
  12   1.04830867e+10  3.74917078e+05  1.35e+03 5.33e+00  1.06e+05     8s
  13   4.77845622e+09  1.03152674e+06  4.41e+02 3.07e+00  4.76e+04     8s
  14   2.83663167e+09  2.17604778e+06  2.30e+02 1.40e+00  2.44e+04     8s
  15   2.06236867e+09  3.82987755e+06  1.57e+02 6.73e-01  1.54e+04     8s
  16   1.52670340e+09  4.93139277e+06  1.12e+02 4.06e-01  1.07e+04     8s
  17   9.41781542e+08  7.39311556e+06  6.44e+01 1.29e-01  5.90e+03     8s
  18   3.96731160e+08  8.27589219e+06  2.43e+01 7.43e-02  2.43e+03     8s
  19   1.89308216e+08  1.10321052e+07  9.74e+00 1.98e-02  1.06e+03     8s
  20   1.29289687e+08  1.23577149e+07  6.02e+00 1.38e-02  6.87e+02     8s
  21   8.70586773e+07  1.49830195e+07  3.37e+00 6.89e-03  4.17e+02     8s
  22   6.86428536e+07  1.79712413e+07  2.30e+00 6.69e-03  2.91e+02     8s
  23   4.97746331e+07  1.95897450e+07  1.28e+00 3.52e-03  1.72e+02     8s
  24   3.82680114e+07  1.92432708e+07  7.72e-01 2.03e-03  1.08e+02     8s
  25   2.97141312e+07  2.03320383e+07  3.52e-01 1.85e-03  5.33e+01     8s
  26   2.76158220e+07  2.07694084e+07  2.59e-01 1.44e-03  3.88e+01     8s
  27   2.42589909e+07  2.10544272e+07  1.12e-01 1.16e-03  1.81e+01     8s
  28   2.36045936e+07  2.11929810e+07  8.39e-02 1.15e-03  1.36e+01     9s
  29   2.26683412e+07  2.13114115e+07  4.49e-02 8.60e-04  7.67e+00     9s
  30   2.23248325e+07  2.14161505e+07  3.08e-02 7.04e-04  5.13e+00     9s
  31   2.20402569e+07  2.14766957e+07  1.94e-02 4.26e-04  3.18e+00     9s
  32   2.17903119e+07  2.14960209e+07  9.82e-03 3.62e-04  1.66e+00     9s

Barrier performed 32 iterations in 8.70 seconds (7.77 work units)
Barrier solve interrupted - model solved by another algorithm

Concurrent spin time: 0.58s (can be avoided by choosing Method=3)

Solved with primal simplex

Root relaxation: objective 2.157960e+07, 25966 iterations, 2.68 seconds (1.82 work units)
Total elapsed time = 10.53s (DegenMoves)

    Nodes    |    Current Node    |     Objective Bounds      |     Work
 Expl Unexpl |  Obj  Depth IntInf | Incumbent    BestBd   Gap | It/Node Time

     0     0 2.1580e+07    0  399 1.9416e+07 2.1580e+07  11.1%     -   11s
     0     0 2.1572e+07    0  461 1.9416e+07 2.1572e+07  11.1%     -   15s
H    0     0                    2.122389e+07 2.1572e+07  1.64%     -   16s
     0     0 2.1571e+07    0  536 2.1224e+07 2.1571e+07  1.64%     -   17s
     0     0 2.1568e+07    0  540 2.1224e+07 2.1568e+07  1.62%     -   17s
     0     0 2.1568e+07    0  547 2.1224e+07 2.1568e+07  1.62%     -   17s
     0     0 2.1568e+07    0  546 2.1224e+07 2.1568e+07  1.62%     -   17s
     0     0 2.1565e+07    0  590 2.1224e+07 2.1565e+07  1.61%     -   20s
     0     0 2.1565e+07    0  597 2.1224e+07 2.1565e+07  1.61%     -   22s
     0     0 2.1565e+07    0  607 2.1224e+07 2.1565e+07  1.61%     -   22s
     0     0 2.1565e+07    0  607 2.1224e+07 2.1565e+07  1.61%     -   22s
     0     0 2.1564e+07    0  606 2.1224e+07 2.1564e+07  1.60%     -   26s
H    0     0                    2.131003e+07 2.1564e+07  1.19%     -   28s
     0     0 2.1564e+07    0  606 2.1310e+07 2.1564e+07  1.19%     -   28s
     0     0 2.1564e+07    0  607 2.1310e+07 2.1564e+07  1.19%     -   29s
     0     0 2.1564e+07    0  608 2.1310e+07 2.1564e+07  1.19%     -   29s
     0     0 2.1563e+07    0  590 2.1310e+07 2.1563e+07  1.19%     -   33s
     0     0 2.1563e+07    0  566 2.1310e+07 2.1563e+07  1.19%     -   34s
     0     0 2.1563e+07    0  576 2.1310e+07 2.1563e+07  1.19%     -   35s
     0     0 2.1563e+07    0  584 2.1310e+07 2.1563e+07  1.19%     -   35s
     0     0 2.1563e+07    0  454 2.1310e+07 2.1563e+07  1.19%     -   38s
H    0     0                    2.132535e+07 2.1563e+07  1.11%     -   39s
     0     0 2.1563e+07    0  457 2.1325e+07 2.1563e+07  1.11%     -   40s
     0     0 2.1563e+07    0  450 2.1325e+07 2.1563e+07  1.11%     -   40s
     0     0 2.1563e+07    0  442 2.1325e+07 2.1563e+07  1.11%     -   40s
     0     0 2.1563e+07    0  442 2.1325e+07 2.1563e+07  1.11%     -   40s
     0     0 2.1563e+07    0  436 2.1325e+07 2.1563e+07  1.11%     -   43s
     0     0 2.1563e+07    0  452 2.1325e+07 2.1563e+07  1.11%     -   44s
     0     0 2.1563e+07    0  458 2.1325e+07 2.1563e+07  1.11%     -   44s
     0     0 2.1563e+07    0  455 2.1325e+07 2.1563e+07  1.11%     -   45s
     0     0 2.1563e+07    0  441 2.1325e+07 2.1563e+07  1.11%     -   47s
     0     0 2.1563e+07    0  436 2.1325e+07 2.1563e+07  1.11%     -   48s
     0     0 2.1563e+07    0  439 2.1325e+07 2.1563e+07  1.11%     -   49s
     0     0 2.1563e+07    0  438 2.1325e+07 2.1563e+07  1.11%     -   49s
     0     0 2.1562e+07    0  418 2.1325e+07 2.1562e+07  1.11%     -   51s
     0     0 2.1562e+07    0  420 2.1325e+07 2.1562e+07  1.11%     -   53s
     0     0 2.1562e+07    0  413 2.1325e+07 2.1562e+07  1.11%     -   53s
     0     0 2.1562e+07    0  417 2.1325e+07 2.1562e+07  1.11%     -   53s
     0     0 2.1562e+07    0  414 2.1325e+07 2.1562e+07  1.11%     -   54s
     0     0 2.1562e+07    0  401 2.1325e+07 2.1562e+07  1.11%     -   56s
     0     0 2.1562e+07    0  409 2.1325e+07 2.1562e+07  1.11%     -   56s
     0     0 2.1562e+07    0  405 2.1325e+07 2.1562e+07  1.11%     -   56s
     0     0 2.1562e+07    0  405 2.1325e+07 2.1562e+07  1.11%     -   56s
     0     0 2.1562e+07    0  392 2.1325e+07 2.1562e+07  1.11%     -   59s
     0     0 2.1562e+07    0  392 2.1325e+07 2.1562e+07  1.11%     -   65s
H    0     0                    2.134963e+07 2.1562e+07  1.00%     -   66s
H    0     0                    2.139907e+07 2.1562e+07  0.76%     -   73s
H    0     0                    2.142756e+07 2.1562e+07  0.63%     -   75s
H    0     0                    2.144119e+07 2.1562e+07  0.56%     -   77s
H    0     0                    2.144240e+07 2.1562e+07  0.56%     -   84s
H    0     0                    2.145097e+07 2.1562e+07  0.52%     -   88s
     0     2 2.1562e+07    0  392 2.1451e+07 2.1562e+07  0.52%     -   89s
     1     4 2.1562e+07    1  390 2.1451e+07 2.1562e+07  0.52%   234   90s
    63   112 2.1561e+07    6  392 2.1451e+07 2.1562e+07  0.52%  99.0   97s
H   65   112                    2.145591e+07 2.1562e+07  0.50%  96.7   97s
   568   617 2.1560e+07   15  376 2.1456e+07 2.1562e+07  0.50%  78.3  103s
H  596   617                    2.145671e+07 2.1562e+07  0.49%  78.8  103s
H  609   617                    2.145942e+07 2.1562e+07  0.48%  78.8  103s
   616  1046 2.1560e+07   15  376 2.1459e+07 2.1562e+07  0.48%  78.9  105s
  1563  1612 2.1559e+07   28  358 2.1459e+07 2.1562e+07  0.48%  74.0  111s
  1611  1660 2.1558e+07   28  345 2.1459e+07 2.1562e+07  0.48%  73.3  115s
H 1659  1707                    2.148232e+07 2.1562e+07  0.37%  73.0  121s
H 1660  1707                    2.148303e+07 2.1562e+07  0.37%  73.0  121s
H 1677  1707                    2.148797e+07 2.1562e+07  0.35%  73.0  121s
  2382  3233 2.1556e+07   36  335 2.1488e+07 2.1562e+07  0.35%  64.0  126s
H 3290  3718                    2.150601e+07 2.1562e+07  0.26%  55.6  128s
  3814  4440 2.1555e+07   63  308 2.1506e+07 2.1562e+07  0.26%  52.4  130s
H 4752  4835                    2.150673e+07 2.1562e+07  0.26%  48.9  132s
  5902  6034 2.1552e+07  117  259 2.1507e+07 2.1562e+07  0.26%  46.9  135s
H 6314  5927                    2.150921e+07 2.1562e+07  0.25%  46.1  135s
  7787  7261 2.1547e+07  145  235 2.1509e+07 2.1562e+07  0.25%  43.8  142s
H 7795  7259                    2.150922e+07 2.1562e+07  0.25%  43.8  142s
H 7795  7218                    2.150949e+07 2.1562e+07  0.24%  43.8  142s
  8623  8704 2.1548e+07  162  233 2.1509e+07 2.1562e+07  0.24%  42.7  145s
 11698 11406 2.1531e+07  227  205 2.1509e+07 2.1562e+07  0.24%  39.7  151s
 12774 12487 2.1544e+07  234  207 2.1509e+07 2.1562e+07  0.24%  39.4  155s
H14113 12513                    2.152086e+07 2.1562e+07  0.19%  38.2  159s

Cutting planes:
  Gomory: 23
  Cover: 47
  Implied bound: 3097
  MIR: 688
  Flow cover: 1029
  RLT: 1
  Relax-and-lift: 239

Explored 14729 nodes (605622 simplex iterations) in 159.23 seconds (182.79 work units)
Thread count was 48 (of 192 available processors)

Solution count 10: 2.15209e+07 2.15209e+07 2.15095e+07 ... 2.14559e+07

Optimal solution found (tolerance 2.00e-03)
Best objective 2.152085818376e+07, best bound 2.156213863100e+07, gap 0.1918%
Deleted nodefile directory: /scratch-local/lbeemster.22270392/gurobi_maxh2_0.17_sub45.0_run3
Saved model snapshot to study_case_model/figures/technical_experiment/run_26426/maxh2_0.17/sub45.0/run3/model_snapshot.pkl
Finished successfully!
