Gurobi shell based on Python 3.13.1 can be launched with command `gurobi.sh`
Gurobi Python Interface can be loaded in Python 3.13.1 with 'import gurobipy'
/var/spool/slurm/slurmd/job22272978/slurm_script: line 25: activate: No such file or directory
Renamed nodes according to mapping.
Nodes after renaming: ['NORNE/HEIDRUN T', 'KARSTO', 'ZEEPIPE-SCP', 'ZEEBRUGGE', 'GJØA-T', 'NORNE_ERB', 'NORPIPE Y', 'B-11', 'OSEBERG D', 'HEIMDAL HRP', 'SLEIPNER R', 'DRAUPNER_S', 'H-7_BP', 'EMDEN', 'ST.FERGUS', 'KOLLSNES', 'DORNUM', 'EUROPIPE-SCP', 'DUNKERQUE', 'VISUND T', 'VISUND', 'NYHAMNA', 'EASINGTON', 'GJOA', 'AASTA HANSTEEN PLEM']
Edges after renaming: [('NORNE/HEIDRUN T', 'KARSTO'), ('KARSTO', 'DRAUPNER_S'), ('KARSTO', 'DORNUM'), ('ZEEPIPE-SCP', 'ZEEBRUGGE'), ('GJØA-T', 'KARSTO'), ('NORNE_ERB', 'NORNE/HEIDRUN T'), ('NORPIPE Y', 'B-11'), ('B-11', 'H-7_BP'), ('OSEBERG D', 'HEIMDAL HRP'), ('HEIMDAL HRP', 'DRAUPNER_S'), ('HEIMDAL HRP', 'ST.FERGUS'), ('SLEIPNER R', 'ZEEPIPE-SCP'), ('SLEIPNER R', 'DRAUPNER_S'), ('SLEIPNER R', 'EASINGTON'), ('DRAUPNER_S', 'EUROPIPE-SCP'), ('DRAUPNER_S', 'DUNKERQUE'), ('DRAUPNER_S', 'NORPIPE Y'), ('H-7_BP', 'EMDEN'), ('KOLLSNES', 'SLEIPNER R'), ('KOLLSNES', 'DRAUPNER_S'), ('EUROPIPE-SCP', 'DORNUM'), ('VISUND T', 'KOLLSNES'), ('VISUND', 'VISUND T'), ('NYHAMNA', 'SLEIPNER R'), ('GJOA', 'GJØA-T'), ('AASTA HANSTEEN PLEM', 'NYHAMNA')]
No plant failure specified (baseline).
Solving model:, failed_None, sub70.0, run3
Read LP format model from file /scratch-local/lbeemster.22272978/tmpkfvjlkvb.pyomo.lp
Reading time = 0.54 seconds
x1: 178177 rows, 50626 columns, 1021888 nonzeros
Set parameter OutputFlag to value 1
Set parameter MIPGap to value 0.002
Set parameter Threads to value 48
Set parameter Presolve to value 1
Set parameter Cuts to value 1
Set parameter NodefileStart to value 1
Set parameter NodefileDir to value "/scratch-local/lbeemster.22272978/gurobi_failed_None_sub70.0_run3"
Set parameter MemLimit to value 60
Gurobi Optimizer version 12.0.3 build v12.0.3rc0 (linux64 - "Red Hat Enterprise Linux 9.6 (Plow)")

CPU model: AMD EPYC 9654 96-Core Processor, instruction set [SSE2|AVX|AVX2|AVX512]
Thread count: 192 physical cores, 192 logical processors, using up to 48 threads

Non-default parameters:
MemLimit  60
MIPGap  0.002
NodefileStart  1
Cuts  1
Presolve  1
Threads  48

Academic license 2514514 - for non-commercial use only - registered to l.___@student.vu.nl
Optimize a model with 178177 rows, 50626 columns and 1021888 nonzeros
Model fingerprint: 0xcfa72ab1
Variable types: 40002 continuous, 10624 integer (10624 binary)
Coefficient statistics:
  Matrix range     [6e-05, 1e+05]
  Objective range  [2e+00, 3e+04]
  Bounds range     [1e+00, 1e+00]
  RHS range        [3e-01, 2e+05]
Presolve removed 34049 rows and 14166 columns
Presolve time: 1.63s
Presolved: 144128 rows, 36460 columns, 945973 nonzeros
Variable types: 28012 continuous, 8448 integer (8448 binary)
Found heuristic solution: objective -4.36976e+09

Deterministic concurrent LP optimizer: primal simplex, dual simplex, and barrier
Showing barrier log only...

Root barrier log...

Ordering time: 2.41s

Barrier statistics:
 AA' NZ     : 1.286e+07
 Factor NZ  : 1.434e+07 (roughly 200 MB of memory)
 Factor Ops : 2.150e+09 (less than 1 second per iteration)
 Threads    : 46

                  Objective                Residual
Iter       Primal          Dual         Primal    Dual     Compl     Time
   0  -3.00786909e+12  1.66214158e+14  3.09e+05 3.67e+04  1.75e+10     7s
   1  -1.87987026e+12  1.04787437e+14  1.75e+05 2.84e+05  7.64e+09     7s
   2  -5.43464059e+11  6.97243256e+13  4.78e+04 1.11e+04  2.11e+09     7s
   3  -4.46432957e+10  1.98105874e+13  3.19e+03 1.35e+01  2.01e+08     7s
   4  -1.31905361e+10  5.19548778e+12  5.05e+02 8.43e-07  3.87e+07     7s
   5  -7.65175644e+09  1.32631210e+12  1.11e+02 1.57e-07  8.73e+06     7s
   6  -3.12001561e+09  5.49639572e+11  4.17e+01 6.40e-08  3.35e+06     7s
   7  -1.51694103e+09  3.47425516e+11  2.31e+01 3.67e-08  2.04e+06     7s
   8  -6.29537333e+08  1.72922213e+11  8.40e+00 1.86e-08  9.61e+05     8s
   9  -2.05886219e+08  6.48311476e+10  2.29e+00 7.16e-09  3.45e+05     8s
  10  -1.27491731e+07  2.20391206e+10  1.76e-01 3.97e-08  1.10e+05     8s
  11   6.49143593e+06  6.67050891e+09  1.90e-02 1.06e-08  3.28e+04     8s
  12   9.70868229e+06  1.31634509e+09  4.30e-09 2.11e-09  6.42e+03     8s
  13   1.10283923e+07  4.67910515e+08  2.81e-09 1.16e-09  2.24e+03     8s
  14   1.27966189e+07  1.57527668e+08  3.07e-09 4.98e-10  7.11e+02     8s
  15   1.46450343e+07  8.82505661e+07  2.27e-09 4.66e-10  3.62e+02     8s
  16   1.85165752e+07  6.88521653e+07  2.20e-09 4.66e-10  2.47e+02     8s
  17   2.04734713e+07  3.90368554e+07  2.74e-09 4.66e-10  9.12e+01     8s
  18   2.07330871e+07  3.15639963e+07  2.40e-09 4.66e-10  5.32e+01     8s
  19   2.11441929e+07  2.77551811e+07  2.22e-09 4.66e-10  3.25e+01     8s
  20   2.14086717e+07  2.57384431e+07  2.00e-09 4.66e-10  2.13e+01     8s
  21   2.16664879e+07  2.43358472e+07  4.29e-09 4.66e-10  1.31e+01     8s
  22   2.18464230e+07  2.28227101e+07  2.71e-09 4.66e-10  4.80e+00     8s
  23   2.19355718e+07  2.25204833e+07  6.98e-09 4.66e-10  2.87e+00     8s
  24   2.19889573e+07  2.22771654e+07  8.41e-09 4.66e-10  1.42e+00     8s

Barrier performed 24 iterations in 8.38 seconds (7.03 work units)
Barrier solve interrupted - model solved by another algorithm

Concurrent spin time: 1.49s (can be avoided by choosing Method=3)

Solved with dual simplex

Root relaxation: objective 2.209475e+07, 51449 iterations, 5.50 seconds (4.08 work units)
Total elapsed time = 10.25s (DegenMoves)

    Nodes    |    Current Node    |     Objective Bounds      |     Work
 Expl Unexpl |  Obj  Depth IntInf | Incumbent    BestBd   Gap | It/Node Time

     0     0 2.2095e+07    0  644 -4.370e+09 2.2095e+07   101%     -   10s
H    0     0                    -2.68089e+09 2.2095e+07   101%     -   11s
H    0     0                    -2.66406e+09 2.2095e+07   101%     -   14s
     0     0 2.1919e+07    0  643 -2.664e+09 2.1919e+07   101%     -   17s
     0     0 2.1919e+07    0  702 -2.664e+09 2.1919e+07   101%     -   18s
     0     0 2.1888e+07    0  728 -2.664e+09 2.1888e+07   101%     -   21s
     0     0 2.1888e+07    0  732 -2.664e+09 2.1888e+07   101%     -   21s
H    0     0                    -2.66269e+09 2.1888e+07   101%     -   22s
     0     0 2.1888e+07    0  770 -2.663e+09 2.1888e+07   101%     -   23s
     0     0 2.1888e+07    0  790 -2.663e+09 2.1888e+07   101%     -   23s
     0     0 2.1854e+07    0  713 -2.663e+09 2.1854e+07   101%     -   27s
H    0     0                    -2.43553e+09 2.1854e+07   101%     -   28s
     0     0 2.1834e+07    0  744 -2.436e+09 2.1834e+07   101%     -   28s
     0     0 2.1834e+07    0  759 -2.436e+09 2.1834e+07   101%     -   29s
     0     0 2.1834e+07    0  762 -2.436e+09 2.1834e+07   101%     -   29s
     0     0 2.1770e+07    0  705 -2.436e+09 2.1770e+07   101%     -   33s
     0     0 2.1770e+07    0  735 -2.436e+09 2.1770e+07   101%     -   33s
     0     0 2.1770e+07    0  743 -2.436e+09 2.1770e+07   101%     -   34s
     0     0 2.1769e+07    0  755 -2.436e+09 2.1769e+07   101%     -   34s
     0     0 2.1769e+07    0  758 -2.436e+09 2.1769e+07   101%     -   34s
     0     0 2.1745e+07    0  676 -2.436e+09 2.1745e+07   101%     -   38s
H    0     0                    -1.45879e+09 2.1744e+07   101%     -   39s
     0     0 2.1744e+07    0  699 -1.459e+09 2.1744e+07   101%     -   39s
     0     0 2.1744e+07    0  726 -1.459e+09 2.1744e+07   101%     -   40s
     0     0 2.1739e+07    0  657 -1.459e+09 2.1739e+07   101%     -   42s
     0     0 2.1739e+07    0  671 -1.459e+09 2.1739e+07   101%     -   43s
     0     0 2.1739e+07    0  683 -1.459e+09 2.1739e+07   101%     -   43s
     0     0 2.1737e+07    0  659 -1.459e+09 2.1737e+07   101%     -   46s
H    0     0                    -1.43000e+09 2.1737e+07   102%     -   47s
     0     0 2.1737e+07    0  683 -1.430e+09 2.1737e+07   102%     -   47s
     0     0 2.1737e+07    0  683 -1.430e+09 2.1737e+07   102%     -   48s
     0     0 2.1737e+07    0  646 -1.430e+09 2.1737e+07   102%     -   50s
     0     0 2.1737e+07    0  657 -1.430e+09 2.1737e+07   102%     -   50s
     0     0 2.1737e+07    0  655 -1.430e+09 2.1737e+07   102%     -   51s
H    0     0                    -1.24209e+09 2.1737e+07   102%     -   52s
     0     0 2.1737e+07    0  672 -1.242e+09 2.1737e+07   102%     -   52s
     0     0 2.1736e+07    0  650 -1.242e+09 2.1736e+07   102%     -   55s
     0     0 2.1736e+07    0  650 -1.242e+09 2.1736e+07   102%     -   62s
H    0     0                    -1.18599e+09 2.1736e+07   102%     -   65s
H    0     0                    -1.16836e+09 2.1736e+07   102%     -   66s
H    0     0                    -1.15043e+09 2.1736e+07   102%     -   74s
H    0     0                    -1.14955e+09 2.1736e+07   102%     -   75s
H    0     0                    -1.08595e+09 2.1736e+07   102%     -   78s
H    0     0                    -1.01759e+09 2.1736e+07   102%     -   80s
H    0     0                    -7.71789e+08 2.1736e+07   103%     -   82s
H    0     0                    -6.11854e+08 2.1736e+07   104%     -   87s
H    0     0                    -5.80817e+08 2.1736e+07   104%     -   91s
H    0     0                    -5.74486e+08 2.1736e+07   104%     -   92s
H    0     0                    -5.34025e+08 2.1736e+07   104%     -   93s
H    0     0                    -4.93566e+08 2.1736e+07   104%     -   96s
H    0     0                    -4.93552e+08 2.1736e+07   104%     -   96s
H    0     0                    -4.55712e+08 2.1736e+07   105%     -   98s
H    0     0                    -4.55702e+08 2.1736e+07   105%     -   98s
H    0     2                    -4.55640e+08 2.1736e+07   105%     -  102s
     0     2 2.1736e+07    0  650 -4.556e+08 2.1736e+07   105%     -  102s
    31    64 2.1736e+07    5  662 -4.556e+08 2.1736e+07   105%   279  106s
H   86   112                    -3.83905e+08 2.1736e+07   106%   153  108s
   111   469 2.1735e+07    7  662 -3.839e+08 2.1736e+07   106%   135  110s
H  469   517                    -3.77613e+08 2.1736e+07   106%  66.0  113s
H  472   517                    -3.77612e+08 2.1736e+07   106%  66.1  113s
H  501   517                    -3.77612e+08 2.1736e+07   106%  65.1  113s
H  512   517                    -3.77612e+08 2.1736e+07   106%  65.0  113s
   516   918 2.1735e+07   11  649 -3.776e+08 2.1736e+07   106%  65.0  115s
H  932  1121                    -3.73996e+08 2.1736e+07   106%  58.4  118s
H  937  1121                    -3.73995e+08 2.1736e+07   106%  58.3  118s
H  970  1121                    -3.73610e+08 2.1736e+07   106%  57.9  118s
H  979  1121                    -3.73609e+08 2.1736e+07   106%  57.8  118s
  1120  1630 2.1733e+07   21  600 -3.736e+08 2.1736e+07   106%  58.1  122s
H 1629  1678                    -3.35564e+08 2.1736e+07   106%  61.7  138s
H 1634  1678                    -3.35533e+08 2.1736e+07   106%  62.1  138s
H 1647  1678                    -3.35525e+08 2.1736e+07   106%  62.4  138s
H 1651  1678                    -3.27328e+08 2.1736e+07   107%  62.5  138s
  1677  2052 2.1729e+07   30  566 -3.273e+08 2.1736e+07   107%  62.7  142s
H 1687  2052                    -3.27299e+08 2.1736e+07   107%  62.9  142s
H 1749  2052                    -2.86855e+08 2.1736e+07   108%  64.6  142s
H 1860  2052                    -2.86855e+08 2.1736e+07   108%  65.5  142s
H 1922  2052                    -2.86854e+08 2.1736e+07   108%  64.8  142s
H 1978  2052                    -2.86786e+08 2.1736e+07   108%  64.2  142s
  2051  2851 2.1728e+07   38  543 -2.868e+08 2.1736e+07   108%  63.9  146s
H 3579  4107                    -2.05836e+08 2.1736e+07   111%  61.4  153s
H 3610  4107                    -1.67625e+08 2.1736e+07   113%  61.4  153s
  4106  4879 2.1717e+07   60  518 -1.676e+08 2.1736e+07   113%  59.9  156s
H 4952  5482                    -1.67623e+08 2.1736e+07   113%  59.2  159s
  5481  6145 2.1725e+07   73  522 -1.676e+08 2.1736e+07   113%  57.6  162s
  6144  6519 2.1724e+07   80  520 -1.676e+08 2.1736e+07   113%  56.4  165s
H 6150  6519                    -1.67542e+08 2.1736e+07   113%  56.4  165s
H 6155  6519                    -1.62232e+08 2.1736e+07   113%  56.4  165s
H 6158  6519                    -1.59656e+08 2.1736e+07   114%  56.4  165s
H 6232  6519                    -1.59647e+08 2.1736e+07   114%  56.5  165s
H 6306  6519                    -1.59642e+08 2.1736e+07   114%  56.2  165s
H 6408  6519                    -1.59637e+08 2.1736e+07   114%  55.9  165s
H 6492  6519                    -1.59634e+08 2.1736e+07   114%  55.7  165s
  6518  6567 2.1723e+07   84  513 -1.596e+08 2.1736e+07   114%  55.6  173s
H 6519  6567                    -1.30378e+08 2.1736e+07   117%  55.6  173s
H 6520  6567                    -1.27752e+08 2.1736e+07   117%  55.6  173s
H 6523  6567                    -1.27093e+08 2.1736e+07   117%  55.6  173s
H 6532  6567                    -1.27079e+08 2.1736e+07   117%  55.6  173s
H 6536  6567                    -1.27051e+08 2.1736e+07   117%  55.6  173s
H 6541  6567                    -1.18915e+08 2.1736e+07   118%  55.6  173s
  6566  7209 2.1723e+07   84  511 -1.189e+08 2.1736e+07   118%  55.5  176s
H 7862  8021                    -8.91808e+07 2.1736e+07   124%  53.3  182s
H 7990  8021                    -8.91771e+07 2.1736e+07   124%  53.1  182s
  8022  8673 2.1723e+07  103  492 -8.918e+07 2.1736e+07   124%  53.0  185s
 10028 10520 2.1721e+07  128  485 -8.918e+07 2.1736e+07   124%  49.1  193s
H10153 10520                    -8.91751e+07 2.1736e+07   124%  48.8  193s
H10159 10520                    -7.28301e+07 2.1736e+07   130%  48.8  193s
 10531 11183 2.1720e+07  141  481 -7.283e+07 2.1736e+07   130%  47.9  195s
 11859 12487 2.1717e+07  158  479 -7.283e+07 2.1736e+07   130%  45.7  200s
 12498 12535 2.1715e+07  167  472 -7.283e+07 2.1736e+07   130%  45.1  211s
H12500 12021                    -4.87261e+07 2.1736e+07   145%  45.1  211s
H12501 11722                    -1.90512e+07 2.1736e+07   214%  45.1  211s
H12503 11722                    -1.90290e+07 2.1736e+07   214%  45.1  211s
H12510 11722                    -1.90134e+07 2.1736e+07   214%  45.1  211s
H12512 11722                    -1.89873e+07 2.1736e+07   214%  45.1  211s
 13202 13066 2.1716e+07  183  460 -1.899e+07 2.1736e+07   214%  44.9  217s
 13974 13274 2.1715e+07  195  460 -1.899e+07 2.1736e+07   214%  44.5  221s
H13975 12329                    -8398828.777 2.1736e+07   359%  44.5  221s
H13989 12329                    -8355794.196 2.1736e+07   360%  44.5  221s
H13998 11875                    3634024.7655 2.1736e+07   498%  44.6  221s
 14950 12902 2.1704e+07  211  453 3634024.77 2.1736e+07   498%  43.9  228s
H14955 12124                    2.136555e+07 2.1736e+07  1.73%  43.9  228s
H14973 12124                    2.137563e+07 2.1736e+07  1.69%  43.9  228s
H15022 12124                    2.138200e+07 2.1736e+07  1.66%  43.9  228s
H15028 12124                    2.138532e+07 2.1736e+07  1.64%  43.9  228s
H15052 12124                    2.143213e+07 2.1736e+07  1.42%  44.0  228s
H15098 12124                    2.144049e+07 2.1736e+07  1.38%  43.9  228s
H15116 12123                    2.144915e+07 2.1736e+07  1.34%  44.0  228s
 15265 12884 2.1704e+07  216  446 2.1449e+07 2.1736e+07  1.34%  43.9  231s
H16083 12865                    2.149751e+07 2.1736e+07  1.11%  43.9  240s
H16083 12853                    2.151419e+07 2.1736e+07  1.03%  43.9  242s
H16083 12722                    2.155305e+07 2.1736e+07  0.85%  43.9  247s
H16083 12669                    2.156298e+07 2.1736e+07  0.80%  43.9  251s
H16083 12568                    2.158337e+07 2.1736e+07  0.71%  43.9  252s
H16083 12532                    2.158632e+07 2.1736e+07  0.69%  43.9  255s
H16083 12457                    2.159232e+07 2.1736e+07  0.67%  43.9  255s
H16083 12442                    2.159344e+07 2.1736e+07  0.66%  43.9  270s
 16084 12419 2.1708e+07   81  650 2.1593e+07 2.1736e+07  0.66%  43.9  283s
H16085 11799                    2.162573e+07 2.1736e+07  0.51%  43.9  348s
H16085 11209                    2.163971e+07 2.1736e+07  0.45%  43.9  348s
H16085 10648                    2.164209e+07 2.1722e+07  0.37%  43.9  348s
 16087 10649 2.1642e+07  432  422 2.1642e+07 2.1722e+07  0.37%  43.9  354s
 16088 10650 2.1719e+07  149  392 2.1642e+07 2.1721e+07  0.37%  43.9  356s
 16093 10653 2.1721e+07   59  422 2.1642e+07 2.1721e+07  0.37%  43.9  360s
H16095 10121                    2.164363e+07 2.1720e+07  0.35%  43.9  407s
H16095  9615                    2.164816e+07 2.1720e+07  0.33%  43.9  407s
H16095  9134                    2.165119e+07 2.1720e+07  0.32%  43.9  407s
H16095  8677                    2.165169e+07 2.1720e+07  0.32%  43.9  407s
H16098  8245                    2.165704e+07 2.1720e+07  0.29%  43.9  461s
H16098  7832                    2.166082e+07 2.1720e+07  0.27%  43.9  461s
H16098  7440                    2.166240e+07 2.1720e+07  0.27%  43.9  461s
H16098  7068                    2.167328e+07 2.1720e+07  0.21%  43.9  461s
H16101  6716                    2.167710e+07 2.1720e+07  0.20%  43.9  519s
H16101  6380                    2.167769e+07 2.1720e+07  0.19%  43.9  519s
H16101  6061                    2.167769e+07 2.1720e+07  0.19%  43.9  519s
H16101  5757                    2.167773e+07 2.1720e+07  0.19%  43.9  519s
H16101  5469                    2.167876e+07 2.1720e+07  0.19%  43.9  519s
H16101  5195                    2.167889e+07 2.1720e+07  0.19%  43.9  519s
H16101  4935                    2.167912e+07 2.1720e+07  0.19%  43.9  519s
H16101  4688                    2.167918e+07 2.1720e+07  0.19%  43.9  519s

Cutting planes:
  Gomory: 39
  Cover: 6
  Implied bound: 436
  MIR: 506
  Flow cover: 733
  RLT: 4
  Relax-and-lift: 455

Explored 16101 nodes (853220 simplex iterations) in 519.71 seconds (638.50 work units)
Thread count was 48 (of 192 available processors)

Solution count 10: 2.16792e+07 2.16791e+07 2.16789e+07 ... 2.16624e+07

Optimal solution found (tolerance 2.00e-03)
Best objective 2.167918369418e+07, best bound 2.171966392471e+07, gap 0.1867%
Deleted nodefile directory: /scratch-local/lbeemster.22272978/gurobi_failed_None_sub70.0_run3
Saved model snapshot to study_case_model/figures/failure_experiment/run_27426/maxh2_None/sub70.0/run3/model_snapshot.pkl
Model with original objective value 21679183.694180347 and penalty 0.0
Finished successfully!
