Gurobi shell based on Python 3.13.1 can be launched with command `gurobi.sh`
Gurobi Python Interface can be loaded in Python 3.13.1 with 'import gurobipy'
/var/spool/slurm/slurmd/job22274564/slurm_script: line 25: activate: No such file or directory
Renamed nodes according to mapping.
Nodes after renaming: ['NORNE/HEIDRUN T', 'KARSTO', 'ZEEPIPE-SCP', 'ZEEBRUGGE', 'GJØA-T', 'NORNE_ERB', 'NORPIPE Y', 'B-11', 'OSEBERG D', 'HEIMDAL HRP', 'SLEIPNER R', 'DRAUPNER_S', 'H-7_BP', 'EMDEN', 'ST.FERGUS', 'KOLLSNES', 'DORNUM', 'EUROPIPE-SCP', 'DUNKERQUE', 'VISUND T', 'VISUND', 'NYHAMNA', 'EASINGTON', 'GJOA', 'AASTA HANSTEEN PLEM']
Edges after renaming: [('NORNE/HEIDRUN T', 'KARSTO'), ('KARSTO', 'DRAUPNER_S'), ('KARSTO', 'DORNUM'), ('ZEEPIPE-SCP', 'ZEEBRUGGE'), ('GJØA-T', 'KARSTO'), ('NORNE_ERB', 'NORNE/HEIDRUN T'), ('NORPIPE Y', 'B-11'), ('B-11', 'H-7_BP'), ('OSEBERG D', 'HEIMDAL HRP'), ('HEIMDAL HRP', 'DRAUPNER_S'), ('HEIMDAL HRP', 'ST.FERGUS'), ('SLEIPNER R', 'ZEEPIPE-SCP'), ('SLEIPNER R', 'DRAUPNER_S'), ('SLEIPNER R', 'EASINGTON'), ('DRAUPNER_S', 'EUROPIPE-SCP'), ('DRAUPNER_S', 'DUNKERQUE'), ('DRAUPNER_S', 'NORPIPE Y'), ('H-7_BP', 'EMDEN'), ('KOLLSNES', 'SLEIPNER R'), ('KOLLSNES', 'DRAUPNER_S'), ('EUROPIPE-SCP', 'DORNUM'), ('VISUND T', 'KOLLSNES'), ('VISUND', 'VISUND T'), ('NYHAMNA', 'SLEIPNER R'), ('GJOA', 'GJØA-T'), ('AASTA HANSTEEN PLEM', 'NYHAMNA')]
{'location': nan, 'location_id': 'None', 'type': 'edge', 'pipName': '42" Gas DRAUPNER E, DUNKERQUE', 'idPipeline': 326374.0, 'mapLabel': 'Franpipe', 'belongs_to': 'GASSLED', 'curOperNam': 'Gassco AS', 'curPhase': 'IN SERVICE', 'curPhDate': Timestamp('1998-07-01 00:00:00'), 'fromFacili': 'DRAUPNER E', 'toFacility': 'DUNKERQUE', 'mainGrp': 'Transportation', 'dimension': 42.0, 'WaterDepth': 85.0, 'medium': 'Gas', 'idBelongTo': 2252643.0, 'idFrmFacil': 278357.0, 'idToFacili': 286757.0, 'idOperator': 1944954.0, 'dtUpdated': Timestamp('2025-01-31 00:00:00'), 'FactUrl': 'https://factpages.sodir.no/tuf/pageview/pipeline/all/326374', 'MapUrl': 'https://factmaps.sodir.no/map/redirect/pipLine.ashx?id=326374', 'weight': 8.026701378841642, 'from_node': '(2.469755817142857, 58.19028833)', 'to_node': '(2.252709, 51.046406)', 'max_flow': 0, 'node_type': nan, 'base_booking_cost': nan, 'supplier': nan, 'supply_capacity': nan, 'generation_cost': nan, 'component_ratio': nan, 'compression_increase': nan, 'compression_constants': nan, 'average_market_price': nan, 'long_term_price_std': nan, 'day_ahead_price_std': nan, 'average_demand_mwh_x1000': nan, 'demand_variance': nan, 'max_fractions': nan, 'min_outlet_pressure': nan, 'supplier_ratios': nan, 'weymouth_constant': 0.26473903460176296, 'max_inlet_pressure': 150.0, 'pressure_cost': 100.0, 'max_pipe_fractions': [{'NG': 1, 'CO2': 1, 'H2': 0.2}], 'geometry': <LINESTRING (2.47 58.19, 2.253 51.046)>}
Solving model:, failed_DRAUPNER_S_to_DUNKERQUE, sub45.0, run1
Read LP format model from file /scratch-local/lbeemster.22274564/tmp3wz7om_m.pyomo.lp
Reading time = 0.60 seconds
x1: 178177 rows, 50626 columns, 1016640 nonzeros
Set parameter OutputFlag to value 1
Set parameter MIPGap to value 0.002
Set parameter Threads to value 48
Set parameter Presolve to value 1
Set parameter Cuts to value 1
Set parameter NodefileStart to value 1
Set parameter NodefileDir to value "/scratch-local/lbeemster.22274564/gurobi_failed_DRAUPNER_S_to_DUNKERQUE_sub45.0_run1"
Set parameter MemLimit to value 60
Gurobi Optimizer version 12.0.3 build v12.0.3rc0 (linux64 - "Red Hat Enterprise Linux 9.6 (Plow)")

CPU model: AMD EPYC 9654 96-Core Processor, instruction set [SSE2|AVX|AVX2|AVX512]
Thread count: 192 physical cores, 192 logical processors, using up to 48 threads

Non-default parameters:
MemLimit  60
MIPGap  0.002
NodefileStart  1
Cuts  1
Presolve  1
Threads  48

Academic license 2514514 - for non-commercial use only - registered to l.___@student.vu.nl
Optimize a model with 178177 rows, 50626 columns and 1016640 nonzeros
Model fingerprint: 0xbdfb9257
Variable types: 40002 continuous, 10624 integer (10624 binary)
Coefficient statistics:
  Matrix range     [6e-05, 1e+05]
  Objective range  [2e+00, 3e+04]
  Bounds range     [1e+00, 1e+00]
  RHS range        [3e-01, 2e+05]
Presolve removed 43137 rows and 27615 columns
Presolve time: 1.07s
Presolved: 135040 rows, 23011 columns, 699786 nonzeros
Variable types: 17827 continuous, 5184 integer (5184 binary)
Found heuristic solution: objective -5.05646e+09

Deterministic concurrent LP optimizer: primal simplex, dual simplex, and barrier
Showing barrier log only...

Root relaxation presolved: 22233 rows, 156832 columns, 722100 nonzeros

Root barrier log...

Ordering time: 0.04s

Barrier statistics:
 Free vars  : 1856
 AA' NZ     : 5.227e+05
 Factor NZ  : 1.267e+06 (roughly 80 MB of memory)
 Factor Ops : 1.013e+08 (less than 1 second per iteration)
 Threads    : 46

                  Objective                Residual
Iter       Primal          Dual         Primal    Dual     Compl     Time
   0   2.16069163e+12 -3.38218526e+09  7.85e+06 3.32e+02  4.76e+08     4s
   1   1.83499092e+12 -5.31505553e+09  2.30e+06 1.01e+04  2.31e+08     4s
   2   1.91599853e+12 -6.55607391e+09  2.88e+05 3.46e+03  8.16e+07     4s
   3   7.64534089e+11 -6.92183428e+09  3.88e+03 2.09e+02  8.17e+06     4s
   4   4.46254560e+11 -5.50878083e+09  1.94e+03 1.11e+02  4.33e+06     4s
   5   2.80485171e+11 -5.68174555e+09  1.11e+03 9.98e+01  3.01e+06     4s
   6   2.18808149e+11 -4.04163963e+09  8.34e+02 3.50e+01  1.75e+06     4s
   7   1.46236442e+11 -3.82033065e+09  5.40e+02 2.45e+01  1.16e+06     4s
   8   1.08420754e+11 -3.63443653e+09  3.94e+02 1.09e+01  7.80e+05     4s
   9   2.49502158e+10 -3.49878755e+09  8.99e+01 4.58e+00  2.04e+05     4s
  10   6.76559425e+09 -3.41848873e+09  2.73e+01 1.31e+00  6.92e+04     4s
  11  -9.82107973e+08 -3.39591420e+09  5.41e+00 6.07e-01  1.72e+04     4s
  12  -1.62892279e+09 -3.38385792e+09  3.84e+00 2.32e-01  1.14e+04     4s
  13  -2.03544659e+09 -3.37940717e+09  2.88e+00 1.19e-01  8.43e+03     4s
  14  -2.90357373e+09 -3.37590325e+09  8.69e-01 4.86e-02  2.93e+03     4s
  15  -3.14374790e+09 -3.37144152e+09  3.99e-01 2.04e-02  1.39e+03     4s
  16  -3.26652936e+09 -3.36878892e+09  1.58e-01 1.15e-02  6.20e+02     4s
  17  -3.30608632e+09 -3.36463609e+09  8.92e-02 1.11e-02  3.48e+02     4s
  18  -3.32349265e+09 -3.36238176e+09  5.92e-02 6.02e-03  2.30e+02     4s
  19  -3.33584631e+09 -3.36264665e+09  3.94e-02 4.01e-03  1.58e+02     4s
  20  -3.34177292e+09 -3.36201666e+09  2.98e-02 2.67e-03  1.19e+02     4s
  21  -3.35146686e+09 -3.36167578e+09  1.37e-02 1.71e-03  6.02e+01     4s

Barrier performed 21 iterations in 4.41 seconds (3.85 work units)
Barrier solve interrupted - model solved by another algorithm

Concurrent spin time: 0.03s

Solved with primal simplex

Root relaxation: objective -3.360804e+09, 25271 iterations, 1.57 seconds (1.30 work units)
Total elapsed time = 5.09s (DegenMoves)

    Nodes    |    Current Node    |     Objective Bounds      |     Work
 Expl Unexpl |  Obj  Depth IntInf | Incumbent    BestBd   Gap | It/Node Time

     0     0 -3.361e+09    0  354 -5.056e+09 -3.361e+09  33.5%     -    5s
H    0     0                    -4.05521e+09 -3.361e+09  17.1%     -    8s
     0     0 -3.361e+09    0  490 -4.055e+09 -3.361e+09  17.1%     -    9s
     0     0 -3.361e+09    0  490 -4.055e+09 -3.361e+09  17.1%     -    9s
H    0     0                    -4.05338e+09 -3.361e+09  17.1%     -   11s
     0     0 -3.361e+09    0  532 -4.053e+09 -3.361e+09  17.1%     -   11s
     0     0 -3.361e+09    0  567 -4.053e+09 -3.361e+09  17.1%     -   15s
     0     0 -3.361e+09    0  570 -4.053e+09 -3.361e+09  17.1%     -   15s
     0     0 -3.361e+09    0  585 -4.053e+09 -3.361e+09  17.1%     -   15s
H    0     0                    -4.04912e+09 -3.361e+09  17.0%     -   18s
H    0     0                    -4.03542e+09 -3.361e+09  16.7%     -   18s
     0     0 -3.361e+09    0  484 -4.035e+09 -3.361e+09  16.7%     -   18s
     0     0 -3.361e+09    0  521 -4.035e+09 -3.361e+09  16.7%     -   20s
H    0     0                    -3.89637e+09 -3.361e+09  13.7%     -   22s
     0     0 -3.361e+09    0  506 -3.896e+09 -3.361e+09  13.7%     -   23s
     0     0 -3.361e+09    0  536 -3.896e+09 -3.361e+09  13.7%     -   23s
     0     0 -3.361e+09    0  548 -3.896e+09 -3.361e+09  13.7%     -   23s
     0     0 -3.361e+09    0  420 -3.896e+09 -3.361e+09  13.7%     -   26s
H    0     0                    -3.81279e+09 -3.361e+09  11.9%     -   27s
     0     0 -3.361e+09    0  427 -3.813e+09 -3.361e+09  11.9%     -   28s
     0     0 -3.361e+09    0  408 -3.813e+09 -3.361e+09  11.9%     -   30s
     0     0 -3.361e+09    0  390 -3.813e+09 -3.361e+09  11.9%     -   33s
H    0     0                    -3.75803e+09 -3.361e+09  10.6%     -   34s
H    0     0                    -3.73517e+09 -3.361e+09  10.0%     -   35s
H    0     0                    -3.63611e+09 -3.361e+09  7.57%     -   37s
H    0     2                    -3.62224e+09 -3.361e+09  7.22%     -   40s
     0     2 -3.361e+09    0  386 -3.622e+09 -3.361e+09  7.22%     -   40s
H   39    64                    -3.62224e+09 -3.361e+09  7.22%   309   43s
   111   161 -3.361e+09    7  422 -3.622e+09 -3.361e+09  7.22%   174   46s
H  169   227                    -3.60299e+09 -3.361e+09  6.72%   137   48s
H  185   227                    -3.51608e+09 -3.361e+09  4.41%   126   48s
   423   740 -3.361e+09   11  418 -3.516e+09 -3.361e+09  4.41%  67.2   50s
  1017  1903 -3.361e+09   19  405 -3.516e+09 -3.361e+09  4.41%  44.6   56s
  1902  3185 -3.361e+09   32  375 -3.516e+09 -3.361e+09  4.41%  37.0   61s
H 2204  3185                    -3.48498e+09 -3.361e+09  3.56%  36.4   61s
H 2346  3185                    -3.45189e+09 -3.361e+09  2.64%  36.1   61s
H 3184  4177                    -3.44990e+09 -3.361e+09  2.58%  34.9   71s
H 3240  4177                    -3.44990e+09 -3.361e+09  2.58%  34.9   71s
H 3366  4177                    -3.43796e+09 -3.361e+09  2.24%  34.9   71s
H 3873  4177                    -3.43795e+09 -3.361e+09  2.24%  33.5   71s
H 4104  4177                    -3.43007e+09 -3.361e+09  2.02%  32.9   71s
H 4104  4177                    -3.41815e+09 -3.361e+09  1.68%  32.9   71s
  4176  7667 -3.361e+09   64  337 -3.418e+09 -3.361e+09  1.68%  32.6   82s
H 5428  7667                    -3.41811e+09 -3.361e+09  1.68%  32.3   82s
H 5661  7665                    -3.41010e+09 -3.361e+09  1.44%  32.0   82s
H 6357  7660                    -3.40594e+09 -3.361e+09  1.32%  31.2   82s
H 7344  7608                    -3.39956e+09 -3.361e+09  1.14%  30.2   82s
  7670  8403 -3.361e+09  111  329 -3.400e+09 -3.361e+09  1.14%  29.7   95s
H 7815  7450                    -3.38231e+09 -3.361e+09  0.63%  29.7   95s
  9383  8996 -3.361e+09  152  325 -3.382e+09 -3.361e+09  0.63%  30.6  109s
H 9424  8996                    -3.38231e+09 -3.361e+09  0.63%  30.5  109s
H 9461  8995                    -3.38230e+09 -3.361e+09  0.63%  30.5  109s
H 9564  8995                    -3.38230e+09 -3.361e+09  0.63%  30.4  109s
H10125  8347                    -3.37814e+09 -3.361e+09  0.51%  30.3  109s
H10155  6298                    -3.36744e+09 -3.361e+09  0.20%  30.3  109s

Cutting planes:
  Gomory: 22
  Implied bound: 2809
  MIR: 662
  Flow cover: 1169
  RLT: 1
  Relax-and-lift: 64

Explored 11239 nodes (374701 simplex iterations) in 109.30 seconds (129.18 work units)
Thread count was 48 (of 192 available processors)

Solution count 10: -3.36744e+09 -3.37814e+09 -3.3823e+09 ... -3.41811e+09

Optimal solution found (tolerance 2.00e-03)
Best objective -3.367436693669e+09, best bound -3.360849669483e+09, gap 0.1956%
Deleted nodefile directory: /scratch-local/lbeemster.22274564/gurobi_failed_DRAUPNER_S_to_DUNKERQUE_sub45.0_run1
Saved model snapshot to study_case_model/figures/failure_experiment/run_27426/maxh2_DRAUPNER_S_to_DUNKERQUE/sub45.0/run1/model_snapshot.pkl
Model with original objective value 21126341.58038188 and penalty 3388563035.2497444
Finished successfully!
