Gurobi shell based on Python 3.13.1 can be launched with command `gurobi.sh`
Gurobi Python Interface can be loaded in Python 3.13.1 with 'import gurobipy'
/var/spool/slurm/slurmd/job22277632/slurm_script: line 25: activate: No such file or directory
Renamed nodes according to mapping.
Nodes after renaming: ['NORNE/HEIDRUN T', 'KARSTO', 'ZEEPIPE-SCP', 'ZEEBRUGGE', 'GJØA-T', 'NORNE_ERB', 'NORPIPE Y', 'B-11', 'OSEBERG D', 'HEIMDAL HRP', 'SLEIPNER R', 'DRAUPNER_S', 'H-7_BP', 'EMDEN', 'ST.FERGUS', 'KOLLSNES', 'DORNUM', 'EUROPIPE-SCP', 'DUNKERQUE', 'VISUND T', 'VISUND', 'NYHAMNA', 'EASINGTON', 'GJOA', 'AASTA HANSTEEN PLEM']
Edges after renaming: [('NORNE/HEIDRUN T', 'KARSTO'), ('KARSTO', 'DRAUPNER_S'), ('KARSTO', 'DORNUM'), ('ZEEPIPE-SCP', 'ZEEBRUGGE'), ('GJØA-T', 'KARSTO'), ('NORNE_ERB', 'NORNE/HEIDRUN T'), ('NORPIPE Y', 'B-11'), ('B-11', 'H-7_BP'), ('OSEBERG D', 'HEIMDAL HRP'), ('HEIMDAL HRP', 'DRAUPNER_S'), ('HEIMDAL HRP', 'ST.FERGUS'), ('SLEIPNER R', 'ZEEPIPE-SCP'), ('SLEIPNER R', 'DRAUPNER_S'), ('SLEIPNER R', 'EASINGTON'), ('DRAUPNER_S', 'EUROPIPE-SCP'), ('DRAUPNER_S', 'DUNKERQUE'), ('DRAUPNER_S', 'NORPIPE Y'), ('H-7_BP', 'EMDEN'), ('KOLLSNES', 'SLEIPNER R'), ('KOLLSNES', 'DRAUPNER_S'), ('EUROPIPE-SCP', 'DORNUM'), ('VISUND T', 'KOLLSNES'), ('VISUND', 'VISUND T'), ('NYHAMNA', 'SLEIPNER R'), ('GJOA', 'GJØA-T'), ('AASTA HANSTEEN PLEM', 'NYHAMNA')]
Solving model:, failed_NORNE_ERB, sub0.0, run3
Read LP format model from file /scratch-local/lbeemster.22277632/tmppwhr_tir.pyomo.lp
Reading time = 0.69 seconds
x1: 178177 rows, 50626 columns, 1021888 nonzeros
Set parameter OutputFlag to value 1
Set parameter MIPGap to value 0.002
Set parameter Threads to value 48
Set parameter Presolve to value 1
Set parameter Cuts to value 1
Set parameter NodefileStart to value 1
Set parameter NodefileDir to value "/scratch-local/lbeemster.22277632/gurobi_failed_NORNE_ERB_sub0.0_run3"
Set parameter MemLimit to value 60
Gurobi Optimizer version 12.0.3 build v12.0.3rc0 (linux64 - "Red Hat Enterprise Linux 9.6 (Plow)")

CPU model: AMD EPYC 9654 96-Core Processor, instruction set [SSE2|AVX|AVX2|AVX512]
Thread count: 192 physical cores, 192 logical processors, using up to 48 threads

Non-default parameters:
MemLimit  60
MIPGap  0.002
NodefileStart  1
Cuts  1
Presolve  1
Threads  48

Academic license 2514514 - for non-commercial use only - registered to l.___@student.vu.nl
Optimize a model with 178177 rows, 50626 columns and 1021888 nonzeros
Model fingerprint: 0x9d4acf78
Variable types: 40002 continuous, 10624 integer (10624 binary)
Coefficient statistics:
  Matrix range     [6e-05, 1e+05]
  Objective range  [2e+00, 3e+04]
  Bounds range     [1e+00, 1e+00]
  RHS range        [1e+00, 2e+05]
Presolve removed 38593 rows and 14367 columns
Presolve time: 1.50s
Presolved: 139584 rows, 36259 columns, 932475 nonzeros
Variable types: 27811 continuous, 8448 integer (8448 binary)
Found heuristic solution: objective -4.37002e+09

Deterministic concurrent LP optimizer: primal simplex, dual simplex, and barrier
Showing barrier log only...

Root barrier log...

Ordering time: 2.56s

Barrier statistics:
 AA' NZ     : 1.266e+07
 Factor NZ  : 1.410e+07 (roughly 200 MB of memory)
 Factor Ops : 2.126e+09 (less than 1 second per iteration)
 Threads    : 46

                  Objective                Residual
Iter       Primal          Dual         Primal    Dual     Compl     Time
   0  -2.89754734e+12  1.61206404e+14  2.97e+05 2.19e+04  1.68e+10     7s
   1  -1.77593622e+12  1.03829403e+14  1.55e+05 3.14e+05  7.24e+09     7s
   2  -3.90046971e+11  6.80421959e+13  3.26e+04 1.77e+04  1.59e+09     7s
   3  -6.98511464e+10  1.85539956e+13  4.88e+03 2.79e+01  2.52e+08     7s
   4  -2.28392085e+10  6.46711711e+12  1.12e+03 1.23e-06  6.44e+07     7s
   5  -9.05670072e+09  2.45034550e+12  2.08e+02 2.67e-07  1.71e+07     7s
   6  -5.52112011e+09  7.48106480e+11  5.62e+01 9.36e-08  4.75e+06     7s
   7  -2.31349764e+09  4.07247694e+11  2.49e+01 4.73e-08  2.43e+06     8s
   8  -1.49034778e+09  3.15534752e+11  1.63e+01 3.52e-08  1.82e+06     8s

Barrier performed 8 iterations in 7.57 seconds (5.53 work units)
Barrier solve interrupted - model solved by another algorithm

Concurrent spin time: 1.88s (can be avoided by choosing Method=3)

Solved with primal simplex

Root relaxation: objective 2.168845e+07, 50092 iterations, 4.41 seconds (2.51 work units)

    Nodes    |    Current Node    |     Objective Bounds      |     Work
 Expl Unexpl |  Obj  Depth IntInf | Incumbent    BestBd   Gap | It/Node Time

     0     0 2.1688e+07    0  489 -4.370e+09 2.1688e+07   100%     -    8s
H    0     0                    -4.33806e+09 2.1688e+07   100%     -   11s
     0     0 2.1641e+07    0  603 -4.338e+09 2.1641e+07   100%     -   13s
H    0     0                    -2.66275e+09 2.1641e+07   101%     -   14s
     0     0 2.1641e+07    0  652 -2.663e+09 2.1641e+07   101%     -   14s
     0     0 2.1641e+07    0  653 -2.663e+09 2.1641e+07   101%     -   14s
     0     0 2.1641e+07    0  659 -2.663e+09 2.1641e+07   101%     -   15s
     0     0 2.1604e+07    0  632 -2.663e+09 2.1604e+07   101%     -   17s
H    0     0                    -2.24288e+09 2.1604e+07   101%     -   18s
     0     0 2.1604e+07    0  626 -2.243e+09 2.1604e+07   101%     -   18s
     0     0 2.1604e+07    0  631 -2.243e+09 2.1604e+07   101%     -   18s
     0     0 2.1526e+07    0  592 -2.243e+09 2.1526e+07   101%     -   21s
     0     0 2.1526e+07    0  614 -2.243e+09 2.1526e+07   101%     -   22s
     0     0 2.1526e+07    0  618 -2.243e+09 2.1526e+07   101%     -   23s
     0     0 2.1490e+07    0  569 -2.243e+09 2.1490e+07   101%     -   26s
H    0     0                    -1.31502e+09 2.1490e+07   102%     -   27s
     0     0 2.1490e+07    0  587 -1.315e+09 2.1490e+07   102%     -   27s
     0     0 2.1490e+07    0  603 -1.315e+09 2.1490e+07   102%     -   27s
     0     0 2.1490e+07    0  599 -1.315e+09 2.1490e+07   102%     -   28s
     0     0 2.1471e+07    0  541 -1.315e+09 2.1471e+07   102%     -   31s
H    0     0                    -1.29006e+09 2.1471e+07   102%     -   32s
     0     0 2.1471e+07    0  556 -1.290e+09 2.1471e+07   102%     -   32s
     0     0 2.1471e+07    0  564 -1.290e+09 2.1471e+07   102%     -   32s
     0     0 2.1462e+07    0  497 -1.290e+09 2.1462e+07   102%     -   34s
H    0     0                    -1.22915e+09 2.1462e+07   102%     -   36s
     0     0 2.1462e+07    0  511 -1.229e+09 2.1462e+07   102%     -   36s
     0     0 2.1462e+07    0  521 -1.229e+09 2.1462e+07   102%     -   36s
     0     0 2.1457e+07    0  490 -1.229e+09 2.1457e+07   102%     -   38s
H    0     0                    -9.46033e+08 2.1457e+07   102%     -   39s
     0     0 2.1457e+07    0  516 -9.460e+08 2.1457e+07   102%     -   40s
     0     0 2.1457e+07    0  522 -9.460e+08 2.1457e+07   102%     -   40s
     0     0 2.1456e+07    0  483 -9.460e+08 2.1456e+07   102%     -   42s
H    0     0                    -8.25801e+08 2.1456e+07   103%     -   43s
     0     0 2.1456e+07    0  509 -8.258e+08 2.1456e+07   103%     -   44s
     0     0 2.1455e+07    0  481 -8.258e+08 2.1455e+07   103%     -   44s
     0     0 2.1455e+07    0  484 -8.258e+08 2.1455e+07   103%     -   45s
     0     0 2.1455e+07    0  446 -8.258e+08 2.1455e+07   103%     -   47s
     0     0 2.1455e+07    0  467 -8.258e+08 2.1455e+07   103%     -   48s
     0     0 2.1455e+07    0  440 -8.258e+08 2.1455e+07   103%     -   48s
     0     0 2.1455e+07    0  431 -8.258e+08 2.1455e+07   103%     -   53s
H    0     0                    -8.23535e+08 2.1455e+07   103%     -   56s
H    0     0                    -8.02173e+08 2.1455e+07   103%     -   61s
H    0     0                    -3.86279e+08 2.1455e+07   106%     -   67s
H    0     0                    -3.47672e+08 2.1455e+07   106%     -   69s
H    0     0                    -3.37456e+08 2.1455e+07   106%     -   71s
H    0     0                    -3.08024e+08 2.1455e+07   107%     -   73s
H    0     0                    -2.99534e+08 2.1455e+07   107%     -   74s
H    0     0                    2.121122e+07 2.1455e+07  1.15%     -   77s
H    0     0                    2.122950e+07 2.1455e+07  1.06%     -   78s
H    0     0                    2.123681e+07 2.1455e+07  1.03%     -   82s
     0     0 2.1455e+07    0  260 2.1237e+07 2.1455e+07  1.03%     -   92s
     0     0 2.1442e+07    0  393 2.1237e+07 2.1442e+07  0.96%     -   97s
H    0     0                    2.125455e+07 2.1442e+07  0.88%     -   99s
     0     0 2.1441e+07    0  399 2.1255e+07 2.1441e+07  0.88%     -   99s
     0     0 2.1441e+07    0  396 2.1255e+07 2.1441e+07  0.88%     -   99s
     0     0 2.1441e+07    0  403 2.1255e+07 2.1441e+07  0.88%     -  100s
     0     0 2.1441e+07    0  403 2.1255e+07 2.1441e+07  0.88%     -  100s
     0     0 2.1440e+07    0  345 2.1255e+07 2.1440e+07  0.87%     -  102s
     0     0 2.1440e+07    0  359 2.1255e+07 2.1440e+07  0.87%     -  103s
     0     0 2.1440e+07    0  361 2.1255e+07 2.1440e+07  0.87%     -  103s
     0     0 2.1440e+07    0  361 2.1255e+07 2.1440e+07  0.87%     -  103s
     0     0 2.1439e+07    0  331 2.1255e+07 2.1439e+07  0.87%     -  106s
H    0     0                    2.126761e+07 2.1439e+07  0.81%     -  107s
     0     0 2.1439e+07    0  332 2.1268e+07 2.1439e+07  0.81%     -  107s
     0     0 2.1439e+07    0  341 2.1268e+07 2.1439e+07  0.81%     -  108s
     0     0 2.1439e+07    0  306 2.1268e+07 2.1439e+07  0.81%     -  110s
     0     0 2.1439e+07    0  310 2.1268e+07 2.1439e+07  0.81%     -  111s
     0     0 2.1439e+07    0  313 2.1268e+07 2.1439e+07  0.81%     -  112s
     0     0 2.1439e+07    0  314 2.1268e+07 2.1439e+07  0.81%     -  112s
     0     0 2.1439e+07    0  306 2.1268e+07 2.1439e+07  0.80%     -  114s
H    0     0                    2.127196e+07 2.1439e+07  0.78%     -  115s
     0     0 2.1439e+07    0  308 2.1272e+07 2.1439e+07  0.78%     -  115s
     0     0 2.1439e+07    0  288 2.1272e+07 2.1439e+07  0.78%     -  117s
H    0     0                    2.128104e+07 2.1439e+07  0.74%     -  120s
H    0     0                    2.129964e+07 2.1439e+07  0.65%     -  120s
H    0     0                    2.130181e+07 2.1439e+07  0.64%     -  120s
H    0     0                    2.130252e+07 2.1439e+07  0.64%     -  121s
H    0     0                    2.130323e+07 2.1439e+07  0.64%     -  121s
     0     0 2.1439e+07    0  298 2.1303e+07 2.1439e+07  0.64%     -  124s
     0     0 2.1439e+07    0  297 2.1303e+07 2.1439e+07  0.64%     -  124s
     0     0 2.1439e+07    0  293 2.1303e+07 2.1439e+07  0.64%     -  126s
     0     0 2.1439e+07    0  296 2.1303e+07 2.1439e+07  0.64%     -  128s
     0     0 2.1439e+07    0  292 2.1303e+07 2.1439e+07  0.64%     -  129s
     0     0 2.1439e+07    0  289 2.1303e+07 2.1439e+07  0.64%     -  129s
     0     0 2.1439e+07    0  290 2.1303e+07 2.1439e+07  0.64%     -  129s
     0     0 2.1439e+07    0  288 2.1303e+07 2.1439e+07  0.64%     -  130s
     0     0 2.1439e+07    0  292 2.1303e+07 2.1439e+07  0.64%     -  130s
     0     0 2.1439e+07    0  289 2.1303e+07 2.1439e+07  0.64%     -  131s
     0     0 2.1439e+07    0  289 2.1303e+07 2.1439e+07  0.64%     -  135s
H    0     0                    2.130845e+07 2.1439e+07  0.61%     -  148s
H    0     0                    2.131900e+07 2.1439e+07  0.56%     -  148s
     0     2 2.1439e+07    0  289 2.1319e+07 2.1439e+07  0.56%     -  151s
   111   160 2.1437e+07    7  282 2.1319e+07 2.1437e+07  0.56%  96.3  156s
H  167   208                    2.132578e+07 2.1437e+07  0.52%  90.8  158s
H  172   208                    2.133541e+07 2.1437e+07  0.48%  91.0  158s
H  180   208                    2.134661e+07 2.1437e+07  0.43%  90.7  158s
   453   507 2.1435e+07   11  273 2.1347e+07 2.1437e+07  0.43%  72.3  161s
   945  1031 2.1435e+07   19  238 2.1347e+07 2.1437e+07  0.43%  56.5  165s
H 1284  1344                    2.134667e+07 2.1437e+07  0.42%  51.0  167s
H 1324  1344                    2.134669e+07 2.1437e+07  0.42%  50.7  167s
  1989  2122 2.1433e+07   38  211 2.1347e+07 2.1437e+07  0.42%  46.3  170s
H 2490  2610                    2.136839e+07 2.1437e+07  0.32%  44.6  173s
H 2525  2610                    2.136897e+07 2.1437e+07  0.32%  44.3  173s
H 2581  2610                    2.136950e+07 2.1437e+07  0.32%  44.1  173s
  2809  2904 2.1432e+07   55  200 2.1370e+07 2.1437e+07  0.32%  42.9  175s
Created node file directory '/scratch-local/lbeemster.22277632/gurobi_failed_NORNE_ERB_sub0.0_run3/grbnodes0'
  3736  3677 2.1430e+07   74  194 2.1370e+07 2.1437e+07  0.32%  40.5  181s
  3785  3723 2.1430e+07   75  194 2.1370e+07 2.1437e+07  0.32%  40.4  187s
H 3802  3723                    2.137024e+07 2.1437e+07  0.31%  40.4  187s
H 3809  3721                    2.137146e+07 2.1437e+07  0.31%  40.4  187s
H 3819  3721                    2.137146e+07 2.1437e+07  0.31%  40.4  187s
H 3827  3718                    2.137497e+07 2.1437e+07  0.29%  40.4  187s
  4332  4322 2.1419e+07   87  177 2.1375e+07 2.1437e+07  0.29%  40.3  190s
  5141  4971 2.1424e+07  101  179 2.1375e+07 2.1437e+07  0.29%  39.8  195s
H 5302  5190                    2.137947e+07 2.1437e+07  0.27%  39.5  197s
H 5507  5188                    2.138051e+07 2.1437e+07  0.26%  39.6  197s
  5855  5751 2.1422e+07  122  174 2.1381e+07 2.1437e+07  0.26%  39.6  200s
  6598  6326 2.1420e+07  138  166 2.1381e+07 2.1437e+07  0.26%  38.5  205s
H 6632  6303                    2.138280e+07 2.1437e+07  0.25%  38.5  205s
  7619  7588 2.1419e+07  152  156 2.1383e+07 2.1436e+07  0.25%  37.4  210s
H 8201  7748                    2.138401e+07 2.1436e+07  0.25%  36.8  212s
  8712  8664 2.1416e+07  170  156 2.1384e+07 2.1436e+07  0.25%  36.6  215s
  9494  9379 2.1407e+07  186  146 2.1384e+07 2.1436e+07  0.25%  36.1  221s
 10489 10353 2.1408e+07  199  147 2.1384e+07 2.1436e+07  0.24%  35.7  225s
 12066 11778 2.1407e+07  232  132 2.1384e+07 2.1436e+07  0.24%  35.2  232s
H12244 11776                    2.138430e+07 2.1436e+07  0.24%  35.0  232s
 12542 12426 2.1406e+07  243  122 2.1384e+07 2.1436e+07  0.24%  35.0  235s
H13213 12470                    2.138651e+07 2.1436e+07  0.23%  34.7  239s
H13217 12448                    2.138933e+07 2.1436e+07  0.22%  34.7  239s
H13249 12271                    2.139154e+07 2.1436e+07  0.21%  34.7  239s
 13263 12846 2.1405e+07  252  121 2.1392e+07 2.1436e+07  0.21%  34.7  242s
 13924 13553 2.1403e+07  267  120 2.1392e+07 2.1436e+07  0.21%  34.6  245s
H14645 13538                    2.139446e+07 2.1436e+07  0.19%  34.3  260s

Cutting planes:
  Gomory: 25
  Cover: 52
  Implied bound: 485
  MIR: 515
  Flow cover: 662
  RLT: 5
  Relax-and-lift: 375

Explored 14645 nodes (632308 simplex iterations) in 273.54 seconds (310.38 work units)
Thread count was 48 (of 192 available processors)

Solution count 10: 2.13945e+07 2.13945e+07 2.13915e+07 ... 2.13715e+07

Optimal solution found (tolerance 2.00e-03)
Best objective 2.139445811314e+07, best bound 2.143609522729e+07, gap 0.1946%
Deleted nodefile directory: /scratch-local/lbeemster.22277632/gurobi_failed_NORNE_ERB_sub0.0_run3
Saved model snapshot to study_case_model/figures/failure_experiment/run_27426/maxh2_NORNE_ERB/sub0.0/run3/model_snapshot.pkl
Model with original objective value 21394458.113136224 and penalty 0.0
Finished successfully!
