Gurobi shell based on Python 3.13.1 can be launched with command `gurobi.sh`
Gurobi Python Interface can be loaded in Python 3.13.1 with 'import gurobipy'
/var/spool/slurm/slurmd/job22272953/slurm_script: line 25: activate: No such file or directory
Renamed nodes according to mapping.
Nodes after renaming: ['NORNE/HEIDRUN T', 'KARSTO', 'ZEEPIPE-SCP', 'ZEEBRUGGE', 'GJØA-T', 'NORNE_ERB', 'NORPIPE Y', 'B-11', 'OSEBERG D', 'HEIMDAL HRP', 'SLEIPNER R', 'DRAUPNER_S', 'H-7_BP', 'EMDEN', 'ST.FERGUS', 'KOLLSNES', 'DORNUM', 'EUROPIPE-SCP', 'DUNKERQUE', 'VISUND T', 'VISUND', 'NYHAMNA', 'EASINGTON', 'GJOA', 'AASTA HANSTEEN PLEM']
Edges after renaming: [('NORNE/HEIDRUN T', 'KARSTO'), ('KARSTO', 'DRAUPNER_S'), ('KARSTO', 'DORNUM'), ('ZEEPIPE-SCP', 'ZEEBRUGGE'), ('GJØA-T', 'KARSTO'), ('NORNE_ERB', 'NORNE/HEIDRUN T'), ('NORPIPE Y', 'B-11'), ('B-11', 'H-7_BP'), ('OSEBERG D', 'HEIMDAL HRP'), ('HEIMDAL HRP', 'DRAUPNER_S'), ('HEIMDAL HRP', 'ST.FERGUS'), ('SLEIPNER R', 'ZEEPIPE-SCP'), ('SLEIPNER R', 'DRAUPNER_S'), ('SLEIPNER R', 'EASINGTON'), ('DRAUPNER_S', 'EUROPIPE-SCP'), ('DRAUPNER_S', 'DUNKERQUE'), ('DRAUPNER_S', 'NORPIPE Y'), ('H-7_BP', 'EMDEN'), ('KOLLSNES', 'SLEIPNER R'), ('KOLLSNES', 'DRAUPNER_S'), ('EUROPIPE-SCP', 'DORNUM'), ('VISUND T', 'KOLLSNES'), ('VISUND', 'VISUND T'), ('NYHAMNA', 'SLEIPNER R'), ('GJOA', 'GJØA-T'), ('AASTA HANSTEEN PLEM', 'NYHAMNA')]
{'location': nan, 'location_id': 'None', 'type': 'edge', 'pipName': '28" Gas KÅRSTØ, DRAUPNER S', 'idPipeline': 323042.0, 'mapLabel': 'Statpipe', 'belongs_to': 'GASSLED', 'curOperNam': 'Gassco AS', 'curPhase': 'IN SERVICE', 'curPhDate': Timestamp('1985-10-15 00:00:00'), 'fromFacili': 'KÅRSTØ', 'toFacility': 'DRAUPNER S', 'mainGrp': 'Transportation', 'dimension': 28.0, 'WaterDepth': 300.0, 'medium': 'Gas', 'idBelongTo': 2252643.0, 'idFrmFacil': 286169.0, 'idToFacili': 271945.0, 'idOperator': 1944954.0, 'dtUpdated': Timestamp('2025-01-31 00:00:00'), 'FactUrl': 'https://factpages.sodir.no/tuf/pageview/pipeline/all/323042', 'MapUrl': 'https://factmaps.sodir.no/map/redirect/pipLine.ashx?id=323042', 'weight': 2.9743635468753693, 'from_node': '(5.2680054225, 59.318134979999996)', 'to_node': '(2.469755817142857, 58.19028833)', 'max_flow': 0, 'node_type': nan, 'base_booking_cost': nan, 'supplier': nan, 'supply_capacity': nan, 'generation_cost': nan, 'component_ratio': nan, 'compression_increase': nan, 'compression_constants': nan, 'average_market_price': nan, 'long_term_price_std': nan, 'day_ahead_price_std': nan, 'average_demand_mwh_x1000': nan, 'demand_variance': nan, 'max_fractions': nan, 'min_outlet_pressure': nan, 'supplier_ratios': nan, 'weymouth_constant': 0.1770434233287944, 'max_inlet_pressure': 150.0, 'pressure_cost': 100.0, 'max_pipe_fractions': [{'NG': 1, 'CO2': 1, 'H2': 0.2}], 'geometry': <LINESTRING (5.268 59.318, 2.47 58.19)>}
Solving model:, failed_KARSTO_to_DRAUPNER_S, sub0.0, run0
Read LP format model from file /scratch-local/lbeemster.22272953/tmp1ho92wxb.pyomo.lp
Reading time = 0.84 seconds
x1: 178177 rows, 50626 columns, 1016640 nonzeros
Set parameter OutputFlag to value 1
Set parameter MIPGap to value 0.002
Set parameter Threads to value 48
Set parameter Presolve to value 1
Set parameter Cuts to value 1
Set parameter NodefileStart to value 1
Set parameter NodefileDir to value "/scratch-local/lbeemster.22272953/gurobi_failed_KARSTO_to_DRAUPNER_S_sub0.0_run0"
Set parameter MemLimit to value 60
Gurobi Optimizer version 12.0.3 build v12.0.3rc0 (linux64 - "Red Hat Enterprise Linux 9.6 (Plow)")

CPU model: AMD EPYC 9654 96-Core Processor, instruction set [SSE2|AVX|AVX2|AVX512]
Thread count: 192 physical cores, 192 logical processors, using up to 48 threads

Non-default parameters:
MemLimit  60
MIPGap  0.002
NodefileStart  1
Cuts  1
Presolve  1
Threads  48

Academic license 2514514 - for non-commercial use only - registered to l.___@student.vu.nl
Optimize a model with 178177 rows, 50626 columns and 1016640 nonzeros
Model fingerprint: 0xb3adfa33
Variable types: 40002 continuous, 10624 integer (10624 binary)
Coefficient statistics:
  Matrix range     [6e-05, 1e+05]
  Objective range  [2e+00, 3e+04]
  Bounds range     [1e+00, 1e+00]
  RHS range        [3e-01, 2e+05]
Presolve removed 38849 rows and 14358 columns
Presolve time: 1.39s
Presolved: 139328 rows, 36268 columns, 916659 nonzeros
Variable types: 27820 continuous, 8448 integer (8448 binary)
Found heuristic solution: objective -5.61464e+09

Deterministic concurrent LP optimizer: primal simplex, dual simplex, and barrier
Showing barrier log only...

Root barrier log...

Ordering time: 2.53s

Barrier statistics:
 AA' NZ     : 1.258e+07
 Factor NZ  : 1.409e+07 (roughly 200 MB of memory)
 Factor Ops : 2.133e+09 (less than 1 second per iteration)
 Threads    : 46

                  Objective                Residual
Iter       Primal          Dual         Primal    Dual     Compl     Time
   0  -3.05333798e+12  1.60258370e+14  4.12e+05 1.75e+04  1.77e+10     7s
   1  -1.90568879e+12  1.07774185e+14  2.14e+05 4.13e+05  7.57e+09     7s
   2  -4.20221340e+11  6.82518000e+13  4.46e+04 1.15e+04  1.66e+09     7s
   3  -9.29034985e+10  1.68947205e+13  8.78e+03 3.32e+01  3.07e+08     7s
   4  -1.60869045e+10  4.38064093e+12  6.38e+02 6.85e-07  3.56e+07     7s
   5  -1.11139280e+10  8.39133988e+11  1.98e+02 1.24e-07  7.17e+06     7s
   6  -8.03084015e+09  5.98677111e+11  1.51e+02 8.34e-08  5.04e+06     7s
   7  -2.18569362e+09  3.01557653e+11  7.43e+01 3.45e-08  2.36e+06     7s
   8  -1.02797285e+09  1.38043495e+11  3.34e+01 1.56e-08  1.03e+06     7s
   9  -1.40839646e+08  4.40904689e+10  3.31e+00 1.47e-08  2.51e+05     7s
  10  -2.14280078e+07  2.01399727e+10  6.13e-01 6.20e-09  1.06e+05     7s
  11   3.92183813e+06  1.10704877e+10  8.99e-02 3.53e-09  5.63e+04     7s
  12   9.05455061e+06  2.08947802e+09  6.14e-05 2.26e-09  1.05e+04     7s
  13   1.07314104e+07  2.84685902e+08  9.56e-06 1.28e-09  1.38e+03     8s
  14   1.36657533e+07  1.34095391e+08  2.66e-06 5.11e-10  6.08e+02     8s
  15   1.55803464e+07  8.41930305e+07  1.17e-06 4.66e-10  3.46e+02     8s
  16   1.86245351e+07  5.48420918e+07  2.31e-07 4.66e-10  1.83e+02     8s
  17   1.93051486e+07  4.02493412e+07  1.71e-07 4.66e-10  1.06e+02     8s

Barrier performed 17 iterations in 7.78 seconds (6.22 work units)
Barrier solve interrupted - model solved by another algorithm

Concurrent spin time: 1.44s (can be avoided by choosing Method=3)

Solved with dual simplex

Root relaxation: objective 2.095441e+07, 45139 iterations, 4.88 seconds (3.48 work units)

    Nodes    |    Current Node    |     Objective Bounds      |     Work
 Expl Unexpl |  Obj  Depth IntInf | Incumbent    BestBd   Gap | It/Node Time

     0     0 2.0954e+07    0  505 -5.615e+09 2.0954e+07   100%     -    9s
H    0     0                    -1.96806e+09 2.0954e+07   101%     -   10s
H    0     0                    -1.91811e+09 2.0954e+07   101%     -   12s
     0     0 2.0890e+07    0  631 -1.918e+09 2.0890e+07   101%     -   14s
     0     0 2.0890e+07    0  687 -1.918e+09 2.0890e+07   101%     -   15s
     0     0 2.0890e+07    0  685 -1.918e+09 2.0890e+07   101%     -   15s
     0     0 2.0867e+07    0  586 -1.918e+09 2.0867e+07   101%     -   18s
     0     0 2.0867e+07    0  587 -1.918e+09 2.0867e+07   101%     -   18s
     0     0 2.0867e+07    0  599 -1.918e+09 2.0867e+07   101%     -   18s
     0     0 2.0867e+07    0  604 -1.918e+09 2.0867e+07   101%     -   19s
     0     0 2.0839e+07    0  531 -1.918e+09 2.0839e+07   101%     -   21s
     0     0 2.0838e+07    0  579 -1.918e+09 2.0838e+07   101%     -   22s
     0     0 2.0838e+07    0  596 -1.918e+09 2.0838e+07   101%     -   22s
     0     0 2.0838e+07    0  591 -1.918e+09 2.0838e+07   101%     -   23s
     0     0 2.0823e+07    0  536 -1.918e+09 2.0823e+07   101%     -   26s
H    0     0                    -1.86988e+09 2.0823e+07   101%     -   27s
     0     0 2.0822e+07    0  559 -1.870e+09 2.0822e+07   101%     -   27s
     0     0 2.0822e+07    0  578 -1.870e+09 2.0822e+07   101%     -   28s
     0     0 2.0822e+07    0  583 -1.870e+09 2.0822e+07   101%     -   28s
     0     0 2.0811e+07    0  511 -1.870e+09 2.0811e+07   101%     -   31s
     0     0 2.0811e+07    0  526 -1.870e+09 2.0811e+07   101%     -   33s
     0     0 2.0811e+07    0  522 -1.870e+09 2.0811e+07   101%     -   33s
     0     0 2.0811e+07    0  531 -1.870e+09 2.0811e+07   101%     -   34s
     0     0 2.0804e+07    0  495 -1.870e+09 2.0804e+07   101%     -   36s
H    0     0                    -1.33466e+09 2.0804e+07   102%     -   37s
     0     0 2.0804e+07    0  526 -1.335e+09 2.0804e+07   102%     -   37s
     0     0 2.0804e+07    0  538 -1.335e+09 2.0804e+07   102%     -   38s
     0     0 2.0799e+07    0  459 -1.335e+09 2.0799e+07   102%     -   40s
H    0     0                    -1.32927e+09 2.0799e+07   102%     -   41s
     0     0 2.0799e+07    0  467 -1.329e+09 2.0799e+07   102%     -   41s
     0     0 2.0799e+07    0  477 -1.329e+09 2.0799e+07   102%     -   42s
     0     0 2.0797e+07    0  464 -1.329e+09 2.0797e+07   102%     -   44s
     0     0 2.0797e+07    0  486 -1.329e+09 2.0797e+07   102%     -   44s
     0     0 2.0797e+07    0  491 -1.329e+09 2.0797e+07   102%     -   44s
     0     0 2.0797e+07    0  477 -1.329e+09 2.0797e+07   102%     -   45s
H    0     0                    -9.08906e+08 2.0797e+07   102%     -   46s
     0     0 2.0797e+07    0  481 -9.089e+08 2.0797e+07   102%     -   46s
     0     0 2.0796e+07    0  470 -9.089e+08 2.0796e+07   102%     -   48s
     0     0 2.0796e+07    0  474 -9.089e+08 2.0796e+07   102%     -   50s
     0     0 2.0796e+07    0  458 -9.089e+08 2.0796e+07   102%     -   51s
     0     0 2.0796e+07    0  445 -9.089e+08 2.0796e+07   102%     -   57s
H    0     0                    -8.91482e+08 2.0796e+07   102%     -   61s
H    0     0                    -7.45777e+08 2.0796e+07   103%     -   65s
H    0     0                    -4.57460e+08 2.0796e+07   105%     -   67s
H    0     0                    -4.31281e+08 2.0796e+07   105%     -   71s
H    0     0                    -4.02706e+08 2.0796e+07   105%     -   73s
H    0     0                    -3.02905e+08 2.0796e+07   107%     -   77s
H    0     0                    -3.02905e+08 2.0796e+07   107%     -   81s
H    0     0                    -3.02901e+08 2.0796e+07   107%     -   81s
H    0     0                    -3.02898e+08 2.0796e+07   107%     -   81s
     0     2 2.0796e+07    0  442 -3.029e+08 2.0796e+07   107%     -   84s
     7    16 2.0796e+07    3  459 -3.029e+08 2.0796e+07   107%   221   85s
H   43    64                    -3.02898e+08 2.0796e+07   107%   129   88s
   111   245 2.0796e+07    7  462 -3.029e+08 2.0796e+07   107%   108   90s
H  390   458                    -2.87517e+08 2.0796e+07   107%  72.4   93s
   755   804 2.0795e+07   18  458 -2.875e+08 2.0796e+07   107%  72.9   98s
H  803   852                    -2.62242e+08 2.0796e+07   108%  71.1  101s
  1424  1559 2.0793e+07   31  450 -2.622e+08 2.0796e+07   108%  59.9  105s
H 1884  1962                    -1.33050e+08 2.0796e+07   116%  54.4  109s
H 1904  1962                    -1.07556e+08 2.0796e+07   119%  54.4  109s
H 1917  1962                    -9.97261e+07 2.0796e+07   121%  54.2  109s
H 1918  1962                    -9.08954e+07 2.0796e+07   123%  54.2  109s
H 1960  1962                    -6.45331e+07 2.0796e+07   132%  54.0  109s
[2026-04-27T10:08:24.196] error: *** JOB 22272953 ON tcn1023 CANCELLED AT 2026-04-27T10:08:24 DUE to SIGNAL Terminated ***
