Gurobi shell based on Python 3.13.1 can be launched with command `gurobi.sh`
Gurobi Python Interface can be loaded in Python 3.13.1 with 'import gurobipy'
/var/spool/slurm/slurmd/job22277146/slurm_script: line 25: activate: No such file or directory
Renamed nodes according to mapping.
Nodes after renaming: ['NORNE/HEIDRUN T', 'KARSTO', 'ZEEPIPE-SCP', 'ZEEBRUGGE', 'GJØA-T', 'NORNE_ERB', 'NORPIPE Y', 'B-11', 'OSEBERG D', 'HEIMDAL HRP', 'SLEIPNER R', 'DRAUPNER_S', 'H-7_BP', 'EMDEN', 'ST.FERGUS', 'KOLLSNES', 'DORNUM', 'EUROPIPE-SCP', 'DUNKERQUE', 'VISUND T', 'VISUND', 'NYHAMNA', 'EASINGTON', 'GJOA', 'AASTA HANSTEEN PLEM']
Edges after renaming: [('NORNE/HEIDRUN T', 'KARSTO'), ('KARSTO', 'DRAUPNER_S'), ('KARSTO', 'DORNUM'), ('ZEEPIPE-SCP', 'ZEEBRUGGE'), ('GJØA-T', 'KARSTO'), ('NORNE_ERB', 'NORNE/HEIDRUN T'), ('NORPIPE Y', 'B-11'), ('B-11', 'H-7_BP'), ('OSEBERG D', 'HEIMDAL HRP'), ('HEIMDAL HRP', 'DRAUPNER_S'), ('HEIMDAL HRP', 'ST.FERGUS'), ('SLEIPNER R', 'ZEEPIPE-SCP'), ('SLEIPNER R', 'DRAUPNER_S'), ('SLEIPNER R', 'EASINGTON'), ('DRAUPNER_S', 'EUROPIPE-SCP'), ('DRAUPNER_S', 'DUNKERQUE'), ('DRAUPNER_S', 'NORPIPE Y'), ('H-7_BP', 'EMDEN'), ('KOLLSNES', 'SLEIPNER R'), ('KOLLSNES', 'DRAUPNER_S'), ('EUROPIPE-SCP', 'DORNUM'), ('VISUND T', 'KOLLSNES'), ('VISUND', 'VISUND T'), ('NYHAMNA', 'SLEIPNER R'), ('GJOA', 'GJØA-T'), ('AASTA HANSTEEN PLEM', 'NYHAMNA')]
{'location': nan, 'location_id': 'None', 'type': 'edge', 'pipName': '28" Gas KÅRSTØ, DRAUPNER S', 'idPipeline': 323042.0, 'mapLabel': 'Statpipe', 'belongs_to': 'GASSLED', 'curOperNam': 'Gassco AS', 'curPhase': 'IN SERVICE', 'curPhDate': Timestamp('1985-10-15 00:00:00'), 'fromFacili': 'KÅRSTØ', 'toFacility': 'DRAUPNER S', 'mainGrp': 'Transportation', 'dimension': 28.0, 'WaterDepth': 300.0, 'medium': 'Gas', 'idBelongTo': 2252643.0, 'idFrmFacil': 286169.0, 'idToFacili': 271945.0, 'idOperator': 1944954.0, 'dtUpdated': Timestamp('2025-01-31 00:00:00'), 'FactUrl': 'https://factpages.sodir.no/tuf/pageview/pipeline/all/323042', 'MapUrl': 'https://factmaps.sodir.no/map/redirect/pipLine.ashx?id=323042', 'weight': 2.9743635468753693, 'from_node': '(5.2680054225, 59.318134979999996)', 'to_node': '(2.469755817142857, 58.19028833)', 'max_flow': 0, 'node_type': nan, 'base_booking_cost': nan, 'supplier': nan, 'supply_capacity': nan, 'generation_cost': nan, 'component_ratio': nan, 'compression_increase': nan, 'compression_constants': nan, 'average_market_price': nan, 'long_term_price_std': nan, 'day_ahead_price_std': nan, 'average_demand_mwh_x1000': nan, 'demand_variance': nan, 'max_fractions': nan, 'min_outlet_pressure': nan, 'supplier_ratios': nan, 'weymouth_constant': 0.1770434233287944, 'max_inlet_pressure': 150.0, 'pressure_cost': 100.0, 'max_pipe_fractions': [{'NG': 1, 'CO2': 1, 'H2': 0.2}], 'geometry': <LINESTRING (5.268 59.318, 2.47 58.19)>}
Solving model:, failed_KARSTO_to_DRAUPNER_S, sub0.0, run3
Read LP format model from file /scratch-local/lbeemster.22277146/tmpq80mhgt0.pyomo.lp
Reading time = 0.68 seconds
x1: 178177 rows, 50626 columns, 1016640 nonzeros
Set parameter OutputFlag to value 1
Set parameter MIPGap to value 0.002
Set parameter Threads to value 48
Set parameter Presolve to value 1
Set parameter Cuts to value 1
Set parameter NodefileStart to value 1
Set parameter NodefileDir to value "/scratch-local/lbeemster.22277146/gurobi_failed_KARSTO_to_DRAUPNER_S_sub0.0_run3"
Set parameter MemLimit to value 60
Gurobi Optimizer version 12.0.3 build v12.0.3rc0 (linux64 - "Red Hat Enterprise Linux 9.6 (Plow)")

CPU model: AMD EPYC 9654 96-Core Processor, instruction set [SSE2|AVX|AVX2|AVX512]
Thread count: 192 physical cores, 192 logical processors, using up to 48 threads

Non-default parameters:
MemLimit  60
MIPGap  0.002
NodefileStart  1
Cuts  1
Presolve  1
Threads  48

Academic license 2514514 - for non-commercial use only - registered to l.___@student.vu.nl
Optimize a model with 178177 rows, 50626 columns and 1016640 nonzeros
Model fingerprint: 0xa85f1c68
Variable types: 40002 continuous, 10624 integer (10624 binary)
Coefficient statistics:
  Matrix range     [6e-05, 1e+05]
  Objective range  [2e+00, 3e+04]
  Bounds range     [1e+00, 1e+00]
  RHS range        [3e-01, 2e+05]
Presolve removed 38849 rows and 14358 columns
Presolve time: 1.41s
Presolved: 139328 rows, 36268 columns, 916659 nonzeros
Variable types: 27820 continuous, 8448 integer (8448 binary)
Found heuristic solution: objective -4.37016e+09

Deterministic concurrent LP optimizer: primal simplex, dual simplex, and barrier
Showing barrier log only...

Root barrier log...

Ordering time: 2.51s

Barrier statistics:
 AA' NZ     : 1.258e+07
 Factor NZ  : 1.409e+07 (roughly 200 MB of memory)
 Factor Ops : 2.133e+09 (less than 1 second per iteration)
 Threads    : 46

                  Objective                Residual
Iter       Primal          Dual         Primal    Dual     Compl     Time
   0  -3.06128940e+12  1.60234774e+14  4.13e+05 1.75e+04  1.77e+10     7s
   1  -1.90937847e+12  1.07951637e+14  2.15e+05 4.12e+05  7.60e+09     7s
   2  -4.18551538e+11  6.84309212e+13  4.47e+04 1.12e+04  1.67e+09     7s
   3  -9.05701182e+10  1.69388114e+13  8.83e+03 2.86e+01  3.09e+08     7s
   4  -1.31687466e+10  4.40306870e+12  5.97e+02 1.24e-06  3.49e+07     7s
   5  -8.50038358e+09  7.95315728e+11  1.94e+02 1.13e-07  6.83e+06     7s
   6  -5.76229940e+09  4.94853613e+11  1.36e+02 7.57e-08  4.23e+06     7s

Barrier performed 6 iterations in 7.17 seconds (5.12 work units)
Barrier solve interrupted - model solved by another algorithm

Concurrent spin time: 2.09s (can be avoided by choosing Method=3)

Solved with primal simplex

Root relaxation: objective 2.167641e+07, 44292 iterations, 4.23 seconds (2.36 work units)

    Nodes    |    Current Node    |     Objective Bounds      |     Work
 Expl Unexpl |  Obj  Depth IntInf | Incumbent    BestBd   Gap | It/Node Time

     0     0 2.1676e+07    0  496 -4.370e+09 2.1676e+07   100%     -    8s
H    0     0                    -4.30840e+09 2.1676e+07   101%     -   11s
     0     0 2.1625e+07    0  612 -4.308e+09 2.1625e+07   101%     -   13s
H    0     0                    -2.82949e+09 2.1625e+07   101%     -   14s
     0     0 2.1625e+07    0  641 -2.829e+09 2.1625e+07   101%     -   14s
     0     0 2.1625e+07    0  639 -2.829e+09 2.1625e+07   101%     -   14s
     0     0 2.1625e+07    0  644 -2.829e+09 2.1625e+07   101%     -   15s
     0     0 2.1588e+07    0  576 -2.829e+09 2.1588e+07   101%     -   17s
H    0     0                    -2.06003e+09 2.1588e+07   101%     -   18s
     0     0 2.1588e+07    0  543 -2.060e+09 2.1588e+07   101%     -   18s
     0     0 2.1588e+07    0  548 -2.060e+09 2.1588e+07   101%     -   18s
     0     0 2.1518e+07    0  520 -2.060e+09 2.1518e+07   101%     -   21s
     0     0 2.1518e+07    0  526 -2.060e+09 2.1518e+07   101%     -   22s
     0     0 2.1518e+07    0  539 -2.060e+09 2.1518e+07   101%     -   22s
     0     0 2.1518e+07    0  542 -2.060e+09 2.1518e+07   101%     -   22s
     0     0 2.1476e+07    0  529 -2.060e+09 2.1476e+07   101%     -   25s
H    0     0                    -1.44713e+09 2.1476e+07   101%     -   26s
     0     0 2.1476e+07    0  573 -1.447e+09 2.1476e+07   101%     -   26s
     0     0 2.1476e+07    0  578 -1.447e+09 2.1476e+07   101%     -   27s
     0     0 2.1476e+07    0  583 -1.447e+09 2.1476e+07   101%     -   27s
     0     0 2.1456e+07    0  512 -1.447e+09 2.1456e+07   101%     -   30s
     0     0 2.1455e+07    0  530 -1.447e+09 2.1455e+07   101%     -   31s
     0     0 2.1455e+07    0  534 -1.447e+09 2.1455e+07   101%     -   31s
     0     0 2.1455e+07    0  544 -1.447e+09 2.1455e+07   101%     -   31s
     0     0 2.1445e+07    0  521 -1.447e+09 2.1445e+07   101%     -   34s
H    0     0                    -1.13746e+09 2.1445e+07   102%     -   35s
     0     0 2.1445e+07    0  515 -1.137e+09 2.1445e+07   102%     -   35s
     0     0 2.1445e+07    0  518 -1.137e+09 2.1445e+07   102%     -   36s
     0     0 2.1439e+07    0  501 -1.137e+09 2.1439e+07   102%     -   38s
H    0     0                    -9.70908e+08 2.1439e+07   102%     -   39s
     0     0 2.1439e+07    0  519 -9.709e+08 2.1439e+07   102%     -   39s
     0     0 2.1439e+07    0  516 -9.709e+08 2.1439e+07   102%     -   39s
     0     0 2.1439e+07    0  476 -9.709e+08 2.1439e+07   102%     -   41s
H    0     0                    -7.61433e+08 2.1439e+07   103%     -   43s
     0     0 2.1439e+07    0  475 -7.614e+08 2.1439e+07   103%     -   43s
     0     0 2.1439e+07    0  477 -7.614e+08 2.1439e+07   103%     -   43s
     0     0 2.1439e+07    0  488 -7.614e+08 2.1439e+07   103%     -   45s
     0     0 2.1439e+07    0  491 -7.614e+08 2.1439e+07   103%     -   47s
     0     0 2.1439e+07    0  490 -7.614e+08 2.1439e+07   103%     -   52s
H    0     0                    -7.61072e+08 2.1439e+07   103%     -   57s
H    0     0                    -7.58018e+08 2.1439e+07   103%     -   57s
H    0     0                    -4.82954e+08 2.1439e+07   104%     -   60s
H    0     0                    -3.84828e+08 2.1439e+07   106%     -   62s
H    0     0                    -3.77343e+08 2.1439e+07   106%     -   64s
H    0     0                    -2.83942e+08 2.1439e+07   108%     -   72s
H    0     0                    -2.83942e+08 2.1439e+07   108%     -   73s
H    0     0                    -2.62142e+08 2.1439e+07   108%     -   74s
H    0     0                    -2.62135e+08 2.1439e+07   108%     -   74s
H    0     0                    -2.62131e+08 2.1439e+07   108%     -   74s
H    0     0                    -2.62127e+08 2.1439e+07   108%     -   74s
H    0     0                    -2.62125e+08 2.1439e+07   108%     -   74s
     0     2 2.1439e+07    0  478 -2.621e+08 2.1439e+07   108%     -   79s
     1     4 2.1439e+07    1  472 -2.621e+08 2.1439e+07   108%   962   80s
H   49    64                    -2.62090e+08 2.1438e+07   108%   198   82s
   416   510 2.1432e+07   10  493 -2.621e+08 2.1438e+07   108%  81.9   85s
H  772   810                    -2.62090e+08 2.1438e+07   108%  71.9   89s
   809   889 2.1432e+07   16  483 -2.621e+08 2.1438e+07   108%  71.4   91s
  1733  1782 2.1429e+07   35  476 -2.621e+08 2.1438e+07   108%  58.5   97s
H 1781  1830                    -2.48590e+08 2.1438e+07   109%  58.2  106s
H 2097  2131                    -2.48550e+08 2.1438e+07   109%  57.5  109s
  2283  2440 2.1426e+07   45  462 -2.486e+08 2.1438e+07   109%  56.5  110s
Created node file directory '/scratch-local/lbeemster.22277146/gurobi_failed_KARSTO_to_DRAUPNER_S_sub0.0_run3/grbnodes0'
  3148  3197 2.1423e+07   61  453 -2.486e+08 2.1438e+07   109%  52.0  116s
  3196  3245 2.1423e+07   62  453 -2.486e+08 2.1438e+07   109%  51.6  121s
H 3198  3245                    -1.99250e+08 2.1438e+07   111%  51.6  121s
H 3201  3245                    -1.15033e+08 2.1438e+07   119%  51.6  121s
H 3220  3244                    -9.37477e+07 2.1438e+07   123%  51.4  121s
H 3244  3344                    -9.37468e+07 2.1438e+07   123%  51.4  122s
H 3279  3344                    -9.37468e+07 2.1438e+07   123%  51.1  122s
  3689  3857 2.1422e+07   72  448 -9.375e+07 2.1438e+07   123%  49.4  126s
H 3841  3857                    -9.37467e+07 2.1438e+07   123%  48.6  126s
  4446  4730 2.1420e+07   87  442 -9.375e+07 2.1438e+07   123%  46.2  130s
  5663  5956 2.1417e+07  110  441 -9.375e+07 2.1438e+07   123%  46.1  136s
H 6016  6051                    -8.74602e+07 2.1438e+07   125%  45.9  146s
H 6017  6047                    -5.49113e+07 2.1438e+07   139%  45.9  146s
H 6022  6047                    -5.48747e+07 2.1438e+07   139%  45.9  146s
H 6025  6045                    -3.26679e+07 2.1438e+07   166%  45.9  146s
  6793  6968 2.1415e+07  132  421 -3.267e+07 2.1438e+07   166%  45.9  151s
  7485  7821 2.1414e+07  143  419 -3.267e+07 2.1438e+07   166%  44.9  155s
  8387  8338 2.1411e+07  163  411 -3.267e+07 2.1438e+07   166%  43.7  160s
  8436  8386 2.1411e+07  164  411 -3.267e+07 2.1438e+07   166%  43.7  168s
H 8446  8386                    -3.26455e+07 2.1438e+07   166%  43.7  168s
H 8468  8386                    -3.09150e+07 2.1438e+07   169%  43.7  168s
H 8479  8386                    -3.08663e+07 2.1438e+07   169%  43.7  168s
  8484  8926 2.1411e+07  165  408 -3.087e+07 2.1438e+07   169%  43.7  170s
  9355  9794 2.1395e+07  176  411 -3.087e+07 2.1438e+07   169%  42.5  175s
 10482 10988 2.1408e+07  188  408 -3.087e+07 2.1438e+07   169%  42.0  180s
 11667 12203 2.1405e+07  212  385 -3.087e+07 2.1438e+07   169%  41.3  185s
 12867 13437 2.1403e+07  234  381 -3.087e+07 2.1438e+07   169%  40.4  192s
 14232 14874 2.1397e+07  258  375 -3.087e+07 2.1438e+07   169%  39.4  197s
 14992 15591 2.1396e+07  275  368 -3.087e+07 2.1438e+07   169%  38.7  200s
 15717 15965 2.1394e+07  288  360 -3.087e+07 2.1438e+07   169%  38.4  205s
H16091 14413                    1692709.4731 2.1438e+07  1166%  38.1  210s
H16096 14413                    9084796.7008 2.1438e+07   136%  38.1  210s
H16121 14263                    1.087167e+07 2.1438e+07  97.2%  38.1  211s
 16887 15785 2.1391e+07  306  341 1.0872e+07 2.1438e+07  97.2%  38.7  216s
H17780 15399                    2.124217e+07 2.1438e+07  0.92%  38.2  237s
H17780 15399                    2.124532e+07 2.1438e+07  0.91%  38.2  242s
 17781 15382 2.1378e+07   34  490 2.1245e+07 2.1438e+07  0.91%  38.2  260s
H17782 14613                    2.124946e+07 2.1431e+07  0.86%  38.2  335s
H17782 13883                    2.126571e+07 2.1431e+07  0.78%  38.2  335s
H17782 13188                    2.127270e+07 2.1417e+07  0.68%  38.2  335s
H17782 12529                    2.127728e+07 2.1417e+07  0.66%  38.2  335s
H17782 11903                    2.129331e+07 2.1417e+07  0.58%  38.2  335s
 17784 11904 2.1417e+07   35  388 2.1293e+07 2.1417e+07  0.58%  38.2  341s
H17785 11309                    2.132334e+07 2.1417e+07  0.44%  38.2  344s
 17786 11309 2.1417e+07   75  397 2.1323e+07 2.1417e+07  0.44%  38.2  345s
H17792 10747                    2.132437e+07 2.1411e+07  0.40%  38.2  403s
H17792 10210                    2.132941e+07 2.1411e+07  0.38%  38.2  403s
H17792  9699                    2.132979e+07 2.1411e+07  0.38%  38.2  403s
 17794  9701 2.1397e+07  285  399 2.1330e+07 2.1411e+07  0.38%  38.2  405s
H17800  9219                    2.134245e+07 2.1410e+07  0.31%  38.2  442s
H17800  8758                    2.134303e+07 2.1410e+07  0.31%  38.2  442s
 17802  8759 2.1410e+07   72  409 2.1343e+07 2.1410e+07  0.31%  38.2  446s
H17805  8323                    2.134782e+07 2.1409e+07  0.29%  38.2  488s
H17805  7906                    2.134847e+07 2.1409e+07  0.28%  38.2  488s
 17807  7907 2.1409e+07   18  388 2.1348e+07 2.1409e+07  0.28%  38.2  491s
H17810  7513                    2.134886e+07 2.1408e+07  0.28%  38.2  531s
H17810  7137                    2.134927e+07 2.1408e+07  0.28%  38.2  531s
 17815  7141 2.1408e+07   64  372 2.1349e+07 2.1408e+07  0.28%  38.2  535s
 17816  7141 2.1385e+07  275  374 2.1349e+07 2.1408e+07  0.28%  38.2  572s
 17817  7142 2.1408e+07   24  385 2.1349e+07 2.1408e+07  0.28%  38.2  575s
 17822  7145 2.1408e+07   94  380 2.1349e+07 2.1408e+07  0.27%  38.1  620s
H17824  6789                    2.135001e+07 2.1408e+07  0.27%  38.1  680s
H17828  6451                    2.135008e+07 2.1407e+07  0.27%  38.1  742s
H17828  6127                    2.135063e+07 2.1407e+07  0.27%  38.1  742s
 17830  6129 2.1407e+07   85  391 2.1351e+07 2.1407e+07  0.27%  38.1  745s
H17830  5822                    2.135082e+07 2.1407e+07  0.26%  38.1  745s
H17832  5531                    2.135637e+07 2.1407e+07  0.24%  38.1  796s
H17832  5253                    2.135890e+07 2.1407e+07  0.23%  38.1  796s
H17833  4991                    2.135890e+07 2.1407e+07  0.23%  38.1  799s
 17836  4993 2.1407e+07   70  386 2.1359e+07 2.1407e+07  0.23%  38.1  800s
 17837  4993 2.1407e+07   60  390 2.1359e+07 2.1407e+07  0.22%  38.1  856s
 17841  4996 2.1407e+07  103  388 2.1359e+07 2.1407e+07  0.22%  38.1  901s
 17843  4997 2.1407e+07   44  394 2.1359e+07 2.1407e+07  0.22%  38.1  905s
H17845  4748                    2.136384e+07 2.1407e+07  0.20%  38.1  952s
H17845  4509                    2.136438e+07 2.1407e+07  0.20%  38.1  952s
H17845  4283                    2.136646e+07 2.1407e+07  0.19%  38.1  952s

Cutting planes:
  Learned: 1
  Gomory: 53
  Cover: 17
  Implied bound: 657
  MIR: 748
  Flow cover: 704
  RLT: 5
  Relax-and-lift: 580
  BQP: 3

Explored 17845 nodes (805835 simplex iterations) in 952.92 seconds (1247.41 work units)
Thread count was 48 (of 192 available processors)

Solution count 10: 2.13665e+07 2.13665e+07 2.13644e+07 ... 2.135e+07

Optimal solution found (tolerance 2.00e-03)
Best objective 2.136646043766e+07, best bound 2.140663939559e+07, gap 0.1880%
Deleted nodefile directory: /scratch-local/lbeemster.22277146/gurobi_failed_KARSTO_to_DRAUPNER_S_sub0.0_run3
Saved model snapshot to study_case_model/figures/failure_experiment/run_27426/maxh2_KARSTO_to_DRAUPNER_S/sub0.0/run3/model_snapshot.pkl
Model with original objective value 21366460.4376576 and penalty 0.0
Finished successfully!
