Gurobi shell based on Python 3.13.1 can be launched with command `gurobi.sh`
Gurobi Python Interface can be loaded in Python 3.13.1 with 'import gurobipy'
/var/spool/slurm/slurmd/job22274800/slurm_script: line 25: activate: No such file or directory
Renamed nodes according to mapping.
Nodes after renaming: ['NORNE/HEIDRUN T', 'KARSTO', 'ZEEPIPE-SCP', 'ZEEBRUGGE', 'GJØA-T', 'NORNE_ERB', 'NORPIPE Y', 'B-11', 'OSEBERG D', 'HEIMDAL HRP', 'SLEIPNER R', 'DRAUPNER_S', 'H-7_BP', 'EMDEN', 'ST.FERGUS', 'KOLLSNES', 'DORNUM', 'EUROPIPE-SCP', 'DUNKERQUE', 'VISUND T', 'VISUND', 'NYHAMNA', 'EASINGTON', 'GJOA', 'AASTA HANSTEEN PLEM']
Edges after renaming: [('NORNE/HEIDRUN T', 'KARSTO'), ('KARSTO', 'DRAUPNER_S'), ('KARSTO', 'DORNUM'), ('ZEEPIPE-SCP', 'ZEEBRUGGE'), ('GJØA-T', 'KARSTO'), ('NORNE_ERB', 'NORNE/HEIDRUN T'), ('NORPIPE Y', 'B-11'), ('B-11', 'H-7_BP'), ('OSEBERG D', 'HEIMDAL HRP'), ('HEIMDAL HRP', 'DRAUPNER_S'), ('HEIMDAL HRP', 'ST.FERGUS'), ('SLEIPNER R', 'ZEEPIPE-SCP'), ('SLEIPNER R', 'DRAUPNER_S'), ('SLEIPNER R', 'EASINGTON'), ('DRAUPNER_S', 'EUROPIPE-SCP'), ('DRAUPNER_S', 'DUNKERQUE'), ('DRAUPNER_S', 'NORPIPE Y'), ('H-7_BP', 'EMDEN'), ('KOLLSNES', 'SLEIPNER R'), ('KOLLSNES', 'DRAUPNER_S'), ('EUROPIPE-SCP', 'DORNUM'), ('VISUND T', 'KOLLSNES'), ('VISUND', 'VISUND T'), ('NYHAMNA', 'SLEIPNER R'), ('GJOA', 'GJØA-T'), ('AASTA HANSTEEN PLEM', 'NYHAMNA')]
{'location': nan, 'location_id': 'None', 'type': 'edge', 'pipName': '28" Gas KÅRSTØ, DRAUPNER S', 'idPipeline': 323042.0, 'mapLabel': 'Statpipe', 'belongs_to': 'GASSLED', 'curOperNam': 'Gassco AS', 'curPhase': 'IN SERVICE', 'curPhDate': Timestamp('1985-10-15 00:00:00'), 'fromFacili': 'KÅRSTØ', 'toFacility': 'DRAUPNER S', 'mainGrp': 'Transportation', 'dimension': 28.0, 'WaterDepth': 300.0, 'medium': 'Gas', 'idBelongTo': 2252643.0, 'idFrmFacil': 286169.0, 'idToFacili': 271945.0, 'idOperator': 1944954.0, 'dtUpdated': Timestamp('2025-01-31 00:00:00'), 'FactUrl': 'https://factpages.sodir.no/tuf/pageview/pipeline/all/323042', 'MapUrl': 'https://factmaps.sodir.no/map/redirect/pipLine.ashx?id=323042', 'weight': 2.9743635468753693, 'from_node': '(5.2680054225, 59.318134979999996)', 'to_node': '(2.469755817142857, 58.19028833)', 'max_flow': 0, 'node_type': nan, 'base_booking_cost': nan, 'supplier': nan, 'supply_capacity': nan, 'generation_cost': nan, 'component_ratio': nan, 'compression_increase': nan, 'compression_constants': nan, 'average_market_price': nan, 'long_term_price_std': nan, 'day_ahead_price_std': nan, 'average_demand_mwh_x1000': nan, 'demand_variance': nan, 'max_fractions': nan, 'min_outlet_pressure': nan, 'supplier_ratios': nan, 'weymouth_constant': 0.1770434233287944, 'max_inlet_pressure': 150.0, 'pressure_cost': 100.0, 'max_pipe_fractions': [{'NG': 1, 'CO2': 1, 'H2': 0.2}], 'geometry': <LINESTRING (5.268 59.318, 2.47 58.19)>}
Solving model:, failed_KARSTO_to_DRAUPNER_S, sub70.0, run1
Read LP format model from file /scratch-local/lbeemster.22274800/tmpqlhvr27g.pyomo.lp
Reading time = 0.64 seconds
x1: 178177 rows, 50626 columns, 1016640 nonzeros
Set parameter OutputFlag to value 1
Set parameter MIPGap to value 0.002
Set parameter Threads to value 48
Set parameter Presolve to value 1
Set parameter Cuts to value 1
Set parameter NodefileStart to value 1
Set parameter NodefileDir to value "/scratch-local/lbeemster.22274800/gurobi_failed_KARSTO_to_DRAUPNER_S_sub70.0_run1"
Set parameter MemLimit to value 60
Gurobi Optimizer version 12.0.3 build v12.0.3rc0 (linux64 - "Red Hat Enterprise Linux 9.6 (Plow)")

CPU model: AMD EPYC 9654 96-Core Processor, instruction set [SSE2|AVX|AVX2|AVX512]
Thread count: 192 physical cores, 192 logical processors, using up to 48 threads

Non-default parameters:
MemLimit  60
MIPGap  0.002
NodefileStart  1
Cuts  1
Presolve  1
Threads  48

Academic license 2514514 - for non-commercial use only - registered to l.___@student.vu.nl
Optimize a model with 178177 rows, 50626 columns and 1016640 nonzeros
Model fingerprint: 0xdc1b3545
Variable types: 40002 continuous, 10624 integer (10624 binary)
Coefficient statistics:
  Matrix range     [6e-05, 1e+05]
  Objective range  [2e+00, 3e+04]
  Bounds range     [1e+00, 1e+00]
  RHS range        [3e-01, 2e+05]
Presolve removed 38849 rows and 14358 columns
Presolve time: 1.41s
Presolved: 139328 rows, 36268 columns, 916659 nonzeros
Variable types: 27820 continuous, 8448 integer (8448 binary)
Found heuristic solution: objective -5.05677e+09

Deterministic concurrent LP optimizer: primal simplex, dual simplex, and barrier
Showing barrier log only...

Root barrier log...

Ordering time: 2.53s

Barrier statistics:
 AA' NZ     : 1.258e+07
 Factor NZ  : 1.409e+07 (roughly 200 MB of memory)
 Factor Ops : 2.133e+09 (less than 1 second per iteration)
 Threads    : 46

                  Objective                Residual
Iter       Primal          Dual         Primal    Dual     Compl     Time
   0  -3.05710436e+12  1.60246123e+14  4.11e+05 1.75e+04  1.77e+10     7s
   1  -1.90664887e+12  1.07707075e+14  2.14e+05 4.13e+05  7.56e+09     7s
   2  -4.19165173e+11  6.81855964e+13  4.45e+04 1.17e+04  1.66e+09     7s
   3  -9.14857997e+10  1.68734619e+13  8.76e+03 3.45e+01  3.07e+08     7s
   4  -1.49974506e+10  4.36511960e+12  6.56e+02 9.09e-07  3.59e+07     7s
   5  -9.86074275e+09  8.04060162e+11  2.02e+02 1.08e-07  7.03e+06     7s

Barrier performed 5 iterations in 6.99 seconds (5.05 work units)
Barrier solve interrupted - model solved by another algorithm

Concurrent spin time: 1.58s (can be avoided by choosing Method=3)

Solved with primal simplex

Root relaxation: objective 2.157953e+07, 44539 iterations, 4.19 seconds (2.26 work units)

    Nodes    |    Current Node    |     Objective Bounds      |     Work
 Expl Unexpl |  Obj  Depth IntInf | Incumbent    BestBd   Gap | It/Node Time

     0     0 2.1580e+07    0  606 -5.057e+09 2.1580e+07   100%     -    8s
H    0     0                    -5.01680e+09 2.1580e+07   100%     -   11s
     0     0 2.1337e+07    0  582 -5.017e+09 2.1337e+07   100%     -   14s
     0     0 2.1337e+07    0  582 -5.017e+09 2.1337e+07   100%     -   14s
H    0     0                    -3.73035e+09 2.1337e+07   101%     -   15s
     0     0 2.1336e+07    0  667 -3.730e+09 2.1336e+07   101%     -   16s
     0     0 2.1336e+07    0  677 -3.730e+09 2.1336e+07   101%     -   16s
     0     0 2.1331e+07    0  582 -3.730e+09 2.1331e+07   101%     -   19s
     0     0 2.1331e+07    0  588 -3.730e+09 2.1331e+07   101%     -   19s
H    0     0                    -2.87889e+09 2.1331e+07   101%     -   20s
     0     0 2.1330e+07    0  620 -2.879e+09 2.1330e+07   101%     -   20s
     0     0 2.1330e+07    0  619 -2.879e+09 2.1330e+07   101%     -   20s
     0     0 2.1330e+07    0  620 -2.879e+09 2.1330e+07   101%     -   21s
     0     0 2.1310e+07    0  569 -2.879e+09 2.1310e+07   101%     -   24s
H    0     0                    -2.64637e+09 2.1310e+07   101%     -   25s
     0     0 2.1310e+07    0  596 -2.646e+09 2.1310e+07   101%     -   26s
     0     0 2.1310e+07    0  604 -2.646e+09 2.1310e+07   101%     -   26s
     0     0 2.1310e+07    0  606 -2.646e+09 2.1310e+07   101%     -   26s
     0     0 2.1300e+07    0  596 -2.646e+09 2.1300e+07   101%     -   29s
     0     0 2.1300e+07    0  590 -2.646e+09 2.1300e+07   101%     -   30s
     0     0 2.1300e+07    0  605 -2.646e+09 2.1300e+07   101%     -   30s
     0     0 2.1300e+07    0  606 -2.646e+09 2.1300e+07   101%     -   30s
     0     0 2.1287e+07    0  539 -2.646e+09 2.1287e+07   101%     -   34s
H    0     0                    -1.52769e+09 2.1287e+07   101%     -   35s
     0     0 2.1287e+07    0  546 -1.528e+09 2.1287e+07   101%     -   35s
     0     0 2.1287e+07    0  549 -1.528e+09 2.1287e+07   101%     -   35s
     0     0 2.1283e+07    0  543 -1.528e+09 2.1283e+07   101%     -   38s
     0     0 2.1283e+07    0  553 -1.528e+09 2.1283e+07   101%     -   38s
     0     0 2.1281e+07    0  539 -1.528e+09 2.1281e+07   101%     -   40s
H    0     0                    -9.34896e+08 2.1281e+07   102%     -   42s
     0     0 2.1281e+07    0  554 -9.349e+08 2.1281e+07   102%     -   42s
     0     0 2.1280e+07    0  528 -9.349e+08 2.1280e+07   102%     -   42s
     0     0 2.1280e+07    0  535 -9.349e+08 2.1280e+07   102%     -   44s
     0     0 2.1280e+07    0  536 -9.349e+08 2.1280e+07   102%     -   46s
H    0     0                    -7.82254e+08 2.1280e+07   103%     -   47s
     0     0 2.1280e+07    0  532 -7.823e+08 2.1280e+07   103%     -   47s
     0     0 2.1280e+07    0  538 -7.823e+08 2.1280e+07   103%     -   48s
     0     0 2.1280e+07    0  517 -7.823e+08 2.1280e+07   103%     -   48s
     0     0 2.1280e+07    0  517 -7.823e+08 2.1280e+07   103%     -   53s
H    0     0                    -6.60268e+08 2.1280e+07   103%     -   56s
H    0     0                    -5.43725e+08 2.1280e+07   104%     -   64s
H    0     0                    -5.14270e+08 2.1280e+07   104%     -   66s
H    0     0                    -3.00335e+08 2.1280e+07   107%     -   70s
H    0     0                    -3.00335e+08 2.1280e+07   107%     -   79s
     0     2 2.1280e+07    0  517 -3.003e+08 2.1280e+07   107%     -   81s
    63   112 2.1278e+07    6  506 -3.003e+08 2.1280e+07   107%  92.1   85s
   562   915 2.1278e+07   11  485 -3.003e+08 2.1280e+07   107%  42.6   91s
H  914   991                    -2.66524e+08 2.1280e+07   108%  44.6   97s
H  948   991                    -2.08316e+08 2.1280e+07   110%  44.9   97s
   990  1183 2.1277e+07   18  474 -2.083e+08 2.1280e+07   110%  45.1  109s
H 1169  1183                    -2.08315e+08 2.1280e+07   110%  45.9  109s
  1182  2510 2.1277e+07   21  465 -2.083e+08 2.1280e+07   110%  46.1  116s
H 2509  2581                    -1.14519e+08 2.1280e+07   119%  53.5  124s
H 2513  2581                    -8.45278e+07 2.1280e+07   125%  53.5  124s
H 2517  2581                    -6.07704e+07 2.1280e+07   135%  53.5  124s
  2580  4104 2.1274e+07   39  448 -6.077e+07 2.1280e+07   135%  53.5  131s
  4109  5807 2.1270e+07   59  400 -6.077e+07 2.1280e+07   135%  54.9  137s
  5823  6807 2.1266e+07   85  387 -6.077e+07 2.1280e+07   135%  49.9  143s
  6823  8137 2.1265e+07  101  385 -6.077e+07 2.1280e+07   135%  48.5  148s
  8153  9190 2.1262e+07  125  384 -6.077e+07 2.1280e+07   135%  47.1  153s
H 8601  9190                    -5.96989e+07 2.1280e+07   136%  46.3  153s
  9216  9238 2.1260e+07  140  364 -5.970e+07 2.1280e+07   136%  44.7  164s
H 9238  9238                    -5.96649e+07 2.1280e+07   136%  44.7  164s
H 9264  9286                    -5.91179e+07 2.1280e+07   136%  44.6  172s
H 9265  9179                    -4.86321e+07 2.1280e+07   144%  44.6  172s
H 9274  9179                    -4.77667e+07 2.1280e+07   145%  44.6  173s
H 9285  9179                    -4.70186e+07 2.1280e+07   145%  44.6  173s
  9312 10178 2.1260e+07  142  363 -4.702e+07 2.1280e+07   145%  44.6  178s
 10338 11533 2.1250e+07  160  348 -4.702e+07 2.1280e+07   145%  43.1  184s
 11699 12958 2.1258e+07  174  343 -4.702e+07 2.1280e+07   145%  42.5  188s
 13130 14312 2.1255e+07  200  337 -4.702e+07 2.1280e+07   145%  41.3  193s
 14488 15556 2.1254e+07  225  320 -4.702e+07 2.1280e+07   145%  39.8  197s
 15734 15748 2.1254e+07  251  304 -4.702e+07 2.1280e+07   145%  38.4  204s
 15926 15796 2.1254e+07  255  306 -4.702e+07 2.1280e+07   145%  38.4  214s
H15972 15713                    -4.35815e+07 2.1280e+07   149%  38.4  214s
 15974 17090 2.1254e+07  256  305 -4.358e+07 2.1280e+07   149%  38.3  219s
 17366 18401 2.1252e+07  281  300 -4.358e+07 2.1280e+07   149%  36.9  223s
H18685 11551                    1.941064e+07 2.1280e+07  9.63%  35.9  250s
H18685 11551                    1.943447e+07 2.1280e+07  9.49%  35.9  254s
H18685 11550                    2.056081e+07 2.1280e+07  3.50%  35.9  254s
H18685 11550                    2.057932e+07 2.1280e+07  3.40%  35.9  255s
H18685 11550                    2.058852e+07 2.1280e+07  3.36%  35.9  255s
 18686 11464 2.1274e+07   30  517 2.0589e+07 2.1280e+07  3.36%  35.9  272s
H18687 10891                    2.098108e+07 2.1279e+07  1.42%  35.9  280s
H18687 10347                    2.100999e+07 2.1279e+07  1.28%  35.9  324s
H18687  9829                    2.102590e+07 2.1279e+07  1.20%  35.9  324s
H18687  9338                    2.103574e+07 2.1279e+07  1.15%  35.9  324s
H18687  8871                    2.103604e+07 2.1279e+07  1.15%  35.9  324s
H18687  8427                    2.104171e+07 2.1279e+07  1.13%  35.9  324s
H18687  8006                    2.106193e+07 2.1279e+07  1.03%  35.9  324s
H18687  7606                    2.106396e+07 2.1279e+07  1.02%  35.9  324s
H18687  7225                    2.108288e+07 2.1260e+07  0.84%  35.9  335s
H18687  6864                    2.110340e+07 2.1260e+07  0.74%  35.9  335s
H18687  6521                    2.112170e+07 2.1260e+07  0.65%  35.9  335s
H18687  6195                    2.114243e+07 2.1260e+07  0.56%  35.9  335s
 18689  6196 2.1260e+07   53  368 2.1142e+07 2.1260e+07  0.55%  35.9  340s
 18692  6198 2.1254e+07  263  387 2.1142e+07 2.1259e+07  0.55%  35.9  345s
H18692  5888                    2.115064e+07 2.1259e+07  0.51%  35.9  346s
H18696  5596                    2.115930e+07 2.1255e+07  0.45%  35.9  392s
H18696  5316                    2.116536e+07 2.1255e+07  0.42%  35.9  392s
H18696  5050                    2.117157e+07 2.1255e+07  0.39%  35.9  392s
H18696  4797                    2.117248e+07 2.1255e+07  0.39%  35.9  392s
H18696  4557                    2.117296e+07 2.1255e+07  0.39%  35.9  392s
H18696  4329                    2.117491e+07 2.1255e+07  0.38%  35.9  392s
H18696  4113                    2.117929e+07 2.1255e+07  0.36%  35.9  392s
H18696  3907                    2.117994e+07 2.1255e+07  0.35%  35.9  392s
H18696  3711                    2.118555e+07 2.1255e+07  0.33%  35.9  392s
H18696  3526                    2.119704e+07 2.1255e+07  0.27%  35.9  392s
H18696  3349                    2.119740e+07 2.1255e+07  0.27%  35.9  392s
 18699  3351 2.1255e+07  115  392 2.1197e+07 2.1255e+07  0.27%  35.9  395s
H18701  3184                    2.120001e+07 2.1254e+07  0.26%  35.9  430s
H18701  3025                    2.120101e+07 2.1254e+07  0.25%  35.9  430s
H18701  2873                    2.120296e+07 2.1254e+07  0.24%  35.9  430s
H18706  2732                    2.120414e+07 2.1254e+07  0.23%  35.8  477s
 18711  2736 2.1254e+07   38  345 2.1204e+07 2.1254e+07  0.23%  35.8  480s
 18712  2736 2.1253e+07  127  350 2.1204e+07 2.1253e+07  0.23%  35.8  498s
 18714  2738 2.1253e+07  160  338 2.1204e+07 2.1253e+07  0.23%  35.8  500s
H18714  2601                    2.122126e+07 2.1253e+07  0.15%  35.8  528s

Cutting planes:
  Gomory: 20
  Cover: 16
  Implied bound: 350
  MIR: 534
  Flow cover: 689
  RLT: 6
  Relax-and-lift: 463

Explored 18714 nodes (803413 simplex iterations) in 528.25 seconds (661.24 work units)
Thread count was 48 (of 192 available processors)

Solution count 10: 2.12213e+07 2.12213e+07 2.12041e+07 ... 2.11799e+07

Optimal solution found (tolerance 2.00e-03)
Best objective 2.122126247624e+07, best bound 2.125320986189e+07, gap 0.1505%
Deleted nodefile directory: /scratch-local/lbeemster.22274800/gurobi_failed_KARSTO_to_DRAUPNER_S_sub70.0_run1
Saved model snapshot to study_case_model/figures/failure_experiment/run_27426/maxh2_KARSTO_to_DRAUPNER_S/sub70.0/run1/model_snapshot.pkl
Model with original objective value 21221262.47623791 and penalty 0.0
Finished successfully!
