Gurobi shell based on Python 3.13.1 can be launched with command `gurobi.sh`
Gurobi Python Interface can be loaded in Python 3.13.1 with 'import gurobipy'
/var/spool/slurm/slurmd/job22279514/slurm_script: line 25: activate: No such file or directory
Renamed nodes according to mapping.
Nodes after renaming: ['NORNE/HEIDRUN T', 'KARSTO', 'ZEEPIPE-SCP', 'ZEEBRUGGE', 'GJØA-T', 'NORNE_ERB', 'NORPIPE Y', 'B-11', 'OSEBERG D', 'HEIMDAL HRP', 'SLEIPNER R', 'DRAUPNER_S', 'H-7_BP', 'EMDEN', 'ST.FERGUS', 'KOLLSNES', 'DORNUM', 'EUROPIPE-SCP', 'DUNKERQUE', 'VISUND T', 'VISUND', 'NYHAMNA', 'EASINGTON', 'GJOA', 'AASTA HANSTEEN PLEM']
Edges after renaming: [('NORNE/HEIDRUN T', 'KARSTO'), ('KARSTO', 'DRAUPNER_S'), ('KARSTO', 'DORNUM'), ('ZEEPIPE-SCP', 'ZEEBRUGGE'), ('GJØA-T', 'KARSTO'), ('NORNE_ERB', 'NORNE/HEIDRUN T'), ('NORPIPE Y', 'B-11'), ('B-11', 'H-7_BP'), ('OSEBERG D', 'HEIMDAL HRP'), ('HEIMDAL HRP', 'DRAUPNER_S'), ('HEIMDAL HRP', 'ST.FERGUS'), ('SLEIPNER R', 'ZEEPIPE-SCP'), ('SLEIPNER R', 'DRAUPNER_S'), ('SLEIPNER R', 'EASINGTON'), ('DRAUPNER_S', 'EUROPIPE-SCP'), ('DRAUPNER_S', 'DUNKERQUE'), ('DRAUPNER_S', 'NORPIPE Y'), ('H-7_BP', 'EMDEN'), ('KOLLSNES', 'SLEIPNER R'), ('KOLLSNES', 'DRAUPNER_S'), ('EUROPIPE-SCP', 'DORNUM'), ('VISUND T', 'KOLLSNES'), ('VISUND', 'VISUND T'), ('NYHAMNA', 'SLEIPNER R'), ('GJOA', 'GJØA-T'), ('AASTA HANSTEEN PLEM', 'NYHAMNA')]
{'location': nan, 'location_id': 'None', 'type': 'edge', 'pipName': '36" Gas H-7 BP, EMDEN', 'idPipeline': 321784.0, 'mapLabel': 'Norpipe Gassledning', 'belongs_to': 'GASSLED', 'curOperNam': 'Gassco AS', 'curPhase': 'IN SERVICE', 'curPhDate': Timestamp('1977-09-17 00:00:00'), 'fromFacili': 'H-7 BP', 'toFacility': 'EMDEN', 'mainGrp': 'Transportation', 'dimension': 36.0, 'WaterDepth': 75.0, 'medium': 'Gas', 'idBelongTo': 2252643.0, 'idFrmFacil': 377218.0, 'idToFacili': 286141.0, 'idOperator': 1944954.0, 'dtUpdated': Timestamp('2025-01-31 00:00:00'), 'FactUrl': 'https://factpages.sodir.no/tuf/pageview/pipeline/all/321784', 'MapUrl': 'https://factmaps.sodir.no/map/redirect/pipLine.ashx?id=321784', 'weight': 1.7725293223905128, 'from_node': '(6.03530475, 54.50901641)', 'to_node': '(7.18929, 53.3462)', 'max_flow': 0, 'node_type': nan, 'base_booking_cost': nan, 'supplier': nan, 'supply_capacity': nan, 'generation_cost': nan, 'component_ratio': nan, 'compression_increase': nan, 'compression_constants': nan, 'average_market_price': nan, 'long_term_price_std': nan, 'day_ahead_price_std': nan, 'average_demand_mwh_x1000': nan, 'demand_variance': nan, 'max_fractions': nan, 'min_outlet_pressure': nan, 'supplier_ratios': nan, 'weymouth_constant': 0.4042514295743942, 'max_inlet_pressure': 150.0, 'pressure_cost': 100.0, 'max_pipe_fractions': [{'NG': 1, 'CO2': 1, 'H2': 0.2}], 'geometry': <LINESTRING (6.035 54.509, 7.189 53.346)>}
Solving model:, failed_H-7_BP_to_EMDEN, sub70.0, run3
Read LP format model from file /scratch-local/lbeemster.22279514/tmp32s0ub7n.pyomo.lp
Reading time = 0.58 seconds
x1: 178177 rows, 50626 columns, 1016640 nonzeros
Set parameter OutputFlag to value 1
Set parameter MIPGap to value 0.002
Set parameter Threads to value 48
Set parameter Presolve to value 1
Set parameter Cuts to value 1
Set parameter NodefileStart to value 1
Set parameter NodefileDir to value "/scratch-local/lbeemster.22279514/gurobi_failed_H-7_BP_to_EMDEN_sub70.0_run3"
Set parameter MemLimit to value 60
Gurobi Optimizer version 12.0.3 build v12.0.3rc0 (linux64 - "Red Hat Enterprise Linux 9.6 (Plow)")

CPU model: AMD EPYC 9654 96-Core Processor, instruction set [SSE2|AVX|AVX2|AVX512]
Thread count: 192 physical cores, 192 logical processors, using up to 48 threads

Non-default parameters:
MemLimit  60
MIPGap  0.002
NodefileStart  1
Cuts  1
Presolve  1
Threads  48

Academic license 2514514 - for non-commercial use only - registered to l.___@student.vu.nl
Optimize a model with 178177 rows, 50626 columns and 1016640 nonzeros
Model fingerprint: 0x303d0701
Variable types: 40002 continuous, 10624 integer (10624 binary)
Coefficient statistics:
  Matrix range     [6e-05, 1e+05]
  Objective range  [2e+00, 3e+04]
  Bounds range     [1e+00, 1e+00]
  RHS range        [3e-01, 2e+05]
Presolve removed 59137 rows and 27807 columns
Presolve time: 0.99s
Presolved: 119040 rows, 22819 columns, 618161 nonzeros
Variable types: 17635 continuous, 5184 integer (5184 binary)
Found heuristic solution: objective -3.28083e+09

Deterministic concurrent LP optimizer: primal simplex, dual simplex, and barrier
Showing barrier log only...

Root relaxation presolved: 21915 rows, 140955 columns, 640724 nonzeros

Root barrier log...

Ordering time: 0.04s

Barrier statistics:
 Free vars  : 1856
 AA' NZ     : 5.232e+05
 Factor NZ  : 1.265e+06 (roughly 80 MB of memory)
 Factor Ops : 1.013e+08 (less than 1 second per iteration)
 Threads    : 46

                  Objective                Residual
Iter       Primal          Dual         Primal    Dual     Compl     Time
   0   2.05699660e+12 -1.58659805e+09  4.11e+06 5.79e+02  6.00e+08     3s
   1   1.81298517e+12 -3.92638078e+09  1.19e+06 1.23e+04  2.94e+08     3s
   2   1.92491261e+12 -5.09612997e+09  2.10e+05 5.71e+03  1.35e+08     3s
   3   1.03760480e+12 -5.39971435e+09  5.32e+03 7.31e+02  2.06e+07     3s
   4   5.23248163e+11 -4.42879015e+09  1.68e+03 2.34e+02  7.34e+06     3s
   5   2.59766368e+11 -3.47525417e+09  6.32e+02 1.42e+02  3.75e+06     4s
   6   7.36464448e+10 -2.05204509e+09  9.72e+01 5.62e+01  1.13e+06     4s
   7   2.45714194e+10 -1.75202555e+09  2.01e+01 2.12e+01  3.66e+05     4s
   8   7.91951747e+09 -1.67865388e+09  3.84e+00 1.23e+01  1.53e+05     4s
   9   4.75406843e+09 -1.62296279e+09  2.21e+00 4.90e+00  7.44e+04     4s
  10   8.54467834e+08 -1.58998374e+09  5.73e-01 7.37e-01  2.00e+04     4s
  11  -5.58064644e+08 -1.58490910e+09  2.21e-01 3.66e-01  8.30e+03     4s
  12  -1.05438210e+09 -1.58129469e+09  1.02e-01 1.72e-01  4.06e+03     4s
  13  -1.23002308e+09 -1.57968215e+09  6.38e-02 1.19e-01  2.64e+03     4s
  14  -1.40205087e+09 -1.57628005e+09  2.96e-02 5.03e-02  1.24e+03     4s
  15  -1.48585147e+09 -1.57297707e+09  1.33e-02 2.27e-02  6.01e+02     4s
  16  -1.50502987e+09 -1.57099799e+09  9.55e-03 1.66e-02  4.50e+02     4s
  17  -1.51650443e+09 -1.56951161e+09  7.48e-03 1.29e-02  3.58e+02     4s
  18  -1.54225454e+09 -1.56724275e+09  3.03e-03 5.62e-03  1.66e+02     4s

Barrier performed 18 iterations in 3.95 seconds (3.37 work units)
Barrier solve interrupted - model solved by another algorithm

Concurrent spin time: 0.04s

Solved with primal simplex

Root relaxation: objective -1.564823e+09, 22060 iterations, 1.27 seconds (1.07 work units)
Total elapsed time = 5.08s (DegenMoves)

    Nodes    |    Current Node    |     Objective Bounds      |     Work
 Expl Unexpl |  Obj  Depth IntInf | Incumbent    BestBd   Gap | It/Node Time

     0     0 -1.565e+09    0  502 -3.281e+09 -1.565e+09  52.3%     -    5s
H    0     0                    -2.68852e+09 -1.565e+09  41.8%     -    7s
     0     0 -1.565e+09    0  491 -2.689e+09 -1.565e+09  41.8%     -    7s
     0     0 -1.565e+09    0  521 -2.689e+09 -1.565e+09  41.8%     -    8s
     0     0 -1.565e+09    0  520 -2.689e+09 -1.565e+09  41.8%     -    8s
     0     0 -1.565e+09    0  497 -2.689e+09 -1.565e+09  41.8%     -   10s
     0     0 -1.565e+09    0  499 -2.689e+09 -1.565e+09  41.8%     -   10s
     0     0 -1.565e+09    0  505 -2.689e+09 -1.565e+09  41.8%     -   11s
     0     0 -1.565e+09    0  519 -2.689e+09 -1.565e+09  41.8%     -   12s
H    0     0                    -2.60770e+09 -1.565e+09  40.0%     -   13s
     0     0 -1.565e+09    0  474 -2.608e+09 -1.565e+09  40.0%     -   14s
H    0     0                    -2.23963e+09 -1.565e+09  30.1%     -   15s
     0     0 -1.565e+09    0  496 -2.240e+09 -1.565e+09  30.1%     -   15s
     0     0 -1.565e+09    0  519 -2.240e+09 -1.565e+09  30.1%     -   15s
     0     0 -1.565e+09    0  475 -2.240e+09 -1.565e+09  30.1%     -   18s
     0     0 -1.565e+09    0  489 -2.240e+09 -1.565e+09  30.1%     -   18s
     0     0 -1.565e+09    0  505 -2.240e+09 -1.565e+09  30.1%     -   19s
     0     0 -1.565e+09    0  448 -2.240e+09 -1.565e+09  30.1%     -   21s
H    0     0                    -2.12181e+09 -1.565e+09  26.2%     -   22s
     0     0 -1.565e+09    0  448 -2.122e+09 -1.565e+09  26.2%     -   22s
     0     0 -1.565e+09    0  455 -2.122e+09 -1.565e+09  26.2%     -   24s
H    0     0                    -2.03889e+09 -1.565e+09  23.2%     -   28s
     0     0 -1.565e+09    0  468 -2.039e+09 -1.565e+09  23.2%     -   28s
     0     0 -1.565e+09    0  472 -2.039e+09 -1.565e+09  23.2%     -   29s
     0     0 -1.565e+09    0  472 -2.039e+09 -1.565e+09  23.2%     -   32s
H    0     0                    -2.02906e+09 -1.565e+09  22.9%     -   33s
H    0     0                    -2.01148e+09 -1.565e+09  22.2%     -   34s
H    0     0                    -2.00912e+09 -1.565e+09  22.1%     -   36s
     0     2 -1.565e+09    0  472 -2.009e+09 -1.565e+09  22.1%     -   39s
     7    16 -1.565e+09    3  479 -2.009e+09 -1.565e+09  22.1%   461   40s
   111   290 -1.565e+09    7  491 -2.009e+09 -1.565e+09  22.1%   166   46s
H  113   290                    -1.93669e+09 -1.565e+09  19.2%   163   46s
H  222   290                    -1.93669e+09 -1.565e+09  19.2%  94.8   46s
H  293   733                    -1.92619e+09 -1.565e+09  18.7%  78.8   49s
H  313   733                    -1.92527e+09 -1.565e+09  18.7%  75.8   49s
H  322   733                    -1.92527e+09 -1.565e+09  18.7%  74.0   49s
H  349   733                    -1.92526e+09 -1.565e+09  18.7%  70.7   49s
H  458   733                    -1.92526e+09 -1.565e+09  18.7%  60.8   49s
H  467   733                    -1.92526e+09 -1.565e+09  18.7%  60.3   49s
H  623   733                    -1.92341e+09 -1.565e+09  18.6%  52.5   49s
H  655   733                    -1.92341e+09 -1.565e+09  18.6%  52.1   49s
   732  2253 -1.565e+09   15  464 -1.923e+09 -1.565e+09  18.6%  50.4   55s
H 1785  2253                    -1.92341e+09 -1.565e+09  18.6%  39.4   55s
H 2252  5356                    -1.89202e+09 -1.565e+09  17.3%  39.2   66s
H 3637  5356                    -1.88250e+09 -1.565e+09  16.9%  32.9   66s
H 5355  9078                    -1.74086e+09 -1.565e+09  10.1%  30.4   77s
H 5487  9078                    -1.70949e+09 -1.565e+09  8.45%  30.1   77s
H 5558  9078                    -1.64733e+09 -1.565e+09  5.00%  30.0   77s
H 5740  9078                    -1.61950e+09 -1.565e+09  3.36%  29.8   77s
H 7004  9078                    -1.60681e+09 -1.565e+09  2.60%  27.9   77s
H 9077  8527                    -1.60628e+09 -1.565e+09  2.57%  25.1   88s
H 9083  8524                    -1.60608e+09 -1.565e+09  2.56%  25.2   88s
H 9085  8524                    -1.60601e+09 -1.565e+09  2.55%  25.2   88s
H 9087  7534                    -1.56593e+09 -1.565e+09  0.06%  25.2   88s
H 9139  7534                    -1.56570e+09 -1.565e+09  0.04%  25.2   88s

Cutting planes:
  Gomory: 3
  Implied bound: 2771
  MIR: 493
  Flow cover: 1081
  RLT: 6
  Relax-and-lift: 74

Explored 9166 nodes (276567 simplex iterations) in 88.66 seconds (104.46 work units)
Thread count was 48 (of 192 available processors)

Solution count 10: -1.5657e+09 -1.56593e+09 -1.60601e+09 ... -1.74086e+09

Optimal solution found (tolerance 2.00e-03)
Best objective -1.565698757941e+09, best bound -1.565034935281e+09, gap 0.0424%
Deleted nodefile directory: /scratch-local/lbeemster.22279514/gurobi_failed_H-7_BP_to_EMDEN_sub70.0_run3
Saved model snapshot to study_case_model/figures/failure_experiment/run_27426/maxh2_H-7_BP_to_EMDEN/sub70.0/run3/model_snapshot.pkl
Model with original objective value 20737549.93723223 and penalty 1586436307.8778987
Finished successfully!
