Gurobi shell based on Python 3.13.1 can be launched with command `gurobi.sh`
Gurobi Python Interface can be loaded in Python 3.13.1 with 'import gurobipy'
/var/spool/slurm/slurmd/job22274520/slurm_script: line 25: activate: No such file or directory
Renamed nodes according to mapping.
Nodes after renaming: ['NORNE/HEIDRUN T', 'KARSTO', 'ZEEPIPE-SCP', 'ZEEBRUGGE', 'GJØA-T', 'NORNE_ERB', 'NORPIPE Y', 'B-11', 'OSEBERG D', 'HEIMDAL HRP', 'SLEIPNER R', 'DRAUPNER_S', 'H-7_BP', 'EMDEN', 'ST.FERGUS', 'KOLLSNES', 'DORNUM', 'EUROPIPE-SCP', 'DUNKERQUE', 'VISUND T', 'VISUND', 'NYHAMNA', 'EASINGTON', 'GJOA', 'AASTA HANSTEEN PLEM']
Edges after renaming: [('NORNE/HEIDRUN T', 'KARSTO'), ('KARSTO', 'DRAUPNER_S'), ('KARSTO', 'DORNUM'), ('ZEEPIPE-SCP', 'ZEEBRUGGE'), ('GJØA-T', 'KARSTO'), ('NORNE_ERB', 'NORNE/HEIDRUN T'), ('NORPIPE Y', 'B-11'), ('B-11', 'H-7_BP'), ('OSEBERG D', 'HEIMDAL HRP'), ('HEIMDAL HRP', 'DRAUPNER_S'), ('HEIMDAL HRP', 'ST.FERGUS'), ('SLEIPNER R', 'ZEEPIPE-SCP'), ('SLEIPNER R', 'DRAUPNER_S'), ('SLEIPNER R', 'EASINGTON'), ('DRAUPNER_S', 'EUROPIPE-SCP'), ('DRAUPNER_S', 'DUNKERQUE'), ('DRAUPNER_S', 'NORPIPE Y'), ('H-7_BP', 'EMDEN'), ('KOLLSNES', 'SLEIPNER R'), ('KOLLSNES', 'DRAUPNER_S'), ('EUROPIPE-SCP', 'DORNUM'), ('VISUND T', 'KOLLSNES'), ('VISUND', 'VISUND T'), ('NYHAMNA', 'SLEIPNER R'), ('GJOA', 'GJØA-T'), ('AASTA HANSTEEN PLEM', 'NYHAMNA')]
{'location': nan, 'location_id': 'None', 'type': 'edge', 'pipName': '42" Gas KÅRSTØ, EMDEN', 'idPipeline': 323212.0, 'mapLabel': 'Europipe II', 'belongs_to': 'GASSLED', 'curOperNam': 'Gassco AS', 'curPhase': 'IN SERVICE', 'curPhDate': Timestamp('1999-10-01 00:00:00'), 'fromFacili': 'KÅRSTØ', 'toFacility': 'EMDEN', 'mainGrp': 'Transportation', 'dimension': 42.0, 'WaterDepth': 347.0, 'medium': 'Gas', 'idBelongTo': 2252643.0, 'idFrmFacil': 286169.0, 'idToFacili': 286141.0, 'idOperator': 1944954.0, 'dtUpdated': Timestamp('2025-01-31 00:00:00'), 'FactUrl': 'https://factpages.sodir.no/tuf/pageview/pipeline/all/323212', 'MapUrl': 'https://factmaps.sodir.no/map/redirect/pipLine.ashx?id=323212', 'weight': 6.418115856643556, 'from_node': '(5.2680054225, 59.318134979999996)', 'to_node': '(7.32642, 53.6797)', 'max_flow': 0, 'node_type': nan, 'base_booking_cost': nan, 'supplier': nan, 'supply_capacity': nan, 'generation_cost': nan, 'component_ratio': nan, 'compression_increase': nan, 'compression_constants': nan, 'average_market_price': nan, 'long_term_price_std': nan, 'day_ahead_price_std': nan, 'average_demand_mwh_x1000': nan, 'demand_variance': nan, 'max_fractions': nan, 'min_outlet_pressure': nan, 'supplier_ratios': nan, 'weymouth_constant': 0.29508360944733714, 'max_inlet_pressure': 150.0, 'pressure_cost': 100.0, 'max_pipe_fractions': [{'NG': 1, 'CO2': 1, 'H2': 0.2}], 'geometry': <LINESTRING (5.268 59.318, 7.326 53.68)>}
Solving model:, failed_KARSTO_to_DORNUM, sub45.0, run1
Read LP format model from file /scratch-local/lbeemster.22274520/tmpbqs59_od.pyomo.lp
Reading time = 0.70 seconds
x1: 178177 rows, 50626 columns, 1016640 nonzeros
Set parameter OutputFlag to value 1
Set parameter MIPGap to value 0.002
Set parameter Threads to value 48
Set parameter Presolve to value 1
Set parameter Cuts to value 1
Set parameter NodefileStart to value 1
Set parameter NodefileDir to value "/scratch-local/lbeemster.22274520/gurobi_failed_KARSTO_to_DORNUM_sub45.0_run1"
Set parameter MemLimit to value 60
Gurobi Optimizer version 12.0.3 build v12.0.3rc0 (linux64 - "Red Hat Enterprise Linux 9.6 (Plow)")

CPU model: AMD EPYC 9654 96-Core Processor, instruction set [SSE2|AVX|AVX2|AVX512]
Thread count: 192 physical cores, 192 logical processors, using up to 48 threads

Non-default parameters:
MemLimit  60
MIPGap  0.002
NodefileStart  1
Cuts  1
Presolve  1
Threads  48

Academic license 2514514 - for non-commercial use only - registered to l.___@student.vu.nl
Optimize a model with 178177 rows, 50626 columns and 1016640 nonzeros
Model fingerprint: 0x4d348952
Variable types: 40002 continuous, 10624 integer (10624 binary)
Coefficient statistics:
  Matrix range     [6e-05, 1e+05]
  Objective range  [2e+00, 3e+04]
  Bounds range     [1e+00, 1e+00]
  RHS range        [3e-01, 2e+05]
Presolve removed 38913 rows and 14422 columns
Presolve time: 1.42s
Presolved: 139264 rows, 36204 columns, 925787 nonzeros
Variable types: 27756 continuous, 8448 integer (8448 binary)
Found heuristic solution: objective -6.47313e+09

Deterministic concurrent LP optimizer: primal simplex, dual simplex, and barrier
Showing barrier log only...

Root barrier log...

Ordering time: 2.40s

Barrier statistics:
 AA' NZ     : 1.262e+07
 Factor NZ  : 1.400e+07 (roughly 200 MB of memory)
 Factor Ops : 2.106e+09 (less than 1 second per iteration)
 Threads    : 46

                  Objective                Residual
Iter       Primal          Dual         Primal    Dual     Compl     Time
   0  -2.97241350e+12  1.65197881e+14  3.06e+05 3.59e+04  1.73e+10     7s
   1  -1.78854848e+12  1.04211158e+14  1.71e+05 2.99e+05  7.60e+09     7s
   2  -5.55040844e+11  6.98885216e+13  5.11e+04 1.05e+04  2.26e+09     7s
   3  -5.64004582e+10  2.27194424e+13  4.22e+03 2.48e+01  2.55e+08     7s
   4  -1.36981068e+10  7.27133182e+12  3.52e+02 2.54e-07  4.65e+07     7s
   5  -1.08920347e+10  1.30123223e+12  1.24e+02 1.95e-07  9.00e+06     7s
   6  -3.99275240e+09  6.12028828e+11  4.59e+01 8.61e-08  3.83e+06     7s
   7  -2.79335798e+09  5.37164956e+11  3.52e+01 8.36e-08  3.26e+06     7s
   8  -1.24441085e+09  3.25218085e+11  1.42e+01 5.75e-08  1.85e+06     7s
   9  -2.49057570e+08  1.34543220e+11  2.25e+00 3.14e-08  7.09e+05     7s
  10  -7.34800727e+07  3.60101146e+10  5.73e-01 7.12e-09  1.87e+05     7s
  11  -2.78327412e+06  9.68635913e+09  4.31e-02 8.26e-08  4.91e+04     7s
  12   5.90723859e+06  1.18686705e+09  4.37e-09 8.29e-09  5.96e+03     7s
  13   6.82070387e+06  5.15853421e+08  2.21e-09 3.11e-09  2.57e+03     7s
  14   9.69645502e+06  2.52445259e+08  2.50e-09 1.38e-09  1.23e+03     7s
  15   1.13982160e+07  1.27752531e+08  2.04e-09 6.98e-10  5.87e+02     8s
  16   1.54380939e+07  7.40237321e+07  2.43e-09 4.66e-10  2.96e+02     8s
  17   1.95590226e+07  5.45248528e+07  1.90e-09 4.66e-10  1.76e+02     8s
  18   2.01941449e+07  3.55055535e+07  1.68e-09 4.66e-10  7.73e+01     8s
  19   2.04788294e+07  2.94830658e+07  1.78e-09 4.66e-10  4.54e+01     8s
  20   2.07262676e+07  2.72588038e+07  2.32e-09 4.66e-10  3.30e+01     8s
  21   2.09328983e+07  2.48776850e+07  2.46e-09 4.66e-10  1.99e+01     8s
  22   2.11373893e+07  2.33978888e+07  1.82e-09 4.66e-10  1.14e+01     8s
  23   2.12428126e+07  2.27588949e+07  1.85e-09 2.33e-10  7.65e+00     8s
  24   2.13337678e+07  2.22092619e+07  2.29e-09 4.66e-10  4.42e+00     8s
  25   2.13954626e+07  2.18419725e+07  6.58e-09 2.33e-10  2.25e+00     8s

Barrier performed 25 iterations in 8.14 seconds (6.98 work units)
Barrier solve interrupted - model solved by another algorithm

Concurrent spin time: 0.67s (can be avoided by choosing Method=3)

Solved with dual simplex

Root relaxation: objective 2.152031e+07, 50512 iterations, 5.60 seconds (4.11 work units)
Total elapsed time = 10.11s (DegenMoves)

    Nodes    |    Current Node    |     Objective Bounds      |     Work
 Expl Unexpl |  Obj  Depth IntInf | Incumbent    BestBd   Gap | It/Node Time

     0     0 2.1520e+07    0  553 -6.473e+09 2.1520e+07   100%     -   10s
H    0     0                    -4.88865e+09 2.1520e+07   100%     -   11s
H    0     0                    -4.87878e+09 2.1520e+07   100%     -   14s
     0     0 2.1491e+07    0  688 -4.879e+09 2.1491e+07   100%     -   17s
     0     0 2.1491e+07    0  688 -4.879e+09 2.1491e+07   100%     -   17s
H    0     0                    -4.38873e+09 2.1491e+07   100%     -   18s
     0     0 2.1491e+07    0  772 -4.389e+09 2.1491e+07   100%     -   18s
     0     0 2.1491e+07    0  776 -4.389e+09 2.1491e+07   100%     -   18s
     0     0 2.1485e+07    0  730 -4.389e+09 2.1485e+07   100%     -   21s
     0     0 2.1485e+07    0  731 -4.389e+09 2.1485e+07   100%     -   21s
     0     0 2.1485e+07    0  762 -4.389e+09 2.1485e+07   100%     -   22s
     0     0 2.1485e+07    0  775 -4.389e+09 2.1485e+07   100%     -   22s
     0     0 2.1485e+07    0  775 -4.389e+09 2.1485e+07   100%     -   22s
     0     0 2.1472e+07    0  752 -4.389e+09 2.1472e+07   100%     -   26s
H    0     0                    -3.76585e+09 2.1472e+07   101%     -   28s
     0     0 2.1468e+07    0  786 -3.766e+09 2.1468e+07   101%     -   28s
     0     0 2.1468e+07    0  834 -3.766e+09 2.1468e+07   101%     -   28s
     0     0 2.1467e+07    0  849 -3.766e+09 2.1467e+07   101%     -   29s
     0     0 2.1467e+07    0  858 -3.766e+09 2.1467e+07   101%     -   29s
     0     0 2.1467e+07    0  859 -3.766e+09 2.1467e+07   101%     -   29s
     0     0 2.1467e+07    0  860 -3.766e+09 2.1467e+07   101%     -   29s
     0     0 2.1457e+07    0  751 -3.766e+09 2.1457e+07   101%     -   34s
H    0     0                    -3.09095e+09 2.1457e+07   101%     -   35s
     0     0 2.1454e+07    0  752 -3.091e+09 2.1454e+07   101%     -   35s
     0     0 2.1454e+07    0  778 -3.091e+09 2.1454e+07   101%     -   36s
     0     0 2.1454e+07    0  787 -3.091e+09 2.1454e+07   101%     -   36s
     0     0 2.1454e+07    0  799 -3.091e+09 2.1454e+07   101%     -   36s
     0     0 2.1434e+07    0  626 -3.091e+09 2.1434e+07   101%     -   40s
H    0     0                    -2.59399e+09 2.1434e+07   101%     -   42s
     0     0 2.1434e+07    0  669 -2.594e+09 2.1434e+07   101%     -   42s
     0     0 2.1434e+07    0  673 -2.594e+09 2.1434e+07   101%     -   42s
     0     0 2.1434e+07    0  681 -2.594e+09 2.1434e+07   101%     -   43s
     0     0 2.1426e+07    0  642 -2.594e+09 2.1426e+07   101%     -   46s
H    0     0                    -2.23132e+09 2.1426e+07   101%     -   47s
     0     0 2.1426e+07    0  665 -2.231e+09 2.1426e+07   101%     -   47s
     0     0 2.1426e+07    0  681 -2.231e+09 2.1426e+07   101%     -   48s
     0     0 2.1426e+07    0  683 -2.231e+09 2.1426e+07   101%     -   48s
     0     0 2.1423e+07    0  664 -2.231e+09 2.1423e+07   101%     -   51s
     0     0 2.1423e+07    0  695 -2.231e+09 2.1423e+07   101%     -   52s
     0     0 2.1423e+07    0  700 -2.231e+09 2.1423e+07   101%     -   52s
     0     0 2.1423e+07    0  702 -2.231e+09 2.1423e+07   101%     -   53s
     0     0 2.1423e+07    0  683 -2.231e+09 2.1423e+07   101%     -   55s
H    0     0                    -2.07459e+09 2.1423e+07   101%     -   57s
     0     0 2.1423e+07    0  680 -2.075e+09 2.1423e+07   101%     -   57s
     0     0 2.1423e+07    0  674 -2.075e+09 2.1423e+07   101%     -   57s
     0     0 2.1423e+07    0  679 -2.075e+09 2.1423e+07   101%     -   57s
     0     0 2.1422e+07    0  643 -2.075e+09 2.1422e+07   101%     -   60s
H    0     0                    -1.93734e+09 2.1422e+07   101%     -   61s
     0     0 2.1422e+07    0  641 -1.937e+09 2.1422e+07   101%     -   61s
     0     0 2.1422e+07    0  643 -1.937e+09 2.1422e+07   101%     -   61s
     0     0 2.1422e+07    0  624 -1.937e+09 2.1422e+07   101%     -   64s
H    0     0                    -1.93422e+09 2.1422e+07   101%     -   65s
     0     0 2.1422e+07    0  640 -1.934e+09 2.1422e+07   101%     -   65s
     0     0 2.1422e+07    0  633 -1.934e+09 2.1422e+07   101%     -   66s
H    0     0                    -1.86736e+09 2.1422e+07   101%     -   67s
     0     0 2.1422e+07    0  639 -1.867e+09 2.1422e+07   101%     -   68s
     0     0 2.1422e+07    0  648 -1.867e+09 2.1422e+07   101%     -   70s
     0     0 2.1422e+07    0  630 -1.867e+09 2.1422e+07   101%     -   79s
H    0     0                    -1.73284e+09 2.1422e+07   101%     -   82s
H    0     0                    -1.72862e+09 2.1422e+07   101%     -   90s
H    0     0                    -1.64319e+09 2.1422e+07   101%     -   93s
H    0     0                    -1.38514e+09 2.1422e+07   102%     -   96s
H    0     0                    -1.35951e+09 2.1422e+07   102%     -   98s
H    0     0                    -1.32096e+09 2.1422e+07   102%     -  101s
H    0     0                    -1.26294e+09 2.1422e+07   102%     -  103s
H    0     0                    -1.26173e+09 2.1422e+07   102%     -  109s
H    0     0                    -1.26173e+09 2.1422e+07   102%     -  112s
H    0     0                    -1.25761e+09 2.1422e+07   102%     -  114s
H    0     0                    -1.24220e+09 2.1422e+07   102%     -  114s
H    0     0                    -1.24220e+09 2.1422e+07   102%     -  115s
H    0     2                    -1.24220e+09 2.1422e+07   102%     -  118s
     0     2 2.1422e+07    0  626 -1.242e+09 2.1422e+07   102%     -  118s
    15    32 2.1421e+07    4  641 -1.242e+09 2.1422e+07   102%   906  120s
H   63   112                    -1.18045e+09 2.1422e+07   102%   605  126s
H   94   112                    -1.15610e+09 2.1422e+07   102%   614  126s
   298   347 2.1421e+07   11  625 -1.156e+09 2.1421e+07   102%   309  131s
H  344   347                    -1.15609e+09 2.1421e+07   102%   277  131s
   590   639 2.1420e+07   14  618 -1.156e+09 2.1421e+07   102%   200  137s
   857   975 2.1420e+07   19  616 -1.156e+09 2.1421e+07   102%   182  141s
  1364  1413 2.1418e+07   27  599 -1.156e+09 2.1421e+07   102%   143  147s
  1412  1461 2.1417e+07   28  594 -1.156e+09 2.1421e+07   102%   141  164s
H 1415  1461                    -1.15346e+09 2.1421e+07   102%   141  164s
H 1419  1461                    -1.15243e+09 2.1421e+07   102%   141  164s
H 1422  1461                    -1.15044e+09 2.1421e+07   102%   141  164s
H 1432  1461                    -1.15043e+09 2.1421e+07   102%   141  164s
  1460  1567 2.1417e+07   28  606 -1.150e+09 2.1421e+07   102%   139  165s
H 1486  1567                    -1.15043e+09 2.1421e+07   102%   138  165s
  2048  2097 2.1417e+07   36  569 -1.150e+09 2.1421e+07   102%   128  171s
H 2098  2165                    -1.13225e+09 2.1421e+07   102%   126  173s
H 2116  2165                    -1.07975e+09 2.1421e+07   102%   126  173s
H 2132  2165                    -1.05448e+09 2.1421e+07   102%   125  173s
  2345  2534 2.1416e+07   39  569 -1.054e+09 2.1421e+07   102%   124  175s
  2927  3138 2.1415e+07   53  540 -1.054e+09 2.1421e+07   102%   116  180s
Created node file directory '/scratch-local/lbeemster.22274520/gurobi_failed_KARSTO_to_DORNUM_sub45.0_run1/grbnodes0'
H 3137  3196                    -1.05445e+09 2.1421e+07   102%   113  182s
H 3155  3196                    -1.02425e+09 2.1421e+07   102%   113  182s
H 3174  3196                    -9.74543e+08 2.1421e+07   102%   113  182s
  3691  3832 2.1413e+07   63  528 -9.745e+08 2.1421e+07   102%   108  187s
  4092  4398 2.1413e+07   69  528 -9.745e+08 2.1421e+07   102%   106  190s
  4631  4956 2.1412e+07   84  521 -9.745e+08 2.1421e+07   102%   102  195s
  5629  5967 2.1410e+07   97  532 -9.745e+08 2.1421e+07   102%  99.0  201s
  6344  6782 2.1407e+07  112  525 -9.745e+08 2.1421e+07   102%  96.4  205s
H 6785  7098                    -9.74542e+08 2.1421e+07   102%  93.8  208s
H 6992  7098                    -9.74542e+08 2.1421e+07   102%  93.6  208s
  7097  7541 2.1399e+07  124  524 -9.745e+08 2.1421e+07   102%  93.1  210s
  8006  8327 2.1401e+07  136  522 -9.745e+08 2.1421e+07   102%  88.6  216s
  8749  9086 2.1399e+07  152  516 -9.745e+08 2.1421e+07   102%  87.6  221s
H 8919  9086                    -9.74542e+08 2.1421e+07   102%  86.8  221s
H 8970  9086                    -9.74542e+08 2.1421e+07   102%  86.7  221s
H 9043  9086                    -9.74542e+08 2.1421e+07   102%  86.5  221s
  9601 10015 2.1396e+07  171  513 -9.745e+08 2.1421e+07   102%  85.2  228s
 10014 10408 2.1394e+07  181  514 -9.745e+08 2.1421e+07   102%  84.1  231s
H10132 10408                    -9.74542e+08 2.1421e+07   102%  84.2  231s
 11031 11584 2.0300e+07  205  498 -9.745e+08 2.1421e+07   102%  81.8  237s
 11583 11920 2.1389e+07  213  498 -9.745e+08 2.1421e+07   102%  81.7  242s
H11595 11920                    -9.53900e+08 2.1421e+07   102%  81.7  242s
H11605 11920                    -9.50657e+08 2.1421e+07   102%  81.7  242s
H11676 11920                    -9.44877e+08 2.1421e+07   102%  82.0  242s
H11683 11920                    -9.33870e+08 2.1421e+07   102%  82.0  242s
 11919 11968 2.1389e+07  219  493 -9.339e+08 2.1421e+07   102%  81.7  257s
H11920 11968                    -9.28902e+08 2.1421e+07   102%  81.7  257s
H11921 11968                    -9.28871e+08 2.1421e+07   102%  81.7  257s
H11935 11968                    -9.22524e+08 2.1421e+07   102%  81.8  257s
H11938 11968                    -9.20636e+08 2.1421e+07   102%  81.8  257s
H11944 11968                    -9.15633e+08 2.1421e+07   102%  81.8  257s
 11967 12016 2.1389e+07  220  494 -9.156e+08 2.1421e+07   102%  81.7  263s
H11979 12016                    -9.13040e+08 2.1421e+07   102%  81.7  263s
H12009 12016                    -8.25753e+08 2.1421e+07   103%  81.7  263s
 12015 12661 2.1388e+07  221  488 -8.258e+08 2.1421e+07   103%  81.8  266s
 12660 12712 2.1384e+07  228  468 -8.258e+08 2.1421e+07   103%  80.6  271s
H12669 12712                    -8.14946e+08 2.1421e+07   103%  80.6  271s
H12683 12712                    -8.12951e+08 2.1421e+07   103%  80.7  271s
H12684 12712                    -7.65560e+08 2.1421e+07   103%  80.7  271s
 12711 13416 2.1387e+07  229  478 -7.656e+08 2.1421e+07   103%  80.7  275s
 14220 14780 2.1386e+07  250  471 -7.656e+08 2.1421e+07   103%  77.9  284s
 14779 15478 2.1384e+07  258  471 -7.656e+08 2.1421e+07   103%  77.6  289s
 15477 16274 2.1379e+07  269  480 -7.656e+08 2.1421e+07   103%  79.5  293s
 16273 17084 2.1371e+07  281  454 -7.656e+08 2.1421e+07   103%  79.1  297s
 17083 17908 2.1369e+07  290  459 -7.656e+08 2.1421e+07   103%  79.4  302s
H17913 17908                    -7.65560e+08 2.1421e+07   103%  79.8  330s
H17913 17878                    -7.54673e+08 2.1421e+07   103%  79.8  331s
H17913 17878                    -7.54666e+08 2.1421e+07   103%  79.8  331s
H17913 17878                    -7.54666e+08 2.1421e+07   103%  79.8  333s
H17913 17872                    -6.08863e+08 2.1421e+07   104%  79.8  335s
H17913 17872                    -5.95681e+08 2.1421e+07   104%  79.8  336s
H17913 17863                    -5.82341e+08 2.1421e+07   104%  79.8  337s
H17913 17863                    -5.78199e+08 2.1421e+07   104%  79.8  338s
H17913 17863                    -5.78189e+08 2.1421e+07   104%  79.8  339s
H17913 17839                    -5.11104e+08 2.1421e+07   104%  79.8  339s
H17913 17743                    -3.51569e+08 2.1421e+07   106%  79.8  340s
H17913 17743                    -3.48668e+08 2.1421e+07   106%  79.8  341s
H17913 17205                    -2.46253e+08 2.1421e+07   109%  79.8  343s
H17913 16609                    -1.04081e+08 2.1421e+07   121%  79.8  344s
H17913 13718                    1.996187e+07 2.1421e+07  7.31%  79.8  345s
H17913 13718                    1.999245e+07 2.1421e+07  7.15%  79.8  347s
H17913 13718                    1.999424e+07 2.1421e+07  7.14%  79.8  348s
 17914 13620 2.1388e+07  228  630 1.9994e+07 2.1421e+07  7.14%  79.8  365s
H17915 12939                    2.105059e+07 2.1421e+07  1.76%  79.8  493s
H17915 12292                    2.122515e+07 2.1421e+07  0.92%  79.8  493s
H17915 11678                    2.124756e+07 2.1421e+07  0.82%  79.8  493s
H17915 11094                    2.128613e+07 2.1421e+07  0.63%  79.8  493s
H17915 10539                    2.128853e+07 2.1421e+07  0.62%  79.8  493s
H17915 10012                    2.129732e+07 2.1421e+07  0.58%  79.8  493s
H17915  9512                    2.129980e+07 2.1421e+07  0.57%  79.8  493s
H17915  9036                    2.130229e+07 2.1421e+07  0.56%  79.8  493s
H17915  8584                    2.130918e+07 2.1372e+07  0.29%  79.8  493s
H17915  8155                    2.130934e+07 2.1372e+07  0.29%  79.8  493s
H17915  7747                    2.131134e+07 2.1372e+07  0.28%  79.8  493s
H17915  7360                    2.131660e+07 2.1372e+07  0.26%  79.8  493s
H17915  6992                    2.132538e+07 2.1372e+07  0.22%  79.8  493s
H17915  6642                    2.132705e+07 2.1372e+07  0.21%  79.8  493s
H17915  6310                    2.133300e+07 2.1372e+07  0.18%  79.8  493s

Cutting planes:
  Gomory: 1
  Cover: 2
  Implied bound: 50
  MIR: 395
  Flow cover: 262
  RLT: 4
  Relax-and-lift: 418

Explored 17915 nodes (1561561 simplex iterations) in 494.29 seconds (569.86 work units)
Thread count was 48 (of 192 available processors)

Solution count 10: 2.1333e+07 2.1333e+07 2.1327e+07 ... 2.12973e+07

Optimal solution found (tolerance 2.00e-03)
Warning: max constraint violation (2.8123e-06) exceeds tolerance
Best objective 2.133299872020e+07, best bound 2.137163034673e+07, gap 0.1811%
Deleted nodefile directory: /scratch-local/lbeemster.22274520/gurobi_failed_KARSTO_to_DORNUM_sub45.0_run1
Saved model snapshot to study_case_model/figures/failure_experiment/run_27426/maxh2_KARSTO_to_DORNUM/sub45.0/run1/model_snapshot.pkl
Model with original objective value 21332998.720201585 and penalty 0.0
Finished successfully!
