Gurobi shell based on Python 3.13.1 can be launched with command `gurobi.sh`
Gurobi Python Interface can be loaded in Python 3.13.1 with 'import gurobipy'
/var/spool/slurm/slurmd/job22274264/slurm_script: line 25: activate: No such file or directory
Renamed nodes according to mapping.
Nodes after renaming: ['NORNE/HEIDRUN T', 'KARSTO', 'ZEEPIPE-SCP', 'ZEEBRUGGE', 'GJØA-T', 'NORNE_ERB', 'NORPIPE Y', 'B-11', 'OSEBERG D', 'HEIMDAL HRP', 'SLEIPNER R', 'DRAUPNER_S', 'H-7_BP', 'EMDEN', 'ST.FERGUS', 'KOLLSNES', 'DORNUM', 'EUROPIPE-SCP', 'DUNKERQUE', 'VISUND T', 'VISUND', 'NYHAMNA', 'EASINGTON', 'GJOA', 'AASTA HANSTEEN PLEM']
Edges after renaming: [('NORNE/HEIDRUN T', 'KARSTO'), ('KARSTO', 'DRAUPNER_S'), ('KARSTO', 'DORNUM'), ('ZEEPIPE-SCP', 'ZEEBRUGGE'), ('GJØA-T', 'KARSTO'), ('NORNE_ERB', 'NORNE/HEIDRUN T'), ('NORPIPE Y', 'B-11'), ('B-11', 'H-7_BP'), ('OSEBERG D', 'HEIMDAL HRP'), ('HEIMDAL HRP', 'DRAUPNER_S'), ('HEIMDAL HRP', 'ST.FERGUS'), ('SLEIPNER R', 'ZEEPIPE-SCP'), ('SLEIPNER R', 'DRAUPNER_S'), ('SLEIPNER R', 'EASINGTON'), ('DRAUPNER_S', 'EUROPIPE-SCP'), ('DRAUPNER_S', 'DUNKERQUE'), ('DRAUPNER_S', 'NORPIPE Y'), ('H-7_BP', 'EMDEN'), ('KOLLSNES', 'SLEIPNER R'), ('KOLLSNES', 'DRAUPNER_S'), ('EUROPIPE-SCP', 'DORNUM'), ('VISUND T', 'KOLLSNES'), ('VISUND', 'VISUND T'), ('NYHAMNA', 'SLEIPNER R'), ('GJOA', 'GJØA-T'), ('AASTA HANSTEEN PLEM', 'NYHAMNA')]
{'location': nan, 'location_id': 'None', 'type': 'edge', 'pipName': '36" Gas H-7 BP, EMDEN', 'idPipeline': 321784.0, 'mapLabel': 'Norpipe Gassledning', 'belongs_to': 'GASSLED', 'curOperNam': 'Gassco AS', 'curPhase': 'IN SERVICE', 'curPhDate': Timestamp('1977-09-17 00:00:00'), 'fromFacili': 'H-7 BP', 'toFacility': 'EMDEN', 'mainGrp': 'Transportation', 'dimension': 36.0, 'WaterDepth': 75.0, 'medium': 'Gas', 'idBelongTo': 2252643.0, 'idFrmFacil': 377218.0, 'idToFacili': 286141.0, 'idOperator': 1944954.0, 'dtUpdated': Timestamp('2025-01-31 00:00:00'), 'FactUrl': 'https://factpages.sodir.no/tuf/pageview/pipeline/all/321784', 'MapUrl': 'https://factmaps.sodir.no/map/redirect/pipLine.ashx?id=321784', 'weight': 1.7725293223905128, 'from_node': '(6.03530475, 54.50901641)', 'to_node': '(7.18929, 53.3462)', 'max_flow': 0, 'node_type': nan, 'base_booking_cost': nan, 'supplier': nan, 'supply_capacity': nan, 'generation_cost': nan, 'component_ratio': nan, 'compression_increase': nan, 'compression_constants': nan, 'average_market_price': nan, 'long_term_price_std': nan, 'day_ahead_price_std': nan, 'average_demand_mwh_x1000': nan, 'demand_variance': nan, 'max_fractions': nan, 'min_outlet_pressure': nan, 'supplier_ratios': nan, 'weymouth_constant': 0.4042514295743942, 'max_inlet_pressure': 150.0, 'pressure_cost': 100.0, 'max_pipe_fractions': [{'NG': 1, 'CO2': 1, 'H2': 0.2}], 'geometry': <LINESTRING (6.035 54.509, 7.189 53.346)>}
Solving model:, failed_H-7_BP_to_EMDEN, sub70.0, run0
Read LP format model from file /scratch-local/lbeemster.22274264/tmpx2wrt9w1.pyomo.lp
Reading time = 0.61 seconds
x1: 178177 rows, 50626 columns, 1016640 nonzeros
Set parameter OutputFlag to value 1
Set parameter MIPGap to value 0.002
Set parameter Threads to value 48
Set parameter Presolve to value 1
Set parameter Cuts to value 1
Set parameter NodefileStart to value 1
Set parameter NodefileDir to value "/scratch-local/lbeemster.22274264/gurobi_failed_H-7_BP_to_EMDEN_sub70.0_run0"
Set parameter MemLimit to value 60
Gurobi Optimizer version 12.0.3 build v12.0.3rc0 (linux64 - "Red Hat Enterprise Linux 9.6 (Plow)")

CPU model: AMD EPYC 9654 96-Core Processor, instruction set [SSE2|AVX|AVX2|AVX512]
Thread count: 192 physical cores, 192 logical processors, using up to 48 threads

Non-default parameters:
MemLimit  60
MIPGap  0.002
NodefileStart  1
Cuts  1
Presolve  1
Threads  48

Academic license 2514514 - for non-commercial use only - registered to l.___@student.vu.nl
Optimize a model with 178177 rows, 50626 columns and 1016640 nonzeros
Model fingerprint: 0xfba75091
Variable types: 40002 continuous, 10624 integer (10624 binary)
Coefficient statistics:
  Matrix range     [6e-05, 1e+05]
  Objective range  [2e+00, 3e+04]
  Bounds range     [1e+00, 1e+00]
  RHS range        [3e-01, 2e+05]
Presolve removed 59137 rows and 27807 columns
Presolve time: 0.98s
Presolved: 119040 rows, 22819 columns, 618161 nonzeros
Variable types: 17635 continuous, 5184 integer (5184 binary)
Found heuristic solution: objective -3.66771e+09

Deterministic concurrent LP optimizer: primal simplex, dual simplex, and barrier
Showing barrier log only...

Root relaxation presolved: 21915 rows, 140955 columns, 640724 nonzeros

Root barrier log...

Ordering time: 0.04s

Barrier statistics:
 Free vars  : 1856
 AA' NZ     : 5.232e+05
 Factor NZ  : 1.265e+06 (roughly 80 MB of memory)
 Factor Ops : 1.013e+08 (less than 1 second per iteration)
 Threads    : 46

                  Objective                Residual
Iter       Primal          Dual         Primal    Dual     Compl     Time
   0   2.15557830e+12 -1.69780956e+09  4.11e+06 6.47e+02  6.87e+08     3s
   1   1.93460606e+12 -4.37427346e+09  1.19e+06 1.41e+04  3.38e+08     3s
   2   2.08219962e+12 -5.72364248e+09  2.68e+05 6.55e+03  1.57e+08     3s
   3   1.24981137e+12 -6.21633471e+09  6.60e+03 9.30e+02  2.64e+07     3s
   4   4.64141592e+11 -4.67601468e+09  6.77e+02 1.46e+02  5.46e+06     3s
   5   4.11944820e+11 -5.38684638e+09  5.82e+02 1.42e+02  4.98e+06     3s
   6   2.14971255e+11 -5.75798850e+09  2.47e+02 9.53e+01  2.74e+06     3s
   7   1.46245540e+11 -2.78251372e+09  1.48e+02 3.61e+01  1.42e+06     3s
   8   9.72304509e+10 -2.31706460e+09  9.25e+01 1.98e+01  8.74e+05     3s
   9   3.67751221e+10 -2.06884463e+09  3.22e+01 1.20e+01  3.67e+05     3s
  10   1.02612204e+10 -1.82442936e+09  7.31e+00 3.78e+00  1.10e+05     3s
  11   3.96323394e+09 -1.72213778e+09  3.00e+00 7.45e-01  4.18e+04     3s
  12   1.99030128e+08 -1.70875196e+09  9.21e-01 4.12e-01  1.45e+04     3s
  13  -4.79279174e+08 -1.69986197e+09  5.71e-01 2.06e-01  8.86e+03     3s
  14  -1.05795332e+09 -1.69391354e+09  2.80e-01 8.43e-02  4.41e+03     3s
  15  -1.34182847e+09 -1.69231730e+09  1.45e-01 6.06e-02  2.43e+03     4s
  16  -1.51482438e+09 -1.68860681e+09  6.68e-02 2.55e-02  1.18e+03     4s
  17  -1.59734502e+09 -1.68417469e+09  3.21e-02 1.15e-02  5.80e+02     4s
  18  -1.61633776e+09 -1.68337217e+09  2.39e-02 9.96e-03  4.47e+02     4s
  19  -1.63009720e+09 -1.68082925e+09  1.81e-02 5.68e-03  3.35e+02     4s
  20  -1.64561921e+09 -1.67911692e+09  1.15e-02 6.81e-03  2.20e+02     4s
  21  -1.65061982e+09 -1.67881553e+09  9.59e-03 5.91e-03  1.85e+02     4s
  22  -1.66339762e+09 -1.67822067e+09  4.83e-03 6.05e-03  9.69e+01     4s

Barrier performed 22 iterations in 3.75 seconds (3.50 work units)
Barrier solve interrupted - model solved by another algorithm

Concurrent spin time: 0.04s

Solved with primal simplex

Root relaxation: objective -1.676609e+09, 22177 iterations, 1.33 seconds (1.08 work units)
Total elapsed time = 5.19s (DegenMoves)

    Nodes    |    Current Node    |     Objective Bounds      |     Work
 Expl Unexpl |  Obj  Depth IntInf | Incumbent    BestBd   Gap | It/Node Time

     0     0 -1.677e+09    0  426 -3.668e+09 -1.677e+09  54.3%     -    5s
H    0     0                    -2.25426e+09 -1.677e+09  25.6%     -    7s
     0     0 -1.677e+09    0  482 -2.254e+09 -1.677e+09  25.6%     -    7s
     0     0 -1.677e+09    0  545 -2.254e+09 -1.677e+09  25.6%     -    8s
     0     0 -1.677e+09    0  531 -2.254e+09 -1.677e+09  25.6%     -   10s
     0     0 -1.677e+09    0  580 -2.254e+09 -1.677e+09  25.6%     -   11s
     0     0 -1.677e+09    0  582 -2.254e+09 -1.677e+09  25.6%     -   12s
     0     0 -1.677e+09    0  517 -2.254e+09 -1.677e+09  25.6%     -   14s
H    0     0                    -1.98470e+09 -1.677e+09  15.5%     -   15s
     0     0 -1.677e+09    0  532 -1.985e+09 -1.677e+09  15.5%     -   15s
     0     0 -1.677e+09    0  557 -1.985e+09 -1.677e+09  15.5%     -   15s
     0     0 -1.677e+09    0  562 -1.985e+09 -1.677e+09  15.5%     -   15s
     0     0 -1.677e+09    0  487 -1.985e+09 -1.677e+09  15.5%     -   18s
H    0     0                    -1.97737e+09 -1.677e+09  15.2%     -   19s
     0     0 -1.677e+09    0  495 -1.977e+09 -1.677e+09  15.2%     -   20s
     0     0 -1.677e+09    0  401 -1.977e+09 -1.677e+09  15.2%     -   22s
H    0     0                    -1.76473e+09 -1.677e+09  4.98%     -   23s
     0     0 -1.677e+09    0  461 -1.765e+09 -1.677e+09  4.98%     -   23s
     0     0 -1.677e+09    0  461 -1.765e+09 -1.677e+09  4.98%     -   23s
     0     0 -1.677e+09    0  448 -1.765e+09 -1.677e+09  4.98%     -   25s
     0     0 -1.677e+09    0  451 -1.765e+09 -1.677e+09  4.98%     -   25s
     0     0 -1.677e+09    0  459 -1.765e+09 -1.677e+09  4.98%     -   27s
     0     0 -1.677e+09    0  458 -1.765e+09 -1.677e+09  4.98%     -   27s
     0     0 -1.677e+09    0  455 -1.765e+09 -1.677e+09  4.98%     -   27s
     0     0 -1.677e+09    0  454 -1.765e+09 -1.677e+09  4.98%     -   31s
H    0     0                    -1.75334e+09 -1.677e+09  4.37%     -   33s
H    0     0                    -1.67802e+09 -1.677e+09  0.07%     -   38s

Cutting planes:
  Gomory: 5
  Implied bound: 3169
  MIR: 405
  Flow cover: 919
  RLT: 2
  Relax-and-lift: 55

Explored 1 nodes (42767 simplex iterations) in 38.06 seconds (37.61 work units)
Thread count was 48 (of 192 available processors)

Solution count 8: -1.67802e+09 -1.67802e+09 -1.75334e+09 ... -3.66771e+09

Optimal solution found (tolerance 2.00e-03)
Best objective -1.678022566878e+09, best bound -1.676771217483e+09, gap 0.0746%
Deleted nodefile directory: /scratch-local/lbeemster.22274264/gurobi_failed_H-7_BP_to_EMDEN_sub70.0_run0
Saved model snapshot to study_case_model/figures/failure_experiment/run_27426/maxh2_H-7_BP_to_EMDEN/sub70.0/run0/model_snapshot.pkl
Model with original objective value 19625247.09303546 and penalty 1697647813.9707043
Finished successfully!
