Gurobi shell based on Python 3.13.1 can be launched with command `gurobi.sh`
Gurobi Python Interface can be loaded in Python 3.13.1 with 'import gurobipy'
/var/spool/slurm/slurmd/job22275015/slurm_script: line 25: activate: No such file or directory
Renamed nodes according to mapping.
Nodes after renaming: ['NORNE/HEIDRUN T', 'KARSTO', 'ZEEPIPE-SCP', 'ZEEBRUGGE', 'GJØA-T', 'NORNE_ERB', 'NORPIPE Y', 'B-11', 'OSEBERG D', 'HEIMDAL HRP', 'SLEIPNER R', 'DRAUPNER_S', 'H-7_BP', 'EMDEN', 'ST.FERGUS', 'KOLLSNES', 'DORNUM', 'EUROPIPE-SCP', 'DUNKERQUE', 'VISUND T', 'VISUND', 'NYHAMNA', 'EASINGTON', 'GJOA', 'AASTA HANSTEEN PLEM']
Edges after renaming: [('NORNE/HEIDRUN T', 'KARSTO'), ('KARSTO', 'DRAUPNER_S'), ('KARSTO', 'DORNUM'), ('ZEEPIPE-SCP', 'ZEEBRUGGE'), ('GJØA-T', 'KARSTO'), ('NORNE_ERB', 'NORNE/HEIDRUN T'), ('NORPIPE Y', 'B-11'), ('B-11', 'H-7_BP'), ('OSEBERG D', 'HEIMDAL HRP'), ('HEIMDAL HRP', 'DRAUPNER_S'), ('HEIMDAL HRP', 'ST.FERGUS'), ('SLEIPNER R', 'ZEEPIPE-SCP'), ('SLEIPNER R', 'DRAUPNER_S'), ('SLEIPNER R', 'EASINGTON'), ('DRAUPNER_S', 'EUROPIPE-SCP'), ('DRAUPNER_S', 'DUNKERQUE'), ('DRAUPNER_S', 'NORPIPE Y'), ('H-7_BP', 'EMDEN'), ('KOLLSNES', 'SLEIPNER R'), ('KOLLSNES', 'DRAUPNER_S'), ('EUROPIPE-SCP', 'DORNUM'), ('VISUND T', 'KOLLSNES'), ('VISUND', 'VISUND T'), ('NYHAMNA', 'SLEIPNER R'), ('GJOA', 'GJØA-T'), ('AASTA HANSTEEN PLEM', 'NYHAMNA')]
{'location': nan, 'location_id': 'None', 'type': 'edge', 'pipName': '42" Gas DRAUPNER E, DUNKERQUE', 'idPipeline': 326374.0, 'mapLabel': 'Franpipe', 'belongs_to': 'GASSLED', 'curOperNam': 'Gassco AS', 'curPhase': 'IN SERVICE', 'curPhDate': Timestamp('1998-07-01 00:00:00'), 'fromFacili': 'DRAUPNER E', 'toFacility': 'DUNKERQUE', 'mainGrp': 'Transportation', 'dimension': 42.0, 'WaterDepth': 85.0, 'medium': 'Gas', 'idBelongTo': 2252643.0, 'idFrmFacil': 278357.0, 'idToFacili': 286757.0, 'idOperator': 1944954.0, 'dtUpdated': Timestamp('2025-01-31 00:00:00'), 'FactUrl': 'https://factpages.sodir.no/tuf/pageview/pipeline/all/326374', 'MapUrl': 'https://factmaps.sodir.no/map/redirect/pipLine.ashx?id=326374', 'weight': 8.026701378841642, 'from_node': '(2.469755817142857, 58.19028833)', 'to_node': '(2.252709, 51.046406)', 'max_flow': 0, 'node_type': nan, 'base_booking_cost': nan, 'supplier': nan, 'supply_capacity': nan, 'generation_cost': nan, 'component_ratio': nan, 'compression_increase': nan, 'compression_constants': nan, 'average_market_price': nan, 'long_term_price_std': nan, 'day_ahead_price_std': nan, 'average_demand_mwh_x1000': nan, 'demand_variance': nan, 'max_fractions': nan, 'min_outlet_pressure': nan, 'supplier_ratios': nan, 'weymouth_constant': 0.26473903460176296, 'max_inlet_pressure': 150.0, 'pressure_cost': 100.0, 'max_pipe_fractions': [{'NG': 1, 'CO2': 1, 'H2': 0.2}], 'geometry': <LINESTRING (2.47 58.19, 2.253 51.046)>}
Solving model:, failed_DRAUPNER_S_to_DUNKERQUE, sub0.0, run2
Read LP format model from file /scratch-local/lbeemster.22275015/tmptm_pgm4n.pyomo.lp
Reading time = 0.60 seconds
x1: 178177 rows, 50626 columns, 1016640 nonzeros
Set parameter OutputFlag to value 1
Set parameter MIPGap to value 0.002
Set parameter Threads to value 48
Set parameter Presolve to value 1
Set parameter Cuts to value 1
Set parameter NodefileStart to value 1
Set parameter NodefileDir to value "/scratch-local/lbeemster.22275015/gurobi_failed_DRAUPNER_S_to_DUNKERQUE_sub0.0_run2"
Set parameter MemLimit to value 60
Gurobi Optimizer version 12.0.3 build v12.0.3rc0 (linux64 - "Red Hat Enterprise Linux 9.6 (Plow)")

CPU model: AMD EPYC 9654 96-Core Processor, instruction set [SSE2|AVX|AVX2|AVX512]
Thread count: 192 physical cores, 192 logical processors, using up to 48 threads

Non-default parameters:
MemLimit  60
MIPGap  0.002
NodefileStart  1
Cuts  1
Presolve  1
Threads  48

Academic license 2514514 - for non-commercial use only - registered to l.___@student.vu.nl
Optimize a model with 178177 rows, 50626 columns and 1016640 nonzeros
Model fingerprint: 0xb7b4e050
Variable types: 40002 continuous, 10624 integer (10624 binary)
Coefficient statistics:
  Matrix range     [6e-05, 1e+05]
  Objective range  [2e+00, 3e+04]
  Bounds range     [1e+00, 1e+00]
  RHS range        [3e-01, 2e+05]
Presolve removed 43137 rows and 27615 columns
Presolve time: 1.06s
Presolved: 135040 rows, 23011 columns, 699786 nonzeros
Variable types: 17827 continuous, 5184 integer (5184 binary)
Found heuristic solution: objective -4.36156e+09

Deterministic concurrent LP optimizer: primal simplex, dual simplex, and barrier
Showing barrier log only...

Root relaxation presolved: 22233 rows, 156832 columns, 722100 nonzeros

Root barrier log...

Ordering time: 0.04s

Barrier statistics:
 Free vars  : 1856
 AA' NZ     : 5.227e+05
 Factor NZ  : 1.267e+06 (roughly 80 MB of memory)
 Factor Ops : 1.013e+08 (less than 1 second per iteration)
 Threads    : 46

                  Objective                Residual
Iter       Primal          Dual         Primal    Dual     Compl     Time
   0   2.13704509e+12 -2.95848338e+09  7.81e+06 3.60e+02  4.83e+08     3s
   1   1.84161102e+12 -4.91229416e+09  2.29e+06 1.03e+04  2.34e+08     3s
   2   1.93476178e+12 -6.11164077e+09  3.04e+05 3.56e+03  8.38e+07     3s
   3   7.86602297e+11 -6.52592127e+09  5.28e+03 2.14e+02  8.40e+06     3s
   4   3.95673936e+11 -4.85094923e+09  2.14e+03 8.57e+01  3.60e+06     3s
   5   3.13647298e+11 -4.67230105e+09  1.62e+03 8.28e+01  3.00e+06     3s
   6   1.08255239e+11 -3.70777058e+09  4.16e+02 3.38e+01  1.02e+06     3s
   7   8.35533056e+10 -3.37460337e+09  3.12e+02 2.05e+01  7.22e+05     3s
   8   5.73453213e+10 -3.09241400e+09  2.10e+02 7.20e+00  4.25e+05     3s
   9   1.14710324e+10 -3.01667277e+09  4.46e+01 3.24e+00  1.07e+05     3s
  10   1.74058468e+09 -2.97797124e+09  1.19e+01 1.13e+00  3.36e+04     4s
  11  -1.64403310e+08 -2.96629051e+09  6.72e+00 5.50e-01  1.90e+04     4s
  12  -1.57256906e+09 -2.95761162e+09  3.02e+00 1.80e-01  8.86e+03     4s
  13  -2.32649120e+09 -2.95469573e+09  1.26e+00 9.37e-02  3.98e+03     4s
  14  -2.74287076e+09 -2.94991944e+09  3.67e-01 3.84e-02  1.27e+03     4s
  15  -2.81373317e+09 -2.94692234e+09  2.24e-01 2.05e-02  8.05e+02     4s
  16  -2.86629878e+09 -2.94238219e+09  1.20e-01 5.47e-03  4.53e+02     4s
  17  -2.90824909e+09 -2.93892162e+09  4.25e-02 1.94e-02  1.81e+02     4s
  18  -2.91742528e+09 -2.93894103e+09  2.92e-02 9.94e-03  1.27e+02     4s

Barrier performed 18 iterations in 3.86 seconds (3.74 work units)
Barrier solve interrupted - model solved by another algorithm

Concurrent spin time: 0.04s

Solved with primal simplex

Root relaxation: objective -2.937251e+09, 23689 iterations, 1.43 seconds (1.25 work units)

    Nodes    |    Current Node    |     Objective Bounds      |     Work
 Expl Unexpl |  Obj  Depth IntInf | Incumbent    BestBd   Gap | It/Node Time

     0     0 -2.937e+09    0  386 -4.362e+09 -2.937e+09  32.7%     -    4s
H    0     0                    -4.36155e+09 -2.937e+09  32.7%     -    5s
H    0     0                    -3.58665e+09 -2.937e+09  18.1%     -    7s
     0     0 -2.937e+09    0  447 -3.587e+09 -2.937e+09  18.1%     -    7s
H    0     0                    -3.52528e+09 -2.937e+09  16.7%     -    8s
     0     0 -2.937e+09    0  459 -3.525e+09 -2.937e+09  16.7%     -    8s
H    0     0                    -3.52388e+09 -2.937e+09  16.6%     -   10s
     0     0 -2.937e+09    0  428 -3.524e+09 -2.937e+09  16.6%     -   10s
H    0     0                    -3.52000e+09 -2.937e+09  16.6%     -   11s
H    0     0                    -3.42120e+09 -2.937e+09  14.1%     -   11s
     0     0 -2.937e+09    0  426 -3.421e+09 -2.937e+09  14.1%     -   12s
     0     0 -2.937e+09    0  391 -3.421e+09 -2.937e+09  14.1%     -   14s
H    0     0                    -3.41955e+09 -2.937e+09  14.1%     -   15s
     0     0 -2.937e+09    0  458 -3.420e+09 -2.937e+09  14.1%     -   15s
H    0     0                    -3.41242e+09 -2.937e+09  13.9%     -   17s
H    0     0                    -3.30347e+09 -2.937e+09  11.1%     -   17s
     0     0 -2.937e+09    0  441 -3.303e+09 -2.937e+09  11.1%     -   17s
H    0     0                    -3.29006e+09 -2.937e+09  10.7%     -   18s
     0     0 -2.937e+09    0  466 -3.290e+09 -2.937e+09  10.7%     -   18s
H    0     0                    -3.23936e+09 -2.937e+09  9.32%     -   20s
     0     0 -2.937e+09    0  381 -3.239e+09 -2.937e+09  9.32%     -   20s
     0     0 -2.937e+09    0  380 -3.239e+09 -2.937e+09  9.32%     -   23s
H    0     0                    -3.21725e+09 -2.937e+09  8.70%     -   24s
H    0     0                    -3.21118e+09 -2.937e+09  8.53%     -   24s
H    0     2                    -3.17265e+09 -2.937e+09  7.42%     -   27s
     0     2 -2.937e+09    0  370 -3.173e+09 -2.937e+09  7.42%     -   27s
H  111   166                    -3.16072e+09 -2.937e+09  7.07%   176   31s
H  116   166                    -3.16062e+09 -2.937e+09  7.06%   172   31s
H  120   166                    -3.16060e+09 -2.937e+09  7.06%   167   31s
H  124   166                    -3.15643e+09 -2.937e+09  6.94%   161   31s
H  125   166                    -3.15643e+09 -2.937e+09  6.94%   160   31s
H  134   166                    -3.15643e+09 -2.937e+09  6.94%   152   31s
H  140   166                    -3.15643e+09 -2.937e+09  6.94%   147   31s
H  415   462                    -3.14387e+09 -2.937e+09  6.57%  67.0   34s
H  417   462                    -3.13219e+09 -2.937e+09  6.22%  66.9   34s
   461   518 -2.937e+09   12  454 -3.132e+09 -2.937e+09  6.22%  63.5   35s
H  517   637                    -3.13217e+09 -2.937e+09  6.22%  59.2   35s
H  520   637                    -3.13160e+09 -2.937e+09  6.20%  59.0   35s
H  526   637                    -3.12262e+09 -2.937e+09  5.93%  58.6   35s
H  909  1230                    -3.11295e+09 -2.937e+09  5.64%  48.4   38s
H  926  1230                    -3.11283e+09 -2.937e+09  5.64%  48.5   38s
H 1027  1230                    -3.11053e+09 -2.937e+09  5.57%  47.9   38s
H 1033  1230                    -3.11044e+09 -2.937e+09  5.57%  47.9   38s
  1229  1779 -2.937e+09   21  449 -3.110e+09 -2.937e+09  5.57%  46.8   40s
H 1780  2265                    -3.10349e+09 -2.937e+09  5.35%  46.6   44s
H 1789  2265                    -3.10349e+09 -2.937e+09  5.35%  46.6   44s
H 1797  2265                    -3.10336e+09 -2.937e+09  5.35%  46.6   44s
H 1805  2265                    -3.10319e+09 -2.937e+09  5.34%  46.7   44s
H 1823  2265                    -3.09898e+09 -2.937e+09  5.22%  46.7   44s
H 1961  2265                    -3.09663e+09 -2.937e+09  5.14%  46.8   44s
H 2245  2265                    -3.09490e+09 -2.937e+09  5.09%  46.8   44s
H 2266  2816                    -3.08106e+09 -2.937e+09  4.66%  46.7   47s
H 2295  2816                    -3.07563e+09 -2.937e+09  4.50%  46.7   47s
H 2306  2816                    -3.07562e+09 -2.937e+09  4.50%  46.7   47s
H 2337  2816                    -3.05645e+09 -2.937e+09  3.90%  46.7   47s
H 2432  2816                    -3.05645e+09 -2.937e+09  3.90%  46.5   47s
  2847  3797 -2.937e+09   53  418 -3.056e+09 -2.937e+09  3.90%  45.7   51s
H 4133  3558                    -3.05045e+09 -2.937e+09  3.71%  44.7   64s
H 4134  3558                    -3.05000e+09 -2.937e+09  3.69%  44.7   64s
H 4136  3558                    -3.04765e+09 -2.937e+09  3.62%  44.7   64s
H 4143  3558                    -3.04755e+09 -2.937e+09  3.62%  44.7   64s
H 4153  3365                    -3.03069e+09 -2.937e+09  3.08%  44.7   64s
  4181  5209 -2.937e+09   72  388 -3.031e+09 -2.937e+09  3.08%  44.7   70s
H 6053  5094                    -3.00895e+09 -2.937e+09  2.38%  41.3   82s
H 6055  4613                    -2.98975e+09 -2.937e+09  1.75%  41.3   82s
H 6060  4613                    -2.98973e+09 -2.937e+09  1.75%  41.3   82s
H 6063  4232                    -2.97588e+09 -2.937e+09  1.30%  41.3   82s
H 6122  3907                    -2.97050e+09 -2.937e+09  1.12%  41.3   82s
  6137  5824 -2.937e+09  100  362 -2.970e+09 -2.937e+09  1.12%  41.4   89s
H 6144  5822                    -2.97050e+09 -2.937e+09  1.12%  41.4   89s
H 6313  5820                    -2.97050e+09 -2.937e+09  1.12%  41.2   89s
H 6348  5813                    -2.97049e+09 -2.937e+09  1.12%  41.1   89s
H 6430  5813                    -2.97049e+09 -2.937e+09  1.12%  41.1   89s
H 6933  4618                    -2.93744e+09 -2.937e+09  0.00%  40.7   89s

Cutting planes:
  Gomory: 16
  Implied bound: 1613
  MIR: 531
  Flow cover: 1068
  RLT: 1
  Relax-and-lift: 43

Explored 8299 nodes (379729 simplex iterations) in 89.44 seconds (108.16 work units)
Thread count was 48 (of 192 available processors)

Solution count 10: -2.93744e+09 -2.93744e+09 -2.97049e+09 ... -2.98975e+09

Optimal solution found (tolerance 2.00e-03)
Warning: max constraint violation (3.3663e-06) exceeds tolerance
Warning: max bound violation (1.6829e-06) exceeds tolerance
Best objective -2.937436129814e+09, best bound -2.937340239935e+09, gap 0.0033%
Deleted nodefile directory: /scratch-local/lbeemster.22275015/gurobi_failed_DRAUPNER_S_to_DUNKERQUE_sub0.0_run2
Saved model snapshot to study_case_model/figures/failure_experiment/run_27426/maxh2_DRAUPNER_S_to_DUNKERQUE/sub0.0/run2/model_snapshot.pkl
Model with original objective value 20885502.315513548 and penalty 2958321632.1291842
Finished successfully!
