Gurobi shell based on Python 3.13.1 can be launched with command `gurobi.sh`
Gurobi Python Interface can be loaded in Python 3.13.1 with 'import gurobipy'
/var/spool/slurm/slurmd/job22278635/slurm_script: line 25: activate: No such file or directory
Renamed nodes according to mapping.
Nodes after renaming: ['NORNE/HEIDRUN T', 'KARSTO', 'ZEEPIPE-SCP', 'ZEEBRUGGE', 'GJØA-T', 'NORNE_ERB', 'NORPIPE Y', 'B-11', 'OSEBERG D', 'HEIMDAL HRP', 'SLEIPNER R', 'DRAUPNER_S', 'H-7_BP', 'EMDEN', 'ST.FERGUS', 'KOLLSNES', 'DORNUM', 'EUROPIPE-SCP', 'DUNKERQUE', 'VISUND T', 'VISUND', 'NYHAMNA', 'EASINGTON', 'GJOA', 'AASTA HANSTEEN PLEM']
Edges after renaming: [('NORNE/HEIDRUN T', 'KARSTO'), ('KARSTO', 'DRAUPNER_S'), ('KARSTO', 'DORNUM'), ('ZEEPIPE-SCP', 'ZEEBRUGGE'), ('GJØA-T', 'KARSTO'), ('NORNE_ERB', 'NORNE/HEIDRUN T'), ('NORPIPE Y', 'B-11'), ('B-11', 'H-7_BP'), ('OSEBERG D', 'HEIMDAL HRP'), ('HEIMDAL HRP', 'DRAUPNER_S'), ('HEIMDAL HRP', 'ST.FERGUS'), ('SLEIPNER R', 'ZEEPIPE-SCP'), ('SLEIPNER R', 'DRAUPNER_S'), ('SLEIPNER R', 'EASINGTON'), ('DRAUPNER_S', 'EUROPIPE-SCP'), ('DRAUPNER_S', 'DUNKERQUE'), ('DRAUPNER_S', 'NORPIPE Y'), ('H-7_BP', 'EMDEN'), ('KOLLSNES', 'SLEIPNER R'), ('KOLLSNES', 'DRAUPNER_S'), ('EUROPIPE-SCP', 'DORNUM'), ('VISUND T', 'KOLLSNES'), ('VISUND', 'VISUND T'), ('NYHAMNA', 'SLEIPNER R'), ('GJOA', 'GJØA-T'), ('AASTA HANSTEEN PLEM', 'NYHAMNA')]
{'location': nan, 'location_id': 'None', 'type': 'edge', 'pipName': '42" Gas DRAUPNER E, DUNKERQUE', 'idPipeline': 326374.0, 'mapLabel': 'Franpipe', 'belongs_to': 'GASSLED', 'curOperNam': 'Gassco AS', 'curPhase': 'IN SERVICE', 'curPhDate': Timestamp('1998-07-01 00:00:00'), 'fromFacili': 'DRAUPNER E', 'toFacility': 'DUNKERQUE', 'mainGrp': 'Transportation', 'dimension': 42.0, 'WaterDepth': 85.0, 'medium': 'Gas', 'idBelongTo': 2252643.0, 'idFrmFacil': 278357.0, 'idToFacili': 286757.0, 'idOperator': 1944954.0, 'dtUpdated': Timestamp('2025-01-31 00:00:00'), 'FactUrl': 'https://factpages.sodir.no/tuf/pageview/pipeline/all/326374', 'MapUrl': 'https://factmaps.sodir.no/map/redirect/pipLine.ashx?id=326374', 'weight': 8.026701378841642, 'from_node': '(2.469755817142857, 58.19028833)', 'to_node': '(2.252709, 51.046406)', 'max_flow': 0, 'node_type': nan, 'base_booking_cost': nan, 'supplier': nan, 'supply_capacity': nan, 'generation_cost': nan, 'component_ratio': nan, 'compression_increase': nan, 'compression_constants': nan, 'average_market_price': nan, 'long_term_price_std': nan, 'day_ahead_price_std': nan, 'average_demand_mwh_x1000': nan, 'demand_variance': nan, 'max_fractions': nan, 'min_outlet_pressure': nan, 'supplier_ratios': nan, 'weymouth_constant': 0.26473903460176296, 'max_inlet_pressure': 150.0, 'pressure_cost': 100.0, 'max_pipe_fractions': [{'NG': 1, 'CO2': 1, 'H2': 0.2}], 'geometry': <LINESTRING (2.47 58.19, 2.253 51.046)>}
Solving model:, failed_DRAUPNER_S_to_DUNKERQUE, sub45.0, run3
Read LP format model from file /scratch-local/lbeemster.22278635/tmphv1rq8m0.pyomo.lp
Reading time = 0.53 seconds
x1: 178177 rows, 50626 columns, 1016640 nonzeros
Set parameter OutputFlag to value 1
Set parameter MIPGap to value 0.002
Set parameter Threads to value 48
Set parameter Presolve to value 1
Set parameter Cuts to value 1
Set parameter NodefileStart to value 1
Set parameter NodefileDir to value "/scratch-local/lbeemster.22278635/gurobi_failed_DRAUPNER_S_to_DUNKERQUE_sub45.0_run3"
Set parameter MemLimit to value 60
Gurobi Optimizer version 12.0.3 build v12.0.3rc0 (linux64 - "Red Hat Enterprise Linux 9.6 (Plow)")

CPU model: AMD EPYC 9654 96-Core Processor, instruction set [SSE2|AVX|AVX2|AVX512]
Thread count: 192 physical cores, 192 logical processors, using up to 48 threads

Non-default parameters:
MemLimit  60
MIPGap  0.002
NodefileStart  1
Cuts  1
Presolve  1
Threads  48

Academic license 2514514 - for non-commercial use only - registered to l.___@student.vu.nl
Optimize a model with 178177 rows, 50626 columns and 1016640 nonzeros
Model fingerprint: 0xe9c9cbac
Variable types: 40002 continuous, 10624 integer (10624 binary)
Coefficient statistics:
  Matrix range     [6e-05, 1e+05]
  Objective range  [2e+00, 3e+04]
  Bounds range     [1e+00, 1e+00]
  RHS range        [3e-01, 2e+05]
Presolve removed 43137 rows and 27615 columns
Presolve time: 1.05s
Presolved: 135040 rows, 23011 columns, 699786 nonzeros
Variable types: 17827 continuous, 5184 integer (5184 binary)
Found heuristic solution: objective -4.36988e+09

Deterministic concurrent LP optimizer: primal simplex, dual simplex, and barrier
Showing barrier log only...

Root relaxation presolved: 22233 rows, 156832 columns, 722100 nonzeros

Root barrier log...

Ordering time: 0.04s

Barrier statistics:
 Free vars  : 1856
 AA' NZ     : 5.227e+05
 Factor NZ  : 1.267e+06 (roughly 80 MB of memory)
 Factor Ops : 1.013e+08 (less than 1 second per iteration)
 Threads    : 46

                  Objective                Residual
Iter       Primal          Dual         Primal    Dual     Compl     Time
   0   2.13345498e+12 -2.67563919e+09  7.85e+06 3.34e+02  4.69e+08     3s
   1   1.81550012e+12 -4.56570040e+09  2.30e+06 9.96e+03  2.27e+08     3s
   2   1.89743108e+12 -5.77824269e+09  2.81e+05 3.39e+03  7.99e+07     3s
   3   7.54980240e+11 -6.13537685e+09  3.58e+03 2.03e+02  8.01e+06     3s
   4   4.41200966e+11 -4.82341637e+09  1.79e+03 1.12e+02  4.31e+06     3s
   5   2.63069599e+11 -4.86886835e+09  9.49e+02 9.92e+01  2.88e+06     3s
   6   2.04722686e+11 -3.27325500e+09  7.12e+02 3.20e+01  1.62e+06     3s
   7   1.72938333e+11 -3.14520862e+09  5.93e+02 2.55e+01  1.34e+06     3s
   8   1.22676387e+11 -3.00047884e+09  4.12e+02 1.86e+01  9.42e+05     4s
   9   2.48536799e+10 -2.81783375e+09  6.54e+01 5.42e+00  2.11e+05     4s
  10   9.78584784e+09 -2.72933200e+09  2.68e+01 1.94e+00  8.80e+04     4s
  11   6.96145480e+08 -2.69178593e+09  6.00e+00 6.50e-01  2.35e+04     4s
  12  -1.28713295e+09 -2.67883546e+09  2.27e+00 2.84e-01  9.47e+03     4s
  13  -1.87604721e+09 -2.67247520e+09  1.21e+00 1.28e-01  5.14e+03     4s
  14  -2.47933808e+09 -2.66782012e+09  2.09e-01 5.38e-02  1.23e+03     4s
  15  -2.57340814e+09 -2.66314334e+09  9.04e-02 2.91e-02  5.78e+02     4s
  16  -2.59909173e+09 -2.66090706e+09  5.75e-02 2.19e-02  3.94e+02     4s
  17  -2.62029430e+09 -2.65643953e+09  3.28e-02 5.43e-03  2.19e+02     4s
  18  -2.63220811e+09 -2.65598868e+09  2.10e-02 5.44e-03  1.43e+02     4s
  19  -2.64319919e+09 -2.65542014e+09  1.01e-02 4.21e-03  7.30e+01     4s
  20  -2.64826074e+09 -2.65486890e+09  5.23e-03 4.57e-03  3.94e+01     4s
  21  -2.64953548e+09 -2.65461879e+09  3.99e-03 3.58e-03  3.02e+01     4s
  22  -2.65057686e+09 -2.65443285e+09  3.00e-03 2.41e-03  2.29e+01     4s

Barrier performed 22 iterations in 4.04 seconds (3.84 work units)
Barrier solve interrupted - model solved by another algorithm

Concurrent spin time: 0.01s

Solved with primal simplex

Root relaxation: objective -2.653924e+09, 25279 iterations, 1.53 seconds (1.30 work units)
Total elapsed time = 5.16s (DegenMoves)

    Nodes    |    Current Node    |     Objective Bounds      |     Work
 Expl Unexpl |  Obj  Depth IntInf | Incumbent    BestBd   Gap | It/Node Time

     0     0 -2.654e+09    0  447 -4.370e+09 -2.654e+09  39.3%     -    5s
H    0     0                    -4.36987e+09 -2.654e+09  39.3%     -    6s
H    0     0                    -3.70712e+09 -2.654e+09  28.4%     -    7s
     0     0 -2.654e+09    0  495 -3.707e+09 -2.654e+09  28.4%     -    8s
     0     0 -2.654e+09    0  495 -3.707e+09 -2.654e+09  28.4%     -    8s
H    0     0                    -3.70034e+09 -2.654e+09  28.3%     -    8s
     0     0 -2.654e+09    0  516 -3.700e+09 -2.654e+09  28.3%     -    9s
     0     0 -2.654e+09    0  522 -3.700e+09 -2.654e+09  28.3%     -   11s
     0     0 -2.654e+09    0  528 -3.700e+09 -2.654e+09  28.3%     -   11s
     0     0 -2.654e+09    0  540 -3.700e+09 -2.654e+09  28.3%     -   13s
H    0     0                    -3.68249e+09 -2.654e+09  27.9%     -   15s
     0     0 -2.654e+09    0  450 -3.682e+09 -2.654e+09  27.9%     -   16s
H    0     0                    -3.39884e+09 -2.654e+09  21.9%     -   16s
     0     0 -2.654e+09    0  497 -3.399e+09 -2.654e+09  21.9%     -   17s
     0     0 -2.654e+09    0  520 -3.399e+09 -2.654e+09  21.9%     -   17s
     0     0 -2.654e+09    0  517 -3.399e+09 -2.654e+09  21.9%     -   17s
     0     0 -2.654e+09    0  520 -3.399e+09 -2.654e+09  21.9%     -   17s
H    0     0                    -3.29055e+09 -2.654e+09  19.3%     -   20s
     0     0 -2.654e+09    0  470 -3.291e+09 -2.654e+09  19.3%     -   20s
H    0     0                    -3.26073e+09 -2.654e+09  18.6%     -   21s
     0     0 -2.654e+09    0  474 -3.261e+09 -2.654e+09  18.6%     -   21s
     0     0 -2.654e+09    0  484 -3.261e+09 -2.654e+09  18.6%     -   21s
     0     0 -2.654e+09    0  490 -3.261e+09 -2.654e+09  18.6%     -   21s
     0     0 -2.654e+09    0  430 -3.261e+09 -2.654e+09  18.6%     -   24s
H    0     0                    -3.19808e+09 -2.654e+09  17.0%     -   25s
     0     0 -2.654e+09    0  422 -3.198e+09 -2.654e+09  17.0%     -   25s
     0     0 -2.654e+09    0  398 -3.198e+09 -2.654e+09  17.0%     -   25s
     0     0 -2.654e+09    0  411 -3.198e+09 -2.654e+09  17.0%     -   28s
     0     0 -2.654e+09    0  405 -3.198e+09 -2.654e+09  17.0%     -   30s
H    0     0                    -3.18571e+09 -2.654e+09  16.7%     -   31s
     0     0 -2.654e+09    0  419 -3.186e+09 -2.654e+09  16.7%     -   31s
     0     0 -2.654e+09    0  438 -3.186e+09 -2.654e+09  16.7%     -   33s
     0     0 -2.654e+09    0  438 -3.186e+09 -2.654e+09  16.7%     -   36s
H    0     0                    -3.04861e+09 -2.654e+09  12.9%     -   37s
H    0     0                    -3.02056e+09 -2.654e+09  12.1%     -   38s
     0     2 -2.654e+09    0  438 -3.021e+09 -2.654e+09  12.1%     -   39s
     7    16 -2.654e+09    3  453 -3.021e+09 -2.654e+09  12.1%   465   40s
H   63   112                    -3.01487e+09 -2.654e+09  12.0%   154   45s
H   66   112                    -2.99614e+09 -2.654e+09  11.4%   149   45s
H   90   112                    -2.95852e+09 -2.654e+09  10.3%   115   45s
H  111   377                    -2.95282e+09 -2.654e+09  10.1%   100   47s
H  128   377                    -2.95282e+09 -2.654e+09  10.1%  91.2   47s
   376  1161 -2.654e+09    9  442 -2.953e+09 -2.654e+09  10.1%  47.4   50s
  1160  2146 -2.654e+09   19  416 -2.953e+09 -2.654e+09  10.1%  42.2   56s
H 1299  2146                    -2.95282e+09 -2.654e+09  10.1%  43.6   56s
H 1437  2146                    -2.95258e+09 -2.654e+09  10.1%  44.2   56s
H 1889  2146                    -2.95256e+09 -2.654e+09  10.1%  43.6   56s
H 2106  2146                    -2.95104e+09 -2.654e+09  10.1%  43.6   56s
  2145  2386 -2.654e+09   30  391 -2.951e+09 -2.654e+09  10.1%  43.4   71s
H 2149  2386                    -2.92076e+09 -2.654e+09  9.13%  43.4   71s
H 2169  2386                    -2.92072e+09 -2.654e+09  9.13%  43.4   71s
H 2239  2386                    -2.92070e+09 -2.654e+09  9.13%  43.9   71s
H 2244  2386                    -2.92067e+09 -2.654e+09  9.13%  43.8   71s
H 2259  2386                    -2.92067e+09 -2.654e+09  9.13%  43.8   71s
H 2314  2386                    -2.92055e+09 -2.654e+09  9.12%  43.6   71s
H 2359  2386                    -2.92051e+09 -2.654e+09  9.12%  43.7   71s
  2385  6196 -2.654e+09   33  385 -2.921e+09 -2.654e+09  9.12%  43.5   84s
H 3810  6196                    -2.91955e+09 -2.654e+09  9.09%  44.6   84s
H 4067  6196                    -2.91615e+09 -2.654e+09  8.99%  43.7   84s
H 4340  6196                    -2.91518e+09 -2.654e+09  8.96%  42.9   84s
H 4570  6196                    -2.90628e+09 -2.654e+09  8.68%  42.3   84s
H 5751  6196                    -2.89709e+09 -2.654e+09  8.39%  39.6   84s
  6195  9066 -2.654e+09   88  319 -2.897e+09 -2.654e+09  8.39%  38.9   94s
H 6215  9066                    -2.88863e+09 -2.654e+09  8.12%  39.0   94s
H 6447  9066                    -2.88862e+09 -2.654e+09  8.12%  39.1   94s
H 6747  9066                    -2.88860e+09 -2.654e+09  8.12%  39.1   94s
H 7141  9066                    -2.83913e+09 -2.654e+09  6.52%  39.1   94s
H 7144  9066                    -2.83913e+09 -2.654e+09  6.52%  39.1   94s
H 8737  9066                    -2.82203e+09 -2.654e+09  5.95%  36.0   94s
H 9065 11951                    -2.82203e+09 -2.654e+09  5.95%  35.5  104s
H 9123 11951                    -2.82202e+09 -2.654e+09  5.95%  35.5  104s
H 9300 11951                    -2.78156e+09 -2.654e+09  4.58%  35.5  104s
H 9360 11951                    -2.78156e+09 -2.654e+09  4.58%  35.5  104s
H10053 11682                    -2.71775e+09 -2.654e+09  2.34%  35.1  104s
H10541 11280                    -2.68375e+09 -2.654e+09  1.11%  34.4  104s
H11960 10873                    -2.68374e+09 -2.654e+09  1.11%  32.8  119s
H11964 10688                    -2.68317e+09 -2.654e+09  1.08%  32.8  119s
H11997  9152                    -2.65423e+09 -2.654e+09  0.01%  32.8  119s
H12123  9144                    -2.65423e+09 -2.654e+09  0.01%  32.7  119s
H12126  9144                    -2.65422e+09 -2.654e+09  0.01%  32.7  119s

Cutting planes:
  Gomory: 5
  Implied bound: 2693
  MIR: 710
  Flow cover: 1220
  Relax-and-lift: 59

Explored 12232 nodes (447446 simplex iterations) in 119.58 seconds (144.05 work units)
Thread count was 48 (of 192 available processors)

Solution count 10: -2.65422e+09 -2.65422e+09 -2.65423e+09 ... -2.78156e+09

Optimal solution found (tolerance 2.00e-03)
Best objective -2.654224730337e+09, best bound -2.654069070797e+09, gap 0.0059%
Deleted nodefile directory: /scratch-local/lbeemster.22278635/gurobi_failed_DRAUPNER_S_to_DUNKERQUE_sub45.0_run3
Saved model snapshot to study_case_model/figures/failure_experiment/run_27426/maxh2_DRAUPNER_S_to_DUNKERQUE/sub45.0/run3/model_snapshot.pkl
Model with original objective value 21252711.57528882 and penalty 2675477441.9125957
Finished successfully!
