Gurobi shell based on Python 3.13.1 can be launched with command `gurobi.sh`
Gurobi Python Interface can be loaded in Python 3.13.1 with 'import gurobipy'
/var/spool/slurm/slurmd/job22272955/slurm_script: line 25: activate: No such file or directory
Renamed nodes according to mapping.
Nodes after renaming: ['NORNE/HEIDRUN T', 'KARSTO', 'ZEEPIPE-SCP', 'ZEEBRUGGE', 'GJØA-T', 'NORNE_ERB', 'NORPIPE Y', 'B-11', 'OSEBERG D', 'HEIMDAL HRP', 'SLEIPNER R', 'DRAUPNER_S', 'H-7_BP', 'EMDEN', 'ST.FERGUS', 'KOLLSNES', 'DORNUM', 'EUROPIPE-SCP', 'DUNKERQUE', 'VISUND T', 'VISUND', 'NYHAMNA', 'EASINGTON', 'GJOA', 'AASTA HANSTEEN PLEM']
Edges after renaming: [('NORNE/HEIDRUN T', 'KARSTO'), ('KARSTO', 'DRAUPNER_S'), ('KARSTO', 'DORNUM'), ('ZEEPIPE-SCP', 'ZEEBRUGGE'), ('GJØA-T', 'KARSTO'), ('NORNE_ERB', 'NORNE/HEIDRUN T'), ('NORPIPE Y', 'B-11'), ('B-11', 'H-7_BP'), ('OSEBERG D', 'HEIMDAL HRP'), ('HEIMDAL HRP', 'DRAUPNER_S'), ('HEIMDAL HRP', 'ST.FERGUS'), ('SLEIPNER R', 'ZEEPIPE-SCP'), ('SLEIPNER R', 'DRAUPNER_S'), ('SLEIPNER R', 'EASINGTON'), ('DRAUPNER_S', 'EUROPIPE-SCP'), ('DRAUPNER_S', 'DUNKERQUE'), ('DRAUPNER_S', 'NORPIPE Y'), ('H-7_BP', 'EMDEN'), ('KOLLSNES', 'SLEIPNER R'), ('KOLLSNES', 'DRAUPNER_S'), ('EUROPIPE-SCP', 'DORNUM'), ('VISUND T', 'KOLLSNES'), ('VISUND', 'VISUND T'), ('NYHAMNA', 'SLEIPNER R'), ('GJOA', 'GJØA-T'), ('AASTA HANSTEEN PLEM', 'NYHAMNA')]
{'location': nan, 'location_id': 'None', 'type': 'edge', 'pipName': '42" Gas DRAUPNER E, DUNKERQUE', 'idPipeline': 326374.0, 'mapLabel': 'Franpipe', 'belongs_to': 'GASSLED', 'curOperNam': 'Gassco AS', 'curPhase': 'IN SERVICE', 'curPhDate': Timestamp('1998-07-01 00:00:00'), 'fromFacili': 'DRAUPNER E', 'toFacility': 'DUNKERQUE', 'mainGrp': 'Transportation', 'dimension': 42.0, 'WaterDepth': 85.0, 'medium': 'Gas', 'idBelongTo': 2252643.0, 'idFrmFacil': 278357.0, 'idToFacili': 286757.0, 'idOperator': 1944954.0, 'dtUpdated': Timestamp('2025-01-31 00:00:00'), 'FactUrl': 'https://factpages.sodir.no/tuf/pageview/pipeline/all/326374', 'MapUrl': 'https://factmaps.sodir.no/map/redirect/pipLine.ashx?id=326374', 'weight': 8.026701378841642, 'from_node': '(2.469755817142857, 58.19028833)', 'to_node': '(2.252709, 51.046406)', 'max_flow': 0, 'node_type': nan, 'base_booking_cost': nan, 'supplier': nan, 'supply_capacity': nan, 'generation_cost': nan, 'component_ratio': nan, 'compression_increase': nan, 'compression_constants': nan, 'average_market_price': nan, 'long_term_price_std': nan, 'day_ahead_price_std': nan, 'average_demand_mwh_x1000': nan, 'demand_variance': nan, 'max_fractions': nan, 'min_outlet_pressure': nan, 'supplier_ratios': nan, 'weymouth_constant': 0.26473903460176296, 'max_inlet_pressure': 150.0, 'pressure_cost': 100.0, 'max_pipe_fractions': [{'NG': 1, 'CO2': 1, 'H2': 0.2}], 'geometry': <LINESTRING (2.47 58.19, 2.253 51.046)>}
Solving model:, failed_DRAUPNER_S_to_DUNKERQUE, sub0.0, run0
Read LP format model from file /scratch-local/lbeemster.22272955/tmpztxtj5z2.pyomo.lp
Reading time = 1.03 seconds
x1: 178177 rows, 50626 columns, 1016640 nonzeros
Set parameter OutputFlag to value 1
Set parameter MIPGap to value 0.002
Set parameter Threads to value 48
Set parameter Presolve to value 1
Set parameter Cuts to value 1
Set parameter NodefileStart to value 1
Set parameter NodefileDir to value "/scratch-local/lbeemster.22272955/gurobi_failed_DRAUPNER_S_to_DUNKERQUE_sub0.0_run0"
Set parameter MemLimit to value 60
Gurobi Optimizer version 12.0.3 build v12.0.3rc0 (linux64 - "Red Hat Enterprise Linux 9.6 (Plow)")

CPU model: AMD EPYC 9654 96-Core Processor, instruction set [SSE2|AVX|AVX2|AVX512]
Thread count: 192 physical cores, 192 logical processors, using up to 48 threads

Non-default parameters:
MemLimit  60
MIPGap  0.002
NodefileStart  1
Cuts  1
Presolve  1
Threads  48

Academic license 2514514 - for non-commercial use only - registered to l.___@student.vu.nl
Optimize a model with 178177 rows, 50626 columns and 1016640 nonzeros
Model fingerprint: 0xa70837f7
Variable types: 40002 continuous, 10624 integer (10624 binary)
Coefficient statistics:
  Matrix range     [6e-05, 1e+05]
  Objective range  [2e+00, 3e+04]
  Bounds range     [1e+00, 1e+00]
  RHS range        [3e-01, 2e+05]
Presolve removed 43137 rows and 27615 columns
Presolve time: 1.05s
Presolved: 135040 rows, 23011 columns, 699786 nonzeros
Variable types: 17827 continuous, 5184 integer (5184 binary)
Found heuristic solution: objective -5.61447e+09

Deterministic concurrent LP optimizer: primal simplex, dual simplex, and barrier
Showing barrier log only...

Root relaxation presolved: 22233 rows, 156832 columns, 722100 nonzeros

Root barrier log...

Ordering time: 0.04s

Barrier statistics:
 Free vars  : 1856
 AA' NZ     : 5.227e+05
 Factor NZ  : 1.267e+06 (roughly 80 MB of memory)
 Factor Ops : 1.013e+08 (less than 1 second per iteration)
 Threads    : 46

                  Objective                Residual
Iter       Primal          Dual         Primal    Dual     Compl     Time
   0   2.19319570e+12 -3.64423007e+09  7.81e+06 4.14e+02  5.54e+08     3s
   1   1.98031522e+12 -5.82621935e+09  2.29e+06 1.19e+04  2.70e+08     3s
   2   2.12087884e+12 -7.12376342e+09  4.26e+05 4.19e+03  1.00e+08     3s
   3   1.11955089e+12 -7.58887649e+09  6.15e+03 3.02e+02  1.21e+07     3s
   4   5.04747903e+11 -6.42820273e+09  2.13e+03 1.16e+02  4.73e+06     3s
   5   4.16444423e+11 -6.09168189e+09  1.71e+03 1.11e+02  4.04e+06     3s
   6   1.50554462e+11 -4.51957824e+09  4.84e+02 5.36e+01  1.51e+06     3s
   7   7.68214585e+10 -4.05883499e+09  2.21e+02 2.50e+01  7.25e+05     3s
   8   4.83596896e+10 -3.77462238e+09  1.34e+02 8.39e+00  3.84e+05     3s
   9   1.43494618e+10 -3.70862163e+09  4.08e+01 3.93e+00  1.35e+05     4s
  10   4.64056880e+09 -3.65803283e+09  1.63e+01 7.82e-01  5.35e+04     4s
  11   7.11028820e+08 -3.65331013e+09  8.33e+00 5.45e-01  2.85e+04     4s
  12  -7.71825003e+08 -3.64709246e+09  5.34e+00 3.21e-01  1.84e+04     4s
  13  -2.53294724e+09 -3.64090030e+09  1.84e+00 6.66e-02  6.75e+03     4s
  14  -3.33738642e+09 -3.63787582e+09  4.23e-01 1.57e-02  1.80e+03     4s
  15  -3.42392747e+09 -3.63445302e+09  2.92e-01 1.56e-02  1.25e+03     4s
  16  -3.52536698e+09 -3.63067660e+09  1.39e-01 1.43e-02  6.23e+02     4s

Barrier performed 16 iterations in 3.78 seconds (3.66 work units)
Barrier solve interrupted - model solved by another algorithm

Concurrent spin time: 0.29s (can be avoided by choosing Method=3)

Solved with primal simplex

Root relaxation: objective -3.623421e+09, 21538 iterations, 1.34 seconds (1.16 work units)

    Nodes    |    Current Node    |     Objective Bounds      |     Work
 Expl Unexpl |  Obj  Depth IntInf | Incumbent    BestBd   Gap | It/Node Time

     0     0 -3.623e+09    0  362 -5.614e+09 -3.623e+09  35.5%     -    4s
H    0     0                    -4.02485e+09 -3.623e+09  10.0%     -    6s
     0     0 -3.623e+09    0  505 -4.025e+09 -3.623e+09  10.0%     -    6s
     0     0 -3.623e+09    0  520 -4.025e+09 -3.623e+09  10.0%     -    7s
     0     0 -3.623e+09    0  432 -4.025e+09 -3.623e+09  10.0%     -    9s
     0     0 -3.623e+09    0  446 -4.025e+09 -3.623e+09  10.0%     -   10s
H    0     0                    -3.97723e+09 -3.623e+09  8.89%     -   12s
     0     0 -3.623e+09    0  440 -3.977e+09 -3.623e+09  8.89%     -   14s
H    0     0                    -3.90175e+09 -3.623e+09  7.13%     -   15s
     0     0 -3.623e+09    0  451 -3.902e+09 -3.623e+09  7.13%     -   15s
     0     0 -3.623e+09    0  454 -3.902e+09 -3.623e+09  7.13%     -   15s
H    0     0                    -3.89609e+09 -3.623e+09  7.00%     -   18s
     0     0 -3.623e+09    0  404 -3.896e+09 -3.623e+09  7.00%     -   18s
     0     0 -3.623e+09    0  411 -3.896e+09 -3.623e+09  7.00%     -   19s
H    0     0                    -3.76210e+09 -3.623e+09  3.68%     -   19s
     0     0 -3.624e+09    0  341 -3.762e+09 -3.624e+09  3.68%     -   20s
     0     0 -3.624e+09    0  357 -3.762e+09 -3.624e+09  3.68%     -   21s
H    0     0                    -3.76210e+09 -3.624e+09  3.68%     -   23s
     0     0 -3.624e+09    0  364 -3.762e+09 -3.624e+09  3.68%     -   23s
     0     0 -3.624e+09    0  343 -3.762e+09 -3.624e+09  3.68%     -   26s
H    0     0                    -3.70532e+09 -3.624e+09  2.21%     -   31s
     0     2 -3.624e+09    0  337 -3.705e+09 -3.624e+09  2.21%     -   33s
    31    64 -3.624e+09    5  362 -3.705e+09 -3.624e+09  2.21%   273   37s
H   63   112                    -3.69766e+09 -3.624e+09  2.01%   187   38s
   270   352 -3.624e+09    9  367 -3.698e+09 -3.624e+09  2.01%   111   40s
H 1085  1125                    -3.69766e+09 -3.624e+09  2.01%  57.2   49s
H 1115  1125                    -3.69766e+09 -3.624e+09  2.01%  56.6   49s
  1136  1208 -3.624e+09   23  333 -3.698e+09 -3.624e+09  2.01%  55.9   51s
H 1138  1208                    -3.68977e+09 -3.624e+09  1.80%  55.8   51s
H 1148  1208                    -3.68977e+09 -3.624e+09  1.80%  55.6   51s
H 1162  1208                    -3.68969e+09 -3.624e+09  1.79%  55.2   51s
  2381  2443 -3.624e+09   42  304 -3.690e+09 -3.624e+09  1.79%  44.1   58s
H 2383  2443                    -3.68954e+09 -3.624e+09  1.79%  44.1   58s
H 2424  2443                    -3.68873e+09 -3.624e+09  1.77%  43.8   58s
H 2425  2443                    -3.68698e+09 -3.624e+09  1.72%  43.9   58s
H 2428  2443                    -3.67393e+09 -3.624e+09  1.37%  43.9   58s
H 2451  2443                    -3.67377e+09 -3.624e+09  1.37%  43.7   58s
H 2454  2443                    -3.66837e+09 -3.624e+09  1.22%  43.7   58s
  2472  3496 -3.624e+09   43  304 -3.668e+09 -3.624e+09  1.22%  43.6   61s
H 3682  3575                    -3.66372e+09 -3.624e+09  1.10%  47.8   64s
H 3970  3575                    -3.66051e+09 -3.624e+09  1.01%  48.9   64s
H 4183  3575                    -3.63939e+09 -3.624e+09  0.44%  48.0   64s
  4563  4857 -3.624e+09   73  264 -3.639e+09 -3.624e+09  0.44%  47.3   68s
H 4566  4857                    -3.63862e+09 -3.624e+09  0.42%  47.4   68s
H 4583  4857                    -3.63860e+09 -3.624e+09  0.41%  47.4   68s
H 4602  4857                    -3.63619e+09 -3.624e+09  0.35%  47.4   68s
H 4605  4857                    -3.62366e+09 -3.624e+09  0.00%  47.7   68s
H 4650  4857                    -3.62366e+09 -3.624e+09  0.00%  48.3   68s
H 5389  4857                    -3.62365e+09 -3.624e+09  0.00%  46.6   68s
H 6194  4857                    -3.62364e+09 -3.624e+09  0.00%  44.8   68s

Cutting planes:
  Gomory: 10
  Implied bound: 2249
  MIR: 604
  Flow cover: 1271
  RLT: 3
  Relax-and-lift: 79

Explored 7067 nodes (344855 simplex iterations) in 68.59 seconds (75.68 work units)
Thread count was 48 (of 192 available processors)

Solution count 10: -3.62364e+09 -3.62364e+09 -3.62365e+09 ... -3.66051e+09

Optimal solution found (tolerance 2.00e-03)
Best objective -3.623639189702e+09, best bound -3.623515995484e+09, gap 0.0034%
Deleted nodefile directory: /scratch-local/lbeemster.22272955/gurobi_failed_DRAUPNER_S_to_DUNKERQUE_sub0.0_run0
Saved model snapshot to study_case_model/figures/failure_experiment/run_27426/maxh2_DRAUPNER_S_to_DUNKERQUE/sub0.0/run0/model_snapshot.pkl
Model with original objective value 20429128.976406097 and penalty 3644068318.6782794
Finished successfully!
