Gurobi shell based on Python 3.13.1 can be launched with command `gurobi.sh`
Gurobi Python Interface can be loaded in Python 3.13.1 with 'import gurobipy'
/var/spool/slurm/slurmd/job22273240/slurm_script: line 25: activate: No such file or directory
Renamed nodes according to mapping.
Nodes after renaming: ['NORNE/HEIDRUN T', 'KARSTO', 'ZEEPIPE-SCP', 'ZEEBRUGGE', 'GJØA-T', 'NORNE_ERB', 'NORPIPE Y', 'B-11', 'OSEBERG D', 'HEIMDAL HRP', 'SLEIPNER R', 'DRAUPNER_S', 'H-7_BP', 'EMDEN', 'ST.FERGUS', 'KOLLSNES', 'DORNUM', 'EUROPIPE-SCP', 'DUNKERQUE', 'VISUND T', 'VISUND', 'NYHAMNA', 'EASINGTON', 'GJOA', 'AASTA HANSTEEN PLEM']
Edges after renaming: [('NORNE/HEIDRUN T', 'KARSTO'), ('KARSTO', 'DRAUPNER_S'), ('KARSTO', 'DORNUM'), ('ZEEPIPE-SCP', 'ZEEBRUGGE'), ('GJØA-T', 'KARSTO'), ('NORNE_ERB', 'NORNE/HEIDRUN T'), ('NORPIPE Y', 'B-11'), ('B-11', 'H-7_BP'), ('OSEBERG D', 'HEIMDAL HRP'), ('HEIMDAL HRP', 'DRAUPNER_S'), ('HEIMDAL HRP', 'ST.FERGUS'), ('SLEIPNER R', 'ZEEPIPE-SCP'), ('SLEIPNER R', 'DRAUPNER_S'), ('SLEIPNER R', 'EASINGTON'), ('DRAUPNER_S', 'EUROPIPE-SCP'), ('DRAUPNER_S', 'DUNKERQUE'), ('DRAUPNER_S', 'NORPIPE Y'), ('H-7_BP', 'EMDEN'), ('KOLLSNES', 'SLEIPNER R'), ('KOLLSNES', 'DRAUPNER_S'), ('EUROPIPE-SCP', 'DORNUM'), ('VISUND T', 'KOLLSNES'), ('VISUND', 'VISUND T'), ('NYHAMNA', 'SLEIPNER R'), ('GJOA', 'GJØA-T'), ('AASTA HANSTEEN PLEM', 'NYHAMNA')]
Solving model:, failed_NORNE_ERB, sub30.0, run0
Read LP format model from file /scratch-local/lbeemster.22273240/tmp5ppkresp.pyomo.lp
Reading time = 0.81 seconds
x1: 178177 rows, 50626 columns, 1021888 nonzeros
Set parameter OutputFlag to value 1
Set parameter MIPGap to value 0.002
Set parameter Threads to value 48
Set parameter Presolve to value 1
Set parameter Cuts to value 1
Set parameter NodefileStart to value 1
Set parameter NodefileDir to value "/scratch-local/lbeemster.22273240/gurobi_failed_NORNE_ERB_sub30.0_run0"
Set parameter MemLimit to value 60
Gurobi Optimizer version 12.0.3 build v12.0.3rc0 (linux64 - "Red Hat Enterprise Linux 9.6 (Plow)")

CPU model: AMD EPYC 9654 96-Core Processor, instruction set [SSE2|AVX|AVX2|AVX512]
Thread count: 192 physical cores, 192 logical processors, using up to 48 threads

Non-default parameters:
MemLimit  60
MIPGap  0.002
NodefileStart  1
Cuts  1
Presolve  1
Threads  48

Academic license 2514514 - for non-commercial use only - registered to l.___@student.vu.nl
Optimize a model with 178177 rows, 50626 columns and 1021888 nonzeros
Model fingerprint: 0xd497462b
Variable types: 40002 continuous, 10624 integer (10624 binary)
Coefficient statistics:
  Matrix range     [6e-05, 1e+05]
  Objective range  [2e+00, 3e+04]
  Bounds range     [1e+00, 1e+00]
  RHS range        [1e+00, 2e+05]
Presolve removed 38593 rows and 14367 columns
Presolve time: 1.51s
Presolved: 139584 rows, 36259 columns, 932475 nonzeros
Variable types: 27811 continuous, 8448 integer (8448 binary)
Found heuristic solution: objective -5.61453e+09

Deterministic concurrent LP optimizer: primal simplex, dual simplex, and barrier
Showing barrier log only...

Root barrier log...

Ordering time: 2.56s

Barrier statistics:
 AA' NZ     : 1.266e+07
 Factor NZ  : 1.410e+07 (roughly 200 MB of memory)
 Factor Ops : 2.126e+09 (less than 1 second per iteration)
 Threads    : 46

                  Objective                Residual
Iter       Primal          Dual         Primal    Dual     Compl     Time
   0  -2.89713569e+12  1.61230216e+14  2.97e+05 2.19e+04  1.68e+10     7s
   1  -1.77732489e+12  1.03838392e+14  1.55e+05 3.14e+05  7.24e+09     7s
   2  -3.92670164e+11  6.80493512e+13  3.26e+04 1.77e+04  1.59e+09     7s
   3  -7.25453757e+10  1.85599972e+13  4.87e+03 2.80e+01  2.52e+08     8s
   4  -2.54064013e+10  6.45651535e+12  1.13e+03 9.01e-07  6.44e+07     8s
   5  -1.11495370e+10  2.36964588e+12  2.07e+02 2.71e-07  1.67e+07     8s
   6  -7.10180570e+09  8.43311967e+11  5.61e+01 9.10e-08  5.25e+06     8s
   7  -3.11681926e+09  4.34747745e+11  2.50e+01 4.59e-08  2.57e+06     8s
   8  -1.25045472e+09  3.57906302e+11  1.22e+01 3.61e-08  1.98e+06     8s
   9  -3.26021380e+08  1.48243722e+11  2.48e+00 1.58e-08  7.81e+05     8s

Barrier performed 9 iterations in 7.88 seconds (5.67 work units)
Barrier solve interrupted - model solved by another algorithm

Concurrent spin time: 1.63s (can be avoided by choosing Method=3)

Solved with primal simplex

Root relaxation: objective 2.098114e+07, 51705 iterations, 4.46 seconds (2.60 work units)

    Nodes    |    Current Node    |     Objective Bounds      |     Work
 Expl Unexpl |  Obj  Depth IntInf | Incumbent    BestBd   Gap | It/Node Time

     0     0 2.0981e+07    0  487 -5.615e+09 2.0981e+07   100%     -    9s
H    0     0                    -5.53349e+09 2.0981e+07   100%     -   12s
     0     0 2.0921e+07    0  663 -5.533e+09 2.0921e+07   100%     -   14s
H    0     0                    -3.59071e+09 2.0921e+07   101%     -   15s
     0     0 2.0921e+07    0  676 -3.591e+09 2.0921e+07   101%     -   15s
     0     0 2.0897e+07    0  610 -3.591e+09 2.0897e+07   101%     -   18s
H    0     0                    -3.57326e+09 2.0897e+07   101%     -   19s
     0     0 2.0897e+07    0  602 -3.573e+09 2.0897e+07   101%     -   19s
     0     0 2.0897e+07    0  605 -3.573e+09 2.0897e+07   101%     -   19s
     0     0 2.0873e+07    0  542 -3.573e+09 2.0873e+07   101%     -   22s
H    0     0                    -3.37016e+09 2.0873e+07   101%     -   23s
     0     0 2.0872e+07    0  577 -3.370e+09 2.0872e+07   101%     -   23s
     0     0 2.0872e+07    0  592 -3.370e+09 2.0872e+07   101%     -   24s
     0     0 2.0859e+07    0  556 -3.370e+09 2.0859e+07   101%     -   27s
H    0     0                    -2.34602e+09 2.0858e+07   101%     -   28s
     0     0 2.0858e+07    0  583 -2.346e+09 2.0858e+07   101%     -   28s
     0     0 2.0858e+07    0  588 -2.346e+09 2.0858e+07   101%     -   29s
     0     0 2.0858e+07    0  593 -2.346e+09 2.0858e+07   101%     -   29s
     0     0 2.0858e+07    0  593 -2.346e+09 2.0858e+07   101%     -   29s
     0     0 2.0848e+07    0  516 -2.346e+09 2.0848e+07   101%     -   32s
H    0     0                    -1.74452e+09 2.0848e+07   101%     -   34s
     0     0 2.0848e+07    0  550 -1.745e+09 2.0848e+07   101%     -   34s
     0     0 2.0848e+07    0  552 -1.745e+09 2.0848e+07   101%     -   34s
     0     0 2.0848e+07    0  557 -1.745e+09 2.0848e+07   101%     -   35s
     0     0 2.0842e+07    0  535 -1.745e+09 2.0842e+07   101%     -   37s
     0     0 2.0842e+07    0  549 -1.745e+09 2.0842e+07   101%     -   38s
     0     0 2.0842e+07    0  557 -1.745e+09 2.0842e+07   101%     -   38s
     0     0 2.0837e+07    0  525 -1.745e+09 2.0837e+07   101%     -   40s
H    0     0                    -1.57129e+09 2.0837e+07   101%     -   42s
     0     0 2.0836e+07    0  554 -1.571e+09 2.0836e+07   101%     -   42s
     0     0 2.0836e+07    0  548 -1.571e+09 2.0836e+07   101%     -   42s
     0     0 2.0836e+07    0  555 -1.571e+09 2.0836e+07   101%     -   42s
     0     0 2.0834e+07    0  518 -1.571e+09 2.0834e+07   101%     -   45s
     0     0 2.0834e+07    0  536 -1.571e+09 2.0834e+07   101%     -   46s
     0     0 2.0833e+07    0  492 -1.571e+09 2.0833e+07   101%     -   47s
H    0     0                    -1.55125e+09 2.0833e+07   101%     -   48s
     0     0 2.0833e+07    0  519 -1.551e+09 2.0833e+07   101%     -   48s
     0     0 2.0833e+07    0  497 -1.551e+09 2.0833e+07   101%     -   50s
H    0     0                    -1.49792e+09 2.0833e+07   101%     -   52s
     0     0 2.0833e+07    0  489 -1.498e+09 2.0833e+07   101%     -   52s
     0     0 2.0833e+07    0  474 -1.498e+09 2.0833e+07   101%     -   52s
H    0     0                    -1.46625e+09 2.0833e+07   101%     -   53s
     0     0 2.0833e+07    0  482 -1.466e+09 2.0833e+07   101%     -   54s
     0     0 2.0833e+07    0  485 -1.466e+09 2.0833e+07   101%     -   56s
     0     0 2.0833e+07    0  463 -1.466e+09 2.0833e+07   101%     -   61s
H    0     0                    -1.26302e+09 2.0833e+07   102%     -   65s
H    0     0                    -1.25139e+09 2.0833e+07   102%     -   70s
H    0     0                    -1.13407e+09 2.0833e+07   102%     -   72s
H    0     0                    -1.13160e+09 2.0833e+07   102%     -   74s
H    0     0                    -1.13157e+09 2.0833e+07   102%     -   76s
H    0     0                    -9.33616e+08 2.0833e+07   102%     -   78s
H    0     0                    -1.41103e+08 2.0833e+07   115%     -   83s
H    0     0                    -1.41101e+08 2.0833e+07   115%     -   86s
H    0     0                    -1.41100e+08 2.0833e+07   115%     -   86s
H    0     0                    -1.41097e+08 2.0833e+07   115%     -   86s
H    0     0                    -7.93677e+07 2.0833e+07   126%     -   86s
H    0     0                    -6.25424e+07 2.0833e+07   133%     -   87s
H    0     0                    -6.25383e+07 2.0833e+07   133%     -   87s
H    0     0                    -6.25371e+07 2.0833e+07   133%     -   87s
H    0     0                    -6.25361e+07 2.0833e+07   133%     -   87s
H    0     0                    -6.25356e+07 2.0833e+07   133%     -   87s
     0     2 2.0833e+07    0  463 -6.254e+07 2.0833e+07   133%     -   90s
   111   220 2.0828e+07    7  476 -6.254e+07 2.0829e+07   133%   179   95s
H  576   648                    -6.25304e+07 2.0829e+07   133%  83.6   99s
H  584   648                    -6.25271e+07 2.0829e+07   133%  82.8   99s
   647   696 2.0825e+07   14  463 -6.253e+07 2.0829e+07   133%  79.9  100s
  1459  1565 2.0825e+07   29  450 -6.253e+07 2.0829e+07   133%  60.7  105s
H 1759  1848                    -6.25023e+07 2.0829e+07   133%  58.3  107s
H 1804  1848                    -2.93721e+07 2.0829e+07   171%  58.0  107s
H 1969  2006                    -2.93719e+07 2.0829e+07   171%  56.5  113s
H 2320  2443                    -2.93717e+07 2.0829e+07   171%  53.9  115s
H 2331  2443                    -2.93717e+07 2.0829e+07   171%  53.7  115s
H 2348  2443                    -2.93717e+07 2.0829e+07   171%  53.6  115s
H 2645  2682                    -2.93717e+07 2.0829e+07   171%  51.5  116s
H 2661  2682                    -2.93717e+07 2.0829e+07   171%  51.4  116s
H 2665  2682                    -2.93717e+07 2.0829e+07   171%  51.3  116s
Created node file directory '/scratch-local/lbeemster.22273240/gurobi_failed_NORNE_ERB_sub30.0_run0/grbnodes0'
  3296  3426 2.0824e+07   68  446 -2.937e+07 2.0829e+07   171%  48.0  120s
H 3762  3806                    -2.93716e+07 2.0829e+07   171%  46.5  122s
H 4066  4139                    -2.93716e+07 2.0829e+07   171%  45.8  124s
H 4073  4139                    -2.93715e+07 2.0829e+07   171%  45.9  124s
H 4126  4139                    -2.93462e+07 2.0829e+07   171%  45.8  124s
  4166  4384 2.0821e+07   86  440 -2.935e+07 2.0829e+07   171%  45.8  126s
H 5204  5223                    -2.93462e+07 2.0829e+07   171%  44.6  133s
  5392  5684 2.0818e+07  103  428 -2.935e+07 2.0829e+07   171%  44.3  136s
  6397  6599 2.0817e+07  122  426 -2.935e+07 2.0829e+07   171%  42.4  141s
H 6402  6599                    -2.93448e+07 2.0829e+07   171%  42.4  141s
  7109  7133 2.0815e+07  135  423 -2.934e+07 2.0829e+07   171%  41.6  149s
  7162  7231 2.0814e+07  136  422 -2.934e+07 2.0829e+07   171%  41.6  156s
H 7164  6598                    -1.46010e+07 2.0829e+07   243%  41.6  156s
H 7165  6598                    -1.25992e+07 2.0829e+07   265%  41.6  156s
H 7167  6584                    1.688435e+07 2.0829e+07  23.4%  41.6  156s
H 7260  6539                    1.688446e+07 2.0829e+07  23.4%  41.4  160s
  8172  7844 2.0814e+07  153  376 1.6884e+07 2.0829e+07  23.4%  42.4  165s
H 8729  8151                    1.688447e+07 2.0829e+07  23.4%  41.5  168s
H 8947  8151                    1.692544e+07 2.0829e+07  23.1%  41.4  168s
  8988  8682 2.0813e+07  173  374 1.6925e+07 2.0829e+07  23.1%  41.4  171s
H10104  9696                    1.692547e+07 2.0829e+07  23.1%  40.4  175s
H11121 10416                    2.067105e+07 2.0829e+07  0.77%  40.0  181s
 12068 11662 2.0808e+07  220  355 2.0671e+07 2.0829e+07  0.77%  39.6  186s
H12894 12153                    2.068316e+07 2.0829e+07  0.71%  39.1  189s
H13112 12153                    2.068351e+07 2.0829e+07  0.71%  39.1  189s
 13173 12828 2.0805e+07  247  352 2.0684e+07 2.0829e+07  0.71%  39.1  192s
 13848 13526 2.0801e+07  254  352 2.0684e+07 2.0829e+07  0.71%  38.6  195s
 14546 13948 2.0799e+07  264  338 2.0684e+07 2.0829e+07  0.71%  38.2  201s
H15250 14676                    2.068978e+07 2.0829e+07  0.67%  38.3  204s
H15342 14668                    2.069675e+07 2.0829e+07  0.64%  38.3  204s
H15479 14665                    2.070036e+07 2.0829e+07  0.62%  38.1  204s
 15702 15330 2.0797e+07  284  320 2.0700e+07 2.0829e+07  0.62%  37.9  209s
 16468 16164 2.0794e+07  293  316 2.0700e+07 2.0829e+07  0.62%  37.4  213s
H17307 16897                    2.070302e+07 2.0829e+07  0.61%  37.0  217s
H17322 16882                    2.070783e+07 2.0829e+07  0.59%  37.0  217s
H17536 16877                    2.070959e+07 2.0829e+07  0.58%  36.9  217s
H17609 16853                    2.071130e+07 2.0829e+07  0.57%  36.9  217s
H18063 16681                    2.073084e+07 2.0829e+07  0.48%  36.5  228s
H18063 16657                    2.073713e+07 2.0829e+07  0.44%  36.5  232s
H18063 15832                    2.074207e+07 2.0829e+07  0.42%  36.5  233s
H18063 15832                    2.074409e+07 2.0829e+07  0.41%  36.5  233s
H18063 15832                    2.074457e+07 2.0829e+07  0.41%  36.5  234s
H18063 15818                    2.074869e+07 2.0829e+07  0.39%  36.5  235s
H18063 14398                    2.076801e+07 2.0829e+07  0.30%  36.5  236s
H18063 14249                    2.077055e+07 2.0829e+07  0.28%  36.5  240s
 18064 14109 2.0825e+07   28  463 2.0771e+07 2.0829e+07  0.28%  36.5  258s
H18065 13404                    2.077270e+07 2.0829e+07  0.27%  36.5  336s
H18065 12734                    2.077472e+07 2.0829e+07  0.26%  36.5  336s
H18065 12097                    2.077593e+07 2.0829e+07  0.26%  36.5  336s
H18065 11492                    2.077672e+07 2.0829e+07  0.25%  36.5  336s
H18065 10918                    2.077796e+07 2.0829e+07  0.25%  36.5  336s

Cutting planes:
  Gomory: 17
  Cover: 13
  Implied bound: 124
  MIR: 534
  Flow cover: 368
  RLT: 2
  Relax-and-lift: 268

Explored 18065 nodes (775130 simplex iterations) in 337.23 seconds (376.46 work units)
Thread count was 48 (of 192 available processors)

Solution count 10: 2.0778e+07 2.0778e+07 2.07767e+07 ... 2.07446e+07

Optimal solution found (tolerance 2.00e-03)
Warning: max constraint violation (4.4795e-06) exceeds tolerance
Best objective 2.077796019169e+07, best bound 2.081644736159e+07, gap 0.1852%
Deleted nodefile directory: /scratch-local/lbeemster.22273240/gurobi_failed_NORNE_ERB_sub30.0_run0
Saved model snapshot to study_case_model/figures/failure_experiment/run_27426/maxh2_NORNE_ERB/sub30.0/run0/model_snapshot.pkl
Model with original objective value 20777960.191691454 and penalty 0.0
Finished successfully!
