Gurobi shell based on Python 3.13.1 can be launched with command `gurobi.sh`
Gurobi Python Interface can be loaded in Python 3.13.1 with 'import gurobipy'
/var/spool/slurm/slurmd/job22273043/slurm_script: line 25: activate: No such file or directory
Renamed nodes according to mapping.
Nodes after renaming: ['NORNE/HEIDRUN T', 'KARSTO', 'ZEEPIPE-SCP', 'ZEEBRUGGE', 'GJØA-T', 'NORNE_ERB', 'NORPIPE Y', 'B-11', 'OSEBERG D', 'HEIMDAL HRP', 'SLEIPNER R', 'DRAUPNER_S', 'H-7_BP', 'EMDEN', 'ST.FERGUS', 'KOLLSNES', 'DORNUM', 'EUROPIPE-SCP', 'DUNKERQUE', 'VISUND T', 'VISUND', 'NYHAMNA', 'EASINGTON', 'GJOA', 'AASTA HANSTEEN PLEM']
Edges after renaming: [('NORNE/HEIDRUN T', 'KARSTO'), ('KARSTO', 'DRAUPNER_S'), ('KARSTO', 'DORNUM'), ('ZEEPIPE-SCP', 'ZEEBRUGGE'), ('GJØA-T', 'KARSTO'), ('NORNE_ERB', 'NORNE/HEIDRUN T'), ('NORPIPE Y', 'B-11'), ('B-11', 'H-7_BP'), ('OSEBERG D', 'HEIMDAL HRP'), ('HEIMDAL HRP', 'DRAUPNER_S'), ('HEIMDAL HRP', 'ST.FERGUS'), ('SLEIPNER R', 'ZEEPIPE-SCP'), ('SLEIPNER R', 'DRAUPNER_S'), ('SLEIPNER R', 'EASINGTON'), ('DRAUPNER_S', 'EUROPIPE-SCP'), ('DRAUPNER_S', 'DUNKERQUE'), ('DRAUPNER_S', 'NORPIPE Y'), ('H-7_BP', 'EMDEN'), ('KOLLSNES', 'SLEIPNER R'), ('KOLLSNES', 'DRAUPNER_S'), ('EUROPIPE-SCP', 'DORNUM'), ('VISUND T', 'KOLLSNES'), ('VISUND', 'VISUND T'), ('NYHAMNA', 'SLEIPNER R'), ('GJOA', 'GJØA-T'), ('AASTA HANSTEEN PLEM', 'NYHAMNA')]
{'location': nan, 'location_id': 'None', 'type': 'edge', 'pipName': '42" Gas DRAUPNER E, DUNKERQUE', 'idPipeline': 326374.0, 'mapLabel': 'Franpipe', 'belongs_to': 'GASSLED', 'curOperNam': 'Gassco AS', 'curPhase': 'IN SERVICE', 'curPhDate': Timestamp('1998-07-01 00:00:00'), 'fromFacili': 'DRAUPNER E', 'toFacility': 'DUNKERQUE', 'mainGrp': 'Transportation', 'dimension': 42.0, 'WaterDepth': 85.0, 'medium': 'Gas', 'idBelongTo': 2252643.0, 'idFrmFacil': 278357.0, 'idToFacili': 286757.0, 'idOperator': 1944954.0, 'dtUpdated': Timestamp('2025-01-31 00:00:00'), 'FactUrl': 'https://factpages.sodir.no/tuf/pageview/pipeline/all/326374', 'MapUrl': 'https://factmaps.sodir.no/map/redirect/pipLine.ashx?id=326374', 'weight': 8.026701378841642, 'from_node': '(2.469755817142857, 58.19028833)', 'to_node': '(2.252709, 51.046406)', 'max_flow': 0, 'node_type': nan, 'base_booking_cost': nan, 'supplier': nan, 'supply_capacity': nan, 'generation_cost': nan, 'component_ratio': nan, 'compression_increase': nan, 'compression_constants': nan, 'average_market_price': nan, 'long_term_price_std': nan, 'day_ahead_price_std': nan, 'average_demand_mwh_x1000': nan, 'demand_variance': nan, 'max_fractions': nan, 'min_outlet_pressure': nan, 'supplier_ratios': nan, 'weymouth_constant': 0.26473903460176296, 'max_inlet_pressure': 150.0, 'pressure_cost': 100.0, 'max_pipe_fractions': [{'NG': 1, 'CO2': 1, 'H2': 0.2}], 'geometry': <LINESTRING (2.47 58.19, 2.253 51.046)>}
Solving model:, failed_DRAUPNER_S_to_DUNKERQUE, sub30.0, run0
Read LP format model from file /scratch-local/lbeemster.22273043/tmpqjpis7fz.pyomo.lp
Reading time = 0.96 seconds
x1: 178177 rows, 50626 columns, 1016640 nonzeros
Set parameter OutputFlag to value 1
Set parameter MIPGap to value 0.002
Set parameter Threads to value 48
Set parameter Presolve to value 1
Set parameter Cuts to value 1
Set parameter NodefileStart to value 1
Set parameter NodefileDir to value "/scratch-local/lbeemster.22273043/gurobi_failed_DRAUPNER_S_to_DUNKERQUE_sub30.0_run0"
Set parameter MemLimit to value 60
Gurobi Optimizer version 12.0.3 build v12.0.3rc0 (linux64 - "Red Hat Enterprise Linux 9.6 (Plow)")

CPU model: AMD EPYC 9654 96-Core Processor, instruction set [SSE2|AVX|AVX2|AVX512]
Thread count: 192 physical cores, 192 logical processors, using up to 48 threads

Non-default parameters:
MemLimit  60
MIPGap  0.002
NodefileStart  1
Cuts  1
Presolve  1
Threads  48

Academic license 2514514 - for non-commercial use only - registered to l.___@student.vu.nl
Optimize a model with 178177 rows, 50626 columns and 1016640 nonzeros
Model fingerprint: 0x1a83f119
Variable types: 40002 continuous, 10624 integer (10624 binary)
Coefficient statistics:
  Matrix range     [6e-05, 1e+05]
  Objective range  [2e+00, 3e+04]
  Bounds range     [1e+00, 1e+00]
  RHS range        [3e-01, 2e+05]
Presolve removed 43137 rows and 27615 columns
Presolve time: 1.06s
Presolved: 135040 rows, 23011 columns, 699786 nonzeros
Variable types: 17827 continuous, 5184 integer (5184 binary)
Found heuristic solution: objective -5.61446e+09

Deterministic concurrent LP optimizer: primal simplex, dual simplex, and barrier
Showing barrier log only...

Root relaxation presolved: 22233 rows, 156832 columns, 722100 nonzeros

Root barrier log...

Ordering time: 0.04s

Barrier statistics:
 Free vars  : 1856
 AA' NZ     : 5.227e+05
 Factor NZ  : 1.267e+06 (roughly 80 MB of memory)
 Factor Ops : 1.013e+08 (less than 1 second per iteration)
 Threads    : 46

                  Objective                Residual
Iter       Primal          Dual         Primal    Dual     Compl     Time
   0   2.17983748e+12 -3.64423007e+09  7.76e+06 4.14e+02  5.51e+08     3s
   1   1.96810450e+12 -5.83332314e+09  2.28e+06 1.19e+04  2.68e+08     3s
   2   2.10783179e+12 -7.16680496e+09  4.24e+05 4.19e+03  9.98e+07     3s
   3   1.11175409e+12 -7.59422337e+09  5.94e+03 3.02e+02  1.20e+07     3s
   4   5.06714411e+11 -6.40795418e+09  2.10e+03 1.16e+02  4.73e+06     3s
   5   4.11889679e+11 -6.07754825e+09  1.66e+03 1.11e+02  4.00e+06     3s
   6   1.48143136e+11 -4.50105351e+09  4.64e+02 5.23e+01  1.48e+06     3s
   7   7.89040772e+10 -4.05842202e+09  2.24e+02 2.46e+01  7.34e+05     4s
   8   5.03762985e+10 -3.77516699e+09  1.38e+02 8.29e+00  3.95e+05     4s
   9   1.46992225e+10 -3.70920050e+09  4.14e+01 3.86e+00  1.36e+05     4s
  10   3.23994818e+09 -3.65830284e+09  1.26e+01 8.00e-01  4.51e+04     4s
  11   1.44778560e+08 -3.65312723e+09  6.73e+00 5.55e-01  2.51e+04     4s
  12  -1.24084745e+09 -3.64659537e+09  4.13e+00 3.04e-01  1.55e+04     4s
  13  -2.66469249e+09 -3.64005925e+09  1.52e+00 5.21e-02  5.91e+03     4s
  14  -3.22381473e+09 -3.63792858e+09  6.15e-01 2.41e-02  2.50e+03     4s
  15  -3.41703442e+09 -3.63470416e+09  3.12e-01 8.01e-03  1.30e+03     4s
  16  -3.52421893e+09 -3.63055697e+09  1.46e-01 4.85e-03  6.30e+02     4s
  17  -3.58623706e+09 -3.62693074e+09  4.89e-02 2.19e-02  2.40e+02     4s
  18  -3.60143336e+09 -3.62548978e+09  2.75e-02 1.45e-02  1.42e+02     4s
  19  -3.60842269e+09 -3.62523002e+09  1.89e-02 1.07e-02  9.92e+01     4s
  20  -3.61466347e+09 -3.62474299e+09  1.08e-02 7.50e-03  5.95e+01     4s
  21  -3.61770934e+09 -3.62435656e+09  6.87e-03 5.02e-03  3.92e+01     4s
  22  -3.61978596e+09 -3.62384745e+09  4.26e-03 1.87e-03  2.39e+01     4s
  23  -3.62060105e+09 -3.62372264e+09  3.26e-03 1.34e-03  1.84e+01     4s
  24  -3.62188454e+09 -3.62364757e+09  1.72e-03 9.83e-04  1.04e+01     4s
  25  -3.62283224e+09 -3.62356722e+09  6.17e-04 6.80e-04  4.33e+00     4s
  26  -3.62318448e+09 -3.62351615e+09  2.54e-04 4.32e-04  1.95e+00     4s
  27  -3.62325588e+09 -3.62349688e+09  1.86e-04 2.69e-04  1.42e+00     5s
  28  -3.62333942e+09 -3.62346707e+09  9.21e-05 3.91e-04  7.51e-01     5s
  29  -3.62337587e+09 -3.62343896e+09  4.45e-05 3.79e-04  3.71e-01     5s
  30  -3.62338902e+09 -3.62343118e+09  3.09e-05 3.66e-04  2.48e-01     5s
  31  -3.62340589e+09 -3.62342597e+09  1.41e-05 4.36e-04  1.18e-01     5s
  32  -3.62341268e+09 -3.62342328e+09  7.60e-06 4.03e-04  6.23e-02     5s
  33  -3.62341747e+09 -3.62342191e+09  3.16e-06 1.23e-04  2.61e-02     5s

Barrier performed 33 iterations in 5.33 seconds (5.01 work units)
Barrier solve interrupted - model solved by another algorithm

Concurrent spin time: 0.10s

Solved with primal simplex

Root relaxation: objective -3.623421e+09, 22047 iterations, 2.73 seconds (1.90 work units)

    Nodes    |    Current Node    |     Objective Bounds      |     Work
 Expl Unexpl |  Obj  Depth IntInf | Incumbent    BestBd   Gap | It/Node Time

     0     0 -3.623e+09    0  356 -5.614e+09 -3.623e+09  35.5%     -    6s
H    0     0                    -3.99976e+09 -3.623e+09  9.41%     -    8s
     0     0 -3.623e+09    0  503 -4.000e+09 -3.623e+09  9.41%     -    8s
H    0     0                    -3.99703e+09 -3.623e+09  9.35%     -    9s
     0     0 -3.623e+09    0  521 -3.997e+09 -3.623e+09  9.35%     -   10s
H    0     0                    -3.92048e+09 -3.623e+09  7.58%     -   12s
     0     0 -3.623e+09    0  425 -3.920e+09 -3.623e+09  7.58%     -   12s
     0     0 -3.623e+09    0  429 -3.920e+09 -3.623e+09  7.58%     -   13s
H    0     0                    -3.85530e+09 -3.623e+09  6.01%     -   16s
     0     0 -3.623e+09    0  447 -3.855e+09 -3.623e+09  6.01%     -   16s
H    0     0                    -3.84562e+09 -3.623e+09  5.78%     -   17s
     0     0 -3.623e+09    0  465 -3.846e+09 -3.623e+09  5.78%     -   17s
     0     0 -3.623e+09    0  470 -3.846e+09 -3.623e+09  5.78%     -   18s
H    0     0                    -3.71665e+09 -3.623e+09  2.51%     -   20s
     0     0 -3.624e+09    0  427 -3.717e+09 -3.624e+09  2.51%     -   20s
H    0     0                    -3.71665e+09 -3.624e+09  2.51%     -   21s
     0     0 -3.624e+09    0  446 -3.717e+09 -3.624e+09  2.51%     -   21s
H    0     0                    -3.70534e+09 -3.624e+09  2.21%     -   23s
     0     0 -3.624e+09    0  423 -3.705e+09 -3.624e+09  2.21%     -   23s
     0     0 -3.624e+09    0  389 -3.705e+09 -3.624e+09  2.21%     -   27s
     0     2 -3.624e+09    0  383 -3.705e+09 -3.624e+09  2.21%     -   31s
    63   112 -3.624e+09    6  418 -3.705e+09 -3.624e+09  2.21%   160   35s
H   69   112                    -3.64729e+09 -3.624e+09  0.65%   148   35s
H  425   560                    -3.64729e+09 -3.624e+09  0.65%  88.4   40s
H  441   560                    -3.64729e+09 -3.624e+09  0.65%  87.1   40s
H  462   560                    -3.63940e+09 -3.624e+09  0.44%  87.5   40s
   988  2274 -3.624e+09   19  347 -3.639e+09 -3.624e+09  0.44%   134   47s
H 2384  2909                    -3.63153e+09 -3.624e+09  0.22%  74.4   56s
H 2384  2909                    -3.63149e+09 -3.624e+09  0.22%  74.4   56s
H 2467  2909                    -3.62399e+09 -3.624e+09  0.01%  73.2   56s
H 2511  2909                    -3.62396e+09 -3.624e+09  0.01%  72.7   56s
H 2572  2909                    -3.62392e+09 -3.624e+09  0.01%  71.9   56s
H 2735  2909                    -3.62390e+09 -3.624e+09  0.01%  70.0   56s
H 2761  2909                    -3.62389e+09 -3.624e+09  0.01%  69.7   56s
H 2862  2909                    -3.62386e+09 -3.624e+09  0.01%  68.7   56s

Cutting planes:
  Gomory: 15
  Implied bound: 2036
  MIR: 577
  Flow cover: 1142
  RLT: 1
  Relax-and-lift: 63

Explored 3021 nodes (238470 simplex iterations) in 56.99 seconds (63.91 work units)
Thread count was 48 (of 192 available processors)

Solution count 10: -3.62386e+09 -3.62386e+09 -3.62389e+09 ... -3.6394e+09

Optimal solution found (tolerance 2.00e-03)
Warning: max constraint violation (2.4064e-06) exceeds tolerance
Best objective -3.623859736882e+09, best bound -3.623516437952e+09, gap 0.0095%
Deleted nodefile directory: /scratch-local/lbeemster.22273043/gurobi_failed_DRAUPNER_S_to_DUNKERQUE_sub30.0_run0
Saved model snapshot to study_case_model/figures/failure_experiment/run_27426/maxh2_DRAUPNER_S_to_DUNKERQUE/sub30.0/run0/model_snapshot.pkl
Model with original objective value 20264163.565811396 and penalty 3644123900.4475503
Finished successfully!
