Gurobi shell based on Python 3.13.1 can be launched with command `gurobi.sh`
Gurobi Python Interface can be loaded in Python 3.13.1 with 'import gurobipy'
/var/spool/slurm/slurmd/job22275300/slurm_script: line 25: activate: No such file or directory
Renamed nodes according to mapping.
Nodes after renaming: ['NORNE/HEIDRUN T', 'KARSTO', 'ZEEPIPE-SCP', 'ZEEBRUGGE', 'GJØA-T', 'NORNE_ERB', 'NORPIPE Y', 'B-11', 'OSEBERG D', 'HEIMDAL HRP', 'SLEIPNER R', 'DRAUPNER_S', 'H-7_BP', 'EMDEN', 'ST.FERGUS', 'KOLLSNES', 'DORNUM', 'EUROPIPE-SCP', 'DUNKERQUE', 'VISUND T', 'VISUND', 'NYHAMNA', 'EASINGTON', 'GJOA', 'AASTA HANSTEEN PLEM']
Edges after renaming: [('NORNE/HEIDRUN T', 'KARSTO'), ('KARSTO', 'DRAUPNER_S'), ('KARSTO', 'DORNUM'), ('ZEEPIPE-SCP', 'ZEEBRUGGE'), ('GJØA-T', 'KARSTO'), ('NORNE_ERB', 'NORNE/HEIDRUN T'), ('NORPIPE Y', 'B-11'), ('B-11', 'H-7_BP'), ('OSEBERG D', 'HEIMDAL HRP'), ('HEIMDAL HRP', 'DRAUPNER_S'), ('HEIMDAL HRP', 'ST.FERGUS'), ('SLEIPNER R', 'ZEEPIPE-SCP'), ('SLEIPNER R', 'DRAUPNER_S'), ('SLEIPNER R', 'EASINGTON'), ('DRAUPNER_S', 'EUROPIPE-SCP'), ('DRAUPNER_S', 'DUNKERQUE'), ('DRAUPNER_S', 'NORPIPE Y'), ('H-7_BP', 'EMDEN'), ('KOLLSNES', 'SLEIPNER R'), ('KOLLSNES', 'DRAUPNER_S'), ('EUROPIPE-SCP', 'DORNUM'), ('VISUND T', 'KOLLSNES'), ('VISUND', 'VISUND T'), ('NYHAMNA', 'SLEIPNER R'), ('GJOA', 'GJØA-T'), ('AASTA HANSTEEN PLEM', 'NYHAMNA')]
Solving model:, failed_GJOA, sub30.0, run2
Read LP format model from file /scratch-local/lbeemster.22275300/tmp7t8g13ie.pyomo.lp
Reading time = 0.63 seconds
x1: 178177 rows, 50626 columns, 1021888 nonzeros
Set parameter OutputFlag to value 1
Set parameter MIPGap to value 0.002
Set parameter Threads to value 48
Set parameter Presolve to value 1
Set parameter Cuts to value 1
Set parameter NodefileStart to value 1
Set parameter NodefileDir to value "/scratch-local/lbeemster.22275300/gurobi_failed_GJOA_sub30.0_run2"
Set parameter MemLimit to value 60
Gurobi Optimizer version 12.0.3 build v12.0.3rc0 (linux64 - "Red Hat Enterprise Linux 9.6 (Plow)")

CPU model: AMD EPYC 9654 96-Core Processor, instruction set [SSE2|AVX|AVX2|AVX512]
Thread count: 192 physical cores, 192 logical processors, using up to 48 threads

Non-default parameters:
MemLimit  60
MIPGap  0.002
NodefileStart  1
Cuts  1
Presolve  1
Threads  48

Academic license 2514514 - for non-commercial use only - registered to l.___@student.vu.nl
Optimize a model with 178177 rows, 50626 columns and 1021888 nonzeros
Model fingerprint: 0xb2e7dd73
Variable types: 40002 continuous, 10624 integer (10624 binary)
Coefficient statistics:
  Matrix range     [6e-05, 1e+05]
  Objective range  [1e-02, 3e+04]
  Bounds range     [1e+00, 1e+00]
  RHS range        [3e-01, 2e+05]
Presolve removed 48257 rows and 14431 columns
Presolve time: 1.46s
Presolved: 129920 rows, 36195 columns, 885315 nonzeros
Variable types: 27747 continuous, 8448 integer (8448 binary)
Found heuristic solution: objective -6.00395e+09

Deterministic concurrent LP optimizer: primal simplex, dual simplex, and barrier
Showing barrier log only...

Root barrier log...

Ordering time: 2.08s

Barrier statistics:
 AA' NZ     : 1.170e+07
 Factor NZ  : 1.310e+07 (roughly 170 MB of memory)
 Factor Ops : 2.013e+09 (less than 1 second per iteration)
 Threads    : 46

                  Objective                Residual
Iter       Primal          Dual         Primal    Dual     Compl     Time
   0  -1.25249799e+12  7.91819180e+13  5.15e+05 3.37e+04  9.93e+09     7s
   1  -9.59936455e+11  5.35251714e+13  3.11e+05 2.05e+05  4.67e+09     7s
   2  -2.20923945e+11  3.24847721e+13  7.06e+04 1.25e+03  1.07e+09     7s
   3  -2.08281825e+10  9.27469870e+12  5.02e+03 2.56e-07  1.06e+08     7s
   4  -1.05898502e+10  1.94504167e+12  1.70e+03 1.91e-07  2.70e+07     7s
   5  -4.81117833e+09  6.83154243e+11  3.81e+02 6.10e-08  6.70e+06     7s
   6  -1.76018563e+09  2.51224330e+11  1.06e+02 3.07e-08  2.01e+06     7s
   7  -8.90595053e+08  1.15171179e+11  4.57e+01 1.12e-08  8.64e+05     7s
   8  -5.17139788e+08  4.42182866e+10  1.44e+01 4.02e-09  3.07e+05     7s
   9  -3.38018629e+08  9.76807964e+09  2.25e+00 3.55e-09  6.18e+04     7s

Barrier performed 9 iterations in 7.15 seconds (5.32 work units)
Barrier solve interrupted - model solved by another algorithm

Concurrent spin time: 1.68s (can be avoided by choosing Method=3)

Solved with primal simplex

Root relaxation: objective -2.880510e+08, 50303 iterations, 3.91 seconds (2.39 work units)

    Nodes    |    Current Node    |     Objective Bounds      |     Work
 Expl Unexpl |  Obj  Depth IntInf | Incumbent    BestBd   Gap | It/Node Time

     0     0 -2.881e+08    0  540 -6.004e+09 -2.881e+08  95.2%     -    8s
H    0     0                    -5.98473e+09 -2.881e+08  95.2%     -   10s
     0     0 -2.881e+08    0  673 -5.985e+09 -2.881e+08  95.2%     -   12s
H    0     0                    -2.56573e+09 -2.881e+08  88.8%     -   14s
     0     0 -2.881e+08    0  727 -2.566e+09 -2.881e+08  88.8%     -   14s
     0     0 -2.881e+08    0  599 -2.566e+09 -2.881e+08  88.8%     -   16s
     0     0 -2.881e+08    0  626 -2.566e+09 -2.881e+08  88.8%     -   16s
     0     0 -2.881e+08    0  562 -2.566e+09 -2.881e+08  88.8%     -   19s
H    0     0                    -1.87937e+09 -2.881e+08  84.7%     -   20s
     0     0 -2.881e+08    0  574 -1.879e+09 -2.881e+08  84.7%     -   20s
     0     0 -2.881e+08    0  593 -1.879e+09 -2.881e+08  84.7%     -   21s
     0     0 -2.882e+08    0  550 -1.879e+09 -2.882e+08  84.7%     -   23s
     0     0 -2.882e+08    0  585 -1.879e+09 -2.882e+08  84.7%     -   24s
     0     0 -2.882e+08    0  592 -1.879e+09 -2.882e+08  84.7%     -   24s
     0     0 -2.882e+08    0  554 -1.879e+09 -2.882e+08  84.7%     -   26s
     0     0 -2.882e+08    0  583 -1.879e+09 -2.882e+08  84.7%     -   28s
     0     0 -2.882e+08    0  587 -1.879e+09 -2.882e+08  84.7%     -   28s
     0     0 -2.882e+08    0  533 -1.879e+09 -2.882e+08  84.7%     -   30s
     0     0 -2.882e+08    0  544 -1.879e+09 -2.882e+08  84.7%     -   30s
     0     0 -2.882e+08    0  563 -1.879e+09 -2.882e+08  84.7%     -   31s
     0     0 -2.882e+08    0  562 -1.879e+09 -2.882e+08  84.7%     -   33s
H    0     0                    -1.62194e+09 -2.882e+08  82.2%     -   34s
     0     0 -2.882e+08    0  588 -1.622e+09 -2.882e+08  82.2%     -   34s
     0     0 -2.882e+08    0  612 -1.622e+09 -2.882e+08  82.2%     -   34s
     0     0 -2.882e+08    0  560 -1.622e+09 -2.882e+08  82.2%     -   35s
     0     0 -2.882e+08    0  579 -1.622e+09 -2.882e+08  82.2%     -   36s
     0     0 -2.882e+08    0  563 -1.622e+09 -2.882e+08  82.2%     -   38s
H    0     0                    -1.40671e+09 -2.882e+08  79.5%     -   39s
     0     0 -2.882e+08    0  581 -1.407e+09 -2.882e+08  79.5%     -   40s
     0     0 -2.882e+08    0  595 -1.407e+09 -2.882e+08  79.5%     -   40s
     0     0 -2.882e+08    0  577 -1.407e+09 -2.882e+08  79.5%     -   42s
     0     0 -2.882e+08    0  583 -1.407e+09 -2.882e+08  79.5%     -   42s
     0     0 -2.882e+08    0  593 -1.407e+09 -2.882e+08  79.5%     -   43s
     0     0 -2.882e+08    0  574 -1.407e+09 -2.882e+08  79.5%     -   48s
H    0     0                    -1.29093e+09 -2.882e+08  77.7%     -   52s
H    0     0                    -1.05703e+09 -2.882e+08  72.7%     -   59s
H    0     0                    -9.22811e+08 -2.882e+08  68.8%     -   69s
H    0     0                    -9.08970e+08 -2.882e+08  68.3%     -   70s
H    0     0                    -8.84615e+08 -2.882e+08  67.4%     -   71s
H    0     0                    -8.47944e+08 -2.882e+08  66.0%     -   73s
H    0     0                    -8.45141e+08 -2.882e+08  65.9%     -   73s
H    0     0                    -8.33744e+08 -2.882e+08  65.4%     -   73s
     0     2 -2.882e+08    0  574 -8.337e+08 -2.882e+08  65.4%     -   77s
   111   184 -2.882e+08    7  591 -8.337e+08 -2.882e+08  65.4%   124   80s
H  233   438                    -8.33744e+08 -2.882e+08  65.4%  88.1   82s
   730  1106 -2.882e+08   13  578 -8.337e+08 -2.882e+08  65.4%  60.5   86s
  1105  1458 -2.882e+08   20  565 -8.337e+08 -2.882e+08  65.4%  54.0   93s
H 1106  1458                    -7.62690e+08 -2.882e+08  62.2%  54.0   93s
H 1109  1458                    -6.65873e+08 -2.882e+08  56.7%  54.0   93s
H 1457  1506                    -6.65873e+08 -2.882e+08  56.7%  50.0  109s
  1505  3690 -2.882e+08   21  562 -6.659e+08 -2.882e+08  56.7%  50.1  119s
  3689  6933 -2.882e+08   57  523 -6.659e+08 -2.882e+08  56.7%  45.6  134s
H 3746  6933                    -6.65873e+08 -2.882e+08  56.7%  45.9  134s
H 3938  6933                    -5.62148e+08 -2.882e+08  48.7%  46.0  134s
  6936  9066 -2.882e+08  104  495 -5.621e+08 -2.882e+08  48.7%  44.5  149s
H 8839  9066                    -5.62032e+08 -2.882e+08  48.7%  49.2  149s
  9159 12683 -2.882e+08  140  440 -5.620e+08 -2.882e+08  48.7%  49.4  162s
H12807 13850                    -5.54549e+08 -2.882e+08  48.0%  46.4  175s
H12965 13552                    -5.44355e+08 -2.882e+08  47.1%  46.3  175s
H13003 13065                    -5.10793e+08 -2.882e+08  43.6%  46.2  175s
H13027 12969                    -4.64920e+08 -2.882e+08  38.0%  46.2  175s
H13084 12927                    -4.52148e+08 -2.882e+08  36.3%  46.1  175s
H13103 12927                    -4.51127e+08 -2.882e+08  36.1%  46.1  175s
 14412 12428 -2.882e+08  225  364 -4.511e+08 -2.882e+08  36.1%  44.3  194s
H14510 12461                    -4.51118e+08 -2.882e+08  36.1%  44.2  212s
H14511 12454                    -4.45984e+08 -2.882e+08  35.4%  44.2  212s
H14515 12347                    -4.35896e+08 -2.882e+08  33.9%  44.2  212s
H14517 11836                    -3.97687e+08 -2.882e+08  27.5%  44.2  212s
H14519 11482                    -3.77331e+08 -2.882e+08  23.6%  44.2  212s
H14527 11479                    -3.72261e+08 -2.882e+08  22.6%  44.3  212s
 14558 14497 -2.882e+08  226  364 -3.723e+08 -2.882e+08  22.6%  44.4  226s
H17621 16850                    -3.67126e+08 -2.882e+08  21.5%  47.3  238s
H18536 16850                    -3.67125e+08 -2.882e+08  21.5%  46.5  238s
H18783 16850                    -3.67124e+08 -2.882e+08  21.5%  46.4  238s
H19460 16850                    -3.67120e+08 -2.882e+08  21.5%  46.9  238s
H20124 16850                    -3.67119e+08 -2.882e+08  21.5%  47.2  238s
H20232 14619                    -3.26021e+08 -2.882e+08  11.6%  47.2  269s
H20232 12219                    -2.88590e+08 -2.882e+08  0.14%  47.2  270s

Cutting planes:
  Implied bound: 3648
  MIR: 545
  Flow cover: 984
  RLT: 4
  Relax-and-lift: 72

Explored 20232 nodes (1036871 simplex iterations) in 278.66 seconds (351.25 work units)
Thread count was 48 (of 192 available processors)

Solution count 10: -2.8859e+08 -2.8859e+08 -3.26021e+08 ... -3.77331e+08

Optimal solution found (tolerance 2.00e-03)
Warning: max constraint violation (1.5105e-06) exceeds tolerance
Best objective -2.885895286799e+08, best bound -2.881825083980e+08, gap 0.1410%
Deleted nodefile directory: /scratch-local/lbeemster.22275300/gurobi_failed_GJOA_sub30.0_run2
Saved model snapshot to study_case_model/figures/failure_experiment/run_27426/maxh2_GJOA/sub30.0/run2/model_snapshot.pkl
Model with original objective value 17797113.543361098 and penalty 306386642.2232301
Finished successfully!
