Gurobi shell based on Python 3.13.1 can be launched with command `gurobi.sh`
Gurobi Python Interface can be loaded in Python 3.13.1 with 'import gurobipy'
/var/spool/slurm/slurmd/job22275090/slurm_script: line 25: activate: No such file or directory
Renamed nodes according to mapping.
Nodes after renaming: ['NORNE/HEIDRUN T', 'KARSTO', 'ZEEPIPE-SCP', 'ZEEBRUGGE', 'GJØA-T', 'NORNE_ERB', 'NORPIPE Y', 'B-11', 'OSEBERG D', 'HEIMDAL HRP', 'SLEIPNER R', 'DRAUPNER_S', 'H-7_BP', 'EMDEN', 'ST.FERGUS', 'KOLLSNES', 'DORNUM', 'EUROPIPE-SCP', 'DUNKERQUE', 'VISUND T', 'VISUND', 'NYHAMNA', 'EASINGTON', 'GJOA', 'AASTA HANSTEEN PLEM']
Edges after renaming: [('NORNE/HEIDRUN T', 'KARSTO'), ('KARSTO', 'DRAUPNER_S'), ('KARSTO', 'DORNUM'), ('ZEEPIPE-SCP', 'ZEEBRUGGE'), ('GJØA-T', 'KARSTO'), ('NORNE_ERB', 'NORNE/HEIDRUN T'), ('NORPIPE Y', 'B-11'), ('B-11', 'H-7_BP'), ('OSEBERG D', 'HEIMDAL HRP'), ('HEIMDAL HRP', 'DRAUPNER_S'), ('HEIMDAL HRP', 'ST.FERGUS'), ('SLEIPNER R', 'ZEEPIPE-SCP'), ('SLEIPNER R', 'DRAUPNER_S'), ('SLEIPNER R', 'EASINGTON'), ('DRAUPNER_S', 'EUROPIPE-SCP'), ('DRAUPNER_S', 'DUNKERQUE'), ('DRAUPNER_S', 'NORPIPE Y'), ('H-7_BP', 'EMDEN'), ('KOLLSNES', 'SLEIPNER R'), ('KOLLSNES', 'DRAUPNER_S'), ('EUROPIPE-SCP', 'DORNUM'), ('VISUND T', 'KOLLSNES'), ('VISUND', 'VISUND T'), ('NYHAMNA', 'SLEIPNER R'), ('GJOA', 'GJØA-T'), ('AASTA HANSTEEN PLEM', 'NYHAMNA')]
Solving model:, failed_NORNE_ERB, sub0.0, run2
Read LP format model from file /scratch-local/lbeemster.22275090/tmpdj2u9q0e.pyomo.lp
Reading time = 0.64 seconds
x1: 178177 rows, 50626 columns, 1021888 nonzeros
Set parameter OutputFlag to value 1
Set parameter MIPGap to value 0.002
Set parameter Threads to value 48
Set parameter Presolve to value 1
Set parameter Cuts to value 1
Set parameter NodefileStart to value 1
Set parameter NodefileDir to value "/scratch-local/lbeemster.22275090/gurobi_failed_NORNE_ERB_sub0.0_run2"
Set parameter MemLimit to value 60
Gurobi Optimizer version 12.0.3 build v12.0.3rc0 (linux64 - "Red Hat Enterprise Linux 9.6 (Plow)")

CPU model: AMD EPYC 9654 96-Core Processor, instruction set [SSE2|AVX|AVX2|AVX512]
Thread count: 192 physical cores, 192 logical processors, using up to 48 threads

Non-default parameters:
MemLimit  60
MIPGap  0.002
NodefileStart  1
Cuts  1
Presolve  1
Threads  48

Academic license 2514514 - for non-commercial use only - registered to l.___@student.vu.nl
Optimize a model with 178177 rows, 50626 columns and 1021888 nonzeros
Model fingerprint: 0x41817b7e
Variable types: 40002 continuous, 10624 integer (10624 binary)
Coefficient statistics:
  Matrix range     [6e-05, 1e+05]
  Objective range  [2e+00, 3e+04]
  Bounds range     [1e+00, 1e+00]
  RHS range        [1e+00, 2e+05]
Presolve removed 38593 rows and 14367 columns
Presolve time: 1.51s
Presolved: 139584 rows, 36259 columns, 932475 nonzeros
Variable types: 27811 continuous, 8448 integer (8448 binary)
Found heuristic solution: objective -4.36164e+09

Deterministic concurrent LP optimizer: primal simplex, dual simplex, and barrier
Showing barrier log only...

Root barrier log...

Ordering time: 2.54s

Barrier statistics:
 AA' NZ     : 1.266e+07
 Factor NZ  : 1.410e+07 (roughly 200 MB of memory)
 Factor Ops : 2.126e+09 (less than 1 second per iteration)
 Threads    : 46

                  Objective                Residual
Iter       Primal          Dual         Primal    Dual     Compl     Time
   0  -2.89807490e+12  1.61211969e+14  2.97e+05 2.19e+04  1.68e+10     7s
   1  -1.77659686e+12  1.03832647e+14  1.55e+05 3.14e+05  7.24e+09     7s
   2  -3.90700274e+11  6.80450263e+13  3.26e+04 1.77e+04  1.59e+09     7s
   3  -7.04687803e+10  1.85561833e+13  4.88e+03 2.79e+01  2.52e+08     7s
   4  -2.31850094e+10  6.36950480e+12  1.11e+03 9.09e-07  6.33e+07     7s
   5  -9.53632693e+09  2.46688213e+12  2.07e+02 2.27e-07  1.72e+07     7s
   6  -5.85477429e+09  7.06872051e+11  5.60e+01 5.91e-08  4.53e+06     7s
   7  -3.20292424e+09  3.99948960e+11  2.97e+01 3.80e-08  2.47e+06     8s
   8  -1.18046984e+09  3.34006805e+11  1.44e+01 2.70e-08  1.89e+06     8s
   9  -2.60974761e+08  7.46141070e+10  1.86e+00 1.05e-08  4.00e+05     8s
  10  -3.02458008e+07  2.55488054e+10  2.26e-01 4.77e-09  1.31e+05     8s
  11   1.68388395e+06  1.11271794e+10  2.42e-02 3.04e-09  5.62e+04     8s
  12   6.14190906e+06  1.10961869e+09  5.46e-05 1.75e-09  5.56e+03     8s
  13   7.18338892e+06  3.57636345e+08  2.70e-05 1.14e-09  1.76e+03     8s
  14   9.27500596e+06  1.81169444e+08  1.39e-05 5.66e-10  8.66e+02     8s
  15   1.16590690e+07  1.47605147e+08  6.51e-06 4.27e-10  6.85e+02     8s
  16   1.57040165e+07  9.04177915e+07  2.11e-06 6.98e-10  3.76e+02     8s
  17   1.84651307e+07  4.83607428e+07  1.06e-06 4.66e-10  1.51e+02     8s
  18   1.97568026e+07  3.58673575e+07  7.00e-07 4.66e-10  8.11e+01     8s

Barrier performed 18 iterations in 8.21 seconds (6.56 work units)
Barrier solve interrupted - model solved by another algorithm

Concurrent spin time: 1.29s (can be avoided by choosing Method=3)

Solved with dual simplex

Root relaxation: objective 2.111798e+07, 44770 iterations, 5.05 seconds (3.55 work units)

    Nodes    |    Current Node    |     Objective Bounds      |     Work
 Expl Unexpl |  Obj  Depth IntInf | Incumbent    BestBd   Gap | It/Node Time

     0     0 2.1118e+07    0  492 -4.362e+09 2.1118e+07   100%     -    9s
H    0     0                    -1.42120e+09 2.1118e+07   101%     -   10s
     0     0 2.1069e+07    0  581 -1.421e+09 2.1069e+07   101%     -   14s
H    0     0                    -9.77861e+08 2.1069e+07   102%     -   15s
     0     0 2.1069e+07    0  628 -9.779e+08 2.1069e+07   102%     -   15s
     0     0 2.1069e+07    0  633 -9.779e+08 2.1069e+07   102%     -   15s
     0     0 2.1044e+07    0  541 -9.779e+08 2.1044e+07   102%     -   18s
     0     0 2.1044e+07    0  551 -9.779e+08 2.1044e+07   102%     -   19s
     0     0 2.1024e+07    0  513 -9.779e+08 2.1024e+07   102%     -   22s
     0     0 2.1023e+07    0  527 -9.779e+08 2.1023e+07   102%     -   23s
     0     0 2.1023e+07    0  546 -9.779e+08 2.1023e+07   102%     -   23s
     0     0 2.1017e+07    0  495 -9.779e+08 2.1017e+07   102%     -   26s
H    0     0                    -8.69818e+08 2.1017e+07   102%     -   27s
     0     0 2.1017e+07    0  502 -8.698e+08 2.1017e+07   102%     -   27s
     0     0 2.1017e+07    0  504 -8.698e+08 2.1017e+07   102%     -   27s
     0     0 2.1010e+07    0  467 -8.698e+08 2.1010e+07   102%     -   30s
     0     0 2.1009e+07    0  480 -8.698e+08 2.1009e+07   102%     -   31s
     0     0 2.1009e+07    0  488 -8.698e+08 2.1009e+07   102%     -   31s
     0     0 2.1009e+07    0  492 -8.698e+08 2.1009e+07   102%     -   31s
     0     0 2.1003e+07    0  472 -8.698e+08 2.1003e+07   102%     -   34s
H    0     0                    -6.27000e+08 2.1003e+07   103%     -   35s
     0     0 2.1002e+07    0  482 -6.270e+08 2.1002e+07   103%     -   35s
     0     0 2.1002e+07    0  494 -6.270e+08 2.1002e+07   103%     -   35s
     0     0 2.1002e+07    0  500 -6.270e+08 2.1002e+07   103%     -   36s
     0     0 2.0999e+07    0  486 -6.270e+08 2.0999e+07   103%     -   38s
     0     0 2.0999e+07    0  498 -6.270e+08 2.0999e+07   103%     -   39s
     0     0 2.0999e+07    0  501 -6.270e+08 2.0999e+07   103%     -   39s
     0     0 2.0997e+07    0  478 -6.270e+08 2.0997e+07   103%     -   41s
     0     0 2.0997e+07    0  499 -6.270e+08 2.0997e+07   103%     -   42s
     0     0 2.0996e+07    0  470 -6.270e+08 2.0996e+07   103%     -   43s
H    0     0                    -5.03718e+08 2.0996e+07   104%     -   45s
     0     0 2.0996e+07    0  476 -5.037e+08 2.0996e+07   104%     -   45s
     0     0 2.0996e+07    0  494 -5.037e+08 2.0996e+07   104%     -   45s
     0     0 2.0995e+07    0  487 -5.037e+08 2.0995e+07   104%     -   46s
     0     0 2.0995e+07    0  485 -5.037e+08 2.0995e+07   104%     -   46s
     0     0 2.0995e+07    0  477 -5.037e+08 2.0995e+07   104%     -   47s
     0     0 2.0995e+07    0  481 -5.037e+08 2.0995e+07   104%     -   48s
     0     0 2.0994e+07    0  470 -5.037e+08 2.0994e+07   104%     -   50s
     0     0 2.0994e+07    0  470 -5.037e+08 2.0994e+07   104%     -   54s
H    0     0                    -4.85048e+08 2.0994e+07   104%     -   58s
H    0     0                    -4.62921e+08 2.0994e+07   105%     -   59s
H    0     0                    -4.10672e+08 2.0994e+07   105%     -   68s
H    0     0                    -3.27042e+08 2.0994e+07   106%     -   72s
H    0     0                    -2.78552e+08 2.0994e+07   108%     -   81s
H    0     0                    -2.64715e+08 2.0994e+07   108%     -   82s
H    0     0                    -2.54307e+08 2.0994e+07   108%     -   82s
H    0     0                    -2.33973e+08 2.0994e+07   109%     -   82s
H    0     0                    -2.33929e+08 2.0994e+07   109%     -   86s
     0     2 2.0994e+07    0  470 -2.339e+08 2.0994e+07   109%     -   88s
    31    64 2.0994e+07    5  485 -2.339e+08 2.0994e+07   109%   258   91s
H   78   112                    -2.08476e+08 2.0994e+07   110%   169   91s
   656   708 2.0993e+07   15  474 -2.085e+08 2.0994e+07   110%  67.3   96s
H 1264  1422                    -1.93011e+08 2.0994e+07   111%  52.4  101s
H 1649  1714                    -1.93010e+08 2.0994e+07   111%  47.1  103s
H 1675  1714                    -1.52094e+08 2.0994e+07   114%  46.9  103s
  2181  2394 2.0988e+07   39  438 -1.521e+08 2.0994e+07   114%  43.4  105s
H 2393  2442                    -1.52094e+08 2.0994e+07   114%  41.8  108s
  2640  2845 2.0990e+07   46  440 -1.521e+08 2.0994e+07   114%  40.7  110s
Created node file directory '/scratch-local/lbeemster.22275090/gurobi_failed_NORNE_ERB_sub0.0_run2/grbnodes0'
  3485  3545 2.0990e+07   61  431 -1.521e+08 2.0994e+07   114%  37.5  115s
H 3604  3704                    -1.50496e+08 2.0994e+07   114%  37.4  116s
H 3639  3704                    -1.24086e+08 2.0994e+07   117%  37.5  116s
  4357  4588 2.0988e+07   77  428 -1.241e+08 2.0994e+07   117%  37.5  120s
H 4902  5011                    -1.24086e+08 2.0994e+07   117%  37.5  122s
  5058  5107 2.0987e+07   87  428 -1.241e+08 2.0994e+07   117%  37.5  127s
  5106  5155 2.0986e+07   88  427 -1.241e+08 2.0994e+07   117%  37.7  138s
H 5134  5155                    -1.06308e+08 2.0994e+07   120%  38.1  138s
H 5135  5151                    -6.16275e+07 2.0994e+07   134%  38.1  138s
H 5216  5192                    -6.16275e+07 2.0994e+07   134%  38.3  139s
  5243  5330 2.0986e+07   91  428 -6.163e+07 2.0994e+07   134%  38.3  142s
  5387  5381 2.0983e+07   94  420 -6.163e+07 2.0994e+07   134%  38.5  146s
H 5439  5466                    -4.19065e+07 2.0994e+07   150%  38.4  148s
  5865  6169 2.0982e+07   99  421 -4.191e+07 2.0994e+07   150%  38.3  151s
  6610  6620 2.0981e+07  109  421 -4.191e+07 2.0994e+07   150%  37.7  156s
H 6644  6435                    -1.74322e+07 2.0994e+07   220%  37.7  156s
  7468  7584 2.0960e+07  116  410 -1.743e+07 2.0994e+07   220%  38.4  161s
H 7898  7657                    -161498.9349 2.0994e+07      -  38.3  164s
H 7943  7655                    4616265.9122 2.0994e+07   355%  38.4  164s
  8136  8048 2.0959e+07  126  396 4616265.91 2.0994e+07   355%  38.3  166s
  9061  9021 2.0959e+07  144  385 4616265.91 2.0994e+07   355%  37.8  170s
 10108  9924 2.0957e+07  164  347 4616265.91 2.0994e+07   355%  36.5  176s
H10254  9924                    6067598.1444 2.0994e+07   246%  36.4  176s
 10732 10768 2.0957e+07  168  345 6067598.14 2.0994e+07   246%  35.7  182s
 11977 12044 2.0953e+07  191  298 6067598.14 2.0994e+07   246%  33.9  187s
 12603 12373 2.0953e+07  201  297 6067598.14 2.0994e+07   246%  33.3  190s
H12622 12373                    6074996.5762 2.0994e+07   246%  33.3  190s
H12750 12373                    6087690.9804 2.0994e+07   245%  33.1  190s
 13600 13767 2.0952e+07  217  291 6087690.98 2.0994e+07   245%  32.3  196s
H15120 14585                    6087716.9938 2.0994e+07   245%  30.8  208s
H15122 14585                    6087716.9947 2.0994e+07   245%  30.8  208s
H15140 14550                    1.328394e+07 2.0994e+07  58.0%  30.8  208s
H15144 14550                    1.449017e+07 2.0994e+07  44.9%  30.8  208s
 15168 14590 2.0950e+07  245  277 1.4490e+07 2.0994e+07  44.9%  30.8  216s
H15169 14590                    1.686417e+07 2.0994e+07  24.5%  30.8  216s
H15176 14590                    1.687916e+07 2.0994e+07  24.4%  30.8  216s
H15179 14590                    1.923872e+07 2.0994e+07  9.12%  30.8  216s
 15222 15242 2.0950e+07  246  280 1.9239e+07 2.0994e+07  9.12%  30.8  220s
 16739 17006 2.0946e+07  282  269 1.9239e+07 2.0994e+07  9.12%  30.0  227s
H17652 17508                    2.045734e+07 2.0994e+07  2.62%  29.3  232s
H18120 17508                    2.048558e+07 2.0994e+07  2.48%  29.1  232s
H18196 17487                    2.048781e+07 2.0994e+07  2.47%  29.0  237s
H18196 17487                    2.048965e+07 2.0994e+07  2.46%  29.0  239s
H18196 17486                    2.057408e+07 2.0994e+07  2.04%  29.0  243s
H18196 17486                    2.057651e+07 2.0994e+07  2.03%  29.0  244s
H18196 17486                    2.057656e+07 2.0994e+07  2.03%  29.0  248s
H18196 17486                    2.057723e+07 2.0994e+07  2.03%  29.0  250s
H18196 17486                    2.057811e+07 2.0994e+07  2.02%  29.0  252s
H18196 17486                    2.059214e+07 2.0994e+07  1.95%  29.0  253s
H18196 17486                    2.059540e+07 2.0994e+07  1.94%  29.0  253s
H18196 17486                    2.059623e+07 2.0994e+07  1.93%  29.0  262s
 18197 17468 2.0991e+07   37  470 2.0596e+07 2.0994e+07  1.93%  29.0  275s
H18198 16595                    2.073082e+07 2.0994e+07  1.27%  29.0  336s
H18198 15765                    2.075165e+07 2.0994e+07  1.17%  29.0  336s
H18198 14977                    2.079501e+07 2.0994e+07  0.96%  29.0  336s
H18198 14228                    2.081163e+07 2.0994e+07  0.88%  29.0  336s
H18198 13517                    2.081470e+07 2.0994e+07  0.86%  29.0  336s
H18198 12841                    2.081783e+07 2.0994e+07  0.85%  29.0  336s
H18198 12199                    2.082110e+07 2.0994e+07  0.83%  29.0  336s
H18198 11589                    2.083204e+07 2.0994e+07  0.78%  29.0  336s
 18199 11589 2.0969e+07   13  293 2.0832e+07 2.0969e+07  0.66%  29.0  350s
 18200 11590 2.0956e+07   31  399 2.0832e+07 2.0969e+07  0.66%  29.0  356s
H18200 11010                    2.083446e+07 2.0969e+07  0.65%  29.0  357s
 18202 11011 2.0968e+07   17  431 2.0834e+07 2.0968e+07  0.64%  29.0  361s
 18206 11014 2.0966e+07   31  457 2.0834e+07 2.0966e+07  0.63%  29.0  365s
 18212 11018 2.0965e+07   22  467 2.0834e+07 2.0965e+07  0.63%  29.0  385s
 18218 11022 2.0964e+07    9  425 2.0834e+07 2.0964e+07  0.62%  29.0  390s
H18218 10471                    2.083634e+07 2.0962e+07  0.60%  29.0  414s
H18218  9947                    2.085130e+07 2.0962e+07  0.53%  29.0  414s
H18218  9449                    2.086075e+07 2.0962e+07  0.49%  29.0  414s
 18220  9450 2.0962e+07   12  416 2.0861e+07 2.0962e+07  0.49%  29.0  418s
H18220  8977                    2.086911e+07 2.0962e+07  0.45%  29.0  418s
H18222  8530                    2.087122e+07 2.0959e+07  0.42%  29.0  457s
H18222  8103                    2.087621e+07 2.0959e+07  0.40%  29.0  457s
H18222  7697                    2.088097e+07 2.0959e+07  0.38%  29.0  457s
H18222  7312                    2.088372e+07 2.0959e+07  0.36%  29.0  457s
 18224  7313 2.0959e+07   15  426 2.0884e+07 2.0959e+07  0.36%  29.0  460s
H18224  6947                    2.088810e+07 2.0959e+07  0.34%  29.0  460s
H18228  6602                    2.088860e+07 2.0958e+07  0.33%  29.0  493s
H18228  6271                    2.088998e+07 2.0958e+07  0.33%  29.0  493s
H18228  5957                    2.089035e+07 2.0958e+07  0.32%  29.0  493s
H18228  5659                    2.089343e+07 2.0958e+07  0.31%  29.0  493s
 18230  5660 2.0958e+07   20  407 2.0893e+07 2.0958e+07  0.31%  29.0  496s
H18233  5378                    2.089398e+07 2.0957e+07  0.30%  29.0  521s
H18233  5109                    2.089492e+07 2.0957e+07  0.30%  29.0  521s
 18236  5111 2.0957e+07   56  409 2.0895e+07 2.0957e+07  0.30%  29.0  525s
 18240  5114 2.0956e+07   83  405 2.0895e+07 2.0956e+07  0.29%  29.0  575s
 18243  5116 2.0955e+07   41  405 2.0895e+07 2.0955e+07  0.29%  29.0  614s
 18244  5116 2.0955e+07  225  399 2.0895e+07 2.0955e+07  0.29%  29.0  617s
 18247  5118 2.0955e+07  107  399 2.0895e+07 2.0955e+07  0.29%  29.0  641s
 18251  5121 2.0955e+07   40  406 2.0895e+07 2.0955e+07  0.29%  28.9  664s
H18251  4864                    2.089502e+07 2.0955e+07  0.28%  28.9  668s
H18251  4619                    2.089532e+07 2.0955e+07  0.28%  28.9  668s
 18255  4622 2.0954e+07   65  393 2.0895e+07 2.0954e+07  0.28%  28.9  699s
 18256  4622 2.0954e+07   42  388 2.0895e+07 2.0954e+07  0.28%  28.9  702s
 18257  4623 2.0954e+07    8  395 2.0895e+07 2.0954e+07  0.28%  28.9  732s
H18257  4391                    2.089534e+07 2.0954e+07  0.28%  28.9  735s
 18259  4392 2.0953e+07   36  389 2.0895e+07 2.0953e+07  0.28%  28.9  769s
 18260  4393 2.0953e+07   23  393 2.0895e+07 2.0953e+07  0.28%  28.9  772s
 18264  4396 2.0953e+07  249  392 2.0895e+07 2.0953e+07  0.28%  28.9  804s
 18265  4396 2.0953e+07   14  384 2.0895e+07 2.0953e+07  0.28%  28.9  808s
 18267  4398 2.0953e+07   70  385 2.0895e+07 2.0953e+07  0.27%  28.9  826s
 18270  4400 2.0953e+07  139  386 2.0895e+07 2.0953e+07  0.27%  28.9  830s
 18271  4400 2.0952e+07   43  384 2.0895e+07 2.0952e+07  0.27%  28.9  867s
 18272  4401 2.0952e+07   32  384 2.0895e+07 2.0952e+07  0.27%  28.9  870s
H18273  4181                    2.089765e+07 2.0952e+07  0.26%  28.9  889s
H18273  3971                    2.089998e+07 2.0952e+07  0.25%  28.9  889s
H18273  3771                    2.090306e+07 2.0952e+07  0.24%  28.9  889s
H18273  3581                    2.090629e+07 2.0952e+07  0.22%  28.9  889s
 18274  3581 2.0952e+07   32  386 2.0906e+07 2.0952e+07  0.22%  28.9  890s
 18276  3583 2.0952e+07    7  382 2.0906e+07 2.0952e+07  0.22%  28.9  914s
 18277  3583 2.0952e+07  111  383 2.0906e+07 2.0952e+07  0.22%  28.9  944s
 18278  3584 2.0952e+07  238  384 2.0906e+07 2.0952e+07  0.22%  28.9  966s
 18279  3585 2.0952e+07  229  384 2.0906e+07 2.0952e+07  0.22%  28.9 1006s
 18283  3589 2.0952e+07   24  470 2.0906e+07 2.0952e+07  0.22%  32.5 1010s
H18284  3410                    2.090629e+07 2.0952e+07  0.22%  32.5 1102s
H18284  3239                    2.090705e+07 2.0946e+07  0.18%  32.5 1103s
H18284  3077                    2.090821e+07 2.0946e+07  0.18%  32.5 1103s

Cutting planes:
  Gomory: 8
  Cover: 9
  Implied bound: 67
  MIR: 447
  Flow cover: 267
  Relax-and-lift: 434

Explored 18284 nodes (705389 simplex iterations) in 1103.29 seconds (1366.28 work units)
Thread count was 48 (of 192 available processors)

Solution count 10: 2.09082e+07 2.09082e+07 2.0907e+07 ... 2.0895e+07

Optimal solution found (tolerance 2.00e-03)
Best objective 2.090821211453e+07, best bound 2.094568706163e+07, gap 0.1792%
Deleted nodefile directory: /scratch-local/lbeemster.22275090/gurobi_failed_NORNE_ERB_sub0.0_run2
Saved model snapshot to study_case_model/figures/failure_experiment/run_27426/maxh2_NORNE_ERB/sub0.0/run2/model_snapshot.pkl
Model with original objective value 20908212.114534628 and penalty 0.0
Finished successfully!
