Gurobi shell based on Python 3.13.1 can be launched with command `gurobi.sh`
Gurobi Python Interface can be loaded in Python 3.13.1 with 'import gurobipy'
/var/spool/slurm/slurmd/job22290277/slurm_script: line 24: activate: No such file or directory

======================================================================
RUN 1/10 (seed=0)
======================================================================

[Step 1] Solving full stochastic model (Recourse Problem)...
  RP objective: 21801495.743628938
Saved model snapshot to study_case_model/figures/vss_experiment/rp/sub0.0/run0/model_snapshot.pkl

[EVPI] Solving each scenario deterministically for perfect information...
  EV_PI expected objective: 21817391.947358403
  EVPI (EV_PI - RP): 15896.203729465604

[Step 2] Solving deterministic Expected Value model...
  EV objective: 20390479.467201658
Saved model snapshot to study_case_model/figures/vss_experiment/ev/sub0.0/run0/model_snapshot.pkl

[Step 3] Solving EEV (stochastic model with fixed EV decisions)...
  EEV objective: 21727240.938249283

  ==================================================
  VALUE OF STOCHASTIC SOLUTION (Run 1)
  ==================================================
  RP  (stochastic)  = 21,801,495.74
  EV  (deterministic) = 20,390,479.47
  EEV (EV decisions)  = 21,727,240.94
  VSS = RP - EEV      = 74,254.81
  VSS as % of RP      = 0.34%
  EV_PI (perfect info) = 21,817,391.95
  EVPI = EV_PI - RP    = 15,896.20

======================================================================
RUN 2/10 (seed=1)
======================================================================

[Step 1] Solving full stochastic model (Recourse Problem)...
  RP objective: 21099641.52576427
Saved model snapshot to study_case_model/figures/vss_experiment/rp/sub0.0/run1/model_snapshot.pkl

[EVPI] Solving each scenario deterministically for perfect information...
  EV_PI expected objective: 21121536.890172955
  EVPI (EV_PI - RP): 21895.36440868303

[Step 2] Solving deterministic Expected Value model...
  EV objective: 20390479.467201658
Saved model snapshot to study_case_model/figures/vss_experiment/ev/sub0.0/run1/model_snapshot.pkl

[Step 3] Solving EEV (stochastic model with fixed EV decisions)...
  EEV objective: 21003289.740273856

  ==================================================
  VALUE OF STOCHASTIC SOLUTION (Run 2)
  ==================================================
  RP  (stochastic)  = 21,099,641.53
  EV  (deterministic) = 20,390,479.47
  EEV (EV decisions)  = 21,003,289.74
  VSS = RP - EEV      = 96,351.79
  VSS as % of RP      = 0.46%
  EV_PI (perfect info) = 21,121,536.89
  EVPI = EV_PI - RP    = 21,895.36

======================================================================
RUN 3/10 (seed=2)
======================================================================

[Step 1] Solving full stochastic model (Recourse Problem)...
  RP objective: 21177339.916185573
Saved model snapshot to study_case_model/figures/vss_experiment/rp/sub0.0/run2/model_snapshot.pkl

[EVPI] Solving each scenario deterministically for perfect information...
  EV_PI expected objective: 21218478.696582586
  EVPI (EV_PI - RP): 41138.78039701283

[Step 2] Solving deterministic Expected Value model...
  EV objective: 20390479.467201658
Saved model snapshot to study_case_model/figures/vss_experiment/ev/sub0.0/run2/model_snapshot.pkl

[Step 3] Solving EEV (stochastic model with fixed EV decisions)...
  EEV objective: 21090676.978560816

  ==================================================
  VALUE OF STOCHASTIC SOLUTION (Run 3)
  ==================================================
  RP  (stochastic)  = 21,177,339.92
  EV  (deterministic) = 20,390,479.47
  EEV (EV decisions)  = 21,090,676.98
  VSS = RP - EEV      = 86,662.94
  VSS as % of RP      = 0.41%
  EV_PI (perfect info) = 21,218,478.70
  EVPI = EV_PI - RP    = 41,138.78

======================================================================
RUN 4/10 (seed=3)
======================================================================

[Step 1] Solving full stochastic model (Recourse Problem)...
  RP objective: 20076912.29142809
Saved model snapshot to study_case_model/figures/vss_experiment/rp/sub0.0/run3/model_snapshot.pkl

[EVPI] Solving each scenario deterministically for perfect information...
  EV_PI expected objective: 20095687.15138298
  EVPI (EV_PI - RP): 18774.859954889864

[Step 2] Solving deterministic Expected Value model...
  EV objective: 20390479.467201658
Saved model snapshot to study_case_model/figures/vss_experiment/ev/sub0.0/run3/model_snapshot.pkl

[Step 3] Solving EEV (stochastic model with fixed EV decisions)...
  EEV objective: 19978423.089288045

  ==================================================
  VALUE OF STOCHASTIC SOLUTION (Run 4)
  ==================================================
  RP  (stochastic)  = 20,076,912.29
  EV  (deterministic) = 20,390,479.47
  EEV (EV decisions)  = 19,978,423.09
  VSS = RP - EEV      = 98,489.20
  VSS as % of RP      = 0.49%
  EV_PI (perfect info) = 20,095,687.15
  EVPI = EV_PI - RP    = 18,774.86

======================================================================
RUN 5/10 (seed=4)
======================================================================

[Step 1] Solving full stochastic model (Recourse Problem)...
  RP objective: 22006999.481582377
Saved model snapshot to study_case_model/figures/vss_experiment/rp/sub0.0/run4/model_snapshot.pkl

[EVPI] Solving each scenario deterministically for perfect information...
  EV_PI expected objective: 22029162.654566918
  EVPI (EV_PI - RP): 22163.172984540462

[Step 2] Solving deterministic Expected Value model...
  EV objective: 20390479.467201658
Saved model snapshot to study_case_model/figures/vss_experiment/ev/sub0.0/run4/model_snapshot.pkl

[Step 3] Solving EEV (stochastic model with fixed EV decisions)...
  EEV objective: 21903277.37730924

  ==================================================
  VALUE OF STOCHASTIC SOLUTION (Run 5)
  ==================================================
  RP  (stochastic)  = 22,006,999.48
  EV  (deterministic) = 20,390,479.47
  EEV (EV decisions)  = 21,903,277.38
  VSS = RP - EEV      = 103,722.10
  VSS as % of RP      = 0.47%
  EV_PI (perfect info) = 22,029,162.65
  EVPI = EV_PI - RP    = 22,163.17

======================================================================
RUN 6/10 (seed=5)
======================================================================

[Step 1] Solving full stochastic model (Recourse Problem)...
  RP objective: 21888722.69545063
Saved model snapshot to study_case_model/figures/vss_experiment/rp/sub0.0/run5/model_snapshot.pkl

[EVPI] Solving each scenario deterministically for perfect information...
  EV_PI expected objective: 21895367.48989163
  EVPI (EV_PI - RP): 6644.794440999627

[Step 2] Solving deterministic Expected Value model...
  EV objective: 20390479.467201658
Saved model snapshot to study_case_model/figures/vss_experiment/ev/sub0.0/run5/model_snapshot.pkl

[Step 3] Solving EEV (stochastic model with fixed EV decisions)...
  EEV objective: 21807399.533292837

  ==================================================
  VALUE OF STOCHASTIC SOLUTION (Run 6)
  ==================================================
  RP  (stochastic)  = 21,888,722.70
  EV  (deterministic) = 20,390,479.47
  EEV (EV decisions)  = 21,807,399.53
  VSS = RP - EEV      = 81,323.16
  VSS as % of RP      = 0.37%
  EV_PI (perfect info) = 21,895,367.49
  EVPI = EV_PI - RP    = 6,644.79

======================================================================
RUN 7/10 (seed=6)
======================================================================

[Step 1] Solving full stochastic model (Recourse Problem)...
  RP objective: 21237860.685438886
Saved model snapshot to study_case_model/figures/vss_experiment/rp/sub0.0/run6/model_snapshot.pkl

[EVPI] Solving each scenario deterministically for perfect information...
  EV_PI expected objective: 21252956.13523031
  EVPI (EV_PI - RP): 15095.449791423976

[Step 2] Solving deterministic Expected Value model...
  EV objective: 20390479.467201658
Saved model snapshot to study_case_model/figures/vss_experiment/ev/sub0.0/run6/model_snapshot.pkl

[Step 3] Solving EEV (stochastic model with fixed EV decisions)...
  EEV objective: 21148388.916686315

  ==================================================
  VALUE OF STOCHASTIC SOLUTION (Run 7)
  ==================================================
  RP  (stochastic)  = 21,237,860.69
  EV  (deterministic) = 20,390,479.47
  EEV (EV decisions)  = 21,148,388.92
  VSS = RP - EEV      = 89,471.77
  VSS as % of RP      = 0.42%
  EV_PI (perfect info) = 21,252,956.14
  EVPI = EV_PI - RP    = 15,095.45

======================================================================
RUN 8/10 (seed=7)
======================================================================

[Step 1] Solving full stochastic model (Recourse Problem)...
  RP objective: 21577830.492326424
Saved model snapshot to study_case_model/figures/vss_experiment/rp/sub0.0/run7/model_snapshot.pkl

[EVPI] Solving each scenario deterministically for perfect information...
  EV_PI expected objective: 21600047.583390884
  EVPI (EV_PI - RP): 22217.091064460576

[Step 2] Solving deterministic Expected Value model...
  EV objective: 20390479.467201658
Saved model snapshot to study_case_model/figures/vss_experiment/ev/sub0.0/run7/model_snapshot.pkl

[Step 3] Solving EEV (stochastic model with fixed EV decisions)...
  EEV objective: 21465883.544760555

  ==================================================
  VALUE OF STOCHASTIC SOLUTION (Run 8)
  ==================================================
  RP  (stochastic)  = 21,577,830.49
  EV  (deterministic) = 20,390,479.47
  EEV (EV decisions)  = 21,465,883.54
  VSS = RP - EEV      = 111,946.95
  VSS as % of RP      = 0.52%
  EV_PI (perfect info) = 21,600,047.58
  EVPI = EV_PI - RP    = 22,217.09

======================================================================
RUN 9/10 (seed=8)
======================================================================

[Step 1] Solving full stochastic model (Recourse Problem)...
  RP objective: 21304574.90746395
Saved model snapshot to study_case_model/figures/vss_experiment/rp/sub0.0/run8/model_snapshot.pkl

[EVPI] Solving each scenario deterministically for perfect information...
  EV_PI expected objective: 21308934.71689874
  EVPI (EV_PI - RP): 4359.809434790164

[Step 2] Solving deterministic Expected Value model...
  EV objective: 20390479.467201658
Saved model snapshot to study_case_model/figures/vss_experiment/ev/sub0.0/run8/model_snapshot.pkl

[Step 3] Solving EEV (stochastic model with fixed EV decisions)...
  EEV objective: 21253673.59017458

  ==================================================
  VALUE OF STOCHASTIC SOLUTION (Run 9)
  ==================================================
  RP  (stochastic)  = 21,304,574.91
  EV  (deterministic) = 20,390,479.47
  EEV (EV decisions)  = 21,253,673.59
  VSS = RP - EEV      = 50,901.32
  VSS as % of RP      = 0.24%
  EV_PI (perfect info) = 21,308,934.72
  EVPI = EV_PI - RP    = 4,359.81

======================================================================
RUN 10/10 (seed=9)
======================================================================

[Step 1] Solving full stochastic model (Recourse Problem)...
  RP objective: 21597873.738533333
Saved model snapshot to study_case_model/figures/vss_experiment/rp/sub0.0/run9/model_snapshot.pkl

[EVPI] Solving each scenario deterministically for perfect information...
  EV_PI expected objective: 21610477.572555374
  EVPI (EV_PI - RP): 12603.83402204141

[Step 2] Solving deterministic Expected Value model...
  EV objective: 20390479.467201658
Saved model snapshot to study_case_model/figures/vss_experiment/ev/sub0.0/run9/model_snapshot.pkl

[Step 3] Solving EEV (stochastic model with fixed EV decisions)...
  EEV objective: 21523487.521554515

  ==================================================
  VALUE OF STOCHASTIC SOLUTION (Run 10)
  ==================================================
  RP  (stochastic)  = 21,597,873.74
  EV  (deterministic) = 20,390,479.47
  EEV (EV decisions)  = 21,523,487.52
  VSS = RP - EEV      = 74,386.22
  VSS as % of RP      = 0.34%
  EV_PI (perfect info) = 21,610,477.57
  EVPI = EV_PI - RP    = 12,603.83

Results saved to study_case_model/figures/vss_experiment/vss_results_0_1.0_4_4.csv

======================================================================
VSS EXPERIMENT SUMMARY
======================================================================
  Across 10 runs:
    Mean VSS:    86,751.02 (0.41% of RP)
    Std VSS:     16,685.11
    Min VSS:     50,901.32
    Max VSS:     111,946.95
  → Stochastic formulation provides MARGINAL value — consider if complexity is justified.

  EVPI summary across 10 runs:
    Mean EVPI: 18,078.94
    Std EVPI:  9,711.89
    Min EVPI:  4,359.81
    Max EVPI:  41,138.78

Finished VSS experiment!
