Gurobi shell based on Python 3.13.1 can be launched with command `gurobi.sh`
Gurobi Python Interface can be loaded in Python 3.13.1 with 'import gurobipy'
/var/spool/slurm/slurmd/job22291169/slurm_script: line 24: activate: No such file or directory

======================================================================
RUN 1/10 (seed=0)
======================================================================

[Step 1] Solving full stochastic model (Recourse Problem)...
  RP objective: 20852094.778837148
Saved model snapshot to study_case_model/figures/vss_experiment/rp/sub30.0/run0/model_snapshot.pkl

[EVPI] Solving each scenario deterministically for perfect information...
  EV_PI expected objective: 20877036.498970296
  EVPI (EV_PI - RP): 24941.720133148134

[Step 2] Solving deterministic Expected Value model...
  EV objective: 20390479.467201658
Saved model snapshot to study_case_model/figures/vss_experiment/ev/sub30.0/run0/model_snapshot.pkl

[Step 3] Solving EEV (stochastic model with fixed EV decisions)...
  EEV objective: 20771485.023148835

  ==================================================
  VALUE OF STOCHASTIC SOLUTION (Run 1)
  ==================================================
  RP  (stochastic)  = 20,852,094.78
  EV  (deterministic) = 20,390,479.47
  EEV (EV decisions)  = 20,771,485.02
  VSS = RP - EEV      = 80,609.76
  VSS as % of RP      = 0.39%
  EV_PI (perfect info) = 20,877,036.50
  EVPI = EV_PI - RP    = 24,941.72

======================================================================
RUN 2/10 (seed=1)
======================================================================

[Step 1] Solving full stochastic model (Recourse Problem)...
  RP objective: 21345893.87837589
Saved model snapshot to study_case_model/figures/vss_experiment/rp/sub30.0/run1/model_snapshot.pkl

[EVPI] Solving each scenario deterministically for perfect information...
  EV_PI expected objective: 21368260.434012864
  EVPI (EV_PI - RP): 22366.55563697219

[Step 2] Solving deterministic Expected Value model...
  EV objective: 20390479.467201658
Saved model snapshot to study_case_model/figures/vss_experiment/ev/sub30.0/run1/model_snapshot.pkl

[Step 3] Solving EEV (stochastic model with fixed EV decisions)...
  EEV objective: 21261815.590570178

  ==================================================
  VALUE OF STOCHASTIC SOLUTION (Run 2)
  ==================================================
  RP  (stochastic)  = 21,345,893.88
  EV  (deterministic) = 20,390,479.47
  EEV (EV decisions)  = 21,261,815.59
  VSS = RP - EEV      = 84,078.29
  VSS as % of RP      = 0.39%
  EV_PI (perfect info) = 21,368,260.43
  EVPI = EV_PI - RP    = 22,366.56

======================================================================
RUN 3/10 (seed=2)
======================================================================

[Step 1] Solving full stochastic model (Recourse Problem)...
WARNING: Loading a SolverResults object with an 'aborted' status, but
containing a solution
  RP objective: 20962745.850029238
Saved model snapshot to study_case_model/figures/vss_experiment/rp/sub30.0/run2/model_snapshot.pkl

[EVPI] Solving each scenario deterministically for perfect information...
  EV_PI expected objective: 20989083.735406805
  EVPI (EV_PI - RP): 26337.88537756726

[Step 2] Solving deterministic Expected Value model...
  EV objective: 20390479.467201658
Saved model snapshot to study_case_model/figures/vss_experiment/ev/sub30.0/run2/model_snapshot.pkl

[Step 3] Solving EEV (stochastic model with fixed EV decisions)...
  EEV objective: 20861881.350900218

  ==================================================
  VALUE OF STOCHASTIC SOLUTION (Run 3)
  ==================================================
  RP  (stochastic)  = 20,962,745.85
  EV  (deterministic) = 20,390,479.47
  EEV (EV decisions)  = 20,861,881.35
  VSS = RP - EEV      = 100,864.50
  VSS as % of RP      = 0.48%
  EV_PI (perfect info) = 20,989,083.74
  EVPI = EV_PI - RP    = 26,337.89

======================================================================
RUN 4/10 (seed=3)
======================================================================

[Step 1] Solving full stochastic model (Recourse Problem)...
WARNING: Loading a SolverResults object with an 'aborted' status, but
containing a solution
  RP objective: 21488032.759014532
Saved model snapshot to study_case_model/figures/vss_experiment/rp/sub30.0/run3/model_snapshot.pkl

[EVPI] Solving each scenario deterministically for perfect information...
  EV_PI expected objective: 21497219.94899482
  EVPI (EV_PI - RP): 9187.189980287105

[Step 2] Solving deterministic Expected Value model...
  EV objective: 20390479.467201658
Saved model snapshot to study_case_model/figures/vss_experiment/ev/sub30.0/run3/model_snapshot.pkl

[Step 3] Solving EEV (stochastic model with fixed EV decisions)...
  EEV objective: 21379357.550464276

  ==================================================
  VALUE OF STOCHASTIC SOLUTION (Run 4)
  ==================================================
  RP  (stochastic)  = 21,488,032.76
  EV  (deterministic) = 20,390,479.47
  EEV (EV decisions)  = 21,379,357.55
  VSS = RP - EEV      = 108,675.21
  VSS as % of RP      = 0.51%
  EV_PI (perfect info) = 21,497,219.95
  EVPI = EV_PI - RP    = 9,187.19

======================================================================
RUN 5/10 (seed=4)
======================================================================

[Step 1] Solving full stochastic model (Recourse Problem)...
  RP objective: 21620232.84102339
Saved model snapshot to study_case_model/figures/vss_experiment/rp/sub30.0/run4/model_snapshot.pkl

[EVPI] Solving each scenario deterministically for perfect information...
  EV_PI expected objective: 21649717.98088588
  EVPI (EV_PI - RP): 29485.139862488955

[Step 2] Solving deterministic Expected Value model...
  EV objective: 20390479.467201658
Saved model snapshot to study_case_model/figures/vss_experiment/ev/sub30.0/run4/model_snapshot.pkl

[Step 3] Solving EEV (stochastic model with fixed EV decisions)...
  EEV objective: 21562110.798632473

  ==================================================
  VALUE OF STOCHASTIC SOLUTION (Run 5)
  ==================================================
  RP  (stochastic)  = 21,620,232.84
  EV  (deterministic) = 20,390,479.47
  EEV (EV decisions)  = 21,562,110.80
  VSS = RP - EEV      = 58,122.04
  VSS as % of RP      = 0.27%
  EV_PI (perfect info) = 21,649,717.98
  EVPI = EV_PI - RP    = 29,485.14

======================================================================
RUN 6/10 (seed=5)
======================================================================

[Step 1] Solving full stochastic model (Recourse Problem)...
WARNING: Loading a SolverResults object with an 'aborted' status, but
containing a solution
  RP objective: 21733735.332415104
Saved model snapshot to study_case_model/figures/vss_experiment/rp/sub30.0/run5/model_snapshot.pkl

[EVPI] Solving each scenario deterministically for perfect information...
  EV_PI expected objective: 21767577.052949063
  EVPI (EV_PI - RP): 33841.72053395957

[Step 2] Solving deterministic Expected Value model...
  EV objective: 20390479.467201658
Saved model snapshot to study_case_model/figures/vss_experiment/ev/sub30.0/run5/model_snapshot.pkl

[Step 3] Solving EEV (stochastic model with fixed EV decisions)...
  EEV objective: 21682149.051244292

  ==================================================
  VALUE OF STOCHASTIC SOLUTION (Run 6)
  ==================================================
  RP  (stochastic)  = 21,733,735.33
  EV  (deterministic) = 20,390,479.47
  EEV (EV decisions)  = 21,682,149.05
  VSS = RP - EEV      = 51,586.28
  VSS as % of RP      = 0.24%
  EV_PI (perfect info) = 21,767,577.05
  EVPI = EV_PI - RP    = 33,841.72

======================================================================
RUN 7/10 (seed=6)
======================================================================

[Step 1] Solving full stochastic model (Recourse Problem)...
WARNING: Loading a SolverResults object with an 'aborted' status, but
containing a solution
  RP objective: 21695188.835090626
Saved model snapshot to study_case_model/figures/vss_experiment/rp/sub30.0/run6/model_snapshot.pkl

[EVPI] Solving each scenario deterministically for perfect information...
  EV_PI expected objective: 21731950.950764928
  EVPI (EV_PI - RP): 36762.11567430198

[Step 2] Solving deterministic Expected Value model...
  EV objective: 20390479.467201658
Saved model snapshot to study_case_model/figures/vss_experiment/ev/sub30.0/run6/model_snapshot.pkl

[Step 3] Solving EEV (stochastic model with fixed EV decisions)...
  EEV objective: 21647832.612669166

  ==================================================
  VALUE OF STOCHASTIC SOLUTION (Run 7)
  ==================================================
  RP  (stochastic)  = 21,695,188.84
  EV  (deterministic) = 20,390,479.47
  EEV (EV decisions)  = 21,647,832.61
  VSS = RP - EEV      = 47,356.22
  VSS as % of RP      = 0.22%
  EV_PI (perfect info) = 21,731,950.95
  EVPI = EV_PI - RP    = 36,762.12

======================================================================
RUN 8/10 (seed=7)
======================================================================

[Step 1] Solving full stochastic model (Recourse Problem)...
  RP objective: 21354913.868145764
Saved model snapshot to study_case_model/figures/vss_experiment/rp/sub30.0/run7/model_snapshot.pkl

[EVPI] Solving each scenario deterministically for perfect information...
  EV_PI expected objective: 21365589.612190653
  EVPI (EV_PI - RP): 10675.744044888765

[Step 2] Solving deterministic Expected Value model...
  EV objective: 20390479.467201658
Saved model snapshot to study_case_model/figures/vss_experiment/ev/sub30.0/run7/model_snapshot.pkl

[Step 3] Solving EEV (stochastic model with fixed EV decisions)...
  EEV objective: 21266700.589849405

  ==================================================
  VALUE OF STOCHASTIC SOLUTION (Run 8)
  ==================================================
  RP  (stochastic)  = 21,354,913.87
  EV  (deterministic) = 20,390,479.47
  EEV (EV decisions)  = 21,266,700.59
  VSS = RP - EEV      = 88,213.28
  VSS as % of RP      = 0.41%
  EV_PI (perfect info) = 21,365,589.61
  EVPI = EV_PI - RP    = 10,675.74

======================================================================
RUN 9/10 (seed=8)
======================================================================

[Step 1] Solving full stochastic model (Recourse Problem)...
  RP objective: 21661234.17375974
Saved model snapshot to study_case_model/figures/vss_experiment/rp/sub30.0/run8/model_snapshot.pkl

[EVPI] Solving each scenario deterministically for perfect information...
  EV_PI expected objective: 21683146.34993734
  EVPI (EV_PI - RP): 21912.176177598536

[Step 2] Solving deterministic Expected Value model...
  EV objective: 20390479.467201658
Saved model snapshot to study_case_model/figures/vss_experiment/ev/sub30.0/run8/model_snapshot.pkl

[Step 3] Solving EEV (stochastic model with fixed EV decisions)...
  EEV objective: 21588129.62339283

  ==================================================
  VALUE OF STOCHASTIC SOLUTION (Run 9)
  ==================================================
  RP  (stochastic)  = 21,661,234.17
  EV  (deterministic) = 20,390,479.47
  EEV (EV decisions)  = 21,588,129.62
  VSS = RP - EEV      = 73,104.55
  VSS as % of RP      = 0.34%
  EV_PI (perfect info) = 21,683,146.35
  EVPI = EV_PI - RP    = 21,912.18

======================================================================
RUN 10/10 (seed=9)
======================================================================

[Step 1] Solving full stochastic model (Recourse Problem)...
WARNING: Loading a SolverResults object with an 'aborted' status, but
containing a solution
  RP objective: 21013257.567287836
Saved model snapshot to study_case_model/figures/vss_experiment/rp/sub30.0/run9/model_snapshot.pkl

[EVPI] Solving each scenario deterministically for perfect information...
  EV_PI expected objective: 21037812.974131677
  EVPI (EV_PI - RP): 24555.406843841076

[Step 2] Solving deterministic Expected Value model...
  EV objective: 20390479.467201658
Saved model snapshot to study_case_model/figures/vss_experiment/ev/sub30.0/run9/model_snapshot.pkl

[Step 3] Solving EEV (stochastic model with fixed EV decisions)...
  EEV objective: 20966549.015298564

  ==================================================
  VALUE OF STOCHASTIC SOLUTION (Run 10)
  ==================================================
  RP  (stochastic)  = 21,013,257.57
  EV  (deterministic) = 20,390,479.47
  EEV (EV decisions)  = 20,966,549.02
  VSS = RP - EEV      = 46,708.55
  VSS as % of RP      = 0.22%
  EV_PI (perfect info) = 21,037,812.97
  EVPI = EV_PI - RP    = 24,555.41

Results saved to study_case_model/figures/vss_experiment/vss_results_30_0.1_8_8.csv

======================================================================
VSS EXPERIMENT SUMMARY
======================================================================
  Across 10 runs:
    Mean VSS:    73,931.87 (0.35% of RP)
    Std VSS:     21,169.09
    Min VSS:     46,708.55
    Max VSS:     108,675.21
  → Stochastic formulation provides MARGINAL value — consider if complexity is justified.

  EVPI summary across 10 runs:
    Mean EVPI: 24,006.57
    Std EVPI:  8,369.35
    Min EVPI:  9,187.19
    Max EVPI:  36,762.12

Finished VSS experiment!
