Gurobi shell based on Python 3.13.1 can be launched with command `gurobi.sh`
Gurobi Python Interface can be loaded in Python 3.13.1 with 'import gurobipy'
/var/spool/slurm/slurmd/job22301055/slurm_script: line 24: activate: No such file or directory

======================================================================
RUN 1/1 (seed=2)
======================================================================

[Step 1] Solving full stochastic model (Recourse Problem)...
Read LP format model from file /scratch-local/lbeemster.22301055/tmpjizy4nr2.pyomo.lp
Reading time = 0.12 seconds
x1: 44545 rows, 12550 columns, 255328 nonzeros
Set parameter OutputFlag to value 1
Set parameter MIPGap to value 0.002
Set parameter Threads to value 48
Set parameter Presolve to value 1
Set parameter Cuts to value 1
Set parameter NodefileStart to value 1
Set parameter NodefileDir to value "/scratch-local/lbeemster.22301055/gurobi_vss_rp_run2"
Set parameter MemLimit to value 60
Gurobi Optimizer version 12.0.3 build v12.0.3rc0 (linux64 - "Red Hat Enterprise Linux 9.6 (Plow)")

CPU model: AMD EPYC 9654 96-Core Processor, instruction set [SSE2|AVX|AVX2|AVX512]
Thread count: 192 physical cores, 192 logical processors, using up to 48 threads

Non-default parameters:
MemLimit  60
MIPGap  0.002
NodefileStart  1
Cuts  1
Presolve  1
Threads  48

Academic license 2514514 - for non-commercial use only - registered to l.___@student.vu.nl
Optimize a model with 44545 rows, 12550 columns and 255328 nonzeros
Model fingerprint: 0x711762d0
Variable types: 9894 continuous, 2656 integer (2656 binary)
Coefficient statistics:
  Matrix range     [6e-05, 1e+05]
  Objective range  [6e+00, 3e+04]
  Bounds range     [1e+00, 1e+00]
  RHS range        [3e-01, 1e+05]
Presolve removed 8320 rows and 5410 columns
Presolve time: 0.58s
Presolved: 36225 rows, 7140 columns, 170973 nonzeros
Variable types: 5692 continuous, 1448 integer (1448 binary)
Root relaxation presolved: 34952 rows, 5867 columns, 168533 nonzeros

Extra simplex iterations after uncrush: 2

Root relaxation: objective 2.044626e+07, 5414 iterations, 0.69 seconds (0.66 work units)

    Nodes    |    Current Node    |     Objective Bounds      |     Work
 Expl Unexpl |  Obj  Depth IntInf | Incumbent    BestBd   Gap | It/Node Time

     0     0 2.0446e+07    0   99          - 2.0446e+07      -     -    1s
H    0     0                    1.955257e+07 2.0446e+07  4.57%     -    2s
     0     0 2.0444e+07    0  138 1.9553e+07 2.0444e+07  4.56%     -    2s
H    0     0                    2.013102e+07 2.0444e+07  1.55%     -    3s
     0     0 2.0443e+07    0  146 2.0131e+07 2.0443e+07  1.55%     -    3s
     0     0 2.0443e+07    0  147 2.0131e+07 2.0443e+07  1.55%     -    3s
     0     0 2.0442e+07    0  151 2.0131e+07 2.0442e+07  1.55%     -    4s
     0     0 2.0442e+07    0  149 2.0131e+07 2.0442e+07  1.55%     -    4s
     0     0 2.0442e+07    0  161 2.0131e+07 2.0442e+07  1.55%     -    4s
     0     0 2.0442e+07    0  163 2.0131e+07 2.0442e+07  1.55%     -    4s
     0     0 2.0439e+07    0  169 2.0131e+07 2.0439e+07  1.53%     -    5s
H    0     0                    2.025792e+07 2.0439e+07  0.90%     -    6s
     0     0 2.0439e+07    0  170 2.0258e+07 2.0439e+07  0.89%     -    6s
     0     0 2.0439e+07    0  182 2.0258e+07 2.0439e+07  0.89%     -    6s
     0     0 2.0439e+07    0  181 2.0258e+07 2.0439e+07  0.89%     -    6s
H    0     0                    2.038182e+07 2.0439e+07  0.28%     -    6s
H    0     0                    2.039114e+07 2.0437e+07  0.23%     -    7s
     0     0 2.0437e+07    0  203 2.0391e+07 2.0437e+07  0.23%     -    7s
     0     0 2.0437e+07    0  202 2.0391e+07 2.0437e+07  0.23%     -    7s
     0     0 2.0437e+07    0  202 2.0391e+07 2.0437e+07  0.23%     -    7s
     0     0 2.0437e+07    0  203 2.0391e+07 2.0437e+07  0.23%     -    7s
     0     0 2.0437e+07    0  201 2.0391e+07 2.0437e+07  0.22%     -    7s
     0     0 2.0437e+07    0  200 2.0391e+07 2.0437e+07  0.22%     -    7s
     0     0 2.0437e+07    0  207 2.0391e+07 2.0437e+07  0.22%     -    7s
     0     0 2.0437e+07    0  212 2.0391e+07 2.0437e+07  0.22%     -    7s
     0     0 2.0437e+07    0  213 2.0391e+07 2.0437e+07  0.22%     -    8s
H    0     0                    2.039943e+07 2.0437e+07  0.18%     -    9s

Cutting planes:
  Gomory: 17
  Cover: 16
  Implied bound: 1384
  MIR: 279
  Flow cover: 381
  RLT: 15
  Relax-and-lift: 190

Explored 1 nodes (13514 simplex iterations) in 9.16 seconds (8.83 work units)
Thread count was 48 (of 192 available processors)

Solution count 6: 2.03994e+07 2.03911e+07 2.03818e+07 ... 1.95526e+07

Optimal solution found (tolerance 2.00e-03)
Best objective 2.039942838941e+07, best bound 2.043698834794e+07, gap 0.1841%
Deleted nodefile directory: /scratch-local/lbeemster.22301055/gurobi_vss_rp_run2
  RP objective: 20399428.389409617
Saved model snapshot to study_case_model/figures/vss_experiment/28426/rp/sub0.0/run2/model_snapshot.pkl

[EVPI] Solving each scenario deterministically for perfect information...
  EV_PI expected objective: 20432742.64143451
  EVPI (EV_PI - RP): 33314.25202489272

[Step 2] Solving deterministic Expected Value model...
  EV objective: 20390479.467201658
Saved model snapshot to study_case_model/figures/vss_experiment/28426/ev/sub0.0/run2/model_snapshot.pkl

[Step 3] Solving EEV (stochastic model with fixed EV decisions)...
  EEV objective: 20313388.375355452

  ==================================================
  VALUE OF STOCHASTIC SOLUTION (Run 1)
  ==================================================
  RP  (stochastic)  = 20,399,428.39
  EV  (deterministic) = 20,390,479.47
  EEV (EV decisions)  = 20,313,388.38
  VSS = RP - EEV      = 86,040.01
  VSS as % of RP      = 0.42%
  EV_PI (perfect info) = 20,432,742.64
  EVPI = EV_PI - RP    = 33,314.25

Results saved to study_case_model/figures/vss_experiment/28426/vss_results_0_0.1_2_8.csv

======================================================================
VSS EXPERIMENT SUMMARY
======================================================================
  Across 1 runs:
    Mean VSS:    86,040.01 (0.42% of RP)
    Std VSS:     0.00
    Min VSS:     86,040.01
    Max VSS:     86,040.01
  → Stochastic formulation provides MARGINAL value — consider if complexity is justified.

  EVPI summary across 1 runs:
    Mean EVPI: 33,314.25
    Std EVPI:  0.00
    Min EVPI:  33,314.25
    Max EVPI:  33,314.25

Finished VSS experiment!
