Gurobi shell based on Python 3.13.1 can be launched with command `gurobi.sh`
Gurobi Python Interface can be loaded in Python 3.13.1 with 'import gurobipy'
/var/spool/slurm/slurmd/job22301090/slurm_script: line 24: activate: No such file or directory

======================================================================
RUN 1/1 (seed=3)
======================================================================

[Step 1] Solving full stochastic model (Recourse Problem)...
Read LP format model from file /scratch-local/lbeemster.22301090/tmp4diimy6f.pyomo.lp
Reading time = 0.12 seconds
x1: 44545 rows, 12650 columns, 255328 nonzeros
Set parameter OutputFlag to value 1
Set parameter MIPGap to value 0.002
Set parameter Threads to value 48
Set parameter Presolve to value 1
Set parameter Cuts to value 1
Set parameter NodefileStart to value 1
Set parameter NodefileDir to value "/scratch-local/lbeemster.22301090/gurobi_vss_rp_run3"
Set parameter MemLimit to value 60
Gurobi Optimizer version 12.0.3 build v12.0.3rc0 (linux64 - "Red Hat Enterprise Linux 9.6 (Plow)")

CPU model: AMD EPYC 9654 96-Core Processor, instruction set [SSE2|AVX|AVX2|AVX512]
Thread count: 192 physical cores, 192 logical processors, using up to 48 threads

Non-default parameters:
MemLimit  60
MIPGap  0.002
NodefileStart  1
Cuts  1
Presolve  1
Threads  48

Academic license 2514514 - for non-commercial use only - registered to l.___@student.vu.nl
Optimize a model with 44545 rows, 12650 columns and 255328 nonzeros
Model fingerprint: 0xd0a7b2ae
Variable types: 9994 continuous, 2656 integer (2656 binary)
Coefficient statistics:
  Matrix range     [6e-05, 1e+05]
  Objective range  [6e+00, 3e+04]
  Bounds range     [1e+00, 1e+00]
  RHS range        [3e-01, 2e+05]
Presolve removed 8572 rows and 5550 columns
Presolve time: 0.65s
Presolved: 35973 rows, 7100 columns, 168484 nonzeros
Variable types: 5668 continuous, 1432 integer (1432 binary)
Found heuristic solution: objective 1.881942e+07
Root relaxation presolved: 34691 rows, 5818 columns, 166028 nonzeros

Extra simplex iterations after uncrush: 32

Root relaxation: objective 2.011813e+07, 5122 iterations, 0.55 seconds (0.58 work units)

    Nodes    |    Current Node    |     Objective Bounds      |     Work
 Expl Unexpl |  Obj  Depth IntInf | Incumbent    BestBd   Gap | It/Node Time

     0     0 2.0118e+07    0   89 1.8819e+07 2.0118e+07  6.90%     -    2s
H    0     0                    1.936581e+07 2.0118e+07  3.88%     -    2s
H    0     0                    1.950801e+07 2.0106e+07  3.07%     -    2s
     0     0 2.0106e+07    0  136 1.9508e+07 2.0106e+07  3.07%     -    2s
H    0     0                    2.003819e+07 2.0105e+07  0.33%     -    3s
     0     0 2.0105e+07    0  139 2.0038e+07 2.0105e+07  0.33%     -    3s
     0     0 2.0105e+07    0  139 2.0038e+07 2.0105e+07  0.33%     -    3s
     0     0 2.0104e+07    0  162 2.0038e+07 2.0104e+07  0.33%     -    3s
     0     0 2.0104e+07    0  163 2.0038e+07 2.0104e+07  0.33%     -    3s
     0     0 2.0104e+07    0  160 2.0038e+07 2.0104e+07  0.33%     -    3s
     0     0 2.0104e+07    0  162 2.0038e+07 2.0104e+07  0.33%     -    3s
     0     0 2.0104e+07    0  161 2.0038e+07 2.0104e+07  0.33%     -    3s
     0     0 2.0104e+07    0  162 2.0038e+07 2.0104e+07  0.33%     -    3s
     0     0 2.0104e+07    0  162 2.0038e+07 2.0104e+07  0.33%     -    3s
     0     0 2.0104e+07    0  161 2.0038e+07 2.0104e+07  0.33%     -    3s
     0     0 2.0104e+07    0  160 2.0038e+07 2.0104e+07  0.33%     -    4s
     0     0 2.0103e+07    0  160 2.0038e+07 2.0103e+07  0.33%     -    4s
     0     0 2.0103e+07    0  159 2.0038e+07 2.0103e+07  0.33%     -    4s
     0     0 2.0103e+07    0  163 2.0038e+07 2.0103e+07  0.32%     -    4s
     0     0 2.0103e+07    0  169 2.0038e+07 2.0103e+07  0.32%     -    4s
     0     0 2.0103e+07    0  169 2.0038e+07 2.0103e+07  0.32%     -    4s
     0     0 2.0101e+07    0  161 2.0038e+07 2.0101e+07  0.32%     -    5s
     0     0 2.0101e+07    0  161 2.0038e+07 2.0101e+07  0.32%     -    5s
     0     0 2.0101e+07    0  161 2.0038e+07 2.0101e+07  0.32%     -    5s
H    0     0                    2.004170e+07 2.0101e+07  0.30%     -    6s
     0     0 2.0101e+07    0  143 2.0042e+07 2.0101e+07  0.30%     -    6s
     0     0 2.0101e+07    0  143 2.0042e+07 2.0101e+07  0.30%     -    6s
     0     0 2.0101e+07    0  143 2.0042e+07 2.0101e+07  0.30%     -    6s
     0     0 2.0101e+07    0  142 2.0042e+07 2.0101e+07  0.30%     -    6s
     0     0 2.0101e+07    0  154 2.0042e+07 2.0101e+07  0.30%     -    6s
     0     0 2.0101e+07    0  154 2.0042e+07 2.0101e+07  0.30%     -    6s
     0     0 2.0101e+07    0  153 2.0042e+07 2.0101e+07  0.30%     -    6s
     0     0 2.0101e+07    0  154 2.0042e+07 2.0101e+07  0.30%     -    6s
     0     0 2.0100e+07    0  132 2.0042e+07 2.0100e+07  0.29%     -    7s
     0     0 2.0100e+07    0  132 2.0042e+07 2.0100e+07  0.29%     -    7s
     0     0 2.0100e+07    0  132 2.0042e+07 2.0100e+07  0.29%     -    7s
     0     0 2.0100e+07    0  132 2.0042e+07 2.0100e+07  0.29%     -    7s
     0     0 2.0100e+07    0  132 2.0042e+07 2.0100e+07  0.29%     -    7s
     0     0 2.0100e+07    0  132 2.0042e+07 2.0100e+07  0.29%     -    7s
     0     0 2.0100e+07    0  132 2.0042e+07 2.0100e+07  0.29%     -    7s
     0     0 2.0100e+07    0  132 2.0042e+07 2.0100e+07  0.29%     -    7s
     0     0 2.0100e+07    0  132 2.0042e+07 2.0100e+07  0.29%     -    7s
     0     0 2.0100e+07    0  132 2.0042e+07 2.0100e+07  0.29%     -    7s
     0     0 2.0100e+07    0  132 2.0042e+07 2.0100e+07  0.29%     -    7s
H    0     0                    2.004428e+07 2.0100e+07  0.28%     -    7s
     0     0 2.0100e+07    0  148 2.0044e+07 2.0100e+07  0.28%     -    7s
     0     0 2.0100e+07    0  148 2.0044e+07 2.0100e+07  0.28%     -    7s
     0     0 2.0100e+07    0  145 2.0044e+07 2.0100e+07  0.28%     -    7s
     0     0 2.0100e+07    0  147 2.0044e+07 2.0100e+07  0.28%     -    7s
     0     0 2.0100e+07    0  147 2.0044e+07 2.0100e+07  0.28%     -    7s
H    0     0                    2.004726e+07 2.0100e+07  0.26%     -    8s
     0     0 2.0099e+07    0  124 2.0047e+07 2.0099e+07  0.26%     -    8s
     0     0 2.0099e+07    0  125 2.0047e+07 2.0099e+07  0.26%     -    8s
     0     0 2.0099e+07    0  125 2.0047e+07 2.0099e+07  0.26%     -    8s
     0     0 2.0099e+07    0  125 2.0047e+07 2.0099e+07  0.26%     -    8s
     0     0 2.0099e+07    0  107 2.0047e+07 2.0099e+07  0.26%     -    9s
     0     0 2.0099e+07    0  102 2.0047e+07 2.0099e+07  0.26%     -    9s
     0     0 2.0099e+07    0   95 2.0047e+07 2.0099e+07  0.26%     -    9s
     0     0 2.0099e+07    0   95 2.0047e+07 2.0099e+07  0.26%     -    9s
H    0     0                    2.004911e+07 2.0099e+07  0.25%     -    9s
H    0     0                    2.006137e+07 2.0099e+07  0.19%     -    9s

Cutting planes:
  Gomory: 12
  Cover: 13
  Implied bound: 940
  MIR: 226
  Flow cover: 349
  RLT: 16
  Relax-and-lift: 280

Explored 1 nodes (14656 simplex iterations) in 9.92 seconds (9.35 work units)
Thread count was 48 (of 192 available processors)

Solution count 9: 2.00614e+07 2.00491e+07 2.00473e+07 ... 1.88194e+07

Optimal solution found (tolerance 2.00e-03)
Best objective 2.006137055618e+07, best bound 2.009901844395e+07, gap 0.1877%
Deleted nodefile directory: /scratch-local/lbeemster.22301090/gurobi_vss_rp_run3
  RP objective: 20061370.556180518
Saved model snapshot to study_case_model/figures/vss_experiment/28426/rp/sub0.0/run3/model_snapshot.pkl

[EVPI] Solving each scenario deterministically for perfect information...
  EV_PI expected objective: 20096699.2503505
  EVPI (EV_PI - RP): 35328.69416998327

[Step 2] Solving deterministic Expected Value model...
  EV objective: 20390479.467201658
Saved model snapshot to study_case_model/figures/vss_experiment/28426/ev/sub0.0/run3/model_snapshot.pkl

[Step 3] Solving EEV (stochastic model with fixed EV decisions)...
  EEV objective: 19970259.300803408

  ==================================================
  VALUE OF STOCHASTIC SOLUTION (Run 1)
  ==================================================
  RP  (stochastic)  = 20,061,370.56
  EV  (deterministic) = 20,390,479.47
  EEV (EV decisions)  = 19,970,259.30
  VSS = RP - EEV      = 91,111.26
  VSS as % of RP      = 0.45%
  EV_PI (perfect info) = 20,096,699.25
  EVPI = EV_PI - RP    = 35,328.69

Results saved to study_case_model/figures/vss_experiment/28426/vss_results_0_0.1_4_4.csv

======================================================================
VSS EXPERIMENT SUMMARY
======================================================================
  Across 1 runs:
    Mean VSS:    91,111.26 (0.45% of RP)
    Std VSS:     0.00
    Min VSS:     91,111.26
    Max VSS:     91,111.26
  → Stochastic formulation provides MARGINAL value — consider if complexity is justified.

  EVPI summary across 1 runs:
    Mean EVPI: 35,328.69
    Std EVPI:  0.00
    Min EVPI:  35,328.69
    Max EVPI:  35,328.69

Finished VSS experiment!
