Gurobi shell based on Python 3.13.1 can be launched with command `gurobi.sh`
Gurobi Python Interface can be loaded in Python 3.13.1 with 'import gurobipy'
/var/spool/slurm/slurmd/job22304022/slurm_script: line 24: activate: No such file or directory

======================================================================
RUN 1/10 (seed=0)
======================================================================

[Step 1] Solving full stochastic model (Recourse Problem)...
Deleted nodefile directory: /scratch-local/lbeemster.22304022/gurobi_vss_rp_run0
  RP objective: 21388727.742067177
Saved model snapshot to study_case_model/figures/vss_experiment/28426/rp/sub70.0/run0/model_snapshot.pkl

[EVPI] Solving each scenario deterministically for perfect information...
  EV_PI expected objective: 21401428.882716697
  EVPI (EV_PI - RP): 12701.14064951986

[Step 2] Solving deterministic Expected Value model...
  EV objective: 20565692.625499967
Saved model snapshot to study_case_model/figures/vss_experiment/28426/ev/sub70.0/run0/model_snapshot.pkl

[Step 3] Solving EEV (stochastic model with fixed EV decisions)...
  EEV objective: 21289440.292224918

  ==================================================
  VALUE OF STOCHASTIC SOLUTION (Run 1)
  ==================================================
  RP  (stochastic)  = 21,388,727.74
  EV  (deterministic) = 20,565,692.63
  EEV (EV decisions)  = 21,289,440.29
  VSS = RP - EEV      = 99,287.45
  VSS as % of RP      = 0.46%
  EV_PI (perfect info) = 21,401,428.88
  EVPI = EV_PI - RP    = 12,701.14

======================================================================
RUN 2/10 (seed=1)
======================================================================

[Step 1] Solving full stochastic model (Recourse Problem)...
Deleted nodefile directory: /scratch-local/lbeemster.22304022/gurobi_vss_rp_run1
  RP objective: 21968856.30760739
Saved model snapshot to study_case_model/figures/vss_experiment/28426/rp/sub70.0/run1/model_snapshot.pkl

[EVPI] Solving each scenario deterministically for perfect information...
  EV_PI expected objective: 21990901.378810383
  EVPI (EV_PI - RP): 22045.071202993393

[Step 2] Solving deterministic Expected Value model...
  EV objective: 20565692.625499967
Saved model snapshot to study_case_model/figures/vss_experiment/28426/ev/sub70.0/run1/model_snapshot.pkl

[Step 3] Solving EEV (stochastic model with fixed EV decisions)...
  EEV objective: 21881990.0797243

  ==================================================
  VALUE OF STOCHASTIC SOLUTION (Run 2)
  ==================================================
  RP  (stochastic)  = 21,968,856.31
  EV  (deterministic) = 20,565,692.63
  EEV (EV decisions)  = 21,881,990.08
  VSS = RP - EEV      = 86,866.23
  VSS as % of RP      = 0.40%
  EV_PI (perfect info) = 21,990,901.38
  EVPI = EV_PI - RP    = 22,045.07

======================================================================
RUN 3/10 (seed=2)
======================================================================

[Step 1] Solving full stochastic model (Recourse Problem)...
Deleted nodefile directory: /scratch-local/lbeemster.22304022/gurobi_vss_rp_run2
  RP objective: 21627137.040079348
Saved model snapshot to study_case_model/figures/vss_experiment/28426/rp/sub70.0/run2/model_snapshot.pkl

[EVPI] Solving each scenario deterministically for perfect information...
  EV_PI expected objective: 21638295.60760059
  EVPI (EV_PI - RP): 11158.567521240562

[Step 2] Solving deterministic Expected Value model...
  EV objective: 20565692.625499967
Saved model snapshot to study_case_model/figures/vss_experiment/28426/ev/sub70.0/run2/model_snapshot.pkl

[Step 3] Solving EEV (stochastic model with fixed EV decisions)...
  EEV objective: 21524502.196927343

  ==================================================
  VALUE OF STOCHASTIC SOLUTION (Run 3)
  ==================================================
  RP  (stochastic)  = 21,627,137.04
  EV  (deterministic) = 20,565,692.63
  EEV (EV decisions)  = 21,524,502.20
  VSS = RP - EEV      = 102,634.84
  VSS as % of RP      = 0.47%
  EV_PI (perfect info) = 21,638,295.61
  EVPI = EV_PI - RP    = 11,158.57

======================================================================
RUN 4/10 (seed=3)
======================================================================

[Step 1] Solving full stochastic model (Recourse Problem)...
Deleted nodefile directory: /scratch-local/lbeemster.22304022/gurobi_vss_rp_run3
  RP objective: 22022678.54702765
Saved model snapshot to study_case_model/figures/vss_experiment/28426/rp/sub70.0/run3/model_snapshot.pkl

[EVPI] Solving each scenario deterministically for perfect information...
  EV_PI expected objective: 22044165.600930046
  EVPI (EV_PI - RP): 21487.05390239507

[Step 2] Solving deterministic Expected Value model...
  EV objective: 20565692.625499967
Saved model snapshot to study_case_model/figures/vss_experiment/28426/ev/sub70.0/run3/model_snapshot.pkl

[Step 3] Solving EEV (stochastic model with fixed EV decisions)...
  EEV objective: 21921545.237251457

  ==================================================
  VALUE OF STOCHASTIC SOLUTION (Run 4)
  ==================================================
  RP  (stochastic)  = 22,022,678.55
  EV  (deterministic) = 20,565,692.63
  EEV (EV decisions)  = 21,921,545.24
  VSS = RP - EEV      = 101,133.31
  VSS as % of RP      = 0.46%
  EV_PI (perfect info) = 22,044,165.60
  EVPI = EV_PI - RP    = 21,487.05

======================================================================
RUN 5/10 (seed=4)
======================================================================

[Step 1] Solving full stochastic model (Recourse Problem)...
Deleted nodefile directory: /scratch-local/lbeemster.22304022/gurobi_vss_rp_run4
  RP objective: 22063009.10624288
Saved model snapshot to study_case_model/figures/vss_experiment/28426/rp/sub70.0/run4/model_snapshot.pkl

[EVPI] Solving each scenario deterministically for perfect information...
  EV_PI expected objective: 22086864.880933013
  EVPI (EV_PI - RP): 23855.774690132588

[Step 2] Solving deterministic Expected Value model...
  EV objective: 20565692.625499967
Saved model snapshot to study_case_model/figures/vss_experiment/28426/ev/sub70.0/run4/model_snapshot.pkl

[Step 3] Solving EEV (stochastic model with fixed EV decisions)...
  EEV objective: 21990403.755848035

  ==================================================
  VALUE OF STOCHASTIC SOLUTION (Run 5)
  ==================================================
  RP  (stochastic)  = 22,063,009.11
  EV  (deterministic) = 20,565,692.63
  EEV (EV decisions)  = 21,990,403.76
  VSS = RP - EEV      = 72,605.35
  VSS as % of RP      = 0.33%
  EV_PI (perfect info) = 22,086,864.88
  EVPI = EV_PI - RP    = 23,855.77

======================================================================
RUN 6/10 (seed=5)
======================================================================

[Step 1] Solving full stochastic model (Recourse Problem)...
Deleted nodefile directory: /scratch-local/lbeemster.22304022/gurobi_vss_rp_run5
  RP objective: 22288264.32147347
Saved model snapshot to study_case_model/figures/vss_experiment/28426/rp/sub70.0/run5/model_snapshot.pkl

[EVPI] Solving each scenario deterministically for perfect information...
  EV_PI expected objective: 22306450.91414155
  EVPI (EV_PI - RP): 18186.59266807884

[Step 2] Solving deterministic Expected Value model...
  EV objective: 20565692.625499967
Saved model snapshot to study_case_model/figures/vss_experiment/28426/ev/sub70.0/run5/model_snapshot.pkl

[Step 3] Solving EEV (stochastic model with fixed EV decisions)...
  EEV objective: 22203722.27266735

  ==================================================
  VALUE OF STOCHASTIC SOLUTION (Run 6)
  ==================================================
  RP  (stochastic)  = 22,288,264.32
  EV  (deterministic) = 20,565,692.63
  EEV (EV decisions)  = 22,203,722.27
  VSS = RP - EEV      = 84,542.05
  VSS as % of RP      = 0.38%
  EV_PI (perfect info) = 22,306,450.91
  EVPI = EV_PI - RP    = 18,186.59

======================================================================
RUN 7/10 (seed=6)
======================================================================

[Step 1] Solving full stochastic model (Recourse Problem)...
Deleted nodefile directory: /scratch-local/lbeemster.22304022/gurobi_vss_rp_run6
  RP objective: 22238090.7976018
Saved model snapshot to study_case_model/figures/vss_experiment/28426/rp/sub70.0/run6/model_snapshot.pkl

[EVPI] Solving each scenario deterministically for perfect information...
  EV_PI expected objective: 22243634.028868698
  EVPI (EV_PI - RP): 5543.231266897172

[Step 2] Solving deterministic Expected Value model...
  EV objective: 20565692.625499967
Saved model snapshot to study_case_model/figures/vss_experiment/28426/ev/sub70.0/run6/model_snapshot.pkl

[Step 3] Solving EEV (stochastic model with fixed EV decisions)...
[2026-04-30T03:59:34.023] error: *** JOB 22304022 ON tcn632 CANCELLED AT 2026-04-30T03:59:34 DUE TO TIME LIMIT ***
