Gurobi shell based on Python 3.13.1 can be launched with command `gurobi.sh`
Gurobi Python Interface can be loaded in Python 3.13.1 with 'import gurobipy'
/var/spool/slurm/slurmd/job22308361/slurm_script: line 24: activate: No such file or directory

======================================================================
RUN 1/10 (seed=0)
======================================================================

[Step 1] Solving full stochastic model (Recourse Problem)...
Deleted nodefile directory: /scratch-local/lbeemster.22308361/gurobi_vss_rp_run0
  RP objective: 21799023.63154778
Saved model snapshot to study_case_model/figures/vss_experiment/28426/rp/sub0.0/run0/model_snapshot.pkl

[EVPI] Solving each scenario deterministically for perfect information...
  EV_PI expected objective: 21813114.609623794
  EVPI (EV_PI - RP): 14090.978076014668

[Step 2] Solving deterministic Expected Value model...
  EV objective: 20390479.467201658
Saved model snapshot to study_case_model/figures/vss_experiment/28426/ev/sub0.0/run0/model_snapshot.pkl

[Step 3] Solving EEV (stochastic model with fixed EV decisions)...
  EEV objective: 21726287.953771997

  ==================================================
  VALUE OF STOCHASTIC SOLUTION (Run 1)
  ==================================================
  RP  (stochastic)  = 21,799,023.63
  EV  (deterministic) = 20,390,479.47
  EEV (EV decisions)  = 21,726,287.95
  VSS = RP - EEV      = 72,735.68
  VSS as % of RP      = 0.33%
  EV_PI (perfect info) = 21,813,114.61
  EVPI = EV_PI - RP    = 14,090.98

======================================================================
RUN 2/10 (seed=1)
======================================================================

[Step 1] Solving full stochastic model (Recourse Problem)...
Deleted nodefile directory: /scratch-local/lbeemster.22308361/gurobi_vss_rp_run1
  RP objective: 21080025.882277157
Saved model snapshot to study_case_model/figures/vss_experiment/28426/rp/sub0.0/run1/model_snapshot.pkl

[EVPI] Solving each scenario deterministically for perfect information...
  EV_PI expected objective: 21119127.17655741
  EVPI (EV_PI - RP): 39101.29428025335

[Step 2] Solving deterministic Expected Value model...
  EV objective: 20390479.467201658
Saved model snapshot to study_case_model/figures/vss_experiment/28426/ev/sub0.0/run1/model_snapshot.pkl

[Step 3] Solving EEV (stochastic model with fixed EV decisions)...
  EEV objective: 21000041.595110107

  ==================================================
  VALUE OF STOCHASTIC SOLUTION (Run 2)
  ==================================================
  RP  (stochastic)  = 21,080,025.88
  EV  (deterministic) = 20,390,479.47
  EEV (EV decisions)  = 21,000,041.60
  VSS = RP - EEV      = 79,984.29
  VSS as % of RP      = 0.38%
  EV_PI (perfect info) = 21,119,127.18
  EVPI = EV_PI - RP    = 39,101.29

======================================================================
RUN 3/10 (seed=2)
======================================================================

[Step 1] Solving full stochastic model (Recourse Problem)...
Deleted nodefile directory: /scratch-local/lbeemster.22308361/gurobi_vss_rp_run2
  RP objective: 21181550.037649583
Saved model snapshot to study_case_model/figures/vss_experiment/28426/rp/sub0.0/run2/model_snapshot.pkl

[EVPI] Solving each scenario deterministically for perfect information...
  EV_PI expected objective: 21212825.229643527
  EVPI (EV_PI - RP): 31275.191993944347

[Step 2] Solving deterministic Expected Value model...
  EV objective: 20390479.467201658
Saved model snapshot to study_case_model/figures/vss_experiment/28426/ev/sub0.0/run2/model_snapshot.pkl

[Step 3] Solving EEV (stochastic model with fixed EV decisions)...
  EEV objective: 21091170.084523413

  ==================================================
  VALUE OF STOCHASTIC SOLUTION (Run 3)
  ==================================================
  RP  (stochastic)  = 21,181,550.04
  EV  (deterministic) = 20,390,479.47
  EEV (EV decisions)  = 21,091,170.08
  VSS = RP - EEV      = 90,379.95
  VSS as % of RP      = 0.43%
  EV_PI (perfect info) = 21,212,825.23
  EVPI = EV_PI - RP    = 31,275.19

======================================================================
RUN 4/10 (seed=3)
======================================================================

[Step 1] Solving full stochastic model (Recourse Problem)...
Deleted nodefile directory: /scratch-local/lbeemster.22308361/gurobi_vss_rp_run3
  RP objective: 20083745.35544781
Saved model snapshot to study_case_model/figures/vss_experiment/28426/rp/sub0.0/run3/model_snapshot.pkl

[EVPI] Solving each scenario deterministically for perfect information...
  EV_PI expected objective: 20096699.2503505
  EVPI (EV_PI - RP): 12953.894902691245

[Step 2] Solving deterministic Expected Value model...
  EV objective: 20390479.467201658
Saved model snapshot to study_case_model/figures/vss_experiment/28426/ev/sub0.0/run3/model_snapshot.pkl

[Step 3] Solving EEV (stochastic model with fixed EV decisions)...
  EEV objective: 19992645.320892558

  ==================================================
  VALUE OF STOCHASTIC SOLUTION (Run 4)
  ==================================================
  RP  (stochastic)  = 20,083,745.36
  EV  (deterministic) = 20,390,479.47
  EEV (EV decisions)  = 19,992,645.32
  VSS = RP - EEV      = 91,100.03
  VSS as % of RP      = 0.45%
  EV_PI (perfect info) = 20,096,699.25
  EVPI = EV_PI - RP    = 12,953.89

======================================================================
RUN 5/10 (seed=4)
======================================================================

[Step 1] Solving full stochastic model (Recourse Problem)...
Deleted nodefile directory: /scratch-local/lbeemster.22308361/gurobi_vss_rp_run4
  RP objective: 22003640.179928754
Saved model snapshot to study_case_model/figures/vss_experiment/28426/rp/sub0.0/run4/model_snapshot.pkl

[EVPI] Solving each scenario deterministically for perfect information...
  EV_PI expected objective: 22028309.125964172
  EVPI (EV_PI - RP): 24668.94603541866

[Step 2] Solving deterministic Expected Value model...
  EV objective: 20390479.467201658
Saved model snapshot to study_case_model/figures/vss_experiment/28426/ev/sub0.0/run4/model_snapshot.pkl

[Step 3] Solving EEV (stochastic model with fixed EV decisions)...
  EEV objective: 21907610.897812273

  ==================================================
  VALUE OF STOCHASTIC SOLUTION (Run 5)
  ==================================================
  RP  (stochastic)  = 22,003,640.18
  EV  (deterministic) = 20,390,479.47
  EEV (EV decisions)  = 21,907,610.90
  VSS = RP - EEV      = 96,029.28
  VSS as % of RP      = 0.44%
  EV_PI (perfect info) = 22,028,309.13
  EVPI = EV_PI - RP    = 24,668.95

======================================================================
RUN 6/10 (seed=5)
======================================================================

[Step 1] Solving full stochastic model (Recourse Problem)...
Deleted nodefile directory: /scratch-local/lbeemster.22308361/gurobi_vss_rp_run5
  RP objective: 21863540.700687166
Saved model snapshot to study_case_model/figures/vss_experiment/28426/rp/sub0.0/run5/model_snapshot.pkl

[EVPI] Solving each scenario deterministically for perfect information...
  EV_PI expected objective: 21897974.41966517
  EVPI (EV_PI - RP): 34433.71897800267

[Step 2] Solving deterministic Expected Value model...
  EV objective: 20390479.467201658
Saved model snapshot to study_case_model/figures/vss_experiment/28426/ev/sub0.0/run5/model_snapshot.pkl

[Step 3] Solving EEV (stochastic model with fixed EV decisions)...
  EEV objective: 21809468.268403735

  ==================================================
  VALUE OF STOCHASTIC SOLUTION (Run 6)
  ==================================================
  RP  (stochastic)  = 21,863,540.70
  EV  (deterministic) = 20,390,479.47
  EEV (EV decisions)  = 21,809,468.27
  VSS = RP - EEV      = 54,072.43
  VSS as % of RP      = 0.25%
  EV_PI (perfect info) = 21,897,974.42
  EVPI = EV_PI - RP    = 34,433.72

======================================================================
RUN 7/10 (seed=6)
======================================================================

[Step 1] Solving full stochastic model (Recourse Problem)...
Deleted nodefile directory: /scratch-local/lbeemster.22308361/gurobi_vss_rp_run6
  RP objective: 21239050.214517873
Saved model snapshot to study_case_model/figures/vss_experiment/28426/rp/sub0.0/run6/model_snapshot.pkl

[EVPI] Solving each scenario deterministically for perfect information...
  EV_PI expected objective: 21249134.892370455
  EVPI (EV_PI - RP): 10084.677852582186

[Step 2] Solving deterministic Expected Value model...
  EV objective: 20390479.467201658
Saved model snapshot to study_case_model/figures/vss_experiment/28426/ev/sub0.0/run6/model_snapshot.pkl

[Step 3] Solving EEV (stochastic model with fixed EV decisions)...
  EEV objective: 21137281.728223544

  ==================================================
  VALUE OF STOCHASTIC SOLUTION (Run 7)
  ==================================================
  RP  (stochastic)  = 21,239,050.21
  EV  (deterministic) = 20,390,479.47
  EEV (EV decisions)  = 21,137,281.73
  VSS = RP - EEV      = 101,768.49
  VSS as % of RP      = 0.48%
  EV_PI (perfect info) = 21,249,134.89
  EVPI = EV_PI - RP    = 10,084.68

======================================================================
RUN 8/10 (seed=7)
======================================================================

[Step 1] Solving full stochastic model (Recourse Problem)...
Deleted nodefile directory: /scratch-local/lbeemster.22308361/gurobi_vss_rp_run7
  RP objective: 21570210.988524333
Saved model snapshot to study_case_model/figures/vss_experiment/28426/rp/sub0.0/run7/model_snapshot.pkl

[EVPI] Solving each scenario deterministically for perfect information...
  EV_PI expected objective: 21597101.626769003
  EVPI (EV_PI - RP): 26890.638244669884

[Step 2] Solving deterministic Expected Value model...
  EV objective: 20390479.467201658
Saved model snapshot to study_case_model/figures/vss_experiment/28426/ev/sub0.0/run7/model_snapshot.pkl

[Step 3] Solving EEV (stochastic model with fixed EV decisions)...
  EEV objective: 21465409.46331586

  ==================================================
  VALUE OF STOCHASTIC SOLUTION (Run 8)
  ==================================================
  RP  (stochastic)  = 21,570,210.99
  EV  (deterministic) = 20,390,479.47
  EEV (EV decisions)  = 21,465,409.46
  VSS = RP - EEV      = 104,801.53
  VSS as % of RP      = 0.49%
  EV_PI (perfect info) = 21,597,101.63
  EVPI = EV_PI - RP    = 26,890.64

======================================================================
RUN 9/10 (seed=8)
======================================================================

[Step 1] Solving full stochastic model (Recourse Problem)...
Deleted nodefile directory: /scratch-local/lbeemster.22308361/gurobi_vss_rp_run8
  RP objective: 21304557.897065893
Saved model snapshot to study_case_model/figures/vss_experiment/28426/rp/sub0.0/run8/model_snapshot.pkl

[EVPI] Solving each scenario deterministically for perfect information...
  EV_PI expected objective: 21306190.339130115
  EVPI (EV_PI - RP): 1632.4420642219484

[Step 2] Solving deterministic Expected Value model...
  EV objective: 20390479.467201658
Saved model snapshot to study_case_model/figures/vss_experiment/28426/ev/sub0.0/run8/model_snapshot.pkl

[Step 3] Solving EEV (stochastic model with fixed EV decisions)...
  EEV objective: 21253176.56041534

  ==================================================
  VALUE OF STOCHASTIC SOLUTION (Run 9)
  ==================================================
  RP  (stochastic)  = 21,304,557.90
  EV  (deterministic) = 20,390,479.47
  EEV (EV decisions)  = 21,253,176.56
  VSS = RP - EEV      = 51,381.34
  VSS as % of RP      = 0.24%
  EV_PI (perfect info) = 21,306,190.34
  EVPI = EV_PI - RP    = 1,632.44

======================================================================
RUN 10/10 (seed=9)
======================================================================

[Step 1] Solving full stochastic model (Recourse Problem)...
Deleted nodefile directory: /scratch-local/lbeemster.22308361/gurobi_vss_rp_run9
  RP objective: 21605810.536099948
Saved model snapshot to study_case_model/figures/vss_experiment/28426/rp/sub0.0/run9/model_snapshot.pkl

[EVPI] Solving each scenario deterministically for perfect information...
  EV_PI expected objective: 21608266.735688694
  EVPI (EV_PI - RP): 2456.1995887458324

[Step 2] Solving deterministic Expected Value model...
  EV objective: 20390479.467201658
Saved model snapshot to study_case_model/figures/vss_experiment/28426/ev/sub0.0/run9/model_snapshot.pkl

[Step 3] Solving EEV (stochastic model with fixed EV decisions)...
  EEV objective: 21529083.570209064

  ==================================================
  VALUE OF STOCHASTIC SOLUTION (Run 10)
  ==================================================
  RP  (stochastic)  = 21,605,810.54
  EV  (deterministic) = 20,390,479.47
  EEV (EV decisions)  = 21,529,083.57
  VSS = RP - EEV      = 76,726.97
  VSS as % of RP      = 0.36%
  EV_PI (perfect info) = 21,608,266.74
  EVPI = EV_PI - RP    = 2,456.20
Run 9 appended to study_case_model/figures/vss_experiment/28426/vss_results_0_0.2_4_4.csv

======================================================================
VSS EXPERIMENT SUMMARY
======================================================================
  Across 10 runs:
    Mean VSS:    81,898.00 (0.38% of RP)
    Std VSS:     17,594.32
    Min VSS:     51,381.34
    Max VSS:     104,801.53
  → Stochastic formulation provides MARGINAL value — consider if complexity is justified.

  EVPI summary across 10 runs:
    Mean EVPI: 19,758.80
    Std EVPI:  12,637.44
    Min EVPI:  1,632.44
    Max EVPI:  39,101.29

Finished VSS experiment!
