Gurobi shell based on Python 3.13.1 can be launched with command `gurobi.sh`
Gurobi Python Interface can be loaded in Python 3.13.1 with 'import gurobipy'
/var/spool/slurm/slurmd/job22319438/slurm_script: line 24: activate: No such file or directory

======================================================================
RUN 1/10 (seed=0)
======================================================================

[Step 1] Solving full stochastic model (Recourse Problem)...
Deleted nodefile directory: /scratch-local/lbeemster.22319438/gurobi_vss_rp_run0
  RP objective: 21845798.81498444
Saved model snapshot to study_case_model/figures/vss_experiment/28426/rp/sub45.0/run0/model_snapshot.pkl

[EVPI] Solving each scenario deterministically for perfect information...
  EV_PI expected objective: 21868834.72815114
  EVPI (EV_PI - RP): 23035.91316669807

[Step 2] Solving deterministic Expected Value model...
  EV objective: 20424633.937798895
Saved model snapshot to study_case_model/figures/vss_experiment/28426/ev/sub45.0/run0/model_snapshot.pkl

[Step 3] Solving EEV (stochastic model with fixed EV decisions)...
  EEV objective: 21770257.90604573

  ==================================================
  VALUE OF STOCHASTIC SOLUTION (Run 1)
  ==================================================
  RP  (stochastic)  = 21,845,798.81
  EV  (deterministic) = 20,424,633.94
  EEV (EV decisions)  = 21,770,257.91
  VSS = RP - EEV      = 75,540.91
  VSS as % of RP      = 0.35%
  EV_PI (perfect info) = 21,868,834.73
  EVPI = EV_PI - RP    = 23,035.91

======================================================================
RUN 2/10 (seed=1)
======================================================================

[Step 1] Solving full stochastic model (Recourse Problem)...
Deleted nodefile directory: /scratch-local/lbeemster.22319438/gurobi_vss_rp_run1
  RP objective: 21199280.71329243
Saved model snapshot to study_case_model/figures/vss_experiment/28426/rp/sub45.0/run1/model_snapshot.pkl

[EVPI] Solving each scenario deterministically for perfect information...
  EV_PI expected objective: 21221153.3819889
  EVPI (EV_PI - RP): 21872.66869647056

[Step 2] Solving deterministic Expected Value model...
  EV objective: 20424633.937798895
Saved model snapshot to study_case_model/figures/vss_experiment/28426/ev/sub45.0/run1/model_snapshot.pkl

[Step 3] Solving EEV (stochastic model with fixed EV decisions)...
  EEV objective: 21114024.58913941

  ==================================================
  VALUE OF STOCHASTIC SOLUTION (Run 2)
  ==================================================
  RP  (stochastic)  = 21,199,280.71
  EV  (deterministic) = 20,424,633.94
  EEV (EV decisions)  = 21,114,024.59
  VSS = RP - EEV      = 85,256.12
  VSS as % of RP      = 0.40%
  EV_PI (perfect info) = 21,221,153.38
  EVPI = EV_PI - RP    = 21,872.67

======================================================================
RUN 3/10 (seed=2)
======================================================================

[Step 1] Solving full stochastic model (Recourse Problem)...
Deleted nodefile directory: /scratch-local/lbeemster.22319438/gurobi_vss_rp_run2
  RP objective: 21294829.02861284
Saved model snapshot to study_case_model/figures/vss_experiment/28426/rp/sub45.0/run2/model_snapshot.pkl

[EVPI] Solving each scenario deterministically for perfect information...
  EV_PI expected objective: 21298314.055220716
  EVPI (EV_PI - RP): 3485.026607874781

[Step 2] Solving deterministic Expected Value model...
  EV objective: 20424633.937798895
Saved model snapshot to study_case_model/figures/vss_experiment/28426/ev/sub45.0/run2/model_snapshot.pkl

[Step 3] Solving EEV (stochastic model with fixed EV decisions)...
  EEV objective: 21188296.411987614

  ==================================================
  VALUE OF STOCHASTIC SOLUTION (Run 3)
  ==================================================
  RP  (stochastic)  = 21,294,829.03
  EV  (deterministic) = 20,424,633.94
  EEV (EV decisions)  = 21,188,296.41
  VSS = RP - EEV      = 106,532.62
  VSS as % of RP      = 0.50%
  EV_PI (perfect info) = 21,298,314.06
  EVPI = EV_PI - RP    = 3,485.03

======================================================================
RUN 4/10 (seed=3)
======================================================================

[Step 1] Solving full stochastic model (Recourse Problem)...
Deleted nodefile directory: /scratch-local/lbeemster.22319438/gurobi_vss_rp_run3
  RP objective: 20081857.846773103
Saved model snapshot to study_case_model/figures/vss_experiment/28426/rp/sub45.0/run3/model_snapshot.pkl

[EVPI] Solving each scenario deterministically for perfect information...
  EV_PI expected objective: 20107586.06795479
  EVPI (EV_PI - RP): 25728.221181686968

[Step 2] Solving deterministic Expected Value model...
  EV objective: 20424633.937798895
Saved model snapshot to study_case_model/figures/vss_experiment/28426/ev/sub45.0/run3/model_snapshot.pkl

[Step 3] Solving EEV (stochastic model with fixed EV decisions)...
  EEV objective: 19982213.164197486

  ==================================================
  VALUE OF STOCHASTIC SOLUTION (Run 4)
  ==================================================
  RP  (stochastic)  = 20,081,857.85
  EV  (deterministic) = 20,424,633.94
  EEV (EV decisions)  = 19,982,213.16
  VSS = RP - EEV      = 99,644.68
  VSS as % of RP      = 0.50%
  EV_PI (perfect info) = 20,107,586.07
  EVPI = EV_PI - RP    = 25,728.22

======================================================================
RUN 5/10 (seed=4)
======================================================================

[Step 1] Solving full stochastic model (Recourse Problem)...
Deleted nodefile directory: /scratch-local/lbeemster.22319438/gurobi_vss_rp_run4
  RP objective: 22118948.617802445
Saved model snapshot to study_case_model/figures/vss_experiment/28426/rp/sub45.0/run4/model_snapshot.pkl

[EVPI] Solving each scenario deterministically for perfect information...
  EV_PI expected objective: 22130165.15268198
  EVPI (EV_PI - RP): 11216.534879535437

[Step 2] Solving deterministic Expected Value model...
  EV objective: 20424633.937798895
Saved model snapshot to study_case_model/figures/vss_experiment/28426/ev/sub45.0/run4/model_snapshot.pkl

[Step 3] Solving EEV (stochastic model with fixed EV decisions)...
  EEV objective: 22010766.697225746

  ==================================================
  VALUE OF STOCHASTIC SOLUTION (Run 5)
  ==================================================
  RP  (stochastic)  = 22,118,948.62
  EV  (deterministic) = 20,424,633.94
  EEV (EV decisions)  = 22,010,766.70
  VSS = RP - EEV      = 108,181.92
  VSS as % of RP      = 0.49%
  EV_PI (perfect info) = 22,130,165.15
  EVPI = EV_PI - RP    = 11,216.53

======================================================================
RUN 6/10 (seed=5)
======================================================================

[Step 1] Solving full stochastic model (Recourse Problem)...
Deleted nodefile directory: /scratch-local/lbeemster.22319438/gurobi_vss_rp_run5
  RP objective: 21862746.72506066
Saved model snapshot to study_case_model/figures/vss_experiment/28426/rp/sub45.0/run5/model_snapshot.pkl

[EVPI] Solving each scenario deterministically for perfect information...
  EV_PI expected objective: 21878616.25247228
  EVPI (EV_PI - RP): 15869.527411621064

[Step 2] Solving deterministic Expected Value model...
  EV objective: 20424633.937798895
Saved model snapshot to study_case_model/figures/vss_experiment/28426/ev/sub45.0/run5/model_snapshot.pkl

[Step 3] Solving EEV (stochastic model with fixed EV decisions)...
  EEV objective: 21787569.877246927

  ==================================================
  VALUE OF STOCHASTIC SOLUTION (Run 6)
  ==================================================
  RP  (stochastic)  = 21,862,746.73
  EV  (deterministic) = 20,424,633.94
  EEV (EV decisions)  = 21,787,569.88
  VSS = RP - EEV      = 75,176.85
  VSS as % of RP      = 0.34%
  EV_PI (perfect info) = 21,878,616.25
  EVPI = EV_PI - RP    = 15,869.53

======================================================================
RUN 7/10 (seed=6)
======================================================================

[Step 1] Solving full stochastic model (Recourse Problem)...
Deleted nodefile directory: /scratch-local/lbeemster.22319438/gurobi_vss_rp_run6
  RP objective: 21358745.007130522
Saved model snapshot to study_case_model/figures/vss_experiment/28426/rp/sub45.0/run6/model_snapshot.pkl

[EVPI] Solving each scenario deterministically for perfect information...
  EV_PI expected objective: 21362575.66135468
  EVPI (EV_PI - RP): 3830.6542241573334

[Step 2] Solving deterministic Expected Value model...
  EV objective: 20424633.937798895
Saved model snapshot to study_case_model/figures/vss_experiment/28426/ev/sub45.0/run6/model_snapshot.pkl

[Step 3] Solving EEV (stochastic model with fixed EV decisions)...
  EEV objective: 21268237.946448576

  ==================================================
  VALUE OF STOCHASTIC SOLUTION (Run 7)
  ==================================================
  RP  (stochastic)  = 21,358,745.01
  EV  (deterministic) = 20,424,633.94
  EEV (EV decisions)  = 21,268,237.95
  VSS = RP - EEV      = 90,507.06
  VSS as % of RP      = 0.42%
  EV_PI (perfect info) = 21,362,575.66
  EVPI = EV_PI - RP    = 3,830.65

======================================================================
RUN 8/10 (seed=7)
======================================================================

[Step 1] Solving full stochastic model (Recourse Problem)...
Deleted nodefile directory: /scratch-local/lbeemster.22319438/gurobi_vss_rp_run7
  RP objective: 21630345.09611187
Saved model snapshot to study_case_model/figures/vss_experiment/28426/rp/sub45.0/run7/model_snapshot.pkl

[EVPI] Solving each scenario deterministically for perfect information...
  EV_PI expected objective: 21641302.75762132
  EVPI (EV_PI - RP): 10957.661509450525

[Step 2] Solving deterministic Expected Value model...
  EV objective: 20424633.937798895
Saved model snapshot to study_case_model/figures/vss_experiment/28426/ev/sub45.0/run7/model_snapshot.pkl

[Step 3] Solving EEV (stochastic model with fixed EV decisions)...
  EEV objective: 21513842.113021318

  ==================================================
  VALUE OF STOCHASTIC SOLUTION (Run 8)
  ==================================================
  RP  (stochastic)  = 21,630,345.10
  EV  (deterministic) = 20,424,633.94
  EEV (EV decisions)  = 21,513,842.11
  VSS = RP - EEV      = 116,502.98
  VSS as % of RP      = 0.54%
  EV_PI (perfect info) = 21,641,302.76
  EVPI = EV_PI - RP    = 10,957.66

======================================================================
RUN 9/10 (seed=8)
======================================================================

[Step 1] Solving full stochastic model (Recourse Problem)...
Deleted nodefile directory: /scratch-local/lbeemster.22319438/gurobi_vss_rp_run8
  RP objective: 21300481.914313935
Saved model snapshot to study_case_model/figures/vss_experiment/28426/rp/sub45.0/run8/model_snapshot.pkl

[EVPI] Solving each scenario deterministically for perfect information...
  EV_PI expected objective: 21315202.675727293
  EVPI (EV_PI - RP): 14720.761413358152

[Step 2] Solving deterministic Expected Value model...
  EV objective: 20424633.937798895
Saved model snapshot to study_case_model/figures/vss_experiment/28426/ev/sub45.0/run8/model_snapshot.pkl

[Step 3] Solving EEV (stochastic model with fixed EV decisions)...
  EEV objective: 21251055.393389028

  ==================================================
  VALUE OF STOCHASTIC SOLUTION (Run 9)
  ==================================================
  RP  (stochastic)  = 21,300,481.91
  EV  (deterministic) = 20,424,633.94
  EEV (EV decisions)  = 21,251,055.39
  VSS = RP - EEV      = 49,426.52
  VSS as % of RP      = 0.23%
  EV_PI (perfect info) = 21,315,202.68
  EVPI = EV_PI - RP    = 14,720.76

======================================================================
RUN 10/10 (seed=9)
======================================================================

[Step 1] Solving full stochastic model (Recourse Problem)...
Deleted nodefile directory: /scratch-local/lbeemster.22319438/gurobi_vss_rp_run9
  RP objective: 21635419.486704387
Saved model snapshot to study_case_model/figures/vss_experiment/28426/rp/sub45.0/run9/model_snapshot.pkl

[EVPI] Solving each scenario deterministically for perfect information...
  EV_PI expected objective: 21630448.27655719
  EVPI (EV_PI - RP): -4971.21014719829

[Step 2] Solving deterministic Expected Value model...
  EV objective: 20424633.937798895
Saved model snapshot to study_case_model/figures/vss_experiment/28426/ev/sub45.0/run9/model_snapshot.pkl

[Step 3] Solving EEV (stochastic model with fixed EV decisions)...
  EEV objective: 21558030.88162782

  ==================================================
  VALUE OF STOCHASTIC SOLUTION (Run 10)
  ==================================================
  RP  (stochastic)  = 21,635,419.49
  EV  (deterministic) = 20,424,633.94
  EEV (EV decisions)  = 21,558,030.88
  VSS = RP - EEV      = 77,388.61
  VSS as % of RP      = 0.36%
  EV_PI (perfect info) = 21,630,448.28
  EVPI = EV_PI - RP    = -4,971.21
Run 9 appended to study_case_model/figures/vss_experiment/28426/vss_results_45_0.1_4_8.csv

======================================================================
VSS EXPERIMENT SUMMARY
======================================================================
  Across 10 runs:
    Mean VSS:    88,415.83 (0.41% of RP)
    Std VSS:     19,055.31
    Min VSS:     49,426.52
    Max VSS:     116,502.98
  → Stochastic formulation provides MARGINAL value — consider if complexity is justified.

  EVPI summary across 10 runs:
    Mean EVPI: 12,574.58
    Std EVPI:  9,250.75
    Min EVPI:  -4,971.21
    Max EVPI:  25,728.22

Finished VSS experiment!
