Gurobi shell based on Python 3.13.1 can be launched with command `gurobi.sh`
Gurobi Python Interface can be loaded in Python 3.13.1 with 'import gurobipy'
/var/spool/slurm/slurmd/job22331834/slurm_script: line 24: activate: No such file or directory

======================================================================
RUN 1/10 (seed=0)
======================================================================

[Step 1] Solving full stochastic model (Recourse Problem)...
Deleted nodefile directory: /scratch-local/lbeemster.22331834/gurobi_vss_rp_run0
  RP objective: 21118991.660962753
Saved model snapshot to study_case_model/figures/vss_experiment/28426/rp/sub70.0/run0/model_snapshot.pkl

[EVPI] Solving each scenario deterministically for perfect information...
  EV_PI expected objective: 21078092.815595914
  EVPI (EV_PI - RP): -40898.84536683932

[Step 2] Solving deterministic Expected Value model...
  EV objective: 20565692.625499967
Saved model snapshot to study_case_model/figures/vss_experiment/28426/ev/sub70.0/run0/model_snapshot.pkl

[Step 3] Solving EEV (stochastic model with fixed EV decisions)...
  EEV objective: 21027453.479735754

  ==================================================
  VALUE OF STOCHASTIC SOLUTION (Run 1)
  ==================================================
  RP  (stochastic)  = 21,118,991.66
  EV  (deterministic) = 20,565,692.63
  EEV (EV decisions)  = 21,027,453.48
  VSS = RP - EEV      = 91,538.18
  VSS as % of RP      = 0.43%
  EV_PI (perfect info) = 21,078,092.82
  EVPI = EV_PI - RP    = -40,898.85

======================================================================
RUN 2/10 (seed=1)
======================================================================

[Step 1] Solving full stochastic model (Recourse Problem)...
Deleted nodefile directory: /scratch-local/lbeemster.22331834/gurobi_vss_rp_run1
  RP objective: 21612594.474301867
Saved model snapshot to study_case_model/figures/vss_experiment/28426/rp/sub70.0/run1/model_snapshot.pkl

[EVPI] Solving each scenario deterministically for perfect information...
  EV_PI expected objective: 21568885.194122437
  EVPI (EV_PI - RP): -43709.2801794298

[Step 2] Solving deterministic Expected Value model...
  EV objective: 20565692.625499967
Saved model snapshot to study_case_model/figures/vss_experiment/28426/ev/sub70.0/run1/model_snapshot.pkl

[Step 3] Solving EEV (stochastic model with fixed EV decisions)...
  EEV objective: 21533154.06791878

  ==================================================
  VALUE OF STOCHASTIC SOLUTION (Run 2)
  ==================================================
  RP  (stochastic)  = 21,612,594.47
  EV  (deterministic) = 20,565,692.63
  EEV (EV decisions)  = 21,533,154.07
  VSS = RP - EEV      = 79,440.41
  VSS as % of RP      = 0.37%
  EV_PI (perfect info) = 21,568,885.19
  EVPI = EV_PI - RP    = -43,709.28

======================================================================
RUN 3/10 (seed=2)
======================================================================

[Step 1] Solving full stochastic model (Recourse Problem)...
Deleted nodefile directory: /scratch-local/lbeemster.22331834/gurobi_vss_rp_run2
  RP objective: 21268516.653952297
Saved model snapshot to study_case_model/figures/vss_experiment/28426/rp/sub70.0/run2/model_snapshot.pkl

[EVPI] Solving each scenario deterministically for perfect information...
  EV_PI expected objective: 21228724.914608214
  EVPI (EV_PI - RP): -39791.73934408277

[Step 2] Solving deterministic Expected Value model...
  EV objective: 20565692.625499967
Saved model snapshot to study_case_model/figures/vss_experiment/28426/ev/sub70.0/run2/model_snapshot.pkl

[Step 3] Solving EEV (stochastic model with fixed EV decisions)...
  EEV objective: 21153389.39325807

  ==================================================
  VALUE OF STOCHASTIC SOLUTION (Run 3)
  ==================================================
  RP  (stochastic)  = 21,268,516.65
  EV  (deterministic) = 20,565,692.63
  EEV (EV decisions)  = 21,153,389.39
  VSS = RP - EEV      = 115,127.26
  VSS as % of RP      = 0.54%
  EV_PI (perfect info) = 21,228,724.91
  EVPI = EV_PI - RP    = -39,791.74

======================================================================
RUN 4/10 (seed=3)
======================================================================

[Step 1] Solving full stochastic model (Recourse Problem)...
Deleted nodefile directory: /scratch-local/lbeemster.22331834/gurobi_vss_rp_run3
  RP objective: 21735434.19989523
Saved model snapshot to study_case_model/figures/vss_experiment/28426/rp/sub70.0/run3/model_snapshot.pkl

[EVPI] Solving each scenario deterministically for perfect information...
  EV_PI expected objective: 21693327.94356771
  EVPI (EV_PI - RP): -42106.25632751733

[Step 2] Solving deterministic Expected Value model...
  EV objective: 20565692.625499967
Saved model snapshot to study_case_model/figures/vss_experiment/28426/ev/sub70.0/run3/model_snapshot.pkl

[Step 3] Solving EEV (stochastic model with fixed EV decisions)...
  EEV objective: 21636082.668442212

  ==================================================
  VALUE OF STOCHASTIC SOLUTION (Run 4)
  ==================================================
  RP  (stochastic)  = 21,735,434.20
  EV  (deterministic) = 20,565,692.63
  EEV (EV decisions)  = 21,636,082.67
  VSS = RP - EEV      = 99,351.53
  VSS as % of RP      = 0.46%
  EV_PI (perfect info) = 21,693,327.94
  EVPI = EV_PI - RP    = -42,106.26

======================================================================
RUN 5/10 (seed=4)
======================================================================

[Step 1] Solving full stochastic model (Recourse Problem)...
Deleted nodefile directory: /scratch-local/lbeemster.22331834/gurobi_vss_rp_run4
  RP objective: 21875590.67343413
Saved model snapshot to study_case_model/figures/vss_experiment/28426/rp/sub70.0/run4/model_snapshot.pkl

[EVPI] Solving each scenario deterministically for perfect information...
  EV_PI expected objective: 21829613.94219189
  EVPI (EV_PI - RP): -45976.731242239475

[Step 2] Solving deterministic Expected Value model...
  EV objective: 20565692.625499967
Saved model snapshot to study_case_model/figures/vss_experiment/28426/ev/sub70.0/run4/model_snapshot.pkl

[Step 3] Solving EEV (stochastic model with fixed EV decisions)...
  EEV objective: 21814166.668290984

  ==================================================
  VALUE OF STOCHASTIC SOLUTION (Run 5)
  ==================================================
  RP  (stochastic)  = 21,875,590.67
  EV  (deterministic) = 20,565,692.63
  EEV (EV decisions)  = 21,814,166.67
  VSS = RP - EEV      = 61,424.01
  VSS as % of RP      = 0.28%
  EV_PI (perfect info) = 21,829,613.94
  EVPI = EV_PI - RP    = -45,976.73

======================================================================
RUN 6/10 (seed=5)
======================================================================

[Step 1] Solving full stochastic model (Recourse Problem)...
[2026-04-29T23:55:20.016] error: *** JOB 22331834 ON tcn974 CANCELLED AT 2026-04-29T23:55:20 DUE TO TIME LIMIT ***
