Gurobi shell based on Python 3.13.1 can be launched with command `gurobi.sh`
Gurobi Python Interface can be loaded in Python 3.13.1 with 'import gurobipy'
/var/spool/slurm/slurmd/job22304167/slurm_script: line 24: activate: No such file or directory

======================================================================
RUN 1/10 (seed=0)
======================================================================

[Step 1] Solving full stochastic model (Recourse Problem)...
Deleted nodefile directory: /scratch-local/lbeemster.22304167/gurobi_vss_rp_run0
  RP objective: 21794957.972882964
Saved model snapshot to study_case_model/figures/vss_experiment/28426/rp/sub0.0/run0/model_snapshot.pkl

[EVPI] Solving each scenario deterministically for perfect information...
  EV_PI expected objective: 21813592.017633796
  EVPI (EV_PI - RP): 18634.04475083202

[Step 2] Solving deterministic Expected Value model...
  EV objective: 20390479.467201658
Saved model snapshot to study_case_model/figures/vss_experiment/28426/ev/sub0.0/run0/model_snapshot.pkl

[Step 3] Solving EEV (stochastic model with fixed EV decisions)...
  EEV objective: 21698967.9257284

  ==================================================
  VALUE OF STOCHASTIC SOLUTION (Run 1)
  ==================================================
  RP  (stochastic)  = 21,794,957.97
  EV  (deterministic) = 20,390,479.47
  EEV (EV decisions)  = 21,698,967.93
  VSS = RP - EEV      = 95,990.05
  VSS as % of RP      = 0.44%
  EV_PI (perfect info) = 21,813,592.02
  EVPI = EV_PI - RP    = 18,634.04

======================================================================
RUN 2/10 (seed=1)
======================================================================

[Step 1] Solving full stochastic model (Recourse Problem)...
Deleted nodefile directory: /scratch-local/lbeemster.22304167/gurobi_vss_rp_run1
  RP objective: 21155886.643942572
Saved model snapshot to study_case_model/figures/vss_experiment/28426/rp/sub0.0/run1/model_snapshot.pkl

[EVPI] Solving each scenario deterministically for perfect information...
  EV_PI expected objective: 21176271.82282221
  EVPI (EV_PI - RP): 20385.17887963727

[Step 2] Solving deterministic Expected Value model...
  EV objective: 20390479.467201658
Saved model snapshot to study_case_model/figures/vss_experiment/28426/ev/sub0.0/run1/model_snapshot.pkl

[Step 3] Solving EEV (stochastic model with fixed EV decisions)...
  EEV objective: 21070923.526439887

  ==================================================
  VALUE OF STOCHASTIC SOLUTION (Run 2)
  ==================================================
  RP  (stochastic)  = 21,155,886.64
  EV  (deterministic) = 20,390,479.47
  EEV (EV decisions)  = 21,070,923.53
  VSS = RP - EEV      = 84,963.12
  VSS as % of RP      = 0.40%
  EV_PI (perfect info) = 21,176,271.82
  EVPI = EV_PI - RP    = 20,385.18

======================================================================
RUN 3/10 (seed=2)
======================================================================

[Step 1] Solving full stochastic model (Recourse Problem)...
Deleted nodefile directory: /scratch-local/lbeemster.22304167/gurobi_vss_rp_run2
  RP objective: 21229913.68028674
Saved model snapshot to study_case_model/figures/vss_experiment/28426/rp/sub0.0/run2/model_snapshot.pkl

[EVPI] Solving each scenario deterministically for perfect information...
  EV_PI expected objective: 21248619.903491266
  EVPI (EV_PI - RP): 18706.22320452705

[Step 2] Solving deterministic Expected Value model...
  EV objective: 20390479.467201658
Saved model snapshot to study_case_model/figures/vss_experiment/28426/ev/sub0.0/run2/model_snapshot.pkl

[Step 3] Solving EEV (stochastic model with fixed EV decisions)...
  EEV objective: 21118442.38957021

  ==================================================
  VALUE OF STOCHASTIC SOLUTION (Run 3)
  ==================================================
  RP  (stochastic)  = 21,229,913.68
  EV  (deterministic) = 20,390,479.47
  EEV (EV decisions)  = 21,118,442.39
  VSS = RP - EEV      = 111,471.29
  VSS as % of RP      = 0.53%
  EV_PI (perfect info) = 21,248,619.90
  EVPI = EV_PI - RP    = 18,706.22

======================================================================
RUN 4/10 (seed=3)
======================================================================

[Step 1] Solving full stochastic model (Recourse Problem)...
Deleted nodefile directory: /scratch-local/lbeemster.22304167/gurobi_vss_rp_run3
  RP objective: 20037353.67135359
Saved model snapshot to study_case_model/figures/vss_experiment/28426/rp/sub0.0/run3/model_snapshot.pkl

[EVPI] Solving each scenario deterministically for perfect information...
  EV_PI expected objective: 20075004.093871843
  EVPI (EV_PI - RP): 37650.42251825333

[Step 2] Solving deterministic Expected Value model...
  EV objective: 20390479.467201658
Saved model snapshot to study_case_model/figures/vss_experiment/28426/ev/sub0.0/run3/model_snapshot.pkl

[Step 3] Solving EEV (stochastic model with fixed EV decisions)...
  EEV objective: 19941465.636638522

  ==================================================
  VALUE OF STOCHASTIC SOLUTION (Run 4)
  ==================================================
  RP  (stochastic)  = 20,037,353.67
  EV  (deterministic) = 20,390,479.47
  EEV (EV decisions)  = 19,941,465.64
  VSS = RP - EEV      = 95,888.03
  VSS as % of RP      = 0.48%
  EV_PI (perfect info) = 20,075,004.09
  EVPI = EV_PI - RP    = 37,650.42

======================================================================
RUN 5/10 (seed=4)
======================================================================

[Step 1] Solving full stochastic model (Recourse Problem)...
Deleted nodefile directory: /scratch-local/lbeemster.22304167/gurobi_vss_rp_run4
  RP objective: 22038508.174565542
Saved model snapshot to study_case_model/figures/vss_experiment/28426/rp/sub0.0/run4/model_snapshot.pkl

[EVPI] Solving each scenario deterministically for perfect information...
  EV_PI expected objective: 22061643.946159016
  EVPI (EV_PI - RP): 23135.77159347385

[Step 2] Solving deterministic Expected Value model...
  EV objective: 20390479.467201658
Saved model snapshot to study_case_model/figures/vss_experiment/28426/ev/sub0.0/run4/model_snapshot.pkl

[Step 3] Solving EEV (stochastic model with fixed EV decisions)...
  EEV objective: 21933994.49752889

  ==================================================
  VALUE OF STOCHASTIC SOLUTION (Run 5)
  ==================================================
  RP  (stochastic)  = 22,038,508.17
  EV  (deterministic) = 20,390,479.47
  EEV (EV decisions)  = 21,933,994.50
  VSS = RP - EEV      = 104,513.68
  VSS as % of RP      = 0.47%
  EV_PI (perfect info) = 22,061,643.95
  EVPI = EV_PI - RP    = 23,135.77

======================================================================
RUN 6/10 (seed=5)
======================================================================

[Step 1] Solving full stochastic model (Recourse Problem)...
Deleted nodefile directory: /scratch-local/lbeemster.22304167/gurobi_vss_rp_run5
  RP objective: 21795013.980424497
Saved model snapshot to study_case_model/figures/vss_experiment/28426/rp/sub0.0/run5/model_snapshot.pkl

[EVPI] Solving each scenario deterministically for perfect information...
  EV_PI expected objective: 21810149.69985427
  EVPI (EV_PI - RP): 15135.719429772347

[Step 2] Solving deterministic Expected Value model...
  EV objective: 20390479.467201658
Saved model snapshot to study_case_model/figures/vss_experiment/28426/ev/sub0.0/run5/model_snapshot.pkl

[Step 3] Solving EEV (stochastic model with fixed EV decisions)...
  EEV objective: 21722398.445865814

  ==================================================
  VALUE OF STOCHASTIC SOLUTION (Run 6)
  ==================================================
  RP  (stochastic)  = 21,795,013.98
  EV  (deterministic) = 20,390,479.47
  EEV (EV decisions)  = 21,722,398.45
  VSS = RP - EEV      = 72,615.53
  VSS as % of RP      = 0.33%
  EV_PI (perfect info) = 21,810,149.70
  EVPI = EV_PI - RP    = 15,135.72

======================================================================
RUN 7/10 (seed=6)
======================================================================

[Step 1] Solving full stochastic model (Recourse Problem)...
Deleted nodefile directory: /scratch-local/lbeemster.22304167/gurobi_vss_rp_run6
  RP objective: 21291827.509559184
Saved model snapshot to study_case_model/figures/vss_experiment/28426/rp/sub0.0/run6/model_snapshot.pkl

[EVPI] Solving each scenario deterministically for perfect information...
  EV_PI expected objective: 21298350.617364887
  EVPI (EV_PI - RP): 6523.107805702835

[Step 2] Solving deterministic Expected Value model...
  EV objective: 20390479.467201658
Saved model snapshot to study_case_model/figures/vss_experiment/28426/ev/sub0.0/run6/model_snapshot.pkl

[Step 3] Solving EEV (stochastic model with fixed EV decisions)...
  EEV objective: 21200021.396288935

  ==================================================
  VALUE OF STOCHASTIC SOLUTION (Run 7)
  ==================================================
  RP  (stochastic)  = 21,291,827.51
  EV  (deterministic) = 20,390,479.47
  EEV (EV decisions)  = 21,200,021.40
  VSS = RP - EEV      = 91,806.11
  VSS as % of RP      = 0.43%
  EV_PI (perfect info) = 21,298,350.62
  EVPI = EV_PI - RP    = 6,523.11

======================================================================
RUN 8/10 (seed=7)
======================================================================

[Step 1] Solving full stochastic model (Recourse Problem)...
Deleted nodefile directory: /scratch-local/lbeemster.22304167/gurobi_vss_rp_run7
  RP objective: 21559616.18102716
Saved model snapshot to study_case_model/figures/vss_experiment/28426/rp/sub0.0/run7/model_snapshot.pkl

[EVPI] Solving each scenario deterministically for perfect information...
  EV_PI expected objective: 21595799.462450773
  EVPI (EV_PI - RP): 36183.28142361343

[Step 2] Solving deterministic Expected Value model...
  EV objective: 20390479.467201658
Saved model snapshot to study_case_model/figures/vss_experiment/28426/ev/sub0.0/run7/model_snapshot.pkl

[Step 3] Solving EEV (stochastic model with fixed EV decisions)...
  EEV objective: 21486705.169376355

  ==================================================
  VALUE OF STOCHASTIC SOLUTION (Run 8)
  ==================================================
  RP  (stochastic)  = 21,559,616.18
  EV  (deterministic) = 20,390,479.47
  EEV (EV decisions)  = 21,486,705.17
  VSS = RP - EEV      = 72,911.01
  VSS as % of RP      = 0.34%
  EV_PI (perfect info) = 21,595,799.46
  EVPI = EV_PI - RP    = 36,183.28

======================================================================
RUN 9/10 (seed=8)
======================================================================

[Step 1] Solving full stochastic model (Recourse Problem)...
Deleted nodefile directory: /scratch-local/lbeemster.22304167/gurobi_vss_rp_run8
  RP objective: 21231421.200760946
Saved model snapshot to study_case_model/figures/vss_experiment/28426/rp/sub0.0/run8/model_snapshot.pkl

[EVPI] Solving each scenario deterministically for perfect information...
  EV_PI expected objective: 21265589.675334662
  EVPI (EV_PI - RP): 34168.47457371652

[Step 2] Solving deterministic Expected Value model...
  EV objective: 20390479.467201658
Saved model snapshot to study_case_model/figures/vss_experiment/28426/ev/sub0.0/run8/model_snapshot.pkl

[Step 3] Solving EEV (stochastic model with fixed EV decisions)...
  EEV objective: 21213340.543759692

  ==================================================
  VALUE OF STOCHASTIC SOLUTION (Run 9)
  ==================================================
  RP  (stochastic)  = 21,231,421.20
  EV  (deterministic) = 20,390,479.47
  EEV (EV decisions)  = 21,213,340.54
  VSS = RP - EEV      = 18,080.66
  VSS as % of RP      = 0.09%
  EV_PI (perfect info) = 21,265,589.68
  EVPI = EV_PI - RP    = 34,168.47

======================================================================
RUN 10/10 (seed=9)
======================================================================

[Step 1] Solving full stochastic model (Recourse Problem)...
Deleted nodefile directory: /scratch-local/lbeemster.22304167/gurobi_vss_rp_run9
  RP objective: 21578003.604207046
Saved model snapshot to study_case_model/figures/vss_experiment/28426/rp/sub0.0/run9/model_snapshot.pkl

[EVPI] Solving each scenario deterministically for perfect information...
  EV_PI expected objective: 21585501.793310653
  EVPI (EV_PI - RP): 7498.189103607088

[Step 2] Solving deterministic Expected Value model...
  EV objective: 20390479.467201658
Saved model snapshot to study_case_model/figures/vss_experiment/28426/ev/sub0.0/run9/model_snapshot.pkl

[Step 3] Solving EEV (stochastic model with fixed EV decisions)...
  EEV objective: 21496612.571273383

  ==================================================
  VALUE OF STOCHASTIC SOLUTION (Run 10)
  ==================================================
  RP  (stochastic)  = 21,578,003.60
  EV  (deterministic) = 20,390,479.47
  EEV (EV decisions)  = 21,496,612.57
  VSS = RP - EEV      = 81,391.03
  VSS as % of RP      = 0.38%
  EV_PI (perfect info) = 21,585,501.79
  EVPI = EV_PI - RP    = 7,498.19
Run 9 appended to study_case_model/figures/vss_experiment/28426/vss_results_0_0_4_8.csv

======================================================================
VSS EXPERIMENT SUMMARY
======================================================================
  Across 10 runs:
    Mean VSS:    82,963.05 (0.39% of RP)
    Std VSS:     24,731.39
    Min VSS:     18,080.66
    Max VSS:     111,471.29
  → Stochastic formulation provides MARGINAL value — consider if complexity is justified.

  EVPI summary across 10 runs:
    Mean EVPI: 21,802.04
    Std EVPI:  10,567.93
    Min EVPI:  6,523.11
    Max EVPI:  37,650.42

Finished VSS experiment!
