Gurobi shell based on Python 3.13.1 can be launched with command `gurobi.sh`
Gurobi Python Interface can be loaded in Python 3.13.1 with 'import gurobipy'
/var/spool/slurm/slurmd/job22318708/slurm_script: line 24: activate: No such file or directory

======================================================================
RUN 1/10 (seed=0)
======================================================================

[Step 1] Solving full stochastic model (Recourse Problem)...
Deleted nodefile directory: /scratch-local/lbeemster.22318708/gurobi_vss_rp_run0
  RP objective: 21849354.747345768
Saved model snapshot to study_case_model/figures/vss_experiment/28426/rp/sub45.0/run0/model_snapshot.pkl

[EVPI] Solving each scenario deterministically for perfect information...
  EV_PI expected objective: 21866821.74874578
  EVPI (EV_PI - RP): 17467.001400012523

[Step 2] Solving deterministic Expected Value model...
  EV objective: 20424633.937798895
Saved model snapshot to study_case_model/figures/vss_experiment/28426/ev/sub45.0/run0/model_snapshot.pkl

[Step 3] Solving EEV (stochastic model with fixed EV decisions)...
  EEV objective: 21854710.0025552

  ==================================================
  VALUE OF STOCHASTIC SOLUTION (Run 1)
  ==================================================
  RP  (stochastic)  = 21,849,354.75
  EV  (deterministic) = 20,424,633.94
  EEV (EV decisions)  = 21,854,710.00
  VSS = RP - EEV      = -5,355.26
  VSS as % of RP      = -0.02%
  EV_PI (perfect info) = 21,866,821.75
  EVPI = EV_PI - RP    = 17,467.00
  WARNING: EEV > RP — this should not happen. Check model consistency.

======================================================================
RUN 2/10 (seed=1)
======================================================================

[Step 1] Solving full stochastic model (Recourse Problem)...
Deleted nodefile directory: /scratch-local/lbeemster.22318708/gurobi_vss_rp_run1
  RP objective: 21205848.63673361
Saved model snapshot to study_case_model/figures/vss_experiment/28426/rp/sub45.0/run1/model_snapshot.pkl

[EVPI] Solving each scenario deterministically for perfect information...
  EV_PI expected objective: 21228387.505717553
  EVPI (EV_PI - RP): 22538.868983943015

[Step 2] Solving deterministic Expected Value model...
  EV objective: 20424633.937798895
Saved model snapshot to study_case_model/figures/vss_experiment/28426/ev/sub45.0/run1/model_snapshot.pkl

[Step 3] Solving EEV (stochastic model with fixed EV decisions)...
  EEV objective: 21130313.754290532

  ==================================================
  VALUE OF STOCHASTIC SOLUTION (Run 2)
  ==================================================
  RP  (stochastic)  = 21,205,848.64
  EV  (deterministic) = 20,424,633.94
  EEV (EV decisions)  = 21,130,313.75
  VSS = RP - EEV      = 75,534.88
  VSS as % of RP      = 0.36%
  EV_PI (perfect info) = 21,228,387.51
  EVPI = EV_PI - RP    = 22,538.87

======================================================================
RUN 3/10 (seed=2)
======================================================================

[Step 1] Solving full stochastic model (Recourse Problem)...
Deleted nodefile directory: /scratch-local/lbeemster.22318708/gurobi_vss_rp_run2
  RP objective: 20450998.559102796
Saved model snapshot to study_case_model/figures/vss_experiment/28426/rp/sub45.0/run2/model_snapshot.pkl

[EVPI] Solving each scenario deterministically for perfect information...
  EV_PI expected objective: 20480886.791778773
  EVPI (EV_PI - RP): 29888.23267597705

[Step 2] Solving deterministic Expected Value model...
  EV objective: 20424633.937798895
Saved model snapshot to study_case_model/figures/vss_experiment/28426/ev/sub45.0/run2/model_snapshot.pkl

[Step 3] Solving EEV (stochastic model with fixed EV decisions)...
  EEV objective: 20350435.049209103

  ==================================================
  VALUE OF STOCHASTIC SOLUTION (Run 3)
  ==================================================
  RP  (stochastic)  = 20,450,998.56
  EV  (deterministic) = 20,424,633.94
  EEV (EV decisions)  = 20,350,435.05
  VSS = RP - EEV      = 100,563.51
  VSS as % of RP      = 0.49%
  EV_PI (perfect info) = 20,480,886.79
  EVPI = EV_PI - RP    = 29,888.23

======================================================================
RUN 4/10 (seed=3)
======================================================================

[Step 1] Solving full stochastic model (Recourse Problem)...
Deleted nodefile directory: /scratch-local/lbeemster.22318708/gurobi_vss_rp_run3
  RP objective: 22150529.28610153
Saved model snapshot to study_case_model/figures/vss_experiment/28426/rp/sub45.0/run3/model_snapshot.pkl

[EVPI] Solving each scenario deterministically for perfect information...
  EV_PI expected objective: 22167174.83774046
  EVPI (EV_PI - RP): 16645.55163892731

[Step 2] Solving deterministic Expected Value model...
  EV objective: 20424633.937798895
Saved model snapshot to study_case_model/figures/vss_experiment/28426/ev/sub45.0/run3/model_snapshot.pkl

[Step 3] Solving EEV (stochastic model with fixed EV decisions)...
  EEV objective: 22118403.539523438

  ==================================================
  VALUE OF STOCHASTIC SOLUTION (Run 4)
  ==================================================
  RP  (stochastic)  = 22,150,529.29
  EV  (deterministic) = 20,424,633.94
  EEV (EV decisions)  = 22,118,403.54
  VSS = RP - EEV      = 32,125.75
  VSS as % of RP      = 0.15%
  EV_PI (perfect info) = 22,167,174.84
  EVPI = EV_PI - RP    = 16,645.55

======================================================================
RUN 5/10 (seed=4)
======================================================================

[Step 1] Solving full stochastic model (Recourse Problem)...
Deleted nodefile directory: /scratch-local/lbeemster.22318708/gurobi_vss_rp_run4
  RP objective: 21207587.640351567
Saved model snapshot to study_case_model/figures/vss_experiment/28426/rp/sub45.0/run4/model_snapshot.pkl

[EVPI] Solving each scenario deterministically for perfect information...
  EV_PI expected objective: 21230545.741901897
  EVPI (EV_PI - RP): 22958.101550329477

[Step 2] Solving deterministic Expected Value model...
  EV objective: 20424633.937798895
Saved model snapshot to study_case_model/figures/vss_experiment/28426/ev/sub45.0/run4/model_snapshot.pkl

[Step 3] Solving EEV (stochastic model with fixed EV decisions)...
  EEV objective: 21143170.302003935

  ==================================================
  VALUE OF STOCHASTIC SOLUTION (Run 5)
  ==================================================
  RP  (stochastic)  = 21,207,587.64
  EV  (deterministic) = 20,424,633.94
  EEV (EV decisions)  = 21,143,170.30
  VSS = RP - EEV      = 64,417.34
  VSS as % of RP      = 0.30%
  EV_PI (perfect info) = 21,230,545.74
  EVPI = EV_PI - RP    = 22,958.10

======================================================================
RUN 6/10 (seed=5)
======================================================================

[Step 1] Solving full stochastic model (Recourse Problem)...
Deleted nodefile directory: /scratch-local/lbeemster.22318708/gurobi_vss_rp_run5
  RP objective: 21110073.849983077
Saved model snapshot to study_case_model/figures/vss_experiment/28426/rp/sub45.0/run5/model_snapshot.pkl

[EVPI] Solving each scenario deterministically for perfect information...
  EV_PI expected objective: 21112348.437789056
  EVPI (EV_PI - RP): 2274.587805978954

[Step 2] Solving deterministic Expected Value model...
  EV objective: 20424633.937798895
Saved model snapshot to study_case_model/figures/vss_experiment/28426/ev/sub45.0/run5/model_snapshot.pkl

[Step 3] Solving EEV (stochastic model with fixed EV decisions)...
  EEV objective: 20999622.519617252

  ==================================================
  VALUE OF STOCHASTIC SOLUTION (Run 6)
  ==================================================
  RP  (stochastic)  = 21,110,073.85
  EV  (deterministic) = 20,424,633.94
  EEV (EV decisions)  = 20,999,622.52
  VSS = RP - EEV      = 110,451.33
  VSS as % of RP      = 0.52%
  EV_PI (perfect info) = 21,112,348.44
  EVPI = EV_PI - RP    = 2,274.59

======================================================================
RUN 7/10 (seed=6)
======================================================================

[Step 1] Solving full stochastic model (Recourse Problem)...
Deleted nodefile directory: /scratch-local/lbeemster.22318708/gurobi_vss_rp_run6
  RP objective: 21670377.5227548
Saved model snapshot to study_case_model/figures/vss_experiment/28426/rp/sub45.0/run6/model_snapshot.pkl

[EVPI] Solving each scenario deterministically for perfect information...
  EV_PI expected objective: 21672460.836200003
  EVPI (EV_PI - RP): 2083.3134452030063

[Step 2] Solving deterministic Expected Value model...
  EV objective: 20424633.937798895
Saved model snapshot to study_case_model/figures/vss_experiment/28426/ev/sub45.0/run6/model_snapshot.pkl

[Step 3] Solving EEV (stochastic model with fixed EV decisions)...
  EEV objective: 21557960.585514855

  ==================================================
  VALUE OF STOCHASTIC SOLUTION (Run 7)
  ==================================================
  RP  (stochastic)  = 21,670,377.52
  EV  (deterministic) = 20,424,633.94
  EEV (EV decisions)  = 21,557,960.59
  VSS = RP - EEV      = 112,416.94
  VSS as % of RP      = 0.52%
  EV_PI (perfect info) = 21,672,460.84
  EVPI = EV_PI - RP    = 2,083.31

======================================================================
RUN 8/10 (seed=7)
======================================================================

[Step 1] Solving full stochastic model (Recourse Problem)...
Deleted nodefile directory: /scratch-local/lbeemster.22318708/gurobi_vss_rp_run7
  RP objective: 22079438.12162795
Saved model snapshot to study_case_model/figures/vss_experiment/28426/rp/sub45.0/run7/model_snapshot.pkl

[EVPI] Solving each scenario deterministically for perfect information...
  EV_PI expected objective: 22102328.39269074
  EVPI (EV_PI - RP): 22890.271062791348

[Step 2] Solving deterministic Expected Value model...
  EV objective: 20424633.937798895
Saved model snapshot to study_case_model/figures/vss_experiment/28426/ev/sub45.0/run7/model_snapshot.pkl

[Step 3] Solving EEV (stochastic model with fixed EV decisions)...
  EEV objective: 21984865.3127098

  ==================================================
  VALUE OF STOCHASTIC SOLUTION (Run 8)
  ==================================================
  RP  (stochastic)  = 22,079,438.12
  EV  (deterministic) = 20,424,633.94
  EEV (EV decisions)  = 21,984,865.31
  VSS = RP - EEV      = 94,572.81
  VSS as % of RP      = 0.43%
  EV_PI (perfect info) = 22,102,328.39
  EVPI = EV_PI - RP    = 22,890.27

======================================================================
RUN 9/10 (seed=8)
======================================================================

[Step 1] Solving full stochastic model (Recourse Problem)...
Deleted nodefile directory: /scratch-local/lbeemster.22318708/gurobi_vss_rp_run8
  RP objective: 20342487.077850264
Saved model snapshot to study_case_model/figures/vss_experiment/28426/rp/sub45.0/run8/model_snapshot.pkl

[EVPI] Solving each scenario deterministically for perfect information...
  EV_PI expected objective: 20364154.053453792
  EVPI (EV_PI - RP): 21666.97560352832

[Step 2] Solving deterministic Expected Value model...
  EV objective: 20424633.937798895
Saved model snapshot to study_case_model/figures/vss_experiment/28426/ev/sub45.0/run8/model_snapshot.pkl

[Step 3] Solving EEV (stochastic model with fixed EV decisions)...
  EEV objective: 20291611.19186523

  ==================================================
  VALUE OF STOCHASTIC SOLUTION (Run 9)
  ==================================================
  RP  (stochastic)  = 20,342,487.08
  EV  (deterministic) = 20,424,633.94
  EEV (EV decisions)  = 20,291,611.19
  VSS = RP - EEV      = 50,875.89
  VSS as % of RP      = 0.25%
  EV_PI (perfect info) = 20,364,154.05
  EVPI = EV_PI - RP    = 21,666.98

======================================================================
RUN 10/10 (seed=9)
======================================================================

[Step 1] Solving full stochastic model (Recourse Problem)...
Deleted nodefile directory: /scratch-local/lbeemster.22318708/gurobi_vss_rp_run9
  RP objective: 22529208.31029643
Saved model snapshot to study_case_model/figures/vss_experiment/28426/rp/sub45.0/run9/model_snapshot.pkl

[EVPI] Solving each scenario deterministically for perfect information...
  EV_PI expected objective: 22527146.52642037
  EVPI (EV_PI - RP): -2061.7838760614395

[Step 2] Solving deterministic Expected Value model...
  EV objective: 20424633.937798895
Saved model snapshot to study_case_model/figures/vss_experiment/28426/ev/sub45.0/run9/model_snapshot.pkl

[Step 3] Solving EEV (stochastic model with fixed EV decisions)...
  EEV objective: 22442791.94225042

  ==================================================
  VALUE OF STOCHASTIC SOLUTION (Run 10)
  ==================================================
  RP  (stochastic)  = 22,529,208.31
  EV  (deterministic) = 20,424,633.94
  EEV (EV decisions)  = 22,442,791.94
  VSS = RP - EEV      = 86,416.37
  VSS as % of RP      = 0.38%
  EV_PI (perfect info) = 22,527,146.53
  EVPI = EV_PI - RP    = -2,061.78
Run 9 appended to study_case_model/figures/vss_experiment/28426/vss_results_45_0.1_2_8.csv

======================================================================
VSS EXPERIMENT SUMMARY
======================================================================
  Across 10 runs:
    Mean VSS:    72,201.96 (0.34% of RP)
    Std VSS:     35,685.96
    Min VSS:     -5,355.26
    Max VSS:     112,416.94
  → Stochastic formulation provides MARGINAL value — consider if complexity is justified.

  EVPI summary across 10 runs:
    Mean EVPI: 15,635.11
    Std EVPI:  10,359.40
    Min EVPI:  -2,061.78
    Max EVPI:  29,888.23

Finished VSS experiment!
