Gurobi shell based on Python 3.13.1 can be launched with command `gurobi.sh`
Gurobi Python Interface can be loaded in Python 3.13.1 with 'import gurobipy'
/var/spool/slurm/slurmd/job22361967/slurm_script: line 24: activate: No such file or directory

======================================================================
RUN 1/10 (seed=0)
======================================================================

[Step 1] Solving full stochastic model (Recourse Problem)...
Deleted nodefile directory: /scratch-local/lbeemster.22361967/gurobi_vss_rp_run0
  RP objective: 21860945.125584785
Saved model snapshot to study_case_model/figures/vss_experiment/30426/rp/sub45.0/run0/model_snapshot.pkl

[EVPI] Solving each scenario deterministically for perfect information...
  EV_PI expected objective: 21871401.30781097
  EVPI (EV_PI - RP): 10456.182226184756

[Step 2] Solving deterministic Expected Value model...
  EV objective: 20424633.937798895
Saved model snapshot to study_case_model/figures/vss_experiment/30426/ev/sub45.0/run0/model_snapshot.pkl

[Step 3] Solving EEV (stochastic model with fixed EV decisions)...
  EEV objective: 21792243.982776795

  ==================================================
  VALUE OF STOCHASTIC SOLUTION (Run 1)
  ==================================================
  RP  (stochastic)  = 21,860,945.13
  EV  (deterministic) = 20,424,633.94
  EEV (EV decisions)  = 21,792,243.98
  VSS = RP - EEV      = 68,701.14
  VSS as % of RP      = 0.31%
  EV_PI (perfect info) = 21,871,401.31
  EVPI = EV_PI - RP    = 10,456.18

======================================================================
RUN 2/10 (seed=1)
======================================================================

[Step 1] Solving full stochastic model (Recourse Problem)...
Deleted nodefile directory: /scratch-local/lbeemster.22361967/gurobi_vss_rp_run1
  RP objective: 21153519.704867378
Saved model snapshot to study_case_model/figures/vss_experiment/30426/rp/sub45.0/run1/model_snapshot.pkl

[EVPI] Solving each scenario deterministically for perfect information...
  EV_PI expected objective: 21164719.83532977
  EVPI (EV_PI - RP): 11200.130462393165

[Step 2] Solving deterministic Expected Value model...
  EV objective: 20424633.937798895
Saved model snapshot to study_case_model/figures/vss_experiment/30426/ev/sub45.0/run1/model_snapshot.pkl

[Step 3] Solving EEV (stochastic model with fixed EV decisions)...
  EEV objective: 21060507.158352204

  ==================================================
  VALUE OF STOCHASTIC SOLUTION (Run 2)
  ==================================================
  RP  (stochastic)  = 21,153,519.70
  EV  (deterministic) = 20,424,633.94
  EEV (EV decisions)  = 21,060,507.16
  VSS = RP - EEV      = 93,012.55
  VSS as % of RP      = 0.44%
  EV_PI (perfect info) = 21,164,719.84
  EVPI = EV_PI - RP    = 11,200.13

======================================================================
RUN 3/10 (seed=2)
======================================================================

[Step 1] Solving full stochastic model (Recourse Problem)...
Deleted nodefile directory: /scratch-local/lbeemster.22361967/gurobi_vss_rp_run2
  RP objective: 21259945.65583039
Saved model snapshot to study_case_model/figures/vss_experiment/30426/rp/sub45.0/run2/model_snapshot.pkl

[EVPI] Solving each scenario deterministically for perfect information...
  EV_PI expected objective: 21266715.07402625
  EVPI (EV_PI - RP): 6769.418195858598

[Step 2] Solving deterministic Expected Value model...
  EV objective: 20424633.937798895
Saved model snapshot to study_case_model/figures/vss_experiment/30426/ev/sub45.0/run2/model_snapshot.pkl

[Step 3] Solving EEV (stochastic model with fixed EV decisions)...
  EEV objective: 21154191.297879104

  ==================================================
  VALUE OF STOCHASTIC SOLUTION (Run 3)
  ==================================================
  RP  (stochastic)  = 21,259,945.66
  EV  (deterministic) = 20,424,633.94
  EEV (EV decisions)  = 21,154,191.30
  VSS = RP - EEV      = 105,754.36
  VSS as % of RP      = 0.50%
  EV_PI (perfect info) = 21,266,715.07
  EVPI = EV_PI - RP    = 6,769.42

======================================================================
RUN 4/10 (seed=3)
======================================================================

[Step 1] Solving full stochastic model (Recourse Problem)...
Deleted nodefile directory: /scratch-local/lbeemster.22361967/gurobi_vss_rp_run3
  RP objective: 20125114.984736256
Saved model snapshot to study_case_model/figures/vss_experiment/30426/rp/sub45.0/run3/model_snapshot.pkl

[EVPI] Solving each scenario deterministically for perfect information...
  EV_PI expected objective: 20130532.113461316
  EVPI (EV_PI - RP): 5417.1287250593305

[Step 2] Solving deterministic Expected Value model...
  EV objective: 20424633.937798895
Saved model snapshot to study_case_model/figures/vss_experiment/30426/ev/sub45.0/run3/model_snapshot.pkl

[Step 3] Solving EEV (stochastic model with fixed EV decisions)...
  EEV objective: 20020407.373346157

  ==================================================
  VALUE OF STOCHASTIC SOLUTION (Run 4)
  ==================================================
  RP  (stochastic)  = 20,125,114.98
  EV  (deterministic) = 20,424,633.94
  EEV (EV decisions)  = 20,020,407.37
  VSS = RP - EEV      = 104,707.61
  VSS as % of RP      = 0.52%
  EV_PI (perfect info) = 20,130,532.11
  EVPI = EV_PI - RP    = 5,417.13

======================================================================
RUN 5/10 (seed=4)
======================================================================

[Step 1] Solving full stochastic model (Recourse Problem)...
Deleted nodefile directory: /scratch-local/lbeemster.22361967/gurobi_vss_rp_run4
  RP objective: 22082374.43976225
Saved model snapshot to study_case_model/figures/vss_experiment/30426/rp/sub45.0/run4/model_snapshot.pkl

[EVPI] Solving each scenario deterministically for perfect information...
  EV_PI expected objective: 22096843.035284355
  EVPI (EV_PI - RP): 14468.595522105694

[Step 2] Solving deterministic Expected Value model...
  EV objective: 20424633.937798895
Saved model snapshot to study_case_model/figures/vss_experiment/30426/ev/sub45.0/run4/model_snapshot.pkl

[Step 3] Solving EEV (stochastic model with fixed EV decisions)...
  EEV objective: 21976647.565207634

  ==================================================
  VALUE OF STOCHASTIC SOLUTION (Run 5)
  ==================================================
  RP  (stochastic)  = 22,082,374.44
  EV  (deterministic) = 20,424,633.94
  EEV (EV decisions)  = 21,976,647.57
  VSS = RP - EEV      = 105,726.87
  VSS as % of RP      = 0.48%
  EV_PI (perfect info) = 22,096,843.04
  EVPI = EV_PI - RP    = 14,468.60

======================================================================
RUN 6/10 (seed=5)
======================================================================

[Step 1] Solving full stochastic model (Recourse Problem)...
Deleted nodefile directory: /scratch-local/lbeemster.22361967/gurobi_vss_rp_run5
  RP objective: 21969499.946144875
Saved model snapshot to study_case_model/figures/vss_experiment/30426/rp/sub45.0/run5/model_snapshot.pkl

[EVPI] Solving each scenario deterministically for perfect information...
  EV_PI expected objective: 21965153.998014353
  EVPI (EV_PI - RP): -4345.948130521923

[Step 2] Solving deterministic Expected Value model...
  EV objective: 20424633.937798895
Saved model snapshot to study_case_model/figures/vss_experiment/30426/ev/sub45.0/run5/model_snapshot.pkl

[Step 3] Solving EEV (stochastic model with fixed EV decisions)...
  EEV objective: 21878631.550259236

  ==================================================
  VALUE OF STOCHASTIC SOLUTION (Run 6)
  ==================================================
  RP  (stochastic)  = 21,969,499.95
  EV  (deterministic) = 20,424,633.94
  EEV (EV decisions)  = 21,878,631.55
  VSS = RP - EEV      = 90,868.40
  VSS as % of RP      = 0.41%
  EV_PI (perfect info) = 21,965,154.00
  EVPI = EV_PI - RP    = -4,345.95

======================================================================
RUN 7/10 (seed=6)
======================================================================

[Step 1] Solving full stochastic model (Recourse Problem)...
Deleted nodefile directory: /scratch-local/lbeemster.22361967/gurobi_vss_rp_run6
  RP objective: 21310674.77045832
Saved model snapshot to study_case_model/figures/vss_experiment/30426/rp/sub45.0/run6/model_snapshot.pkl

[EVPI] Solving each scenario deterministically for perfect information...
  EV_PI expected objective: 21310106.595608354
  EVPI (EV_PI - RP): -568.1748499646783

[Step 2] Solving deterministic Expected Value model...
  EV objective: 20424633.937798895
Saved model snapshot to study_case_model/figures/vss_experiment/30426/ev/sub45.0/run6/model_snapshot.pkl

[Step 3] Solving EEV (stochastic model with fixed EV decisions)...
  EEV objective: 21218153.383086614

  ==================================================
  VALUE OF STOCHASTIC SOLUTION (Run 7)
  ==================================================
  RP  (stochastic)  = 21,310,674.77
  EV  (deterministic) = 20,424,633.94
  EEV (EV decisions)  = 21,218,153.38
  VSS = RP - EEV      = 92,521.39
  VSS as % of RP      = 0.43%
  EV_PI (perfect info) = 21,310,106.60
  EVPI = EV_PI - RP    = -568.17

======================================================================
RUN 8/10 (seed=7)
======================================================================

[Step 1] Solving full stochastic model (Recourse Problem)...
Deleted nodefile directory: /scratch-local/lbeemster.22361967/gurobi_vss_rp_run7
  RP objective: 21647095.373932205
Saved model snapshot to study_case_model/figures/vss_experiment/30426/rp/sub45.0/run7/model_snapshot.pkl

[EVPI] Solving each scenario deterministically for perfect information...
  EV_PI expected objective: 21645540.602647945
  EVPI (EV_PI - RP): -1554.7712842598557

[Step 2] Solving deterministic Expected Value model...
  EV objective: 20424633.937798895
Saved model snapshot to study_case_model/figures/vss_experiment/30426/ev/sub45.0/run7/model_snapshot.pkl

[Step 3] Solving EEV (stochastic model with fixed EV decisions)...
  EEV objective: 21534330.798677713

  ==================================================
  VALUE OF STOCHASTIC SOLUTION (Run 8)
  ==================================================
  RP  (stochastic)  = 21,647,095.37
  EV  (deterministic) = 20,424,633.94
  EEV (EV decisions)  = 21,534,330.80
  VSS = RP - EEV      = 112,764.58
  VSS as % of RP      = 0.52%
  EV_PI (perfect info) = 21,645,540.60
  EVPI = EV_PI - RP    = -1,554.77

======================================================================
RUN 9/10 (seed=8)
======================================================================

[Step 1] Solving full stochastic model (Recourse Problem)...
Deleted nodefile directory: /scratch-local/lbeemster.22361967/gurobi_vss_rp_run8
  RP objective: 21344801.907116234
Saved model snapshot to study_case_model/figures/vss_experiment/30426/rp/sub45.0/run8/model_snapshot.pkl

[EVPI] Solving each scenario deterministically for perfect information...
  EV_PI expected objective: 21358752.302489884
  EVPI (EV_PI - RP): 13950.395373649895

[Step 2] Solving deterministic Expected Value model...
  EV objective: 20424633.937798895
Saved model snapshot to study_case_model/figures/vss_experiment/30426/ev/sub45.0/run8/model_snapshot.pkl

[Step 3] Solving EEV (stochastic model with fixed EV decisions)...
  EEV objective: 21295354.289353415

  ==================================================
  VALUE OF STOCHASTIC SOLUTION (Run 9)
  ==================================================
  RP  (stochastic)  = 21,344,801.91
  EV  (deterministic) = 20,424,633.94
  EEV (EV decisions)  = 21,295,354.29
  VSS = RP - EEV      = 49,447.62
  VSS as % of RP      = 0.23%
  EV_PI (perfect info) = 21,358,752.30
  EVPI = EV_PI - RP    = 13,950.40

======================================================================
RUN 10/10 (seed=9)
======================================================================

[Step 1] Solving full stochastic model (Recourse Problem)...
Deleted nodefile directory: /scratch-local/lbeemster.22361967/gurobi_vss_rp_run9
  RP objective: 21663991.34098525
Saved model snapshot to study_case_model/figures/vss_experiment/30426/rp/sub45.0/run9/model_snapshot.pkl

[EVPI] Solving each scenario deterministically for perfect information...
  EV_PI expected objective: 21650510.55538677
  EVPI (EV_PI - RP): -13480.785598479211

[Step 2] Solving deterministic Expected Value model...
  EV objective: 20424633.937798895
Saved model snapshot to study_case_model/figures/vss_experiment/30426/ev/sub45.0/run9/model_snapshot.pkl

[Step 3] Solving EEV (stochastic model with fixed EV decisions)...
  EEV objective: 21594897.660116043

  ==================================================
  VALUE OF STOCHASTIC SOLUTION (Run 10)
  ==================================================
  RP  (stochastic)  = 21,663,991.34
  EV  (deterministic) = 20,424,633.94
  EEV (EV decisions)  = 21,594,897.66
  VSS = RP - EEV      = 69,093.68
  VSS as % of RP      = 0.32%
  EV_PI (perfect info) = 21,650,510.56
  EVPI = EV_PI - RP    = -13,480.79
Run 9 appended to study_case_model/figures/vss_experiment/30426/vss_results_45_0.2_4_4.csv

======================================================================
VSS EXPERIMENT SUMMARY
======================================================================
  Across 10 runs:
    Mean VSS:    89,259.82 (0.42% of RP)
    Std VSS:     19,431.92
    Min VSS:     49,447.62
    Max VSS:     112,764.58
  → Stochastic formulation provides MARGINAL value — consider if complexity is justified.

  EVPI summary across 10 runs:
    Mean EVPI: 4,231.22
    Std EVPI:  8,592.01
    Min EVPI:  -13,480.79
    Max EVPI:  14,468.60

Finished VSS experiment!
