Gurobi shell based on Python 3.13.1 can be launched with command `gurobi.sh`
Gurobi Python Interface can be loaded in Python 3.13.1 with 'import gurobipy'
/var/spool/slurm/slurmd/job22379838/slurm_script: line 24: activate: No such file or directory

======================================================================
RUN 1/10 (seed=0)
======================================================================

[Step 1] Solving full stochastic model (Recourse Problem)...
Deleted nodefile directory: /scratch-local/lbeemster.22379838/gurobi_vss_rp_run0
  RP objective: 21190779.293848816
Saved model snapshot to study_case_model/figures/vss_experiment/30426/rp/sub70.0/run0/model_snapshot.pkl

[EVPI] Solving each scenario deterministically for perfect information...
  EV_PI expected objective: 21110067.027996052
  EVPI (EV_PI - RP): -80712.26585276425

[Step 2] Solving deterministic Expected Value model...
  EV objective: 20565692.625499967
Saved model snapshot to study_case_model/figures/vss_experiment/30426/ev/sub70.0/run0/model_snapshot.pkl

[Step 3] Solving EEV (stochastic model with fixed EV decisions)...
  EEV objective: 21097476.318193994

  ==================================================
  VALUE OF STOCHASTIC SOLUTION (Run 1)
  ==================================================
  RP  (stochastic)  = 21,190,779.29
  EV  (deterministic) = 20,565,692.63
  EEV (EV decisions)  = 21,097,476.32
  VSS = RP - EEV      = 93,302.98
  VSS as % of RP      = 0.44%
  EV_PI (perfect info) = 21,110,067.03
  EVPI = EV_PI - RP    = -80,712.27

======================================================================
RUN 2/10 (seed=1)
======================================================================

[Step 1] Solving full stochastic model (Recourse Problem)...
Deleted nodefile directory: /scratch-local/lbeemster.22379838/gurobi_vss_rp_run1
  RP objective: 21661394.367949754
Saved model snapshot to study_case_model/figures/vss_experiment/30426/rp/sub70.0/run1/model_snapshot.pkl

[EVPI] Solving each scenario deterministically for perfect information...
  EV_PI expected objective: 21559976.450716536
  EVPI (EV_PI - RP): -101417.91723321751

[Step 2] Solving deterministic Expected Value model...
  EV objective: 20565692.625499967
Saved model snapshot to study_case_model/figures/vss_experiment/30426/ev/sub70.0/run1/model_snapshot.pkl

[Step 3] Solving EEV (stochastic model with fixed EV decisions)...
  EEV objective: 21579693.215503305

  ==================================================
  VALUE OF STOCHASTIC SOLUTION (Run 2)
  ==================================================
  RP  (stochastic)  = 21,661,394.37
  EV  (deterministic) = 20,565,692.63
  EEV (EV decisions)  = 21,579,693.22
  VSS = RP - EEV      = 81,701.15
  VSS as % of RP      = 0.38%
  EV_PI (perfect info) = 21,559,976.45
  EVPI = EV_PI - RP    = -101,417.92

======================================================================
RUN 3/10 (seed=2)
======================================================================

[Step 1] Solving full stochastic model (Recourse Problem)...
Deleted nodefile directory: /scratch-local/lbeemster.22379838/gurobi_vss_rp_run2
  RP objective: 21296050.037582602
Saved model snapshot to study_case_model/figures/vss_experiment/30426/rp/sub70.0/run2/model_snapshot.pkl

[EVPI] Solving each scenario deterministically for perfect information...
  EV_PI expected objective: 21207504.11138361
  EVPI (EV_PI - RP): -88545.92619899288

[Step 2] Solving deterministic Expected Value model...
  EV objective: 20565692.625499967
Saved model snapshot to study_case_model/figures/vss_experiment/30426/ev/sub70.0/run2/model_snapshot.pkl

[Step 3] Solving EEV (stochastic model with fixed EV decisions)...
  EEV objective: 21172938.67088367

  ==================================================
  VALUE OF STOCHASTIC SOLUTION (Run 3)
  ==================================================
  RP  (stochastic)  = 21,296,050.04
  EV  (deterministic) = 20,565,692.63
  EEV (EV decisions)  = 21,172,938.67
  VSS = RP - EEV      = 123,111.37
  VSS as % of RP      = 0.58%
  EV_PI (perfect info) = 21,207,504.11
  EVPI = EV_PI - RP    = -88,545.93

======================================================================
RUN 4/10 (seed=3)
======================================================================

[Step 1] Solving full stochastic model (Recourse Problem)...
Deleted nodefile directory: /scratch-local/lbeemster.22379838/gurobi_vss_rp_run3
  RP objective: 21715535.250307713
Saved model snapshot to study_case_model/figures/vss_experiment/30426/rp/sub70.0/run3/model_snapshot.pkl

[EVPI] Solving each scenario deterministically for perfect information...
  EV_PI expected objective: 21618616.708927613
  EVPI (EV_PI - RP): -96918.54138009995

[Step 2] Solving deterministic Expected Value model...
  EV objective: 20565692.625499967
Saved model snapshot to study_case_model/figures/vss_experiment/30426/ev/sub70.0/run3/model_snapshot.pkl

[Step 3] Solving EEV (stochastic model with fixed EV decisions)...
  EEV objective: 21612296.10563009

  ==================================================
  VALUE OF STOCHASTIC SOLUTION (Run 4)
  ==================================================
  RP  (stochastic)  = 21,715,535.25
  EV  (deterministic) = 20,565,692.63
  EEV (EV decisions)  = 21,612,296.11
  VSS = RP - EEV      = 103,239.14
  VSS as % of RP      = 0.48%
  EV_PI (perfect info) = 21,618,616.71
  EVPI = EV_PI - RP    = -96,918.54

======================================================================
RUN 5/10 (seed=4)
======================================================================

[Step 1] Solving full stochastic model (Recourse Problem)...
Deleted nodefile directory: /scratch-local/lbeemster.22379838/gurobi_vss_rp_run4
  RP objective: 21866437.898031645
Saved model snapshot to study_case_model/figures/vss_experiment/30426/rp/sub70.0/run4/model_snapshot.pkl

[EVPI] Solving each scenario deterministically for perfect information...
  EV_PI expected objective: 21776260.383388385
  EVPI (EV_PI - RP): -90177.51464325935

[Step 2] Solving deterministic Expected Value model...
  EV objective: 20565692.625499967
Saved model snapshot to study_case_model/figures/vss_experiment/30426/ev/sub70.0/run4/model_snapshot.pkl

[Step 3] Solving EEV (stochastic model with fixed EV decisions)...
  EEV objective: 21807392.170796905

  ==================================================
  VALUE OF STOCHASTIC SOLUTION (Run 5)
  ==================================================
  RP  (stochastic)  = 21,866,437.90
  EV  (deterministic) = 20,565,692.63
  EEV (EV decisions)  = 21,807,392.17
  VSS = RP - EEV      = 59,045.73
  VSS as % of RP      = 0.27%
  EV_PI (perfect info) = 21,776,260.38
  EVPI = EV_PI - RP    = -90,177.51

======================================================================
RUN 6/10 (seed=5)
======================================================================

[Step 1] Solving full stochastic model (Recourse Problem)...
Deleted nodefile directory: /scratch-local/lbeemster.22379838/gurobi_vss_rp_run5
  RP objective: 22068944.49357822
Saved model snapshot to study_case_model/figures/vss_experiment/30426/rp/sub70.0/run5/model_snapshot.pkl

[EVPI] Solving each scenario deterministically for perfect information...
  EV_PI expected objective: 21974106.850407775
  EVPI (EV_PI - RP): -94837.64317044616

[Step 2] Solving deterministic Expected Value model...
  EV objective: 20565692.625499967
Saved model snapshot to study_case_model/figures/vss_experiment/30426/ev/sub70.0/run5/model_snapshot.pkl

[Step 3] Solving EEV (stochastic model with fixed EV decisions)...
  EEV objective: 21984113.96729607

  ==================================================
  VALUE OF STOCHASTIC SOLUTION (Run 6)
  ==================================================
  RP  (stochastic)  = 22,068,944.49
  EV  (deterministic) = 20,565,692.63
  EEV (EV decisions)  = 21,984,113.97
  VSS = RP - EEV      = 84,830.53
  VSS as % of RP      = 0.38%
  EV_PI (perfect info) = 21,974,106.85
  EVPI = EV_PI - RP    = -94,837.64

======================================================================
RUN 7/10 (seed=6)
======================================================================

[Step 1] Solving full stochastic model (Recourse Problem)...
Deleted nodefile directory: /scratch-local/lbeemster.22379838/gurobi_vss_rp_run6
  RP objective: 21978032.34858353
Saved model snapshot to study_case_model/figures/vss_experiment/30426/rp/sub70.0/run6/model_snapshot.pkl

[EVPI] Solving each scenario deterministically for perfect information...
  EV_PI expected objective: 21891047.31430115
  EVPI (EV_PI - RP): -86985.03428237885

[Step 2] Solving deterministic Expected Value model...
  EV objective: 20565692.625499967
Saved model snapshot to study_case_model/figures/vss_experiment/30426/ev/sub70.0/run6/model_snapshot.pkl

[Step 3] Solving EEV (stochastic model with fixed EV decisions)...
  EEV objective: 21896647.25873125

  ==================================================
  VALUE OF STOCHASTIC SOLUTION (Run 7)
  ==================================================
  RP  (stochastic)  = 21,978,032.35
  EV  (deterministic) = 20,565,692.63
  EEV (EV decisions)  = 21,896,647.26
  VSS = RP - EEV      = 81,385.09
  VSS as % of RP      = 0.37%
  EV_PI (perfect info) = 21,891,047.31
  EVPI = EV_PI - RP    = -86,985.03

======================================================================
RUN 8/10 (seed=7)
======================================================================

[Step 1] Solving full stochastic model (Recourse Problem)...
Deleted nodefile directory: /scratch-local/lbeemster.22379838/gurobi_vss_rp_run7
  RP objective: 21668446.56614624
Saved model snapshot to study_case_model/figures/vss_experiment/30426/rp/sub70.0/run7/model_snapshot.pkl

[EVPI] Solving each scenario deterministically for perfect information...
  EV_PI expected objective: 21581980.99576314
  EVPI (EV_PI - RP): -86465.57038309798

[Step 2] Solving deterministic Expected Value model...
  EV objective: 20565692.625499967
Saved model snapshot to study_case_model/figures/vss_experiment/30426/ev/sub70.0/run7/model_snapshot.pkl

[Step 3] Solving EEV (stochastic model with fixed EV decisions)...
  EEV objective: 21580870.223694615

  ==================================================
  VALUE OF STOCHASTIC SOLUTION (Run 8)
  ==================================================
  RP  (stochastic)  = 21,668,446.57
  EV  (deterministic) = 20,565,692.63
  EEV (EV decisions)  = 21,580,870.22
  VSS = RP - EEV      = 87,576.34
  VSS as % of RP      = 0.40%
  EV_PI (perfect info) = 21,581,981.00
  EVPI = EV_PI - RP    = -86,465.57

======================================================================
RUN 9/10 (seed=8)
======================================================================

[Step 1] Solving full stochastic model (Recourse Problem)...
Deleted nodefile directory: /scratch-local/lbeemster.22379838/gurobi_vss_rp_run8
  RP objective: 21955816.856772672
Saved model snapshot to study_case_model/figures/vss_experiment/30426/rp/sub70.0/run8/model_snapshot.pkl

[EVPI] Solving each scenario deterministically for perfect information...
  EV_PI expected objective: 21884914.806645952
  EVPI (EV_PI - RP): -70902.05012672022

[Step 2] Solving deterministic Expected Value model...
  EV objective: 20565692.625499967
Saved model snapshot to study_case_model/figures/vss_experiment/30426/ev/sub70.0/run8/model_snapshot.pkl

[Step 3] Solving EEV (stochastic model with fixed EV decisions)...
  EEV objective: 21894760.62993224

  ==================================================
  VALUE OF STOCHASTIC SOLUTION (Run 9)
  ==================================================
  RP  (stochastic)  = 21,955,816.86
  EV  (deterministic) = 20,565,692.63
  EEV (EV decisions)  = 21,894,760.63
  VSS = RP - EEV      = 61,056.23
  VSS as % of RP      = 0.28%
  EV_PI (perfect info) = 21,884,914.81
  EVPI = EV_PI - RP    = -70,902.05

======================================================================
RUN 10/10 (seed=9)
======================================================================

[Step 1] Solving full stochastic model (Recourse Problem)...
Deleted nodefile directory: /scratch-local/lbeemster.22379838/gurobi_vss_rp_run9
  RP objective: 21277067.776456412
Saved model snapshot to study_case_model/figures/vss_experiment/30426/rp/sub70.0/run9/model_snapshot.pkl

[EVPI] Solving each scenario deterministically for perfect information...
  EV_PI expected objective: 21191587.900869243
  EVPI (EV_PI - RP): -85479.87558716908

[Step 2] Solving deterministic Expected Value model...
  EV objective: 20565692.625499967
Saved model snapshot to study_case_model/figures/vss_experiment/30426/ev/sub70.0/run9/model_snapshot.pkl

[Step 3] Solving EEV (stochastic model with fixed EV decisions)...
  EEV objective: 21209526.14357366

  ==================================================
  VALUE OF STOCHASTIC SOLUTION (Run 10)
  ==================================================
  RP  (stochastic)  = 21,277,067.78
  EV  (deterministic) = 20,565,692.63
  EEV (EV decisions)  = 21,209,526.14
  VSS = RP - EEV      = 67,541.63
  VSS as % of RP      = 0.32%
  EV_PI (perfect info) = 21,191,587.90
  EVPI = EV_PI - RP    = -85,479.88
Run 9 appended to study_case_model/figures/vss_experiment/30426/vss_results_70_0.2_8_2.csv

======================================================================
VSS EXPERIMENT SUMMARY
======================================================================
  Across 10 runs:
    Mean VSS:    84,279.02 (0.39% of RP)
    Std VSS:     18,523.56
    Min VSS:     59,045.73
    Max VSS:     123,111.37
  → Stochastic formulation provides MARGINAL value — consider if complexity is justified.

  EVPI summary across 10 runs:
    Mean EVPI: -88,244.23
    Std EVPI:  8,160.66
    Min EVPI:  -101,417.92
    Max EVPI:  -70,902.05

Finished VSS experiment!
