Gurobi shell based on Python 3.13.1 can be launched with command `gurobi.sh`
Gurobi Python Interface can be loaded in Python 3.13.1 with 'import gurobipy'
/var/spool/slurm/slurmd/job22362415/slurm_script: line 24: activate: No such file or directory

======================================================================
RUN 1/10 (seed=0)
======================================================================

[Step 1] Solving full stochastic model (Recourse Problem)...
Deleted nodefile directory: /scratch-local/lbeemster.22362415/gurobi_vss_rp_run0
  RP objective: 21853381.62743328
Saved model snapshot to study_case_model/figures/vss_experiment/30426/rp/sub45.0/run0/model_snapshot.pkl

[EVPI] Solving each scenario deterministically for perfect information...
  EV_PI expected objective: 21868834.72815114
  EVPI (EV_PI - RP): 15453.10071785748

[Step 2] Solving deterministic Expected Value model...
  EV objective: 20424633.937798895
Saved model snapshot to study_case_model/figures/vss_experiment/30426/ev/sub45.0/run0/model_snapshot.pkl

[Step 3] Solving EEV (stochastic model with fixed EV decisions)...
  EEV objective: 21773434.585151177

  ==================================================
  VALUE OF STOCHASTIC SOLUTION (Run 1)
  ==================================================
  RP  (stochastic)  = 21,853,381.63
  EV  (deterministic) = 20,424,633.94
  EEV (EV decisions)  = 21,773,434.59
  VSS = RP - EEV      = 79,947.04
  VSS as % of RP      = 0.37%
  EV_PI (perfect info) = 21,868,834.73
  EVPI = EV_PI - RP    = 15,453.10

======================================================================
RUN 2/10 (seed=1)
======================================================================

[Step 1] Solving full stochastic model (Recourse Problem)...
Deleted nodefile directory: /scratch-local/lbeemster.22362415/gurobi_vss_rp_run1
  RP objective: 21210457.08495527
Saved model snapshot to study_case_model/figures/vss_experiment/30426/rp/sub45.0/run1/model_snapshot.pkl

[EVPI] Solving each scenario deterministically for perfect information...
  EV_PI expected objective: 21221153.3819889
  EVPI (EV_PI - RP): 10696.297033630311

[Step 2] Solving deterministic Expected Value model...
  EV objective: 20424633.937798895
Saved model snapshot to study_case_model/figures/vss_experiment/30426/ev/sub45.0/run1/model_snapshot.pkl

[Step 3] Solving EEV (stochastic model with fixed EV decisions)...
  EEV objective: 21116573.843676742

  ==================================================
  VALUE OF STOCHASTIC SOLUTION (Run 2)
  ==================================================
  RP  (stochastic)  = 21,210,457.08
  EV  (deterministic) = 20,424,633.94
  EEV (EV decisions)  = 21,116,573.84
  VSS = RP - EEV      = 93,883.24
  VSS as % of RP      = 0.44%
  EV_PI (perfect info) = 21,221,153.38
  EVPI = EV_PI - RP    = 10,696.30

======================================================================
RUN 3/10 (seed=2)
======================================================================

[Step 1] Solving full stochastic model (Recourse Problem)...
Deleted nodefile directory: /scratch-local/lbeemster.22362415/gurobi_vss_rp_run2
  RP objective: 21293969.916710824
Saved model snapshot to study_case_model/figures/vss_experiment/30426/rp/sub45.0/run2/model_snapshot.pkl

[EVPI] Solving each scenario deterministically for perfect information...
  EV_PI expected objective: 21298314.055220716
  EVPI (EV_PI - RP): 4344.138509891927

[Step 2] Solving deterministic Expected Value model...
  EV objective: 20424633.937798895
Saved model snapshot to study_case_model/figures/vss_experiment/30426/ev/sub45.0/run2/model_snapshot.pkl

[Step 3] Solving EEV (stochastic model with fixed EV decisions)...
  EEV objective: 21194603.26264787

  ==================================================
  VALUE OF STOCHASTIC SOLUTION (Run 3)
  ==================================================
  RP  (stochastic)  = 21,293,969.92
  EV  (deterministic) = 20,424,633.94
  EEV (EV decisions)  = 21,194,603.26
  VSS = RP - EEV      = 99,366.65
  VSS as % of RP      = 0.47%
  EV_PI (perfect info) = 21,298,314.06
  EVPI = EV_PI - RP    = 4,344.14

======================================================================
RUN 4/10 (seed=3)
======================================================================

[Step 1] Solving full stochastic model (Recourse Problem)...
Deleted nodefile directory: /scratch-local/lbeemster.22362415/gurobi_vss_rp_run3
  RP objective: 20084410.633164886
Saved model snapshot to study_case_model/figures/vss_experiment/30426/rp/sub45.0/run3/model_snapshot.pkl

[EVPI] Solving each scenario deterministically for perfect information...
  EV_PI expected objective: 20107586.06795479
  EVPI (EV_PI - RP): 23175.434789903462

[Step 2] Solving deterministic Expected Value model...
  EV objective: 20424633.937798895
Saved model snapshot to study_case_model/figures/vss_experiment/30426/ev/sub45.0/run3/model_snapshot.pkl

[Step 3] Solving EEV (stochastic model with fixed EV decisions)...
  EEV objective: 20001259.046286643

  ==================================================
  VALUE OF STOCHASTIC SOLUTION (Run 4)
  ==================================================
  RP  (stochastic)  = 20,084,410.63
  EV  (deterministic) = 20,424,633.94
  EEV (EV decisions)  = 20,001,259.05
  VSS = RP - EEV      = 83,151.59
  VSS as % of RP      = 0.41%
  EV_PI (perfect info) = 20,107,586.07
  EVPI = EV_PI - RP    = 23,175.43

======================================================================
RUN 5/10 (seed=4)
======================================================================

[Step 1] Solving full stochastic model (Recourse Problem)...
Deleted nodefile directory: /scratch-local/lbeemster.22362415/gurobi_vss_rp_run4
  RP objective: 22123603.686684255
Saved model snapshot to study_case_model/figures/vss_experiment/30426/rp/sub45.0/run4/model_snapshot.pkl

[EVPI] Solving each scenario deterministically for perfect information...
  EV_PI expected objective: 22130165.15268198
  EVPI (EV_PI - RP): 6561.465997725725

[Step 2] Solving deterministic Expected Value model...
  EV objective: 20424633.937798895
Saved model snapshot to study_case_model/figures/vss_experiment/30426/ev/sub45.0/run4/model_snapshot.pkl

[Step 3] Solving EEV (stochastic model with fixed EV decisions)...
  EEV objective: 22022960.292699132

  ==================================================
  VALUE OF STOCHASTIC SOLUTION (Run 5)
  ==================================================
  RP  (stochastic)  = 22,123,603.69
  EV  (deterministic) = 20,424,633.94
  EEV (EV decisions)  = 22,022,960.29
  VSS = RP - EEV      = 100,643.39
  VSS as % of RP      = 0.45%
  EV_PI (perfect info) = 22,130,165.15
  EVPI = EV_PI - RP    = 6,561.47

======================================================================
RUN 6/10 (seed=5)
======================================================================

[Step 1] Solving full stochastic model (Recourse Problem)...
Deleted nodefile directory: /scratch-local/lbeemster.22362415/gurobi_vss_rp_run5
  RP objective: 21870003.273177154
Saved model snapshot to study_case_model/figures/vss_experiment/30426/rp/sub45.0/run5/model_snapshot.pkl

[EVPI] Solving each scenario deterministically for perfect information...
  EV_PI expected objective: 21878616.25247228
  EVPI (EV_PI - RP): 8612.979295127094

[Step 2] Solving deterministic Expected Value model...
  EV objective: 20424633.937798895
Saved model snapshot to study_case_model/figures/vss_experiment/30426/ev/sub45.0/run5/model_snapshot.pkl

[Step 3] Solving EEV (stochastic model with fixed EV decisions)...
  EEV objective: 21788073.00549774

  ==================================================
  VALUE OF STOCHASTIC SOLUTION (Run 6)
  ==================================================
  RP  (stochastic)  = 21,870,003.27
  EV  (deterministic) = 20,424,633.94
  EEV (EV decisions)  = 21,788,073.01
  VSS = RP - EEV      = 81,930.27
  VSS as % of RP      = 0.37%
  EV_PI (perfect info) = 21,878,616.25
  EVPI = EV_PI - RP    = 8,612.98

======================================================================
RUN 7/10 (seed=6)
======================================================================

[Step 1] Solving full stochastic model (Recourse Problem)...
Deleted nodefile directory: /scratch-local/lbeemster.22362415/gurobi_vss_rp_run6
  RP objective: 21364991.990296435
Saved model snapshot to study_case_model/figures/vss_experiment/30426/rp/sub45.0/run6/model_snapshot.pkl

[EVPI] Solving each scenario deterministically for perfect information...
  EV_PI expected objective: 21362575.66135468
  EVPI (EV_PI - RP): -2416.328941754997

[Step 2] Solving deterministic Expected Value model...
  EV objective: 20424633.937798895
Saved model snapshot to study_case_model/figures/vss_experiment/30426/ev/sub45.0/run6/model_snapshot.pkl

[Step 3] Solving EEV (stochastic model with fixed EV decisions)...
  EEV objective: 21272831.755989935

  ==================================================
  VALUE OF STOCHASTIC SOLUTION (Run 7)
  ==================================================
  RP  (stochastic)  = 21,364,991.99
  EV  (deterministic) = 20,424,633.94
  EEV (EV decisions)  = 21,272,831.76
  VSS = RP - EEV      = 92,160.23
  VSS as % of RP      = 0.43%
  EV_PI (perfect info) = 21,362,575.66
  EVPI = EV_PI - RP    = -2,416.33

======================================================================
RUN 8/10 (seed=7)
======================================================================

[Step 1] Solving full stochastic model (Recourse Problem)...
Deleted nodefile directory: /scratch-local/lbeemster.22362415/gurobi_vss_rp_run7
  RP objective: 21633431.34623116
Saved model snapshot to study_case_model/figures/vss_experiment/30426/rp/sub45.0/run7/model_snapshot.pkl

[EVPI] Solving each scenario deterministically for perfect information...
  EV_PI expected objective: 21641302.75762132
  EVPI (EV_PI - RP): 7871.411390163004

[Step 2] Solving deterministic Expected Value model...
  EV objective: 20424633.937798895
Saved model snapshot to study_case_model/figures/vss_experiment/30426/ev/sub45.0/run7/model_snapshot.pkl

[Step 3] Solving EEV (stochastic model with fixed EV decisions)...
  EEV objective: 21523574.70932447

  ==================================================
  VALUE OF STOCHASTIC SOLUTION (Run 8)
  ==================================================
  RP  (stochastic)  = 21,633,431.35
  EV  (deterministic) = 20,424,633.94
  EEV (EV decisions)  = 21,523,574.71
  VSS = RP - EEV      = 109,856.64
  VSS as % of RP      = 0.51%
  EV_PI (perfect info) = 21,641,302.76
  EVPI = EV_PI - RP    = 7,871.41

======================================================================
RUN 9/10 (seed=8)
======================================================================

[Step 1] Solving full stochastic model (Recourse Problem)...
Deleted nodefile directory: /scratch-local/lbeemster.22362415/gurobi_vss_rp_run8
  RP objective: 21292362.443213325
Saved model snapshot to study_case_model/figures/vss_experiment/30426/rp/sub45.0/run8/model_snapshot.pkl

[EVPI] Solving each scenario deterministically for perfect information...
  EV_PI expected objective: 21315202.675727293
  EVPI (EV_PI - RP): 22840.2325139679

[Step 2] Solving deterministic Expected Value model...
  EV objective: 20424633.937798895
Saved model snapshot to study_case_model/figures/vss_experiment/30426/ev/sub45.0/run8/model_snapshot.pkl

[Step 3] Solving EEV (stochastic model with fixed EV decisions)...
  EEV objective: 21242391.06341788

  ==================================================
  VALUE OF STOCHASTIC SOLUTION (Run 9)
  ==================================================
  RP  (stochastic)  = 21,292,362.44
  EV  (deterministic) = 20,424,633.94
  EEV (EV decisions)  = 21,242,391.06
  VSS = RP - EEV      = 49,971.38
  VSS as % of RP      = 0.23%
  EV_PI (perfect info) = 21,315,202.68
  EVPI = EV_PI - RP    = 22,840.23

======================================================================
RUN 10/10 (seed=9)
======================================================================

[Step 1] Solving full stochastic model (Recourse Problem)...
Deleted nodefile directory: /scratch-local/lbeemster.22362415/gurobi_vss_rp_run9
  RP objective: 21651782.123027492
Saved model snapshot to study_case_model/figures/vss_experiment/30426/rp/sub45.0/run9/model_snapshot.pkl

[EVPI] Solving each scenario deterministically for perfect information...
  EV_PI expected objective: 21630448.27655719
  EVPI (EV_PI - RP): -21333.846470303833

[Step 2] Solving deterministic Expected Value model...
  EV objective: 20424633.937798895
Saved model snapshot to study_case_model/figures/vss_experiment/30426/ev/sub45.0/run9/model_snapshot.pkl

[Step 3] Solving EEV (stochastic model with fixed EV decisions)...
  EEV objective: 21580129.549727947

  ==================================================
  VALUE OF STOCHASTIC SOLUTION (Run 10)
  ==================================================
  RP  (stochastic)  = 21,651,782.12
  EV  (deterministic) = 20,424,633.94
  EEV (EV decisions)  = 21,580,129.55
  VSS = RP - EEV      = 71,652.57
  VSS as % of RP      = 0.33%
  EV_PI (perfect info) = 21,630,448.28
  EVPI = EV_PI - RP    = -21,333.85
Run 9 appended to study_case_model/figures/vss_experiment/30426/vss_results_45_0.2_4_8.csv

======================================================================
VSS EXPERIMENT SUMMARY
======================================================================
  Across 10 runs:
    Mean VSS:    86,256.30 (0.40% of RP)
    Std VSS:     16,207.71
    Min VSS:     49,971.38
    Max VSS:     109,856.64
  → Stochastic formulation provides MARGINAL value — consider if complexity is justified.

  EVPI summary across 10 runs:
    Mean EVPI: 7,580.49
    Std EVPI:  12,232.69
    Min EVPI:  -21,333.85
    Max EVPI:  23,175.43

Finished VSS experiment!
