Gurobi shell based on Python 3.13.1 can be launched with command `gurobi.sh`
Gurobi Python Interface can be loaded in Python 3.13.1 with 'import gurobipy'
/var/spool/slurm/slurmd/job22357187/slurm_script: line 24: activate: No such file or directory

======================================================================
RUN 1/10 (seed=0)
======================================================================

[Step 1] Solving full stochastic model (Recourse Problem)...
Deleted nodefile directory: /scratch-local/lbeemster.22357187/gurobi_vss_rp_run0
  RP objective: 20921634.330911726
Saved model snapshot to study_case_model/figures/vss_experiment/30426/rp/sub45.0/run0/model_snapshot.pkl

[EVPI] Solving each scenario deterministically for perfect information...
  EV_PI expected objective: 20949449.482487414
  EVPI (EV_PI - RP): 27815.151575688273

[Step 2] Solving deterministic Expected Value model...
  EV objective: 20424633.937798895
Saved model snapshot to study_case_model/figures/vss_experiment/30426/ev/sub45.0/run0/model_snapshot.pkl

[Step 3] Solving EEV (stochastic model with fixed EV decisions)...
  EEV objective: 20823986.521108516

  ==================================================
  VALUE OF STOCHASTIC SOLUTION (Run 1)
  ==================================================
  RP  (stochastic)  = 20,921,634.33
  EV  (deterministic) = 20,424,633.94
  EEV (EV decisions)  = 20,823,986.52
  VSS = RP - EEV      = 97,647.81
  VSS as % of RP      = 0.47%
  EV_PI (perfect info) = 20,949,449.48
  EVPI = EV_PI - RP    = 27,815.15

======================================================================
RUN 2/10 (seed=1)
======================================================================

[Step 1] Solving full stochastic model (Recourse Problem)...
Deleted nodefile directory: /scratch-local/lbeemster.22357187/gurobi_vss_rp_run1
  RP objective: 21404186.991724875
Saved model snapshot to study_case_model/figures/vss_experiment/30426/rp/sub45.0/run1/model_snapshot.pkl

[EVPI] Solving each scenario deterministically for perfect information...
  EV_PI expected objective: 21426766.336820755
  EVPI (EV_PI - RP): 22579.34509588033

[Step 2] Solving deterministic Expected Value model...
  EV objective: 20424633.937798895
Saved model snapshot to study_case_model/figures/vss_experiment/30426/ev/sub45.0/run1/model_snapshot.pkl

[Step 3] Solving EEV (stochastic model with fixed EV decisions)...
  EEV objective: 21322033.11815832

  ==================================================
  VALUE OF STOCHASTIC SOLUTION (Run 2)
  ==================================================
  RP  (stochastic)  = 21,404,186.99
  EV  (deterministic) = 20,424,633.94
  EEV (EV decisions)  = 21,322,033.12
  VSS = RP - EEV      = 82,153.87
  VSS as % of RP      = 0.38%
  EV_PI (perfect info) = 21,426,766.34
  EVPI = EV_PI - RP    = 22,579.35

======================================================================
RUN 3/10 (seed=2)
======================================================================

[Step 1] Solving full stochastic model (Recourse Problem)...
Deleted nodefile directory: /scratch-local/lbeemster.22357187/gurobi_vss_rp_run2
  RP objective: 21042657.67914061
Saved model snapshot to study_case_model/figures/vss_experiment/30426/rp/sub45.0/run2/model_snapshot.pkl

[EVPI] Solving each scenario deterministically for perfect information...
  EV_PI expected objective: 21057539.019096177
  EVPI (EV_PI - RP): 14881.339955568314

[Step 2] Solving deterministic Expected Value model...
  EV objective: 20424633.937798895
Saved model snapshot to study_case_model/figures/vss_experiment/30426/ev/sub45.0/run2/model_snapshot.pkl

[Step 3] Solving EEV (stochastic model with fixed EV decisions)...
  EEV objective: 20905980.246015944

  ==================================================
  VALUE OF STOCHASTIC SOLUTION (Run 3)
  ==================================================
  RP  (stochastic)  = 21,042,657.68
  EV  (deterministic) = 20,424,633.94
  EEV (EV decisions)  = 20,905,980.25
  VSS = RP - EEV      = 136,677.43
  VSS as % of RP      = 0.65%
  EV_PI (perfect info) = 21,057,539.02
  EVPI = EV_PI - RP    = 14,881.34

======================================================================
RUN 4/10 (seed=3)
======================================================================

[Step 1] Solving full stochastic model (Recourse Problem)...
Deleted nodefile directory: /scratch-local/lbeemster.22357187/gurobi_vss_rp_run3
  RP objective: 21566133.531488325
Saved model snapshot to study_case_model/figures/vss_experiment/30426/rp/sub45.0/run3/model_snapshot.pkl

[EVPI] Solving each scenario deterministically for perfect information...
  EV_PI expected objective: 21583300.14895814
  EVPI (EV_PI - RP): 17166.617469813675

[Step 2] Solving deterministic Expected Value model...
  EV objective: 20424633.937798895
Saved model snapshot to study_case_model/figures/vss_experiment/30426/ev/sub45.0/run3/model_snapshot.pkl

[Step 3] Solving EEV (stochastic model with fixed EV decisions)...
  EEV objective: 21462918.89620616

  ==================================================
  VALUE OF STOCHASTIC SOLUTION (Run 4)
  ==================================================
  RP  (stochastic)  = 21,566,133.53
  EV  (deterministic) = 20,424,633.94
  EEV (EV decisions)  = 21,462,918.90
  VSS = RP - EEV      = 103,214.64
  VSS as % of RP      = 0.48%
  EV_PI (perfect info) = 21,583,300.15
  EVPI = EV_PI - RP    = 17,166.62

======================================================================
RUN 5/10 (seed=4)
======================================================================

[Step 1] Solving full stochastic model (Recourse Problem)...
Deleted nodefile directory: /scratch-local/lbeemster.22357187/gurobi_vss_rp_run4
  RP objective: 21637900.523327753
Saved model snapshot to study_case_model/figures/vss_experiment/30426/rp/sub45.0/run4/model_snapshot.pkl

[EVPI] Solving each scenario deterministically for perfect information...
  EV_PI expected objective: 21654562.843380224
  EVPI (EV_PI - RP): 16662.320052471012

[Step 2] Solving deterministic Expected Value model...
  EV objective: 20424633.937798895
Saved model snapshot to study_case_model/figures/vss_experiment/30426/ev/sub45.0/run4/model_snapshot.pkl

[Step 3] Solving EEV (stochastic model with fixed EV decisions)...
  EEV objective: 21552921.740738895

  ==================================================
  VALUE OF STOCHASTIC SOLUTION (Run 5)
  ==================================================
  RP  (stochastic)  = 21,637,900.52
  EV  (deterministic) = 20,424,633.94
  EEV (EV decisions)  = 21,552,921.74
  VSS = RP - EEV      = 84,978.78
  VSS as % of RP      = 0.39%
  EV_PI (perfect info) = 21,654,562.84
  EVPI = EV_PI - RP    = 16,662.32

======================================================================
RUN 6/10 (seed=5)
======================================================================

[Step 1] Solving full stochastic model (Recourse Problem)...
Deleted nodefile directory: /scratch-local/lbeemster.22357187/gurobi_vss_rp_run5
  RP objective: 21796887.969930924
Saved model snapshot to study_case_model/figures/vss_experiment/30426/rp/sub45.0/run5/model_snapshot.pkl

[EVPI] Solving each scenario deterministically for perfect information...
  EV_PI expected objective: 21806226.991457034
  EVPI (EV_PI - RP): 9339.021526109427

[Step 2] Solving deterministic Expected Value model...
  EV objective: 20424633.937798895
Saved model snapshot to study_case_model/figures/vss_experiment/30426/ev/sub45.0/run5/model_snapshot.pkl

[Step 3] Solving EEV (stochastic model with fixed EV decisions)...
  EEV objective: 21707989.65237257

  ==================================================
  VALUE OF STOCHASTIC SOLUTION (Run 6)
  ==================================================
  RP  (stochastic)  = 21,796,887.97
  EV  (deterministic) = 20,424,633.94
  EEV (EV decisions)  = 21,707,989.65
  VSS = RP - EEV      = 88,898.32
  VSS as % of RP      = 0.41%
  EV_PI (perfect info) = 21,806,226.99
  EVPI = EV_PI - RP    = 9,339.02

======================================================================
RUN 7/10 (seed=6)
======================================================================

[Step 1] Solving full stochastic model (Recourse Problem)...
Deleted nodefile directory: /scratch-local/lbeemster.22357187/gurobi_vss_rp_run6
  RP objective: 21795070.507027764
Saved model snapshot to study_case_model/figures/vss_experiment/30426/rp/sub45.0/run6/model_snapshot.pkl

[EVPI] Solving each scenario deterministically for perfect information...
  EV_PI expected objective: 21815419.292335168
  EVPI (EV_PI - RP): 20348.785307403654

[Step 2] Solving deterministic Expected Value model...
  EV objective: 20424633.937798895
Saved model snapshot to study_case_model/figures/vss_experiment/30426/ev/sub45.0/run6/model_snapshot.pkl

[Step 3] Solving EEV (stochastic model with fixed EV decisions)...
  EEV objective: 21720292.361961365

  ==================================================
  VALUE OF STOCHASTIC SOLUTION (Run 7)
  ==================================================
  RP  (stochastic)  = 21,795,070.51
  EV  (deterministic) = 20,424,633.94
  EEV (EV decisions)  = 21,720,292.36
  VSS = RP - EEV      = 74,778.15
  VSS as % of RP      = 0.34%
  EV_PI (perfect info) = 21,815,419.29
  EVPI = EV_PI - RP    = 20,348.79

======================================================================
RUN 8/10 (seed=7)
======================================================================

[Step 1] Solving full stochastic model (Recourse Problem)...
Deleted nodefile directory: /scratch-local/lbeemster.22357187/gurobi_vss_rp_run7
  RP objective: 21392891.405171804
Saved model snapshot to study_case_model/figures/vss_experiment/30426/rp/sub45.0/run7/model_snapshot.pkl

[EVPI] Solving each scenario deterministically for perfect information...
  EV_PI expected objective: 21411181.058157917
  EVPI (EV_PI - RP): 18289.652986112982

[Step 2] Solving deterministic Expected Value model...
  EV objective: 20424633.937798895
Saved model snapshot to study_case_model/figures/vss_experiment/30426/ev/sub45.0/run7/model_snapshot.pkl

[Step 3] Solving EEV (stochastic model with fixed EV decisions)...
  EEV objective: 21310862.24427402

  ==================================================
  VALUE OF STOCHASTIC SOLUTION (Run 8)
  ==================================================
  RP  (stochastic)  = 21,392,891.41
  EV  (deterministic) = 20,424,633.94
  EEV (EV decisions)  = 21,310,862.24
  VSS = RP - EEV      = 82,029.16
  VSS as % of RP      = 0.38%
  EV_PI (perfect info) = 21,411,181.06
  EVPI = EV_PI - RP    = 18,289.65

======================================================================
RUN 9/10 (seed=8)
======================================================================

[Step 1] Solving full stochastic model (Recourse Problem)...
Deleted nodefile directory: /scratch-local/lbeemster.22357187/gurobi_vss_rp_run8
  RP objective: 21687999.891467992
Saved model snapshot to study_case_model/figures/vss_experiment/30426/rp/sub45.0/run8/model_snapshot.pkl

[EVPI] Solving each scenario deterministically for perfect information...
  EV_PI expected objective: 21713787.89810947
  EVPI (EV_PI - RP): 25788.006641477346

[Step 2] Solving deterministic Expected Value model...
  EV objective: 20424633.937798895
Saved model snapshot to study_case_model/figures/vss_experiment/30426/ev/sub45.0/run8/model_snapshot.pkl

[Step 3] Solving EEV (stochastic model with fixed EV decisions)...
  EEV objective: 21608967.19331971

  ==================================================
  VALUE OF STOCHASTIC SOLUTION (Run 9)
  ==================================================
  RP  (stochastic)  = 21,687,999.89
  EV  (deterministic) = 20,424,633.94
  EEV (EV decisions)  = 21,608,967.19
  VSS = RP - EEV      = 79,032.70
  VSS as % of RP      = 0.36%
  EV_PI (perfect info) = 21,713,787.90
  EVPI = EV_PI - RP    = 25,788.01

======================================================================
RUN 10/10 (seed=9)
======================================================================

[Step 1] Solving full stochastic model (Recourse Problem)...
Deleted nodefile directory: /scratch-local/lbeemster.22357187/gurobi_vss_rp_run9
  RP objective: 21106442.418268286
Saved model snapshot to study_case_model/figures/vss_experiment/30426/rp/sub45.0/run9/model_snapshot.pkl

[EVPI] Solving each scenario deterministically for perfect information...
  EV_PI expected objective: 21118834.95513866
  EVPI (EV_PI - RP): 12392.536870375276

[Step 2] Solving deterministic Expected Value model...
  EV objective: 20424633.937798895
Saved model snapshot to study_case_model/figures/vss_experiment/30426/ev/sub45.0/run9/model_snapshot.pkl

[Step 3] Solving EEV (stochastic model with fixed EV decisions)...
  EEV objective: 21039302.40690714

  ==================================================
  VALUE OF STOCHASTIC SOLUTION (Run 10)
  ==================================================
  RP  (stochastic)  = 21,106,442.42
  EV  (deterministic) = 20,424,633.94
  EEV (EV decisions)  = 21,039,302.41
  VSS = RP - EEV      = 67,140.01
  VSS as % of RP      = 0.32%
  EV_PI (perfect info) = 21,118,834.96
  EVPI = EV_PI - RP    = 12,392.54
Run 9 appended to study_case_model/figures/vss_experiment/30426/vss_results_45_0_8_4.csv

======================================================================
VSS EXPERIMENT SUMMARY
======================================================================
  Across 10 runs:
    Mean VSS:    89,655.09 (0.42% of RP)
    Std VSS:     18,538.60
    Min VSS:     67,140.01
    Max VSS:     136,677.43
  → Stochastic formulation provides MARGINAL value — consider if complexity is justified.

  EVPI summary across 10 runs:
    Mean EVPI: 18,526.28
    Std EVPI:  5,472.27
    Min EVPI:  9,339.02
    Max EVPI:  27,815.15

Finished VSS experiment!
