Gurobi shell based on Python 3.13.1 can be launched with command `gurobi.sh`
Gurobi Python Interface can be loaded in Python 3.13.1 with 'import gurobipy'
/var/spool/slurm/slurmd/job22386909/slurm_script: line 24: activate: No such file or directory

======================================================================
RUN 1/10 (seed=0)
======================================================================

[Step 1] Solving full stochastic model (Recourse Problem)...
Deleted nodefile directory: /scratch-local/lbeemster.22386909/gurobi_vss_rp_run0
  RP objective: 21414810.789635077
Saved model snapshot to study_case_model/figures/vss_experiment/30426/rp/sub70.0/run0/model_snapshot.pkl

[EVPI] Solving each scenario deterministically for perfect information...
  EV_PI expected objective: 21430137.980544478
  EVPI (EV_PI - RP): 15327.190909400582

[Step 2] Solving deterministic Expected Value model...
  EV objective: 20565692.625499967
Saved model snapshot to study_case_model/figures/vss_experiment/30426/ev/sub70.0/run0/model_snapshot.pkl

[Step 3] Solving EEV (stochastic model with fixed EV decisions)...
  EEV objective: 21316866.116264425

  ==================================================
  VALUE OF STOCHASTIC SOLUTION (Run 1)
  ==================================================
  RP  (stochastic)  = 21,414,810.79
  EV  (deterministic) = 20,565,692.63
  EEV (EV decisions)  = 21,316,866.12
  VSS = RP - EEV      = 97,944.67
  VSS as % of RP      = 0.46%
  EV_PI (perfect info) = 21,430,137.98
  EVPI = EV_PI - RP    = 15,327.19

======================================================================
RUN 2/10 (seed=1)
======================================================================

[Step 1] Solving full stochastic model (Recourse Problem)...
Deleted nodefile directory: /scratch-local/lbeemster.22386909/gurobi_vss_rp_run1
  RP objective: 21969963.70157715
Saved model snapshot to study_case_model/figures/vss_experiment/30426/rp/sub70.0/run1/model_snapshot.pkl

[EVPI] Solving each scenario deterministically for perfect information...
  EV_PI expected objective: 21991410.63485682
  EVPI (EV_PI - RP): 21446.933279670775

[Step 2] Solving deterministic Expected Value model...
  EV objective: 20565692.625499967
Saved model snapshot to study_case_model/figures/vss_experiment/30426/ev/sub70.0/run1/model_snapshot.pkl

[Step 3] Solving EEV (stochastic model with fixed EV decisions)...
  EEV objective: 21896307.208789013

  ==================================================
  VALUE OF STOCHASTIC SOLUTION (Run 2)
  ==================================================
  RP  (stochastic)  = 21,969,963.70
  EV  (deterministic) = 20,565,692.63
  EEV (EV decisions)  = 21,896,307.21
  VSS = RP - EEV      = 73,656.49
  VSS as % of RP      = 0.34%
  EV_PI (perfect info) = 21,991,410.63
  EVPI = EV_PI - RP    = 21,446.93

======================================================================
RUN 3/10 (seed=2)
======================================================================

[Step 1] Solving full stochastic model (Recourse Problem)...
Deleted nodefile directory: /scratch-local/lbeemster.22386909/gurobi_vss_rp_run2
  RP objective: 21618165.36505238
Saved model snapshot to study_case_model/figures/vss_experiment/30426/rp/sub70.0/run2/model_snapshot.pkl

[EVPI] Solving each scenario deterministically for perfect information...
  EV_PI expected objective: 21630941.060386065
  EVPI (EV_PI - RP): 12775.695333685726

[Step 2] Solving deterministic Expected Value model...
  EV objective: 20565692.625499967
Saved model snapshot to study_case_model/figures/vss_experiment/30426/ev/sub70.0/run2/model_snapshot.pkl

[Step 3] Solving EEV (stochastic model with fixed EV decisions)...
  EEV objective: 21501927.678659596

  ==================================================
  VALUE OF STOCHASTIC SOLUTION (Run 3)
  ==================================================
  RP  (stochastic)  = 21,618,165.37
  EV  (deterministic) = 20,565,692.63
  EEV (EV decisions)  = 21,501,927.68
  VSS = RP - EEV      = 116,237.69
  VSS as % of RP      = 0.54%
  EV_PI (perfect info) = 21,630,941.06
  EVPI = EV_PI - RP    = 12,775.70

======================================================================
RUN 4/10 (seed=3)
======================================================================

[Step 1] Solving full stochastic model (Recourse Problem)...
Deleted nodefile directory: /scratch-local/lbeemster.22386909/gurobi_vss_rp_run3
  RP objective: 21961804.793010425
Saved model snapshot to study_case_model/figures/vss_experiment/30426/rp/sub70.0/run3/model_snapshot.pkl

[EVPI] Solving each scenario deterministically for perfect information...
  EV_PI expected objective: 21984940.53252096
  EVPI (EV_PI - RP): 23135.739510536194

[Step 2] Solving deterministic Expected Value model...
  EV objective: 20565692.625499967
Saved model snapshot to study_case_model/figures/vss_experiment/30426/ev/sub70.0/run3/model_snapshot.pkl

[Step 3] Solving EEV (stochastic model with fixed EV decisions)...
  EEV objective: 21857349.212726213

  ==================================================
  VALUE OF STOCHASTIC SOLUTION (Run 4)
  ==================================================
  RP  (stochastic)  = 21,961,804.79
  EV  (deterministic) = 20,565,692.63
  EEV (EV decisions)  = 21,857,349.21
  VSS = RP - EEV      = 104,455.58
  VSS as % of RP      = 0.48%
  EV_PI (perfect info) = 21,984,940.53
  EVPI = EV_PI - RP    = 23,135.74

======================================================================
RUN 5/10 (seed=4)
======================================================================

[Step 1] Solving full stochastic model (Recourse Problem)...
Deleted nodefile directory: /scratch-local/lbeemster.22386909/gurobi_vss_rp_run4
  RP objective: 22015843.236235373
Saved model snapshot to study_case_model/figures/vss_experiment/30426/rp/sub70.0/run4/model_snapshot.pkl

[EVPI] Solving each scenario deterministically for perfect information...
  EV_PI expected objective: 22040655.897166654
  EVPI (EV_PI - RP): 24812.660931281745

[Step 2] Solving deterministic Expected Value model...
  EV objective: 20565692.625499967
Saved model snapshot to study_case_model/figures/vss_experiment/30426/ev/sub70.0/run4/model_snapshot.pkl

[Step 3] Solving EEV (stochastic model with fixed EV decisions)...
  EEV objective: 21942949.648384824

  ==================================================
  VALUE OF STOCHASTIC SOLUTION (Run 5)
  ==================================================
  RP  (stochastic)  = 22,015,843.24
  EV  (deterministic) = 20,565,692.63
  EEV (EV decisions)  = 21,942,949.65
  VSS = RP - EEV      = 72,893.59
  VSS as % of RP      = 0.33%
  EV_PI (perfect info) = 22,040,655.90
  EVPI = EV_PI - RP    = 24,812.66

======================================================================
RUN 6/10 (seed=5)
======================================================================

[Step 1] Solving full stochastic model (Recourse Problem)...
Deleted nodefile directory: /scratch-local/lbeemster.22386909/gurobi_vss_rp_run5
  RP objective: 22303510.314841043
Saved model snapshot to study_case_model/figures/vss_experiment/30426/rp/sub70.0/run5/model_snapshot.pkl

[EVPI] Solving each scenario deterministically for perfect information...
  EV_PI expected objective: 22319817.459992226
  EVPI (EV_PI - RP): 16307.14515118301

[Step 2] Solving deterministic Expected Value model...
  EV objective: 20565692.625499967
Saved model snapshot to study_case_model/figures/vss_experiment/30426/ev/sub70.0/run5/model_snapshot.pkl

[Step 3] Solving EEV (stochastic model with fixed EV decisions)...
  EEV objective: 22210707.12646702

  ==================================================
  VALUE OF STOCHASTIC SOLUTION (Run 6)
  ==================================================
  RP  (stochastic)  = 22,303,510.31
  EV  (deterministic) = 20,565,692.63
  EEV (EV decisions)  = 22,210,707.13
  VSS = RP - EEV      = 92,803.19
  VSS as % of RP      = 0.42%
  EV_PI (perfect info) = 22,319,817.46
  EVPI = EV_PI - RP    = 16,307.15

======================================================================
RUN 7/10 (seed=6)
======================================================================

[Step 1] Solving full stochastic model (Recourse Problem)...
Deleted nodefile directory: /scratch-local/lbeemster.22386909/gurobi_vss_rp_run6
  RP objective: 22194089.946684267
Saved model snapshot to study_case_model/figures/vss_experiment/30426/rp/sub70.0/run6/model_snapshot.pkl

[EVPI] Solving each scenario deterministically for perfect information...
  EV_PI expected objective: 22203131.348856237
  EVPI (EV_PI - RP): 9041.402171969414

[Step 2] Solving deterministic Expected Value model...
  EV objective: 20565692.625499967
Saved model snapshot to study_case_model/figures/vss_experiment/30426/ev/sub70.0/run6/model_snapshot.pkl

[Step 3] Solving EEV (stochastic model with fixed EV decisions)...
  EEV objective: 22123889.213388994

  ==================================================
  VALUE OF STOCHASTIC SOLUTION (Run 7)
  ==================================================
  RP  (stochastic)  = 22,194,089.95
  EV  (deterministic) = 20,565,692.63
  EEV (EV decisions)  = 22,123,889.21
  VSS = RP - EEV      = 70,200.73
  VSS as % of RP      = 0.32%
  EV_PI (perfect info) = 22,203,131.35
  EVPI = EV_PI - RP    = 9,041.40

======================================================================
RUN 8/10 (seed=7)
======================================================================

[Step 1] Solving full stochastic model (Recourse Problem)...
Deleted nodefile directory: /scratch-local/lbeemster.22386909/gurobi_vss_rp_run7
  RP objective: 21889106.514182147
Saved model snapshot to study_case_model/figures/vss_experiment/30426/rp/sub70.0/run7/model_snapshot.pkl

[EVPI] Solving each scenario deterministically for perfect information...
  EV_PI expected objective: 21917932.67272971
  EVPI (EV_PI - RP): 28826.158547561616

[Step 2] Solving deterministic Expected Value model...
  EV objective: 20565692.625499967
Saved model snapshot to study_case_model/figures/vss_experiment/30426/ev/sub70.0/run7/model_snapshot.pkl

[Step 3] Solving EEV (stochastic model with fixed EV decisions)...
  EEV objective: 21822473.902915403

  ==================================================
  VALUE OF STOCHASTIC SOLUTION (Run 8)
  ==================================================
  RP  (stochastic)  = 21,889,106.51
  EV  (deterministic) = 20,565,692.63
  EEV (EV decisions)  = 21,822,473.90
  VSS = RP - EEV      = 66,632.61
  VSS as % of RP      = 0.30%
  EV_PI (perfect info) = 21,917,932.67
  EVPI = EV_PI - RP    = 28,826.16

======================================================================
RUN 9/10 (seed=8)
======================================================================

[Step 1] Solving full stochastic model (Recourse Problem)...
Deleted nodefile directory: /scratch-local/lbeemster.22386909/gurobi_vss_rp_run8
  RP objective: 22162685.10636761
Saved model snapshot to study_case_model/figures/vss_experiment/30426/rp/sub70.0/run8/model_snapshot.pkl

[EVPI] Solving each scenario deterministically for perfect information...
  EV_PI expected objective: 22183637.407169323
  EVPI (EV_PI - RP): 20952.30080171302

[Step 2] Solving deterministic Expected Value model...
  EV objective: 20565692.625499967
Saved model snapshot to study_case_model/figures/vss_experiment/30426/ev/sub70.0/run8/model_snapshot.pkl

[Step 3] Solving EEV (stochastic model with fixed EV decisions)...
  EEV objective: 22081299.275542274

  ==================================================
  VALUE OF STOCHASTIC SOLUTION (Run 9)
  ==================================================
  RP  (stochastic)  = 22,162,685.11
  EV  (deterministic) = 20,565,692.63
  EEV (EV decisions)  = 22,081,299.28
  VSS = RP - EEV      = 81,385.83
  VSS as % of RP      = 0.37%
  EV_PI (perfect info) = 22,183,637.41
  EVPI = EV_PI - RP    = 20,952.30

======================================================================
RUN 10/10 (seed=9)
======================================================================

[Step 1] Solving full stochastic model (Recourse Problem)...
Deleted nodefile directory: /scratch-local/lbeemster.22386909/gurobi_vss_rp_run9
  RP objective: 21535390.982174456
Saved model snapshot to study_case_model/figures/vss_experiment/30426/rp/sub70.0/run9/model_snapshot.pkl

[EVPI] Solving each scenario deterministically for perfect information...
  EV_PI expected objective: 21543641.41543086
  EVPI (EV_PI - RP): 8250.433256402612

[Step 2] Solving deterministic Expected Value model...
  EV objective: 20565692.625499967
Saved model snapshot to study_case_model/figures/vss_experiment/30426/ev/sub70.0/run9/model_snapshot.pkl

[Step 3] Solving EEV (stochastic model with fixed EV decisions)...
  EEV objective: 21462412.60892361

  ==================================================
  VALUE OF STOCHASTIC SOLUTION (Run 10)
  ==================================================
  RP  (stochastic)  = 21,535,390.98
  EV  (deterministic) = 20,565,692.63
  EEV (EV decisions)  = 21,462,412.61
  VSS = RP - EEV      = 72,978.37
  VSS as % of RP      = 0.34%
  EV_PI (perfect info) = 21,543,641.42
  EVPI = EV_PI - RP    = 8,250.43
Run 9 appended to study_case_model/figures/vss_experiment/30426/vss_results_70_1.0_8_2.csv

======================================================================
VSS EXPERIMENT SUMMARY
======================================================================
  Across 10 runs:
    Mean VSS:    84,918.88 (0.39% of RP)
    Std VSS:     16,037.15
    Min VSS:     66,632.61
    Max VSS:     116,237.69
  → Stochastic formulation provides MARGINAL value — consider if complexity is justified.

  EVPI summary across 10 runs:
    Mean EVPI: 18,087.57
    Std EVPI:  6,504.83
    Min EVPI:  8,250.43
    Max EVPI:  28,826.16

Finished VSS experiment!
