Gurobi shell based on Python 3.13.1 can be launched with command `gurobi.sh`
Gurobi Python Interface can be loaded in Python 3.13.1 with 'import gurobipy'
/var/spool/slurm/slurmd/job22353500/slurm_script: line 24: activate: No such file or directory

======================================================================
RUN 1/10 (seed=0)
======================================================================

[Step 1] Solving full stochastic model (Recourse Problem)...
Deleted nodefile directory: /scratch-local/lbeemster.22353500/gurobi_vss_rp_run0
  RP objective: 20863405.31022083
Saved model snapshot to study_case_model/figures/vss_experiment/30426/rp/sub30.0/run0/model_snapshot.pkl

[EVPI] Solving each scenario deterministically for perfect information...
  EV_PI expected objective: 20892601.65915493
  EVPI (EV_PI - RP): 29196.348934099078

[Step 2] Solving deterministic Expected Value model...
  EV objective: 20390479.467201658
Saved model snapshot to study_case_model/figures/vss_experiment/30426/ev/sub30.0/run0/model_snapshot.pkl

[Step 3] Solving EEV (stochastic model with fixed EV decisions)...
  EEV objective: 20771798.52722001

  ==================================================
  VALUE OF STOCHASTIC SOLUTION (Run 1)
  ==================================================
  RP  (stochastic)  = 20,863,405.31
  EV  (deterministic) = 20,390,479.47
  EEV (EV decisions)  = 20,771,798.53
  VSS = RP - EEV      = 91,606.78
  VSS as % of RP      = 0.44%
  EV_PI (perfect info) = 20,892,601.66
  EVPI = EV_PI - RP    = 29,196.35

======================================================================
RUN 2/10 (seed=1)
======================================================================

[Step 1] Solving full stochastic model (Recourse Problem)...
Deleted nodefile directory: /scratch-local/lbeemster.22353500/gurobi_vss_rp_run1
  RP objective: 21362242.906812444
Saved model snapshot to study_case_model/figures/vss_experiment/30426/rp/sub30.0/run1/model_snapshot.pkl

[EVPI] Solving each scenario deterministically for perfect information...
  EV_PI expected objective: 21377680.629107255
  EVPI (EV_PI - RP): 15437.72229481116

[Step 2] Solving deterministic Expected Value model...
  EV objective: 20390479.467201658
Saved model snapshot to study_case_model/figures/vss_experiment/30426/ev/sub30.0/run1/model_snapshot.pkl

[Step 3] Solving EEV (stochastic model with fixed EV decisions)...
  EEV objective: 21269875.306935225

  ==================================================
  VALUE OF STOCHASTIC SOLUTION (Run 2)
  ==================================================
  RP  (stochastic)  = 21,362,242.91
  EV  (deterministic) = 20,390,479.47
  EEV (EV decisions)  = 21,269,875.31
  VSS = RP - EEV      = 92,367.60
  VSS as % of RP      = 0.43%
  EV_PI (perfect info) = 21,377,680.63
  EVPI = EV_PI - RP    = 15,437.72

======================================================================
RUN 3/10 (seed=2)
======================================================================

[Step 1] Solving full stochastic model (Recourse Problem)...
Deleted nodefile directory: /scratch-local/lbeemster.22353500/gurobi_vss_rp_run2
  RP objective: 20965089.62217653
Saved model snapshot to study_case_model/figures/vss_experiment/30426/rp/sub30.0/run2/model_snapshot.pkl

[EVPI] Solving each scenario deterministically for perfect information...
  EV_PI expected objective: 20984464.491236977
  EVPI (EV_PI - RP): 19374.869060445577

[Step 2] Solving deterministic Expected Value model...
  EV objective: 20390479.467201658
Saved model snapshot to study_case_model/figures/vss_experiment/30426/ev/sub30.0/run2/model_snapshot.pkl

[Step 3] Solving EEV (stochastic model with fixed EV decisions)...
  EEV objective: 20838431.889644906

  ==================================================
  VALUE OF STOCHASTIC SOLUTION (Run 3)
  ==================================================
  RP  (stochastic)  = 20,965,089.62
  EV  (deterministic) = 20,390,479.47
  EEV (EV decisions)  = 20,838,431.89
  VSS = RP - EEV      = 126,657.73
  VSS as % of RP      = 0.60%
  EV_PI (perfect info) = 20,984,464.49
  EVPI = EV_PI - RP    = 19,374.87

======================================================================
RUN 4/10 (seed=3)
======================================================================

[Step 1] Solving full stochastic model (Recourse Problem)...
Deleted nodefile directory: /scratch-local/lbeemster.22353500/gurobi_vss_rp_run3
  RP objective: 21508360.85630721
Saved model snapshot to study_case_model/figures/vss_experiment/30426/rp/sub30.0/run3/model_snapshot.pkl

[EVPI] Solving each scenario deterministically for perfect information...
  EV_PI expected objective: 21525205.903400082
  EVPI (EV_PI - RP): 16845.047092873603

[Step 2] Solving deterministic Expected Value model...
  EV objective: 20390479.467201658
Saved model snapshot to study_case_model/figures/vss_experiment/30426/ev/sub30.0/run3/model_snapshot.pkl

[Step 3] Solving EEV (stochastic model with fixed EV decisions)...
  EEV objective: 21397510.792624585

  ==================================================
  VALUE OF STOCHASTIC SOLUTION (Run 4)
  ==================================================
  RP  (stochastic)  = 21,508,360.86
  EV  (deterministic) = 20,390,479.47
  EEV (EV decisions)  = 21,397,510.79
  VSS = RP - EEV      = 110,850.06
  VSS as % of RP      = 0.52%
  EV_PI (perfect info) = 21,525,205.90
  EVPI = EV_PI - RP    = 16,845.05

======================================================================
RUN 5/10 (seed=4)
======================================================================

[Step 1] Solving full stochastic model (Recourse Problem)...
Deleted nodefile directory: /scratch-local/lbeemster.22353500/gurobi_vss_rp_run4
  RP objective: 21583366.717113126
Saved model snapshot to study_case_model/figures/vss_experiment/30426/rp/sub30.0/run4/model_snapshot.pkl

[EVPI] Solving each scenario deterministically for perfect information...
  EV_PI expected objective: 21611415.89632207
  EVPI (EV_PI - RP): 28049.179208945483

[Step 2] Solving deterministic Expected Value model...
  EV objective: 20390479.467201658
Saved model snapshot to study_case_model/figures/vss_experiment/30426/ev/sub30.0/run4/model_snapshot.pkl

[Step 3] Solving EEV (stochastic model with fixed EV decisions)...
  EEV objective: 21525966.87533049

  ==================================================
  VALUE OF STOCHASTIC SOLUTION (Run 5)
  ==================================================
  RP  (stochastic)  = 21,583,366.72
  EV  (deterministic) = 20,390,479.47
  EEV (EV decisions)  = 21,525,966.88
  VSS = RP - EEV      = 57,399.84
  VSS as % of RP      = 0.27%
  EV_PI (perfect info) = 21,611,415.90
  EVPI = EV_PI - RP    = 28,049.18

======================================================================
RUN 6/10 (seed=5)
======================================================================

[Step 1] Solving full stochastic model (Recourse Problem)...
Deleted nodefile directory: /scratch-local/lbeemster.22353500/gurobi_vss_rp_run5
  RP objective: 21751164.745638788
Saved model snapshot to study_case_model/figures/vss_experiment/30426/rp/sub30.0/run5/model_snapshot.pkl

[EVPI] Solving each scenario deterministically for perfect information...
  EV_PI expected objective: 21756259.58211835
  EVPI (EV_PI - RP): 5094.836479563266

[Step 2] Solving deterministic Expected Value model...
  EV objective: 20390479.467201658
Saved model snapshot to study_case_model/figures/vss_experiment/30426/ev/sub30.0/run5/model_snapshot.pkl

[Step 3] Solving EEV (stochastic model with fixed EV decisions)...
  EEV objective: 21668559.127728865

  ==================================================
  VALUE OF STOCHASTIC SOLUTION (Run 6)
  ==================================================
  RP  (stochastic)  = 21,751,164.75
  EV  (deterministic) = 20,390,479.47
  EEV (EV decisions)  = 21,668,559.13
  VSS = RP - EEV      = 82,605.62
  VSS as % of RP      = 0.38%
  EV_PI (perfect info) = 21,756,259.58
  EVPI = EV_PI - RP    = 5,094.84

======================================================================
RUN 7/10 (seed=6)
======================================================================

[Step 1] Solving full stochastic model (Recourse Problem)...
Deleted nodefile directory: /scratch-local/lbeemster.22353500/gurobi_vss_rp_run6
  RP objective: 21745221.12569916
Saved model snapshot to study_case_model/figures/vss_experiment/30426/rp/sub30.0/run6/model_snapshot.pkl

[EVPI] Solving each scenario deterministically for perfect information...
  EV_PI expected objective: 21761707.52560401
  EVPI (EV_PI - RP): 16486.39990485087

[Step 2] Solving deterministic Expected Value model...
  EV objective: 20390479.467201658
Saved model snapshot to study_case_model/figures/vss_experiment/30426/ev/sub30.0/run6/model_snapshot.pkl

[Step 3] Solving EEV (stochastic model with fixed EV decisions)...
  EEV objective: 21679032.326804984

  ==================================================
  VALUE OF STOCHASTIC SOLUTION (Run 7)
  ==================================================
  RP  (stochastic)  = 21,745,221.13
  EV  (deterministic) = 20,390,479.47
  EEV (EV decisions)  = 21,679,032.33
  VSS = RP - EEV      = 66,188.80
  VSS as % of RP      = 0.30%
  EV_PI (perfect info) = 21,761,707.53
  EVPI = EV_PI - RP    = 16,486.40

======================================================================
RUN 8/10 (seed=7)
======================================================================

[Step 1] Solving full stochastic model (Recourse Problem)...
Deleted nodefile directory: /scratch-local/lbeemster.22353500/gurobi_vss_rp_run7
  RP objective: 21313806.2639396
Saved model snapshot to study_case_model/figures/vss_experiment/30426/rp/sub30.0/run7/model_snapshot.pkl

[EVPI] Solving each scenario deterministically for perfect information...
  EV_PI expected objective: 21350931.235728405
  EVPI (EV_PI - RP): 37124.97178880498

[Step 2] Solving deterministic Expected Value model...
  EV objective: 20390479.467201658
Saved model snapshot to study_case_model/figures/vss_experiment/30426/ev/sub30.0/run7/model_snapshot.pkl

[Step 3] Solving EEV (stochastic model with fixed EV decisions)...
  EEV objective: 21252155.912767194

  ==================================================
  VALUE OF STOCHASTIC SOLUTION (Run 8)
  ==================================================
  RP  (stochastic)  = 21,313,806.26
  EV  (deterministic) = 20,390,479.47
  EEV (EV decisions)  = 21,252,155.91
  VSS = RP - EEV      = 61,650.35
  VSS as % of RP      = 0.29%
  EV_PI (perfect info) = 21,350,931.24
  EVPI = EV_PI - RP    = 37,124.97

======================================================================
RUN 9/10 (seed=8)
======================================================================

[Step 1] Solving full stochastic model (Recourse Problem)...
Deleted nodefile directory: /scratch-local/lbeemster.22353500/gurobi_vss_rp_run8
  RP objective: 21657044.69828846
Saved model snapshot to study_case_model/figures/vss_experiment/30426/rp/sub30.0/run8/model_snapshot.pkl

[EVPI] Solving each scenario deterministically for perfect information...
  EV_PI expected objective: 21678451.89747898
  EVPI (EV_PI - RP): 21407.19919051975

[Step 2] Solving deterministic Expected Value model...
  EV objective: 20390479.467201658
Saved model snapshot to study_case_model/figures/vss_experiment/30426/ev/sub30.0/run8/model_snapshot.pkl

[Step 3] Solving EEV (stochastic model with fixed EV decisions)...
  EEV objective: 21584011.441258527

  ==================================================
  VALUE OF STOCHASTIC SOLUTION (Run 9)
  ==================================================
  RP  (stochastic)  = 21,657,044.70
  EV  (deterministic) = 20,390,479.47
  EEV (EV decisions)  = 21,584,011.44
  VSS = RP - EEV      = 73,033.26
  VSS as % of RP      = 0.34%
  EV_PI (perfect info) = 21,678,451.90
  EVPI = EV_PI - RP    = 21,407.20

======================================================================
RUN 10/10 (seed=9)
======================================================================

[Step 1] Solving full stochastic model (Recourse Problem)...
Deleted nodefile directory: /scratch-local/lbeemster.22353500/gurobi_vss_rp_run9
  RP objective: 21063216.106977154
Saved model snapshot to study_case_model/figures/vss_experiment/30426/rp/sub30.0/run9/model_snapshot.pkl

[EVPI] Solving each scenario deterministically for perfect information...
  EV_PI expected objective: 21072368.665524572
  EVPI (EV_PI - RP): 9152.558547418565

[Step 2] Solving deterministic Expected Value model...
  EV objective: 20390479.467201658
Saved model snapshot to study_case_model/figures/vss_experiment/30426/ev/sub30.0/run9/model_snapshot.pkl

[Step 3] Solving EEV (stochastic model with fixed EV decisions)...
  EEV objective: 20995618.159329955

  ==================================================
  VALUE OF STOCHASTIC SOLUTION (Run 10)
  ==================================================
  RP  (stochastic)  = 21,063,216.11
  EV  (deterministic) = 20,390,479.47
  EEV (EV decisions)  = 20,995,618.16
  VSS = RP - EEV      = 67,597.95
  VSS as % of RP      = 0.32%
  EV_PI (perfect info) = 21,072,368.67
  EVPI = EV_PI - RP    = 9,152.56
Run 9 appended to study_case_model/figures/vss_experiment/30426/vss_results_30_0.2_8_4.csv

======================================================================
VSS EXPERIMENT SUMMARY
======================================================================
  Across 10 runs:
    Mean VSS:    82,995.80 (0.39% of RP)
    Std VSS:     21,386.82
    Min VSS:     57,399.84
    Max VSS:     126,657.73
  → Stochastic formulation provides MARGINAL value — consider if complexity is justified.

  EVPI summary across 10 runs:
    Mean EVPI: 19,816.91
    Std EVPI:  9,097.29
    Min EVPI:  5,094.84
    Max EVPI:  37,124.97

Finished VSS experiment!
