Gurobi shell based on Python 3.13.1 can be launched with command `gurobi.sh`
Gurobi Python Interface can be loaded in Python 3.13.1 with 'import gurobipy'
/var/spool/slurm/slurmd/job22380851/slurm_script: line 24: activate: No such file or directory

======================================================================
RUN 1/10 (seed=0)
======================================================================

[Step 1] Solving full stochastic model (Recourse Problem)...
Deleted nodefile directory: /scratch-local/lbeemster.22380851/gurobi_vss_rp_run0
  RP objective: 21175826.29798229
Saved model snapshot to study_case_model/figures/vss_experiment/30426/rp/sub70.0/run0/model_snapshot.pkl

[EVPI] Solving each scenario deterministically for perfect information...
  EV_PI expected objective: 21095692.560440727
  EVPI (EV_PI - RP): -80133.73754156381

[Step 2] Solving deterministic Expected Value model...
  EV objective: 20565692.625499967
Saved model snapshot to study_case_model/figures/vss_experiment/30426/ev/sub70.0/run0/model_snapshot.pkl

[Step 3] Solving EEV (stochastic model with fixed EV decisions)...
  EEV objective: 21092727.666158117

  ==================================================
  VALUE OF STOCHASTIC SOLUTION (Run 1)
  ==================================================
  RP  (stochastic)  = 21,175,826.30
  EV  (deterministic) = 20,565,692.63
  EEV (EV decisions)  = 21,092,727.67
  VSS = RP - EEV      = 83,098.63
  VSS as % of RP      = 0.39%
  EV_PI (perfect info) = 21,095,692.56
  EVPI = EV_PI - RP    = -80,133.74

======================================================================
RUN 2/10 (seed=1)
======================================================================

[Step 1] Solving full stochastic model (Recourse Problem)...
Deleted nodefile directory: /scratch-local/lbeemster.22380851/gurobi_vss_rp_run1
  RP objective: 21675615.516079
Saved model snapshot to study_case_model/figures/vss_experiment/30426/rp/sub70.0/run1/model_snapshot.pkl

[EVPI] Solving each scenario deterministically for perfect information...
  EV_PI expected objective: 21577835.649017796
  EVPI (EV_PI - RP): -97779.86706120521

[Step 2] Solving deterministic Expected Value model...
  EV objective: 20565692.625499967
Saved model snapshot to study_case_model/figures/vss_experiment/30426/ev/sub70.0/run1/model_snapshot.pkl

[Step 3] Solving EEV (stochastic model with fixed EV decisions)...
  EEV objective: 21591160.912618104

  ==================================================
  VALUE OF STOCHASTIC SOLUTION (Run 2)
  ==================================================
  RP  (stochastic)  = 21,675,615.52
  EV  (deterministic) = 20,565,692.63
  EEV (EV decisions)  = 21,591,160.91
  VSS = RP - EEV      = 84,454.60
  VSS as % of RP      = 0.39%
  EV_PI (perfect info) = 21,577,835.65
  EVPI = EV_PI - RP    = -97,779.87

======================================================================
RUN 3/10 (seed=2)
======================================================================

[Step 1] Solving full stochastic model (Recourse Problem)...
Deleted nodefile directory: /scratch-local/lbeemster.22380851/gurobi_vss_rp_run2
  RP objective: 21306819.605680607
Saved model snapshot to study_case_model/figures/vss_experiment/30426/rp/sub70.0/run2/model_snapshot.pkl

[EVPI] Solving each scenario deterministically for perfect information...
  EV_PI expected objective: 21220829.376195997
  EVPI (EV_PI - RP): -85990.22948461026

[Step 2] Solving deterministic Expected Value model...
  EV objective: 20565692.625499967
Saved model snapshot to study_case_model/figures/vss_experiment/30426/ev/sub70.0/run2/model_snapshot.pkl

[Step 3] Solving EEV (stochastic model with fixed EV decisions)...
  EEV objective: 21189719.900842845

  ==================================================
  VALUE OF STOCHASTIC SOLUTION (Run 3)
  ==================================================
  RP  (stochastic)  = 21,306,819.61
  EV  (deterministic) = 20,565,692.63
  EEV (EV decisions)  = 21,189,719.90
  VSS = RP - EEV      = 117,099.70
  VSS as % of RP      = 0.55%
  EV_PI (perfect info) = 21,220,829.38
  EVPI = EV_PI - RP    = -85,990.23

======================================================================
RUN 4/10 (seed=3)
======================================================================

[Step 1] Solving full stochastic model (Recourse Problem)...
Deleted nodefile directory: /scratch-local/lbeemster.22380851/gurobi_vss_rp_run3
  RP objective: 21813782.233950216
Saved model snapshot to study_case_model/figures/vss_experiment/30426/rp/sub70.0/run3/model_snapshot.pkl

[EVPI] Solving each scenario deterministically for perfect information...
  EV_PI expected objective: 21723804.20700468
  EVPI (EV_PI - RP): -89978.0269455351

[Step 2] Solving deterministic Expected Value model...
  EV objective: 20565692.625499967
Saved model snapshot to study_case_model/figures/vss_experiment/30426/ev/sub70.0/run3/model_snapshot.pkl

[Step 3] Solving EEV (stochastic model with fixed EV decisions)...
  EEV objective: 21713962.28233954

  ==================================================
  VALUE OF STOCHASTIC SOLUTION (Run 4)
  ==================================================
  RP  (stochastic)  = 21,813,782.23
  EV  (deterministic) = 20,565,692.63
  EEV (EV decisions)  = 21,713,962.28
  VSS = RP - EEV      = 99,819.95
  VSS as % of RP      = 0.46%
  EV_PI (perfect info) = 21,723,804.21
  EVPI = EV_PI - RP    = -89,978.03

======================================================================
RUN 5/10 (seed=4)
======================================================================

[Step 1] Solving full stochastic model (Recourse Problem)...
Deleted nodefile directory: /scratch-local/lbeemster.22380851/gurobi_vss_rp_run4
  RP objective: 21880140.693729464
Saved model snapshot to study_case_model/figures/vss_experiment/30426/rp/sub70.0/run4/model_snapshot.pkl

[EVPI] Solving each scenario deterministically for perfect information...
  EV_PI expected objective: 21795341.768361367
  EVPI (EV_PI - RP): -84798.92536809668

[Step 2] Solving deterministic Expected Value model...
  EV objective: 20565692.625499967
Saved model snapshot to study_case_model/figures/vss_experiment/30426/ev/sub70.0/run4/model_snapshot.pkl

[Step 3] Solving EEV (stochastic model with fixed EV decisions)...
  EEV objective: 21827262.35932045

  ==================================================
  VALUE OF STOCHASTIC SOLUTION (Run 5)
  ==================================================
  RP  (stochastic)  = 21,880,140.69
  EV  (deterministic) = 20,565,692.63
  EEV (EV decisions)  = 21,827,262.36
  VSS = RP - EEV      = 52,878.33
  VSS as % of RP      = 0.24%
  EV_PI (perfect info) = 21,795,341.77
  EVPI = EV_PI - RP    = -84,798.93

======================================================================
RUN 6/10 (seed=5)
======================================================================

[Step 1] Solving full stochastic model (Recourse Problem)...
Deleted nodefile directory: /scratch-local/lbeemster.22380851/gurobi_vss_rp_run5
  RP objective: 22053003.2902522
Saved model snapshot to study_case_model/figures/vss_experiment/30426/rp/sub70.0/run5/model_snapshot.pkl

[EVPI] Solving each scenario deterministically for perfect information...
  EV_PI expected objective: 21959452.733269893
  EVPI (EV_PI - RP): -93550.55698230863

[Step 2] Solving deterministic Expected Value model...
  EV objective: 20565692.625499967
Saved model snapshot to study_case_model/figures/vss_experiment/30426/ev/sub70.0/run5/model_snapshot.pkl

[Step 3] Solving EEV (stochastic model with fixed EV decisions)...
  EEV objective: 21967476.153658234

  ==================================================
  VALUE OF STOCHASTIC SOLUTION (Run 6)
  ==================================================
  RP  (stochastic)  = 22,053,003.29
  EV  (deterministic) = 20,565,692.63
  EEV (EV decisions)  = 21,967,476.15
  VSS = RP - EEV      = 85,527.14
  VSS as % of RP      = 0.39%
  EV_PI (perfect info) = 21,959,452.73
  EVPI = EV_PI - RP    = -93,550.56

======================================================================
RUN 7/10 (seed=6)
======================================================================

[Step 1] Solving full stochastic model (Recourse Problem)...
Deleted nodefile directory: /scratch-local/lbeemster.22380851/gurobi_vss_rp_run6
  RP objective: 22044555.12790894
Saved model snapshot to study_case_model/figures/vss_experiment/30426/rp/sub70.0/run6/model_snapshot.pkl

[EVPI] Solving each scenario deterministically for perfect information...
  EV_PI expected objective: 21965090.902487494
  EVPI (EV_PI - RP): -79464.2254214473

[Step 2] Solving deterministic Expected Value model...
  EV objective: 20565692.625499967
Saved model snapshot to study_case_model/figures/vss_experiment/30426/ev/sub70.0/run6/model_snapshot.pkl

[Step 3] Solving EEV (stochastic model with fixed EV decisions)...
  EEV objective: 21963388.786744535

  ==================================================
  VALUE OF STOCHASTIC SOLUTION (Run 7)
  ==================================================
  RP  (stochastic)  = 22,044,555.13
  EV  (deterministic) = 20,565,692.63
  EEV (EV decisions)  = 21,963,388.79
  VSS = RP - EEV      = 81,166.34
  VSS as % of RP      = 0.37%
  EV_PI (perfect info) = 21,965,090.90
  EVPI = EV_PI - RP    = -79,464.23

======================================================================
RUN 8/10 (seed=7)
======================================================================

[Step 1] Solving full stochastic model (Recourse Problem)...
Deleted nodefile directory: /scratch-local/lbeemster.22380851/gurobi_vss_rp_run7
  RP objective: 21652464.77864077
Saved model snapshot to study_case_model/figures/vss_experiment/30426/rp/sub70.0/run7/model_snapshot.pkl

[EVPI] Solving each scenario deterministically for perfect information...
  EV_PI expected objective: 21559389.314523026
  EVPI (EV_PI - RP): -93075.46411774307

[Step 2] Solving deterministic Expected Value model...
  EV objective: 20565692.625499967
Saved model snapshot to study_case_model/figures/vss_experiment/30426/ev/sub70.0/run7/model_snapshot.pkl

[Step 3] Solving EEV (stochastic model with fixed EV decisions)...
  EEV objective: 21563237.866192635

  ==================================================
  VALUE OF STOCHASTIC SOLUTION (Run 8)
  ==================================================
  RP  (stochastic)  = 21,652,464.78
  EV  (deterministic) = 20,565,692.63
  EEV (EV decisions)  = 21,563,237.87
  VSS = RP - EEV      = 89,226.91
  VSS as % of RP      = 0.41%
  EV_PI (perfect info) = 21,559,389.31
  EVPI = EV_PI - RP    = -93,075.46

======================================================================
RUN 9/10 (seed=8)
======================================================================

[Step 1] Solving full stochastic model (Recourse Problem)...
Deleted nodefile directory: /scratch-local/lbeemster.22380851/gurobi_vss_rp_run8
  RP objective: 21917906.242422804
Saved model snapshot to study_case_model/figures/vss_experiment/30426/rp/sub70.0/run8/model_snapshot.pkl

[EVPI] Solving each scenario deterministically for perfect information...
  EV_PI expected objective: 21841296.504088107
  EVPI (EV_PI - RP): -76609.73833469674

[Step 2] Solving deterministic Expected Value model...
  EV objective: 20565692.625499967
Saved model snapshot to study_case_model/figures/vss_experiment/30426/ev/sub70.0/run8/model_snapshot.pkl

[Step 3] Solving EEV (stochastic model with fixed EV decisions)...
  EEV objective: 21853890.754070748

  ==================================================
  VALUE OF STOCHASTIC SOLUTION (Run 9)
  ==================================================
  RP  (stochastic)  = 21,917,906.24
  EV  (deterministic) = 20,565,692.63
  EEV (EV decisions)  = 21,853,890.75
  VSS = RP - EEV      = 64,015.49
  VSS as % of RP      = 0.29%
  EV_PI (perfect info) = 21,841,296.50
  EVPI = EV_PI - RP    = -76,609.74

======================================================================
RUN 10/10 (seed=9)
======================================================================

[Step 1] Solving full stochastic model (Recourse Problem)...
Deleted nodefile directory: /scratch-local/lbeemster.22380851/gurobi_vss_rp_run9
  RP objective: 21349164.03895387
Saved model snapshot to study_case_model/figures/vss_experiment/30426/rp/sub70.0/run9/model_snapshot.pkl

[EVPI] Solving each scenario deterministically for perfect information...
  EV_PI expected objective: 21261346.914979383
  EVPI (EV_PI - RP): -87817.12397448719

[Step 2] Solving deterministic Expected Value model...
  EV objective: 20565692.625499967
Saved model snapshot to study_case_model/figures/vss_experiment/30426/ev/sub70.0/run9/model_snapshot.pkl

[Step 3] Solving EEV (stochastic model with fixed EV decisions)...
  EEV objective: 21280564.353393503

  ==================================================
  VALUE OF STOCHASTIC SOLUTION (Run 10)
  ==================================================
  RP  (stochastic)  = 21,349,164.04
  EV  (deterministic) = 20,565,692.63
  EEV (EV decisions)  = 21,280,564.35
  VSS = RP - EEV      = 68,599.69
  VSS as % of RP      = 0.32%
  EV_PI (perfect info) = 21,261,346.91
  EVPI = EV_PI - RP    = -87,817.12
Run 9 appended to study_case_model/figures/vss_experiment/30426/vss_results_70_0.2_8_4.csv

======================================================================
VSS EXPERIMENT SUMMARY
======================================================================
  Across 10 runs:
    Mean VSS:    82,588.68 (0.38% of RP)
    Std VSS:     17,232.97
    Min VSS:     52,878.33
    Max VSS:     117,099.70
  → Stochastic formulation provides MARGINAL value — consider if complexity is justified.

  EVPI summary across 10 runs:
    Mean EVPI: -86,919.79
    Std EVPI:  6,505.80
    Min EVPI:  -97,779.87
    Max EVPI:  -76,609.74

Finished VSS experiment!
