Gurobi shell based on Python 3.13.1 can be launched with command `gurobi.sh`
Gurobi Python Interface can be loaded in Python 3.13.1 with 'import gurobipy'
/var/spool/slurm/slurmd/job22383587/slurm_script: line 24: activate: No such file or directory

======================================================================
RUN 1/10 (seed=0)
======================================================================

[Step 1] Solving full stochastic model (Recourse Problem)...
Deleted nodefile directory: /scratch-local/lbeemster.22383587/gurobi_vss_rp_run0
  RP objective: 22217648.10253458
Saved model snapshot to study_case_model/figures/vss_experiment/30426/rp/sub70.0/run0/model_snapshot.pkl

[EVPI] Solving each scenario deterministically for perfect information...
  EV_PI expected objective: 22226459.683543846
  EVPI (EV_PI - RP): 8811.581009265035

[Step 2] Solving deterministic Expected Value model...
  EV objective: 20565692.625499967
Saved model snapshot to study_case_model/figures/vss_experiment/30426/ev/sub70.0/run0/model_snapshot.pkl

[Step 3] Solving EEV (stochastic model with fixed EV decisions)...
  EEV objective: 22175156.645684324

  ==================================================
  VALUE OF STOCHASTIC SOLUTION (Run 1)
  ==================================================
  RP  (stochastic)  = 22,217,648.10
  EV  (deterministic) = 20,565,692.63
  EEV (EV decisions)  = 22,175,156.65
  VSS = RP - EEV      = 42,491.46
  VSS as % of RP      = 0.19%
  EV_PI (perfect info) = 22,226,459.68
  EVPI = EV_PI - RP    = 8,811.58

======================================================================
RUN 2/10 (seed=1)
======================================================================

[Step 1] Solving full stochastic model (Recourse Problem)...
Deleted nodefile directory: /scratch-local/lbeemster.22383587/gurobi_vss_rp_run1
  RP objective: 21751136.774011917
Saved model snapshot to study_case_model/figures/vss_experiment/30426/rp/sub70.0/run1/model_snapshot.pkl

[EVPI] Solving each scenario deterministically for perfect information...
  EV_PI expected objective: 21765700.770913146
  EVPI (EV_PI - RP): 14563.996901229024

[Step 2] Solving deterministic Expected Value model...
  EV objective: 20565692.625499967
Saved model snapshot to study_case_model/figures/vss_experiment/30426/ev/sub70.0/run1/model_snapshot.pkl

[Step 3] Solving EEV (stochastic model with fixed EV decisions)...
  EEV objective: 21682907.74109852

  ==================================================
  VALUE OF STOCHASTIC SOLUTION (Run 2)
  ==================================================
  RP  (stochastic)  = 21,751,136.77
  EV  (deterministic) = 20,565,692.63
  EEV (EV decisions)  = 21,682,907.74
  VSS = RP - EEV      = 68,229.03
  VSS as % of RP      = 0.31%
  EV_PI (perfect info) = 21,765,700.77
  EVPI = EV_PI - RP    = 14,564.00

======================================================================
RUN 3/10 (seed=2)
======================================================================

[Step 1] Solving full stochastic model (Recourse Problem)...
Deleted nodefile directory: /scratch-local/lbeemster.22383587/gurobi_vss_rp_run2
  RP objective: 20896716.092252262
Saved model snapshot to study_case_model/figures/vss_experiment/30426/rp/sub70.0/run2/model_snapshot.pkl

[EVPI] Solving each scenario deterministically for perfect information...
  EV_PI expected objective: 20913997.358177602
  EVPI (EV_PI - RP): 17281.265925340354

[Step 2] Solving deterministic Expected Value model...
  EV objective: 20565692.625499967
Saved model snapshot to study_case_model/figures/vss_experiment/30426/ev/sub70.0/run2/model_snapshot.pkl

[Step 3] Solving EEV (stochastic model with fixed EV decisions)...
  EEV objective: 20824339.008156918

  ==================================================
  VALUE OF STOCHASTIC SOLUTION (Run 3)
  ==================================================
  RP  (stochastic)  = 20,896,716.09
  EV  (deterministic) = 20,565,692.63
  EEV (EV decisions)  = 20,824,339.01
  VSS = RP - EEV      = 72,377.08
  VSS as % of RP      = 0.35%
  EV_PI (perfect info) = 20,913,997.36
  EVPI = EV_PI - RP    = 17,281.27

======================================================================
RUN 4/10 (seed=3)
======================================================================

[Step 1] Solving full stochastic model (Recourse Problem)...
Deleted nodefile directory: /scratch-local/lbeemster.22383587/gurobi_vss_rp_run3
  RP objective: 22495067.33092836
Saved model snapshot to study_case_model/figures/vss_experiment/30426/rp/sub70.0/run3/model_snapshot.pkl

[EVPI] Solving each scenario deterministically for perfect information...
  EV_PI expected objective: 22509580.938511617
  EVPI (EV_PI - RP): 14513.607583258301

[Step 2] Solving deterministic Expected Value model...
  EV objective: 20565692.625499967
Saved model snapshot to study_case_model/figures/vss_experiment/30426/ev/sub70.0/run3/model_snapshot.pkl

[Step 3] Solving EEV (stochastic model with fixed EV decisions)...
  EEV objective: 22463990.40011295

  ==================================================
  VALUE OF STOCHASTIC SOLUTION (Run 4)
  ==================================================
  RP  (stochastic)  = 22,495,067.33
  EV  (deterministic) = 20,565,692.63
  EEV (EV decisions)  = 22,463,990.40
  VSS = RP - EEV      = 31,076.93
  VSS as % of RP      = 0.14%
  EV_PI (perfect info) = 22,509,580.94
  EVPI = EV_PI - RP    = 14,513.61

======================================================================
RUN 5/10 (seed=4)
======================================================================

[Step 1] Solving full stochastic model (Recourse Problem)...
Deleted nodefile directory: /scratch-local/lbeemster.22383587/gurobi_vss_rp_run4
  RP objective: 21734397.156690035
Saved model snapshot to study_case_model/figures/vss_experiment/30426/rp/sub70.0/run4/model_snapshot.pkl

[EVPI] Solving each scenario deterministically for perfect information...
  EV_PI expected objective: 21770985.257747926
  EVPI (EV_PI - RP): 36588.1010578908

[Step 2] Solving deterministic Expected Value model...
  EV objective: 20565692.625499967
Saved model snapshot to study_case_model/figures/vss_experiment/30426/ev/sub70.0/run4/model_snapshot.pkl

[Step 3] Solving EEV (stochastic model with fixed EV decisions)...
  EEV objective: 21664259.2959373

  ==================================================
  VALUE OF STOCHASTIC SOLUTION (Run 5)
  ==================================================
  RP  (stochastic)  = 21,734,397.16
  EV  (deterministic) = 20,565,692.63
  EEV (EV decisions)  = 21,664,259.30
  VSS = RP - EEV      = 70,137.86
  VSS as % of RP      = 0.32%
  EV_PI (perfect info) = 21,770,985.26
  EVPI = EV_PI - RP    = 36,588.10

======================================================================
RUN 6/10 (seed=5)
======================================================================

[Step 1] Solving full stochastic model (Recourse Problem)...
Deleted nodefile directory: /scratch-local/lbeemster.22383587/gurobi_vss_rp_run5
  RP objective: 21450332.083114352
Saved model snapshot to study_case_model/figures/vss_experiment/30426/rp/sub70.0/run5/model_snapshot.pkl

[EVPI] Solving each scenario deterministically for perfect information...
  EV_PI expected objective: 21473289.475011595
  EVPI (EV_PI - RP): 22957.391897242516

[Step 2] Solving deterministic Expected Value model...
  EV objective: 20565692.625499967
Saved model snapshot to study_case_model/figures/vss_experiment/30426/ev/sub70.0/run5/model_snapshot.pkl

[Step 3] Solving EEV (stochastic model with fixed EV decisions)...
  EEV objective: 21340695.0590965

  ==================================================
  VALUE OF STOCHASTIC SOLUTION (Run 6)
  ==================================================
  RP  (stochastic)  = 21,450,332.08
  EV  (deterministic) = 20,565,692.63
  EEV (EV decisions)  = 21,340,695.06
  VSS = RP - EEV      = 109,637.02
  VSS as % of RP      = 0.51%
  EV_PI (perfect info) = 21,473,289.48
  EVPI = EV_PI - RP    = 22,957.39

======================================================================
RUN 7/10 (seed=6)
======================================================================

[Step 1] Solving full stochastic model (Recourse Problem)...
Deleted nodefile directory: /scratch-local/lbeemster.22383587/gurobi_vss_rp_run6
  RP objective: 22273759.866858162
Saved model snapshot to study_case_model/figures/vss_experiment/30426/rp/sub70.0/run6/model_snapshot.pkl

[EVPI] Solving each scenario deterministically for perfect information...
  EV_PI expected objective: 22292577.568903252
  EVPI (EV_PI - RP): 18817.702045090497

[Step 2] Solving deterministic Expected Value model...
  EV objective: 20565692.625499967
Saved model snapshot to study_case_model/figures/vss_experiment/30426/ev/sub70.0/run6/model_snapshot.pkl

[Step 3] Solving EEV (stochastic model with fixed EV decisions)...
  EEV objective: 22181480.546775263

  ==================================================
  VALUE OF STOCHASTIC SOLUTION (Run 7)
  ==================================================
  RP  (stochastic)  = 22,273,759.87
  EV  (deterministic) = 20,565,692.63
  EEV (EV decisions)  = 22,181,480.55
  VSS = RP - EEV      = 92,279.32
  VSS as % of RP      = 0.41%
  EV_PI (perfect info) = 22,292,577.57
  EVPI = EV_PI - RP    = 18,817.70

======================================================================
RUN 8/10 (seed=7)
======================================================================

[Step 1] Solving full stochastic model (Recourse Problem)...
Deleted nodefile directory: /scratch-local/lbeemster.22383587/gurobi_vss_rp_run7
  RP objective: 22274822.936800007
Saved model snapshot to study_case_model/figures/vss_experiment/30426/rp/sub70.0/run7/model_snapshot.pkl

[EVPI] Solving each scenario deterministically for perfect information...
  EV_PI expected objective: 22303317.29208392
  EVPI (EV_PI - RP): 28494.35528391227

[Step 2] Solving deterministic Expected Value model...
  EV objective: 20565692.625499967
Saved model snapshot to study_case_model/figures/vss_experiment/30426/ev/sub70.0/run7/model_snapshot.pkl

[Step 3] Solving EEV (stochastic model with fixed EV decisions)...
  EEV objective: 22221018.03529304

  ==================================================
  VALUE OF STOCHASTIC SOLUTION (Run 8)
  ==================================================
  RP  (stochastic)  = 22,274,822.94
  EV  (deterministic) = 20,565,692.63
  EEV (EV decisions)  = 22,221,018.04
  VSS = RP - EEV      = 53,804.90
  VSS as % of RP      = 0.24%
  EV_PI (perfect info) = 22,303,317.29
  EVPI = EV_PI - RP    = 28,494.36

======================================================================
RUN 9/10 (seed=8)
======================================================================

[Step 1] Solving full stochastic model (Recourse Problem)...
Deleted nodefile directory: /scratch-local/lbeemster.22383587/gurobi_vss_rp_run8
  RP objective: 20807153.345048394
Saved model snapshot to study_case_model/figures/vss_experiment/30426/rp/sub70.0/run8/model_snapshot.pkl

[EVPI] Solving each scenario deterministically for perfect information...
  EV_PI expected objective: 20812780.09528277
  EVPI (EV_PI - RP): 5626.750234376639

[Step 2] Solving deterministic Expected Value model...
  EV objective: 20565692.625499967
Saved model snapshot to study_case_model/figures/vss_experiment/30426/ev/sub70.0/run8/model_snapshot.pkl

[Step 3] Solving EEV (stochastic model with fixed EV decisions)...
  EEV objective: 20759876.993354008

  ==================================================
  VALUE OF STOCHASTIC SOLUTION (Run 9)
  ==================================================
  RP  (stochastic)  = 20,807,153.35
  EV  (deterministic) = 20,565,692.63
  EEV (EV decisions)  = 20,759,876.99
  VSS = RP - EEV      = 47,276.35
  VSS as % of RP      = 0.23%
  EV_PI (perfect info) = 20,812,780.10
  EVPI = EV_PI - RP    = 5,626.75

======================================================================
RUN 10/10 (seed=9)
======================================================================

[Step 1] Solving full stochastic model (Recourse Problem)...
Deleted nodefile directory: /scratch-local/lbeemster.22383587/gurobi_vss_rp_run9
  RP objective: 22991420.424704
Saved model snapshot to study_case_model/figures/vss_experiment/30426/rp/sub70.0/run9/model_snapshot.pkl

[EVPI] Solving each scenario deterministically for perfect information...
  EV_PI expected objective: 22997884.11305658
  EVPI (EV_PI - RP): 6463.688352581114

[Step 2] Solving deterministic Expected Value model...
  EV objective: 20565692.625499967
Saved model snapshot to study_case_model/figures/vss_experiment/30426/ev/sub70.0/run9/model_snapshot.pkl

[Step 3] Solving EEV (stochastic model with fixed EV decisions)...
  EEV objective: 22912494.507450126

  ==================================================
  VALUE OF STOCHASTIC SOLUTION (Run 10)
  ==================================================
  RP  (stochastic)  = 22,991,420.42
  EV  (deterministic) = 20,565,692.63
  EEV (EV decisions)  = 22,912,494.51
  VSS = RP - EEV      = 78,925.92
  VSS as % of RP      = 0.34%
  EV_PI (perfect info) = 22,997,884.11
  EVPI = EV_PI - RP    = 6,463.69
Run 9 appended to study_case_model/figures/vss_experiment/30426/vss_results_70_1.0_2_4.csv

======================================================================
VSS EXPERIMENT SUMMARY
======================================================================
  Across 10 runs:
    Mean VSS:    66,623.59 (0.30% of RP)
    Std VSS:     22,566.14
    Min VSS:     31,076.93
    Max VSS:     109,637.02
  → Stochastic formulation provides MARGINAL value — consider if complexity is justified.

  EVPI summary across 10 runs:
    Mean EVPI: 17,411.84
    Std EVPI:  9,340.89
    Min EVPI:  5,626.75
    Max EVPI:  36,588.10

Finished VSS experiment!
