Gurobi shell based on Python 3.13.1 can be launched with command `gurobi.sh`
Gurobi Python Interface can be loaded in Python 3.13.1 with 'import gurobipy'
/var/spool/slurm/slurmd/job22361670/slurm_script: line 24: activate: No such file or directory

======================================================================
RUN 1/10 (seed=0)
======================================================================

[Step 1] Solving full stochastic model (Recourse Problem)...
Deleted nodefile directory: /scratch-local/lbeemster.22361670/gurobi_vss_rp_run0
  RP objective: 21815517.573937614
Saved model snapshot to study_case_model/figures/vss_experiment/30426/rp/sub45.0/run0/model_snapshot.pkl

[EVPI] Solving each scenario deterministically for perfect information...
  EV_PI expected objective: 21820247.206143703
  EVPI (EV_PI - RP): 4729.632206089795

[Step 2] Solving deterministic Expected Value model...
  EV objective: 20424633.937798895
Saved model snapshot to study_case_model/figures/vss_experiment/30426/ev/sub45.0/run0/model_snapshot.pkl

[Step 3] Solving EEV (stochastic model with fixed EV decisions)...
  EEV objective: 21793294.396187555

  ==================================================
  VALUE OF STOCHASTIC SOLUTION (Run 1)
  ==================================================
  RP  (stochastic)  = 21,815,517.57
  EV  (deterministic) = 20,424,633.94
  EEV (EV decisions)  = 21,793,294.40
  VSS = RP - EEV      = 22,223.18
  VSS as % of RP      = 0.10%
  EV_PI (perfect info) = 21,820,247.21
  EVPI = EV_PI - RP    = 4,729.63

======================================================================
RUN 2/10 (seed=1)
======================================================================

[Step 1] Solving full stochastic model (Recourse Problem)...
Deleted nodefile directory: /scratch-local/lbeemster.22361670/gurobi_vss_rp_run1
  RP objective: 21168144.526605155
Saved model snapshot to study_case_model/figures/vss_experiment/30426/rp/sub45.0/run1/model_snapshot.pkl

[EVPI] Solving each scenario deterministically for perfect information...
  EV_PI expected objective: 21186342.13022713
  EVPI (EV_PI - RP): 18197.603621974587

[Step 2] Solving deterministic Expected Value model...
  EV objective: 20424633.937798895
Saved model snapshot to study_case_model/figures/vss_experiment/30426/ev/sub45.0/run1/model_snapshot.pkl

[Step 3] Solving EEV (stochastic model with fixed EV decisions)...
  EEV objective: 21090509.055805314

  ==================================================
  VALUE OF STOCHASTIC SOLUTION (Run 2)
  ==================================================
  RP  (stochastic)  = 21,168,144.53
  EV  (deterministic) = 20,424,633.94
  EEV (EV decisions)  = 21,090,509.06
  VSS = RP - EEV      = 77,635.47
  VSS as % of RP      = 0.37%
  EV_PI (perfect info) = 21,186,342.13
  EVPI = EV_PI - RP    = 18,197.60

======================================================================
RUN 3/10 (seed=2)
======================================================================

[Step 1] Solving full stochastic model (Recourse Problem)...
Deleted nodefile directory: /scratch-local/lbeemster.22361670/gurobi_vss_rp_run2
  RP objective: 20458567.065763798
Saved model snapshot to study_case_model/figures/vss_experiment/30426/rp/sub45.0/run2/model_snapshot.pkl

[EVPI] Solving each scenario deterministically for perfect information...
  EV_PI expected objective: 20485226.14906061
  EVPI (EV_PI - RP): 26659.08329681307

[Step 2] Solving deterministic Expected Value model...
  EV objective: 20424633.937798895
Saved model snapshot to study_case_model/figures/vss_experiment/30426/ev/sub45.0/run2/model_snapshot.pkl

[Step 3] Solving EEV (stochastic model with fixed EV decisions)...
  EEV objective: 20364746.572679933

  ==================================================
  VALUE OF STOCHASTIC SOLUTION (Run 3)
  ==================================================
  RP  (stochastic)  = 20,458,567.07
  EV  (deterministic) = 20,424,633.94
  EEV (EV decisions)  = 20,364,746.57
  VSS = RP - EEV      = 93,820.49
  VSS as % of RP      = 0.46%
  EV_PI (perfect info) = 20,485,226.15
  EVPI = EV_PI - RP    = 26,659.08

======================================================================
RUN 4/10 (seed=3)
======================================================================

[Step 1] Solving full stochastic model (Recourse Problem)...
Deleted nodefile directory: /scratch-local/lbeemster.22361670/gurobi_vss_rp_run3
  RP objective: 22165910.561748017
Saved model snapshot to study_case_model/figures/vss_experiment/30426/rp/sub45.0/run3/model_snapshot.pkl

[EVPI] Solving each scenario deterministically for perfect information...
  EV_PI expected objective: 22168195.118990716
  EVPI (EV_PI - RP): 2284.5572426989675

[Step 2] Solving deterministic Expected Value model...
  EV objective: 20424633.937798895
Saved model snapshot to study_case_model/figures/vss_experiment/30426/ev/sub45.0/run3/model_snapshot.pkl

[Step 3] Solving EEV (stochastic model with fixed EV decisions)...
  EEV objective: 22123382.807761017

  ==================================================
  VALUE OF STOCHASTIC SOLUTION (Run 4)
  ==================================================
  RP  (stochastic)  = 22,165,910.56
  EV  (deterministic) = 20,424,633.94
  EEV (EV decisions)  = 22,123,382.81
  VSS = RP - EEV      = 42,527.75
  VSS as % of RP      = 0.19%
  EV_PI (perfect info) = 22,168,195.12
  EVPI = EV_PI - RP    = 2,284.56

======================================================================
RUN 5/10 (seed=4)
======================================================================

[Step 1] Solving full stochastic model (Recourse Problem)...
Deleted nodefile directory: /scratch-local/lbeemster.22361670/gurobi_vss_rp_run4
  RP objective: 21307268.35180419
Saved model snapshot to study_case_model/figures/vss_experiment/30426/rp/sub45.0/run4/model_snapshot.pkl

[EVPI] Solving each scenario deterministically for perfect information...
  EV_PI expected objective: 21300309.87170921
  EVPI (EV_PI - RP): -6958.4800949804485

[Step 2] Solving deterministic Expected Value model...
  EV objective: 20424633.937798895
Saved model snapshot to study_case_model/figures/vss_experiment/30426/ev/sub45.0/run4/model_snapshot.pkl

[Step 3] Solving EEV (stochastic model with fixed EV decisions)...
  EEV objective: 21215427.038022995

  ==================================================
  VALUE OF STOCHASTIC SOLUTION (Run 5)
  ==================================================
  RP  (stochastic)  = 21,307,268.35
  EV  (deterministic) = 20,424,633.94
  EEV (EV decisions)  = 21,215,427.04
  VSS = RP - EEV      = 91,841.31
  VSS as % of RP      = 0.43%
  EV_PI (perfect info) = 21,300,309.87
  EVPI = EV_PI - RP    = -6,958.48

======================================================================
RUN 6/10 (seed=5)
======================================================================

[Step 1] Solving full stochastic model (Recourse Problem)...
Deleted nodefile directory: /scratch-local/lbeemster.22361670/gurobi_vss_rp_run5
  RP objective: 21137321.39660274
Saved model snapshot to study_case_model/figures/vss_experiment/30426/rp/sub45.0/run5/model_snapshot.pkl

[EVPI] Solving each scenario deterministically for perfect information...
  EV_PI expected objective: 21140863.474465534
  EVPI (EV_PI - RP): 3542.0778627954423

[Step 2] Solving deterministic Expected Value model...
  EV objective: 20424633.937798895
Saved model snapshot to study_case_model/figures/vss_experiment/30426/ev/sub45.0/run5/model_snapshot.pkl

[Step 3] Solving EEV (stochastic model with fixed EV decisions)...
  EEV objective: 21028125.68676716

  ==================================================
  VALUE OF STOCHASTIC SOLUTION (Run 6)
  ==================================================
  RP  (stochastic)  = 21,137,321.40
  EV  (deterministic) = 20,424,633.94
  EEV (EV decisions)  = 21,028,125.69
  VSS = RP - EEV      = 109,195.71
  VSS as % of RP      = 0.52%
  EV_PI (perfect info) = 21,140,863.47
  EVPI = EV_PI - RP    = 3,542.08

======================================================================
RUN 7/10 (seed=6)
======================================================================

[Step 1] Solving full stochastic model (Recourse Problem)...
Deleted nodefile directory: /scratch-local/lbeemster.22361670/gurobi_vss_rp_run6
  RP objective: 21670276.111951895
Saved model snapshot to study_case_model/figures/vss_experiment/30426/rp/sub45.0/run6/model_snapshot.pkl

[EVPI] Solving each scenario deterministically for perfect information...
  EV_PI expected objective: 21682117.29136212
  EVPI (EV_PI - RP): 11841.179410226643

[Step 2] Solving deterministic Expected Value model...
  EV objective: 20424633.937798895
Saved model snapshot to study_case_model/figures/vss_experiment/30426/ev/sub45.0/run6/model_snapshot.pkl

[Step 3] Solving EEV (stochastic model with fixed EV decisions)...
  EEV objective: 21579515.358450226

  ==================================================
  VALUE OF STOCHASTIC SOLUTION (Run 7)
  ==================================================
  RP  (stochastic)  = 21,670,276.11
  EV  (deterministic) = 20,424,633.94
  EEV (EV decisions)  = 21,579,515.36
  VSS = RP - EEV      = 90,760.75
  VSS as % of RP      = 0.42%
  EV_PI (perfect info) = 21,682,117.29
  EVPI = EV_PI - RP    = 11,841.18

======================================================================
RUN 8/10 (seed=7)
======================================================================

[Step 1] Solving full stochastic model (Recourse Problem)...
Deleted nodefile directory: /scratch-local/lbeemster.22361670/gurobi_vss_rp_run7
  RP objective: 22053395.381651808
Saved model snapshot to study_case_model/figures/vss_experiment/30426/rp/sub45.0/run7/model_snapshot.pkl

[EVPI] Solving each scenario deterministically for perfect information...
  EV_PI expected objective: 22061906.666786302
  EVPI (EV_PI - RP): 8511.285134494305

[Step 2] Solving deterministic Expected Value model...
  EV objective: 20424633.937798895
Saved model snapshot to study_case_model/figures/vss_experiment/30426/ev/sub45.0/run7/model_snapshot.pkl

[Step 3] Solving EEV (stochastic model with fixed EV decisions)...
  EEV objective: 21959146.81277065

  ==================================================
  VALUE OF STOCHASTIC SOLUTION (Run 8)
  ==================================================
  RP  (stochastic)  = 22,053,395.38
  EV  (deterministic) = 20,424,633.94
  EEV (EV decisions)  = 21,959,146.81
  VSS = RP - EEV      = 94,248.57
  VSS as % of RP      = 0.43%
  EV_PI (perfect info) = 22,061,906.67
  EVPI = EV_PI - RP    = 8,511.29

======================================================================
RUN 9/10 (seed=8)
======================================================================

[Step 1] Solving full stochastic model (Recourse Problem)...
Deleted nodefile directory: /scratch-local/lbeemster.22361670/gurobi_vss_rp_run8
  RP objective: 20342781.772510063
Saved model snapshot to study_case_model/figures/vss_experiment/30426/rp/sub45.0/run8/model_snapshot.pkl

[EVPI] Solving each scenario deterministically for perfect information...
  EV_PI expected objective: 20346811.323339365
  EVPI (EV_PI - RP): 4029.5508293025196

[Step 2] Solving deterministic Expected Value model...
  EV objective: 20424633.937798895
Saved model snapshot to study_case_model/figures/vss_experiment/30426/ev/sub45.0/run8/model_snapshot.pkl

[Step 3] Solving EEV (stochastic model with fixed EV decisions)...
  EEV objective: 20289890.473064642

  ==================================================
  VALUE OF STOCHASTIC SOLUTION (Run 9)
  ==================================================
  RP  (stochastic)  = 20,342,781.77
  EV  (deterministic) = 20,424,633.94
  EEV (EV decisions)  = 20,289,890.47
  VSS = RP - EEV      = 52,891.30
  VSS as % of RP      = 0.26%
  EV_PI (perfect info) = 20,346,811.32
  EVPI = EV_PI - RP    = 4,029.55

======================================================================
RUN 10/10 (seed=9)
======================================================================

[Step 1] Solving full stochastic model (Recourse Problem)...
Deleted nodefile directory: /scratch-local/lbeemster.22361670/gurobi_vss_rp_run9
  RP objective: 22519531.882317908
Saved model snapshot to study_case_model/figures/vss_experiment/30426/rp/sub45.0/run9/model_snapshot.pkl

[EVPI] Solving each scenario deterministically for perfect information...
  EV_PI expected objective: 22518088.20882063
  EVPI (EV_PI - RP): -1443.6734972782433

[Step 2] Solving deterministic Expected Value model...
  EV objective: 20424633.937798895
Saved model snapshot to study_case_model/figures/vss_experiment/30426/ev/sub45.0/run9/model_snapshot.pkl

[Step 3] Solving EEV (stochastic model with fixed EV decisions)...
  EEV objective: 22425002.334083058

  ==================================================
  VALUE OF STOCHASTIC SOLUTION (Run 10)
  ==================================================
  RP  (stochastic)  = 22,519,531.88
  EV  (deterministic) = 20,424,633.94
  EEV (EV decisions)  = 22,425,002.33
  VSS = RP - EEV      = 94,529.55
  VSS as % of RP      = 0.42%
  EV_PI (perfect info) = 22,518,088.21
  EVPI = EV_PI - RP    = -1,443.67
Run 9 appended to study_case_model/figures/vss_experiment/30426/vss_results_45_0.2_2_4.csv

======================================================================
VSS EXPERIMENT SUMMARY
======================================================================
  Across 10 runs:
    Mean VSS:    76,967.41 (0.36% of RP)
    Std VSS:     26,654.03
    Min VSS:     22,223.18
    Max VSS:     109,195.71
  → Stochastic formulation provides MARGINAL value — consider if complexity is justified.

  EVPI summary across 10 runs:
    Mean EVPI: 7,139.28
    Std EVPI:  9,228.75
    Min EVPI:  -6,958.48
    Max EVPI:  26,659.08

Finished VSS experiment!
