Gurobi shell based on Python 3.13.1 can be launched with command `gurobi.sh`
Gurobi Python Interface can be loaded in Python 3.13.1 with 'import gurobipy'
/var/spool/slurm/slurmd/job22531178/slurm_script: line 24: activate: No such file or directory
Stress test configuration:
  Volatility multipliers: [1.0, 2.0, 4.0, 8.0, 16.0]
  Shock type: demand
  Price Correlated shocks: 0.0
  Subsidy: 70.0 EUR/MWh
  Deviation allowance: 0.0

============================================================
Volatility multiplier: 1.0x
============================================================
Read LP format model from file /scratch-local/lbeemster.22531178/tmploy_0t6o.pyomo.lp
Reading time = 2.49 seconds
x1: 178177 rows, 50626 columns, 1021376 nonzeros
Set parameter OutputFlag to value 1
Set parameter MIPGap to value 0.02
Set parameter Threads to value 48
Set parameter Presolve to value 1
Set parameter Cuts to value 1
Set parameter NodefileStart to value 1
Set parameter NodefileDir to value "/scratch-local/lbeemster.22531178/gurobi_stress_vol1.0_0.0_demand_run2"
Set parameter MemLimit to value 60
Gurobi Optimizer version 12.0.3 build v12.0.3rc0 (linux64 - "Red Hat Enterprise Linux 9.6 (Plow)")

CPU model: AMD EPYC 9654 96-Core Processor, instruction set [SSE2|AVX|AVX2|AVX512]
Thread count: 192 physical cores, 192 logical processors, using up to 48 threads

Non-default parameters:
MemLimit  60
MIPGap  0.02
NodefileStart  1
Cuts  1
Presolve  1
Threads  48

Academic license 2514514 - for non-commercial use only - registered to l.___@student.vu.nl
Optimize a model with 178177 rows, 50626 columns and 1021376 nonzeros
Model fingerprint: 0xbb0340b1
Variable types: 40002 continuous, 10624 integer (10624 binary)
Coefficient statistics:
  Matrix range     [1e-06, 1e+05]
  Objective range  [2e+00, 3e+04]
  Bounds range     [1e+00, 1e+00]
  RHS range        [3e-01, 2e+05]
Presolve removed 34049 rows and 14166 columns
Presolve time: 1.63s
Presolved: 144128 rows, 36460 columns, 945973 nonzeros
Variable types: 28012 continuous, 8448 integer (8448 binary)
Found heuristic solution: objective -4.36142e+09

Deterministic concurrent LP optimizer: primal simplex, dual simplex, and barrier
Showing barrier log only...

Root barrier log...

Ordering time: 2.41s

Barrier statistics:
 AA' NZ     : 1.286e+07
 Factor NZ  : 1.434e+07 (roughly 200 MB of memory)
 Factor Ops : 2.150e+09 (less than 1 second per iteration)
 Threads    : 46

                  Objective                Residual
Iter       Primal          Dual         Primal    Dual     Compl     Time
   0  -3.00838973e+12  1.66219734e+14  3.09e+05 3.67e+04  1.75e+10     7s
   1  -1.88041735e+12  1.04791519e+14  1.75e+05 2.84e+05  7.64e+09     7s
   2  -5.44039543e+11  6.97282963e+13  4.78e+04 1.11e+04  2.11e+09     7s
   3  -4.52402527e+10  1.98203833e+13  3.19e+03 1.36e+01  2.01e+08     7s
   4  -1.37228978e+10  5.21756867e+12  5.09e+02 2.52e-07  3.89e+07     7s
   5  -8.32688955e+09  1.38922401e+12  1.23e+02 1.11e-07  9.31e+06     7s
   6  -3.23790995e+09  5.12728556e+11  4.20e+01 5.03e-08  3.17e+06     7s
   7  -1.47594746e+09  3.23928268e+11  2.27e+01 4.04e-08  1.91e+06     7s
   8  -5.25695213e+08  1.62695195e+11  7.69e+00 1.73e-08  8.99e+05     7s
   9  -1.02887704e+08  7.07587098e+10  1.03e+00 2.77e-08  3.59e+05     8s
  10  -4.07937060e+06  1.29347285e+10  7.27e-02 2.21e-08  6.40e+04     8s
  11   6.15213969e+06  1.94348910e+09  4.15e-03 2.13e-09  9.53e+03     8s
  12   8.23412493e+06  8.93129530e+08  1.61e-06 1.11e-09  4.35e+03     8s
  13   9.43666986e+06  3.19108197e+08  9.30e-07 1.16e-09  1.52e+03     8s
  14   1.20379813e+07  1.43865562e+08  3.93e-07 4.66e-10  6.48e+02     8s
  15   1.36197774e+07  8.73759217e+07  2.77e-07 6.98e-10  3.62e+02     8s
  16   1.87005756e+07  6.45999568e+07  4.65e-08 4.66e-10  2.25e+02     8s
  17   2.01606397e+07  3.80297489e+07  2.57e-08 4.66e-10  8.78e+01     8s

Barrier performed 17 iterations in 8.02 seconds (6.40 work units)
Barrier solve interrupted - model solved by another algorithm

Concurrent spin time: 1.82s (can be avoided by choosing Method=3)

Solved with primal simplex

Root relaxation: objective 2.157854e+07, 42443 iterations, 4.77 seconds (3.38 work units)

    Nodes    |    Current Node    |     Objective Bounds      |     Work
 Expl Unexpl |  Obj  Depth IntInf | Incumbent    BestBd   Gap | It/Node Time

     0     0 2.1579e+07    0  629 -4.361e+09 2.1579e+07   100%     -    9s
H    0     0                    -2.24497e+09 2.1579e+07   101%     -   11s
H    0     0                    -2.23504e+09 2.1579e+07   101%     -   13s
     0     0 2.1380e+07    0  684 -2.235e+09 2.1380e+07   101%     -   16s
     0     0 2.1379e+07    0  733 -2.235e+09 2.1379e+07   101%     -   18s
     0     0 2.1379e+07    0  740 -2.235e+09 2.1379e+07   101%     -   18s
     0     0 2.1358e+07    0  694 -2.235e+09 2.1358e+07   101%     -   21s
     0     0 2.1358e+07    0  728 -2.235e+09 2.1358e+07   101%     -   22s
     0     0 2.1358e+07    0  779 -2.235e+09 2.1358e+07   101%     -   23s
     0     0 2.1343e+07    0  745 -2.235e+09 2.1343e+07   101%     -   26s
     0     0 2.1343e+07    0  746 -2.235e+09 2.1343e+07   101%     -   26s
     0     0 2.1339e+07    0  761 -2.235e+09 2.1339e+07   101%     -   28s
     0     0 2.1339e+07    0  780 -2.235e+09 2.1339e+07   101%     -   29s
     0     0 2.1333e+07    0  699 -2.235e+09 2.1333e+07   101%     -   32s
H    0     0                    -1.31076e+09 2.1333e+07   102%     -   34s
     0     0 2.1333e+07    0  751 -1.311e+09 2.1333e+07   102%     -   34s
     0     0 2.1333e+07    0  759 -1.311e+09 2.1333e+07   102%     -   34s
     0     0 2.1333e+07    0  767 -1.311e+09 2.1333e+07   102%     -   35s
     0     0 2.1323e+07    0  688 -1.311e+09 2.1323e+07   102%     -   38s
H    0     0                    -1.17097e+09 2.1323e+07   102%     -   40s
     0     0 2.1323e+07    0  708 -1.171e+09 2.1323e+07   102%     -   40s
     0     0 2.1323e+07    0  726 -1.171e+09 2.1323e+07   102%     -   41s
     0     0 2.1316e+07    0  725 -1.171e+09 2.1316e+07   102%     -   43s
     0     0 2.1316e+07    0  729 -1.171e+09 2.1316e+07   102%     -   44s
     0     0 2.1316e+07    0  744 -1.171e+09 2.1316e+07   102%     -   44s
     0     0 2.1312e+07    0  710 -1.171e+09 2.1312e+07   102%     -   47s
     0     0 2.1312e+07    0  716 -1.171e+09 2.1312e+07   102%     -   48s
     0     0 2.1312e+07    0  725 -1.171e+09 2.1312e+07   102%     -   49s
     0     0 2.1310e+07    0  702 -1.171e+09 2.1310e+07   102%     -   51s
H    0     0                    -1.03760e+09 2.1310e+07   102%     -   53s
     0     0 2.1310e+07    0  716 -1.038e+09 2.1310e+07   102%     -   53s
     0     0 2.1309e+07    0  697 -1.038e+09 2.1309e+07   102%     -   56s
H    0     0                    -1.03363e+09 2.1309e+07   102%     -   57s
     0     0 2.1309e+07    0  711 -1.034e+09 2.1309e+07   102%     -   57s
     0     0 2.1309e+07    0  668 -1.034e+09 2.1309e+07   102%     -   59s
     0     0 2.1309e+07    0  694 -1.034e+09 2.1309e+07   102%     -   61s
     0     0 2.1309e+07    0  652 -1.034e+09 2.1309e+07   102%     -   62s
     0     0 2.1309e+07    0  652 -1.034e+09 2.1309e+07   102%     -   69s
H    0     0                    -8.38319e+08 2.1309e+07   103%     -   82s
H    0     0                    -7.01693e+08 2.1309e+07   103%     -   84s
H    0     0                    -5.99235e+08 2.1309e+07   104%     -   87s
H    0     0                    -4.07873e+08 2.1309e+07   105%     -   90s
H    0     0                    -4.07873e+08 2.1309e+07   105%     -   90s
H    0     0                    -4.07873e+08 2.1309e+07   105%     -  101s
H    0     0                    -3.88648e+08 2.1309e+07   105%     -  105s
H    0     0                    -3.83980e+08 2.1309e+07   106%     -  105s
     0     2 2.1309e+07    0  652 -3.840e+08 2.1309e+07   106%     -  108s
    31    64 2.1308e+07    5  679 -3.840e+08 2.1309e+07   106%   273  110s
H  188   256                    -3.83980e+08 2.1309e+07   106%   161  113s
H  208   256                    -3.70143e+08 2.1309e+07   106%   155  113s
   452   538 2.1308e+07    9  676 -3.701e+08 2.1309e+07   106%   101  115s
   815   868 2.1307e+07   14  678 -3.701e+08 2.1309e+07   106%  80.6  122s
   959  1107 2.1307e+07   15  676 -3.701e+08 2.1309e+07   106%  76.5  126s
  1475  1708 2.1307e+07   25  659 -3.701e+08 2.1309e+07   106%  64.4  131s
H 1707  1756                    -3.70143e+08 2.1309e+07   106%  61.0  134s
  1755  2059 2.1306e+07   30  645 -3.701e+08 2.1309e+07   106%  60.2  136s
  2647  2940 2.1306e+07   47  642 -3.701e+08 2.1309e+07   106%  53.3  141s
Created node file directory '/scratch-local/lbeemster.22531178/gurobi_stress_vol1.0_0.0_demand_run2/grbnodes0'
  3382  3650 2.1305e+07   56  637 -3.701e+08 2.1309e+07   106%  49.8  146s
  3923  3972 2.1304e+07   64  636 -3.701e+08 2.1309e+07   106%  48.6  151s
  3971  4020 2.1304e+07   65  636 -3.701e+08 2.1309e+07   106%  48.5  166s
  4019  4068 2.1304e+07   66  636 -3.701e+08 2.1309e+07   106%  48.4  180s
H 4043  4068                    -3.17116e+08 2.1309e+07   107%  48.4  180s
  4403  4700 2.1304e+07   70  621 -3.171e+08 2.1309e+07   107%  48.1  186s
  5016  5418 2.1303e+07   78  615 -3.171e+08 2.1309e+07   107%  47.9  190s
H 5421  5466                    -2.96984e+08 2.1309e+07   107%  47.6  193s
H 5426  5466                    -2.39978e+08 2.1309e+07   109%  47.7  193s
H 5431  5466                    -2.15469e+08 2.1309e+07   110%  47.7  193s
H 5442  5466                    -2.15287e+08 2.1309e+07   110%  47.6  193s
H 5447  5466                    -2.07618e+08 2.1309e+07   110%  47.6  193s
  5465  5833 2.1303e+07   86  612 -2.076e+08 2.1309e+07   110%  47.7  195s
  6601  6734 2.1303e+07  102  598 -2.076e+08 2.1309e+07   110%  46.0  202s
  7152  7576 2.1301e+07  112  589 -2.076e+08 2.1309e+07   110%  45.9  206s
  8025  8509 2.1301e+07  128  579 -2.076e+08 2.1309e+07   110%  45.2  212s
  8508  8932 2.1301e+07  137  578 -2.076e+08 2.1309e+07   110%  44.8  215s
H 8540  8932                    -2.07618e+08 2.1309e+07   110%  44.7  215s
H 8921  8932                    -2.07618e+08 2.1309e+07   110%  44.3  215s
  9069  9594 2.1298e+07  146  578 -2.076e+08 2.1309e+07   110%  44.4  220s
H10115 10470                    -2.07618e+08 2.1309e+07   110%  43.9  228s
H10125 10470                    -2.07618e+08 2.1309e+07   110%  44.0  228s
H10203 10470                    -2.07618e+08 2.1309e+07   110%  43.8  228s
H10215 10470                    -1.79315e+08 2.1309e+07   112%  43.8  228s
 10469 10986 2.1300e+07  168  570 -1.793e+08 2.1309e+07   112%  43.6  231s
 10987 11555 2.1300e+07  176  569 -1.793e+08 2.1309e+07   112%  43.1  237s
H11396 11555                    -1.79315e+08 2.1309e+07   112%  42.6  237s
 11556 12152 2.1300e+07  183  568 -1.793e+08 2.1309e+07   112%  42.5  242s
 12157 12771 2.1294e+07  188  561 -1.793e+08 2.1309e+07   112%  42.6  245s
 12780 13198 2.1298e+07  199  553 -1.793e+08 2.1309e+07   112%  42.6  251s
 13209 13460 2.1298e+07  207  544 -1.793e+08 2.1309e+07   112%  42.9  258s
 13473 14011 2.1298e+07  208  545 -1.793e+08 2.1309e+07   112%  43.2  262s
H13686 13929                    -1.28642e+08 2.1309e+07   117%  43.5  262s
 14024 14529 2.1298e+07  209  546 -1.286e+08 2.1309e+07   117%  43.7  266s
 14769 15128 2.1296e+07  217  547 -1.286e+08 2.1309e+07   117%  45.3  271s
H15229 15128                    -1.27002e+08 2.1309e+07   117%  46.0  271s
 15375 15975 2.1290e+07  222  530 -1.270e+08 2.1309e+07   117%  45.9  275s
 16224 16920 2.1284e+07  234  522 -1.270e+08 2.1309e+07   117%  46.1  282s
 17177 17452 2.1284e+07  253  508 -1.270e+08 2.1309e+07   117%  46.0  291s
H17249 17359                    -5.82983e+07 2.1309e+07   137%  46.0  291s
H17430 17359                    -5.82948e+07 2.1309e+07   137%  46.0  291s
H17711 17301                    -5.82947e+07 2.1309e+07   137%  45.9  319s
H17711 17146                    -3.61678e+07 2.1309e+07   159%  45.9  325s
H17711 16849                    -3.47456e+07 2.1309e+07   161%  45.9  333s
H17711 16835                    -3.34538e+07 2.1309e+07   164%  45.9  334s
H17711 15915                    -2891125.922 2.1309e+07   837%  45.9  337s
H17711 15583                    -624605.3377 2.1309e+07  3512%  45.9  338s
H17711 13845                    2.099494e+07 2.1309e+07  1.49%  45.9  338s

Cutting planes:
  Gomory: 10
  Implied bound: 4952
  MIR: 846
  Flow cover: 1234
  Relax-and-lift: 95

Explored 17711 nodes (902559 simplex iterations) in 349.65 seconds (395.96 work units)
Thread count was 48 (of 192 available processors)

Solution count 10: 2.09949e+07 2.09949e+07 -624605 ... -1.27002e+08

Optimal solution found (tolerance 2.00e-02)
Best objective 2.099493816644e+07, best bound 2.130857905384e+07, gap 1.4939%
Deleted nodefile directory: /scratch-local/lbeemster.22531178/gurobi_stress_vol1.0_0.0_demand_run2
Saved model snapshot to study_case_model/figures/volatility_stress/vol1.0_0.0_demand/sub70.0/run2/model_snapshot.pkl
  Objective: 20994938.17
  Avg H2 production: 2.252236592356648
  Scenario obj std: 782815.4982133459
  CVaR 5%: 19437481.226279106
  Worst scenario: 18995671.954414565

============================================================
Volatility multiplier: 2.0x
============================================================
Read LP format model from file /scratch-local/lbeemster.22531178/tmp2wylhujz.pyomo.lp
Reading time = 0.52 seconds
x1: 178177 rows, 50626 columns, 1021376 nonzeros
Set parameter OutputFlag to value 1
Set parameter MIPGap to value 0.02
Set parameter Threads to value 48
Set parameter Presolve to value 1
Set parameter Cuts to value 1
Set parameter NodefileStart to value 1
Set parameter NodefileDir to value "/scratch-local/lbeemster.22531178/gurobi_stress_vol2.0_0.0_demand_run2"
Set parameter MemLimit to value 60
Gurobi Optimizer version 12.0.3 build v12.0.3rc0 (linux64 - "Red Hat Enterprise Linux 9.6 (Plow)")

CPU model: AMD EPYC 9654 96-Core Processor, instruction set [SSE2|AVX|AVX2|AVX512]
Thread count: 192 physical cores, 192 logical processors, using up to 48 threads

Non-default parameters:
MemLimit  60
MIPGap  0.02
NodefileStart  1
Cuts  1
Presolve  1
Threads  48

Academic license 2514514 - for non-commercial use only - registered to l.___@student.vu.nl
Optimize a model with 178177 rows, 50626 columns and 1021376 nonzeros
Model fingerprint: 0x9bfcc056
Variable types: 40002 continuous, 10624 integer (10624 binary)
Coefficient statistics:
  Matrix range     [1e-06, 1e+05]
  Objective range  [2e+00, 3e+04]
  Bounds range     [1e+00, 1e+00]
  RHS range        [3e-01, 2e+05]
Presolve removed 34049 rows and 14166 columns
Presolve time: 1.78s
Presolved: 144128 rows, 36460 columns, 945973 nonzeros
Variable types: 28012 continuous, 8448 integer (8448 binary)
Found heuristic solution: objective -3.88375e+09

Deterministic concurrent LP optimizer: primal simplex, dual simplex, and barrier
Showing barrier log only...

Root barrier log...

Ordering time: 2.40s

Barrier statistics:
 AA' NZ     : 1.286e+07
 Factor NZ  : 1.434e+07 (roughly 200 MB of memory)
 Factor Ops : 2.150e+09 (less than 1 second per iteration)
 Threads    : 46

                  Objective                Residual
Iter       Primal          Dual         Primal    Dual     Compl     Time
   0  -3.00803983e+12  1.66215030e+14  3.09e+05 3.67e+04  1.75e+10     7s
   1  -1.88001245e+12  1.04789632e+14  1.75e+05 2.84e+05  7.64e+09     7s
   2  -5.43561658e+11  6.97263323e+13  4.78e+04 1.11e+04  2.11e+09     7s
   3  -4.49253746e+10  1.98209215e+13  3.19e+03 1.37e+01  2.01e+08     7s
   4  -1.37719640e+10  5.22047583e+12  5.35e+02 5.59e-07  3.96e+07     7s
   5  -8.35342332e+09  1.39342635e+12  1.43e+02 1.06e-07  9.73e+06     8s
   6  -3.19567614e+09  5.72979708e+11  4.29e+01 3.52e-08  3.49e+06     8s
   7  -1.48981548e+09  3.72251973e+11  2.55e+01 1.80e-08  2.20e+06     8s
   8  -6.73908002e+08  2.22137811e+11  1.07e+01 1.31e-08  1.24e+06     8s

Barrier performed 8 iterations in 7.68 seconds (5.46 work units)
Barrier solve interrupted - model solved by another algorithm

Concurrent spin time: 1.85s (can be avoided by choosing Method=3)

Solved with primal simplex

Root relaxation: objective 2.159155e+07, 45468 iterations, 4.31 seconds (2.56 work units)

    Nodes    |    Current Node    |     Objective Bounds      |     Work
 Expl Unexpl |  Obj  Depth IntInf | Incumbent    BestBd   Gap | It/Node Time

     0     0 2.1592e+07    0  646 -3.884e+09 2.1592e+07   101%     -    8s
     0     0 2.1592e+07    0  647 -3.884e+09 2.1592e+07   101%     -    8s
     0     0 2.1379e+07    0  713 -3.884e+09 2.1379e+07   101%     -   14s
H    0     0                    -2.69078e+09 2.1379e+07   101%     -   15s
     0     0 2.1378e+07    0  763 -2.691e+09 2.1378e+07   101%     -   16s
     0     0 2.1378e+07    0  763 -2.691e+09 2.1378e+07   101%     -   16s
     0     0 2.1341e+07    0  679 -2.691e+09 2.1341e+07   101%     -   19s
     0     0 2.1341e+07    0  680 -2.691e+09 2.1341e+07   101%     -   19s
H    0     0                    -2.23605e+09 2.1341e+07   101%     -   20s
     0     0 2.1340e+07    0  718 -2.236e+09 2.1340e+07   101%     -   20s
     0     0 2.1340e+07    0  742 -2.236e+09 2.1340e+07   101%     -   20s
     0     0 2.1326e+07    0  649 -2.236e+09 2.1326e+07   101%     -   24s
H    0     0                    -1.64335e+09 2.1326e+07   101%     -   25s
     0     0 2.1324e+07    0  676 -1.643e+09 2.1324e+07   101%     -   25s
     0     0 2.1324e+07    0  712 -1.643e+09 2.1324e+07   101%     -   26s
     0     0 2.1324e+07    0  736 -1.643e+09 2.1324e+07   101%     -   26s
     0     0 2.1324e+07    0  737 -1.643e+09 2.1324e+07   101%     -   26s
     0     0 2.1313e+07    0  665 -1.643e+09 2.1313e+07   101%     -   30s
H    0     0                    -1.32155e+09 2.1313e+07   102%     -   31s
     0     0 2.1313e+07    0  693 -1.322e+09 2.1313e+07   102%     -   32s
     0     0 2.1313e+07    0  697 -1.322e+09 2.1313e+07   102%     -   32s
     0     0 2.1299e+07    0  592 -1.322e+09 2.1299e+07   102%     -   36s
H    0     0                    -1.09644e+09 2.1299e+07   102%     -   37s
     0     0 2.1299e+07    0  626 -1.096e+09 2.1299e+07   102%     -   37s
     0     0 2.1299e+07    0  641 -1.096e+09 2.1299e+07   102%     -   38s
     0     0 2.1299e+07    0  652 -1.096e+09 2.1299e+07   102%     -   38s
     0     0 2.1296e+07    0  622 -1.096e+09 2.1296e+07   102%     -   41s
     0     0 2.1296e+07    0  660 -1.096e+09 2.1296e+07   102%     -   41s
     0     0 2.1296e+07    0  662 -1.096e+09 2.1296e+07   102%     -   41s
     0     0 2.1294e+07    0  661 -1.096e+09 2.1294e+07   102%     -   44s
H    0     0                    -9.19321e+08 2.1294e+07   102%     -   45s
     0     0 2.1294e+07    0  665 -9.193e+08 2.1294e+07   102%     -   46s
     0     0 2.1294e+07    0  680 -9.193e+08 2.1294e+07   102%     -   46s
     0     0 2.1293e+07    0  669 -9.193e+08 2.1293e+07   102%     -   48s
     0     0 2.1293e+07    0  669 -9.193e+08 2.1293e+07   102%     -   50s
     0     0 2.1293e+07    0  688 -9.193e+08 2.1293e+07   102%     -   50s
     0     0 2.1293e+07    0  675 -9.193e+08 2.1293e+07   102%     -   51s
     0     0 2.1293e+07    0  679 -9.193e+08 2.1293e+07   102%     -   52s
     0     0 2.1293e+07    0  686 -9.193e+08 2.1293e+07   102%     -   54s
     0     0 2.1293e+07    0  686 -9.193e+08 2.1293e+07   102%     -   61s
H    0     0                    -7.62750e+08 2.1293e+07   103%     -   64s
H    0     0                    -7.13905e+08 2.1293e+07   103%     -   72s
H    0     0                    -6.55190e+08 2.1293e+07   103%     -   77s
H    0     0                    -6.40547e+08 2.1293e+07   103%     -   80s
H    0     0                    -6.20930e+08 2.1293e+07   103%     -   84s
H    0     0                    -5.92613e+08 2.1293e+07   104%     -   89s
H    0     0                    -5.92613e+08 2.1293e+07   104%     -   92s
     0     2 2.1293e+07    0  686 -5.926e+08 2.1293e+07   104%     -   97s
    31    64 2.1293e+07    5  699 -5.926e+08 2.1293e+07   104%   310  102s
   111   271 2.1292e+07    7  693 -5.926e+08 2.1293e+07   104%   149  106s
H  284   398                    -4.30408e+08 2.1293e+07   105%  85.0  106s
   547   650 2.1292e+07   11  689 -4.304e+08 2.1293e+07   105%  66.6  110s
H  618   650                    -4.30311e+08 2.1293e+07   105%  64.8  110s
   950  1122 2.1290e+07   15  684 -4.303e+08 2.1293e+07   105%  58.0  115s
  1772  1821 2.1291e+07   27  672 -4.303e+08 2.1293e+07   105%  49.0  121s
  1820  1869 2.1291e+07   28  669 -4.303e+08 2.1293e+07   105%  48.9  136s
  1868  1917 2.1290e+07   29  664 -4.303e+08 2.1293e+07   105%  48.9  146s
  1916  1965 2.1290e+07   30  662 -4.303e+08 2.1293e+07   105%  48.7  158s
H 1956  1965                    -4.20684e+08 2.1293e+07   105%  48.5  158s
  1964  2262 2.1289e+07   31  657 -4.207e+08 2.1293e+07   105%  48.4  160s
  3005  3055 2.1288e+07   46  621 -4.207e+08 2.1293e+07   105%  45.7  166s
H 3013  3055                    -3.70566e+08 2.1293e+07   106%  45.7  166s
H 3037  3055                    -3.53808e+08 2.1293e+07   106%  45.6  166s
Created node file directory '/scratch-local/lbeemster.22531178/gurobi_stress_vol2.0_0.0_demand_run2/grbnodes0'
H 3419  3428                    -3.53808e+08 2.1293e+07   106%  44.2  169s
  3427  3675 2.1287e+07   51  614 -3.538e+08 2.1293e+07   106%  44.2  170s
H 3676  3723                    -3.53808e+08 2.1293e+07   106%  43.8  173s
  3722  3950 2.1288e+07   55  605 -3.538e+08 2.1293e+07   106%  43.8  175s
  4205  4506 2.1288e+07   64  605 -3.538e+08 2.1293e+07   106%  44.6  183s
  4505  4832 2.1287e+07   70  603 -3.538e+08 2.1293e+07   106%  44.2  187s
H 4838  5046                    -3.33716e+08 2.1293e+07   106%  43.9  189s
H 4955  5046                    -3.32979e+08 2.1293e+07   106%  44.0  190s
  5352  5732 2.1287e+07   94  578 -3.330e+08 2.1293e+07   106%  44.0  195s
  6060  6342 2.1284e+07  107  573 -3.330e+08 2.1293e+07   106%  44.5  200s
H 6065  6342                    -3.32875e+08 2.1293e+07   106%  44.6  200s
  7116  7450 2.1284e+07  124  572 -3.329e+08 2.1293e+07   106%  44.5  207s
  7875  8387 2.1283e+07  137  554 -3.329e+08 2.1293e+07   106%  44.1  211s
  8869  9410 2.1283e+07  156  544 -3.329e+08 2.1293e+07   106%  43.2  216s
H 9409  9458                    -3.32875e+08 2.1293e+07   106%  42.5  220s
 10014 10350 2.1283e+07  176  544 -3.329e+08 2.1293e+07   106%  42.2  227s
 10349 10939 2.1283e+07  182  538 -3.329e+08 2.1293e+07   106%  42.0  230s
H10961 11360                    -3.32873e+08 2.1293e+07   106%  42.0  233s
 11363 11963 2.1281e+07  201  532 -3.329e+08 2.1293e+07   106%  42.5  236s
 11966 12074 2.1280e+07  211  533 -3.329e+08 2.1293e+07   106%  42.3  241s
H12001 12056                    -3.08788e+08 2.1293e+07   107%  42.4  241s
H12004 12043                    -2.97437e+08 2.1293e+07   107%  42.4  241s
H12030 12027                    -2.58460e+08 2.1293e+07   108%  42.4  241s
H12045 12027                    -2.57827e+08 2.1293e+07   108%  42.4  241s
 12786 13336 2.1279e+07  225  524 -2.578e+08 2.1293e+07   108%  41.9  250s
H13829 13816                    -2.55688e+08 2.1293e+07   108%  41.8  254s
 13924 14531 2.1275e+07  252  520 -2.557e+08 2.1293e+07   108%  41.8  258s
 14651 15248 2.1266e+07  263  515 -2.557e+08 2.1293e+07   108%  41.7  262s
H15372 15296                    -2.50464e+08 2.1293e+07   109%  41.9  271s
H15375 15296                    -2.49795e+08 2.1293e+07   109%  41.9  271s
H15379 15266                    -2.32319e+08 2.1293e+07   109%  41.9  271s
H15386 15223                    -2.18462e+08 2.1293e+07   110%  41.9  271s
 15420 16015 2.1264e+07  282  516 -2.185e+08 2.1293e+07   110%  41.9  275s
 17114 17377 2.1257e+07  312  511 -2.185e+08 2.1293e+07   110%  41.1  286s
H17182 17377                    -2.18437e+08 2.1293e+07   110%  41.1  286s
H17183 17330                    -1.85867e+08 2.1293e+07   111%  41.1  286s
H17281 17330                    -1.85617e+08 2.1293e+07   111%  41.1  286s
H17376 17304                    -1.11970e+08 2.1293e+07   119%  41.0  286s
 17618 18155 2.1255e+07  331  501 -1.120e+08 2.1293e+07   119%  40.9  290s
H18527 18152                    -1.11970e+08 2.1293e+07   119%  41.1  307s
H18527 18152                    -1.11970e+08 2.1293e+07   119%  41.1  311s
H18527 18152                    -1.11970e+08 2.1293e+07   119%  41.1  315s
H18527 18152                    -1.02528e+08 2.1293e+07   121%  41.1  316s
H18527 18152                    -8.83688e+07 2.1293e+07   124%  41.1  323s
H18527 15034                    5832190.1667 2.1293e+07   265%  41.1  337s
 18528 14945 2.1290e+07   50  686 5832190.17 2.1293e+07   265%  41.1  354s
H18529 14198                    5856117.8190 2.1293e+07   264%  41.1  415s
 18530 14198 2.1284e+07   50  461 5856117.82 2.1293e+07   264%  41.1  431s
 18531 14199 2.1281e+07   37  503 5856117.82 2.1293e+07   264%  41.1  438s
 18532 14200 2.1264e+07  269  505 5856117.82 2.1289e+07   264%  41.1  441s
 18534 14201 2.1284e+07   71  526 5856117.82 2.1288e+07   264%  41.1  445s
H18539 13494                    1.361026e+07 2.1288e+07  56.4%  41.1  491s
H18539 12819                    1.361144e+07 2.1288e+07  56.4%  41.1  491s
H18539 12178                    1.361174e+07 2.1288e+07  56.4%  41.1  491s
H18540 11570                    1.574117e+07 2.1288e+07  35.2%  41.1  494s
 18542 11571 2.1282e+07  201  476 1.5741e+07 2.1288e+07  35.2%  41.1  495s
H18543 10993                    2.108381e+07 2.1287e+07  0.97%  41.1  530s
H18543 10443                    2.110977e+07 2.1287e+07  0.84%  41.1  530s
H18543  9920                    2.111152e+07 2.1287e+07  0.83%  41.1  530s
H18543  9424                    2.111672e+07 2.1287e+07  0.81%  41.1  530s

Cutting planes:
  Learned: 1
  Gomory: 13
  Cover: 8
  Implied bound: 1004
  MIR: 807
  Flow cover: 1176
  RLT: 4
  Relax-and-lift: 517

Explored 18543 nodes (923760 simplex iterations) in 530.30 seconds (569.76 work units)
Thread count was 48 (of 192 available processors)

Solution count 10: 2.11167e+07 2.11115e+07 2.11098e+07 ... 5.83219e+06

Optimal solution found (tolerance 2.00e-02)
Best objective 2.111672208389e+07, best bound 2.128746742343e+07, gap 0.8086%
Deleted nodefile directory: /scratch-local/lbeemster.22531178/gurobi_stress_vol2.0_0.0_demand_run2
Saved model snapshot to study_case_model/figures/volatility_stress/vol2.0_0.0_demand/sub70.0/run2/model_snapshot.pkl
  Objective: 21116722.08
  Avg H2 production: 2.277062821496526
  Scenario obj std: 807622.8525453117
  CVaR 5%: 19568841.482831743
  Worst scenario: 19437496.73640418

============================================================
Volatility multiplier: 4.0x
============================================================
Read LP format model from file /scratch-local/lbeemster.22531178/tmp86l7wlk7.pyomo.lp
Reading time = 0.78 seconds
x1: 178177 rows, 50626 columns, 1021376 nonzeros
Set parameter OutputFlag to value 1
Set parameter MIPGap to value 0.02
Set parameter Threads to value 48
Set parameter Presolve to value 1
Set parameter Cuts to value 1
Set parameter NodefileStart to value 1
Set parameter NodefileDir to value "/scratch-local/lbeemster.22531178/gurobi_stress_vol4.0_0.0_demand_run2"
Set parameter MemLimit to value 60
Gurobi Optimizer version 12.0.3 build v12.0.3rc0 (linux64 - "Red Hat Enterprise Linux 9.6 (Plow)")

CPU model: AMD EPYC 9654 96-Core Processor, instruction set [SSE2|AVX|AVX2|AVX512]
Thread count: 192 physical cores, 192 logical processors, using up to 48 threads

Non-default parameters:
MemLimit  60
MIPGap  0.02
NodefileStart  1
Cuts  1
Presolve  1
Threads  48

Academic license 2514514 - for non-commercial use only - registered to l.___@student.vu.nl
Optimize a model with 178177 rows, 50626 columns and 1021376 nonzeros
Model fingerprint: 0x0bf4c2fb
Variable types: 40002 continuous, 10624 integer (10624 binary)
Coefficient statistics:
  Matrix range     [1e-06, 1e+05]
  Objective range  [2e+00, 3e+04]
  Bounds range     [1e+00, 1e+00]
  RHS range        [3e-01, 2e+05]
Presolve removed 34049 rows and 14166 columns
Presolve time: 1.78s
Presolved: 144128 rows, 36460 columns, 945973 nonzeros
Variable types: 28012 continuous, 8448 integer (8448 binary)
Found heuristic solution: objective -3.02201e+09

Deterministic concurrent LP optimizer: primal simplex, dual simplex, and barrier
Showing barrier log only...

Root barrier log...

Ordering time: 2.36s

Barrier statistics:
 AA' NZ     : 1.286e+07
 Factor NZ  : 1.434e+07 (roughly 200 MB of memory)
 Factor Ops : 2.150e+09 (less than 1 second per iteration)
 Threads    : 46

                  Objective                Residual
Iter       Primal          Dual         Primal    Dual     Compl     Time
   0  -3.00767654e+12  1.66209194e+14  3.09e+05 3.67e+04  1.75e+10     7s
   1  -1.87953903e+12  1.04788174e+14  1.75e+05 2.84e+05  7.64e+09     7s
   2  -5.42985828e+11  6.97238659e+13  4.78e+04 1.10e+04  2.11e+09     7s
   3  -4.47258623e+10  1.98188332e+13  3.19e+03 1.38e+01  2.01e+08     7s
   4  -1.38525737e+10  5.19424499e+12  5.34e+02 2.14e-07  3.94e+07     7s
   5  -8.72150451e+09  1.48631789e+12  1.45e+02 1.06e-07  1.02e+07     7s
   6  -3.82950488e+09  6.24099199e+11  4.33e+01 4.61e-08  3.76e+06     7s
   7  -1.84126806e+09  4.04563011e+11  2.85e+01 2.79e-08  2.41e+06     7s
   8  -1.17049695e+09  1.78557839e+11  9.79e+00 1.40e-08  1.01e+06     8s
   9  -1.89651908e+08  4.25541395e+10  1.14e+00 6.37e-09  2.22e+05     8s
  10  -1.07965978e+07  1.18413446e+10  8.61e-02 4.89e-09  5.87e+04     8s

Barrier performed 10 iterations in 7.70 seconds (5.71 work units)
Barrier solve interrupted - model solved by another algorithm

Concurrent spin time: 1.92s (can be avoided by choosing Method=3)

Solved with primal simplex

Root relaxation: objective 2.161676e+07, 42082 iterations, 4.39 seconds (2.78 work units)

    Nodes    |    Current Node    |     Objective Bounds      |     Work
 Expl Unexpl |  Obj  Depth IntInf | Incumbent    BestBd   Gap | It/Node Time

     0     0 2.1617e+07    0  623 -3.022e+09 2.1617e+07   101%     -    8s
H    0     0                    -2.99057e+09 2.1617e+07   101%     -   11s
     0     0 2.1386e+07    0  737 -2.991e+09 2.1386e+07   101%     -   15s
     0     0 2.1386e+07    0  737 -2.991e+09 2.1386e+07   101%     -   15s
H    0     0                    -2.25127e+09 2.1386e+07   101%     -   16s
     0     0 2.1383e+07    0  762 -2.251e+09 2.1383e+07   101%     -   16s
     0     0 2.1383e+07    0  774 -2.251e+09 2.1383e+07   101%     -   17s
     0     0 2.1340e+07    0  662 -2.251e+09 2.1340e+07   101%     -   20s
     0     0 2.1340e+07    0  665 -2.251e+09 2.1340e+07   101%     -   20s
H    0     0                    -1.75119e+09 2.1340e+07   101%     -   21s
     0     0 2.1339e+07    0  721 -1.751e+09 2.1339e+07   101%     -   21s
     0     0 2.1339e+07    0  731 -1.751e+09 2.1339e+07   101%     -   21s
     0     0 2.1325e+07    0  701 -1.751e+09 2.1325e+07   101%     -   25s
H    0     0                    -1.47998e+09 2.1325e+07   101%     -   27s
     0     0 2.1317e+07    0  699 -1.480e+09 2.1317e+07   101%     -   27s
     0     0 2.1316e+07    0  745 -1.480e+09 2.1316e+07   101%     -   27s
     0     0 2.1316e+07    0  751 -1.480e+09 2.1316e+07   101%     -   28s
     0     0 2.1316e+07    0  749 -1.480e+09 2.1316e+07   101%     -   28s
     0     0 2.1316e+07    0  750 -1.480e+09 2.1316e+07   101%     -   28s
     0     0 2.1288e+07    0  662 -1.480e+09 2.1288e+07   101%     -   32s
H    0     0                    -1.25698e+09 2.1288e+07   102%     -   34s
     0     0 2.1286e+07    0  675 -1.257e+09 2.1286e+07   102%     -   34s
     0     0 2.1286e+07    0  697 -1.257e+09 2.1286e+07   102%     -   34s
     0     0 2.1286e+07    0  709 -1.257e+09 2.1286e+07   102%     -   35s
     0     0 2.1286e+07    0  721 -1.257e+09 2.1286e+07   102%     -   35s
     0     0 2.1270e+07    0  604 -1.257e+09 2.1270e+07   102%     -   39s
H    0     0                    -8.31547e+08 2.1270e+07   103%     -   40s
     0     0 2.1270e+07    0  619 -8.315e+08 2.1270e+07   103%     -   41s
     0     0 2.1270e+07    0  617 -8.315e+08 2.1270e+07   103%     -   41s
     0     0 2.1266e+07    0  635 -8.315e+08 2.1266e+07   103%     -   44s
     0     0 2.1266e+07    0  650 -8.315e+08 2.1266e+07   103%     -   44s
     0     0 2.1266e+07    0  660 -8.315e+08 2.1266e+07   103%     -   45s
     0     0 2.1264e+07    0  623 -8.315e+08 2.1264e+07   103%     -   47s
H    0     0                    -8.20844e+08 2.1264e+07   103%     -   49s
     0     0 2.1263e+07    0  632 -8.208e+08 2.1263e+07   103%     -   49s
     0     0 2.1263e+07    0  615 -8.208e+08 2.1263e+07   103%     -   52s
     0     0 2.1263e+07    0  605 -8.208e+08 2.1263e+07   103%     -   52s
     0     0 2.1263e+07    0  616 -8.208e+08 2.1263e+07   103%     -   52s
     0     0 2.1263e+07    0  611 -8.208e+08 2.1263e+07   103%     -   55s
     0     0 2.1263e+07    0  613 -8.208e+08 2.1263e+07   103%     -   56s
     0     0 2.1263e+07    0  575 -8.208e+08 2.1263e+07   103%     -   57s
     0     0 2.1263e+07    0  575 -8.208e+08 2.1263e+07   103%     -   63s
H    0     0                    -5.90648e+08 2.1263e+07   104%     -   66s
H    0     0                    -5.85898e+08 2.1263e+07   104%     -   68s
H    0     0                    -5.26905e+08 2.1263e+07   104%     -   78s
H    0     0                    -5.13105e+08 2.1263e+07   104%     -   81s
H    0     0                    -5.00655e+08 2.1263e+07   104%     -   83s
H    0     0                    -3.56689e+08 2.1263e+07   106%     -   88s
H    0     0                    -3.44276e+08 2.1263e+07   106%     -   90s
H    0     0                    -3.44276e+08 2.1263e+07   106%     -   93s
H    0     0                    -3.31864e+08 2.1263e+07   106%     -   93s
     0     2 2.1263e+07    0  575 -3.319e+08 2.1263e+07   106%     -   96s
    63   112 2.1261e+07    6  595 -3.319e+08 2.1263e+07   106%   181  100s
H   66   112                    -3.31864e+08 2.1263e+07   106%   175  100s
H   75   112                    -3.20211e+08 2.1263e+07   107%   162  100s
   486   535 2.1260e+07   15  588 -3.202e+08 2.1263e+07   107%  87.8  105s
H  607   631                    -3.20186e+08 2.1263e+07   107%  84.8  106s
   722   771 2.1260e+07   21  577 -3.202e+08 2.1263e+07   107%  87.7  111s
H  736   771                    -3.20186e+08 2.1263e+07   107%  87.4  111s
  1092  1238 2.1258e+07   26  564 -3.202e+08 2.1263e+07   107%  78.1  115s
  1426  1475 2.1258e+07   30  570 -3.202e+08 2.1263e+07   107%  72.6  133s
  1474  1523 2.1257e+07   31  570 -3.202e+08 2.1263e+07   107%  73.0  144s
  1522  1571 2.1258e+07   31  564 -3.202e+08 2.1263e+07   107%  72.5  157s
H 1526  1571                    -3.10010e+08 2.1263e+07   107%  72.4  157s
H 1539  1571                    -2.39290e+08 2.1263e+07   109%  72.3  157s
H 1562  1571                    -2.30743e+08 2.1263e+07   109%  71.9  157s
  1570  1619 2.1258e+07   32  559 -2.307e+08 2.1263e+07   109%  71.7  160s
H 1618  1667                    -1.80056e+08 2.1263e+07   112%  71.3  169s
H 1619  1667                    -1.77549e+08 2.1263e+07   112%  71.4  169s
H 1624  1667                    -1.61957e+08 2.1263e+07   113%  71.5  169s
H 1640  1667                    -1.53109e+08 2.1263e+07   114%  71.2  169s
H 1650  1667                    -1.44193e+08 2.1263e+07   115%  70.9  169s
H 1656  1667                    -1.23601e+08 2.1263e+07   117%  70.8  169s
  1666  1886 2.1257e+07   34  561 -1.236e+08 2.1263e+07   117%  70.6  171s
  2505  2708 2.1256e+07   43  543 -1.236e+08 2.1263e+07   117%  63.0  175s
H 2846  2982                    -1.06658e+08 2.1263e+07   120%  60.2  179s
H 2859  2982                    -9.85581e+07 2.1263e+07   122%  60.2  179s
H 2882  2982                    -9.00114e+07 2.1263e+07   124%  60.0  179s
Created node file directory '/scratch-local/lbeemster.22531178/gurobi_stress_vol4.0_0.0_demand_run2/grbnodes0'
  2981  3199 2.1255e+07   54  530 -9.001e+07 2.1263e+07   124%  59.7  181s
  3198  3409 2.1255e+07   57  532 -9.001e+07 2.1263e+07   124%  59.5  187s
  3668  3956 2.1255e+07   64  517 -9.001e+07 2.1263e+07   124%  58.0  190s
H 4245  4367                    -9.00107e+07 2.1263e+07   124%  56.4  194s
H 4253  4351                    -3.61317e+07 2.1263e+07   159%  56.4  194s
  4368  4582 2.1255e+07   75  513 -3.613e+07 2.1263e+07   159%  57.0  197s
  4632  4902 2.1252e+07   80  514 -3.613e+07 2.1263e+07   159%  58.8  200s
  5151  5421 2.1249e+07   84  501 -3.613e+07 2.1263e+07   159%  60.6  205s
  6111  6374 2.1248e+07  101  476 -3.613e+07 2.1263e+07   159%  58.9  212s
  6428  6817 2.1248e+07  105  470 -3.613e+07 2.1263e+07   159%  58.6  215s
  7829  8306 2.1244e+07  132  439 -3.613e+07 2.1263e+07   159%  55.3  225s
  8880  9400 2.1244e+07  151  426 -3.613e+07 2.1263e+07   159%  53.7  230s
 10076 10609 2.1243e+07  170  407 -3.613e+07 2.1263e+07   159%  51.9  238s
 10681 11282 2.1238e+07  180  381 -3.613e+07 2.1263e+07   159%  51.6  241s
 12019 12232 2.1237e+07  202  373 -3.613e+07 2.1263e+07   159%  50.5  253s
 12310 12886 2.1237e+07  207  367 -3.613e+07 2.1263e+07   159%  50.1  257s
 12976 13616 2.1235e+07  218  360 -3.613e+07 2.1263e+07   159%  49.5  260s
 13706 14364 2.1235e+07  227  360 -3.613e+07 2.1263e+07   159%  48.8  265s
 14458 14988 2.1234e+07  234  361 -3.613e+07 2.1263e+07   159%  48.3  273s
 15090 15872 2.1232e+07  242  357 -3.613e+07 2.1263e+07   159%  47.6  277s
 15980 16797 2.1229e+07  253  342 -3.613e+07 2.1263e+07   159%  46.3  281s
 16913 17738 2.1231e+07  271  328 -3.613e+07 2.1263e+07   159%  45.2  289s
H17870 17121                    -3.23813e+07 2.1263e+07   166%  44.2  318s
H17870 17121                    -3.23514e+07 2.1263e+07   166%  44.2  322s
H17870 16956                    -2.44562e+07 2.1263e+07   187%  44.2  323s
H17870 16784                    -1.20435e+07 2.1263e+07   277%  44.2  324s
H17870 15046                    -1440809.615 2.1263e+07  1576%  44.2  325s
H17870 14608                    4467031.3952 2.1263e+07   376%  44.2  325s
H17870 14143                    1.236317e+07 2.1263e+07  72.0%  44.2  326s
 17871 14064 2.1262e+07   10  575 1.2363e+07 2.1263e+07  72.0%  44.2  349s
H17872 13361                    1.236792e+07 2.1263e+07  71.9%  44.2  420s
H17872 12693                    1.236923e+07 2.1263e+07  71.9%  44.2  420s
H17872 12058                    1.236980e+07 2.1263e+07  71.9%  44.2  420s
H17872 11456                    1.237226e+07 2.1263e+07  71.9%  44.2  420s
H17872 10883                    1.237312e+07 2.1263e+07  71.8%  44.2  420s
 17873 10883 2.1247e+07   87  441 1.2373e+07 2.1263e+07  71.8%  44.2  430s
H17873 10339                    1.389365e+07 2.1263e+07  53.0%  44.2  436s
 17876 10341 2.1250e+07    7  387 1.3894e+07 2.1250e+07  53.0%  44.2  440s
 17884 10347 2.1250e+07   60  389 1.3894e+07 2.1250e+07  52.9%  44.2  483s
 17885 10347 2.1248e+07  101  339 1.3894e+07 2.1249e+07  52.9%  44.2  485s
H17888  9831                    2.118309e+07 2.1249e+07  0.31%  44.2  652s
H17888  9339                    2.118536e+07 2.1249e+07  0.30%  44.2  652s
H17888  8872                    2.118978e+07 2.1249e+07  0.28%  44.2  652s
H17888  8428                    2.119489e+07 2.1249e+07  0.26%  44.2  652s
H17888  8006                    2.119569e+07 2.1249e+07  0.25%  44.2  652s
H17888  7605                    2.119592e+07 2.1249e+07  0.25%  44.2  652s
H17888  7225                    2.119612e+07 2.1249e+07  0.25%  44.2  652s
H17888  6863                    2.119626e+07 2.1249e+07  0.25%  44.2  652s
H17888  6520                    2.119635e+07 2.1249e+07  0.25%  44.2  652s

Cutting planes:
  Gomory: 30
  Cover: 6
  Implied bound: 785
  MIR: 672
  Flow cover: 941
  RLT: 8
  Relax-and-lift: 476

Explored 17888 nodes (949794 simplex iterations) in 652.59 seconds (728.85 work units)
Thread count was 48 (of 192 available processors)

Solution count 10: 2.11963e+07 2.11963e+07 2.11963e+07 ... 2.11831e+07

Optimal solution found (tolerance 2.00e-02)
Best objective 2.119634619673e+07, best bound 2.124907284188e+07, gap 0.2488%
Deleted nodefile directory: /scratch-local/lbeemster.22531178/gurobi_stress_vol4.0_0.0_demand_run2
Saved model snapshot to study_case_model/figures/volatility_stress/vol4.0_0.0_demand/sub70.0/run2/model_snapshot.pkl
  Objective: 21196346.20
  Avg H2 production: 2.340881594409649
  Scenario obj std: 912884.537649765
  CVaR 5%: 19390661.676793456
  Worst scenario: 19147706.213539854

============================================================
Volatility multiplier: 8.0x
============================================================
Read LP format model from file /scratch-local/lbeemster.22531178/tmpbwzu97sg.pyomo.lp
Reading time = 1.11 seconds
x1: 178177 rows, 50626 columns, 1021376 nonzeros
Set parameter OutputFlag to value 1
Set parameter MIPGap to value 0.02
Set parameter Threads to value 48
Set parameter Presolve to value 1
Set parameter Cuts to value 1
Set parameter NodefileStart to value 1
Set parameter NodefileDir to value "/scratch-local/lbeemster.22531178/gurobi_stress_vol8.0_0.0_demand_run2"
Set parameter MemLimit to value 60
Gurobi Optimizer version 12.0.3 build v12.0.3rc0 (linux64 - "Red Hat Enterprise Linux 9.6 (Plow)")

CPU model: AMD EPYC 9654 96-Core Processor, instruction set [SSE2|AVX|AVX2|AVX512]
Thread count: 192 physical cores, 192 logical processors, using up to 48 threads

Non-default parameters:
MemLimit  60
MIPGap  0.02
NodefileStart  1
Cuts  1
Presolve  1
Threads  48

Academic license 2514514 - for non-commercial use only - registered to l.___@student.vu.nl
Optimize a model with 178177 rows, 50626 columns and 1021376 nonzeros
Model fingerprint: 0x2925b98b
Variable types: 40002 continuous, 10624 integer (10624 binary)
Coefficient statistics:
  Matrix range     [1e-06, 1e+05]
  Objective range  [2e+00, 3e+04]
  Bounds range     [1e+00, 1e+00]
  RHS range        [3e-01, 3e+05]
Presolve removed 34049 rows and 14166 columns
Presolve time: 1.81s
Presolved: 144128 rows, 36460 columns, 945973 nonzeros
Variable types: 28012 continuous, 8448 integer (8448 binary)
Found heuristic solution: objective -1.99600e+09

Deterministic concurrent LP optimizer: primal simplex, dual simplex, and barrier
Showing barrier log only...

Root barrier log...

Ordering time: 2.39s

Barrier statistics:
 AA' NZ     : 1.286e+07
 Factor NZ  : 1.434e+07 (roughly 200 MB of memory)
 Factor Ops : 2.150e+09 (less than 1 second per iteration)
 Threads    : 46

                  Objective                Residual
Iter       Primal          Dual         Primal    Dual     Compl     Time
   0  -3.00741225e+12  1.66203734e+14  3.09e+05 3.67e+04  1.75e+10     7s
   1  -1.87912907e+12  1.04787344e+14  1.75e+05 2.84e+05  7.64e+09     7s
   2  -5.42449542e+11  6.97207847e+13  4.78e+04 1.10e+04  2.11e+09     7s
   3  -4.46902528e+10  1.98124380e+13  3.20e+03 1.38e+01  2.01e+08     7s
   4  -1.45171892e+10  5.15338204e+12  5.61e+02 3.73e-07  4.00e+07     7s
   5  -9.58828316e+09  1.51568580e+12  1.61e+02 9.85e-08  1.07e+07     7s
   6  -4.85480026e+09  6.59958281e+11  5.03e+01 4.00e-08  4.07e+06     8s
   7  -2.35380713e+09  4.45961439e+11  3.59e+01 3.40e-08  2.73e+06     8s
   8  -1.29088194e+09  2.09497226e+11  1.90e+01 1.42e-08  1.28e+06     8s

Barrier performed 8 iterations in 7.71 seconds (5.44 work units)
Barrier solve interrupted - model solved by another algorithm

Concurrent spin time: 2.11s (can be avoided by choosing Method=3)

Solved with primal simplex

Root relaxation: objective 2.182533e+07, 42401 iterations, 4.38 seconds (2.51 work units)

    Nodes    |    Current Node    |     Objective Bounds      |     Work
 Expl Unexpl |  Obj  Depth IntInf | Incumbent    BestBd   Gap | It/Node Time

     0     0 2.1825e+07    0  641 -1.996e+09 2.1825e+07   101%     -    8s
     0     0 2.1594e+07    0  677 -1.996e+09 2.1594e+07   101%     -   15s
H    0     0                    -1.67726e+09 2.1594e+07   101%     -   16s
     0     0 2.1592e+07    0  735 -1.677e+09 2.1592e+07   101%     -   16s
     0     0 2.1592e+07    0  750 -1.677e+09 2.1592e+07   101%     -   17s
     0     0 2.1551e+07    0  677 -1.677e+09 2.1551e+07   101%     -   20s
H    0     0                    -1.26954e+09 2.1550e+07   102%     -   21s
     0     0 2.1550e+07    0  710 -1.270e+09 2.1550e+07   102%     -   21s
     0     0 2.1550e+07    0  733 -1.270e+09 2.1550e+07   102%     -   22s
     0     0 2.1520e+07    0  717 -1.270e+09 2.1520e+07   102%     -   26s
H    0     0                    -1.26041e+09 2.1520e+07   102%     -   27s
     0     0 2.1514e+07    0  751 -1.260e+09 2.1514e+07   102%     -   27s
     0     0 2.1513e+07    0  773 -1.260e+09 2.1513e+07   102%     -   28s
     0     0 2.1513e+07    0  782 -1.260e+09 2.1513e+07   102%     -   28s
     0     0 2.1513e+07    0  784 -1.260e+09 2.1513e+07   102%     -   28s
     0     0 2.1513e+07    0  785 -1.260e+09 2.1513e+07   102%     -   29s
     0     0 2.1482e+07    0  707 -1.260e+09 2.1482e+07   102%     -   33s
H    0     0                    -9.85158e+08 2.1482e+07   102%     -   35s
     0     0 2.1478e+07    0  726 -9.852e+08 2.1478e+07   102%     -   35s
     0     0 2.1478e+07    0  755 -9.852e+08 2.1478e+07   102%     -   35s
     0     0 2.1478e+07    0  758 -9.852e+08 2.1478e+07   102%     -   36s
     0     0 2.1458e+07    0  614 -9.852e+08 2.1458e+07   102%     -   40s
H    0     0                    -9.43495e+08 2.1458e+07   102%     -   41s
     0     0 2.1458e+07    0  642 -9.435e+08 2.1458e+07   102%     -   42s
     0     0 2.1457e+07    0  650 -9.435e+08 2.1457e+07   102%     -   42s
     0     0 2.1457e+07    0  664 -9.435e+08 2.1457e+07   102%     -   42s
     0     0 2.1450e+07    0  631 -9.435e+08 2.1450e+07   102%     -   45s
     0     0 2.1449e+07    0  645 -9.435e+08 2.1449e+07   102%     -   45s
     0     0 2.1449e+07    0  668 -9.435e+08 2.1449e+07   102%     -   46s
     0     0 2.1446e+07    0  638 -9.435e+08 2.1446e+07   102%     -   49s
H    0     0                    -7.74429e+08 2.1446e+07   103%     -   50s
     0     0 2.1446e+07    0  643 -7.744e+08 2.1446e+07   103%     -   50s
     0     0 2.1442e+07    0  653 -7.744e+08 2.1442e+07   103%     -   53s
     0     0 2.1442e+07    0  637 -7.744e+08 2.1442e+07   103%     -   54s
     0     0 2.1440e+07    0  609 -7.744e+08 2.1440e+07   103%     -   54s
     0     0 2.1440e+07    0  620 -7.744e+08 2.1440e+07   103%     -   56s
     0     0 2.1440e+07    0  602 -7.744e+08 2.1440e+07   103%     -   58s
H    0     0                    -7.57561e+08 2.1440e+07   103%     -   60s
     0     0 2.1440e+07    0  599 -7.576e+08 2.1440e+07   103%     -   60s
     0     0 2.1440e+07    0  578 -7.576e+08 2.1440e+07   103%     -   60s
     0     0 2.1440e+07    0  571 -7.576e+08 2.1440e+07   103%     -   67s
H    0     0                    -7.56292e+08 2.1440e+07   103%     -   68s
H    0     0                    -7.41090e+08 2.1440e+07   103%     -   73s
H    0     0                    -6.28140e+08 2.1440e+07   103%     -   80s
H    0     0                    -3.84841e+08 2.1440e+07   106%     -   92s
H    0     0                    -3.84841e+08 2.1440e+07   106%     -   96s
H    0     0                    -3.84841e+08 2.1440e+07   106%     -   96s
H    0     0                    -3.84841e+08 2.1440e+07   106%     -   96s
     0     2 2.1440e+07    0  569 -3.848e+08 2.1440e+07   106%     -  100s
    99   112 2.1438e+07    6  593 -3.848e+08 2.1439e+07   106%   415  105s
H  171   202                    -3.77424e+08 2.1439e+07   106%   285  106s
   322   376 2.1438e+07    9  603 -3.774e+08 2.1439e+07   106%   198  110s
   828   922 2.1437e+07   17  584 -3.774e+08 2.1439e+07   106%   116  116s
H  876   922                    -3.31906e+08 2.1439e+07   106%   113  116s
  1318  1792 2.1436e+07   21  581 -3.319e+08 2.1439e+07   106%  96.3  122s
  1791  1840 2.1436e+07   28  577 -3.319e+08 2.1439e+07   106%  85.8  127s
  1839  2282 2.1436e+07   29  577 -3.319e+08 2.1439e+07   106%  84.9  130s
H 2287  2536                    -3.31851e+08 2.1439e+07   106%  80.7  134s
H 2508  2536                    -3.28544e+08 2.1439e+07   107%  78.4  134s
  2535  3065 2.1435e+07   39  556 -3.285e+08 2.1439e+07   107%  78.0  137s
  3064  3599 2.1432e+07   50  540 -3.285e+08 2.1439e+07   107%  73.2  140s
H 3731  4018                    -3.28430e+08 2.1439e+07   107%  69.7  143s
H 3833  4018                    -3.26719e+08 2.1439e+07   107%  69.2  143s
  4017  4538 2.1428e+07   62  527 -3.267e+08 2.1439e+07   107%  67.7  146s
  4537  4853 2.1427e+07   74  520 -3.267e+08 2.1439e+07   107%  65.5  150s
  4852  4901 2.1427e+07   80  497 -3.267e+08 2.1439e+07   107%  64.1  159s
H 4866  4901                    -3.10838e+08 2.1439e+07   107%  64.1  159s
H 4868  4901                    -3.02510e+08 2.1439e+07   107%  64.1  159s
H 4878  4901                    -2.95113e+08 2.1439e+07   107%  64.0  159s
  4900  4949 2.1427e+07   80  493 -2.951e+08 2.1439e+07   107%  64.0  162s
  4948  4997 2.1425e+07   81  492 -2.951e+08 2.1439e+07   107%  64.1  176s
  4996  5045 2.1425e+07   82  494 -2.951e+08 2.1439e+07   107%  64.2  186s
  5044  5093 2.1425e+07   83  491 -2.951e+08 2.1439e+07   107%  64.1  194s
H 5092  5141                    -2.91689e+08 2.1439e+07   107%  64.1  215s
H 5095  5141                    -2.81516e+08 2.1439e+07   108%  64.1  215s
H 5099  5141                    -2.77174e+08 2.1439e+07   108%  64.1  215s
H 5109  5139                    -2.28483e+08 2.1439e+07   109%  64.2  215s
H 5134  5139                    -2.25794e+08 2.1439e+07   109%  64.0  215s
  5677  6249 2.1420e+07   96  474 -2.258e+08 2.1439e+07   109%  62.0  220s
H 6262  6545                    -1.50121e+08 2.1439e+07   114%  60.0  224s
H 6463  6545                    -1.49106e+08 2.1439e+07   114%  60.2  224s
H 6493  6537                    -1.28932e+08 2.1439e+07   117%  60.1  224s
H 6520  6203                    -3.55914e+07 2.1439e+07   160%  60.1  224s
  6546  6609 2.1421e+07  117  434 -3.559e+07 2.1439e+07   160%  60.1  226s
  7616  7374 -1.010e+07  131  398 -3.559e+07 2.1439e+07   160%  59.3  232s
H 7680  7374                    -3.55830e+07 2.1439e+07   160%  59.2  232s
H 7722  7374                    -3.55791e+07 2.1439e+07   160%  59.1  232s
H 7775  7374                    -3.55790e+07 2.1439e+07   160%  59.0  232s
  8414  8521 2.1419e+07  140  381 -3.558e+07 2.1439e+07   160%  57.3  236s
  9440  9616 2.1419e+07  151  374 -3.558e+07 2.1439e+07   160%  55.0  242s
 10086 10216 2.1418e+07  163  375 -3.558e+07 2.1439e+07   160%  53.5  246s
 11437 11612 2.1416e+07  187  357 -3.558e+07 2.1439e+07   160%  50.7  251s
Created node file directory '/scratch-local/lbeemster.22531178/gurobi_stress_vol8.0_0.0_demand_run2/grbnodes0'
 12837 13155 2.1410e+07  215  330 -3.558e+07 2.1439e+07   160%  48.8  258s
 13673 13801 2.1415e+07  232  331 -3.558e+07 2.1439e+07   160%  47.9  273s
 14338 14646 2.1414e+07  244  331 -3.558e+07 2.1439e+07   160%  47.9  277s
H14885 14636                    -3.51098e+07 2.1439e+07   161%  47.5  277s
 15192 15509 2.1413e+07  262  322 -3.511e+07 2.1439e+07   161%  47.3  288s
H16095 15454                    -3.16915e+07 2.1439e+07   168%  46.6  302s
H16141 15428                    -2.83118e+07 2.1439e+07   176%  46.6  302s
H16186 15428                    -2.82997e+07 2.1439e+07   176%  46.6  302s
H16206 15428                    -2.82844e+07 2.1439e+07   176%  46.7  302s
H16272 15428                    -2.82834e+07 2.1439e+07   176%  46.6  302s
H16316 15428                    -2.82770e+07 2.1439e+07   176%  46.5  302s
 16605 16211 2.1411e+07  277  309 -2.828e+07 2.1439e+07   176%  46.3  305s
 17528 16792 2.1409e+07  288  303 -2.828e+07 2.1439e+07   176%  46.0  311s
H18118 16792                    -2.82767e+07 2.1439e+07   176%  45.7  335s
H18118 16792                    -2.82636e+07 2.1439e+07   176%  45.7  339s
H18118 16381                    -2.34478e+07 2.1439e+07   191%  45.7  344s
H18118 15897                    -1.69643e+07 2.1439e+07   226%  45.7  349s
H18118 13177                    2996752.4729 2.1439e+07   615%  45.7  349s
 18119 13145 2.1406e+07  223  571 2996752.47 2.1439e+07   615%  45.7  430s
H18120 12488                    3000264.2629 2.1439e+07   615%  45.7  500s
 18122 12489 2.1375e+07  124  490 3000264.26 2.1439e+07   615%  45.7  508s
 18123 12490 2.1431e+07   51  429 3000264.26 2.1431e+07   614%  45.7  510s
H18123 11866                    5095337.5190 2.1423e+07   320%  45.7  511s
H18125 11273                    5624412.5580 2.1422e+07   281%  45.7  513s
H18126 10710                    9040460.0502 2.1422e+07   137%  45.7  514s
H18126 10175                    9042586.7429 2.1422e+07   137%  45.7  514s
 18128 10176 1.5389e+07   79  453 9042586.74 2.1422e+07   137%  45.7  515s
H18131  9669                    1.010029e+07 2.1422e+07   112%  45.7  537s
H18131  9185                    1.026160e+07 2.1422e+07   109%  45.7  537s
 18133  9186 2.1413e+07  116  429 1.0262e+07 2.1421e+07   109%  45.7  540s
H18136  8728                    1.082810e+07 2.1421e+07  97.8%  45.7  577s
H18136  8291                    1.083436e+07 2.1421e+07  97.7%  45.7  577s
H18136  7877                    1.177711e+07 2.1421e+07  81.9%  45.7  577s
H18137  7483                    1.457906e+07 2.1420e+07  46.9%  45.7  578s
 18138  7484 2.1403e+07  249  397 1.4579e+07 2.1420e+07  46.9%  45.7  580s
H18138  7110                    1.757371e+07 2.1420e+07  21.9%  45.7  581s
H18139  6754                    1.757544e+07 2.1420e+07  21.9%  45.7  582s
H18140  6417                    1.919443e+07 2.1420e+07  11.6%  45.7  602s
H18140  6096                    1.920017e+07 2.1420e+07  11.6%  45.7  602s
H18140  5790                    1.920284e+07 2.1420e+07  11.5%  45.7  602s
H18141  5502                    1.920369e+07 2.1419e+07  11.5%  45.7  605s
 18149  5507 2.1419e+07  102  394 1.9204e+07 2.1419e+07  11.5%  45.6  626s
H18152  5233                    2.134441e+07 2.1419e+07  0.35%  45.6  662s

Cutting planes:
  Gomory: 19
  Cover: 14
  Implied bound: 1106
  MIR: 805
  Flow cover: 909
  RLT: 4
  Relax-and-lift: 409

Explored 18152 nodes (1008986 simplex iterations) in 663.04 seconds (757.22 work units)
Thread count was 48 (of 192 available processors)

Solution count 10: 2.13444e+07 1.92037e+07 1.92028e+07 ... 1.08344e+07

Optimal solution found (tolerance 2.00e-02)
Best objective 2.134440602839e+07, best bound 2.141890435113e+07, gap 0.3490%
Deleted nodefile directory: /scratch-local/lbeemster.22531178/gurobi_stress_vol8.0_0.0_demand_run2
Saved model snapshot to study_case_model/figures/volatility_stress/vol8.0_0.0_demand/sub70.0/run2/model_snapshot.pkl
  Objective: 21344406.03
  Avg H2 production: 2.281020198695904
  Scenario obj std: 1337982.5382919821
  CVaR 5%: 19055434.540001605
  Worst scenario: 18951428.86422776

============================================================
Volatility multiplier: 16.0x
============================================================
Read LP format model from file /scratch-local/lbeemster.22531178/tmpvlci276c.pyomo.lp
Reading time = 1.70 seconds
x1: 178177 rows, 50626 columns, 1021376 nonzeros
Set parameter OutputFlag to value 1
Set parameter MIPGap to value 0.02
Set parameter Threads to value 48
Set parameter Presolve to value 1
Set parameter Cuts to value 1
Set parameter NodefileStart to value 1
Set parameter NodefileDir to value "/scratch-local/lbeemster.22531178/gurobi_stress_vol16.0_0.0_demand_run2"
Set parameter MemLimit to value 60
Gurobi Optimizer version 12.0.3 build v12.0.3rc0 (linux64 - "Red Hat Enterprise Linux 9.6 (Plow)")

CPU model: AMD EPYC 9654 96-Core Processor, instruction set [SSE2|AVX|AVX2|AVX512]
Thread count: 192 physical cores, 192 logical processors, using up to 48 threads

Non-default parameters:
MemLimit  60
MIPGap  0.02
NodefileStart  1
Cuts  1
Presolve  1
Threads  48

Academic license 2514514 - for non-commercial use only - registered to l.___@student.vu.nl
Optimize a model with 178177 rows, 50626 columns and 1021376 nonzeros
Model fingerprint: 0x4b17f178
Variable types: 40002 continuous, 10624 integer (10624 binary)
Coefficient statistics:
  Matrix range     [1e-06, 1e+05]
  Objective range  [2e+00, 3e+04]
  Bounds range     [1e+00, 1e+00]
  RHS range        [3e-01, 3e+05]
Presolve removed 34049 rows and 14166 columns
Presolve time: 1.81s
Presolved: 144128 rows, 36460 columns, 945973 nonzeros
Variable types: 28012 continuous, 8448 integer (8448 binary)
Found heuristic solution: objective -1.18659e+09

Deterministic concurrent LP optimizer: primal simplex, dual simplex, and barrier
Showing barrier log only...

Root barrier log...

Ordering time: 2.36s

Barrier statistics:
 AA' NZ     : 1.286e+07
 Factor NZ  : 1.434e+07 (roughly 200 MB of memory)
 Factor Ops : 2.150e+09 (less than 1 second per iteration)
 Threads    : 46

                  Objective                Residual
Iter       Primal          Dual         Primal    Dual     Compl     Time
   0  -3.00699878e+12  1.66197198e+14  3.09e+05 3.67e+04  1.75e+10     7s
   1  -1.87864327e+12  1.04784656e+14  1.75e+05 2.84e+05  7.64e+09     7s
   2  -5.41813377e+11  6.97161930e+13  4.79e+04 1.10e+04  2.11e+09     7s
   3  -4.44537955e+10  1.98045073e+13  3.20e+03 1.39e+01  2.01e+08     7s
   4  -1.52022389e+10  5.12630576e+12  6.11e+02 2.21e-07  4.11e+07     7s
   5  -1.01828389e+10  1.48871883e+12  1.79e+02 9.85e-08  1.10e+07     7s
   6  -5.65906937e+09  6.95806536e+11  6.03e+01 4.73e-08  4.44e+06     8s
   7  -3.29061919e+09  4.26692251e+11  4.35e+01 2.28e-08  2.75e+06     8s
   8  -1.97337565e+09  2.00686149e+11  2.65e+01 1.82e-08  1.34e+06     8s
   9  -6.00112869e+08  1.18113060e+11  9.80e+00 1.26e-08  7.02e+05     8s
  10  -3.19380857e+08  5.80603144e+10  1.77e+00 6.36e-09  3.06e+05     8s
  11  -4.29002046e+07  2.16880684e+10  2.15e-01 2.03e-08  1.08e+05     8s
  12   1.53500086e+06  7.05892055e+09  3.00e-02 1.09e-08  3.48e+04     8s
  13   9.96960004e+06  1.22047071e+09  4.52e-09 1.59e-09  5.95e+03     8s
  14   1.15806780e+07  3.73000187e+08  4.17e-09 1.86e-09  1.78e+03     8s
  15   1.30860879e+07  1.84050770e+08  2.80e-09 6.98e-10  8.40e+02     8s
  16   1.57530190e+07  1.04098521e+08  2.47e-09 6.98e-10  4.34e+02     8s
  17   1.93898105e+07  6.89071942e+07  2.56e-09 4.66e-10  2.43e+02     8s
  18   2.05042722e+07  4.18027562e+07  1.81e-09 4.66e-10  1.05e+02     8s
  19   2.09007250e+07  3.69966434e+07  1.79e-09 2.33e-10  7.91e+01     8s
  20   2.13408004e+07  3.20008966e+07  1.65e-09 4.66e-10  5.24e+01     8s
  21   2.16340282e+07  2.85698866e+07  1.76e-09 4.66e-10  3.41e+01     8s
  22   2.21202598e+07  2.56437213e+07  2.93e-09 4.66e-10  1.73e+01     8s
  23   2.23103467e+07  2.42465240e+07  4.31e-09 6.98e-10  9.51e+00     9s
  24   2.24175599e+07  2.36390094e+07  9.26e-09 2.33e-10  6.00e+00     9s

Barrier performed 24 iterations in 8.59 seconds (7.04 work units)
Barrier solve interrupted - model solved by another algorithm

Concurrent spin time: 1.05s (can be avoided by choosing Method=3)

Solved with dual simplex

Root relaxation: objective 2.271494e+07, 49984 iterations, 5.18 seconds (4.09 work units)

    Nodes    |    Current Node    |     Objective Bounds      |     Work
 Expl Unexpl |  Obj  Depth IntInf | Incumbent    BestBd   Gap | It/Node Time

     0     0 2.2715e+07    0  567 -1.187e+09 2.2715e+07   102%     -    9s
H    0     0                    -1.18636e+09 2.2715e+07   102%     -   11s
     0     0 2.2493e+07    0  685 -1.186e+09 2.2493e+07   102%     -   14s
H    0     0                    -1.06059e+09 2.2493e+07   102%     -   15s
     0     0 2.2493e+07    0  730 -1.061e+09 2.2493e+07   102%     -   16s
     0     0 2.2493e+07    0  743 -1.061e+09 2.2493e+07   102%     -   16s
     0     0 2.2413e+07    0  689 -1.061e+09 2.2413e+07   102%     -   19s
     0     0 2.2413e+07    0  690 -1.061e+09 2.2413e+07   102%     -   19s
H    0     0                    -8.68465e+08 2.2413e+07   103%     -   20s
     0     0 2.2412e+07    0  742 -8.685e+08 2.2412e+07   103%     -   20s
     0     0 2.2412e+07    0  750 -8.685e+08 2.2412e+07   103%     -   21s
     0     0 2.2412e+07    0  757 -8.685e+08 2.2412e+07   103%     -   21s
     0     0 2.2364e+07    0  681 -8.685e+08 2.2364e+07   103%     -   25s
     0     0 2.2358e+07    0  690 -8.685e+08 2.2358e+07   103%     -   27s
     0     0 2.2357e+07    0  717 -8.685e+08 2.2357e+07   103%     -   27s
     0     0 2.2357e+07    0  727 -8.685e+08 2.2357e+07   103%     -   28s
     0     0 2.2317e+07    0  674 -8.685e+08 2.2317e+07   103%     -   32s
H    0     0                    -8.29366e+08 2.2316e+07   103%     -   36s
     0     0 2.2315e+07    0  698 -8.294e+08 2.2315e+07   103%     -   36s
     0     0 2.2315e+07    0  712 -8.294e+08 2.2315e+07   103%     -   36s
     0     0 2.2315e+07    0  720 -8.294e+08 2.2315e+07   103%     -   37s
     0     0 2.2294e+07    0  541 -8.294e+08 2.2294e+07   103%     -   41s
H    0     0                    -7.16942e+08 2.2294e+07   103%     -   42s
     0     0 2.2294e+07    0  556 -7.169e+08 2.2294e+07   103%     -   42s
     0     0 2.2294e+07    0  574 -7.169e+08 2.2294e+07   103%     -   43s
     0     0 2.2294e+07    0  580 -7.169e+08 2.2294e+07   103%     -   43s
     0     0 2.2283e+07    0  529 -7.169e+08 2.2283e+07   103%     -   46s
H    0     0                    -6.57590e+08 2.2283e+07   103%     -   47s
     0     0 2.2283e+07    0  551 -6.576e+08 2.2283e+07   103%     -   48s
     0     0 2.2283e+07    0  553 -6.576e+08 2.2283e+07   103%     -   48s
     0     0 2.2278e+07    0  554 -6.576e+08 2.2278e+07   103%     -   51s
     0     0 2.2277e+07    0  564 -6.576e+08 2.2277e+07   103%     -   52s
     0     0 2.2277e+07    0  581 -6.576e+08 2.2277e+07   103%     -   52s
     0     0 2.2275e+07    0  583 -6.576e+08 2.2275e+07   103%     -   55s
     0     0 2.2275e+07    0  576 -6.576e+08 2.2275e+07   103%     -   56s
     0     0 2.2275e+07    0  584 -6.576e+08 2.2275e+07   103%     -   57s
     0     0 2.2272e+07    0  559 -6.576e+08 2.2272e+07   103%     -   59s
     0     0 2.2272e+07    0  566 -6.576e+08 2.2272e+07   103%     -   60s
     0     0 2.2271e+07    0  561 -6.576e+08 2.2271e+07   103%     -   61s
     0     0 2.2271e+07    0  570 -6.576e+08 2.2271e+07   103%     -   61s
     0     0 2.2270e+07    0  555 -6.576e+08 2.2270e+07   103%     -   64s
H    0     0                    -6.32379e+08 2.2270e+07   104%     -   65s
     0     0 2.2270e+07    0  559 -6.324e+08 2.2270e+07   104%     -   66s
     0     0 2.2270e+07    0  559 -6.324e+08 2.2270e+07   104%     -   66s
     0     0 2.2269e+07    0  552 -6.324e+08 2.2269e+07   104%     -   66s
     0     0 2.2269e+07    0  548 -6.324e+08 2.2269e+07   104%     -   67s
     0     0 2.2269e+07    0  544 -6.324e+08 2.2269e+07   104%     -   74s
H    0     0                    -5.23472e+08 2.2269e+07   104%     -   77s
H    0     0                    -5.18001e+08 2.2269e+07   104%     -   79s
H    0     0                    -5.11433e+08 2.2269e+07   104%     -   86s
H    0     0                    -4.86895e+08 2.2269e+07   105%     -   89s
H    0     0                    -4.86000e+08 2.2269e+07   105%     -   91s
H    0     0                    -4.83574e+08 2.2269e+07   105%     -   91s
H    0     0                    -4.56310e+08 2.2269e+07   105%     -   94s
H    0     0                    -4.36551e+08 2.2269e+07   105%     -   96s
H    0     0                    -4.36551e+08 2.2269e+07   105%     -  102s
H    0     0                    -4.31065e+08 2.2269e+07   105%     -  102s
     0     2 2.2269e+07    0  541 -4.311e+08 2.2269e+07   105%     -  106s
    31    64 2.2258e+07    5  559 -4.311e+08 2.2265e+07   105%   127  110s
H   38    64                    -4.31065e+08 2.2265e+07   105%   109  110s
   390   441 2.2246e+07   10  555 -4.311e+08 2.2265e+07   105%  79.8  115s
   902  1001 2.2240e+07   14  557 -4.311e+08 2.2265e+07   105%  67.9  120s
  1545  1594 2.2230e+07   21  552 -4.311e+08 2.2265e+07   105%  61.8  128s
  1593  1642 2.2230e+07   22  550 -4.311e+08 2.2265e+07   105%  61.5  140s
  1641  1691 2.2230e+07   23  550 -4.311e+08 2.2265e+07   105%  61.4  148s
  1690  1739 2.2230e+07   24  550 -4.311e+08 2.2265e+07   105%  60.9  161s
H 1691  1739                    -4.27006e+08 2.2265e+07   105%  60.9  161s
H 1694  1739                    -3.92240e+08 2.2265e+07   106%  60.9  161s
H 1696  1739                    -3.83676e+08 2.2265e+07   106%  60.9  161s
H 1716  1739                    -3.32313e+08 2.2265e+07   107%  60.7  161s
H 1908  1944                    -3.32313e+08 2.2265e+07   107%  60.6  163s
H 1918  1944                    -3.32313e+08 2.2265e+07   107%  60.5  163s
H 1920  1944                    -3.16201e+08 2.2265e+07   107%  60.6  163s
  2109  2272 2.2229e+07   33  546 -3.162e+08 2.2265e+07   107%  59.9  165s
  2495  2589 2.2227e+07   42  549 -3.162e+08 2.2265e+07   107%  59.5  170s
H 2503  2589                    -3.16135e+08 2.2265e+07   107%  59.4  170s
H 2545  2589                    -2.98256e+08 2.2265e+07   107%  59.3  170s
H 2548  2589                    -2.87558e+08 2.2265e+07   108%  59.2  170s
Created node file directory '/scratch-local/lbeemster.22531178/gurobi_stress_vol16.0_0.0_demand_run2/grbnodes0'
  2986  3212 2.2225e+07   50  533 -2.876e+08 2.2265e+07   108%  57.9  175s
  3451  3704 2.2224e+07   55  534 -2.876e+08 2.2265e+07   108%  56.6  183s
  3703  3777 2.2223e+07   61  521 -2.876e+08 2.2265e+07   108%  55.9  186s
  3776  4006 2.2223e+07   62  525 -2.876e+08 2.2265e+07   108%  55.6  190s
  4513  4796 2.2222e+07   71  522 -2.876e+08 2.2265e+07   108%  53.9  196s
  4795  5110 2.2222e+07   75  518 -2.876e+08 2.2265e+07   108%  53.7  217s
  5111  5447 2.2221e+07   83  517 -2.876e+08 2.2265e+07   108%  53.2  224s
  5448  5693 2.2217e+07   87  504 -2.876e+08 2.2265e+07   108%  52.2  239s
H 5587  5693                    -2.87558e+08 2.2265e+07   108%  51.7  239s
H 5602  5693                    -2.87549e+08 2.2265e+07   108%  51.7  239s
H 5619  5693                    -2.84763e+08 2.2265e+07   108%  51.6  239s
  5694  6022 2.2215e+07   90  513 -2.848e+08 2.2265e+07   108%  51.2  241s
  6404  6743 2.2215e+07  105  488 -2.848e+08 2.2265e+07   108%  49.8  247s
  6744  6791 2.2214e+07  111  481 -2.848e+08 2.2265e+07   108%  49.0  253s
H 6760  6791                    -2.62078e+08 2.2265e+07   108%  49.0  253s
  6792  7115 2.2214e+07  112  482 -2.621e+08 2.2265e+07   108%  48.9  261s
H 6899  7115                    -2.41348e+08 2.2265e+07   109%  49.1  261s
  7574  8019 2.2209e+07  127  478 -2.413e+08 2.2265e+07   109%  48.5  267s
  8020  8304 2.2208e+07  135  468 -2.413e+08 2.2265e+07   109%  48.3  270s
H 8102  8304                    -2.29095e+08 2.2265e+07   110%  48.2  270s
H 8144  8304                    -2.28394e+08 2.2265e+07   110%  48.1  270s
H 8218  8304                    -2.19174e+08 2.2265e+07   110%  48.1  270s
  8821  9255 2.2207e+07  146  470 -2.192e+08 2.2265e+07   110%  47.4  292s
H 9260  9379                    -2.09456e+08 2.2265e+07   111%  46.8  296s
H 9277  9379                    -2.09315e+08 2.2265e+07   111%  46.8  296s
  9928 10534 2.2200e+07  164  442 -2.093e+08 2.2265e+07   111%  46.2  300s
 11029 11528 2.2196e+07  185  425 -2.093e+08 2.2265e+07   111%  45.3  310s
H11201 11528                    -2.08652e+08 2.2265e+07   111%  45.2  310s
 11572 12191 2.2196e+07  200  418 -2.087e+08 2.2265e+07   111%  44.8  331s
 12237 12891 2.2195e+07  215  414 -2.087e+08 2.2265e+07   111%  45.1  345s
 12941 13070 2.2193e+07  228  414 -2.087e+08 2.2265e+07   111%  45.2  358s
H13026 13068                    -2.07281e+08 2.2265e+07   111%  45.2  358s
 13120 13856 2.2193e+07  229  414 -2.073e+08 2.2265e+07   111%  45.0  361s
 13914 14717 2.2191e+07  242  404 -2.073e+08 2.2265e+07   111%  44.3  367s
 14789 15189 2.2191e+07  257  399 -2.073e+08 2.2265e+07   111%  43.2  381s
 15263 16045 2.2189e+07  270  393 -2.073e+08 2.2265e+07   111%  42.9  401s
 16119 16981 2.2186e+07  285  387 -2.073e+08 2.2265e+07   111%  42.3  417s
 17059 17823 2.2185e+07  304  372 -2.073e+08 2.2265e+07   111%  41.3  424s
H17913 17823                    -2.07281e+08 2.2265e+07   111%  40.7  448s
H17913 17787                    -2.06076e+08 2.2265e+07   111%  40.7  448s
H17913 17770                    -2.05559e+08 2.2265e+07   111%  40.7  450s
H17913 17769                    -2.04220e+08 2.2265e+07   111%  40.7  451s
H17913 17716                    -1.95228e+08 2.2265e+07   111%  40.7  451s
H17913 17716                    -1.80492e+08 2.2265e+07   112%  40.7  454s
H17913 17694                    -1.47308e+08 2.2265e+07   115%  40.7  455s
H17913 16729                    -1.22371e+08 2.2265e+07   118%  40.7  461s
H17913 16407                    -9.83837e+07 2.2265e+07   123%  40.7  465s
H17913 16086                    -8.17368e+07 2.2265e+07   127%  40.7  468s
H17913 15936                    -8.09046e+07 2.2265e+07   128%  40.7  469s
H17913 15936                    -8.04838e+07 2.2265e+07   128%  40.7  469s
 17914 15875 2.2184e+07  309  544 -8.048e+07 2.2265e+07   128%  40.7  521s
 17916 15876 9678805.42  108  517 -8.048e+07 2.2265e+07   128%  40.7  567s
 17917 15877 2.2193e+07  272  492 -8.048e+07 2.2265e+07   128%  40.7  575s
 17920 15879 2.2196e+07  219  463 -8.048e+07 2.2252e+07   128%  40.6  580s
H17923 15086                    -5.32138e+07 2.2251e+07   142%  40.6  598s
H17923 14332                    -4.99149e+07 2.2251e+07   145%  40.6  598s
H17923 13615                    -4.99138e+07 2.2251e+07   145%  40.6  598s
 17925 13616 2.2245e+07   37  461 -4.991e+07 2.2245e+07   145%  40.6  600s
 17927 13618 527169.454  249  457 -4.991e+07 2.2245e+07   145%  40.6  620s
 17930 13620 9667057.70  164  465 -4.991e+07 2.2240e+07   145%  40.6  638s
H17930 12939                    -4.99048e+07 2.2239e+07   145%  40.6  640s
H17932 12292                    -3.62286e+07 2.2239e+07   161%  40.6  652s
H17932 11678                    -2.89998e+07 2.2239e+07   177%  40.6  652s
 17935 11680 2.2238e+07   11  464 -2.900e+07 2.2238e+07   177%  40.6  668s
 17936 11681 2.2207e+07  204  461 -2.900e+07 2.2237e+07   177%  40.6  670s
 17937 11681 2.2237e+07   65  463 -2.900e+07 2.2237e+07   177%  40.6  686s
 17940 11683 2.2237e+07   42  468 -2.900e+07 2.2237e+07   177%  40.6  699s
 17941 11684 2.2237e+07    9  470 -2.900e+07 2.2237e+07   177%  40.6  701s
H17941 11099                    -2.55481e+07 2.2237e+07   187%  40.6  714s
 17943 11100 2.2119e+07  164  476 -2.555e+07 2.2236e+07   187%  40.6  715s
 17944 11101 2.2202e+07  273  480 -2.555e+07 2.2236e+07   187%  40.6  728s
 17945 11102 2.2196e+07  186  474 -2.555e+07 2.2236e+07   187%  40.6  732s
 17948 11104 9669079.34  159  477 -2.555e+07 2.2236e+07   187%  40.6  746s
H17953 10553                    -2.55428e+07 2.2236e+07   187%  46.4  801s
H17953 10025                    -2.44724e+07 2.2236e+07   191%  46.4  801s
H17953  9524                    -1.02175e+07 2.2236e+07   318%  46.4  801s
H17953  9048                    -1.02160e+07 2.2236e+07   318%  46.4  801s
H17953  8595                    -1.01850e+07 2.2236e+07   318%  46.4  801s
 17955  8596 488851.356  176  449 -1.018e+07 2.2236e+07   318%  46.3  807s
 17956  8597 2.2230e+07  190  410 -1.018e+07 2.2236e+07   318%  46.3  810s
 17962  8601 2.2236e+07   82  432 -1.018e+07 2.2236e+07   318%  46.3  815s
 17963  8601 2.2171e+07  204  435 -1.018e+07 2.2236e+07   318%  46.3  837s
 17964  8602 2.2235e+07   66  412 -1.018e+07 2.2235e+07   318%  46.3  841s
H17964  8172                    -9953979.012 2.2235e+07   323%  46.3  841s
H17964  7763                    -837663.4579 2.2235e+07  2754%  46.3  841s
H17965  7376                    5977313.5768 2.2235e+07   272%  46.3  858s
H17965  7007                    6340631.6248 2.2235e+07   251%  46.3  858s
H17965  6656                    7105483.4792 2.2235e+07   213%  46.3  858s
H17965  6323                    7717005.3258 2.2235e+07   188%  46.3  858s
H17965  6007                    8103504.1002 2.2235e+07   174%  46.3  858s
H17965  5706                    8103889.1871 2.2235e+07   174%  46.3  858s
 17967  5707 2.2195e+07  306  418 8103889.19 2.2235e+07   174%  46.3  862s
 17970  5709 2.2228e+07  146  422 8103889.19 2.2235e+07   174%  46.3  877s
 17971  5710 2.2234e+07   60  417 8103889.19 2.2234e+07   174%  46.3  880s
H17971  5424                    8792254.5014 2.2234e+07   153%  46.3  897s
H17971  5153                    9854682.2258 2.2234e+07   126%  46.3  897s
H17971  4895                    9865804.5061 2.2234e+07   125%  46.3  897s
H17971  4650                    9865914.8134 2.2234e+07   125%  46.3  897s
 17973  4651 2.2234e+07   16  415 9865914.81 2.2234e+07   125%  46.3  900s
H17974  4419                    1.082514e+07 2.2234e+07   105%  46.3  916s
H17974  4198                    1.083542e+07 2.2234e+07   105%  46.3  917s
H17974  3987                    1.131343e+07 2.2234e+07  96.5%  46.3  917s
H17974  3788                    1.550490e+07 2.2234e+07  43.4%  46.3  917s
H17975  3598                    1.550632e+07 2.2233e+07  43.4%  46.3  922s
H17975  3417                    1.550704e+07 2.2233e+07  43.4%  46.3  923s
H17975  3246                    1.550704e+07 2.2233e+07  43.4%  46.3  927s
H17975  3083                    1.682967e+07 2.2233e+07  32.1%  46.3  927s
H17975  2929                    1.684915e+07 2.2233e+07  32.0%  46.3  927s
H17975  2782                    1.684932e+07 2.2233e+07  32.0%  46.3  927s
H17975  2642                    1.684985e+07 2.2233e+07  31.9%  46.3  927s
H17975  2510                    1.685005e+07 2.2233e+07  31.9%  46.3  927s
H17975  2384                    1.685057e+07 2.2233e+07  31.9%  46.3  927s
H17976  2265                    1.686780e+07 2.2232e+07  31.8%  46.3  927s
H17976  2152                    1.872935e+07 2.2232e+07  18.7%  46.3  927s
H17976  2044                    2.140071e+07 2.2232e+07  3.88%  46.3  927s
H17977  1942                    2.140363e+07 2.2232e+07  3.87%  46.3  942s
H17977  1844                    2.140576e+07 2.2232e+07  3.86%  46.3  942s
H17977  1752                    2.141350e+07 2.2232e+07  3.82%  46.3  942s
 17979  1753 2.2229e+07  158  408 2.1414e+07 2.2229e+07  3.81%  46.3  946s
 17981  1754 2.1770e+07   49  408 2.1414e+07 2.2228e+07  3.80%  46.3  969s
 17982  1755 2.1414e+07  183  416 2.1414e+07 2.2228e+07  3.80%  46.3  975s
 17985  1757 2.1414e+07  233  427 2.1414e+07 2.2228e+07  3.80%  46.3  987s
 17986  1758 2.2228e+07   46  422 2.1414e+07 2.2228e+07  3.80%  46.3  991s
H17986  1669                    2.141525e+07 2.2228e+07  3.79%  46.3  991s
 17988  1670 2.2228e+07   41  428 2.1415e+07 2.2228e+07  3.79%  46.3 1012s
H17988  1586                    2.141690e+07 2.2228e+07  3.79%  46.3 1024s
H17990  1507                    2.210191e+07 2.2228e+07  0.57%  46.3 1040s
H17990  1431                    2.212605e+07 2.2228e+07  0.46%  46.3 1040s
H17990  1359                    2.213298e+07 2.2228e+07  0.43%  46.3 1040s
H17990  1290                    2.213628e+07 2.2228e+07  0.41%  46.3 1040s
H17990  1225                    2.214343e+07 2.2228e+07  0.38%  46.3 1040s
H17990  1163                    2.214355e+07 2.2228e+07  0.38%  46.3 1040s
H17990  1104                    2.214366e+07 2.2228e+07  0.38%  46.3 1040s
H17990  1048                    2.214491e+07 2.2228e+07  0.37%  46.3 1040s
H17990   995                    2.214502e+07 2.2228e+07  0.37%  46.3 1040s

Cutting planes:
  Gomory: 17
  Cover: 15
  Implied bound: 770
  MIR: 708
  StrongCG: 1
  Flow cover: 917
  RLT: 2
  Relax-and-lift: 597

Explored 17990 nodes (1029439 simplex iterations) in 1040.84 seconds (1041.23 work units)
Thread count was 48 (of 192 available processors)

Solution count 10: 2.2145e+07 2.21449e+07 2.21437e+07 ... 2.14169e+07

Optimal solution found (tolerance 2.00e-02)
Best objective 2.214501805422e+07, best bound 2.222777494473e+07, gap 0.3737%
Deleted nodefile directory: /scratch-local/lbeemster.22531178/gurobi_stress_vol16.0_0.0_demand_run2
Saved model snapshot to study_case_model/figures/volatility_stress/vol16.0_0.0_demand/sub70.0/run2/model_snapshot.pkl
  Objective: 22145018.05
  Avg H2 production: 2.1106596478820245
  Scenario obj std: 2334076.1235397765
  CVaR 5%: 18265281.746598538
  Worst scenario: 17925497.25794987

Results saved to study_case_model/figures/volatility_stress/05052026/stress_test_results_70_0.0_price_shock_st_2_.csv

================================================================================
STRESS TEST SUMMARY
================================================================================
    1.0x vol: obj= 20994938.17, loss=0.0%, H2=    2.25, CVaR5=19437481.226279106
    2.0x vol: obj= 21116722.08, loss=-0.6%, H2=    2.28, CVaR5=19568841.482831743
    4.0x vol: obj= 21196346.20, loss=-1.0%, H2=    2.34, CVaR5=19390661.676793456
    8.0x vol: obj= 21344406.03, loss=-1.7%, H2=    2.28, CVaR5=19055434.540001605
   16.0x vol: obj= 22145018.05, loss=-5.5%, H2=    2.11, CVaR5=18265281.746598538

Finished stress test!
