Gurobi shell based on Python 3.13.1 can be launched with command `gurobi.sh`
Gurobi Python Interface can be loaded in Python 3.13.1 with 'import gurobipy'
/var/spool/slurm/slurmd/job22515141/slurm_script: line 24: activate: No such file or directory
Stress test configuration:
  Volatility multipliers: [1.0, 2.0, 4.0, 8.0, 16.0]
  Shock type: demand
  Price Correlated shocks: 0.4
  Subsidy: 0.0 EUR/MWh
  Deviation allowance: 0.0

============================================================
Volatility multiplier: 1.0x
============================================================
Read LP format model from file /scratch-local/lbeemster.22515141/tmpuwsf59bi.pyomo.lp
Reading time = 0.54 seconds
x1: 178177 rows, 50626 columns, 1021376 nonzeros
Set parameter OutputFlag to value 1
Set parameter MIPGap to value 0.02
Set parameter Threads to value 48
Set parameter Presolve to value 1
Set parameter Cuts to value 1
Set parameter NodefileStart to value 1
Set parameter NodefileDir to value "/scratch-local/lbeemster.22515141/gurobi_stress_vol1.0_0.4_demand_run1"
Set parameter MemLimit to value 60
Gurobi Optimizer version 12.0.3 build v12.0.3rc0 (linux64 - "Red Hat Enterprise Linux 9.6 (Plow)")

CPU model: AMD EPYC 9654 96-Core Processor, instruction set [SSE2|AVX|AVX2|AVX512]
Thread count: 192 physical cores, 192 logical processors, using up to 48 threads

Non-default parameters:
MemLimit  60
MIPGap  0.02
NodefileStart  1
Cuts  1
Presolve  1
Threads  48

Academic license 2514514 - for non-commercial use only - registered to l.___@student.vu.nl
Optimize a model with 178177 rows, 50626 columns and 1021376 nonzeros
Model fingerprint: 0x422cf22c
Variable types: 40002 continuous, 10624 integer (10624 binary)
Coefficient statistics:
  Matrix range     [1e-06, 1e+05]
  Objective range  [2e+00, 3e+04]
  Bounds range     [1e+00, 1e+00]
  RHS range        [3e-01, 2e+05]
Presolve removed 34049 rows and 14166 columns
Presolve time: 1.65s
Presolved: 144128 rows, 36460 columns, 945973 nonzeros
Variable types: 28012 continuous, 8448 integer (8448 binary)
Found heuristic solution: objective -5.05694e+09

Deterministic concurrent LP optimizer: primal simplex, dual simplex, and barrier
Showing barrier log only...

Root barrier log...

Ordering time: 2.40s

Barrier statistics:
 AA' NZ     : 1.286e+07
 Factor NZ  : 1.434e+07 (roughly 200 MB of memory)
 Factor Ops : 2.150e+09 (less than 1 second per iteration)
 Threads    : 46

                  Objective                Residual
Iter       Primal          Dual         Primal    Dual     Compl     Time
   0  -3.00334604e+12  1.66225483e+14  3.09e+05 3.68e+04  1.75e+10     7s
   1  -1.87776796e+12  1.04793874e+14  1.75e+05 2.84e+05  7.64e+09     7s
   2  -5.43744332e+11  6.97300937e+13  4.78e+04 1.11e+04  2.11e+09     7s
   3  -4.58020018e+10  1.98219596e+13  3.19e+03 1.36e+01  2.01e+08     7s
   4  -1.40965995e+10  5.21035400e+12  4.96e+02 2.35e-07  3.85e+07     7s
   5  -8.73501041e+09  1.36310679e+12  1.05e+02 1.04e-07  8.82e+06     7s
   6  -3.33161841e+09  6.14953959e+11  4.07e+01 3.42e-08  3.67e+06     7s
   7  -1.63365383e+09  3.95952109e+11  2.24e+01 2.38e-08  2.28e+06     7s
   8  -7.22786241e+08  2.00395632e+11  9.56e+00 1.54e-08  1.11e+06     7s
   9  -1.11688479e+08  5.56771134e+10  1.06e+00 2.40e-08  2.86e+05     7s
  10  -1.19142779e+07  1.56088508e+10  1.40e-01 2.58e-08  7.76e+04     7s

Barrier performed 10 iterations in 7.22 seconds (5.51 work units)
Barrier solve interrupted - model solved by another algorithm

Concurrent spin time: 1.93s (can be avoided by choosing Method=3)

Solved with primal simplex

Root relaxation: objective 2.186188e+07, 52742 iterations, 4.39 seconds (2.79 work units)

    Nodes    |    Current Node    |     Objective Bounds      |     Work
 Expl Unexpl |  Obj  Depth IntInf | Incumbent    BestBd   Gap | It/Node Time

     0     0 2.1862e+07    0  465 -5.057e+09 2.1862e+07   100%     -    9s
H    0     0                    -1.93552e+09 2.1862e+07   101%     -   10s
H    0     0                    -1.90684e+09 2.1862e+07   101%     -   11s
H    0     0                    -1.90684e+09 2.1862e+07   101%     -   11s
     0     0 2.1831e+07    0  611 -1.907e+09 2.1831e+07   101%     -   13s
     0     0 2.1831e+07    0  648 -1.907e+09 2.1831e+07   101%     -   13s
     0     0 2.1831e+07    0  658 -1.907e+09 2.1831e+07   101%     -   13s
     0     0 2.1824e+07    0  633 -1.907e+09 2.1824e+07   101%     -   16s
H    0     0                    -1.90682e+09 2.1824e+07   101%     -   17s
     0     0 2.1824e+07    0  647 -1.907e+09 2.1824e+07   101%     -   17s
     0     0 2.1824e+07    0  653 -1.907e+09 2.1824e+07   101%     -   17s
     0     0 2.1795e+07    0  611 -1.907e+09 2.1795e+07   101%     -   20s
H    0     0                    -1.89707e+09 2.1795e+07   101%     -   22s
     0     0 2.1795e+07    0  655 -1.897e+09 2.1795e+07   101%     -   22s
     0     0 2.1795e+07    0  656 -1.897e+09 2.1795e+07   101%     -   22s
     0     0 2.1779e+07    0  580 -1.897e+09 2.1779e+07   101%     -   26s
H    0     0                    -1.60605e+09 2.1779e+07   101%     -   27s
     0     0 2.1778e+07    0  606 -1.606e+09 2.1778e+07   101%     -   28s
     0     0 2.1778e+07    0  622 -1.606e+09 2.1778e+07   101%     -   28s
     0     0 2.1778e+07    0  620 -1.606e+09 2.1778e+07   101%     -   28s
     0     0 2.1756e+07    0  572 -1.606e+09 2.1756e+07   101%     -   32s
H    0     0                    -1.43906e+09 2.1756e+07   102%     -   33s
     0     0 2.1756e+07    0  607 -1.439e+09 2.1756e+07   102%     -   34s
     0     0 2.1756e+07    0  604 -1.439e+09 2.1756e+07   102%     -   34s
     0     0 2.1756e+07    0  604 -1.439e+09 2.1756e+07   102%     -   34s
     0     0 2.1747e+07    0  573 -1.439e+09 2.1747e+07   102%     -   37s
     0     0 2.1747e+07    0  564 -1.439e+09 2.1747e+07   102%     -   40s
     0     0 2.1747e+07    0  575 -1.439e+09 2.1747e+07   102%     -   40s
     0     0 2.1738e+07    0  560 -1.439e+09 2.1738e+07   102%     -   43s
H    0     0                    -8.50590e+08 2.1738e+07   103%     -   44s
     0     0 2.1738e+07    0  582 -8.506e+08 2.1738e+07   103%     -   44s
     0     0 2.1738e+07    0  590 -8.506e+08 2.1738e+07   103%     -   44s
     0     0 2.1736e+07    0  539 -8.506e+08 2.1736e+07   103%     -   47s
     0     0 2.1736e+07    0  563 -8.506e+08 2.1736e+07   103%     -   48s
     0     0 2.1736e+07    0  562 -8.506e+08 2.1736e+07   103%     -   49s
     0     0 2.1734e+07    0  535 -8.506e+08 2.1734e+07   103%     -   51s
     0     0 2.1734e+07    0  553 -8.506e+08 2.1734e+07   103%     -   52s
     0     0 2.1734e+07    0  561 -8.506e+08 2.1734e+07   103%     -   53s
     0     0 2.1734e+07    0  506 -8.506e+08 2.1734e+07   103%     -   54s
     0     0 2.1734e+07    0  529 -8.506e+08 2.1734e+07   103%     -   54s
     0     0 2.1734e+07    0  544 -8.506e+08 2.1734e+07   103%     -   56s
     0     0 2.1734e+07    0  577 -8.506e+08 2.1734e+07   103%     -   58s
     0     0 2.1734e+07    0  573 -8.506e+08 2.1734e+07   103%     -   58s
     0     0 2.1734e+07    0  552 -8.506e+08 2.1734e+07   103%     -   64s
H    0     0                    -8.47307e+08 2.1734e+07   103%     -   76s
H    0     0                    -8.31387e+08 2.1734e+07   103%     -   76s
H    0     0                    -7.23798e+08 2.1734e+07   103%     -   80s
H    0     0                    -6.87629e+08 2.1734e+07   103%     -   85s
H    0     0                    -6.87628e+08 2.1734e+07   103%     -   86s
H    0     0                    -6.70689e+08 2.1734e+07   103%     -   87s
H    0     0                    -6.70689e+08 2.1734e+07   103%     -   90s
H    0     0                    -6.61409e+08 2.1734e+07   103%     -   92s
H    0     0                    -6.61404e+08 2.1734e+07   103%     -   92s
H    0     0                    -6.61399e+08 2.1734e+07   103%     -   92s
H    0     0                    -6.61395e+08 2.1734e+07   103%     -   92s
H    0     0                    -6.61394e+08 2.1734e+07   103%     -   92s
H    0     2                    -5.34481e+08 2.1734e+07   104%     -   99s
     0     2 2.1734e+07    0  543 -5.345e+08 2.1734e+07   104%     -   99s
     7    16 2.1732e+07    3  566 -5.345e+08 2.1734e+07   104%   281  100s
H  111   160                    -5.34413e+08 2.1733e+07   104%   103  111s
H  112   160                    -5.26713e+08 2.1733e+07   104%   103  111s
H  113   160                    -5.17138e+08 2.1733e+07   104%   103  111s
H  116   160                    -5.04355e+08 2.1733e+07   104%   102  111s
H  122   160                    -4.71786e+08 2.1732e+07   105%  99.5  111s
   439   559 2.1724e+07   13  534 -4.718e+08 2.1732e+07   105%  68.2  115s
  1006  1055 2.1724e+07   24  511 -4.718e+08 2.1732e+07   105%  58.7  121s
  1208  1298 2.1724e+07   27  509 -4.718e+08 2.1732e+07   105%  56.1  125s
H 1217  1298                    -4.26442e+08 2.1732e+07   105%  56.1  125s
H 1227  1298                    -4.26441e+08 2.1732e+07   105%  56.4  125s
H 1296  1298                    -4.26439e+08 2.1732e+07   105%  55.9  125s
  2175  2224 2.1717e+07   40  503 -4.264e+08 2.1732e+07   105%  51.8  132s
  2223  2272 2.1721e+07   41  507 -4.264e+08 2.1732e+07   105%  51.5  144s
  2271  2320 2.1721e+07   42  506 -4.264e+08 2.1732e+07   105%  51.4  152s
H 2319  2368                    -4.14353e+08 2.1732e+07   105%  51.0  164s
H 2320  2368                    -4.01222e+08 2.1732e+07   105%  51.0  164s
H 2322  2368                    -4.01214e+08 2.1732e+07   105%  50.9  164s
H 2323  2368                    -3.98146e+08 2.1732e+07   105%  50.9  164s
H 2333  2368                    -3.70076e+08 2.1732e+07   106%  50.9  164s
H 2348  2368                    -3.52808e+08 2.1732e+07   106%  50.9  164s
H 2355  2368                    -3.52803e+08 2.1732e+07   106%  51.1  164s
  2367  2548 2.1721e+07   44  505 -3.528e+08 2.1732e+07   106%  51.0  165s
Created node file directory '/scratch-local/lbeemster.22515141/gurobi_stress_vol1.0_0.4_demand_run1/grbnodes0'
  3190  3413 2.1719e+07   58  476 -3.528e+08 2.1732e+07   106%  57.4  170s
H 3434  3539                    -3.52803e+08 2.1732e+07   106%  58.3  172s
  3808  4080 2.1718e+07   70  440 -3.528e+08 2.1732e+07   106%  58.9  175s
  4222  4545 2.1713e+07   78  425 -3.528e+08 2.1732e+07   106%  58.7  180s
H 4557  4766                    -3.52803e+08 2.1732e+07   106%  57.2  182s
H 4580  4766                    -3.52803e+08 2.1732e+07   106%  57.3  182s
H 4735  4766                    -3.52802e+08 2.1732e+07   106%  56.5  182s
  5105  5498 2.1711e+07   89  407 -3.528e+08 2.1732e+07   106%  56.0  186s
  5874  6124 2.1711e+07  102  398 -3.528e+08 2.1732e+07   106%  55.5  191s
H 5894  6124                    -3.52802e+08 2.1732e+07   106%  56.0  191s
H 6077  6124                    -2.90436e+08 2.1732e+07   107%  56.0  191s
  6518  6953 2.1711e+07  113  394 -2.904e+08 2.1732e+07   107%  56.4  195s
  7448  7592 2.1711e+07  130  387 -2.904e+08 2.1732e+07   107%  55.1  200s
H 7449  7592                    -2.73356e+08 2.1732e+07   108%  55.1  200s
H 7533  7592                    -2.73355e+08 2.1732e+07   108%  55.0  200s
H 7571  7592                    -2.73353e+08 2.1732e+07   108%  54.8  200s
  8628  9145 2.1710e+07  149  388 -2.734e+08 2.1732e+07   108%  53.0  208s
  9144  9788 2.1710e+07  159  384 -2.734e+08 2.1732e+07   108%  51.6  210s
 10351 11001 2.1708e+07  176  382 -2.734e+08 2.1732e+07   108%  48.9  216s
 11688 12426 2.1707e+07  196  355 -2.734e+08 2.1732e+07   108%  46.9  222s
 12425 12493 2.1706e+07  206  358 -2.734e+08 2.1732e+07   108%  46.1  227s
H12429 12493                    -2.52645e+08 2.1732e+07   109%  46.1  227s
H12435 12493                    -2.25356e+08 2.1732e+07   110%  46.1  227s
H12482 12490                    -2.13462e+08 2.1732e+07   110%  46.0  227s
 13205 14002 2.1704e+07  220  352 -2.135e+08 2.1732e+07   110%  45.6  233s
 14012 14577 2.1704e+07  236  354 -2.135e+08 2.1732e+07   110%  44.7  237s
H14348 14577                    -1.50982e+08 2.1732e+07   114%  44.4  237s
H14557 14507                    -6.85033e+07 2.1732e+07   132%  44.2  237s
 14587 15228 2.1702e+07  252  357 -6.850e+07 2.1732e+07   132%  44.2  241s
H16316 16512                    -6.59853e+07 2.1732e+07   133%  42.6  249s
H16528 12282                    -6088290.611 2.1732e+07   457%  42.4  250s
 17143 13477 2.1701e+07  309  335 -6088290.6 2.1732e+07   457%  42.2  257s
H18061 13461                    2344679.0641 2.1732e+07   827%  41.8  265s
H18061 12861                    4290838.8940 2.1732e+07   406%  41.8  267s
H18061 12861                    4328343.1927 2.1732e+07   402%  41.8  270s
H18061 12174                    2.160691e+07 2.1732e+07  0.58%  41.8  276s

Cutting planes:
  Gomory: 4
  Implied bound: 3750
  MIR: 730
  Flow cover: 1362
  Relax-and-lift: 67

Explored 18061 nodes (842651 simplex iterations) in 289.17 seconds (339.95 work units)
Thread count was 48 (of 192 available processors)

Solution count 10: 2.16069e+07 2.16069e+07 4.32834e+06 ... -2.25356e+08

Optimal solution found (tolerance 2.00e-02)
Best objective 2.160690760673e+07, best bound 2.173247375659e+07, gap 0.5811%
Deleted nodefile directory: /scratch-local/lbeemster.22515141/gurobi_stress_vol1.0_0.4_demand_run1
Saved model snapshot to study_case_model/figures/volatility_stress/vol1.0_0.4_demand/sub0.0/run1/model_snapshot.pkl
  Objective: 21606907.61
  Avg H2 production: 0.0
  Scenario obj std: 720498.0563445212
  CVaR 5%: 20738466.212627117
  Worst scenario: 20663004.353656158

============================================================
Volatility multiplier: 2.0x
============================================================
Read LP format model from file /scratch-local/lbeemster.22515141/tmpxsstv4d2.pyomo.lp
Reading time = 0.69 seconds
x1: 178177 rows, 50626 columns, 1021376 nonzeros
Set parameter OutputFlag to value 1
Set parameter MIPGap to value 0.02
Set parameter Threads to value 48
Set parameter Presolve to value 1
Set parameter Cuts to value 1
Set parameter NodefileStart to value 1
Set parameter NodefileDir to value "/scratch-local/lbeemster.22515141/gurobi_stress_vol2.0_0.4_demand_run1"
Set parameter MemLimit to value 60
Gurobi Optimizer version 12.0.3 build v12.0.3rc0 (linux64 - "Red Hat Enterprise Linux 9.6 (Plow)")

CPU model: AMD EPYC 9654 96-Core Processor, instruction set [SSE2|AVX|AVX2|AVX512]
Thread count: 192 physical cores, 192 logical processors, using up to 48 threads

Non-default parameters:
MemLimit  60
MIPGap  0.02
NodefileStart  1
Cuts  1
Presolve  1
Threads  48

Academic license 2514514 - for non-commercial use only - registered to l.___@student.vu.nl
Optimize a model with 178177 rows, 50626 columns and 1021376 nonzeros
Model fingerprint: 0xef3dcd50
Variable types: 40002 continuous, 10624 integer (10624 binary)
Coefficient statistics:
  Matrix range     [1e-06, 1e+05]
  Objective range  [2e+00, 3e+04]
  Bounds range     [1e+00, 1e+00]
  RHS range        [3e-01, 2e+05]
Presolve removed 34049 rows and 14166 columns
Presolve time: 1.78s
Presolved: 144128 rows, 36460 columns, 945973 nonzeros
Variable types: 28012 continuous, 8448 integer (8448 binary)
Found heuristic solution: objective -5.20287e+09

Deterministic concurrent LP optimizer: primal simplex, dual simplex, and barrier
Showing barrier log only...

Root barrier log...

Ordering time: 2.37s

Barrier statistics:
 AA' NZ     : 1.286e+07
 Factor NZ  : 1.434e+07 (roughly 200 MB of memory)
 Factor Ops : 2.150e+09 (less than 1 second per iteration)
 Threads    : 46

                  Objective                Residual
Iter       Primal          Dual         Primal    Dual     Compl     Time
   0  -3.00323569e+12  1.66224387e+14  3.09e+05 3.68e+04  1.75e+10     7s
   1  -1.87766295e+12  1.04792458e+14  1.75e+05 2.84e+05  7.64e+09     7s
   2  -5.43578718e+11  6.97281608e+13  4.78e+04 1.11e+04  2.11e+09     7s
   3  -4.58489707e+10  1.98231472e+13  3.19e+03 1.37e+01  2.01e+08     7s
   4  -1.45557465e+10  5.21416694e+12  5.19e+02 1.20e-06  3.91e+07     7s
   5  -9.20235395e+09  1.40292804e+12  1.21e+02 1.86e-07  9.35e+06     7s
   6  -3.36051740e+09  5.80851891e+11  4.22e+01 7.51e-08  3.52e+06     7s
   7  -1.60442801e+09  3.64548835e+11  2.41e+01 4.94e-08  2.14e+06     7s
   8  -7.03428209e+08  1.89567480e+11  9.44e+00 2.34e-08  1.06e+06     7s
   9  -1.31908227e+08  6.69387838e+10  1.31e+00 6.90e-09  3.44e+05     7s
  10  -7.21083124e+06  1.73383739e+10  9.38e-02 4.87e-09  8.58e+04     7s

Barrier performed 10 iterations in 7.43 seconds (5.51 work units)
Barrier solve interrupted - model solved by another algorithm

Concurrent spin time: 2.07s (can be avoided by choosing Method=3)

Solved with primal simplex

Root relaxation: objective 2.191575e+07, 51552 iterations, 4.50 seconds (2.78 work units)

    Nodes    |    Current Node    |     Objective Bounds      |     Work
 Expl Unexpl |  Obj  Depth IntInf | Incumbent    BestBd   Gap | It/Node Time

     0     0 2.1916e+07    0  422 -5.203e+09 2.1916e+07   100%     -    9s
H    0     0                    -2.17935e+09 2.1916e+07   101%     -   10s
     0     0 2.1882e+07    0  632 -2.179e+09 2.1882e+07   101%     -   15s
     0     0 2.1882e+07    0  671 -2.179e+09 2.1882e+07   101%     -   16s
     0     0 2.1869e+07    0  600 -2.179e+09 2.1869e+07   101%     -   19s
     0     0 2.1867e+07    0  656 -2.179e+09 2.1867e+07   101%     -   19s
     0     0 2.1867e+07    0  694 -2.179e+09 2.1867e+07   101%     -   19s
     0     0 2.1823e+07    0  669 -2.179e+09 2.1823e+07   101%     -   22s
     0     0 2.1823e+07    0  681 -2.179e+09 2.1823e+07   101%     -   23s
     0     0 2.1823e+07    0  683 -2.179e+09 2.1823e+07   101%     -   23s
     0     0 2.1823e+07    0  689 -2.179e+09 2.1823e+07   101%     -   24s
     0     0 2.1823e+07    0  689 -2.179e+09 2.1823e+07   101%     -   24s
     0     0 2.1823e+07    0  690 -2.179e+09 2.1823e+07   101%     -   24s
     0     0 2.1779e+07    0  590 -2.179e+09 2.1779e+07   101%     -   27s
H    0     0                    -1.85631e+09 2.1779e+07   101%     -   28s
     0     0 2.1779e+07    0  588 -1.856e+09 2.1779e+07   101%     -   29s
     0     0 2.1779e+07    0  600 -1.856e+09 2.1779e+07   101%     -   29s
     0     0 2.1779e+07    0  602 -1.856e+09 2.1779e+07   101%     -   29s
     0     0 2.1754e+07    0  518 -1.856e+09 2.1754e+07   101%     -   33s
H    0     0                    -8.81537e+08 2.1753e+07   102%     -   34s
     0     0 2.1753e+07    0  546 -8.815e+08 2.1753e+07   102%     -   34s
     0     0 2.1753e+07    0  555 -8.815e+08 2.1753e+07   102%     -   35s
     0     0 2.1747e+07    0  456 -8.815e+08 2.1747e+07   102%     -   37s
     0     0 2.1747e+07    0  466 -8.815e+08 2.1747e+07   102%     -   37s
     0     0 2.1747e+07    0  480 -8.815e+08 2.1747e+07   102%     -   38s
     0     0 2.1747e+07    0  485 -8.815e+08 2.1747e+07   102%     -   38s
     0     0 2.1740e+07    0  431 -8.815e+08 2.1740e+07   102%     -   40s
H    0     0                    -7.84775e+08 2.1740e+07   103%     -   42s
     0     0 2.1740e+07    0  438 -7.848e+08 2.1740e+07   103%     -   42s
     0     0 2.1740e+07    0  438 -7.848e+08 2.1740e+07   103%     -   42s
     0     0 2.1738e+07    0  407 -7.848e+08 2.1738e+07   103%     -   44s
     0     0 2.1738e+07    0  426 -7.848e+08 2.1738e+07   103%     -   45s
     0     0 2.1737e+07    0  393 -7.848e+08 2.1737e+07   103%     -   45s
     0     0 2.1737e+07    0  399 -7.848e+08 2.1737e+07   103%     -   47s
     0     0 2.1737e+07    0  382 -7.848e+08 2.1737e+07   103%     -   49s
H    0     0                    -7.77622e+08 2.1737e+07   103%     -   50s
     0     0 2.1737e+07    0  399 -7.776e+08 2.1737e+07   103%     -   50s
     0     0 2.1737e+07    0  383 -7.776e+08 2.1737e+07   103%     -   51s
     0     0 2.1737e+07    0  391 -7.776e+08 2.1737e+07   103%     -   52s
     0     0 2.1737e+07    0  385 -7.776e+08 2.1737e+07   103%     -   54s
     0     0 2.1737e+07    0  370 -7.776e+08 2.1737e+07   103%     -   59s
H    0     0                    -7.72049e+08 2.1737e+07   103%     -   62s
H    0     0                    -7.51243e+08 2.1737e+07   103%     -   68s
H    0     0                    -7.51243e+08 2.1737e+07   103%     -   68s
H    0     0                    -2.88478e+08 2.1737e+07   108%     -   70s
H    0     0                    -9.49164e+07 2.1737e+07   123%     -   72s
H    0     0                    -8.57262e+07 2.1737e+07   125%     -   74s
H    0     0                    -3.06630e+07 2.1737e+07   171%     -   78s
H    0     0                    -3.06476e+07 2.1737e+07   171%     -   83s
H    0     2                    -3.06435e+07 2.1737e+07   171%     -   88s
     0     2 2.1737e+07    0  366 -3.064e+07 2.1737e+07   171%     -   88s
    31    64 2.1733e+07    5  397 -3.064e+07 2.1736e+07   171%   268   91s
   379   428 2.1731e+07   10  388 -3.064e+07 2.1736e+07   171%  78.7   95s
H  427   527                    -2.42691e+07 2.1736e+07   190%  72.9   96s
H  431   527                    -2.42689e+07 2.1736e+07   190%  72.5   96s
H  433   527                    -2.42663e+07 2.1736e+07   190%  72.2   96s
H  453   527                    -2.42658e+07 2.1736e+07   190%  70.2   96s
H  460   527                    -2.42509e+07 2.1736e+07   190%  69.6   96s
H  490   527                    -2.42444e+07 2.1736e+07   190%  67.1   96s
H  492   527                    -2.24478e+07 2.1736e+07   197%  66.9   96s
H  500   527                    -2.06130e+07 2.1736e+07   205%  66.3   96s
  1141  1227 2.1727e+07   23  337 -2.061e+07 2.1736e+07   205%  60.4  100s
  1587  1636 2.1727e+07   30  331 -2.061e+07 2.1736e+07   205%  60.1  106s
H 1598  1636                    -2.05427e+07 2.1736e+07   206%  60.0  106s
H 1607  1636                    -2.05201e+07 2.1736e+07   206%  59.9  106s
H 1610  1636                    -2.05008e+07 2.1736e+07   206%  59.8  106s
H 1614  1636                    -2.04973e+07 2.1736e+07   206%  59.8  106s
H 1683  1743                    -1.70080e+07 2.1736e+07   228%  59.8  120s
H 1684  1743                    -1.70038e+07 2.1736e+07   228%  59.8  120s
H 1686  1743                    -1.70008e+07 2.1736e+07   228%  59.8  120s
H 1687  1743                    -1.69983e+07 2.1736e+07   228%  59.8  120s
H 1688  1743                    -6700118.658 2.1736e+07   424%  59.9  120s
H 1716  1743                    7475364.7589 2.1736e+07   191%  59.9  120s
H 1729  1743                    7481145.2254 2.1736e+07   191%  59.8  120s
  2527  2668 2.1726e+07   46  315 7481145.23 2.1736e+07   191%  54.0  125s
H 2671  2777                    2.165195e+07 2.1736e+07  0.39%  53.5  126s
H 2678  2777                    2.165270e+07 2.1736e+07  0.39%  53.4  126s
H 2698  2777                    2.165513e+07 2.1736e+07  0.37%  53.4  126s
H 2715  2777                    2.165673e+07 2.1736e+07  0.37%  53.7  126s
H 2717  2777                    2.165790e+07 2.1736e+07  0.36%  53.7  126s

Cutting planes:
  Gomory: 3
  Implied bound: 3121
  MIR: 730
  Flow cover: 1305
  RLT: 2
  Relax-and-lift: 82

Explored 2839 nodes (234712 simplex iterations) in 126.61 seconds (147.75 work units)
Thread count was 48 (of 192 available processors)

Solution count 10: 2.16579e+07 2.16567e+07 2.16551e+07 ... -1.70008e+07

Optimal solution found (tolerance 2.00e-02)
Best objective 2.165790293594e+07, best bound 2.173622464308e+07, gap 0.3616%
Deleted nodefile directory: /scratch-local/lbeemster.22515141/gurobi_stress_vol2.0_0.4_demand_run1
Saved model snapshot to study_case_model/figures/volatility_stress/vol2.0_0.4_demand/sub0.0/run1/model_snapshot.pkl
  Objective: 21657902.94
  Avg H2 production: 0.0
  Scenario obj std: 773131.5362194491
  CVaR 5%: 20815277.80979672
  Worst scenario: 20815277.809796717

============================================================
Volatility multiplier: 4.0x
============================================================
Read LP format model from file /scratch-local/lbeemster.22515141/tmpdh0ogtbu.pyomo.lp
Reading time = 0.76 seconds
x1: 178177 rows, 50626 columns, 1021376 nonzeros
Set parameter OutputFlag to value 1
Set parameter MIPGap to value 0.02
Set parameter Threads to value 48
Set parameter Presolve to value 1
Set parameter Cuts to value 1
Set parameter NodefileStart to value 1
Set parameter NodefileDir to value "/scratch-local/lbeemster.22515141/gurobi_stress_vol4.0_0.4_demand_run1"
Set parameter MemLimit to value 60
Gurobi Optimizer version 12.0.3 build v12.0.3rc0 (linux64 - "Red Hat Enterprise Linux 9.6 (Plow)")

CPU model: AMD EPYC 9654 96-Core Processor, instruction set [SSE2|AVX|AVX2|AVX512]
Thread count: 192 physical cores, 192 logical processors, using up to 48 threads

Non-default parameters:
MemLimit  60
MIPGap  0.02
NodefileStart  1
Cuts  1
Presolve  1
Threads  48

Academic license 2514514 - for non-commercial use only - registered to l.___@student.vu.nl
Optimize a model with 178177 rows, 50626 columns and 1021376 nonzeros
Model fingerprint: 0x2cabc210
Variable types: 40002 continuous, 10624 integer (10624 binary)
Coefficient statistics:
  Matrix range     [1e-06, 1e+05]
  Objective range  [2e+00, 3e+04]
  Bounds range     [1e+00, 1e+00]
  RHS range        [3e-01, 2e+05]
Presolve removed 34049 rows and 14166 columns
Presolve time: 1.80s
Presolved: 144128 rows, 36460 columns, 945973 nonzeros
Variable types: 28012 continuous, 8448 integer (8448 binary)
Found heuristic solution: objective -5.21273e+09

Deterministic concurrent LP optimizer: primal simplex, dual simplex, and barrier
Showing barrier log only...

Root barrier log...

Ordering time: 2.44s

Barrier statistics:
 AA' NZ     : 1.286e+07
 Factor NZ  : 1.434e+07 (roughly 200 MB of memory)
 Factor Ops : 2.150e+09 (less than 1 second per iteration)
 Threads    : 46

                  Objective                Residual
Iter       Primal          Dual         Primal    Dual     Compl     Time
   0  -3.00286137e+12  1.66220468e+14  3.09e+05 3.68e+04  1.75e+10     7s
   1  -1.87728751e+12  1.04788528e+14  1.75e+05 2.84e+05  7.64e+09     7s
   2  -5.43086059e+11  6.97230421e+13  4.78e+04 1.11e+04  2.11e+09     7s
   3  -4.57642378e+10  1.98208711e+13  3.20e+03 1.38e+01  2.01e+08     7s
   4  -1.49506347e+10  5.20223656e+12  5.44e+02 2.00e-07  3.97e+07     7s
   5  -9.89464902e+09  1.39573002e+12  1.52e+02 1.12e-07  9.92e+06     7s
   6  -3.30116634e+09  6.34100629e+11  4.34e+01 6.94e-08  3.82e+06     7s
   7  -1.84908912e+09  4.18223682e+11  2.71e+01 4.89e-08  2.46e+06     7s
   8  -1.01316818e+09  2.38761749e+11  1.18e+01 2.89e-08  1.34e+06     7s
   9  -1.64950774e+08  6.25729991e+10  1.17e+00 7.04e-09  3.21e+05     8s
  10  -1.14458486e+07  1.51715724e+10  8.48e-02 2.77e-08  7.51e+04     8s

Barrier performed 10 iterations in 7.57 seconds (5.52 work units)
Barrier solve interrupted - model solved by another algorithm

Concurrent spin time: 2.14s (can be avoided by choosing Method=3)

Solved with primal simplex

Root relaxation: objective 2.202196e+07, 52834 iterations, 4.55 seconds (2.75 work units)

    Nodes    |    Current Node    |     Objective Bounds      |     Work
 Expl Unexpl |  Obj  Depth IntInf | Incumbent    BestBd   Gap | It/Node Time

     0     0 2.2022e+07    0  398 -5.213e+09 2.2022e+07   100%     -    9s
H    0     0                    -3.36306e+09 2.2022e+07   101%     -   10s
H    0     0                    -3.31135e+09 2.2022e+07   101%     -   12s
     0     0 2.1973e+07    0  604 -3.311e+09 2.1973e+07   101%     -   15s
H    0     0                    -2.78373e+09 2.1973e+07   101%     -   16s
     0     0 2.1973e+07    0  620 -2.784e+09 2.1973e+07   101%     -   16s
     0     0 2.1948e+07    0  533 -2.784e+09 2.1948e+07   101%     -   18s
     0     0 2.1948e+07    0  570 -2.784e+09 2.1948e+07   101%     -   19s
     0     0 2.1948e+07    0  598 -2.784e+09 2.1948e+07   101%     -   19s
     0     0 2.1910e+07    0  611 -2.784e+09 2.1910e+07   101%     -   22s
     0     0 2.1910e+07    0  609 -2.784e+09 2.1910e+07   101%     -   23s
     0     0 2.1910e+07    0  624 -2.784e+09 2.1910e+07   101%     -   23s
     0     0 2.1910e+07    0  643 -2.784e+09 2.1910e+07   101%     -   23s
     0     0 2.1910e+07    0  644 -2.784e+09 2.1910e+07   101%     -   23s
     0     0 2.1875e+07    0  539 -2.784e+09 2.1875e+07   101%     -   27s
H    0     0                    -2.73338e+09 2.1875e+07   101%     -   28s
     0     0 2.1875e+07    0  533 -2.733e+09 2.1875e+07   101%     -   28s
     0     0 2.1875e+07    0  556 -2.733e+09 2.1875e+07   101%     -   28s
     0     0 2.1875e+07    0  559 -2.733e+09 2.1875e+07   101%     -   28s
     0     0 2.1863e+07    0  480 -2.733e+09 2.1863e+07   101%     -   31s
H    0     0                    -9.19701e+08 2.1863e+07   102%     -   33s
     0     0 2.1863e+07    0  492 -9.197e+08 2.1863e+07   102%     -   33s
     0     0 2.1863e+07    0  507 -9.197e+08 2.1863e+07   102%     -   33s
     0     0 2.1863e+07    0  515 -9.197e+08 2.1863e+07   102%     -   33s
     0     0 2.1863e+07    0  514 -9.197e+08 2.1863e+07   102%     -   33s
     0     0 2.1855e+07    0  466 -9.197e+08 2.1855e+07   102%     -   36s
H    0     0                    -8.20152e+08 2.1855e+07   103%     -   37s
     0     0 2.1855e+07    0  491 -8.202e+08 2.1855e+07   103%     -   37s
     0     0 2.1855e+07    0  491 -8.202e+08 2.1855e+07   103%     -   37s
     0     0 2.1855e+07    0  497 -8.202e+08 2.1855e+07   103%     -   38s
     0     0 2.1851e+07    0  418 -8.202e+08 2.1851e+07   103%     -   40s
H    0     0                    -7.91377e+08 2.1851e+07   103%     -   41s
     0     0 2.1851e+07    0  433 -7.914e+08 2.1851e+07   103%     -   41s
     0     0 2.1851e+07    0  443 -7.914e+08 2.1851e+07   103%     -   41s
     0     0 2.1848e+07    0  424 -7.914e+08 2.1848e+07   103%     -   44s
H    0     0                    -7.62807e+08 2.1848e+07   103%     -   45s
     0     0 2.1848e+07    0  425 -7.628e+08 2.1848e+07   103%     -   45s
     0     0 2.1848e+07    0  427 -7.628e+08 2.1848e+07   103%     -   45s
     0     0 2.1848e+07    0  387 -7.628e+08 2.1848e+07   103%     -   46s
H    0     0                    -7.46077e+08 2.1848e+07   103%     -   47s
     0     0 2.1848e+07    0  390 -7.461e+08 2.1848e+07   103%     -   47s
     0     0 2.1847e+07    0  399 -7.461e+08 2.1847e+07   103%     -   49s
     0     0 2.1847e+07    0  379 -7.461e+08 2.1847e+07   103%     -   54s
H    0     0                    -7.45594e+08 2.1847e+07   103%     -   57s
H    0     0                    -1.12369e+08 2.1847e+07   119%     -   63s
H    0     0                    -1.05627e+08 2.1847e+07   121%     -   65s
H    0     0                    -8.55474e+07 2.1847e+07   126%     -   70s
H    0     0                    -8.55459e+07 2.1847e+07   126%     -   72s
H    0     0                    -7.59815e+07 2.1847e+07   129%     -   78s
H    0     0                    -6.76215e+07 2.1847e+07   132%     -   78s
H    0     0                    -6.76215e+07 2.1847e+07   132%     -   78s
H    0     0                    -6.71735e+07 2.1847e+07   133%     -   78s
H    0     0                    -5.88145e+07 2.1847e+07   137%     -   78s
H    0     0                    -5.87206e+07 2.1847e+07   137%     -   78s
H    0     2                    -5.32750e+07 2.1847e+07   141%     -   83s
     0     2 2.1847e+07    0  379 -5.327e+07 2.1847e+07   141%     -   83s
    31    64 2.1845e+07    5  400 -5.327e+07 2.1847e+07   141%   174   86s
   475   526 2.1843e+07   14  388 -5.327e+07 2.1847e+07   141%  71.3   91s
H  526   599                    -5.32611e+07 2.1847e+07   141%  73.2   92s
H  546   599                    -5.32583e+07 2.1847e+07   141%  72.5   92s
H  580   599                    -5.32577e+07 2.1847e+07   141%  77.1   92s
   855   978 2.1842e+07   19  369 -5.326e+07 2.1847e+07   141%  74.2   95s
  1621  1689 2.1842e+07   38  357 -5.326e+07 2.1847e+07   141%  78.8  100s
H 1692  1737                    -5.32556e+07 2.1847e+07   141%  78.7  102s
H 1698  1737                    -5.32547e+07 2.1847e+07   141%  78.9  102s
H 1716  1737                    -1.60341e+07 2.1847e+07   236%  79.6  102s
H 1719  1737                    2.162298e+07 2.1847e+07  1.03%  79.7  102s

Cutting planes:
  Gomory: 1
  Implied bound: 2937
  MIR: 527
  Flow cover: 969
  Relax-and-lift: 63

Explored 1736 nodes (221077 simplex iterations) in 103.60 seconds (120.69 work units)
Thread count was 48 (of 192 available processors)

Solution count 10: 2.17469e+07 2.1623e+07 -1.60341e+07 ... -5.87206e+07

Optimal solution found (tolerance 2.00e-02)
Best objective 2.174685357776e+07, best bound 2.184673744395e+07, gap 0.4593%
Deleted nodefile directory: /scratch-local/lbeemster.22515141/gurobi_stress_vol4.0_0.4_demand_run1
Saved model snapshot to study_case_model/figures/volatility_stress/vol4.0_0.4_demand/sub0.0/run1/model_snapshot.pkl
  Objective: 21746853.58
  Avg H2 production: -6.458963596045599e-11
  Scenario obj std: 817770.6227054939
  CVaR 5%: 20716930.84055992
  Worst scenario: 20693145.468010515

============================================================
Volatility multiplier: 8.0x
============================================================
Read LP format model from file /scratch-local/lbeemster.22515141/tmpaigbdxbr.pyomo.lp
Reading time = 0.61 seconds
x1: 178177 rows, 50626 columns, 1021376 nonzeros
Set parameter OutputFlag to value 1
Set parameter MIPGap to value 0.02
Set parameter Threads to value 48
Set parameter Presolve to value 1
Set parameter Cuts to value 1
Set parameter NodefileStart to value 1
Set parameter NodefileDir to value "/scratch-local/lbeemster.22515141/gurobi_stress_vol8.0_0.4_demand_run1"
Set parameter MemLimit to value 60
Gurobi Optimizer version 12.0.3 build v12.0.3rc0 (linux64 - "Red Hat Enterprise Linux 9.6 (Plow)")

CPU model: AMD EPYC 9654 96-Core Processor, instruction set [SSE2|AVX|AVX2|AVX512]
Thread count: 192 physical cores, 192 logical processors, using up to 48 threads

Non-default parameters:
MemLimit  60
MIPGap  0.02
NodefileStart  1
Cuts  1
Presolve  1
Threads  48

Academic license 2514514 - for non-commercial use only - registered to l.___@student.vu.nl
Optimize a model with 178177 rows, 50626 columns and 1021376 nonzeros
Model fingerprint: 0x65a823e7
Variable types: 40002 continuous, 10624 integer (10624 binary)
Coefficient statistics:
  Matrix range     [1e-06, 1e+05]
  Objective range  [2e+00, 3e+04]
  Bounds range     [1e+00, 1e+00]
  RHS range        [3e-01, 3e+05]
Presolve removed 34049 rows and 14166 columns
Presolve time: 1.71s
Presolved: 144128 rows, 36460 columns, 945973 nonzeros
Variable types: 28012 continuous, 8448 integer (8448 binary)
Found heuristic solution: objective -4.84829e+09

Deterministic concurrent LP optimizer: primal simplex, dual simplex, and barrier
Showing barrier log only...

Root barrier log...

Ordering time: 2.35s

Barrier statistics:
 AA' NZ     : 1.286e+07
 Factor NZ  : 1.434e+07 (roughly 200 MB of memory)
 Factor Ops : 2.150e+09 (less than 1 second per iteration)
 Threads    : 46

                  Objective                Residual
Iter       Primal          Dual         Primal    Dual     Compl     Time
   0  -3.00196985e+12  1.66210955e+14  3.09e+05 3.68e+04  1.75e+10     7s
   1  -1.87638275e+12  1.04780674e+14  1.75e+05 2.84e+05  7.64e+09     7s
   2  -5.42016790e+11  6.97140234e+13  4.78e+04 1.11e+04  2.11e+09     7s
   3  -4.51932349e+10  1.98135056e+13  3.20e+03 1.39e+01  2.02e+08     7s
   4  -1.47799700e+10  5.17548732e+12  5.46e+02 4.72e-07  3.97e+07     7s
   5  -9.75451290e+09  1.42550178e+12  1.41e+02 1.17e-07  9.88e+06     7s
   6  -4.82381868e+09  6.53481283e+11  6.36e+01 5.15e-08  4.25e+06     7s
   7  -1.66760573e+09  3.79081583e+11  3.78e+01 4.63e-08  2.41e+06     7s
   8  -9.57462402e+08  1.77045740e+11  1.71e+01 1.42e-08  1.09e+06     7s
   9  -2.64896170e+08  6.27906810e+10  2.75e+00 3.89e-08  3.40e+05     7s
  10  -5.04373790e+07  2.72298775e+10  4.85e-01 2.77e-08  1.38e+05     7s
  11  -6.48791089e+05  1.14295731e+10  6.47e-02 8.07e-09  5.65e+04     7s
  12   9.59961458e+06  1.31295628e+09  3.24e-09 1.09e-08  6.40e+03     7s
  13   1.10113152e+07  6.46748526e+08  2.29e-09 5.12e-09  3.12e+03     7s
  14   1.28106152e+07  1.84284979e+08  2.30e-09 1.63e-09  8.42e+02     8s
  15   1.43589193e+07  1.21482951e+08  1.97e-09 8.15e-10  5.26e+02     8s
  16   1.96613909e+07  6.93929895e+07  2.63e-09 4.66e-10  2.44e+02     8s
  17   2.02545560e+07  4.53731414e+07  2.18e-09 4.66e-10  1.23e+02     8s
  18   2.05973346e+07  3.58217149e+07  2.22e-09 4.66e-10  7.48e+01     8s
  19   2.12659542e+07  2.87853319e+07  2.18e-09 4.66e-10  3.69e+01     8s
  20   2.15604678e+07  2.70265307e+07  3.40e-09 4.66e-10  2.69e+01     8s
  21   2.19075507e+07  2.44854283e+07  2.81e-09 4.66e-10  1.27e+01     8s
  22   2.21038098e+07  2.32270761e+07  7.19e-09 4.66e-10  5.52e+00     8s
  23   2.21801720e+07  2.27866443e+07  1.76e-08 4.66e-10  2.98e+00     8s
  24   2.22346213e+07  2.26230649e+07  1.58e-08 6.98e-10  1.91e+00     8s
  25   2.22672948e+07  2.24471048e+07  2.05e-08 4.66e-10  8.83e-01     8s
  26   2.22977764e+07  2.24147614e+07  3.47e-08 4.66e-10  5.75e-01     8s
  27   2.23111790e+07  2.23842319e+07  4.42e-08 4.66e-10  3.59e-01     8s

Barrier performed 27 iterations in 8.42 seconds (7.18 work units)
Barrier solve interrupted - model solved by another algorithm

Concurrent spin time: 1.66s (can be avoided by choosing Method=3)

Solved with dual simplex

Root relaxation: objective 2.234236e+07, 53419 iterations, 5.76 seconds (4.43 work units)
Total elapsed time = 10.55s (DegenMoves)

    Nodes    |    Current Node    |     Objective Bounds      |     Work
 Expl Unexpl |  Obj  Depth IntInf | Incumbent    BestBd   Gap | It/Node Time

     0     0 2.2342e+07    0  404 -4.848e+09 2.2342e+07   100%     -   10s
H    0     0                    -3.91887e+09 2.2342e+07   101%     -   11s
H    0     0                    -3.90578e+09 2.2342e+07   101%     -   14s
     0     0 2.2274e+07    0  583 -3.906e+09 2.2274e+07   101%     -   16s
H    0     0                    -2.31090e+09 2.2274e+07   101%     -   17s
     0     0 2.2274e+07    0  613 -2.311e+09 2.2274e+07   101%     -   17s
     0     0 2.2244e+07    0  557 -2.311e+09 2.2244e+07   101%     -   20s
     0     0 2.2244e+07    0  597 -2.311e+09 2.2244e+07   101%     -   20s
     0     0 2.2244e+07    0  603 -2.311e+09 2.2244e+07   101%     -   20s
     0     0 2.2199e+07    0  556 -2.311e+09 2.2199e+07   101%     -   23s
     0     0 2.2197e+07    0  568 -2.311e+09 2.2197e+07   101%     -   24s
     0     0 2.2197e+07    0  563 -2.311e+09 2.2197e+07   101%     -   24s
     0     0 2.2197e+07    0  569 -2.311e+09 2.2197e+07   101%     -   24s
     0     0 2.2172e+07    0  491 -2.311e+09 2.2172e+07   101%     -   28s
H    0     0                    -2.28690e+09 2.2172e+07   101%     -   29s
     0     0 2.2171e+07    0  520 -2.287e+09 2.2171e+07   101%     -   29s
     0     0 2.2170e+07    0  535 -2.287e+09 2.2170e+07   101%     -   30s
     0     0 2.2170e+07    0  536 -2.287e+09 2.2170e+07   101%     -   30s
     0     0 2.2163e+07    0  477 -2.287e+09 2.2163e+07   101%     -   33s
H    0     0                    -1.02528e+09 2.2163e+07   102%     -   34s
     0     0 2.2163e+07    0  479 -1.025e+09 2.2163e+07   102%     -   35s
     0     0 2.2163e+07    0  481 -1.025e+09 2.2163e+07   102%     -   35s
     0     0 2.2159e+07    0  457 -1.025e+09 2.2159e+07   102%     -   37s
     0     0 2.2159e+07    0  472 -1.025e+09 2.2159e+07   102%     -   38s
     0     0 2.2159e+07    0  473 -1.025e+09 2.2159e+07   102%     -   38s
     0     0 2.2157e+07    0  438 -1.025e+09 2.2157e+07   102%     -   40s
H    0     0                    -3.99568e+08 2.2157e+07   106%     -   41s
     0     0 2.2157e+07    0  449 -3.996e+08 2.2157e+07   106%     -   42s
     0     0 2.2157e+07    0  464 -3.996e+08 2.2157e+07   106%     -   42s
     0     0 2.2156e+07    0  421 -3.996e+08 2.2156e+07   106%     -   44s
     0     0 2.2156e+07    0  439 -3.996e+08 2.2156e+07   106%     -   45s
     0     0 2.2156e+07    0  448 -3.996e+08 2.2156e+07   106%     -   46s
     0     0 2.2156e+07    0  425 -3.996e+08 2.2156e+07   106%     -   46s
     0     0 2.2156e+07    0  430 -3.996e+08 2.2156e+07   106%     -   47s
     0     0 2.2156e+07    0  423 -3.996e+08 2.2156e+07   106%     -   49s
     0     0 2.2156e+07    0  416 -3.996e+08 2.2156e+07   106%     -   54s
H    0     0                    -3.82453e+08 2.2156e+07   106%     -   57s
H    0     0                    -3.64410e+08 2.2156e+07   106%     -   58s
H    0     0                    -3.37947e+08 2.2156e+07   107%     -   66s
H    0     0                    -3.03830e+08 2.2156e+07   107%     -   66s
H    0     0                    -2.53254e+08 2.2156e+07   109%     -   68s
H    0     0                    -2.24139e+08 2.2156e+07   110%     -   71s
H    0     0                    -1.46621e+08 2.2156e+07   115%     -   74s
H    0     0                    -1.46621e+08 2.2156e+07   115%     -   78s
     0     2 2.2156e+07    0  411 -1.466e+08 2.2156e+07   115%     -   81s
H   68   112                    -1.46614e+08 2.2154e+07   115%   103   84s
   111   236 2.2151e+07    7  415 -1.466e+08 2.2153e+07   115%  93.2   85s
   564   613 2.2150e+07   12  391 -1.466e+08 2.2153e+07   115%  57.9   92s
H  612   662                    -1.45547e+08 2.2153e+07   115%  56.6   96s
H  644   662                    -1.40852e+08 2.2153e+07   116%  56.4   96s
H  650   662                    -1.40164e+08 2.2153e+07   116%  56.4   96s
H  659   662                    -1.35286e+08 2.2153e+07   116%  56.7   96s
   709   855 2.2149e+07   14  392 -1.353e+08 2.2153e+07   116%  56.1  100s
  1365  1475 2.2148e+07   24  358 -1.353e+08 2.2153e+07   116%  48.2  105s
H 1737  1784                    -1.35286e+08 2.2153e+07   116%  47.5  108s
  2077  2261 2.2146e+07   32  351 -1.353e+08 2.2153e+07   116%  46.8  110s
  2690  2739 2.2144e+07   46  353 -1.353e+08 2.2153e+07   116%  42.2  123s
H 2691  2739                    -1.25376e+08 2.2153e+07   118%  42.2  123s
H 2694  2739                    -1.21440e+08 2.2153e+07   118%  42.2  123s
  2955  3194 2.2144e+07   54  354 -1.214e+08 2.2153e+07   118%  41.7  125s
Created node file directory '/scratch-local/lbeemster.22515141/gurobi_stress_vol8.0_0.4_demand_run1/grbnodes0'
  3698  3854 2.2142e+07   69  349 -1.214e+08 2.2153e+07   118%  39.2  131s
H 3884  4027                    -7.83853e+07 2.2153e+07   128%  38.7  134s
H 3885  4008                    -6.50927e+07 2.2153e+07   134%  38.7  134s
H 3900  4002                    194597.52305 2.2153e+07      -  38.7  134s
  4027  4155 2.2142e+07   75  336 194597.523 2.2153e+07      -  38.5  135s
  5139  5325 2.2138e+07  100  339 194597.523 2.2153e+07      -  38.8  140s
H 6507  6429                    1.234219e+07 2.2153e+07  79.5%  36.3  146s
H 6553  6429                    1.505930e+07 2.2153e+07  47.1%  36.2  146s
  6965  7121 2.2132e+07  141  309 1.5059e+07 2.2153e+07  47.1%  36.5  150s
  8120  8274 2.2130e+07  159  284 1.5059e+07 2.2153e+07  47.1%  36.0  155s
  8913  9132 2.2127e+07  170  283 1.5059e+07 2.2153e+07  47.1%  36.0  160s
 10361 10630 2.2126e+07  195  278 1.5059e+07 2.2153e+07  47.1%  34.8  167s
 10864 10925 2.2124e+07  201  278 1.5059e+07 2.2153e+07  47.1%  34.6  171s
H11159 10972                    1.524633e+07 2.2153e+07  45.3%  34.5  175s
H11172 10972                    1.584952e+07 2.2153e+07  39.8%  34.5  175s
H11178 10959                    1.669427e+07 2.2153e+07  32.7%  34.5  175s
H11187 10959                    1.672084e+07 2.2153e+07  32.5%  34.5  175s
H11193 10959                    1.674669e+07 2.2153e+07  32.3%  34.5  175s
H11201 10942                    1.932626e+07 2.2153e+07  14.6%  34.4  175s
 11781 12015 2.2123e+07  216  263 1.9326e+07 2.2153e+07  14.6%  34.6  180s
 12439 12111 2.2120e+07  229  259 1.9326e+07 2.2153e+07  14.6%  34.1  195s
H12443 12111                    1.934281e+07 2.2153e+07  14.5%  34.1  195s
H12454 12111                    1.934539e+07 2.2153e+07  14.5%  34.1  195s
H12455 12111                    1.938710e+07 2.2153e+07  14.3%  34.1  195s
H12459 12110                    1.939169e+07 2.2153e+07  14.2%  34.1  195s
H12465 12108                    1.940203e+07 2.2153e+07  14.2%  34.1  195s
 13158 13399 2.2119e+07  246  246 1.9402e+07 2.2153e+07  14.2%  33.5  200s
H13818 13693                    1.940204e+07 2.2153e+07  14.2%  33.1  204s
H13821 13693                    1.940454e+07 2.2153e+07  14.2%  33.0  204s
H13837 13693                    1.940534e+07 2.2153e+07  14.2%  33.0  204s
 14096 14414 2.2118e+07  267  239 1.9405e+07 2.2153e+07  14.2%  33.0  207s
 14819 15140 2.2117e+07  281  231 1.9405e+07 2.2153e+07  14.2%  32.7  210s
 16287 16630 2.2116e+07  306  223 1.9405e+07 2.2153e+07  14.2%  31.9  218s
H17041 17075                    1.998531e+07 2.2153e+07  10.8%  31.2  222s
 17544 17287 2.2115e+07  333  209 1.9985e+07 2.2153e+07  10.8%  30.7  227s
H17547 17287                    1.998533e+07 2.2153e+07  10.8%  30.7  227s
H17568 17287                    2.001141e+07 2.2153e+07  10.7%  30.7  227s
H17592 17254                    2.114133e+07 2.2153e+07  4.79%  30.7  227s
H17841 16790                    2.202569e+07 2.2153e+07  0.58%  30.6  232s

Cutting planes:
  Gomory: 13
  Implied bound: 3502
  MIR: 643
  Flow cover: 1022
  Relax-and-lift: 58

Explored 17841 nodes (626288 simplex iterations) in 244.17 seconds (283.47 work units)
Thread count was 48 (of 192 available processors)

Solution count 10: 2.20257e+07 2.11413e+07 2.00114e+07 ... 1.93917e+07

Optimal solution found (tolerance 2.00e-02)
Best objective 2.202568767559e+07, best bound 2.215349123182e+07, gap 0.5802%
Deleted nodefile directory: /scratch-local/lbeemster.22515141/gurobi_stress_vol8.0_0.4_demand_run1
Saved model snapshot to study_case_model/figures/volatility_stress/vol8.0_0.4_demand/sub0.0/run1/model_snapshot.pkl
  Objective: 22025687.68
  Avg H2 production: 0.08000000000000831
  Scenario obj std: 1058935.701453772
  CVaR 5%: 20578998.216427624
  Worst scenario: 20578997.85876185

============================================================
Volatility multiplier: 16.0x
============================================================
Read LP format model from file /scratch-local/lbeemster.22515141/tmp2ut0sbn_.pyomo.lp
Reading time = 0.67 seconds
x1: 178177 rows, 50626 columns, 1021376 nonzeros
Set parameter OutputFlag to value 1
Set parameter MIPGap to value 0.02
Set parameter Threads to value 48
Set parameter Presolve to value 1
Set parameter Cuts to value 1
Set parameter NodefileStart to value 1
Set parameter NodefileDir to value "/scratch-local/lbeemster.22515141/gurobi_stress_vol16.0_0.4_demand_run1"
Set parameter MemLimit to value 60
Gurobi Optimizer version 12.0.3 build v12.0.3rc0 (linux64 - "Red Hat Enterprise Linux 9.6 (Plow)")

CPU model: AMD EPYC 9654 96-Core Processor, instruction set [SSE2|AVX|AVX2|AVX512]
Thread count: 192 physical cores, 192 logical processors, using up to 48 threads

Non-default parameters:
MemLimit  60
MIPGap  0.02
NodefileStart  1
Cuts  1
Presolve  1
Threads  48

Academic license 2514514 - for non-commercial use only - registered to l.___@student.vu.nl
Optimize a model with 178177 rows, 50626 columns and 1021376 nonzeros
Model fingerprint: 0xec112acf
Variable types: 40002 continuous, 10624 integer (10624 binary)
Coefficient statistics:
  Matrix range     [1e-06, 1e+05]
  Objective range  [2e+00, 3e+04]
  Bounds range     [1e+00, 1e+00]
  RHS range        [3e-01, 3e+05]
Presolve removed 34049 rows and 14166 columns
Presolve time: 1.70s
Presolved: 144128 rows, 36460 columns, 945973 nonzeros
Variable types: 28012 continuous, 8448 integer (8448 binary)
Found heuristic solution: objective -4.13630e+09

Deterministic concurrent LP optimizer: primal simplex, dual simplex, and barrier
Showing barrier log only...

Root barrier log...

Ordering time: 2.37s

Barrier statistics:
 AA' NZ     : 1.286e+07
 Factor NZ  : 1.434e+07 (roughly 200 MB of memory)
 Factor Ops : 2.150e+09 (less than 1 second per iteration)
 Threads    : 46

                  Objective                Residual
Iter       Primal          Dual         Primal    Dual     Compl     Time
   0  -3.00053740e+12  1.66195658e+14  3.09e+05 3.68e+04  1.75e+10     7s
   1  -1.87493631e+12  1.04769314e+14  1.75e+05 2.84e+05  7.64e+09     7s
   2  -5.40364985e+11  6.97027836e+13  4.78e+04 1.11e+04  2.11e+09     7s
   3  -4.39632758e+10  1.98040326e+13  3.21e+03 1.39e+01  2.02e+08     7s
   4  -1.38219324e+10  5.15337171e+12  5.47e+02 1.88e-07  3.96e+07     7s
   5  -8.80063457e+09  1.48235645e+12  1.34e+02 9.59e-08  1.00e+07     7s
   6  -4.32574643e+09  7.57629347e+11  5.88e+01 4.98e-08  4.72e+06     7s
   7  -1.77808133e+09  4.23036427e+11  3.70e+01 2.93e-08  2.63e+06     7s
   8  -6.54883080e+08  2.17298735e+11  1.88e+01 1.59e-08  1.32e+06     7s
   9  -1.92023991e+08  8.07070202e+10  3.70e+00 7.83e-09  4.40e+05     7s

Barrier performed 9 iterations in 7.22 seconds (5.38 work units)
Barrier solve interrupted - model solved by another algorithm

Concurrent spin time: 2.05s (can be avoided by choosing Method=3)

Solved with primal simplex

Root relaxation: objective 2.335889e+07, 52028 iterations, 4.38 seconds (2.64 work units)

    Nodes    |    Current Node    |     Objective Bounds      |     Work
 Expl Unexpl |  Obj  Depth IntInf | Incumbent    BestBd   Gap | It/Node Time

     0     0 2.3359e+07    0  406 -4.136e+09 2.3359e+07   101%     -    8s
H    0     0                    -2.69004e+09 2.3359e+07   101%     -    9s
H    0     0                    -2.56933e+09 2.3359e+07   101%     -   11s
     0     0 2.3274e+07    0  599 -2.569e+09 2.3274e+07   101%     -   14s
     0     0 2.3274e+07    0  647 -2.569e+09 2.3274e+07   101%     -   15s
     0     0 2.3274e+07    0  647 -2.569e+09 2.3274e+07   101%     -   15s
     0     0 2.3209e+07    0  575 -2.569e+09 2.3209e+07   101%     -   18s
H    0     0                    -1.70922e+09 2.3209e+07   101%     -   19s
     0     0 2.3209e+07    0  586 -1.709e+09 2.3209e+07   101%     -   19s
     0     0 2.3175e+07    0  502 -1.709e+09 2.3175e+07   101%     -   22s
     0     0 2.3175e+07    0  531 -1.709e+09 2.3175e+07   101%     -   23s
     0     0 2.3175e+07    0  530 -1.709e+09 2.3175e+07   101%     -   23s
     0     0 2.3175e+07    0  540 -1.709e+09 2.3175e+07   101%     -   23s
     0     0 2.3145e+07    0  493 -1.709e+09 2.3145e+07   101%     -   27s
     0     0 2.3144e+07    0  513 -1.709e+09 2.3144e+07   101%     -   28s
     0     0 2.3144e+07    0  512 -1.709e+09 2.3144e+07   101%     -   28s
     0     0 2.3144e+07    0  522 -1.709e+09 2.3144e+07   101%     -   29s
     0     0 2.3106e+07    0  471 -1.709e+09 2.3106e+07   101%     -   32s
     0     0 2.3106e+07    0  507 -1.709e+09 2.3106e+07   101%     -   32s
     0     0 2.3106e+07    0  501 -1.709e+09 2.3106e+07   101%     -   32s
     0     0 2.3089e+07    0  443 -1.709e+09 2.3089e+07   101%     -   35s
H    0     0                    -1.49505e+09 2.3089e+07   102%     -   36s
     0     0 2.3089e+07    0  461 -1.495e+09 2.3089e+07   102%     -   36s
     0     0 2.3089e+07    0  476 -1.495e+09 2.3089e+07   102%     -   36s
     0     0 2.3089e+07    0  448 -1.495e+09 2.3089e+07   102%     -   39s
     0     0 2.3089e+07    0  450 -1.495e+09 2.3089e+07   102%     -   40s
     0     0 2.3089e+07    0  414 -1.495e+09 2.3089e+07   102%     -   40s
     0     0 2.3089e+07    0  414 -1.495e+09 2.3089e+07   102%     -   41s
     0     0 2.3089e+07    0  422 -1.495e+09 2.3089e+07   102%     -   43s
     0     0 2.3089e+07    0  401 -1.495e+09 2.3089e+07   102%     -   48s
H    0     0                    -1.10189e+09 2.3089e+07   102%     -   51s
H    0     0                    -1.08727e+09 2.3089e+07   102%     -   53s
H    0     0                    -1.06641e+09 2.3089e+07   102%     -   56s
H    0     0                    -2.78310e+08 2.3089e+07   108%     -   62s
H    0     0                    -1.85944e+08 2.3089e+07   112%     -   63s
H    0     0                    -1.42818e+08 2.3089e+07   116%     -   66s
H    0     0                    -8.46140e+07 2.3089e+07   127%     -   72s
H    0     0                    -7.71099e+07 2.3089e+07   130%     -   76s
H    0     0                    -7.71099e+07 2.3089e+07   130%     -   77s
     0     2 2.3089e+07    0  386 -7.711e+07 2.3089e+07   130%     -   80s
   159   263 2.3082e+07    8  403 -7.711e+07 2.3089e+07   130%  97.9   85s
H  251   263                    -7.70447e+07 2.3089e+07   130%  73.5   85s
H  648   927                    -7.67553e+07 2.3089e+07   130%  42.1   90s
H  662   927                    -7.67548e+07 2.3089e+07   130%  42.0   90s
H  672   927                    -7.67540e+07 2.3089e+07   130%  41.9   90s
H  737   927                    -7.67487e+07 2.3089e+07   130%  42.5   90s
H  778   927                    -7.66276e+07 2.3089e+07   130%  42.5   90s
H  891   927                    -7.66268e+07 2.3089e+07   130%  41.8   90s
H  896   927                    -7.66251e+07 2.3089e+07   130%  41.8   90s
H 2150  2211                    -6.77439e+07 2.3089e+07   134%  31.3   99s
H 2154  2211                    -1.37497e+07 2.3089e+07   268%  31.3   99s
  2210  2769 1.5567e+07   40  338 -1.375e+07 2.3089e+07   268%  31.3  101s
H 2826  2768                    -1.29323e+07 2.3089e+07   279%  31.0  107s
H 2828  2768                    -1.27915e+07 2.3089e+07   281%  31.0  107s
H 2829  2768                    -1.27700e+07 2.3089e+07   281%  31.0  107s
H 2835  2768                    -1.17292e+07 2.3089e+07   297%  31.1  107s
H 2845  2768                    -7650011.911 2.3089e+07   402%  31.2  107s
  2874  3673 2.3081e+07   46  335 -7650011.9 2.3089e+07   402%  31.3  112s
H 3222  3667                    -2232570.691 2.3089e+07  1134%  31.0  112s
  3783  4360 2.3081e+07   66  325 -2232570.7 2.3089e+07  1134%  30.0  116s
  4499  4834 2.3080e+07   71  326 -2232570.7 2.3089e+07  1134%  28.8  121s
H 4657  4834                    -866617.2998 2.3089e+07  2764%  28.9  121s
H 4734  4317                    5598620.7942 2.3089e+07   312%  28.9  121s
  4974  4781 2.3077e+07   78  326 5598620.79 2.3089e+07   312%  28.6  127s
H 5189  4781                    5631710.3325 2.3089e+07   310%  28.5  127s
H 5213  4781                    5648629.4657 2.3089e+07   309%  28.5  127s
H 5249  4781                    5687510.2837 2.3089e+07   306%  28.4  127s
H 5261  4781                    6915722.0249 2.3089e+07   234%  28.4  127s
H 5357  4781                    7025853.9228 2.3089e+07   229%  28.4  127s
H 5381  4776                    1.013228e+07 2.3089e+07   128%  28.4  127s
  5550  5929 2.3076e+07   87  324 1.0132e+07 2.3089e+07   128%  28.3  131s
H 7808  7322                    1.301023e+07 2.3089e+07  77.5%  26.3  138s
H 7928  7322                    1.449376e+07 2.3089e+07  59.3%  26.3  138s
H 8103  6970                    2.153607e+07 2.3089e+07  7.21%  26.2  150s
H 8132  6970                    2.153659e+07 2.3089e+07  7.21%  26.3  150s
H 8138  6970                    2.154743e+07 2.3089e+07  7.15%  26.3  150s
  9137  8932 2.3067e+07  139  301 2.1547e+07 2.3089e+07  7.15%  26.9  158s
H10245  9721                    2.155016e+07 2.3089e+07  7.14%  26.5  162s
H10362  9721                    2.156212e+07 2.3089e+07  7.08%  26.6  162s
H10390  9523                    2.292952e+07 2.3089e+07  0.69%  26.6  162s

Cutting planes:
  Gomory: 1
  Implied bound: 2924
  MIR: 770
  Flow cover: 1140
  Relax-and-lift: 84

Explored 11034 nodes (374457 simplex iterations) in 162.73 seconds (190.37 work units)
Thread count was 48 (of 192 available processors)

Solution count 10: 2.29295e+07 2.29295e+07 2.15621e+07 ... 1.01323e+07

Optimal solution found (tolerance 2.00e-02)
Best objective 2.292952035670e+07, best bound 2.308868003219e+07, gap 0.6941%
Deleted nodefile directory: /scratch-local/lbeemster.22515141/gurobi_stress_vol16.0_0.4_demand_run1
Saved model snapshot to study_case_model/figures/volatility_stress/vol16.0_0.4_demand/sub0.0/run1/model_snapshot.pkl
  Objective: 22929520.36
  Avg H2 production: 0.008894937367717848
  Scenario obj std: 1732010.738940887
  CVaR 5%: 20590106.41844159
  Worst scenario: 20129884.191873696

Results saved to study_case_model/figures/volatility_stress/05052026/stress_test_results_0_0.4_price_shock_st_1_.csv

================================================================================
STRESS TEST SUMMARY
================================================================================
    1.0x vol: obj= 21606907.61, loss=0.0%, H2=    0.00, CVaR5=20738466.212627117
    2.0x vol: obj= 21657902.94, loss=-0.2%, H2=    0.00, CVaR5=20815277.80979672
    4.0x vol: obj= 21746853.58, loss=-0.6%, H2=   -0.00, CVaR5=20716930.84055992
    8.0x vol: obj= 22025687.68, loss=-1.9%, H2=    0.08, CVaR5=20578998.216427624
   16.0x vol: obj= 22929520.36, loss=-6.1%, H2=    0.01, CVaR5=20590106.41844159

Finished stress test!
