Gurobi shell based on Python 3.13.1 can be launched with command `gurobi.sh`
Gurobi Python Interface can be loaded in Python 3.13.1 with 'import gurobipy'
/var/spool/slurm/slurmd/job22531203/slurm_script: line 24: activate: No such file or directory
Stress test configuration:
  Volatility multipliers: [1.0, 2.0, 4.0, 8.0, 16.0]
  Shock type: demand
  Price Correlated shocks: 0.0
  Subsidy: 70.0 EUR/MWh
  Deviation allowance: 0.0

============================================================
Volatility multiplier: 1.0x
============================================================
Read LP format model from file /scratch-local/lbeemster.22531203/tmprdzqj6cu.pyomo.lp
Reading time = 2.17 seconds
x1: 178177 rows, 50626 columns, 1021376 nonzeros
Set parameter OutputFlag to value 1
Set parameter MIPGap to value 0.02
Set parameter Threads to value 48
Set parameter Presolve to value 1
Set parameter Cuts to value 1
Set parameter NodefileStart to value 1
Set parameter NodefileDir to value "/scratch-local/lbeemster.22531203/gurobi_stress_vol1.0_0.0_demand_run3"
Set parameter MemLimit to value 60
Gurobi Optimizer version 12.0.3 build v12.0.3rc0 (linux64 - "Red Hat Enterprise Linux 9.6 (Plow)")

CPU model: AMD EPYC 9654 96-Core Processor, instruction set [SSE2|AVX|AVX2|AVX512]
Thread count: 192 physical cores, 192 logical processors, using up to 48 threads

Non-default parameters:
MemLimit  60
MIPGap  0.02
NodefileStart  1
Cuts  1
Presolve  1
Threads  48

Academic license 2514514 - for non-commercial use only - registered to l.___@student.vu.nl
Optimize a model with 178177 rows, 50626 columns and 1021376 nonzeros
Model fingerprint: 0x09240daa
Variable types: 40002 continuous, 10624 integer (10624 binary)
Coefficient statistics:
  Matrix range     [1e-06, 1e+05]
  Objective range  [2e+00, 3e+04]
  Bounds range     [1e+00, 1e+00]
  RHS range        [3e-01, 2e+05]
Presolve removed 34049 rows and 14166 columns
Presolve time: 1.63s
Presolved: 144128 rows, 36460 columns, 945973 nonzeros
Variable types: 28012 continuous, 8448 integer (8448 binary)
Found heuristic solution: objective -4.36976e+09

Deterministic concurrent LP optimizer: primal simplex, dual simplex, and barrier
Showing barrier log only...

Root barrier log...

Ordering time: 2.40s

Barrier statistics:
 AA' NZ     : 1.286e+07
 Factor NZ  : 1.434e+07 (roughly 200 MB of memory)
 Factor Ops : 2.150e+09 (less than 1 second per iteration)
 Threads    : 46

                  Objective                Residual
Iter       Primal          Dual         Primal    Dual     Compl     Time
   0  -3.00786909e+12  1.66214158e+14  3.09e+05 3.67e+04  1.75e+10     7s
   1  -1.87987026e+12  1.04787437e+14  1.75e+05 2.84e+05  7.64e+09     7s
   2  -5.43464059e+11  6.97243256e+13  4.78e+04 1.11e+04  2.11e+09     7s
   3  -4.46432957e+10  1.98105874e+13  3.19e+03 1.35e+01  2.01e+08     7s
   4  -1.31905361e+10  5.19548778e+12  5.05e+02 2.25e-07  3.87e+07     7s
   5  -7.65175644e+09  1.32631210e+12  1.11e+02 1.10e-07  8.73e+06     7s
   6  -3.12001561e+09  5.49639572e+11  4.17e+01 5.22e-08  3.35e+06     7s
   7  -1.51694103e+09  3.47425516e+11  2.31e+01 2.15e-08  2.04e+06     7s
   8  -6.29537333e+08  1.72922213e+11  8.40e+00 1.47e-08  9.61e+05     7s
   9  -2.05886218e+08  6.48311476e+10  2.29e+00 6.59e-09  3.45e+05     8s
  10  -1.27491731e+07  2.20391206e+10  1.76e-01 4.16e-08  1.10e+05     8s
  11   6.49143592e+06  6.67050892e+09  1.90e-02 8.98e-09  3.28e+04     8s
  12   9.70868229e+06  1.31634509e+09  4.57e-09 1.82e-09  6.42e+03     8s
  13   1.10283923e+07  4.67910515e+08  2.95e-09 1.40e-09  2.24e+03     8s
  14   1.27966189e+07  1.57527668e+08  2.86e-09 6.98e-10  7.11e+02     8s
  15   1.46450343e+07  8.82505661e+07  1.89e-09 4.66e-10  3.62e+02     8s
  16   1.85165752e+07  6.88521653e+07  2.32e-09 2.33e-10  2.47e+02     8s
  17   2.04734713e+07  3.90368554e+07  2.23e-09 4.66e-10  9.12e+01     8s
  18   2.07330871e+07  3.15639963e+07  2.75e-09 4.66e-10  5.32e+01     8s
  19   2.11441929e+07  2.77551811e+07  2.75e-09 4.66e-10  3.25e+01     8s
  20   2.14086717e+07  2.57384431e+07  2.88e-09 4.66e-10  2.13e+01     8s
  21   2.16664879e+07  2.43358471e+07  2.71e-09 4.66e-10  1.31e+01     8s
  22   2.18464230e+07  2.28227101e+07  2.95e-09 4.66e-10  4.80e+00     8s

Barrier performed 22 iterations in 8.31 seconds (6.84 work units)
Barrier solve interrupted - model solved by another algorithm

Concurrent spin time: 1.20s (can be avoided by choosing Method=3)

Solved with dual simplex

Root relaxation: objective 2.209475e+07, 49144 iterations, 5.06 seconds (3.93 work units)

    Nodes    |    Current Node    |     Objective Bounds      |     Work
 Expl Unexpl |  Obj  Depth IntInf | Incumbent    BestBd   Gap | It/Node Time

     0     0 2.2095e+07    0  644 -4.370e+09 2.2095e+07   101%     -   10s
H    0     0                    -2.80004e+09 2.2095e+07   101%     -   11s
H    0     0                    -2.79167e+09 2.2095e+07   101%     -   13s
     0     0 2.1919e+07    0  635 -2.792e+09 2.1919e+07   101%     -   16s
     0     0 2.1919e+07    0  635 -2.792e+09 2.1919e+07   101%     -   16s
H    0     0                    -2.77806e+09 2.1919e+07   101%     -   17s
     0     0 2.1919e+07    0  705 -2.778e+09 2.1919e+07   101%     -   18s
     0     0 2.1889e+07    0  724 -2.778e+09 2.1889e+07   101%     -   21s
     0     0 2.1889e+07    0  729 -2.778e+09 2.1889e+07   101%     -   21s
     0     0 2.1888e+07    0  761 -2.778e+09 2.1888e+07   101%     -   21s
     0     0 2.1888e+07    0  781 -2.778e+09 2.1888e+07   101%     -   21s
     0     0 2.1857e+07    0  709 -2.778e+09 2.1857e+07   101%     -   25s
H    0     0                    -2.66001e+09 2.1857e+07   101%     -   27s
     0     0 2.1829e+07    0  745 -2.660e+09 2.1829e+07   101%     -   27s
     0     0 2.1829e+07    0  764 -2.660e+09 2.1829e+07   101%     -   27s
     0     0 2.1829e+07    0  777 -2.660e+09 2.1829e+07   101%     -   28s
     0     0 2.1767e+07    0  711 -2.660e+09 2.1767e+07   101%     -   32s
     0     0 2.1766e+07    0  724 -2.660e+09 2.1766e+07   101%     -   32s
     0     0 2.1766e+07    0  735 -2.660e+09 2.1766e+07   101%     -   32s
     0     0 2.1766e+07    0  741 -2.660e+09 2.1766e+07   101%     -   33s
     0     0 2.1742e+07    0  653 -2.660e+09 2.1742e+07   101%     -   36s
H    0     0                    -1.39727e+09 2.1742e+07   102%     -   38s
     0     0 2.1742e+07    0  690 -1.397e+09 2.1742e+07   102%     -   38s
     0     0 2.1742e+07    0  713 -1.397e+09 2.1742e+07   102%     -   38s
     0     0 2.1738e+07    0  651 -1.397e+09 2.1738e+07   102%     -   41s
     0     0 2.1738e+07    0  663 -1.397e+09 2.1738e+07   102%     -   41s
     0     0 2.1738e+07    0  685 -1.397e+09 2.1738e+07   102%     -   42s
     0     0 2.1738e+07    0  687 -1.397e+09 2.1738e+07   102%     -   42s
     0     0 2.1737e+07    0  638 -1.397e+09 2.1737e+07   102%     -   45s
H    0     0                    -1.25732e+09 2.1737e+07   102%     -   46s
     0     0 2.1737e+07    0  661 -1.257e+09 2.1737e+07   102%     -   46s
     0     0 2.1737e+07    0  658 -1.257e+09 2.1737e+07   102%     -   47s
     0     0 2.1736e+07    0  638 -1.257e+09 2.1736e+07   102%     -   49s
     0     0 2.1736e+07    0  647 -1.257e+09 2.1736e+07   102%     -   49s
     0     0 2.1736e+07    0  623 -1.257e+09 2.1736e+07   102%     -   50s
H    0     0                    -1.23873e+09 2.1736e+07   102%     -   51s
     0     0 2.1736e+07    0  649 -1.239e+09 2.1736e+07   102%     -   51s
     0     0 2.1736e+07    0  610 -1.239e+09 2.1736e+07   102%     -   52s
     0     0 2.1736e+07    0  610 -1.239e+09 2.1736e+07   102%     -   58s
H    0     0                    -1.22440e+09 2.1736e+07   102%     -   62s
H    0     0                    -1.22033e+09 2.1736e+07   102%     -   63s
H    0     0                    -1.21575e+09 2.1736e+07   102%     -   71s
H    0     0                    -1.20876e+09 2.1736e+07   102%     -   71s
H    0     0                    -1.05300e+09 2.1736e+07   102%     -   74s
H    0     0                    -8.02422e+08 2.1736e+07   103%     -   77s
H    0     0                    -7.12777e+08 2.1736e+07   103%     -   84s
H    0     0                    -6.68609e+08 2.1736e+07   103%     -   85s
H    0     0                    -6.68196e+08 2.1736e+07   103%     -   89s
H    0     0                    -6.27731e+08 2.1736e+07   103%     -   92s
     0     2 2.1736e+07    0  610 -6.277e+08 2.1736e+07   103%     -   95s
H   65   112                    -5.87176e+08 2.1736e+07   104%   167   99s
H   88   112                    -5.20381e+08 2.1736e+07   104%   139   99s
   111   236 2.1735e+07    7  635 -5.204e+08 2.1736e+07   104%   134  100s
H  538   600                    -5.09745e+08 2.1736e+07   104%  61.1  105s
H  556   600                    -5.09689e+08 2.1736e+07   104%  60.6  105s
H  559   600                    -5.09676e+08 2.1736e+07   104%  60.4  105s
H  582   600                    -5.09673e+08 2.1736e+07   104%  59.9  105s
H  585   600                    -5.09668e+08 2.1736e+07   104%  59.6  105s
   814   904 2.1733e+07   16  605 -5.097e+08 2.1736e+07   104%  55.7  111s
H  879   904                    -4.57280e+08 2.1736e+07   105%  55.6  111s
  1144  1387 2.1733e+07   21  590 -4.573e+08 2.1736e+07   105%  53.7  115s
H 1386  1435                    -4.57280e+08 2.1736e+07   105%  53.4  118s
  1680  1900 2.1731e+07   30  550 -4.573e+08 2.1736e+07   105%  53.2  121s
  2326  2508 2.1729e+07   39  529 -4.573e+08 2.1736e+07   105%  56.2  125s
H 2670  2888                    -4.54408e+08 2.1736e+07   105%  58.9  128s
Created node file directory '/scratch-local/lbeemster.22531203/gurobi_stress_vol1.0_0.0_demand_run3/grbnodes0'
  3139  3412 2.1727e+07   49  506 -4.544e+08 2.1736e+07   105%  57.9  131s
  3684  3733 2.1727e+07   57  492 -4.544e+08 2.1736e+07   105%  58.1  135s
H 3732  3781                    -4.32987e+08 2.1736e+07   105%  58.2  148s
H 3734  3781                    -4.11832e+08 2.1736e+07   105%  58.1  148s
  4013  4313 2.1727e+07   63  478 -4.118e+08 2.1736e+07   105%  57.5  151s
  4979  5028 2.1726e+07   81  464 -4.118e+08 2.1736e+07   105%  56.3  157s
H 4992  5028                    -1.65382e+08 2.1736e+07   113%  56.3  157s
  5412  5856 2.1726e+07   87  463 -1.654e+08 2.1736e+07   113%  54.6  160s
  6321  6643 2.1725e+07  104  462 -1.654e+08 2.1736e+07   113%  50.9  165s
H 6338  6643                    -1.49502e+08 2.1736e+07   115%  50.8  165s
H 6586  6643                    -1.44444e+08 2.1736e+07   115%  49.7  165s
H 6606  6643                    -1.12066e+08 2.1736e+07   119%  49.7  165s
H 6690  7026                    -1.08989e+08 2.1736e+07   120%  49.5  169s
  7025  7549 2.1724e+07  120  459 -1.090e+08 2.1736e+07   120%  48.5  171s
H 8149  8352                    -1.08985e+08 2.1736e+07   120%  44.4  177s
H 8203  8352                    -1.08977e+08 2.1736e+07   120%  44.3  177s
H 8213  8352                    -1.08966e+08 2.1736e+07   120%  44.2  177s
H 8234  8340                    -7.44377e+07 2.1736e+07   129%  44.3  177s
  8891  9469 2.1723e+07  155  455 -7.444e+07 2.1736e+07   129%  43.0  181s
 10072 10621 2.1719e+07  178  456 -7.444e+07 2.1736e+07   129%  40.9  187s
 10646 11238 2.1721e+07  186  448 -7.444e+07 2.1736e+07   129%  40.3  190s
 11922 12262 2.1717e+07  215  446 -7.444e+07 2.1736e+07   129%  39.3  198s
H11934 12242                    -6.32417e+07 2.1736e+07   134%  39.3  198s
H12224 12242                    -6.32229e+07 2.1736e+07   134%  39.0  198s
H12225 12242                    -6.31297e+07 2.1736e+07   134%  39.0  198s
 12289 12922 2.1716e+07  225  441 -6.313e+07 2.1736e+07   134%  38.9  200s
 13014 13491 2.1716e+07  238  432 -6.313e+07 2.1736e+07   134%  38.2  205s
H13218 13491                    -6.31287e+07 2.1736e+07   134%  37.9  205s
 14390 14902 2.1715e+07  255  431 -6.313e+07 2.1736e+07   134%  37.0  213s
H14532 14902                    -6.31283e+07 2.1736e+07   134%  36.8  213s
 15005 15695 2.1714e+07  271  433 -6.313e+07 2.1736e+07   134%  36.4  217s
 15798 16484 2.1713e+07  286  422 -6.313e+07 2.1736e+07   134%  36.0  223s
H16587 16497                    -4.87423e+07 2.1736e+07   145%  35.5  238s
H16593 16497                    -4.87318e+07 2.1736e+07   145%  35.5  238s
H16596 16407                    -4.06010e+07 2.1736e+07   154%  35.5  238s
H16615 16244                    -3.77220e+07 2.1736e+07   158%  35.4  238s
 16635 17060 2.1711e+07  300  410 -3.772e+07 2.1736e+07   158%  35.4  241s
 17515 17680 2.1711e+07  322  401 -3.772e+07 2.1736e+07   158%  35.0  246s
H18026 17680                    -3.77220e+07 2.1736e+07   158%  34.6  246s
H18092 17680                    -3.77181e+07 2.1736e+07   158%  34.6  246s
H18144 17672                    -1.91057e+07 2.1736e+07   214%  34.6  251s
H18144 17672                    -1.90216e+07 2.1736e+07   214%  34.6  255s
H18144 17672                    -1.89951e+07 2.1736e+07   214%  34.6  257s
H18144 17670                    -1.58500e+07 2.1736e+07   237%  34.6  262s
H18144 17670                    -1.57820e+07 2.1736e+07   238%  34.6  264s
H18144 17478                    -1.24069e+07 2.1736e+07   275%  34.6  267s
H18144 17478                    -1.23780e+07 2.1736e+07   276%  34.6  268s
H18144 17478                    -1.23651e+07 2.1736e+07   276%  34.6  273s
H18144 17478                    -1.23077e+07 2.1736e+07   277%  34.6  274s
H18144 17478                    -1.22906e+07 2.1736e+07   277%  34.6  275s
H18144 16435                    -8179460.251 2.1736e+07   366%  34.6  277s
H18144 16435                    -8174233.165 2.1736e+07   366%  34.6  279s
H18144 14759                    2.152757e+07 2.1736e+07  0.97%  34.6  282s

Cutting planes:
  Gomory: 3
  Implied bound: 4730
  MIR: 603
  Flow cover: 1132
  RLT: 1
  Relax-and-lift: 78

Explored 18144 nodes (717345 simplex iterations) in 291.92 seconds (324.96 work units)
Thread count was 48 (of 192 available processors)

Solution count 10: 2.15276e+07 -8.17423e+06 -8.17946e+06 ... -1.585e+07

Optimal solution found (tolerance 2.00e-02)
Best objective 2.152756555639e+07, best bound 2.173610377395e+07, gap 0.9687%
Deleted nodefile directory: /scratch-local/lbeemster.22531203/gurobi_stress_vol1.0_0.0_demand_run3
Saved model snapshot to study_case_model/figures/volatility_stress/vol1.0_0.0_demand/sub70.0/run3/model_snapshot.pkl
  Objective: 21527565.56
  Avg H2 production: 2.164693487827437
  Scenario obj std: 1029537.1353465784
  CVaR 5%: 19277277.495687615
  Worst scenario: 19029539.628271427

============================================================
Volatility multiplier: 2.0x
============================================================
Read LP format model from file /scratch-local/lbeemster.22531203/tmpdo_qety0.pyomo.lp
Reading time = 0.80 seconds
x1: 178177 rows, 50626 columns, 1021376 nonzeros
Set parameter OutputFlag to value 1
Set parameter MIPGap to value 0.02
Set parameter Threads to value 48
Set parameter Presolve to value 1
Set parameter Cuts to value 1
Set parameter NodefileStart to value 1
Set parameter NodefileDir to value "/scratch-local/lbeemster.22531203/gurobi_stress_vol2.0_0.0_demand_run3"
Set parameter MemLimit to value 60
Gurobi Optimizer version 12.0.3 build v12.0.3rc0 (linux64 - "Red Hat Enterprise Linux 9.6 (Plow)")

CPU model: AMD EPYC 9654 96-Core Processor, instruction set [SSE2|AVX|AVX2|AVX512]
Thread count: 192 physical cores, 192 logical processors, using up to 48 threads

Non-default parameters:
MemLimit  60
MIPGap  0.02
NodefileStart  1
Cuts  1
Presolve  1
Threads  48

Academic license 2514514 - for non-commercial use only - registered to l.___@student.vu.nl
Optimize a model with 178177 rows, 50626 columns and 1021376 nonzeros
Model fingerprint: 0x9b03eb99
Variable types: 40002 continuous, 10624 integer (10624 binary)
Coefficient statistics:
  Matrix range     [1e-06, 1e+05]
  Objective range  [2e+00, 3e+04]
  Bounds range     [1e+00, 1e+00]
  RHS range        [3e-01, 2e+05]
Presolve removed 34049 rows and 14166 columns
Presolve time: 1.75s
Presolved: 144128 rows, 36460 columns, 945973 nonzeros
Variable types: 28012 continuous, 8448 integer (8448 binary)
Found heuristic solution: objective -4.07165e+09

Deterministic concurrent LP optimizer: primal simplex, dual simplex, and barrier
Showing barrier log only...

Root barrier log...

Ordering time: 2.37s

Barrier statistics:
 AA' NZ     : 1.286e+07
 Factor NZ  : 1.434e+07 (roughly 200 MB of memory)
 Factor Ops : 2.150e+09 (less than 1 second per iteration)
 Threads    : 46

                  Objective                Residual
Iter       Primal          Dual         Primal    Dual     Compl     Time
   0  -3.00716297e+12  1.66205735e+14  3.09e+05 3.67e+04  1.75e+10     7s
   1  -1.87909541e+12  1.04782443e+14  1.75e+05 2.84e+05  7.64e+09     7s
   2  -5.42594450e+11  6.97191398e+13  4.78e+04 1.10e+04  2.11e+09     7s
   3  -4.39157267e+10  1.98024276e+13  3.19e+03 1.35e+01  2.01e+08     7s
   4  -1.30595654e+10  5.18611853e+12  5.32e+02 2.13e-07  3.93e+07     7s
   5  -7.63938398e+09  1.43580391e+12  1.34e+02 1.09e-07  9.78e+06     7s
   6  -3.23322376e+09  5.93834036e+11  4.29e+01 5.15e-08  3.60e+06     7s
   7  -1.48558277e+09  3.72712871e+11  2.44e+01 3.03e-08  2.18e+06     8s
   8  -7.94813628e+08  1.86090721e+11  9.81e+00 2.40e-08  1.05e+06     8s
   9  -2.45398355e+08  5.51025403e+10  2.50e+00 3.14e-08  2.99e+05     8s
  10  -5.24726195e+07  2.30133845e+10  5.53e-01 6.02e-08  1.18e+05     8s
  11   4.08566079e+06  6.82592821e+09  3.89e-02 1.64e-08  3.37e+04     8s
  12   1.01435806e+07  1.32203600e+09  6.48e-09 3.51e-09  6.45e+03     8s
  13   1.14881006e+07  4.76494297e+08  3.67e-09 1.06e-09  2.28e+03     8s
  14   1.33184018e+07  1.68103485e+08  2.93e-09 5.06e-10  7.60e+02     8s
  15   1.47575448e+07  9.81873290e+07  2.21e-09 4.66e-10  4.10e+02     8s
  16   1.87744917e+07  7.11668964e+07  2.13e-09 4.66e-10  2.57e+02     8s
  17   2.03660304e+07  4.60244445e+07  2.91e-09 4.66e-10  1.26e+02     8s
  18   2.07030807e+07  3.22148148e+07  2.82e-09 4.66e-10  5.66e+01     8s
  19   2.10991359e+07  2.77223626e+07  2.29e-09 4.66e-10  3.25e+01     8s
  20   2.13069122e+07  2.56299010e+07  2.10e-09 4.66e-10  2.12e+01     8s
  21   2.15450840e+07  2.41743451e+07  2.23e-09 4.66e-10  1.29e+01     8s
  22   2.18509049e+07  2.31531990e+07  2.63e-09 4.66e-10  6.40e+00     8s
  23   2.19317667e+07  2.27706526e+07  4.42e-09 4.66e-10  4.12e+00     8s
  24   2.19858918e+07  2.23590480e+07  7.56e-09 6.98e-10  1.83e+00     8s

Barrier performed 24 iterations in 8.47 seconds (7.02 work units)
Barrier solve interrupted - model solved by another algorithm

Concurrent spin time: 1.30s (can be avoided by choosing Method=3)

Solved with dual simplex

Root relaxation: objective 2.212405e+07, 52302 iterations, 5.16 seconds (4.10 work units)
Total elapsed time = 10.07s (DegenMoves)

    Nodes    |    Current Node    |     Objective Bounds      |     Work
 Expl Unexpl |  Obj  Depth IntInf | Incumbent    BestBd   Gap | It/Node Time

     0     0 2.2124e+07    0  670 -4.072e+09 2.2124e+07   101%     -   10s
H    0     0                    -2.72589e+09 2.2124e+07   101%     -   11s
H    0     0                    -2.71478e+09 2.2124e+07   101%     -   14s
     0     0 2.1942e+07    0  677 -2.715e+09 2.1942e+07   101%     -   17s
     0     0 2.1942e+07    0  717 -2.715e+09 2.1942e+07   101%     -   19s
     0     0 2.1942e+07    0  725 -2.715e+09 2.1942e+07   101%     -   19s
     0     0 2.1913e+07    0  744 -2.715e+09 2.1913e+07   101%     -   22s
     0     0 2.1913e+07    0  745 -2.715e+09 2.1913e+07   101%     -   22s
     0     0 2.1913e+07    0  764 -2.715e+09 2.1913e+07   101%     -   23s
     0     0 2.1913e+07    0  800 -2.715e+09 2.1913e+07   101%     -   23s
     0     0 2.1882e+07    0  763 -2.715e+09 2.1882e+07   101%     -   27s
     0     0 2.1867e+07    0  788 -2.715e+09 2.1867e+07   101%     -   29s
     0     0 2.1867e+07    0  817 -2.715e+09 2.1867e+07   101%     -   29s
     0     0 2.1867e+07    0  827 -2.715e+09 2.1867e+07   101%     -   29s
     0     0 2.1833e+07    0  731 -2.715e+09 2.1833e+07   101%     -   34s
H    0     0                    -2.21186e+09 2.1833e+07   101%     -   35s
     0     0 2.1799e+07    0  762 -2.212e+09 2.1799e+07   101%     -   36s
     0     0 2.1797e+07    0  778 -2.212e+09 2.1797e+07   101%     -   36s
     0     0 2.1797e+07    0  790 -2.212e+09 2.1797e+07   101%     -   36s
     0     0 2.1797e+07    0  777 -2.212e+09 2.1797e+07   101%     -   37s
     0     0 2.1762e+07    0  671 -2.212e+09 2.1762e+07   101%     -   40s
H    0     0                    -1.33836e+09 2.1762e+07   102%     -   42s
     0     0 2.1762e+07    0  707 -1.338e+09 2.1762e+07   102%     -   42s
     0     0 2.1762e+07    0  728 -1.338e+09 2.1762e+07   102%     -   42s
     0     0 2.1762e+07    0  734 -1.338e+09 2.1762e+07   102%     -   43s
     0     0 2.1753e+07    0  692 -1.338e+09 2.1753e+07   102%     -   46s
     0     0 2.1752e+07    0  689 -1.338e+09 2.1752e+07   102%     -   46s
     0     0 2.1752e+07    0  708 -1.338e+09 2.1752e+07   102%     -   47s
     0     0 2.1751e+07    0  667 -1.338e+09 2.1751e+07   102%     -   49s
H    0     0                    -1.09490e+09 2.1751e+07   102%     -   51s
     0     0 2.1751e+07    0  682 -1.095e+09 2.1751e+07   102%     -   51s
     0     0 2.1751e+07    0  683 -1.095e+09 2.1751e+07   102%     -   51s
     0     0 2.1750e+07    0  667 -1.095e+09 2.1750e+07   102%     -   54s
     0     0 2.1749e+07    0  664 -1.095e+09 2.1749e+07   102%     -   54s
     0     0 2.1749e+07    0  673 -1.095e+09 2.1749e+07   102%     -   54s
     0     0 2.1749e+07    0  672 -1.095e+09 2.1749e+07   102%     -   55s
     0     0 2.1749e+07    0  632 -1.095e+09 2.1749e+07   102%     -   57s
     0     0 2.1749e+07    0  642 -1.095e+09 2.1749e+07   102%     -   58s
     0     0 2.1749e+07    0  628 -1.095e+09 2.1749e+07   102%     -   59s
     0     0 2.1749e+07    0  642 -1.095e+09 2.1749e+07   102%     -   61s
     0     0 2.1749e+07    0  644 -1.095e+09 2.1749e+07   102%     -   63s
     0     0 2.1749e+07    0  643 -1.095e+09 2.1749e+07   102%     -   69s
H    0     0                    -8.88771e+08 2.1749e+07   102%     -   80s
H    0     0                    -6.91410e+08 2.1749e+07   103%     -   84s
H    0     0                    -6.91194e+08 2.1749e+07   103%     -   90s
H    0     0                    -6.33419e+08 2.1749e+07   103%     -   94s
H    0     0                    -6.33411e+08 2.1749e+07   103%     -   94s
     0     2 2.1749e+07    0  643 -6.334e+08 2.1749e+07   103%     -   98s
     7    16 2.1746e+07    3  649 -6.334e+08 2.1746e+07   103%   542  100s
H   63   112                    -6.33382e+08 2.1746e+07   103%   199  103s
H   89   112                    -6.33365e+08 2.1746e+07   103%   164  103s
   233   318 2.1743e+07   10  642 -6.334e+08 2.1745e+07   103%   105  105s
   540   589 2.1741e+07   15  625 -6.334e+08 2.1745e+07   103%  78.8  111s
H  600   653                    -5.92838e+08 2.1745e+07   104%  77.4  113s
   758   807 2.1741e+07   17  625 -5.928e+08 2.1745e+07   104%  71.8  117s
  1015  1064 2.1740e+07   20  612 -5.928e+08 2.1745e+07   104%  67.9  121s
H 1115  1165                    -5.92821e+08 2.1745e+07   104%  66.9  122s
  1366  1489 2.1740e+07   24  598 -5.928e+08 2.1745e+07   104%  66.9  125s
  2134  2231 2.1735e+07   34  559 -5.928e+08 2.1745e+07   104%  63.0  131s
  2278  2332 2.1734e+07   36  546 -5.928e+08 2.1745e+07   104%  62.5  149s
H 2329  2332                    -5.88396e+08 2.1745e+07   104%  62.6  149s
  2331  2512 2.1721e+07   36  541 -5.884e+08 2.1745e+07   104%  62.7  150s
Created node file directory '/scratch-local/lbeemster.22531203/gurobi_stress_vol2.0_0.0_demand_run3/grbnodes0'
  3062  3318 2.1732e+07   47  516 -5.884e+08 2.1745e+07   104%  58.8  155s
H 3352  3502                    -5.88363e+08 2.1745e+07   104%  57.1  157s
H 3368  3502                    -5.88346e+08 2.1745e+07   104%  57.3  157s
H 3427  3502                    -5.30618e+08 2.1745e+07   104%  57.3  157s
H 3495  3502                    -5.30578e+08 2.1745e+07   104%  56.9  157s
  3770  4036 2.1730e+07   60  502 -5.306e+08 2.1745e+07   104%  56.2  160s
H 4042  4087                    -5.30578e+08 2.1745e+07   104%  55.5  162s
  4404  4744 2.1730e+07   71  498 -5.306e+08 2.1745e+07   104%  54.1  166s
  5079  5325 2.1727e+07   83  498 -5.306e+08 2.1745e+07   104%  51.9  170s
  6093  6509 2.1722e+07  101  497 -5.306e+08 2.1745e+07   104%  49.3  176s
  6893  7344 2.1722e+07  116  495 -5.306e+08 2.1745e+07   104%  47.3  181s
  7343  7814 2.1720e+07  120  488 -5.306e+08 2.1745e+07   104%  46.4  185s
  8277  8753 2.1721e+07  130  483 -5.306e+08 2.1745e+07   104%  44.8  191s
  9088  9655 2.1720e+07  144  471 -5.306e+08 2.1745e+07   104%  43.7  197s
  9654 10255 2.1718e+07  152  470 -5.306e+08 2.1745e+07   104%  42.9  200s
 10860 11005 2.1716e+07  166  460 -5.306e+08 2.1745e+07   104%  41.7  209s
 11004 11311 2.1716e+07  167  456 -5.306e+08 2.1745e+07   104%  41.5  213s
H11043 11311                    -3.82462e+08 2.1745e+07   106%  41.5  213s
 11310 12009 2.1716e+07  168  456 -3.825e+08 2.1745e+07   106%  41.3  216s
 12008 12741 2.1715e+07  183  455 -3.825e+08 2.1745e+07   106%  40.4  220s
H12740 12974                    -3.74369e+08 2.1745e+07   106%  39.5  225s
 12973 13022 2.1711e+07  203  455 -3.744e+08 2.1745e+07   106%  39.3  239s
H12989 13022                    -3.71824e+08 2.1745e+07   106%  39.2  239s
H12993 13022                    -3.58059e+08 2.1745e+07   106%  39.2  239s
 13021 13310 2.1710e+07  204  453 -3.581e+08 2.1745e+07   106%  39.2  242s
 13309 14139 2.1707e+07  208  452 -3.581e+08 2.1745e+07   106%  39.1  246s
H14138 14531                    -1.67412e+08 2.1745e+07   113%  38.2  250s
H14434 14477                    -6.02609e+07 2.1745e+07   136%  37.9  250s
 15522 15697 2.1703e+07  245  415 -6.026e+07 2.1745e+07   136%  37.4  260s
H15734 15697                    -6.02599e+07 2.1745e+07   136%  37.3  260s
H15814 15697                    -5.16982e+07 2.1745e+07   142%  37.3  260s
 16922 17182 2.1697e+07  266  407 -5.170e+07 2.1745e+07   142%  37.1  269s
H17023 17182                    -5.16511e+07 2.1745e+07   142%  37.1  269s
H17427 17182                    -5.16411e+07 2.1745e+07   142%  36.9  269s
 17503 18296 2.1696e+07  281  401 -5.164e+07 2.1745e+07   142%  36.8  275s
H18617 18296                    -5.16410e+07 2.1745e+07   142%  36.0  292s
H18617 18296                    -5.16409e+07 2.1745e+07   142%  36.0  299s
H18617 18296                    -5.02034e+07 2.1745e+07   143%  36.0  306s
H18617 18274                    -4.55675e+07 2.1745e+07   148%  36.0  307s
H18617 17704                    -2.76161e+07 2.1745e+07   179%  36.0  315s
H18617 17224                    -1.02158e+07 2.1745e+07   313%  36.0  318s
H18617 16755                    749541.44422 2.1745e+07  2801%  36.0  318s
H18617 14459                    2.144601e+07 2.1745e+07  1.40%  36.0  318s

Cutting planes:
  Gomory: 3
  Implied bound: 5223
  MIR: 723
  Flow cover: 1254
  RLT: 1
  Relax-and-lift: 119

Explored 18617 nodes (769353 simplex iterations) in 329.95 seconds (359.24 work units)
Thread count was 48 (of 192 available processors)

Solution count 10: 2.1446e+07 2.1446e+07 749541 ... -5.16982e+07

Optimal solution found (tolerance 2.00e-02)
Best objective 2.144600947464e+07, best bound 2.174548691032e+07, gap 1.3964%
Deleted nodefile directory: /scratch-local/lbeemster.22531203/gurobi_stress_vol2.0_0.0_demand_run3
Saved model snapshot to study_case_model/figures/volatility_stress/vol2.0_0.0_demand/sub70.0/run3/model_snapshot.pkl
  Objective: 21446009.47
  Avg H2 production: 2.0583335281737947
  Scenario obj std: 1043672.5243181094
  CVaR 5%: 19392225.273736488
  Worst scenario: 18902340.87135757

============================================================
Volatility multiplier: 4.0x
============================================================
Read LP format model from file /scratch-local/lbeemster.22531203/tmp_s2gh7tw.pyomo.lp
Reading time = 0.51 seconds
x1: 178177 rows, 50626 columns, 1021376 nonzeros
Set parameter OutputFlag to value 1
Set parameter MIPGap to value 0.02
Set parameter Threads to value 48
Set parameter Presolve to value 1
Set parameter Cuts to value 1
Set parameter NodefileStart to value 1
Set parameter NodefileDir to value "/scratch-local/lbeemster.22531203/gurobi_stress_vol4.0_0.0_demand_run3"
Set parameter MemLimit to value 60
Gurobi Optimizer version 12.0.3 build v12.0.3rc0 (linux64 - "Red Hat Enterprise Linux 9.6 (Plow)")

CPU model: AMD EPYC 9654 96-Core Processor, instruction set [SSE2|AVX|AVX2|AVX512]
Thread count: 192 physical cores, 192 logical processors, using up to 48 threads

Non-default parameters:
MemLimit  60
MIPGap  0.02
NodefileStart  1
Cuts  1
Presolve  1
Threads  48

Academic license 2514514 - for non-commercial use only - registered to l.___@student.vu.nl
Optimize a model with 178177 rows, 50626 columns and 1021376 nonzeros
Model fingerprint: 0x83a588df
Variable types: 40002 continuous, 10624 integer (10624 binary)
Coefficient statistics:
  Matrix range     [1e-06, 1e+05]
  Objective range  [2e+00, 3e+04]
  Bounds range     [1e+00, 1e+00]
  RHS range        [3e-01, 2e+05]
Presolve removed 34049 rows and 14166 columns
Presolve time: 1.67s
Presolved: 144128 rows, 36460 columns, 945973 nonzeros
Variable types: 28012 continuous, 8448 integer (8448 binary)
Found heuristic solution: objective -3.74065e+09

Deterministic concurrent LP optimizer: primal simplex, dual simplex, and barrier
Showing barrier log only...

Root barrier log...

Ordering time: 2.35s

Barrier statistics:
 AA' NZ     : 1.286e+07
 Factor NZ  : 1.434e+07 (roughly 200 MB of memory)
 Factor Ops : 2.150e+09 (less than 1 second per iteration)
 Threads    : 46

                  Objective                Residual
Iter       Primal          Dual         Primal    Dual     Compl     Time
   0  -3.00641999e+12  1.66196292e+14  3.09e+05 3.67e+04  1.75e+10     7s
   1  -1.87825015e+12  1.04777144e+14  1.75e+05 2.84e+05  7.64e+09     7s
   2  -5.41638687e+11  6.97125472e+13  4.78e+04 1.10e+04  2.11e+09     7s
   3  -4.32983269e+10  1.97894140e+13  3.19e+03 1.35e+01  2.01e+08     7s
   4  -1.28189374e+10  5.15155138e+12  5.38e+02 1.87e-07  3.93e+07     7s
   5  -7.93779071e+09  1.41391755e+12  1.53e+02 1.26e-07  1.00e+07     7s
   6  -3.30216544e+09  6.27731677e+11  4.30e+01 3.96e-08  3.78e+06     7s
   7  -1.67721052e+09  4.10746634e+11  2.81e+01 3.00e-08  2.44e+06     7s
   8  -9.98621320e+08  2.08111913e+11  1.38e+01 1.84e-08  1.21e+06     7s
   9  -3.88211672e+08  6.56711647e+10  2.28e+00 7.28e-09  3.50e+05     7s
  10  -2.66667079e+07  1.83838909e+10  1.64e-01 3.14e-08  9.16e+04     8s
  11   4.78505603e+06  6.14565805e+09  1.86e-02 6.29e-09  3.02e+04     8s
  12   9.77111587e+06  1.26311279e+09  4.34e-09 4.19e-09  6.16e+03     8s
  13   1.11457754e+07  4.81322528e+08  3.43e-09 2.21e-09  2.31e+03     8s
  14   1.27289748e+07  1.64243101e+08  2.41e-09 4.77e-10  7.44e+02     8s
  15   1.45103308e+07  9.49571818e+07  2.32e-09 2.62e-10  3.95e+02     8s
  16   1.71280988e+07  8.33639067e+07  2.19e-09 4.66e-10  3.25e+02     8s
  17   2.01607059e+07  5.11031709e+07  2.45e-09 4.66e-10  1.52e+02     8s
  18   2.04908591e+07  3.90442129e+07  2.07e-09 4.66e-10  9.11e+01     8s
  19   2.08832934e+07  3.38682104e+07  2.10e-09 4.66e-10  6.38e+01     8s
  20   2.12645603e+07  2.87899842e+07  1.83e-09 4.66e-10  3.70e+01     8s
  21   2.14708383e+07  2.58276370e+07  1.80e-09 4.66e-10  2.14e+01     8s
  22   2.17706322e+07  2.41117198e+07  2.30e-09 2.33e-10  1.15e+01     8s
  23   2.19340983e+07  2.32800827e+07  2.25e-09 4.66e-10  6.61e+00     8s
  24   2.20589539e+07  2.28860645e+07  1.01e-08 4.66e-10  4.06e+00     8s
  25   2.21084052e+07  2.24450796e+07  1.60e-08 4.66e-10  1.65e+00     8s
  26   2.21344994e+07  2.23480739e+07  3.12e-08 4.66e-10  1.05e+00     9s
  27   2.21490677e+07  2.22826781e+07  5.86e-08 2.33e-10  6.56e-01     9s
  28   2.21668368e+07  2.22564862e+07  5.05e-08 2.33e-10  4.40e-01     9s
  29   2.21811819e+07  2.22445831e+07  9.95e-08 4.66e-10  3.11e-01     9s
  30   2.21897803e+07  2.22307770e+07  1.93e-07 4.66e-10  2.01e-01     9s
  31   2.21962535e+07  2.22217105e+07  3.13e-07 2.33e-10  1.25e-01     9s

Barrier performed 31 iterations in 8.79 seconds (7.71 work units)
Barrier solve interrupted - model solved by another algorithm

Concurrent spin time: 1.76s (can be avoided by choosing Method=3)

Solved with dual simplex

Root relaxation: objective 2.220603e+07, 51947 iterations, 5.57 seconds (4.80 work units)
Total elapsed time = 10.33s (DegenMoves)

    Nodes    |    Current Node    |     Objective Bounds      |     Work
 Expl Unexpl |  Obj  Depth IntInf | Incumbent    BestBd   Gap | It/Node Time

     0     0 2.2206e+07    0  625 -3.741e+09 2.2206e+07   101%     -   10s
H    0     0                    -3.03718e+09 2.2206e+07   101%     -   11s
H    0     0                    -3.00037e+09 2.2206e+07   101%     -   14s
     0     0 2.2019e+07    0  659 -3.000e+09 2.2019e+07   101%     -   17s
H    0     0                    -2.84665e+09 2.2019e+07   101%     -   18s
     0     0 2.2018e+07    0  724 -2.847e+09 2.2018e+07   101%     -   18s
     0     0 2.2018e+07    0  727 -2.847e+09 2.2018e+07   101%     -   19s
     0     0 2.1996e+07    0  710 -2.847e+09 2.1996e+07   101%     -   22s
     0     0 2.1994e+07    0  756 -2.847e+09 2.1994e+07   101%     -   22s
     0     0 2.1994e+07    0  778 -2.847e+09 2.1994e+07   101%     -   22s
     0     0 2.1994e+07    0  786 -2.847e+09 2.1994e+07   101%     -   23s
     0     0 2.1937e+07    0  767 -2.847e+09 2.1937e+07   101%     -   27s
H    0     0                    -2.81715e+09 2.1937e+07   101%     -   28s
     0     0 2.1935e+07    0  791 -2.817e+09 2.1935e+07   101%     -   29s
     0     0 2.1933e+07    0  806 -2.817e+09 2.1933e+07   101%     -   29s
     0     0 2.1933e+07    0  811 -2.817e+09 2.1933e+07   101%     -   29s
     0     0 2.1872e+07    0  732 -2.817e+09 2.1872e+07   101%     -   33s
H    0     0                    -1.44244e+09 2.1872e+07   102%     -   35s
     0     0 2.1869e+07    0  743 -1.442e+09 2.1869e+07   102%     -   35s
     0     0 2.1869e+07    0  755 -1.442e+09 2.1869e+07   102%     -   36s
     0     0 2.1869e+07    0  767 -1.442e+09 2.1869e+07   102%     -   36s
     0     0 2.1869e+07    0  771 -1.442e+09 2.1869e+07   102%     -   36s
     0     0 2.1837e+07    0  635 -1.442e+09 2.1837e+07   102%     -   40s
H    0     0                    -1.42544e+09 2.1837e+07   102%     -   41s
     0     0 2.1836e+07    0  644 -1.425e+09 2.1836e+07   102%     -   41s
     0     0 2.1836e+07    0  660 -1.425e+09 2.1836e+07   102%     -   42s
     0     0 2.1836e+07    0  673 -1.425e+09 2.1836e+07   102%     -   42s
     0     0 2.1836e+07    0  671 -1.425e+09 2.1836e+07   102%     -   42s
     0     0 2.1819e+07    0  640 -1.425e+09 2.1819e+07   102%     -   45s
H    0     0                    -9.03567e+08 2.1819e+07   102%     -   47s
     0     0 2.1818e+07    0  653 -9.036e+08 2.1818e+07   102%     -   47s
     0     0 2.1817e+07    0  666 -9.036e+08 2.1817e+07   102%     -   47s
     0     0 2.1817e+07    0  677 -9.036e+08 2.1817e+07   102%     -   48s
     0     0 2.1816e+07    0  617 -9.036e+08 2.1816e+07   102%     -   50s
     0     0 2.1816e+07    0  638 -9.036e+08 2.1816e+07   102%     -   51s
     0     0 2.1816e+07    0  652 -9.036e+08 2.1816e+07   102%     -   51s
     0     0 2.1815e+07    0  610 -9.036e+08 2.1815e+07   102%     -   54s
     0     0 2.1815e+07    0  620 -9.036e+08 2.1815e+07   102%     -   55s
     0     0 2.1815e+07    0  609 -9.036e+08 2.1815e+07   102%     -   58s
H    0     0                    -8.81766e+08 2.1815e+07   102%     -   59s
     0     0 2.1815e+07    0  626 -8.818e+08 2.1815e+07   102%     -   59s
     0     0 2.1815e+07    0  617 -8.818e+08 2.1815e+07   102%     -   60s
     0     0 2.1815e+07    0  614 -8.818e+08 2.1815e+07   102%     -   67s
H    0     0                    -8.14502e+08 2.1815e+07   103%     -   69s
H    0     0                    -6.40428e+08 2.1815e+07   103%     -   80s
H    0     0                    -6.04021e+08 2.1815e+07   104%     -   84s
H    0     0                    -4.83681e+08 2.1815e+07   105%     -   92s
H    0     0                    -4.83681e+08 2.1815e+07   105%     -   95s
H    0     0                    -4.77598e+08 2.1815e+07   105%     -   97s
H    0     0                    -4.77598e+08 2.1815e+07   105%     -   97s
H    0     2                    -4.62545e+08 2.1815e+07   105%     -  103s
     0     2 2.1815e+07    0  614 -4.625e+08 2.1815e+07   105%     -  103s
    31    64 2.1815e+07    5  653 -4.625e+08 2.1815e+07   105%   256  106s
H   66   112                    -4.52231e+08 2.1815e+07   105%   189  109s
H   76   112                    -4.11898e+08 2.1815e+07   105%   171  109s
   111   294 2.1814e+07    7  654 -4.119e+08 2.1814e+07   105%   154  110s
H  408   475                    -4.11854e+08 2.1814e+07   105%  86.8  113s
   579   628 2.1812e+07   14  638 -4.119e+08 2.1814e+07   105%  78.5  116s
H  627   722                    -4.11733e+08 2.1814e+07   105%  78.7  117s
H  628   722                    -4.11723e+08 2.1814e+07   105%  78.7  117s
H  635   722                    -4.11713e+08 2.1814e+07   105%  79.1  117s
H  661   722                    -4.11710e+08 2.1814e+07   105%  78.0  117s
H  692   722                    -4.11708e+08 2.1814e+07   105%  77.0  117s
H  707   722                    -4.11691e+08 2.1814e+07   105%  76.7  117s
  1153  1243 2.1810e+07   20  618 -4.117e+08 2.1814e+07   105%  68.4  120s
  1444  1493 2.1809e+07   24  615 -4.117e+08 2.1814e+07   105%  68.1  125s
H 1492  1541                    -3.91324e+08 2.1814e+07   106%  67.3  143s
  1809  1951 2.1808e+07   28  593 -3.913e+08 2.1814e+07   106%  64.4  145s
  2385  2434 2.1807e+07   34  577 -3.913e+08 2.1814e+07   106%  60.2  150s
H 2433  2482                    -3.39516e+08 2.1814e+07   106%  60.1  160s
H 2434  2482                    -3.10703e+08 2.1814e+07   107%  60.1  160s
H 2443  2482                    -3.04642e+08 2.1814e+07   107%  60.2  160s
H 2468  2482                    -2.80017e+08 2.1814e+07   108%  60.0  160s
Created node file directory '/scratch-local/lbeemster.22531203/gurobi_stress_vol4.0_0.0_demand_run3/grbnodes0'
  3247  3456 2.1797e+07   43  566 -2.800e+08 2.1814e+07   108%  58.4  165s
H 3729  3882                    -2.80017e+08 2.1814e+07   108%  57.5  168s
  3881  4196 2.1803e+07   61  566 -2.800e+08 2.1814e+07   108%  57.1  171s
H 3989  4196                    -2.78577e+08 2.1814e+07   108%  56.8  171s
  5229  5613 2.1800e+07   87  556 -2.786e+08 2.1814e+07   108%  52.7  177s
H 5624  6027                    -8.58670e+07 2.1814e+07   125%  51.3  179s
  6026  6641 2.1797e+07  109  514 -8.587e+07 2.1814e+07   125%  50.6  181s
  7070  7604 2.1796e+07  122  494 -8.587e+07 2.1814e+07   125%  48.8  186s
H 7186  7604                    -5.58433e+07 2.1814e+07   139%  48.8  186s
H 7540  7604                    -4.44438e+07 2.1814e+07   149%  48.0  186s
  8249  9003 2.1794e+07  142  475 -4.444e+07 2.1814e+07   149%  47.5  191s
H 9063  9579                    -4.43415e+07 2.1814e+07   149%  46.3  194s
  9588 10431 2.1790e+07  157  470 -4.434e+07 2.1814e+07   149%  45.6  196s
 10444 10909 2.1784e+07  177  444 -4.434e+07 2.1814e+07   149%  44.9  201s
H10563 10909                    -4.43315e+07 2.1814e+07   149%  45.2  201s
 11778 12562 2.1785e+07  194  449 -4.433e+07 2.1814e+07   149%  44.4  208s
H12221 12562                    -4.43315e+07 2.1814e+07   149%  44.4  208s
 12587 13521 2.1783e+07  210  434 -4.433e+07 2.1814e+07   149%  44.1  213s
 13560 14388 2.1782e+07  233  430 -4.433e+07 2.1814e+07   149%  43.2  216s
 14431 15262 2.1781e+07  255  414 -4.433e+07 2.1814e+07   149%  42.4  220s
 15309 16272 2.1781e+07  256  414 -4.433e+07 2.1814e+07   149%  41.4  225s
H16410 17365                    -3.40631e+07 2.1814e+07   164%  40.1  229s
H16459 17365                    -3.40578e+07 2.1814e+07   164%  40.1  229s
H16914 17354                    -3.15736e+07 2.1814e+07   169%  39.6  229s
H17893 16698                    -2.69891e+07 2.1814e+07   181%  38.5  235s
H17893 16698                    -2.61831e+07 2.1814e+07   183%  38.5  238s
H17893 16698                    -2.61107e+07 2.1814e+07   184%  38.5  243s
H17893 16313                    -1.99709e+07 2.1814e+07   209%  38.5  246s
H17893 16313                    -1.99357e+07 2.1814e+07   209%  38.5  257s
H17893 16313                    -1.99346e+07 2.1814e+07   209%  38.5  258s
H17893 16313                    -1.99045e+07 2.1814e+07   210%  38.5  259s
H17893 16313                    -1.98703e+07 2.1814e+07   210%  38.5  262s
H17893 16313                    -1.98561e+07 2.1814e+07   210%  38.5  262s
H17893 16313                    -1.98479e+07 2.1814e+07   210%  38.5  264s
H17893 15992                    -1.29711e+07 2.1814e+07   268%  38.5  264s
H17893 15992                    -1.29612e+07 2.1814e+07   268%  38.5  265s
H17893 13395                    1.457875e+07 2.1814e+07  49.6%  38.5  266s
H17893 13391                    1.763102e+07 2.1814e+07  23.7%  38.5  267s
H17893 12626                    2.141432e+07 2.1814e+07  1.87%  38.5  269s

Cutting planes:
  Gomory: 6
  Implied bound: 4968
  MIR: 759
  Flow cover: 1250
  RLT: 4
  Relax-and-lift: 86

Explored 17893 nodes (784636 simplex iterations) in 279.93 seconds (306.98 work units)
Thread count was 48 (of 192 available processors)

Solution count 10: 2.14143e+07 1.7631e+07 1.45787e+07 ... -1.99346e+07

Optimal solution found (tolerance 2.00e-02)
Best objective 2.141431927520e+07, best bound 2.181423466139e+07, gap 1.8675%
Deleted nodefile directory: /scratch-local/lbeemster.22531203/gurobi_stress_vol4.0_0.0_demand_run3
Saved model snapshot to study_case_model/figures/volatility_stress/vol4.0_0.0_demand/sub70.0/run3/model_snapshot.pkl
  Objective: 21414319.28
  Avg H2 production: 2.0334361148223916
  Scenario obj std: 1262175.6559074249
  CVaR 5%: 19144427.47472554
  Worst scenario: 19002922.94768651

============================================================
Volatility multiplier: 8.0x
============================================================
Read LP format model from file /scratch-local/lbeemster.22531203/tmps3q1gfwr.pyomo.lp
Reading time = 0.73 seconds
x1: 178177 rows, 50626 columns, 1021376 nonzeros
Set parameter OutputFlag to value 1
Set parameter MIPGap to value 0.02
Set parameter Threads to value 48
Set parameter Presolve to value 1
Set parameter Cuts to value 1
Set parameter NodefileStart to value 1
Set parameter NodefileDir to value "/scratch-local/lbeemster.22531203/gurobi_stress_vol8.0_0.0_demand_run3"
Set parameter MemLimit to value 60
Gurobi Optimizer version 12.0.3 build v12.0.3rc0 (linux64 - "Red Hat Enterprise Linux 9.6 (Plow)")

CPU model: AMD EPYC 9654 96-Core Processor, instruction set [SSE2|AVX|AVX2|AVX512]
Thread count: 192 physical cores, 192 logical processors, using up to 48 threads

Non-default parameters:
MemLimit  60
MIPGap  0.02
NodefileStart  1
Cuts  1
Presolve  1
Threads  48

Academic license 2514514 - for non-commercial use only - registered to l.___@student.vu.nl
Optimize a model with 178177 rows, 50626 columns and 1021376 nonzeros
Model fingerprint: 0xb8de5068
Variable types: 40002 continuous, 10624 integer (10624 binary)
Coefficient statistics:
  Matrix range     [1e-06, 1e+05]
  Objective range  [2e+00, 3e+04]
  Bounds range     [1e+00, 1e+00]
  RHS range        [3e-01, 2e+05]
Presolve removed 34049 rows and 14166 columns
Presolve time: 1.68s
Presolved: 144128 rows, 36460 columns, 945973 nonzeros
Variable types: 28012 continuous, 8448 integer (8448 binary)
Found heuristic solution: objective -3.39166e+09

Deterministic concurrent LP optimizer: primal simplex, dual simplex, and barrier
Showing barrier log only...

Root barrier log...

Ordering time: 2.34s

Barrier statistics:
 AA' NZ     : 1.286e+07
 Factor NZ  : 1.434e+07 (roughly 200 MB of memory)
 Factor Ops : 2.150e+09 (less than 1 second per iteration)
 Threads    : 46

                  Objective                Residual
Iter       Primal          Dual         Primal    Dual     Compl     Time
   0  -3.00573783e+12  1.66187434e+14  3.09e+05 3.68e+04  1.75e+10     7s
   1  -1.87747822e+12  1.04772132e+14  1.75e+05 2.84e+05  7.64e+09     7s
   2  -5.40735767e+11  6.97057813e+13  4.79e+04 1.10e+04  2.11e+09     7s
   3  -4.29280229e+10  1.97756262e+13  3.19e+03 1.35e+01  2.01e+08     7s
   4  -1.28574415e+10  5.10644201e+12  5.41e+02 2.35e-07  3.92e+07     7s
   5  -8.31399379e+09  1.44347943e+12  1.51e+02 9.69e-08  1.02e+07     7s
   6  -3.80479730e+09  6.41775625e+11  4.34e+01 5.01e-08  3.86e+06     7s
   7  -2.25670030e+09  4.20152300e+11  3.00e+01 2.47e-08  2.51e+06     7s
   8  -1.22954729e+09  2.05180767e+11  1.62e+01 2.03e-08  1.23e+06     8s
   9  -3.27599893e+08  6.47905151e+10  2.57e+00 6.81e-09  3.49e+05     8s
  10  -3.14977357e+07  2.39069966e+10  2.43e-01 4.38e-09  1.20e+05     8s
  11   3.01398833e+06  8.42837259e+09  3.64e-02 1.65e-08  4.16e+04     8s
  12   1.03013791e+07  1.35545118e+09  3.90e-09 4.89e-09  6.61e+03     8s
  13   1.15458339e+07  5.48702254e+08  3.84e-09 1.51e-09  2.64e+03     8s
  14   1.31336734e+07  2.18383222e+08  3.20e-09 8.15e-10  1.01e+03     8s
  15   1.46417870e+07  1.20276701e+08  2.31e-09 4.66e-10  5.19e+02     8s
  16   1.85846797e+07  7.90313374e+07  2.75e-09 4.66e-10  2.97e+02     8s
  17   2.01616850e+07  4.84906406e+07  1.98e-09 4.66e-10  1.39e+02     8s
  18   2.07276323e+07  3.69116682e+07  1.94e-09 6.98e-10  7.95e+01     8s
  19   2.11288460e+07  3.14967932e+07  2.25e-09 4.66e-10  5.09e+01     8s
  20   2.15224242e+07  2.81645083e+07  2.00e-09 2.33e-10  3.26e+01     8s
  21   2.17925922e+07  2.60076229e+07  1.87e-09 4.66e-10  2.07e+01     8s
  22   2.20537786e+07  2.42070042e+07  2.32e-09 4.66e-10  1.06e+01     8s
  23   2.21894229e+07  2.35833667e+07  3.12e-09 4.66e-10  6.85e+00     8s
  24   2.23410555e+07  2.30804092e+07  8.44e-09 4.66e-10  3.63e+00     8s
  25   2.24189567e+07  2.27580018e+07  2.30e-08 4.66e-10  1.67e+00     9s
  26   2.24478978e+07  2.26387895e+07  3.64e-08 4.66e-10  9.38e-01     9s
  27   2.24653594e+07  2.25903085e+07  5.37e-08 4.66e-10  6.14e-01     9s

Barrier performed 27 iterations in 8.64 seconds (7.36 work units)
Barrier solve interrupted - model solved by another algorithm

Concurrent spin time: 1.69s (can be avoided by choosing Method=3)

Solved with primal simplex

Root relaxation: objective 2.251951e+07, 34081 iterations, 5.38 seconds (4.45 work units)

    Nodes    |    Current Node    |     Objective Bounds      |     Work
 Expl Unexpl |  Obj  Depth IntInf | Incumbent    BestBd   Gap | It/Node Time

     0     0 2.2520e+07    0  585 -3.392e+09 2.2520e+07   101%     -    9s
H    0     0                    -2.76621e+09 2.2520e+07   101%     -   10s
H    0     0                    -2.65226e+09 2.2520e+07   101%     -   13s
     0     0 2.2335e+07    0  664 -2.652e+09 2.2335e+07   101%     -   16s
     0     0 2.2335e+07    0  664 -2.652e+09 2.2335e+07   101%     -   16s
H    0     0                    -1.54466e+09 2.2335e+07   101%     -   17s
     0     0 2.2335e+07    0  698 -1.545e+09 2.2335e+07   101%     -   17s
     0     0 2.2335e+07    0  710 -1.545e+09 2.2335e+07   101%     -   18s
     0     0 2.2307e+07    0  725 -1.545e+09 2.2307e+07   101%     -   20s
     0     0 2.2307e+07    0  725 -1.545e+09 2.2307e+07   101%     -   21s
     0     0 2.2307e+07    0  787 -1.545e+09 2.2307e+07   101%     -   21s
     0     0 2.2307e+07    0  797 -1.545e+09 2.2307e+07   101%     -   21s
     0     0 2.2242e+07    0  728 -1.545e+09 2.2242e+07   101%     -   25s
     0     0 2.2238e+07    0  729 -1.545e+09 2.2238e+07   101%     -   26s
     0     0 2.2238e+07    0  745 -1.545e+09 2.2238e+07   101%     -   27s
     0     0 2.2238e+07    0  758 -1.545e+09 2.2238e+07   101%     -   27s
     0     0 2.2238e+07    0  761 -1.545e+09 2.2238e+07   101%     -   27s
     0     0 2.2171e+07    0  681 -1.545e+09 2.2171e+07   101%     -   31s
     0     0 2.2166e+07    0  698 -1.545e+09 2.2166e+07   101%     -   32s
     0     0 2.2166e+07    0  699 -1.545e+09 2.2166e+07   101%     -   32s
     0     0 2.2164e+07    0  711 -1.545e+09 2.2164e+07   101%     -   33s
     0     0 2.2164e+07    0  728 -1.545e+09 2.2164e+07   101%     -   33s
     0     0 2.2124e+07    0  653 -1.545e+09 2.2124e+07   101%     -   37s
H    0     0                    -1.24666e+09 2.2124e+07   102%     -   38s
     0     0 2.2124e+07    0  685 -1.247e+09 2.2124e+07   102%     -   39s
     0     0 2.2124e+07    0  691 -1.247e+09 2.2124e+07   102%     -   39s
     0     0 2.2114e+07    0  619 -1.247e+09 2.2114e+07   102%     -   42s
     0     0 2.2113e+07    0  637 -1.247e+09 2.2113e+07   102%     -   44s
     0     0 2.2113e+07    0  632 -1.247e+09 2.2113e+07   102%     -   44s
     0     0 2.2109e+07    0  609 -1.247e+09 2.2109e+07   102%     -   46s
H    0     0                    -1.01939e+09 2.2109e+07   102%     -   48s
     0     0 2.2109e+07    0  620 -1.019e+09 2.2109e+07   102%     -   48s
     0     0 2.2109e+07    0  629 -1.019e+09 2.2109e+07   102%     -   48s
     0     0 2.2109e+07    0  598 -1.019e+09 2.2109e+07   102%     -   51s
H    0     0                    -9.45294e+08 2.2109e+07   102%     -   52s
     0     0 2.2108e+07    0  619 -9.453e+08 2.2108e+07   102%     -   52s
     0     0 2.2108e+07    0  604 -9.453e+08 2.2108e+07   102%     -   53s
     0     0 2.2108e+07    0  619 -9.453e+08 2.2108e+07   102%     -   54s
     0     0 2.2108e+07    0  607 -9.453e+08 2.2108e+07   102%     -   57s
     0     0 2.2108e+07    0  604 -9.453e+08 2.2108e+07   102%     -   63s
H    0     0                    -9.26317e+08 2.2108e+07   102%     -   67s
H    0     0                    -9.24089e+08 2.2108e+07   102%     -   68s
H    0     0                    -8.92938e+08 2.2108e+07   102%     -   69s
H    0     0                    -3.82688e+08 2.2108e+07   106%     -   77s
H    0     0                    -2.14704e+08 2.2108e+07   110%     -   79s
H    0     0                    -2.07493e+08 2.2108e+07   111%     -   84s
H    0     0                    -1.90526e+08 2.2108e+07   112%     -   87s
H    0     0                    -1.90526e+08 2.2108e+07   112%     -   94s
H    0     0                    -1.90526e+08 2.2108e+07   112%     -   98s
H    0     2                    -1.90489e+08 2.2108e+07   112%     -  103s
     0     2 2.2108e+07    0  604 -1.905e+08 2.2108e+07   112%     -  103s
    15    32 2.2106e+07    4  595 -1.905e+08 2.2107e+07   112%   281  105s
H   33    64                    -1.90489e+08 2.2107e+07   112%   174  107s
H   44    64                    -1.75757e+08 2.2107e+07   113%   146  107s
   262   351 2.2105e+07   11  597 -1.758e+08 2.2107e+07   113%  81.9  110s
   714   820 2.2105e+07   16  596 -1.758e+08 2.2107e+07   113%  57.8  115s
  1265  1478 2.2105e+07   27  597 -1.758e+08 2.2107e+07   113%  45.3  121s
H 1278  1478                    -1.69941e+08 2.2107e+07   113%  44.9  121s
H 1447  1478                    -1.69042e+08 2.2107e+07   113%  42.6  121s
H 1749  1798                    -1.69042e+08 2.2107e+07   113%  41.6  126s
H 1875  1974                    -1.69039e+08 2.2107e+07   113%  42.2  128s
  1973  2118 2.2103e+07   43  596 -1.690e+08 2.2107e+07   113%  43.0  131s
  2425  2801 2.2101e+07   51  575 -1.690e+08 2.2107e+07   113%  43.6  135s
Created node file directory '/scratch-local/lbeemster.22531203/gurobi_stress_vol8.0_0.0_demand_run3/grbnodes0'
  3141  3190 2.2099e+07   60  559 -1.690e+08 2.2107e+07   113%  45.1  141s
  3189  3271 2.2099e+07   60  555 -1.690e+08 2.2107e+07   113%  44.9  150s
H 3190  3271                    -1.61042e+08 2.2107e+07   114%  44.9  150s
H 3192  3271                    -9.31390e+07 2.2107e+07   124%  44.9  150s
H 3217  3270                    -7.49336e+07 2.2107e+07   130%  44.8  150s
H 3242  3270                    -6.06315e+07 2.2107e+07   136%  44.7  150s
  3270  3315 2.2099e+07   61  559 -6.063e+07 2.2107e+07   136%  44.7  155s
  3321  3675 2.2099e+07   61  555 -6.063e+07 2.2107e+07   136%  45.1  162s
  3684  4064 2.2098e+07   67  552 -6.063e+07 2.2107e+07   136%  44.9  171s
H 3804  4064                    -6.06071e+07 2.2107e+07   136%  44.7  171s
  4455  4862 2.2095e+07   77  523 -6.061e+07 2.2107e+07   136%  45.1  176s
H 4948  5080                    -5.05151e+07 2.2107e+07   144%  45.0  179s
H 4990  5080                    -3.64052e+07 2.2107e+07   161%  44.9  179s
  5102  5498 2.2093e+07   95  511 -3.641e+07 2.2107e+07   161%  44.8  181s
  5529  5803 2.2091e+07  102  501 -3.641e+07 2.2107e+07   161%  45.0  186s
  5836  5851 2.2089e+07  105  508 -3.641e+07 2.2107e+07   161%  45.0  190s
  5884  5899 2.2087e+07  106  508 -3.641e+07 2.2107e+07   161%  45.2  202s
  5932  5947 2.2087e+07  107  506 -3.641e+07 2.2107e+07   161%  45.4  216s
  5980  5995 2.2086e+07  107  497 -3.641e+07 2.2107e+07   161%  45.4  233s
H 5982  5995                    -3.63477e+07 2.2107e+07   161%  45.4  233s
H 6009  5995                    -3.63238e+07 2.2107e+07   161%  45.4  233s
  6028  6392 2.2087e+07  108  503 -3.632e+07 2.2107e+07   161%  45.4  235s
  6425  6842 2.2081e+07  116  500 -3.632e+07 2.2107e+07   161%  45.1  243s
  6875  7294 2.2078e+07  121  495 -3.632e+07 2.2107e+07   161%  44.7  245s
  7327  7569 2.2078e+07  130  491 -3.632e+07 2.2107e+07   161%  44.7  250s
H 7361  7550                    -2.31988e+07 2.2107e+07   195%  44.7  250s
  8097  8539 2.2076e+07  138  486 -2.320e+07 2.2107e+07   195%  44.9  255s
  9140  9643 2.2073e+07  158  458 -2.320e+07 2.2107e+07   195%  44.0  262s
  9762 10251 2.2072e+07  172  455 -2.320e+07 2.2107e+07   195%  43.4  265s
 10898 11482 2.2069e+07  189  448 -2.320e+07 2.2107e+07   195%  42.4  273s
 11618 12158 2.2067e+07  203  445 -2.320e+07 2.2107e+07   195%  41.9  280s
 13024 13009 2.2062e+07  230  446 -2.320e+07 2.2107e+07   195%  41.3  289s
 13168 13809 2.2026e+07  232  444 -2.320e+07 2.2107e+07   195%  41.3  293s
 13970 14652 2.2026e+07  246  429 -2.320e+07 2.2107e+07   195%  40.6  296s
 14817 15529 2.2025e+07  252  429 -2.320e+07 2.2107e+07   195%  40.0  301s
 15700 16387 2.2023e+07  275  410 -2.320e+07 2.2107e+07   195%  39.6  305s
 16564 17235 2.2018e+07  294  400 -2.320e+07 2.2107e+07   195%  39.3  310s
 17424 18169 2.2010e+07  306  396 -2.320e+07 2.2107e+07   195%  39.0  316s
H18370 18020                    -2.11933e+07 2.2107e+07   204%  38.4  345s
H18370 18020                    -2.11927e+07 2.2107e+07   204%  38.4  346s
H18370 17369                    -1.82344e+07 2.2107e+07   221%  38.4  349s
H18370 16710                    -1427918.740 2.2107e+07  1648%  38.4  349s
H18370 16710                    926525.14975 2.2107e+07  2286%  38.4  350s
H18370 15251                    1.268063e+07 2.2107e+07  74.3%  38.4  351s
H18370 13885                    1.901279e+07 2.2107e+07  16.3%  38.4  351s
H18370 13739                    2.101907e+07 2.2107e+07  5.17%  38.4  351s
H18370 13739                    2.105240e+07 2.2107e+07  5.01%  38.4  352s
H18370 13739                    2.106050e+07 2.2107e+07  4.97%  38.4  353s
 18371 13640 2.2098e+07   16  604 2.1060e+07 2.2107e+07  4.97%  38.4  370s
H18372 12958                    2.107868e+07 2.2107e+07  4.88%  38.4  432s
H18372 12311                    2.107877e+07 2.2107e+07  4.88%  38.4  432s
 18373 12311 2.2094e+07   19  342 2.1079e+07 2.2094e+07  4.81%  38.4  442s
 18374 12312 2.2092e+07   57  413 2.1079e+07 2.2092e+07  4.81%  38.4  447s
H18374 11696                    2.109950e+07 2.2083e+07  4.66%  38.4  447s
 18376 11697 2.2077e+07   56  451 2.1100e+07 2.2077e+07  4.63%  38.4  450s
H18382 11116                    2.112165e+07 2.2074e+07  4.51%  38.4  543s
H18383 10561                    2.183350e+07 2.2069e+07  1.08%  38.4  545s

Cutting planes:
  Gomory: 31
  Cover: 13
  Implied bound: 490
  MIR: 499
  Flow cover: 624
  RLT: 1
  Relax-and-lift: 687

Explored 18383 nodes (846187 simplex iterations) in 545.97 seconds (579.33 work units)
Thread count was 48 (of 192 available processors)

Solution count 10: 2.18335e+07 2.11216e+07 2.10995e+07 ... 926525

Optimal solution found (tolerance 2.00e-02)
Best objective 2.183349577082e+07, best bound 2.206905397235e+07, gap 1.0789%
Deleted nodefile directory: /scratch-local/lbeemster.22531203/gurobi_stress_vol8.0_0.0_demand_run3
Saved model snapshot to study_case_model/figures/volatility_stress/vol8.0_0.0_demand/sub70.0/run3/model_snapshot.pkl
  Objective: 21833495.77
  Avg H2 production: 2.049126794743107
  Scenario obj std: 1601284.9412860686
  CVaR 5%: 18729104.64479119
  Worst scenario: 18297210.341358993

============================================================
Volatility multiplier: 16.0x
============================================================
Read LP format model from file /scratch-local/lbeemster.22531203/tmprjts9nht.pyomo.lp
Reading time = 1.78 seconds
x1: 178177 rows, 50626 columns, 1021376 nonzeros
Set parameter OutputFlag to value 1
Set parameter MIPGap to value 0.02
Set parameter Threads to value 48
Set parameter Presolve to value 1
Set parameter Cuts to value 1
Set parameter NodefileStart to value 1
Set parameter NodefileDir to value "/scratch-local/lbeemster.22531203/gurobi_stress_vol16.0_0.0_demand_run3"
Set parameter MemLimit to value 60
Gurobi Optimizer version 12.0.3 build v12.0.3rc0 (linux64 - "Red Hat Enterprise Linux 9.6 (Plow)")

CPU model: AMD EPYC 9654 96-Core Processor, instruction set [SSE2|AVX|AVX2|AVX512]
Thread count: 192 physical cores, 192 logical processors, using up to 48 threads

Non-default parameters:
MemLimit  60
MIPGap  0.02
NodefileStart  1
Cuts  1
Presolve  1
Threads  48

Academic license 2514514 - for non-commercial use only - registered to l.___@student.vu.nl
Optimize a model with 178177 rows, 50626 columns and 1021376 nonzeros
Model fingerprint: 0xba499910
Variable types: 40002 continuous, 10624 integer (10624 binary)
Coefficient statistics:
  Matrix range     [1e-06, 1e+05]
  Objective range  [2e+00, 3e+04]
  Bounds range     [1e+00, 1e+00]
  RHS range        [3e-01, 2e+05]
Presolve removed 34049 rows and 14166 columns
Presolve time: 1.65s
Presolved: 144128 rows, 36460 columns, 945973 nonzeros
Variable types: 28012 continuous, 8448 integer (8448 binary)
Found heuristic solution: objective -2.93245e+09

Deterministic concurrent LP optimizer: primal simplex, dual simplex, and barrier
Showing barrier log only...

Root barrier log...

Ordering time: 2.36s

Barrier statistics:
 AA' NZ     : 1.286e+07
 Factor NZ  : 1.434e+07 (roughly 200 MB of memory)
 Factor Ops : 2.150e+09 (less than 1 second per iteration)
 Threads    : 46

                  Objective                Residual
Iter       Primal          Dual         Primal    Dual     Compl     Time
   0  -3.00482444e+12  1.66176871e+14  3.09e+05 3.68e+04  1.75e+10     7s
   1  -1.87652998e+12  1.04765257e+14  1.75e+05 2.84e+05  7.64e+09     7s
   2  -5.39624295e+11  6.96984719e+13  4.79e+04 1.10e+04  2.11e+09     7s
   3  -4.22332498e+10  1.97656605e+13  3.19e+03 1.35e+01  2.01e+08     7s
   4  -1.24083958e+10  5.08481444e+12  5.43e+02 2.75e-07  3.91e+07     7s
   5  -8.01529530e+09  1.48321497e+12  1.52e+02 9.66e-08  1.04e+07     7s
   6  -3.92959014e+09  6.51259982e+11  4.35e+01 5.12e-08  3.91e+06     7s
   7  -2.31519285e+09  4.26685682e+11  3.09e+01 2.77e-08  2.56e+06     7s
   8  -9.79562313e+08  2.45205073e+11  1.83e+01 1.93e-08  1.46e+06     7s
   9  -4.14237027e+08  8.30501111e+10  4.38e+00 8.85e-09  4.61e+05     7s
  10  -8.92312559e+07  2.97778583e+10  7.51e-01 1.28e-08  1.54e+05     8s
  11  -6.45655513e+06  9.27677304e+09  9.68e-02 1.20e-08  4.61e+04     8s
  12   8.83487431e+06  1.63808936e+09  1.31e-03 2.27e-09  8.01e+03     8s
  13   1.09721285e+07  7.92008597e+08  1.06e-04 1.25e-09  3.84e+03     8s
  14   1.20583072e+07  2.48109260e+08  5.89e-05 7.71e-10  1.16e+03     8s
  15   1.38831488e+07  1.45345089e+08  2.80e-05 4.66e-10  6.46e+02     8s
  16   1.73553332e+07  9.83246737e+07  1.11e-05 4.66e-10  3.98e+02     8s
  17   2.01152231e+07  6.01966559e+07  5.30e-06 4.66e-10  1.97e+02     8s
  18   2.12151053e+07  4.11556706e+07  3.64e-06 4.66e-10  9.80e+01     8s
  19   2.17814320e+07  3.44332961e+07  2.40e-06 4.66e-10  6.22e+01     8s
  20   2.22203295e+07  3.05228609e+07  1.69e-06 4.66e-10  4.08e+01     8s
  21   2.25070040e+07  2.86745007e+07  1.27e-06 4.66e-10  3.03e+01     8s
  22   2.28566154e+07  2.60285446e+07  8.00e-07 4.66e-10  1.56e+01     8s
  23   2.30363226e+07  2.49636278e+07  5.64e-07 4.66e-10  9.47e+00     8s
  24   2.31942696e+07  2.44454432e+07  3.56e-07 4.66e-10  6.15e+00     8s
  25   2.33386703e+07  2.38460260e+07  1.61e-07 4.66e-10  2.49e+00     8s
  26   2.33873039e+07  2.36798638e+07  1.01e-07 4.66e-10  1.44e+00     8s
  27   2.34122285e+07  2.36084128e+07  7.50e-08 4.66e-10  9.64e-01     9s
  28   2.34372918e+07  2.35833002e+07  8.48e-08 4.66e-10  7.17e-01     9s
  29   2.34597744e+07  2.35576062e+07  7.30e-08 4.66e-10  4.81e-01     9s
  30   2.34808492e+07  2.35348572e+07  4.21e-07 4.66e-10  2.65e-01     9s
  31   2.34893923e+07  2.35271046e+07  4.66e-07 4.66e-10  1.85e-01     9s
  32   2.34934539e+07  2.35172217e+07  4.65e-07 4.66e-10  1.17e-01     9s
  33   2.34966410e+07  2.35107033e+07  1.36e-06 4.66e-10  6.91e-02     9s
  34   2.34983134e+07  2.35066389e+07  1.51e-06 4.66e-10  4.09e-02     9s
  35   2.34998324e+07  2.35029594e+07  2.29e-06 6.98e-10  1.54e-02     9s

Barrier performed 35 iterations in 9.01 seconds (8.11 work units)
Barrier solve interrupted - model solved by another algorithm

Concurrent spin time: 0.79s (can be avoided by choosing Method=3)

Solved with dual simplex

Root relaxation: objective 2.350136e+07, 56761 iterations, 5.86 seconds (5.22 work units)

    Nodes    |    Current Node    |     Objective Bounds      |     Work
 Expl Unexpl |  Obj  Depth IntInf | Incumbent    BestBd   Gap | It/Node Time

     0     0 2.3501e+07    0  559 -2.932e+09 2.3501e+07   101%     -   10s
H    0     0                    -2.08945e+09 2.3501e+07   101%     -   11s
H    0     0                    -2.06994e+09 2.3501e+07   101%     -   18s
     0     0 2.3313e+07    0  613 -2.070e+09 2.3313e+07   101%     -   21s
     0     0 2.3312e+07    0  613 -2.070e+09 2.3312e+07   101%     -   21s
H    0     0                    -2.03526e+09 2.3312e+07   101%     -   22s
     0     0 2.3312e+07    0  672 -2.035e+09 2.3312e+07   101%     -   23s
     0     0 2.3312e+07    0  682 -2.035e+09 2.3312e+07   101%     -   23s
     0     0 2.3269e+07    0  645 -2.035e+09 2.3269e+07   101%     -   26s
     0     0 2.3269e+07    0  646 -2.035e+09 2.3269e+07   101%     -   26s
     0     0 2.3267e+07    0  694 -2.035e+09 2.3267e+07   101%     -   27s
     0     0 2.3267e+07    0  700 -2.035e+09 2.3267e+07   101%     -   27s
     0     0 2.3267e+07    0  701 -2.035e+09 2.3267e+07   101%     -   27s
     0     0 2.3175e+07    0  672 -2.035e+09 2.3175e+07   101%     -   31s
     0     0 2.3171e+07    0  676 -2.035e+09 2.3171e+07   101%     -   33s
     0     0 2.3171e+07    0  687 -2.035e+09 2.3171e+07   101%     -   33s
     0     0 2.3170e+07    0  705 -2.035e+09 2.3170e+07   101%     -   34s
     0     0 2.3170e+07    0  705 -2.035e+09 2.3170e+07   101%     -   34s
     0     0 2.3170e+07    0  709 -2.035e+09 2.3170e+07   101%     -   34s
     0     0 2.3106e+07    0  624 -2.035e+09 2.3106e+07   101%     -   38s
H    0     0                    -1.96573e+09 2.3106e+07   101%     -   40s
     0     0 2.3090e+07    0  649 -1.966e+09 2.3090e+07   101%     -   40s
     0     0 2.3090e+07    0  660 -1.966e+09 2.3090e+07   101%     -   40s
     0     0 2.3090e+07    0  667 -1.966e+09 2.3090e+07   101%     -   40s
     0     0 2.3047e+07    0  530 -1.966e+09 2.3047e+07   101%     -   44s
H    0     0                    -1.26640e+09 2.3047e+07   102%     -   45s
     0     0 2.3044e+07    0  560 -1.266e+09 2.3044e+07   102%     -   46s
     0     0 2.3043e+07    0  577 -1.266e+09 2.3043e+07   102%     -   46s
     0     0 2.3043e+07    0  584 -1.266e+09 2.3043e+07   102%     -   46s
     0     0 2.3027e+07    0  572 -1.266e+09 2.3027e+07   102%     -   49s
H    0     0                    -1.12221e+09 2.3027e+07   102%     -   51s
     0     0 2.3026e+07    0  613 -1.122e+09 2.3026e+07   102%     -   51s
     0     0 2.3026e+07    0  622 -1.122e+09 2.3026e+07   102%     -   51s
     0     0 2.3025e+07    0  578 -1.122e+09 2.3025e+07   102%     -   54s
     0     0 2.3024e+07    0  582 -1.122e+09 2.3024e+07   102%     -   55s
     0     0 2.3024e+07    0  582 -1.122e+09 2.3024e+07   102%     -   56s
     0     0 2.3024e+07    0  567 -1.122e+09 2.3024e+07   102%     -   58s
     0     0 2.3023e+07    0  572 -1.122e+09 2.3023e+07   102%     -   60s
     0     0 2.3023e+07    0  577 -1.122e+09 2.3023e+07   102%     -   62s
H    0     0                    -1.05680e+09 2.3023e+07   102%     -   63s
     0     0 2.3023e+07    0  583 -1.057e+09 2.3023e+07   102%     -   63s
     0     0 2.3023e+07    0  576 -1.057e+09 2.3023e+07   102%     -   66s
     0     0 2.3023e+07    0  570 -1.057e+09 2.3023e+07   102%     -   73s
H    0     0                    -1.01162e+09 2.3023e+07   102%     -   76s
H    0     0                    -9.89786e+08 2.3023e+07   102%     -   78s
H    0     0                    -9.10286e+08 2.3023e+07   103%     -   79s
H    0     0                    -8.96612e+08 2.3023e+07   103%     -   83s
H    0     0                    -3.86159e+08 2.3023e+07   106%     -   85s
H    0     0                    -2.58815e+08 2.3023e+07   109%     -   88s
H    0     0                    -1.46672e+08 2.3023e+07   116%     -   91s
H    0     0                    -1.27857e+08 2.3023e+07   118%     -   93s
H    0     0                    -1.27837e+08 2.3023e+07   118%     -   96s
H    0     0                    -1.17173e+08 2.3023e+07   120%     -  100s
H    0     0                    -1.17173e+08 2.3023e+07   120%     -  104s
H    0     0                    -1.17173e+08 2.3023e+07   120%     -  104s
H    0     0                    -1.17173e+08 2.3023e+07   120%     -  104s
H    0     0                    -1.17173e+08 2.3023e+07   120%     -  106s
H    0     0                    -1.17173e+08 2.3023e+07   120%     -  106s
     0     2 2.3023e+07    0  564 -1.172e+08 2.3023e+07   120%     -  110s
   298   358 2.3020e+07    9  578 -1.172e+08 2.3023e+07   120%   102  115s
   736   785 2.3018e+07   15  560 -1.172e+08 2.3023e+07   120%  78.2  121s
H  790   856                    -1.17169e+08 2.3023e+07   120%  76.4  121s
H  823   856                    -1.17118e+08 2.3023e+07   120%  75.2  121s
H  836   856                    -1.13929e+08 2.3023e+07   120%  74.6  121s
  1328  1435 2.3017e+07   23  560 -1.139e+08 2.3023e+07   120%  60.3  125s
  1581  1630 2.3017e+07   29  561 -1.139e+08 2.3023e+07   120%  54.8  141s
H 1600  1630                    -1.11659e+08 2.3023e+07   121%  54.3  141s
  1629  1678 2.3017e+07   30  561 -1.117e+08 2.3023e+07   121%  53.9  145s
H 1640  1678                    -1.11659e+08 2.3023e+07   121%  53.8  145s
  2536  2712 2.3017e+07   50  559 -1.117e+08 2.3023e+07   121%  45.9  150s
H 2762  2819                    -6.26878e+07 2.3023e+07   137%  45.1  159s
H 2785  2819                    -5.70144e+07 2.3023e+07   140%  44.9  159s
H 2786  2819                    -5.44697e+07 2.3023e+07   142%  44.9  160s
H 2809  2819                    -5.28104e+07 2.3023e+07   144%  44.8  160s
H 2819  2819                    -4.89488e+07 2.3023e+07   147%  44.8  160s
Created node file directory '/scratch-local/lbeemster.22531203/gurobi_stress_vol16.0_0.0_demand_run3/grbnodes0'
  3682  3888 2.3010e+07   67  519 -4.895e+07 2.3023e+07   147%  44.6  166s
  4390  4647 2.3010e+07   75  498 -4.895e+07 2.3023e+07   147%  44.1  172s
  5253  5283 2.3009e+07   91  480 -4.895e+07 2.3023e+07   147%  44.4  177s
H 5257  5283                    -4.83365e+07 2.3023e+07   148%  44.4  177s
H 5267  5283                    -4.65376e+07 2.3023e+07   149%  44.4  177s
H 5275  5283                    -4.64999e+07 2.3023e+07   150%  44.3  177s
H 5286  5272                    -4.18164e+07 2.3023e+07   155%  44.3  177s
  5641  5932 2.3006e+07   96  472 -4.182e+07 2.3023e+07   155%  44.3  182s
  5984  6028 2.2996e+07   99  452 -4.182e+07 2.3023e+07   155%  44.2  186s
  6432  6760 2.3000e+07  109  449 -4.182e+07 2.3023e+07   155%  44.4  190s
  7193  7531 2.2999e+07  122  447 -4.182e+07 2.3023e+07   155%  45.2  195s
  8479  8852 2.2998e+07  142  446 -4.182e+07 2.3023e+07   155%  45.0  202s
H 8886  8852                    -4.18163e+07 2.3023e+07   155%  44.5  202s
  8907  9366 2.2997e+07  153  434 -4.182e+07 2.3023e+07   155%  44.4  205s
  9924  9917 2.2993e+07  168  419 -4.182e+07 2.3023e+07   155%  43.4  213s
  9972  9965 2.2993e+07  169  418 -4.182e+07 2.3023e+07   155%  43.4  226s
 10020 10013 2.2993e+07  170  415 -4.182e+07 2.3023e+07   155%  43.4  237s
 10068 10061 2.2993e+07  171  408 -4.182e+07 2.3023e+07   155%  43.3  253s
H10072 10060                    -3.94954e+07 2.3023e+07   158%  43.3  253s
H10073 10060                    -3.70011e+07 2.3023e+07   162%  43.3  253s
H10075 10060                    -3.48461e+07 2.3023e+07   166%  43.3  253s
H10086 10060                    -3.20722e+07 2.3023e+07   172%  43.3  253s
H10116 10121                    -9744152.474 2.3023e+07   336%  43.4  256s
 10766 10806 2.2992e+07  183  405 -9744152.5 2.3023e+07   336%  43.2  262s
H10768 10806                    -9733379.645 2.3023e+07   337%  43.2  262s
H10837 10806                    -7294992.342 2.3023e+07   416%  43.2  262s
 10930 11445 2.2981e+07  183  396 -7294992.3 2.3023e+07   416%  43.0  266s
 12301 12346 2.2977e+07  202  399 -7294992.3 2.3023e+07   416%  42.5  277s
H12313 12337                    48145.585439 2.3023e+07      -  42.5  277s
H12428 12326                    2493079.7047 2.3023e+07   823%  42.6  277s
 12478 12968 2.2975e+07  213  395 2493079.70 2.3023e+07   823%  42.6  281s
 13918 14549 2.2967e+07  237  371 2493079.70 2.3023e+07   823%  42.3  288s
 14726 15319 2.2965e+07  254  356 2493079.70 2.3023e+07   823%  42.0  293s
 15498 16066 2.2961e+07  270  348 2493079.70 2.3023e+07   823%  41.7  297s
 16249 16369 2.2956e+07  280  347 2493079.70 2.3023e+07   823%  41.5  302s
H16257 16369                    2525358.8922 2.3023e+07   812%  41.5  302s
H16346 16344                    9641466.7490 2.3023e+07   139%  41.4  302s
H16411 16344                    9649667.9172 2.3023e+07   139%  41.3  302s
 16554 17222 2.2955e+07  284  342 9649667.92 2.3023e+07   139%  41.2  307s
 17488 18149 2.2949e+07  300  337 9649667.92 2.3023e+07   139%  40.4  311s
H18417 18090                    1.236133e+07 2.3023e+07  86.2%  39.7  343s
H18417 18090                    1.296423e+07 2.3023e+07  77.6%  39.7  343s
H18417 18090                    1.308330e+07 2.3023e+07  76.0%  39.7  345s
H18417 16964                    2.014311e+07 2.3023e+07  14.3%  39.7  345s
H18417 15414                    2.256533e+07 2.3023e+07  2.03%  39.7  346s
H18417 15414                    2.256668e+07 2.3023e+07  2.02%  39.7  346s
H18417 15268                    2.257239e+07 2.3023e+07  1.99%  39.7  350s

Cutting planes:
  Gomory: 11
  Implied bound: 4163
  MIR: 810
  Flow cover: 1263
  RLT: 3
  Relax-and-lift: 71

Explored 18417 nodes (829552 simplex iterations) in 362.31 seconds (420.67 work units)
Thread count was 48 (of 192 available processors)

Solution count 10: 2.25724e+07 2.25724e+07 2.25667e+07 ... 9.64147e+06

Optimal solution found (tolerance 2.00e-02)
Best objective 2.257238523740e+07, best bound 2.302251657738e+07, gap 1.9942%
Deleted nodefile directory: /scratch-local/lbeemster.22531203/gurobi_stress_vol16.0_0.0_demand_run3
Saved model snapshot to study_case_model/figures/volatility_stress/vol16.0_0.0_demand/sub70.0/run3/model_snapshot.pkl
  Objective: 22572385.24
  Avg H2 production: 2.151783280809736
  Scenario obj std: 2585474.5985858324
  CVaR 5%: 17885999.978613477
  Worst scenario: 17613146.776230182

Results saved to study_case_model/figures/volatility_stress/05052026/stress_test_results_70_0.0_price_shock_st_3_.csv

================================================================================
STRESS TEST SUMMARY
================================================================================
    1.0x vol: obj= 21527565.56, loss=0.0%, H2=    2.16, CVaR5=19277277.495687615
    2.0x vol: obj= 21446009.47, loss=0.4%, H2=    2.06, CVaR5=19392225.273736488
    4.0x vol: obj= 21414319.28, loss=0.5%, H2=    2.03, CVaR5=19144427.47472554
    8.0x vol: obj= 21833495.77, loss=-1.4%, H2=    2.05, CVaR5=18729104.64479119
   16.0x vol: obj= 22572385.24, loss=-4.9%, H2=    2.15, CVaR5=17885999.978613477

Finished stress test!
