Gurobi shell based on Python 3.13.1 can be launched with command `gurobi.sh`
Gurobi Python Interface can be loaded in Python 3.13.1 with 'import gurobipy'
/var/spool/slurm/slurmd/job22522895/slurm_script: line 24: activate: No such file or directory
Stress test configuration:
  Volatility multipliers: [1.0, 2.0, 4.0, 8.0, 16.0]
  Shock type: demand
  Price Correlated shocks: 0.8
  Subsidy: 30.0 EUR/MWh
  Deviation allowance: 0.0

============================================================
Volatility multiplier: 1.0x
============================================================
Read LP format model from file /scratch-local/lbeemster.22522895/tmpiab66ccr.pyomo.lp
Reading time = 0.60 seconds
x1: 178177 rows, 50626 columns, 1021376 nonzeros
Set parameter OutputFlag to value 1
Set parameter MIPGap to value 0.02
Set parameter Threads to value 48
Set parameter Presolve to value 1
Set parameter Cuts to value 1
Set parameter NodefileStart to value 1
Set parameter NodefileDir to value "/scratch-local/lbeemster.22522895/gurobi_stress_vol1.0_0.8_demand_run1"
Set parameter MemLimit to value 60
Gurobi Optimizer version 12.0.3 build v12.0.3rc0 (linux64 - "Red Hat Enterprise Linux 9.6 (Plow)")

CPU model: AMD EPYC 9654 96-Core Processor, instruction set [SSE2|AVX|AVX2|AVX512]
Thread count: 192 physical cores, 192 logical processors, using up to 48 threads

Non-default parameters:
MemLimit  60
MIPGap  0.02
NodefileStart  1
Cuts  1
Presolve  1
Threads  48

Academic license 2514514 - for non-commercial use only - registered to l.___@student.vu.nl
Optimize a model with 178177 rows, 50626 columns and 1021376 nonzeros
Model fingerprint: 0x474b5e48
Variable types: 40002 continuous, 10624 integer (10624 binary)
Coefficient statistics:
  Matrix range     [1e-06, 1e+05]
  Objective range  [2e+00, 3e+04]
  Bounds range     [1e+00, 1e+00]
  RHS range        [3e-01, 2e+05]
Presolve removed 34049 rows and 14166 columns
Presolve time: 1.65s
Presolved: 144128 rows, 36460 columns, 945973 nonzeros
Variable types: 28012 continuous, 8448 integer (8448 binary)
Found heuristic solution: objective -5.05671e+09

Deterministic concurrent LP optimizer: primal simplex, dual simplex, and barrier
Showing barrier log only...

Root barrier log...

Ordering time: 2.37s

Barrier statistics:
 AA' NZ     : 1.286e+07
 Factor NZ  : 1.434e+07 (roughly 200 MB of memory)
 Factor Ops : 2.150e+09 (less than 1 second per iteration)
 Threads    : 46

                  Objective                Residual
Iter       Primal          Dual         Primal    Dual     Compl     Time
   0  -3.00570104e+12  1.66225543e+14  3.09e+05 3.68e+04  1.75e+10     7s
   1  -1.87912317e+12  1.04793913e+14  1.75e+05 2.84e+05  7.64e+09     7s
   2  -5.44115350e+11  6.97301183e+13  4.78e+04 1.11e+04  2.11e+09     7s
   3  -4.58262874e+10  1.98219694e+13  3.19e+03 1.36e+01  2.01e+08     7s
   4  -1.41002245e+10  5.21035653e+12  4.96e+02 3.00e-07  3.85e+07     7s
   5  -8.73565587e+09  1.36309745e+12  1.05e+02 1.05e-07  8.82e+06     7s
   6  -3.33170090e+09  6.14943953e+11  4.07e+01 5.03e-08  3.67e+06     7s
   7  -1.63360223e+09  3.95944893e+11  2.24e+01 3.20e-08  2.28e+06     7s
   8  -7.22646102e+08  2.00399088e+11  9.56e+00 3.14e-08  1.11e+06     7s
   9  -1.11502625e+08  5.56779227e+10  1.06e+00 9.08e-09  2.86e+05     7s
  10  -1.16689562e+07  1.56052624e+10  1.40e-01 1.09e-08  7.76e+04     7s

Barrier performed 10 iterations in 7.21 seconds (5.51 work units)
Barrier solve interrupted - model solved by another algorithm

Concurrent spin time: 1.82s (can be avoided by choosing Method=3)

Solved with primal simplex

Root relaxation: objective 2.167337e+07, 49713 iterations, 4.35 seconds (2.79 work units)

    Nodes    |    Current Node    |     Objective Bounds      |     Work
 Expl Unexpl |  Obj  Depth IntInf | Incumbent    BestBd   Gap | It/Node Time

     0     0 2.1673e+07    0  441 -5.057e+09 2.1673e+07   100%     -    8s
H    0     0                    -2.28236e+09 2.1673e+07   101%     -   10s
H    0     0                    -2.28227e+09 2.1673e+07   101%     -   10s
H    0     0                    -2.21988e+09 2.1673e+07   101%     -   10s
H    0     0                    -2.21988e+09 2.1673e+07   101%     -   10s
     0     0 2.1648e+07    0  612 -2.220e+09 2.1648e+07   101%     -   12s
H    0     0                    -1.96767e+09 2.1648e+07   101%     -   13s
     0     0 2.1648e+07    0  690 -1.968e+09 2.1648e+07   101%     -   14s
     0     0 2.1648e+07    0  701 -1.968e+09 2.1648e+07   101%     -   14s
     0     0 2.1635e+07    0  698 -1.968e+09 2.1635e+07   101%     -   16s
     0     0 2.1635e+07    0  725 -1.968e+09 2.1635e+07   101%     -   17s
     0     0 2.1635e+07    0  742 -1.968e+09 2.1635e+07   101%     -   17s
     0     0 2.1618e+07    0  675 -1.968e+09 2.1618e+07   101%     -   21s
     0     0 2.1614e+07    0  733 -1.968e+09 2.1614e+07   101%     -   22s
     0     0 2.1614e+07    0  738 -1.968e+09 2.1614e+07   101%     -   22s
     0     0 2.1614e+07    0  736 -1.968e+09 2.1614e+07   101%     -   22s
     0     0 2.1598e+07    0  627 -1.968e+09 2.1598e+07   101%     -   26s
H    0     0                    -1.88733e+09 2.1598e+07   101%     -   30s
     0     0 2.1598e+07    0  667 -1.887e+09 2.1598e+07   101%     -   30s
     0     0 2.1598e+07    0  710 -1.887e+09 2.1598e+07   101%     -   31s
     0     0 2.1598e+07    0  711 -1.887e+09 2.1598e+07   101%     -   31s
     0     0 2.1598e+07    0  714 -1.887e+09 2.1598e+07   101%     -   31s
     0     0 2.1582e+07    0  561 -1.887e+09 2.1582e+07   101%     -   35s
H    0     0                    -1.51733e+09 2.1582e+07   101%     -   36s
     0     0 2.1581e+07    0  609 -1.517e+09 2.1581e+07   101%     -   37s
     0     0 2.1580e+07    0  609 -1.517e+09 2.1580e+07   101%     -   37s
     0     0 2.1580e+07    0  611 -1.517e+09 2.1580e+07   101%     -   37s
     0     0 2.1572e+07    0  600 -1.517e+09 2.1572e+07   101%     -   40s
H    0     0                    -1.48130e+09 2.1572e+07   101%     -   42s
     0     0 2.1571e+07    0  595 -1.481e+09 2.1571e+07   101%     -   42s
     0     0 2.1571e+07    0  606 -1.481e+09 2.1571e+07   101%     -   42s
     0     0 2.1571e+07    0  616 -1.481e+09 2.1571e+07   101%     -   43s
     0     0 2.1571e+07    0  621 -1.481e+09 2.1571e+07   101%     -   43s
     0     0 2.1564e+07    0  539 -1.481e+09 2.1564e+07   101%     -   46s
H    0     0                    -1.44660e+09 2.1564e+07   101%     -   47s
     0     0 2.1564e+07    0  582 -1.447e+09 2.1564e+07   101%     -   48s
     0     0 2.1564e+07    0  592 -1.447e+09 2.1564e+07   101%     -   48s
     0     0 2.1564e+07    0  569 -1.447e+09 2.1564e+07   101%     -   48s
     0     0 2.1563e+07    0  533 -1.447e+09 2.1563e+07   101%     -   51s
H    0     0                    -1.28439e+09 2.1563e+07   102%     -   52s
     0     0 2.1563e+07    0  530 -1.284e+09 2.1563e+07   102%     -   52s
     0     0 2.1563e+07    0  530 -1.284e+09 2.1563e+07   102%     -   53s
     0     0 2.1563e+07    0  533 -1.284e+09 2.1563e+07   102%     -   53s
     0     0 2.1562e+07    0  500 -1.284e+09 2.1562e+07   102%     -   55s
H    0     0                    -1.12776e+09 2.1562e+07   102%     -   57s
     0     0 2.1562e+07    0  499 -1.128e+09 2.1562e+07   102%     -   57s
     0     0 2.1562e+07    0  472 -1.128e+09 2.1562e+07   102%     -   59s
     0     0 2.1562e+07    0  492 -1.128e+09 2.1562e+07   102%     -   61s
     0     0 2.1562e+07    0  475 -1.128e+09 2.1562e+07   102%     -   61s
     0     0 2.1562e+07    0  475 -1.128e+09 2.1562e+07   102%     -   66s
H    0     0                    -7.85709e+08 2.1562e+07   103%     -   71s
H    0     0                    -5.78648e+08 2.1562e+07   104%     -   74s
H    0     0                    -5.71966e+08 2.1562e+07   104%     -   78s
H    0     0                    -1.01105e+08 2.1562e+07   121%     -   80s
H    0     0                    -7.92830e+07 2.1562e+07   127%     -   85s
H    0     0                    -7.92828e+07 2.1562e+07   127%     -   85s
H    0     0                    -7.89451e+07 2.1562e+07   127%     -   89s
H    0     0                    -7.89451e+07 2.1562e+07   127%     -   89s
H    0     0                    -7.89451e+07 2.1562e+07   127%     -   89s
H    0     0                    -7.89439e+07 2.1562e+07   127%     -   90s
H    0     0                    -7.89439e+07 2.1562e+07   127%     -   90s
H    0     0                    -7.89332e+07 2.1562e+07   127%     -   90s
H    0     0                    -7.89330e+07 2.1562e+07   127%     -   90s
     0     2 2.1562e+07    0  475 -7.893e+07 2.1562e+07   127%     -   93s
     7    16 2.1561e+07    3  479 -7.893e+07 2.1561e+07   127%   438   95s
    63   112 2.1559e+07    6  482 -7.893e+07 2.1559e+07   127%   264  101s
H   68   112                    -4.78101e+07 2.1559e+07   145%   251  101s
H   76   112                    -4.26776e+07 2.1559e+07   151%   230  101s
H   77   112                    -3.36660e+07 2.1559e+07   164%   227  101s
   306   361 2.1558e+07   11  482 -3.367e+07 2.1559e+07   164%   147  105s
   757   880 2.1550e+07   18  471 -3.367e+07 2.1559e+07   164%   131  110s
H 1148  1172                    -3.36659e+07 2.1559e+07   164%   107  113s
H 1289  1338                    -3.36659e+07 2.1559e+07   164%   100  117s
  1877  2034 2.1548e+07   33  449 -3.367e+07 2.1559e+07   164%  82.6  120s
H 2475  2571                    1.192958e+07 2.1559e+07  80.7%  72.5  124s
  2570  2676 2.1548e+07   39  436 1.1930e+07 2.1559e+07  80.7%  71.5  125s
  3302  2789 2.1545e+07   50  447 1.1930e+07 2.1559e+07  80.7%  72.9  130s
H 3559  2816                    1.192963e+07 2.1559e+07  80.7%  71.1  134s
H 3636  2816                    1.193014e+07 2.1559e+07  80.7%  70.5  134s
  3733  2668 2.1544e+07   57  440 1.1930e+07 2.1559e+07  80.7%  69.9  137s
  3781  2671 2.1544e+07   58  439 1.1930e+07 2.1559e+07  80.7%  69.5  146s
H 3804  2671                    1.378522e+07 2.1559e+07  56.4%  69.3  146s
  4249  3080 2.1543e+07   67  433 1.3785e+07 2.1559e+07  56.4%  68.0  151s
Created node file directory '/scratch-local/lbeemster.22522895/gurobi_stress_vol1.0_0.8_demand_run1/grbnodes0'
  4866  3540 2.1541e+07   77  425 1.3785e+07 2.1559e+07  56.4%  64.6  156s
H 4876  2737                    2.142846e+07 2.1559e+07  0.61%  64.4  156s

Cutting planes:
  Gomory: 8
  Implied bound: 3428
  MIR: 873
  Flow cover: 1464
  RLT: 4
  Relax-and-lift: 81

Explored 4983 nodes (410473 simplex iterations) in 156.64 seconds (176.58 work units)
Thread count was 48 (of 192 available processors)

Solution count 10: 2.14285e+07 2.14285e+07 1.37852e+07 ... -7.89332e+07

Optimal solution found (tolerance 2.00e-02)
Warning: max constraint violation (4.0892e-06) exceeds tolerance
Best objective 2.142848016414e+07, best bound 2.155905661594e+07, gap 0.6094%
Deleted nodefile directory: /scratch-local/lbeemster.22522895/gurobi_stress_vol1.0_0.8_demand_run1
Saved model snapshot to study_case_model/figures/volatility_stress/vol1.0_0.8_demand/sub30.0/run1/model_snapshot.pkl
  Objective: 21428480.16
  Avg H2 production: 0.5275974563450834
  Scenario obj std: 1407746.0269054763
  CVaR 5%: 19372085.216060128
  Worst scenario: 19372085.216059674

============================================================
Volatility multiplier: 2.0x
============================================================
Read LP format model from file /scratch-local/lbeemster.22522895/tmpdfweb2lp.pyomo.lp
Reading time = 1.02 seconds
x1: 178177 rows, 50626 columns, 1021376 nonzeros
Set parameter OutputFlag to value 1
Set parameter MIPGap to value 0.02
Set parameter Threads to value 48
Set parameter Presolve to value 1
Set parameter Cuts to value 1
Set parameter NodefileStart to value 1
Set parameter NodefileDir to value "/scratch-local/lbeemster.22522895/gurobi_stress_vol2.0_0.8_demand_run1"
Set parameter MemLimit to value 60
Gurobi Optimizer version 12.0.3 build v12.0.3rc0 (linux64 - "Red Hat Enterprise Linux 9.6 (Plow)")

CPU model: AMD EPYC 9654 96-Core Processor, instruction set [SSE2|AVX|AVX2|AVX512]
Thread count: 192 physical cores, 192 logical processors, using up to 48 threads

Non-default parameters:
MemLimit  60
MIPGap  0.02
NodefileStart  1
Cuts  1
Presolve  1
Threads  48

Academic license 2514514 - for non-commercial use only - registered to l.___@student.vu.nl
Optimize a model with 178177 rows, 50626 columns and 1021376 nonzeros
Model fingerprint: 0xb80a1ec0
Variable types: 40002 continuous, 10624 integer (10624 binary)
Coefficient statistics:
  Matrix range     [1e-06, 1e+05]
  Objective range  [2e+00, 3e+04]
  Bounds range     [1e+00, 1e+00]
  RHS range        [3e-01, 2e+05]
Presolve removed 34049 rows and 14166 columns
Presolve time: 1.77s
Presolved: 144128 rows, 36460 columns, 945973 nonzeros
Variable types: 28012 continuous, 8448 integer (8448 binary)
Found heuristic solution: objective -5.20261e+09

Deterministic concurrent LP optimizer: primal simplex, dual simplex, and barrier
Showing barrier log only...

Root barrier log...

Ordering time: 2.40s

Barrier statistics:
 AA' NZ     : 1.286e+07
 Factor NZ  : 1.434e+07 (roughly 200 MB of memory)
 Factor Ops : 2.150e+09 (less than 1 second per iteration)
 Threads    : 46

                  Objective                Residual
Iter       Primal          Dual         Primal    Dual     Compl     Time
   0  -3.00559014e+12  1.66224449e+14  3.09e+05 3.68e+04  1.75e+10     7s
   1  -1.87901786e+12  1.04792498e+14  1.75e+05 2.84e+05  7.64e+09     7s
   2  -5.43949636e+11  6.97281862e+13  4.78e+04 1.11e+04  2.11e+09     7s
   3  -4.58732702e+10  1.98231572e+13  3.19e+03 1.37e+01  2.01e+08     7s
   4  -1.45595389e+10  5.21416952e+12  5.19e+02 2.07e-07  3.91e+07     7s
   5  -9.20312822e+09  1.40293750e+12  1.21e+02 1.49e-07  9.35e+06     7s
   6  -3.36063351e+09  5.80856929e+11  4.22e+01 5.42e-08  3.52e+06     7s
   7  -1.60440027e+09  3.64551981e+11  2.41e+01 2.96e-08  2.14e+06     7s
   8  -7.03326134e+08  1.89569447e+11  9.44e+00 1.76e-08  1.06e+06     7s
   9  -1.31704972e+08  6.69413136e+10  1.31e+00 7.16e-09  3.44e+05     7s
  10  -6.94364879e+06  1.73384058e+10  9.38e-02 9.45e-09  8.58e+04     8s

Barrier performed 10 iterations in 7.55 seconds (5.52 work units)
Barrier solve interrupted - model solved by another algorithm

Concurrent spin time: 1.97s (can be avoided by choosing Method=3)

Solved with primal simplex

Root relaxation: objective 2.173307e+07, 51213 iterations, 4.52 seconds (2.79 work units)

    Nodes    |    Current Node    |     Objective Bounds      |     Work
 Expl Unexpl |  Obj  Depth IntInf | Incumbent    BestBd   Gap | It/Node Time

     0     0 2.1733e+07    0  443 -5.203e+09 2.1733e+07   100%     -    9s
H    0     0                    -2.24535e+09 2.1733e+07   101%     -   10s
H    0     0                    -2.24289e+09 2.1733e+07   101%     -   13s
     0     0 2.1706e+07    0  627 -2.243e+09 2.1706e+07   101%     -   15s
H    0     0                    -1.63425e+09 2.1706e+07   101%     -   16s
     0     0 2.1706e+07    0  701 -1.634e+09 2.1706e+07   101%     -   16s
     0     0 2.1706e+07    0  708 -1.634e+09 2.1706e+07   101%     -   17s
     0     0 2.1699e+07    0  697 -1.634e+09 2.1699e+07   101%     -   19s
     0     0 2.1698e+07    0  717 -1.634e+09 2.1698e+07   101%     -   19s
     0     0 2.1698e+07    0  741 -1.634e+09 2.1698e+07   101%     -   20s
     0     0 2.1667e+07    0  688 -1.634e+09 2.1667e+07   101%     -   23s
     0     0 2.1666e+07    0  728 -1.634e+09 2.1666e+07   101%     -   24s
     0     0 2.1666e+07    0  757 -1.634e+09 2.1666e+07   101%     -   24s
     0     0 2.1666e+07    0  754 -1.634e+09 2.1666e+07   101%     -   25s
     0     0 2.1642e+07    0  646 -1.634e+09 2.1642e+07   101%     -   29s
     0     0 2.1638e+07    0  642 -1.634e+09 2.1638e+07   101%     -   30s
     0     0 2.1638e+07    0  674 -1.634e+09 2.1638e+07   101%     -   31s
     0     0 2.1638e+07    0  670 -1.634e+09 2.1638e+07   101%     -   31s
     0     0 2.1621e+07    0  589 -1.634e+09 2.1621e+07   101%     -   35s
H    0     0                    -1.56218e+09 2.1621e+07   101%     -   37s
     0     0 2.1620e+07    0  609 -1.562e+09 2.1620e+07   101%     -   37s
     0     0 2.1620e+07    0  630 -1.562e+09 2.1620e+07   101%     -   38s
     0     0 2.1620e+07    0  625 -1.562e+09 2.1620e+07   101%     -   38s
     0     0 2.1606e+07    0  515 -1.562e+09 2.1606e+07   101%     -   42s
H    0     0                    -6.72667e+08 2.1606e+07   103%     -   43s
     0     0 2.1606e+07    0  516 -6.727e+08 2.1606e+07   103%     -   43s
     0     0 2.1606e+07    0  524 -6.727e+08 2.1606e+07   103%     -   44s
     0     0 2.1603e+07    0  497 -6.727e+08 2.1603e+07   103%     -   47s
H    0     0                    -4.59916e+08 2.1603e+07   105%     -   48s
     0     0 2.1603e+07    0  516 -4.599e+08 2.1603e+07   105%     -   48s
     0     0 2.1601e+07    0  511 -4.599e+08 2.1601e+07   105%     -   51s
     0     0 2.1601e+07    0  511 -4.599e+08 2.1601e+07   105%     -   51s
     0     0 2.1600e+07    0  508 -4.599e+08 2.1600e+07   105%     -   54s
H    0     0                    -3.95374e+08 2.1600e+07   105%     -   55s
     0     0 2.1600e+07    0  489 -3.954e+08 2.1600e+07   105%     -   56s
     0     0 2.1600e+07    0  478 -3.954e+08 2.1600e+07   105%     -   56s
H    0     0                    -3.43964e+08 2.1600e+07   106%     -   57s
     0     0 2.1600e+07    0  511 -3.440e+08 2.1600e+07   106%     -   58s
     0     0 2.1600e+07    0  489 -3.440e+08 2.1600e+07   106%     -   60s
     0     0 2.1600e+07    0  456 -3.440e+08 2.1600e+07   106%     -   66s
H    0     0                    -3.17779e+08 2.1600e+07   107%     -   70s
H    0     0                    -3.17754e+08 2.1600e+07   107%     -   72s
H    0     0                    -2.98155e+08 2.1600e+07   107%     -   76s
H    0     0                    -2.96169e+08 2.1600e+07   107%     -   80s
H    0     0                    -2.93492e+08 2.1600e+07   107%     -   80s
H    0     0                    -2.85640e+08 2.1600e+07   108%     -   83s
H    0     0                    -2.10361e+08 2.1600e+07   110%     -   85s
H    0     0                    -1.85492e+08 2.1600e+07   112%     -   87s
H    0     0                    -1.79036e+08 2.1600e+07   112%     -   89s
H    0     0                    2.155590e+07 2.1600e+07  0.20%     -   93s

Cutting planes:
  Gomory: 2
  Implied bound: 3563
  MIR: 632
  Flow cover: 1153
  RLT: 4
  Relax-and-lift: 50

Explored 1 nodes (92680 simplex iterations) in 93.84 seconds (95.53 work units)
Thread count was 48 (of 192 available processors)

Solution count 10: 2.15559e+07 -1.79036e+08 -1.85492e+08 ... -3.17779e+08

Optimal solution found (tolerance 2.00e-02)
Best objective 2.155590081998e+07, best bound 2.159975888598e+07, gap 0.2035%
Deleted nodefile directory: /scratch-local/lbeemster.22522895/gurobi_stress_vol2.0_0.8_demand_run1
Saved model snapshot to study_case_model/figures/volatility_stress/vol2.0_0.8_demand/sub30.0/run1/model_snapshot.pkl
  Objective: 21555900.82
  Avg H2 production: 0.5108673609608239
  Scenario obj std: 1550788.8537579675
  CVaR 5%: 19243520.279307727
  Worst scenario: 19239781.189637974

============================================================
Volatility multiplier: 4.0x
============================================================
Read LP format model from file /scratch-local/lbeemster.22522895/tmpyx1f2459.pyomo.lp
Reading time = 1.32 seconds
x1: 178177 rows, 50626 columns, 1021376 nonzeros
Set parameter OutputFlag to value 1
Set parameter MIPGap to value 0.02
Set parameter Threads to value 48
Set parameter Presolve to value 1
Set parameter Cuts to value 1
Set parameter NodefileStart to value 1
Set parameter NodefileDir to value "/scratch-local/lbeemster.22522895/gurobi_stress_vol4.0_0.8_demand_run1"
Set parameter MemLimit to value 60
Gurobi Optimizer version 12.0.3 build v12.0.3rc0 (linux64 - "Red Hat Enterprise Linux 9.6 (Plow)")

CPU model: AMD EPYC 9654 96-Core Processor, instruction set [SSE2|AVX|AVX2|AVX512]
Thread count: 192 physical cores, 192 logical processors, using up to 48 threads

Non-default parameters:
MemLimit  60
MIPGap  0.02
NodefileStart  1
Cuts  1
Presolve  1
Threads  48

Academic license 2514514 - for non-commercial use only - registered to l.___@student.vu.nl
Optimize a model with 178177 rows, 50626 columns and 1021376 nonzeros
Model fingerprint: 0x73e4a5e1
Variable types: 40002 continuous, 10624 integer (10624 binary)
Coefficient statistics:
  Matrix range     [1e-06, 1e+05]
  Objective range  [2e+00, 3e+04]
  Bounds range     [1e+00, 1e+00]
  RHS range        [3e-01, 2e+05]
Presolve removed 34049 rows and 14166 columns
Presolve time: 1.75s
Presolved: 144128 rows, 36460 columns, 945973 nonzeros
Variable types: 28012 continuous, 8448 integer (8448 binary)
Found heuristic solution: objective -5.21239e+09

Deterministic concurrent LP optimizer: primal simplex, dual simplex, and barrier
Showing barrier log only...

Root barrier log...

Ordering time: 2.40s

Barrier statistics:
 AA' NZ     : 1.286e+07
 Factor NZ  : 1.434e+07 (roughly 200 MB of memory)
 Factor Ops : 2.150e+09 (less than 1 second per iteration)
 Threads    : 46

                  Objective                Residual
Iter       Primal          Dual         Primal    Dual     Compl     Time
   0  -3.00521474e+12  1.66220536e+14  3.09e+05 3.68e+04  1.75e+10     7s
   1  -1.87864184e+12  1.04788572e+14  1.75e+05 2.84e+05  7.64e+09     7s
   2  -5.43456781e+11  6.97230703e+13  4.78e+04 1.11e+04  2.11e+09     7s
   3  -4.57885529e+10  1.98208817e+13  3.20e+03 1.38e+01  2.01e+08     7s
   4  -1.49545756e+10  5.20223907e+12  5.44e+02 2.49e-07  3.97e+07     7s
   5  -9.89562213e+09  1.39572191e+12  1.52e+02 8.34e-08  9.92e+06     7s
   6  -3.30134641e+09  6.34104089e+11  4.34e+01 5.01e-08  3.82e+06     7s
   7  -1.84898697e+09  4.18244450e+11  2.71e+01 3.28e-08  2.46e+06     7s
   8  -1.00845586e+09  2.38781762e+11  1.17e+01 1.98e-08  1.34e+06     7s
   9  -1.64361956e+08  6.25583541e+10  1.17e+00 9.43e-09  3.21e+05     7s
  10  -1.11040293e+07  1.51716352e+10  8.44e-02 7.47e-09  7.51e+04     7s
  11   4.62298058e+06  5.55978145e+09  1.29e-02 3.49e-09  2.73e+04     7s
  12   8.38407465e+06  1.23823820e+09  3.85e-09 3.96e-09  6.04e+03     8s
  13   9.85378725e+06  4.42086454e+08  3.30e-09 1.40e-09  2.12e+03     8s
  14   1.18058805e+07  1.58118218e+08  2.20e-09 6.98e-10  7.19e+02     8s
  15   1.40685297e+07  1.06510174e+08  1.59e-09 4.66e-10  4.54e+02     8s
  16   1.86830308e+07  7.46687306e+07  1.89e-09 4.66e-10  2.75e+02     8s
  17   2.03299969e+07  4.32260566e+07  1.74e-09 4.66e-10  1.12e+02     8s
  18   2.05727131e+07  3.28841413e+07  2.26e-09 4.66e-10  6.05e+01     8s
  19   2.10722876e+07  2.73205773e+07  2.62e-09 4.66e-10  3.07e+01     8s
  20   2.12972540e+07  2.53409353e+07  2.21e-09 2.33e-10  1.99e+01     8s
  21   2.15071027e+07  2.41598717e+07  2.05e-09 4.66e-10  1.30e+01     8s
  22   2.16734308e+07  2.27550656e+07  2.72e-09 4.66e-10  5.31e+00     8s

Barrier performed 22 iterations in 8.18 seconds (6.64 work units)
Barrier solve interrupted - model solved by another algorithm

Concurrent spin time: 2.32s (can be avoided by choosing Method=3)

Solved with primal simplex

Root relaxation: objective 2.188999e+07, 44150 iterations, 5.30 seconds (3.91 work units)

    Nodes    |    Current Node    |     Objective Bounds      |     Work
 Expl Unexpl |  Obj  Depth IntInf | Incumbent    BestBd   Gap | It/Node Time

     0     0 2.1890e+07    0  399 -5.212e+09 2.1890e+07   100%     -    9s
H    0     0                    -2.86133e+09 2.1890e+07   101%     -   10s
H    0     0                    -2.85343e+09 2.1890e+07   101%     -   12s
     0     0 2.1853e+07    0  598 -2.853e+09 2.1853e+07   101%     -   14s
H    0     0                    -2.37617e+09 2.1853e+07   101%     -   16s
     0     0 2.1853e+07    0  661 -2.376e+09 2.1853e+07   101%     -   16s
     0     0 2.1853e+07    0  666 -2.376e+09 2.1853e+07   101%     -   16s
     0     0 2.1833e+07    0  601 -2.376e+09 2.1833e+07   101%     -   19s
     0     0 2.1832e+07    0  635 -2.376e+09 2.1832e+07   101%     -   19s
     0     0 2.1832e+07    0  638 -2.376e+09 2.1832e+07   101%     -   19s
     0     0 2.1806e+07    0  632 -2.376e+09 2.1806e+07   101%     -   22s
H    0     0                    -2.36706e+09 2.1806e+07   101%     -   24s
     0     0 2.1806e+07    0  642 -2.367e+09 2.1806e+07   101%     -   24s
     0     0 2.1806e+07    0  664 -2.367e+09 2.1806e+07   101%     -   24s
     0     0 2.1806e+07    0  664 -2.367e+09 2.1806e+07   101%     -   25s
     0     0 2.1783e+07    0  552 -2.367e+09 2.1783e+07   101%     -   28s
H    0     0                    -1.34256e+09 2.1783e+07   102%     -   29s
     0     0 2.1783e+07    0  571 -1.343e+09 2.1783e+07   102%     -   30s
     0     0 2.1783e+07    0  566 -1.343e+09 2.1783e+07   102%     -   30s
     0     0 2.1783e+07    0  571 -1.343e+09 2.1783e+07   102%     -   30s
     0     0 2.1772e+07    0  463 -1.343e+09 2.1772e+07   102%     -   33s
H    0     0                    -7.26903e+08 2.1772e+07   103%     -   35s
     0     0 2.1772e+07    0  479 -7.269e+08 2.1772e+07   103%     -   35s
     0     0 2.1772e+07    0  491 -7.269e+08 2.1772e+07   103%     -   35s
     0     0 2.1772e+07    0  496 -7.269e+08 2.1772e+07   103%     -   35s
     0     0 2.1762e+07    0  433 -7.269e+08 2.1762e+07   103%     -   38s
H    0     0                    -7.05133e+08 2.1762e+07   103%     -   39s
     0     0 2.1762e+07    0  424 -7.051e+08 2.1762e+07   103%     -   40s
     0     0 2.1762e+07    0  463 -7.051e+08 2.1762e+07   103%     -   40s
     0     0 2.1762e+07    0  460 -7.051e+08 2.1762e+07   103%     -   40s
     0     0 2.1758e+07    0  431 -7.051e+08 2.1758e+07   103%     -   43s
H    0     0                    -4.57404e+08 2.1758e+07   105%     -   44s
     0     0 2.1758e+07    0  440 -4.574e+08 2.1758e+07   105%     -   44s
     0     0 2.1758e+07    0  454 -4.574e+08 2.1758e+07   105%     -   45s
     0     0 2.1757e+07    0  405 -4.574e+08 2.1757e+07   105%     -   47s
     0     0 2.1757e+07    0  410 -4.574e+08 2.1757e+07   105%     -   49s
     0     0 2.1757e+07    0  349 -4.574e+08 2.1757e+07   105%     -   51s
H    0     0                    -4.23347e+08 2.1757e+07   105%     -   52s
     0     0 2.1757e+07    0  358 -4.233e+08 2.1757e+07   105%     -   52s
     0     0 2.1757e+07    0  352 -4.233e+08 2.1757e+07   105%     -   53s
     0     0 2.1757e+07    0  358 -4.233e+08 2.1757e+07   105%     -   53s
     0     0 2.1757e+07    0  347 -4.233e+08 2.1757e+07   105%     -   55s
     0     0 2.1757e+07    0  333 -4.233e+08 2.1757e+07   105%     -   59s
H    0     0                    -4.19006e+08 2.1757e+07   105%     -   60s
H    0     0                    -4.18937e+08 2.1757e+07   105%     -   65s
H    0     0                    -3.73061e+08 2.1757e+07   106%     -   70s
H    0     0                    -3.11711e+08 2.1757e+07   107%     -   72s
H    0     0                    -1.78900e+08 2.1757e+07   112%     -   76s
H    0     0                    -1.27689e+08 2.1757e+07   117%     -   79s
     0     2 2.1757e+07    0  331 -1.277e+08 2.1757e+07   117%     -   87s
    56    64 2.1752e+07    5  330 -1.277e+08 2.1756e+07   117%   172   90s
   695   745 2.1752e+07   14  341 -1.277e+08 2.1756e+07   117%  69.9   95s
H  765   793                    -1.27689e+08 2.1756e+07   117%  68.3   96s
  1238  1390 2.1754e+07   21  350 -1.277e+08 2.1756e+07   117%  59.0  100s
  1964  2075 2.1753e+07   36  353 -1.277e+08 2.1756e+07   117%  48.7  105s
H 1974  2075                    -1.09891e+08 2.1756e+07   120%  48.5  105s
H 1981  2075                    -1.01666e+08 2.1756e+07   121%  48.7  105s
H 1993  2075                    -7.64644e+07 2.1756e+07   128%  48.4  105s
H 2000  2075                    -1.79284e+07 2.1756e+07   221%  48.3  105s
H 2050  2075                    6904344.5643 2.1756e+07   215%  47.9  105s
  2226  2233 2.1753e+07   42  359 6904344.56 2.1756e+07   215%  49.9  110s
H 2274  2277                    6925650.7290 2.1756e+07   214%  51.8  119s
H 2277  2277                    6939538.6786 2.1756e+07   214%  52.1  119s
H 2280  2277                    2.170242e+07 2.1756e+07  0.25%  52.2  119s

Cutting planes:
  Gomory: 6
  Implied bound: 2976
  MIR: 670
  Flow cover: 1093
  Relax-and-lift: 95

Explored 2326 nodes (200012 simplex iterations) in 119.62 seconds (128.66 work units)
Thread count was 48 (of 192 available processors)

Solution count 10: 2.17024e+07 6.93954e+06 6.92565e+06 ... -1.789e+08

Optimal solution found (tolerance 2.00e-02)
Best objective 2.170241641596e+07, best bound 2.175602507344e+07, gap 0.2470%
Deleted nodefile directory: /scratch-local/lbeemster.22522895/gurobi_stress_vol4.0_0.8_demand_run1
Saved model snapshot to study_case_model/figures/volatility_stress/vol4.0_0.8_demand/sub30.0/run1/model_snapshot.pkl
  Objective: 21702416.42
  Avg H2 production: 0.6037518181423984
  Scenario obj std: 1867257.478767489
  CVaR 5%: 18842368.233235005
  Worst scenario: 18800171.164527517

============================================================
Volatility multiplier: 8.0x
============================================================
Read LP format model from file /scratch-local/lbeemster.22522895/tmp6oyj0aw4.pyomo.lp
Reading time = 1.19 seconds
x1: 178177 rows, 50626 columns, 1021376 nonzeros
Set parameter OutputFlag to value 1
Set parameter MIPGap to value 0.02
Set parameter Threads to value 48
Set parameter Presolve to value 1
Set parameter Cuts to value 1
Set parameter NodefileStart to value 1
Set parameter NodefileDir to value "/scratch-local/lbeemster.22522895/gurobi_stress_vol8.0_0.8_demand_run1"
Set parameter MemLimit to value 60
Gurobi Optimizer version 12.0.3 build v12.0.3rc0 (linux64 - "Red Hat Enterprise Linux 9.6 (Plow)")

CPU model: AMD EPYC 9654 96-Core Processor, instruction set [SSE2|AVX|AVX2|AVX512]
Thread count: 192 physical cores, 192 logical processors, using up to 48 threads

Non-default parameters:
MemLimit  60
MIPGap  0.02
NodefileStart  1
Cuts  1
Presolve  1
Threads  48

Academic license 2514514 - for non-commercial use only - registered to l.___@student.vu.nl
Optimize a model with 178177 rows, 50626 columns and 1021376 nonzeros
Model fingerprint: 0x955df0bd
Variable types: 40002 continuous, 10624 integer (10624 binary)
Coefficient statistics:
  Matrix range     [1e-06, 1e+05]
  Objective range  [2e+00, 3e+04]
  Bounds range     [1e+00, 1e+00]
  RHS range        [3e-01, 3e+05]
Presolve removed 34049 rows and 14166 columns
Presolve time: 1.75s
Presolved: 144128 rows, 36460 columns, 945973 nonzeros
Variable types: 28012 continuous, 8448 integer (8448 binary)
Found heuristic solution: objective -4.84781e+09

Deterministic concurrent LP optimizer: primal simplex, dual simplex, and barrier
Showing barrier log only...

Root barrier log...

Ordering time: 2.40s

Barrier statistics:
 AA' NZ     : 1.286e+07
 Factor NZ  : 1.434e+07 (roughly 200 MB of memory)
 Factor Ops : 2.150e+09 (less than 1 second per iteration)
 Threads    : 46

                  Objective                Residual
Iter       Primal          Dual         Primal    Dual     Compl     Time
   0  -3.00432108e+12  1.66211037e+14  3.09e+05 3.68e+04  1.75e+10     7s
   1  -1.87773589e+12  1.04780727e+14  1.75e+05 2.84e+05  7.64e+09     7s
   2  -5.42387141e+11  6.97140574e+13  4.78e+04 1.11e+04  2.11e+09     7s
   3  -4.52175281e+10  1.98135178e+13  3.20e+03 1.39e+01  2.02e+08     7s
   4  -1.47838870e+10  5.17549103e+12  5.46e+02 1.88e-07  3.97e+07     7s
   5  -9.75535551e+09  1.42551450e+12  1.41e+02 1.07e-07  9.88e+06     7s
   6  -4.82409800e+09  6.53491939e+11  6.36e+01 7.01e-08  4.25e+06     7s
   7  -1.66769908e+09  3.79089482e+11  3.78e+01 3.54e-08  2.41e+06     7s
   8  -9.57342584e+08  1.77037853e+11  1.70e+01 1.97e-08  1.09e+06     7s
   9  -2.64510789e+08  6.28113817e+10  2.75e+00 7.80e-09  3.40e+05     7s
  10  -4.98337135e+07  2.72342067e+10  4.83e-01 3.65e-08  1.38e+05     7s
  11  -1.51374701e+05  1.14360261e+10  6.45e-02 2.21e-08  5.65e+04     8s
  12   1.00953336e+07  1.31337815e+09  4.05e-09 2.02e-09  6.40e+03     8s
  13   1.15405848e+07  6.47082719e+08  2.67e-09 1.16e-09  3.12e+03     8s
  14   1.34087543e+07  1.82888911e+08  2.32e-09 6.33e-10  8.33e+02     8s
  15   1.48917532e+07  1.21072597e+08  1.92e-09 4.66e-10  5.22e+02     8s
  16   1.97800061e+07  8.11600211e+07  2.46e-09 4.66e-10  3.02e+02     8s
  17   2.04606255e+07  4.55792951e+07  2.02e-09 4.66e-10  1.23e+02     8s
  18   2.04017823e+07  3.77799581e+07  2.21e-09 4.66e-10  8.54e+01     8s
  19   2.12913028e+07  2.95958322e+07  2.92e-09 4.66e-10  4.08e+01     8s
  20   2.15060000e+07  2.65184022e+07  2.00e-09 4.66e-10  2.46e+01     8s
  21   2.17930204e+07  2.46307507e+07  2.94e-09 4.66e-10  1.39e+01     8s
  22   2.20219835e+07  2.35047031e+07  5.06e-09 4.66e-10  7.28e+00     8s
  23   2.20850686e+07  2.30634161e+07  5.14e-09 4.66e-10  4.81e+00     8s
  24   2.21437304e+07  2.24559492e+07  1.35e-08 4.66e-10  1.53e+00     8s
  25   2.22029449e+07  2.23474670e+07  3.23e-08 4.66e-10  7.10e-01     8s
  26   2.22325145e+07  2.23178852e+07  4.52e-08 4.66e-10  4.19e-01     8s
  27   2.22435756e+07  2.23026276e+07  5.91e-08 4.66e-10  2.90e-01     8s
  28   2.22539637e+07  2.22848731e+07  9.08e-08 4.66e-10  1.52e-01     9s
  29   2.22581275e+07  2.22787538e+07  2.52e-07 4.66e-10  1.01e-01     9s

Barrier performed 29 iterations in 8.59 seconds (7.35 work units)
Barrier solve interrupted - model solved by another algorithm

Concurrent spin time: 1.96s (can be avoided by choosing Method=3)

Solved with dual simplex

Root relaxation: objective 2.226344e+07, 54935 iterations, 5.58 seconds (4.61 work units)
Total elapsed time = 10.12s (DegenMoves)

    Nodes    |    Current Node    |     Objective Bounds      |     Work
 Expl Unexpl |  Obj  Depth IntInf | Incumbent    BestBd   Gap | It/Node Time

     0     0 2.2263e+07    0  500 -4.848e+09 2.2263e+07   100%     -   10s
H    0     0                    -3.12471e+09 2.2263e+07   101%     -   11s
H    0     0                    -3.11238e+09 2.2263e+07   101%     -   13s
     0     0 2.2210e+07    0  590 -3.112e+09 2.2210e+07   101%     -   16s
H    0     0                    -2.98010e+09 2.2210e+07   101%     -   17s
     0     0 2.2210e+07    0  656 -2.980e+09 2.2210e+07   101%     -   17s
     0     0 2.2210e+07    0  653 -2.980e+09 2.2210e+07   101%     -   17s
     0     0 2.2186e+07    0  629 -2.980e+09 2.2186e+07   101%     -   20s
     0     0 2.2186e+07    0  652 -2.980e+09 2.2186e+07   101%     -   21s
     0     0 2.2186e+07    0  661 -2.980e+09 2.2186e+07   101%     -   21s
     0     0 2.2155e+07    0  508 -2.980e+09 2.2155e+07   101%     -   24s
H    0     0                    -2.30132e+09 2.2155e+07   101%     -   26s
     0     0 2.2154e+07    0  531 -2.301e+09 2.2154e+07   101%     -   26s
     0     0 2.2154e+07    0  519 -2.301e+09 2.2154e+07   101%     -   26s
     0     0 2.2154e+07    0  523 -2.301e+09 2.2154e+07   101%     -   27s
     0     0 2.2154e+07    0  524 -2.301e+09 2.2154e+07   101%     -   27s
     0     0 2.2136e+07    0  465 -2.301e+09 2.2136e+07   101%     -   30s
     0     0 2.2136e+07    0  488 -2.301e+09 2.2136e+07   101%     -   31s
     0     0 2.2136e+07    0  489 -2.301e+09 2.2136e+07   101%     -   31s
     0     0 2.2136e+07    0  497 -2.301e+09 2.2136e+07   101%     -   31s
     0     0 2.2126e+07    0  443 -2.301e+09 2.2126e+07   101%     -   35s
H    0     0                    -1.25731e+09 2.2126e+07   102%     -   36s
     0     0 2.2126e+07    0  487 -1.257e+09 2.2126e+07   102%     -   37s
     0     0 2.2126e+07    0  499 -1.257e+09 2.2126e+07   102%     -   37s
     0     0 2.2126e+07    0  514 -1.257e+09 2.2126e+07   102%     -   37s
     0     0 2.2123e+07    0  495 -1.257e+09 2.2123e+07   102%     -   40s
     0     0 2.2123e+07    0  502 -1.257e+09 2.2123e+07   102%     -   41s
     0     0 2.2121e+07    0  455 -1.257e+09 2.2121e+07   102%     -   43s
H    0     0                    -1.13326e+09 2.2121e+07   102%     -   45s
     0     0 2.2121e+07    0  486 -1.133e+09 2.2121e+07   102%     -   45s
     0     0 2.2121e+07    0  490 -1.133e+09 2.2121e+07   102%     -   45s
     0     0 2.2120e+07    0  459 -1.133e+09 2.2120e+07   102%     -   47s
     0     0 2.2120e+07    0  465 -1.133e+09 2.2120e+07   102%     -   48s
     0     0 2.2120e+07    0  458 -1.133e+09 2.2120e+07   102%     -   50s
H    0     0                    -9.21051e+08 2.2120e+07   102%     -   51s
     0     0 2.2120e+07    0  466 -9.211e+08 2.2120e+07   102%     -   51s
     0     0 2.2120e+07    0  475 -9.211e+08 2.2120e+07   102%     -   52s
     0     0 2.2120e+07    0  446 -9.211e+08 2.2120e+07   102%     -   58s
H    0     0                    -6.39403e+08 2.2120e+07   103%     -   66s
H    0     0                    -3.53435e+08 2.2120e+07   106%     -   68s
H    0     0                    -2.73978e+08 2.2120e+07   108%     -   77s
H    0     2                    -2.73973e+08 2.2120e+07   108%     -   87s
     0     2 2.2120e+07    0  446 -2.740e+08 2.2120e+07   108%     -   87s
    31    64 2.2119e+07    5  457 -2.740e+08 2.2120e+07   108%   182   91s
H   49    64                    -2.73973e+08 2.2120e+07   108%   136   91s
   244   297 2.2119e+07    9  448 -2.740e+08 2.2120e+07   108%  76.9   95s
   822  1084 2.2118e+07   18  409 -2.740e+08 2.2120e+07   108%  61.5  100s
  1291  1587 2.2118e+07   22  400 -2.740e+08 2.2120e+07   108%  55.9  105s
H 1302  1587                    -9.65612e+07 2.2120e+07   123%  55.6  105s
  1990  2039 2.2118e+07   34  381 -9.656e+07 2.2120e+07   123%  48.1  110s
  2038  2087 2.2118e+07   34  384 -9.656e+07 2.2120e+07   123%  48.0  120s
  2086  2135 2.2118e+07   35  383 -9.656e+07 2.2120e+07   123%  47.7  128s
H 2126  2135                    -9.55206e+07 2.2120e+07   123%  47.5  128s
  2134  2202 2.2118e+07   36  381 -9.552e+07 2.2120e+07   123%  47.6  131s
H 2140  2202                    -8.05968e+07 2.2120e+07   127%  47.6  131s
H 2179  2202                    -8.03012e+07 2.2120e+07   128%  48.1  131s
  2702  3178 2.2117e+07   50  384 -8.030e+07 2.2120e+07   128%  46.8  135s
  3625  3707 2.2115e+07   69  374 -8.030e+07 2.2120e+07   128%  48.3  141s
H 3664  3505                    9170596.3009 2.2120e+07   141%  48.8  141s
  4127  3906 2.2115e+07   83  363 9170596.30 2.2120e+07   141%  50.4  147s
H 4175  3954                    9254909.3745 2.2120e+07   139%  51.3  155s
H 4176  3954                    9322668.5030 2.2120e+07   137%  51.3  155s
H 4178  3954                    1.501164e+07 2.2120e+07  47.4%  51.3  155s
H 4198  3954                    1.587200e+07 2.2120e+07  39.4%  51.8  155s
  5300  5527 2.2112e+07  101  351 1.5872e+07 2.2120e+07  39.4%  50.0  161s
  6327  6521 2.2110e+07  124  347 1.5872e+07 2.2120e+07  39.4%  48.6  165s
H 6831  6747                    1.588252e+07 2.2120e+07  39.3%  48.4  168s
H 6834  6747                    1.588331e+07 2.2120e+07  39.3%  48.4  168s
H 6844  6586                    1.675185e+07 2.2120e+07  32.0%  48.4  168s
  7028  7078 2.2108e+07  136  321 1.6752e+07 2.2120e+07  32.0%  48.4  170s
Created node file directory '/scratch-local/lbeemster.22522895/gurobi_stress_vol8.0_0.8_demand_run1/grbnodes0'
  8067  8170 2.2105e+07  158  311 1.6752e+07 2.2120e+07  32.0%  48.0  176s
  9207  9293 2.2105e+07  177  307 1.6752e+07 2.2120e+07  32.0%  46.7  182s
  9770  9894 2.2104e+07  185  302 1.6752e+07 2.2120e+07  32.0%  46.0  185s
 10371 10437 2.2102e+07  198  295 1.6752e+07 2.2120e+07  32.0%  45.2  190s
H11479 11089                    1.755490e+07 2.2120e+07  26.0%  44.1  193s
 11566 11732 2.2101e+07  220  294 1.7555e+07 2.2120e+07  26.0%  44.0  196s
 12219 12244 2.2099e+07  236  293 1.7555e+07 2.2120e+07  26.0%  43.2  200s
H12747 12611                    1.758330e+07 2.2120e+07  25.8%  42.9  204s
H12806 12611                    1.758606e+07 2.2120e+07  25.8%  42.9  204s
H12885 12611                    1.791880e+07 2.2120e+07  23.4%  42.9  204s
H12925 12611                    1.843732e+07 2.2120e+07  20.0%  42.9  204s
H12999 12576                    2.022834e+07 2.2120e+07  9.35%  42.8  204s
 13098 12849 2.2098e+07  246  299 2.0228e+07 2.2120e+07  9.35%  42.6  207s
H13432 12849                    2.023653e+07 2.2120e+07  9.31%  42.4  207s
 13434 13592 2.2097e+07  252  295 2.0237e+07 2.2120e+07  9.31%  42.4  210s
 14915 15159 2.2093e+07  276  287 2.0237e+07 2.2120e+07  9.31%  41.3  218s
 15757 16014 2.2093e+07  292  295 2.0237e+07 2.2120e+07  9.31%  40.3  222s
 16614 16912 2.2092e+07  305  297 2.0237e+07 2.2120e+07  9.31%  39.5  226s
 17516 17436 2.2091e+07  325  289 2.0237e+07 2.2120e+07  9.31%  38.7  231s
H17539 17436                    2.024088e+07 2.2120e+07  9.28%  38.7  231s
H17663 17436                    2.024152e+07 2.2120e+07  9.28%  38.6  231s
H17932 17436                    2.024171e+07 2.2120e+07  9.28%  38.5  231s
H18044 17330                    2.197200e+07 2.2120e+07  0.67%  38.3  238s

Cutting planes:
  Gomory: 10
  Implied bound: 3729
  MIR: 588
  Flow cover: 1034
  RLT: 1
  Relax-and-lift: 77

Explored 18044 nodes (781017 simplex iterations) in 251.05 seconds (304.20 work units)
Thread count was 48 (of 192 available processors)

Solution count 10: 2.1972e+07 2.1972e+07 2.02417e+07 ... 1.75861e+07

Optimal solution found (tolerance 2.00e-02)
Best objective 2.197199703941e+07, best bound 2.212012073816e+07, gap 0.6741%
Deleted nodefile directory: /scratch-local/lbeemster.22522895/gurobi_stress_vol8.0_0.8_demand_run1
Saved model snapshot to study_case_model/figures/volatility_stress/vol8.0_0.8_demand/sub30.0/run1/model_snapshot.pkl
  Objective: 21971997.04
  Avg H2 production: 0.5478551067551349
  Scenario obj std: 2488213.358940531
  CVaR 5%: 18578548.028670605
  Worst scenario: 18578548.0286706

============================================================
Volatility multiplier: 16.0x
============================================================
Read LP format model from file /scratch-local/lbeemster.22522895/tmpx3d8tnw1.pyomo.lp
Reading time = 1.08 seconds
x1: 178177 rows, 50626 columns, 1021376 nonzeros
Set parameter OutputFlag to value 1
Set parameter MIPGap to value 0.02
Set parameter Threads to value 48
Set parameter Presolve to value 1
Set parameter Cuts to value 1
Set parameter NodefileStart to value 1
Set parameter NodefileDir to value "/scratch-local/lbeemster.22522895/gurobi_stress_vol16.0_0.8_demand_run1"
Set parameter MemLimit to value 60
Gurobi Optimizer version 12.0.3 build v12.0.3rc0 (linux64 - "Red Hat Enterprise Linux 9.6 (Plow)")

CPU model: AMD EPYC 9654 96-Core Processor, instruction set [SSE2|AVX|AVX2|AVX512]
Thread count: 192 physical cores, 192 logical processors, using up to 48 threads

Non-default parameters:
MemLimit  60
MIPGap  0.02
NodefileStart  1
Cuts  1
Presolve  1
Threads  48

Academic license 2514514 - for non-commercial use only - registered to l.___@student.vu.nl
Optimize a model with 178177 rows, 50626 columns and 1021376 nonzeros
Model fingerprint: 0x919cf1fa
Variable types: 40002 continuous, 10624 integer (10624 binary)
Coefficient statistics:
  Matrix range     [1e-06, 1e+05]
  Objective range  [2e+00, 3e+04]
  Bounds range     [1e+00, 1e+00]
  RHS range        [3e-01, 3e+05]
Presolve removed 34049 rows and 14166 columns
Presolve time: 1.88s
Presolved: 144128 rows, 36460 columns, 945973 nonzeros
Variable types: 28012 continuous, 8448 integer (8448 binary)
Found heuristic solution: objective -4.13556e+09

Deterministic concurrent LP optimizer: primal simplex, dual simplex, and barrier
Showing barrier log only...

Root barrier log...

Ordering time: 2.59s

Barrier statistics:
 AA' NZ     : 1.286e+07
 Factor NZ  : 1.434e+07 (roughly 200 MB of memory)
 Factor Ops : 2.150e+09 (less than 1 second per iteration)
 Threads    : 46

                  Objective                Residual
Iter       Primal          Dual         Primal    Dual     Compl     Time
   0  -3.00288437e+12  1.66195756e+14  3.09e+05 3.68e+04  1.75e+10     7s
   1  -1.87628708e+12  1.04769377e+14  1.75e+05 2.84e+05  7.64e+09     7s
   2  -5.40734617e+11  6.97028242e+13  4.78e+04 1.11e+04  2.11e+09     7s
   3  -4.39874669e+10  1.98040467e+13  3.21e+03 1.39e+01  2.02e+08     8s
   4  -1.38257843e+10  5.15337472e+12  5.47e+02 2.31e-07  3.96e+07     8s
   5  -8.80134953e+09  1.48237443e+12  1.34e+02 1.27e-07  1.00e+07     8s
   6  -4.32597708e+09  7.57645494e+11  5.88e+01 5.38e-08  4.72e+06     8s
   7  -1.77800235e+09  4.22995446e+11  3.70e+01 4.63e-08  2.62e+06     8s
   8  -6.54544758e+08  2.17271481e+11  1.88e+01 1.93e-08  1.32e+06     8s
   9  -1.91566929e+08  8.06844226e+10  3.70e+00 9.08e-09  4.40e+05     8s
  10  -3.57096804e+07  2.69246248e+10  5.62e-01 2.40e-08  1.37e+05     8s

Barrier performed 10 iterations in 7.93 seconds (5.50 work units)
Barrier solve interrupted - model solved by another algorithm

Concurrent spin time: 2.33s (can be avoided by choosing Method=3)

Solved with primal simplex

Root relaxation: objective 2.322712e+07, 53625 iterations, 4.78 seconds (2.77 work units)

    Nodes    |    Current Node    |     Objective Bounds      |     Work
 Expl Unexpl |  Obj  Depth IntInf | Incumbent    BestBd   Gap | It/Node Time

     0     0 2.3227e+07    0  411 -4.136e+09 2.3227e+07   101%     -    9s
H    0     0                    -2.52559e+09 2.3227e+07   101%     -   10s
H    0     0                    -2.52402e+09 2.3227e+07   101%     -   12s
     0     0 2.3163e+07    0  582 -2.524e+09 2.3163e+07   101%     -   14s
     0     0 2.3163e+07    0  649 -2.524e+09 2.3163e+07   101%     -   15s
     0     0 2.3163e+07    0  655 -2.524e+09 2.3163e+07   101%     -   16s
     0     0 2.3129e+07    0  536 -2.524e+09 2.3129e+07   101%     -   18s
H    0     0                    -1.40118e+09 2.3129e+07   102%     -   19s
     0     0 2.3128e+07    0  579 -1.401e+09 2.3128e+07   102%     -   20s
     0     0 2.3128e+07    0  572 -1.401e+09 2.3128e+07   102%     -   20s
     0     0 2.3105e+07    0  497 -1.401e+09 2.3105e+07   102%     -   23s
H    0     0                    -1.11938e+09 2.3105e+07   102%     -   24s
     0     0 2.3105e+07    0  546 -1.119e+09 2.3105e+07   102%     -   25s
     0     0 2.3105e+07    0  543 -1.119e+09 2.3105e+07   102%     -   25s
     0     0 2.3077e+07    0  520 -1.119e+09 2.3077e+07   102%     -   28s
     0     0 2.3076e+07    0  569 -1.119e+09 2.3076e+07   102%     -   28s
     0     0 2.3076e+07    0  592 -1.119e+09 2.3076e+07   102%     -   29s
     0     0 2.3076e+07    0  595 -1.119e+09 2.3076e+07   102%     -   29s
     0     0 2.3076e+07    0  596 -1.119e+09 2.3076e+07   102%     -   29s
     0     0 2.3047e+07    0  423 -1.119e+09 2.3047e+07   102%     -   33s
     0     0 2.3047e+07    0  410 -1.119e+09 2.3047e+07   102%     -   34s
     0     0 2.3047e+07    0  418 -1.119e+09 2.3047e+07   102%     -   35s
     0     0 2.3038e+07    0  410 -1.119e+09 2.3038e+07   102%     -   37s
     0     0 2.3038e+07    0  418 -1.119e+09 2.3038e+07   102%     -   38s
     0     0 2.3038e+07    0  422 -1.119e+09 2.3038e+07   102%     -   39s
     0     0 2.3038e+07    0  411 -1.119e+09 2.3038e+07   102%     -   41s
     0     0 2.3038e+07    0  436 -1.119e+09 2.3038e+07   102%     -   42s
     0     0 2.3038e+07    0  457 -1.119e+09 2.3038e+07   102%     -   44s
     0     0 2.3037e+07    0  462 -1.119e+09 2.3037e+07   102%     -   46s
     0     0 2.3037e+07    0  471 -1.119e+09 2.3037e+07   102%     -   46s
     0     0 2.3037e+07    0  453 -1.119e+09 2.3037e+07   102%     -   47s
     0     0 2.3037e+07    0  462 -1.119e+09 2.3037e+07   102%     -   48s
     0     0 2.3037e+07    0  474 -1.119e+09 2.3037e+07   102%     -   50s
     0     0 2.3037e+07    0  458 -1.119e+09 2.3037e+07   102%     -   55s
H    0     0                    -1.11931e+09 2.3037e+07   102%     -   62s
H    0     0                    -6.66740e+08 2.3037e+07   103%     -   64s
H    0     0                    -6.60363e+08 2.3037e+07   103%     -   66s
H    0     0                    -5.70989e+08 2.3037e+07   104%     -   68s
H    0     0                    -5.23222e+08 2.3037e+07   104%     -   70s
H    0     0                    -3.19625e+08 2.3037e+07   107%     -   73s
H    0     0                    -2.78167e+08 2.3037e+07   108%     -   74s
H    0     0                    -5.38904e+07 2.3037e+07   143%     -   77s
H    0     0                    -3.39316e+07 2.3037e+07   168%     -   81s
H    0     0                    -3.39135e+07 2.3037e+07   168%     -   82s
H    0     0                    -3.39133e+07 2.3037e+07   168%     -   82s
H    0     0                    -3.39131e+07 2.3037e+07   168%     -   82s
H    0     0                    -3.39131e+07 2.3037e+07   168%     -   83s
     0     2 2.3037e+07    0  457 -3.391e+07 2.3037e+07   168%     -   88s
    31    64 2.3035e+07    5  477 -3.391e+07 2.3037e+07   168%   167   91s
H   63   112                    -3.38953e+07 2.3037e+07   168%   109   94s
H   66   112                    -2.63245e+07 2.3037e+07   188%   107   94s
H   79   112                    -587300.5646 2.3037e+07  4023%   103   94s
   111   324 2.3035e+07    7  470 -587300.56 2.3037e+07  4023%  93.6   95s
H  568   648                    246535.87074 2.3037e+07  9244%  50.6  100s
H  622   648                    248081.56046 2.3037e+07  9186%  49.6  100s
  1431  1532 2.3032e+07   28  420 248081.560 2.3037e+07  9186%  52.1  105s
H 1713  1796                    1757214.5621 2.3037e+07  1211%  50.5  107s
H 1772  1796                    1777854.5468 2.3037e+07  1196%  50.9  107s
  2212  2370 2.3029e+07   40  408 1777854.55 2.3037e+07  1196%  48.1  110s
  2571  2614 2.3029e+07   45  401 1777854.55 2.3037e+07  1196%  46.8  124s
  2619  2662 2.3029e+07   46  401 1777854.55 2.3037e+07  1196%  46.8  134s
H 2633  2661                    2254730.3480 2.3037e+07   922%  46.7  134s
H 2645  2661                    6177682.6408 2.3037e+07   273%  46.5  134s
H 2663  2661                    7571540.8348 2.3037e+07   204%  46.5  134s
  2667  2643 2.3029e+07   47  400 7571540.83 2.3037e+07   204%  46.5  137s
  2726  2689 2.3029e+07   47  394 7571540.83 2.3037e+07   204%  46.2  144s
H 2727  2681                    1.523209e+07 2.3037e+07  51.2%  46.2  144s
H 2733  2649                    2.145081e+07 2.3037e+07  7.39%  46.2  144s
H 2734  2649                    2.284685e+07 2.3037e+07  0.83%  46.2  144s
H 2744  2649                    2.287135e+07 2.3037e+07  0.72%  46.2  144s

Cutting planes:
  Gomory: 5
  Implied bound: 3514
  MIR: 638
  Flow cover: 1013
  Relax-and-lift: 103

Explored 2774 nodes (214385 simplex iterations) in 144.60 seconds (165.86 work units)
Thread count was 48 (of 192 available processors)

Solution count 10: 2.28713e+07 2.28713e+07 2.28468e+07 ... 1.75721e+06

Optimal solution found (tolerance 2.00e-02)
Best objective 2.287134506369e+07, best bound 2.303694076364e+07, gap 0.7240%
Deleted nodefile directory: /scratch-local/lbeemster.22522895/gurobi_stress_vol16.0_0.8_demand_run1
Saved model snapshot to study_case_model/figures/volatility_stress/vol16.0_0.8_demand/sub30.0/run1/model_snapshot.pkl
  Objective: 22871345.06
  Avg H2 production: 0.4853204642071651
  Scenario obj std: 3669716.667907398
  CVaR 5%: 17887080.9505797
  Worst scenario: 17887080.9505797

Results saved to study_case_model/figures/volatility_stress/05052026/stress_test_results_30_0.8_price_shock_st_1_.csv

================================================================================
STRESS TEST SUMMARY
================================================================================
    1.0x vol: obj= 21428480.16, loss=0.0%, H2=    0.53, CVaR5=19372085.216060128
    2.0x vol: obj= 21555900.82, loss=-0.6%, H2=    0.51, CVaR5=19243520.279307727
    4.0x vol: obj= 21702416.42, loss=-1.3%, H2=    0.60, CVaR5=18842368.233235005
    8.0x vol: obj= 21971997.04, loss=-2.5%, H2=    0.55, CVaR5=18578548.028670605
   16.0x vol: obj= 22871345.06, loss=-6.7%, H2=    0.49, CVaR5=17887080.9505797

Finished stress test!
