Gurobi shell based on Python 3.13.1 can be launched with command `gurobi.sh`
Gurobi Python Interface can be loaded in Python 3.13.1 with 'import gurobipy'
/var/spool/slurm/slurmd/job22511826/slurm_script: line 24: activate: No such file or directory
Stress test configuration:
  Volatility multipliers: [1.0, 2.0, 4.0, 8.0, 16.0]
  Shock type: demand
  Price Correlated shocks: 0.0
  Subsidy: 0.0 EUR/MWh
  Deviation allowance: 0.0

============================================================
Volatility multiplier: 1.0x
============================================================
Read LP format model from file /scratch-local/lbeemster.22511826/tmp91oabcpm.pyomo.lp
Reading time = 0.64 seconds
x1: 178177 rows, 50626 columns, 1021376 nonzeros
Set parameter OutputFlag to value 1
Set parameter MIPGap to value 0.02
Set parameter Threads to value 48
Set parameter Presolve to value 1
Set parameter Cuts to value 1
Set parameter NodefileStart to value 1
Set parameter NodefileDir to value "/scratch-local/lbeemster.22511826/gurobi_stress_vol1.0_0.0_demand_run0"
Set parameter MemLimit to value 60
Gurobi Optimizer version 12.0.3 build v12.0.3rc0 (linux64 - "Red Hat Enterprise Linux 9.6 (Plow)")

CPU model: AMD EPYC 9654 96-Core Processor, instruction set [SSE2|AVX|AVX2|AVX512]
Thread count: 192 physical cores, 192 logical processors, using up to 48 threads

Non-default parameters:
MemLimit  60
MIPGap  0.02
NodefileStart  1
Cuts  1
Presolve  1
Threads  48

Academic license 2514514 - for non-commercial use only - registered to l.___@student.vu.nl
Optimize a model with 178177 rows, 50626 columns and 1021376 nonzeros
Model fingerprint: 0x2b7a4e22
Variable types: 40002 continuous, 10624 integer (10624 binary)
Coefficient statistics:
  Matrix range     [1e-06, 1e+05]
  Objective range  [2e+00, 3e+04]
  Bounds range     [1e+00, 1e+00]
  RHS range        [3e-01, 2e+05]
Presolve removed 34049 rows and 14166 columns
Presolve time: 1.63s
Presolved: 144128 rows, 36460 columns, 945973 nonzeros
Variable types: 28012 continuous, 8448 integer (8448 binary)
Found heuristic solution: objective -5.61447e+09

Deterministic concurrent LP optimizer: primal simplex, dual simplex, and barrier
Showing barrier log only...

Root barrier log...

Ordering time: 2.40s

Barrier statistics:
 AA' NZ     : 1.286e+07
 Factor NZ  : 1.434e+07 (roughly 200 MB of memory)
 Factor Ops : 2.150e+09 (less than 1 second per iteration)
 Threads    : 46

                  Objective                Residual
Iter       Primal          Dual         Primal    Dual     Compl     Time
   0  -3.00451567e+12  1.66237834e+14  3.09e+05 3.68e+04  1.75e+10     7s
   1  -1.87894164e+12  1.04802887e+14  1.75e+05 2.84e+05  7.64e+09     7s
   2  -5.45098311e+11  6.97380958e+13  4.78e+04 1.11e+04  2.11e+09     7s
   3  -4.70798714e+10  1.98303190e+13  3.19e+03 1.37e+01  2.01e+08     7s
   4  -1.51813844e+10  5.21363273e+12  4.88e+02 2.49e-07  3.83e+07     7s
   5  -1.00534710e+10  1.41056734e+12  1.04e+02 1.02e-07  9.03e+06     7s
   6  -3.83076191e+09  6.53648979e+11  4.05e+01 4.73e-08  3.87e+06     7s
   7  -1.96484616e+09  4.23652053e+11  2.18e+01 3.03e-08  2.41e+06     8s
   8  -8.51068572e+08  2.11725253e+11  9.28e+00 3.52e-08  1.17e+06     8s
   9  -1.38602220e+08  9.38042865e+10  1.17e+00 7.45e-09  4.75e+05     8s
  10  -1.21967431e+07  2.13443758e+10  1.05e-01 1.84e-08  1.06e+05     8s

Barrier performed 10 iterations in 7.71 seconds (5.69 work units)
Barrier solve interrupted - model solved by another algorithm

Concurrent spin time: 1.41s (can be avoided by choosing Method=3)

Solved with primal simplex

Root relaxation: objective 2.104975e+07, 50256 iterations, 4.41 seconds (2.81 work units)
Total elapsed time = 10.28s (DegenMoves)

    Nodes    |    Current Node    |     Objective Bounds      |     Work
 Expl Unexpl |  Obj  Depth IntInf | Incumbent    BestBd   Gap | It/Node Time

     0     0 2.1050e+07    0  492 -5.614e+09 2.1050e+07   100%     -   10s
H    0     0                    -1.81251e+09 2.1050e+07   101%     -   11s
H    0     0                    -1.79826e+09 2.1050e+07   101%     -   13s
     0     0 2.0989e+07    0  636 -1.798e+09 2.0989e+07   101%     -   15s
     0     0 2.0989e+07    0  669 -1.798e+09 2.0989e+07   101%     -   16s
     0     0 2.0964e+07    0  607 -1.798e+09 2.0964e+07   101%     -   18s
     0     0 2.0963e+07    0  599 -1.798e+09 2.0963e+07   101%     -   19s
     0     0 2.0963e+07    0  608 -1.798e+09 2.0963e+07   101%     -   19s
     0     0 2.0942e+07    0  566 -1.798e+09 2.0942e+07   101%     -   22s
     0     0 2.0941e+07    0  598 -1.798e+09 2.0941e+07   101%     -   23s
     0     0 2.0941e+07    0  613 -1.798e+09 2.0941e+07   101%     -   23s
     0     0 2.0941e+07    0  617 -1.798e+09 2.0941e+07   101%     -   23s
     0     0 2.0928e+07    0  554 -1.798e+09 2.0928e+07   101%     -   27s
     0     0 2.0927e+07    0  577 -1.798e+09 2.0927e+07   101%     -   27s
     0     0 2.0927e+07    0  598 -1.798e+09 2.0927e+07   101%     -   28s
     0     0 2.0927e+07    0  602 -1.798e+09 2.0927e+07   101%     -   28s
     0     0 2.0916e+07    0  470 -1.798e+09 2.0916e+07   101%     -   31s
     0     0 2.0916e+07    0  523 -1.798e+09 2.0916e+07   101%     -   34s
     0     0 2.0916e+07    0  534 -1.798e+09 2.0916e+07   101%     -   34s
     0     0 2.0911e+07    0  509 -1.798e+09 2.0911e+07   101%     -   37s
     0     0 2.0910e+07    0  536 -1.798e+09 2.0910e+07   101%     -   38s
     0     0 2.0910e+07    0  527 -1.798e+09 2.0910e+07   101%     -   38s
     0     0 2.0905e+07    0  493 -1.798e+09 2.0905e+07   101%     -   40s
     0     0 2.0905e+07    0  524 -1.798e+09 2.0905e+07   101%     -   43s
     0     0 2.0904e+07    0  523 -1.798e+09 2.0904e+07   101%     -   43s
     0     0 2.0903e+07    0  476 -1.798e+09 2.0903e+07   101%     -   45s
     0     0 2.0903e+07    0  493 -1.798e+09 2.0903e+07   101%     -   46s
     0     0 2.0903e+07    0  477 -1.798e+09 2.0903e+07   101%     -   47s
H    0     0                    -1.56310e+09 2.0903e+07   101%     -   48s
     0     0 2.0903e+07    0  488 -1.563e+09 2.0903e+07   101%     -   48s
     0     0 2.0902e+07    0  472 -1.563e+09 2.0902e+07   101%     -   50s
H    0     0                    -1.53373e+09 2.0902e+07   101%     -   51s
     0     0 2.0902e+07    0  480 -1.534e+09 2.0902e+07   101%     -   52s
     0     0 2.0902e+07    0  477 -1.534e+09 2.0902e+07   101%     -   52s
H    0     0                    -1.46753e+09 2.0902e+07   101%     -   53s
     0     0 2.0902e+07    0  489 -1.468e+09 2.0902e+07   101%     -   53s
     0     0 2.0902e+07    0  473 -1.468e+09 2.0902e+07   101%     -   56s
     0     0 2.0902e+07    0  460 -1.468e+09 2.0902e+07   101%     -   62s
H    0     0                    -1.26778e+09 2.0902e+07   102%     -   65s
H    0     0                    -1.25338e+09 2.0902e+07   102%     -   67s
H    0     0                    -1.09604e+09 2.0902e+07   102%     -   76s
H    0     0                    -1.06610e+09 2.0902e+07   102%     -   88s
H    0     0                    -1.03288e+09 2.0902e+07   102%     -   90s
H    0     0                    -1.03288e+09 2.0902e+07   102%     -   91s
H    0     2                    -7.77507e+08 2.0902e+07   103%     -  102s
     0     2 2.0902e+07    0  460 -7.775e+08 2.0902e+07   103%     -  102s
    63   112 2.0902e+07    6  458 -7.775e+08 2.0902e+07   103%   134  105s
   437   486 2.0902e+07   10  444 -7.775e+08 2.0902e+07   103%  77.8  110s
H  485   534                    -5.41903e+08 2.0902e+07   104%  74.9  113s
H  511   534                    -4.84772e+08 2.0902e+07   104%  75.1  113s
   631   680 2.0902e+07   15  446 -4.848e+08 2.0902e+07   104%  71.1  116s
H  679   786                    -4.84593e+08 2.0902e+07   104%  73.4  117s
H  682   786                    -4.84578e+08 2.0902e+07   104%  73.1  117s
H  685   786                    -4.84576e+08 2.0902e+07   104%  72.8  117s
H  690   786                    -4.84574e+08 2.0902e+07   104%  72.6  117s
H  718   786                    -4.84567e+08 2.0902e+07   104%  72.3  117s
H  768   786                    -4.78824e+08 2.0902e+07   104%  72.5  117s
  1248  1582 2.0901e+07   28  448 -4.788e+08 2.0902e+07   104%  62.9  120s
  1629  1683 2.0900e+07   31  448 -4.788e+08 2.0902e+07   104%  62.1  137s
  1682  1737 2.0900e+07   32  446 -4.788e+08 2.0902e+07   104%  61.8  146s
H 1707  1737                    -2.34543e+08 2.0902e+07   109%  61.7  146s
  2168  2587 2.0899e+07   43  447 -2.345e+08 2.0902e+07   109%  57.7  150s
H 3075  3365                    -2.93004e+07 2.0902e+07   171%  54.6  155s
  4519  4717 2.0897e+07   88  414 -2.930e+07 2.0902e+07   171%  48.5  161s
H 4545  4717                    -2.92946e+07 2.0902e+07   171%  48.4  161s
H 4547  4717                    -2.92912e+07 2.0902e+07   171%  48.3  161s
H 4563  4717                    -2.92710e+07 2.0902e+07   171%  48.3  161s
H 4603  4407                    2.065541e+07 2.0902e+07  1.19%  48.3  161s

Cutting planes:
  Gomory: 13
  Implied bound: 3845
  MIR: 679
  Flow cover: 1243
  Relax-and-lift: 72

Explored 4798 nodes (310629 simplex iterations) in 161.88 seconds (186.43 work units)
Thread count was 48 (of 192 available processors)

Solution count 10: 2.06555e+07 2.06554e+07 -2.9271e+07 ... -4.84574e+08

Optimal solution found (tolerance 2.00e-02)
Best objective 2.065548430592e+07, best bound 2.090194031055e+07, gap 1.1932%
Deleted nodefile directory: /scratch-local/lbeemster.22511826/gurobi_stress_vol1.0_0.0_demand_run0
Saved model snapshot to study_case_model/figures/volatility_stress/vol1.0_0.0_demand/sub0.0/run0/model_snapshot.pkl
  Objective: 20655484.31
  Avg H2 production: 0.004939978353039068
  Scenario obj std: 1430963.8952297769
  CVaR 5%: 17398254.609758023
  Worst scenario: 14135444.475302922

============================================================
Volatility multiplier: 2.0x
============================================================
Read LP format model from file /scratch-local/lbeemster.22511826/tmpb1fixlch.pyomo.lp
Reading time = 0.67 seconds
x1: 178177 rows, 50626 columns, 1021376 nonzeros
Set parameter OutputFlag to value 1
Set parameter MIPGap to value 0.02
Set parameter Threads to value 48
Set parameter Presolve to value 1
Set parameter Cuts to value 1
Set parameter NodefileStart to value 1
Set parameter NodefileDir to value "/scratch-local/lbeemster.22511826/gurobi_stress_vol2.0_0.0_demand_run0"
Set parameter MemLimit to value 60
Gurobi Optimizer version 12.0.3 build v12.0.3rc0 (linux64 - "Red Hat Enterprise Linux 9.6 (Plow)")

CPU model: AMD EPYC 9654 96-Core Processor, instruction set [SSE2|AVX|AVX2|AVX512]
Thread count: 192 physical cores, 192 logical processors, using up to 48 threads

Non-default parameters:
MemLimit  60
MIPGap  0.02
NodefileStart  1
Cuts  1
Presolve  1
Threads  48

Academic license 2514514 - for non-commercial use only - registered to l.___@student.vu.nl
Optimize a model with 178177 rows, 50626 columns and 1021376 nonzeros
Model fingerprint: 0x6c8cc0bf
Variable types: 40002 continuous, 10624 integer (10624 binary)
Coefficient statistics:
  Matrix range     [1e-06, 1e+05]
  Objective range  [2e+00, 3e+04]
  Bounds range     [1e+00, 1e+00]
  RHS range        [3e-01, 3e+05]
Presolve removed 34049 rows and 14166 columns
Presolve time: 1.72s
Presolved: 144128 rows, 36460 columns, 945973 nonzeros
Variable types: 28012 continuous, 8448 integer (8448 binary)
Found heuristic solution: objective -6.51562e+09

Deterministic concurrent LP optimizer: primal simplex, dual simplex, and barrier
Showing barrier log only...

Root barrier log...

Ordering time: 2.43s

Barrier statistics:
 AA' NZ     : 1.286e+07
 Factor NZ  : 1.434e+07 (roughly 200 MB of memory)
 Factor Ops : 2.150e+09 (less than 1 second per iteration)
 Threads    : 46

                  Objective                Residual
Iter       Primal          Dual         Primal    Dual     Compl     Time
   0  -3.00579803e+12  1.66251669e+14  3.09e+05 3.68e+04  1.75e+10     7s
   1  -1.88024993e+12  1.04811897e+14  1.75e+05 2.84e+05  7.64e+09     7s
   2  -5.46548674e+11  6.97448928e+13  4.78e+04 1.11e+04  2.11e+09     7s
   3  -4.86534926e+10  1.98374289e+13  3.20e+03 1.38e+01  2.01e+08     7s
   4  -1.72315892e+10  5.21332934e+12  5.10e+02 2.56e-07  3.89e+07     7s
   5  -1.20826026e+10  1.39055932e+12  1.18e+02 1.13e-07  9.22e+06     8s
   6  -4.50428569e+09  7.10031006e+11  4.18e+01 5.82e-08  4.19e+06     8s
   7  -3.09819836e+09  4.36779815e+11  2.26e+01 3.84e-08  2.49e+06     8s
   8  -1.47795629e+09  2.10101227e+11  1.15e+01 1.57e-08  1.19e+06     8s
   9  -3.56527369e+08  8.41853043e+10  2.29e+00 9.08e-09  4.42e+05     8s
  10  -3.59508377e+07  3.64095406e+10  1.94e-01 5.53e-09  1.81e+05     8s

Barrier performed 10 iterations in 7.82 seconds (5.68 work units)
Barrier solve interrupted - model solved by another algorithm

Concurrent spin time: 1.68s (can be avoided by choosing Method=3)

Solved with primal simplex

Root relaxation: objective 2.109518e+07, 52772 iterations, 4.48 seconds (2.83 work units)

    Nodes    |    Current Node    |     Objective Bounds      |     Work
 Expl Unexpl |  Obj  Depth IntInf | Incumbent    BestBd   Gap | It/Node Time

     0     0 2.1095e+07    0  490 -6.516e+09 2.1095e+07   100%     -    9s
H    0     0                    -1.74464e+09 2.1095e+07   101%     -   10s
     0     0 2.1028e+07    0  603 -1.745e+09 2.1028e+07   101%     -   14s
     0     0 2.1028e+07    0  645 -1.745e+09 2.1028e+07   101%     -   15s
     0     0 2.1028e+07    0  643 -1.745e+09 2.1028e+07   101%     -   15s
     0     0 2.1009e+07    0  607 -1.745e+09 2.1009e+07   101%     -   17s
     0     0 2.1009e+07    0  605 -1.745e+09 2.1009e+07   101%     -   18s
     0     0 2.1009e+07    0  610 -1.745e+09 2.1009e+07   101%     -   18s
     0     0 2.0983e+07    0  555 -1.745e+09 2.0983e+07   101%     -   21s
     0     0 2.0982e+07    0  591 -1.745e+09 2.0982e+07   101%     -   22s
     0     0 2.0982e+07    0  611 -1.745e+09 2.0982e+07   101%     -   22s
     0     0 2.0952e+07    0  569 -1.745e+09 2.0952e+07   101%     -   25s
     0     0 2.0952e+07    0  578 -1.745e+09 2.0952e+07   101%     -   26s
     0     0 2.0951e+07    0  584 -1.745e+09 2.0951e+07   101%     -   27s
     0     0 2.0951e+07    0  594 -1.745e+09 2.0951e+07   101%     -   27s
     0     0 2.0939e+07    0  507 -1.745e+09 2.0939e+07   101%     -   30s
     0     0 2.0939e+07    0  532 -1.745e+09 2.0939e+07   101%     -   32s
     0     0 2.0939e+07    0  531 -1.745e+09 2.0939e+07   101%     -   33s
     0     0 2.0932e+07    0  505 -1.745e+09 2.0932e+07   101%     -   35s
     0     0 2.0932e+07    0  509 -1.745e+09 2.0932e+07   101%     -   36s
     0     0 2.0932e+07    0  508 -1.745e+09 2.0932e+07   101%     -   37s
     0     0 2.0932e+07    0  517 -1.745e+09 2.0932e+07   101%     -   37s
     0     0 2.0927e+07    0  472 -1.745e+09 2.0927e+07   101%     -   39s
H    0     0                    -1.53259e+09 2.0927e+07   101%     -   40s
     0     0 2.0926e+07    0  467 -1.533e+09 2.0926e+07   101%     -   40s
     0     0 2.0926e+07    0  478 -1.533e+09 2.0926e+07   101%     -   41s
     0     0 2.0926e+07    0  441 -1.533e+09 2.0926e+07   101%     -   41s
     0     0 2.0926e+07    0  455 -1.533e+09 2.0926e+07   101%     -   41s
     0     0 2.0926e+07    0  429 -1.533e+09 2.0926e+07   101%     -   44s
H    0     0                    -1.47118e+09 2.0926e+07   101%     -   45s
     0     0 2.0926e+07    0  430 -1.471e+09 2.0926e+07   101%     -   45s
     0     0 2.0926e+07    0  425 -1.471e+09 2.0926e+07   101%     -   45s
     0     0 2.0926e+07    0  425 -1.471e+09 2.0926e+07   101%     -   50s
H    0     0                    -1.10623e+09 2.0926e+07   102%     -   54s
H    0     0                    -1.08147e+09 2.0926e+07   102%     -   55s
H    0     0                    -7.04963e+08 2.0926e+07   103%     -   61s
H    0     0                    -5.08578e+08 2.0926e+07   104%     -   61s
H    0     0                    -4.89908e+08 2.0926e+07   104%     -   65s
H    0     0                    -4.75144e+08 2.0926e+07   104%     -   67s
H    0     0                    -3.69599e+08 2.0926e+07   106%     -   68s
H    0     0                    -9.34939e+07 2.0926e+07   122%     -   71s
H    0     0                    -9.34939e+07 2.0926e+07   122%     -   74s
     0     2 2.0926e+07    0  424 -9.349e+07 2.0926e+07   122%     -   77s
    31    64 2.0926e+07    5  429 -9.349e+07 2.0926e+07   122%   161   81s
H   68   112                    -7.21159e+07 2.0926e+07   129%   143   83s
H   76   112                    -6.47055e+07 2.0926e+07   132%   132   83s
H   82   112                    -3.37485e+07 2.0926e+07   162%   126   83s
   111   160 2.0925e+07    7  428 -3.375e+07 2.0926e+07   162%   127   86s
H  159   371                    -2.56409e+07 2.0926e+07   182%   104   88s
H  164   371                    -2.56284e+07 2.0926e+07   182%   102   88s
H  174   371                    -2.56271e+07 2.0926e+07   182%  98.8   88s
H  178   371                    -2.56264e+07 2.0926e+07   182%  98.3   88s
H  200   371                    -2.56263e+07 2.0926e+07   182%  94.6   88s
H  204   371                    -2.56180e+07 2.0926e+07   182%  94.2   88s
   643   769 2.0925e+07   15  416 -2.562e+07 2.0926e+07   182%  77.3   90s
H  990  1144                    -1.76918e+07 2.0926e+07   218%  66.1   94s
  1149  1330 2.0925e+07   26  410 -1.769e+07 2.0926e+07   218%  65.3   95s
  1857  1900 2.0925e+07   34  391 -1.769e+07 2.0926e+07   218%  56.5  101s
H 1905  1948                    -1.68651e+07 2.0926e+07   224%  56.0  111s
H 1907  1948                    -1.68468e+07 2.0926e+07   224%  56.0  111s
H 1909  1948                    -6566592.508 2.0926e+07   419%  56.0  111s
  2615  2999 2.0925e+07   53  386 -6566592.5 2.0926e+07   419%  51.1  116s
H 3040  3201                    -6546489.675 2.0926e+07   420%  50.1  119s
H 3049  3201                    -6519318.633 2.0926e+07   421%  50.0  119s
H 3066  3201                    -6509265.490 2.0926e+07   421%  50.0  119s
  3210  3588 2.0924e+07   72  371 -6509265.5 2.0926e+07   421%  49.5  120s
  3958  3997 2.0921e+07   88  368 -6509265.5 2.0926e+07   421%  47.1  126s
H 4006  4045                    -6494736.960 2.0926e+07   422%  46.9  134s
H 4009  4045                    -6476845.502 2.0926e+07   423%  46.9  134s
H 4014  3812                    7113276.6545 2.0926e+07   194%  46.9  134s
H 4053  3812                    7143492.5242 2.0926e+07   193%  46.7  134s
  4054  4254 2.0921e+07   90  364 7143492.52 2.0926e+07   193%  46.7  137s
  4998  5193 2.0920e+07  101  361 7143492.52 2.0926e+07   193%  44.5  141s
H 5534  5565                    7143538.2837 2.0926e+07   193%  43.1  144s
H 5572  5565                    7156383.8516 2.0926e+07   192%  43.0  144s
  5871  6132 2.0918e+07  128  343 7156383.85 2.0926e+07   192%  42.1  146s
  7046  7183 2.0916e+07  154  327 7156383.85 2.0926e+07   192%  39.6  151s
H 7278  7183                    7158988.5025 2.0926e+07   192%  39.3  151s
H 7411  7183                    7159003.1647 2.0926e+07   192%  39.1  151s
  8132  8393 2.0914e+07  180  333 7159003.16 2.0926e+07   192%  38.1  155s
  9068  9395 2.0903e+07  187  323 7159003.16 2.0926e+07   192%  37.1  160s
H 9418  9108                    1.239878e+07 2.0926e+07  68.8%  36.6  160s
 10332 10210 2.0905e+07  205  312 1.2399e+07 2.0926e+07  68.8%  35.4  165s
Created node file directory '/scratch-local/lbeemster.22511826/gurobi_stress_vol2.0_0.0_demand_run0/grbnodes0'
H11055  9733                    2.072130e+07 2.0926e+07  0.99%  34.8  168s
H11109  9733                    2.072757e+07 2.0926e+07  0.96%  34.7  168s
H11145  9719                    2.074865e+07 2.0926e+07  0.85%  34.7  168s
H11179  9719                    2.075668e+07 2.0926e+07  0.81%  34.7  168s

Cutting planes:
  Gomory: 10
  Implied bound: 3450
  MIR: 698
  Flow cover: 1228
  Relax-and-lift: 66

Explored 11251 nodes (468616 simplex iterations) in 169.06 seconds (190.86 work units)
Thread count was 48 (of 192 available processors)

Solution count 10: 2.07567e+07 2.07567e+07 2.07486e+07 ... 7.14349e+06

Optimal solution found (tolerance 2.00e-02)
Best objective 2.075667917847e+07, best bound 2.092562267748e+07, gap 0.8139%
Deleted nodefile directory: /scratch-local/lbeemster.22511826/gurobi_stress_vol2.0_0.0_demand_run0
Saved model snapshot to study_case_model/figures/volatility_stress/vol2.0_0.0_demand/sub0.0/run0/model_snapshot.pkl
  Objective: 20756679.18
  Avg H2 production: 0.0
  Scenario obj std: 1226269.2287647317
  CVaR 5%: 18874408.627765503
  Worst scenario: 18268044.252641782

============================================================
Volatility multiplier: 4.0x
============================================================
Read LP format model from file /scratch-local/lbeemster.22511826/tmple8e_rge.pyomo.lp
Reading time = 0.72 seconds
x1: 178177 rows, 50626 columns, 1021376 nonzeros
Set parameter OutputFlag to value 1
Set parameter MIPGap to value 0.02
Set parameter Threads to value 48
Set parameter Presolve to value 1
Set parameter Cuts to value 1
Set parameter NodefileStart to value 1
Set parameter NodefileDir to value "/scratch-local/lbeemster.22511826/gurobi_stress_vol4.0_0.0_demand_run0"
Set parameter MemLimit to value 60
Gurobi Optimizer version 12.0.3 build v12.0.3rc0 (linux64 - "Red Hat Enterprise Linux 9.6 (Plow)")

CPU model: AMD EPYC 9654 96-Core Processor, instruction set [SSE2|AVX|AVX2|AVX512]
Thread count: 192 physical cores, 192 logical processors, using up to 48 threads

Non-default parameters:
MemLimit  60
MIPGap  0.02
NodefileStart  1
Cuts  1
Presolve  1
Threads  48

Academic license 2514514 - for non-commercial use only - registered to l.___@student.vu.nl
Optimize a model with 178177 rows, 50626 columns and 1021376 nonzeros
Model fingerprint: 0xdaff7007
Variable types: 40002 continuous, 10624 integer (10624 binary)
Coefficient statistics:
  Matrix range     [1e-06, 1e+05]
  Objective range  [2e+00, 3e+04]
  Bounds range     [1e+00, 1e+00]
  RHS range        [3e-01, 4e+05]
Presolve removed 34049 rows and 14166 columns
Presolve time: 1.73s
Presolved: 144128 rows, 36460 columns, 945973 nonzeros
Variable types: 28012 continuous, 8448 integer (8448 binary)
Found heuristic solution: objective -8.14870e+09

Deterministic concurrent LP optimizer: primal simplex, dual simplex, and barrier
Showing barrier log only...

Root barrier log...

Ordering time: 2.47s

Barrier statistics:
 AA' NZ     : 1.286e+07
 Factor NZ  : 1.434e+07 (roughly 200 MB of memory)
 Factor Ops : 2.150e+09 (less than 1 second per iteration)
 Threads    : 46

                  Objective                Residual
Iter       Primal          Dual         Primal    Dual     Compl     Time
   0  -3.00787257e+12  1.66274142e+14  3.09e+05 3.68e+04  1.75e+10     8s
   1  -1.88238509e+12  1.04825137e+14  1.75e+05 2.84e+05  7.64e+09     8s
   2  -5.48878107e+11  6.97524922e+13  4.78e+04 1.11e+04  2.11e+09     8s
   3  -5.12943579e+10  1.98408711e+13  3.20e+03 1.40e+01  2.02e+08     8s
   4  -2.09814345e+10  5.21719058e+12  5.24e+02 2.00e-07  3.94e+07     8s
   5  -1.58453587e+10  1.43692085e+12  1.29e+02 8.80e-08  9.71e+06     8s
   6  -8.02958580e+09  7.04294515e+11  4.31e+01 5.40e-08  4.20e+06     8s
   7  -3.29892467e+09  4.37735469e+11  2.89e+01 3.33e-08  2.59e+06     8s
   8  -2.01253692e+09  2.97157821e+11  1.63e+01 2.07e-08  1.69e+06     8s
   9  -5.68722642e+08  1.53953115e+11  8.90e+00 2.40e-08  8.71e+05     8s
  10  -1.33671989e+08  7.37636518e+10  1.87e+00 1.27e-08  3.84e+05     8s
  11  -3.12575738e+07  3.32972190e+10  3.38e-01 9.00e-09  1.67e+05     8s
  12   7.08198573e+05  1.79916305e+10  4.21e-02 7.13e-09  8.87e+04     8s
  13   7.71483647e+06  1.40065712e+09  5.13e-09 6.29e-09  6.84e+03     8s
  14   9.18518662e+06  4.80745486e+08  3.82e-09 2.33e-09  2.32e+03     8s
  15   1.03601798e+07  1.87633423e+08  3.31e-09 6.48e-10  8.71e+02     8s
  16   1.29618298e+07  1.22395263e+08  2.21e-09 7.86e-10  5.38e+02     8s
  17   1.67064394e+07  9.13296250e+07  3.09e-09 4.66e-10  3.67e+02     9s
  18   1.88303101e+07  4.99307183e+07  1.86e-09 4.66e-10  1.53e+02     9s
  19   1.94165656e+07  4.07857316e+07  1.38e-09 4.66e-10  1.05e+02     9s
  20   1.98310377e+07  3.34504521e+07  2.31e-09 4.66e-10  6.69e+01     9s
  21   2.02401378e+07  2.86810106e+07  2.26e-09 4.66e-10  4.15e+01     9s

Barrier performed 21 iterations in 8.76 seconds (6.71 work units)
Barrier solve interrupted - model solved by another algorithm

Concurrent spin time: 1.22s (can be avoided by choosing Method=3)

Solved with dual simplex

Root relaxation: objective 2.120297e+07, 49521 iterations, 5.21 seconds (3.82 work units)
Total elapsed time = 10.19s (DegenMoves)

    Nodes    |    Current Node    |     Objective Bounds      |     Work
 Expl Unexpl |  Obj  Depth IntInf | Incumbent    BestBd   Gap | It/Node Time

     0     0 2.1203e+07    0  484 -8.149e+09 2.1203e+07   100%     -   10s
H    0     0                    -2.94707e+09 2.1203e+07   101%     -   11s
H    0     0                    -2.93067e+09 2.1203e+07   101%     -   13s
     0     0 2.1127e+07    0  594 -2.931e+09 2.1127e+07   101%     -   16s
     0     0 2.1126e+07    0  646 -2.931e+09 2.1126e+07   101%     -   16s
     0     0 2.1126e+07    0  649 -2.931e+09 2.1126e+07   101%     -   16s
     0     0 2.1106e+07    0  607 -2.931e+09 2.1106e+07   101%     -   19s
     0     0 2.1106e+07    0  620 -2.931e+09 2.1106e+07   101%     -   20s
     0     0 2.1106e+07    0  637 -2.931e+09 2.1106e+07   101%     -   20s
     0     0 2.1087e+07    0  590 -2.931e+09 2.1087e+07   101%     -   23s
     0     0 2.1087e+07    0  598 -2.931e+09 2.1087e+07   101%     -   25s
     0     0 2.1087e+07    0  606 -2.931e+09 2.1087e+07   101%     -   25s
     0     0 2.1048e+07    0  564 -2.931e+09 2.1048e+07   101%     -   28s
H    0     0                    -2.04842e+09 2.1048e+07   101%     -   30s
     0     0 2.1048e+07    0  599 -2.048e+09 2.1048e+07   101%     -   30s
     0     0 2.1048e+07    0  606 -2.048e+09 2.1048e+07   101%     -   30s
     0     0 2.1048e+07    0  613 -2.048e+09 2.1048e+07   101%     -   30s
     0     0 2.1027e+07    0  498 -2.048e+09 2.1027e+07   101%     -   33s
H    0     0                    -1.90771e+09 2.1027e+07   101%     -   35s
     0     0 2.1027e+07    0  516 -1.908e+09 2.1027e+07   101%     -   35s
     0     0 2.1027e+07    0  521 -1.908e+09 2.1027e+07   101%     -   35s
     0     0 2.1027e+07    0  528 -1.908e+09 2.1027e+07   101%     -   35s
     0     0 2.1021e+07    0  490 -1.908e+09 2.1021e+07   101%     -   38s
H    0     0                    -8.85729e+08 2.1021e+07   102%     -   39s
     0     0 2.1020e+07    0  498 -8.857e+08 2.1020e+07   102%     -   39s
     0     0 2.1020e+07    0  508 -8.857e+08 2.1020e+07   102%     -   39s
     0     0 2.1020e+07    0  518 -8.857e+08 2.1020e+07   102%     -   40s
     0     0 2.1020e+07    0  520 -8.857e+08 2.1020e+07   102%     -   40s
     0     0 2.1015e+07    0  483 -8.857e+08 2.1015e+07   102%     -   42s
     0     0 2.1015e+07    0  492 -8.857e+08 2.1015e+07   102%     -   43s
     0     0 2.1015e+07    0  489 -8.857e+08 2.1015e+07   102%     -   44s
     0     0 2.1014e+07    0  454 -8.857e+08 2.1014e+07   102%     -   46s
H    0     0                    -8.83964e+08 2.1014e+07   102%     -   47s
     0     0 2.1014e+07    0  460 -8.840e+08 2.1014e+07   102%     -   47s
     0     0 2.1014e+07    0  432 -8.840e+08 2.1014e+07   102%     -   48s
H    0     0                    -8.74039e+08 2.1014e+07   102%     -   49s
     0     0 2.1014e+07    0  438 -8.740e+08 2.1014e+07   102%     -   49s
     0     0 2.1014e+07    0  433 -8.740e+08 2.1014e+07   102%     -   51s
     0     0 2.1014e+07    0  415 -8.740e+08 2.1014e+07   102%     -   57s
H    0     0                    -8.71106e+08 2.1014e+07   102%     -   61s
H    0     0                    -8.67951e+08 2.1014e+07   102%     -   62s
H    0     0                    -8.61197e+08 2.1014e+07   102%     -   66s
H    0     0                    -8.60214e+08 2.1014e+07   102%     -   66s
H    0     0                    -8.35343e+08 2.1014e+07   103%     -   69s
H    0     0                    -7.86970e+08 2.1014e+07   103%     -   73s
H    0     0                    -7.83622e+08 2.1014e+07   103%     -   76s
H    0     0                    -4.98655e+08 2.1014e+07   104%     -   79s
H    0     0                    -4.76960e+08 2.1014e+07   104%     -   84s
H    0     0                    -4.63951e+08 2.1014e+07   105%     -   84s
H    0     2                    -3.32691e+08 2.1014e+07   106%     -   90s
     0     2 2.1014e+07    0  413 -3.327e+08 2.1014e+07   106%     -   90s
    63   112 2.1014e+07    6  423 -3.327e+08 2.1014e+07   106%   145   96s
H   70   112                    -2.86416e+08 2.1014e+07   107%   132   96s
H   76   112                    -2.47431e+08 2.1014e+07   108%   123   96s
   327   376 2.1013e+07   12  423 -2.474e+08 2.1014e+07   108%  60.6  100s
H  375   457                    -2.46033e+08 2.1014e+07   109%  57.7  103s
H  388   457                    -2.46031e+08 2.1014e+07   109%  57.7  103s
H  395   457                    -2.45850e+08 2.1014e+07   109%  57.6  103s
H  409   457                    -2.45844e+08 2.1014e+07   109%  56.7  103s
H  413   457                    -2.30143e+08 2.1014e+07   109%  56.6  103s
   579   698 2.1012e+07   17  419 -2.301e+08 2.1014e+07   109%  51.5  105s
  1488  1567 2.1010e+07   39  427 -2.301e+08 2.1014e+07   109%  55.3  111s
H 1566  1649                    -1.46888e+08 2.1014e+07   114%  54.4  112s
H 1574  1649                    -1.44453e+08 2.1014e+07   115%  54.5  112s
H 1590  1649                    -1.31548e+08 2.1014e+07   116%  54.5  112s
  1648  1697 2.1010e+07   41  425 -1.315e+08 2.1014e+07   116%  54.3  115s
H 1696  1751                    -1.31258e+08 2.1014e+07   116%  54.6  124s
H 1704  1751                    -1.21430e+08 2.1014e+07   117%  54.5  124s
H 1739  1751                    -1.18233e+08 2.1014e+07   118%  54.3  124s
  1750  1892 2.1010e+07   43  426 -1.182e+08 2.1014e+07   118%  54.4  125s
  2723  2901 2.1008e+07   65  407 -1.182e+08 2.1014e+07   118%  51.1  130s
H 2923  2951                    -1.18233e+08 2.1014e+07   118%  49.9  132s
Created node file directory '/scratch-local/lbeemster.22511826/gurobi_stress_vol4.0_0.0_demand_run0/grbnodes0'
  3415  3632 2.1007e+07   81  392 -1.182e+08 2.1014e+07   118%  47.8  135s
H 3621  3632                    -1.18233e+08 2.1014e+07   118%  46.7  135s
  4178  4422 2.1005e+07   90  391 -1.182e+08 2.1014e+07   118%  43.8  140s
H 4463  4470                    -1.16102e+08 2.1014e+07   118%  43.6  142s
  4699  5000 2.1005e+07  103  393 -1.161e+08 2.1014e+07   118%  43.5  145s
  5795  6070 2.1003e+07  132  371 -1.161e+08 2.1014e+07   118%  41.8  151s
H 5842  6070                    -1.16060e+08 2.1014e+07   118%  41.8  151s
  6724  7124 2.1002e+07  148  351 -1.161e+08 2.1014e+07   118%  41.2  156s
  7545  7942 2.1002e+07  165  339 -1.161e+08 2.1014e+07   118%  40.6  160s
  8797  9296 2.0998e+07  183  324 -1.161e+08 2.1014e+07   118%  40.8  166s
  9740 10265 2.0996e+07  204  317 -1.161e+08 2.1014e+07   118%  40.2  170s
H10300 10449                    -1.16052e+08 2.1014e+07   118%  39.6  174s
H10392 10288                    -5227840.863 2.1014e+07   502%  39.5  174s
 10484 10655 2.0993e+07  211  301 -5227840.9 2.1014e+07   502%  39.4  177s
H11010 10690                    -5227784.594 2.1014e+07   502%  39.9  181s
H11013 10690                    -5227770.414 2.1014e+07   502%  39.9  181s
H11020 10690                    -5227729.438 2.1014e+07   502%  39.9  181s
H11050 10690                    -5227704.148 2.1014e+07   502%  39.9  181s
H11058 10919                    -5227588.733 2.1014e+07   502%  39.9  185s
 12481 12764 2.0991e+07  252  292 -5227588.7 2.1014e+07   502%  39.3  192s
H13132 13271                    -5226994.714 2.1014e+07   502%  39.2  196s
H13149 13271                    -5217976.084 2.1014e+07   503%  39.2  196s
H13508 13271                    -5216584.458 2.1014e+07   503%  38.9  196s
H13672 13580                    -2023930.646 2.1014e+07  1138%  38.7  199s
 14108 14287 2.0990e+07  280  289 -2023930.6 2.1014e+07  1138%  38.4  202s
 14833 14990 2.0990e+07  293  277 -2023930.6 2.1014e+07  1138%  37.8  207s
H15539 14994                    5791248.8018 2.1014e+07   263%  37.3  211s
H15555 14994                    5800992.9267 2.1014e+07   262%  37.3  211s
 15895 15543 2.0989e+07  310  270 5800992.93 2.1014e+07   262%  37.0  216s
H16704 15576                    5820140.0490 2.1014e+07   261%  37.0  228s
H16705 15576                    5822633.2675 2.1014e+07   261%  37.0  228s
H16709 15576                    5822990.4745 2.1014e+07   261%  37.0  228s
H16711 15576                    5826892.5032 2.1014e+07   261%  37.0  228s
H16731 14045                    7780620.6008 2.1014e+07   170%  37.0  228s
 16752 14384 2.0987e+07  326  261 7780620.60 2.1014e+07   170%  37.0  232s
H16773 14384                    7849914.7037 2.1014e+07   168%  37.0  232s
H16798 14384                    1.104257e+07 2.1014e+07  90.3%  36.9  232s
 17123 15228 2.0987e+07  339  260 1.1043e+07 2.1014e+07  90.3%  36.9  235s
H17971 15181                    1.450821e+07 2.1014e+07  44.8%  36.6  241s
H17971 15181                    1.453056e+07 2.1014e+07  44.6%  36.6  243s
H17971 15105                    2.089744e+07 2.1014e+07  0.56%  36.6  245s

Cutting planes:
  Gomory: 8
  Implied bound: 3515
  MIR: 716
  Flow cover: 1200
  Relax-and-lift: 64

Explored 17971 nodes (733715 simplex iterations) in 255.39 seconds (304.38 work units)
Thread count was 48 (of 192 available processors)

Solution count 10: 2.08974e+07 2.08974e+07 1.45306e+07 ... 5.82263e+06

Optimal solution found (tolerance 2.00e-02)
Best objective 2.089743836467e+07, best bound 2.101372168729e+07, gap 0.5564%
Deleted nodefile directory: /scratch-local/lbeemster.22511826/gurobi_stress_vol4.0_0.0_demand_run0
Saved model snapshot to study_case_model/figures/volatility_stress/vol4.0_0.0_demand/sub0.0/run0/model_snapshot.pkl
  Objective: 20897438.36
  Avg H2 production: 0.0
  Scenario obj std: 1267257.485987295
  CVaR 5%: 19161355.78978255
  Worst scenario: 18963687.67217574

============================================================
Volatility multiplier: 8.0x
============================================================
Read LP format model from file /scratch-local/lbeemster.22511826/tmpwd4x1z5c.pyomo.lp
Reading time = 0.99 seconds
x1: 178177 rows, 50626 columns, 1021376 nonzeros
Set parameter OutputFlag to value 1
Set parameter MIPGap to value 0.02
Set parameter Threads to value 48
Set parameter Presolve to value 1
Set parameter Cuts to value 1
Set parameter NodefileStart to value 1
Set parameter NodefileDir to value "/scratch-local/lbeemster.22511826/gurobi_stress_vol8.0_0.0_demand_run0"
Set parameter MemLimit to value 60
Gurobi Optimizer version 12.0.3 build v12.0.3rc0 (linux64 - "Red Hat Enterprise Linux 9.6 (Plow)")

CPU model: AMD EPYC 9654 96-Core Processor, instruction set [SSE2|AVX|AVX2|AVX512]
Thread count: 192 physical cores, 192 logical processors, using up to 48 threads

Non-default parameters:
MemLimit  60
MIPGap  0.02
NodefileStart  1
Cuts  1
Presolve  1
Threads  48

Academic license 2514514 - for non-commercial use only - registered to l.___@student.vu.nl
Optimize a model with 178177 rows, 50626 columns and 1021376 nonzeros
Model fingerprint: 0x66887a24
Variable types: 40002 continuous, 10624 integer (10624 binary)
Coefficient statistics:
  Matrix range     [1e-06, 1e+05]
  Objective range  [2e+00, 3e+04]
  Bounds range     [1e+00, 1e+00]
  RHS range        [3e-01, 6e+05]
Presolve removed 34049 rows and 14166 columns
Presolve time: 1.70s
Presolved: 144128 rows, 36460 columns, 945973 nonzeros
Variable types: 28012 continuous, 8448 integer (8448 binary)
Found heuristic solution: objective -1.00096e+10

Deterministic concurrent LP optimizer: primal simplex, dual simplex, and barrier
Showing barrier log only...

Root barrier log...

Ordering time: 2.40s

Barrier statistics:
 AA' NZ     : 1.286e+07
 Factor NZ  : 1.434e+07 (roughly 200 MB of memory)
 Factor Ops : 2.150e+09 (less than 1 second per iteration)
 Threads    : 46

                  Objective                Residual
Iter       Primal          Dual         Primal    Dual     Compl     Time
   0  -3.00964868e+12  1.66293594e+14  3.09e+05 3.68e+04  1.75e+10     7s
   1  -1.88425105e+12  1.04834000e+14  1.75e+05 2.84e+05  7.64e+09     7s
   2  -5.50936713e+11  6.97532084e+13  4.78e+04 1.11e+04  2.11e+09     7s
   3  -5.36190935e+10  1.98370776e+13  3.21e+03 1.41e+01  2.02e+08     7s
   4  -2.49011977e+10  5.25411536e+12  5.41e+02 3.17e-07  4.00e+07     7s
   5  -1.98613190e+10  1.56043487e+12  1.51e+02 1.08e-07  1.08e+07     7s
   6  -1.26293345e+10  7.23540742e+11  4.33e+01 7.31e-08  4.32e+06     7s
   7  -6.29772330e+09  4.81275762e+11  2.86e+01 4.87e-08  2.82e+06     7s
   8  -3.82446905e+09  3.37508274e+11  1.89e+01 7.61e-08  1.94e+06     8s
   9  -3.06647035e+09  1.34209270e+11  1.22e+01 3.52e-08  8.24e+05     8s

Barrier performed 9 iterations in 7.61 seconds (5.57 work units)
Barrier solve interrupted - model solved by another algorithm

Concurrent spin time: 1.59s (can be avoided by choosing Method=3)

Solved with primal simplex

Root relaxation: objective 2.149246e+07, 51241 iterations, 4.33 seconds (2.64 work units)

    Nodes    |    Current Node    |     Objective Bounds      |     Work
 Expl Unexpl |  Obj  Depth IntInf | Incumbent    BestBd   Gap | It/Node Time

     0     0 2.1492e+07    0  461 -1.001e+10 2.1492e+07   100%     -    9s
H    0     0                    -1.91610e+09 2.1492e+07   101%     -   11s
H    0     0                    -1.89990e+09 2.1492e+07   101%     -   12s
     0     0 2.1398e+07    0  564 -1.900e+09 2.1398e+07   101%     -   15s
     0     0 2.1398e+07    0  607 -1.900e+09 2.1398e+07   101%     -   16s
     0     0 2.1366e+07    0  605 -1.900e+09 2.1366e+07   101%     -   19s
     0     0 2.1365e+07    0  615 -1.900e+09 2.1365e+07   101%     -   19s
     0     0 2.1365e+07    0  623 -1.900e+09 2.1365e+07   101%     -   19s
     0     0 2.1337e+07    0  557 -1.900e+09 2.1337e+07   101%     -   22s
     0     0 2.1336e+07    0  607 -1.900e+09 2.1336e+07   101%     -   24s
     0     0 2.1336e+07    0  613 -1.900e+09 2.1336e+07   101%     -   24s
     0     0 2.1336e+07    0  616 -1.900e+09 2.1336e+07   101%     -   24s
     0     0 2.1308e+07    0  542 -1.900e+09 2.1308e+07   101%     -   28s
     0     0 2.1308e+07    0  559 -1.900e+09 2.1308e+07   101%     -   29s
     0     0 2.1308e+07    0  569 -1.900e+09 2.1308e+07   101%     -   29s
     0     0 2.1274e+07    0  523 -1.900e+09 2.1274e+07   101%     -   32s
     0     0 2.1274e+07    0  524 -1.900e+09 2.1274e+07   101%     -   34s
     0     0 2.1274e+07    0  539 -1.900e+09 2.1274e+07   101%     -   34s
     0     0 2.1274e+07    0  543 -1.900e+09 2.1274e+07   101%     -   34s
     0     0 2.1265e+07    0  494 -1.900e+09 2.1265e+07   101%     -   36s
     0     0 2.1265e+07    0  514 -1.900e+09 2.1265e+07   101%     -   38s
     0     0 2.1265e+07    0  516 -1.900e+09 2.1265e+07   101%     -   38s
     0     0 2.1262e+07    0  471 -1.900e+09 2.1262e+07   101%     -   41s
H    0     0                    -1.73232e+09 2.1262e+07   101%     -   42s
     0     0 2.1262e+07    0  487 -1.732e+09 2.1262e+07   101%     -   42s
     0     0 2.1262e+07    0  477 -1.732e+09 2.1262e+07   101%     -   42s
     0     0 2.1261e+07    0  457 -1.732e+09 2.1261e+07   101%     -   43s
     0     0 2.1261e+07    0  473 -1.732e+09 2.1261e+07   101%     -   43s
     0     0 2.1261e+07    0  451 -1.732e+09 2.1261e+07   101%     -   45s
H    0     0                    -1.57574e+09 2.1261e+07   101%     -   47s
     0     0 2.1261e+07    0  463 -1.576e+09 2.1261e+07   101%     -   47s
     0     0 2.1261e+07    0  443 -1.576e+09 2.1261e+07   101%     -   47s
     0     0 2.1261e+07    0  433 -1.576e+09 2.1261e+07   101%     -   52s
H    0     0                    -1.42085e+09 2.1261e+07   101%     -   57s
H    0     0                    -1.40894e+09 2.1261e+07   102%     -   57s
H    0     0                    -1.30870e+09 2.1261e+07   102%     -   61s
H    0     0                    -1.28694e+09 2.1261e+07   102%     -   63s
H    0     0                    -1.17480e+09 2.1261e+07   102%     -   65s
H    0     0                    -1.24473e+08 2.1261e+07   117%     -   69s
H    0     0                    -1.23121e+08 2.1261e+07   117%     -   73s
H    0     0                    -1.18676e+08 2.1261e+07   118%     -   75s
     0     2 2.1261e+07    0  427 -1.187e+08 2.1261e+07   118%     -   79s
     7    16 2.1260e+07    3  447 -1.187e+08 2.1261e+07   118%   288   80s
    63   112 2.1259e+07    6  440 -1.187e+08 2.1261e+07   118%   116   85s
H   71   112                    -1.17887e+08 2.1261e+07   118%   112   85s
H   75   112                    -1.11302e+08 2.1261e+07   119%   113   85s
H  348   401                    -1.06258e+08 2.1260e+07   120%  72.5   90s
  1116  1218 2.1254e+07   20  426 -1.063e+08 2.1260e+07   120%  54.6   95s
  1368  1418 2.1251e+07   26  419 -1.063e+08 2.1260e+07   120%  51.3  108s
  1417  1468 2.1249e+07   27  420 -1.063e+08 2.1260e+07   120%  50.4  115s
  1467  1520 2.1249e+07   28  420 -1.063e+08 2.1260e+07   120%  50.2  131s
H 1474  1520                    -1.06253e+08 2.1260e+07   120%  50.1  131s
H 1476  1520                    -7.98455e+07 2.1260e+07   127%  50.1  131s
H 1493  1520                    -4.54083e+07 2.1260e+07   147%  49.7  131s
  1806  1855 2.1248e+07   34  418 -4.541e+07 2.1260e+07   147%  47.4  136s
H 1854  1903                    -4.44299e+07 2.1260e+07   148%  47.0  144s
H 1855  1903                    -2.18775e+07 2.1260e+07   197%  47.0  144s
H 1868  1903                    -1836133.290 2.1260e+07  1258%  47.0  144s
H 1872  1903                    -274250.3822 2.1260e+07  7852%  47.0  144s
H 1880  1903                    3535522.0054 2.1260e+07   501%  47.0  144s
  1902  2043 2.1248e+07   36  414 3535522.01 2.1260e+07   501%  47.0  145s
  2798  2992 2.1247e+07   53  386 3535522.01 2.1260e+07   501%  45.0  150s
Created node file directory '/scratch-local/lbeemster.22511826/gurobi_stress_vol8.0_0.0_demand_run0/grbnodes0'
H 3226  3286                    1.074261e+07 2.1260e+07  97.9%  42.9  153s
H 3302  3135                    1.164739e+07 2.1260e+07  82.5%  42.9  153s
  3580  3583 2.1246e+07   64  375 1.1647e+07 2.1260e+07  82.5%  43.0  155s
  4431  4243 2.1244e+07   81  372 1.1647e+07 2.1260e+07  82.5%  41.2  160s
H 4432  4243                    1.166135e+07 2.1260e+07  82.3%  41.2  160s
  5101  5212 2.1244e+07   91  361 1.1661e+07 2.1260e+07  82.3%  39.5  166s
  5752  5872 2.1243e+07  106  359 1.1661e+07 2.1260e+07  82.3%  38.1  170s
  7008  7057 2.1243e+07  127  345 1.1661e+07 2.1260e+07  82.3%  36.2  177s
  7807  8031 2.1242e+07  138  339 1.1661e+07 2.1260e+07  82.3%  35.4  181s
  8854  9044 2.1239e+07  155  339 1.1661e+07 2.1260e+07  82.3%  34.3  186s
  9882 10055 2.1237e+07  176  329 1.1661e+07 2.1260e+07  82.3%  33.4  190s
 11037 11277 2.1233e+07  198  307 1.1661e+07 2.1260e+07  82.3%  32.8  195s
 12305 12502 2.1231e+07  217  283 1.1661e+07 2.1259e+07  82.3%  31.9  200s
 13659 13907 2.1226e+07  242  253 1.1661e+07 2.1259e+07  82.3%  31.1  208s
 14359 14293 2.1208e+07  255  247 1.1661e+07 2.1259e+07  82.3%  30.8  212s
 14764 15058 2.1208e+07  259  246 1.1661e+07 2.1259e+07  82.3%  30.5  216s
 15544 15851 2.1201e+07  271  227 1.1661e+07 2.1259e+07  82.3%  30.0  220s
 17144 17497 2.1198e+07  294  200 1.1661e+07 2.1259e+07  82.3%  29.1  228s
H18003 10527                    2.114808e+07 2.1259e+07  0.52%  28.6  249s

Cutting planes:
  Gomory: 12
  Implied bound: 3471
  MIR: 678
  Flow cover: 1070
  RLT: 4
  Relax-and-lift: 97

Explored 18003 nodes (592661 simplex iterations) in 259.74 seconds (295.08 work units)
Thread count was 48 (of 192 available processors)

Solution count 10: 2.11481e+07 2.11481e+07 1.16613e+07 ... -4.54083e+07

Optimal solution found (tolerance 2.00e-02)
Best objective 2.114807720613e+07, best bound 2.125890097579e+07, gap 0.5240%
Deleted nodefile directory: /scratch-local/lbeemster.22511826/gurobi_stress_vol8.0_0.0_demand_run0
Saved model snapshot to study_case_model/figures/volatility_stress/vol8.0_0.0_demand/sub0.0/run0/model_snapshot.pkl
  Objective: 21148077.21
  Avg H2 production: 0.04119005172110804
  Scenario obj std: 1519964.549558212
  CVaR 5%: 19092485.902300537
  Worst scenario: 18732850.839297805

============================================================
Volatility multiplier: 16.0x
============================================================
Read LP format model from file /scratch-local/lbeemster.22511826/tmp8pi488p0.pyomo.lp
Reading time = 0.62 seconds
x1: 178177 rows, 50626 columns, 1021376 nonzeros
Set parameter OutputFlag to value 1
Set parameter MIPGap to value 0.02
Set parameter Threads to value 48
Set parameter Presolve to value 1
Set parameter Cuts to value 1
Set parameter NodefileStart to value 1
Set parameter NodefileDir to value "/scratch-local/lbeemster.22511826/gurobi_stress_vol16.0_0.0_demand_run0"
Set parameter MemLimit to value 60
Gurobi Optimizer version 12.0.3 build v12.0.3rc0 (linux64 - "Red Hat Enterprise Linux 9.6 (Plow)")

CPU model: AMD EPYC 9654 96-Core Processor, instruction set [SSE2|AVX|AVX2|AVX512]
Thread count: 192 physical cores, 192 logical processors, using up to 48 threads

Non-default parameters:
MemLimit  60
MIPGap  0.02
NodefileStart  1
Cuts  1
Presolve  1
Threads  48

Academic license 2514514 - for non-commercial use only - registered to l.___@student.vu.nl
Optimize a model with 178177 rows, 50626 columns and 1021376 nonzeros
Model fingerprint: 0xb6968908
Variable types: 40002 continuous, 10624 integer (10624 binary)
Coefficient statistics:
  Matrix range     [1e-06, 1e+05]
  Objective range  [2e+00, 3e+04]
  Bounds range     [1e+00, 1e+00]
  RHS range        [3e-01, 7e+05]
Presolve removed 34049 rows and 14166 columns
Presolve time: 1.78s
Presolved: 144128 rows, 36460 columns, 945973 nonzeros
Variable types: 28012 continuous, 8448 integer (8448 binary)
Found heuristic solution: objective -1.07521e+10

Deterministic concurrent LP optimizer: primal simplex, dual simplex, and barrier
Showing barrier log only...

Root barrier log...

Ordering time: 2.48s

Barrier statistics:
 AA' NZ     : 1.286e+07
 Factor NZ  : 1.434e+07 (roughly 200 MB of memory)
 Factor Ops : 2.150e+09 (less than 1 second per iteration)
 Threads    : 46

                  Objective                Residual
Iter       Primal          Dual         Primal    Dual     Compl     Time
   0  -3.00985668e+12  1.66296246e+14  3.09e+05 3.68e+04  1.75e+10     7s
   1  -1.88453090e+12  1.04831742e+14  1.75e+05 2.84e+05  7.64e+09     7s
   2  -5.51253047e+11  6.97455850e+13  4.78e+04 1.11e+04  2.11e+09     7s
   3  -5.42532983e+10  1.98298459e+13  3.22e+03 1.42e+01  2.02e+08     7s
   4  -2.67109833e+10  5.36280992e+12  5.51e+02 2.96e-07  4.09e+07     8s
   5  -2.16378701e+10  1.55025171e+12  1.56e+02 9.52e-08  1.09e+07     8s
   6  -1.48300329e+10  7.23716861e+11  4.38e+01 5.05e-08  4.34e+06     8s
   7  -8.37905038e+09  4.84082526e+11  2.86e+01 3.78e-08  2.85e+06     8s
   8  -7.33462597e+09  3.68733167e+11  2.43e+01 2.70e-08  2.19e+06     8s
   9  -2.80139476e+09  2.31497955e+11  1.19e+01 1.58e-08  1.31e+06     8s

Barrier performed 9 iterations in 7.81 seconds (5.57 work units)
Barrier solve interrupted - model solved by another algorithm

Concurrent spin time: 2.10s (can be avoided by choosing Method=3)

Solved with primal simplex

Root relaxation: objective 2.225351e+07, 49969 iterations, 4.53 seconds (2.69 work units)

    Nodes    |    Current Node    |     Objective Bounds      |     Work
 Expl Unexpl |  Obj  Depth IntInf | Incumbent    BestBd   Gap | It/Node Time

     0     0 2.2254e+07    0  464 -1.075e+10 2.2254e+07   100%     -    9s
H    0     0                    -1.03138e+10 2.2254e+07   100%     -   12s
     0     0 2.2110e+07    0  601 -1.031e+10 2.2110e+07   100%     -   14s
H    0     0                    -5.99071e+09 2.2110e+07   100%     -   15s
     0     0 2.2110e+07    0  633 -5.991e+09 2.2110e+07   100%     -   16s
     0     0 2.2110e+07    0  639 -5.991e+09 2.2110e+07   100%     -   16s
     0     0 2.2062e+07    0  553 -5.991e+09 2.2062e+07   100%     -   18s
H    0     0                    -3.02215e+09 2.2062e+07   101%     -   19s
     0     0 2.2062e+07    0  574 -3.022e+09 2.2062e+07   101%     -   20s
     0     0 2.2062e+07    0  584 -3.022e+09 2.2062e+07   101%     -   20s
     0     0 2.2016e+07    0  551 -3.022e+09 2.2016e+07   101%     -   23s
     0     0 2.2016e+07    0  571 -3.022e+09 2.2016e+07   101%     -   24s
     0     0 2.2016e+07    0  575 -3.022e+09 2.2016e+07   101%     -   24s
     0     0 2.2016e+07    0  577 -3.022e+09 2.2016e+07   101%     -   24s
     0     0 2.1980e+07    0  551 -3.022e+09 2.1980e+07   101%     -   28s
     0     0 2.1980e+07    0  563 -3.022e+09 2.1980e+07   101%     -   29s
     0     0 2.1980e+07    0  575 -3.022e+09 2.1980e+07   101%     -   29s
     0     0 2.1980e+07    0  575 -3.022e+09 2.1980e+07   101%     -   30s
     0     0 2.1928e+07    0  494 -3.022e+09 2.1928e+07   101%     -   32s
     0     0 2.1927e+07    0  529 -3.022e+09 2.1927e+07   101%     -   34s
     0     0 2.1927e+07    0  542 -3.022e+09 2.1927e+07   101%     -   34s
     0     0 2.1927e+07    0  539 -3.022e+09 2.1927e+07   101%     -   34s
     0     0 2.1912e+07    0  515 -3.022e+09 2.1912e+07   101%     -   37s
     0     0 2.1912e+07    0  501 -3.022e+09 2.1912e+07   101%     -   38s
     0     0 2.1912e+07    0  525 -3.022e+09 2.1912e+07   101%     -   38s
     0     0 2.1898e+07    0  486 -3.022e+09 2.1898e+07   101%     -   41s
H    0     0                    -1.83648e+09 2.1898e+07   101%     -   42s
     0     0 2.1898e+07    0  488 -1.836e+09 2.1898e+07   101%     -   42s
     0     0 2.1898e+07    0  488 -1.836e+09 2.1898e+07   101%     -   42s
     0     0 2.1898e+07    0  493 -1.836e+09 2.1898e+07   101%     -   43s
     0     0 2.1885e+07    0  486 -1.836e+09 2.1885e+07   101%     -   45s
H    0     0                    -9.71529e+08 2.1885e+07   102%     -   46s
     0     0 2.1884e+07    0  493 -9.715e+08 2.1884e+07   102%     -   46s
     0     0 2.1884e+07    0  498 -9.715e+08 2.1884e+07   102%     -   47s
     0     0 2.1884e+07    0  494 -9.715e+08 2.1884e+07   102%     -   47s
     0     0 2.1882e+07    0  465 -9.715e+08 2.1882e+07   102%     -   47s
     0     0 2.1882e+07    0  474 -9.715e+08 2.1882e+07   102%     -   49s
     0     0 2.1880e+07    0  464 -9.715e+08 2.1880e+07   102%     -   51s
     0     0 2.1879e+07    0  464 -9.715e+08 2.1879e+07   102%     -   51s
     0     0 2.1879e+07    0  468 -9.715e+08 2.1879e+07   102%     -   51s
     0     0 2.1878e+07    0  452 -9.715e+08 2.1878e+07   102%     -   52s
     0     0 2.1878e+07    0  468 -9.715e+08 2.1878e+07   102%     -   53s
     0     0 2.1877e+07    0  443 -9.715e+08 2.1877e+07   102%     -   55s
     0     0 2.1877e+07    0  447 -9.715e+08 2.1877e+07   102%     -   57s
     0     0 2.1877e+07    0  435 -9.715e+08 2.1877e+07   102%     -   57s
     0     0 2.1877e+07    0  432 -9.715e+08 2.1877e+07   102%     -   62s
H    0     0                    -8.66451e+08 2.1877e+07   103%     -   75s
H    0     0                    -3.45326e+08 2.1877e+07   106%     -   77s
H    0     0                    -3.28481e+08 2.1877e+07   107%     -   80s
H    0     0                    -1.15376e+08 2.1877e+07   119%     -   83s
H    0     0                    -1.15375e+08 2.1877e+07   119%     -   86s
H    0     0                    -1.06467e+08 2.1877e+07   121%     -   86s
     0     2 2.1877e+07    0  427 -1.065e+08 2.1877e+07   121%     -   89s
     3     8 2.1835e+07    2  435 -1.065e+08 2.1877e+07   121%   328   90s
H  114   160                    -1.06466e+08 2.1812e+07   120%  86.6   93s
   407   487 2.1593e+07   14  448 -1.065e+08 2.1812e+07   120%  41.8   95s
   832   870 1.6258e+07   18  444 -1.065e+08 2.1812e+07   120%  35.8  100s
H  882   917                    -1.06466e+08 2.1812e+07   120%  34.9  101s
  1383  1451 6966180.06   25  433 -1.065e+08 2.1812e+07   120%  33.2  105s
  1643  1665 6474436.11   31  434 -1.065e+08 2.1812e+07   120%  32.6  118s
  1703  1725 6474353.62   32  435 -1.065e+08 2.1812e+07   120%  32.3  132s
H 1749  1725                    -8.96043e+07 2.1812e+07   124%  32.3  132s
H 1901  1880                    -8.96043e+07 2.1812e+07   124%  32.1  134s
  1948  2046 6202542.65   36  431 -8.960e+07 2.1812e+07   124%  32.1  135s
  2842  2681 -3430532.1   45  430 -8.960e+07 2.1488e+07   124%  30.4  140s
H 2889  2681                    -8.96043e+07 2.1488e+07   124%  30.5  140s
Created node file directory '/scratch-local/lbeemster.22511826/gurobi_stress_vol16.0_0.0_demand_run0/grbnodes0'
  3476  3435 -1.314e+07   53  427 -8.960e+07 2.1487e+07   124%  29.9  145s
  4120  4003 -1.469e+07   66  421 -8.960e+07 2.1487e+07   124%  29.3  150s
H 4144  4003                    -8.96019e+07 2.1487e+07   124%  29.3  150s
H 4155  4003                    -8.80221e+07 2.1487e+07   124%  29.3  150s
H 4167  4003                    -8.80202e+07 2.1487e+07   124%  29.3  150s
  5245  4968 -2.525e+07   96  416 -8.802e+07 2.1487e+07   124%  28.3  157s
  5623  5478 -2.525e+07  103  412 -8.802e+07 2.1487e+07   124%  28.1  160s
H 5648  4490                    -4.03807e+07 2.1487e+07   153%  28.1  160s
  6582  5425 -2.785e+07  114  382 -4.038e+07 2.1472e+07   153%  28.1  165s
  7517  6020 -2.786e+07  128  368 -4.038e+07 2.1472e+07   153%  27.6  173s
  7566  6068 -2.786e+07  129  366 -4.038e+07 2.1472e+07   153%  27.6  182s
H 7567  6067                    -3.91843e+07 2.1472e+07   155%  27.6  182s
H 7568  5921                    -3.56519e+07 2.1472e+07   160%  27.6  182s
  8069  6786 -2.786e+07  138  364 -3.565e+07 2.1472e+07   160%  27.7  185s
  8999  7484 -2.786e+07  157  363 -3.565e+07 2.1359e+07   160%  28.1  191s
H 9038  7484                    -3.56383e+07 2.1359e+07   160%  28.2  191s
H 9117  7484                    -3.53175e+07 2.1359e+07   160%  28.4  191s
H 9213  7338                    -3.48186e+07 2.1359e+07   161%  28.5  191s
  9759  8301 -2.786e+07  170  344 -3.482e+07 2.1359e+07   161%  28.8  196s
H10323  8204                    -3.15352e+07 2.1359e+07   168%  29.4  199s
 10607  8744 -2.787e+07  189  331 -3.154e+07 2.1359e+07   168%  29.6  202s
 11835  9570 -2.778e+07   19  421 -3.154e+07 2.1350e+07   168%  30.0  208s
H11842  9570                    -3.15179e+07 2.1350e+07   168%  30.0  208s
H11958  9570                    -3.14883e+07 2.1350e+07   168%  29.9  208s
H12032  9570                    -3.14862e+07 2.1350e+07   168%  29.9  218s
H12032  9570                    -3.12668e+07 2.1350e+07   168%  29.9  238s
H12032  5636                    -4888376.807 2.1350e+07   537%  29.9  245s
 12033  5475 7851536.14   66  432 -4888376.8 2.1350e+07   537%  29.9  261s
H12034  5202                    -4887275.307 2.1350e+07   537%  29.9  324s
H12034  4942                    -4884409.829 2.1350e+07   537%  29.9  324s
H12034  4694                    -4884264.780 2.1350e+07   537%  29.9  324s
 12036  4695 1.1490e+07   22  407 -4884264.8 2.1350e+07   537%  29.9  328s
H12036  4461                    -4883716.013 2.1350e+07   537%  29.9  329s
H12036  4238                    -4879761.431 2.1350e+07   538%  29.9  329s
 12037  4239 1.9212e+07  117  407 -4879761.4 2.1350e+07   538%  29.9  331s
H12037  4027                    -4866184.053 2.1350e+07   539%  29.9  332s
 12039  4028 4595581.48   44  376 -4866184.1 2.1350e+07   539%  29.9  335s
H12039  3826                    -4864992.049 2.1350e+07   539%  29.9  366s
H12041  3636                    6633416.0130 2.1148e+07   219%  29.9  388s
H12041  3454                    6657550.5521 2.1148e+07   218%  29.9  388s
 12043  3456 6657550.55   28  329 6657550.55 2.1148e+07   218%  29.9  392s
 12045  3457 6657550.55   97  326 6657550.55 2.0885e+07   214%  29.9  412s
 12047  3458 8960887.59   41  314 6657550.55 2.0878e+07   214%  29.9  416s
 12048  3459 1.7184e+07   18  320 6657550.55 2.0747e+07   212%  29.9  435s
 12051  3461 6657550.55  101  308 6657550.55 2.0747e+07   212%  29.9  441s
 12052  3462 1.8130e+07   20  308 6657550.55 2.0747e+07   212%  29.9  469s
H12052  3290                    6689785.3660 2.0747e+07   210%  36.0  477s
 12060  3293 2.0747e+07   13  318 6689785.37 2.0747e+07   210%  36.1  480s
 12152  3280 2.0747e+07   22  317 6689785.37 2.0747e+07   210%  36.1  488s
 12212  3307 2.0747e+07   24  321 6689785.37 2.0747e+07   210%  36.1  491s
 12423  3326 1.1301e+07   29  319 6689785.37 2.0747e+07   210%  36.4  497s
H12478  3163                    6691138.5055 2.0747e+07   210%  36.5  501s
H12484  3005                    6692167.2860 2.0747e+07   210%  36.5  501s
 12638  3065 1.1278e+07   31  318 6692167.29 2.0747e+07   210%  36.4  505s
 12983  3183 7709429.10   33  310 6692167.29 2.0747e+07   210%  36.4  510s
 13248  3269 1.0906e+07   36  322 6692167.29 2.0747e+07   210%  36.4  515s
 13410  3334 1.0840e+07   38  328 6692167.29 2.0747e+07   210%  37.5  521s
H13609  3232                    6692188.2722 2.0747e+07   210%  37.5  524s
H13618  3088                    6692191.8768 2.0747e+07   210%  37.5  524s
H13624  2952                    6692208.7280 2.0747e+07   210%  37.6  524s
 13673  2996 infeasible   40      6692208.73 2.0747e+07   210%  37.6  526s
 13897  3051 1.0212e+07   43  324 6692208.73 2.0747e+07   210%  37.6  530s
 14357  3274     cutoff   45      6692208.73 2.0747e+07   210%  37.9  536s
 14743  3399 6765992.06   50  306 6692208.73 2.0747e+07   210%  38.0  540s
H14765  3263                    6692228.4738 2.0747e+07   210%  38.0  540s
H14813  3126                    6692229.9058 2.0747e+07   210%  38.1  540s
 15107  3404 1.0007e+07   54  325 6692229.91 2.0747e+07   210%  38.4  546s
 15617  3650 9287188.32   60  311 6692229.91 2.0747e+07   210%  38.7  550s
H15933  3624                    6692236.4178 2.0747e+07   210%  39.1  553s
H16017  3487                    6692244.3999 2.0747e+07   210%  39.2  553s
H16033  3378                    6692268.6726 2.0747e+07   210%  39.2  553s
 16081  3639 8741823.56   65  304 6692268.67 2.0747e+07   210%  39.3  555s
 16784  3973 8373552.89   72  292 6692268.67 2.0747e+07   210%  39.8  563s
 17014  4285 infeasible   74      6692268.67 2.0747e+07   210%  40.1  565s
H17063  4010                    7401100.8835 2.0747e+07   180%  40.1  565s
 17825  4554 8362640.96   81  290 7401100.88 2.0747e+07   180%  40.3  571s
H18235  2905                    1.283770e+07 2.0747e+07  61.6%  40.4  574s
H18253  2905                    1.542148e+07 2.0747e+07  34.5%  40.4  574s
H18352  2905                    1.544555e+07 2.0747e+07  34.3%  40.3  574s
 18435  2649     cutoff   84      1.5446e+07 2.0747e+07  34.3%  40.3  578s
 18961  2900 1.8246e+07   30  326 1.5446e+07 2.0747e+07  34.3%  40.3  582s
 19306  2998 1.7481e+07   37  318 1.5446e+07 2.0747e+07  34.3%  40.4  585s
H19751  2886                    1.699786e+07 2.0747e+07  22.1%  40.6  589s
H19937  2886                    1.701455e+07 2.0747e+07  21.9%  40.6  589s
H19965  2886                    1.803937e+07 2.0747e+07  15.0%  40.6  589s
 19998  2960     cutoff   45      1.8039e+07 2.0747e+07  15.0%  40.6  592s
 20507  3138 1.8671e+07   65  293 1.8039e+07 2.0747e+07  15.0%  40.8  595s
H21272  3070                    1.804523e+07 2.0747e+07  15.0%  41.2  598s
 21433  2741 1.8271e+07   83  273 1.8045e+07 2.0747e+07  15.0%  41.3  609s
H21435  2741                    1.811334e+07 2.0747e+07  14.5%  41.3  609s
H21445  2741                    1.813624e+07 2.0747e+07  14.4%  41.4  609s
H21451  2741                    1.814820e+07 2.0747e+07  14.3%  41.4  609s
H21477  2741                    1.814946e+07 2.0747e+07  14.3%  41.4  609s
 21486  3244 1.8270e+07   84  272 1.8149e+07 2.0747e+07  14.3%  41.4  613s
 22054  3403 1.8260e+07   96  268 1.8149e+07 2.0747e+07  14.3%  41.7  616s
 22750  3952 1.8226e+07  110  248 1.8149e+07 2.0747e+07  14.3%  41.7  620s
H22913  3952                    1.816015e+07 2.0747e+07  14.2%  41.6  620s
H23021  3952                    1.816015e+07 2.0747e+07  14.2%  41.5  620s
 24066  5266 1.8214e+07  141  221 1.8160e+07 2.0747e+07  14.2%  41.3  628s
 24687  6087 1.8211e+07  153  203 1.8160e+07 2.0747e+07  14.2%  41.1  631s
 25539  6888 1.8205e+07  172  182 1.8160e+07 2.0747e+07  14.2%  40.8  635s
 26377  7538 1.8175e+07  185  147 1.8160e+07 2.0747e+07  14.2%  40.5  640s
 27078  8398 1.8175e+07  201  144 1.8160e+07 2.0747e+07  14.2%  40.3  645s
H27976  8294                    1.817182e+07 2.0747e+07  14.2%  40.1  645s
 28040  8905     cutoff  213      1.8172e+07 2.0747e+07  14.2%  40.0  650s
 28986  9416 1.8172e+07  223  113 1.8172e+07 2.0462e+07  12.6%  39.7  655s
H29001  8893                    1.818558e+07 2.0462e+07  12.5%  39.7  655s
H29040  8508                    1.819201e+07 2.0462e+07  12.5%  39.7  655s
H29108  8395                    1.819427e+07 2.0462e+07  12.5%  39.6  655s
H29427  8320                    1.819623e+07 2.0462e+07  12.5%  39.5  655s
 29625  8821 1.9082e+07   62  307 1.8196e+07 2.0462e+07  12.5%  39.5  661s
 30553  9420 1.8312e+07   80  275 1.8196e+07 2.0187e+07  10.9%  39.4  667s
 31221 10284 1.8304e+07   90  277 1.8196e+07 2.0187e+07  10.9%  39.4  672s
 32231 11349 1.8234e+07  111  233 1.8196e+07 2.0187e+07  10.9%  39.4  677s
 33335 12455 1.8228e+07  136  215 1.8196e+07 2.0183e+07  10.9%  39.4  682s
 34449 13550 1.8221e+07  160  197 1.8196e+07 2.0183e+07  10.9%  39.5  687s
 35587 14697 1.8197e+07  178  148 1.8196e+07 2.0183e+07  10.9%  39.3  699s
 36870 15582     cutoff  196      1.8196e+07 2.0183e+07  10.9%  39.2  704s
 37868 16548 1.8220e+07   59  274 1.8196e+07 2.0181e+07  10.9%  39.2  710s
 38988 17294     cutoff   73      1.8196e+07 2.0181e+07  10.9%  39.0  716s
 39900 18422 infeasible   55      1.8196e+07 2.0012e+07  10.0%  39.1  722s
 41127 19607 infeasible   67      1.8196e+07 2.0002e+07  9.93%  39.2  728s
 42415 20902 1.8324e+07   78  280 1.8196e+07 2.0002e+07  9.93%  39.3  736s
 43744 21099 1.8318e+07   88  280 1.8196e+07 2.0002e+07  9.93%  39.4  750s
 43958 22424 1.8318e+07   90  264 1.8196e+07 2.0000e+07  9.91%  39.4  757s
 45345 23845 1.8316e+07  101  255 1.8196e+07 2.0000e+07  9.91%  39.5  766s
 46812 25381 1.8313e+07  114  242 1.8196e+07 2.0000e+07  9.91%  39.6  776s
H47867 25219                    1.819754e+07 2.0000e+07  9.90%  39.5  776s
 48393 25913 1.8312e+07  126  235 1.8198e+07 2.0000e+07  9.90%  39.4  789s
 49248 27489 1.8299e+07  131  231 1.8198e+07 1.9941e+07  9.58%  39.4  797s
 50885 29331 1.8310e+07  145  211 1.8198e+07 1.9941e+07  9.58%  39.4  807s
*51274 28223             425    1.820187e+07 1.9914e+07  9.40%  39.4  807s
 52799 29821 1.8309e+07  160  204 1.8202e+07 1.9914e+07  9.40%  39.3  819s
H52918 29653                    1.820298e+07 1.9914e+07  9.40%  39.3  819s
H54053 29028                    1.820869e+07 1.9912e+07  9.35%  39.3  819s
 54517 30833 1.8307e+07  174  196 1.8209e+07 1.9912e+07  9.35%  39.2  829s
 56442 32294 1.8306e+07  190  170 1.8209e+07 1.9897e+07  9.27%  39.2  841s
 58105 32954 1.8298e+07  203  161 1.8209e+07 1.9897e+07  9.27%  39.3  853s
 58886 35121 1.8303e+07  209  154 1.8209e+07 1.9897e+07  9.27%  39.3  863s
 61212 37134 1.8301e+07  229  158 1.8209e+07 1.9897e+07  9.27%  39.4  876s
 63432 39333 1.8280e+07  246  148 1.8209e+07 1.9897e+07  9.27%  39.5  889s
 65869 41493 1.8277e+07  267  139 1.8209e+07 1.9836e+07  8.94%  39.5  902s
 68191 43833 1.8300e+07  286  136 1.8209e+07 1.9836e+07  8.94%  39.7  916s
 70729 46261 1.8299e+07  305  125 1.8209e+07 1.9836e+07  8.94%  39.5  930s
*71982 46261             514    1.820871e+07 1.9836e+07  8.94%  39.3  930s
 73390 49102 1.8297e+07  326  109 1.8209e+07 1.9836e+07  8.94%  39.2  952s
*73468 48640             516    1.821133e+07 1.9836e+07  8.92%  39.2  952s
*73495 48628             522    1.821162e+07 1.9836e+07  8.92%  39.2  952s
*76066 48628             525    1.821168e+07 1.9836e+07  8.92%  39.1  952s
*76088 48464             530    1.821196e+07 1.9836e+07  8.92%  39.1  952s
 76422 51244 1.8279e+07  354   96 1.8212e+07 1.9836e+07  8.92%  39.1  967s
 79312 53917 1.8268e+07  373   92 1.8212e+07 1.9739e+07  8.38%  38.9  984s
 82086 56685 1.8271e+07  395   72 1.8212e+07 1.9739e+07  8.38%  38.7 1001s
H82454 55524                    1.821760e+07 1.9739e+07  8.35%  38.6 1001s
H82832 51314                    1.822950e+07 1.9739e+07  8.28%  38.6 1001s
H84937 38086                    1.825788e+07 1.9715e+07  7.98%  38.4 1023s
H84938 30807                    1.827256e+07 1.9715e+07  7.89%  38.4 1023s
 85085 33013     cutoff  421      1.8273e+07 1.9715e+07  7.89%  38.4 1037s
 88130 35911 1.8874e+07   58  301 1.8273e+07 1.9715e+07  7.89%  38.5 1051s
 91162 39008 1.8294e+07  116  239 1.8273e+07 1.9715e+07  7.89%  38.5 1068s
 94417 42373 infeasible  150      1.8273e+07 1.9699e+07  7.81%  38.3 1087s
 98061 45712 1.8302e+07   90  259 1.8273e+07 1.9690e+07  7.75%  38.0 1107s
 101770 48852 1.8295e+07  131  219 1.8273e+07 1.9464e+07  6.52%  37.8 1127s
 105075 51770 1.8291e+07  176  179 1.8273e+07 1.9460e+07  6.50%  38.1 1150s
 108373 55614 1.8289e+07  215  132 1.8273e+07 1.9456e+07  6.48%  37.9 1172s
 112350 59602 1.8295e+07   92  274 1.8273e+07 1.9456e+07  6.48%  37.7 1202s
 116842 63568 1.8274e+07  163  188 1.8273e+07 1.9439e+07  6.38%  37.6 1227s
 121494 67049 1.8307e+07   85  268 1.8273e+07 1.9367e+07  5.99%  37.4 1252s
 125291 71154 1.8301e+07  118  246 1.8273e+07 1.9367e+07  5.99%  37.6 1278s
 129650 75754 1.8297e+07  152  208 1.8273e+07 1.9324e+07  5.76%  37.7 1308s
 134581 79201 1.8287e+07  186  191 1.8273e+07 1.9324e+07  5.76%  37.7 1345s
 138316 83976 1.8289e+07  220  147 1.8273e+07 1.9308e+07  5.66%  37.8 1377s
H139771 77449                    1.827721e+07 1.9308e+07  5.64%  37.8 1377s
 143520 80458     cutoff  264      1.8277e+07 1.9308e+07  5.64%  37.8 1408s
H143521 80300                    1.827727e+07 1.9308e+07  5.64%  37.8 1408s
H144165 80300                    1.827727e+07 1.9308e+07  5.64%  37.8 1408s
H146258 80300                    1.827727e+07 1.9308e+07  5.64%  37.9 1408s
H146500 80299                    1.827730e+07 1.9308e+07  5.64%  37.9 1408s
 147821 84586 1.8288e+07  305  104 1.8277e+07 1.9308e+07  5.64%  37.9 1442s
 153081 88527 1.8305e+07   96  268 1.8277e+07 1.9295e+07  5.57%  38.0 1471s
 157971 92752 1.8297e+07  173  191 1.8277e+07 1.9076e+07  4.37%  38.1 1499s
 162820 96114 1.8293e+07  280  112 1.8277e+07 1.9073e+07  4.36%  38.1 1531s
 167118 99590 1.8302e+07  130  237 1.8277e+07 1.9068e+07  4.33%  38.0 1563s
 171424 102601 1.8290e+07  284  129 1.8277e+07 1.9067e+07  4.32%  38.4 1592s
 175468 105241 1.8309e+07   81  280 1.8277e+07 1.9044e+07  4.19%  38.8 1625s
 178815 108852 1.8304e+07  119  252 1.8277e+07 1.9044e+07  4.19%  39.2 1658s
 183667 112003 1.8298e+07  165  207 1.8277e+07 1.9005e+07  3.98%  39.6 1694s
 188120 114662 1.8295e+07  205  171 1.8277e+07 1.9005e+07  3.98%  39.9 1726s
H191722 114470                    1.827742e+07 1.9004e+07  3.97%  40.4 1726s
H191802 113978                    1.827778e+07 1.9004e+07  3.97%  40.4 1726s
H191871 112701                    1.827818e+07 1.9004e+07  3.97%  40.5 1726s
 192511 116497 1.8293e+07  245  152 1.8278e+07 1.8966e+07  3.76%  40.6 1758s
 197739 119584 1.8291e+07  278  134 1.8278e+07 1.8943e+07  3.64%  41.0 1794s
 202523 122889     cutoff  329      1.8278e+07 1.8888e+07  3.34%  41.5 1828s
 207407 125869 1.8304e+07   85  263 1.8278e+07 1.8888e+07  3.34%  41.5 1862s
H207543 112687                    1.828133e+07 1.8888e+07  3.32%  41.5 1862s
H210961 112113                    1.828152e+07 1.8888e+07  3.32%  41.4 1905s
H210976 108841                    1.828221e+07 1.8888e+07  3.32%  41.4 1905s
H211021 108444                    1.828233e+07 1.8739e+07  2.50%  41.4 1905s
H211116 107306                    1.828249e+07 1.8739e+07  2.50%  41.4 1905s
H211117 107137                    1.828256e+07 1.8739e+07  2.50%  41.4 1905s
 211141 112433 1.8288e+07  207  158 1.8283e+07 1.8739e+07  2.50%  41.4 1938s
 217465 116865 1.8295e+07  111  246 1.8283e+07 1.8739e+07  2.50%  41.6 1975s
 222866 121059 1.8285e+07  247  132 1.8283e+07 1.8739e+07  2.50%  41.7 2014s
 227787 125858 1.8309e+07   76  271 1.8283e+07 1.8709e+07  2.33%  41.8 2044s
 233187 129558 1.8288e+07  212  156 1.8283e+07 1.8701e+07  2.29%  41.7 2079s
 237619 133553 1.8283e+07  307   87 1.8283e+07 1.8698e+07  2.27%  41.7 2109s
 240881 133553 1.8305e+07   86  266 1.8283e+07 1.8698e+07  2.27%  41.7 2110s
 242496 137406 1.8284e+07  109  224 1.8283e+07 1.8698e+07  2.27%  41.6 2139s
 247588 141209     cutoff   97      1.8283e+07 1.8696e+07  2.26%  41.8 2168s
 252391 144743 1.8288e+07  108  257 1.8283e+07 1.8688e+07  2.22%  41.9 2202s
 257117 148400 1.8299e+07  100  258 1.8283e+07 1.8688e+07  2.22%  42.1 2235s

Cutting planes:
  Learned: 8
  Gomory: 56
  Cover: 30
  Implied bound: 880
  MIR: 754
  Flow cover: 819
  RLT: 4
  Relax-and-lift: 396

Explored 261514 nodes (11143404 simplex iterations) in 2237.12 seconds (2967.11 work units)
Thread count was 48 (of 192 available processors)

Solution count 10: 1.82826e+07 1.82826e+07 1.82825e+07 ... 1.82774e+07

Optimal solution found (tolerance 2.00e-02)
Best objective 1.828255932597e+07, best bound 1.863874298557e+07, gap 1.9482%
Deleted nodefile directory: /scratch-local/lbeemster.22511826/gurobi_stress_vol16.0_0.0_demand_run0
Saved model snapshot to study_case_model/figures/volatility_stress/vol16.0_0.0_demand/sub0.0/run0/model_snapshot.pkl
  Objective: 18282559.33
  Avg H2 production: -5.496079825640378e-12
  Scenario obj std: 2337992.1342177372
  CVaR 5%: 18540563.867558938
  Worst scenario: 18253295.475686498

Results saved to study_case_model/figures/volatility_stress/05052026/stress_test_results_0_0.0_price_shock_st_0_.csv

================================================================================
STRESS TEST SUMMARY
================================================================================
    1.0x vol: obj= 20655484.31, loss=0.0%, H2=    0.00, CVaR5=17398254.609758023
    2.0x vol: obj= 20756679.18, loss=-0.5%, H2=    0.00, CVaR5=18874408.627765503
    4.0x vol: obj= 20897438.36, loss=-1.2%, H2=    0.00, CVaR5=19161355.78978255
    8.0x vol: obj= 21148077.21, loss=-2.4%, H2=    0.04, CVaR5=19092485.902300537
   16.0x vol: obj= 18282559.33, loss=11.5%, H2=   -0.00, CVaR5=18540563.867558938

Finished stress test!
