Gurobi shell based on Python 3.13.1 can be launched with command `gurobi.sh`
Gurobi Python Interface can be loaded in Python 3.13.1 with 'import gurobipy'
/var/spool/slurm/slurmd/job22514894/slurm_script: line 24: activate: No such file or directory
Stress test configuration:
  Volatility multipliers: [1.0, 2.0, 4.0, 8.0, 16.0]
  Shock type: demand
  Price Correlated shocks: 0.4
  Subsidy: 0.0 EUR/MWh
  Deviation allowance: 0.0

============================================================
Volatility multiplier: 1.0x
============================================================
Read LP format model from file /scratch-local/lbeemster.22514894/tmpfe3x5903.pyomo.lp
Reading time = 0.63 seconds
x1: 178177 rows, 50626 columns, 1021376 nonzeros
Set parameter OutputFlag to value 1
Set parameter MIPGap to value 0.02
Set parameter Threads to value 48
Set parameter Presolve to value 1
Set parameter Cuts to value 1
Set parameter NodefileStart to value 1
Set parameter NodefileDir to value "/scratch-local/lbeemster.22514894/gurobi_stress_vol1.0_0.4_demand_run3"
Set parameter MemLimit to value 60
Gurobi Optimizer version 12.0.3 build v12.0.3rc0 (linux64 - "Red Hat Enterprise Linux 9.6 (Plow)")

CPU model: AMD EPYC 9654 96-Core Processor, instruction set [SSE2|AVX|AVX2|AVX512]
Thread count: 192 physical cores, 192 logical processors, using up to 48 threads

Non-default parameters:
MemLimit  60
MIPGap  0.02
NodefileStart  1
Cuts  1
Presolve  1
Threads  48

Academic license 2514514 - for non-commercial use only - registered to l.___@student.vu.nl
Optimize a model with 178177 rows, 50626 columns and 1021376 nonzeros
Model fingerprint: 0xf88d7497
Variable types: 40002 continuous, 10624 integer (10624 binary)
Coefficient statistics:
  Matrix range     [1e-06, 1e+05]
  Objective range  [2e+00, 3e+04]
  Bounds range     [1e+00, 1e+00]
  RHS range        [3e-01, 2e+05]
Presolve removed 34049 rows and 14166 columns
Presolve time: 1.65s
Presolved: 144128 rows, 36460 columns, 945973 nonzeros
Variable types: 28012 continuous, 8448 integer (8448 binary)
Found heuristic solution: objective -4.37017e+09

Deterministic concurrent LP optimizer: primal simplex, dual simplex, and barrier
Showing barrier log only...

Root barrier log...

Ordering time: 2.39s

Barrier statistics:
 AA' NZ     : 1.286e+07
 Factor NZ  : 1.434e+07 (roughly 200 MB of memory)
 Factor Ops : 2.150e+09 (less than 1 second per iteration)
 Threads    : 46

                  Objective                Residual
Iter       Primal          Dual         Primal    Dual     Compl     Time
   0  -3.00237799e+12  1.66214031e+14  3.09e+05 3.68e+04  1.75e+10     7s
   1  -1.87671044e+12  1.04787355e+14  1.75e+05 2.84e+05  7.64e+09     7s
   2  -5.42598760e+11  6.97242736e+13  4.78e+04 1.11e+04  2.11e+09     7s
   3  -4.45866505e+10  1.98105664e+13  3.19e+03 1.35e+01  2.01e+08     7s
   4  -1.31819553e+10  5.19547832e+12  5.05e+02 7.93e-07  3.87e+07     7s
   5  -7.65015374e+09  1.32632292e+12  1.11e+02 1.13e-07  8.73e+06     7s
   6  -3.11957494e+09  5.49591133e+11  4.17e+01 4.74e-08  3.35e+06     7s
   7  -1.51674812e+09  3.47389774e+11  2.31e+01 3.05e-08  2.04e+06     7s
   8  -6.29556296e+08  1.72888928e+11  8.40e+00 3.14e-08  9.61e+05     7s
   9  -2.06297373e+08  6.48545299e+10  2.29e+00 6.27e-09  3.45e+05     7s
  10  -1.34897515e+07  2.20444708e+10  1.76e-01 4.62e-08  1.10e+05     7s

Barrier performed 10 iterations in 7.46 seconds (5.52 work units)
Barrier solve interrupted - model solved by another algorithm

Concurrent spin time: 2.11s (can be avoided by choosing Method=3)

Solved with primal simplex

Root relaxation: objective 2.049422e+07, 49724 iterations, 4.60 seconds (2.78 work units)

    Nodes    |    Current Node    |     Objective Bounds      |     Work
 Expl Unexpl |  Obj  Depth IntInf | Incumbent    BestBd   Gap | It/Node Time

     0     0 2.0494e+07    0  434 -4.370e+09 2.0494e+07   100%     -    9s
H    0     0                    -2.19351e+09 2.0494e+07   101%     -   10s
H    0     0                    -2.19351e+09 2.0494e+07   101%     -   10s
     0     0 2.0461e+07    0  559 -2.194e+09 2.0461e+07   101%     -   13s
H    0     0                    -2.13580e+09 2.0461e+07   101%     -   14s
     0     0 2.0461e+07    0  604 -2.136e+09 2.0461e+07   101%     -   14s
     0     0 2.0461e+07    0  604 -2.136e+09 2.0461e+07   101%     -   14s
     0     0 2.0440e+07    0  543 -2.136e+09 2.0440e+07   101%     -   17s
H    0     0                    -1.73588e+09 2.0440e+07   101%     -   18s
     0     0 2.0440e+07    0  534 -1.736e+09 2.0440e+07   101%     -   18s
     0     0 2.0440e+07    0  537 -1.736e+09 2.0440e+07   101%     -   18s
     0     0 2.0440e+07    0  537 -1.736e+09 2.0440e+07   101%     -   18s
     0     0 2.0433e+07    0  447 -1.736e+09 2.0433e+07   101%     -   21s
H    0     0                    -1.44524e+09 2.0433e+07   101%     -   22s
     0     0 2.0433e+07    0  507 -1.445e+09 2.0433e+07   101%     -   22s
     0     0 2.0433e+07    0  503 -1.445e+09 2.0433e+07   101%     -   22s
     0     0 2.0433e+07    0  515 -1.445e+09 2.0433e+07   101%     -   23s
     0     0 2.0432e+07    0  515 -1.445e+09 2.0432e+07   101%     -   25s
H    0     0                    -1.42187e+09 2.0432e+07   101%     -   29s
     0     0 2.0432e+07    0  546 -1.422e+09 2.0432e+07   101%     -   29s
     0     0 2.0432e+07    0  554 -1.422e+09 2.0432e+07   101%     -   29s
     0     0 2.0432e+07    0  561 -1.422e+09 2.0432e+07   101%     -   29s
     0     0 2.0415e+07    0  487 -1.422e+09 2.0415e+07   101%     -   32s
H    0     0                    -1.30265e+09 2.0415e+07   102%     -   34s
     0     0 2.0415e+07    0  500 -1.303e+09 2.0415e+07   102%     -   34s
     0     0 2.0415e+07    0  496 -1.303e+09 2.0415e+07   102%     -   34s
     0     0 2.0415e+07    0  504 -1.303e+09 2.0415e+07   102%     -   34s
     0     0 2.0410e+07    0  469 -1.303e+09 2.0410e+07   102%     -   37s
H    0     0                    -1.06702e+09 2.0410e+07   102%     -   38s
     0     0 2.0410e+07    0  478 -1.067e+09 2.0410e+07   102%     -   38s
     0     0 2.0410e+07    0  478 -1.067e+09 2.0410e+07   102%     -   38s
     0     0 2.0409e+07    0  462 -1.067e+09 2.0409e+07   102%     -   41s
     0     0 2.0409e+07    0  473 -1.067e+09 2.0409e+07   102%     -   41s
     0     0 2.0409e+07    0  481 -1.067e+09 2.0409e+07   102%     -   41s
     0     0 2.0409e+07    0  465 -1.067e+09 2.0409e+07   102%     -   43s
H    0     0                    -9.82171e+08 2.0409e+07   102%     -   45s
     0     0 2.0409e+07    0  422 -9.822e+08 2.0409e+07   102%     -   45s
     0     0 2.0409e+07    0  422 -9.822e+08 2.0409e+07   102%     -   45s
     0     0 2.0409e+07    0  416 -9.822e+08 2.0409e+07   102%     -   45s
H    0     0                    -9.01128e+08 2.0409e+07   102%     -   47s
     0     0 2.0409e+07    0  419 -9.011e+08 2.0409e+07   102%     -   47s
     0     0 2.0409e+07    0  415 -9.011e+08 2.0409e+07   102%     -   49s
     0     0 2.0409e+07    0  418 -9.011e+08 2.0409e+07   102%     -   49s
     0     0 2.0409e+07    0  421 -9.011e+08 2.0409e+07   102%     -   49s
     0     0 2.0409e+07    0  419 -9.011e+08 2.0409e+07   102%     -   49s
     0     0 2.0409e+07    0  419 -9.011e+08 2.0409e+07   102%     -   54s
H    0     0                    -5.75531e+08 2.0409e+07   104%     -   57s
H    0     0                    -5.65650e+08 2.0409e+07   104%     -   61s
H    0     0                    -5.65589e+08 2.0409e+07   104%     -   62s
H    0     0                    -5.48170e+08 2.0409e+07   104%     -   64s
H    0     0                    -5.48147e+08 2.0409e+07   104%     -   66s
H    0     0                    -5.14486e+08 2.0409e+07   104%     -   68s
H    0     0                    -5.11500e+08 2.0409e+07   104%     -   70s
H    0     0                    -4.39509e+08 2.0409e+07   105%     -   72s
H    0     0                    -3.65316e+08 2.0409e+07   106%     -   74s
H    0     0                    -3.65315e+08 2.0409e+07   106%     -   78s
H    0     2                    -3.51796e+08 2.0409e+07   106%     -   82s
     0     2 2.0409e+07    0  412 -3.518e+08 2.0409e+07   106%     -   82s
    31    64 2.0409e+07    5  411 -3.518e+08 2.0409e+07   106%  95.8   86s
H   63   112                    -2.77581e+08 2.0409e+07   107%  78.7   91s
   386   501 2.0408e+07   11  413 -2.776e+08 2.0409e+07   107%  62.2   95s
H  646   697                    -2.68302e+08 2.0409e+07   108%  61.3   97s
  1087  1204 2.0407e+07   22  409 -2.683e+08 2.0409e+07   108%  59.2  100s
  1468  1517 2.0406e+07   31  405 -2.683e+08 2.0409e+07   108%  47.9  118s
H 1469  1517                    -2.52722e+08 2.0409e+07   108%  47.8  118s
H 1470  1517                    -2.52342e+08 2.0409e+07   108%  47.8  118s
H 1472  1517                    -2.42985e+08 2.0409e+07   108%  47.8  118s
H 1475  1517                    -2.38170e+08 2.0409e+07   109%  47.7  118s
H 1477  1517                    -1.92008e+08 2.0409e+07   111%  47.7  118s
H 1490  1517                    -1.19302e+08 2.0409e+07   117%  47.3  118s
  1655  1752 2.0406e+07   34  406 -1.193e+08 2.0409e+07   117%  44.0  121s
H 1805  1896                    -1.12138e+08 2.0409e+07   118%  42.7  122s
H 1853  1896                    -1.07617e+08 2.0409e+07   119%  42.2  122s
  2302  2465 2.0406e+07   45  401 -1.076e+08 2.0409e+07   119%  39.0  125s
Created node file directory '/scratch-local/lbeemster.22514894/gurobi_stress_vol1.0_0.4_demand_run3/grbnodes0'
  2981  3099 2.0406e+07   56  401 -1.076e+08 2.0409e+07   119%  36.8  130s
H 3099  3219                    -4.89305e+07 2.0409e+07   142%  36.6  132s
H 3104  3219                    -3.83572e+07 2.0409e+07   153%  36.6  132s
H 3122  3219                    -3.70709e+07 2.0409e+07   155%  36.4  132s
  3612  3693 2.0404e+07   64  396 -3.707e+07 2.0409e+07   155%  34.7  136s
H 3762  3870                    -3.70594e+07 2.0409e+07   155%  34.0  138s
  4108  4360 2.0402e+07   72  385 -3.706e+07 2.0409e+07   155%  33.3  140s
  4806  4884 2.0399e+07   84  382 -3.706e+07 2.0409e+07   155%  31.8  146s
H 4826  4884                    -3.70591e+07 2.0409e+07   155%  31.8  146s
  5488  5828 2.0399e+07   93  365 -3.706e+07 2.0409e+07   155%  34.0  150s
H 5840  5876                    -3.70591e+07 2.0409e+07   155%  34.9  154s
  5879  6224 2.0399e+07   99  369 -3.706e+07 2.0409e+07   155%  34.9  156s
  6571  6920 2.0398e+07  110  341 -3.706e+07 2.0409e+07   155%  37.3  160s
  7221  7590 2.0394e+07  119  338 -3.706e+07 2.0409e+07   155%  39.0  165s
  8460  8911 2.0393e+07  138  326 -3.706e+07 2.0409e+07   155%  38.7  172s
  9392  9881 2.0393e+07  152  318 -3.706e+07 2.0409e+07   155%  38.9  177s
  9884 10395 2.0393e+07  156  317 -3.706e+07 2.0409e+07   155%  38.8  180s
 10953 11440 2.0392e+07  171  299 -3.706e+07 2.0409e+07   155%  38.7  185s
 12094 12634 2.0389e+07  193  292 -3.706e+07 2.0409e+07   155%  38.1  192s
 12677 13310 2.0389e+07  198  294 -3.706e+07 2.0409e+07   155%  38.7  195s
 14087 14084 2.0389e+07  223  304 -3.706e+07 2.0409e+07   155%  37.4  209s
H14088 14058                    -3.50649e+07 2.0409e+07   158%  37.4  209s
H14091 13965                    -2.77937e+07 2.0409e+07   173%  37.4  209s
H14096 13951                    -2.60663e+07 2.0409e+07   178%  37.4  209s
H14097 12969                    -9539531.353 2.0409e+07   314%  37.4  209s
H14099 12969                    -9528601.015 2.0409e+07   314%  37.4  209s
H14105 12969                    -9527998.577 2.0409e+07   314%  37.4  209s
H14118 12969                    -9522288.738 2.0409e+07   314%  37.4  209s
H14125 12929                    2.022070e+07 2.0409e+07  0.93%  37.4  209s

Cutting planes:
  Gomory: 1
  Implied bound: 2711
  MIR: 434
  Flow cover: 904
  RLT: 6
  Relax-and-lift: 60

Explored 14135 nodes (602395 simplex iterations) in 209.85 seconds (254.26 work units)
Thread count was 48 (of 192 available processors)

Solution count 10: 2.02207e+07 -9.52229e+06 -9.528e+06 ... -3.70709e+07

Optimal solution found (tolerance 2.00e-02)
Best objective 2.022070189611e+07, best bound 2.040854476257e+07, gap 0.9290%
Deleted nodefile directory: /scratch-local/lbeemster.22514894/gurobi_stress_vol1.0_0.4_demand_run3
Saved model snapshot to study_case_model/figures/volatility_stress/vol1.0_0.4_demand/sub0.0/run3/model_snapshot.pkl
  Objective: 20220701.90
  Avg H2 production: 0.0
  Scenario obj std: 1479974.8351831387
  CVaR 5%: 17816029.978017118
  Worst scenario: 17816029.978017084

============================================================
Volatility multiplier: 2.0x
============================================================
Read LP format model from file /scratch-local/lbeemster.22514894/tmpob6uimg4.pyomo.lp
Reading time = 1.88 seconds
x1: 178177 rows, 50626 columns, 1021376 nonzeros
Set parameter OutputFlag to value 1
Set parameter MIPGap to value 0.02
Set parameter Threads to value 48
Set parameter Presolve to value 1
Set parameter Cuts to value 1
Set parameter NodefileStart to value 1
Set parameter NodefileDir to value "/scratch-local/lbeemster.22514894/gurobi_stress_vol2.0_0.4_demand_run3"
Set parameter MemLimit to value 60
Gurobi Optimizer version 12.0.3 build v12.0.3rc0 (linux64 - "Red Hat Enterprise Linux 9.6 (Plow)")

CPU model: AMD EPYC 9654 96-Core Processor, instruction set [SSE2|AVX|AVX2|AVX512]
Thread count: 192 physical cores, 192 logical processors, using up to 48 threads

Non-default parameters:
MemLimit  60
MIPGap  0.02
NodefileStart  1
Cuts  1
Presolve  1
Threads  48

Academic license 2514514 - for non-commercial use only - registered to l.___@student.vu.nl
Optimize a model with 178177 rows, 50626 columns and 1021376 nonzeros
Model fingerprint: 0x6dee77b4
Variable types: 40002 continuous, 10624 integer (10624 binary)
Coefficient statistics:
  Matrix range     [1e-06, 1e+05]
  Objective range  [2e+00, 3e+04]
  Bounds range     [1e+00, 1e+00]
  RHS range        [3e-01, 2e+05]
Presolve removed 34049 rows and 14166 columns
Presolve time: 2.08s
Presolved: 144128 rows, 36460 columns, 945973 nonzeros
Variable types: 28012 continuous, 8448 integer (8448 binary)
Found heuristic solution: objective -4.07198e+09

Deterministic concurrent LP optimizer: primal simplex, dual simplex, and barrier
Showing barrier log only...

Root barrier log...

Ordering time: 2.50s

Barrier statistics:
 AA' NZ     : 1.286e+07
 Factor NZ  : 1.434e+07 (roughly 200 MB of memory)
 Factor Ops : 2.150e+09 (less than 1 second per iteration)
 Threads    : 46

                  Objective                Residual
Iter       Primal          Dual         Primal    Dual     Compl     Time
   0  -3.00168110e+12  1.66205620e+14  3.09e+05 3.68e+04  1.75e+10     7s
   1  -1.87594078e+12  1.04782368e+14  1.75e+05 2.84e+05  7.64e+09     8s
   2  -5.41730760e+11  6.97190926e+13  4.78e+04 1.10e+04  2.11e+09     8s
   3  -4.38593130e+10  1.98024082e+13  3.19e+03 1.35e+01  2.01e+08     8s
   4  -1.30507065e+10  5.18610790e+12  5.32e+02 1.95e-07  3.93e+07     8s
   5  -7.63752705e+09  1.43583675e+12  1.34e+02 1.04e-07  9.78e+06     8s
   6  -3.23291778e+09  5.93863754e+11  4.29e+01 5.87e-08  3.60e+06     8s
   7  -1.48567147e+09  3.72728197e+11  2.44e+01 3.49e-08  2.18e+06     8s
   8  -7.95532034e+08  1.85977917e+11  9.82e+00 3.14e-08  1.04e+06     8s
   9  -2.46217993e+08  5.50830593e+10  2.50e+00 7.33e-09  2.99e+05     8s

Barrier performed 9 iterations in 8.22 seconds (5.41 work units)
Barrier solve interrupted - model solved by another algorithm

Concurrent spin time: 2.52s (can be avoided by choosing Method=3)

Solved with primal simplex

Root relaxation: objective 2.145770e+07, 48837 iterations, 4.85 seconds (2.66 work units)
Total elapsed time = 10.02s (DegenMoves)

    Nodes    |    Current Node    |     Objective Bounds      |     Work
 Expl Unexpl |  Obj  Depth IntInf | Incumbent    BestBd   Gap | It/Node Time

     0     0 2.1458e+07    0  380 -4.072e+09 2.1458e+07   101%     -   10s
H    0     0                    -1.60461e+09 2.1458e+07   101%     -   11s
     0     0 2.1370e+07    0  521 -1.605e+09 2.1370e+07   101%     -   15s
H    0     0                    -1.60219e+09 2.1370e+07   101%     -   16s
     0     0 2.1370e+07    0  547 -1.602e+09 2.1370e+07   101%     -   16s
     0     0 2.1342e+07    0  549 -1.602e+09 2.1342e+07   101%     -   18s
     0     0 2.1342e+07    0  560 -1.602e+09 2.1342e+07   101%     -   19s
     0     0 2.1336e+07    0  524 -1.602e+09 2.1336e+07   101%     -   22s
H    0     0                    -1.50935e+09 2.1336e+07   101%     -   23s
     0     0 2.1336e+07    0  533 -1.509e+09 2.1336e+07   101%     -   23s
     0     0 2.1336e+07    0  539 -1.509e+09 2.1336e+07   101%     -   24s
     0     0 2.1330e+07    0  494 -1.509e+09 2.1330e+07   101%     -   26s
H    0     0                    -1.41839e+09 2.1330e+07   102%     -   27s
     0     0 2.1329e+07    0  530 -1.418e+09 2.1329e+07   102%     -   28s
     0     0 2.1329e+07    0  542 -1.418e+09 2.1329e+07   102%     -   28s
     0     0 2.1316e+07    0  441 -1.418e+09 2.1316e+07   102%     -   30s
     0     0 2.1315e+07    0  497 -1.418e+09 2.1315e+07   102%     -   31s
     0     0 2.1315e+07    0  500 -1.418e+09 2.1315e+07   102%     -   31s
     0     0 2.1315e+07    0  504 -1.418e+09 2.1315e+07   102%     -   31s
     0     0 2.1315e+07    0  505 -1.418e+09 2.1315e+07   102%     -   31s
     0     0 2.1292e+07    0  467 -1.418e+09 2.1292e+07   102%     -   34s
     0     0 2.1292e+07    0  469 -1.418e+09 2.1292e+07   102%     -   35s
     0     0 2.1292e+07    0  471 -1.418e+09 2.1292e+07   102%     -   35s
     0     0 2.1292e+07    0  475 -1.418e+09 2.1292e+07   102%     -   36s
     0     0 2.1292e+07    0  477 -1.418e+09 2.1292e+07   102%     -   36s
     0     0 2.1290e+07    0  448 -1.418e+09 2.1290e+07   102%     -   38s
H    0     0                    -1.26845e+09 2.1290e+07   102%     -   39s
     0     0 2.1290e+07    0  455 -1.268e+09 2.1290e+07   102%     -   39s
     0     0 2.1290e+07    0  464 -1.268e+09 2.1290e+07   102%     -   39s
     0     0 2.1290e+07    0  458 -1.268e+09 2.1290e+07   102%     -   41s
H    0     0                    -1.13076e+09 2.1290e+07   102%     -   42s
     0     0 2.1290e+07    0  464 -1.131e+09 2.1290e+07   102%     -   43s
     0     0 2.1290e+07    0  462 -1.131e+09 2.1290e+07   102%     -   43s
     0     0 2.1290e+07    0  451 -1.131e+09 2.1290e+07   102%     -   43s
H    0     0                    -1.09189e+09 2.1290e+07   102%     -   44s
     0     0 2.1290e+07    0  455 -1.092e+09 2.1290e+07   102%     -   44s
     0     0 2.1290e+07    0  451 -1.092e+09 2.1290e+07   102%     -   46s
     0     0 2.1290e+07    0  428 -1.092e+09 2.1290e+07   102%     -   51s
H    0     0                    -1.04579e+09 2.1290e+07   102%     -   54s
H    0     0                    -9.91662e+08 2.1290e+07   102%     -   60s
H    0     0                    -8.18533e+08 2.1290e+07   103%     -   63s
H    0     0                    -5.77617e+08 2.1290e+07   104%     -   66s
H    0     0                    -5.29054e+08 2.1290e+07   104%     -   68s
H    0     0                    -1.91528e+08 2.1290e+07   111%     -   72s
H    0     0                    -1.80537e+08 2.1290e+07   112%     -   75s
H    0     0                    -1.80533e+08 2.1290e+07   112%     -   75s
H    0     2                    -1.80530e+08 2.1290e+07   112%     -   79s
     0     2 2.1290e+07    0  427 -1.805e+08 2.1290e+07   112%     -   79s
     3     8 2.1289e+07    2  447 -1.805e+08 2.1290e+07   112%   266   80s
   258   362 2.1283e+07    9  456 -1.805e+08 2.1289e+07   112%  51.8   85s
   700   749 2.1282e+07   14  433 -1.805e+08 2.1289e+07   112%  34.7   91s
H  748   857                    -1.76413e+08 2.1289e+07   112%  33.8   92s
H  794   857                    -1.74548e+08 2.1289e+07   112%  32.7   92s
  1398  1493 2.1282e+07   27  407 -1.745e+08 2.1289e+07   112%  28.4   95s
H 1586  1615                    -1.42146e+08 2.1289e+07   115%  29.7   96s
  1866  1915 2.1278e+07   32  403 -1.421e+08 2.1289e+07   115%  32.0  101s
  1914  1963 2.1280e+07   33  406 -1.421e+08 2.1289e+07   115%  32.5  114s
H 1955  1963                    -1.41294e+08 2.1289e+07   115%  32.7  114s
  1962  2123 2.1280e+07   34  405 -1.413e+08 2.1289e+07   115%  32.6  115s
H 2277  2327                    -1.41290e+08 2.1289e+07   115%  33.2  118s
  2484  2653 2.1280e+07   41  401 -1.413e+08 2.1289e+07   115%  34.0  120s
Created node file directory '/scratch-local/lbeemster.22514894/gurobi_stress_vol2.0_0.4_demand_run3/grbnodes0'
  3462  3603 2.1278e+07   61  393 -1.413e+08 2.1289e+07   115%  36.0  125s
H 3617  3763                    -1.06428e+08 2.1289e+07   120%  36.0  126s
H 3724  3763                    -1.06427e+08 2.1289e+07   120%  35.9  126s
  4218  4384 2.1273e+07   71  384 -1.064e+08 2.1289e+07   120%  36.2  131s
  4905  5136 2.1277e+07   80  379 -1.064e+08 2.1289e+07   120%  36.2  136s
H 5014  5136                    -1.06427e+08 2.1289e+07   120%  35.9  136s
  5761  6083 2.1276e+07   96  370 -1.064e+08 2.1289e+07   120%  34.6  141s
H 6096  6205                    -1.06399e+08 2.1289e+07   120%  35.2  143s
H 6154  6205                    -1.06376e+08 2.1289e+07   120%  35.3  143s
H 6187  6205                    -1.03119e+08 2.1289e+07   121%  35.2  143s
  6204  6507 2.1276e+07  103  363 -1.031e+08 2.1289e+07   121%  35.2  145s
  6593  6684 2.1275e+07  112  357 -1.031e+08 2.1289e+07   121%  34.5  150s
H 6629  6684                    -1.00975e+08 2.1289e+07   121%  34.5  150s
  7497  7923 2.1275e+07  128  350 -1.010e+08 2.1289e+07   121%  33.2  156s
H 7922  8093                    -5.11550e+07 2.1289e+07   142%  32.8  158s
H 7954  8093                    -3.82924e+07 2.1289e+07   156%  32.9  158s
H 8071  7608                    -2.54585e+07 2.1289e+07   184%  32.9  158s
  8127  7964 2.1274e+07  136  346 -2.546e+07 2.1289e+07   184%  32.8  161s
  9058  8931 2.1273e+07  154  347 -2.546e+07 2.1289e+07   184%  32.0  165s
H 9557  9023                    -2.54576e+07 2.1289e+07   184%  31.5  169s
H 9582  9023                    -2.54527e+07 2.1289e+07   184%  31.5  169s
  9649  9583 2.1271e+07  161  344 -2.545e+07 2.1289e+07   184%  31.5  171s
H10213  9630                    -2.54527e+07 2.1289e+07   184%  30.8  175s
H10214  9630                    -2.54527e+07 2.1289e+07   184%  30.8  175s
 10833 10795 2.1269e+07  181  339 -2.545e+07 2.1289e+07   184%  30.2  180s
 12051 11444 2.1267e+07  203  346 -2.545e+07 2.1289e+07   184%  29.8  187s
 12100 11491 2.1268e+07  204  347 -2.545e+07 2.1289e+07   184%  29.7  199s
H12123 11491                    -2.54497e+07 2.1289e+07   184%  29.7  199s
 12149 12128 2.1268e+07  204  340 -2.545e+07 2.1289e+07   184%  29.7  202s
 12790 12771 2.1267e+07  214  349 -2.545e+07 2.1289e+07   184%  29.3  205s
H13605 13213                    -2.54431e+07 2.1289e+07   184%  29.1  209s
 13885 13821 2.1265e+07  237  345 -2.544e+07 2.1289e+07   184%  29.0  213s
 14501 14510 2.1265e+07  246  343 -2.544e+07 2.1289e+07   184%  29.1  216s
 15216 15243 2.1263e+07  253  334 -2.544e+07 2.1289e+07   184%  28.9  220s
H16156 15966                    -2.54418e+07 2.1289e+07   184%  28.7  224s
H16392 15966                    -2.54411e+07 2.1289e+07   184%  28.7  224s
 16724 16013 2.1264e+07  278  331 -2.544e+07 2.1289e+07   184%  28.5  236s
H16725 16002                    -2.15113e+07 2.1289e+07   199%  28.5  236s
H16729 15946                    -1.69156e+07 2.1289e+07   226%  28.5  236s
H16758 15912                    -1.18246e+07 2.1289e+07   280%  28.5  236s
 16773 16586 2.1264e+07  279  333 -1.182e+07 2.1289e+07   280%  28.5  241s
 17501 17456 2.1263e+07  293  330 -1.182e+07 2.1289e+07   280%  28.2  245s
H17750 17447                    -1.04284e+07 2.1289e+07   304%  28.3  245s
H18295 17447                    -1.04236e+07 2.1289e+07   304%  28.3  245s
H18376 17384                    1629597.1796 2.1289e+07  1206%  28.3  270s
H18376 16896                    1.010550e+07 2.1289e+07   111%  28.3  271s
H18376 16896                    1.557368e+07 2.1289e+07  36.7%  28.3  271s
H18376 16896                    1.561154e+07 2.1289e+07  36.4%  28.3  271s
H18376 16896                    1.813301e+07 2.1289e+07  17.4%  28.3  272s
H18376 16896                    1.814019e+07 2.1289e+07  17.4%  28.3  275s
H18376 16896                    1.814145e+07 2.1289e+07  17.4%  28.3  275s
 18377 16873 2.1287e+07   29  428 1.8141e+07 2.1289e+07  17.4%  28.3  293s
H18378 16030                    2.051080e+07 2.1289e+07  3.79%  28.3  299s
H18378 15228                    2.103291e+07 2.1289e+07  1.22%  28.3  418s
H18378 14467                    2.104299e+07 2.1289e+07  1.17%  28.3  418s
H18378 13743                    2.106323e+07 2.1289e+07  1.07%  28.3  418s
H18378 13056                    2.106832e+07 2.1289e+07  1.05%  28.3  418s
H18378 12403                    2.107414e+07 2.1289e+07  1.02%  28.3  418s
H18378 11783                    2.107551e+07 2.1289e+07  1.01%  28.3  418s
H18378 11194                    2.107674e+07 2.1289e+07  1.01%  28.3  418s
H18378 10634                    2.108214e+07 2.1289e+07  0.98%  28.3  418s
H18378 10103                    2.108548e+07 2.1289e+07  0.97%  28.3  418s
H18378  9597                    2.110671e+07 2.1267e+07  0.76%  28.3  418s
H18378  9118                    2.110875e+07 2.1267e+07  0.75%  28.3  418s
H18378  8662                    2.111891e+07 2.1267e+07  0.70%  28.3  418s
H18378  8229                    2.113151e+07 2.1267e+07  0.64%  28.3  418s
H18378  7817                    2.114896e+07 2.1267e+07  0.56%  28.3  418s
H18378  7426                    2.116458e+07 2.1267e+07  0.49%  28.3  418s
H18378  7055                    2.117711e+07 2.1267e+07  0.43%  28.3  418s
H18378  6702                    2.117862e+07 2.1267e+07  0.42%  28.3  418s
H18378  6367                    2.117970e+07 2.1267e+07  0.41%  28.3  418s
H18378  6049                    2.118378e+07 2.1267e+07  0.39%  28.3  418s
H18378  5746                    2.118463e+07 2.1267e+07  0.39%  28.3  418s
H18378  5459                    2.118533e+07 2.1267e+07  0.39%  28.3  418s

Cutting planes:
  Gomory: 35
  Cover: 9
  Implied bound: 159
  MIR: 362
  Flow cover: 379
  RLT: 3
  Relax-and-lift: 315

Explored 18378 nodes (632363 simplex iterations) in 418.93 seconds (470.20 work units)
Thread count was 48 (of 192 available processors)

Solution count 10: 2.11853e+07 2.11853e+07 2.11846e+07 ... 2.11315e+07

Optimal solution found (tolerance 2.00e-02)
Best objective 2.118532830803e+07, best bound 2.126729068511e+07, gap 0.3869%
Deleted nodefile directory: /scratch-local/lbeemster.22514894/gurobi_stress_vol2.0_0.4_demand_run3
Saved model snapshot to study_case_model/figures/volatility_stress/vol2.0_0.4_demand/sub0.0/run3/model_snapshot.pkl
  Objective: 21185328.31
  Avg H2 production: 0.0
  Scenario obj std: 3011622.9061697796
  CVaR 5%: 16748065.587055603
  Worst scenario: 16514975.90795672

============================================================
Volatility multiplier: 4.0x
============================================================
Read LP format model from file /scratch-local/lbeemster.22514894/tmpbpsjeuuy.pyomo.lp
Reading time = 0.68 seconds
x1: 178177 rows, 50626 columns, 1021376 nonzeros
Set parameter OutputFlag to value 1
Set parameter MIPGap to value 0.02
Set parameter Threads to value 48
Set parameter Presolve to value 1
Set parameter Cuts to value 1
Set parameter NodefileStart to value 1
Set parameter NodefileDir to value "/scratch-local/lbeemster.22514894/gurobi_stress_vol4.0_0.4_demand_run3"
Set parameter MemLimit to value 60
Gurobi Optimizer version 12.0.3 build v12.0.3rc0 (linux64 - "Red Hat Enterprise Linux 9.6 (Plow)")

CPU model: AMD EPYC 9654 96-Core Processor, instruction set [SSE2|AVX|AVX2|AVX512]
Thread count: 192 physical cores, 192 logical processors, using up to 48 threads

Non-default parameters:
MemLimit  60
MIPGap  0.02
NodefileStart  1
Cuts  1
Presolve  1
Threads  48

Academic license 2514514 - for non-commercial use only - registered to l.___@student.vu.nl
Optimize a model with 178177 rows, 50626 columns and 1021376 nonzeros
Model fingerprint: 0x9a45e4bc
Variable types: 40002 continuous, 10624 integer (10624 binary)
Coefficient statistics:
  Matrix range     [1e-06, 1e+05]
  Objective range  [2e+00, 3e+04]
  Bounds range     [1e+00, 1e+00]
  RHS range        [3e-01, 2e+05]
Presolve removed 88097 rows and 27798 columns
Presolve time: 1.50s
Presolved: 90080 rows, 22828 columns, 591758 nonzeros
Variable types: 17548 continuous, 5280 integer (5280 binary)
Found heuristic solution: objective -3.74015e+09

Deterministic concurrent LP optimizer: primal simplex, dual simplex, and barrier
Showing barrier log only...

Root barrier log...

Ordering time: 0.31s

Barrier statistics:
 Dense cols : 120
 AA' NZ     : 7.122e+06
 Factor NZ  : 8.340e+06 (roughly 110 MB of memory)
 Factor Ops : 1.055e+09 (less than 1 second per iteration)
 Threads    : 46

                  Objective                Residual
Iter       Primal          Dual         Primal    Dual     Compl     Time
   0  -2.88621293e+12  4.10698117e+14  2.97e+05 1.47e+05  6.73e+10     4s
   1  -1.80888625e+12  2.55167550e+14  1.68e+05 1.14e+06  2.94e+10     4s
   2  -5.15230165e+11  1.59633684e+14  4.52e+04 3.73e+04  8.08e+09     4s
   3  -3.69955221e+10  4.11610894e+13  2.44e+03 1.08e+02  6.44e+08     4s
   4  -1.64246867e+10  9.87844002e+12  5.93e+02 3.77e-06  1.39e+08     4s
   5  -1.00859636e+10  3.36248832e+12  1.21e+02 8.69e-07  3.65e+07     4s
   6  -7.22789833e+09  1.44779163e+12  4.36e+01 3.38e-07  1.42e+07     4s
   7  -4.63257529e+09  9.22346489e+11  2.73e+01 2.08e-07  8.87e+06     4s
   8  -2.19285801e+09  4.90026580e+11  1.45e+01 9.71e-08  4.63e+06     4s
   9  -1.20512983e+09  2.99150563e+11  6.69e+00 6.48e-08  2.69e+06     4s
  10  -7.15200878e+08  1.20152656e+11  4.37e+00 3.09e-08  1.13e+06     4s
  11  -1.52796851e+08  6.53842074e+10  8.66e-01 1.89e-08  5.45e+05     4s
  12  -8.74709060e+06  1.80806975e+10  5.87e-02 1.61e-08  1.43e+05     4s
  13   8.74746996e+06  1.02199756e+09  4.39e-09 9.55e-09  7.96e+03     5s

Barrier performed 13 iterations in 4.55 seconds (3.99 work units)
Barrier solve interrupted - model solved by another algorithm

Concurrent spin time: 0.74s (can be avoided by choosing Method=3)

Solved with primal simplex

Root relaxation: objective 2.371418e+07, 29277 iterations, 2.12 seconds (1.52 work units)
Total elapsed time = 5.04s (DegenMoves)

    Nodes    |    Current Node    |     Objective Bounds      |     Work
 Expl Unexpl |  Obj  Depth IntInf | Incumbent    BestBd   Gap | It/Node Time

     0     0 2.3714e+07    0  223 -3.740e+09 2.3714e+07   101%     -    5s
H    0     0                    -1.55907e+09 2.3714e+07   102%     -    5s
H    0     0                    -1.54860e+09 2.3714e+07   102%     -    8s
H    0     0                    -1.49439e+09 2.3713e+07   102%     -    8s
     0     0 2.3499e+07    0  331 -1.494e+09 2.3499e+07   102%     -    8s
     0     0 2.3499e+07    0  337 -1.494e+09 2.3499e+07   102%     -    8s
     0     0 2.3419e+07    0  354 -1.494e+09 2.3419e+07   102%     -   10s
     0     0 2.3418e+07    0  340 -1.494e+09 2.3418e+07   102%     -   11s
     0     0 2.3418e+07    0  338 -1.494e+09 2.3418e+07   102%     -   11s
     0     0 2.3418e+07    0  345 -1.494e+09 2.3418e+07   102%     -   11s
H    0     0                    -1.43162e+09 2.3418e+07   102%     -   13s
H    0     0                    -1.40214e+09 2.3398e+07   102%     -   13s
     0     0 2.3398e+07    0  350 -1.402e+09 2.3398e+07   102%     -   13s
     0     0 2.3397e+07    0  384 -1.402e+09 2.3397e+07   102%     -   14s
     0     0 2.3397e+07    0  383 -1.402e+09 2.3397e+07   102%     -   14s
     0     0 2.3397e+07    0  389 -1.402e+09 2.3397e+07   102%     -   14s
     0     0 2.3387e+07    0  360 -1.402e+09 2.3387e+07   102%     -   16s
     0     0 2.3387e+07    0  368 -1.402e+09 2.3387e+07   102%     -   16s
     0     0 2.3387e+07    0  373 -1.402e+09 2.3387e+07   102%     -   17s
     0     0 2.3387e+07    0  380 -1.402e+09 2.3387e+07   102%     -   17s
     0     0 2.3358e+07    0  324 -1.402e+09 2.3358e+07   102%     -   18s
H    0     0                    -1.27389e+09 2.3358e+07   102%     -   20s
     0     0 2.3357e+07    0  344 -1.274e+09 2.3357e+07   102%     -   20s
     0     0 2.3357e+07    0  342 -1.274e+09 2.3357e+07   102%     -   20s
     0     0 2.3350e+07    0  322 -1.274e+09 2.3350e+07   102%     -   21s
     0     0 2.3350e+07    0  325 -1.274e+09 2.3350e+07   102%     -   22s
     0     0 2.3350e+07    0  330 -1.274e+09 2.3350e+07   102%     -   22s
     0     0 2.3350e+07    0  329 -1.274e+09 2.3350e+07   102%     -   23s
H    0     0                    -1.13336e+09 2.3350e+07   102%     -   24s
     0     0 2.3349e+07    0  334 -1.133e+09 2.3349e+07   102%     -   24s
     0     0 2.3349e+07    0  335 -1.133e+09 2.3349e+07   102%     -   24s
     0     0 2.3349e+07    0  316 -1.133e+09 2.3349e+07   102%     -   24s
     0     0 2.3349e+07    0  327 -1.133e+09 2.3349e+07   102%     -   25s
H    0     0                    -9.86099e+08 2.3349e+07   102%     -   26s
     0     0 2.3348e+07    0  315 -9.861e+08 2.3348e+07   102%     -   26s
H    0     0                    -9.47890e+08 2.3348e+07   102%     -   27s
     0     0 2.3348e+07    0  319 -9.479e+08 2.3348e+07   102%     -   27s
     0     0 2.3348e+07    0  326 -9.479e+08 2.3348e+07   102%     -   27s
     0     0 2.3348e+07    0  324 -9.479e+08 2.3348e+07   102%     -   28s
H    0     0                    -9.46125e+08 2.3348e+07   102%     -   31s
     0     0 2.3348e+07    0  329 -9.461e+08 2.3348e+07   102%     -   31s
H    0     0                    -8.51558e+08 2.3348e+07   103%     -   32s
     0     0 2.3348e+07    0  330 -8.516e+08 2.3348e+07   103%     -   32s
H    0     0                    -8.37840e+08 2.3348e+07   103%     -   35s
     0     0 2.3348e+07    0  320 -8.378e+08 2.3348e+07   103%     -   36s
H    0     0                    -8.23232e+08 2.3348e+07   103%     -   38s
H    0     0                    -8.08250e+08 2.3348e+07   103%     -   39s
H    0     0                    -8.04337e+08 2.3348e+07   103%     -   39s
H    0     0                    -7.75809e+08 2.3348e+07   103%     -   41s
H    0     0                    -5.11494e+08 2.3348e+07   105%     -   42s
H    0     2                    -5.08832e+08 2.3348e+07   105%     -   47s
     0     2 2.3348e+07    0  319 -5.088e+08 2.3348e+07   105%     -   47s
   111   163 2.3342e+07    7  321 -5.088e+08 2.3347e+07   105%  75.6   50s
H  200   289                    -5.03366e+08 2.3347e+07   105%  49.0   51s
H  209   289                    -5.03343e+08 2.3347e+07   105%  47.9   51s
H  240   289                    -5.02050e+08 2.3347e+07   105%  45.0   51s
H  635   697                    -4.68621e+08 2.3347e+07   105%  39.2   53s
H  661   697                    -4.65241e+08 2.3347e+07   105%  39.3   53s
H  690   697                    -2.87076e+08 2.3347e+07   108%  39.1   53s
  1112  1217 2.3333e+07   25  313 -2.871e+08 2.3347e+07   108%  36.7   55s
H 1720  1765                    -2.73130e+08 2.3347e+07   109%  34.5   62s
H 1727  1765                    -2.66076e+08 2.3347e+07   109%  34.8   62s
H 1734  1765                    -2.64253e+08 2.3347e+07   109%  34.8   62s
H 1735  1765                    -2.59800e+08 2.3347e+07   109%  34.8   62s
H 1756  1765                    -2.45592e+08 2.3347e+07   110%  34.8   62s
H 1770  1810                    -2.45592e+08 2.3347e+07   110%  34.8   63s
  2257  2408 2.3328e+07   45  316 -2.456e+08 2.3347e+07   110%  32.6   65s
H 2971  3011                    -2.38901e+08 2.3347e+07   110%  32.5   69s
H 2982  3011                    -2.26487e+08 2.3347e+07   110%  32.5   69s
H 2987  3011                    -2.08943e+08 2.3347e+07   111%  32.5   69s
H 3016  3011                    -1.81040e+08 2.3347e+07   113%  32.4   69s
  3219  3439 2.3319e+07   68  315 -1.810e+08 2.3347e+07   113%  31.5   70s
H 3466  3487                    -1.81040e+08 2.3347e+07   113%  30.3   71s
H 3547  3759                    -1.77594e+08 2.3347e+07   113%  30.2   73s
H 3553  3759                    -1.73736e+08 2.3347e+07   113%  30.2   73s
H 3595  3759                    -1.63168e+08 2.3347e+07   114%  30.0   73s
H 3701  3759                    -1.63151e+08 2.3347e+07   114%  29.7   73s
  4247  4463 2.3187e+07   89  304 -1.632e+08 2.3347e+07   114%  29.9   75s
  6280  6615 2.3178e+07  121  250 -1.632e+08 2.3347e+07   114%  29.8   80s
H 7107  7468                    -1.57700e+08 2.3347e+07   115%  29.7   83s
H 7191  7468                    -1.55572e+08 2.3347e+07   115%  29.6   83s
H 7253  7458                    -1.49096e+08 2.3347e+07   116%  29.4   83s
H 7366  7445                    -1.30518e+08 2.3347e+07   118%  29.4   83s
  7934  8332 2.3176e+07  150  216 -1.305e+08 2.3347e+07   118%  28.7   85s
 10348 10339 -1483124.7  182  203 -1.305e+08 2.3347e+07   118%  27.1   91s
H10367 10149                    -5.66950e+07 2.3347e+07   141%  27.1   91s
 11965 11749 2.3169e+07  212  208 -5.670e+07 2.3347e+07   141%  26.4   96s
H11966 11749                    -5.64860e+07 2.3347e+07   141%  26.4   96s
H11967 11310                    -2.91214e+07 2.3347e+07   180%  26.4   96s
H12111 11258                    -2.23739e+07 2.3347e+07   204%  26.4  103s
H12112 10892                    -1.41884e+07 2.3347e+07   265%  26.4  103s
H12135 10821                    -1.15086e+07 2.3347e+07   303%  26.4  103s
H12143 10821                    -1.14659e+07 2.3347e+07   304%  26.4  103s
 12160 11382 2.3168e+07  215  205 -1.147e+07 2.3347e+07   304%  26.4  105s
 14673 13329 2.2945e+07  262  202 -1.147e+07 2.3347e+07   304%  25.9  113s
H14674 12191                    826316.84538 2.3347e+07  2725%  25.9  113s
H14706 11893                    7647268.8128 2.3347e+07   205%  25.9  113s
 14721 12495 2.2945e+07  263  201 7647268.81 2.3347e+07   205%  25.9  115s
 17102 14994 2.2920e+07  302  179 7647268.81 2.3347e+07   205%  25.7  120s
H17960 13641                    9261019.1355 2.3347e+07   152%  25.6  122s
H17960 13641                    9339854.4672 2.3347e+07   150%  25.6  122s
H17960 13193                    1.600035e+07 2.3347e+07  45.9%  25.6  125s
H17960 13193                    1.602697e+07 2.3347e+07  45.7%  25.6  125s
H17960 13193                    1.603071e+07 2.3347e+07  45.6%  25.6  127s
H17960 12582                    2.273491e+07 2.3347e+07  2.69%  25.6  128s
H17960 12564                    2.275876e+07 2.3347e+07  2.58%  25.6  129s
H17960 12460                    2.282290e+07 2.3347e+07  2.29%  25.6  129s
H17960 12393                    2.285985e+07 2.3347e+07  2.13%  25.6  129s
H17960 12313                    2.291612e+07 2.3347e+07  1.88%  25.6  130s

Cutting planes:
  Gomory: 10
  Implied bound: 1760
  MIR: 354
  Flow cover: 701
  Relax-and-lift: 42

Explored 17960 nodes (505865 simplex iterations) in 136.22 seconds (175.57 work units)
Thread count was 48 (of 192 available processors)

Solution count 10: 2.29161e+07 2.28598e+07 2.28229e+07 ... 9.26102e+06

Optimal solution found (tolerance 2.00e-02)
Best objective 2.291611627988e+07, best bound 2.334660239179e+07, gap 1.8785%
Deleted nodefile directory: /scratch-local/lbeemster.22514894/gurobi_stress_vol4.0_0.4_demand_run3
Saved model snapshot to study_case_model/figures/volatility_stress/vol4.0_0.4_demand/sub0.0/run3/model_snapshot.pkl
  Objective: 22916116.28
  Avg H2 production: 0.0
  Scenario obj std: 6159663.785351466
  CVaR 5%: 13485026.33210083
  Worst scenario: 11946061.845361572

============================================================
Volatility multiplier: 8.0x
============================================================
Read LP format model from file /scratch-local/lbeemster.22514894/tmpnraiawga.pyomo.lp
Reading time = 0.58 seconds
x1: 178177 rows, 50626 columns, 1021376 nonzeros
Set parameter OutputFlag to value 1
Set parameter MIPGap to value 0.02
Set parameter Threads to value 48
Set parameter Presolve to value 1
Set parameter Cuts to value 1
Set parameter NodefileStart to value 1
Set parameter NodefileDir to value "/scratch-local/lbeemster.22514894/gurobi_stress_vol8.0_0.4_demand_run3"
Set parameter MemLimit to value 60
Gurobi Optimizer version 12.0.3 build v12.0.3rc0 (linux64 - "Red Hat Enterprise Linux 9.6 (Plow)")

CPU model: AMD EPYC 9654 96-Core Processor, instruction set [SSE2|AVX|AVX2|AVX512]
Thread count: 192 physical cores, 192 logical processors, using up to 48 threads

Non-default parameters:
MemLimit  60
MIPGap  0.02
NodefileStart  1
Cuts  1
Presolve  1
Threads  48

Academic license 2514514 - for non-commercial use only - registered to l.___@student.vu.nl
Optimize a model with 178177 rows, 50626 columns and 1021376 nonzeros
Model fingerprint: 0x280de89c
Variable types: 40002 continuous, 10624 integer (10624 binary)
Coefficient statistics:
  Matrix range     [1e-06, 1e+05]
  Objective range  [2e+00, 3e+04]
  Bounds range     [1e+00, 1e+00]
  RHS range        [3e-01, 2e+05]
Presolve removed 92601 rows and 28934 columns
Presolve time: 1.61s
Presolved: 85576 rows, 21692 columns, 562132 nonzeros
Variable types: 16676 continuous, 5016 integer (5016 binary)
Found heuristic solution: objective -3.38725e+09

Deterministic concurrent LP optimizer: primal simplex, dual simplex, and barrier
Showing barrier log only...

Root barrier log...

Ordering time: 0.31s

Barrier statistics:
 Dense cols : 114
 AA' NZ     : 6.765e+06
 Factor NZ  : 7.960e+06 (roughly 100 MB of memory)
 Factor Ops : 1.014e+09 (less than 1 second per iteration)
 Threads    : 46

                  Objective                Residual
Iter       Primal          Dual         Primal    Dual     Compl     Time
   0  -2.88550646e+12  3.90132250e+14  2.97e+05 1.47e+05  6.73e+10     4s
   1  -1.80768839e+12  2.42388051e+14  1.68e+05 1.14e+06  2.94e+10     4s
   2  -5.14137411e+11  1.51628010e+14  4.52e+04 3.73e+04  8.08e+09     4s
   3  -3.63693719e+10  3.90629883e+13  2.44e+03 1.08e+02  6.43e+08     4s
   4  -1.59315762e+10  9.28718759e+12  6.00e+02 2.72e-06  1.38e+08     4s
   5  -9.97116768e+09  2.98524370e+12  1.27e+02 5.27e-07  3.51e+07     4s
   6  -6.90089432e+09  1.31984855e+12  4.44e+01 2.52e-07  1.38e+07     4s
   7  -4.31709939e+09  8.46222383e+11  2.95e+01 1.39e-07  8.75e+06     4s
   8  -2.19739054e+09  4.14578493e+11  1.71e+01 6.59e-08  4.33e+06     4s
   9  -1.07516236e+09  2.36888127e+11  8.74e+00 3.91e-08  2.38e+06     4s
  10  -6.21931186e+08  1.13065557e+11  6.34e+00 1.80e-08  1.20e+06     4s
  11  -1.96044660e+08  6.22479476e+10  1.24e+00 1.48e-08  5.60e+05     4s
  12  -1.52114370e+07  1.87484781e+10  1.37e-01 2.77e-08  1.58e+05     5s
  13   9.53012114e+06  2.09099117e+09  7.46e-04 1.07e-08  1.72e+04     5s

Barrier performed 13 iterations in 4.56 seconds (3.86 work units)
Barrier solve interrupted - model solved by another algorithm

Concurrent spin time: 0.73s (can be avoided by choosing Method=3)

Solved with primal simplex

Root relaxation: objective 2.893869e+07, 30570 iterations, 2.05 seconds (1.42 work units)

    Nodes    |    Current Node    |     Objective Bounds      |     Work
 Expl Unexpl |  Obj  Depth IntInf | Incumbent    BestBd   Gap | It/Node Time

     0     0 2.8939e+07    0  213 -3.387e+09 2.8939e+07   101%     -    5s
H    0     0                    -1.77764e+09 2.8939e+07   102%     -    5s
H    0     0                    -1.77671e+09 2.8939e+07   102%     -    7s
H    0     0                    -1.67578e+09 2.8939e+07   102%     -    7s
     0     0 2.8550e+07    0  331 -1.676e+09 2.8550e+07   102%     -    8s
H    0     0                    -1.55104e+09 2.8550e+07   102%     -    9s
     0     0 2.8550e+07    0  334 -1.551e+09 2.8550e+07   102%     -    9s
     0     0 2.8382e+07    0  329 -1.551e+09 2.8382e+07   102%     -   11s
H    0     0                    -1.45655e+09 2.8382e+07   102%     -   12s
H    0     0                    -1.29438e+09 2.8366e+07   102%     -   12s
     0     0 2.8366e+07    0  352 -1.294e+09 2.8366e+07   102%     -   12s
     0     0 2.8366e+07    0  354 -1.294e+09 2.8366e+07   102%     -   12s
H    0     0                    -1.22902e+09 2.8366e+07   102%     -   13s
     0     0 2.8319e+07    0  298 -1.229e+09 2.8319e+07   102%     -   14s
     0     0 2.8311e+07    0  304 -1.229e+09 2.8311e+07   102%     -   15s
     0     0 2.8310e+07    0  304 -1.229e+09 2.8310e+07   102%     -   15s
     0     0 2.8310e+07    0  306 -1.229e+09 2.8310e+07   102%     -   15s
H    0     0                    -1.22619e+09 2.8310e+07   102%     -   16s
H    0     0                    -1.19465e+09 2.8310e+07   102%     -   16s
     0     0 2.8298e+07    0  296 -1.195e+09 2.8298e+07   102%     -   17s
H    0     0                    -1.06480e+09 2.8297e+07   103%     -   17s
     0     0 2.8297e+07    0  292 -1.065e+09 2.8297e+07   103%     -   18s
     0     0 2.8297e+07    0  290 -1.065e+09 2.8297e+07   103%     -   18s
     0     0 2.8290e+07    0  251 -1.065e+09 2.8290e+07   103%     -   19s
     0     0 2.8290e+07    0  263 -1.065e+09 2.8290e+07   103%     -   20s
     0     0 2.8279e+07    0  257 -1.065e+09 2.8279e+07   103%     -   21s
H    0     0                    -8.82572e+08 2.8279e+07   103%     -   22s
     0     0 2.8278e+07    0  257 -8.826e+08 2.8278e+07   103%     -   22s
     0     0 2.8278e+07    0  259 -8.826e+08 2.8278e+07   103%     -   22s
     0     0 2.8278e+07    0  246 -8.826e+08 2.8278e+07   103%     -   23s
H    0     0                    -6.99393e+08 2.8278e+07   104%     -   24s
     0     0 2.8278e+07    0  252 -6.994e+08 2.8278e+07   104%     -   24s
     0     0 2.8278e+07    0  247 -6.994e+08 2.8278e+07   104%     -   25s
     0     0 2.8278e+07    0  255 -6.994e+08 2.8278e+07   104%     -   25s
     0     0 2.8277e+07    0  249 -6.994e+08 2.8277e+07   104%     -   26s
     0     0 2.8277e+07    0  244 -6.994e+08 2.8277e+07   104%     -   29s
H    0     0                    -4.39328e+08 2.8277e+07   106%     -   30s
H    0     0                    -4.34698e+08 2.8277e+07   107%     -   31s
H    0     0                    -1.34343e+08 2.8277e+07   121%     -   34s
H    0     0                    -1.34323e+08 2.8277e+07   121%     -   35s
     0     2 2.8277e+07    0  239 -1.343e+08 2.8277e+07   121%     -   37s
    63   112 2.8262e+07    6  256 -1.343e+08 2.8275e+07   121%  71.4   40s
H   76   112                    -1.14350e+08 2.8275e+07   125%  68.7   40s
H  161   232                    -1.14345e+08 2.8274e+07   125%  68.3   43s
H  166   232                    -1.14325e+08 2.8274e+07   125%  66.7   43s
H  175   232                    -1.14066e+08 2.8274e+07   125%  64.0   43s
H  180   232                    -1.08544e+08 2.8274e+07   126%  62.8   43s
H  183   232                    -1.00955e+08 2.8274e+07   128%  62.1   43s
H  193   232                    -8.94811e+07 2.8274e+07   132%  60.4   43s
H  203   232                    -8.83099e+07 2.8274e+07   132%  58.4   43s
H  230   232                    -7.54852e+07 2.8274e+07   137%  53.6   43s
   587   636 2.8258e+07   17  247 -7.549e+07 2.8274e+07   137%  42.2   45s
H  653   759                    -7.52845e+07 2.8274e+07   138%  40.0   45s
H  812   912                    -7.49722e+07 2.8274e+07   138%  39.8   49s
H  814   912                    -7.48004e+07 2.8274e+07   138%  39.7   49s
H  884   912                    -7.46475e+07 2.8274e+07   138%  40.1   49s
  1172  1293 2.8256e+07   31  243 -7.465e+07 2.8274e+07   138%  38.3   50s
H 2200  2351                    -7.46475e+07 2.8274e+07   138%  32.6   52s
H 2201  2351                    -6.20622e+07 2.8274e+07   146%  32.6   52s
H 2202  2351                    -6.20194e+07 2.8274e+07   146%  32.6   52s
H 2276  2351                    -6.15681e+07 2.8274e+07   146%  32.4   52s
  2350  2399 2.8002e+07   58  214 -6.157e+07 2.8274e+07   146%  32.6   55s
H 3571  3576                    -6.15680e+07 2.8274e+07   146%  30.4   57s
  5565  6129 2.7981e+07  124  156 -6.157e+07 2.8274e+07   146%  27.3   60s
 11641 12404 -5525532.6  229  125 -6.157e+07 2.8274e+07   146%  22.4   65s
H12434 12452                    -6.15680e+07 2.8274e+07   146%  21.8   67s
H13917 13948                    -5.10337e+07 2.8274e+07   155%  21.1   69s
 14978 15734 -5543130.8  257  106 -5.103e+07 2.8273e+07   155%  20.6   70s
*15293 15328             434    -4.06169e+07 2.8273e+07   170%  20.6   70s
*16313 13912             387    -6823424.882 2.8273e+07   514%  20.2   71s
H17965 14369                    -6466234.393 2.8273e+07   537%  20.1   76s
H17965 13808                    -4570933.504 2.8273e+07   719%  20.1   77s
H17965 13789                    -3205816.001 2.8273e+07   982%  20.1   78s
H17965 13089                    1316591.6364 2.8273e+07  2047%  20.1   80s
H17965 12342                    2867821.1055 2.8273e+07   886%  20.1   81s
H17965 12342                    2878575.0357 2.8273e+07   882%  20.1   84s
H17965 11618                    8782640.9769 2.8273e+07   222%  20.1   84s
H17965 11616                    8797410.0995 2.8273e+07   221%  20.1   86s
H17965 11616                    8800133.3341 2.8273e+07   221%  20.1   86s
H17965 11293                    1.472347e+07 2.8273e+07  92.0%  20.1   86s
H17965 11293                    1.472951e+07 2.8273e+07  91.9%  20.1   87s
H17965 11293                    1.478242e+07 2.8273e+07  91.3%  20.1   87s
H17965 11292                    1.478642e+07 2.8273e+07  91.2%  20.1   87s
H17965  5848                    2.776805e+07 2.8273e+07  1.82%  20.1   88s

Cutting planes:
  Gomory: 20
  Implied bound: 1340
  MIR: 329
  Flow cover: 692
  Relax-and-lift: 35

Explored 17965 nodes (405465 simplex iterations) in 94.49 seconds (102.35 work units)
Thread count was 48 (of 192 available processors)

Solution count 10: 2.77681e+07 2.77681e+07 1.47864e+07 ... 2.87858e+06

Optimal solution found (tolerance 2.00e-02)
Best objective 2.776805219915e+07, best bound 2.827296993255e+07, gap 1.8183%
Deleted nodefile directory: /scratch-local/lbeemster.22514894/gurobi_stress_vol8.0_0.4_demand_run3
Saved model snapshot to study_case_model/figures/volatility_stress/vol8.0_0.4_demand/sub0.0/run3/model_snapshot.pkl
  Objective: 27768052.20
  Avg H2 production: 0.0
  Scenario obj std: 11912317.477719735
  CVaR 5%: 11001954.649976984
  Worst scenario: 8379356.022961193

============================================================
Volatility multiplier: 16.0x
============================================================
Read LP format model from file /scratch-local/lbeemster.22514894/tmpecu_97zn.pyomo.lp
Reading time = 1.94 seconds
x1: 178177 rows, 50626 columns, 1021376 nonzeros
Set parameter OutputFlag to value 1
Set parameter MIPGap to value 0.02
Set parameter Threads to value 48
Set parameter Presolve to value 1
Set parameter Cuts to value 1
Set parameter NodefileStart to value 1
Set parameter NodefileDir to value "/scratch-local/lbeemster.22514894/gurobi_stress_vol16.0_0.4_demand_run3"
Set parameter MemLimit to value 60
Gurobi Optimizer version 12.0.3 build v12.0.3rc0 (linux64 - "Red Hat Enterprise Linux 9.6 (Plow)")

CPU model: AMD EPYC 9654 96-Core Processor, instruction set [SSE2|AVX|AVX2|AVX512]
Thread count: 192 physical cores, 192 logical processors, using up to 48 threads

Non-default parameters:
MemLimit  60
MIPGap  0.02
NodefileStart  1
Cuts  1
Presolve  1
Threads  48

Academic license 2514514 - for non-commercial use only - registered to l.___@student.vu.nl
Optimize a model with 178177 rows, 50626 columns and 1021376 nonzeros
Model fingerprint: 0x06b1b8ab
Variable types: 40002 continuous, 10624 integer (10624 binary)
Coefficient statistics:
  Matrix range     [1e-06, 1e+05]
  Objective range  [2e+00, 3e+04]
  Bounds range     [1e+00, 1e+00]
  RHS range        [3e-01, 2e+05]
Presolve removed 85845 rows and 27230 columns
Presolve time: 1.55s
Presolved: 92332 rows, 23396 columns, 606571 nonzeros
Variable types: 17984 continuous, 5412 integer (5412 binary)
Found heuristic solution: objective -2.91862e+09

Deterministic concurrent LP optimizer: primal simplex, dual simplex, and barrier
Showing barrier log only...

Root barrier log...

Ordering time: 0.34s

Barrier statistics:
 Dense cols : 123
 AA' NZ     : 7.301e+06
 Factor NZ  : 8.544e+06 (roughly 120 MB of memory)
 Factor Ops : 1.083e+09 (less than 1 second per iteration)
 Threads    : 46

                  Objective                Residual
Iter       Primal          Dual         Primal    Dual     Compl     Time
   0  -2.88461478e+12  4.20925135e+14  2.97e+05 1.47e+05  6.73e+10     4s
   1  -1.80723673e+12  2.61522853e+14  1.68e+05 1.14e+06  2.94e+10     4s
   2  -5.13055955e+11  1.63591430e+14  4.52e+04 3.73e+04  8.08e+09     4s
   3  -3.57849350e+10  4.21301962e+13  2.44e+03 1.09e+02  6.44e+08     4s
   4  -1.56714007e+10  9.94110116e+12  6.02e+02 3.17e-06  1.38e+08     4s
   5  -9.87881039e+09  3.26177321e+12  1.24e+02 6.35e-07  3.52e+07     4s
   6  -7.41490044e+09  1.32303707e+12  4.42e+01 2.32e-07  1.31e+07     4s
   7  -4.89579917e+09  8.57875135e+11  2.78e+01 1.27e-07  8.25e+06     4s
   8  -3.12900374e+09  5.44123194e+11  1.90e+01 7.63e-08  5.23e+06     4s
   9  -2.03277654e+09  2.79791588e+11  1.25e+01 4.66e-08  2.77e+06     4s
  10  -7.46335510e+08  1.51112586e+11  6.89e+00 3.47e-08  1.46e+06     5s

Barrier performed 10 iterations in 4.52 seconds (3.95 work units)
Barrier solve interrupted - model solved by another algorithm

Concurrent spin time: 0.63s (can be avoided by choosing Method=3)

Solved with primal simplex

Root relaxation: objective 4.081442e+07, 28122 iterations, 1.93 seconds (1.37 work units)
Total elapsed time = 5.03s (DegenMoves)

    Nodes    |    Current Node    |     Objective Bounds      |     Work
 Expl Unexpl |  Obj  Depth IntInf | Incumbent    BestBd   Gap | It/Node Time

     0     0 4.0814e+07    0  218 -2.919e+09 4.0814e+07   101%     -    5s
H    0     0                    -5.03507e+08 4.0814e+07   108%     -    6s
     0     0 4.0106e+07    0  375 -5.035e+08 4.0106e+07   108%     -    7s
H    0     0                    -4.59546e+08 4.0103e+07   109%     -    7s
     0     0 4.0103e+07    0  384 -4.595e+08 4.0103e+07   109%     -    8s
H    0     0                    -4.40971e+08 3.9822e+07   109%     -   10s
     0     0 3.9822e+07    0  383 -4.410e+08 3.9822e+07   109%     -   10s
     0     0 3.9794e+07    0  379 -4.410e+08 3.9794e+07   109%     -   10s
     0     0 3.9794e+07    0  393 -4.410e+08 3.9794e+07   109%     -   10s
     0     0 3.9794e+07    0  393 -4.410e+08 3.9794e+07   109%     -   11s
     0     0 3.9632e+07    0  313 -4.410e+08 3.9632e+07   109%     -   14s
H    0     0                    -3.90714e+08 3.9631e+07   110%     -   16s
     0     0 3.9614e+07    0  324 -3.907e+08 3.9614e+07   110%     -   16s
     0     0 3.9614e+07    0  332 -3.907e+08 3.9614e+07   110%     -   16s
     0     0 3.9582e+07    0  304 -3.907e+08 3.9582e+07   110%     -   18s
H    0     0                    -3.89741e+08 3.9582e+07   110%     -   19s
     0     0 3.9581e+07    0  284 -3.897e+08 3.9581e+07   110%     -   19s
     0     0 3.9581e+07    0  288 -3.897e+08 3.9581e+07   110%     -   20s
     0     0 3.9575e+07    0  247 -3.897e+08 3.9575e+07   110%     -   21s
H    0     0                    -3.81633e+08 3.9575e+07   110%     -   22s
     0     0 3.9574e+07    0  248 -3.816e+08 3.9574e+07   110%     -   22s
     0     0 3.9573e+07    0  251 -3.816e+08 3.9573e+07   110%     -   23s
     0     0 3.9573e+07    0  252 -3.816e+08 3.9573e+07   110%     -   24s
     0     0 3.9572e+07    0  242 -3.816e+08 3.9572e+07   110%     -   25s
H    0     0                    -1.99056e+08 3.9572e+07   120%     -   26s
     0     0 3.9572e+07    0  247 -1.991e+08 3.9572e+07   120%     -   26s
     0     0 3.9572e+07    0  237 -1.991e+08 3.9572e+07   120%     -   26s
     0     0 3.9572e+07    0  237 -1.991e+08 3.9572e+07   120%     -   29s
H    0     0                    -2.84275e+07 3.9572e+07   239%     -   31s
H    0     0                    -2.83192e+07 3.9572e+07   240%     -   31s
H    0     0                    -2.67144e+07 3.9572e+07   248%     -   34s
H    0     0                    -2.14436e+07 3.9572e+07   285%     -   38s
H    0     0                    1.385211e+07 3.9572e+07   186%     -   39s
H    0     0                    2.781710e+07 3.9572e+07  42.3%     -   40s
H    0     0                    3.175996e+07 3.9572e+07  24.6%     -   42s
H    0     0                    3.730362e+07 3.9572e+07  6.08%     -   43s
H    0     0                    3.734597e+07 3.9572e+07  5.96%     -   47s
H    0     0                    3.735344e+07 3.9572e+07  5.94%     -   47s
H    0     2                    3.739775e+07 3.9572e+07  5.81%     -   50s
     0     2 3.9572e+07    0  230 3.7398e+07 3.9572e+07  5.81%     -   50s
    57   104 3.9550e+07    6  239 3.7398e+07 3.9570e+07  5.81%  75.4   55s
H   60   104                    3.739921e+07 3.9570e+07  5.80%  73.6   55s
H   61   104                    3.741154e+07 3.9570e+07  5.77%  73.0   55s
H   63   104                    3.751082e+07 3.9570e+07  5.49%  72.6   55s
H   79   104                    3.764531e+07 3.9570e+07  5.11%  66.3   55s
H  392   485                    3.776117e+07 3.9570e+07  4.79%  36.1   57s
H  394   485                    3.788608e+07 3.9570e+07  4.44%  36.0   57s
  1426  1475 3.9481e+07   28  198 3.7886e+07 3.9570e+07  4.44%  28.7   60s
H 1509  1558                    3.788939e+07 3.9570e+07  4.43%  28.5   61s
H 2788  2947                    3.788944e+07 3.9570e+07  4.43%  26.0   64s
H 2795  2947                    3.788944e+07 3.9570e+07  4.43%  26.0   64s
  3243  3274 3.9485e+07   68  153 3.7889e+07 3.9570e+07  4.43%  25.4   66s
  3291  3322 3.9360e+07   68  146 3.7889e+07 3.9570e+07  4.43%  25.3   70s
H 3315  3322                    3.790372e+07 3.9570e+07  4.39%  25.4   70s
H 5419  5475                    3.790788e+07 3.9570e+07  4.38%  23.0   74s
  5626  5718 3.9475e+07   96  146 3.7908e+07 3.9570e+07  4.38%  22.7   75s
  7552  8018 3.9471e+07  121  112 3.7908e+07 3.9569e+07  4.38%  20.9   80s
 12031 11588 3.9212e+07  155  107 3.7908e+07 3.9568e+07  4.38%  18.5   85s
H12079 11329                    3.792534e+07 3.9568e+07  4.33%  18.5   89s
H12080 10649                    3.803143e+07 3.9568e+07  4.04%  18.5   90s
H12094 10527                    3.804758e+07 3.9568e+07  4.00%  18.5   90s
H12105 10527                    3.805617e+07 3.9568e+07  3.97%  18.5   90s
H12116 10527                    3.805931e+07 3.9568e+07  3.97%  18.5   90s
H13500 12026                    3.806588e+07 3.9568e+07  3.95%  18.7   92s
H13535 11793                    3.811013e+07 3.9568e+07  3.83%  18.7   92s
H13641 11737                    3.813552e+07 3.9568e+07  3.76%  18.8   92s
 15641 14471 3.8644e+07  226   80 3.8136e+07 3.9568e+07  3.76%  18.6   95s
 17047 14825 3.8640e+07  250   61 3.8136e+07 3.9567e+07  3.75%  18.1  101s
H17184 14448                    3.820175e+07 3.9567e+07  3.57%  18.1  106s
H17200 14106                    3.827560e+07 3.9567e+07  3.37%  18.1  106s
H17202 13378                    3.841024e+07 3.9567e+07  3.01%  18.1  106s
H17227 13368                    3.841263e+07 3.9567e+07  3.00%  18.1  106s
H18277 14206                    3.842038e+07 3.9567e+07  2.98%  18.0  115s
H18277 14162                    3.842821e+07 3.9567e+07  2.96%  18.0  117s
H18277 13715                    3.848938e+07 3.9567e+07  2.80%  18.0  120s
H18277 13659                    3.849621e+07 3.9567e+07  2.78%  18.0  125s
H18277 13602                    3.851057e+07 3.9567e+07  2.74%  18.0  126s
H18277 13599                    3.851216e+07 3.9567e+07  2.74%  18.0  126s
 18278 13592 3.8718e+07  316  237 3.8512e+07 3.9567e+07  2.74%  18.0  137s
H18279 12913                    3.851217e+07 3.9567e+07  2.74%  18.0  180s
H18279 12267                    3.851578e+07 3.9567e+07  2.73%  18.0  180s
H18280 11654                    3.894584e+07 3.9479e+07  1.37%  18.0  183s

Cutting planes:
  Gomory: 22
  Cover: 12
  Implied bound: 92
  MIR: 136
  Flow cover: 214
  RLT: 2
  Relax-and-lift: 75

Explored 18280 nodes (403003 simplex iterations) in 183.57 seconds (203.33 work units)
Thread count was 48 (of 192 available processors)

Solution count 10: 3.89458e+07 3.85158e+07 3.85122e+07 ... 3.84126e+07

Optimal solution found (tolerance 2.00e-02)
Best objective 3.894584086084e+07, best bound 3.947891275226e+07, gap 1.3688%
Deleted nodefile directory: /scratch-local/lbeemster.22514894/gurobi_stress_vol16.0_0.4_demand_run3
Saved model snapshot to study_case_model/figures/volatility_stress/vol16.0_0.4_demand/sub0.0/run3/model_snapshot.pkl
  Objective: 38945840.86
  Avg H2 production: 0.5362901691386358
  Scenario obj std: 21163315.49645758
  CVaR 5%: 13660607.737988183
  Worst scenario: 13660607.737988025

Results saved to study_case_model/figures/volatility_stress/05052026/stress_test_results_0_0.4_price_shock_lt_3_.csv

================================================================================
STRESS TEST SUMMARY
================================================================================
    1.0x vol: obj= 20220701.90, loss=0.0%, H2=    0.00, CVaR5=17816029.978017118
    2.0x vol: obj= 21185328.31, loss=-4.8%, H2=    0.00, CVaR5=16748065.587055603
    4.0x vol: obj= 22916116.28, loss=-13.3%, H2=    0.00, CVaR5=13485026.33210083
    8.0x vol: obj= 27768052.20, loss=-37.3%, H2=    0.00, CVaR5=11001954.649976984
   16.0x vol: obj= 38945840.86, loss=-92.6%, H2=    0.54, CVaR5=13660607.737988183

Finished stress test!
