Gurobi shell based on Python 3.13.1 can be launched with command `gurobi.sh`
Gurobi Python Interface can be loaded in Python 3.13.1 with 'import gurobipy'
/var/spool/slurm/slurmd/job22521007/slurm_script: line 24: activate: No such file or directory
Stress test configuration:
  Volatility multipliers: [1.0, 2.0, 4.0, 8.0, 16.0]
  Shock type: demand
  Price Correlated shocks: 0.2
  Subsidy: 30.0 EUR/MWh
  Deviation allowance: 0.0

============================================================
Volatility multiplier: 1.0x
============================================================
Read LP format model from file /scratch-local/lbeemster.22521007/tmpmt8mucox.pyomo.lp
Reading time = 1.06 seconds
x1: 178177 rows, 50626 columns, 1021376 nonzeros
Set parameter OutputFlag to value 1
Set parameter MIPGap to value 0.02
Set parameter Threads to value 48
Set parameter Presolve to value 1
Set parameter Cuts to value 1
Set parameter NodefileStart to value 1
Set parameter NodefileDir to value "/scratch-local/lbeemster.22521007/gurobi_stress_vol1.0_0.2_demand_run3"
Set parameter MemLimit to value 60
Gurobi Optimizer version 12.0.3 build v12.0.3rc0 (linux64 - "Red Hat Enterprise Linux 9.6 (Plow)")

CPU model: AMD EPYC 9654 96-Core Processor, instruction set [SSE2|AVX|AVX2|AVX512]
Thread count: 192 physical cores, 192 logical processors, using up to 48 threads

Non-default parameters:
MemLimit  60
MIPGap  0.02
NodefileStart  1
Cuts  1
Presolve  1
Threads  48

Academic license 2514514 - for non-commercial use only - registered to l.___@student.vu.nl
Optimize a model with 178177 rows, 50626 columns and 1021376 nonzeros
Model fingerprint: 0x7bfc9eb7
Variable types: 40002 continuous, 10624 integer (10624 binary)
Coefficient statistics:
  Matrix range     [1e-06, 1e+05]
  Objective range  [2e+00, 3e+04]
  Bounds range     [1e+00, 1e+00]
  RHS range        [3e-01, 2e+05]
Presolve removed 34049 rows and 14166 columns
Presolve time: 1.66s
Presolved: 144128 rows, 36460 columns, 945973 nonzeros
Variable types: 28012 continuous, 8448 integer (8448 binary)
Found heuristic solution: objective -4.37004e+09

Deterministic concurrent LP optimizer: primal simplex, dual simplex, and barrier
Showing barrier log only...

Root barrier log...

Ordering time: 2.40s

Barrier statistics:
 AA' NZ     : 1.286e+07
 Factor NZ  : 1.434e+07 (roughly 200 MB of memory)
 Factor Ops : 2.150e+09 (less than 1 second per iteration)
 Threads    : 46

                  Objective                Residual
Iter       Primal          Dual         Primal    Dual     Compl     Time
   0  -3.00473488e+12  1.66214079e+14  3.09e+05 3.68e+04  1.75e+10     7s
   1  -1.87806666e+12  1.04787387e+14  1.75e+05 2.84e+05  7.64e+09     7s
   2  -5.42970165e+11  6.97242934e+13  4.78e+04 1.11e+04  2.11e+09     7s
   3  -4.46109982e+10  1.98105747e+13  3.19e+03 1.35e+01  2.01e+08     7s
   4  -1.31856590e+10  5.19548143e+12  5.05e+02 2.53e-07  3.87e+07     7s
   5  -7.65086867e+09  1.32631577e+12  1.11e+02 1.33e-07  8.73e+06     7s
   6  -3.11977480e+09  5.49615340e+11  4.17e+01 4.00e-08  3.35e+06     7s
   7  -1.51687919e+09  3.47407140e+11  2.31e+01 3.10e-08  2.04e+06     7s
   8  -6.29527077e+08  1.72900552e+11  8.40e+00 1.83e-08  9.61e+05     7s
   9  -2.06145064e+08  6.48449986e+10  2.29e+00 7.19e-09  3.45e+05     7s
  10  -1.32630973e+07  2.20390008e+10  1.76e-01 5.14e-08  1.10e+05     7s
  11   5.93915197e+06  6.66962676e+09  1.90e-02 1.43e-08  3.28e+04     7s
  12   9.12417425e+06  1.31640385e+09  3.73e-09 2.82e-09  6.42e+03     7s
  13   1.03887380e+07  4.65765791e+08  3.07e-09 1.40e-09  2.24e+03     7s
  14   1.20718535e+07  1.61286988e+08  3.16e-09 6.42e-10  7.33e+02     8s
  15   1.41449595e+07  8.54373463e+07  2.13e-09 4.66e-10  3.50e+02     8s
  16   1.81574229e+07  5.72605812e+07  3.24e-09 4.66e-10  1.92e+02     8s
  17   1.92664768e+07  3.51237882e+07  2.88e-09 4.66e-10  7.79e+01     8s
  18   1.96068212e+07  2.76538259e+07  2.70e-09 4.66e-10  3.95e+01     8s
  19   1.99508258e+07  2.47672458e+07  2.23e-09 2.33e-10  2.37e+01     8s
  20   2.02526704e+07  2.28934639e+07  2.16e-09 4.66e-10  1.30e+01     8s

Barrier performed 20 iterations in 7.87 seconds (6.46 work units)
Barrier solve interrupted - model solved by another algorithm

Concurrent spin time: 1.48s (can be avoided by choosing Method=3)

Solved with dual simplex

Root relaxation: objective 2.065467e+07, 47484 iterations, 5.04 seconds (3.74 work units)

    Nodes    |    Current Node    |     Objective Bounds      |     Work
 Expl Unexpl |  Obj  Depth IntInf | Incumbent    BestBd   Gap | It/Node Time

     0     0 2.0655e+07    0  422 -4.370e+09 2.0655e+07   100%     -    9s
H    0     0                    -1.28718e+09 2.0655e+07   102%     -   10s
H    0     0                    -1.28718e+09 2.0655e+07   102%     -   11s
     0     0 2.0620e+07    0  527 -1.287e+09 2.0620e+07   102%     -   13s
     0     0 2.0620e+07    0  584 -1.287e+09 2.0620e+07   102%     -   14s
     0     0 2.0620e+07    0  588 -1.287e+09 2.0620e+07   102%     -   14s
     0     0 2.0597e+07    0  539 -1.287e+09 2.0597e+07   102%     -   17s
     0     0 2.0597e+07    0  541 -1.287e+09 2.0597e+07   102%     -   17s
     0     0 2.0592e+07    0  517 -1.287e+09 2.0592e+07   102%     -   20s
     0     0 2.0592e+07    0  577 -1.287e+09 2.0592e+07   102%     -   22s
     0     0 2.0592e+07    0  565 -1.287e+09 2.0592e+07   102%     -   22s
     0     0 2.0592e+07    0  568 -1.287e+09 2.0592e+07   102%     -   22s
     0     0 2.0591e+07    0  550 -1.287e+09 2.0591e+07   102%     -   25s
     0     0 2.0591e+07    0  557 -1.287e+09 2.0591e+07   102%     -   27s
     0     0 2.0591e+07    0  555 -1.287e+09 2.0591e+07   102%     -   28s
     0     0 2.0591e+07    0  557 -1.287e+09 2.0591e+07   102%     -   28s
     0     0 2.0569e+07    0  471 -1.287e+09 2.0569e+07   102%     -   31s
     0     0 2.0569e+07    0  503 -1.287e+09 2.0569e+07   102%     -   33s
     0     0 2.0569e+07    0  504 -1.287e+09 2.0569e+07   102%     -   33s
     0     0 2.0569e+07    0  505 -1.287e+09 2.0569e+07   102%     -   34s
     0     0 2.0568e+07    0  480 -1.287e+09 2.0568e+07   102%     -   36s
     0     0 2.0568e+07    0  501 -1.287e+09 2.0568e+07   102%     -   37s
     0     0 2.0568e+07    0  501 -1.287e+09 2.0568e+07   102%     -   37s
     0     0 2.0567e+07    0  488 -1.287e+09 2.0567e+07   102%     -   39s
     0     0 2.0567e+07    0  498 -1.287e+09 2.0567e+07   102%     -   42s
     0     0 2.0567e+07    0  485 -1.287e+09 2.0567e+07   102%     -   44s
     0     0 2.0567e+07    0  494 -1.287e+09 2.0567e+07   102%     -   45s
     0     0 2.0567e+07    0  494 -1.287e+09 2.0567e+07   102%     -   46s
     0     0 2.0567e+07    0  486 -1.287e+09 2.0567e+07   102%     -   47s
     0     0 2.0567e+07    0  428 -1.287e+09 2.0567e+07   102%     -   49s
H    0     0                    -1.27657e+09 2.0567e+07   102%     -   54s
H    0     0                    -1.24104e+09 2.0567e+07   102%     -   54s
H    0     0                    -1.22450e+09 2.0567e+07   102%     -   57s
H    0     0                    -1.19511e+09 2.0567e+07   102%     -   60s
H    0     0                    -1.02513e+09 2.0567e+07   102%     -   65s
H    0     0                    -1.01305e+09 2.0567e+07   102%     -   67s
H    0     0                    -9.95308e+08 2.0567e+07   102%     -   70s
H    0     0                    -9.76659e+08 2.0567e+07   102%     -   74s
H    0     0                    -9.76659e+08 2.0567e+07   102%     -   74s
H    0     0                    -9.45641e+08 2.0567e+07   102%     -   78s
H    0     0                    -9.42664e+08 2.0567e+07   102%     -   80s
H    0     0                    -9.42663e+08 2.0567e+07   102%     -   80s
H    0     0                    -9.42661e+08 2.0567e+07   102%     -   80s
H    0     0                    -9.42660e+08 2.0567e+07   102%     -   80s
H    0     0                    -9.42659e+08 2.0567e+07   102%     -   80s
H    0     0                    -9.41712e+08 2.0567e+07   102%     -   80s
     0     0 2.0567e+07    0  440 -9.417e+08 2.0567e+07   102%     -   80s
     0     0 2.0567e+07    0  440 -9.417e+08 2.0567e+07   102%     -   80s
     0     0 2.0567e+07    0  437 -9.417e+08 2.0567e+07   102%     -   81s
     0     0 2.0567e+07    0  437 -9.417e+08 2.0567e+07   102%     -   85s
H    0     0                    -7.40715e+08 2.0567e+07   103%     -   94s
H    0     0                    -7.40102e+08 2.0567e+07   103%     -   96s
H    0     0                    -7.18345e+08 2.0567e+07   103%     -   98s
H    0     0                    -7.03914e+08 2.0567e+07   103%     -  100s
H    0     0                    -3.28605e+08 2.0567e+07   106%     -  104s
H    0     0                    -3.20814e+08 2.0567e+07   106%     -  105s
H    0     0                    -2.76689e+08 2.0567e+07   107%     -  110s
H    0     0                    -2.76688e+08 2.0567e+07   107%     -  111s
     0     2 2.0567e+07    0  437 -2.767e+08 2.0567e+07   107%     -  114s
    15    32 2.0567e+07    4  439 -2.767e+08 2.0567e+07   107%   124  115s
   806  1042 2.0566e+07   14  439 -2.767e+08 2.0567e+07   107%  40.3  122s
  1041  1898 2.0566e+07   17  423 -2.767e+08 2.0567e+07   107%  40.4  127s
  1897  2937 2.0564e+07   29  409 -2.767e+08 2.0567e+07   107%  34.2  132s
H 2936  2985                    -2.76688e+08 2.0567e+07   107%  42.5  147s
H 2937  2985                    -2.56384e+08 2.0567e+07   108%  42.6  147s
H 2962  2985                    -2.53671e+08 2.0567e+07   108%  42.9  147s
H 2984  3326                    -2.51535e+08 2.0567e+07   108%  42.7  156s
H 2992  3326                    -2.15797e+08 2.0567e+07   110%  42.7  156s
H 3024  3326                    -2.13706e+08 2.0567e+07   110%  42.3  156s
H 3040  3326                    -2.02732e+08 2.0567e+07   110%  42.1  156s
H 3258  3326                    -1.75806e+08 2.0567e+07   112%  41.4  156s
H 3274  3326                    -1.75287e+08 2.0567e+07   112%  41.3  156s
  3325  4980 2.0562e+07   50  412 -1.753e+08 2.0567e+07   112%  41.3  164s
H 4979  5386                    -1.42313e+08 2.0567e+07   114%  39.6  172s
H 5034  5371                    -3.72189e+07 2.0567e+07   155%  39.7  172s
  5385  7046 2.0559e+07   79  402 -3.722e+07 2.0567e+07   155%  40.9  180s
  7086  8650 2.0557e+07  112  394 -3.722e+07 2.0567e+07   155%  39.4  186s
  8692 10315 2.0548e+07  134  385 -3.722e+07 2.0567e+07   155%  41.6  192s
H10361  8240                    1.564053e+07 2.0567e+07  31.5%  41.5  200s
H10370  8239                    1.748066e+07 2.0567e+07  17.7%  41.5  200s
H10463  8208                    1.833972e+07 2.0567e+07  12.1%  41.8  200s
 10607  9517 2.0549e+07  160  360 1.8340e+07 2.0567e+07  12.1%  41.8  207s
 12139  9548 2.0549e+07  184  322 1.8340e+07 2.0567e+07  12.1%  42.6  219s
H12140  9521                    2.038109e+07 2.0567e+07  0.91%  42.6  220s
H12142  9477                    2.040827e+07 2.0567e+07  0.78%  42.6  220s
H12147  9476                    2.040932e+07 2.0567e+07  0.77%  42.6  220s
H12154  9472                    2.041264e+07 2.0567e+07  0.75%  42.6  220s

Cutting planes:
  Gomory: 1
  Implied bound: 2717
  MIR: 620
  Flow cover: 1073
  RLT: 2
  Relax-and-lift: 59

Explored 12187 nodes (590182 simplex iterations) in 220.10 seconds (263.74 work units)
Thread count was 48 (of 192 available processors)

Solution count 10: 2.04126e+07 2.04093e+07 2.04083e+07 ... -1.75287e+08

Optimal solution found (tolerance 2.00e-02)
Best objective 2.041264447604e+07, best bound 2.056650992278e+07, gap 0.7538%
Deleted nodefile directory: /scratch-local/lbeemster.22521007/gurobi_stress_vol1.0_0.2_demand_run3
Saved model snapshot to study_case_model/figures/volatility_stress/vol1.0_0.2_demand/sub30.0/run3/model_snapshot.pkl
  Objective: 20412644.48
  Avg H2 production: 0.0
  Scenario obj std: 999421.4171715132
  CVaR 5%: 18135695.86955261
  Worst scenario: 17945387.67453151

============================================================
Volatility multiplier: 2.0x
============================================================
Read LP format model from file /scratch-local/lbeemster.22521007/tmpd18tcbhk.pyomo.lp
Reading time = 0.59 seconds
x1: 178177 rows, 50626 columns, 1021376 nonzeros
Set parameter OutputFlag to value 1
Set parameter MIPGap to value 0.02
Set parameter Threads to value 48
Set parameter Presolve to value 1
Set parameter Cuts to value 1
Set parameter NodefileStart to value 1
Set parameter NodefileDir to value "/scratch-local/lbeemster.22521007/gurobi_stress_vol2.0_0.2_demand_run3"
Set parameter MemLimit to value 60
Gurobi Optimizer version 12.0.3 build v12.0.3rc0 (linux64 - "Red Hat Enterprise Linux 9.6 (Plow)")

CPU model: AMD EPYC 9654 96-Core Processor, instruction set [SSE2|AVX|AVX2|AVX512]
Thread count: 192 physical cores, 192 logical processors, using up to 48 threads

Non-default parameters:
MemLimit  60
MIPGap  0.02
NodefileStart  1
Cuts  1
Presolve  1
Threads  48

Academic license 2514514 - for non-commercial use only - registered to l.___@student.vu.nl
Optimize a model with 178177 rows, 50626 columns and 1021376 nonzeros
Model fingerprint: 0x7a351549
Variable types: 40002 continuous, 10624 integer (10624 binary)
Coefficient statistics:
  Matrix range     [1e-06, 1e+05]
  Objective range  [2e+00, 3e+04]
  Bounds range     [1e+00, 1e+00]
  RHS range        [3e-01, 2e+05]
Presolve removed 34049 rows and 14166 columns
Presolve time: 1.74s
Presolved: 144128 rows, 36460 columns, 945973 nonzeros
Variable types: 28012 continuous, 8448 integer (8448 binary)
Found heuristic solution: objective -4.07185e+09

Deterministic concurrent LP optimizer: primal simplex, dual simplex, and barrier
Showing barrier log only...

Root barrier log...

Ordering time: 2.37s

Barrier statistics:
 AA' NZ     : 1.286e+07
 Factor NZ  : 1.434e+07 (roughly 200 MB of memory)
 Factor Ops : 2.150e+09 (less than 1 second per iteration)
 Threads    : 46

                  Objective                Residual
Iter       Primal          Dual         Primal    Dual     Compl     Time
   0  -3.00402789e+12  1.66205654e+14  3.09e+05 3.68e+04  1.75e+10     7s
   1  -1.87729134e+12  1.04782391e+14  1.75e+05 2.84e+05  7.64e+09     7s
   2  -5.42100400e+11  6.97191064e+13  4.78e+04 1.10e+04  2.11e+09     7s
   3  -4.38833892e+10  1.98024145e+13  3.19e+03 1.35e+01  2.01e+08     7s
   4  -1.30544019e+10  5.18611237e+12  5.32e+02 2.85e-07  3.93e+07     7s
   5  -7.63823186e+09  1.43580743e+12  1.34e+02 1.19e-07  9.78e+06     7s
   6  -3.23292343e+09  5.93830276e+11  4.29e+01 3.24e-08  3.60e+06     7s
   7  -1.48555887e+09  3.72708818e+11  2.44e+01 2.41e-08  2.18e+06     7s
   8  -7.95137549e+08  1.86027905e+11  9.82e+00 1.04e-08  1.05e+06     7s
   9  -2.45741767e+08  5.50929989e+10  2.50e+00 1.15e-08  2.99e+05     7s
  10  -5.28224377e+07  2.29911024e+10  5.51e-01 1.25e-07  1.18e+05     7s

Barrier performed 10 iterations in 7.35 seconds (5.49 work units)
Barrier solve interrupted - model solved by another algorithm

Concurrent spin time: 2.01s (can be avoided by choosing Method=3)

Solved with primal simplex

Root relaxation: objective 2.074925e+07, 48887 iterations, 4.45 seconds (2.81 work units)

    Nodes    |    Current Node    |     Objective Bounds      |     Work
 Expl Unexpl |  Obj  Depth IntInf | Incumbent    BestBd   Gap | It/Node Time

     0     0 2.0749e+07    0  390 -4.072e+09 2.0749e+07   101%     -    8s
H    0     0                    -1.03649e+09 2.0749e+07   102%     -   10s
H    0     0                    -1.02576e+09 2.0749e+07   102%     -   12s
     0     0 2.0695e+07    0  488 -1.026e+09 2.0695e+07   102%     -   14s
     0     0 2.0695e+07    0  544 -1.026e+09 2.0695e+07   102%     -   14s
     0     0 2.0695e+07    0  556 -1.026e+09 2.0695e+07   102%     -   14s
     0     0 2.0681e+07    0  538 -1.026e+09 2.0681e+07   102%     -   17s
     0     0 2.0681e+07    0  539 -1.026e+09 2.0681e+07   102%     -   18s
     0     0 2.0676e+07    0  468 -1.026e+09 2.0676e+07   102%     -   21s
     0     0 2.0676e+07    0  514 -1.026e+09 2.0676e+07   102%     -   22s
     0     0 2.0676e+07    0  507 -1.026e+09 2.0676e+07   102%     -   23s
     0     0 2.0676e+07    0  515 -1.026e+09 2.0676e+07   102%     -   23s
     0     0 2.0675e+07    0  473 -1.026e+09 2.0675e+07   102%     -   25s
     0     0 2.0674e+07    0  517 -1.026e+09 2.0674e+07   102%     -   26s
     0     0 2.0674e+07    0  519 -1.026e+09 2.0674e+07   102%     -   26s
     0     0 2.0666e+07    0  453 -1.026e+09 2.0666e+07   102%     -   29s
     0     0 2.0666e+07    0  457 -1.026e+09 2.0666e+07   102%     -   32s
     0     0 2.0666e+07    0  462 -1.026e+09 2.0666e+07   102%     -   32s
     0     0 2.0651e+07    0  447 -1.026e+09 2.0651e+07   102%     -   34s
     0     0 2.0650e+07    0  431 -1.026e+09 2.0650e+07   102%     -   36s
     0     0 2.0650e+07    0  434 -1.026e+09 2.0650e+07   102%     -   36s
     0     0 2.0650e+07    0  434 -1.026e+09 2.0650e+07   102%     -   36s
     0     0 2.0650e+07    0  451 -1.026e+09 2.0650e+07   102%     -   38s
H    0     0                    -1.02473e+09 2.0650e+07   102%     -   39s
     0     0 2.0650e+07    0  458 -1.025e+09 2.0650e+07   102%     -   40s
     0     0 2.0650e+07    0  446 -1.025e+09 2.0650e+07   102%     -   40s
     0     0 2.0649e+07    0  437 -1.025e+09 2.0649e+07   102%     -   42s
     0     0 2.0649e+07    0  446 -1.025e+09 2.0649e+07   102%     -   43s
     0     0 2.0649e+07    0  453 -1.025e+09 2.0649e+07   102%     -   43s
     0     0 2.0649e+07    0  434 -1.025e+09 2.0649e+07   102%     -   44s
     0     0 2.0649e+07    0  438 -1.025e+09 2.0649e+07   102%     -   45s
     0     0 2.0649e+07    0  456 -1.025e+09 2.0649e+07   102%     -   47s
     0     0 2.0649e+07    0  440 -1.025e+09 2.0649e+07   102%     -   53s
H    0     0                    -1.01608e+09 2.0649e+07   102%     -   56s
H    0     0                    -9.33874e+08 2.0649e+07   102%     -   57s
H    0     0                    -9.30126e+08 2.0649e+07   102%     -   62s
H    0     0                    -9.10522e+08 2.0649e+07   102%     -   62s
H    0     0                    -6.22210e+08 2.0649e+07   103%     -   64s
H    0     0                    -2.57604e+08 2.0649e+07   108%     -   68s
H    0     0                    -2.34246e+08 2.0649e+07   109%     -   70s
H    0     0                    -8939698.191 2.0649e+07   331%     -   73s
H    0     0                    -8939105.893 2.0649e+07   331%     -   74s
H    0     0                    -8935176.645 2.0649e+07   331%     -   77s
H    0     0                    -8933997.345 2.0649e+07   331%     -   77s
H    0     0                    -8932915.559 2.0649e+07   331%     -   77s
H    0     2                    -8929592.683 2.0649e+07   331%     -   82s
     0     2 2.0649e+07    0  439 -8929592.7 2.0649e+07   331%     -   82s
    31    64 2.0649e+07    5  470 -8929592.7 2.0649e+07   331%   174   86s
H   67   112                    -8927572.040 2.0649e+07   331%   100   88s
H   68   112                    -8926630.825 2.0649e+07   331%  98.2   88s
H   72   112                    8585238.7027 2.0649e+07   141%  93.6   88s
H   76   112                    1.767042e+07 2.0649e+07  16.9%  89.4   88s
   111   494 2.0649e+07    7  460 1.7670e+07 2.0649e+07  16.9%  71.6   90s
   544   714 2.0649e+07   12  450 1.7670e+07 2.0649e+07  16.9%  80.0   95s
H  588   714                    2.053624e+07 2.0649e+07  0.55%  76.7   95s

Cutting planes:
  Gomory: 8
  Implied bound: 2476
  MIR: 486
  Flow cover: 1010
  RLT: 2
  Relax-and-lift: 56

Explored 717 nodes (122148 simplex iterations) in 95.87 seconds (103.80 work units)
Thread count was 48 (of 192 available processors)

Solution count 10: 2.05362e+07 2.05362e+07 8.58524e+06 ... -8.93911e+06

Optimal solution found (tolerance 2.00e-02)
Best objective 2.053623926879e+07, best bound 2.064910256170e+07, gap 0.5496%
Deleted nodefile directory: /scratch-local/lbeemster.22521007/gurobi_stress_vol2.0_0.2_demand_run3
Saved model snapshot to study_case_model/figures/volatility_stress/vol2.0_0.2_demand/sub30.0/run3/model_snapshot.pkl
  Objective: 20536239.27
  Avg H2 production: 0.0
  Scenario obj std: 985442.9439678098
  CVaR 5%: 18603590.181029294
  Worst scenario: 18584566.79062921

============================================================
Volatility multiplier: 4.0x
============================================================
Read LP format model from file /scratch-local/lbeemster.22521007/tmp9mq3efbi.pyomo.lp
Reading time = 1.21 seconds
x1: 178177 rows, 50626 columns, 1021376 nonzeros
Set parameter OutputFlag to value 1
Set parameter MIPGap to value 0.02
Set parameter Threads to value 48
Set parameter Presolve to value 1
Set parameter Cuts to value 1
Set parameter NodefileStart to value 1
Set parameter NodefileDir to value "/scratch-local/lbeemster.22521007/gurobi_stress_vol4.0_0.2_demand_run3"
Set parameter MemLimit to value 60
Gurobi Optimizer version 12.0.3 build v12.0.3rc0 (linux64 - "Red Hat Enterprise Linux 9.6 (Plow)")

CPU model: AMD EPYC 9654 96-Core Processor, instruction set [SSE2|AVX|AVX2|AVX512]
Thread count: 192 physical cores, 192 logical processors, using up to 48 threads

Non-default parameters:
MemLimit  60
MIPGap  0.02
NodefileStart  1
Cuts  1
Presolve  1
Threads  48

Academic license 2514514 - for non-commercial use only - registered to l.___@student.vu.nl
Optimize a model with 178177 rows, 50626 columns and 1021376 nonzeros
Model fingerprint: 0xf7edd282
Variable types: 40002 continuous, 10624 integer (10624 binary)
Coefficient statistics:
  Matrix range     [1e-06, 1e+05]
  Objective range  [2e+00, 3e+04]
  Bounds range     [1e+00, 1e+00]
  RHS range        [3e-01, 2e+05]
Presolve removed 34049 rows and 14166 columns
Presolve time: 1.70s
Presolved: 144128 rows, 36460 columns, 945973 nonzeros
Variable types: 28012 continuous, 8448 integer (8448 binary)
Found heuristic solution: objective -3.74070e+09

Deterministic concurrent LP optimizer: primal simplex, dual simplex, and barrier
Showing barrier log only...

Root barrier log...

Ordering time: 2.42s

Barrier statistics:
 AA' NZ     : 1.286e+07
 Factor NZ  : 1.434e+07 (roughly 200 MB of memory)
 Factor Ops : 2.150e+09 (less than 1 second per iteration)
 Threads    : 46

                  Objective                Residual
Iter       Primal          Dual         Primal    Dual     Compl     Time
   0  -3.00328319e+12  1.66196208e+14  3.09e+05 3.68e+04  1.75e+10     7s
   1  -1.87644513e+12  1.04777090e+14  1.75e+05 2.84e+05  7.64e+09     7s
   2  -5.41144342e+11  6.97125130e+13  4.78e+04 1.10e+04  2.11e+09     7s
   3  -4.32659315e+10  1.97894007e+13  3.19e+03 1.35e+01  2.01e+08     7s
   4  -1.28136851e+10  5.15154623e+12  5.38e+02 2.47e-07  3.93e+07     7s
   5  -7.93640060e+09  1.41391251e+12  1.53e+02 8.34e-08  1.00e+07     7s
   6  -3.30179529e+09  6.27744236e+11  4.30e+01 3.35e-08  3.78e+06     7s
   7  -1.67707883e+09  4.10751787e+11  2.81e+01 2.56e-08  2.44e+06     7s
   8  -9.98575979e+08  2.08056831e+11  1.38e+01 1.16e-08  1.21e+06     7s
   9  -3.88528360e+08  6.56317313e+10  2.28e+00 7.36e-09  3.50e+05     7s
  10  -2.70738354e+07  1.83619831e+10  1.64e-01 4.86e-09  9.15e+04     7s
  11   4.36391475e+06  6.13399531e+09  1.85e-02 6.29e-09  3.02e+04     7s
  12   9.31496803e+06  1.26277900e+09  4.41e-09 2.56e-09  6.16e+03     7s
  13   1.06471148e+07  4.81396580e+08  3.01e-09 1.51e-09  2.31e+03     7s
  14   1.21627258e+07  1.53726591e+08  2.59e-09 6.98e-10  6.96e+02     8s
  15   1.41802079e+07  8.86049570e+07  2.18e-09 4.66e-10  3.66e+02     8s
  16   1.78148465e+07  5.55065698e+07  2.52e-09 4.66e-10  1.85e+02     8s
  17   1.94942056e+07  3.59202232e+07  1.91e-09 4.66e-10  8.07e+01     8s
  18   1.96743093e+07  2.71619630e+07  1.96e-09 4.66e-10  3.68e+01     8s
  19   2.01396336e+07  2.45476038e+07  3.01e-09 4.66e-10  2.17e+01     8s
  20   2.05036592e+07  2.28816508e+07  2.91e-09 4.66e-10  1.17e+01     8s
  21   2.06815703e+07  2.19958376e+07  2.67e-09 4.66e-10  6.46e+00     8s

Barrier performed 21 iterations in 7.98 seconds (6.53 work units)
Barrier solve interrupted - model solved by another algorithm

Concurrent spin time: 1.38s (can be avoided by choosing Method=3)

Solved with dual simplex

Root relaxation: objective 2.099411e+07, 48086 iterations, 5.16 seconds (3.84 work units)

    Nodes    |    Current Node    |     Objective Bounds      |     Work
 Expl Unexpl |  Obj  Depth IntInf | Incumbent    BestBd   Gap | It/Node Time

     0     0 2.0994e+07    0  387 -3.741e+09 2.0994e+07   101%     -    9s
H    0     0                    -2.05568e+09 2.0994e+07   101%     -   10s
     0     0 2.0920e+07    0  526 -2.056e+09 2.0920e+07   101%     -   13s
H    0     0                    -2.05376e+09 2.0920e+07   101%     -   14s
     0     0 2.0920e+07    0  542 -2.054e+09 2.0920e+07   101%     -   14s
     0     0 2.0920e+07    0  544 -2.054e+09 2.0920e+07   101%     -   14s
     0     0 2.0903e+07    0  604 -2.054e+09 2.0903e+07   101%     -   16s
H    0     0                    -2.04933e+09 2.0903e+07   101%     -   17s
     0     0 2.0903e+07    0  604 -2.049e+09 2.0903e+07   101%     -   18s
     0     0 2.0898e+07    0  538 -2.049e+09 2.0898e+07   101%     -   20s
H    0     0                    -1.56785e+09 2.0898e+07   101%     -   22s
     0     0 2.0898e+07    0  553 -1.568e+09 2.0898e+07   101%     -   22s
     0     0 2.0898e+07    0  557 -1.568e+09 2.0898e+07   101%     -   22s
     0     0 2.0892e+07    0  523 -1.568e+09 2.0892e+07   101%     -   25s
H    0     0                    -1.44529e+09 2.0892e+07   101%     -   26s
H    0     0                    -1.39340e+09 2.0892e+07   101%     -   29s
     0     0 2.0891e+07    0  582 -1.393e+09 2.0891e+07   101%     -   30s
     0     0 2.0891e+07    0  619 -1.393e+09 2.0891e+07   101%     -   30s
     0     0 2.0891e+07    0  623 -1.393e+09 2.0891e+07   101%     -   30s
     0     0 2.0878e+07    0  513 -1.393e+09 2.0878e+07   101%     -   33s
     0     0 2.0878e+07    0  531 -1.393e+09 2.0878e+07   101%     -   36s
     0     0 2.0878e+07    0  544 -1.393e+09 2.0878e+07   101%     -   36s
     0     0 2.0868e+07    0  508 -1.393e+09 2.0868e+07   101%     -   38s
H    0     0                    -1.03707e+09 2.0868e+07   102%     -   40s
     0     0 2.0867e+07    0  508 -1.037e+09 2.0867e+07   102%     -   40s
     0     0 2.0867e+07    0  509 -1.037e+09 2.0867e+07   102%     -   40s
     0     0 2.0867e+07    0  520 -1.037e+09 2.0867e+07   102%     -   40s
     0     0 2.0866e+07    0  502 -1.037e+09 2.0866e+07   102%     -   43s
H    0     0                    -7.69428e+08 2.0866e+07   103%     -   44s
     0     0 2.0866e+07    0  506 -7.694e+08 2.0866e+07   103%     -   44s
     0     0 2.0866e+07    0  497 -7.694e+08 2.0866e+07   103%     -   44s
     0     0 2.0866e+07    0  499 -7.694e+08 2.0866e+07   103%     -   44s
     0     0 2.0865e+07    0  448 -7.694e+08 2.0865e+07   103%     -   47s
     0     0 2.0865e+07    0  455 -7.694e+08 2.0865e+07   103%     -   47s
     0     0 2.0865e+07    0  458 -7.694e+08 2.0865e+07   103%     -   47s
     0     0 2.0865e+07    0  440 -7.694e+08 2.0865e+07   103%     -   49s
H    0     0                    -5.07363e+08 2.0865e+07   104%     -   51s
     0     0 2.0865e+07    0  422 -5.074e+08 2.0865e+07   104%     -   51s
     0     0 2.0865e+07    0  418 -5.074e+08 2.0865e+07   104%     -   51s
     0     0 2.0865e+07    0  406 -5.074e+08 2.0865e+07   104%     -   57s
H    0     0                    -4.41924e+08 2.0865e+07   105%     -   61s
H    0     0                    -2.64289e+08 2.0865e+07   108%     -   63s
H    0     0                    -1.90631e+08 2.0865e+07   111%     -   65s
H    0     0                    -1.34037e+08 2.0865e+07   116%     -   67s
H    0     0                    -1.16959e+08 2.0865e+07   118%     -   69s
H    0     0                    -1.02825e+08 2.0865e+07   120%     -   71s
H    0     0                    -3.21508e+07 2.0865e+07   165%     -   73s
H    0     0                    -2.31321e+07 2.0865e+07   190%     -   76s
     0     2 2.0865e+07    0  406 -2.313e+07 2.0865e+07   190%     -   80s
H   51    52                    -2.31321e+07 2.0864e+07   190%  78.5   83s
   103   215 2.0861e+07    7  423 -2.313e+07 2.0864e+07   190%  65.8   85s
   563   624 2.0859e+07   11  410 -2.313e+07 2.0864e+07   190%  42.3   90s
H  565   624                    -2.24024e+07 2.0864e+07   193%  42.2   90s
H  576   624                    -2.24015e+07 2.0864e+07   193%  42.0   90s
H  594   624                    -2.24004e+07 2.0864e+07   193%  41.6   90s
H  612   624                    -2.23980e+07 2.0864e+07   193%  41.1   90s
  1467  1542 infeasible   20      -2.240e+07 2.0864e+07   193%  39.2   95s
H 1617  1639                    -1.57174e+07 2.0864e+07   233%  39.9   98s
H 1621  1639                    -1.57092e+07 2.0864e+07   233%  39.9   98s
H 1630  1639                    -9018982.009 2.0864e+07   331%  39.9   98s
  1903  1928 2.0859e+07   26  407 -9018982.0 2.0864e+07   331%  39.9  103s
H 1951  1976                    -6140636.306 2.0864e+07   440%  39.9  115s
H 1955  1976                    1594085.1038 2.0864e+07  1209%  39.9  115s
H 2050  2067                    6572185.1030 2.0864e+07   217%  39.7  119s
  2245  2366 2.0858e+07   31  396 6572185.10 2.0864e+07   217%  39.3  120s
Created node file directory '/scratch-local/lbeemster.22521007/gurobi_stress_vol4.0_0.2_demand_run3/grbnodes0'
  3108  3157 2.0856e+07   43  377 6572185.10 2.0864e+07   217%  42.2  125s
H 3317  3348                    6622730.6069 2.0864e+07   215%  43.2  129s
  3379  3554 2.0855e+07   47  365 6622730.61 2.0864e+07   215%  43.3  130s
  4308  4325 2.0854e+07   66  342 6622730.61 2.0864e+07   215%  44.8  137s
H 4356  4373                    6629011.4163 2.0864e+07   215%  44.8  143s
H 4361  4373                    6630960.4444 2.0864e+07   215%  44.8  143s
H 4384  4373                    6636095.6305 2.0864e+07   214%  44.7  143s
  4655  4850 2.0854e+07   75  342 6636095.63 2.0864e+07   214%  44.7  145s
H 5460  5618                    6639876.9335 2.0864e+07   214%  44.6  151s
H 5475  5618                    6644790.0869 2.0864e+07   214%  44.7  151s
  6327  6660 2.0852e+07  105  325 6644790.09 2.0864e+07   214%  43.6  156s
H 6836  6848                    6646519.9411 2.0864e+07   214%  42.8  158s
  6883  7206 2.0852e+07  113  314 6646519.94 2.0864e+07   214%  42.7  161s
  7241  7543 2.0851e+07  121  307 6646519.94 2.0864e+07   214%  42.2  169s
  7578  8045 2.0850e+07  121  308 6646519.94 2.0864e+07   214%  41.7  172s
H 8171  8190                    6646549.4908 2.0864e+07   214%  40.6  174s
  8225  8727 2.0851e+07  130  297 6646549.49 2.0864e+07   214%  40.5  177s
  9284  9848 2.0851e+07  151  287 6646549.49 2.0864e+07   214%  39.0  181s
 10518 11069 2.0847e+07  166  277 6646549.49 2.0864e+07   214%  37.2  186s
 11118 11507 2.0847e+07  177  247 6646549.49 2.0864e+07   214%  36.8  190s
H11344 11507                    6646807.0804 2.0864e+07   214%  36.6  190s
H11407 11506                    6650217.5732 2.0864e+07   214%  36.5  190s
 12218 12669 2.0846e+07  188  249 6650217.57 2.0864e+07   214%  36.0  197s
 12754 13269 2.0845e+07  199  248 6650217.57 2.0864e+07   214%  35.8  203s
H12895 12210                    1.384589e+07 2.0864e+07  50.7%  35.9  203s
 13384 12008 2.0844e+07  208  241 1.3846e+07 2.0863e+07  50.7%  35.4  208s
H13476 11014                    2.074915e+07 2.0863e+07  0.55%  35.4  217s
H13477 10868                    2.075469e+07 2.0863e+07  0.52%  35.4  217s
H13479 10868                    2.075505e+07 2.0863e+07  0.52%  35.4  217s
H13481 10721                    2.076850e+07 2.0863e+07  0.46%  35.4  217s
H13488 10721                    2.077017e+07 2.0863e+07  0.45%  35.4  217s
H13491 10574                    2.077796e+07 2.0863e+07  0.41%  35.4  217s
H13518 10573                    2.078491e+07 2.0863e+07  0.38%  35.4  217s

Cutting planes:
  Gomory: 5
  Implied bound: 3104
  MIR: 605
  Flow cover: 914
  RLT: 2
  Relax-and-lift: 39

Explored 13524 nodes (552969 simplex iterations) in 217.60 seconds (237.41 work units)
Thread count was 48 (of 192 available processors)

Solution count 10: 2.07849e+07 2.0778e+07 2.07702e+07 ... 6.64681e+06

Optimal solution found (tolerance 2.00e-02)
Best objective 2.078490971952e+07, best bound 2.086329548597e+07, gap 0.3771%
Deleted nodefile directory: /scratch-local/lbeemster.22521007/gurobi_stress_vol4.0_0.2_demand_run3
Saved model snapshot to study_case_model/figures/volatility_stress/vol4.0_0.2_demand/sub30.0/run3/model_snapshot.pkl
  Objective: 20784909.72
  Avg H2 production: 0.0
  Scenario obj std: 1077248.394966686
  CVaR 5%: 18688982.57443816
  Worst scenario: 18688982.57443814

============================================================
Volatility multiplier: 8.0x
============================================================
Read LP format model from file /scratch-local/lbeemster.22521007/tmpvcjrfhzi.pyomo.lp
Reading time = 0.99 seconds
x1: 178177 rows, 50626 columns, 1021376 nonzeros
Set parameter OutputFlag to value 1
Set parameter MIPGap to value 0.02
Set parameter Threads to value 48
Set parameter Presolve to value 1
Set parameter Cuts to value 1
Set parameter NodefileStart to value 1
Set parameter NodefileDir to value "/scratch-local/lbeemster.22521007/gurobi_stress_vol8.0_0.2_demand_run3"
Set parameter MemLimit to value 60
Gurobi Optimizer version 12.0.3 build v12.0.3rc0 (linux64 - "Red Hat Enterprise Linux 9.6 (Plow)")

CPU model: AMD EPYC 9654 96-Core Processor, instruction set [SSE2|AVX|AVX2|AVX512]
Thread count: 192 physical cores, 192 logical processors, using up to 48 threads

Non-default parameters:
MemLimit  60
MIPGap  0.02
NodefileStart  1
Cuts  1
Presolve  1
Threads  48

Academic license 2514514 - for non-commercial use only - registered to l.___@student.vu.nl
Optimize a model with 178177 rows, 50626 columns and 1021376 nonzeros
Model fingerprint: 0x02db3865
Variable types: 40002 continuous, 10624 integer (10624 binary)
Coefficient statistics:
  Matrix range     [1e-06, 1e+05]
  Objective range  [2e+00, 3e+04]
  Bounds range     [1e+00, 1e+00]
  RHS range        [3e-01, 2e+05]
Presolve removed 34049 rows and 14166 columns
Presolve time: 1.72s
Presolved: 144128 rows, 36460 columns, 945973 nonzeros
Variable types: 28012 continuous, 8448 integer (8448 binary)
Found heuristic solution: objective -3.39141e+09

Deterministic concurrent LP optimizer: primal simplex, dual simplex, and barrier
Showing barrier log only...

Root barrier log...

Ordering time: 2.50s

Barrier statistics:
 AA' NZ     : 1.286e+07
 Factor NZ  : 1.434e+07 (roughly 200 MB of memory)
 Factor Ops : 2.150e+09 (less than 1 second per iteration)
 Threads    : 46

                  Objective                Residual
Iter       Primal          Dual         Primal    Dual     Compl     Time
   0  -3.00259777e+12  1.66187353e+14  3.09e+05 3.68e+04  1.75e+10     7s
   1  -1.87567139e+12  1.04772080e+14  1.75e+05 2.84e+05  7.64e+09     7s
   2  -5.40240882e+11  6.97057483e+13  4.79e+04 1.10e+04  2.11e+09     7s
   3  -4.28955384e+10  1.97756131e+13  3.19e+03 1.35e+01  2.01e+08     7s
   4  -1.28521080e+10  5.10643573e+12  5.41e+02 5.65e-07  3.92e+07     7s
   5  -8.31259531e+09  1.44348152e+12  1.51e+02 1.38e-07  1.02e+07     7s
   6  -3.80441243e+09  6.41781830e+11  4.34e+01 6.33e-08  3.86e+06     7s
   7  -2.25657738e+09  4.20153249e+11  3.00e+01 3.41e-08  2.51e+06     7s
   8  -1.22973206e+09  2.05195725e+11  1.62e+01 1.94e-08  1.23e+06     7s
   9  -3.27775778e+08  6.47758926e+10  2.57e+00 9.08e-09  3.49e+05     8s
  10  -3.17553641e+07  2.38743912e+10  2.42e-01 4.05e-09  1.19e+05     8s
  11   2.66785268e+06  8.42904368e+09  3.63e-02 1.09e-08  4.16e+04     8s
  12   9.92678429e+06  1.35548541e+09  5.74e-09 1.53e-09  6.61e+03     8s
  13   1.11426498e+07  5.48933539e+08  4.30e-09 9.31e-10  2.64e+03     8s
  14   1.26892494e+07  2.18271149e+08  2.94e-09 4.66e-10  1.01e+03     8s
  15   1.43915188e+07  1.13516724e+08  2.92e-09 4.66e-10  4.87e+02     8s
  16   1.82363748e+07  7.96660182e+07  2.16e-09 4.66e-10  3.02e+02     8s
  17   1.97094793e+07  4.47469802e+07  1.80e-09 4.66e-10  1.23e+02     8s
  18   1.96284092e+07  3.53086557e+07  2.54e-09 4.66e-10  7.70e+01     8s
  19   2.01018402e+07  2.90078879e+07  3.13e-09 4.66e-10  4.38e+01     8s
  20   2.05801356e+07  2.57818433e+07  2.29e-09 4.66e-10  2.56e+01     8s
  21   2.11031451e+07  2.31872718e+07  2.42e-09 4.66e-10  1.02e+01     8s
  22   2.12798636e+07  2.22287470e+07  5.35e-09 4.66e-10  4.66e+00     8s
  23   2.13859213e+07  2.19069605e+07  9.20e-09 4.66e-10  2.56e+00     8s

Barrier performed 23 iterations in 8.29 seconds (6.72 work units)
Barrier solve interrupted - model solved by another algorithm

Concurrent spin time: 2.25s (can be avoided by choosing Method=3)

Solved with dual simplex

Root relaxation: objective 2.157068e+07, 50807 iterations, 5.38 seconds (4.04 work units)
Total elapsed time = 10.20s (DegenMoves)

    Nodes    |    Current Node    |     Objective Bounds      |     Work
 Expl Unexpl |  Obj  Depth IntInf | Incumbent    BestBd   Gap | It/Node Time

     0     0 2.1571e+07    0  428 -3.391e+09 2.1571e+07   101%     -   10s
H    0     0                    -2.97639e+09 2.1571e+07   101%     -   11s
H    0     0                    -2.96489e+09 2.1571e+07   101%     -   13s
     0     0 2.1465e+07    0  546 -2.965e+09 2.1465e+07   101%     -   15s
H    0     0                    -1.13958e+09 2.1465e+07   102%     -   17s
     0     0 2.1465e+07    0  578 -1.140e+09 2.1465e+07   102%     -   17s
     0     0 2.1465e+07    0  583 -1.140e+09 2.1465e+07   102%     -   17s
     0     0 2.1441e+07    0  648 -1.140e+09 2.1441e+07   102%     -   19s
     0     0 2.1441e+07    0  652 -1.140e+09 2.1441e+07   102%     -   20s
     0     0 2.1441e+07    0  660 -1.140e+09 2.1441e+07   102%     -   20s
     0     0 2.1434e+07    0  443 -1.140e+09 2.1434e+07   102%     -   23s
H    0     0                    -8.40236e+08 2.1434e+07   103%     -   24s
     0     0 2.1434e+07    0  490 -8.402e+08 2.1434e+07   103%     -   24s
     0     0 2.1434e+07    0  509 -8.402e+08 2.1434e+07   103%     -   25s
     0     0 2.1425e+07    0  485 -8.402e+08 2.1425e+07   103%     -   27s
     0     0 2.1424e+07    0  510 -8.402e+08 2.1424e+07   103%     -   28s
     0     0 2.1424e+07    0  499 -8.402e+08 2.1424e+07   103%     -   28s
     0     0 2.1424e+07    0  497 -8.402e+08 2.1424e+07   103%     -   28s
     0     0 2.1406e+07    0  466 -8.402e+08 2.1406e+07   103%     -   31s
     0     0 2.1406e+07    0  495 -8.402e+08 2.1406e+07   103%     -   32s
     0     0 2.1405e+07    0  514 -8.402e+08 2.1405e+07   103%     -   32s
     0     0 2.1405e+07    0  516 -8.402e+08 2.1405e+07   103%     -   32s
     0     0 2.1397e+07    0  514 -8.402e+08 2.1397e+07   103%     -   34s
H    0     0                    -7.79175e+08 2.1397e+07   103%     -   36s
     0     0 2.1397e+07    0  518 -7.792e+08 2.1397e+07   103%     -   36s
     0     0 2.1397e+07    0  527 -7.792e+08 2.1397e+07   103%     -   36s
     0     0 2.1397e+07    0  531 -7.792e+08 2.1397e+07   103%     -   37s
     0     0 2.1395e+07    0  441 -7.792e+08 2.1395e+07   103%     -   39s
H    0     0                    -4.18589e+08 2.1394e+07   105%     -   40s
     0     0 2.1394e+07    0  436 -4.186e+08 2.1394e+07   105%     -   40s
     0     0 2.1394e+07    0  441 -4.186e+08 2.1394e+07   105%     -   40s
     0     0 2.1394e+07    0  438 -4.186e+08 2.1394e+07   105%     -   40s
     0     0 2.1394e+07    0  425 -4.186e+08 2.1394e+07   105%     -   41s
H    0     0                    -4.04634e+08 2.1394e+07   105%     -   42s
     0     0 2.1394e+07    0  429 -4.046e+08 2.1394e+07   105%     -   42s
     0     0 2.1394e+07    0  419 -4.046e+08 2.1394e+07   105%     -   44s
H    0     0                    -2.55919e+08 2.1394e+07   108%     -   45s
     0     0 2.1394e+07    0  426 -2.559e+08 2.1394e+07   108%     -   45s
     0     0 2.1394e+07    0  416 -2.559e+08 2.1394e+07   108%     -   46s
     0     0 2.1394e+07    0  406 -2.559e+08 2.1394e+07   108%     -   52s
H    0     0                    -2.46069e+08 2.1394e+07   109%     -   55s
H    0     0                    -2.37179e+08 2.1394e+07   109%     -   58s
H    0     0                    -6.22592e+07 2.1394e+07   134%     -   61s
H    0     0                    -6.22499e+07 2.1394e+07   134%     -   64s
H    0     0                    -6.22499e+07 2.1394e+07   134%     -   66s
H    0     0                    -4.35977e+07 2.1394e+07   149%     -   70s
H    0     0                    -4.35977e+07 2.1394e+07   149%     -   73s
     0     2 2.1394e+07    0  406 -4.360e+07 2.1394e+07   149%     -   78s
    29    56 2.1391e+07    5  408 -4.360e+07 2.1392e+07   149%  71.4   81s
H   64   100                    -3.84379e+07 2.1392e+07   156%  56.0   84s
   105   268 2.1391e+07    7  410 -3.844e+07 2.1392e+07   156%  49.6   85s
H  448   513                    -3.83998e+07 2.1391e+07   156%  36.2   89s
   524   697 2.1389e+07   11  405 -3.840e+07 2.1391e+07   156%  34.8   90s
  1359  1499 2.1386e+07   21  394 -3.840e+07 2.1391e+07   156%  36.3   95s
H 1634  1753                    -2.69472e+07 2.1391e+07   179%  36.9   98s
H 1652  1753                    -2.09787e+07 2.1391e+07   202%  36.9   98s
H 1685  1753                    -2.09770e+07 2.1391e+07   202%  37.0   98s
H 1697  1753                    -2.09739e+07 2.1391e+07   202%  36.9   98s
H 1964  1999                    -2.09738e+07 2.1391e+07   202%  36.9  103s
  2350  2499 2.1385e+07   44  374 -2.097e+07 2.1391e+07   202%  37.6  105s
H 2545  2553                    -2.09738e+07 2.1391e+07   202%  38.4  106s
Created node file directory '/scratch-local/lbeemster.22521007/gurobi_stress_vol8.0_0.2_demand_run3/grbnodes0'
  3396  3595 2.1385e+07   67  375 -2.097e+07 2.1391e+07   202%  38.2  110s
H 3640  3726                    -2.09737e+07 2.1391e+07   202%  38.5  111s
  4203  4243 2.1378e+07   82  371 -2.097e+07 2.1391e+07   202%  38.4  115s
H 4207  4243                    -2.09737e+07 2.1391e+07   202%  38.4  115s
  5071  5363 2.1377e+07   99  353 -2.097e+07 2.1391e+07   202%  37.3  120s
  5426  5459 2.1380e+07  103  357 -2.097e+07 2.1391e+07   202%  37.3  132s
  5474  5507 2.1380e+07  104  353 -2.097e+07 2.1391e+07   202%  37.3  143s
H 5499  5507                    -9169759.051 2.1391e+07   333%  37.3  143s
H 5522  5717                    -9169759.041 2.1391e+07   333%  37.3  145s
H 5624  5717                    -9167900.799 2.1391e+07   333%  37.6  145s
  6431  6464 2.1378e+07  123  350 -9167900.8 2.1391e+07   333%  37.3  151s
  6479  6512 2.1378e+07  124  350 -9167900.8 2.1391e+07   333%  37.4  159s
H 6481  6510                    3906774.7545 2.1391e+07   448%  37.4  159s
H 6483  6510                    3916298.8961 2.1391e+07   446%  37.4  159s
H 6484  6503                    1.772185e+07 2.1391e+07  20.7%  37.4  159s
  6527  6798 2.1378e+07  125  342 1.7722e+07 2.1391e+07  20.7%  37.5  161s
  7644  7777 2.1376e+07  149  325 1.7722e+07 2.1391e+07  20.7%  38.3  167s
H 7647  7777                    1.772807e+07 2.1391e+07  20.7%  38.2  167s
H 7787  7777                    1.773453e+07 2.1391e+07  20.6%  38.3  167s
  8299  8626 2.1375e+07  158  318 1.7735e+07 2.1391e+07  20.6%  38.8  171s
  9218  9348 2.1370e+07  181  316 1.7735e+07 2.1391e+07  20.6%  38.6  177s
H 9635  9835                    1.858813e+07 2.1391e+07  15.1%  38.6  179s
H 9763  9819                    2.045973e+07 2.1391e+07  4.55%  38.7  179s
  9978 10199 2.1368e+07  195  292 2.0460e+07 2.1391e+07  4.55%  38.6  182s
 11067 11093 2.1367e+07  217  288 2.0460e+07 2.1391e+07  4.55%  38.9  187s
H11102 11093                    2.046326e+07 2.1391e+07  4.54%  38.9  187s
H11357 11093                    2.046462e+07 2.1391e+07  4.53%  38.8  187s
H11358 11093                    2.046592e+07 2.1391e+07  4.52%  38.8  187s
 11406 11710 2.1367e+07  218  290 2.0466e+07 2.1391e+07  4.52%  38.9  190s
H12520 12673                    2.046977e+07 2.1391e+07  4.50%  38.5  197s
H12545 12620                    2.119488e+07 2.1391e+07  0.93%  38.5  197s
H12615 12620                    2.119558e+07 2.1391e+07  0.92%  38.4  197s
H12675 12620                    2.120053e+07 2.1391e+07  0.90%  38.3  197s

Cutting planes:
  Implied bound: 3126
  MIR: 522
  Flow cover: 722
  Relax-and-lift: 66

Explored 12996 nodes (572847 simplex iterations) in 198.31 seconds (235.90 work units)
Thread count was 48 (of 192 available processors)

Solution count 10: 2.12005e+07 2.12005e+07 2.11956e+07 ... 1.85881e+07

Optimal solution found (tolerance 2.00e-02)
Best objective 2.120052779535e+07, best bound 2.139143166550e+07, gap 0.9005%
Deleted nodefile directory: /scratch-local/lbeemster.22521007/gurobi_stress_vol8.0_0.2_demand_run3
Saved model snapshot to study_case_model/figures/volatility_stress/vol8.0_0.2_demand/sub30.0/run3/model_snapshot.pkl
  Objective: 21200527.80
  Avg H2 production: 0.3096575342465757
  Scenario obj std: 1438599.5584371416
  CVaR 5%: 19019036.866867967
  Worst scenario: 19015151.684389003

============================================================
Volatility multiplier: 16.0x
============================================================
Read LP format model from file /scratch-local/lbeemster.22521007/tmpr7fnj85b.pyomo.lp
Reading time = 1.40 seconds
x1: 178177 rows, 50626 columns, 1021376 nonzeros
Set parameter OutputFlag to value 1
Set parameter MIPGap to value 0.02
Set parameter Threads to value 48
Set parameter Presolve to value 1
Set parameter Cuts to value 1
Set parameter NodefileStart to value 1
Set parameter NodefileDir to value "/scratch-local/lbeemster.22521007/gurobi_stress_vol16.0_0.2_demand_run3"
Set parameter MemLimit to value 60
Gurobi Optimizer version 12.0.3 build v12.0.3rc0 (linux64 - "Red Hat Enterprise Linux 9.6 (Plow)")

CPU model: AMD EPYC 9654 96-Core Processor, instruction set [SSE2|AVX|AVX2|AVX512]
Thread count: 192 physical cores, 192 logical processors, using up to 48 threads

Non-default parameters:
MemLimit  60
MIPGap  0.02
NodefileStart  1
Cuts  1
Presolve  1
Threads  48

Academic license 2514514 - for non-commercial use only - registered to l.___@student.vu.nl
Optimize a model with 178177 rows, 50626 columns and 1021376 nonzeros
Model fingerprint: 0x6fa04dae
Variable types: 40002 continuous, 10624 integer (10624 binary)
Coefficient statistics:
  Matrix range     [1e-06, 1e+05]
  Objective range  [2e+00, 3e+04]
  Bounds range     [1e+00, 1e+00]
  RHS range        [3e-01, 2e+05]
Presolve removed 34049 rows and 14166 columns
Presolve time: 1.86s
Presolved: 144128 rows, 36460 columns, 945973 nonzeros
Variable types: 28012 continuous, 8448 integer (8448 binary)
Found heuristic solution: objective -2.93171e+09

Deterministic concurrent LP optimizer: primal simplex, dual simplex, and barrier
Showing barrier log only...

Root barrier log...

Ordering time: 2.55s

Barrier statistics:
 AA' NZ     : 1.286e+07
 Factor NZ  : 1.434e+07 (roughly 200 MB of memory)
 Factor Ops : 2.150e+09 (less than 1 second per iteration)
 Threads    : 46

                  Objective                Residual
Iter       Primal          Dual         Primal    Dual     Compl     Time
   0  -3.00167808e+12  1.66176795e+14  3.09e+05 3.68e+04  1.75e+10     7s
   1  -1.87471959e+12  1.04765209e+14  1.75e+05 2.84e+05  7.64e+09     7s
   2  -5.39128389e+11  6.96984411e+13  4.79e+04 1.10e+04  2.11e+09     7s
   3  -4.22006128e+10  1.97656478e+13  3.19e+03 1.35e+01  2.01e+08     7s
   4  -1.24029775e+10  5.08480135e+12  5.43e+02 3.68e-07  3.91e+07     7s
   5  -8.01384209e+09  1.48321313e+12  1.52e+02 1.02e-07  1.04e+07     7s
   6  -3.92917594e+09  6.51256020e+11  4.35e+01 4.87e-08  3.91e+06     7s
   7  -2.31512048e+09  4.26680721e+11  3.09e+01 3.17e-08  2.56e+06     8s
   8  -9.79265439e+08  2.45122255e+11  1.83e+01 1.73e-08  1.45e+06     8s
   9  -4.14242156e+08  8.29721446e+10  4.38e+00 7.68e-09  4.61e+05     8s

Barrier performed 9 iterations in 7.63 seconds (5.39 work units)
Barrier solve interrupted - model solved by another algorithm

Concurrent spin time: 2.28s (can be avoided by choosing Method=3)

Solved with primal simplex

Root relaxation: objective 2.286415e+07, 47986 iterations, 4.58 seconds (2.65 work units)

    Nodes    |    Current Node    |     Objective Bounds      |     Work
 Expl Unexpl |  Obj  Depth IntInf | Incumbent    BestBd   Gap | It/Node Time

     0     0 2.2864e+07    0  424 -2.932e+09 2.2864e+07   101%     -    9s
H    0     0                    -2.64213e+09 2.2864e+07   101%     -   10s
H    0     0                    -2.50795e+09 2.2864e+07   101%     -   12s
     0     0 2.2692e+07    0  556 -2.508e+09 2.2692e+07   101%     -   14s
H    0     0                    -4.48361e+08 2.2692e+07   105%     -   15s
     0     0 2.2692e+07    0  604 -4.484e+08 2.2692e+07   105%     -   16s
     0     0 2.2646e+07    0  562 -4.484e+08 2.2646e+07   105%     -   18s
     0     0 2.2645e+07    0  592 -4.484e+08 2.2645e+07   105%     -   18s
     0     0 2.2645e+07    0  600 -4.484e+08 2.2645e+07   105%     -   18s
     0     0 2.2622e+07    0  486 -4.484e+08 2.2622e+07   105%     -   22s
     0     0 2.2621e+07    0  512 -4.484e+08 2.2621e+07   105%     -   23s
     0     0 2.2621e+07    0  522 -4.484e+08 2.2621e+07   105%     -   23s
     0     0 2.2593e+07    0  505 -4.484e+08 2.2593e+07   105%     -   27s
     0     0 2.2592e+07    0  547 -4.484e+08 2.2592e+07   105%     -   28s
     0     0 2.2592e+07    0  560 -4.484e+08 2.2592e+07   105%     -   28s
     0     0 2.2582e+07    0  433 -4.484e+08 2.2582e+07   105%     -   32s
H    0     0                    -4.42115e+08 2.2582e+07   105%     -   34s
     0     0 2.2582e+07    0  435 -4.421e+08 2.2582e+07   105%     -   34s
     0     0 2.2582e+07    0  433 -4.421e+08 2.2582e+07   105%     -   35s
     0     0 2.2581e+07    0  433 -4.421e+08 2.2581e+07   105%     -   35s
     0     0 2.2581e+07    0  438 -4.421e+08 2.2581e+07   105%     -   35s
     0     0 2.2575e+07    0  421 -4.421e+08 2.2575e+07   105%     -   37s
H    0     0                    -3.35698e+08 2.2575e+07   107%     -   39s
     0     0 2.2575e+07    0  427 -3.357e+08 2.2575e+07   107%     -   39s
     0     0 2.2575e+07    0  430 -3.357e+08 2.2575e+07   107%     -   39s
     0     0 2.2574e+07    0  423 -3.357e+08 2.2574e+07   107%     -   41s
H    0     0                    -2.13171e+08 2.2574e+07   111%     -   42s
     0     0 2.2574e+07    0  421 -2.132e+08 2.2574e+07   111%     -   43s
     0     0 2.2574e+07    0  424 -2.132e+08 2.2574e+07   111%     -   43s
     0     0 2.2574e+07    0  401 -2.132e+08 2.2574e+07   111%     -   45s
     0     0 2.2573e+07    0  396 -2.132e+08 2.2573e+07   111%     -   46s
     0     0 2.2573e+07    0  395 -2.132e+08 2.2573e+07   111%     -   47s
     0     0 2.2573e+07    0  397 -2.132e+08 2.2573e+07   111%     -   47s
     0     0 2.2573e+07    0  387 -2.132e+08 2.2573e+07   111%     -   49s
     0     0 2.2573e+07    0  374 -2.132e+08 2.2573e+07   111%     -   54s
H    0     0                    -1.32926e+08 2.2573e+07   117%     -   58s
H    0     0                    -1.28117e+08 2.2573e+07   118%     -   59s
H    0     0                    -1.27359e+08 2.2573e+07   118%     -   61s
H    0     0                    -1.26600e+08 2.2573e+07   118%     -   63s
H    0     0                    -2.84290e+07 2.2573e+07   179%     -   72s
H    0     2                    -2.44937e+07 2.2573e+07   192%     -   90s
     0     2 2.2573e+07    0  366 -2.449e+07 2.2573e+07   192%     -   90s
H   39    62                    -2.44937e+07 2.2572e+07   192%   117   94s
    63   108 2.2571e+07    6  383 -2.449e+07 2.2572e+07   192%   106   95s
   492   610 2.2568e+07   14  373 -2.449e+07 2.2572e+07   192%  52.3  100s
  1159  1238 2.2566e+07   22  364 -2.449e+07 2.2572e+07   192%  42.7  106s
H 1161  1238                    -1.78695e+07 2.2572e+07   226%  42.7  106s
H 1167  1238                    -1.23796e+07 2.2572e+07   282%  42.7  106s
H 1227  1238                    -8477989.807 2.2572e+07   366%  42.6  106s
H 1231  1238                    -8450161.346 2.2572e+07   367%  42.6  106s
  1823  1944 2.2566e+07   36  328 -8450161.3 2.2572e+07   367%  41.9  110s
H 1949  1992                    -8450116.542 2.2572e+07   367%  42.3  113s
  1997  2040 2.2566e+07   38  319 -8450116.5 2.2572e+07   367%  42.4  116s
H 2124  2171                    -8423158.244 2.2572e+07   368%  42.3  118s
H 2136  2171                    -6252599.384 2.2572e+07   461%  42.3  118s
  2491  2641 2.2566e+07   45  313 -6252599.4 2.2572e+07   461%  44.2  120s
  2833  3011 2.2566e+07   51  314 -6252599.4 2.2572e+07   461%  44.0  127s
Created node file directory '/scratch-local/lbeemster.22521007/gurobi_stress_vol16.0_0.2_demand_run3/grbnodes0'
H 3205  3331                    -6252556.600 2.2572e+07   461%  45.0  129s
  3336  3529 2.2565e+07   57  318 -6252556.6 2.2572e+07   461%  45.2  130s
H 3972  4015                    -6252529.864 2.2572e+07   461%  46.1  136s
H 4068  4111                    -6241052.900 2.2572e+07   462%  46.0  150s
H 4072  4111                    -6241026.291 2.2572e+07   462%  46.1  150s
H 4073  4111                    -6239707.089 2.2572e+07   462%  46.1  150s
H 4099  4111                    -6239525.928 2.2572e+07   462%  46.1  150s
  4979  5292 2.2564e+07   81  308 -6239525.9 2.2572e+07   462%  44.2  155s
H 5380  5475                    -6239523.230 2.2572e+07   462%  43.5  157s
  5827  6138 2.2562e+07   94  300 -6239523.2 2.2572e+07   462%  42.8  160s
H 6514  6695                    -6167471.347 2.2572e+07   466%  42.5  164s
H 6597  6695                    -6146807.794 2.2572e+07   467%  42.7  164s
H 6600  6657                    -4092440.326 2.2572e+07   652%  42.7  164s
  6706  6993 2.2550e+07  109  307 -4092440.3 2.2572e+07   652%  42.6  166s
  7916  7929 2.2485e+07  126  307 -4092440.3 2.2572e+07   652%  42.3  172s
H 7940  7918                    -3236524.112 2.2572e+07   797%  42.2  172s
H 8033  7918                    -1853566.014 2.2572e+07  1318%  42.2  172s
  8442  8613 2.2480e+07  136  303 -1853566.0 2.2572e+07  1318%  42.3  177s
H 8996  9146                    -1526841.448 2.2572e+07  1578%  41.8  179s
H 9254  9146                    -708856.6648 2.2572e+07  3284%  41.3  179s
  9280  9655 2.2480e+07  152  299 -708856.66 2.2572e+07  3284%  41.2  181s
  9789  9703 2.2480e+07  157  289 -708856.66 2.2572e+07  3284%  40.5  185s
  9837  9924 2.2480e+07  158  290 -708856.66 2.2572e+07  3284%  40.4  194s
H 9913  9924                    122046.67887 2.2572e+07      -  40.4  194s
H 9996  9924                    150046.72030 2.2572e+07      -  40.4  194s
 10058 10497 2.2460e+07  165  287 150046.720 2.2572e+07      -  40.4  196s
 11210 11456 2.2442e+07  175  291 150046.720 2.2572e+07      -  39.6  202s
H11230 11456                    2590914.9243 2.2572e+07   771%  39.6  202s
 11590 12084 2.2472e+07  185  290 2590914.92 2.2572e+07   771%  39.1  205s
 12793 13381 2.2471e+07  211  271 2590914.92 2.2572e+07   771%  38.2  211s
H13087 13381                    2792362.2216 2.2572e+07   708%  38.1  211s
H13127 13381                    3777990.3055 2.2572e+07   497%  38.1  211s
 14250 14164 2.2460e+07  240  265 3777990.31 2.2572e+07   497%  37.0  222s
H14270 14156                    5038791.8593 2.2572e+07   348%  37.0  222s
 14298 14944 2.2459e+07  241  271 5038791.86 2.2572e+07   348%  36.9  226s
 15871 16152 2.2449e+07  270  266 5038791.86 2.2572e+07   348%  35.8  234s
H15926 16132                    7472143.4348 2.2572e+07   202%  35.8  234s
H15970 16132                    7477909.9026 2.2572e+07   202%  35.7  234s
H16136 16132                    7485709.2071 2.2572e+07   202%  35.6  234s
H16190 16132                    7493663.9774 2.2572e+07   201%  35.5  234s
H16248 16122                    9859116.5019 2.2572e+07   129%  35.4  234s
 16302 16869 2.2448e+07  289  256 9859116.50 2.2572e+07   129%  35.4  238s
H16679 16869                    1.071746e+07 2.2572e+07   111%  35.2  238s
H16975 16869                    1.096879e+07 2.2572e+07   106%  34.9  238s
 17078 17640 2.2445e+07  311  254 1.0969e+07 2.2572e+07   106%  34.8  241s
H17450 17629                    1.236221e+07 2.2572e+07  82.6%  34.8  241s
H17545 17629                    1.238360e+07 2.2572e+07  82.3%  34.7  241s
H17857 17588                    1.373424e+07 2.2572e+07  64.3%  34.4  248s
H17857 17588                    1.392586e+07 2.2572e+07  62.1%  34.4  250s
H17857 17529                    1.602870e+07 2.2572e+07  40.8%  34.4  252s
H17857 17050                    1.772316e+07 2.2572e+07  27.4%  34.4  252s
H17857 17050                    1.773177e+07 2.2572e+07  27.3%  34.4  254s
H17857 16886                    1.847258e+07 2.2572e+07  22.2%  34.4  262s
H17857 16723                    1.996232e+07 2.2572e+07  13.1%  34.4  263s
H17857 16424                    2.088432e+07 2.2572e+07  8.08%  34.4  263s
H17857 14715                    2.147356e+07 2.2572e+07  5.11%  34.4  341s
H17857 14710                    2.164325e+07 2.2572e+07  4.29%  34.4  344s
H17857 14710                    2.223250e+07 2.2572e+07  1.53%  34.4  344s

Cutting planes:
  Gomory: 3
  Implied bound: 3502
  MIR: 577
  Flow cover: 951
  Relax-and-lift: 57

Explored 17857 nodes (691281 simplex iterations) in 358.09 seconds (332.22 work units)
Thread count was 48 (of 192 available processors)

Solution count 10: 2.22325e+07 2.16433e+07 2.14736e+07 ... 1.39259e+07

Optimal solution found (tolerance 2.00e-02)
Best objective 2.223249802957e+07, best bound 2.257155720941e+07, gap 1.5251%
Deleted nodefile directory: /scratch-local/lbeemster.22521007/gurobi_stress_vol16.0_0.2_demand_run3
Saved model snapshot to study_case_model/figures/volatility_stress/vol16.0_0.2_demand/sub30.0/run3/model_snapshot.pkl
  Objective: 22232498.03
  Avg H2 production: 0.33534636317332916
  Scenario obj std: 2305372.223186981
  CVaR 5%: 19452479.133029044
  Worst scenario: 19452479.133029044

Results saved to study_case_model/figures/volatility_stress/05052026/stress_test_results_30_0.2_price_shock_st_3_.csv

================================================================================
STRESS TEST SUMMARY
================================================================================
    1.0x vol: obj= 20412644.48, loss=0.0%, H2=    0.00, CVaR5=18135695.86955261
    2.0x vol: obj= 20536239.27, loss=-0.6%, H2=    0.00, CVaR5=18603590.181029294
    4.0x vol: obj= 20784909.72, loss=-1.8%, H2=    0.00, CVaR5=18688982.57443816
    8.0x vol: obj= 21200527.80, loss=-3.9%, H2=    0.31, CVaR5=19019036.866867967
   16.0x vol: obj= 22232498.03, loss=-8.9%, H2=    0.34, CVaR5=19452479.133029044

Finished stress test!
