Gurobi shell based on Python 3.13.1 can be launched with command `gurobi.sh`
Gurobi Python Interface can be loaded in Python 3.13.1 with 'import gurobipy'
/var/spool/slurm/slurmd/job22531703/slurm_script: line 24: activate: No such file or directory
Stress test configuration:
  Volatility multipliers: [1.0, 2.0, 4.0, 8.0, 16.0]
  Shock type: demand
  Price Correlated shocks: 0.4
  Subsidy: 70.0 EUR/MWh
  Deviation allowance: 0.0

============================================================
Volatility multiplier: 1.0x
============================================================
Read LP format model from file /scratch-local/lbeemster.22531703/tmpio6zp5us.pyomo.lp
Reading time = 0.49 seconds
x1: 178177 rows, 50626 columns, 1021376 nonzeros
Set parameter OutputFlag to value 1
Set parameter MIPGap to value 0.02
Set parameter Threads to value 48
Set parameter Presolve to value 1
Set parameter Cuts to value 1
Set parameter NodefileStart to value 1
Set parameter NodefileDir to value "/scratch-local/lbeemster.22531703/gurobi_stress_vol1.0_0.4_demand_run1"
Set parameter MemLimit to value 60
Gurobi Optimizer version 12.0.3 build v12.0.3rc0 (linux64 - "Red Hat Enterprise Linux 9.6 (Plow)")

CPU model: AMD EPYC 9654 96-Core Processor, instruction set [SSE2|AVX|AVX2|AVX512]
Thread count: 192 physical cores, 192 logical processors, using up to 48 threads

Non-default parameters:
MemLimit  60
MIPGap  0.02
NodefileStart  1
Cuts  1
Presolve  1
Threads  48

Academic license 2514514 - for non-commercial use only - registered to l.___@student.vu.nl
Optimize a model with 178177 rows, 50626 columns and 1021376 nonzeros
Model fingerprint: 0x35fffb36
Variable types: 40002 continuous, 10624 integer (10624 binary)
Coefficient statistics:
  Matrix range     [1e-06, 1e+05]
  Objective range  [2e+00, 3e+04]
  Bounds range     [1e+00, 1e+00]
  RHS range        [3e-01, 2e+05]
Presolve removed 34049 rows and 14166 columns
Presolve time: 1.67s
Presolved: 144128 rows, 36460 columns, 945973 nonzeros
Variable types: 28012 continuous, 8448 integer (8448 binary)
Found heuristic solution: objective -5.05674e+09

Deterministic concurrent LP optimizer: primal simplex, dual simplex, and barrier
Showing barrier log only...

Root barrier log...

Ordering time: 2.41s

Barrier statistics:
 AA' NZ     : 1.286e+07
 Factor NZ  : 1.434e+07 (roughly 200 MB of memory)
 Factor Ops : 2.150e+09 (less than 1 second per iteration)
 Threads    : 46

                  Objective                Residual
Iter       Primal          Dual         Primal    Dual     Compl     Time
   0  -3.00884750e+12  1.66225601e+14  3.09e+05 3.67e+04  1.75e+10     7s
   1  -1.88093367e+12  1.04793951e+14  1.75e+05 2.84e+05  7.64e+09     7s
   2  -5.44611248e+11  6.97301419e+13  4.78e+04 1.11e+04  2.11e+09     7s
   3  -4.58589002e+10  1.98219798e+13  3.19e+03 1.36e+01  2.01e+08     7s
   4  -1.41051531e+10  5.21036031e+12  4.96e+02 2.48e-07  3.85e+07     7s
   5  -8.73669837e+09  1.36309913e+12  1.05e+02 1.18e-07  8.82e+06     7s
   6  -3.33210901e+09  6.14951485e+11  4.07e+01 4.91e-08  3.67e+06     7s
   7  -1.63383984e+09  3.95950422e+11  2.24e+01 2.55e-08  2.28e+06     7s
   8  -7.22751603e+08  2.00400250e+11  9.56e+00 1.53e-08  1.11e+06     7s
   9  -1.11430629e+08  5.56811219e+10  1.06e+00 6.98e-09  2.86e+05     7s
  10  -1.15525637e+07  1.56047042e+10  1.40e-01 2.21e-08  7.76e+04     7s
  11   4.80441509e+06  7.38530712e+09  1.37e-02 1.47e-08  3.63e+04     7s
  12   8.56739931e+06  1.30645392e+09  4.39e-09 1.22e-09  6.38e+03     8s
  13   1.01859657e+07  4.72533844e+08  2.52e-09 1.40e-09  2.27e+03     8s
  14   1.24123174e+07  1.62340735e+08  2.25e-09 5.57e-10  7.37e+02     8s
  15   1.41519932e+07  9.48520542e+07  2.17e-09 6.98e-10  3.96e+02     8s
  16   1.71156050e+07  7.16386218e+07  1.92e-09 4.66e-10  2.68e+02     8s
  17   2.04069831e+07  3.96118716e+07  2.33e-09 4.66e-10  9.43e+01     8s
  18   2.04152140e+07  3.30363830e+07  2.13e-09 4.66e-10  6.20e+01     8s
  19   2.09264244e+07  2.95302817e+07  2.61e-09 4.66e-10  4.23e+01     8s
  20   2.11734683e+07  2.69687338e+07  2.36e-09 4.66e-10  2.85e+01     8s
  21   2.15452161e+07  2.46484792e+07  2.38e-09 4.66e-10  1.52e+01     8s
  22   2.18009797e+07  2.35708791e+07  2.31e-09 4.66e-10  8.69e+00     8s
  23   2.19687544e+07  2.29586293e+07  3.51e-09 4.66e-10  4.86e+00     8s
  24   2.20738691e+07  2.26464766e+07  7.20e-09 4.66e-10  2.81e+00     8s
  25   2.21287997e+07  2.23460832e+07  1.51e-08 4.66e-10  1.07e+00     8s
  26   2.21750048e+07  2.23044868e+07  3.52e-08 4.66e-10  6.36e-01     8s
  27   2.21930729e+07  2.22696806e+07  5.81e-08 4.66e-10  3.76e-01     8s
  28   2.22112218e+07  2.22573768e+07  7.73e-08 2.33e-10  2.27e-01     8s

Barrier performed 28 iterations in 8.47 seconds (7.26 work units)
Barrier solve interrupted - model solved by another algorithm

Concurrent spin time: 1.90s (can be avoided by choosing Method=3)

Solved with dual simplex

Root relaxation: objective 2.223095e+07, 51807 iterations, 6.23 seconds (4.54 work units)
Total elapsed time = 10.07s (DegenMoves)

    Nodes    |    Current Node    |     Objective Bounds      |     Work
 Expl Unexpl |  Obj  Depth IntInf | Incumbent    BestBd   Gap | It/Node Time

     0     0 2.2231e+07    0  659 -5.057e+09 2.2231e+07   100%     -   11s
H    0     0                    -2.99639e+09 2.2231e+07   101%     -   12s
H    0     0                    -2.97262e+09 2.2231e+07   101%     -   15s
     0     0 2.2050e+07    0  684 -2.973e+09 2.2050e+07   101%     -   18s
     0     0 2.2049e+07    0  780 -2.973e+09 2.2049e+07   101%     -   19s
     0     0 2.2049e+07    0  794 -2.973e+09 2.2049e+07   101%     -   19s
     0     0 2.2041e+07    0  783 -2.973e+09 2.2041e+07   101%     -   22s
     0     0 2.2040e+07    0  826 -2.973e+09 2.2040e+07   101%     -   23s
     0     0 2.2040e+07    0  812 -2.973e+09 2.2040e+07   101%     -   24s
     0     0 2.2014e+07    0  835 -2.973e+09 2.2014e+07   101%     -   29s
H    0     0                    -2.81001e+09 2.2014e+07   101%     -   30s
     0     0 2.2014e+07    0  853 -2.810e+09 2.2014e+07   101%     -   30s
     0     0 2.2014e+07    0  878 -2.810e+09 2.2014e+07   101%     -   31s
     0     0 2.2013e+07    0  897 -2.810e+09 2.2013e+07   101%     -   31s
     0     0 2.2013e+07    0  904 -2.810e+09 2.2013e+07   101%     -   31s
     0     0 2.1993e+07    0  837 -2.810e+09 2.1993e+07   101%     -   36s
H    0     0                    -2.11732e+09 2.1993e+07   101%     -   38s
     0     0 2.1992e+07    0  818 -2.117e+09 2.1992e+07   101%     -   38s
     0     0 2.1991e+07    0  855 -2.117e+09 2.1991e+07   101%     -   39s
     0     0 2.1991e+07    0  876 -2.117e+09 2.1991e+07   101%     -   39s
     0     0 2.1991e+07    0  881 -2.117e+09 2.1991e+07   101%     -   39s
     0     0 2.1991e+07    0  891 -2.117e+09 2.1991e+07   101%     -   40s
     0     0 2.1967e+07    0  749 -2.117e+09 2.1967e+07   101%     -   44s
H    0     0                    -2.08001e+09 2.1967e+07   101%     -   45s
     0     0 2.1967e+07    0  752 -2.080e+09 2.1967e+07   101%     -   46s
     0     0 2.1967e+07    0  760 -2.080e+09 2.1967e+07   101%     -   46s
     0     0 2.1962e+07    0  760 -2.080e+09 2.1962e+07   101%     -   50s
     0     0 2.1961e+07    0  771 -2.080e+09 2.1961e+07   101%     -   51s
     0     0 2.1961e+07    0  772 -2.080e+09 2.1961e+07   101%     -   52s
     0     0 2.1954e+07    0  714 -2.080e+09 2.1954e+07   101%     -   55s
H    0     0                    -2.02319e+09 2.1954e+07   101%     -   56s
     0     0 2.1954e+07    0  742 -2.023e+09 2.1954e+07   101%     -   57s
     0     0 2.1953e+07    0  763 -2.023e+09 2.1953e+07   101%     -   57s
     0     0 2.1951e+07    0  749 -2.023e+09 2.1951e+07   101%     -   60s
     0     0 2.1951e+07    0  770 -2.023e+09 2.1951e+07   101%     -   61s
     0     0 2.1951e+07    0  770 -2.023e+09 2.1951e+07   101%     -   61s
     0     0 2.1950e+07    0  756 -2.023e+09 2.1950e+07   101%     -   64s
H    0     0                    -1.93334e+09 2.1950e+07   101%     -   65s
     0     0 2.1950e+07    0  762 -1.933e+09 2.1950e+07   101%     -   66s
     0     0 2.1950e+07    0  753 -1.933e+09 2.1950e+07   101%     -   69s
     0     0 2.1950e+07    0  770 -1.933e+09 2.1950e+07   101%     -   70s
     0     0 2.1950e+07    0  780 -1.933e+09 2.1950e+07   101%     -   71s
     0     0 2.1950e+07    0  768 -1.933e+09 2.1950e+07   101%     -   72s
     0     0 2.1950e+07    0  768 -1.933e+09 2.1950e+07   101%     -   80s
H    0     0                    -9.50168e+08 2.1950e+07   102%     -   84s
H    0     0                    -9.41256e+08 2.1950e+07   102%     -  100s
H    0     0                    -9.40586e+08 2.1950e+07   102%     -  103s
H    0     0                    -9.10069e+08 2.1950e+07   102%     -  105s
H    0     0                    -9.04524e+08 2.1950e+07   102%     -  108s
H    0     0                    -8.40999e+08 2.1950e+07   103%     -  111s
H    0     0                    -8.01024e+08 2.1950e+07   103%     -  113s
H    0     0                    -7.61049e+08 2.1950e+07   103%     -  117s
H    0     0                    -7.61048e+08 2.1950e+07   103%     -  119s
H    0     0                    -7.61048e+08 2.1950e+07   103%     -  120s
H    0     0                    -7.61048e+08 2.1950e+07   103%     -  120s
H    0     0                    -7.61047e+08 2.1950e+07   103%     -  120s
H    0     0                    -7.61047e+08 2.1950e+07   103%     -  120s
H    0     0                    -7.61047e+08 2.1950e+07   103%     -  120s
H    0     0                    -7.61047e+08 2.1950e+07   103%     -  120s
H    0     0                    -7.61047e+08 2.1950e+07   103%     -  121s
H    0     0                    -7.41803e+08 2.1950e+07   103%     -  124s
     0     2 2.1950e+07    0  768 -7.418e+08 2.1950e+07   103%     -  125s
H   43    64                    -7.41803e+08 2.1950e+07   103%   389  129s
H   54    64                    -7.41784e+08 2.1950e+07   103%   381  129s
    63   112 2.1948e+07    6  764 -7.418e+08 2.1950e+07   103%   401  130s
H  121   160                    -7.41784e+08 2.1950e+07   103%   291  132s
H  129   160                    -7.41784e+08 2.1950e+07   103%   276  132s
H  144   160                    -7.41784e+08 2.1950e+07   103%   256  132s
   401   574 2.1948e+07    9  755 -7.418e+08 2.1950e+07   103%   158  135s
   857  1237 2.1947e+07   16  745 -7.418e+08 2.1950e+07   103%   123  142s
  1236  1645 2.1946e+07   24  715 -7.418e+08 2.1950e+07   103%   104  145s
H 1285  1645                    -6.80064e+08 2.1950e+07   103%   104  145s
H 2141  2190                    -6.80063e+08 2.1950e+07   103%  82.9  159s
H 2189  2688                    -6.80025e+08 2.1950e+07   103%  81.9  162s
  3163  3633 2.1941e+07   51  642 -6.800e+08 2.1950e+07   103%  74.4  166s
  3632  3777 2.1939e+07   56  623 -6.800e+08 2.1950e+07   103%  71.8  170s
H 3709  3777                    -6.34495e+08 2.1950e+07   103%  71.8  170s
  4208  4390 2.1939e+07   69  596 -6.345e+08 2.1950e+07   103%  69.6  176s
H 4305  4390                    -5.33202e+08 2.1950e+07   104%  69.1  176s
  5118  5983 2.1936e+07   90  582 -5.332e+08 2.1950e+07   104%  67.3  180s
  5982  6031 2.1931e+07   98  587 -5.332e+08 2.1950e+07   104%  64.2  186s
H 6031  6278                    -2.96392e+08 2.1950e+07   107%  64.1  188s
H 6036  6278                    -2.15924e+08 2.1950e+07   110%  64.1  188s
H 6054  6278                    -2.14476e+08 2.1950e+07   110%  64.0  188s
H 6058  6278                    -2.01830e+08 2.1950e+07   111%  64.1  188s
H 6062  6278                    -1.80788e+08 2.1950e+07   112%  64.1  188s
  6277  7124 2.1930e+07   99  587 -1.808e+08 2.1950e+07   112%  63.3  190s
H 7180  7544                    -1.42308e+08 2.1950e+07   115%  60.8  193s
H 7417  7544                    -1.28467e+08 2.1950e+07   117%  60.0  193s
  7543  8349 2.1934e+07  122  572 -1.285e+08 2.1950e+07   117%  59.7  195s
  8396  8445 2.1933e+07  131  566 -1.285e+08 2.1950e+07   117%  57.9  210s
  8444  8493 2.1933e+07  132  565 -1.285e+08 2.1950e+07   117%  57.9  219s
H 8492  8541                    -1.27144e+08 2.1950e+07   117%  57.9  229s
H 8493  8541                    -1.20466e+08 2.1950e+07   118%  57.9  229s
H 8496  8541                    -1.20131e+08 2.1950e+07   118%  57.9  229s
H 8498  8541                    -1.17048e+08 2.1950e+07   119%  57.9  229s
H 8500  8541                    -1.04149e+08 2.1950e+07   121%  57.9  229s
H 8515  8541                    -9.41129e+07 2.1950e+07   123%  57.8  229s
H 8527  8541                    -9.41071e+07 2.1950e+07   123%  57.8  229s
  8540  8589 2.1933e+07  134  565 -9.411e+07 2.1950e+07   123%  57.8  232s
H 8588  8637                    -4.21336e+07 2.1950e+07   152%  57.8  239s
  8636  9343 2.1932e+07  135  566 -4.213e+07 2.1950e+07   152%  57.7  241s
 10118 10215 2.1926e+07  151  544 -4.213e+07 2.1950e+07   152%  55.9  246s
H10130 10215                    -2.40797e+07 2.1950e+07   191%  55.9  246s
H10131  9705                    2143832.0174 2.1950e+07   924%  55.9  247s
H10152  9705                    2144327.1025 2.1950e+07   924%  55.8  247s
 11051 11322 2.1929e+07  159  541 2144327.10 2.1950e+07   924%  54.8  251s
H11902 11802                    2155423.5430 2.1950e+07   918%  53.5  254s
 12384 12769 2.1929e+07  174  526 2155423.54 2.1950e+07   918%  53.3  256s
 14519 15100 2.1923e+07  205  508 2155423.54 2.1950e+07   918%  50.7  260s
Created node file directory '/scratch-local/lbeemster.22531703/gurobi_stress_vol1.0_0.4_demand_run1/grbnodes0'
 16751 17346 2.1919e+07  230  502 2155423.54 2.1950e+07   918%  48.5  268s
*17948 17279             541    3463276.7255 2.1950e+07   534%  47.3  268s
H18011 17157                    3463362.4400 2.1950e+07   534%  47.3  298s
H18011 17156                    3469757.3461 2.1950e+07   533%  47.3  300s
H18011 17154                    3477842.2897 2.1950e+07   531%  47.3  303s
H18011 16907                    4897020.9471 2.1950e+07   348%  47.3  304s
H18011 16907                    4905097.6068 2.1950e+07   347%  47.3  305s
H18011 16907                    4905190.6550 2.1950e+07   347%  47.3  306s
H18011 16907                    4911109.9357 2.1950e+07   347%  47.3  307s
H18011 16907                    4940390.2568 2.1950e+07   344%  47.3  309s
H18011 15406                    2.180178e+07 2.1950e+07  0.68%  47.3  310s

Cutting planes:
  Gomory: 13
  Implied bound: 4953
  MIR: 961
  Flow cover: 1595
  RLT: 3
  Relax-and-lift: 81

Explored 18011 nodes (960305 simplex iterations) in 326.69 seconds (370.08 work units)
Thread count was 48 (of 192 available processors)

Solution count 10: 2.18018e+07 2.18018e+07 4.94039e+06 ... 3.46336e+06

Optimal solution found (tolerance 2.00e-02)
Best objective 2.180177873907e+07, best bound 2.194969817816e+07, gap 0.6785%
Deleted nodefile directory: /scratch-local/lbeemster.22531703/gurobi_stress_vol1.0_0.4_demand_run1
Saved model snapshot to study_case_model/figures/volatility_stress/vol1.0_0.4_demand/sub70.0/run1/model_snapshot.pkl
  Objective: 21801778.74
  Avg H2 production: 2.078665707329006
  Scenario obj std: 763652.6706812487
  CVaR 5%: 20756391.768592842
  Worst scenario: 20270002.57373813

============================================================
Volatility multiplier: 2.0x
============================================================
Read LP format model from file /scratch-local/lbeemster.22531703/tmpqlog1of1.pyomo.lp
Reading time = 0.99 seconds
x1: 178177 rows, 50626 columns, 1021376 nonzeros
Set parameter OutputFlag to value 1
Set parameter MIPGap to value 0.02
Set parameter Threads to value 48
Set parameter Presolve to value 1
Set parameter Cuts to value 1
Set parameter NodefileStart to value 1
Set parameter NodefileDir to value "/scratch-local/lbeemster.22531703/gurobi_stress_vol2.0_0.4_demand_run1"
Set parameter MemLimit to value 60
Gurobi Optimizer version 12.0.3 build v12.0.3rc0 (linux64 - "Red Hat Enterprise Linux 9.6 (Plow)")

CPU model: AMD EPYC 9654 96-Core Processor, instruction set [SSE2|AVX|AVX2|AVX512]
Thread count: 192 physical cores, 192 logical processors, using up to 48 threads

Non-default parameters:
MemLimit  60
MIPGap  0.02
NodefileStart  1
Cuts  1
Presolve  1
Threads  48

Academic license 2514514 - for non-commercial use only - registered to l.___@student.vu.nl
Optimize a model with 178177 rows, 50626 columns and 1021376 nonzeros
Model fingerprint: 0xbc82db4e
Variable types: 40002 continuous, 10624 integer (10624 binary)
Coefficient statistics:
  Matrix range     [1e-06, 1e+05]
  Objective range  [2e+00, 3e+04]
  Bounds range     [1e+00, 1e+00]
  RHS range        [3e-01, 2e+05]
Presolve removed 34049 rows and 14166 columns
Presolve time: 1.76s
Presolved: 144128 rows, 36460 columns, 945973 nonzeros
Variable types: 28012 continuous, 8448 integer (8448 binary)
Found heuristic solution: objective -5.20187e+09

Deterministic concurrent LP optimizer: primal simplex, dual simplex, and barrier
Showing barrier log only...

Root barrier log...

Ordering time: 2.41s

Barrier statistics:
 AA' NZ     : 1.286e+07
 Factor NZ  : 1.434e+07 (roughly 200 MB of memory)
 Factor Ops : 2.150e+09 (less than 1 second per iteration)
 Threads    : 46

                  Objective                Residual
Iter       Primal          Dual         Primal    Dual     Compl     Time
   0  -3.00872701e+12  1.66224538e+14  3.09e+05 3.67e+04  1.75e+10     7s
   1  -1.88082304e+12  1.04792555e+14  1.75e+05 2.84e+05  7.64e+09     7s
   2  -5.44444008e+11  6.97282225e+13  4.78e+04 1.11e+04  2.11e+09     7s
   3  -4.59056834e+10  1.98231716e+13  3.19e+03 1.37e+01  2.01e+08     7s
   4  -1.45645885e+10  5.21417547e+12  5.19e+02 1.59e-07  3.91e+07     7s
   5  -9.20417637e+09  1.40294040e+12  1.21e+02 8.50e-08  9.35e+06     7s
   6  -3.36092606e+09  5.80846112e+11  4.22e+01 3.98e-08  3.52e+06     7s
   7  -1.60444828e+09  3.64542711e+11  2.41e+01 2.12e-08  2.14e+06     7s
   8  -7.03229970e+08  1.89568563e+11  9.44e+00 1.46e-08  1.06e+06     7s
   9  -1.31376457e+08  6.69392072e+10  1.31e+00 1.28e-08  3.44e+05     7s
  10  -6.50721566e+06  1.73342903e+10  9.39e-02 4.45e-08  8.58e+04     7s
  11   5.98951840e+06  6.24929759e+09  1.26e-02 1.19e-08  3.07e+04     8s
  12   8.89029951e+06  1.28920665e+09  3.83e-09 1.39e-09  6.29e+03     8s
  13   1.04836759e+07  4.40120270e+08  3.36e-09 1.16e-09  2.11e+03     8s
  14   1.28095051e+07  1.97316977e+08  3.05e-09 6.98e-10  9.07e+02     8s
  15   1.42830489e+07  1.42682556e+08  2.36e-09 4.66e-10  6.31e+02     8s
  16   1.69427615e+07  8.83418411e+07  2.80e-09 4.66e-10  3.51e+02     8s
  17   2.13088030e+07  5.39277407e+07  1.95e-09 4.66e-10  1.60e+02     8s
  18   2.21183659e+07  4.43340671e+07  1.82e-09 4.66e-10  1.09e+02     8s
  19   2.24813603e+07  3.71989724e+07  1.92e-09 4.66e-10  7.23e+01     8s
  20   2.29084387e+07  3.33136962e+07  1.83e-09 4.66e-10  5.11e+01     8s
  21   2.31907562e+07  3.01834049e+07  1.66e-09 2.33e-10  3.44e+01     8s
  22   2.34961153e+07  2.69240534e+07  1.81e-09 4.66e-10  1.68e+01     8s
  23   2.36998036e+07  2.55013417e+07  1.72e-09 2.33e-10  8.85e+00     8s
  24   2.39289512e+07  2.48190026e+07  9.54e-09 4.66e-10  4.37e+00     8s
  25   2.40156073e+07  2.43744746e+07  1.21e-08 4.66e-10  1.76e+00     8s
  26   2.40564522e+07  2.42543082e+07  1.95e-08 4.66e-10  9.72e-01     8s

Barrier performed 26 iterations in 8.41 seconds (7.11 work units)
Barrier solve interrupted - model solved by another algorithm

Concurrent spin time: 2.12s (can be avoided by choosing Method=3)

Solved with primal simplex

Root relaxation: objective 2.413349e+07, 37965 iterations, 5.46 seconds (4.36 work units)
Total elapsed time = 10.05s (DegenMoves)

    Nodes    |    Current Node    |     Objective Bounds      |     Work
 Expl Unexpl |  Obj  Depth IntInf | Incumbent    BestBd   Gap | It/Node Time

     0     0 2.4133e+07    0  584 -5.202e+09 2.4133e+07   100%     -   10s
H    0     0                    -2.97992e+09 2.4133e+07   101%     -   11s
     0     0 2.3911e+07    0  645 -2.980e+09 2.3911e+07   101%     -   14s
H    0     0                    -2.52722e+09 2.3911e+07   101%     -   16s
     0     0 2.3911e+07    0  758 -2.527e+09 2.3911e+07   101%     -   16s
     0     0 2.3911e+07    0  754 -2.527e+09 2.3911e+07   101%     -   16s
     0     0 2.3886e+07    0  820 -2.527e+09 2.3886e+07   101%     -   19s
     0     0 2.3879e+07    0  885 -2.527e+09 2.3879e+07   101%     -   20s
     0     0 2.3879e+07    0  894 -2.527e+09 2.3879e+07   101%     -   20s
     0     0 2.3878e+07    0  890 -2.527e+09 2.3878e+07   101%     -   20s
     0     0 2.3878e+07    0  894 -2.527e+09 2.3878e+07   101%     -   20s
     0     0 2.3822e+07    0  851 -2.527e+09 2.3822e+07   101%     -   25s
     0     0 2.3793e+07    0  885 -2.527e+09 2.3793e+07   101%     -   26s
     0     0 2.3793e+07    0  952 -2.527e+09 2.3793e+07   101%     -   27s
     0     0 2.3793e+07    0  959 -2.527e+09 2.3793e+07   101%     -   27s
     0     0 2.3793e+07    0  961 -2.527e+09 2.3793e+07   101%     -   27s
     0     0 2.3775e+07    0  855 -2.527e+09 2.3775e+07   101%     -   32s
H    0     0                    -2.52707e+09 2.3775e+07   101%     -   33s
H    0     0                    -2.38428e+09 2.3775e+07   101%     -   43s
     0     0 2.3736e+07    0  883 -2.384e+09 2.3736e+07   101%     -   44s
     0     0 2.3736e+07    0  920 -2.384e+09 2.3736e+07   101%     -   45s
     0     0 2.3736e+07    0  922 -2.384e+09 2.3736e+07   101%     -   45s
     0     0 2.3685e+07    0  779 -2.384e+09 2.3685e+07   101%     -   49s
H    0     0                    -1.81247e+09 2.3685e+07   101%     -   51s
     0     0 2.3683e+07    0  796 -1.812e+09 2.3683e+07   101%     -   51s
     0     0 2.3682e+07    0  783 -1.812e+09 2.3682e+07   101%     -   52s
     0     0 2.3682e+07    0  797 -1.812e+09 2.3682e+07   101%     -   52s
     0     0 2.3673e+07    0  747 -1.812e+09 2.3673e+07   101%     -   55s
H    0     0                    -1.35135e+09 2.3673e+07   102%     -   56s
     0     0 2.3673e+07    0  771 -1.351e+09 2.3673e+07   102%     -   57s
     0     0 2.3673e+07    0  776 -1.351e+09 2.3673e+07   102%     -   57s
     0     0 2.3673e+07    0  797 -1.351e+09 2.3673e+07   102%     -   57s
     0     0 2.3673e+07    0  795 -1.351e+09 2.3673e+07   102%     -   58s
     0     0 2.3670e+07    0  757 -1.351e+09 2.3670e+07   102%     -   61s
H    0     0                    -1.28964e+09 2.3670e+07   102%     -   62s
     0     0 2.3670e+07    0  757 -1.290e+09 2.3670e+07   102%     -   62s
     0     0 2.3669e+07    0  788 -1.290e+09 2.3669e+07   102%     -   63s
     0     0 2.3665e+07    0  763 -1.290e+09 2.3665e+07   102%     -   65s
H    0     0                    -1.17057e+09 2.3665e+07   102%     -   67s
     0     0 2.3665e+07    0  777 -1.171e+09 2.3665e+07   102%     -   67s
     0     0 2.3665e+07    0  781 -1.171e+09 2.3665e+07   102%     -   67s
     0     0 2.3665e+07    0  740 -1.171e+09 2.3665e+07   102%     -   70s
H    0     0                    -1.16687e+09 2.3665e+07   102%     -   71s
     0     0 2.3665e+07    0  752 -1.167e+09 2.3665e+07   102%     -   72s
     0     0 2.3665e+07    0  731 -1.167e+09 2.3665e+07   102%     -   74s
     0     0 2.3665e+07    0  729 -1.167e+09 2.3665e+07   102%     -   82s
H    0     0                    -6.42972e+08 2.3665e+07   104%     -   85s
H    0     0                    -6.34462e+08 2.3665e+07   104%     -   94s
H    0     0                    -6.17761e+08 2.3665e+07   104%     -   95s
H    0     0                    -6.17758e+08 2.3665e+07   104%     -  100s
H    0     0                    -6.17757e+08 2.3665e+07   104%     -  100s
H    0     0                    -6.17756e+08 2.3665e+07   104%     -  100s
     0     2 2.3665e+07    0  729 -6.178e+08 2.3665e+07   104%     -  102s
    31    64 2.3660e+07    5  749 -6.178e+08 2.3664e+07   104%   249  106s
H   63   112                    -6.17311e+08 2.3664e+07   104%   162  107s
H   65   112                    -6.06319e+08 2.3664e+07   104%   161  107s
H   66   112                    -6.06319e+08 2.3664e+07   104%   160  107s
H   72   112                    -6.06316e+08 2.3664e+07   104%   151  107s
   429   519 2.3656e+07   15  731 -6.063e+08 2.3664e+07   104%  84.4  110s
   940   989 2.3654e+07   23  715 -6.063e+08 2.3664e+07   104%  76.9  115s
H  988  1037                    -1.74242e+08 2.3664e+07   114%  77.4  120s
H  991  1037                    -1.00911e+08 2.3664e+07   123%  77.4  120s
H  996  1037                    -3.00542e+07 2.3664e+07   179%  77.8  120s
H 1020  1037                    -1.70161e+07 2.3664e+07   239%  77.7  120s
  1119  1168 2.3650e+07   27  719 -1.702e+07 2.3664e+07   239%  79.8  125s
H 1181  1228                    -1.70096e+07 2.3664e+07   239%  81.5  127s
H 1216  1228                    -1.52872e+07 2.3664e+07   255%  81.4  127s
  1518  1629 2.3648e+07   35  717 -1.529e+07 2.3664e+07   255%  80.2  130s
  1993  2090 2.3648e+07   42  716 -1.529e+07 2.3664e+07   255%  77.5  137s
H 1994  2090                    -1.52344e+07 2.3664e+07   255%  77.5  137s
H 2000  2090                    -1.52330e+07 2.3664e+07   255%  77.6  137s
H 2006  2090                    -1.52277e+07 2.3664e+07   255%  77.4  137s
H 2028  2090                    -1.52259e+07 2.3664e+07   255%  77.6  137s
H 2054  2090                    -1.34200e+07 2.3664e+07   276%  77.5  137s
H 2060  2090                    -4019587.857 2.3664e+07   689%  77.5  137s
H 2086  2090                    -3998580.439 2.3664e+07   692%  77.4  137s
  2396  2544 2.3642e+07   49  702 -3998580.4 2.3664e+07   692%  79.2  141s
Created node file directory '/scratch-local/lbeemster.22531703/gurobi_stress_vol2.0_0.4_demand_run1/grbnodes0'
  3115  3059 2.3640e+07   63  700 -3998580.4 2.3664e+07   692%  74.3  147s
H 3203  3220                    -2210936.068 2.3664e+07  1170%  74.0  149s
  3338  3439 2.3639e+07   69  700 -2210936.1 2.3664e+07  1170%  73.2  150s
  4048  4181 2.3637e+07   76  704 -2210936.1 2.3664e+07  1170%  70.8  155s
H 4332  4243                    -2210931.790 2.3664e+07  1170%  69.4  158s
H 4342  4243                    -2210930.731 2.3664e+07  1170%  69.4  158s
H 4379  4291                    -2210926.566 2.3664e+07  1170%  69.2  162s
  4681  4844 2.3633e+07   83  697 -2210926.6 2.3664e+07  1170%  69.7  165s
  5294  5206 2.3631e+07   95  695 -2210926.6 2.3664e+07  1170%  68.3  172s
H 5342  5254                    -2150882.390 2.3664e+07  1200%  68.1  181s
H 5343  5254                    -2145496.554 2.3664e+07  1203%  68.2  181s
H 5345  5254                    -2143581.832 2.3664e+07  1204%  68.1  181s
H 5354  5254                    -2141661.135 2.3664e+07  1205%  68.1  181s
H 5380  4805                    1.086372e+07 2.3664e+07   118%  68.1  181s
  5700  5346 2.3628e+07  101  669 1.0864e+07 2.3664e+07   118%  70.4  185s
H 6080  5442                    1.086914e+07 2.3664e+07   118%  70.0  204s
H 6090  5442                    1.086915e+07 2.3664e+07   118%  69.9  204s
  6128  5816 2.3627e+07  108  664 1.0869e+07 2.3664e+07   118%  70.1  205s
  6502  6056 2.3626e+07  115  667 1.0869e+07 2.3664e+07   118%  69.4  210s
H 6742  6432                    1.720028e+07 2.3664e+07  37.6%  69.4  212s
H 6751  6427                    1.985791e+07 2.3664e+07  19.2%  69.4  212s
H 6810  6427                    1.987430e+07 2.3664e+07  19.1%  69.2  212s
  7123  6797 2.3623e+07  125  647 1.9874e+07 2.3664e+07  19.1%  68.9  215s
  8030  7588 2.3618e+07  134  637 1.9874e+07 2.3664e+07  19.1%  67.2  222s
H 8046  7588                    1.988575e+07 2.3664e+07  19.0%  67.3  222s
H 8326  7588                    1.988654e+07 2.3664e+07  19.0%  66.5  229s
  8327  7589 2.3629e+07   96  729 1.9887e+07 2.3664e+07  19.0%  66.5  246s
H 8328  7210                    1.989213e+07 2.3664e+07  19.0%  66.5  309s
  8330  7211 2.3646e+07   39  452 1.9892e+07 2.3646e+07  18.9%  66.4  317s
H 8330  6850                    1.989536e+07 2.3629e+07  18.8%  66.4  319s
  8331  6851 2.2724e+07  164  487 1.9895e+07 2.3629e+07  18.8%  66.4  321s
  8333  6852 2.3621e+07   18  493 1.9895e+07 2.3621e+07  18.7%  66.4  326s
H 8337  6512                    1.991199e+07 2.3621e+07  18.6%  66.4  379s
H 8337  6187                    1.991769e+07 2.3621e+07  18.6%  66.4  379s
H 8337  5877                    1.992011e+07 2.3621e+07  18.6%  66.4  379s
H 8337  5583                    1.992057e+07 2.3621e+07  18.6%  66.4  379s
H 8337  5304                    1.992193e+07 2.3621e+07  18.6%  66.4  379s
H 8338  5038                    2.343390e+07 2.3619e+07  0.79%  66.4  382s

Cutting planes:
  Gomory: 19
  Cover: 2
  Implied bound: 438
  MIR: 573
  Flow cover: 716
  RLT: 3
  Relax-and-lift: 577

Explored 8338 nodes (705857 simplex iterations) in 383.08 seconds (429.24 work units)
Thread count was 48 (of 192 available processors)

Solution count 10: 2.34339e+07 2.34339e+07 1.99219e+07 ... 1.98865e+07

Optimal solution found (tolerance 2.00e-02)
Best objective 2.343390287110e+07, best bound 2.361923449218e+07, gap 0.7909%
Deleted nodefile directory: /scratch-local/lbeemster.22531703/gurobi_stress_vol2.0_0.4_demand_run1
Saved model snapshot to study_case_model/figures/volatility_stress/vol2.0_0.4_demand/sub70.0/run1/model_snapshot.pkl
  Objective: 23433902.87
  Avg H2 production: 1.8062922866537756
  Scenario obj std: 1630694.7781555348
  CVaR 5%: 21956088.468240764
  Worst scenario: 21836401.206158813

============================================================
Volatility multiplier: 4.0x
============================================================
Read LP format model from file /scratch-local/lbeemster.22531703/tmp2mcehf1d.pyomo.lp
Reading time = 0.91 seconds
x1: 178177 rows, 50626 columns, 1021376 nonzeros
Set parameter OutputFlag to value 1
Set parameter MIPGap to value 0.02
Set parameter Threads to value 48
Set parameter Presolve to value 1
Set parameter Cuts to value 1
Set parameter NodefileStart to value 1
Set parameter NodefileDir to value "/scratch-local/lbeemster.22531703/gurobi_stress_vol4.0_0.4_demand_run1"
Set parameter MemLimit to value 60
Gurobi Optimizer version 12.0.3 build v12.0.3rc0 (linux64 - "Red Hat Enterprise Linux 9.6 (Plow)")

CPU model: AMD EPYC 9654 96-Core Processor, instruction set [SSE2|AVX|AVX2|AVX512]
Thread count: 192 physical cores, 192 logical processors, using up to 48 threads

Non-default parameters:
MemLimit  60
MIPGap  0.02
NodefileStart  1
Cuts  1
Presolve  1
Threads  48

Academic license 2514514 - for non-commercial use only - registered to l.___@student.vu.nl
Optimize a model with 178177 rows, 50626 columns and 1021376 nonzeros
Model fingerprint: 0x3d6a5631
Variable types: 40002 continuous, 10624 integer (10624 binary)
Coefficient statistics:
  Matrix range     [1e-06, 1e+05]
  Objective range  [2e+00, 3e+04]
  Bounds range     [1e+00, 1e+00]
  RHS range        [3e-01, 2e+05]
Presolve removed 85845 rows and 27230 columns
Presolve time: 1.52s
Presolved: 92332 rows, 23396 columns, 606571 nonzeros
Variable types: 17984 continuous, 5412 integer (5412 binary)
Found heuristic solution: objective -5.20982e+09

Deterministic concurrent LP optimizer: primal simplex, dual simplex, and barrier
Showing barrier log only...

Root barrier log...

Ordering time: 0.36s

Barrier statistics:
 Dense cols : 123
 AA' NZ     : 7.301e+06
 Factor NZ  : 8.556e+06 (roughly 120 MB of memory)
 Factor Ops : 1.087e+09 (less than 1 second per iteration)
 Threads    : 46

                  Objective                Residual
Iter       Primal          Dual         Primal    Dual     Compl     Time
   0  -2.89363242e+12  3.15771028e+14  2.97e+05 1.10e+05  5.05e+10     4s
   1  -1.81279173e+12  1.96189068e+14  1.68e+05 8.53e+05  2.20e+10     4s
   2  -5.18553854e+11  1.22743838e+14  4.52e+04 2.80e+04  6.06e+09     4s
   3  -3.93302851e+10  3.16815740e+13  2.44e+03 8.88e+01  4.84e+08     4s
   4  -1.79429519e+10  7.67773129e+12  5.76e+02 2.20e-06  1.03e+08     4s
   5  -1.14866448e+10  2.50856337e+12  1.19e+02 5.02e-07  2.66e+07     4s
   6  -7.35586364e+09  1.07458065e+12  4.31e+01 1.81e-07  1.03e+07     4s
   7  -3.70715597e+09  6.97841344e+11  2.75e+01 1.04e-07  6.58e+06     4s
   8  -1.81341291e+09  3.53265496e+11  1.59e+01 5.68e-08  3.35e+06     4s
   9  -9.33436137e+08  1.76404200e+11  8.35e+00 3.28e-08  1.66e+06     4s
  10  -2.30157266e+08  8.37769771e+10  1.06e+00 1.50e-08  6.77e+05     4s
  11  -2.34175485e+07  2.39294179e+10  1.58e-01 1.80e-08  1.86e+05     4s
  12   1.20458966e+07  2.91699068e+09  2.79e-03 1.47e-08  2.23e+04     4s
  13   1.42462727e+07  8.45308852e+08  4.43e-09 3.49e-09  6.37e+03     5s
  14   1.59499849e+07  2.60308912e+08  3.69e-09 1.40e-09  1.87e+03     5s
  15   1.79800579e+07  1.48925923e+08  2.97e-09 9.31e-10  1.00e+03     5s
  16   2.14082110e+07  9.83179688e+07  2.16e-09 9.31e-10  5.89e+02     5s
  17   2.29356558e+07  6.67659404e+07  1.85e-09 4.66e-10  3.36e+02     5s
  18   2.51060022e+07  5.12207014e+07  3.03e-09 9.31e-10  2.00e+02     5s
  19   2.60715173e+07  3.69075792e+07  2.64e-09 9.31e-10  8.30e+01     5s
  20   2.66303601e+07  3.26700056e+07  2.09e-09 9.31e-10  4.63e+01     5s
  21   2.70567432e+07  3.10962292e+07  1.65e-09 9.31e-10  3.10e+01     5s
  22   2.74683971e+07  2.96407918e+07  3.77e-09 4.66e-10  1.66e+01     5s
  23   2.77168738e+07  2.89297356e+07  6.66e-09 4.66e-10  9.29e+00     5s
  24   2.78537159e+07  2.84247325e+07  3.51e-08 9.31e-10  4.38e+00     5s
  25   2.79196602e+07  2.82695460e+07  2.95e-08 9.31e-10  2.68e+00     5s
  26   2.79728689e+07  2.81676242e+07  5.23e-08 9.31e-10  1.49e+00     5s
  27   2.80176769e+07  2.81283733e+07  7.27e-08 9.31e-10  8.48e-01     5s
  28   2.80415796e+07  2.80923857e+07  2.70e-07 9.31e-10  3.89e-01     6s
  29   2.80496047e+07  2.80809121e+07  1.77e-07 4.66e-10  2.40e-01     6s
  30   2.80573195e+07  2.80738689e+07  8.84e-08 9.31e-10  1.27e-01     6s

Barrier performed 30 iterations in 5.67 seconds (5.22 work units)
Barrier solve interrupted - model solved by another algorithm

Concurrent spin time: 1.20s (can be avoided by choosing Method=3)

Solved with dual simplex

Root relaxation: objective 2.806456e+07, 35082 iterations, 3.78 seconds (2.67 work units)

    Nodes    |    Current Node    |     Objective Bounds      |     Work
 Expl Unexpl |  Obj  Depth IntInf | Incumbent    BestBd   Gap | It/Node Time

     0     0 2.8065e+07    0  360 -5.210e+09 2.8065e+07   101%     -    6s
H    0     0                    -4.03418e+09 2.8065e+07   101%     -    7s
H    0     0                    -3.99253e+09 2.8065e+07   101%     -   10s
H    0     0                    -3.96115e+09 2.8065e+07   101%     -   10s
     0     0 2.7800e+07    0  424 -3.961e+09 2.7800e+07   101%     -   11s
H    0     0                    -3.91247e+09 2.7800e+07   101%     -   12s
     0     0 2.7800e+07    0  461 -3.912e+09 2.7800e+07   101%     -   13s
H    0     0                    -3.83944e+09 2.7800e+07   101%     -   13s
     0     0 2.7800e+07    0  466 -3.839e+09 2.7800e+07   101%     -   13s
H    0     0                    -3.83274e+09 2.7726e+07   101%     -   15s
     0     0 2.7726e+07    0  536 -3.833e+09 2.7726e+07   101%     -   15s
     0     0 2.7725e+07    0  566 -3.833e+09 2.7725e+07   101%     -   15s
     0     0 2.7725e+07    0  589 -3.833e+09 2.7725e+07   101%     -   15s
H    0     0                    -3.49359e+09 2.7575e+07   101%     -   18s
H    0     0                    -3.49357e+09 2.7575e+07   101%     -   18s
H    0     0                    -3.49356e+09 2.7575e+07   101%     -   18s
H    0     0                    -3.49167e+09 2.7575e+07   101%     -   18s
H    0     0                    -3.47591e+09 2.7575e+07   101%     -   18s
H    0     0                    -3.47590e+09 2.7575e+07   101%     -   18s
     0     0 2.7575e+07    0  512 -3.476e+09 2.7575e+07   101%     -   18s
H    0     0                    -3.20105e+09 2.7575e+07   101%     -   19s
H    0     0                    -2.07898e+09 2.7548e+07   101%     -   19s
     0     0 2.7548e+07    0  519 -2.079e+09 2.7548e+07   101%     -   19s
     0     0 2.7548e+07    0  532 -2.079e+09 2.7548e+07   101%     -   19s
     0     0 2.7548e+07    0  536 -2.079e+09 2.7548e+07   101%     -   19s
     0     0 2.7432e+07    0  532 -2.079e+09 2.7432e+07   101%     -   22s
     0     0 2.7412e+07    0  561 -2.079e+09 2.7412e+07   101%     -   23s
     0     0 2.7411e+07    0  568 -2.079e+09 2.7411e+07   101%     -   23s
     0     0 2.7411e+07    0  581 -2.079e+09 2.7411e+07   101%     -   23s
     0     0 2.7411e+07    0  583 -2.079e+09 2.7411e+07   101%     -   23s
     0     0 2.7411e+07    0  584 -2.079e+09 2.7411e+07   101%     -   24s
     0     0 2.7304e+07    0  454 -2.079e+09 2.7304e+07   101%     -   26s
H    0     0                    -2.07361e+09 2.7304e+07   101%     -   27s
     0     0 2.7302e+07    0  454 -2.074e+09 2.7302e+07   101%     -   27s
     0     0 2.7301e+07    0  466 -2.074e+09 2.7301e+07   101%     -   27s
     0     0 2.7301e+07    0  467 -2.074e+09 2.7301e+07   101%     -   28s
H    0     0                    -1.80532e+09 2.7301e+07   102%     -   29s
     0     0 2.7281e+07    0  420 -1.805e+09 2.7281e+07   102%     -   29s
     0     0 2.7280e+07    0  428 -1.805e+09 2.7280e+07   102%     -   30s
     0     0 2.7279e+07    0  442 -1.805e+09 2.7279e+07   102%     -   31s
     0     0 2.7279e+07    0  444 -1.805e+09 2.7279e+07   102%     -   31s
H    0     0                    -1.72291e+09 2.7279e+07   102%     -   32s
     0     0 2.7267e+07    0  408 -1.723e+09 2.7267e+07   102%     -   32s
H    0     0                    -1.46254e+09 2.7267e+07   102%     -   33s
     0     0 2.7266e+07    0  422 -1.463e+09 2.7266e+07   102%     -   33s
     0     0 2.7266e+07    0  424 -1.463e+09 2.7266e+07   102%     -   33s
     0     0 2.7262e+07    0  408 -1.463e+09 2.7262e+07   102%     -   35s
     0     0 2.7261e+07    0  421 -1.463e+09 2.7261e+07   102%     -   36s
     0     0 2.7261e+07    0  422 -1.463e+09 2.7261e+07   102%     -   36s
     0     0 2.7260e+07    0  417 -1.463e+09 2.7260e+07   102%     -   38s
H    0     0                    -9.99175e+08 2.7259e+07   103%     -   38s
     0     0 2.7259e+07    0  430 -9.992e+08 2.7259e+07   103%     -   39s
     0     0 2.7259e+07    0  427 -9.992e+08 2.7259e+07   103%     -   39s
     0     0 2.7259e+07    0  424 -9.992e+08 2.7259e+07   103%     -   39s
     0     0 2.7259e+07    0  423 -9.992e+08 2.7259e+07   103%     -   41s
     0     0 2.7259e+07    0  420 -9.992e+08 2.7259e+07   103%     -   45s
H    0     0                    -9.83996e+08 2.7259e+07   103%     -   47s
H    0     0                    -9.72213e+08 2.7259e+07   103%     -   48s
H    0     0                    -6.57781e+08 2.7259e+07   104%     -   49s
H    0     0                    -5.88732e+08 2.7259e+07   105%     -   51s
H    0     0                    -5.48036e+08 2.7259e+07   105%     -   54s
H    0     0                    -5.00094e+08 2.7259e+07   105%     -   59s
H    0     0                    -4.30070e+08 2.7259e+07   106%     -   62s
H    0     0                    -2.79932e+08 2.7259e+07   110%     -   68s
H    0     0                    -2.79833e+08 2.7259e+07   110%     -   68s
H    0     0                    -1.93963e+08 2.7259e+07   114%     -   68s
H    0     0                    -1.88938e+08 2.7259e+07   114%     -   68s
H    0     0                    -1.82998e+08 2.7259e+07   115%     -   68s
     0     2 2.7259e+07    0  416 -1.830e+08 2.7259e+07   115%     -   70s
H   58    64                    -1.82974e+08 2.7258e+07   115%   192   72s
   502   571 2.7246e+07   14  410 -1.830e+08 2.7258e+07   115%  73.5   75s
H  651   714                    -1.76753e+08 2.7258e+07   115%  70.4   76s
H  662   714                    -1.74882e+08 2.7258e+07   116%  69.7   76s
H  689   714                    -1.71967e+08 2.7258e+07   116%  68.8   76s
H  806   840                    -1.71967e+08 2.7258e+07   116%  67.9   77s
  1281  1381 2.7233e+07   24  390 -1.720e+08 2.7258e+07   116%  70.6   80s
H 1574  1626                    -1.71102e+08 2.7258e+07   116%  68.1   92s
H 1576  1626                    -1.70950e+08 2.7258e+07   116%  68.1   92s
H 1577  1626                    -1.66960e+08 2.7258e+07   116%  68.1   92s
H 1590  1626                    -8.86875e+07 2.7258e+07   131%  68.4   92s
H 1680  1665                    -8.86875e+07 2.7258e+07   131%  67.8   94s
  1805  1907 2.7223e+07   33  384 -8.869e+07 2.7258e+07   131%  68.1   95s
  2802  2823 2.7212e+07   52  385 -8.869e+07 2.7258e+07   131%  65.2  100s
H 2804  2822                    -6.14572e+07 2.7258e+07   144%  65.2  100s
H 2906  2822                    -6.14243e+07 2.7258e+07   144%  65.0  100s
H 3790  3822                    -4.98934e+07 2.7258e+07   155%  63.0  104s
H 3802  3727                    -4.81904e+07 2.7258e+07   157%  63.0  104s
  3931  3961 2.7200e+07   67  370 -4.819e+07 2.7258e+07   157%  62.5  105s
  5249  5232 2.7191e+07   91  358 -4.819e+07 2.7258e+07   157%  60.3  110s
H 5256  2889                    2.692162e+07 2.7258e+07  1.25%  60.3  110s
H 5455  2889                    2.692707e+07 2.7258e+07  1.23%  59.9  110s

Cutting planes:
  Gomory: 16
  Implied bound: 3309
  MIR: 705
  Flow cover: 1004
  RLT: 2
  Relax-and-lift: 46

Explored 5465 nodes (395848 simplex iterations) in 110.10 seconds (123.49 work units)
Thread count was 48 (of 192 available processors)

Solution count 10: 2.69271e+07 2.69271e+07 2.69216e+07 ... -1.7095e+08

Optimal solution found (tolerance 2.00e-02)
Best objective 2.692706821442e+07, best bound 2.725788424674e+07, gap 1.2286%
Deleted nodefile directory: /scratch-local/lbeemster.22531703/gurobi_stress_vol4.0_0.4_demand_run1
Saved model snapshot to study_case_model/figures/volatility_stress/vol4.0_0.4_demand/sub70.0/run1/model_snapshot.pkl
  Objective: 26927068.21
  Avg H2 production: 2.1601347224637735
  Scenario obj std: 3018757.751148838
  CVaR 5%: 23509820.408829074
  Worst scenario: 22544885.535561454

============================================================
Volatility multiplier: 8.0x
============================================================
Read LP format model from file /scratch-local/lbeemster.22531703/tmpraim24z2.pyomo.lp
Reading time = 0.85 seconds
x1: 178177 rows, 50626 columns, 1021376 nonzeros
Set parameter OutputFlag to value 1
Set parameter MIPGap to value 0.02
Set parameter Threads to value 48
Set parameter Presolve to value 1
Set parameter Cuts to value 1
Set parameter NodefileStart to value 1
Set parameter NodefileDir to value "/scratch-local/lbeemster.22531703/gurobi_stress_vol8.0_0.4_demand_run1"
Set parameter MemLimit to value 60
Gurobi Optimizer version 12.0.3 build v12.0.3rc0 (linux64 - "Red Hat Enterprise Linux 9.6 (Plow)")

CPU model: AMD EPYC 9654 96-Core Processor, instruction set [SSE2|AVX|AVX2|AVX512]
Thread count: 192 physical cores, 192 logical processors, using up to 48 threads

Non-default parameters:
MemLimit  60
MIPGap  0.02
NodefileStart  1
Cuts  1
Presolve  1
Threads  48

Academic license 2514514 - for non-commercial use only - registered to l.___@student.vu.nl
Optimize a model with 178177 rows, 50626 columns and 1021376 nonzeros
Model fingerprint: 0x619a9a11
Variable types: 40002 continuous, 10624 integer (10624 binary)
Coefficient statistics:
  Matrix range     [1e-06, 1e+05]
  Objective range  [2e+00, 3e+04]
  Bounds range     [1e+00, 1e+00]
  RHS range        [3e-01, 3e+05]
Presolve removed 81341 rows and 26094 columns
Presolve time: 1.56s
Presolved: 96836 rows, 24532 columns, 636197 nonzeros
Variable types: 18856 continuous, 5676 integer (5676 binary)
Found heuristic solution: objective -4.84091e+09

Deterministic concurrent LP optimizer: primal simplex, dual simplex, and barrier
Showing barrier log only...

Root barrier log...

Ordering time: 0.37s

Barrier statistics:
 Dense cols : 129
 AA' NZ     : 7.657e+06
 Factor NZ  : 8.971e+06 (roughly 120 MB of memory)
 Factor Ops : 1.140e+09 (less than 1 second per iteration)
 Threads    : 46

                  Objective                Residual
Iter       Primal          Dual         Primal    Dual     Compl     Time
   0  -2.89281891e+12  3.31158884e+14  2.97e+05 1.10e+05  5.05e+10     4s
   1  -1.81195233e+12  2.05750665e+14  1.68e+05 8.53e+05  2.20e+10     4s
   2  -5.17406011e+11  1.28718208e+14  4.52e+04 2.80e+04  6.06e+09     4s
   3  -3.87315617e+10  3.32070274e+13  2.45e+03 9.07e+01  4.84e+08     4s
   4  -1.77750562e+10  8.07983236e+12  5.98e+02 2.42e-06  1.05e+08     4s
   5  -1.16066859e+10  2.53162249e+12  1.32e+02 3.73e-07  2.66e+07     4s
   6  -9.11781355e+09  1.17649866e+12  6.54e+01 1.80e-07  1.19e+07     4s
   7  -5.52642538e+09  7.29029425e+11  3.86e+01 1.01e-07  7.07e+06     4s
   8  -2.27927908e+09  3.82838581e+11  2.29e+01 5.40e-08  3.72e+06     5s
   9  -1.11996844e+09  2.42625265e+11  1.36e+01 3.24e-08  2.29e+06     5s
  10  -7.24888393e+08  1.30987183e+11  8.82e+00 2.77e-08  1.26e+06     5s
  11  -3.02924929e+08  6.92435463e+10  3.55e+00 1.43e-08  6.12e+05     5s
  12  -1.02737317e+08  3.73418796e+10  1.23e+00 1.07e-08  3.03e+05     5s
  13  -2.44393728e+07  6.85556720e+09  3.85e-01 7.90e-09  5.49e+04     5s
  14   1.86966455e+07  9.64626174e+08  1.13e-04 8.27e-09  6.91e+03     5s
  15   2.08685188e+07  4.41127865e+08  2.72e-05 3.15e-09  3.07e+03     5s
  16   2.29258820e+07  2.12654560e+08  1.29e-05 1.78e-09  1.39e+03     5s
  17   2.51699008e+07  1.27725462e+08  6.86e-06 1.86e-09  7.49e+02     5s
  18   2.75544126e+07  8.91700533e+07  4.73e-06 9.31e-10  4.50e+02     5s
  19   3.02696081e+07  6.58236128e+07  2.96e-06 1.69e-09  2.60e+02     5s
  20   3.17484612e+07  5.90841302e+07  2.09e-06 1.46e-09  2.00e+02     5s
  21   3.30641284e+07  4.77010367e+07  1.31e-06 3.08e-09  1.07e+02     5s
  22   3.38768625e+07  4.27871805e+07  9.44e-07 1.68e-09  6.51e+01     5s
  23   3.47920430e+07  3.99055128e+07  5.68e-07 9.31e-10  3.74e+01     5s
  24   3.53453501e+07  3.76367146e+07  3.44e-07 1.49e-09  1.67e+01     6s
  25   3.56709284e+07  3.68473665e+07  1.98e-07 2.97e-09  8.59e+00     6s

Barrier performed 25 iterations in 5.59 seconds (5.03 work units)
Barrier solve interrupted - model solved by another algorithm

Concurrent spin time: 0.98s (can be avoided by choosing Method=3)

Solved with primal simplex

Root relaxation: objective 3.608200e+07, 24213 iterations, 2.99 seconds (2.45 work units)

    Nodes    |    Current Node    |     Objective Bounds      |     Work
 Expl Unexpl |  Obj  Depth IntInf | Incumbent    BestBd   Gap | It/Node Time

     0     0 3.6082e+07    0  357 -4.841e+09 3.6082e+07   101%     -    6s
H    0     0                    -2.67880e+09 3.6082e+07   101%     -    7s
H    0     0                    -2.67251e+09 3.6082e+07   101%     -    8s
     0     0 3.5684e+07    0  476 -2.673e+09 3.5684e+07   101%     -   10s
H    0     0                    -2.33123e+09 3.5684e+07   102%     -   10s
     0     0 3.5684e+07    0  501 -2.331e+09 3.5684e+07   102%     -   11s
     0     0 3.5504e+07    0  490 -2.331e+09 3.5504e+07   102%     -   13s
     0     0 3.5497e+07    0  530 -2.331e+09 3.5497e+07   102%     -   14s
     0     0 3.5497e+07    0  536 -2.331e+09 3.5497e+07   102%     -   15s
     0     0 3.5497e+07    0  543 -2.331e+09 3.5497e+07   102%     -   15s
     0     0 3.5195e+07    0  501 -2.331e+09 3.5195e+07   102%     -   17s
     0     0 3.5145e+07    0  514 -2.331e+09 3.5145e+07   102%     -   19s
     0     0 3.5139e+07    0  524 -2.331e+09 3.5139e+07   102%     -   19s
     0     0 3.5139e+07    0  530 -2.331e+09 3.5139e+07   102%     -   19s
     0     0 3.5139e+07    0  530 -2.331e+09 3.5139e+07   102%     -   19s
     0     0 3.4862e+07    0  489 -2.331e+09 3.4862e+07   101%     -   22s
H    0     0                    -2.27032e+09 3.4862e+07   102%     -   23s
     0     0 3.4845e+07    0  494 -2.270e+09 3.4845e+07   102%     -   23s
     0     0 3.4845e+07    0  506 -2.270e+09 3.4845e+07   102%     -   23s
     0     0 3.4845e+07    0  518 -2.270e+09 3.4845e+07   102%     -   24s
     0     0 3.4763e+07    0  424 -2.270e+09 3.4763e+07   102%     -   26s
H    0     0                    -9.75841e+08 3.4763e+07   104%     -   27s
     0     0 3.4760e+07    0  424 -9.758e+08 3.4760e+07   104%     -   27s
     0     0 3.4760e+07    0  430 -9.758e+08 3.4760e+07   104%     -   27s
     0     0 3.4759e+07    0  433 -9.758e+08 3.4759e+07   104%     -   28s
     0     0 3.4716e+07    0  425 -9.758e+08 3.4716e+07   104%     -   29s
     0     0 3.4714e+07    0  429 -9.758e+08 3.4714e+07   104%     -   30s
     0     0 3.4713e+07    0  432 -9.758e+08 3.4713e+07   104%     -   30s
     0     0 3.4713e+07    0  435 -9.758e+08 3.4713e+07   104%     -   31s
H    0     0                    -8.92307e+08 3.4713e+07   104%     -   32s
     0     0 3.4712e+07    0  442 -8.923e+08 3.4712e+07   104%     -   32s
     0     0 3.4712e+07    0  420 -8.923e+08 3.4712e+07   104%     -   34s
     0     0 3.4712e+07    0  426 -8.923e+08 3.4712e+07   104%     -   34s
     0     0 3.4712e+07    0  404 -8.923e+08 3.4712e+07   104%     -   35s
     0     0 3.4712e+07    0  412 -8.923e+08 3.4712e+07   104%     -   36s
     0     0 3.4711e+07    0  412 -8.923e+08 3.4711e+07   104%     -   37s
     0     0 3.4711e+07    0  411 -8.923e+08 3.4711e+07   104%     -   41s
H    0     0                    -8.86517e+08 3.4711e+07   104%     -   44s
H    0     0                    -8.84502e+08 3.4711e+07   104%     -   46s
H    0     0                    -8.76380e+08 3.4711e+07   104%     -   49s
H    0     0                    -1.85487e+08 3.4711e+07   119%     -   51s
H    0     0                    -1.50487e+08 3.4711e+07   123%     -   54s
H    0     0                    -1.36418e+08 3.4711e+07   125%     -   57s
H    0     0                    -7.33802e+07 3.4711e+07   147%     -   60s
H    0     0                    -7.33643e+07 3.4711e+07   147%     -   60s
H    0     0                    -7.33643e+07 3.4711e+07   147%     -   62s
H    0     2                    -7.33265e+07 3.4711e+07   147%     -   66s
     0     2 3.4711e+07    0  411 -7.333e+07 3.4711e+07   147%     -   66s
H   51    64                    -7.33264e+07 3.4710e+07   147%   164   69s
    63   112 3.4708e+07    6  426 -7.333e+07 3.4710e+07   147%   162   70s
  1002  1051 3.4681e+07   21  419 -7.333e+07 3.4710e+07   147%  76.0   75s
  1186  1246 3.4672e+07   26  424 -7.333e+07 3.4710e+07   147%  74.3   81s
H 1194  1246                    -7.33170e+07 3.4710e+07   147%  74.1   81s
H 1195  1246                    -6.06164e+07 3.4710e+07   157%  74.2   81s
H 1197  1246                    -5.99528e+07 3.4710e+07   158%  74.2   81s
H 1201  1246                    -5.91705e+07 3.4710e+07   159%  74.2   81s
H 1210  1246                    -3.34147e+07 3.4710e+07   204%  74.0   81s
  1310  1327 3.4665e+07   28  420 -3.341e+07 3.4710e+07   204%  75.9   90s
H 1311  1327                    -2.87300e+07 3.4710e+07   221%  75.9   90s
H 1315  1327                    -2.86713e+07 3.4710e+07   221%  76.1   90s
H 1318  1327                    -2.86615e+07 3.4710e+07   221%  76.1   90s
H 1339  1327                    -2.69158e+07 3.4710e+07   229%  77.5   90s
H 1342  1327                    -2.40133e+07 3.4710e+07   245%  77.5   90s
  1411  1420 3.4658e+07   30  421 -2.401e+07 3.4710e+07   245%  77.6   98s
H 1416  1420                    3612596.4387 3.4710e+07   861%  77.4   98s
  1459  1538 3.4658e+07   30  408 3612596.44 3.4710e+07   861%  77.9  100s
H 1533  1538                    4490228.3636 3.4710e+07   673%  77.5  100s
  3106  3097 3.4615e+07   56  405 4490228.36 3.4710e+07   673%  68.3  106s
H 3360  3422                    5545799.5758 3.4710e+07   526%  67.2  106s
H 3450  3422                    6538845.1849 3.4710e+07   431%  66.7  106s
H 4015  3829                    1.054603e+07 3.4710e+07   229%  64.6  109s
H 4084  3786                    1.302202e+07 3.4710e+07   167%  64.6  109s
  4475  4484 3.4606e+07   77  411 1.3022e+07 3.4710e+07   167%  63.8  110s
  5622  5672 3.4568e+07  102  379 1.3022e+07 3.4710e+07   167%  63.8  115s
  8815  9001 3.4522e+07  146  361 1.3022e+07 3.4710e+07   167%  55.7  121s
* 9205  8989             265    1.359132e+07 3.4710e+07   155%  55.0  121s
H 9227  8347                    1.876288e+07 3.4710e+07  85.0%  54.9  121s
 10702  9402 infeasible  174      1.8763e+07 3.4708e+07  85.0%  52.9  126s
H10751  9155                    2.096157e+07 3.4708e+07  65.6%  52.9  134s
H10752  9155                    2.097620e+07 3.4708e+07  65.5%  52.9  134s
H10757  9155                    2.109188e+07 3.4708e+07  64.6%  52.9  134s
H10759  9155                    2.109635e+07 3.4708e+07  64.5%  52.9  134s
H10761  9155                    2.112132e+07 3.4708e+07  64.3%  52.9  134s
H10762  9155                    2.112963e+07 3.4708e+07  64.3%  52.9  134s
H10765  9155                    2.113944e+07 3.4708e+07  64.2%  52.9  134s
H10767  8780                    2.541574e+07 3.4708e+07  36.6%  52.9  134s
H10776  8779                    2.611117e+07 3.4708e+07  32.9%  52.8  134s
 10799  9403 3.4491e+07  176  346 2.6111e+07 3.4708e+07  32.9%  52.8  137s
 12109 10805 3.4454e+07  213  310 2.6111e+07 3.4708e+07  32.9%  51.6  141s
*12832 10805             301    2.611713e+07 3.4708e+07  32.9%  50.6  141s
H13113 11435                    2.613930e+07 3.4708e+07  32.8%  50.4  143s
*14119 12333             366    2.625520e+07 3.4708e+07  32.2%  49.4  144s
*14120 12333             366    2.627703e+07 3.4708e+07  32.1%  49.4  144s
*14122 12333             364    2.628091e+07 3.4708e+07  32.1%  49.4  144s
 14466 13220 3.4306e+07  251  293 2.6281e+07 3.4708e+07  32.1%  49.0  146s
 16149 15030 3.4039e+07  274  271 2.6281e+07 3.4708e+07  32.1%  48.0  150s
*16570 14004             392    2.984291e+07 3.4708e+07  16.3%  47.8  150s
H18055 14690                    2.997377e+07 3.4708e+07  15.8%  46.9  161s
H18055 14690                    2.997415e+07 3.4708e+07  15.8%  46.9  166s
H18055 14657                    3.006714e+07 3.4708e+07  15.4%  46.9  168s
H18055 14631                    3.019400e+07 3.4708e+07  14.9%  46.9  169s
H18055  6979                    3.387446e+07 3.4708e+07  2.46%  46.9  172s
H18055  6822                    3.395163e+07 3.4708e+07  2.23%  46.9  177s
 18056  6678 3.4569e+07   92  411 3.3952e+07 3.4708e+07  2.23%  46.9  187s
 18058  6679 3.4311e+07   76  219 3.3952e+07 3.4708e+07  2.23%  46.8  220s

Cutting planes:
  Gomory: 6
  Cover: 3
  Implied bound: 135
  MIR: 171
  Flow cover: 272
  Relax-and-lift: 69

Explored 18058 nodes (934617 simplex iterations) in 223.32 seconds (249.33 work units)
Thread count was 48 (of 192 available processors)

Solution count 10: 3.39516e+07 3.38745e+07 3.0194e+07 ... 2.62552e+07

Optimal solution found (tolerance 2.00e-02)
Best objective 3.395163032389e+07, best bound 3.462537023002e+07, gap 1.9844%
Deleted nodefile directory: /scratch-local/lbeemster.22531703/gurobi_stress_vol8.0_0.4_demand_run1
Saved model snapshot to study_case_model/figures/volatility_stress/vol8.0_0.4_demand/sub70.0/run1/model_snapshot.pkl
  Objective: 33951630.32
  Avg H2 production: 1.7394439276623954
  Scenario obj std: 5597410.610084106
  CVaR 5%: 26365600.615524363
  Worst scenario: 25988626.771977287

============================================================
Volatility multiplier: 16.0x
============================================================
Read LP format model from file /scratch-local/lbeemster.22531703/tmpj0bwy7so.pyomo.lp
Reading time = 1.66 seconds
x1: 178177 rows, 50626 columns, 1021376 nonzeros
Set parameter OutputFlag to value 1
Set parameter MIPGap to value 0.02
Set parameter Threads to value 48
Set parameter Presolve to value 1
Set parameter Cuts to value 1
Set parameter NodefileStart to value 1
Set parameter NodefileDir to value "/scratch-local/lbeemster.22531703/gurobi_stress_vol16.0_0.4_demand_run1"
Set parameter MemLimit to value 60
Gurobi Optimizer version 12.0.3 build v12.0.3rc0 (linux64 - "Red Hat Enterprise Linux 9.6 (Plow)")

CPU model: AMD EPYC 9654 96-Core Processor, instruction set [SSE2|AVX|AVX2|AVX512]
Thread count: 192 physical cores, 192 logical processors, using up to 48 threads

Non-default parameters:
MemLimit  60
MIPGap  0.02
NodefileStart  1
Cuts  1
Presolve  1
Threads  48

Academic license 2514514 - for non-commercial use only - registered to l.___@student.vu.nl
Optimize a model with 178177 rows, 50626 columns and 1021376 nonzeros
Model fingerprint: 0x9f3dcee1
Variable types: 40002 continuous, 10624 integer (10624 binary)
Coefficient statistics:
  Matrix range     [1e-06, 1e+05]
  Objective range  [2e+00, 3e+04]
  Bounds range     [1e+00, 1e+00]
  RHS range        [3e-01, 3e+05]
Presolve removed 74585 rows and 24390 columns
Presolve time: 1.59s
Presolved: 103592 rows, 26236 columns, 680636 nonzeros
Variable types: 20164 continuous, 6072 integer (6072 binary)
Found heuristic solution: objective -4.11995e+09

Deterministic concurrent LP optimizer: primal simplex, dual simplex, and barrier
Showing barrier log only...

Root barrier log...

Ordering time: 0.37s

Barrier statistics:
 Dense cols : 138
 AA' NZ     : 8.193e+06
 Factor NZ  : 9.589e+06 (roughly 130 MB of memory)
 Factor Ops : 1.220e+09 (less than 1 second per iteration)
 Threads    : 46

                  Objective                Residual
Iter       Primal          Dual         Primal    Dual     Compl     Time
   0  -2.89135616e+12  4.72277238e+14  2.97e+05 1.47e+05  6.73e+10     4s
   1  -1.81235139e+12  2.93429082e+14  1.68e+05 1.14e+06  2.94e+10     4s
   2  -5.15633064e+11  1.83557252e+14  4.52e+04 3.74e+04  8.07e+09     4s
   3  -3.78241587e+10  4.73343007e+13  2.45e+03 1.22e+02  6.45e+08     4s
   4  -1.73980360e+10  1.14881284e+13  6.02e+02 5.73e-06  1.41e+08     4s
   5  -1.15841524e+10  3.70323040e+12  1.29e+02 1.01e-06  3.59e+07     4s
   6  -8.36515739e+09  1.65250224e+12  4.46e+01 4.39e-07  1.42e+07     4s
   7  -5.06527845e+09  1.08332050e+12  3.11e+01 2.63e-07  9.27e+06     5s
   8  -2.27705593e+09  5.38561109e+11  1.58e+01 1.30e-07  4.53e+06     5s
   9  -1.48802413e+09  2.99296031e+11  7.77e+00 6.59e-08  2.43e+06     5s
  10  -9.33887032e+08  1.53587885e+11  5.47e+00 1.14e-07  1.29e+06     5s
  11  -3.68020399e+08  7.34544015e+10  1.72e+00 3.61e-08  5.66e+05     5s
  12  -2.84543267e+07  2.70222505e+10  2.03e-01 6.50e-08  1.90e+05     5s
  13   1.49834118e+07  9.31140321e+09  2.18e-02 6.50e-08  6.37e+04     5s
  14   2.35982265e+07  1.06039061e+09  4.42e-06 7.75e-09  7.08e+03     5s
  15   2.58576943e+07  6.36553973e+08  2.52e-06 3.93e-09  4.17e+03     5s
  16   3.03892573e+07  3.65650998e+08  1.18e-06 2.15e-09  2.29e+03     5s
  17   3.36704440e+07  2.52888818e+08  8.04e-07 1.36e-09  1.50e+03     5s
  18   3.83137200e+07  1.59054308e+08  5.00e-07 9.31e-10  8.25e+02     5s
  19   4.30912676e+07  1.05197731e+08  3.22e-07 9.31e-10  4.24e+02     5s
  20   4.63344478e+07  8.17868677e+07  1.99e-07 2.62e-09  2.42e+02     5s
  21   4.79059682e+07  6.93418865e+07  1.48e-07 3.10e-09  1.46e+02     5s
  22   4.89472113e+07  6.31132386e+07  1.16e-07 1.69e-09  9.68e+01     6s
  23   4.98547602e+07  5.94943139e+07  9.05e-08 1.35e-09  6.59e+01     6s
  24   5.11068893e+07  5.57262417e+07  5.54e-08 1.03e-09  3.16e+01     6s
  25   5.20308301e+07  5.47537660e+07  2.70e-08 2.60e-09  1.86e+01     6s
  26   5.23178765e+07  5.42687002e+07  1.64e-08 1.87e-09  1.33e+01     6s
  27   5.25567332e+07  5.33350013e+07  3.90e-08 1.45e-09  5.32e+00     6s
  28   5.26536910e+07  5.31384593e+07  1.34e-07 1.86e-09  3.31e+00     6s
  29   5.27015775e+07  5.29673184e+07  1.70e-07 9.31e-10  1.82e+00     6s
  30   5.27479536e+07  5.29234762e+07  2.67e-07 4.66e-10  1.20e+00     6s
  31   5.27794980e+07  5.28852445e+07  4.59e-07 9.31e-10  7.22e-01     6s

Barrier performed 31 iterations in 6.07 seconds (5.67 work units)
Barrier solve interrupted - model solved by another algorithm

Concurrent spin time: 1.12s (can be avoided by choosing Method=3)

Solved with primal simplex

Root relaxation: objective 5.282884e+07, 25263 iterations, 3.42 seconds (3.06 work units)

    Nodes    |    Current Node    |     Objective Bounds      |     Work
 Expl Unexpl |  Obj  Depth IntInf | Incumbent    BestBd   Gap | It/Node Time

     0     0 5.2829e+07    0  312 -4.120e+09 5.2829e+07   101%     -    7s
H    0     0                    -2.63908e+09 5.2829e+07   102%     -    8s
H    0     0                    -2.59122e+09 5.2829e+07   102%     -    9s
H    0     0                    -2.47484e+09 5.2826e+07   102%     -   12s
     0     0 5.2106e+07    0  492 -2.475e+09 5.2106e+07   102%     -   12s
     0     0 5.2106e+07    0  520 -2.475e+09 5.2106e+07   102%     -   16s
     0     0 5.1679e+07    0  461 -2.475e+09 5.1679e+07   102%     -   19s
H    0     0                    -2.42277e+09 5.1672e+07   102%     -   20s
     0     0 5.1672e+07    0  490 -2.423e+09 5.1672e+07   102%     -   20s
     0     0 5.1672e+07    0  502 -2.423e+09 5.1672e+07   102%     -   20s
     0     0 5.1672e+07    0  505 -2.423e+09 5.1672e+07   102%     -   21s
     0     0 5.0984e+07    0  488 -2.423e+09 5.0984e+07   102%     -   23s
H    0     0                    -2.41978e+09 5.0958e+07   102%     -   25s
     0     0 5.0958e+07    0  524 -2.420e+09 5.0958e+07   102%     -   25s
     0     0 5.0953e+07    0  530 -2.420e+09 5.0953e+07   102%     -   25s
     0     0 5.0952e+07    0  526 -2.420e+09 5.0952e+07   102%     -   26s
     0     0 5.0952e+07    0  529 -2.420e+09 5.0952e+07   102%     -   26s
     0     0 5.0552e+07    0  488 -2.420e+09 5.0552e+07   102%     -   29s
H    0     0                    -2.05041e+09 5.0552e+07   102%     -   30s
     0     0 5.0385e+07    0  487 -2.050e+09 5.0385e+07   102%     -   30s
     0     0 5.0383e+07    0  490 -2.050e+09 5.0383e+07   102%     -   30s
     0     0 5.0382e+07    0  502 -2.050e+09 5.0382e+07   102%     -   31s
     0     0 5.0381e+07    0  500 -2.050e+09 5.0381e+07   102%     -   31s
     0     0 5.0381e+07    0  501 -2.050e+09 5.0381e+07   102%     -   31s
     0     0 5.0180e+07    0  431 -2.050e+09 5.0180e+07   102%     -   34s
H    0     0                    -1.98534e+09 5.0178e+07   103%     -   35s
     0     0 5.0166e+07    0  429 -1.985e+09 5.0166e+07   103%     -   35s
     0     0 5.0163e+07    0  433 -1.985e+09 5.0163e+07   103%     -   35s
     0     0 5.0162e+07    0  435 -1.985e+09 5.0162e+07   103%     -   36s
     0     0 5.0142e+07    0  413 -1.985e+09 5.0142e+07   103%     -   37s
     0     0 5.0140e+07    0  423 -1.985e+09 5.0140e+07   103%     -   38s
     0     0 5.0140e+07    0  420 -1.985e+09 5.0140e+07   103%     -   38s
     0     0 5.0133e+07    0  405 -1.985e+09 5.0133e+07   103%     -   40s
H    0     0                    -1.09790e+09 5.0132e+07   105%     -   41s
     0     0 5.0132e+07    0  418 -1.098e+09 5.0132e+07   105%     -   41s
     0     0 5.0132e+07    0  397 -1.098e+09 5.0132e+07   105%     -   43s
     0     0 5.0132e+07    0  406 -1.098e+09 5.0132e+07   105%     -   43s
     0     0 5.0132e+07    0  394 -1.098e+09 5.0132e+07   105%     -   44s
H    0     0                    -1.01809e+09 5.0132e+07   105%     -   45s
     0     0 5.0132e+07    0  402 -1.018e+09 5.0132e+07   105%     -   45s
     0     0 5.0132e+07    0  388 -1.018e+09 5.0132e+07   105%     -   46s
     0     0 5.0132e+07    0  388 -1.018e+09 5.0132e+07   105%     -   50s
H    0     0                    -1.01784e+09 5.0132e+07   105%     -   52s
H    0     0                    -9.49971e+08 5.0132e+07   105%     -   53s
H    0     2                    -9.17225e+08 5.0132e+07   105%     -   69s
     0     2 5.0132e+07    0  388 -9.172e+08 5.0132e+07   105%     -   69s
     7    16 5.0120e+07    3  387 -9.172e+08 5.0128e+07   105%   221   70s
H   64   112                    -9.11169e+08 5.0115e+07   106%   211   73s
H   65   112                    -9.10994e+08 5.0115e+07   106%   208   73s
H   66   112                    -9.10835e+08 5.0115e+07   106%   206   73s
H   70   112                    -9.10740e+08 5.0115e+07   106%   217   73s
H   78   112                    -9.10675e+08 5.0115e+07   106%   204   73s
   224   273 5.0074e+07    9  401 -9.107e+08 5.0114e+07   106%   163   75s
H  273   321                    -7.48931e+08 5.0114e+07   107%   147   77s
H  304   321                    -6.60706e+08 5.0114e+07   108%   145   77s
   589   638 5.0043e+07   14  391 -6.607e+08 5.0114e+07   108%   116   80s
H  639   734                    -6.50886e+08 5.0114e+07   108%   112   81s
H  642   734                    -6.50826e+08 5.0114e+07   108%   112   81s
H  648   734                    -6.50731e+08 5.0114e+07   108%   112   81s
H 1268  1274                    -6.34798e+08 5.0114e+07   108%  82.9   84s
  1384  1500 5.0031e+07   27  395 -6.348e+08 5.0114e+07   108%  80.6   85s
  2158  2207 4.9957e+07   36  384 -6.348e+08 5.0114e+07   108%  69.5   95s
H 2159  2207                    -6.34501e+08 5.0114e+07   108%  69.4   95s
H 2161  2207                    -6.32785e+08 5.0114e+07   108%  69.4   95s
H 2170  2207                    -6.27687e+08 5.0114e+07   108%  69.4   95s
H 2182  2207                    -6.21407e+08 5.0114e+07   108%  69.4   95s
H 2615  2804                    -6.16616e+08 5.0114e+07   108%  67.4   98s
H 2646  2804                    -6.16479e+08 5.0114e+07   108%  67.1   98s
H 2700  2804                    -6.09148e+08 5.0114e+07   108%  66.7   98s
  3007  3231 4.9905e+07   47  371 -6.091e+08 5.0114e+07   108%  64.5  100s
H 4129  4321                    -6.01848e+08 5.0114e+07   108%  57.4  104s
H 4131  4321                    -4.28949e+08 5.0114e+07   112%  57.4  104s
H 4188  4321                    -2.89526e+08 5.0114e+07   117%  57.1  104s
  4320  4584 4.9886e+07   75  361 -2.895e+08 5.0114e+07   117%  56.5  105s
  5465  5679 4.9861e+07   95  301 -2.895e+08 5.0114e+07   117%  55.2  110s
H 5480  5679                    -1.98653e+08 5.0114e+07   125%  55.2  110s
H 5738  5870                    -1.53448e+08 5.0114e+07   133%  54.6  113s
  5876  6225 4.9849e+07  101  300 -1.534e+08 5.0114e+07   133%  54.3  115s
H 7009  7315                    -1.53395e+08 5.0114e+07   133%  52.3  118s
H 7117  7313                    -1.52055e+08 5.0114e+07   133%  52.3  118s
  7321  7782 4.9822e+07  129  253 -1.521e+08 5.0114e+07   133%  51.7  120s
H 8268  8563                    -1.52007e+08 5.0114e+07   133%  50.6  123s
H 8458  8558                    -1.51963e+08 5.0114e+07   133%  50.4  123s
H 8474  8314                    -5.96650e+07 5.0114e+07   184%  50.4  123s
  9089  9296 4.9796e+07  171  197 -5.966e+07 5.0114e+07   184%  49.5  126s
H 9922  9759                    -5.96637e+07 5.0114e+07   184%  48.3  128s
 10077 10332 4.9785e+07  177  192 -5.966e+07 5.0114e+07   184%  48.1  130s
H11258 10449                    -3.90057e+07 5.0114e+07   228%  46.1  132s
 11888 11559 4.9752e+07  203  185 -3.901e+07 5.0114e+07   228%  45.5  135s
 12523 11607 4.9745e+07  218  183 -3.901e+07 5.0114e+07   228%  44.7  141s
H12539 11607                    -3.85467e+07 5.0114e+07   230%  44.7  141s
H12546 11591                    -3.46706e+07 5.0114e+07   245%  44.7  141s
H12567 11584                    -3.25349e+07 5.0114e+07   254%  44.7  141s
*12960 10974             295    -867774.6277 5.0114e+07  5875%  44.3  143s
 13263 11491 4.9740e+07  232  176 -867774.63 5.0114e+07  5875%  43.9  145s
*14292  9753             329    4.092171e+07 5.0106e+07  22.4%  43.1  148s
 14480 10391 4.9733e+07  259  146 4.0922e+07 5.0106e+07  22.4%  43.0  150s
*14975 10391             333    4.098119e+07 5.0106e+07  22.3%  42.5  150s
H15403 10545                    4.139831e+07 5.0106e+07  21.0%  42.3  153s
 15516 11102 4.9721e+07  279  146 4.1398e+07 5.0103e+07  21.0%  42.3  156s
H16166 11297                    4.441542e+07 5.0103e+07  12.8%  41.9  158s
H16635 11209                    4.544298e+07 5.0103e+07  10.3%  41.5  158s
 16981 11598 4.9701e+07  305  118 4.5443e+07 5.0103e+07  10.3%  41.3  161s
H17038 11598                    4.561740e+07 5.0103e+07  9.83%  41.2  161s
H17107 11573                    4.600820e+07 5.0103e+07  8.90%  41.2  161s
H17130 11570                    4.621994e+07 5.0103e+07  8.40%  41.2  161s
H17153 11569                    4.625723e+07 5.0103e+07  8.31%  41.1  161s
H18250 12257                    4.627180e+07 5.0103e+07  8.28%  40.7  178s
H18250 12257                    4.628274e+07 5.0103e+07  8.25%  40.7  178s
 18251 12258 4.8586e+07  405  388 4.6283e+07 5.0103e+07  8.25%  40.7  192s
H18252 11646                    4.634101e+07 5.0103e+07  8.12%  40.7  232s
H18252 11063                    4.643297e+07 5.0103e+07  7.90%  40.7  232s
 18253 11063 4.9675e+07   79  298 4.6433e+07 5.0103e+07  7.90%  40.7  238s
 18254 11064 4.9404e+07  215  331 4.6433e+07 5.0103e+07  7.90%  40.7  242s
 18258 11067 4.9833e+07  108  257 4.6433e+07 4.9991e+07  7.66%  40.6  245s
H18258 10514                    4.644897e+07 4.9991e+07  7.63%  40.6  256s
H18258  9988                    4.647621e+07 4.9991e+07  7.56%  40.6  256s
H18258  9488                    4.784880e+07 4.9991e+07  4.48%  40.6  256s
H18258  9014                    4.928968e+07 4.9991e+07  1.42%  40.6  256s
H18258  8563                    4.930388e+07 4.9991e+07  1.39%  40.6  256s
H18258  8135                    4.930618e+07 4.9991e+07  1.39%  40.6  256s

Cutting planes:
  Gomory: 5
  Cover: 6
  Implied bound: 409
  MIR: 485
  Flow cover: 596
  RLT: 5
  Relax-and-lift: 420
  BQP: 1

Explored 18258 nodes (853600 simplex iterations) in 256.93 seconds (307.31 work units)
Thread count was 48 (of 192 available processors)

Solution count 10: 4.93062e+07 4.93039e+07 4.92897e+07 ... 4.62572e+07

Optimal solution found (tolerance 2.00e-02)
Best objective 4.930617733359e+07, best bound 4.999125725406e+07, gap 1.3894%
Deleted nodefile directory: /scratch-local/lbeemster.22531703/gurobi_stress_vol16.0_0.4_demand_run1
Saved model snapshot to study_case_model/figures/volatility_stress/vol16.0_0.4_demand/sub70.0/run1/model_snapshot.pkl
  Objective: 49306177.33
  Avg H2 production: 1.778499791644228
  Scenario obj std: 11130623.65789822
  CVaR 5%: 36581196.9941195
  Worst scenario: 35342463.76430231

Results saved to study_case_model/figures/volatility_stress/05052026/stress_test_results_70_0.4_price_shock_lt_1_.csv

================================================================================
STRESS TEST SUMMARY
================================================================================
    1.0x vol: obj= 21801778.74, loss=0.0%, H2=    2.08, CVaR5=20756391.768592842
    2.0x vol: obj= 23433902.87, loss=-7.5%, H2=    1.81, CVaR5=21956088.468240764
    4.0x vol: obj= 26927068.21, loss=-23.5%, H2=    2.16, CVaR5=23509820.408829074
    8.0x vol: obj= 33951630.32, loss=-55.7%, H2=    1.74, CVaR5=26365600.615524363
   16.0x vol: obj= 49306177.33, loss=-126.2%, H2=    1.78, CVaR5=36581196.9941195

Finished stress test!
