Gurobi shell based on Python 3.13.1 can be launched with command `gurobi.sh`
Gurobi Python Interface can be loaded in Python 3.13.1 with 'import gurobipy'
/var/spool/slurm/slurmd/job22529895/slurm_script: line 24: activate: No such file or directory
Stress test configuration:
  Volatility multipliers: [1.0, 2.0, 4.0, 8.0, 16.0]
  Shock type: demand
  Price Correlated shocks: 0.8
  Subsidy: 45.0 EUR/MWh
  Deviation allowance: 0.0

============================================================
Volatility multiplier: 1.0x
============================================================
Read LP format model from file /scratch-local/lbeemster.22529895/tmpt4m6bire.pyomo.lp
Reading time = 0.93 seconds
x1: 178177 rows, 50626 columns, 1021376 nonzeros
Set parameter OutputFlag to value 1
Set parameter MIPGap to value 0.02
Set parameter Threads to value 48
Set parameter Presolve to value 1
Set parameter Cuts to value 1
Set parameter NodefileStart to value 1
Set parameter NodefileDir to value "/scratch-local/lbeemster.22529895/gurobi_stress_vol1.0_0.8_demand_run2"
Set parameter MemLimit to value 60
Gurobi Optimizer version 12.0.3 build v12.0.3rc0 (linux64 - "Red Hat Enterprise Linux 9.6 (Plow)")

CPU model: AMD EPYC 9654 96-Core Processor, instruction set [SSE2|AVX|AVX2|AVX512]
Thread count: 192 physical cores, 192 logical processors, using up to 48 threads

Non-default parameters:
MemLimit  60
MIPGap  0.02
NodefileStart  1
Cuts  1
Presolve  1
Threads  48

Academic license 2514514 - for non-commercial use only - registered to l.___@student.vu.nl
Optimize a model with 178177 rows, 50626 columns and 1021376 nonzeros
Model fingerprint: 0xbbfbb541
Variable types: 40002 continuous, 10624 integer (10624 binary)
Coefficient statistics:
  Matrix range     [1e-06, 1e+05]
  Objective range  [2e+00, 3e+04]
  Bounds range     [1e+00, 1e+00]
  RHS range        [3e-01, 2e+05]
Presolve removed 34049 rows and 14166 columns
Presolve time: 1.65s
Presolved: 144128 rows, 36460 columns, 945973 nonzeros
Variable types: 28012 continuous, 8448 integer (8448 binary)
Found heuristic solution: objective -4.36159e+09

Deterministic concurrent LP optimizer: primal simplex, dual simplex, and barrier
Showing barrier log only...

Root barrier log...

Ordering time: 2.41s

Barrier statistics:
 AA' NZ     : 1.286e+07
 Factor NZ  : 1.434e+07 (roughly 200 MB of memory)
 Factor Ops : 2.150e+09 (less than 1 second per iteration)
 Threads    : 46

                  Objective                Residual
Iter       Primal          Dual         Primal    Dual     Compl     Time
   0  -3.00642212e+12  1.66219712e+14  3.09e+05 3.67e+04  1.75e+10     7s
   1  -1.87928536e+12  1.04791505e+14  1.75e+05 2.84e+05  7.64e+09     7s
   2  -5.43729308e+11  6.97282878e+13  4.78e+04 1.11e+04  2.11e+09     7s
   3  -4.52197886e+10  1.98203775e+13  3.19e+03 1.36e+01  2.01e+08     7s
   4  -1.37197081e+10  5.21756780e+12  5.09e+02 3.20e-07  3.89e+07     7s
   5  -8.32607370e+09  1.38925262e+12  1.23e+02 1.13e-07  9.31e+06     7s
   6  -3.23756056e+09  5.12748548e+11  4.20e+01 4.84e-08  3.17e+06     7s
   7  -1.47565569e+09  3.23939428e+11  2.27e+01 3.02e-08  1.91e+06     7s
   8  -5.25511660e+08  1.62679214e+11  7.69e+00 1.74e-08  8.99e+05     7s
   9  -1.02737241e+08  7.07690830e+10  1.03e+00 8.05e-09  3.59e+05     7s
  10  -3.93562290e+06  1.29299081e+10  7.28e-02 5.37e-09  6.40e+04     7s
  11   6.30035171e+06  1.93691443e+09  4.17e-03 2.03e-09  9.49e+03     8s

Barrier performed 11 iterations in 7.57 seconds (5.59 work units)
Barrier solve interrupted - model solved by another algorithm

Concurrent spin time: 2.04s (can be avoided by choosing Method=3)

Solved with primal simplex

Root relaxation: objective 2.144798e+07, 49541 iterations, 4.67 seconds (2.90 work units)

    Nodes    |    Current Node    |     Objective Bounds      |     Work
 Expl Unexpl |  Obj  Depth IntInf | Incumbent    BestBd   Gap | It/Node Time

     0     0 2.1448e+07    0  607 -4.362e+09 2.1448e+07   100%     -    9s
H    0     0                    -3.74842e+09 2.1448e+07   101%     -   10s
H    0     0                    -3.74841e+09 2.1448e+07   101%     -   10s
     0     0 2.1388e+07    0  679 -3.748e+09 2.1388e+07   101%     -   13s
H    0     0                    -2.49871e+09 2.1388e+07   101%     -   14s
     0     0 2.1388e+07    0  771 -2.499e+09 2.1388e+07   101%     -   15s
     0     0 2.1381e+07    0  743 -2.499e+09 2.1381e+07   101%     -   17s
     0     0 2.1381e+07    0  752 -2.499e+09 2.1381e+07   101%     -   18s
     0     0 2.1381e+07    0  764 -2.499e+09 2.1381e+07   101%     -   18s
     0     0 2.1370e+07    0  667 -2.499e+09 2.1370e+07   101%     -   22s
     0     0 2.1370e+07    0  722 -2.499e+09 2.1370e+07   101%     -   23s
     0     0 2.1370e+07    0  739 -2.499e+09 2.1370e+07   101%     -   23s
     0     0 2.1370e+07    0  747 -2.499e+09 2.1370e+07   101%     -   24s
     0     0 2.1349e+07    0  697 -2.499e+09 2.1349e+07   101%     -   27s
H    0     0                    -2.36942e+09 2.1349e+07   101%     -   32s
     0     0 2.1348e+07    0  745 -2.369e+09 2.1348e+07   101%     -   33s
     0     0 2.1348e+07    0  765 -2.369e+09 2.1348e+07   101%     -   33s
     0     0 2.1348e+07    0  779 -2.369e+09 2.1348e+07   101%     -   33s
     0     0 2.1348e+07    0  777 -2.369e+09 2.1348e+07   101%     -   34s
     0     0 2.1316e+07    0  640 -2.369e+09 2.1316e+07   101%     -   38s
H    0     0                    -2.21501e+09 2.1316e+07   101%     -   40s
     0     0 2.1316e+07    0  665 -2.215e+09 2.1316e+07   101%     -   40s
     0     0 2.1316e+07    0  678 -2.215e+09 2.1316e+07   101%     -   41s
     0     0 2.1316e+07    0  690 -2.215e+09 2.1316e+07   101%     -   41s
     0     0 2.1299e+07    0  620 -2.215e+09 2.1299e+07   101%     -   44s
H    0     0                    -1.28628e+09 2.1299e+07   102%     -   45s
     0     0 2.1299e+07    0  627 -1.286e+09 2.1299e+07   102%     -   46s
     0     0 2.1299e+07    0  640 -1.286e+09 2.1299e+07   102%     -   46s
     0     0 2.1297e+07    0  630 -1.286e+09 2.1297e+07   102%     -   49s
     0     0 2.1297e+07    0  632 -1.286e+09 2.1297e+07   102%     -   52s
     0     0 2.1296e+07    0  592 -1.286e+09 2.1296e+07   102%     -   55s
H    0     0                    -1.14188e+09 2.1296e+07   102%     -   56s
     0     0 2.1296e+07    0  590 -1.142e+09 2.1296e+07   102%     -   57s
     0     0 2.1296e+07    0  566 -1.142e+09 2.1296e+07   102%     -   59s
     0     0 2.1296e+07    0  576 -1.142e+09 2.1296e+07   102%     -   61s
     0     0 2.1296e+07    0  561 -1.142e+09 2.1296e+07   102%     -   63s
     0     0 2.1296e+07    0  537 -1.142e+09 2.1296e+07   102%     -   72s
H    0     0                    -9.33630e+08 2.1296e+07   102%     -   74s
H    0     0                    -8.49963e+08 2.1296e+07   103%     -   81s
H    0     0                    -8.07380e+08 2.1296e+07   103%     -   83s
H    0     0                    -8.05071e+08 2.1296e+07   103%     -   86s
H    0     0                    -7.16680e+08 2.1296e+07   103%     -   94s
H    0     0                    -7.16680e+08 2.1296e+07   103%     -   98s
H    0     0                    -6.97457e+08 2.1296e+07   103%     -   98s
H    0     0                    -6.97455e+08 2.1296e+07   103%     -   98s
H    0     2                    -6.35784e+08 2.1296e+07   103%     -  107s
     0     2 2.1296e+07    0  537 -6.358e+08 2.1296e+07   103%     -  107s
    15    32 2.1294e+07    4  580 -6.358e+08 2.1296e+07   103%   392  110s
H  228   256                    -6.35784e+08 2.1295e+07   103%   118  114s
H  242   256                    -6.35784e+08 2.1295e+07   103%   115  114s
   255   357 2.1294e+07    9  580 -6.358e+08 2.1295e+07   103%   112  115s
   483   626 2.1294e+07   12  569 -6.358e+08 2.1295e+07   103%  94.8  120s
  1266  1414 2.1293e+07   24  539 -6.358e+08 2.1295e+07   103%  87.6  129s
H 1368  1414                    -5.84126e+08 2.1295e+07   104%  90.3  129s
H 1413  1462                    -5.84125e+08 2.1295e+07   104%  91.5  145s
  1461  1823 2.1291e+07   25  518 -5.841e+08 2.1295e+07   104%  91.7  151s
  1822  2593 2.1290e+07   35  492 -5.841e+08 2.1295e+07   104%  89.8  156s
  2592  3302 2.1290e+07   45  468 -5.841e+08 2.1295e+07   104%  88.1  162s
H 2670  3302                    -5.84113e+08 2.1295e+07   104%  88.0  162s
H 2758  3302                    -5.84070e+08 2.1295e+07   104%  88.8  162s
H 2880  3302                    -5.26817e+08 2.1295e+07   104%  87.9  162s
  3301  4085 2.1290e+07   55  469 -5.268e+08 2.1295e+07   104%  85.1  167s
H 4084  4133                    -2.12131e+08 2.1295e+07   110%  80.9  175s
H 4087  4133                    -2.05803e+08 2.1295e+07   110%  81.0  175s
H 4091  4133                    -1.59254e+08 2.1295e+07   113%  81.0  175s
H 4092  4133                    -1.53674e+08 2.1295e+07   114%  81.0  175s
H 4095  4133                    -1.31575e+08 2.1295e+07   116%  81.0  175s
H 4098  4133                    -9.66279e+07 2.1295e+07   122%  81.0  175s
  4132  5048 2.1289e+07   64  461 -9.663e+07 2.1295e+07   122%  80.9  180s
  5047  5941 2.1289e+07   84  456 -9.663e+07 2.1295e+07   122%  78.7  185s
  5940  6543 2.1289e+07   93  422 -9.663e+07 2.1295e+07   122%  75.2  191s
H 5960  6532                    -6.31744e+07 2.1295e+07   134%  75.1  191s
H 6392  6532                    -5.95613e+07 2.1295e+07   136%  74.1  191s
  6544  7356 2.1287e+07  109  393 -5.956e+07 2.1295e+07   136%  73.6  195s
  8339  9010 2.1286e+07  130  329 -5.956e+07 2.1295e+07   136%  73.8  204s
H 9092  9631                    -5.95381e+07 2.1295e+07   136%  72.9  210s
H 9103  9405                    -5.54894e+07 2.1295e+07   138%  73.0  210s
H 9601  9405                    -5.45679e+07 2.1295e+07   139%  72.4  210s
  9723  9296 2.1285e+07  145  289 -5.457e+07 2.1295e+07   139%  72.3  223s
  9799  9336 2.1285e+07  145  288 -5.457e+07 2.1295e+07   139%  72.2  234s
H 9824  9290                    -5.45406e+07 2.1295e+07   139%  72.2  234s
H 9843  9290                    -5.45005e+07 2.1295e+07   139%  72.1  234s
  9847 10116 2.1285e+07  146  291 -5.450e+07 2.1295e+07   139%  72.1  239s
 10682 11054 2.1285e+07  164  253 -5.450e+07 2.1295e+07   139%  72.7  244s
 11625 11670 2.1283e+07  186  249 -5.450e+07 2.1295e+07   139%  72.0  250s
H11811 10870                    -3.52770e+07 2.1295e+07   160%  71.6  250s
H11844 10870                    -3.52758e+07 2.1295e+07   160%  71.6  250s
H11862 10870                    -3.52754e+07 2.1295e+07   160%  71.5  250s
H11973 10870                    -3.52752e+07 2.1295e+07   160%  71.5  250s
H12051 10870                    -3.52747e+07 2.1295e+07   160%  71.4  250s
 12241 11749 2.1283e+07  187  246 -3.527e+07 2.1295e+07   160%  71.5  255s
 13250 12847 2.1283e+07  211  203 -3.527e+07 2.1295e+07   160%  71.5  264s
 14355 13727 2.1281e+07  231  191 -3.527e+07 2.1295e+07   160%  73.1  269s
H15099 13727                    -3.51631e+07 2.1295e+07   161%  72.5  269s
 15239 14843 2.1280e+07  238  183 -3.516e+07 2.1295e+07   161%  72.5  273s
 16355 14891 2.1279e+07  263  155 -3.516e+07 2.1295e+07   161%  70.8  283s
H16356 14891                    -3.51358e+07 2.1295e+07   161%  70.8  283s
H16386 14891                    -3.51355e+07 2.1295e+07   161%  70.8  283s
H16389 14891                    -3.51341e+07 2.1295e+07   161%  70.8  283s
H16393 14868                    -3.51255e+07 2.1295e+07   161%  70.8  283s
 16403 15959 2.1279e+07  264  160 -3.513e+07 2.1295e+07   161%  70.7  288s
Created node file directory '/scratch-local/lbeemster.22529895/gurobi_stress_vol1.0_0.8_demand_run2/grbnodes0'
 17509 16496 2.1278e+07  289  140 -3.513e+07 2.1295e+07   161%  69.3  308s
H17510 16496                    -3.51183e+07 2.1295e+07   161%  69.3  308s
H17530 16496                    -3.51131e+07 2.1295e+07   161%  69.2  308s
H18047 13611                    5598843.5276 2.1295e+07   280%  68.9  337s
 18048 13516 2.1229e+07  165  537 5598843.53 2.1295e+07   280%  68.9  362s
H18049 12841                    2.115109e+07 2.1295e+07  0.68%  68.9  559s
H18049 12199                    2.115717e+07 2.1295e+07  0.65%  68.9  559s
H18049 11589                    2.120761e+07 2.1295e+07  0.41%  68.9  559s
H18049 11009                    2.121179e+07 2.1295e+07  0.39%  68.9  559s
H18049 10459                    2.121384e+07 2.1295e+07  0.38%  68.9  559s
H18049  9936                    2.121609e+07 2.1294e+07  0.37%  68.9  559s
H18049  9439                    2.122010e+07 2.1294e+07  0.35%  68.9  559s
H18049  8967                    2.122314e+07 2.1294e+07  0.33%  68.9  559s
H18049  8519                    2.122690e+07 2.1294e+07  0.31%  68.9  559s
H18049  8093                    2.126519e+07 2.1294e+07  0.13%  68.9  559s
H18049  7688                    2.126737e+07 2.1294e+07  0.12%  68.9  559s
H18049  7304                    2.127190e+07 2.1294e+07  0.10%  68.9  559s
H18049  6938                    2.127207e+07 2.1294e+07  0.10%  68.9  559s
H18049  6591                    2.127345e+07 2.1294e+07  0.09%  68.9  559s
H18049  6262                    2.127531e+07 2.1294e+07  0.09%  68.9  559s
H18049  5949                    2.127640e+07 2.1294e+07  0.08%  68.9  559s
H18049  5651                    2.127730e+07 2.1294e+07  0.08%  68.9  559s

Cutting planes:
  Gomory: 24
  Cover: 25
  Implied bound: 184
  MIR: 676
  Flow cover: 586
  Relax-and-lift: 113

Explored 18049 nodes (1385572 simplex iterations) in 560.27 seconds (617.04 work units)
Thread count was 48 (of 192 available processors)

Solution count 10: 2.12773e+07 2.12764e+07 2.12753e+07 ... 2.12231e+07

Optimal solution found (tolerance 2.00e-02)
Best objective 2.127729778310e+07, best bound 2.129364078979e+07, gap 0.0768%
Deleted nodefile directory: /scratch-local/lbeemster.22529895/gurobi_stress_vol1.0_0.8_demand_run2
Saved model snapshot to study_case_model/figures/volatility_stress/vol1.0_0.8_demand/sub45.0/run2/model_snapshot.pkl
  Objective: 21277297.78
  Avg H2 production: 1.870165418654667
  Scenario obj std: 1839401.4974174323
  CVaR 5%: 19280815.41372791
  Worst scenario: 19280815.41372791

============================================================
Volatility multiplier: 2.0x
============================================================
Read LP format model from file /scratch-local/lbeemster.22529895/tmpiajvdfra.pyomo.lp
Reading time = 0.55 seconds
x1: 178177 rows, 50626 columns, 1021376 nonzeros
Set parameter OutputFlag to value 1
Set parameter MIPGap to value 0.02
Set parameter Threads to value 48
Set parameter Presolve to value 1
Set parameter Cuts to value 1
Set parameter NodefileStart to value 1
Set parameter NodefileDir to value "/scratch-local/lbeemster.22529895/gurobi_stress_vol2.0_0.8_demand_run2"
Set parameter MemLimit to value 60
Gurobi Optimizer version 12.0.3 build v12.0.3rc0 (linux64 - "Red Hat Enterprise Linux 9.6 (Plow)")

CPU model: AMD EPYC 9654 96-Core Processor, instruction set [SSE2|AVX|AVX2|AVX512]
Thread count: 192 physical cores, 192 logical processors, using up to 48 threads

Non-default parameters:
MemLimit  60
MIPGap  0.02
NodefileStart  1
Cuts  1
Presolve  1
Threads  48

Academic license 2514514 - for non-commercial use only - registered to l.___@student.vu.nl
Optimize a model with 178177 rows, 50626 columns and 1021376 nonzeros
Model fingerprint: 0x587e5ba0
Variable types: 40002 continuous, 10624 integer (10624 binary)
Coefficient statistics:
  Matrix range     [1e-06, 1e+05]
  Objective range  [2e+00, 3e+04]
  Bounds range     [1e+00, 1e+00]
  RHS range        [3e-01, 2e+05]
Presolve removed 34049 rows and 14166 columns
Presolve time: 1.70s
Presolved: 144128 rows, 36460 columns, 945973 nonzeros
Variable types: 28012 continuous, 8448 integer (8448 binary)
Found heuristic solution: objective -3.88333e+09

Deterministic concurrent LP optimizer: primal simplex, dual simplex, and barrier
Showing barrier log only...

Root barrier log...

Ordering time: 2.44s

Barrier statistics:
 AA' NZ     : 1.286e+07
 Factor NZ  : 1.434e+07 (roughly 200 MB of memory)
 Factor Ops : 2.150e+09 (less than 1 second per iteration)
 Threads    : 46

                  Objective                Residual
Iter       Primal          Dual         Primal    Dual     Compl     Time
   0  -3.00606862e+12  1.66215040e+14  3.09e+05 3.68e+04  1.75e+10     7s
   1  -1.87887846e+12  1.04789638e+14  1.75e+05 2.84e+05  7.64e+09     7s
   2  -5.43250741e+11  6.97263369e+13  4.78e+04 1.11e+04  2.11e+09     7s
   3  -4.49047648e+10  1.98209187e+13  3.19e+03 1.37e+01  2.01e+08     7s
   4  -1.37684878e+10  5.22047746e+12  5.35e+02 4.42e-07  3.96e+07     7s
   5  -8.35237902e+09  1.39347531e+12  1.43e+02 9.93e-08  9.73e+06     7s
   6  -3.19534116e+09  5.73010222e+11  4.29e+01 3.86e-08  3.49e+06     7s
   7  -1.48962852e+09  3.72267982e+11  2.55e+01 2.63e-08  2.20e+06     7s
   8  -6.73719209e+08  2.22148198e+11  1.07e+01 1.50e-08  1.24e+06     7s
   9  -1.19837504e+08  7.02443032e+10  1.11e+00 1.28e-08  3.58e+05     7s
  10  -6.26415805e+06  1.32014338e+10  8.41e-02 2.03e-08  6.54e+04     7s
  11   6.13761971e+06  2.63369184e+09  6.83e-03 8.15e-09  1.29e+04     7s
  12   8.87972795e+06  1.03491032e+09  2.93e-09 3.73e-09  5.04e+03     8s
  13   1.01844928e+07  3.50585830e+08  2.55e-09 6.98e-10  1.67e+03     8s
  14   1.33087737e+07  1.64417406e+08  1.91e-09 5.24e-10  7.42e+02     8s
  15   1.53312621e+07  1.15502755e+08  1.82e-09 3.49e-10  4.92e+02     8s
  16   1.95771646e+07  6.78024011e+07  2.06e-09 4.66e-10  2.37e+02     8s
  17   2.14021928e+07  3.79360585e+07  1.85e-09 4.66e-10  8.12e+01     8s
  18   2.18646851e+07  3.22286931e+07  2.17e-09 4.66e-10  5.09e+01     8s
  19   2.22003361e+07  2.70167600e+07  2.55e-09 4.66e-10  2.37e+01     8s
  20   2.23518295e+07  2.56784249e+07  2.24e-09 4.66e-10  1.63e+01     8s
  21   2.26732647e+07  2.48192242e+07  3.19e-09 2.33e-10  1.05e+01     8s
  22   2.27808025e+07  2.44874889e+07  2.35e-09 4.66e-10  8.38e+00     8s
  23   2.28687806e+07  2.39842776e+07  8.28e-09 2.33e-10  5.48e+00     8s
  24   2.29411891e+07  2.34174627e+07  1.07e-08 4.66e-10  2.34e+00     8s
  25   2.30139925e+07  2.32070207e+07  4.51e-08 4.66e-10  9.48e-01     8s
  26   2.30479225e+07  2.31718015e+07  4.82e-08 4.66e-10  6.08e-01     8s
  27   2.30728297e+07  2.31520880e+07  7.43e-08 4.66e-10  3.89e-01     9s
  28   2.30864219e+07  2.31316201e+07  8.11e-08 2.33e-10  2.22e-01     9s
  29   2.30945043e+07  2.31189001e+07  8.70e-08 4.66e-10  1.20e-01     9s
  30   2.30982158e+07  2.31139394e+07  1.41e-07 4.66e-10  7.72e-02     9s
  31   2.31003999e+07  2.31104890e+07  2.00e-07 4.66e-10  4.96e-02     9s
  32   2.31015041e+07  2.31045367e+07  3.91e-07 4.66e-10  1.49e-02     9s
  33   2.31021863e+07  2.31036352e+07  3.35e-06 4.66e-10  7.12e-03     9s

Barrier performed 33 iterations in 8.95 seconds (7.77 work units)
Barrier solve interrupted - model solved by another algorithm

Concurrent spin time: 2.15s (can be avoided by choosing Method=3)

Solved with dual simplex

Root relaxation: objective 2.310255e+07, 51213 iterations, 7.00 seconds (5.06 work units)
Total elapsed time = 10.71s (DegenMoves)

    Nodes    |    Current Node    |     Objective Bounds      |     Work
 Expl Unexpl |  Obj  Depth IntInf | Incumbent    BestBd   Gap | It/Node Time

     0     0 2.3103e+07    0  476 -3.883e+09 2.3103e+07   101%     -   12s
H    0     0                    -1.91547e+09 2.3103e+07   101%     -   13s
H    0     0                    -1.90251e+09 2.3103e+07   101%     -   15s
     0     0 2.3016e+07    0  551 -1.903e+09 2.3016e+07   101%     -   18s
     0     0 2.3016e+07    0  599 -1.903e+09 2.3016e+07   101%     -   19s
     0     0 2.2959e+07    0  643 -1.903e+09 2.2959e+07   101%     -   22s
     0     0 2.2959e+07    0  646 -1.903e+09 2.2959e+07   101%     -   22s
     0     0 2.2917e+07    0  571 -1.903e+09 2.2917e+07   101%     -   26s
     0     0 2.2917e+07    0  604 -1.903e+09 2.2917e+07   101%     -   27s
     0     0 2.2917e+07    0  614 -1.903e+09 2.2917e+07   101%     -   28s
     0     0 2.2882e+07    0  550 -1.903e+09 2.2882e+07   101%     -   31s
     0     0 2.2881e+07    0  569 -1.903e+09 2.2881e+07   101%     -   32s
     0     0 2.2881e+07    0  585 -1.903e+09 2.2881e+07   101%     -   32s
     0     0 2.2881e+07    0  590 -1.903e+09 2.2881e+07   101%     -   32s
     0     0 2.2850e+07    0  503 -1.903e+09 2.2850e+07   101%     -   36s
H    0     0                    -1.24098e+09 2.2850e+07   102%     -   38s
     0     0 2.2850e+07    0  502 -1.241e+09 2.2850e+07   102%     -   38s
     0     0 2.2850e+07    0  506 -1.241e+09 2.2850e+07   102%     -   38s
     0     0 2.2844e+07    0  466 -1.241e+09 2.2844e+07   102%     -   41s
     0     0 2.2844e+07    0  489 -1.241e+09 2.2844e+07   102%     -   41s
     0     0 2.2839e+07    0  497 -1.241e+09 2.2839e+07   102%     -   44s
H    0     0                    -1.10907e+09 2.2839e+07   102%     -   45s
     0     0 2.2839e+07    0  512 -1.109e+09 2.2839e+07   102%     -   45s
     0     0 2.2838e+07    0  472 -1.109e+09 2.2838e+07   102%     -   48s
     0     0 2.2838e+07    0  480 -1.109e+09 2.2838e+07   102%     -   48s
     0     0 2.2838e+07    0  486 -1.109e+09 2.2838e+07   102%     -   48s
H    0     0                    -1.08781e+09 2.2838e+07   102%     -   50s
     0     0 2.2838e+07    0  505 -1.088e+09 2.2838e+07   102%     -   50s
     0     0 2.2838e+07    0  497 -1.088e+09 2.2838e+07   102%     -   52s
     0     0 2.2838e+07    0  459 -1.088e+09 2.2838e+07   102%     -   59s
H    0     0                    -8.92678e+08 2.2838e+07   103%     -   63s
H    0     0                    -8.75695e+08 2.2838e+07   103%     -   64s
H    0     0                    -7.95411e+08 2.2838e+07   103%     -   72s
H    0     0                    -5.04349e+08 2.2838e+07   105%     -   74s
H    0     0                    -3.21728e+08 2.2838e+07   107%     -   86s
H    0     0                    -3.21728e+08 2.2838e+07   107%     -   89s
H    0     0                    -2.93380e+08 2.2838e+07   108%     -   89s
H    0     2                    -2.78010e+08 2.2838e+07   108%     -   96s
     0     2 2.2838e+07    0  457 -2.780e+08 2.2838e+07   108%     -   96s
    31    64 2.2834e+07    5  513 -2.780e+08 2.2838e+07   108%   397  101s
H   75   112                    -2.76818e+08 2.2838e+07   108%   354  103s
H   78   112                    -2.66119e+08 2.2838e+07   109%   343  103s
   308   360 2.2834e+07   11  515 -2.661e+08 2.2838e+07   109%   134  107s
   626   901 2.2833e+07   14  503 -2.661e+08 2.2838e+07   109%  89.4  110s
  1284  1698 2.2833e+07   23  473 -2.661e+08 2.2838e+07   109%  64.0  115s
  1697  1746 2.2832e+07   30  449 -2.661e+08 2.2838e+07   109%  59.9  126s
  1745  1794 2.2832e+07   31  444 -2.661e+08 2.2838e+07   109%  59.5  135s
  1793  1842 2.2832e+07   32  442 -2.661e+08 2.2838e+07   109%  59.1  145s
H 1799  1842                    -2.65052e+08 2.2838e+07   109%  59.0  145s
  1841  2056 2.2832e+07   33  440 -2.651e+08 2.2838e+07   109%  58.7  150s
H 1941  2056                    -2.45705e+08 2.2838e+07   109%  58.3  150s
H 2960  3641                    -2.44630e+08 2.2838e+07   109%  55.2  160s
H 3152  3641                    -2.39755e+08 2.2838e+07   110%  55.3  160s
H 3234  3641                    -2.31320e+08 2.2838e+07   110%  55.4  160s
H 3430  3641                    -2.25440e+08 2.2838e+07   110%  54.6  160s
  4568  5071 2.2827e+07   59  407 -2.254e+08 2.2838e+07   110%  54.1  169s
  5070  5961 2.2823e+07   64  395 -2.254e+08 2.2838e+07   110%  55.6  173s
  5960  6869 2.2821e+07   87  376 -2.254e+08 2.2838e+07   110%  55.4  178s
  6868  6917 2.2819e+07  101  363 -2.254e+08 2.2838e+07   110%  52.5  187s
H 6869  6891                    -1.86525e+08 2.2838e+07   112%  52.5  187s
H 6871  6881                    -1.78926e+08 2.2838e+07   113%  52.5  187s
H 6873  6881                    -1.73414e+08 2.2838e+07   113%  52.5  187s
H 6881  6837                    -1.52398e+08 2.2838e+07   115%  52.5  187s
H 6885  6837                    -1.47124e+08 2.2838e+07   116%  52.5  187s
H 6886  6671                    -9.74478e+07 2.2838e+07   123%  52.5  187s
  6916  7452 2.2818e+07  101  356 -9.745e+07 2.2838e+07   123%  52.4  191s
  7732  8262 2.2817e+07  113  350 -9.745e+07 2.2838e+07   123%  52.8  195s
  8555  8722 2.2816e+07  131  321 -9.745e+07 2.2838e+07   123%  52.1  200s
H 8603  8500                    -8.60769e+07 2.2838e+07   127%  51.9  200s
H 8684  8185                    -5.88708e+07 2.2838e+07   139%  51.8  200s
H 8702  7953                    -5.02649e+07 2.2838e+07   145%  51.7  200s
H 8884  7850                    -3.76883e+07 2.2838e+07   161%  51.3  200s
  9017  7860 2.2816e+07  132  326 -3.769e+07 2.2838e+07   161%  51.1  205s
 10084  9300 2.2813e+07  147  324 -3.769e+07 2.2838e+07   161%  51.0  214s
 10674  9996 2.2813e+07  159  325 -3.769e+07 2.2838e+07   161%  51.0  218s
H11143  8784                    -3692936.714 2.2838e+07   718%  50.7  218s
 11370  9476 2.2813e+07  172  308 -3692936.7 2.2838e+07   718%  50.3  222s
 12195 10342 2.2813e+07  183  287 -3692936.7 2.2838e+07   718%  52.9  226s
 13951 12033 2.2808e+07  211  291 -3692936.7 2.2838e+07   718%  53.4  233s
 14760 12755 2.2809e+07  224  286 -3692936.7 2.2838e+07   718%  53.7  237s
 15484 13656 2.2809e+07  238  288 -3692936.7 2.2838e+07   718%  53.6  240s
 16385 14372 2.2809e+07  252  285 -3692936.7 2.2838e+07   718%  52.8  245s
H18009 15144                    -993816.4227 2.2838e+07  2398%  53.1  281s
H18009 12936                    2.262028e+07 2.2838e+07  0.96%  53.1  285s

Cutting planes:
  Gomory: 7
  Implied bound: 3262
  MIR: 753
  Flow cover: 1284
  RLT: 2
  Relax-and-lift: 51

Explored 18009 nodes (1042931 simplex iterations) in 297.03 seconds (356.42 work units)
Thread count was 48 (of 192 available processors)

Solution count 10: 2.26203e+07 2.26203e+07 -993816 ... -1.52398e+08

Optimal solution found (tolerance 2.00e-02)
Best objective 2.262027724874e+07, best bound 2.283811189739e+07, gap 0.9630%
Deleted nodefile directory: /scratch-local/lbeemster.22529895/gurobi_stress_vol2.0_0.8_demand_run2
Saved model snapshot to study_case_model/figures/volatility_stress/vol2.0_0.8_demand/sub45.0/run2/model_snapshot.pkl
  Objective: 22620277.25
  Avg H2 production: 1.7673632411314746
  Scenario obj std: 3690370.627172256
  CVaR 5%: 18517695.136368472
  Worst scenario: 18517695.13636847

============================================================
Volatility multiplier: 4.0x
============================================================
Read LP format model from file /scratch-local/lbeemster.22529895/tmpxoxt4zfd.pyomo.lp
Reading time = 0.69 seconds
x1: 178177 rows, 50626 columns, 1021376 nonzeros
Set parameter OutputFlag to value 1
Set parameter MIPGap to value 0.02
Set parameter Threads to value 48
Set parameter Presolve to value 1
Set parameter Cuts to value 1
Set parameter NodefileStart to value 1
Set parameter NodefileDir to value "/scratch-local/lbeemster.22529895/gurobi_stress_vol4.0_0.8_demand_run2"
Set parameter MemLimit to value 60
Gurobi Optimizer version 12.0.3 build v12.0.3rc0 (linux64 - "Red Hat Enterprise Linux 9.6 (Plow)")

CPU model: AMD EPYC 9654 96-Core Processor, instruction set [SSE2|AVX|AVX2|AVX512]
Thread count: 192 physical cores, 192 logical processors, using up to 48 threads

Non-default parameters:
MemLimit  60
MIPGap  0.02
NodefileStart  1
Cuts  1
Presolve  1
Threads  48

Academic license 2514514 - for non-commercial use only - registered to l.___@student.vu.nl
Optimize a model with 178177 rows, 50626 columns and 1021376 nonzeros
Model fingerprint: 0xc15bc30c
Variable types: 40002 continuous, 10624 integer (10624 binary)
Coefficient statistics:
  Matrix range     [1e-06, 1e+05]
  Objective range  [2e+00, 3e+04]
  Bounds range     [1e+00, 1e+00]
  RHS range        [3e-01, 2e+05]
Presolve removed 90349 rows and 28366 columns
Presolve time: 1.64s
Presolved: 87828 rows, 22260 columns, 576945 nonzeros
Variable types: 17112 continuous, 5148 integer (5148 binary)
Found heuristic solution: objective -3.01975e+09

Deterministic concurrent LP optimizer: primal simplex, dual simplex, and barrier
Showing barrier log only...

Root barrier log...

Ordering time: 0.31s

Barrier statistics:
 Dense cols : 117
 AA' NZ     : 6.944e+06
 Factor NZ  : 8.173e+06 (roughly 100 MB of memory)
 Factor Ops : 1.041e+09 (less than 1 second per iteration)
 Threads    : 46

                  Objective                Residual
Iter       Primal          Dual         Primal    Dual     Compl     Time
   0  -2.89080993e+12  4.00442756e+14  2.97e+05 1.47e+05  6.73e+10     4s
   1  -1.81159284e+12  2.48801091e+14  1.68e+05 1.14e+06  2.94e+10     4s
   2  -5.17001498e+11  1.55659914e+14  4.52e+04 3.74e+04  8.07e+09     4s
   3  -3.84588429e+10  4.01740175e+13  2.45e+03 1.19e+02  6.45e+08     4s
   4  -1.73260431e+10  9.70456190e+12  5.86e+02 2.39e-06  1.38e+08     4s
   5  -1.09378419e+10  3.28882287e+12  1.23e+02 4.79e-07  3.67e+07     4s
   6  -7.11544020e+09  1.36336230e+12  4.38e+01 1.89e-07  1.38e+07     4s
   7  -4.23986588e+09  8.81599260e+11  2.72e+01 1.12e-07  8.72e+06     4s
   8  -2.55874823e+09  4.52612635e+11  1.60e+01 7.79e-08  4.51e+06     4s
   9  -1.40298689e+09  2.78627906e+11  1.01e+01 5.37e-08  2.76e+06     4s
  10  -8.09129033e+08  1.66611488e+11  6.05e+00 2.67e-08  1.62e+06     4s
  11  -1.74513998e+08  7.72284795e+10  1.08e+00 6.50e-08  6.64e+05     5s
  12  -1.18316519e+07  2.40715555e+10  7.95e-02 5.01e-08  1.96e+05     5s
  13   1.08387624e+07  1.43563237e+09  5.31e-09 1.27e-08  1.15e+04     5s
  14   1.29508032e+07  5.87042039e+08  3.75e-09 4.51e-09  4.63e+03     5s

Barrier performed 14 iterations in 4.74 seconds (4.00 work units)
Barrier solve interrupted - model solved by another algorithm

Concurrent spin time: 0.70s (can be avoided by choosing Method=3)

Solved with primal simplex

Root relaxation: objective 2.665410e+07, 30699 iterations, 2.13 seconds (1.57 work units)
Total elapsed time = 5.21s (DegenMoves)

    Nodes    |    Current Node    |     Objective Bounds      |     Work
 Expl Unexpl |  Obj  Depth IntInf | Incumbent    BestBd   Gap | It/Node Time

     0     0 2.6654e+07    0  268 -3.020e+09 2.6654e+07   101%     -    5s
H    0     0                    -1.71823e+09 2.6654e+07   102%     -    6s
H    0     0                    -1.71823e+09 2.6654e+07   102%     -    6s
H    0     0                    -1.71737e+09 2.6654e+07   102%     -    6s
H    0     0                    -1.69746e+09 2.6642e+07   102%     -    8s
     0     0 2.6483e+07    0  342 -1.697e+09 2.6483e+07   102%     -    9s
H    0     0                    -1.69140e+09 2.6483e+07   102%     -    9s
     0     0 2.6483e+07    0  384 -1.691e+09 2.6483e+07   102%     -    9s
H    0     0                    -1.67627e+09 2.6483e+07   102%     -   10s
     0     0 2.6341e+07    0  401 -1.676e+09 2.6341e+07   102%     -   11s
     0     0 2.6341e+07    0  403 -1.676e+09 2.6341e+07   102%     -   13s
H    0     0                    -1.56716e+09 2.6223e+07   102%     -   16s
     0     0 2.6223e+07    0  372 -1.567e+09 2.6223e+07   102%     -   17s
H    0     0                    -1.30932e+09 2.6222e+07   102%     -   18s
     0     0 2.6221e+07    0  399 -1.309e+09 2.6221e+07   102%     -   18s
     0     0 2.6221e+07    0  399 -1.309e+09 2.6221e+07   102%     -   18s
     0     0 2.6221e+07    0  398 -1.309e+09 2.6221e+07   102%     -   18s
     0     0 2.6161e+07    0  364 -1.309e+09 2.6161e+07   102%     -   21s
H    0     0                    -7.65548e+08 2.6161e+07   103%     -   22s
H    0     0                    -7.59285e+08 2.6161e+07   103%     -   23s
     0     0 2.6160e+07    0  358 -7.593e+08 2.6160e+07   103%     -   23s
     0     0 2.6160e+07    0  367 -7.593e+08 2.6160e+07   103%     -   23s
     0     0 2.6160e+07    0  361 -7.593e+08 2.6160e+07   103%     -   23s
     0     0 2.6160e+07    0  364 -7.593e+08 2.6160e+07   103%     -   23s
     0     0 2.6124e+07    0  282 -7.593e+08 2.6124e+07   103%     -   25s
H    0     0                    -6.15300e+08 2.6124e+07   104%     -   26s
     0     0 2.6124e+07    0  285 -6.153e+08 2.6124e+07   104%     -   26s
     0     0 2.6120e+07    0  265 -6.153e+08 2.6120e+07   104%     -   27s
     0     0 2.6120e+07    0  284 -6.153e+08 2.6120e+07   104%     -   28s
     0     0 2.6120e+07    0  264 -6.153e+08 2.6120e+07   104%     -   29s
H    0     0                    -5.11057e+08 2.6120e+07   105%     -   30s
     0     0 2.6120e+07    0  273 -5.111e+08 2.6120e+07   105%     -   30s
     0     0 2.6119e+07    0  265 -5.111e+08 2.6119e+07   105%     -   31s
     0     0 2.6119e+07    0  277 -5.111e+08 2.6119e+07   105%     -   31s
     0     0 2.6119e+07    0  271 -5.111e+08 2.6119e+07   105%     -   32s
     0     0 2.6119e+07    0  242 -5.111e+08 2.6119e+07   105%     -   36s
H    0     0                    -4.98797e+08 2.6119e+07   105%     -   38s
H    0     0                    -4.93298e+08 2.6119e+07   105%     -   39s
H    0     0                    -4.64068e+08 2.6119e+07   106%     -   39s
H    0     0                    -3.98413e+08 2.6119e+07   107%     -   43s
H    0     0                    -3.26370e+08 2.6119e+07   108%     -   44s
H    0     0                    -2.12112e+08 2.6119e+07   112%     -   48s
H    0     0                    -2.04223e+08 2.6119e+07   113%     -   51s
     0     2 2.6119e+07    0  237 -2.042e+08 2.6119e+07   113%     -   52s
    31    64 2.6103e+07    5  265 -2.042e+08 2.6119e+07   113%   156   55s
H   47    64                    -2.04223e+08 2.6119e+07   113%   125   55s
   831   915 2.6095e+07   13  250 -2.042e+08 2.6118e+07   113%  42.9   60s
H 1240  1312                    -1.98203e+08 2.6118e+07   113%  34.6   64s
H 1244  1312                    -1.98199e+08 2.6118e+07   113%  34.6   64s
H 1245  1312                    -1.79034e+08 2.6118e+07   115%  34.6   64s
H 1246  1312                    -1.64915e+08 2.6118e+07   116%  34.6   64s
H 1255  1312                    -1.64761e+08 2.6118e+07   116%  34.5   64s
  1526  1623 2.6089e+07   27  243 -1.648e+08 2.6118e+07   116%  33.0   65s
  1670  1723 2.6089e+07   29  243 -1.648e+08 2.6118e+07   116%  32.7   73s
H 1699  1723                    -1.64760e+08 2.6118e+07   116%  33.1   73s
H 1704  1723                    -1.64759e+08 2.6118e+07   116%  33.0   73s
H 1743  1771                    -1.64759e+08 2.6118e+07   116%  33.1   74s
  1770  1908 2.6089e+07   31  243 -1.648e+08 2.6118e+07   116%  32.9   75s
H 2625  2672                    -1.64759e+08 2.6118e+07   116%  33.5   78s
  2854  3034 2.6085e+07   57  225 -1.648e+08 2.6118e+07   116%  33.3   80s
H 3912  4106                    -1.64752e+08 2.6118e+07   116%  33.7   84s
H 4024  4102                    -1.56399e+08 2.6118e+07   117%  34.0   84s
  4373  4612 2.6083e+07   88  222 -1.564e+08 2.6118e+07   117%  32.8   85s
H 5247  5237                    -1.56399e+08 2.6118e+07   117%  34.2   87s
  6231  6568 2.6073e+07  117  218 -1.564e+08 2.6118e+07   117%  33.2   90s
  8140  8517 2.6063e+07  142  204 -1.564e+08 2.6118e+07   117%  31.2   95s
  9732  9762 2.6063e+07  166  204 -1.564e+08 2.6118e+07   117%  31.2  101s
  9780  9810 2.6063e+07  167  204 -1.564e+08 2.6118e+07   117%  31.1  105s
H 9781  9775                    -1.28480e+08 2.6118e+07   120%  31.1  105s
H 9784  9775                    -1.24683e+08 2.6118e+07   121%  31.1  105s
H 9785  9768                    -1.08966e+08 2.6118e+07   124%  31.1  105s
  9876  9863 2.6063e+07  169  204 -1.090e+08 2.6118e+07   124%  31.0  114s
H 9925  9864                    -1.02939e+08 2.6118e+07   125%  31.0  120s
H 9942  9615                    -9.45783e+07 2.6118e+07   128%  30.9  120s
H 9947  9515                    -8.00264e+07 2.6118e+07   133%  30.9  120s
H 9950  9501                    -6.85754e+07 2.6118e+07   138%  30.9  120s
H 9971  9029                    -4.58231e+07 2.6118e+07   157%  30.9  120s
 10725 10288 2.5948e+07  185  200 -4.582e+07 2.6118e+07   157%  31.3  126s
H11301 10431                    -3.81278e+07 2.6118e+07   169%  31.3  129s
H11336  9814                    -2.07391e+07 2.6118e+07   226%  31.5  129s
H11447  9599                    -1.38829e+07 2.6118e+07   288%  31.8  129s
 11559 10104 2.6051e+07  195  190 -1.388e+07 2.6118e+07   288%  31.7  130s
H12948 10511                    -684837.4068 2.6118e+07  3914%  30.6  134s
H13004 10509                    59617.580607 2.6118e+07      -  30.6  134s
H13074 10474                    68355.750501 2.6118e+07      -  30.5  134s
 13257 11179 2.6027e+07  233  179 68355.7505 2.6118e+07      -  30.4  136s
 14738 12530 2.6027e+07  265  168 68355.7505 2.6118e+07      -  29.9  140s
H16126 12950                    9194539.5288 2.6118e+07   184%  30.2  143s
 16169 13766 2.6024e+07  295  169 9194539.53 2.6118e+07   184%  30.1  145s
H17972 14730                    9213085.9759 2.6118e+07   183%  28.3  160s
H17972 14726                    9447151.4689 2.6118e+07   176%  28.3  161s
H17972 12538                    1.727065e+07 2.6118e+07  51.2%  28.3  162s
H17972 11643                    2.562642e+07 2.6118e+07  1.92%  28.3  162s

Cutting planes:
  Gomory: 4
  Implied bound: 1792
  MIR: 427
  Flow cover: 771
  RLT: 1
  Relax-and-lift: 55

Explored 17972 nodes (558359 simplex iterations) in 168.03 seconds (196.28 work units)
Thread count was 48 (of 192 available processors)

Solution count 10: 2.56264e+07 2.56264e+07 1.72707e+07 ... -2.07391e+07

Optimal solution found (tolerance 2.00e-02)
Best objective 2.562642280459e+07, best bound 2.611760563841e+07, gap 1.9167%
Deleted nodefile directory: /scratch-local/lbeemster.22529895/gurobi_stress_vol4.0_0.8_demand_run2
Saved model snapshot to study_case_model/figures/volatility_stress/vol4.0_0.8_demand/sub45.0/run2/model_snapshot.pkl
  Objective: 25626422.80
  Avg H2 production: 1.6192859042831682
  Scenario obj std: 7548722.840706105
  CVaR 5%: 17280663.85692649
  Worst scenario: 17210874.800041545

============================================================
Volatility multiplier: 8.0x
============================================================
Read LP format model from file /scratch-local/lbeemster.22529895/tmp3zwgo5xy.pyomo.lp
Reading time = 0.65 seconds
x1: 178177 rows, 50626 columns, 1021376 nonzeros
Set parameter OutputFlag to value 1
Set parameter MIPGap to value 0.02
Set parameter Threads to value 48
Set parameter Presolve to value 1
Set parameter Cuts to value 1
Set parameter NodefileStart to value 1
Set parameter NodefileDir to value "/scratch-local/lbeemster.22529895/gurobi_stress_vol8.0_0.8_demand_run2"
Set parameter MemLimit to value 60
Gurobi Optimizer version 12.0.3 build v12.0.3rc0 (linux64 - "Red Hat Enterprise Linux 9.6 (Plow)")

CPU model: AMD EPYC 9654 96-Core Processor, instruction set [SSE2|AVX|AVX2|AVX512]
Thread count: 192 physical cores, 192 logical processors, using up to 48 threads

Non-default parameters:
MemLimit  60
MIPGap  0.02
NodefileStart  1
Cuts  1
Presolve  1
Threads  48

Academic license 2514514 - for non-commercial use only - registered to l.___@student.vu.nl
Optimize a model with 178177 rows, 50626 columns and 1021376 nonzeros
Model fingerprint: 0x1dda3ccd
Variable types: 40002 continuous, 10624 integer (10624 binary)
Coefficient statistics:
  Matrix range     [1e-06, 1e+05]
  Objective range  [2e+00, 3e+04]
  Bounds range     [1e+00, 1e+00]
  RHS range        [3e-01, 3e+05]
Presolve removed 81341 rows and 26094 columns
Presolve time: 1.54s
Presolved: 96836 rows, 24532 columns, 636197 nonzeros
Variable types: 18856 continuous, 5676 integer (5676 binary)
Found heuristic solution: objective -1.98831e+09

Deterministic concurrent LP optimizer: primal simplex, dual simplex, and barrier
Showing barrier log only...

Root barrier log...

Ordering time: 0.37s

Barrier statistics:
 Dense cols : 129
 AA' NZ     : 7.657e+06
 Factor NZ  : 8.961e+06 (roughly 120 MB of memory)
 Factor Ops : 1.136e+09 (less than 1 second per iteration)
 Threads    : 46

                  Objective                Residual
Iter       Primal          Dual         Primal    Dual     Compl     Time
   0  -2.89057895e+12  4.41499387e+14  2.97e+05 1.47e+05  6.73e+10     4s
   1  -1.81195130e+12  2.74321610e+14  1.68e+05 1.14e+06  2.94e+10     4s
   2  -5.16535803e+11  1.71618710e+14  4.52e+04 3.74e+04  8.08e+09     4s
   3  -3.85728943e+10  4.42759448e+13  2.45e+03 1.23e+02  6.46e+08     4s
   4  -1.77948101e+10  1.07100925e+13  6.00e+02 3.36e-06  1.40e+08     4s
   5  -1.18229537e+10  3.39974423e+12  1.27e+02 6.38e-07  3.53e+07     4s
   6  -8.44747582e+09  1.36149835e+12  4.44e+01 1.98e-07  1.28e+07     4s
   7  -5.60561276e+09  8.86447757e+11  3.05e+01 1.25e-07  8.29e+06     5s
   8  -3.15821550e+09  4.78234435e+11  1.96e+01 7.74e-08  4.55e+06     5s
   9  -1.60042485e+09  2.92109125e+11  8.01e+00 4.60e-08  2.54e+06     5s
  10  -9.92487645e+08  1.30419747e+11  4.26e+00 3.50e-08  1.14e+06     5s
  11  -6.47583426e+08  6.42028270e+10  2.51e+00 2.24e-08  5.61e+05     5s
  12  -6.65395972e+07  3.05700862e+10  3.24e-01 1.20e-08  2.32e+05     5s
  13  -6.24877392e+06  7.14824201e+09  7.25e-02 8.50e-09  5.30e+04     5s
  14   1.49685401e+07  9.71007185e+08  3.39e-04 6.02e-09  6.99e+03     5s
  15   1.72424932e+07  5.30486013e+08  9.09e-05 2.97e-09  3.75e+03     5s
  16   2.10031322e+07  3.33080458e+08  3.13e-05 1.70e-09  2.28e+03     5s
  17   2.32474771e+07  1.70811458e+08  2.06e-05 9.31e-10  1.08e+03     5s
  18   2.59856236e+07  9.82490085e+07  1.28e-05 9.31e-10  5.28e+02     5s

Barrier performed 18 iterations in 5.31 seconds (4.50 work units)
Barrier solve interrupted - model solved by another algorithm

Concurrent spin time: 0.96s (can be avoided by choosing Method=3)

Solved with primal simplex

Root relaxation: objective 3.385490e+07, 33404 iterations, 2.75 seconds (1.91 work units)

    Nodes    |    Current Node    |     Objective Bounds      |     Work
 Expl Unexpl |  Obj  Depth IntInf | Incumbent    BestBd   Gap | It/Node Time

     0     0 3.3855e+07    0  323 -1.988e+09 3.3855e+07   102%     -    6s
H    0     0                    -1.84234e+09 3.3855e+07   102%     -    7s
H    0     0                    -1.77451e+09 3.3855e+07   102%     -    8s
H    0     0                    -1.32636e+09 3.3852e+07   103%     -   10s
     0     0 3.3390e+07    0  423 -1.326e+09 3.3390e+07   103%     -   10s
     0     0 3.3361e+07    0  442 -1.326e+09 3.3361e+07   103%     -   12s
     0     0 3.3361e+07    0  445 -1.326e+09 3.3361e+07   103%     -   12s
     0     0 3.3117e+07    0  402 -1.326e+09 3.3117e+07   102%     -   14s
     0     0 3.3116e+07    0  404 -1.326e+09 3.3116e+07   102%     -   15s
     0     0 3.3116e+07    0  422 -1.326e+09 3.3116e+07   102%     -   15s
     0     0 3.3041e+07    0  400 -1.326e+09 3.3041e+07   102%     -   17s
H    0     0                    -7.18928e+08 3.3040e+07   105%     -   18s
     0     0 3.3040e+07    0  401 -7.189e+08 3.3040e+07   105%     -   18s
     0     0 3.2954e+07    0  368 -7.189e+08 3.2954e+07   105%     -   21s
     0     0 3.2953e+07    0  383 -7.189e+08 3.2953e+07   105%     -   21s
     0     0 3.2953e+07    0  388 -7.189e+08 3.2953e+07   105%     -   21s
     0     0 3.2925e+07    0  304 -7.189e+08 3.2925e+07   105%     -   23s
H    0     0                    -6.02403e+08 3.2925e+07   105%     -   24s
     0     0 3.2925e+07    0  323 -6.024e+08 3.2925e+07   105%     -   24s
     0     0 3.2909e+07    0  308 -6.024e+08 3.2909e+07   105%     -   26s
     0     0 3.2909e+07    0  304 -6.024e+08 3.2909e+07   105%     -   26s
     0     0 3.2907e+07    0  297 -6.024e+08 3.2907e+07   105%     -   27s
     0     0 3.2907e+07    0  299 -6.024e+08 3.2907e+07   105%     -   28s
     0     0 3.2907e+07    0  253 -6.024e+08 3.2907e+07   105%     -   29s
     0     0 3.2907e+07    0  262 -6.024e+08 3.2907e+07   105%     -   30s
     0     0 3.2907e+07    0  265 -6.024e+08 3.2907e+07   105%     -   31s
     0     0 3.2907e+07    0  276 -6.024e+08 3.2907e+07   105%     -   32s
     0     0 3.2907e+07    0  267 -6.024e+08 3.2907e+07   105%     -   32s
     0     0 3.2907e+07    0  253 -6.024e+08 3.2907e+07   105%     -   36s
H    0     0                    -3.17217e+08 3.2907e+07   110%     -   36s
H    0     0                    -3.06512e+08 3.2907e+07   111%     -   41s
H    0     0                    -2.53718e+08 3.2907e+07   113%     -   43s
H    0     0                    -2.21631e+08 3.2907e+07   115%     -   44s
H    0     0                    -2.21631e+08 3.2907e+07   115%     -   51s
     0     2 3.2907e+07    0  241 -2.216e+08 3.2907e+07   115%     -   53s
    15    32 3.2894e+07    4  263 -2.216e+08 3.2906e+07   115%   554   55s
H   71   112                    -2.18229e+08 3.2906e+07   115%   558   56s
   508   557 3.2074e+07   12  258 -2.182e+08 3.2906e+07   115%   137   61s
H  562   609                    -2.02430e+08 3.2906e+07   116%   131   64s
H  580   609                    -1.97218e+08 3.2906e+07   117%   129   64s
   732   833 3.2894e+07   16  256 -1.972e+08 3.2906e+07   117%   114   66s
H 1100  1149                    -1.97217e+08 3.2906e+07   117%  90.5   69s
  1413  1547 3.2885e+07   26  247 -1.972e+08 3.2906e+07   117%  80.5   70s
H 2008  2090                    -1.71776e+08 3.2906e+07   119%  64.8   73s
  2611  2791 3.2885e+07   40  243 -1.718e+08 3.2906e+07   119%  56.1   75s
H 3227  3355                    -1.67925e+08 3.2906e+07   120%  52.4   79s
H 3262  3353                    -1.63703e+08 3.2906e+07   120%  53.2   79s
H 3317  3353                    -1.63564e+08 3.2906e+07   120%  52.7   79s
  3354  3583 3.2752e+07   48  231 -1.636e+08 3.2906e+07   120%  52.7   80s
  3632  3679 3.2850e+07   51  230 -1.636e+08 3.2906e+07   120%  50.8   88s
  3680  3727 3.2840e+07   51  234 -1.636e+08 3.2906e+07   120%  50.6   94s
  3728  3775 3.2788e+07   52  228 -1.636e+08 3.2906e+07   120%  50.7   97s
  3776  3823 -6.339e+07   52  231 -1.636e+08 3.2906e+07   120%  50.6  103s
H 3812  3820                    -1.59280e+08 3.2906e+07   121%  50.5  103s
  4383  4680 3.2778e+07   65  220 -1.593e+08 3.2906e+07   121%  46.7  105s
H 5018  5055                    -1.59280e+08 3.2906e+07   121%  43.3  108s
  5401  5733 3.2776e+07   91  199 -1.593e+08 3.2906e+07   121%  41.3  111s
  6868  7248 3.2747e+07  125  183 -1.593e+08 3.2906e+07   121%  35.5  115s
H 6980  7248                    -1.59280e+08 3.2906e+07   121%  35.2  115s
H 7752  7913                    -1.59280e+08 3.2906e+07   121%  32.9  118s
H 7796  7913                    -1.59080e+08 3.2906e+07   121%  32.8  118s
H 7817  7877                    -1.52666e+08 3.2906e+07   122%  32.7  118s
  8401  8800 3.2748e+07  153  177 -1.527e+08 3.2906e+07   122%  31.7  120s
  9877  9858 3.2747e+07  182  168 -1.527e+08 3.2906e+07   122%  29.7  125s
H 9879  9194                    -1.07976e+08 3.2906e+07   130%  29.7  125s
H 9907  9194                    -1.07815e+08 3.2906e+07   131%  29.7  125s
 11601 11185 3.2744e+07  216  154 -1.078e+08 3.2906e+07   131%  29.4  131s
H11645 11185                    -1.07815e+08 3.2906e+07   131%  29.5  131s
 12558 12400 3.2742e+07  233  156 -1.078e+08 3.2906e+07   131%  29.7  135s
 13192 12851 3.2739e+07  244  153 -1.078e+08 3.2906e+07   131%  29.4  140s
H13645 12898                    -1.03031e+08 3.2906e+07   132%  31.3  144s
H13656 12844                    -9.57485e+07 3.2906e+07   134%  31.3  144s
H13687 12674                    -8.88972e+07 3.2906e+07   137%  31.3  144s
 13694 13381 3.2734e+07  252  156 -8.890e+07 3.2906e+07   137%  31.3  146s
 15168 14871 3.2579e+07  289  152 -8.890e+07 3.2906e+07   137%  30.3  150s
Created node file directory '/scratch-local/lbeemster.22529895/gurobi_stress_vol8.0_0.8_demand_run2/grbnodes0'
 16676 16364 3.2365e+07  318  142 -8.890e+07 3.2906e+07   137%  29.0  156s
H17433 16866                    -8.63387e+07 3.2906e+07   138%  28.3  163s
H17564 16611                    -7.31672e+07 3.2906e+07   145%  28.2  169s
H17941 16611                    -7.06416e+07 3.2906e+07   147%  28.0  169s
H17963 16611                    -6.75583e+07 3.2906e+07   149%  28.0  169s
H17965 15353                    -4.46651e+07 3.2906e+07   174%  28.0  185s
H17965 13076                    822583.84543 3.2906e+07  3900%  28.0  186s
H17965  9672                    3.203606e+07 3.2906e+07  2.72%  28.0  187s
H17965  9492                    3.225507e+07 3.2906e+07  2.02%  28.0  187s
H17965  9490                    3.225580e+07 3.2906e+07  2.02%  28.0  188s
H17965  9490                    3.225829e+07 3.2906e+07  2.01%  28.0  188s
 17966  9346 3.2672e+07  158  253 3.2258e+07 3.2906e+07  2.01%  28.0  201s

Cutting planes:
  Gomory: 13
  Cover: 11
  Implied bound: 175
  MIR: 312
  Flow cover: 431
  RLT: 2
  Relax-and-lift: 262
  BQP: 1

Explored 17967 nodes (586824 simplex iterations) in 221.15 seconds (247.14 work units)
Thread count was 48 (of 192 available processors)

Solution count 10: 3.22583e+07 3.22583e+07 3.22558e+07 ... -7.31672e+07

Optimal solution found (tolerance 2.00e-02)
Best objective 3.225829142079e+07, best bound 3.276566432175e+07, gap 1.5728%
Deleted nodefile directory: /scratch-local/lbeemster.22529895/gurobi_stress_vol8.0_0.8_demand_run2
Saved model snapshot to study_case_model/figures/volatility_stress/vol8.0_0.8_demand/sub45.0/run2/model_snapshot.pkl
  Objective: 32258291.42
  Avg H2 production: 1.5678570157762644
  Scenario obj std: 14918597.97162606
  CVaR 5%: 16627026.29479806
  Worst scenario: 16627026.294798046

============================================================
Volatility multiplier: 16.0x
============================================================
Read LP format model from file /scratch-local/lbeemster.22529895/tmp0ek3m3xu.pyomo.lp
Reading time = 0.80 seconds
x1: 178177 rows, 50626 columns, 1021376 nonzeros
Set parameter OutputFlag to value 1
Set parameter MIPGap to value 0.02
Set parameter Threads to value 48
Set parameter Presolve to value 1
Set parameter Cuts to value 1
Set parameter NodefileStart to value 1
Set parameter NodefileDir to value "/scratch-local/lbeemster.22529895/gurobi_stress_vol16.0_0.8_demand_run2"
Set parameter MemLimit to value 60
Gurobi Optimizer version 12.0.3 build v12.0.3rc0 (linux64 - "Red Hat Enterprise Linux 9.6 (Plow)")

CPU model: AMD EPYC 9654 96-Core Processor, instruction set [SSE2|AVX|AVX2|AVX512]
Thread count: 192 physical cores, 192 logical processors, using up to 48 threads

Non-default parameters:
MemLimit  60
MIPGap  0.02
NodefileStart  1
Cuts  1
Presolve  1
Threads  48

Academic license 2514514 - for non-commercial use only - registered to l.___@student.vu.nl
Optimize a model with 178177 rows, 50626 columns and 1021376 nonzeros
Model fingerprint: 0x6330d635
Variable types: 40002 continuous, 10624 integer (10624 binary)
Coefficient statistics:
  Matrix range     [1e-06, 1e+05]
  Objective range  [2e+00, 3e+04]
  Bounds range     [1e+00, 1e+00]
  RHS range        [3e-01, 3e+05]
Presolve removed 76837 rows and 24958 columns
Presolve time: 1.59s
Presolved: 101340 rows, 25668 columns, 665823 nonzeros
Variable types: 19728 continuous, 5940 integer (5940 binary)
Found heuristic solution: objective -1.16578e+09

Deterministic concurrent LP optimizer: primal simplex, dual simplex, and barrier
Showing barrier log only...

Root barrier log...

Ordering time: 0.37s

Barrier statistics:
 Dense cols : 135
 AA' NZ     : 8.014e+06
 Factor NZ  : 9.382e+06 (roughly 130 MB of memory)
 Factor Ops : 1.193e+09 (less than 1 second per iteration)
 Threads    : 46

                  Objective                Residual
Iter       Primal          Dual         Primal    Dual     Compl     Time
   0  -2.91428131e+12  3.46509179e+14  2.99e+05 1.10e+05  5.09e+10     4s
   1  -1.82572660e+12  2.16299447e+14  1.70e+05 8.53e+05  2.22e+10     4s
   2  -5.30175363e+11  1.42941430e+14  4.68e+04 3.53e+04  6.16e+09     4s
   3  -4.35725888e+10  3.87429566e+13  3.00e+03 6.76e-07  5.62e+08     4s
   4  -1.67238677e+10  1.00748793e+13  5.79e+02 1.27e-06  1.15e+08     4s
   5  -1.14280542e+10  3.06682877e+12  1.36e+02 3.67e-07  2.98e+07     4s
   6  -8.36203428e+09  1.38757419e+12  5.35e+01 1.61e-07  1.24e+07     4s
   7  -5.68890152e+09  9.59081802e+11  3.53e+01 9.90e-08  8.32e+06     5s
   8  -3.09542150e+09  4.90154784e+11  2.15e+01 6.71e-08  4.31e+06     5s
   9  -1.50802263e+09  3.12517748e+11  1.01e+01 4.42e-08  2.57e+06     5s
  10  -7.25030788e+08  1.97062677e+11  6.06e+00 2.44e-08  1.59e+06     5s
  11  -5.63655323e+08  1.44724815e+11  3.65e+00 4.26e-08  1.13e+06     5s
  12  -3.76405885e+08  6.38279950e+10  2.65e+00 1.14e-08  5.19e+05     5s

Barrier performed 12 iterations in 4.96 seconds (4.29 work units)
Barrier solve interrupted - model solved by another algorithm

Concurrent spin time: 0.69s (can be avoided by choosing Method=3)

Solved with primal simplex

Root relaxation: objective 4.922564e+07, 30348 iterations, 2.25 seconds (1.64 work units)
Total elapsed time = 5.48s (DegenMoves)

    Nodes    |    Current Node    |     Objective Bounds      |     Work
 Expl Unexpl |  Obj  Depth IntInf | Incumbent    BestBd   Gap | It/Node Time

     0     0 4.9226e+07    0  287 -1.166e+09 4.9226e+07   104%     -    5s
H    0     0                    -1.16578e+09 4.9226e+07   104%     -    6s
H    0     0                    -1.16578e+09 4.9225e+07   104%     -    8s
     0     0 4.8529e+07    0  406 -1.166e+09 4.8529e+07   104%     -    9s
H    0     0                    -1.15295e+09 4.8529e+07   104%     -   10s
H    0     0                    -1.11230e+09 4.8529e+07   104%     -   10s
     0     0 4.8529e+07    0  414 -1.112e+09 4.8529e+07   104%     -   10s
     0     0 4.8168e+07    0  429 -1.112e+09 4.8168e+07   104%     -   14s
H    0     0                    -7.79458e+08 4.8167e+07   106%     -   15s
     0     0 4.8167e+07    0  445 -7.795e+08 4.8167e+07   106%     -   16s
     0     0 4.8167e+07    0  465 -7.795e+08 4.8167e+07   106%     -   16s
     0     0 4.7803e+07    0  394 -7.795e+08 4.7803e+07   106%     -   18s
H    0     0                    -7.18080e+08 4.7803e+07   107%     -   19s
     0     0 4.7798e+07    0  401 -7.181e+08 4.7798e+07   107%     -   19s
     0     0 4.7798e+07    0  402 -7.181e+08 4.7798e+07   107%     -   19s
     0     0 4.7757e+07    0  390 -7.181e+08 4.7757e+07   107%     -   22s
H    0     0                    -4.65413e+08 4.7756e+07   110%     -   22s
H    0     0                    -4.34895e+08 4.7756e+07   111%     -   24s
     0     0 4.7754e+07    0  390 -4.349e+08 4.7754e+07   111%     -   24s
     0     0 4.7753e+07    0  394 -4.349e+08 4.7753e+07   111%     -   24s
     0     0 4.7753e+07    0  395 -4.349e+08 4.7753e+07   111%     -   24s
     0     0 4.7737e+07    0  360 -4.349e+08 4.7737e+07   111%     -   26s
     0     0 4.7735e+07    0  334 -4.349e+08 4.7735e+07   111%     -   27s
     0     0 4.7735e+07    0  332 -4.349e+08 4.7735e+07   111%     -   27s
     0     0 4.7716e+07    0  330 -4.349e+08 4.7716e+07   111%     -   29s
H    0     0                    -4.17820e+08 4.7716e+07   111%     -   30s
     0     0 4.7715e+07    0  342 -4.178e+08 4.7715e+07   111%     -   30s
     0     0 4.7714e+07    0  344 -4.178e+08 4.7714e+07   111%     -   30s
     0     0 4.7679e+07    0  321 -4.178e+08 4.7679e+07   111%     -   32s
     0     0 4.7677e+07    0  316 -4.178e+08 4.7677e+07   111%     -   33s
     0     0 4.7677e+07    0  314 -4.178e+08 4.7677e+07   111%     -   33s
     0     0 4.7661e+07    0  275 -4.178e+08 4.7661e+07   111%     -   34s
H    0     0                    -3.61898e+08 4.7661e+07   113%     -   41s
     0     0 4.7659e+07    0  262 -3.619e+08 4.7659e+07   113%     -   42s
     0     0 4.7659e+07    0  260 -3.619e+08 4.7659e+07   113%     -   42s
     0     0 4.7658e+07    0  241 -3.619e+08 4.7658e+07   113%     -   42s
     0     0 4.7658e+07    0  238 -3.619e+08 4.7658e+07   113%     -   42s
     0     0 4.7658e+07    0  241 -3.619e+08 4.7658e+07   113%     -   43s
     0     0 4.7656e+07    0  232 -3.619e+08 4.7656e+07   113%     -   44s
     0     0 4.7656e+07    0  232 -3.619e+08 4.7656e+07   113%     -   45s
     0     0 4.7656e+07    0  229 -3.619e+08 4.7656e+07   113%     -   45s
     0     0 4.7653e+07    0  233 -3.619e+08 4.7653e+07   113%     -   46s
     0     0 4.7653e+07    0  232 -3.619e+08 4.7653e+07   113%     -   46s
     0     0 4.7653e+07    0  232 -3.619e+08 4.7653e+07   113%     -   46s
     0     0 4.7653e+07    0  232 -3.619e+08 4.7653e+07   113%     -   46s
     0     0 4.7653e+07    0  232 -3.619e+08 4.7653e+07   113%     -   46s
     0     0 4.7653e+07    0  232 -3.619e+08 4.7653e+07   113%     -   46s
     0     0 4.7653e+07    0  232 -3.619e+08 4.7653e+07   113%     -   46s
     0     0 4.7653e+07    0  232 -3.619e+08 4.7653e+07   113%     -   47s
     0     0 4.7653e+07    0  233 -3.619e+08 4.7653e+07   113%     -   47s
     0     0 4.7653e+07    0  215 -3.619e+08 4.7653e+07   113%     -   50s
H    0     0                    -2.96905e+08 4.7653e+07   116%     -   55s
H    0     0                    -2.70265e+08 4.7653e+07   118%     -   61s
H    0     0                    -2.57757e+08 4.7653e+07   118%     -   64s
     0     2 4.7653e+07    0  214 -2.578e+08 4.7653e+07   118%     -   66s
   111   202 4.7643e+07    7  224 -2.578e+08 4.7646e+07   118%   108   70s
H  297   346                    -2.57757e+08 4.7646e+07   118%  62.6   72s
   492   541 4.7643e+07   15  224 -2.578e+08 4.7646e+07   118%  54.4   77s
   540   593 4.7330e+07   15  217 -2.578e+08 4.7646e+07   118%  55.8   92s
H  562   593                    -2.57757e+08 4.7646e+07   118%  55.9   92s
H  573   593                    -2.48389e+08 4.7646e+07   119%  56.1   92s
H  590   593                    -2.18312e+08 4.7646e+07   122%  55.8   92s
H  640   698                    -2.17689e+08 4.7646e+07   122%  55.5   95s
H  663   698                    -2.17609e+08 4.7646e+07   122%  55.0   95s
H  674   698                    -2.14713e+08 4.7646e+07   122%  54.7   95s
H  675   698                    -2.03740e+08 4.7646e+07   123%  54.6   95s
H  676   698                    -1.86580e+08 4.7646e+07   126%  54.6   95s
  1268  1370 4.7638e+07   30  221 -1.866e+08 4.7646e+07   126%  44.0  100s
H 1762  1811                    -1.86580e+08 4.7646e+07   126%  40.8  107s
H 1776  1811                    -1.86580e+08 4.7646e+07   126%  40.9  107s
H 1782  1811                    -1.86580e+08 4.7646e+07   126%  40.9  107s
  2288  2467 4.6932e+07   44  213 -1.866e+08 4.7646e+07   126%  40.3  110s
  3282  3530 4.6921e+07   67  172 -1.866e+08 4.7646e+07   126%  37.6  115s
H 3470  3530                    -1.80914e+08 4.7646e+07   126%  36.5  115s
H 3523  3528                    -1.54516e+08 4.7646e+07   131%  36.3  115s
H 3908  3942                    -1.53216e+08 4.7646e+07   131%  36.1  117s
  4522  4577 4.6916e+07   88  160 -1.532e+08 4.7646e+07   131%  35.0  121s
H 4604  4645                    -1.26989e+08 4.7646e+07   138%  34.8  122s
H 4617  4609                    -9.42668e+07 4.7646e+07   151%  34.8  122s
  5327  5564 4.6906e+07  102  160 -9.427e+07 4.7646e+07   151%  33.4  125s
  6408  6426 4.6880e+07  123  161 -9.427e+07 4.7646e+07   151%  30.8  130s
H 6735  6754                    -6.92432e+07 4.7646e+07   169%  30.4  131s
  7823  8045 4.6857e+07  142  165 -6.924e+07 4.7646e+07   169%  29.4  135s
  9746 10054 4.6607e+07  170  148 -6.924e+07 4.7646e+07   169%  28.2  140s
 10388 10150 4.6812e+07  183  140 -6.924e+07 4.7646e+07   169%  27.8  146s
H10393  9999                    -6.76977e+07 4.7646e+07   170%  27.8  146s
H10404  9999                    -6.76690e+07 4.7646e+07   170%  27.8  146s
 11059 11008 4.6797e+07  201  135 -6.767e+07 4.7646e+07   170%  27.3  150s
 11473 11056 4.6767e+07  208  132 -6.767e+07 4.7646e+07   170%  27.2  155s
H11509 10430                    -4.61685e+07 4.7646e+07   203%  27.2  155s
 11521 11024 4.6767e+07  209  133 -4.617e+07 4.7646e+07   203%  27.2  160s
H12003 11024                    -4.29715e+07 4.7646e+07   211%  26.9  160s
 13638 13299 4.6766e+07  253  133 -4.297e+07 4.7646e+07   211%  25.7  166s
 15159 14886 3.6407e+07  283  121 -4.297e+07 4.7646e+07   211%  24.8  170s
H15590 14459                    -3.65830e+07 4.7646e+07   230%  24.5  170s
H17774 14728                    -8597340.742 4.7646e+07   654%  23.3  186s
H17774 14722                    -6196630.746 4.7646e+07   869%  23.3  187s
H17774 11552                    3.045506e+07 4.7646e+07  56.4%  23.3  188s
H17774 11447                    3.295108e+07 4.7646e+07  44.6%  23.3  188s
H17774 10617                    4.542507e+07 4.7646e+07  4.89%  23.3  190s
H17774 10538                    4.627521e+07 4.7646e+07  2.96%  23.3  190s
H17774 10528                    4.628299e+07 4.7646e+07  2.94%  23.3  191s
H17774 10391                    4.636967e+07 4.7646e+07  2.75%  23.3  192s
H17774 10302                    4.639732e+07 4.7646e+07  2.69%  23.3  193s
 17775 10147 4.7106e+07   45  215 4.6397e+07 4.7646e+07  2.69%  23.3  203s
 17777 10148 4.7396e+07  182  212 4.6397e+07 4.7646e+07  2.69%  23.3  243s
 17778 10149 4.7100e+07  210  250 4.6397e+07 4.7346e+07  2.04%  23.3  247s

Cutting planes:
  Gomory: 15
  Cover: 22
  Implied bound: 167
  MIR: 572
  Flow cover: 659
  RLT: 4
  Relax-and-lift: 342
  BQP: 3

Explored 17778 nodes (510485 simplex iterations) in 248.04 seconds (273.01 work units)
Thread count was 48 (of 192 available processors)

Solution count 10: 4.63973e+07 4.63697e+07 4.6283e+07 ... -3.6583e+07

Optimal solution found (tolerance 2.00e-02)
Best objective 4.639732018353e+07, best bound 4.720845903526e+07, gap 1.7482%
Deleted nodefile directory: /scratch-local/lbeemster.22529895/gurobi_stress_vol16.0_0.8_demand_run2
Saved model snapshot to study_case_model/figures/volatility_stress/vol16.0_0.8_demand/sub45.0/run2/model_snapshot.pkl
  Objective: 46397320.18
  Avg H2 production: 1.552492822094826
  Scenario obj std: 29325385.011476085
  CVaR 5%: 13099267.155373521
  Worst scenario: 6699529.03090388

Results saved to study_case_model/figures/volatility_stress/05052026/stress_test_results_45_0.8_price_shock_lt_2_.csv

================================================================================
STRESS TEST SUMMARY
================================================================================
    1.0x vol: obj= 21277297.78, loss=0.0%, H2=    1.87, CVaR5=19280815.41372791
    2.0x vol: obj= 22620277.25, loss=-6.3%, H2=    1.77, CVaR5=18517695.136368472
    4.0x vol: obj= 25626422.80, loss=-20.4%, H2=    1.62, CVaR5=17280663.85692649
    8.0x vol: obj= 32258291.42, loss=-51.6%, H2=    1.57, CVaR5=16627026.29479806
   16.0x vol: obj= 46397320.18, loss=-118.1%, H2=    1.55, CVaR5=13099267.155373521

Finished stress test!
