Gurobi shell based on Python 3.13.1 can be launched with command `gurobi.sh`
Gurobi Python Interface can be loaded in Python 3.13.1 with 'import gurobipy'
/var/spool/slurm/slurmd/job22618105/slurm_script: line 24: activate: No such file or directory
Stress test configuration:
  Volatility multipliers: [1.0, 2.0, 4.0, 8.0, 16.0]
  Shock type: price_lt
  Price Correlated shocks: 0.0
  Subsidy: 0.0 EUR/MWh
  Deviation allowance: 0.0

============================================================
Volatility multiplier: 1.0x
============================================================
Read LP format model from file /scratch-local/lbeemster.22618105/tmpuast0hdm.pyomo.lp
Reading time = 0.75 seconds
x1: 178177 rows, 50626 columns, 1021376 nonzeros
Set parameter OutputFlag to value 1
Set parameter MIPGap to value 0.002
Set parameter Threads to value 48
Set parameter Presolve to value 1
Set parameter Cuts to value 1
Set parameter NodefileStart to value 1
Set parameter NodefileDir to value "/scratch-local/lbeemster.22618105/gurobi_stress_vol1.0_0.0_price_lt_run2"
Set parameter MemLimit to value 60
Gurobi Optimizer version 12.0.3 build v12.0.3rc0 (linux64 - "Red Hat Enterprise Linux 9.6 (Plow)")

CPU model: AMD EPYC 9654 96-Core Processor, instruction set [SSE2|AVX|AVX2|AVX512]
Thread count: 192 physical cores, 192 logical processors, using up to 48 threads

Non-default parameters:
MemLimit  60
MIPGap  0.002
NodefileStart  1
Cuts  1
Presolve  1
Threads  48

Academic license 2514514 - for non-commercial use only - registered to l.___@student.vu.nl
Optimize a model with 178177 rows, 50626 columns and 1021376 nonzeros
Model fingerprint: 0xc37214cb
Variable types: 40002 continuous, 10624 integer (10624 binary)
Coefficient statistics:
  Matrix range     [1e-06, 1e+05]
  Objective range  [2e+00, 3e+04]
  Bounds range     [1e+00, 1e+00]
  RHS range        [3e-01, 2e+05]
Presolve removed 34049 rows and 14166 columns
Presolve time: 1.64s
Presolved: 144128 rows, 36460 columns, 945973 nonzeros
Variable types: 28012 continuous, 8448 integer (8448 binary)
Found heuristic solution: objective -4.36156e+09

Deterministic concurrent LP optimizer: primal simplex, dual simplex, and barrier
Showing barrier log only...

Root barrier log...

Ordering time: 2.34s

Barrier statistics:
 AA' NZ     : 1.286e+07
 Factor NZ  : 1.434e+07 (roughly 200 MB of memory)
 Factor Ops : 2.150e+09 (less than 1 second per iteration)
 Threads    : 46

                  Objective                Residual
Iter       Primal          Dual         Primal    Dual     Compl     Time
   0  -3.00288809e+12  1.66219616e+14  3.09e+05 3.68e+04  1.75e+10     7s
   1  -1.87725162e+12  1.04791443e+14  1.75e+05 2.84e+05  7.64e+09     7s
   2  -5.43172600e+11  6.97282481e+13  4.78e+04 1.11e+04  2.11e+09     7s
   3  -4.51833991e+10  1.98203631e+13  3.19e+03 1.36e+01  2.01e+08     7s
   4  -1.37141004e+10  5.21756232e+12  5.09e+02 2.12e-07  3.89e+07     7s
   5  -8.32488995e+09  1.38923232e+12  1.23e+02 1.11e-07  9.31e+06     7s
   6  -3.23738563e+09  5.12726921e+11  4.20e+01 3.45e-08  3.17e+06     7s
   7  -1.47574550e+09  3.23927084e+11  2.27e+01 2.71e-08  1.91e+06     7s
   8  -5.25756162e+08  1.62689087e+11  7.69e+00 1.25e-08  8.99e+05     7s
   9  -1.03162602e+08  7.07581941e+10  1.03e+00 8.88e-09  3.59e+05     7s
  10  -4.43488691e+06  1.29311431e+10  7.27e-02 8.53e-09  6.40e+04     8s
  11   5.77541128e+06  1.94015754e+09  4.15e-03 7.68e-09  9.51e+03     8s
  12   7.82276430e+06  8.92566483e+08  1.62e-06 2.56e-09  4.35e+03     8s
  13   8.99387324e+06  3.18989407e+08  9.32e-07 9.31e-10  1.52e+03     8s
  14   1.15067518e+07  1.51718125e+08  4.01e-07 6.98e-10  6.89e+02     8s
  15   1.31414961e+07  8.50947738e+07  2.71e-07 4.66e-10  3.53e+02     8s
  16   1.80315034e+07  6.56197759e+07  5.12e-08 4.66e-10  2.34e+02     8s
  17   1.96173438e+07  4.47701895e+07  2.79e-08 4.66e-10  1.24e+02     8s
  18   1.94485301e+07  3.56213104e+07  1.52e-08 4.66e-10  7.95e+01     8s
  19   1.98724603e+07  3.09117964e+07  1.07e-08 4.66e-10  5.42e+01     8s
  20   2.03155730e+07  2.63820057e+07  6.48e-09 4.66e-10  2.98e+01     8s
  21   2.06429837e+07  2.48597838e+07  3.75e-09 4.66e-10  2.07e+01     8s

Barrier performed 21 iterations in 8.13 seconds (6.72 work units)
Barrier solve interrupted - model solved by another algorithm

Concurrent spin time: 1.61s (can be avoided by choosing Method=3)

Solved with dual simplex

Root relaxation: objective 2.119097e+07, 48923 iterations, 4.94 seconds (3.85 work units)

    Nodes    |    Current Node    |     Objective Bounds      |     Work
 Expl Unexpl |  Obj  Depth IntInf | Incumbent    BestBd   Gap | It/Node Time

     0     0 2.1191e+07    0  497 -4.362e+09 2.1191e+07   100%     -    9s
H    0     0                    -1.49794e+09 2.1191e+07   101%     -   10s
H    0     0                    -1.47923e+09 2.1191e+07   101%     -   12s
     0     0 2.1142e+07    0  608 -1.479e+09 2.1142e+07   101%     -   14s
H    0     0                    -9.76560e+08 2.1142e+07   102%     -   15s
     0     0 2.1142e+07    0  652 -9.766e+08 2.1142e+07   102%     -   15s
     0     0 2.1117e+07    0  556 -9.766e+08 2.1117e+07   102%     -   18s
     0     0 2.1117e+07    0  572 -9.766e+08 2.1117e+07   102%     -   18s
     0     0 2.1097e+07    0  526 -9.766e+08 2.1097e+07   102%     -   21s
H    0     0                    -8.74069e+08 2.1097e+07   102%     -   22s
     0     0 2.1097e+07    0  553 -8.741e+08 2.1097e+07   102%     -   23s
     0     0 2.1097e+07    0  562 -8.741e+08 2.1097e+07   102%     -   23s
     0     0 2.1090e+07    0  509 -8.741e+08 2.1090e+07   102%     -   26s
     0     0 2.1089e+07    0  507 -8.741e+08 2.1089e+07   102%     -   26s
     0     0 2.1089e+07    0  516 -8.741e+08 2.1089e+07   102%     -   26s
     0     0 2.1089e+07    0  520 -8.741e+08 2.1089e+07   102%     -   27s
     0     0 2.1082e+07    0  497 -8.741e+08 2.1082e+07   102%     -   29s
     0     0 2.1082e+07    0  509 -8.741e+08 2.1082e+07   102%     -   32s
     0     0 2.1082e+07    0  516 -8.741e+08 2.1082e+07   102%     -   32s
     0     0 2.1075e+07    0  485 -8.741e+08 2.1075e+07   102%     -   34s
     0     0 2.1074e+07    0  494 -8.741e+08 2.1074e+07   102%     -   34s
     0     0 2.1074e+07    0  515 -8.741e+08 2.1074e+07   102%     -   35s
     0     0 2.1072e+07    0  494 -8.741e+08 2.1072e+07   102%     -   37s
     0     0 2.1072e+07    0  505 -8.741e+08 2.1072e+07   102%     -   39s
     0     0 2.1072e+07    0  518 -8.741e+08 2.1072e+07   102%     -   40s
     0     0 2.1069e+07    0  500 -8.741e+08 2.1069e+07   102%     -   42s
     0     0 2.1069e+07    0  513 -8.741e+08 2.1069e+07   102%     -   42s
     0     0 2.1069e+07    0  521 -8.741e+08 2.1069e+07   102%     -   42s
     0     0 2.1069e+07    0  519 -8.741e+08 2.1069e+07   102%     -   42s
     0     0 2.1067e+07    0  489 -8.741e+08 2.1067e+07   102%     -   44s
H    0     0                    -7.34957e+08 2.1067e+07   103%     -   46s
     0     0 2.1067e+07    0  499 -7.350e+08 2.1067e+07   103%     -   46s
     0     0 2.1067e+07    0  506 -7.350e+08 2.1067e+07   103%     -   46s
     0     0 2.1067e+07    0  488 -7.350e+08 2.1067e+07   103%     -   47s
     0     0 2.1067e+07    0  495 -7.350e+08 2.1067e+07   103%     -   47s
     0     0 2.1066e+07    0  492 -7.350e+08 2.1066e+07   103%     -   49s
H    0     0                    -6.45175e+08 2.1066e+07   103%     -   50s
     0     0 2.1066e+07    0  495 -6.452e+08 2.1066e+07   103%     -   50s
     0     0 2.1066e+07    0  497 -6.452e+08 2.1066e+07   103%     -   51s
     0     0 2.1066e+07    0  497 -6.452e+08 2.1066e+07   103%     -   56s
H    0     0                    -4.78711e+08 2.1066e+07   104%     -   59s
H    0     0                    -4.77971e+08 2.1066e+07   104%     -   65s
H    0     0                    -3.71637e+08 2.1066e+07   106%     -   67s
H    0     0                    -2.50039e+07 2.1066e+07   184%     -   78s
H    0     0                    -2.50038e+07 2.1066e+07   184%     -   82s
H    0     0                    -2.28057e+07 2.1066e+07   192%     -   82s
     0     2 2.1066e+07    0  496 -2.281e+07 2.1066e+07   192%     -   85s
H   49    64                    -2.28055e+07 2.1066e+07   192%   153   89s
H   59    64                    -2.28055e+07 2.1066e+07   192%   139   89s
   111   252 2.1065e+07    7  504 -2.281e+07 2.1066e+07   192%   106   90s
   597   687 2.1065e+07   13  506 -2.281e+07 2.1066e+07   192%  57.3   95s
  1215  1322 2.1065e+07   21  500 -2.281e+07 2.1066e+07   192%  48.9  101s
H 1224  1322                    -2.27940e+07 2.1066e+07   192%  48.9  101s
H 1232  1322                    -2672326.534 2.1066e+07   888%  48.8  101s
H 1247  1322                    -2658324.676 2.1066e+07   892%  48.8  101s
H 1690  1733                    -2658323.444 2.1066e+07   892%  45.4  107s
H 1738  1781                    -2658249.275 2.1066e+07   892%  45.2  110s
H 2023  2094                    -2620523.848 2.1066e+07   904%  43.1  113s
  2502  2685 2.1062e+07   38  451 -2620523.8 2.1066e+07   904%  41.1  115s
Created node file directory '/scratch-local/lbeemster.22618105/gurobi_stress_vol1.0_0.0_price_lt_run2/grbnodes0'
H 3211  3330                    -2609679.989 2.1066e+07   907%  40.3  119s
H 3293  3330                    -2603738.628 2.1066e+07   909%  40.3  119s
  3341  3549 2.1062e+07   50  425 -2603738.6 2.1066e+07   909%  40.3  120s
  4258  4490 2.1061e+07   63  415 -2603738.6 2.1066e+07   909%  41.5  125s
H 4763  4798                    -2603738.597 2.1066e+07   909%  40.7  130s
  5699  6019 2.1059e+07   87  403 -2603738.6 2.1066e+07   909%  38.7  136s
  6277  6571 2.1056e+07   96  398 -2603738.6 2.1066e+07   909%  39.0  140s
  7270  7600 2.1056e+07  116  402 -2603738.6 2.1066e+07   909%  42.4  146s
  7913  8379 2.1049e+07  121  388 -2603738.6 2.1066e+07   909%  41.8  151s
  8402  8427 2.1045e+07  124  380 -2603738.6 2.1066e+07   909%  40.7  155s
H 8442  8427                    -2603738.585 2.1066e+07   909%  40.6  155s
  9555  9562 2.1044e+07  144  361 -2603738.6 2.1066e+07   909%  38.5  164s
  9603  9624 2.1044e+07  145  359 -2603738.6 2.1066e+07   909%  38.5  171s
H 9604  9009                    1.660676e+07 2.1066e+07  26.9%  38.5  171s
H 9643  9009                    1.661412e+07 2.1066e+07  26.8%  38.5  171s
 10199  9918 2.1044e+07  156  351 1.6614e+07 2.1066e+07  26.8%  38.2  175s
H10785 10257                    1.662583e+07 2.1066e+07  26.7%  37.8  179s
H10842 10257                    1.664574e+07 2.1066e+07  26.6%  37.7  179s
 11093 10882 2.1043e+07  174  345 1.6646e+07 2.1066e+07  26.6%  37.4  181s
 12319 11564 2.1042e+07  189  338 1.6646e+07 2.1066e+07  26.6%  35.9  189s
 12402 12114 2.1042e+07  190  343 1.6646e+07 2.1066e+07  26.6%  35.8  191s
H12510 12114                    1.664584e+07 2.1066e+07  26.6%  35.6  191s
 12960 12258 2.1041e+07  201  339 1.6646e+07 2.1066e+07  26.6%  35.3  195s
H13790 12987                    1.664586e+07 2.1066e+07  26.6%  34.5  206s
 14550 14046 2.1041e+07  229  309 1.6646e+07 2.1066e+07  26.6%  33.9  213s
H14900 14740                    1.664588e+07 2.1066e+07  26.6%  33.7  218s
H15288 14740                    1.664842e+07 2.1066e+07  26.5%  33.4  218s
 15594 15692 2.1040e+07  241  285 1.6648e+07 2.1066e+07  26.5%  33.1  221s
 16550 16541 2.1039e+07  253  274 1.6648e+07 2.1066e+07  26.5%  32.3  225s
 17399 17621 2.1038e+07  268  261 1.6648e+07 2.1066e+07  26.5%  31.8  230s
H18483 17621                    1.666757e+07 2.1066e+07  26.4%  30.9  240s
H18483 17621                    1.847169e+07 2.1066e+07  14.0%  30.9  242s
H18483 17396                    2.069115e+07 2.1066e+07  1.81%  30.9  247s
H18483 17396                    2.072671e+07 2.1066e+07  1.64%  30.9  250s
H18483 17396                    2.073060e+07 2.1066e+07  1.62%  30.9  253s
H18483 17396                    2.073287e+07 2.1066e+07  1.61%  30.9  256s
H18483 17396                    2.073790e+07 2.1066e+07  1.58%  30.9  258s
H18483 17396                    2.074078e+07 2.1066e+07  1.57%  30.9  261s
H18483 17396                    2.074766e+07 2.1066e+07  1.54%  30.9  264s
 18484 17316 2.1059e+07   20  497 2.0748e+07 2.1066e+07  1.54%  30.9  283s
H18485 16451                    2.076322e+07 2.1066e+07  1.46%  30.9  290s
H18485 15628                    2.077543e+07 2.1066e+07  1.40%  30.9  358s
H18485 14847                    2.082143e+07 2.1066e+07  1.18%  30.9  358s
H18485 14104                    2.082274e+07 2.1066e+07  1.17%  30.9  359s
H18485 13399                    2.083047e+07 2.1066e+07  1.13%  30.9  359s
H18485 12729                    2.083196e+07 2.1066e+07  1.12%  30.9  359s
H18485 12093                    2.083210e+07 2.1066e+07  1.12%  30.9  359s
H18485 11488                    2.083266e+07 2.1066e+07  1.12%  30.9  359s
H18485 10914                    2.085086e+07 2.1066e+07  1.03%  30.9  359s
H18485 10368                    2.085089e+07 2.1066e+07  1.03%  30.9  359s
H18485  9849                    2.085142e+07 2.1066e+07  1.03%  30.9  359s
 18487  9850 2.1041e+07   56  367 2.0851e+07 2.1041e+07  0.91%  30.9  365s
H18487  9358                    2.085467e+07 2.1041e+07  0.89%  30.9  365s
 18490  9360 2.1040e+07   65  459 2.0855e+07 2.1040e+07  0.89%  30.9  371s
H18494  8894                    2.091912e+07 2.1039e+07  0.57%  30.9  373s
 18498  8896 2.1039e+07    7  429 2.0919e+07 2.1039e+07  0.57%  30.9  375s
H18501  8453                    2.093370e+07 2.1021e+07  0.42%  30.9  407s
H18501  8030                    2.093386e+07 2.1021e+07  0.42%  30.9  407s
H18501  7628                    2.094982e+07 2.1021e+07  0.34%  30.9  407s
H18501  7247                    2.095007e+07 2.1021e+07  0.34%  30.9  407s
H18501  6884                    2.095382e+07 2.1021e+07  0.32%  30.9  407s
H18501  6539                    2.095424e+07 2.1021e+07  0.32%  30.9  407s
 18503  6541 2.1019e+07  291  443 2.0954e+07 2.1021e+07  0.32%  30.9  410s
H18508  6217                    2.095472e+07 2.1019e+07  0.31%  30.9  456s
H18508  5906                    2.095634e+07 2.1019e+07  0.30%  30.9  456s
H18508  5610                    2.095678e+07 2.1019e+07  0.30%  30.9  456s
H18508  5329                    2.095893e+07 2.1019e+07  0.29%  30.9  456s
H18508  5062                    2.096009e+07 2.1019e+07  0.28%  30.9  456s
H18508  4809                    2.096397e+07 2.1019e+07  0.26%  30.9  456s
 18510  4810 2.1019e+07   31  434 2.0964e+07 2.1019e+07  0.26%  30.9  460s
H18511  4570                    2.096876e+07 2.1019e+07  0.24%  30.9  461s
H18515  4343                    2.097049e+07 2.1019e+07  0.23%  30.9  505s
H18515  4126                    2.097361e+07 2.1019e+07  0.22%  30.9  505s
H18516  3919                    2.097361e+07 2.1019e+07  0.22%  30.9  508s
H18516  3722                    2.097361e+07 2.1019e+07  0.22%  30.9  508s
H18517  3537                    2.097431e+07 2.1019e+07  0.21%  30.9  508s
 18522  3540 2.0974e+07  387  419 2.0974e+07 2.1019e+07  0.21%  30.9  510s
H18523  3363                    2.097664e+07 2.1019e+07  0.20%  30.9  584s
H18523  3194                    2.097777e+07 2.1019e+07  0.19%  30.9  584s
H18523  3034                    2.097836e+07 2.1019e+07  0.19%  30.9  584s

Cutting planes:
  Learned: 1
  Gomory: 8
  Cover: 16
  Implied bound: 331
  MIR: 815
  Flow cover: 883
  RLT: 8
  Relax-and-lift: 796

Explored 18523 nodes (710128 simplex iterations) in 584.75 seconds (709.51 work units)
Thread count was 48 (of 192 available processors)

Solution count 10: 2.09784e+07 2.09784e+07 2.09778e+07 ... 2.09601e+07

Optimal solution found (tolerance 2.00e-03)
Best objective 2.097835763108e+07, best bound 2.101863692077e+07, gap 0.1920%
Deleted nodefile directory: /scratch-local/lbeemster.22618105/gurobi_stress_vol1.0_0.0_price_lt_run2
Saved model snapshot to study_case_model/figures/volatility_stress/07052026/vol1.0_0.0_price_lt/sub0.0/run2/model_snapshot.pkl
  Objective: 20978357.63
  Avg H2 production: 0.0
  Scenario obj std: 747870.7998425268
  CVaR 5%: 19506340.883421287
  Worst scenario: 19427150.96165375

============================================================
Volatility multiplier: 2.0x
============================================================
Read LP format model from file /scratch-local/lbeemster.22618105/tmp392om225.pyomo.lp
Reading time = 1.09 seconds
x1: 178177 rows, 50626 columns, 1021376 nonzeros
Set parameter OutputFlag to value 1
Set parameter MIPGap to value 0.002
Set parameter Threads to value 48
Set parameter Presolve to value 1
Set parameter Cuts to value 1
Set parameter NodefileStart to value 1
Set parameter NodefileDir to value "/scratch-local/lbeemster.22618105/gurobi_stress_vol2.0_0.0_price_lt_run2"
Set parameter MemLimit to value 60
Gurobi Optimizer version 12.0.3 build v12.0.3rc0 (linux64 - "Red Hat Enterprise Linux 9.6 (Plow)")

CPU model: AMD EPYC 9654 96-Core Processor, instruction set [SSE2|AVX|AVX2|AVX512]
Thread count: 192 physical cores, 192 logical processors, using up to 48 threads

Non-default parameters:
MemLimit  60
MIPGap  0.002
NodefileStart  1
Cuts  1
Presolve  1
Threads  48

Academic license 2514514 - for non-commercial use only - registered to l.___@student.vu.nl
Optimize a model with 178177 rows, 50626 columns and 1021376 nonzeros
Model fingerprint: 0x51a5ca4e
Variable types: 40002 continuous, 10624 integer (10624 binary)
Coefficient statistics:
  Matrix range     [1e-06, 1e+05]
  Objective range  [2e+00, 3e+04]
  Bounds range     [1e+00, 1e+00]
  RHS range        [3e-01, 2e+05]
Presolve removed 34049 rows and 14166 columns
Presolve time: 1.69s
Presolved: 144128 rows, 36460 columns, 945973 nonzeros
Variable types: 28012 continuous, 8448 integer (8448 binary)
Found heuristic solution: objective -4.36083e+09

Deterministic concurrent LP optimizer: primal simplex, dual simplex, and barrier
Showing barrier log only...

Root barrier log...

Ordering time: 2.37s

Barrier statistics:
 AA' NZ     : 1.286e+07
 Factor NZ  : 1.434e+07 (roughly 200 MB of memory)
 Factor Ops : 2.150e+09 (less than 1 second per iteration)
 Threads    : 46

                  Objective                Residual
Iter       Primal          Dual         Primal    Dual     Compl     Time
   0  -3.00288719e+12  1.66219628e+14  3.09e+05 3.68e+04  1.75e+10     7s
   1  -1.87725096e+12  1.04791450e+14  1.75e+05 2.84e+05  7.64e+09     7s
   2  -5.43172515e+11  6.97282534e+13  4.78e+04 1.11e+04  2.11e+09     7s
   3  -4.51834205e+10  1.98203650e+13  3.19e+03 1.36e+01  2.01e+08     7s
   4  -1.37141308e+10  5.21756271e+12  5.09e+02 5.93e-07  3.89e+07     7s
   5  -8.32495357e+09  1.38922380e+12  1.23e+02 1.07e-07  9.31e+06     7s
   6  -3.23747262e+09  5.12721477e+11  4.20e+01 4.33e-08  3.17e+06     7s
   7  -1.47585387e+09  3.23922813e+11  2.27e+01 3.52e-08  1.91e+06     7s
   8  -5.25880854e+08  1.62674317e+11  7.69e+00 1.55e-08  8.99e+05     7s
   9  -1.03330778e+08  7.07282047e+10  1.03e+00 7.01e-09  3.59e+05     8s

Barrier performed 9 iterations in 7.54 seconds (5.56 work units)
Barrier solve interrupted - model solved by another algorithm

Concurrent spin time: 1.74s (can be avoided by choosing Method=3)

Solved with primal simplex

Root relaxation: objective 2.277357e+07, 46579 iterations, 4.40 seconds (2.63 work units)

    Nodes    |    Current Node    |     Objective Bounds      |     Work
 Expl Unexpl |  Obj  Depth IntInf | Incumbent    BestBd   Gap | It/Node Time

     0     0 2.2774e+07    0  423 -4.361e+09 2.2774e+07   101%     -    8s
     0     0 2.2698e+07    0  573 -4.361e+09 2.2698e+07   101%     -   13s
H    0     0                    -1.52513e+09 2.2698e+07   101%     -   14s
     0     0 2.2698e+07    0  605 -1.525e+09 2.2698e+07   101%     -   14s
     0     0 2.2678e+07    0  576 -1.525e+09 2.2678e+07   101%     -   16s
     0     0 2.2678e+07    0  577 -1.525e+09 2.2678e+07   101%     -   17s
     0     0 2.2645e+07    0  558 -1.525e+09 2.2645e+07   101%     -   20s
H    0     0                    -1.08251e+09 2.2645e+07   102%     -   21s
     0     0 2.2642e+07    0  558 -1.083e+09 2.2642e+07   102%     -   21s
     0     0 2.2642e+07    0  586 -1.083e+09 2.2642e+07   102%     -   21s
     0     0 2.2642e+07    0  588 -1.083e+09 2.2642e+07   102%     -   22s
     0     0 2.2633e+07    0  557 -1.083e+09 2.2633e+07   102%     -   24s
     0     0 2.2631e+07    0  582 -1.083e+09 2.2631e+07   102%     -   26s
     0     0 2.2631e+07    0  587 -1.083e+09 2.2631e+07   102%     -   26s
     0     0 2.2631e+07    0  588 -1.083e+09 2.2631e+07   102%     -   26s
     0     0 2.2608e+07    0  545 -1.083e+09 2.2608e+07   102%     -   29s
     0     0 2.2608e+07    0  557 -1.083e+09 2.2608e+07   102%     -   30s
     0     0 2.2608e+07    0  563 -1.083e+09 2.2608e+07   102%     -   30s
     0     0 2.2608e+07    0  573 -1.083e+09 2.2608e+07   102%     -   31s
     0     0 2.2601e+07    0  559 -1.083e+09 2.2601e+07   102%     -   33s
     0     0 2.2600e+07    0  580 -1.083e+09 2.2600e+07   102%     -   35s
     0     0 2.2600e+07    0  595 -1.083e+09 2.2600e+07   102%     -   35s
     0     0 2.2600e+07    0  590 -1.083e+09 2.2600e+07   102%     -   35s
     0     0 2.2593e+07    0  545 -1.083e+09 2.2593e+07   102%     -   37s
     0     0 2.2593e+07    0  547 -1.083e+09 2.2593e+07   102%     -   39s
     0     0 2.2593e+07    0  554 -1.083e+09 2.2593e+07   102%     -   39s
     0     0 2.2586e+07    0  529 -1.083e+09 2.2586e+07   102%     -   41s
H    0     0                    -9.62106e+08 2.2586e+07   102%     -   42s
     0     0 2.2586e+07    0  553 -9.621e+08 2.2586e+07   102%     -   43s
     0     0 2.2586e+07    0  555 -9.621e+08 2.2586e+07   102%     -   43s
     0     0 2.2583e+07    0  524 -9.621e+08 2.2583e+07   102%     -   43s
     0     0 2.2583e+07    0  529 -9.621e+08 2.2583e+07   102%     -   45s
     0     0 2.2579e+07    0  512 -9.621e+08 2.2579e+07   102%     -   47s
     0     0 2.2579e+07    0  530 -9.621e+08 2.2579e+07   102%     -   47s
     0     0 2.2579e+07    0  538 -9.621e+08 2.2579e+07   102%     -   47s
     0     0 2.2577e+07    0  520 -9.621e+08 2.2577e+07   102%     -   48s
     0     0 2.2577e+07    0  527 -9.621e+08 2.2577e+07   102%     -   49s
     0     0 2.2577e+07    0  515 -9.621e+08 2.2577e+07   102%     -   51s
     0     0 2.2577e+07    0  511 -9.621e+08 2.2577e+07   102%     -   53s
     0     0 2.2577e+07    0  516 -9.621e+08 2.2577e+07   102%     -   53s
     0     0 2.2577e+07    0  511 -9.621e+08 2.2577e+07   102%     -   53s
     0     0 2.2577e+07    0  502 -9.621e+08 2.2577e+07   102%     -   59s
H    0     0                    -7.69915e+08 2.2577e+07   103%     -   60s
     0     2 2.2577e+07    0  498 -7.699e+08 2.2577e+07   103%     -   63s
    15    32 2.2574e+07    4  535 -7.699e+08 2.2577e+07   103%   370   65s
H   63   112                    -7.31544e+08 2.2576e+07   103%   236   68s
H   73   112                    -7.31542e+08 2.2576e+07   103%   224   68s
   252   301 2.2563e+07    9  526 -7.315e+08 2.2575e+07   103%   123   70s
H  302   362                    -6.93465e+08 2.2575e+07   103%   112   71s
   983  1068 2.2561e+07   17  516 -6.935e+08 2.2575e+07   103%  78.9   76s
  1115  1187 2.2553e+07   18  509 -6.935e+08 2.2575e+07   103%  75.5   83s
  1186  1235 2.2559e+07   19  509 -6.935e+08 2.2575e+07   103%  75.8   88s
  1234  1302 2.2560e+07   20  516 -6.935e+08 2.2575e+07   103%  75.1   97s
H 1239  1302                    -1.04248e+08 2.2575e+07   122%  74.9   97s
H 1280  1302                    -5.73789e+07 2.2575e+07   139%  73.4   97s
  1550  1676 2.2556e+07   24  506 -5.738e+07 2.2575e+07   139%  69.2  100s
H 2346  2387                    -5.73789e+07 2.2575e+07   139%  59.8  104s
  2386  2574 2.2559e+07   36  502 -5.738e+07 2.2575e+07   139%  59.4  105s
Created node file directory '/scratch-local/lbeemster.22618105/gurobi_stress_vol2.0_0.0_price_lt_run2/grbnodes0'
  3100  3184 2.2558e+07   43  502 -5.738e+07 2.2575e+07   139%  52.9  111s
H 3131  3184                    -5.73789e+07 2.2575e+07   139%  52.8  111s
H 3159  3184                    -5.73786e+07 2.2575e+07   139%  52.7  111s
  3876  4127 2.2558e+07   56  499 -5.738e+07 2.2575e+07   139%  51.2  115s
  4529  4648 2.2554e+07   64  474 -5.738e+07 2.2575e+07   139%  50.4  121s
H 4542  4648                    -3.69890e+07 2.2575e+07   161%  50.4  121s
H 4613  4648                    -3.04535e+07 2.2575e+07   174%  50.3  121s
  4928  4977 2.2553e+07   72  459 -3.045e+07 2.2575e+07   174%  49.8  125s
H 4930  4977                    -3.04535e+07 2.2575e+07   174%  49.8  125s
  5024  5072 2.2553e+07   74  455 -3.045e+07 2.2575e+07   174%  49.7  143s
H 5035  5072                    -3.04528e+07 2.2575e+07   174%  49.7  143s
  5416  5779 2.2552e+07   80  427 -3.045e+07 2.2575e+07   174%  48.8  146s
  6187  6480 2.2552e+07   96  397 -3.045e+07 2.2575e+07   174%  47.2  150s
H 6342  6480                    -3.04497e+07 2.2575e+07   174%  47.0  150s
  6885  7154 2.2549e+07  111  385 -3.045e+07 2.2575e+07   174%  45.8  155s
  7686  8036 2.2549e+07  125  377 -3.045e+07 2.2575e+07   174%  44.3  160s
H 7912  8036                    -3.04437e+07 2.2575e+07   174%  44.0  160s
H 8016  7990                    -1.66130e+07 2.2575e+07   236%  43.8  160s
  9122  9554 2.2539e+07  148  364 -1.661e+07 2.2575e+07   236%  42.4  167s
  9690 10068 2.2539e+07  158  350 -1.661e+07 2.2575e+07   236%  41.6  170s
H 9712 10068                    -1.66129e+07 2.2575e+07   236%  41.5  170s
 10857 10755 2.2539e+07  167  349 -1.661e+07 2.2575e+07   236%  39.6  178s
H10868 10755                    -1.66121e+07 2.2575e+07   236%  39.6  178s
H10893 10755                    -1.66090e+07 2.2575e+07   236%  39.6  178s
 10905 11359 2.2539e+07  168  348 -1.661e+07 2.2575e+07   236%  39.6  182s
H11367 11208                    4668090.3462 2.2575e+07   384%  39.0  182s
 11509 11678 2.2538e+07  180  338 4668090.35 2.2575e+07   384%  38.8  185s
 12809 12493 2.2536e+07  206  323 4668090.35 2.2575e+07   384%  38.0  193s
H12840 12493                    4688525.1819 2.2575e+07   381%  38.0  193s
H12874 12346                    6023207.4070 2.2575e+07   275%  37.9  197s
 12987 13045 2.2536e+07  207  322 6023207.41 2.2575e+07   275%  37.9  204s
 13692 13799 2.2536e+07  222  315 6023207.41 2.2575e+07   275%  37.1  206s
 14452 14607 2.2536e+07  242  308 6023207.41 2.2575e+07   275%  36.3  210s
 16129 16384 2.2534e+07  275  307 6023207.41 2.2575e+07   275%  34.5  217s
H17041 16887                    6025487.4455 2.2575e+07   275%  33.6  222s
H17079 16837                    6923408.4131 2.2575e+07   226%  33.6  222s
 17544 16841 2.2532e+07  298  294 6923408.41 2.2575e+07   226%  33.3  235s
H17545 16841                    7028757.6259 2.2575e+07   221%  33.3  235s
H17546 16834                    1.118785e+07 2.2575e+07   102%  33.3  235s
H17552 16834                    1.121842e+07 2.2575e+07   101%  33.3  235s
H17560 16817                    1.492572e+07 2.2575e+07  51.2%  33.3  235s
H17564 16817                    1.578369e+07 2.2575e+07  43.0%  33.3  235s
H17601 16830                    1.579062e+07 2.2575e+07  43.0%  33.2  242s
H17602 16829                    1.756384e+07 2.2575e+07  28.5%  33.2  242s
H17611 16829                    1.757846e+07 2.2575e+07  28.4%  33.2  242s
H17617 16829                    1.758056e+07 2.2575e+07  28.4%  33.3  242s
H17677 16824                    1.788149e+07 2.2575e+07  26.2%  33.3  249s
H17677 16824                    1.891768e+07 2.2575e+07  19.3%  33.3  265s
H17677 16824                    1.917056e+07 2.2575e+07  17.8%  33.3  269s
H17677 16824                    2.059004e+07 2.2575e+07  9.64%  33.3  269s
H17677 16820                    2.211200e+07 2.2575e+07  2.09%  33.3  269s
H17677 16674                    2.224231e+07 2.2575e+07  1.50%  33.3  271s
H17677 16674                    2.224750e+07 2.2575e+07  1.47%  33.3  271s
H17677 16674                    2.225592e+07 2.2575e+07  1.43%  33.3  271s
 17678 16663 2.2571e+07   14  502 2.2256e+07 2.2575e+07  1.43%  33.3  289s
H17679 15830                    2.225850e+07 2.2571e+07  1.40%  33.3  357s
H17679 15039                    2.225852e+07 2.2571e+07  1.40%  33.3  357s
H17679 14287                    2.226427e+07 2.2571e+07  1.38%  33.3  357s
H17679 13572                    2.228396e+07 2.2571e+07  1.29%  33.3  357s
 17680 13572 2.2417e+07  119  269 2.2284e+07 2.2497e+07  0.96%  33.3  372s
 17681 13573 2.2497e+07   13  445 2.2284e+07 2.2497e+07  0.96%  33.3  379s
 17682 13574 2.2495e+07   26  487 2.2284e+07 2.2495e+07  0.95%  33.3  382s
H17682 12896                    2.228485e+07 2.2495e+07  0.94%  33.3  382s
 17684 12897 2.2491e+07  125  475 2.2285e+07 2.2491e+07  0.92%  33.2  385s
H17687 12254                    2.228808e+07 2.2490e+07  0.91%  33.2  386s
H17688 11642                    2.232090e+07 2.2475e+07  0.69%  33.2  428s
H17688 11059                    2.232497e+07 2.2475e+07  0.67%  33.2  428s
H17688 10506                    2.232985e+07 2.2475e+07  0.65%  33.2  428s
H17688  9981                    2.234934e+07 2.2475e+07  0.56%  33.2  428s
 17690  9982 2.2475e+07   14  507 2.2349e+07 2.2475e+07  0.56%  33.2  431s
H17690  9482                    2.235829e+07 2.2475e+07  0.52%  33.2  431s
H17692  9009                    2.235866e+07 2.2472e+07  0.51%  33.2  475s
H17692  8558                    2.236390e+07 2.2472e+07  0.48%  33.2  475s
H17692  8130                    2.236771e+07 2.2472e+07  0.47%  33.2  475s
H17692  7723                    2.237086e+07 2.2472e+07  0.45%  33.2  475s
 17696  7726 2.2472e+07   72  491 2.2371e+07 2.2472e+07  0.45%  33.2  480s
H17697  7341                    2.237738e+07 2.2469e+07  0.41%  33.2  533s
H17697  6973                    2.238482e+07 2.2469e+07  0.37%  33.2  533s
H17697  6624                    2.238714e+07 2.2469e+07  0.36%  33.2  533s
H17697  6293                    2.238815e+07 2.2469e+07  0.36%  33.2  533s
H17697  5978                    2.238844e+07 2.2469e+07  0.36%  33.2  533s
H17698  5678                    2.238902e+07 2.2469e+07  0.36%  33.2  536s
 17704  5682 2.2467e+07   72  469 2.2389e+07 2.2467e+07  0.35%  33.2  569s
 17705  5683 2.2467e+07  212  461 2.2389e+07 2.2467e+07  0.35%  33.2  571s
 17707  5684 2.2465e+07   51  463 2.2389e+07 2.2465e+07  0.34%  33.2  633s
 17708  5685 2.2465e+07   83  442 2.2389e+07 2.2465e+07  0.34%  33.2  635s
 17709  5686 2.2464e+07   58  433 2.2389e+07 2.2464e+07  0.33%  33.2  686s
H17711  5403                    2.240612e+07 2.2462e+07  0.25%  33.2  747s
 17713  5404 2.2462e+07  113  430 2.2406e+07 2.2462e+07  0.25%  33.2  750s
 17714  5405 2.2461e+07   33  429 2.2406e+07 2.2461e+07  0.25%  33.2  810s
H17715  5135                    2.241126e+07 2.2461e+07  0.22%  33.2  813s
 17716  5135 2.2460e+07   11  428 2.2411e+07 2.2460e+07  0.22%  33.2  834s
 17717  5136 2.2460e+07    7  429 2.2411e+07 2.2460e+07  0.22%  33.2  841s
 17718  5137 2.2460e+07    8  420 2.2411e+07 2.2460e+07  0.22%  33.2  882s
 17722  5141 2.2460e+07   17  502 2.2411e+07 2.2460e+07  0.22%  37.3  886s
H17723  4884                    2.241204e+07 2.2460e+07  0.21%  37.3 1034s
H17723  4640                    2.241423e+07 2.2460e+07  0.20%  37.3 1034s
 17724  4640 2.2460e+07   22  353 2.2414e+07 2.2460e+07  0.20%  37.3 1035s
 17725  4641 2.2460e+07  100  432 2.2414e+07 2.2460e+07  0.20%  37.3 1042s
 17726  4642 2.2460e+07   72  494 2.2414e+07 2.2460e+07  0.20%  37.3 1045s
 17732  4646 2.2460e+07   10  495 2.2414e+07 2.2460e+07  0.20%  37.3 1050s
 17734  4647 2.2460e+07   12  499 2.2414e+07 2.2460e+07  0.20%  37.3 1105s
H17736  4415                    2.241457e+07 2.2460e+07  0.20%  37.3 1184s
H17736  4194                    2.241502e+07 2.2460e+07  0.20%  37.3 1184s

Cutting planes:
  Learned: 1
  Gomory: 37
  Cover: 13
  Implied bound: 241
  MIR: 848
  Flow cover: 941
  RLT: 11
  Relax-and-lift: 637

Explored 17736 nodes (805445 simplex iterations) in 1184.19 seconds (1550.13 work units)
Thread count was 48 (of 192 available processors)

Solution count 10: 2.2415e+07 2.2415e+07 2.24146e+07 ... 2.23881e+07

Optimal solution found (tolerance 2.00e-03)
Best objective 2.241501522253e+07, best bound 2.245972707839e+07, gap 0.1995%
Deleted nodefile directory: /scratch-local/lbeemster.22618105/gurobi_stress_vol2.0_0.0_price_lt_run2
Saved model snapshot to study_case_model/figures/volatility_stress/07052026/vol2.0_0.0_price_lt/sub0.0/run2/model_snapshot.pkl
  Objective: 22415015.22
  Avg H2 production: 0.0014989282478405732
  Scenario obj std: 1447388.9990095624
  CVaR 5%: 19489338.50533269
  Worst scenario: 19407888.84520836

============================================================
Volatility multiplier: 4.0x
============================================================
Read LP format model from file /scratch-local/lbeemster.22618105/tmpgeg76gwk.pyomo.lp
Reading time = 0.54 seconds
x1: 178177 rows, 50626 columns, 1021376 nonzeros
Set parameter OutputFlag to value 1
Set parameter MIPGap to value 0.002
Set parameter Threads to value 48
Set parameter Presolve to value 1
Set parameter Cuts to value 1
Set parameter NodefileStart to value 1
Set parameter NodefileDir to value "/scratch-local/lbeemster.22618105/gurobi_stress_vol4.0_0.0_price_lt_run2"
Set parameter MemLimit to value 60
Gurobi Optimizer version 12.0.3 build v12.0.3rc0 (linux64 - "Red Hat Enterprise Linux 9.6 (Plow)")

CPU model: AMD EPYC 9654 96-Core Processor, instruction set [SSE2|AVX|AVX2|AVX512]
Thread count: 192 physical cores, 192 logical processors, using up to 48 threads

Non-default parameters:
MemLimit  60
MIPGap  0.002
NodefileStart  1
Cuts  1
Presolve  1
Threads  48

Academic license 2514514 - for non-commercial use only - registered to l.___@student.vu.nl
Optimize a model with 178177 rows, 50626 columns and 1021376 nonzeros
Model fingerprint: 0x08d5b90d
Variable types: 40002 continuous, 10624 integer (10624 binary)
Coefficient statistics:
  Matrix range     [1e-06, 1e+05]
  Objective range  [2e+00, 3e+04]
  Bounds range     [1e+00, 1e+00]
  RHS range        [3e-01, 2e+05]
Presolve removed 34049 rows and 14166 columns
Presolve time: 1.68s
Presolved: 144128 rows, 36460 columns, 945973 nonzeros
Variable types: 28012 continuous, 8448 integer (8448 binary)
Found heuristic solution: objective -4.35909e+09

Deterministic concurrent LP optimizer: primal simplex, dual simplex, and barrier
Showing barrier log only...

Root barrier log...

Ordering time: 2.42s

Barrier statistics:
 AA' NZ     : 1.286e+07
 Factor NZ  : 1.436e+07 (roughly 200 MB of memory)
 Factor Ops : 2.152e+09 (less than 1 second per iteration)
 Threads    : 46

                  Objective                Residual
Iter       Primal          Dual         Primal    Dual     Compl     Time
   0  -3.00288414e+12  1.66219654e+14  3.09e+05 3.68e+04  1.75e+10     7s
   1  -1.87724900e+12  1.04791465e+14  1.75e+05 2.84e+05  7.64e+09     7s
   2  -5.43171898e+11  6.97282624e+13  4.78e+04 1.11e+04  2.11e+09     7s
   3  -4.51836980e+10  1.98203639e+13  3.19e+03 1.36e+01  2.01e+08     7s
   4  -1.37142260e+10  5.21757280e+12  5.09e+02 1.97e-07  3.89e+07     7s
   5  -8.32511308e+09  1.38921018e+12  1.23e+02 1.36e-07  9.31e+06     7s
   6  -3.23762653e+09  5.12715497e+11  4.20e+01 5.66e-08  3.17e+06     7s
   7  -1.47603506e+09  3.23917133e+11  2.27e+01 3.28e-08  1.91e+06     7s
   8  -5.26111876e+08  1.62644085e+11  7.69e+00 1.64e-08  8.99e+05     8s
   9  -1.04216684e+08  8.07389562e+10  1.03e+00 2.40e-08  4.09e+05     8s
  10  -5.38932653e+06  1.32304331e+10  7.76e-02 7.13e-09  6.55e+04     8s
  11   5.19322618e+06  2.06309747e+09  4.63e-03 5.82e-09  1.01e+04     8s
  12   7.72623183e+06  9.17708725e+08  6.46e-07 1.66e-09  4.47e+03     8s
  13   9.26189683e+06  3.94105861e+08  3.56e-07 1.05e-09  1.89e+03     8s
  14   1.20253757e+07  1.95448041e+08  2.00e-07 4.66e-10  9.01e+02     8s
  15   1.34362554e+07  1.66235794e+08  1.55e-07 4.66e-10  7.51e+02     8s
  16   1.74123913e+07  1.11427537e+08  9.42e-08 4.66e-10  4.62e+02     8s
  17   2.27996255e+07  6.60271438e+07  3.41e-08 4.66e-10  2.12e+02     8s

Barrier performed 17 iterations in 8.06 seconds (6.36 work units)
Barrier solve interrupted - model solved by another algorithm

Concurrent spin time: 0.88s (can be avoided by choosing Method=3)

Solved with dual simplex

Root relaxation: objective 2.614533e+07, 45062 iterations, 4.88 seconds (3.48 work units)

    Nodes    |    Current Node    |     Objective Bounds      |     Work
 Expl Unexpl |  Obj  Depth IntInf | Incumbent    BestBd   Gap | It/Node Time

     0     0 2.6145e+07    0  424 -4.359e+09 2.6145e+07   101%     -    9s
H    0     0                    -1.65178e+09 2.6145e+07   102%     -   10s
H    0     0                    -1.63256e+09 2.6145e+07   102%     -   13s
     0     0 2.6021e+07    0  553 -1.633e+09 2.6021e+07   102%     -   15s
     0     0 2.6021e+07    0  599 -1.633e+09 2.6021e+07   102%     -   16s
     0     0 2.5963e+07    0  517 -1.633e+09 2.5963e+07   102%     -   18s
     0     0 2.5963e+07    0  526 -1.633e+09 2.5963e+07   102%     -   18s
     0     0 2.5874e+07    0  504 -1.633e+09 2.5874e+07   102%     -   21s
H    0     0                    -1.27113e+09 2.5874e+07   102%     -   22s
     0     0 2.5869e+07    0  514 -1.271e+09 2.5869e+07   102%     -   22s
     0     0 2.5869e+07    0  541 -1.271e+09 2.5869e+07   102%     -   23s
     0     0 2.5869e+07    0  543 -1.271e+09 2.5869e+07   102%     -   23s
     0     0 2.5836e+07    0  533 -1.271e+09 2.5836e+07   102%     -   25s
     0     0 2.5834e+07    0  527 -1.271e+09 2.5834e+07   102%     -   26s
     0     0 2.5834e+07    0  530 -1.271e+09 2.5834e+07   102%     -   26s
     0     0 2.5834e+07    0  531 -1.271e+09 2.5834e+07   102%     -   26s
     0     0 2.5818e+07    0  465 -1.271e+09 2.5818e+07   102%     -   29s
H    0     0                    -8.30871e+08 2.5818e+07   103%     -   30s
     0     0 2.5818e+07    0  493 -8.309e+08 2.5818e+07   103%     -   30s
     0     0 2.5818e+07    0  491 -8.309e+08 2.5818e+07   103%     -   30s
     0     0 2.5812e+07    0  513 -8.309e+08 2.5812e+07   103%     -   32s
     0     0 2.5812e+07    0  528 -8.309e+08 2.5812e+07   103%     -   33s
     0     0 2.5811e+07    0  553 -8.309e+08 2.5811e+07   103%     -   33s
     0     0 2.5811e+07    0  562 -8.309e+08 2.5811e+07   103%     -   33s
     0     0 2.5811e+07    0  565 -8.309e+08 2.5811e+07   103%     -   33s
     0     0 2.5800e+07    0  533 -8.309e+08 2.5800e+07   103%     -   35s
     0     0 2.5800e+07    0  545 -8.309e+08 2.5800e+07   103%     -   37s
     0     0 2.5788e+07    0  517 -8.309e+08 2.5788e+07   103%     -   39s
H    0     0                    -8.17841e+08 2.5788e+07   103%     -   40s
     0     0 2.5788e+07    0  520 -8.178e+08 2.5788e+07   103%     -   41s
     0     0 2.5780e+07    0  515 -8.178e+08 2.5780e+07   103%     -   41s
     0     0 2.5780e+07    0  522 -8.178e+08 2.5780e+07   103%     -   42s
     0     0 2.5773e+07    0  519 -8.178e+08 2.5773e+07   103%     -   45s
     0     0 2.5773e+07    0  511 -8.178e+08 2.5773e+07   103%     -   45s
     0     0 2.5773e+07    0  479 -8.178e+08 2.5773e+07   103%     -   45s
H    0     0                    -7.25706e+08 2.5773e+07   104%     -   47s
     0     0 2.5773e+07    0  476 -7.257e+08 2.5773e+07   104%     -   47s
     0     0 2.5773e+07    0  469 -7.257e+08 2.5773e+07   104%     -   47s
     0     0 2.5772e+07    0  457 -7.257e+08 2.5772e+07   104%     -   52s
H    0     0                    -6.97843e+08 2.5772e+07   104%     -   55s
H    0     0                    -6.75784e+08 2.5772e+07   104%     -   56s
H    0     0                    -5.65569e+08 2.5772e+07   105%     -   62s
H    0     0                    -5.12827e+08 2.5772e+07   105%     -   67s
H    0     0                    -5.08956e+08 2.5772e+07   105%     -   71s
H    0     0                    -1.23536e+08 2.5772e+07   121%     -   73s
H    0     0                    -1.17091e+08 2.5772e+07   122%     -   76s
     0     2 2.5772e+07    0  446 -1.171e+08 2.5772e+07   122%     -   79s
     3     8 2.5767e+07    2  456 -1.171e+08 2.5772e+07   122%   598   80s
H   39    64                    -1.17091e+08 2.5771e+07   122%   307   82s
H   45    64                    -1.17091e+08 2.5771e+07   122%   275   82s
   297   396 2.5742e+07   11  476 -1.171e+08 2.5770e+07   122%   145   85s
H  541   585                    -1.17091e+08 2.5770e+07   122%   109   88s
H  563   585                    -1.17091e+08 2.5770e+07   122%   108   88s
   779   861 2.5720e+07   18  449 -1.171e+08 2.5770e+07   122%  95.5   90s
H 1092  1141                    -1.17091e+08 2.5770e+07   122%  87.1   96s
H 1389  1432                    -1.17091e+08 2.5770e+07   122%  78.4   98s
H 1395  1432                    -1.17091e+08 2.5770e+07   122%  78.3   98s
  1563  1688 2.5729e+07   29  419 -1.171e+08 2.5770e+07   122%  73.0  100s
H 1822  1872                    -1.17091e+08 2.5770e+07   122%  69.2  103s
H 1837  1872                    -1.17091e+08 2.5770e+07   122%  68.8  103s
  2235  2413 2.5729e+07   38  420 -1.171e+08 2.5770e+07   122%  60.9  105s
Created node file directory '/scratch-local/lbeemster.22618105/gurobi_stress_vol4.0_0.0_price_lt_run2/grbnodes0'
  3103  3289 2.5728e+07   50  405 -1.171e+08 2.5770e+07   122%  50.9  110s
H 3174  3289                    -1.12178e+08 2.5770e+07   123%  50.8  110s
H 3720  3769                    -1.12178e+08 2.5770e+07   123%  46.9  116s
  4539  4817 2.5725e+07   77  389 -1.122e+08 2.5770e+07   123%  43.6  120s
  5001  5050 2.5724e+07   84  386 -1.122e+08 2.5770e+07   123%  42.2  127s
H 5023  5050                    -9.83203e+07 2.5770e+07   126%  42.2  127s
  5257  5607 2.5724e+07   88  384 -9.832e+07 2.5770e+07   126%  41.3  130s
H 6345  6394                    -9.83203e+07 2.5770e+07   126%  38.9  137s
  6785  7243 2.5690e+07  123  368 -9.832e+07 2.5770e+07   126%  37.6  140s
  7702  8056 2.5690e+07  141  353 -9.832e+07 2.5770e+07   126%  34.7  145s
  9013  9480 2.5689e+07  164  346 -9.832e+07 2.5770e+07   126%  32.9  151s
 10020 10063 2.5687e+07  177  339 -9.832e+07 2.5770e+07   126%  31.5  159s
 10068 10637 2.5687e+07  178  337 -9.832e+07 2.5770e+07   126%  31.7  161s
 11198 11286 2.5687e+07  198  326 -9.832e+07 2.5770e+07   126%  30.5  167s
 11291 11872 2.5687e+07  199  325 -9.832e+07 2.5770e+07   126%  30.4  170s
 11925 11968 2.5686e+07  215  315 -9.832e+07 2.5770e+07   126%  30.1  186s
 11973 12016 2.5687e+07  216  317 -9.832e+07 2.5770e+07   126%  30.2  198s
 12021 12064 2.5687e+07  217  316 -9.832e+07 2.5770e+07   126%  30.1  211s
H12043 12059                    -7.90092e+07 2.5770e+07   133%  30.1  211s
 12069 12099 2.5687e+07  218  317 -7.901e+07 2.5770e+07   133%  30.1  215s
H12156 12262                    -6.24269e+07 2.5770e+07   141%  29.9  219s
H12158 12254                    -4.61839e+07 2.5770e+07   156%  29.9  219s
 12309 12903 2.5687e+07  234  314 -4.618e+07 2.5770e+07   156%  29.8  222s
 12978 13717 2.5687e+07  248  309 -4.618e+07 2.5770e+07   156%  29.3  225s
H13972 13890                    -4.48324e+07 2.5770e+07   157%  28.4  229s
 13983 14707 2.5686e+07  270  307 -4.483e+07 2.5770e+07   157%  28.4  233s
 14807 15582 2.0125e+07  279  310 -4.483e+07 2.5770e+07   157%  27.9  236s
H15683 15849                    -4.48324e+07 2.5770e+07   157%  27.3  245s
H15694 15832                    -4.12413e+07 2.5770e+07   162%  27.2  245s
H15696 15832                    -4.02038e+07 2.5770e+07   164%  27.2  245s
H15748 15778                    -3.14613e+07 2.5770e+07   182%  27.2  245s
H15768 15762                    -3.11940e+07 2.5770e+07   183%  27.2  245s
H15769 15446                    -1.75304e+07 2.5770e+07   247%  27.2  245s
 15952 15530 2.0113e+07  301  309 -1.753e+07 2.5770e+07   247%  27.0  251s
 17124 17562 2.0109e+07  328  304 -1.753e+07 2.5770e+07   247%  26.4  257s
H18166 17379                    -1.41568e+07 2.5770e+07   282%  25.8  286s
H18166 17379                    -1.36376e+07 2.5770e+07   289%  25.8  287s
H18166 17233                    -9016469.497 2.5770e+07   386%  25.8  287s
H18166 16001                    2723555.0870 2.5770e+07   846%  25.8  287s
H18166 14428                    2.442838e+07 2.5770e+07  5.49%  25.8  288s
 18167 14360 2.5733e+07   21  457 2.4428e+07 2.5770e+07  5.49%  25.8  305s
H18168 13642                    2.462541e+07 2.5753e+07  4.58%  25.8  377s
H18168 12960                    2.469572e+07 2.5753e+07  4.28%  25.8  377s
 18169 12960 2.5607e+07   11  289 2.4696e+07 2.5607e+07  3.69%  25.8  396s
 18170 12961 2.5607e+07   46  481 2.4696e+07 2.5607e+07  3.69%  25.8  402s
 18172 12962 2.5591e+07   17  496 2.4696e+07 2.5591e+07  3.62%  25.8  406s
 18175 12964 2.5587e+07   45  515 2.4696e+07 2.5587e+07  3.61%  25.8  410s
 18179 12967 2.5573e+07    9  506 2.4696e+07 2.5573e+07  3.55%  25.8  435s
H18183 12322                    2.470493e+07 2.5571e+07  3.51%  25.8  464s
H18183 11705                    2.471212e+07 2.5571e+07  3.48%  25.8  464s
H18183 11120                    2.494405e+07 2.5563e+07  2.48%  25.8  464s
H18183 10563                    2.547039e+07 2.5563e+07  0.36%  25.8  464s
 18185 10564 2.5563e+07   21  538 2.5470e+07 2.5563e+07  0.36%  25.8  467s
H18187 10037                    2.547136e+07 2.5560e+07  0.35%  25.8  494s
H18187  9535                    2.548050e+07 2.5560e+07  0.31%  25.8  494s
 18188  9536 2.5560e+07  346  537 2.5480e+07 2.5560e+07  0.31%  25.8  495s
H18188  9058                    2.549809e+07 2.5560e+07  0.24%  25.8  497s
H18190  8606                    2.551511e+07 2.5559e+07  0.17%  25.8  527s

Cutting planes:
  Gomory: 22
  Cover: 16
  Implied bound: 443
  MIR: 800
  Flow cover: 949
  GUB cover: 1
  RLT: 8
  Relax-and-lift: 929

Explored 18190 nodes (612069 simplex iterations) in 527.65 seconds (624.41 work units)
Thread count was 48 (of 192 available processors)

Solution count 10: 2.55151e+07 2.54981e+07 2.54805e+07 ... 2.46254e+07

Optimal solution found (tolerance 2.00e-03)
Best objective 2.551510626611e+07, best bound 2.555941277485e+07, gap 0.1736%
Deleted nodefile directory: /scratch-local/lbeemster.22618105/gurobi_stress_vol4.0_0.0_price_lt_run2
Saved model snapshot to study_case_model/figures/volatility_stress/07052026/vol4.0_0.0_price_lt/sub0.0/run2/model_snapshot.pkl
  Objective: 25515106.27
  Avg H2 production: 0.0
  Scenario obj std: 2904892.755010547
  CVaR 5%: 19681354.69932439
  Worst scenario: 19663189.431298003

============================================================
Volatility multiplier: 8.0x
============================================================
Read LP format model from file /scratch-local/lbeemster.22618105/tmphiway_20.pyomo.lp
Reading time = 0.59 seconds
x1: 178177 rows, 50626 columns, 1021376 nonzeros
Set parameter OutputFlag to value 1
Set parameter MIPGap to value 0.002
Set parameter Threads to value 48
Set parameter Presolve to value 1
Set parameter Cuts to value 1
Set parameter NodefileStart to value 1
Set parameter NodefileDir to value "/scratch-local/lbeemster.22618105/gurobi_stress_vol8.0_0.0_price_lt_run2"
Set parameter MemLimit to value 60
Gurobi Optimizer version 12.0.3 build v12.0.3rc0 (linux64 - "Red Hat Enterprise Linux 9.6 (Plow)")

CPU model: AMD EPYC 9654 96-Core Processor, instruction set [SSE2|AVX|AVX2|AVX512]
Thread count: 192 physical cores, 192 logical processors, using up to 48 threads

Non-default parameters:
MemLimit  60
MIPGap  0.002
NodefileStart  1
Cuts  1
Presolve  1
Threads  48

Academic license 2514514 - for non-commercial use only - registered to l.___@student.vu.nl
Optimize a model with 178177 rows, 50626 columns and 1021376 nonzeros
Model fingerprint: 0xa009d1c6
Variable types: 40002 continuous, 10624 integer (10624 binary)
Coefficient statistics:
  Matrix range     [1e-06, 1e+05]
  Objective range  [2e+00, 3e+04]
  Bounds range     [1e+00, 1e+00]
  RHS range        [3e-01, 2e+05]
Presolve removed 34049 rows and 14166 columns
Presolve time: 1.72s
Presolved: 144128 rows, 36460 columns, 945973 nonzeros
Variable types: 28012 continuous, 8448 integer (8448 binary)
Found heuristic solution: objective -4.35437e+09

Deterministic concurrent LP optimizer: primal simplex, dual simplex, and barrier
Showing barrier log only...

Root barrier log...

Ordering time: 2.37s

Barrier statistics:
 AA' NZ     : 1.286e+07
 Factor NZ  : 1.437e+07 (roughly 200 MB of memory)
 Factor Ops : 2.159e+09 (less than 1 second per iteration)
 Threads    : 46

                  Objective                Residual
Iter       Primal          Dual         Primal    Dual     Compl     Time
   0  -3.00285105e+12  1.66219723e+14  3.09e+05 3.68e+04  1.75e+10     7s
   1  -1.87723027e+12  1.04791509e+14  1.75e+05 2.84e+05  7.64e+09     7s
   2  -5.43166981e+11  6.97282915e+13  4.78e+04 1.11e+04  2.11e+09     7s
   3  -4.51827075e+10  1.98203993e+13  3.19e+03 1.36e+01  2.01e+08     7s
   4  -1.37137191e+10  5.21757317e+12  5.09e+02 2.83e-07  3.89e+07     7s
   5  -8.32467841e+09  1.38917665e+12  1.23e+02 8.38e-08  9.31e+06     7s
   6  -3.23709928e+09  5.12690141e+11  4.20e+01 3.75e-08  3.17e+06     7s
   7  -1.47564275e+09  3.23897816e+11  2.27e+01 2.33e-08  1.91e+06     7s
   8  -5.25778131e+08  1.62627473e+11  7.69e+00 1.09e-08  8.99e+05     8s
   9  -1.03835069e+08  8.07415329e+10  1.04e+00 2.40e-08  4.09e+05     8s
  10  -4.81297504e+06  1.32725973e+10  7.76e-02 5.94e-08  6.57e+04     8s
  11   5.87926683e+06  2.08660771e+09  4.56e-03 4.42e-09  1.02e+04     8s
  12   9.07679018e+06  9.22517380e+08  6.17e-07 2.10e-09  4.49e+03     8s
  13   1.08194000e+07  4.12761594e+08  4.17e-07 1.05e-09  1.97e+03     8s

Barrier performed 13 iterations in 7.85 seconds (5.89 work units)
Barrier solve interrupted - model solved by another algorithm

Concurrent spin time: 1.99s (can be avoided by choosing Method=3)

Solved with primal simplex

Root relaxation: objective 3.362071e+07, 37295 iterations, 4.62 seconds (2.99 work units)

    Nodes    |    Current Node    |     Objective Bounds      |     Work
 Expl Unexpl |  Obj  Depth IntInf | Incumbent    BestBd   Gap | It/Node Time

     0     0 3.3621e+07    0  425 -4.354e+09 3.3621e+07   101%     -    8s
H    0     0                    -4.33013e+09 3.3621e+07   101%     -   11s
     0     0 3.3401e+07    0  595 -4.330e+09 3.3401e+07   101%     -   13s
H    0     0                    -2.21009e+09 3.3401e+07   102%     -   14s
     0     0 3.3401e+07    0  614 -2.210e+09 3.3401e+07   102%     -   14s
     0     0 3.3311e+07    0  553 -2.210e+09 3.3311e+07   102%     -   17s
     0     0 3.3311e+07    0  568 -2.210e+09 3.3311e+07   102%     -   18s
     0     0 3.3134e+07    0  560 -2.210e+09 3.3134e+07   101%     -   20s
H    0     0                    -1.30277e+09 3.3134e+07   103%     -   22s
     0     0 3.3123e+07    0  525 -1.303e+09 3.3123e+07   103%     -   22s
     0     0 3.3123e+07    0  529 -1.303e+09 3.3123e+07   103%     -   22s
     0     0 3.3122e+07    0  534 -1.303e+09 3.3122e+07   103%     -   22s
     0     0 3.3122e+07    0  534 -1.303e+09 3.3122e+07   103%     -   22s
     0     0 3.3077e+07    0  496 -1.303e+09 3.3077e+07   103%     -   25s
H    0     0                    -9.65822e+08 3.3077e+07   103%     -   26s
     0     0 3.3077e+07    0  510 -9.658e+08 3.3077e+07   103%     -   27s
     0     0 3.3077e+07    0  515 -9.658e+08 3.3077e+07   103%     -   27s
     0     0 3.3071e+07    0  439 -9.658e+08 3.3071e+07   103%     -   29s
     0     0 3.3071e+07    0  467 -9.658e+08 3.3071e+07   103%     -   30s
     0     0 3.3071e+07    0  469 -9.658e+08 3.3071e+07   103%     -   31s
     0     0 3.3067e+07    0  479 -9.658e+08 3.3067e+07   103%     -   33s
     0     0 3.3067e+07    0  513 -9.658e+08 3.3067e+07   103%     -   33s
     0     0 3.3067e+07    0  510 -9.658e+08 3.3067e+07   103%     -   33s
     0     0 3.3053e+07    0  507 -9.658e+08 3.3053e+07   103%     -   35s
     0     0 3.3052e+07    0  533 -9.658e+08 3.3052e+07   103%     -   38s
     0     0 3.3052e+07    0  531 -9.658e+08 3.3052e+07   103%     -   38s
     0     0 3.3052e+07    0  536 -9.658e+08 3.3052e+07   103%     -   38s
     0     0 3.3041e+07    0  502 -9.658e+08 3.3041e+07   103%     -   39s
     0     0 3.3041e+07    0  529 -9.658e+08 3.3041e+07   103%     -   39s
     0     0 3.3041e+07    0  532 -9.658e+08 3.3041e+07   103%     -   39s
     0     0 3.3029e+07    0  485 -9.658e+08 3.3029e+07   103%     -   41s
     0     0 3.3028e+07    0  492 -9.658e+08 3.3028e+07   103%     -   43s
     0     0 3.3028e+07    0  501 -9.658e+08 3.3028e+07   103%     -   43s
     0     0 3.3028e+07    0  502 -9.658e+08 3.3028e+07   103%     -   43s
     0     0 3.3021e+07    0  470 -9.658e+08 3.3021e+07   103%     -   44s
     0     0 3.3021e+07    0  480 -9.658e+08 3.3021e+07   103%     -   45s
     0     0 3.3020e+07    0  455 -9.658e+08 3.3020e+07   103%     -   47s
     0     0 3.3020e+07    0  450 -9.658e+08 3.3020e+07   103%     -   48s
     0     0 3.3019e+07    0  454 -9.658e+08 3.3019e+07   103%     -   50s
     0     0 3.3019e+07    0  456 -9.658e+08 3.3019e+07   103%     -   50s
     0     0 3.3019e+07    0  451 -9.658e+08 3.3019e+07   103%     -   50s
     0     0 3.3019e+07    0  444 -9.658e+08 3.3019e+07   103%     -   51s
     0     0 3.3019e+07    0  444 -9.658e+08 3.3019e+07   103%     -   55s
H    0     0                    -9.49101e+08 3.3019e+07   103%     -   58s
H    0     0                    -9.44934e+08 3.3019e+07   103%     -   59s
     0     2 3.3019e+07    0  437 -9.449e+08 3.3019e+07   103%     -   62s
    31    64 3.3018e+07    5  456 -9.449e+08 3.3018e+07   103%   172   66s
H   64   112                    -9.39090e+08 3.3018e+07   104%   150   67s
   426   522 3.2978e+07   11  452 -9.391e+08 3.3018e+07   104%  83.9   70s
   906   965 3.2975e+07   18  447 -9.391e+08 3.3018e+07   104%  76.3   76s
H 1017  1063                    -9.23875e+08 3.3018e+07   104%  75.4   76s
H 1176  1183                    -9.23875e+08 3.3018e+07   104%  74.9   78s
  1418  1528 3.2970e+07   29  440 -9.239e+08 3.3018e+07   104%  66.6   80s
  1575  1624 3.2968e+07   31  441 -9.239e+08 3.3018e+07   104%  64.1   95s
H 1576  1624                    -8.53640e+08 3.3018e+07   104%  64.1   95s
H 1580  1624                    -8.30950e+08 3.3018e+07   104%  63.9   95s
H 1604  1624                    -7.83368e+08 3.3018e+07   104%  63.3   95s
H 1607  1624                    -7.43142e+08 3.3018e+07   104%  63.3   95s
H 1615  1624                    -5.98862e+08 3.3018e+07   106%  63.2   95s
H 1671  1720                    -3.45563e+08 3.3018e+07   110%  63.1  103s
H 1673  1720                    -3.27430e+08 3.3018e+07   110%  63.1  103s
H 1677  1720                    -2.76818e+08 3.3018e+07   112%  62.9  103s
  1901  2087 3.2959e+07   36  439 -2.768e+08 3.3018e+07   112%  57.9  105s
  2704  2832 3.2955e+07   54  430 -2.768e+08 3.3018e+07   112%  50.8  111s
H 2842  3004                    -2.52559e+08 3.3018e+07   113%  49.9  113s
H 2866  3004                    -2.11482e+08 3.3018e+07   116%  49.8  113s
Created node file directory '/scratch-local/lbeemster.22618105/gurobi_stress_vol8.0_0.0_price_lt_run2/grbnodes0'
  3240  3468 3.2954e+07   71  421 -2.115e+08 3.3018e+07   116%  47.7  115s
  3986  4062 3.2879e+07   86  415 -2.115e+08 3.3018e+07   116%  45.9  120s
H 4064  4276                    -2.11264e+08 3.3018e+07   116%  45.9  122s
H 4225  4276                    -2.08043e+08 3.3018e+07   116%  46.2  122s
  4323  4586 3.2866e+07   91  411 -2.080e+08 3.3018e+07   116%  46.6  126s
  5223  5574 3.2914e+07  108  406 -2.080e+08 3.3018e+07   116%  45.4  130s
  6323  6754 3.2906e+07  127  403 -2.080e+08 3.3018e+07   116%  42.0  135s
  7433  7867 3.2854e+07  149  381 -2.080e+08 3.3018e+07   116%  40.1  141s
  8360  8858 3.2852e+07  166  347 -2.080e+08 3.3018e+07   116%  38.3  146s
  9407  9914 3.2851e+07  192  348 -2.080e+08 3.3018e+07   116%  36.0  150s
  9913 10479 3.2851e+07  197  347 -2.080e+08 3.3018e+07   116%  35.2  156s
H10478 10527                    -2.08043e+08 3.3018e+07   116%  34.4  160s
 11777 12295 2.4408e+07  229  335 -2.080e+08 3.3018e+07   116%  32.9  168s
H12057 12277                    -1.49765e+08 3.3018e+07   122%  32.4  168s
 12294 12889 2.4408e+07  230  334 -1.498e+08 3.3018e+07   122%  32.1  171s
 12942 13566 2.4402e+07  243  326 -1.498e+08 3.3018e+07   122%  31.7  175s
 14026 14120 2.4400e+07  277  316 -1.498e+08 3.3018e+07   122%  30.7  183s
 14180 14924 2.4400e+07  280  316 -1.498e+08 3.3018e+07   122%  30.6  186s
H15763 15733                    -1.49765e+08 3.3018e+07   122%  29.5  198s
H15791 15733                    -1.49707e+08 3.3018e+07   122%  29.5  198s
 15811 16506 2.4336e+07  309  315 -1.497e+08 3.3018e+07   122%  29.5  204s
 16586 17315 2.4336e+07  323  304 -1.497e+08 3.3018e+07   122%  29.0  212s
 17405 17717 2.4332e+07  336  293 -1.497e+08 3.3018e+07   122%  28.6  218s
H17609 17644                    -1.30468e+08 3.3018e+07   125%  28.6  218s
H17743 17644                    -1.25231e+08 3.3018e+07   126%  28.6  218s
H17809 17612                    -1.25231e+08 3.3018e+07   126%  28.5  232s
H17809 17612                    -1.25231e+08 3.3018e+07   126%  28.5  234s
H17809 17612                    -1.25226e+08 3.3018e+07   126%  28.5  240s
H17809 17584                    -1.09738e+08 3.3018e+07   130%  28.5  241s
H17809 17584                    -9.97160e+07 3.3018e+07   133%  28.5  246s
H17809 17583                    -8.60269e+07 3.3018e+07   138%  28.5  247s
H17809 16679                    -2.28065e+07 3.3018e+07   245%  28.5  248s
H17809 14720                    1.844776e+07 3.3018e+07  79.0%  28.5  248s
H17809 12986                    3.029542e+07 3.3018e+07  8.99%  28.5  249s
 17810 12833 3.2962e+07   32  444 3.0295e+07 3.3018e+07  8.99%  28.5  266s
H17811 12192                    3.033090e+07 3.2977e+07  8.72%  28.5  320s
H17811 11582                    3.033918e+07 3.2977e+07  8.69%  28.5  320s
H17811 11003                    3.034113e+07 3.2977e+07  8.69%  28.5  320s
H17811 10453                    3.034388e+07 3.2977e+07  8.68%  28.5  321s
H17811  9930                    3.041576e+07 3.2778e+07  7.77%  28.5  321s
 17813  9931 3.2777e+07   50  365 3.0416e+07 3.2777e+07  7.76%  28.5  326s
H17813  9435                    3.048577e+07 3.2777e+07  7.51%  28.5  327s
H17813  8963                    3.052582e+07 3.2777e+07  7.37%  28.5  327s
H17813  8515                    3.052692e+07 3.2777e+07  7.37%  28.5  327s
 17815  8516 3.2776e+07    9  424 3.0527e+07 3.2776e+07  7.37%  28.5  330s
H17822  8094                    3.123562e+07 3.2727e+07  4.77%  28.5  381s
 17825  8096 3.2727e+07   42  429 3.1236e+07 3.2727e+07  4.77%  28.5  385s
H17828  7693                    3.126849e+07 3.2726e+07  4.66%  28.5  437s
H17828  7308                    3.229820e+07 3.2726e+07  1.32%  28.5  437s
H17828  6942                    3.237139e+07 3.2726e+07  1.09%  28.5  437s
 17831  6944 3.2726e+07   43  402 3.2371e+07 3.2726e+07  1.09%  28.5  442s
H17835  6600                    3.246819e+07 3.2722e+07  0.78%  28.5  479s
H17835  6269                    3.248601e+07 3.2722e+07  0.73%  28.5  479s
H17835  5955                    3.250979e+07 3.2722e+07  0.65%  28.5  479s
H17835  5657                    3.251200e+07 3.2722e+07  0.65%  28.5  479s
 17837  5658 3.2716e+07   43  388 3.2512e+07 3.2716e+07  0.63%  28.5  481s
H17839  5376                    3.252985e+07 3.2716e+07  0.57%  28.5  537s
H17839  5106                    3.253901e+07 3.2716e+07  0.54%  28.5  537s
H17839  4850                    3.255093e+07 3.2716e+07  0.51%  28.5  537s
H17839  4607                    3.255420e+07 3.2716e+07  0.50%  28.5  537s
H17839  4377                    3.255455e+07 3.2716e+07  0.49%  28.5  537s
 17841  4379 3.2716e+07  145  390 3.2555e+07 3.2716e+07  0.49%  28.5  540s
 17847  4383 3.2716e+07   73  378 3.2555e+07 3.2716e+07  0.49%  28.5  569s
 17848  4383 3.2716e+07   37  374 3.2555e+07 3.2716e+07  0.49%  28.5  572s
 17852  4386 3.2716e+07  146  382 3.2555e+07 3.2716e+07  0.49%  28.5  638s
 17853  4387 3.2714e+07   33  391 3.2555e+07 3.2714e+07  0.49%  28.5  640s
 17856  4389 3.2714e+07   76  384 3.2555e+07 3.2714e+07  0.49%  28.5  680s
 17861  4392 3.2714e+07   16  383 3.2555e+07 3.2714e+07  0.49%  28.5  717s
H17863  4172                    3.255743e+07 3.2714e+07  0.48%  28.5  759s
H17863  3962                    3.255778e+07 3.2714e+07  0.48%  28.5  759s
H17863  3763                    3.255828e+07 3.2714e+07  0.48%  28.5  759s
H17863  3574                    3.255863e+07 3.2714e+07  0.48%  28.5  759s
 17864  3575 3.2714e+07   11  382 3.2559e+07 3.2714e+07  0.48%  28.5  760s
 17867  3577 3.2714e+07   44  385 3.2559e+07 3.2714e+07  0.48%  28.4  807s
H17868  3398                    3.256315e+07 3.2714e+07  0.46%  28.4  843s
H17868  3228                    3.257666e+07 3.2714e+07  0.42%  28.4  843s
H17868  3065                    3.257794e+07 3.2714e+07  0.42%  28.4  843s
H17869  2911                    3.257907e+07 3.2714e+07  0.41%  28.4  857s
H17869  2764                    3.258860e+07 3.2714e+07  0.38%  28.4  857s
H17869  2625                    3.258897e+07 3.2714e+07  0.38%  28.4  857s
 17872  2627 3.2714e+07   43  386 3.2589e+07 3.2714e+07  0.38%  28.4  883s
 17873  2628 3.2714e+07   10  370 3.2589e+07 3.2714e+07  0.38%  28.4  885s
 17874  2629 3.2714e+07   15  371 3.2589e+07 3.2714e+07  0.38%  28.4  915s
H17874  2497                    3.259113e+07 3.2714e+07  0.38%  28.4  924s
H17874  2371                    3.259436e+07 3.2714e+07  0.37%  28.4  931s
 17876  2372 3.2714e+07   48  377 3.2594e+07 3.2714e+07  0.37%  28.4  971s
 17879  2374 3.2714e+07   26  376 3.2594e+07 3.2714e+07  0.37%  28.4 1005s
H17879  2254                    3.259940e+07 3.2714e+07  0.35%  28.4 1011s
H17879  2140                    3.260103e+07 3.2714e+07  0.35%  28.4 1012s
H17879  2032                    3.260315e+07 3.2714e+07  0.34%  28.4 1014s
H17879  1929                    3.260498e+07 3.2714e+07  0.33%  28.4 1016s
H17879  1831                    3.260725e+07 3.2714e+07  0.33%  28.4 1020s
 17881  1832 3.2714e+07   85  377 3.2607e+07 3.2714e+07  0.33%  28.4 1047s
 17885  1836 3.2714e+07   34  444 3.2607e+07 3.2714e+07  0.33%  32.8 1051s
H17886  1745                    3.261433e+07 3.2714e+07  0.31%  32.8 1140s
H17886  1657                    3.262075e+07 3.2682e+07  0.19%  32.8 1140s

Cutting planes:
  Gomory: 14
  Cover: 18
  Implied bound: 81
  MIR: 553
  Flow cover: 525
  GUB cover: 4
  RLT: 10
  Relax-and-lift: 274
  BQP: 10

Explored 17886 nodes (698084 simplex iterations) in 1140.47 seconds (1536.95 work units)
Thread count was 48 (of 192 available processors)

Solution count 10: 3.26208e+07 3.26143e+07 3.26072e+07 ... 3.2589e+07

Optimal solution found (tolerance 2.00e-03)
Best objective 3.262075476027e+07, best bound 3.266739796002e+07, gap 0.1430%
Deleted nodefile directory: /scratch-local/lbeemster.22618105/gurobi_stress_vol8.0_0.0_price_lt_run2
Saved model snapshot to study_case_model/figures/volatility_stress/07052026/vol8.0_0.0_price_lt/sub0.0/run2/model_snapshot.pkl
  Objective: 32620754.76
  Avg H2 production: 0.6161714573435464
  Scenario obj std: 5942534.460707284
  CVaR 5%: 21012485.439848702
  Worst scenario: 20952046.693440985

============================================================
Volatility multiplier: 16.0x
============================================================
Read LP format model from file /scratch-local/lbeemster.22618105/tmpwfyq7bmf.pyomo.lp
Reading time = 0.51 seconds
x1: 178177 rows, 50626 columns, 1021376 nonzeros
Set parameter OutputFlag to value 1
Set parameter MIPGap to value 0.002
Set parameter Threads to value 48
Set parameter Presolve to value 1
Set parameter Cuts to value 1
Set parameter NodefileStart to value 1
Set parameter NodefileDir to value "/scratch-local/lbeemster.22618105/gurobi_stress_vol16.0_0.0_price_lt_run2"
Set parameter MemLimit to value 60
Gurobi Optimizer version 12.0.3 build v12.0.3rc0 (linux64 - "Red Hat Enterprise Linux 9.6 (Plow)")

CPU model: AMD EPYC 9654 96-Core Processor, instruction set [SSE2|AVX|AVX2|AVX512]
Thread count: 192 physical cores, 192 logical processors, using up to 48 threads

Non-default parameters:
MemLimit  60
MIPGap  0.002
NodefileStart  1
Cuts  1
Presolve  1
Threads  48

Academic license 2514514 - for non-commercial use only - registered to l.___@student.vu.nl
Optimize a model with 178177 rows, 50626 columns and 1021376 nonzeros
Model fingerprint: 0xd411a63a
Variable types: 40002 continuous, 10624 integer (10624 binary)
Coefficient statistics:
  Matrix range     [1e-06, 1e+05]
  Objective range  [2e+00, 3e+04]
  Bounds range     [1e+00, 1e+00]
  RHS range        [3e-01, 2e+05]
Presolve removed 34049 rows and 14166 columns
Presolve time: 1.71s
Presolved: 144128 rows, 36460 columns, 945973 nonzeros
Variable types: 28012 continuous, 8448 integer (8448 binary)
Found heuristic solution: objective -4.34377e+09

Deterministic concurrent LP optimizer: primal simplex, dual simplex, and barrier
Showing barrier log only...

Root barrier log...

Ordering time: 2.45s

Barrier statistics:
 AA' NZ     : 1.286e+07
 Factor NZ  : 1.438e+07 (roughly 200 MB of memory)
 Factor Ops : 2.160e+09 (less than 1 second per iteration)
 Threads    : 46

                  Objective                Residual
Iter       Primal          Dual         Primal    Dual     Compl     Time
   0  -3.00275674e+12  1.66219886e+14  3.09e+05 3.68e+04  1.75e+10     7s
   1  -1.87717751e+12  1.04791616e+14  1.75e+05 2.84e+05  7.64e+09     7s
   2  -5.43151207e+11  6.97283640e+13  4.78e+04 1.11e+04  2.11e+09     7s
   3  -4.51801074e+10  1.98203979e+13  3.19e+03 1.36e+01  2.01e+08     7s
   4  -1.37123407e+10  5.21758598e+12  5.09e+02 1.19e-06  3.89e+07     7s
   5  -8.32336312e+09  1.38909923e+12  1.23e+02 1.94e-07  9.31e+06     7s
   6  -3.23527999e+09  5.12647452e+11  4.20e+01 6.68e-08  3.17e+06     8s
   7  -1.47413881e+09  3.23864779e+11  2.27e+01 4.00e-08  1.91e+06     8s
   8  -5.24407360e+08  1.62620840e+11  7.69e+00 1.93e-08  8.99e+05     8s
   9  -1.02151554e+08  8.07570124e+10  1.04e+00 8.82e-09  4.09e+05     8s

Barrier performed 9 iterations in 7.68 seconds (5.57 work units)
Barrier solve interrupted - model solved by another algorithm

Concurrent spin time: 1.71s (can be avoided by choosing Method=3)

Solved with primal simplex

Root relaxation: objective 4.935248e+07, 48021 iterations, 4.44 seconds (2.58 work units)

    Nodes    |    Current Node    |     Objective Bounds      |     Work
 Expl Unexpl |  Obj  Depth IntInf | Incumbent    BestBd   Gap | It/Node Time

     0     0 4.9352e+07    0  507 -4.344e+09 4.9352e+07   101%     -    8s
     0     0 4.8904e+07    0  595 -4.344e+09 4.8904e+07   101%     -   13s
H    0     0                    -2.35334e+09 4.8904e+07   102%     -   14s
     0     0 4.8904e+07    0  616 -2.353e+09 4.8904e+07   102%     -   15s
     0     0 4.8904e+07    0  630 -2.353e+09 4.8904e+07   102%     -   15s
     0     0 4.8610e+07    0  600 -2.353e+09 4.8610e+07   102%     -   17s
     0     0 4.8610e+07    0  603 -2.353e+09 4.8610e+07   102%     -   17s
     0     0 4.8609e+07    0  587 -2.353e+09 4.8609e+07   102%     -   18s
     0     0 4.8609e+07    0  604 -2.353e+09 4.8609e+07   102%     -   19s
     0     0 4.8368e+07    0  540 -2.353e+09 4.8368e+07   102%     -   22s
H    0     0                    -1.41629e+09 4.8368e+07   103%     -   23s
     0     0 4.8364e+07    0  557 -1.416e+09 4.8364e+07   103%     -   23s
     0     0 4.8363e+07    0  575 -1.416e+09 4.8363e+07   103%     -   23s
     0     0 4.8363e+07    0  585 -1.416e+09 4.8363e+07   103%     -   24s
     0     0 4.8347e+07    0  536 -1.416e+09 4.8347e+07   103%     -   27s
H    0     0                    -1.07609e+09 4.8347e+07   104%     -   28s
     0     0 4.8345e+07    0  579 -1.076e+09 4.8345e+07   104%     -   28s
     0     0 4.8345e+07    0  585 -1.076e+09 4.8345e+07   104%     -   28s
     0     0 4.8345e+07    0  592 -1.076e+09 4.8345e+07   104%     -   29s
     0     0 4.8338e+07    0  525 -1.076e+09 4.8338e+07   104%     -   31s
     0     0 4.8338e+07    0  549 -1.076e+09 4.8338e+07   104%     -   32s
     0     0 4.8338e+07    0  553 -1.076e+09 4.8338e+07   104%     -   32s
     0     0 4.8333e+07    0  556 -1.076e+09 4.8333e+07   104%     -   35s
     0     0 4.8333e+07    0  574 -1.076e+09 4.8333e+07   104%     -   36s
     0     0 4.8333e+07    0  583 -1.076e+09 4.8333e+07   104%     -   36s
     0     0 4.8319e+07    0  592 -1.076e+09 4.8319e+07   104%     -   38s
     0     0 4.8318e+07    0  599 -1.076e+09 4.8318e+07   104%     -   40s
     0     0 4.8318e+07    0  603 -1.076e+09 4.8318e+07   104%     -   40s
     0     0 4.8307e+07    0  585 -1.076e+09 4.8307e+07   104%     -   42s
     0     0 4.8307e+07    0  588 -1.076e+09 4.8307e+07   104%     -   44s
     0     0 4.8302e+07    0  584 -1.076e+09 4.8302e+07   104%     -   44s
     0     0 4.8302e+07    0  587 -1.076e+09 4.8302e+07   104%     -   45s
     0     0 4.8298e+07    0  570 -1.076e+09 4.8298e+07   104%     -   47s
     0     0 4.8298e+07    0  580 -1.076e+09 4.8298e+07   104%     -   48s
     0     0 4.8296e+07    0  559 -1.076e+09 4.8296e+07   104%     -   48s
     0     0 4.8296e+07    0  567 -1.076e+09 4.8296e+07   104%     -   50s
     0     0 4.8296e+07    0  545 -1.076e+09 4.8296e+07   104%     -   50s
     0     0 4.8295e+07    0  547 -1.076e+09 4.8295e+07   104%     -   51s
     0     0 4.8295e+07    0  567 -1.076e+09 4.8295e+07   104%     -   53s
     0     0 4.8295e+07    0  530 -1.076e+09 4.8295e+07   104%     -   59s
H    0     0                    -8.92345e+08 4.8295e+07   105%     -   63s
     0     2 4.8295e+07    0  516 -8.923e+08 4.8295e+07   105%     -   68s
    15    32 4.8295e+07    4  558 -8.923e+08 4.8295e+07   105%   615   70s
H  117   163                    -8.86003e+08 4.8288e+07   105%   281   74s
H  134   163                    -8.71166e+08 4.8288e+07   106%   257   74s
H  159   163                    -8.68114e+08 4.8288e+07   106%   231   74s
   162   289 4.8208e+07    8  553 -8.681e+08 4.8288e+07   106%   229   75s
   651   703 4.8188e+07   19  524 -8.681e+08 4.8288e+07   106%   122   80s
H  933   935                    -8.37200e+08 4.8288e+07   106%   107   84s
   934  1057 4.8175e+07   24  509 -8.372e+08 4.8288e+07   106%   107   85s
  1813  1862 4.8168e+07   38  500 -8.372e+08 4.8288e+07   106%  77.9   92s
  1861  1914 4.8168e+07   39  499 -8.372e+08 4.8288e+07   106%  76.9  104s
H 1899  1914                    -8.35275e+08 4.8288e+07   106%  76.1  104s
  1913  1962 4.8167e+07   40  500 -8.353e+08 4.8288e+07   106%  75.7  107s
H 1961  2010                    -4.33784e+08 4.8288e+07   111%  74.7  113s
H 1962  2010                    -4.08814e+08 4.8288e+07   112%  74.7  113s
H 1964  2010                    -3.90263e+08 4.8288e+07   112%  74.7  113s
H 1967  2010                    -3.52525e+08 4.8288e+07   114%  74.6  113s
H 1970  2010                    -3.17710e+08 4.8288e+07   115%  74.6  113s
H 2006  2010                    -2.94435e+08 4.8288e+07   116%  73.9  113s
  2197  2373 4.8166e+07   46  499 -2.944e+08 4.8288e+07   116%  70.2  115s
Created node file directory '/scratch-local/lbeemster.22618105/gurobi_stress_vol16.0_0.0_price_lt_run2/grbnodes0'
  3162  3305 4.8163e+07   62  495 -2.944e+08 4.8288e+07   116%  59.8  122s
  3304  3380 4.8158e+07   67  492 -2.944e+08 4.8288e+07   116%  58.7  125s
H 3315  3380                    -2.02040e+08 4.8288e+07   124%  58.6  125s
  4251  4558 4.8150e+07   82  491 -2.020e+08 4.8288e+07   124%  53.0  131s
  4729  4952 4.8147e+07   93  485 -2.020e+08 4.8288e+07   124%  50.9  136s
H 4746  4952                    -2.01976e+08 4.8288e+07   124%  50.8  136s
H 4833  4952                    -1.56269e+08 4.8288e+07   131%  50.5  136s
  5153  5513 4.8146e+07  105  476 -1.563e+08 4.8288e+07   131%  49.7  141s
  5903  6298 4.8137e+07  120  449 -1.563e+08 4.8288e+07   131%  48.3  145s
  6776  6870 4.8130e+07  140  430 -1.563e+08 4.8288e+07   131%  46.1  152s
H 6799  6870                    -1.56251e+08 4.8288e+07   131%  46.1  152s
H 6812  6870                    -1.44850e+08 4.8288e+07   133%  46.1  152s
  7350  7795 4.8113e+07  153  429 -1.448e+08 4.8288e+07   133%  44.7  156s
  7819  8262 4.8013e+07  158  432 -1.448e+08 4.8288e+07   133%  44.0  161s
  8775  9275 4.7992e+07  178  433 -1.448e+08 4.8288e+07   133%  42.9  166s
  9854 10406 4.7837e+07  199  425 -1.448e+08 4.8288e+07   133%  41.5  172s
 10444 10454 4.7821e+07  212  426 -1.448e+08 4.8288e+07   133%  41.0  176s
H10490 10454                    -1.44850e+08 4.8288e+07   133%  41.0  176s
 11098 11697 4.7734e+07  221  414 -1.448e+08 4.8288e+07   133%  40.4  181s
 11748 12356 4.7727e+07  232  392 -1.448e+08 4.8288e+07   133%  39.6  185s
 12419 12682 4.7727e+07  250  391 -1.448e+08 4.8288e+07   133%  38.9  190s
 13510 14035 4.7724e+07  278  389 -1.448e+08 4.8288e+07   133%  37.9  197s
 14113 14764 4.7690e+07  282  379 -1.448e+08 4.8288e+07   133%  37.6  202s
 14862 15519 4.7683e+07  296  379 -1.448e+08 4.8288e+07   133%  37.1  206s
 15627 15567 4.7674e+07  304  375 -1.448e+08 4.8288e+07   133%  36.7  218s
 15675 15615 4.7516e+07  304  373 -1.448e+08 4.8288e+07   133%  36.7  230s
 15723 15661 4.7661e+07  305  377 -1.448e+08 4.8288e+07   133%  36.8  242s
 15773 15708 4.7654e+07  306  375 -1.448e+08 4.8288e+07   133%  36.9  254s
 15822 15756 4.7653e+07  307  374 -1.448e+08 4.8288e+07   133%  36.8  269s
 15870 15804 4.7653e+07  308  375 -1.448e+08 4.8288e+07   133%  36.8  278s
 15918 15851 4.7653e+07  309  374 -1.448e+08 4.8288e+07   133%  36.8  282s
H15941 15550                    -1.22288e+08 4.8288e+07   139%  36.8  282s
H15942  8668                    4.093331e+07 4.8288e+07  18.0%  36.8  282s
H15963  8522                    4.502714e+07 4.8288e+07  7.24%  36.8  282s
 15967  8651 4.7653e+07  310  369 4.5027e+07 4.8288e+07  7.24%  36.8  286s
H16073  8651                    4.505771e+07 4.8288e+07  7.17%  37.0  286s
H16090  8651                    4.516268e+07 4.8288e+07  6.92%  37.0  286s
 16344  9371 4.7589e+07  319  349 4.5163e+07 4.8288e+07  6.92%  37.4  294s
 17100  9945 4.7537e+07  331  327 4.5163e+07 4.8288e+07  6.92%  39.6  298s
H17185  9945                    4.554823e+07 4.8288e+07  6.02%  39.7  298s
H17435  9945                    4.554914e+07 4.8288e+07  6.01%  40.1  298s
H17675  9942                    4.554914e+07 4.8288e+07  6.01%  40.1  312s
H17675  9942                    4.554914e+07 4.8288e+07  6.01%  40.1  322s
H17675  9650                    4.610280e+07 4.8288e+07  4.74%  40.1  322s
H17675  9650                    4.613328e+07 4.8288e+07  4.67%  40.1  323s
H17675  9650                    4.675489e+07 4.8288e+07  3.28%  40.1  324s
H17675  9650                    4.687469e+07 4.8288e+07  3.02%  40.1  324s
H17675  9650                    4.687599e+07 4.8288e+07  3.01%  40.1  325s
H17675  9650                    4.688267e+07 4.8288e+07  3.00%  40.1  329s
 17676  9643 4.8146e+07   22  530 4.6883e+07 4.8288e+07  3.00%  40.1  345s
H17677  9161                    4.697066e+07 4.8227e+07  2.68%  40.1  424s
H17677  8703                    4.697086e+07 4.8227e+07  2.67%  40.1  424s
 17679  8704 4.7709e+07   32  408 4.6971e+07 4.7709e+07  1.57%  40.1  430s
H17679  8269                    4.697553e+07 4.7709e+07  1.56%  40.1  432s
H17679  7855                    4.698785e+07 4.7709e+07  1.54%  40.1  432s
H17679  7463                    4.698919e+07 4.7709e+07  1.53%  40.1  432s
H17679  7089                    4.698981e+07 4.7709e+07  1.53%  40.1  432s
H17680  6736                    4.698983e+07 4.7709e+07  1.53%  40.1  433s
H17680  6399                    4.699787e+07 4.7709e+07  1.51%  40.1  433s
H17680  6079                    4.699830e+07 4.7709e+07  1.51%  40.1  433s
H17680  5775                    4.700010e+07 4.7709e+07  1.51%  40.1  433s
 17682  5776 4.7709e+07   41  331 4.7000e+07 4.7709e+07  1.51%  40.1  435s
 17688  5780 4.7709e+07   34  302 4.7000e+07 4.7709e+07  1.51%  40.1  456s
H17692  5493                    4.723257e+07 4.7692e+07  0.97%  40.0  473s
H17692  5218                    4.727974e+07 4.7692e+07  0.87%  40.0  473s
 17694  5219 4.7670e+07   57  306 4.7280e+07 4.7670e+07  0.82%  40.0  475s
 17699  5222 4.7666e+07   81  292 4.7280e+07 4.7666e+07  0.82%  40.0  496s
H17702  4963                    4.728207e+07 4.7663e+07  0.81%  40.0  521s
H17702  4714                    4.728587e+07 4.7663e+07  0.80%  40.0  521s
H17702  4478                    4.728962e+07 4.7663e+07  0.79%  40.0  521s
H17705  4255                    4.729025e+07 4.7663e+07  0.79%  40.0  547s
H17705  4042                    4.729808e+07 4.7663e+07  0.77%  40.0  547s
H17705  3840                    4.730248e+07 4.7663e+07  0.76%  40.0  547s
H17705  3647                    4.730289e+07 4.7663e+07  0.76%  40.0  547s
H17706  3465                    4.730308e+07 4.7663e+07  0.76%  40.0  551s
H17707  3292                    4.730560e+07 4.7663e+07  0.75%  40.0  552s
H17708  3127                    4.732282e+07 4.7663e+07  0.72%  40.0  577s
H17708  2970                    4.732810e+07 4.7663e+07  0.71%  40.0  577s
 17711  2972 4.7663e+07   21  267 4.7328e+07 4.7663e+07  0.71%  40.0  580s
 17712  2973 4.7662e+07   18  270 4.7328e+07 4.7662e+07  0.71%  40.0  603s
H17712  2824                    4.732945e+07 4.7662e+07  0.70%  40.0  608s
H17712  2682                    4.733460e+07 4.7662e+07  0.69%  40.0  610s
H17714  2548                    4.733607e+07 4.7662e+07  0.69%  40.0  678s
H17714  2420                    4.735585e+07 4.7662e+07  0.65%  40.0  678s
H17714  2298                    4.738552e+07 4.7662e+07  0.58%  40.0  678s
H17714  2183                    4.739018e+07 4.7662e+07  0.57%  40.0  678s
 17716  2185 4.7660e+07   49  266 4.7390e+07 4.7660e+07  0.57%  40.0  680s
H17717  2075                    4.740238e+07 4.7660e+07  0.54%  40.0  706s
H17718  1971                    4.740330e+07 4.7660e+07  0.54%  40.0  711s
H17718  1872                    4.740384e+07 4.7660e+07  0.54%  40.0  712s
H17718  1778                    4.740792e+07 4.7660e+07  0.53%  40.0  716s
 17720  1779 4.7660e+07   49  259 4.7408e+07 4.7660e+07  0.53%  40.0  735s
 17722  1781 4.7660e+07   22  258 4.7408e+07 4.7660e+07  0.53%  40.0  760s
H17727  1696                    4.740912e+07 4.7660e+07  0.53%  44.0  872s
H17727  1611                    4.753954e+07 4.7660e+07  0.25%  44.0  872s
H17727  1531                    4.756380e+07 4.7660e+07  0.20%  44.0  872s
H17727  1454                    4.756815e+07 4.7660e+07  0.19%  44.0  872s
H17727  1381                    4.758330e+07 4.7660e+07  0.16%  44.0  872s

Cutting planes:
  Gomory: 9
  Cover: 17
  Implied bound: 101
  MIR: 677
  Flow cover: 445
  GUB cover: 1
  RLT: 12
  Relax-and-lift: 334
  BQP: 8
  PSD: 4

Explored 17727 nodes (911150 simplex iterations) in 873.16 seconds (1065.99 work units)
Thread count was 48 (of 192 available processors)

Solution count 10: 4.75833e+07 4.75682e+07 4.75638e+07 ... 4.73902e+07

Optimal solution found (tolerance 2.00e-03)
Best objective 4.758329543225e+07, best bound 4.765430654246e+07, gap 0.1492%
Deleted nodefile directory: /scratch-local/lbeemster.22618105/gurobi_stress_vol16.0_0.0_price_lt_run2
Saved model snapshot to study_case_model/figures/volatility_stress/07052026/vol16.0_0.0_price_lt/sub0.0/run2/model_snapshot.pkl
  Objective: 47583295.43
  Avg H2 production: 1.1636542536808223
  Scenario obj std: 12318857.797523731
  CVaR 5%: 24433404.0808991
  Worst scenario: 24320836.84481728

Results saved to study_case_model/figures/volatility_stress/07052026/stress_test_results_0_0.0_price_shock_lt_2_.csv

================================================================================
STRESS TEST SUMMARY
================================================================================
    1.0x vol: obj= 20978357.63, loss=0.0%, H2=    0.00, CVaR5=19506340.883421287
    2.0x vol: obj= 22415015.22, loss=-6.8%, H2=    0.00, CVaR5=19489338.50533269
    4.0x vol: obj= 25515106.27, loss=-21.6%, H2=    0.00, CVaR5=19681354.69932439
    8.0x vol: obj= 32620754.76, loss=-55.5%, H2=    0.62, CVaR5=21012485.439848702
   16.0x vol: obj= 47583295.43, loss=-126.8%, H2=    1.16, CVaR5=24433404.0808991

Finished stress test!
