Gurobi shell based on Python 3.13.1 can be launched with command `gurobi.sh`
Gurobi Python Interface can be loaded in Python 3.13.1 with 'import gurobipy'
/var/spool/slurm/slurmd/job22620750/slurm_script: line 24: activate: No such file or directory
Stress test configuration:
  Volatility multipliers: [1.0, 2.0, 4.0, 8.0, 16.0]
  Shock type: price_lt
  Price Correlated shocks: 0.8
  Subsidy: 0.0 EUR/MWh
  Deviation allowance: 0.0

============================================================
Volatility multiplier: 1.0x
============================================================
Read LP format model from file /scratch-local/lbeemster.22620750/tmpsynm_3ae.pyomo.lp
Reading time = 0.63 seconds
x1: 178177 rows, 50626 columns, 1021376 nonzeros
Set parameter OutputFlag to value 1
Set parameter MIPGap to value 0.002
Set parameter Threads to value 48
Set parameter Presolve to value 1
Set parameter Cuts to value 1
Set parameter NodefileStart to value 1
Set parameter NodefileDir to value "/scratch-local/lbeemster.22620750/gurobi_stress_vol1.0_0.8_price_lt_run1"
Set parameter MemLimit to value 60
Gurobi Optimizer version 12.0.3 build v12.0.3rc0 (linux64 - "Red Hat Enterprise Linux 9.6 (Plow)")

CPU model: AMD EPYC 9654 96-Core Processor, instruction set [SSE2|AVX|AVX2|AVX512]
Thread count: 192 physical cores, 192 logical processors, using up to 48 threads

Non-default parameters:
MemLimit  60
MIPGap  0.002
NodefileStart  1
Cuts  1
Presolve  1
Threads  48

Academic license 2514514 - for non-commercial use only - registered to l.___@student.vu.nl
Optimize a model with 178177 rows, 50626 columns and 1021376 nonzeros
Model fingerprint: 0x1db9fdeb
Variable types: 40002 continuous, 10624 integer (10624 binary)
Coefficient statistics:
  Matrix range     [1e-06, 1e+05]
  Objective range  [2e+00, 3e+04]
  Bounds range     [1e+00, 1e+00]
  RHS range        [3e-01, 2e+05]
Presolve removed 34049 rows and 14166 columns
Presolve time: 1.65s
Presolved: 144128 rows, 36460 columns, 945973 nonzeros
Variable types: 28012 continuous, 8448 integer (8448 binary)
Found heuristic solution: objective -5.05679e+09

Deterministic concurrent LP optimizer: primal simplex, dual simplex, and barrier
Showing barrier log only...

Root barrier log...

Ordering time: 2.41s

Barrier statistics:
 AA' NZ     : 1.286e+07
 Factor NZ  : 1.434e+07 (roughly 200 MB of memory)
 Factor Ops : 2.150e+09 (less than 1 second per iteration)
 Threads    : 46

                  Objective                Residual
Iter       Primal          Dual         Primal    Dual     Compl     Time
   0  -3.00334426e+12  1.66225489e+14  3.09e+05 3.68e+04  1.75e+10     7s
   1  -1.87776698e+12  1.04793878e+14  1.75e+05 2.84e+05  7.64e+09     7s
   2  -5.43743979e+11  6.97300963e+13  4.78e+04 1.11e+04  2.11e+09     7s
   3  -4.58019302e+10  1.98219603e+13  3.19e+03 1.36e+01  2.01e+08     7s
   4  -1.40965711e+10  5.21035376e+12  4.96e+02 3.43e-07  3.85e+07     7s
   5  -8.73495123e+09  1.36310075e+12  1.05e+02 9.13e-08  8.82e+06     7s
   6  -3.33151500e+09  6.14945720e+11  4.07e+01 5.42e-08  3.67e+06     7s
   7  -1.63355012e+09  3.95946157e+11  2.24e+01 3.28e-08  2.28e+06     7s
   8  -7.22686292e+08  2.00396820e+11  9.56e+00 1.90e-08  1.11e+06     7s
   9  -1.11637477e+08  5.56761970e+10  1.06e+00 5.73e-09  2.86e+05     7s
  10  -1.18556693e+07  1.56089678e+10  1.40e-01 1.09e-08  7.76e+04     7s
  11   4.46941302e+06  7.38448810e+09  1.37e-02 9.08e-09  3.63e+04     7s
  12   8.21811988e+06  1.30636483e+09  3.75e-09 1.40e-09  6.38e+03     7s
  13   9.79805989e+06  4.73244062e+08  2.91e-09 1.40e-09  2.28e+03     7s
  14   1.18205008e+07  1.72036625e+08  2.32e-09 6.98e-10  7.87e+02     8s
  15   1.36608068e+07  1.06108697e+08  2.32e-09 4.66e-10  4.54e+02     8s
  16   1.92086978e+07  7.61243551e+07  2.74e-09 4.66e-10  2.80e+02     8s
  17   1.99907975e+07  4.02619234e+07  2.24e-09 4.66e-10  9.96e+01     8s
  18   2.03990663e+07  3.03099725e+07  3.09e-09 4.66e-10  4.87e+01     8s
  19   2.06122765e+07  2.60161276e+07  2.27e-09 4.66e-10  2.65e+01     8s
  20   2.09400689e+07  2.39510991e+07  2.29e-09 4.66e-10  1.48e+01     8s
  21   2.11649975e+07  2.28658343e+07  1.70e-09 2.33e-10  8.36e+00     8s
  22   2.13863337e+07  2.22036223e+07  3.14e-09 4.66e-10  4.01e+00     8s
  23   2.14648818e+07  2.18284702e+07  8.97e-09 4.66e-10  1.79e+00     8s

Barrier performed 23 iterations in 8.03 seconds (6.73 work units)
Barrier solve interrupted - model solved by another algorithm

Concurrent spin time: 1.75s (can be avoided by choosing Method=3)

Solved with dual simplex

Root relaxation: objective 2.160233e+07, 49516 iterations, 5.21 seconds (4.05 work units)
Total elapsed time = 10.13s (DegenMoves)

    Nodes    |    Current Node    |     Objective Bounds      |     Work
 Expl Unexpl |  Obj  Depth IntInf | Incumbent    BestBd   Gap | It/Node Time

     0     0 2.1602e+07    0  439 -5.057e+09 2.1602e+07   100%     -   10s
H    0     0                    -1.66281e+09 2.1602e+07   101%     -   11s
     0     0 2.1576e+07    0  546 -1.663e+09 2.1576e+07   101%     -   13s
     0     0 2.1576e+07    0  645 -1.663e+09 2.1576e+07   101%     -   14s
     0     0 2.1576e+07    0  657 -1.663e+09 2.1576e+07   101%     -   14s
     0     0 2.1568e+07    0  651 -1.663e+09 2.1568e+07   101%     -   17s
     0     0 2.1568e+07    0  700 -1.663e+09 2.1568e+07   101%     -   17s
     0     0 2.1568e+07    0  697 -1.663e+09 2.1568e+07   101%     -   17s
     0     0 2.1549e+07    0  593 -1.663e+09 2.1549e+07   101%     -   21s
     0     0 2.1549e+07    0  672 -1.663e+09 2.1549e+07   101%     -   21s
     0     0 2.1549e+07    0  678 -1.663e+09 2.1549e+07   101%     -   22s
     0     0 2.1529e+07    0  646 -1.663e+09 2.1529e+07   101%     -   25s
H    0     0                    -1.62555e+09 2.1529e+07   101%     -   29s
     0     0 2.1529e+07    0  659 -1.626e+09 2.1529e+07   101%     -   29s
     0     0 2.1529e+07    0  682 -1.626e+09 2.1529e+07   101%     -   29s
     0     0 2.1529e+07    0  677 -1.626e+09 2.1529e+07   101%     -   30s
     0     0 2.1517e+07    0  576 -1.626e+09 2.1517e+07   101%     -   33s
     0     0 2.1516e+07    0  605 -1.626e+09 2.1516e+07   101%     -   36s
     0     0 2.1516e+07    0  603 -1.626e+09 2.1516e+07   101%     -   36s
     0     0 2.1516e+07    0  607 -1.626e+09 2.1516e+07   101%     -   36s
     0     0 2.1508e+07    0  566 -1.626e+09 2.1508e+07   101%     -   39s
     0     0 2.1508e+07    0  584 -1.626e+09 2.1508e+07   101%     -   41s
     0     0 2.1508e+07    0  578 -1.626e+09 2.1508e+07   101%     -   41s
     0     0 2.1508e+07    0  585 -1.626e+09 2.1508e+07   101%     -   41s
     0     0 2.1500e+07    0  556 -1.626e+09 2.1500e+07   101%     -   44s
H    0     0                    -9.52827e+08 2.1500e+07   102%     -   45s
     0     0 2.1500e+07    0  552 -9.528e+08 2.1500e+07   102%     -   45s
     0     0 2.1500e+07    0  558 -9.528e+08 2.1500e+07   102%     -   46s
     0     0 2.1498e+07    0  510 -9.528e+08 2.1498e+07   102%     -   48s
H    0     0                    -9.18968e+08 2.1498e+07   102%     -   49s
     0     0 2.1498e+07    0  513 -9.190e+08 2.1498e+07   102%     -   49s
     0     0 2.1498e+07    0  509 -9.190e+08 2.1498e+07   102%     -   50s
     0     0 2.1495e+07    0  450 -9.190e+08 2.1495e+07   102%     -   52s
H    0     0                    -7.63391e+08 2.1495e+07   103%     -   53s
     0     0 2.1495e+07    0  459 -7.634e+08 2.1495e+07   103%     -   53s
     0     0 2.1495e+07    0  460 -7.634e+08 2.1495e+07   103%     -   54s
     0     0 2.1495e+07    0  464 -7.634e+08 2.1495e+07   103%     -   54s
     0     0 2.1495e+07    0  456 -7.634e+08 2.1495e+07   103%     -   56s
     0     0 2.1495e+07    0  476 -7.634e+08 2.1495e+07   103%     -   57s
     0     0 2.1495e+07    0  473 -7.634e+08 2.1495e+07   103%     -   58s
     0     0 2.1495e+07    0  452 -7.634e+08 2.1495e+07   103%     -   64s
H    0     0                    -5.05697e+08 2.1495e+07   104%     -   66s
H    0     0                    -4.58373e+08 2.1495e+07   105%     -   75s
H    0     0                    -2.46349e+08 2.1495e+07   109%     -   75s
H    0     0                    -1.69837e+08 2.1495e+07   113%     -   81s
H    0     0                    -1.50573e+08 2.1495e+07   114%     -   84s
H    0     0                    -1.45190e+08 2.1495e+07   115%     -   87s
H    0     0                    -1.40180e+08 2.1495e+07   115%     -   90s
H    0     0                    -1.40171e+08 2.1495e+07   115%     -   90s
H    0     0                    -1.40170e+08 2.1495e+07   115%     -   90s
H    0     0                    -1.40170e+08 2.1495e+07   115%     -   90s
H    0     2                    -1.20922e+08 2.1495e+07   118%     -   95s
     0     2 2.1495e+07    0  443 -1.209e+08 2.1495e+07   118%     -   95s
    63   112 2.1494e+07    6  471 -1.209e+08 2.1494e+07   118%   191  100s
   576   736 2.1493e+07   12  473 -1.209e+08 2.1494e+07   118%  77.6  105s
  1037  1281 2.1491e+07   17  469 -1.209e+08 2.1494e+07   118%  76.9  110s
  1768  1817 2.1490e+07   28  422 -1.209e+08 2.1494e+07   118%  65.5  115s
H 1816  1865                    -8.95237e+07 2.1494e+07   124%  65.1  128s
H 1817  1865                    -8.11560e+07 2.1494e+07   126%  65.0  128s
H 1822  1865                    -8.11548e+07 2.1494e+07   126%  65.0  128s
H 1828  1865                    -8.11526e+07 2.1494e+07   126%  65.0  128s
H 1859  1865                    -8.11525e+07 2.1494e+07   126%  64.8  128s
H 1861  1865                    -6.66808e+07 2.1494e+07   132%  64.8  128s
  1864  1913 2.1490e+07   30  423 -6.668e+07 2.1494e+07   132%  64.7  133s
  1912  1961 2.1490e+07   31  423 -6.668e+07 2.1494e+07   132%  64.5  139s
H 1915  1961                    -5.28110e+07 2.1494e+07   141%  64.5  139s
  1960  2234 2.1489e+07   32  418 -5.281e+07 2.1494e+07   141%  64.2  140s
  2930  2994 2.1487e+07   52  409 -5.281e+07 2.1494e+07   141%  57.3  145s
H 2957  2994                    -5.28109e+07 2.1494e+07   141%  57.3  145s
H 3951  3991                    -5.21690e+07 2.1494e+07   141%  55.0  148s
Created node file directory '/scratch-local/lbeemster.22620750/gurobi_stress_vol1.0_0.8_price_lt_run1/grbnodes0'
  4375  4796 2.1482e+07   75  399 -5.217e+07 2.1494e+07   141%  53.3  150s
H 5527  5786                    -5.21596e+07 2.1494e+07   141%  50.7  154s
H 5562  5786                    -5.21565e+07 2.1494e+07   141%  50.6  154s
H 5576  5786                    -5.21563e+07 2.1494e+07   141%  50.6  154s
H 5672  5786                    -5.21525e+07 2.1494e+07   141%  50.4  154s
  5787  6268 2.1476e+07   96  387 -5.215e+07 2.1494e+07   141%  50.2  155s
  6775  7149 2.1472e+07  118  372 -5.215e+07 2.1494e+07   141%  47.9  160s
H 7003  7149                    -5.21436e+07 2.1494e+07   141%  47.4  160s
  8350  8873 2.1468e+07  148  369 -5.214e+07 2.1494e+07   141%  44.5  165s
H 9213  9244                    -5.21425e+07 2.1494e+07   141%  44.1  168s
  9892 10277 2.1463e+07  183  346 -5.214e+07 2.1494e+07   141%  43.6  172s
H11013 10950                    -4.64133e+07 2.1494e+07   146%  42.9  174s
 11074 11551 2.1460e+07  203  327 -4.641e+07 2.1494e+07   146%  42.9  176s
 12692 12760 2.1458e+07  218  332 -4.641e+07 2.1494e+07   146%  43.1  182s
H12731 12760                    -4.64008e+07 2.1494e+07   146%  43.1  182s
H12796 12760                    -4.63991e+07 2.1494e+07   146%  43.1  182s
H12938 12760                    -4.63957e+07 2.1494e+07   146%  42.9  182s
 14108 14814 2.1455e+07  236  331 -4.640e+07 2.1494e+07   146%  42.1  187s
*15163 14703             401    -4.20234e+07 2.1494e+07   151%  41.4  187s
 15178 15388 2.1454e+07  241  331 -4.202e+07 2.1494e+07   151%  41.4  191s
*15912 15206             426    -4.13096e+07 2.1494e+07   152%  41.0  191s
*16340 15473             426    -3.80043e+07 2.1494e+07   157%  41.2  194s
 16933 16014 2.1448e+07  277  318 -3.800e+07 2.1494e+07   157%  41.1  197s
H17196 15523                    -3.25774e+07 2.1494e+07   166%  41.2  197s
H17387 13061                    -7745764.443 2.1494e+07   377%  41.2  197s
 17605 13636 2.1447e+07  293  304 -7745764.4 2.1494e+07   377%  41.3  200s
H18394 13622                    -7745743.675 2.1494e+07   377%  41.5  224s
H18394 13145                    2198083.0008 2.1494e+07   878%  41.5  224s
H18394 13145                    2200181.0878 2.1494e+07   877%  41.5  225s
H18394 10272                    2.144658e+07 2.1494e+07  0.22%  41.5  237s
 18395 10182 2.1487e+07   19  452 2.1447e+07 2.1494e+07  0.22%  41.5  256s

Explored 18396 nodes (880065 simplex iterations) in 258.43 seconds (300.11 work units)
Thread count was 48 (of 192 available processors)

Solution count 10: 2.14466e+07 2.14466e+07 2.20018e+06 ... -4.20234e+07

Optimal solution found (tolerance 2.00e-03)
Best objective 2.144658228453e+07, best bound 2.148525562306e+07, gap 0.1803%
Deleted nodefile directory: /scratch-local/lbeemster.22620750/gurobi_stress_vol1.0_0.8_price_lt_run1
Saved model snapshot to study_case_model/figures/volatility_stress/07052026/vol1.0_0.8_price_lt/sub0.0/run1/model_snapshot.pkl
  Objective: 21446582.28
  Avg H2 production: 0.0
  Scenario obj std: 1276186.7800077992
  CVaR 5%: 19539212.09597017
  Worst scenario: 19539212.09597017

============================================================
Volatility multiplier: 2.0x
============================================================
Read LP format model from file /scratch-local/lbeemster.22620750/tmpxk2d5sjr.pyomo.lp
Reading time = 0.74 seconds
x1: 178177 rows, 50626 columns, 1021376 nonzeros
Set parameter OutputFlag to value 1
Set parameter MIPGap to value 0.002
Set parameter Threads to value 48
Set parameter Presolve to value 1
Set parameter Cuts to value 1
Set parameter NodefileStart to value 1
Set parameter NodefileDir to value "/scratch-local/lbeemster.22620750/gurobi_stress_vol2.0_0.8_price_lt_run1"
Set parameter MemLimit to value 60
Gurobi Optimizer version 12.0.3 build v12.0.3rc0 (linux64 - "Red Hat Enterprise Linux 9.6 (Plow)")

CPU model: AMD EPYC 9654 96-Core Processor, instruction set [SSE2|AVX|AVX2|AVX512]
Thread count: 192 physical cores, 192 logical processors, using up to 48 threads

Non-default parameters:
MemLimit  60
MIPGap  0.002
NodefileStart  1
Cuts  1
Presolve  1
Threads  48

Academic license 2514514 - for non-commercial use only - registered to l.___@student.vu.nl
Optimize a model with 178177 rows, 50626 columns and 1021376 nonzeros
Model fingerprint: 0x302d887f
Variable types: 40002 continuous, 10624 integer (10624 binary)
Coefficient statistics:
  Matrix range     [1e-06, 1e+05]
  Objective range  [2e+00, 3e+04]
  Bounds range     [1e+00, 1e+00]
  RHS range        [3e-01, 2e+05]
Presolve removed 34049 rows and 14166 columns
Presolve time: 1.69s
Presolved: 144128 rows, 36460 columns, 945973 nonzeros
Variable types: 28012 continuous, 8448 integer (8448 binary)
Found heuristic solution: objective -5.05581e+09

Deterministic concurrent LP optimizer: primal simplex, dual simplex, and barrier
Showing barrier log only...

Root barrier log...

Ordering time: 2.47s

Barrier statistics:
 AA' NZ     : 1.286e+07
 Factor NZ  : 1.434e+07 (roughly 200 MB of memory)
 Factor Ops : 2.150e+09 (less than 1 second per iteration)
 Threads    : 46

                  Objective                Residual
Iter       Primal          Dual         Primal    Dual     Compl     Time
   0  -3.00333155e+12  1.66225528e+14  3.09e+05 3.68e+04  1.75e+10     7s
   1  -1.87775993e+12  1.04793903e+14  1.75e+05 2.84e+05  7.64e+09     7s
   2  -5.43741885e+11  6.97301131e+13  4.78e+04 1.11e+04  2.11e+09     7s
   3  -4.58015799e+10  1.98219655e+13  3.19e+03 1.36e+01  2.01e+08     7s
   4  -1.40964082e+10  5.21035598e+12  4.96e+02 1.76e-07  3.85e+07     7s
   5  -8.73471777e+09  1.36310631e+12  1.05e+02 1.31e-07  8.82e+06     7s
   6  -3.33124344e+09  6.14946080e+11  4.07e+01 4.89e-08  3.67e+06     7s
   7  -1.63321547e+09  3.95945357e+11  2.24e+01 3.04e-08  2.28e+06     7s
   8  -7.22413596e+08  2.00402584e+11  9.56e+00 1.42e-08  1.11e+06     7s
   9  -1.11308515e+08  5.56789906e+10  1.06e+00 5.62e-09  2.86e+05     7s
  10  -1.14250601e+07  1.55695495e+10  1.40e-01 6.20e-09  7.74e+04     7s
  11   4.92544854e+06  7.35960805e+09  1.37e-02 2.73e-09  3.62e+04     7s
  12   8.70693627e+06  1.30603676e+09  3.94e-09 3.03e-09  6.37e+03     8s
  13   1.04053235e+07  4.71988457e+08  4.15e-09 1.40e-09  2.27e+03     8s
  14   1.25237909e+07  2.00550796e+08  2.42e-09 6.98e-10  9.24e+02     8s
  15   1.40111681e+07  1.18270930e+08  2.07e-09 4.66e-10  5.12e+02     8s
  16   1.87527185e+07  8.64907947e+07  2.40e-09 4.66e-10  3.33e+02     8s
  17   2.10441351e+07  4.50830365e+07  1.84e-09 4.66e-10  1.18e+02     8s
  18   2.10721789e+07  3.29740235e+07  4.11e-09 4.66e-10  5.85e+01     8s
  19   2.18101278e+07  2.90900450e+07  3.03e-09 4.66e-10  3.58e+01     8s
  20   2.21906557e+07  2.74521447e+07  2.32e-09 4.66e-10  2.58e+01     8s
  21   2.24970562e+07  2.55647065e+07  2.27e-09 4.66e-10  1.51e+01     8s
  22   2.27513700e+07  2.41951614e+07  2.02e-09 4.66e-10  7.09e+00     8s
  23   2.28774178e+07  2.37129884e+07  5.47e-09 4.66e-10  4.10e+00     8s
  24   2.30009577e+07  2.33276966e+07  1.00e-08 4.66e-10  1.60e+00     8s

Barrier performed 24 iterations in 8.27 seconds (6.83 work units)
Barrier solve interrupted - model solved by another algorithm

Concurrent spin time: 1.51s (can be avoided by choosing Method=3)

Solved with dual simplex

Root relaxation: objective 2.313704e+07, 48435 iterations, 5.41 seconds (4.07 work units)

    Nodes    |    Current Node    |     Objective Bounds      |     Work
 Expl Unexpl |  Obj  Depth IntInf | Incumbent    BestBd   Gap | It/Node Time

     0     0 2.3137e+07    0  465 -5.056e+09 2.3137e+07   100%     -    9s
H    0     0                    -1.74067e+09 2.3137e+07   101%     -   11s
H    0     0                    -1.73201e+09 2.3137e+07   101%     -   13s
     0     0 2.3105e+07    0  633 -1.732e+09 2.3105e+07   101%     -   15s
     0     0 2.3105e+07    0  672 -1.732e+09 2.3105e+07   101%     -   16s
     0     0 2.3105e+07    0  670 -1.732e+09 2.3105e+07   101%     -   16s
     0     0 2.3088e+07    0  641 -1.732e+09 2.3088e+07   101%     -   19s
     0     0 2.3088e+07    0  670 -1.732e+09 2.3088e+07   101%     -   19s
     0     0 2.3088e+07    0  679 -1.732e+09 2.3088e+07   101%     -   19s
     0     0 2.3057e+07    0  633 -1.732e+09 2.3057e+07   101%     -   22s
     0     0 2.3057e+07    0  649 -1.732e+09 2.3057e+07   101%     -   23s
     0     0 2.3057e+07    0  655 -1.732e+09 2.3057e+07   101%     -   23s
     0     0 2.3057e+07    0  662 -1.732e+09 2.3057e+07   101%     -   23s
     0     0 2.3057e+07    0  661 -1.732e+09 2.3057e+07   101%     -   24s
     0     0 2.3039e+07    0  589 -1.732e+09 2.3039e+07   101%     -   27s
H    0     0                    -1.69483e+09 2.3039e+07   101%     -   28s
     0     0 2.3039e+07    0  620 -1.695e+09 2.3039e+07   101%     -   28s
     0     0 2.3039e+07    0  622 -1.695e+09 2.3039e+07   101%     -   28s
     0     0 2.3039e+07    0  626 -1.695e+09 2.3039e+07   101%     -   28s
     0     0 2.3039e+07    0  593 -1.695e+09 2.3039e+07   101%     -   29s
     0     0 2.3027e+07    0  601 -1.695e+09 2.3027e+07   101%     -   31s
H    0     0                    -1.20503e+09 2.3027e+07   102%     -   33s
     0     0 2.3027e+07    0  624 -1.205e+09 2.3027e+07   102%     -   33s
     0     0 2.3027e+07    0  627 -1.205e+09 2.3027e+07   102%     -   33s
     0     0 2.3004e+07    0  519 -1.205e+09 2.3004e+07   102%     -   36s
     0     0 2.3003e+07    0  523 -1.205e+09 2.3003e+07   102%     -   36s
     0     0 2.3003e+07    0  536 -1.205e+09 2.3003e+07   102%     -   37s
     0     0 2.3003e+07    0  536 -1.205e+09 2.3003e+07   102%     -   37s
     0     0 2.2998e+07    0  486 -1.205e+09 2.2998e+07   102%     -   39s
H    0     0                    -1.02899e+09 2.2997e+07   102%     -   40s
     0     0 2.2997e+07    0  525 -1.029e+09 2.2997e+07   102%     -   41s
     0     0 2.2997e+07    0  537 -1.029e+09 2.2997e+07   102%     -   41s
     0     0 2.2995e+07    0  469 -1.029e+09 2.2995e+07   102%     -   43s
     0     0 2.2995e+07    0  503 -1.029e+09 2.2995e+07   102%     -   43s
     0     0 2.2995e+07    0  501 -1.029e+09 2.2995e+07   102%     -   44s
     0     0 2.2990e+07    0  451 -1.029e+09 2.2990e+07   102%     -   44s
H    0     0                    -5.48988e+08 2.2990e+07   104%     -   46s
     0     0 2.2990e+07    0  459 -5.490e+08 2.2990e+07   104%     -   46s
     0     0 2.2981e+07    0  509 -5.490e+08 2.2981e+07   104%     -   48s
H    0     0                    -4.95776e+08 2.2981e+07   105%     -   49s
     0     0 2.2981e+07    0  533 -4.958e+08 2.2981e+07   105%     -   50s
     0     0 2.2981e+07    0  533 -4.958e+08 2.2981e+07   105%     -   50s
     0     0 2.2980e+07    0  487 -4.958e+08 2.2980e+07   105%     -   50s
H    0     0                    -4.04935e+08 2.2980e+07   106%     -   51s
     0     0 2.2980e+07    0  491 -4.049e+08 2.2980e+07   106%     -   52s
     0     0 2.2980e+07    0  486 -4.049e+08 2.2980e+07   106%     -   54s
     0     0 2.2980e+07    0  469 -4.049e+08 2.2980e+07   106%     -   59s
H    0     0                    -4.01753e+08 2.2980e+07   106%     -   67s
H    0     0                    -3.67193e+08 2.2980e+07   106%     -   71s
H    0     0                    -2.68268e+08 2.2980e+07   109%     -   73s
H    0     0                    -1.77040e+08 2.2980e+07   113%     -   75s
H    0     0                    -1.57795e+08 2.2980e+07   115%     -   80s
H    0     0                    -1.40542e+08 2.2980e+07   116%     -   80s
H    0     0                    -1.40538e+08 2.2980e+07   116%     -   81s
H    0     0                    -1.40535e+08 2.2980e+07   116%     -   81s
H    0     0                    -1.40535e+08 2.2980e+07   116%     -   81s
H    0     2                    -1.03299e+08 2.2980e+07   122%     -   86s
     0     2 2.2980e+07    0  466 -1.033e+08 2.2980e+07   122%     -   86s
    31    64 2.2980e+07    5  505 -1.033e+08 2.2980e+07   122%   243   90s
H   74   112                    -1.03298e+08 2.2980e+07   122%   177   93s
H   76   112                    -1.00878e+08 2.2980e+07   123%   175   93s
H   80   112                    -8.40935e+07 2.2980e+07   127%   175   93s
H   83   112                    -7.26587e+07 2.2980e+07   132%   172   93s
   111   160 2.2976e+07    7  483 -7.266e+07 2.2980e+07   132%   158   95s
H  329   394                    -6.48102e+07 2.2980e+07   135%  96.0   96s
   522   667 2.2976e+07   13  463 -6.481e+07 2.2980e+07   135%  81.2  100s
  1610  1786 2.2972e+07   24  453 -6.481e+07 2.2980e+07   135%  62.5  106s
H 1626  1786                    -6.47777e+07 2.2980e+07   135%  62.3  106s
H 1714  1786                    -2413959.078 2.2980e+07  1052%  61.5  106s
  1844  1871 2.2971e+07   25  462 -2413959.1 2.2980e+07  1052%  60.5  120s
  1892  1919 2.2970e+07   26  452 -2413959.1 2.2980e+07  1052%  60.3  129s
H 1938  1919                    3591500.6855 2.2980e+07   540%  59.9  129s
  1940  2031 2.2970e+07   26  457 3591500.69 2.2980e+07   540%  59.9  131s
  2904  3304 2.2969e+07   43  447 3591500.69 2.2980e+07   540%  56.2  136s
H 3432  3283                    2.284005e+07 2.2980e+07  0.61%  54.2  138s
H 3701  3283                    2.284310e+07 2.2980e+07  0.60%  52.9  138s
  3763  3696 2.2968e+07   60  414 2.2843e+07 2.2980e+07  0.60%  52.6  140s
H 5170  4826                    2.285116e+07 2.2980e+07  0.57%  49.6  143s
  6048  5976 2.2967e+07   80  399 2.2851e+07 2.2980e+07  0.57%  46.8  145s
H 6734  6272                    2.285116e+07 2.2980e+07  0.57%  45.2  146s
  8126  7524 2.2963e+07   99  385 2.2851e+07 2.2980e+07  0.57%  41.7  152s
H 8130  7515                    2.285323e+07 2.2980e+07  0.56%  41.7  152s
Created node file directory '/scratch-local/lbeemster.22620750/gurobi_stress_vol2.0_0.8_price_lt_run1/grbnodes0'
  9522  9693 2.2956e+07  109  388 2.2853e+07 2.2980e+07  0.56%  39.1  156s
H10484  9817                    2.285323e+07 2.2980e+07  0.56%  37.5  159s
 10499 10641 2.2959e+07  115  383 2.2853e+07 2.2980e+07  0.56%  37.4  161s
 11349 10913 2.2957e+07  127  372 2.2853e+07 2.2980e+07  0.56%  36.4  165s
 13452 13675 2.2954e+07  152  335 2.2853e+07 2.2980e+07  0.56%  34.7  172s
 14429 14616 2.2952e+07  162  333 2.2853e+07 2.2980e+07  0.56%  33.9  175s
 16597 16615 2.2950e+07  199  264 2.2853e+07 2.2980e+07  0.56%  32.4  180s
 17597 17660 2.2947e+07  226  260 2.2853e+07 2.2980e+07  0.56%  31.9  185s
H18707 17225                    2.286305e+07 2.2980e+07  0.51%  31.4  195s
H18707 17032                    2.287078e+07 2.2980e+07  0.48%  31.4  199s
H18707 16846                    2.287494e+07 2.2980e+07  0.46%  31.4  203s
H18707 16846                    2.287518e+07 2.2980e+07  0.46%  31.4  207s
H18707 16700                    2.287581e+07 2.2980e+07  0.46%  31.4  208s
H18707 16700                    2.287803e+07 2.2980e+07  0.45%  31.4  211s
 18708 16675 2.2960e+07   66  469 2.2878e+07 2.2980e+07  0.45%  31.4  229s
H18709 15842                    2.287843e+07 2.2972e+07  0.41%  31.4  265s
H18709 15050                    2.288662e+07 2.2961e+07  0.33%  31.4  273s
 18711 15051 2.2961e+07   57  344 2.2887e+07 2.2961e+07  0.33%  31.4  279s
H18711 14298                    2.289088e+07 2.2961e+07  0.31%  31.4  279s
H18711 13583                    2.289307e+07 2.2961e+07  0.30%  31.4  280s
H18715 12907                    2.289471e+07 2.2961e+07  0.29%  31.4  368s
H18715 12261                    2.289692e+07 2.2961e+07  0.28%  31.4  368s
H18715 11648                    2.289946e+07 2.2961e+07  0.27%  31.4  368s
H18715 11065                    2.290208e+07 2.2961e+07  0.26%  31.4  368s
H18715 10512                    2.290404e+07 2.2961e+07  0.25%  31.4  368s
H18715  9986                    2.290522e+07 2.2961e+07  0.24%  31.4  368s
H18715  9487                    2.290547e+07 2.2961e+07  0.24%  31.4  368s
H18715  9012                    2.290563e+07 2.2961e+07  0.24%  31.4  368s
H18715  8562                    2.290649e+07 2.2961e+07  0.24%  31.4  368s
H18715  8133                    2.290672e+07 2.2961e+07  0.24%  31.4  368s
H18715  7727                    2.290674e+07 2.2961e+07  0.24%  31.4  368s
H18715  7340                    2.290727e+07 2.2961e+07  0.24%  31.4  368s
H18715  6973                    2.290729e+07 2.2961e+07  0.24%  31.4  368s
H18715  6624                    2.290773e+07 2.2961e+07  0.23%  31.4  368s
H18715  6293                    2.290776e+07 2.2961e+07  0.23%  31.4  368s
H18715  5978                    2.290931e+07 2.2961e+07  0.23%  31.4  389s
H18715  5679                    2.291047e+07 2.2961e+07  0.22%  31.4  389s
H18715  5395                    2.291208e+07 2.2961e+07  0.21%  31.4  389s
H18715  5125                    2.291618e+07 2.2961e+07  0.20%  31.4  389s
H18715  4869                    2.292603e+07 2.2961e+07  0.15%  31.4  389s

Cutting planes:
  Gomory: 28
  Cover: 42
  Implied bound: 132
  Clique: 6
  MIR: 664
  Flow cover: 1005
  RLT: 6
  Relax-and-lift: 310

Explored 18715 nodes (716488 simplex iterations) in 390.11 seconds (434.61 work units)
Thread count was 48 (of 192 available processors)

Solution count 10: 2.2926e+07 2.29162e+07 2.29121e+07 ... 2.29067e+07

Optimal solution found (tolerance 2.00e-03)
Best objective 2.292602964998e+07, best bound 2.296108433454e+07, gap 0.1529%
Deleted nodefile directory: /scratch-local/lbeemster.22620750/gurobi_stress_vol2.0_0.8_price_lt_run1
Saved model snapshot to study_case_model/figures/volatility_stress/07052026/vol2.0_0.8_price_lt/sub0.0/run1/model_snapshot.pkl
  Objective: 22926029.65
  Avg H2 production: 0.0
  Scenario obj std: 2834413.022835435
  CVaR 5%: 18902747.677485105
  Worst scenario: 18902747.6774851

============================================================
Volatility multiplier: 4.0x
============================================================
Read LP format model from file /scratch-local/lbeemster.22620750/tmpbe6ssfkq.pyomo.lp
Reading time = 0.59 seconds
x1: 178177 rows, 50626 columns, 1021376 nonzeros
Set parameter OutputFlag to value 1
Set parameter MIPGap to value 0.002
Set parameter Threads to value 48
Set parameter Presolve to value 1
Set parameter Cuts to value 1
Set parameter NodefileStart to value 1
Set parameter NodefileDir to value "/scratch-local/lbeemster.22620750/gurobi_stress_vol4.0_0.8_price_lt_run1"
Set parameter MemLimit to value 60
Gurobi Optimizer version 12.0.3 build v12.0.3rc0 (linux64 - "Red Hat Enterprise Linux 9.6 (Plow)")

CPU model: AMD EPYC 9654 96-Core Processor, instruction set [SSE2|AVX|AVX2|AVX512]
Thread count: 192 physical cores, 192 logical processors, using up to 48 threads

Non-default parameters:
MemLimit  60
MIPGap  0.002
NodefileStart  1
Cuts  1
Presolve  1
Threads  48

Academic license 2514514 - for non-commercial use only - registered to l.___@student.vu.nl
Optimize a model with 178177 rows, 50626 columns and 1021376 nonzeros
Model fingerprint: 0x7e6f6350
Variable types: 40002 continuous, 10624 integer (10624 binary)
Coefficient statistics:
  Matrix range     [1e-06, 1e+05]
  Objective range  [2e+00, 3e+04]
  Bounds range     [1e+00, 1e+00]
  RHS range        [3e-01, 2e+05]
Presolve removed 85845 rows and 27230 columns
Presolve time: 1.50s
Presolved: 92332 rows, 23396 columns, 606571 nonzeros
Variable types: 17984 continuous, 5412 integer (5412 binary)
Found heuristic solution: objective -5.05372e+09

Deterministic concurrent LP optimizer: primal simplex, dual simplex, and barrier
Showing barrier log only...

Root barrier log...

Ordering time: 0.35s

Barrier statistics:
 Dense cols : 123
 AA' NZ     : 7.301e+06
 Factor NZ  : 8.556e+06 (roughly 120 MB of memory)
 Factor Ops : 1.087e+09 (less than 1 second per iteration)
 Threads    : 46

                  Objective                Residual
Iter       Primal          Dual         Primal    Dual     Compl     Time
   0  -2.88862478e+12  3.15779708e+14  2.97e+05 1.10e+05  5.05e+10     4s
   1  -1.81020052e+12  1.96191731e+14  1.68e+05 8.53e+05  2.20e+10     4s
   2  -5.18383094e+11  1.22750088e+14  4.52e+04 2.80e+04  6.06e+09     4s
   3  -3.93874940e+10  3.16936206e+13  2.44e+03 8.38e+01  4.83e+08     4s
   4  -1.72002047e+10  7.61760789e+12  5.31e+02 2.01e-06  9.93e+07     4s
   5  -1.07591158e+10  2.12734682e+12  1.11e+02 4.13e-07  2.28e+07     4s
   6  -6.31258643e+09  8.93472285e+11  4.81e+01 1.61e-07  9.09e+06     4s
   7  -2.16544857e+09  5.23333719e+11  2.41e+01 8.28e-08  5.02e+06     4s
   8  -8.62791224e+08  2.68832592e+11  6.41e+00 5.06e-08  2.31e+06     4s
   9  -2.41537648e+08  7.80260106e+10  1.39e+00 1.82e-08  6.43e+05     4s
  10  -8.50895379e+06  2.31955004e+10  5.35e-02 1.15e-07  1.79e+05     4s
  11   1.02859944e+07  1.48914700e+09  3.61e-05 1.21e-08  1.13e+04     4s
  12   1.26302422e+07  5.53675438e+08  2.99e-06 3.80e-09  4.15e+03     5s
  13   1.45324736e+07  2.55931597e+08  1.62e-06 1.81e-09  1.85e+03     5s
  14   1.76261142e+07  1.36670374e+08  8.13e-07 9.31e-10  9.12e+02     5s

Barrier performed 14 iterations in 4.62 seconds (4.10 work units)
Barrier solve interrupted - model solved by another algorithm

Concurrent spin time: 0.61s (can be avoided by choosing Method=3)

Solved with primal simplex

Root relaxation: objective 2.644761e+07, 31875 iterations, 2.14 seconds (1.62 work units)
Total elapsed time = 5.08s (DegenMoves)

    Nodes    |    Current Node    |     Objective Bounds      |     Work
 Expl Unexpl |  Obj  Depth IntInf | Incumbent    BestBd   Gap | It/Node Time

     0     0 2.6448e+07    0  278 -5.054e+09 2.6448e+07   101%     -    5s
H    0     0                    -4.21174e+09 2.6448e+07   101%     -    5s
H    0     0                    -4.18378e+09 2.6448e+07   101%     -    6s
H    0     0                    -4.16247e+09 2.6448e+07   101%     -    7s
     0     0 2.6399e+07    0  437 -4.162e+09 2.6399e+07   101%     -    7s
H    0     0                    -3.13002e+09 2.6399e+07   101%     -    8s
     0     0 2.6399e+07    0  481 -3.130e+09 2.6399e+07   101%     -    8s
     0     0 2.6399e+07    0  488 -3.130e+09 2.6399e+07   101%     -    8s
     0     0 2.6399e+07    0  488 -3.130e+09 2.6399e+07   101%     -    8s
H    0     0                    -2.10204e+09 2.6369e+07   101%     -   10s
     0     0 2.6369e+07    0  464 -2.102e+09 2.6369e+07   101%     -   10s
     0     0 2.6365e+07    0  460 -2.102e+09 2.6365e+07   101%     -   10s
     0     0 2.6361e+07    0  461 -2.102e+09 2.6361e+07   101%     -   11s
     0     0 2.6361e+07    0  462 -2.102e+09 2.6361e+07   101%     -   11s
     0     0 2.6298e+07    0  442 -2.102e+09 2.6298e+07   101%     -   13s
H    0     0                    -2.10070e+09 2.6298e+07   101%     -   14s
     0     0 2.6262e+07    0  455 -2.101e+09 2.6262e+07   101%     -   14s
     0     0 2.6262e+07    0  454 -2.101e+09 2.6262e+07   101%     -   14s
     0     0 2.6262e+07    0  455 -2.101e+09 2.6262e+07   101%     -   15s
     0     0 2.6262e+07    0  453 -2.101e+09 2.6262e+07   101%     -   15s
     0     0 2.6220e+07    0  377 -2.101e+09 2.6220e+07   101%     -   17s
H    0     0                    -2.10069e+09 2.6220e+07   101%     -   19s
     0     0 2.6219e+07    0  400 -2.101e+09 2.6219e+07   101%     -   20s
     0     0 2.6219e+07    0  425 -2.101e+09 2.6219e+07   101%     -   20s
     0     0 2.6219e+07    0  429 -2.101e+09 2.6219e+07   101%     -   20s
     0     0 2.6200e+07    0  339 -2.101e+09 2.6200e+07   101%     -   22s
H    0     0                    -1.11192e+09 2.6200e+07   102%     -   23s
     0     0 2.6200e+07    0  365 -1.112e+09 2.6200e+07   102%     -   23s
     0     0 2.6199e+07    0  368 -1.112e+09 2.6199e+07   102%     -   23s
     0     0 2.6199e+07    0  371 -1.112e+09 2.6199e+07   102%     -   23s
     0     0 2.6181e+07    0  302 -1.112e+09 2.6181e+07   102%     -   25s
     0     0 2.6181e+07    0  316 -1.112e+09 2.6181e+07   102%     -   25s
     0     0 2.6181e+07    0  324 -1.112e+09 2.6181e+07   102%     -   25s
     0     0 2.6170e+07    0  303 -1.112e+09 2.6170e+07   102%     -   26s
H    0     0                    -9.19137e+08 2.6170e+07   103%     -   27s
     0     0 2.6170e+07    0  311 -9.191e+08 2.6170e+07   103%     -   27s
     0     0 2.6170e+07    0  315 -9.191e+08 2.6170e+07   103%     -   27s
     0     0 2.6170e+07    0  315 -9.191e+08 2.6170e+07   103%     -   29s
     0     0 2.6170e+07    0  316 -9.191e+08 2.6170e+07   103%     -   29s
     0     0 2.6170e+07    0  305 -9.191e+08 2.6170e+07   103%     -   30s
H    0     0                    -7.60542e+08 2.6170e+07   103%     -   31s
     0     0 2.6170e+07    0  302 -7.605e+08 2.6170e+07   103%     -   31s
     0     0 2.6169e+07    0  301 -7.605e+08 2.6169e+07   103%     -   31s
     0     0 2.6169e+07    0  282 -7.605e+08 2.6169e+07   103%     -   35s
H    0     0                    -4.68963e+08 2.6169e+07   106%     -   38s
H    0     0                    -3.58967e+08 2.6169e+07   107%     -   43s
H    0     0                    -3.32708e+08 2.6169e+07   108%     -   43s
H    0     0                    -3.03488e+08 2.6169e+07   109%     -   45s
H    0     0                    -2.90466e+08 2.6169e+07   109%     -   48s
H    0     0                    -2.90466e+08 2.6169e+07   109%     -   52s
H    0     0                    -2.39756e+08 2.6169e+07   111%     -   52s
H    0     0                    -2.39738e+08 2.6169e+07   111%     -   52s
H    0     0                    -2.39726e+08 2.6169e+07   111%     -   52s
H    0     2                    -1.95456e+08 2.6169e+07   113%     -   56s
     0     2 2.6169e+07    0  277 -1.955e+08 2.6169e+07   113%     -   56s
   159   253 2.6158e+07    8  292 -1.955e+08 2.6165e+07   113%  81.2   60s
H  177   253                    -1.95446e+08 2.6165e+07   113%  81.3   60s
H  211   253                    -6.26542e+07 2.6165e+07   142%  78.3   60s
H  264   301                    -6.26466e+07 2.6165e+07   142%  74.1   61s
  1006  1099 2.6155e+07   17  281 -6.265e+07 2.6165e+07   142%  49.7   65s
H 1483  1555                    -6.26420e+07 2.6165e+07   142%  46.4   67s
  1783  1832 2.6150e+07   31  259 -6.264e+07 2.6165e+07   142%  44.9   70s
  1831  1881 2.6149e+07   31  255 -6.264e+07 2.6165e+07   142%  45.0   76s
H 1853  1881                    -4.77885e+07 2.6165e+07   155%  44.8   76s
H 1908  1920                    -4.77885e+07 2.6165e+07   155%  44.8   79s
  1937  2060 2.6145e+07   32  257 -4.779e+07 2.6165e+07   155%  44.6   80s
  3061  3157 2.6139e+07   47  235 -4.779e+07 2.6165e+07   155%  45.4   85s
H 3065  3157                    -4.77760e+07 2.6165e+07   155%  45.3   85s
H 3079  2941                    2.307741e+07 2.6165e+07  13.4%  45.5   85s
H 3100  2941                    2.308562e+07 2.6165e+07  13.3%  45.4   85s
H 3127  2941                    2.581931e+07 2.6165e+07  1.34%  45.3   85s
H 4180  3918                    2.584327e+07 2.6165e+07  1.24%  44.4   89s
H 4190  3918                    2.585691e+07 2.6165e+07  1.19%  44.4   89s
H 4192  3918                    2.588146e+07 2.6165e+07  1.09%  44.4   89s
H 4193  3918                    2.588545e+07 2.6165e+07  1.08%  44.4   89s
H 4196  3918                    2.588628e+07 2.6165e+07  1.08%  44.4   89s
H 4213  3918                    2.589274e+07 2.6165e+07  1.05%  44.4   89s
H 4220  3918                    2.591667e+07 2.6165e+07  0.96%  44.3   89s
  4227  4200 2.6136e+07   63  212 2.5917e+07 2.6165e+07  0.96%  44.3   90s
H 5513  5347                    2.592544e+07 2.6165e+07  0.92%  40.8   93s
  6054  6079 2.6127e+07   87  196 2.5925e+07 2.6165e+07  0.92%  39.4   95s
H 6832  6719                    2.592867e+07 2.6165e+07  0.91%  37.7   97s
  8029  7959 2.6047e+07  123  169 2.5929e+07 2.6164e+07  0.91%  35.0  100s
  9408  9320 2.6044e+07  157  144 2.5929e+07 2.6164e+07  0.91%  32.1  105s
H 9651  9252                    2.593655e+07 2.6164e+07  0.88%  32.0  105s
 11410 11412 2.6026e+07  188  131 2.5937e+07 2.6164e+07  0.88%  30.4  110s
 14210 14198 2.6025e+07  244   96 2.5937e+07 2.6164e+07  0.88%  27.5  116s
H14997 13671                    2.595330e+07 2.6164e+07  0.81%  26.8  118s
H15038 13282                    2.597622e+07 2.6164e+07  0.72%  26.8  118s
H15172 13101                    2.598172e+07 2.6164e+07  0.70%  26.7  118s
H15196 12304                    2.601004e+07 2.6164e+07  0.59%  26.7  118s
 15387 12758     cutoff  271      2.6010e+07 2.6164e+07  0.59%  26.6  120s
 17647 15094 2.6128e+07   44  220 2.6010e+07 2.6164e+07  0.59%  26.3  125s
H18526 15027                    2.601380e+07 2.6164e+07  0.58%  26.0  134s
H18526 11924                    2.605598e+07 2.6164e+07  0.41%  26.0  136s
H18526 11854                    2.605700e+07 2.6164e+07  0.41%  26.0  136s
H18526 11851                    2.605708e+07 2.6164e+07  0.41%  26.0  136s
H18526 11840                    2.605746e+07 2.6164e+07  0.41%  26.0  138s
H18526 11838                    2.605754e+07 2.6164e+07  0.41%  26.0  138s
H18526 11801                    2.605837e+07 2.6164e+07  0.40%  26.0  139s
H18526 11801                    2.605845e+07 2.6164e+07  0.40%  26.0  139s
H18526 11797                    2.605862e+07 2.6164e+07  0.40%  26.0  140s
H18526 11794                    2.605870e+07 2.6164e+07  0.40%  26.0  140s
 18527 11752 2.6153e+07   23  282 2.6059e+07 2.6164e+07  0.40%  26.0  150s
H18528 11165                    2.607691e+07 2.6164e+07  0.33%  26.0  179s
 18530 11166 2.6125e+07   68  216 2.6077e+07 2.6142e+07  0.25%  26.0  182s
H18533 10609                    2.607758e+07 2.6141e+07  0.24%  26.0  185s
H18534 10080                    2.607761e+07 2.6141e+07  0.24%  26.0  185s
H18534  9576                    2.607950e+07 2.6141e+07  0.24%  26.0  200s
H18536  9098                    2.608446e+07 2.6140e+07  0.21%  26.0  216s
H18536  8643                    2.608719e+07 2.6140e+07  0.20%  26.0  216s
H18538  8211                    2.608830e+07 2.6140e+07  0.20%  26.0  217s

Cutting planes:
  Gomory: 33
  Cover: 14
  Implied bound: 118
  MIR: 908
  Flow cover: 1020
  RLT: 8
  Relax-and-lift: 210

Explored 18538 nodes (565415 simplex iterations) in 217.88 seconds (245.87 work units)
Thread count was 48 (of 192 available processors)

Solution count 10: 2.60883e+07 2.60872e+07 2.60845e+07 ... 2.60584e+07

Optimal solution found (tolerance 2.00e-03)
Best objective 2.608830412277e+07, best bound 2.614008531785e+07, gap 0.1985%
Deleted nodefile directory: /scratch-local/lbeemster.22620750/gurobi_stress_vol4.0_0.8_price_lt_run1
Saved model snapshot to study_case_model/figures/volatility_stress/07052026/vol4.0_0.8_price_lt/sub0.0/run1/model_snapshot.pkl
  Objective: 26088304.12
  Avg H2 production: 0.0
  Scenario obj std: 5857919.91158382
  CVaR 5%: 17765193.4501543
  Worst scenario: 17765193.4501543

============================================================
Volatility multiplier: 8.0x
============================================================
Read LP format model from file /scratch-local/lbeemster.22620750/tmpe6x8kjvk.pyomo.lp
Reading time = 0.96 seconds
x1: 178177 rows, 50626 columns, 1021376 nonzeros
Set parameter OutputFlag to value 1
Set parameter MIPGap to value 0.002
Set parameter Threads to value 48
Set parameter Presolve to value 1
Set parameter Cuts to value 1
Set parameter NodefileStart to value 1
Set parameter NodefileDir to value "/scratch-local/lbeemster.22620750/gurobi_stress_vol8.0_0.8_price_lt_run1"
Set parameter MemLimit to value 60
Gurobi Optimizer version 12.0.3 build v12.0.3rc0 (linux64 - "Red Hat Enterprise Linux 9.6 (Plow)")

CPU model: AMD EPYC 9654 96-Core Processor, instruction set [SSE2|AVX|AVX2|AVX512]
Thread count: 192 physical cores, 192 logical processors, using up to 48 threads

Non-default parameters:
MemLimit  60
MIPGap  0.002
NodefileStart  1
Cuts  1
Presolve  1
Threads  48

Academic license 2514514 - for non-commercial use only - registered to l.___@student.vu.nl
Optimize a model with 178177 rows, 50626 columns and 1021376 nonzeros
Model fingerprint: 0xfb4c7b22
Variable types: 40002 continuous, 10624 integer (10624 binary)
Coefficient statistics:
  Matrix range     [1e-06, 1e+05]
  Objective range  [2e+00, 3e+04]
  Bounds range     [1e+00, 1e+00]
  RHS range        [3e-01, 2e+05]
Presolve removed 85845 rows and 27230 columns
Presolve time: 1.49s
Presolved: 92332 rows, 23396 columns, 606571 nonzeros
Variable types: 17984 continuous, 5412 integer (5412 binary)
Found heuristic solution: objective -5.04873e+09

Deterministic concurrent LP optimizer: primal simplex, dual simplex, and barrier
Showing barrier log only...

Root barrier log...

Ordering time: 0.33s

Barrier statistics:
 Dense cols : 123
 AA' NZ     : 7.301e+06
 Factor NZ  : 8.556e+06 (roughly 120 MB of memory)
 Factor Ops : 1.087e+09 (less than 1 second per iteration)
 Threads    : 46

                  Objective                Residual
Iter       Primal          Dual         Primal    Dual     Compl     Time
   0  -2.88857040e+12  3.15779779e+14  2.97e+05 1.10e+05  5.05e+10     4s
   1  -1.81017021e+12  1.96191776e+14  1.68e+05 8.53e+05  2.20e+10     4s
   2  -5.18374119e+11  1.22750116e+14  4.52e+04 2.80e+04  6.06e+09     4s
   3  -3.93860510e+10  3.16936283e+13  2.44e+03 8.38e+01  4.83e+08     4s
   4  -1.71992817e+10  7.61761436e+12  5.31e+02 1.72e-06  9.93e+07     4s
   5  -1.07582056e+10  2.12742395e+12  1.11e+02 3.35e-07  2.28e+07     4s
   6  -6.31147453e+09  8.93450290e+11  4.81e+01 1.15e-07  9.09e+06     4s
   7  -2.16418589e+09  5.23323179e+11  2.41e+01 7.04e-08  5.02e+06     4s
   8  -8.61620337e+08  2.68923860e+11  6.40e+00 3.98e-08  2.31e+06     4s
   9  -2.40086267e+08  7.78888151e+10  1.40e+00 1.52e-08  6.42e+05     4s
  10  -6.34469223e+06  2.31774414e+10  5.35e-02 3.07e-08  1.79e+05     4s
  11   1.25828444e+07  1.48687377e+09  3.58e-05 1.09e-08  1.13e+04     4s
  12   1.47323394e+07  5.52955652e+08  1.29e-05 3.96e-09  4.13e+03     5s
  13   1.69553870e+07  3.06574781e+08  7.18e-06 2.21e-09  2.22e+03     5s
  14   2.11084737e+07  1.89822551e+08  3.75e-06 9.90e-10  1.29e+03     5s

Barrier performed 14 iterations in 4.67 seconds (4.11 work units)
Barrier solve interrupted - model solved by another algorithm

Concurrent spin time: 0.72s (can be avoided by choosing Method=3)

Solved with primal simplex

Root relaxation: objective 3.338628e+07, 32923 iterations, 2.20 seconds (1.59 work units)
Total elapsed time = 5.13s (DegenMoves)

    Nodes    |    Current Node    |     Objective Bounds      |     Work
 Expl Unexpl |  Obj  Depth IntInf | Incumbent    BestBd   Gap | It/Node Time

     0     0 3.3386e+07    0  290 -5.049e+09 3.3386e+07   101%     -    5s
H    0     0                    -2.31805e+09 3.3386e+07   101%     -    5s
H    0     0                    -2.26738e+09 3.3386e+07   101%     -    7s
     0     0 3.3271e+07    0  380 -2.267e+09 3.3271e+07   101%     -    9s
     0     0 3.3271e+07    0  404 -2.267e+09 3.3271e+07   101%     -   10s
     0     0 3.3201e+07    0  397 -2.267e+09 3.3201e+07   101%     -   12s
H    0     0                    -2.20249e+09 3.3199e+07   102%     -   13s
     0     0 3.3197e+07    0  417 -2.202e+09 3.3197e+07   102%     -   13s
     0     0 3.3197e+07    0  423 -2.202e+09 3.3197e+07   102%     -   13s
H    0     0                    -2.10122e+09 3.3197e+07   102%     -   15s
     0     0 3.3054e+07    0  372 -2.101e+09 3.3054e+07   102%     -   15s
H    0     0                    -1.95979e+09 3.3052e+07   102%     -   16s
     0     0 3.3052e+07    0  401 -1.960e+09 3.3052e+07   102%     -   16s
     0     0 3.3051e+07    0  420 -1.960e+09 3.3051e+07   102%     -   17s
H    0     0                    -1.86990e+09 3.3051e+07   102%     -   17s
     0     0 3.3051e+07    0  422 -1.870e+09 3.3051e+07   102%     -   17s
     0     0 3.2991e+07    0  369 -1.870e+09 3.2991e+07   102%     -   19s
     0     0 3.2989e+07    0  379 -1.870e+09 3.2989e+07   102%     -   20s
     0     0 3.2988e+07    0  382 -1.870e+09 3.2988e+07   102%     -   20s
     0     0 3.2988e+07    0  381 -1.870e+09 3.2988e+07   102%     -   20s
     0     0 3.2956e+07    0  337 -1.870e+09 3.2956e+07   102%     -   22s
H    0     0                    -1.24550e+09 3.2955e+07   103%     -   23s
     0     0 3.2954e+07    0  345 -1.246e+09 3.2954e+07   103%     -   23s
     0     0 3.2953e+07    0  348 -1.246e+09 3.2953e+07   103%     -   23s
     0     0 3.2952e+07    0  343 -1.246e+09 3.2952e+07   103%     -   23s
     0     0 3.2952e+07    0  344 -1.246e+09 3.2952e+07   103%     -   23s
     0     0 3.2915e+07    0  324 -1.246e+09 3.2915e+07   103%     -   25s
     0     0 3.2914e+07    0  323 -1.246e+09 3.2914e+07   103%     -   25s
     0     0 3.2914e+07    0  322 -1.246e+09 3.2914e+07   103%     -   25s
     0     0 3.2914e+07    0  323 -1.246e+09 3.2914e+07   103%     -   25s
     0     0 3.2908e+07    0  263 -1.246e+09 3.2908e+07   103%     -   27s
H    0     0                    -6.11681e+08 3.2908e+07   105%     -   27s
     0     0 3.2908e+07    0  271 -6.117e+08 3.2908e+07   105%     -   28s
     0     0 3.2908e+07    0  279 -6.117e+08 3.2908e+07   105%     -   28s
     0     0 3.2907e+07    0  267 -6.117e+08 3.2907e+07   105%     -   29s
H    0     0                    -5.90885e+08 3.2907e+07   106%     -   30s
     0     0 3.2907e+07    0  262 -5.909e+08 3.2907e+07   106%     -   30s
     0     0 3.2907e+07    0  279 -5.909e+08 3.2907e+07   106%     -   31s
     0     0 3.2907e+07    0  274 -5.909e+08 3.2907e+07   106%     -   32s
     0     0 3.2907e+07    0  267 -5.909e+08 3.2907e+07   106%     -   32s
     0     0 3.2907e+07    0  267 -5.909e+08 3.2907e+07   106%     -   35s
H    0     0                    -2.41097e+08 3.2907e+07   114%     -   37s
H    0     0                    -1.65991e+08 3.2907e+07   120%     -   44s
H    0     0                    -1.43736e+08 3.2907e+07   123%     -   45s
H    0     0                    -1.43702e+08 3.2907e+07   123%     -   46s
H    0     0                    -1.32955e+08 3.2907e+07   125%     -   48s
H    0     0                    -7479718.685 3.2907e+07   540%     -   49s
H    0     0                    -7476560.085 3.2907e+07   540%     -   52s
H    0     0                    -7464703.225 3.2907e+07   541%     -   52s
H    0     0                    -7461361.403 3.2907e+07   541%     -   52s
H    0     0                    -7457702.659 3.2907e+07   541%     -   52s
H    0     0                    -7454143.650 3.2907e+07   541%     -   52s
H    0     0                    -7453926.428 3.2907e+07   541%     -   52s
     0     2 3.2907e+07    0  267 -7453926.4 3.2907e+07   541%     -   54s
    15    32 3.2905e+07    4  278 -7453926.4 3.2905e+07   541%   206   55s
H   63   112                    2.554918e+07 3.2905e+07  28.8%   104   57s
H   71   112                    3.248370e+07 3.2905e+07  1.30%   101   57s
H  297   332                    3.250272e+07 3.2905e+07  1.24%  80.6   60s
H  333   332                    3.251098e+07 3.2905e+07  1.21%  79.7   60s
  1337  1385 3.2874e+07   25  258 3.2511e+07 3.2905e+07  1.21%  54.8   65s
H 1438  1488                    3.251652e+07 3.2905e+07  1.19%  53.7   65s
H 1639  1656                    3.251652e+07 3.2905e+07  1.19%  52.0   67s
  2495  2633 3.2838e+07   39  247 3.2517e+07 3.2905e+07  1.19%  44.9   70s
H 2835  2939                    3.253053e+07 3.2905e+07  1.15%  42.5   71s
  3032  3032 3.2855e+07   44  243 3.2531e+07 3.2905e+07  1.15%  41.2   76s
H 3033  2974                    3.262656e+07 3.2905e+07  0.85%  41.2   76s
H 3053  2890                    3.268045e+07 3.2905e+07  0.69%  41.1   76s
  3658  3438 3.2842e+07   58  248 3.2680e+07 3.2905e+07  0.69%  39.4   80s
H 3710  3281                    3.272464e+07 3.2905e+07  0.55%  39.2   83s
H 3717  3114                    3.275948e+07 3.2905e+07  0.44%  39.2   83s
  4266  3727 3.2840e+07   73  223 3.2759e+07 3.2903e+07  0.44%  37.8   85s
H 4773  3992                    3.277428e+07 3.2903e+07  0.39%  37.0   86s
H 4848  3986                    3.277541e+07 3.2903e+07  0.39%  36.9   86s
H 4867  3918                    3.278154e+07 3.2903e+07  0.37%  36.8   86s
H 5090  4168                    3.278176e+07 3.2903e+07  0.37%  37.2   89s
  5596  4832 3.2833e+07   96  195 3.2782e+07 3.2903e+07  0.37%  36.4   90s
  7071  6016 3.2875e+07   12  254 3.2782e+07 3.2902e+07  0.37%  35.6   96s
H 7433  5796                    3.278731e+07 3.2902e+07  0.35%  35.9  108s
  7434  5758 3.2861e+07   29  267 3.2787e+07 3.2902e+07  0.35%  35.9  118s

Cutting planes:
  Gomory: 31
  Cover: 7
  Implied bound: 143
  MIR: 243
  Flow cover: 291
  Relax-and-lift: 142

Explored 7435 nodes (344445 simplex iterations) in 144.20 seconds (161.47 work units)
Thread count was 48 (of 192 available processors)

Solution count 10: 3.27873e+07 3.27873e+07 3.27818e+07 ... 3.26266e+07

Optimal solution found (tolerance 2.00e-03)
Best objective 3.278731381861e+07, best bound 3.283179844520e+07, gap 0.1357%
Deleted nodefile directory: /scratch-local/lbeemster.22620750/gurobi_stress_vol8.0_0.8_price_lt_run1
Saved model snapshot to study_case_model/figures/volatility_stress/07052026/vol8.0_0.8_price_lt/sub0.0/run1/model_snapshot.pkl
  Objective: 32787313.82
  Avg H2 production: 0.5993150684937643
  Scenario obj std: 11697826.45152633
  CVaR 5%: 17012884.021483775
  Worst scenario: 16995763.931285035

============================================================
Volatility multiplier: 16.0x
============================================================
Read LP format model from file /scratch-local/lbeemster.22620750/tmpuzi3stct.pyomo.lp
Reading time = 0.64 seconds
x1: 178177 rows, 50626 columns, 1021376 nonzeros
Set parameter OutputFlag to value 1
Set parameter MIPGap to value 0.002
Set parameter Threads to value 48
Set parameter Presolve to value 1
Set parameter Cuts to value 1
Set parameter NodefileStart to value 1
Set parameter NodefileDir to value "/scratch-local/lbeemster.22620750/gurobi_stress_vol16.0_0.8_price_lt_run1"
Set parameter MemLimit to value 60
Gurobi Optimizer version 12.0.3 build v12.0.3rc0 (linux64 - "Red Hat Enterprise Linux 9.6 (Plow)")

CPU model: AMD EPYC 9654 96-Core Processor, instruction set [SSE2|AVX|AVX2|AVX512]
Thread count: 192 physical cores, 192 logical processors, using up to 48 threads

Non-default parameters:
MemLimit  60
MIPGap  0.002
NodefileStart  1
Cuts  1
Presolve  1
Threads  48

Academic license 2514514 - for non-commercial use only - registered to l.___@student.vu.nl
Optimize a model with 178177 rows, 50626 columns and 1021376 nonzeros
Model fingerprint: 0x2432782e
Variable types: 40002 continuous, 10624 integer (10624 binary)
Coefficient statistics:
  Matrix range     [1e-06, 1e+05]
  Objective range  [2e+00, 3e+04]
  Bounds range     [1e+00, 1e+00]
  RHS range        [3e-01, 2e+05]
Presolve removed 34049 rows and 14166 columns
Presolve time: 1.71s
Presolved: 144128 rows, 36460 columns, 945973 nonzeros
Variable types: 28012 continuous, 8448 integer (8448 binary)
Found heuristic solution: objective -5.03848e+09

Deterministic concurrent LP optimizer: primal simplex, dual simplex, and barrier
Showing barrier log only...

Root barrier log...

Ordering time: 2.29s

Barrier statistics:
 AA' NZ     : 1.286e+07
 Factor NZ  : 1.437e+07 (roughly 200 MB of memory)
 Factor Ops : 2.158e+09 (less than 1 second per iteration)
 Threads    : 46

                  Objective                Residual
Iter       Primal          Dual         Primal    Dual     Compl     Time
   0  -3.00312509e+12  1.66226086e+14  3.09e+05 3.68e+04  1.75e+10     7s
   1  -1.87764622e+12  1.04794265e+14  1.75e+05 2.84e+05  7.64e+09     7s
   2  -5.43707004e+11  6.97303564e+13  4.78e+04 1.11e+04  2.11e+09     7s
   3  -4.57956280e+10  1.98220380e+13  3.19e+03 1.36e+01  2.01e+08     7s
   4  -1.40929795e+10  5.21036849e+12  4.96e+02 7.52e-07  3.85e+07     7s
   5  -8.73088046e+09  1.36322989e+12  1.05e+02 1.50e-07  8.82e+06     7s
   6  -3.32704752e+09  6.15008159e+11  4.07e+01 5.29e-08  3.67e+06     7s
   7  -1.62854585e+09  3.95988141e+11  2.24e+01 2.90e-08  2.28e+06     7s
   8  -7.18211592e+08  2.00456498e+11  9.57e+00 1.83e-08  1.12e+06     7s
   9  -1.06217220e+08  5.57193164e+10  1.06e+00 6.49e-09  2.86e+05     7s
  10  -4.74449850e+06  1.54638859e+10  1.39e-01 1.09e-08  7.69e+04     7s
  11   1.23270269e+07  7.25190507e+09  1.37e-02 2.60e-09  3.56e+04     7s
  12   1.72035777e+07  1.43982569e+09  5.10e-05 1.27e-09  6.99e+03     7s
  13   1.98308250e+07  8.49158386e+08  3.17e-05 9.31e-10  4.07e+03     7s
  14   2.32167807e+07  4.22198594e+08  1.76e-05 5.31e-10  1.96e+03     7s
  15   2.87497523e+07  2.59513338e+08  1.11e-05 6.98e-10  1.13e+03     7s
  16   3.53127422e+07  1.81317498e+08  6.31e-06 4.66e-10  7.17e+02     8s
  17   4.09848377e+07  1.04845065e+08  3.59e-06 4.66e-10  3.14e+02     8s
  18   4.33991227e+07  8.28636711e+07  2.39e-06 4.66e-10  1.94e+02     8s
  19   4.47994429e+07  7.49181244e+07  1.54e-06 4.66e-10  1.48e+02     8s
  20   4.56801653e+07  6.35634163e+07  1.06e-06 6.98e-10  8.79e+01     8s
  21   4.64522227e+07  5.86302589e+07  6.94e-07 4.66e-10  5.98e+01     8s
  22   4.70014769e+07  5.52778327e+07  4.02e-07 4.66e-10  4.07e+01     8s

Barrier performed 22 iterations in 7.88 seconds (6.70 work units)
Barrier solve interrupted - model solved by another algorithm

Concurrent spin time: 1.48s (can be avoided by choosing Method=3)

Solved with dual simplex

Root relaxation: objective 4.769182e+07, 46877 iterations, 5.22 seconds (3.84 work units)

    Nodes    |    Current Node    |     Objective Bounds      |     Work
 Expl Unexpl |  Obj  Depth IntInf | Incumbent    BestBd   Gap | It/Node Time

     0     0 4.7692e+07    0  465 -5.038e+09 4.7692e+07   101%     -    9s
H    0     0                    -2.60963e+09 4.7692e+07   102%     -   10s
     0     0 4.7381e+07    0  575 -2.610e+09 4.7381e+07   102%     -   15s
     0     0 4.7381e+07    0  594 -2.610e+09 4.7381e+07   102%     -   16s
     0     0 4.7093e+07    0  576 -2.610e+09 4.7093e+07   102%     -   19s
     0     0 4.7093e+07    0  590 -2.610e+09 4.7093e+07   102%     -   19s
     0     0 4.6885e+07    0  530 -2.610e+09 4.6885e+07   102%     -   22s
     0     0 4.6884e+07    0  551 -2.610e+09 4.6884e+07   102%     -   24s
     0     0 4.6884e+07    0  542 -2.610e+09 4.6884e+07   102%     -   24s
     0     0 4.6884e+07    0  543 -2.610e+09 4.6884e+07   102%     -   24s
     0     0 4.6797e+07    0  542 -2.610e+09 4.6797e+07   102%     -   27s
     0     0 4.6797e+07    0  562 -2.610e+09 4.6797e+07   102%     -   27s
     0     0 4.6796e+07    0  572 -2.610e+09 4.6796e+07   102%     -   27s
     0     0 4.6796e+07    0  576 -2.610e+09 4.6796e+07   102%     -   28s
     0     0 4.6753e+07    0  462 -2.610e+09 4.6753e+07   102%     -   31s
H    0     0                    -1.11483e+09 4.6753e+07   104%     -   32s
     0     0 4.6746e+07    0  455 -1.115e+09 4.6746e+07   104%     -   32s
     0     0 4.6746e+07    0  460 -1.115e+09 4.6746e+07   104%     -   32s
     0     0 4.6746e+07    0  462 -1.115e+09 4.6746e+07   104%     -   32s
     0     0 4.6728e+07    0  437 -1.115e+09 4.6728e+07   104%     -   35s
     0     0 4.6727e+07    0  428 -1.115e+09 4.6727e+07   104%     -   35s
     0     0 4.6727e+07    0  433 -1.115e+09 4.6727e+07   104%     -   35s
     0     0 4.6717e+07    0  398 -1.115e+09 4.6717e+07   104%     -   37s
H    0     0                    -8.36390e+08 4.6717e+07   106%     -   39s
     0     0 4.6716e+07    0  401 -8.364e+08 4.6716e+07   106%     -   39s
     0     0 4.6716e+07    0  404 -8.364e+08 4.6716e+07   106%     -   39s
     0     0 4.6715e+07    0  408 -8.364e+08 4.6715e+07   106%     -   39s
     0     0 4.6710e+07    0  363 -8.364e+08 4.6710e+07   106%     -   40s
     0     0 4.6710e+07    0  364 -8.364e+08 4.6710e+07   106%     -   41s
     0     0 4.6709e+07    0  371 -8.364e+08 4.6709e+07   106%     -   43s
     0     0 4.6709e+07    0  381 -8.364e+08 4.6709e+07   106%     -   44s
     0     0 4.6709e+07    0  374 -8.364e+08 4.6709e+07   106%     -   46s
     0     0 4.6709e+07    0  358 -8.364e+08 4.6709e+07   106%     -   50s
H    0     0                    -1.01632e+08 4.6709e+07   146%     -   58s
H    0     0                    -3.99682e+07 4.6709e+07   217%     -   60s
H    0     0                    4.574694e+07 4.6709e+07  2.10%     -   62s
H    0     0                    4.576935e+07 4.6709e+07  2.05%     -   73s
H    0     0                    4.576935e+07 4.6709e+07  2.05%     -   73s
     0     0 4.6663e+07    0  220 4.5769e+07 4.6663e+07  1.95%     -   83s
     0     0 4.6556e+07    0  299 4.5769e+07 4.6556e+07  1.72%     -   88s
H    0     0                    4.638682e+07 4.6556e+07  0.36%     -   90s
     0     0 4.6544e+07    0  305 4.6387e+07 4.6544e+07  0.34%     -   90s
     0     0 4.6544e+07    0  306 4.6387e+07 4.6544e+07  0.34%     -   90s
     0     0 4.6544e+07    0  307 4.6387e+07 4.6544e+07  0.34%     -   90s
     0     0 4.6542e+07    0  184 4.6387e+07 4.6542e+07  0.33%     -   92s
     0     0 4.6541e+07    0  183 4.6387e+07 4.6541e+07  0.33%     -   93s
     0     0 4.6541e+07    0  186 4.6387e+07 4.6541e+07  0.33%     -   93s
     0     0 4.6541e+07    0  188 4.6387e+07 4.6541e+07  0.33%     -   93s
     0     0 4.6539e+07    0  163 4.6387e+07 4.6539e+07  0.33%     -   96s
     0     0 4.6539e+07    0  171 4.6387e+07 4.6539e+07  0.33%     -   97s
     0     0 4.6539e+07    0  172 4.6387e+07 4.6539e+07  0.33%     -   97s
     0     0 4.6538e+07    0  157 4.6387e+07 4.6538e+07  0.33%     -  100s
     0     0 4.6538e+07    0  156 4.6387e+07 4.6538e+07  0.33%     -  101s
     0     0 4.6538e+07    0  156 4.6387e+07 4.6538e+07  0.33%     -  101s
     0     0 4.6538e+07    0  154 4.6387e+07 4.6538e+07  0.33%     -  103s
     0     0 4.6538e+07    0  157 4.6387e+07 4.6538e+07  0.33%     -  104s
     0     0 4.6538e+07    0  157 4.6387e+07 4.6538e+07  0.33%     -  104s
     0     0 4.6538e+07    0  155 4.6387e+07 4.6538e+07  0.33%     -  105s
     0     0 4.6538e+07    0  150 4.6387e+07 4.6538e+07  0.33%     -  106s
     0     0 4.6538e+07    0  150 4.6387e+07 4.6538e+07  0.33%     -  107s
     0     0 4.6538e+07    0  147 4.6387e+07 4.6538e+07  0.33%     -  108s
     0     0 4.6538e+07    0  147 4.6387e+07 4.6538e+07  0.33%     -  111s
H    0     0                    4.639126e+07 4.6538e+07  0.32%     -  122s
H    0     0                    4.639461e+07 4.6538e+07  0.31%     -  122s
     0     2 4.6538e+07    0  147 4.6395e+07 4.6538e+07  0.31%     -  125s
   360   409 4.6532e+07   11  157 4.6395e+07 4.6535e+07  0.30%  50.9  131s
H  408   457                    4.641702e+07 4.6535e+07  0.26%  48.5  133s
H  409   457                    4.641703e+07 4.6535e+07  0.26%  48.4  133s
H  415   457                    4.645110e+07 4.6535e+07  0.18%  47.9  133s

Cutting planes:
  Gomory: 28
  Cover: 79
  Implied bound: 190
  MIR: 346
  Flow cover: 544
  Relax-and-lift: 153

Explored 456 nodes (144635 simplex iterations) in 133.22 seconds (143.90 work units)
Thread count was 48 (of 192 available processors)

Solution count 10: 4.64511e+07 4.64511e+07 4.6417e+07 ... -1.01632e+08

Optimal solution found (tolerance 2.00e-03)
Best objective 4.645110374351e+07, best bound 4.653543913950e+07, gap 0.1816%
Deleted nodefile directory: /scratch-local/lbeemster.22620750/gurobi_stress_vol16.0_0.8_price_lt_run1
Saved model snapshot to study_case_model/figures/volatility_stress/07052026/vol16.0_0.8_price_lt/sub0.0/run1/model_snapshot.pkl
  Objective: 46451103.74
  Avg H2 production: 0.6701443112986294
  Scenario obj std: 23137131.22935064
  CVaR 5%: 16488917.064506657
  Worst scenario: 16488917.064480204

Results saved to study_case_model/figures/volatility_stress/07052026/stress_test_results_0_0.8_price_shock_lt_1_.csv

================================================================================
STRESS TEST SUMMARY
================================================================================
    1.0x vol: obj= 21446582.28, loss=0.0%, H2=    0.00, CVaR5=19539212.09597017
    2.0x vol: obj= 22926029.65, loss=-6.9%, H2=    0.00, CVaR5=18902747.677485105
    4.0x vol: obj= 26088304.12, loss=-21.6%, H2=    0.00, CVaR5=17765193.4501543
    8.0x vol: obj= 32787313.82, loss=-52.9%, H2=    0.60, CVaR5=17012884.021483775
   16.0x vol: obj= 46451103.74, loss=-116.6%, H2=    0.67, CVaR5=16488917.064506657

Finished stress test!
