Gurobi shell based on Python 3.13.1 can be launched with command `gurobi.sh`
Gurobi Python Interface can be loaded in Python 3.13.1 with 'import gurobipy'
/var/spool/slurm/slurmd/job22654777/slurm_script: line 24: activate: No such file or directory
Stress test configuration:
  Volatility multipliers: [1.0, 2.0, 4.0, 8.0, 16.0]
  Shock type: price_lt
  Price Correlated shocks: 1.0
  Subsidy: 70.0 EUR/MWh
  Deviation allowance: 0.0

============================================================
Volatility multiplier: 1.0x
============================================================
Read LP format model from file /scratch-local/lbeemster.22654777/tmpbs7bfx8p.pyomo.lp
Reading time = 0.75 seconds
x1: 178177 rows, 50626 columns, 1021376 nonzeros
Set parameter OutputFlag to value 1
Set parameter MIPGap to value 0.002
Set parameter Threads to value 48
Set parameter Presolve to value 1
Set parameter Cuts to value 1
Set parameter NodefileStart to value 1
Set parameter NodefileDir to value "/scratch-local/lbeemster.22654777/gurobi_stress_vol1.0_1.0_price_lt_run3"
Set parameter MemLimit to value 60
Gurobi Optimizer version 12.0.3 build v12.0.3rc0 (linux64 - "Red Hat Enterprise Linux 9.6 (Plow)")

CPU model: AMD EPYC 9654 96-Core Processor, instruction set [SSE2|AVX|AVX2|AVX512]
Thread count: 192 physical cores, 192 logical processors, using up to 48 threads

Non-default parameters:
MemLimit  60
MIPGap  0.002
NodefileStart  1
Cuts  1
Presolve  1
Threads  48

Academic license 2514514 - for non-commercial use only - registered to l.___@student.vu.nl
Optimize a model with 178177 rows, 50626 columns and 1021376 nonzeros
Model fingerprint: 0x858a1e06
Variable types: 40002 continuous, 10624 integer (10624 binary)
Coefficient statistics:
  Matrix range     [1e-06, 1e+05]
  Objective range  [2e+00, 3e+04]
  Bounds range     [1e+00, 1e+00]
  RHS range        [3e-01, 2e+05]
Presolve removed 34049 rows and 14166 columns
Presolve time: 1.66s
Presolved: 144128 rows, 36460 columns, 945973 nonzeros
Variable types: 28012 continuous, 8448 integer (8448 binary)
Found heuristic solution: objective -4.37052e+09

Deterministic concurrent LP optimizer: primal simplex, dual simplex, and barrier
Showing barrier log only...

Root barrier log...

Ordering time: 2.40s

Barrier statistics:
 AA' NZ     : 1.286e+07
 Factor NZ  : 1.434e+07 (roughly 200 MB of memory)
 Factor Ops : 2.150e+09 (less than 1 second per iteration)
 Threads    : 46

                  Objective                Residual
Iter       Primal          Dual         Primal    Dual     Compl     Time
   0  -3.00787663e+12  1.66214173e+14  3.09e+05 3.67e+04  1.75e+10     7s
   1  -1.87987447e+12  1.04787447e+14  1.75e+05 2.84e+05  7.64e+09     7s
   2  -5.43465195e+11  6.97243317e+13  4.78e+04 1.11e+04  2.11e+09     7s
   3  -4.46434586e+10  1.98105892e+13  3.19e+03 1.35e+01  2.01e+08     7s
   4  -1.31906745e+10  5.19548769e+12  5.05e+02 2.19e-07  3.87e+07     7s
   5  -7.65195821e+09  1.32633869e+12  1.11e+02 1.13e-07  8.73e+06     7s
   6  -3.12013019e+09  5.49545892e+11  4.17e+01 5.33e-08  3.35e+06     7s
   7  -1.51683761e+09  3.47357706e+11  2.31e+01 3.07e-08  2.04e+06     7s
   8  -6.29553247e+08  1.72872045e+11  8.40e+00 1.53e-08  9.61e+05     7s
   9  -2.06054884e+08  6.49123143e+10  2.29e+00 8.98e-09  3.45e+05     7s
  10  -1.29794534e+07  2.20823362e+10  1.77e-01 2.25e-08  1.10e+05     7s
  11   6.25649247e+06  6.68954387e+09  1.90e-02 1.56e-08  3.29e+04     7s
  12   9.45376493e+06  1.31694487e+09  4.28e-09 3.26e-09  6.42e+03     7s
  13   1.07545202e+07  4.61912882e+08  3.58e-09 1.16e-09  2.22e+03     7s
  14   1.19965349e+07  1.57164312e+08  2.57e-09 6.98e-10  7.13e+02     8s

Barrier performed 14 iterations in 7.50 seconds (6.00 work units)
Barrier solve interrupted - model solved by another algorithm

Concurrent spin time: 1.61s (can be avoided by choosing Method=3)

Solved with primal simplex

Root relaxation: objective 2.033571e+07, 50509 iterations, 4.60 seconds (3.18 work units)

    Nodes    |    Current Node    |     Objective Bounds      |     Work
 Expl Unexpl |  Obj  Depth IntInf | Incumbent    BestBd   Gap | It/Node Time

     0     0 2.0336e+07    0  711 -4.371e+09 2.0336e+07   100%     -    8s
H    0     0                    -3.42723e+09 2.0336e+07   101%     -    9s
H    0     0                    -3.42723e+09 2.0336e+07   101%     -   10s
H    0     0                    -3.40887e+09 2.0336e+07   101%     -   13s
     0     0 2.0254e+07    0  772 -3.409e+09 2.0254e+07   101%     -   17s
H    0     0                    -2.69493e+09 2.0254e+07   101%     -   18s
     0     0 2.0254e+07    0  859 -2.695e+09 2.0254e+07   101%     -   18s
     0     0 2.0254e+07    0  876 -2.695e+09 2.0254e+07   101%     -   18s
     0     0 2.0242e+07    0  741 -2.695e+09 2.0242e+07   101%     -   21s
     0     0 2.0242e+07    0  831 -2.695e+09 2.0242e+07   101%     -   22s
     0     0 2.0242e+07    0  845 -2.695e+09 2.0242e+07   101%     -   22s
     0     0 2.0242e+07    0  848 -2.695e+09 2.0242e+07   101%     -   22s
     0     0 2.0220e+07    0  762 -2.695e+09 2.0220e+07   101%     -   26s
     0     0 2.0220e+07    0  804 -2.695e+09 2.0220e+07   101%     -   27s
     0     0 2.0219e+07    0  820 -2.695e+09 2.0219e+07   101%     -   27s
     0     0 2.0219e+07    0  840 -2.695e+09 2.0219e+07   101%     -   28s
     0     0 2.0204e+07    0  777 -2.695e+09 2.0204e+07   101%     -   32s
H    0     0                    -2.48412e+09 2.0204e+07   101%     -   33s
     0     0 2.0204e+07    0  835 -2.484e+09 2.0204e+07   101%     -   34s
     0     0 2.0203e+07    0  862 -2.484e+09 2.0203e+07   101%     -   34s
     0     0 2.0203e+07    0  882 -2.484e+09 2.0203e+07   101%     -   34s
     0     0 2.0190e+07    0  719 -2.484e+09 2.0190e+07   101%     -   39s
H    0     0                    -1.86647e+09 2.0190e+07   101%     -   40s
     0     0 2.0190e+07    0  739 -1.866e+09 2.0190e+07   101%     -   41s
     0     0 2.0190e+07    0  755 -1.866e+09 2.0190e+07   101%     -   42s
     0     0 2.0190e+07    0  763 -1.866e+09 2.0190e+07   101%     -   42s
     0     0 2.0187e+07    0  697 -1.866e+09 2.0187e+07   101%     -   45s
H    0     0                    -1.41870e+09 2.0187e+07   101%     -   46s
     0     0 2.0187e+07    0  738 -1.419e+09 2.0187e+07   101%     -   47s
     0     0 2.0187e+07    0  748 -1.419e+09 2.0187e+07   101%     -   47s
     0     0 2.0187e+07    0  674 -1.419e+09 2.0187e+07   101%     -   50s
H    0     0                    -1.38874e+09 2.0187e+07   101%     -   51s
     0     0 2.0187e+07    0  684 -1.389e+09 2.0187e+07   101%     -   51s
     0     0 2.0187e+07    0  645 -1.389e+09 2.0187e+07   101%     -   54s
H    0     0                    -1.38281e+09 2.0187e+07   101%     -   55s
     0     0 2.0186e+07    0  654 -1.383e+09 2.0186e+07   101%     -   56s
     0     0 2.0186e+07    0  638 -1.383e+09 2.0186e+07   101%     -   56s
     0     0 2.0186e+07    0  640 -1.383e+09 2.0186e+07   101%     -   56s
     0     0 2.0186e+07    0  636 -1.383e+09 2.0186e+07   101%     -   59s
     0     0 2.0186e+07    0  636 -1.383e+09 2.0186e+07   101%     -   67s
H    0     0                    -1.23283e+09 2.0186e+07   102%     -   74s
H    0     0                    -1.15558e+09 2.0186e+07   102%     -   79s
H    0     0                    -1.12300e+09 2.0186e+07   102%     -   79s
H    0     0                    -1.10837e+09 2.0186e+07   102%     -   82s
H    0     0                    -1.08638e+09 2.0186e+07   102%     -   85s
H    0     0                    -9.04430e+08 2.0186e+07   102%     -   87s
H    0     0                    -9.03962e+08 2.0186e+07   102%     -   92s
H    0     0                    -8.96868e+08 2.0186e+07   102%     -   94s
H    0     0                    -3.86606e+08 2.0186e+07   105%     -   98s
H    0     0                    -3.67532e+08 2.0186e+07   105%     -   99s
H    0     0                    -3.67531e+08 2.0186e+07   105%     -  100s
H    0     0                    -3.67531e+08 2.0186e+07   105%     -  103s
H    0     0                    -3.34935e+08 2.0186e+07   106%     -  104s
H    0     0                    -2.99062e+08 2.0186e+07   107%     -  106s
H    0     0                    -2.99061e+08 2.0186e+07   107%     -  106s
H    0     0                    -2.99061e+08 2.0186e+07   107%     -  106s
H    0     0                    -2.99061e+08 2.0186e+07   107%     -  106s
H    0     0                    -2.99060e+08 2.0186e+07   107%     -  106s
     0     2 2.0186e+07    0  636 -2.991e+08 2.0186e+07   107%     -  108s
    15    32 2.0186e+07    4  651 -2.991e+08 2.0186e+07   107%   667  110s
   317   403 2.0185e+07    9  635 -2.991e+08 2.0186e+07   107%   187  115s
   621   678 2.0185e+07   15  621 -2.991e+08 2.0186e+07   107%   160  121s
H  642   678                    -2.89881e+08 2.0186e+07   107%   157  121s
H  646   678                    -2.66500e+08 2.0186e+07   108%   156  121s
   844   989 2.0184e+07   19  605 -2.665e+08 2.0186e+07   108%   139  129s
   988  1037 2.0185e+07   22  614 -2.665e+08 2.0186e+07   108%   131  133s
H  990  1037                    -2.48770e+08 2.0186e+07   108%   131  133s
H  993  1037                    -2.48377e+08 2.0186e+07   108%   131  133s
H 1000  1037                    -2.47578e+08 2.0186e+07   108%   130  133s
H 1010  1037                    -2.44771e+08 2.0186e+07   108%   129  133s
H 1014  1037                    -1.92354e+08 2.0186e+07   110%   129  133s
H 1035  1037                    -1.23657e+08 2.0186e+07   116%   128  133s
  1036  1085 2.0184e+07   23  607 -1.237e+08 2.0186e+07   116%   128  137s
H 1084  1411                    -1.22501e+08 2.0186e+07   116%   126  145s
H 1226  1411                    -1.22433e+08 2.0186e+07   116%   121  145s
H 1254  1411                    -9.27780e+07 2.0186e+07   122%   120  145s
  1811  2222 2.0183e+07   31  591 -9.278e+07 2.0186e+07   122%   106  150s
  2586  2635 2.0182e+07   41  581 -9.278e+07 2.0186e+07   122%  95.9  155s
H 2593  2635                    -8.55251e+07 2.0186e+07   124%  95.9  155s
H 2595  2635                    1.906024e+07 2.0186e+07  5.91%  95.9  155s
H 2604  2635                    1.956995e+07 2.0186e+07  3.15%  95.9  155s
  3326  3560 2.0180e+07   53  540 1.9570e+07 2.0186e+07  3.15%  95.4  161s
H 3770  3671                    1.956999e+07 2.0186e+07  3.15%  91.1  164s
H 3810  3671                    1.956999e+07 2.0186e+07  3.15%  90.6  164s
H 3818  3671                    1.957003e+07 2.0186e+07  3.15%  90.6  164s
H 3825  3671                    1.957283e+07 2.0186e+07  3.13%  90.5  164s
H 3837  3671                    1.958891e+07 2.0186e+07  3.05%  90.4  164s
H 3881  3719                    1.958892e+07 2.0186e+07  3.05%  90.2  167s
  4356  4572 2.0180e+07   67  519 1.9589e+07 2.0186e+07  3.05%  86.9  171s
  5184  5239 2.0179e+07   83  491 1.9589e+07 2.0186e+07  3.05%  84.6  175s
H 5365  5239                    1.958987e+07 2.0186e+07  3.04%  84.6  175s
  6063  6231 2.0178e+07   96  458 1.9590e+07 2.0186e+07  3.04%  83.1  181s
Created node file directory '/scratch-local/lbeemster.22654777/gurobi_stress_vol1.0_1.0_price_lt_run3/grbnodes0'
H 6450  6279                    1.958992e+07 2.0186e+07  3.04%  81.8  185s
  7409  7650 2.0177e+07  119  432 1.9590e+07 2.0186e+07  3.04%  79.3  192s
  7901  7697 2.0176e+07  127  427 1.9590e+07 2.0186e+07  3.04%  77.7  197s
H 7930  7687                    1.959119e+07 2.0186e+07  3.04%  77.6  197s
  8475  8791 2.0175e+07  135  422 1.9591e+07 2.0186e+07  3.04%  75.9  202s
  9060  9011 2.0175e+07  145  399 1.9591e+07 2.0186e+07  3.04%  73.7  206s
H 9069  9010                    1.961185e+07 2.0186e+07  2.93%  73.7  206s
H 9185  9008                    1.961324e+07 2.0186e+07  2.92%  73.6  206s
H 9241  8998                    1.961370e+07 2.0186e+07  2.92%  73.5  206s
  9280  9020 2.0175e+07  153  399 1.9614e+07 2.0186e+07  2.92%  73.4  211s
H 9344  8911                    1.975308e+07 2.0186e+07  2.19%  73.3  219s
H 9345  8911                    1.977481e+07 2.0186e+07  2.08%  73.3  219s
H 9346  8911                    1.977971e+07 2.0186e+07  2.05%  73.3  219s
H 9349  8911                    1.978277e+07 2.0186e+07  2.04%  73.3  219s
H 9352  8911                    1.983087e+07 2.0186e+07  1.79%  73.3  219s
H 9353  8897                    1.986800e+07 2.0186e+07  1.60%  73.3  219s
H 9354  8897                    1.987663e+07 2.0186e+07  1.56%  73.3  219s
H 9370  8897                    1.987791e+07 2.0186e+07  1.55%  73.3  219s
  9392  9357 2.0175e+07  155  398 1.9878e+07 2.0186e+07  1.55%  73.2  221s
 10536 10517 2.0174e+07  177  374 1.9878e+07 2.0186e+07  1.55%  72.1  227s
 11099 10992 2.0173e+07  185  366 1.9878e+07 2.0186e+07  1.55%  71.6  231s
 12236 11710 2.0173e+07  212  345 1.9878e+07 2.0186e+07  1.55%  69.3  239s
H12238 11710                    1.988318e+07 2.0186e+07  1.52%  69.3  239s
H12239 11564                    1.989236e+07 2.0186e+07  1.48%  69.3  239s
H12245 11564                    1.989404e+07 2.0186e+07  1.47%  69.3  239s
H12250 11564                    1.989659e+07 2.0186e+07  1.45%  69.3  239s
H12260 11545                    1.992212e+07 2.0186e+07  1.32%  69.2  239s
 12296 12226 2.0172e+07  212  346 1.9922e+07 2.0186e+07  1.32%  69.2  242s
 12984 12987 2.0172e+07  228  338 1.9922e+07 2.0186e+07  1.32%  68.2  246s
H13746 13091                    1.999605e+07 2.0186e+07  0.95%  66.8  250s
H13805 13091                    1.999672e+07 2.0186e+07  0.95%  66.7  250s
H13837 13091                    1.999679e+07 2.0186e+07  0.95%  66.6  250s
 14149 13902 2.0170e+07  247  304 1.9997e+07 2.0186e+07  0.95%  66.1  259s
 14984 14670 2.0170e+07  260  298 1.9997e+07 2.0186e+07  0.95%  66.8  263s
 15775 15527 2.0170e+07  272  290 1.9997e+07 2.0186e+07  0.95%  66.0  267s
 16661 15824 2.0170e+07  289  284 1.9997e+07 2.0186e+07  0.95%  64.7  276s
H16768 14600                    2.008104e+07 2.0186e+07  0.52%  64.8  276s
 16983 15386 2.0170e+07  293  284 2.0081e+07 2.0186e+07  0.52%  64.5  280s
H17925 15060                    2.010826e+07 2.0186e+07  0.39%  64.0  311s
H17925 14248                    2.012841e+07 2.0186e+07  0.29%  64.0  314s
H17925 14248                    2.012900e+07 2.0186e+07  0.28%  64.0  315s
H17925 14102                    2.013037e+07 2.0186e+07  0.28%  64.0  316s
H17925 14102                    2.013066e+07 2.0186e+07  0.27%  64.0  318s
H17925 14055                    2.013431e+07 2.0186e+07  0.26%  64.0  319s
H17925 13617                    2.013644e+07 2.0186e+07  0.24%  64.0  320s
H17925 13617                    2.013678e+07 2.0186e+07  0.24%  64.0  320s
H17925 13325                    2.013714e+07 2.0186e+07  0.24%  64.0  320s
 17926 13295 2.0179e+07   77  636 2.0137e+07 2.0186e+07  0.24%  64.0  346s
H17927 12631                    2.013811e+07 2.0186e+07  0.24%  64.0  523s
H17927 11999                    2.013834e+07 2.0186e+07  0.24%  64.0  523s
H17927 11399                    2.013861e+07 2.0182e+07  0.22%  64.0  543s
H17927 10829                    2.013912e+07 2.0182e+07  0.22%  64.0  544s
H17927 10288                    2.013971e+07 2.0182e+07  0.21%  64.0  544s
H17927  9773                    2.013990e+07 2.0182e+07  0.21%  64.0  544s
H17927  9285                    2.014008e+07 2.0182e+07  0.21%  64.0  544s
H17927  8820                    2.014031e+07 2.0182e+07  0.21%  64.0  544s
H17927  8379                    2.015340e+07 2.0182e+07  0.14%  64.0  544s
H17927  7960                    2.015570e+07 2.0182e+07  0.13%  64.0  544s

Cutting planes:
  Implied bound: 155
  MIR: 542
  Flow cover: 290
  RLT: 2
  Relax-and-lift: 421

Explored 17927 nodes (1277813 simplex iterations) in 544.51 seconds (606.18 work units)
Thread count was 48 (of 192 available processors)

Solution count 10: 2.01557e+07 2.01534e+07 2.01403e+07 ... 2.01371e+07

Optimal solution found (tolerance 2.00e-03)
Best objective 2.015570495912e+07, best bound 2.018246124983e+07, gap 0.1327%
Deleted nodefile directory: /scratch-local/lbeemster.22654777/gurobi_stress_vol1.0_1.0_price_lt_run3
Saved model snapshot to study_case_model/figures/volatility_stress/07052026/vol1.0_1.0_price_lt/sub70.0/run3/model_snapshot.pkl
  Objective: 20155704.96
  Avg H2 production: 2.23562123682591
  Scenario obj std: 2918798.1589248586
  CVaR 5%: 15267406.033720233
  Worst scenario: 15257186.198504636

============================================================
Volatility multiplier: 2.0x
============================================================
Read LP format model from file /scratch-local/lbeemster.22654777/tmp3wp0h6uy.pyomo.lp
Reading time = 0.72 seconds
x1: 178177 rows, 50626 columns, 1021376 nonzeros
Set parameter OutputFlag to value 1
Set parameter MIPGap to value 0.002
Set parameter Threads to value 48
Set parameter Presolve to value 1
Set parameter Cuts to value 1
Set parameter NodefileStart to value 1
Set parameter NodefileDir to value "/scratch-local/lbeemster.22654777/gurobi_stress_vol2.0_1.0_price_lt_run3"
Set parameter MemLimit to value 60
Gurobi Optimizer version 12.0.3 build v12.0.3rc0 (linux64 - "Red Hat Enterprise Linux 9.6 (Plow)")

CPU model: AMD EPYC 9654 96-Core Processor, instruction set [SSE2|AVX|AVX2|AVX512]
Thread count: 192 physical cores, 192 logical processors, using up to 48 threads

Non-default parameters:
MemLimit  60
MIPGap  0.002
NodefileStart  1
Cuts  1
Presolve  1
Threads  48

Academic license 2514514 - for non-commercial use only - registered to l.___@student.vu.nl
Optimize a model with 178177 rows, 50626 columns and 1021376 nonzeros
Model fingerprint: 0xc4f59322
Variable types: 40002 continuous, 10624 integer (10624 binary)
Coefficient statistics:
  Matrix range     [1e-06, 1e+05]
  Objective range  [2e+00, 3e+04]
  Bounds range     [1e+00, 1e+00]
  RHS range        [3e-01, 2e+05]
Presolve removed 34049 rows and 14166 columns
Presolve time: 1.76s
Presolved: 144128 rows, 36460 columns, 945973 nonzeros
Variable types: 28012 continuous, 8448 integer (8448 binary)
Found heuristic solution: objective -4.37104e+09

Deterministic concurrent LP optimizer: primal simplex, dual simplex, and barrier
Showing barrier log only...

Root barrier log...

Ordering time: 2.42s

Barrier statistics:
 AA' NZ     : 1.286e+07
 Factor NZ  : 1.434e+07 (roughly 200 MB of memory)
 Factor Ops : 2.150e+09 (less than 1 second per iteration)
 Threads    : 46

                  Objective                Residual
Iter       Primal          Dual         Primal    Dual     Compl     Time
   0  -3.00788325e+12  1.66214208e+14  3.09e+05 3.67e+04  1.75e+10     7s
   1  -1.87987813e+12  1.04787469e+14  1.75e+05 2.84e+05  7.64e+09     7s
   2  -5.43466338e+11  6.97243464e+13  4.78e+04 1.11e+04  2.11e+09     7s
   3  -4.46436610e+10  1.98105937e+13  3.19e+03 1.35e+01  2.01e+08     7s
   4  -1.31908811e+10  5.19548786e+12  5.05e+02 5.42e-07  3.87e+07     7s
   5  -7.65221898e+09  1.32637808e+12  1.11e+02 1.12e-07  8.74e+06     7s
   6  -3.12034583e+09  5.49437627e+11  4.17e+01 4.38e-08  3.35e+06     7s
   7  -1.51671477e+09  3.47279054e+11  2.31e+01 3.17e-08  2.04e+06     7s
   8  -6.29629952e+08  1.72822820e+11  8.40e+00 1.42e-08  9.61e+05     7s
   9  -2.06281054e+08  6.49937571e+10  2.29e+00 6.66e-09  3.46e+05     8s
  10  -1.32467318e+07  2.21302878e+10  1.77e-01 8.91e-08  1.10e+05     8s
  11   5.98782052e+06  6.70945189e+09  1.90e-02 2.76e-08  3.30e+04     8s
  12   9.18766211e+06  1.31732003e+09  4.07e-09 5.02e-09  6.43e+03     8s
  13   1.02175489e+07  4.60723744e+08  2.99e-09 1.56e-09  2.21e+03     8s
  14   1.20453461e+07  1.67050911e+08  2.62e-09 6.98e-10  7.62e+02     8s
  15   1.36251522e+07  7.91788807e+07  2.23e-09 4.66e-10  3.22e+02     8s
  16   1.69294451e+07  5.56840179e+07  1.95e-09 4.66e-10  1.90e+02     8s
  17   1.86935326e+07  3.09220876e+07  2.03e-09 4.66e-10  6.01e+01     8s
  18   1.90230057e+07  2.80861085e+07  2.12e-09 4.66e-10  4.45e+01     8s
  19   1.91969474e+07  2.47385388e+07  1.81e-09 4.66e-10  2.72e+01     8s
  20   1.93571924e+07  2.35874350e+07  2.11e-09 4.66e-10  2.08e+01     8s
  21   1.95044243e+07  2.15335129e+07  2.10e-09 4.66e-10  9.97e+00     8s
  22   1.96500214e+07  2.06731793e+07  3.04e-09 4.66e-10  5.03e+00     8s
  23   1.97015786e+07  2.04160345e+07  3.16e-09 4.66e-10  3.51e+00     8s
  24   1.97677233e+07  2.00750473e+07  3.23e-09 4.66e-10  1.51e+00     8s
  25   1.98407816e+07  1.99968381e+07  8.81e-09 2.33e-10  7.67e-01     9s
  26   1.98631600e+07  1.99558948e+07  1.53e-08 4.66e-10  4.55e-01     9s
  27   1.98816884e+07  1.99325731e+07  1.96e-08 4.66e-10  2.50e-01     9s
  28   1.98929008e+07  1.99222134e+07  6.05e-08 4.66e-10  1.44e-01     9s
  29   1.98995623e+07  1.99159753e+07  1.46e-07 4.66e-10  8.06e-02     9s
  30   1.99026559e+07  1.99092438e+07  4.39e-07 4.66e-10  3.24e-02     9s
  31   1.99041027e+07  1.99072510e+07  1.21e-06 4.66e-10  1.55e-02     9s
  32   1.99046262e+07  1.99056459e+07  3.46e-06 4.66e-10  5.01e-03     9s
  33   1.99047913e+07  1.99050304e+07  3.78e-06 4.66e-10  1.17e-03     9s
  34   1.99048460e+07  1.99049591e+07  6.79e-07 4.66e-10  5.56e-04     9s
  35   1.99048554e+07  1.99049044e+07  1.96e-07 4.66e-10  2.41e-04     9s
  36   1.99048585e+07  1.99048767e+07  5.90e-08 4.66e-10  8.95e-05     9s
  37   1.99048598e+07  1.99048647e+07  1.21e-08 4.66e-10  2.43e-05     9s
  38   1.99048600e+07  1.99048626e+07  2.65e-09 2.33e-10  1.26e-05     9s
  39   1.99048601e+07  1.99048610e+07  1.77e-08 4.66e-10  4.38e-06    10s
  40   1.99048601e+07  1.99048608e+07  1.25e-05 4.66e-10  3.06e-06    10s
  41   1.99048601e+07  1.99048602e+07  8.23e-06 4.66e-10  4.57e-07    10s
  42   1.99048601e+07  1.99048602e+07  6.65e-06 4.66e-10  3.01e-07    10s

Barrier solved model in 42 iterations and 10.04 seconds (9.90 work units)
Optimal objective 1.99048601e+07


Root crossover log...

    9207 DPushes remaining with DInf 0.0000000e+00                10s
       0 DPushes remaining with DInf 0.0000000e+00                10s

    7414 PPushes remaining with PInf 2.1638206e-02                10s
       0 PPushes remaining with PInf 3.5949135e-01                10s

  Push phase complete: Pinf 3.5949135e-01, Dinf 7.9246197e+04     10s


Root simplex log...

Iteration    Objective       Primal Inf.    Dual Inf.      Time
   15641    1.9904728e+07   0.000000e+00   7.924620e+04     10s
   15875    1.9904860e+07   0.000000e+00   0.000000e+00     11s
   18320    1.9904860e+07   0.000000e+00   0.000000e+00     11s
Extra simplex iterations after uncrush: 2445
Concurrent spin time: 1.25s (can be avoided by choosing Method=3)

Solved with barrier

Root relaxation: objective 1.990486e+07, 18320 iterations, 7.66 seconds (7.96 work units)

    Nodes    |    Current Node    |     Objective Bounds      |     Work
 Expl Unexpl |  Obj  Depth IntInf | Incumbent    BestBd   Gap | It/Node Time

     0     0 1.9905e+07    0  689 -4.371e+09 1.9905e+07   100%     -   12s
H    0     0                    -3.63457e+09 1.9905e+07   101%     -   13s
H    0     0                    -3.56708e+09 1.9905e+07   101%     -   16s
     0     0 1.9825e+07    0  800 -3.567e+09 1.9825e+07   101%     -   19s
H    0     0                    -2.62675e+09 1.9825e+07   101%     -   21s
     0     0 1.9825e+07    0  868 -2.627e+09 1.9825e+07   101%     -   21s
     0     0 1.9820e+07    0  714 -2.627e+09 1.9820e+07   101%     -   24s
     0     0 1.9820e+07    0  797 -2.627e+09 1.9820e+07   101%     -   25s
     0     0 1.9819e+07    0  814 -2.627e+09 1.9819e+07   101%     -   25s
     0     0 1.9806e+07    0  775 -2.627e+09 1.9806e+07   101%     -   29s
     0     0 1.9806e+07    0  820 -2.627e+09 1.9806e+07   101%     -   30s
     0     0 1.9806e+07    0  826 -2.627e+09 1.9806e+07   101%     -   30s
     0     0 1.9806e+07    0  835 -2.627e+09 1.9806e+07   101%     -   30s
     0     0 1.9783e+07    0  786 -2.627e+09 1.9783e+07   101%     -   34s
H    0     0                    -2.59763e+09 1.9783e+07   101%     -   36s
     0     0 1.9783e+07    0  821 -2.598e+09 1.9783e+07   101%     -   36s
     0     0 1.9783e+07    0  843 -2.598e+09 1.9783e+07   101%     -   37s
     0     0 1.9783e+07    0  860 -2.598e+09 1.9783e+07   101%     -   37s
     0     0 1.9768e+07    0  731 -2.598e+09 1.9768e+07   101%     -   41s
H    0     0                    -2.06629e+09 1.9768e+07   101%     -   43s
     0     0 1.9767e+07    0  758 -2.066e+09 1.9767e+07   101%     -   43s
     0     0 1.9767e+07    0  800 -2.066e+09 1.9767e+07   101%     -   44s
     0     0 1.9767e+07    0  797 -2.066e+09 1.9767e+07   101%     -   44s
     0     0 1.9762e+07    0  739 -2.066e+09 1.9762e+07   101%     -   48s
H    0     0                    -1.81250e+09 1.9762e+07   101%     -   49s
     0     0 1.9761e+07    0  753 -1.813e+09 1.9761e+07   101%     -   50s
     0     0 1.9761e+07    0  762 -1.813e+09 1.9761e+07   101%     -   50s
     0     0 1.9761e+07    0  766 -1.813e+09 1.9761e+07   101%     -   51s
     0     0 1.9757e+07    0  710 -1.813e+09 1.9757e+07   101%     -   55s
H    0     0                    -1.78992e+09 1.9757e+07   101%     -   56s
     0     0 1.9757e+07    0  724 -1.790e+09 1.9757e+07   101%     -   57s
     0     0 1.9757e+07    0  745 -1.790e+09 1.9757e+07   101%     -   57s
     0     0 1.9757e+07    0  764 -1.790e+09 1.9757e+07   101%     -   57s
     0     0 1.9755e+07    0  680 -1.790e+09 1.9755e+07   101%     -   61s
     0     0 1.9755e+07    0  698 -1.790e+09 1.9755e+07   101%     -   61s
     0     0 1.9755e+07    0  717 -1.790e+09 1.9755e+07   101%     -   62s
     0     0 1.9755e+07    0  690 -1.790e+09 1.9755e+07   101%     -   65s
H    0     0                    -1.52438e+09 1.9755e+07   101%     -   66s
     0     0 1.9755e+07    0  690 -1.524e+09 1.9755e+07   101%     -   66s
     0     0 1.9755e+07    0  684 -1.524e+09 1.9755e+07   101%     -   69s
     0     0 1.9755e+07    0  684 -1.524e+09 1.9755e+07   101%     -   78s
H    0     0                    -5.61750e+08 1.9755e+07   104%     -   85s
H    0     0                    -5.44505e+08 1.9755e+07   104%     -   90s
H    0     0                    -5.24594e+08 1.9755e+07   104%     -   93s
H    0     0                    -5.07386e+08 1.9755e+07   104%     -   99s
H    0     0                    -4.88606e+08 1.9755e+07   104%     -  104s
H    0     0                    -4.77912e+08 1.9755e+07   104%     -  109s
H    0     0                    -4.73734e+08 1.9755e+07   104%     -  111s
H    0     0                    -4.73733e+08 1.9755e+07   104%     -  113s
H    0     0                    -4.73733e+08 1.9755e+07   104%     -  116s
H    0     0                    -4.73733e+08 1.9755e+07   104%     -  116s
H    0     0                    -4.73733e+08 1.9755e+07   104%     -  117s
     0     2 1.9755e+07    0  684 -4.737e+08 1.9755e+07   104%     -  119s
     3     8 1.9755e+07    2  683 -4.737e+08 1.9755e+07   104%   909  120s
    31    64 1.9755e+07    5  724 -4.737e+08 1.9755e+07   104%   782  126s
H   32    64                    -4.73733e+08 1.9755e+07   104%   758  126s
   254   357 1.9754e+07   12  722 -4.737e+08 1.9754e+07   104%   247  130s
H  405   492                    -4.64670e+08 1.9754e+07   104%   204  133s
H  410   492                    -4.64670e+08 1.9754e+07   104%   204  133s
H  433   492                    -4.52931e+08 1.9754e+07   104%   200  133s
   588   700 1.9754e+07   17  700 -4.529e+08 1.9754e+07   104%   195  136s
  1037  1211 1.9754e+07   25  693 -4.529e+08 1.9754e+07   104%   166  140s
  1448  1497 1.9753e+07   37  684 -4.529e+08 1.9754e+07   104%   148  145s
H 1496  1545                    -4.45751e+08 1.9754e+07   104%   150  162s
H 1499  1545                    -4.41686e+08 1.9754e+07   104%   149  162s
H 1505  1545                    -4.35539e+08 1.9754e+07   105%   150  162s
H 1508  1545                    -4.34595e+08 1.9754e+07   105%   150  162s
H 1513  1545                    -4.26476e+08 1.9754e+07   105%   150  162s
H 1520  1545                    -4.19003e+08 1.9754e+07   105%   150  162s
  1761  2081 1.9753e+07   43  670 -4.190e+08 1.9754e+07   105%   147  167s
H 2108  2220                    -4.19003e+08 1.9754e+07   105%   144  169s
  2219  2509 1.9753e+07   48  657 -4.190e+08 1.9754e+07   105%   143  171s
  2508  2562 1.9753e+07   51  653 -4.190e+08 1.9754e+07   105%   140  175s
H 2583  2636                    -3.36633e+08 1.9754e+07   106%   144  178s
H 2595  2636                    -2.65711e+08 1.9754e+07   107%   145  178s
H 2634  2636                    -2.64354e+08 1.9754e+07   107%   144  178s
  2635  3038 1.9753e+07   53  654 -2.644e+08 1.9754e+07   107%   144  181s
Created node file directory '/scratch-local/lbeemster.22654777/gurobi_stress_vol2.0_1.0_price_lt_run3/grbnodes0'
  3444  3831 1.9753e+07   64  638 -2.644e+08 1.9754e+07   107%   135  187s
  3830  3900 1.9753e+07   70  629 -2.644e+08 1.9754e+07   107%   133  191s
H 3834  3900                    -3.27558e+07 1.9754e+07   160%   132  191s
  4299  4649 1.9753e+07   77  630 -3.276e+07 1.9754e+07   160%   131  197s
  4652  4965 1.9753e+07   80  631 -3.276e+07 1.9754e+07   160%   130  200s
H 4974  5102                    -3.27558e+07 1.9754e+07   160%   130  203s
H 4977  5102                    -3.27558e+07 1.9754e+07   160%   130  203s
  5105  5497 1.9753e+07   86  619 -3.276e+07 1.9754e+07   160%   129  205s
  5908  6342 1.9751e+07  100  602 -3.276e+07 1.9754e+07   160%   125  211s
  6800  7246 1.9751e+07  114  582 -3.276e+07 1.9754e+07   160%   122  216s
  7720  8138 1.9751e+07  133  571 -3.276e+07 1.9754e+07   160%   118  221s
  8151  8264 1.9750e+07  139  567 -3.276e+07 1.9754e+07   160%   117  225s
H 8165  8264                    -3.27557e+07 1.9754e+07   160%   116  225s
H 8221  8264                    -3.23225e+07 1.9754e+07   161%   116  225s
  8824  9254 1.9750e+07  153  560 -3.232e+07 1.9754e+07   161%   113  232s
  9271  9758 1.9750e+07  161  556 -3.232e+07 1.9754e+07   161%   111  235s
H 9464  9710                    -2.49704e+07 1.9754e+07   179%   110  235s
H 9564  9648                    -1.74285e+07 1.9754e+07   213%   110  235s
 10409 10669 1.9749e+07  178  535 -1.743e+07 1.9754e+07   213%   106  242s
 10993 11263 1.9749e+07  186  520 -1.743e+07 1.9754e+07   213%   105  247s
H11589 10861                    -4128532.338 1.9754e+07   578%   106  261s
H11596 10861                    -4127651.780 1.9754e+07   579%   106  261s
H11605 10861                    -3795137.943 1.9754e+07   621%   106  261s
H11608  9650                    4992370.5930 1.9754e+07   296%   106  261s
H11609  8213                    1.940569e+07 1.9754e+07  1.80%   106  261s
H11611  8213                    1.955234e+07 1.9754e+07  1.03%   106  261s
H11618  8067                    1.961033e+07 1.9754e+07  0.73%   106  261s
 11637  8154 1.9748e+07  200  496 1.9610e+07 1.9754e+07  0.73%   106  265s
 11954  8619 1.9748e+07  206  493 1.9610e+07 1.9754e+07  0.73%   106  272s
H12448  8618                    1.962051e+07 1.9754e+07  0.68%   107  306s
H12448  8618                    1.963908e+07 1.9754e+07  0.59%   107  308s
H12448  8618                    1.966336e+07 1.9754e+07  0.46%   107  312s
H12448  8618                    1.966411e+07 1.9754e+07  0.46%   107  313s
H12448  8618                    1.968422e+07 1.9754e+07  0.36%   107  315s
H12448  8618                    1.968733e+07 1.9754e+07  0.34%   107  316s
H12448  8472                    1.970040e+07 1.9754e+07  0.27%   107  317s
H12448  8472                    1.970344e+07 1.9754e+07  0.26%   107  318s
H12448  8472                    1.970448e+07 1.9754e+07  0.25%   107  318s
H12448  8472                    1.970768e+07 1.9754e+07  0.24%   107  326s
 12449  8473 1.9750e+07    7  684 1.9708e+07 1.9754e+07  0.24%   107  345s
H12450  8050                    1.970973e+07 1.9754e+07  0.23%   107  518s
 12451  8050 1.9746e+07  164  341 1.9710e+07 1.9751e+07  0.21%   107  556s
 12452  8051 1.9751e+07   31  507 1.9710e+07 1.9751e+07  0.21%   107  566s
H12452  7648                    1.971451e+07 1.9751e+07  0.19%   107  567s

Cutting planes:
  Gomory: 2
  Implied bound: 144
  MIR: 670
  Flow cover: 463
  RLT: 2
  Relax-and-lift: 647

Explored 12452 nodes (1463393 simplex iterations) in 567.60 seconds (589.44 work units)
Thread count was 48 (of 192 available processors)

Solution count 10: 1.97145e+07 1.97097e+07 1.97077e+07 ... 1.96634e+07

Optimal solution found (tolerance 2.00e-03)
Best objective 1.971451254526e+07, best bound 1.975117616958e+07, gap 0.1860%
Deleted nodefile directory: /scratch-local/lbeemster.22654777/gurobi_stress_vol2.0_1.0_price_lt_run3
Saved model snapshot to study_case_model/figures/volatility_stress/07052026/vol2.0_1.0_price_lt/sub70.0/run3/model_snapshot.pkl
  Objective: 19714512.55
  Avg H2 production: 2.128797945672301
  Scenario obj std: 5815823.677684971
  CVaR 5%: 9873447.261465784
  Worst scenario: 9866099.413440214

============================================================
Volatility multiplier: 4.0x
============================================================
Read LP format model from file /scratch-local/lbeemster.22654777/tmprtunwny4.pyomo.lp
Reading time = 2.99 seconds
x1: 178177 rows, 50626 columns, 1021376 nonzeros
Set parameter OutputFlag to value 1
Set parameter MIPGap to value 0.002
Set parameter Threads to value 48
Set parameter Presolve to value 1
Set parameter Cuts to value 1
Set parameter NodefileStart to value 1
Set parameter NodefileDir to value "/scratch-local/lbeemster.22654777/gurobi_stress_vol4.0_1.0_price_lt_run3"
Set parameter MemLimit to value 60
Gurobi Optimizer version 12.0.3 build v12.0.3rc0 (linux64 - "Red Hat Enterprise Linux 9.6 (Plow)")

CPU model: AMD EPYC 9654 96-Core Processor, instruction set [SSE2|AVX|AVX2|AVX512]
Thread count: 192 physical cores, 192 logical processors, using up to 48 threads

Non-default parameters:
MemLimit  60
MIPGap  0.002
NodefileStart  1
Cuts  1
Presolve  1
Threads  48

Academic license 2514514 - for non-commercial use only - registered to l.___@student.vu.nl
Optimize a model with 178177 rows, 50626 columns and 1021376 nonzeros
Model fingerprint: 0xb46097c3
Variable types: 40002 continuous, 10624 integer (10624 binary)
Coefficient statistics:
  Matrix range     [1e-06, 1e+05]
  Objective range  [2e+00, 3e+04]
  Bounds range     [1e+00, 1e+00]
  RHS range        [3e-01, 2e+05]
Presolve removed 34049 rows and 14166 columns
Presolve time: 1.87s
Presolved: 144128 rows, 36460 columns, 945973 nonzeros
Variable types: 28012 continuous, 8448 integer (8448 binary)
Found heuristic solution: objective -4.37108e+09

Deterministic concurrent LP optimizer: primal simplex, dual simplex, and barrier
Showing barrier log only...

Root barrier log...

Ordering time: 2.34s

Barrier statistics:
 AA' NZ     : 1.286e+07
 Factor NZ  : 1.437e+07 (roughly 200 MB of memory)
 Factor Ops : 2.157e+09 (less than 1 second per iteration)
 Threads    : 46

                  Objective                Residual
Iter       Primal          Dual         Primal    Dual     Compl     Time
   0  -3.00789349e+12  1.66214280e+14  3.09e+05 3.68e+04  1.75e+10     7s
   1  -1.87988376e+12  1.04787512e+14  1.75e+05 2.84e+05  7.64e+09     7s
   2  -5.43468597e+11  6.97243741e+13  4.78e+04 1.11e+04  2.11e+09     7s
   3  -4.46440682e+10  1.98106269e+13  3.19e+03 1.35e+01  2.01e+08     7s
   4  -1.31911977e+10  5.19550212e+12  5.05e+02 2.01e-07  3.87e+07     7s
   5  -7.65264767e+09  1.32645570e+12  1.11e+02 7.96e-08  8.74e+06     7s
   6  -3.12067254e+09  5.49226999e+11  4.17e+01 6.50e-08  3.35e+06     7s
   7  -1.51639759e+09  3.47126316e+11  2.31e+01 3.52e-08  2.04e+06     7s
   8  -6.29811251e+08  1.72726506e+11  8.41e+00 2.77e-08  9.60e+05     7s
   9  -2.06730337e+08  6.51691429e+10  2.30e+00 5.01e-08  3.47e+05     7s
  10  -1.36838391e+07  2.22352161e+10  1.77e-01 1.55e-08  1.11e+05     8s
  11   5.57558697e+06  6.75307929e+09  1.90e-02 1.69e-08  3.32e+04     8s

Barrier performed 11 iterations in 7.59 seconds (5.58 work units)
Barrier solve interrupted - model solved by another algorithm

Concurrent spin time: 1.90s (can be avoided by choosing Method=3)

Solved with primal simplex

Root relaxation: objective 1.925408e+07, 48098 iterations, 4.53 seconds (2.83 work units)

    Nodes    |    Current Node    |     Objective Bounds      |     Work
 Expl Unexpl |  Obj  Depth IntInf | Incumbent    BestBd   Gap | It/Node Time

     0     0 1.9254e+07    0  517 -4.371e+09 1.9254e+07   100%     -    8s
     0     0 1.9202e+07    0  705 -4.371e+09 1.9202e+07   100%     -   16s
H    0     0                    -2.29972e+09 1.9202e+07   101%     -   17s
     0     0 1.9202e+07    0  763 -2.300e+09 1.9202e+07   101%     -   17s
     0     0 1.9202e+07    0  773 -2.300e+09 1.9202e+07   101%     -   17s
     0     0 1.9200e+07    0  728 -2.300e+09 1.9200e+07   101%     -   20s
     0     0 1.9200e+07    0  785 -2.300e+09 1.9200e+07   101%     -   21s
     0     0 1.9200e+07    0  801 -2.300e+09 1.9200e+07   101%     -   21s
     0     0 1.9195e+07    0  744 -2.300e+09 1.9195e+07   101%     -   25s
     0     0 1.9195e+07    0  793 -2.300e+09 1.9195e+07   101%     -   26s
     0     0 1.9195e+07    0  799 -2.300e+09 1.9195e+07   101%     -   26s
     0     0 1.9195e+07    0  808 -2.300e+09 1.9195e+07   101%     -   27s
     0     0 1.9184e+07    0  804 -2.300e+09 1.9184e+07   101%     -   30s
     0     0 1.9184e+07    0  879 -2.300e+09 1.9184e+07   101%     -   31s
     0     0 1.9184e+07    0  902 -2.300e+09 1.9184e+07   101%     -   32s
     0     0 1.9184e+07    0  907 -2.300e+09 1.9184e+07   101%     -   32s
     0     0 1.9172e+07    0  740 -2.300e+09 1.9172e+07   101%     -   36s
     0     0 1.9172e+07    0  772 -2.300e+09 1.9172e+07   101%     -   39s
     0     0 1.9172e+07    0  783 -2.300e+09 1.9172e+07   101%     -   40s
     0     0 1.9172e+07    0  778 -2.300e+09 1.9172e+07   101%     -   40s
     0     0 1.9172e+07    0  788 -2.300e+09 1.9172e+07   101%     -   40s
     0     0 1.9166e+07    0  752 -2.300e+09 1.9166e+07   101%     -   43s
H    0     0                    -1.75122e+09 1.9166e+07   101%     -   44s
     0     0 1.9166e+07    0  778 -1.751e+09 1.9166e+07   101%     -   45s
     0     0 1.9166e+07    0  799 -1.751e+09 1.9166e+07   101%     -   45s
     0     0 1.9166e+07    0  808 -1.751e+09 1.9166e+07   101%     -   45s
     0     0 1.9152e+07    0  723 -1.751e+09 1.9152e+07   101%     -   49s
H    0     0                    -1.35600e+09 1.9152e+07   101%     -   50s
     0     0 1.9152e+07    0  730 -1.356e+09 1.9152e+07   101%     -   50s
     0     0 1.9152e+07    0  750 -1.356e+09 1.9152e+07   101%     -   51s
     0     0 1.9149e+07    0  690 -1.356e+09 1.9149e+07   101%     -   53s
     0     0 1.9149e+07    0  700 -1.356e+09 1.9149e+07   101%     -   54s
     0     0 1.9149e+07    0  690 -1.356e+09 1.9149e+07   101%     -   55s
H    0     0                    -1.20502e+09 1.9149e+07   102%     -   56s
     0     0 1.9149e+07    0  706 -1.205e+09 1.9149e+07   102%     -   56s
     0     0 1.9149e+07    0  680 -1.205e+09 1.9149e+07   102%     -   59s
H    0     0                    -1.17507e+09 1.9149e+07   102%     -   60s
     0     0 1.9149e+07    0  700 -1.175e+09 1.9149e+07   102%     -   60s
     0     0 1.9149e+07    0  686 -1.175e+09 1.9149e+07   102%     -   61s
     0     0 1.9149e+07    0  686 -1.175e+09 1.9149e+07   102%     -   69s
H    0     0                    -1.13662e+09 1.9149e+07   102%     -   73s
H    0     0                    -1.05894e+09 1.9149e+07   102%     -   82s
H    0     0                    -1.02071e+09 1.9149e+07   102%     -   87s
H    0     0                    -1.02071e+09 1.9149e+07   102%     -   87s
H    0     0                    -1.02071e+09 1.9149e+07   102%     -   88s
     0     2 1.9149e+07    0  686 -1.021e+09 1.9149e+07   102%     -   90s
   111   160 1.9149e+07    7  696 -1.021e+09 1.9149e+07   102%   225   96s
   477   543 1.9149e+07   11  696 -1.021e+09 1.9149e+07   102%   153  102s
H  490   543                    -9.83658e+08 1.9149e+07   102%   152  102s
   542  1122 1.9148e+07   11  691 -9.837e+08 1.9149e+07   102%   159  105s
H 1121  1170                    -9.83658e+08 1.9149e+07   102%   130  118s
H 1122  1170                    -9.19536e+08 1.9149e+07   102%   130  118s
H 1133  1170                    -8.53985e+08 1.9149e+07   102%   129  118s
H 1149  1170                    -8.15518e+08 1.9149e+07   102%   129  118s
H 1150  1170                    -7.79918e+08 1.9149e+07   102%   129  118s
H 1151  1170                    -7.43691e+08 1.9149e+07   103%   129  118s
H 1152  1170                    -6.47547e+08 1.9149e+07   103%   129  118s
  1169  2216 1.9148e+07   18  681 -6.475e+08 1.9149e+07   103%   128  124s
  2215  2812 1.9148e+07   40  665 -6.475e+08 1.9149e+07   103%   105  133s
H 2237  2812                    -5.30552e+08 1.9149e+07   104%   105  133s
H 2248  2812                    -5.26960e+08 1.9149e+07   104%   105  133s
H 2296  2812                    -5.01936e+08 1.9149e+07   104%   105  133s
H 2380  2812                    -4.74031e+08 1.9149e+07   104%   106  133s
  2811  4613 1.9148e+07   40  662 -4.740e+08 1.9149e+07   104%   102  144s
H 2842  4613                    -4.72005e+08 1.9149e+07   104%   102  144s
H 2931  4613                    -4.48634e+08 1.9149e+07   104%   104  144s
  4612  7099 1.9148e+07   65  661 -4.486e+08 1.9149e+07   104%  91.2  158s
H 7098  9841                    -4.25271e+08 1.9149e+07   105%  88.5  173s
H 7247  9841                    -4.25270e+08 1.9149e+07   105%  88.6  173s
H 7295  9841                    -4.25261e+08 1.9149e+07   105%  88.5  173s
H 9212  9841                    -4.10410e+08 1.9149e+07   105%  81.9  173s
  9840 13235 1.9145e+07  141  599 -4.104e+08 1.9149e+07   105%  79.4  187s
 13234 13283 1.9145e+07  194  544 -4.104e+08 1.9149e+07   105%  73.8  204s
H13235 13283                    -4.10410e+08 1.9149e+07   105%  73.8  204s
H13244 13283                    -3.93502e+08 1.9149e+07   105%  73.9  204s
H13267 13283                    -3.69596e+08 1.9149e+07   105%  74.0  204s
H13273 13271                    -3.46227e+08 1.9149e+07   106%  74.0  204s
 13282 16208 1.9144e+07  195  543 -3.462e+08 1.9149e+07   106%  73.9  218s
 16234 16255 1.9144e+07  227  516 -3.462e+08 1.9149e+07   106%  71.5  235s
H16238 16255                    -3.45875e+08 1.9149e+07   106%  71.5  235s
H16239 15855                    -2.73480e+08 1.9149e+07   107%  71.5  235s
H16253 15718                    -2.40176e+08 1.9149e+07   108%  71.5  235s
 16282 18604 1.9144e+07  227  509 -2.402e+08 1.9149e+07   108%  71.5  250s
H16349 18563                    -2.36413e+08 1.9149e+07   108%  71.6  250s
H16436 17965                    -1.95314e+08 1.9149e+07   110%  71.6  250s
H18718 17915                    -1.85426e+08 1.9149e+07   110%  69.3  250s
H19248 13011                    -2.03226e+07 1.9149e+07   194%  68.5  287s
 19249 12952 -6602941.1   62  686 -2.032e+07 1.9149e+07   194%  68.5  308s
H19250 12305                    -2.02721e+07 1.9149e+07   194%  68.5  465s
H19250 11690                    -2.02696e+07 1.9149e+07   194%  68.5  465s
H19250 11105                    -2.02394e+07 1.9149e+07   195%  68.5  465s
H19250 10550                    -8118836.500 1.9149e+07   336%  68.5  465s
H19250 10022                    -8114685.966 1.9149e+07   336%  68.5  465s
H19250  9521                    -8110504.630 1.9149e+07   336%  68.5  465s
H19250  9045                    -8102811.079 1.9149e+07   336%  68.5  465s
H19250  8593                    -8102811.077 1.9149e+07   336%  68.5  465s
H19250  8163                    -8102783.854 1.9149e+07   336%  68.5  465s
H19250  7755                    -8102393.273 1.9149e+07   336%  68.5  465s
H19250  7367                    -8030257.345 1.9149e+07   338%  68.5  465s
H19250  6999                    -8027749.679 1.9149e+07   339%  68.5  465s
H19251  6649                    -8024983.094 1.9149e+07   339%  68.5  466s
 19252  6650 1.9142e+07  121  543 -8024983.1 1.9149e+07   339%  68.5  473s
H19252  6317                    -8024099.370 1.9149e+07   339%  68.5  475s
H19252  6001                    -8024038.957 1.9149e+07   339%  68.5  475s
 19254  6002 1.9023e+07  373  562 -8024039.0 1.9149e+07   339%  68.5  480s
 19256  6004 1.9125e+07  237  664 -8024039.0 1.9148e+07   339%  68.5  485s
H19259  5706                    -4406314.863 1.9148e+07   535%  68.5  640s
H19259  5420                    1235539.8502 1.9148e+07  1450%  68.5  640s
H19259  5149                    1236936.6095 1.9148e+07  1448%  68.5  640s
H19259  4891                    1237353.0494 1.9148e+07  1448%  68.5  640s
H19259  4647                    1238049.0502 1.9148e+07  1447%  68.5  640s
H19259  4414                    1238084.9152 1.9148e+07  1447%  68.5  640s
H19259  4193                    1238275.3781 1.9148e+07  1446%  68.5  640s
H19259  3984                    1241243.9991 1.9148e+07  1443%  68.5  640s
H19259  3784                    1259419.0040 1.9148e+07  1420%  68.5  640s
H19259  3595                    1.892818e+07 1.9148e+07  1.16%  68.5  640s
H19259  3415                    1.893131e+07 1.9148e+07  1.15%  68.5  640s
H19259  3244                    1.896063e+07 1.9148e+07  0.99%  68.5  640s
H19259  3082                    1.896406e+07 1.9148e+07  0.97%  68.5  640s
H19259  2927                    1.896700e+07 1.9148e+07  0.96%  68.5  640s
H19263  2783                    1.897163e+07 1.9148e+07  0.93%  68.5  800s
H19263  2643                    1.897391e+07 1.9148e+07  0.92%  68.5  800s
H19263  2511                    1.897403e+07 1.9148e+07  0.92%  68.5  800s
 19265  2513 1.9146e+07   39  639 1.8974e+07 1.9146e+07  0.91%  68.4  806s
H19265  2387                    1.897406e+07 1.9145e+07  0.90%  68.4  807s
H19268  2269                    1.903029e+07 1.9144e+07  0.60%  68.4 1000s
H19268  2155                    1.908055e+07 1.9144e+07  0.33%  68.4 1000s
H19268  2047                    1.908748e+07 1.9144e+07  0.30%  68.4 1000s
H19268  1945                    1.909520e+07 1.9144e+07  0.25%  68.4 1000s
H19269  1847                    1.909604e+07 1.9143e+07  0.25%  68.4 1006s
H19273  1757                    1.909648e+07 1.9143e+07  0.24%  68.4 1136s
H19273  1669                    1.909648e+07 1.9143e+07  0.24%  68.4 1136s
 19275  1670 1.9141e+07  272  631 1.9096e+07 1.9143e+07  0.24%  68.4 1142s
H19277  1588                    1.909649e+07 1.9143e+07  0.24%  68.4 1288s
 19279  1589 1.9096e+07   97  682 1.9096e+07 1.9143e+07  0.24%  68.4 1293s
 19282  1591 1.9143e+07   71  689 1.9096e+07 1.9143e+07  0.24%  68.4 1295s
H19282  1511                    1.909650e+07 1.9143e+07  0.24%  68.4 1448s
 19286  1515 1.9143e+07   20  686 1.9096e+07 1.9143e+07  0.24%  74.3 1452s
H19287  1440                    1.910029e+07 1.9143e+07  0.22%  74.2 1744s
H19287  1368                    1.910386e+07 1.9143e+07  0.20%  74.2 1744s
H19287  1299                    1.910436e+07 1.9143e+07  0.20%  74.2 1744s
H19287  1234                    1.910458e+07 1.9143e+07  0.20%  74.2 1744s
H19287  1173                    1.910576e+07 1.9143e+07  0.19%  74.2 1744s
H19287  1114                    1.910685e+07 1.9139e+07  0.17%  74.2 1744s
H19287  1058                    1.910749e+07 1.9139e+07  0.16%  74.2 1744s
H19287  1005                    1.910923e+07 1.9139e+07  0.16%  74.2 1744s
H19287   955                    1.910978e+07 1.9139e+07  0.15%  74.2 1744s
H19287   907                    1.911041e+07 1.9139e+07  0.15%  74.2 1744s
H19287   862                    1.911398e+07 1.9139e+07  0.13%  74.2 1744s
H19287   819                    1.911436e+07 1.9139e+07  0.13%  74.2 1744s
H19287   778                    1.911892e+07 1.9139e+07  0.11%  74.2 1744s
H19287   739                    1.911979e+07 1.9139e+07  0.10%  74.2 1744s
H19287   702                    1.912050e+07 1.9139e+07  0.10%  74.2 1744s

Cutting planes:
  Learned: 1
  Cover: 1
  Implied bound: 161
  MIR: 490
  Flow cover: 422
  Relax-and-lift: 353

Explored 19287 nodes (1566779 simplex iterations) in 1745.39 seconds (2318.26 work units)
Thread count was 48 (of 192 available processors)

Solution count 10: 1.91205e+07 1.91198e+07 1.91189e+07 ... 1.91069e+07

Optimal solution found (tolerance 2.00e-03)
Best objective 1.912050166159e+07, best bound 1.913900898301e+07, gap 0.0968%
Deleted nodefile directory: /scratch-local/lbeemster.22654777/gurobi_stress_vol4.0_1.0_price_lt_run3
Saved model snapshot to study_case_model/figures/volatility_stress/07052026/vol4.0_1.0_price_lt/sub70.0/run3/model_snapshot.pkl
  Objective: 19120501.66
  Avg H2 production: 2.1372587525620066
  Scenario obj std: 11544505.576968398
  CVaR 5%: 152581.1573544628
  Worst scenario: 149713.61589339

============================================================
Volatility multiplier: 8.0x
============================================================
Read LP format model from file /scratch-local/lbeemster.22654777/tmph6qj3_33.pyomo.lp
Reading time = 0.75 seconds
x1: 178177 rows, 50626 columns, 1021376 nonzeros
Set parameter OutputFlag to value 1
Set parameter MIPGap to value 0.002
Set parameter Threads to value 48
Set parameter Presolve to value 1
Set parameter Cuts to value 1
Set parameter NodefileStart to value 1
Set parameter NodefileDir to value "/scratch-local/lbeemster.22654777/gurobi_stress_vol8.0_1.0_price_lt_run3"
Set parameter MemLimit to value 60
Gurobi Optimizer version 12.0.3 build v12.0.3rc0 (linux64 - "Red Hat Enterprise Linux 9.6 (Plow)")

CPU model: AMD EPYC 9654 96-Core Processor, instruction set [SSE2|AVX|AVX2|AVX512]
Thread count: 192 physical cores, 192 logical processors, using up to 48 threads

Non-default parameters:
MemLimit  60
MIPGap  0.002
NodefileStart  1
Cuts  1
Presolve  1
Threads  48

Academic license 2514514 - for non-commercial use only - registered to l.___@student.vu.nl
Optimize a model with 178177 rows, 50626 columns and 1021376 nonzeros
Model fingerprint: 0x24c0ee10
Variable types: 40002 continuous, 10624 integer (10624 binary)
Coefficient statistics:
  Matrix range     [1e-06, 1e+05]
  Objective range  [2e+00, 3e+04]
  Bounds range     [1e+00, 1e+00]
  RHS range        [3e-01, 2e+05]
Presolve removed 90349 rows and 28366 columns
Presolve time: 1.51s
Presolved: 87828 rows, 22260 columns, 576945 nonzeros
Variable types: 17112 continuous, 5148 integer (5148 binary)
Found heuristic solution: objective -4.36750e+09

Deterministic concurrent LP optimizer: primal simplex, dual simplex, and barrier
Showing barrier log only...

Root barrier log...

Ordering time: 0.30s

Barrier statistics:
 Dense cols : 117
 AA' NZ     : 6.944e+06
 Factor NZ  : 8.170e+06 (roughly 100 MB of memory)
 Factor Ops : 1.039e+09 (less than 1 second per iteration)
 Threads    : 46

                  Objective                Residual
Iter       Primal          Dual         Primal    Dual     Compl     Time
   0  -2.89287194e+12  3.00352927e+14  2.97e+05 1.10e+05  5.05e+10     4s
   1  -1.81096109e+12  1.86603553e+14  1.68e+05 8.53e+05  2.20e+10     4s
   2  -5.17684659e+11  1.16746043e+14  4.52e+04 2.80e+04  6.06e+09     4s
   3  -3.78992168e+10  3.01302985e+13  2.43e+03 8.06e+01  4.83e+08     4s
   4  -1.57785890e+10  7.24262774e+12  5.40e+02 1.69e-06  9.99e+07     4s
   5  -9.37976889e+09  2.05583282e+12  1.16e+02 3.45e-07  2.34e+07     4s
   6  -5.30459814e+09  8.65223853e+11  5.05e+01 1.53e-07  9.33e+06     4s
   7  -2.09030587e+09  5.03811339e+11  2.59e+01 7.61e-08  5.15e+06     4s
   8  -8.05431615e+08  2.67680493e+11  6.76e+00 4.88e-08  2.42e+06     4s
   9  -2.43292926e+08  8.01844279e+10  1.52e+00 1.65e-08  6.95e+05     4s
  10  -8.26206571e+06  2.27910739e+10  4.89e-02 1.01e-07  1.85e+05     4s
  11   9.61788891e+06  1.42372883e+09  4.48e-09 1.09e-08  1.14e+04     4s
  12   1.13424252e+07  5.26215331e+08  3.12e-09 3.89e-09  4.15e+03     4s
  13   1.37286718e+07  2.78654340e+08  1.84e-09 1.94e-09  2.13e+03     5s

Barrier performed 13 iterations in 4.50 seconds (3.99 work units)
Barrier solve interrupted - model solved by another algorithm

Concurrent spin time: 0.69s (can be avoided by choosing Method=3)

Solved with primal simplex

Root relaxation: objective 2.218548e+07, 26917 iterations, 2.03 seconds (1.45 work units)

    Nodes    |    Current Node    |     Objective Bounds      |     Work
 Expl Unexpl |  Obj  Depth IntInf | Incumbent    BestBd   Gap | It/Node Time

     0     0 2.2185e+07    0  235 -4.368e+09 2.2185e+07   101%     -    5s
H    0     0                    -4.34593e+09 2.2185e+07   101%     -    7s
H    0     0                    -3.40380e+09 2.2185e+07   101%     -    8s
H    0     0                    -3.38372e+09 2.2185e+07   101%     -    8s
H    0     0                    -3.26883e+09 2.2185e+07   101%     -    8s
     0     0 2.2158e+07    0  369 -3.269e+09 2.2158e+07   101%     -    8s
H    0     0                    -2.41945e+09 2.2158e+07   101%     -    9s
H    0     0                    -2.00227e+09 2.2158e+07   101%     -    9s
     0     0 2.2158e+07    0  391 -2.002e+09 2.2158e+07   101%     -    9s
     0     0 2.2151e+07    0  380 -2.002e+09 2.2151e+07   101%     -   11s
H    0     0                    -1.77356e+09 2.2151e+07   101%     -   11s
     0     0 2.2151e+07    0  402 -1.774e+09 2.2151e+07   101%     -   12s
     0     0 2.2151e+07    0  402 -1.774e+09 2.2151e+07   101%     -   13s
     0     0 2.2151e+07    0  402 -1.774e+09 2.2151e+07   101%     -   13s
     0     0 2.2148e+07    0  365 -1.774e+09 2.2148e+07   101%     -   15s
     0     0 2.2148e+07    0  370 -1.774e+09 2.2148e+07   101%     -   16s
     0     0 2.2148e+07    0  388 -1.774e+09 2.2148e+07   101%     -   16s
     0     0 2.2148e+07    0  394 -1.774e+09 2.2148e+07   101%     -   16s
     0     0 2.2148e+07    0  393 -1.774e+09 2.2148e+07   101%     -   16s
     0     0 2.2143e+07    0  358 -1.774e+09 2.2143e+07   101%     -   18s
H    0     0                    -1.61016e+09 2.2143e+07   101%     -   19s
     0     0 2.2142e+07    0  378 -1.610e+09 2.2142e+07   101%     -   19s
     0     0 2.2142e+07    0  383 -1.610e+09 2.2142e+07   101%     -   19s
     0     0 2.2142e+07    0  389 -1.610e+09 2.2142e+07   101%     -   19s
     0     0 2.2142e+07    0  388 -1.610e+09 2.2142e+07   101%     -   19s
     0     0 2.2142e+07    0  390 -1.610e+09 2.2142e+07   101%     -   19s
     0     0 2.2133e+07    0  340 -1.610e+09 2.2133e+07   101%     -   21s
H    0     0                    -1.49221e+09 2.2133e+07   101%     -   22s
     0     0 2.2133e+07    0  345 -1.492e+09 2.2133e+07   101%     -   22s
     0     0 2.2132e+07    0  353 -1.492e+09 2.2132e+07   101%     -   22s
     0     0 2.2132e+07    0  350 -1.492e+09 2.2132e+07   101%     -   22s
     0     0 2.2130e+07    0  338 -1.492e+09 2.2130e+07   101%     -   24s
H    0     0                    -1.10027e+09 2.2130e+07   102%     -   25s
     0     0 2.2130e+07    0  340 -1.100e+09 2.2130e+07   102%     -   25s
     0     0 2.2130e+07    0  347 -1.100e+09 2.2130e+07   102%     -   25s
     0     0 2.2128e+07    0  332 -1.100e+09 2.2128e+07   102%     -   26s
     0     0 2.2128e+07    0  337 -1.100e+09 2.2128e+07   102%     -   27s
     0     0 2.2128e+07    0  343 -1.100e+09 2.2128e+07   102%     -   27s
     0     0 2.2128e+07    0  345 -1.100e+09 2.2128e+07   102%     -   27s
     0     0 2.2128e+07    0  345 -1.100e+09 2.2128e+07   102%     -   27s
     0     0 2.2128e+07    0  347 -1.100e+09 2.2128e+07   102%     -   27s
     0     0 2.2128e+07    0  347 -1.100e+09 2.2128e+07   102%     -   27s
     0     0 2.2124e+07    0  328 -1.100e+09 2.2124e+07   102%     -   29s
H    0     0                    -1.09934e+09 2.2124e+07   102%     -   29s
     0     0 2.2124e+07    0  327 -1.099e+09 2.2124e+07   102%     -   30s
     0     0 2.2124e+07    0  331 -1.099e+09 2.2124e+07   102%     -   30s
     0     0 2.2124e+07    0  327 -1.099e+09 2.2124e+07   102%     -   31s
     0     0 2.2123e+07    0  334 -1.099e+09 2.2123e+07   102%     -   31s
     0     0 2.2123e+07    0  335 -1.099e+09 2.2123e+07   102%     -   32s
     0     0 2.2123e+07    0  332 -1.099e+09 2.2123e+07   102%     -   32s
     0     0 2.2123e+07    0  332 -1.099e+09 2.2123e+07   102%     -   32s
     0     0 2.2123e+07    0  336 -1.099e+09 2.2123e+07   102%     -   33s
H    0     0                    -1.08567e+09 2.2123e+07   102%     -   35s
     0     0 2.2123e+07    0  335 -1.086e+09 2.2123e+07   102%     -   35s
H    0     0                    -1.04214e+09 2.2123e+07   102%     -   35s
     0     0 2.2123e+07    0  336 -1.042e+09 2.2123e+07   102%     -   35s
     0     0 2.2123e+07    0  344 -1.042e+09 2.2123e+07   102%     -   35s
     0     0 2.2123e+07    0  347 -1.042e+09 2.2123e+07   102%     -   35s
     0     0 2.2123e+07    0  330 -1.042e+09 2.2123e+07   102%     -   36s
H    0     0                    -1.01647e+09 2.2123e+07   102%     -   39s
H    0     0                    -9.81956e+08 2.2123e+07   102%     -   39s
H    0     0                    -9.81956e+08 2.2123e+07   102%     -   39s
H    0     0                    -9.79419e+08 2.2123e+07   102%     -   39s
H    0     0                    -9.61693e+08 2.2123e+07   102%     -   39s
H    0     0                    -9.61693e+08 2.2123e+07   102%     -   39s
H    0     0                    -9.61692e+08 2.2123e+07   102%     -   39s
     0     0 2.2123e+07    0  314 -9.617e+08 2.2123e+07   102%     -   41s
H    0     0                    -9.52472e+08 2.2123e+07   102%     -   43s
H    0     0                    -8.74836e+08 2.2123e+07   103%     -   44s
H    0     0                    -4.01880e+08 2.2123e+07   106%     -   46s
H    0     0                    -4.01880e+08 2.2123e+07   106%     -   49s
     0     2 2.2123e+07    0  306 -4.019e+08 2.2123e+07   106%     -   51s
H  149   160                    -4.01880e+08 2.2122e+07   106%  64.9   53s
   209   364 2.2117e+07    8  317 -4.019e+08 2.2122e+07   106%  57.8   55s
H 1227  1294                    -4.01880e+08 2.2122e+07   106%  37.5   59s
H 1241  1294                    -3.48702e+08 2.2122e+07   106%  37.1   59s
  1428  1560 2.2108e+07   25  317 -3.487e+08 2.2122e+07   106%  34.8   60s
H 1627  1656                    -3.40822e+08 2.2122e+07   106%  34.0   62s
H 1629  1656                    -3.24229e+08 2.2122e+07   107%  34.0   62s
H 1643  1656                    -3.11994e+08 2.2122e+07   107%  34.0   62s
H 1683  1704                    -3.11994e+08 2.2122e+07   107%  33.7   63s
H 1691  1704                    -3.11993e+08 2.2122e+07   107%  33.7   63s
H 1824  1863                    -3.05123e+08 2.2122e+07   107%  33.4   64s
  2033  2201 2.2114e+07   30  319 -3.051e+08 2.2122e+07   107%  33.7   65s
H 2825  2874                    -3.05123e+08 2.2122e+07   107%  41.5   68s
H 2869  2874                    -3.05123e+08 2.2122e+07   107%  41.4   68s
  3220  3420 2.2111e+07   52  303 -3.051e+08 2.2122e+07   107%  45.0   70s
H 4359  4498                    -2.82919e+08 2.2122e+07   108%  44.5   73s
H 4360  4498                    -2.46419e+08 2.2122e+07   109%  44.5   73s
H 4425  4498                    -2.36412e+08 2.2122e+07   109%  44.5   73s
H 4497  4546                    -2.36412e+08 2.2122e+07   109%  44.3   75s
  5148  5197 2.2097e+07   88  285 -2.364e+08 2.2122e+07   109%  42.8   83s
H 5168  5197                    -2.36203e+08 2.2122e+07   109%  42.8   83s
H 5170  5197                    -2.25899e+08 2.2122e+07   110%  42.9   83s
H 5182  5197                    -1.93951e+08 2.2122e+07   111%  42.8   83s
  5836  6172 2.2096e+07  101  268 -1.940e+08 2.2122e+07   111%  42.1   85s
H 6803  7002                    -1.91087e+08 2.2122e+07   112%  42.3   88s
H 6806  6949                    -1.47247e+08 2.2122e+07   115%  42.3   88s
  7385  7692 2.2095e+07  129  256 -1.472e+08 2.2122e+07   115%  42.1   90s
H 8383  8362                    -1.47247e+08 2.2122e+07   115%  42.1   93s
H 8396  8362                    -1.47247e+08 2.2122e+07   115%  42.1   93s
  8976  8915 2.2094e+07  154  239 -1.472e+08 2.2122e+07   115%  41.8   96s
H 9003  8915                    -1.46916e+08 2.2122e+07   115%  41.8   96s
H 9039  8882                    -1.44571e+08 2.2122e+07   115%  41.7   96s
  9093  8970 2.2093e+07  156  238 -1.446e+08 2.2122e+07   115%  41.7  104s
H 9096  8968                    -1.33428e+08 2.2122e+07   117%  41.7  104s
H 9098  8968                    -1.33333e+08 2.2122e+07   117%  41.7  104s
H 9099  8968                    -1.32422e+08 2.2122e+07   117%  41.7  104s
H 9103  8968                    -1.31502e+08 2.2122e+07   117%  41.7  104s
H 9104  8968                    -1.31311e+08 2.2122e+07   117%  41.7  104s
H 9121  8966                    -1.27944e+08 2.2122e+07   117%  41.7  104s
  9141  9474 2.2094e+07  156  233 -1.279e+08 2.2122e+07   117%  41.7  105s
 10542 10933 2.2092e+07  181  210 -1.279e+08 2.2122e+07   117%  40.9  110s
H10733 10440                    -1.02628e+08 2.2122e+07   122%  40.8  110s
 12502 11932 2.2091e+07  214  173 -1.026e+08 2.2122e+07   122%  39.5  115s
H12513 11932                    -1.02606e+08 2.2122e+07   122%  39.5  115s
H12533 11932                    -1.02604e+08 2.2122e+07   122%  39.5  115s
H12569 11932                    -1.02596e+08 2.2122e+07   122%  39.5  115s
H12574 11932                    -1.02595e+08 2.2122e+07   122%  39.5  115s
H12622 11711                    -8.64126e+07 2.2122e+07   126%  39.5  115s
 13602 12498 2.2091e+07  244  157 -8.641e+07 2.2122e+07   126%  38.8  122s
H13690 12364                    -8.51634e+07 2.2122e+07   126%  38.7  124s
 13698 13138 2.2091e+07  246  158 -8.516e+07 2.2122e+07   126%  38.7  126s
 16080 15536 2.2077e+07  299  153 -8.516e+07 2.2122e+07   126%  37.9  131s
H16985 15249                    -6.17327e+07 2.2122e+07   136%  37.4  133s
H17026 15031                    -5.13844e+07 2.2122e+07   143%  37.3  133s
 17461 15658 2.2072e+07  323  153 -5.138e+07 2.2122e+07   143%  37.1  136s
H18175 15339                    -4.00733e+07 2.2122e+07   155%  37.3  146s
H18175 10499                    1.186900e+07 2.2122e+07  86.4%  37.3  148s
H18175 10340                    2.193388e+07 2.2122e+07  0.86%  37.3  149s
 18176 10264 2.2119e+07   29  314 2.1934e+07 2.2122e+07  0.86%  37.3  157s
H18177  9751                    2.193863e+07 2.2122e+07  0.84%  37.3  239s
H18177  9264                    2.193927e+07 2.2122e+07  0.83%  37.3  239s
H18177  8800                    2.193977e+07 2.2122e+07  0.83%  37.3  239s
H18177  8360                    2.198488e+07 2.2107e+07  0.56%  37.3  239s
H18177  7942                    2.198771e+07 2.2107e+07  0.54%  37.3  239s
H18177  7545                    2.198843e+07 2.2107e+07  0.54%  37.3  240s
H18177  7168                    2.198849e+07 2.2107e+07  0.54%  37.3  240s
H18177  6810                    2.204696e+07 2.2107e+07  0.27%  37.3  240s
H18177  6469                    2.204766e+07 2.2107e+07  0.27%  37.3  240s
H18177  6146                    2.205915e+07 2.2107e+07  0.22%  37.3  240s
 18182  6149 2.2087e+07  127  281 2.2059e+07 2.2107e+07  0.21%  37.2  245s
H18185  5843                    2.206305e+07 2.2106e+07  0.20%  37.2  249s

Cutting planes:
  Gomory: 2
  Cover: 11
  Implied bound: 141
  MIR: 611
  Flow cover: 753
  Relax-and-lift: 1715

Explored 18185 nodes (757002 simplex iterations) in 249.57 seconds (289.94 work units)
Thread count was 48 (of 192 available processors)

Solution count 10: 2.20631e+07 2.20591e+07 2.20477e+07 ... 2.19386e+07

Optimal solution found (tolerance 2.00e-03)
Best objective 2.206305170955e+07, best bound 2.210618521163e+07, gap 0.1955%
Deleted nodefile directory: /scratch-local/lbeemster.22654777/gurobi_stress_vol8.0_1.0_price_lt_run3
Saved model snapshot to study_case_model/figures/volatility_stress/07052026/vol8.0_1.0_price_lt/sub70.0/run3/model_snapshot.pkl
  Objective: 22063051.71
  Avg H2 production: 1.2679090927765215
  Scenario obj std: 18303976.23946502
  CVaR 5%: -585394.2746828145
  Worst scenario: -645084.4627533898

============================================================
Volatility multiplier: 16.0x
============================================================
Read LP format model from file /scratch-local/lbeemster.22654777/tmp_xnv7on8.pyomo.lp
Reading time = 1.17 seconds
x1: 178177 rows, 50626 columns, 1021376 nonzeros
Set parameter OutputFlag to value 1
Set parameter MIPGap to value 0.002
Set parameter Threads to value 48
Set parameter Presolve to value 1
Set parameter Cuts to value 1
Set parameter NodefileStart to value 1
Set parameter NodefileDir to value "/scratch-local/lbeemster.22654777/gurobi_stress_vol16.0_1.0_price_lt_run3"
Set parameter MemLimit to value 60
Gurobi Optimizer version 12.0.3 build v12.0.3rc0 (linux64 - "Red Hat Enterprise Linux 9.6 (Plow)")

CPU model: AMD EPYC 9654 96-Core Processor, instruction set [SSE2|AVX|AVX2|AVX512]
Thread count: 192 physical cores, 192 logical processors, using up to 48 threads

Non-default parameters:
MemLimit  60
MIPGap  0.002
NodefileStart  1
Cuts  1
Presolve  1
Threads  48

Academic license 2514514 - for non-commercial use only - registered to l.___@student.vu.nl
Optimize a model with 178177 rows, 50626 columns and 1021376 nonzeros
Model fingerprint: 0x14a61e2a
Variable types: 40002 continuous, 10624 integer (10624 binary)
Coefficient statistics:
  Matrix range     [1e-06, 1e+05]
  Objective range  [2e+00, 3e+04]
  Bounds range     [1e+00, 1e+00]
  RHS range        [3e-01, 2e+05]
Presolve removed 85845 rows and 27230 columns
Presolve time: 1.53s
Presolved: 92332 rows, 23396 columns, 606571 nonzeros
Variable types: 17984 continuous, 5412 integer (5412 binary)
Found heuristic solution: objective -4.35806e+09

Deterministic concurrent LP optimizer: primal simplex, dual simplex, and barrier
Showing barrier log only...

Root barrier log...

Ordering time: 0.34s

Barrier statistics:
 Dense cols : 123
 AA' NZ     : 7.301e+06
 Factor NZ  : 8.549e+06 (roughly 120 MB of memory)
 Factor Ops : 1.083e+09 (less than 1 second per iteration)
 Threads    : 46

                  Objective                Residual
Iter       Primal          Dual         Primal    Dual     Compl     Time
   0  -2.89279255e+12  3.15751694e+14  2.97e+05 1.10e+05  5.05e+10     4s
   1  -1.81155265e+12  1.96171985e+14  1.68e+05 8.53e+05  2.20e+10     4s
   2  -5.17738839e+11  1.22731611e+14  4.52e+04 2.80e+04  6.06e+09     4s
   3  -3.80422323e+10  3.16758075e+13  2.43e+03 8.08e+01  4.83e+08     4s
   4  -1.59955526e+10  7.60944975e+12  5.41e+02 1.45e-06  1.00e+08     4s
   5  -9.57126972e+09  2.15471857e+12  1.16e+02 3.27e-07  2.34e+07     4s
   6  -5.37423891e+09  9.08330188e+11  5.08e+01 1.16e-07  9.33e+06     4s
   7  -2.15891168e+09  5.01677308e+11  2.59e+01 5.68e-08  4.93e+06     4s
   8  -7.75310046e+08  2.75253251e+11  6.54e+00 4.26e-08  2.36e+06     4s
   9  -2.32045680e+08  7.21696454e+10  1.41e+00 4.59e-08  5.97e+05     4s
  10  -4.25981910e+06  2.24648837e+10  4.40e-02 3.84e-08  1.73e+05     4s
  11   1.44363841e+07  1.50330963e+09  4.41e-09 1.40e-08  1.14e+04     4s

Barrier performed 11 iterations in 4.49 seconds (3.98 work units)
Barrier solve interrupted - model solved by another algorithm

Concurrent spin time: 0.65s (can be avoided by choosing Method=3)

Solved with primal simplex

Root relaxation: objective 3.135155e+07, 25727 iterations, 1.97 seconds (1.43 work units)
Total elapsed time = 5.28s (DegenMoves)

    Nodes    |    Current Node    |     Objective Bounds      |     Work
 Expl Unexpl |  Obj  Depth IntInf | Incumbent    BestBd   Gap | It/Node Time

     0     0 3.1352e+07    0  219 -4.358e+09 3.1352e+07   101%     -    5s
H    0     0                    -1.04693e+09 3.1352e+07   103%     -    6s
H    0     0                    -1.04693e+09 3.1351e+07   103%     -   10s
     0     0 3.1341e+07    0  289 -1.047e+09 3.1341e+07   103%     -   10s
H    0     0                    -1.03240e+09 3.1340e+07   103%     -   11s
     0     0 3.1340e+07    0  300 -1.032e+09 3.1340e+07   103%     -   12s
H    0     0                    -9.28770e+08 3.1340e+07   103%     -   13s
     0     0 3.1340e+07    0  358 -9.288e+08 3.1340e+07   103%     -   14s
     0     0 3.1340e+07    0  353 -9.288e+08 3.1340e+07   103%     -   14s
     0     0 3.1340e+07    0  357 -9.288e+08 3.1340e+07   103%     -   15s
     0     0 3.1337e+07    0  345 -9.288e+08 3.1337e+07   103%     -   16s
     0     0 3.1337e+07    0  342 -9.288e+08 3.1337e+07   103%     -   17s
     0     0 3.1337e+07    0  342 -9.288e+08 3.1337e+07   103%     -   17s
     0     0 3.1337e+07    0  340 -9.288e+08 3.1337e+07   103%     -   18s
     0     0 3.1337e+07    0  339 -9.288e+08 3.1337e+07   103%     -   18s
     0     0 3.1335e+07    0  337 -9.288e+08 3.1335e+07   103%     -   19s
     0     0 3.1334e+07    0  354 -9.288e+08 3.1334e+07   103%     -   20s
     0     0 3.1334e+07    0  362 -9.288e+08 3.1334e+07   103%     -   20s
     0     0 3.1334e+07    0  363 -9.288e+08 3.1334e+07   103%     -   20s
     0     0 3.1323e+07    0  337 -9.288e+08 3.1323e+07   103%     -   22s
     0     0 3.1322e+07    0  349 -9.288e+08 3.1322e+07   103%     -   24s
     0     0 3.1322e+07    0  354 -9.288e+08 3.1322e+07   103%     -   24s
     0     0 3.1322e+07    0  358 -9.288e+08 3.1322e+07   103%     -   24s
     0     0 3.1318e+07    0  342 -9.288e+08 3.1318e+07   103%     -   25s
     0     0 3.1317e+07    0  340 -9.288e+08 3.1317e+07   103%     -   26s
     0     0 3.1317e+07    0  347 -9.288e+08 3.1317e+07   103%     -   26s
     0     0 3.1317e+07    0  348 -9.288e+08 3.1317e+07   103%     -   26s
     0     0 3.1317e+07    0  349 -9.288e+08 3.1317e+07   103%     -   26s
     0     0 3.1315e+07    0  343 -9.288e+08 3.1315e+07   103%     -   27s
     0     0 3.1315e+07    0  345 -9.288e+08 3.1315e+07   103%     -   28s
     0     0 3.1315e+07    0  346 -9.288e+08 3.1315e+07   103%     -   29s
     0     0 3.1315e+07    0  343 -9.288e+08 3.1315e+07   103%     -   29s
     0     0 3.1315e+07    0  345 -9.288e+08 3.1315e+07   103%     -   29s
H    0     0                    -9.28770e+08 3.1315e+07   103%     -   30s
     0     0 3.1315e+07    0  323 -9.288e+08 3.1315e+07   103%     -   30s
     0     0 3.1314e+07    0  325 -9.288e+08 3.1314e+07   103%     -   30s
     0     0 3.1314e+07    0  329 -9.288e+08 3.1314e+07   103%     -   30s
     0     0 3.1314e+07    0  329 -9.288e+08 3.1314e+07   103%     -   31s
H    0     0                    -8.31185e+08 3.1314e+07   104%     -   32s
H    0     0                    -7.72554e+08 3.1313e+07   104%     -   32s
     0     0 3.1313e+07    0  333 -7.726e+08 3.1313e+07   104%     -   32s
H    0     0                    -7.29383e+08 3.1313e+07   104%     -   33s
     0     0 3.1313e+07    0  320 -7.294e+08 3.1313e+07   104%     -   33s
     0     0 3.1313e+07    0  325 -7.294e+08 3.1313e+07   104%     -   33s
     0     0 3.1313e+07    0  321 -7.294e+08 3.1313e+07   104%     -   33s
     0     0 3.1313e+07    0  323 -7.294e+08 3.1313e+07   104%     -   33s
     0     0 3.1312e+07    0  299 -7.294e+08 3.1312e+07   104%     -   35s
H    0     0                    -6.79699e+08 3.1312e+07   105%     -   35s
     0     0 3.1312e+07    0  312 -6.797e+08 3.1312e+07   105%     -   36s
     0     0 3.1312e+07    0  319 -6.797e+08 3.1312e+07   105%     -   36s
     0     0 3.1312e+07    0  303 -6.797e+08 3.1312e+07   105%     -   36s
     0     0 3.1312e+07    0  305 -6.797e+08 3.1312e+07   105%     -   37s
     0     0 3.1312e+07    0  309 -6.797e+08 3.1312e+07   105%     -   38s
     0     0 3.1312e+07    0  316 -6.797e+08 3.1312e+07   105%     -   39s
     0     0 3.1312e+07    0  319 -6.797e+08 3.1312e+07   105%     -   39s
     0     0 3.1312e+07    0  310 -6.797e+08 3.1312e+07   105%     -   39s
     0     0 3.1312e+07    0  300 -6.797e+08 3.1312e+07   105%     -   44s
H    0     0                    -4.84742e+08 3.1312e+07   106%     -   50s
H    0     0                    -4.19875e+08 3.1312e+07   107%     -   51s
H    0     0                    -3.92325e+08 3.1312e+07   108%     -   55s
H    0     0                    -3.51844e+08 3.1312e+07   109%     -   61s
H    0     0                    -3.28427e+08 3.1312e+07   110%     -   61s
H    0     0                    -2.89517e+08 3.1312e+07   111%     -   65s
     0     2 3.1312e+07    0  282 -2.895e+08 3.1312e+07   111%     -   67s
    63   112 3.1286e+07    6  291 -2.895e+08 3.1310e+07   111%  79.8   70s
H  112   232                    -2.83219e+08 3.1309e+07   111%  70.1   71s
H  608   638                    -2.83159e+08 3.1309e+07   111%  48.4   74s
   729   819 3.1272e+07   12  280 -2.832e+08 3.1309e+07   111%  47.0   75s
  1850  1922 3.1266e+07   32  219 -2.832e+08 3.1309e+07   111%  47.4   80s
H 1876  1922                    -2.19336e+08 3.1309e+07   114%  48.2   80s
H 1893  1922                    -2.19326e+08 3.1309e+07   114%  48.3   80s
  1969  2018 3.1265e+07   34  212 -2.193e+08 3.1309e+07   114%  48.8   86s
H 1974  2018                    -2.06244e+08 3.1309e+07   115%  48.9   86s
  3085  3119 3.1250e+07   58  255 -2.062e+08 3.1309e+07   115%  52.0   90s
H 3239  3390                    -2.01366e+08 3.1309e+07   116%  51.8   91s
H 3240  3390                    -1.23323e+08 3.1309e+07   125%  51.8   91s
H 3251  3386                    -1.09963e+08 3.1309e+07   128%  51.9   91s
H 3826  4034                    -1.09960e+08 3.1309e+07   128%  51.6   93s
  4326  4518 3.1262e+07   70  159 -1.100e+08 3.1309e+07   128%  50.8   95s
H 4332  4518                    -1.09960e+08 3.1309e+07   128%  51.0   95s
H 4862  4896                    -9.43520e+07 3.1309e+07   133%  51.1   97s
H 4968  4896                    -9.43519e+07 3.1309e+07   133%  51.2   97s
  5718  5945 3.1261e+07   93  127 -9.435e+07 3.1309e+07   133%  50.6  100s
H 6116  5841                    -7.67194e+07 3.1309e+07   141%  50.1  102s
H 6141  5841                    -7.66869e+07 3.1309e+07   141%  50.1  102s
H 6561  6219                    -7.66869e+07 3.1309e+07   141%  49.2  104s
H 6587  6219                    -7.66866e+07 3.1309e+07   141%  49.1  104s
  6601  6619 3.1260e+07  114  124 -7.669e+07 3.1309e+07   141%  49.1  106s
H 7845  7760                    -7.66865e+07 3.1309e+07   141%  46.5  109s
  8152  8177 3.1257e+07  144  125 -7.669e+07 3.1309e+07   141%  46.0  110s
 10039 10185 3.1256e+07  179  122 -7.669e+07 3.1309e+07   141%  42.5  115s
 11501 11135 3.1256e+07  204  113 -7.669e+07 3.1309e+07   141%  41.1  124s
 11549 11183 3.1256e+07  205  113 -7.669e+07 3.1309e+07   141%  41.0  126s
H11554 10778                    -6.82877e+07 3.1309e+07   146%  41.0  126s
H11567 10778                    -6.82671e+07 3.1309e+07   146%  41.0  126s
H11583 10718                    -6.65961e+07 3.1309e+07   147%  41.0  126s
H11754 11063                    -6.20523e+07 3.1309e+07   150%  40.6  129s
H12031 10809                    -5.12274e+07 3.1309e+07   161%  40.0  129s
 12196 11393 3.1255e+07  219  112 -5.123e+07 3.1309e+07   161%  39.7  131s
H12923 11486                    -5.12230e+07 3.1309e+07   161%  39.1  133s
H12930 11445                    -5.00048e+07 3.1309e+07   163%  39.1  133s
H12937 10701                    -3.35417e+07 3.1309e+07   193%  39.1  133s
 13007 11422 3.1255e+07  232  112 -3.354e+07 3.1309e+07   193%  39.1  135s
H14158 12041                    -2.58376e+07 3.1309e+07   221%  38.1  137s
 15306 13508 3.1251e+07  291  105 -2.584e+07 3.1309e+07   221%  37.6  141s
 16779 15036 3.1254e+07  316  108 -2.584e+07 3.1309e+07   221%  37.1  145s
H17326 14961                    -2.34274e+07 3.1309e+07   234%  36.6  145s
H17406 14846                    -1.79714e+07 3.1309e+07   274%  36.7  145s
H18438 15507                    -1.57152e+07 3.1309e+07   299%  36.9  150s
H18438 15507                    -1.57151e+07 3.1309e+07   299%  36.9  152s
H18438 15051                    -1.02491e+07 3.1309e+07   405%  36.9  152s
H18438 15051                    -1.02141e+07 3.1309e+07   407%  36.9  153s
H18438 15051                    -1.01934e+07 3.1309e+07   407%  36.9  156s
H18438 15051                    -1.01733e+07 3.1309e+07   408%  36.9  156s
H18438 15051                    -1.01733e+07 3.1309e+07   408%  36.9  157s
H18438 14570                    -5396380.181 3.1309e+07   680%  36.9  157s
H18438 13512                    8179877.6183 3.1309e+07   283%  36.9  158s
H18438 13512                    8181043.1799 3.1309e+07   283%  36.9  158s
H18438 13512                    8276259.6031 3.1309e+07   278%  36.9  158s
H18438 13510                    8383457.6280 3.1309e+07   273%  36.9  159s
H18438 12973                    8487510.0301 3.1309e+07   269%  36.9  159s
H18438 11769                    3.015146e+07 3.1309e+07  3.84%  36.9  160s
H18438 11769                    3.015151e+07 3.1309e+07  3.84%  36.9  160s
H18438 11769                    3.019898e+07 3.1309e+07  3.68%  36.9  160s
H18438 11769                    3.021424e+07 3.1309e+07  3.62%  36.9  161s
 18439 11630 3.1294e+07  269  300 3.0214e+07 3.1309e+07  3.62%  36.9  169s
H18440 11049                    3.103350e+07 3.1309e+07  0.89%  36.9  272s
H18440 10496                    3.106314e+07 3.1309e+07  0.79%  36.9  272s
H18440  9972                    3.110075e+07 3.1309e+07  0.67%  36.9  272s
H18440  9473                    3.110075e+07 3.1309e+07  0.67%  36.9  272s
H18440  8999                    3.114375e+07 3.1309e+07  0.53%  36.9  272s
H18440  8549                    3.116952e+07 3.1309e+07  0.45%  36.9  272s
H18440  8122                    3.119458e+07 3.1309e+07  0.37%  36.9  272s
H18440  7716                    3.119475e+07 3.1309e+07  0.37%  36.9  272s
H18440  7330                    3.120652e+07 3.1293e+07  0.28%  36.9  272s
H18440  6963                    3.120758e+07 3.1293e+07  0.27%  36.9  272s
H18440  6615                    3.120796e+07 3.1293e+07  0.27%  36.9  272s
H18440  6284                    3.120869e+07 3.1293e+07  0.27%  36.9  272s
H18440  5970                    3.120904e+07 3.1293e+07  0.27%  36.9  272s
H18440  5672                    3.121290e+07 3.1293e+07  0.26%  36.9  272s
H18440  5388                    3.121481e+07 3.1293e+07  0.25%  36.9  272s
 18442  5389 3.1293e+07  279  311 3.1215e+07 3.1293e+07  0.25%  36.9  276s
 18445  5391 3.1247e+07  104  279 3.1215e+07 3.1293e+07  0.25%  36.9  281s
H18445  5121                    3.121579e+07 3.1293e+07  0.25%  36.9  282s
 18448  5123 3.1289e+07   72  313 3.1216e+07 3.1290e+07  0.24%  36.9  285s
 18452  5126 3.1289e+07  118  396 3.1216e+07 3.1289e+07  0.24%  36.9  290s
 18458  5130 3.1260e+07  166  465 3.1216e+07 3.1289e+07  0.23%  36.9  295s
H18467  4879                    3.121849e+07 3.1286e+07  0.22%  36.9  379s
H18467  4635                    3.121882e+07 3.1286e+07  0.22%  36.9  379s
H18467  4402                    3.121900e+07 3.1286e+07  0.22%  36.9  379s
H18467  4182                    3.121984e+07 3.1286e+07  0.21%  36.9  379s
H18467  3972                    3.122665e+07 3.1286e+07  0.19%  36.9  379s
H18467  3773                    3.122688e+07 3.1286e+07  0.19%  36.9  379s
H18467  3584                    3.123016e+07 3.1286e+07  0.18%  36.9  379s
H18467  3404                    3.123737e+07 3.1286e+07  0.16%  36.9  379s
H18467  3234                    3.124376e+07 3.1286e+07  0.14%  36.9  379s

Cutting planes:
  Cover: 10
  Implied bound: 313
  MIR: 422
  Flow cover: 869
  RLT: 1
  Relax-and-lift: 1772

Explored 18467 nodes (785476 simplex iterations) in 379.72 seconds (397.64 work units)
Thread count was 48 (of 192 available processors)

Solution count 10: 3.12438e+07 3.12374e+07 3.12302e+07 ... 3.12158e+07

Optimal solution found (tolerance 2.00e-03)
Best objective 3.124376395119e+07, best bound 3.128643512404e+07, gap 0.1366%
Deleted nodefile directory: /scratch-local/lbeemster.22654777/gurobi_stress_vol16.0_1.0_price_lt_run3
Saved model snapshot to study_case_model/figures/volatility_stress/07052026/vol16.0_1.0_price_lt/sub70.0/run3/model_snapshot.pkl
  Objective: 31243763.95
  Avg H2 production: 0.9396883870980748
  Scenario obj std: 29614089.547307346
  CVaR 5%: -488704.87272151536
  Worst scenario: -488704.8727215345

Results saved to study_case_model/figures/volatility_stress/07052026/stress_test_results_70_1.0_price_shock_lt_3_.csv

================================================================================
STRESS TEST SUMMARY
================================================================================
    1.0x vol: obj= 20155704.96, loss=0.0%, H2=    2.24, CVaR5=15267406.033720233
    2.0x vol: obj= 19714512.55, loss=2.2%, H2=    2.13, CVaR5=9873447.261465784
    4.0x vol: obj= 19120501.66, loss=5.1%, H2=    2.14, CVaR5=152581.1573544628
    8.0x vol: obj= 22063051.71, loss=-9.5%, H2=    1.27, CVaR5=-585394.2746828145
   16.0x vol: obj= 31243763.95, loss=-55.0%, H2=    0.94, CVaR5=-488704.87272151536

Finished stress test!
