Gurobi shell based on Python 3.13.1 can be launched with command `gurobi.sh`
Gurobi Python Interface can be loaded in Python 3.13.1 with 'import gurobipy'
/var/spool/slurm/slurmd/job22619716/slurm_script: line 24: activate: No such file or directory
Stress test configuration:
  Volatility multipliers: [1.0, 2.0, 4.0, 8.0, 16.0]
  Shock type: price_lt
  Price Correlated shocks: 0.4
  Subsidy: 0.0 EUR/MWh
  Deviation allowance: 0.0

============================================================
Volatility multiplier: 1.0x
============================================================
Read LP format model from file /scratch-local/lbeemster.22619716/tmp8wk2q_dn.pyomo.lp
Reading time = 0.59 seconds
x1: 178177 rows, 50626 columns, 1021376 nonzeros
Set parameter OutputFlag to value 1
Set parameter MIPGap to value 0.002
Set parameter Threads to value 48
Set parameter Presolve to value 1
Set parameter Cuts to value 1
Set parameter NodefileStart to value 1
Set parameter NodefileDir to value "/scratch-local/lbeemster.22619716/gurobi_stress_vol1.0_0.4_price_lt_run0"
Set parameter MemLimit to value 60
Gurobi Optimizer version 12.0.3 build v12.0.3rc0 (linux64 - "Red Hat Enterprise Linux 9.6 (Plow)")

CPU model: AMD EPYC 9654 96-Core Processor, instruction set [SSE2|AVX|AVX2|AVX512]
Thread count: 192 physical cores, 192 logical processors, using up to 48 threads

Non-default parameters:
MemLimit  60
MIPGap  0.002
NodefileStart  1
Cuts  1
Presolve  1
Threads  48

Academic license 2514514 - for non-commercial use only - registered to l.___@student.vu.nl
Optimize a model with 178177 rows, 50626 columns and 1021376 nonzeros
Model fingerprint: 0xa495aa3d
Variable types: 40002 continuous, 10624 integer (10624 binary)
Coefficient statistics:
  Matrix range     [1e-06, 1e+05]
  Objective range  [2e+00, 3e+04]
  Bounds range     [1e+00, 1e+00]
  RHS range        [3e-01, 2e+05]
Presolve removed 34049 rows and 14166 columns
Presolve time: 1.66s
Presolved: 144128 rows, 36460 columns, 945973 nonzeros
Variable types: 28012 continuous, 8448 integer (8448 binary)
Found heuristic solution: objective -5.61314e+09

Deterministic concurrent LP optimizer: primal simplex, dual simplex, and barrier
Showing barrier log only...

Root barrier log...

Ordering time: 2.40s

Barrier statistics:
 AA' NZ     : 1.286e+07
 Factor NZ  : 1.434e+07 (roughly 200 MB of memory)
 Factor Ops : 2.150e+09 (less than 1 second per iteration)
 Threads    : 46

                  Objective                Residual
Iter       Primal          Dual         Primal    Dual     Compl     Time
   0  -3.00450817e+12  1.66237848e+14  3.09e+05 3.68e+04  1.75e+10     7s
   1  -1.87893749e+12  1.04802896e+14  1.75e+05 2.84e+05  7.64e+09     7s
   2  -5.45096928e+11  6.97381015e+13  4.78e+04 1.11e+04  2.11e+09     7s
   3  -4.70795769e+10  1.98303204e+13  3.19e+03 1.37e+01  2.01e+08     7s
   4  -1.51811874e+10  5.21363325e+12  4.88e+02 3.15e-07  3.83e+07     7s
   5  -1.00532472e+10  1.41055255e+12  1.04e+02 1.02e-07  9.03e+06     7s
   6  -3.83043428e+09  6.53647862e+11  4.05e+01 3.35e-08  3.87e+06     7s
   7  -1.96461073e+09  4.23651467e+11  2.18e+01 2.79e-08  2.41e+06     7s
   8  -8.50900068e+08  2.11701817e+11  9.28e+00 1.88e-08  1.17e+06     7s
   9  -1.38398844e+08  9.37992770e+10  1.17e+00 6.49e-09  4.75e+05     7s
  10  -1.19518928e+07  2.13298805e+10  1.05e-01 5.46e-09  1.06e+05     7s
  11   3.25556707e+06  9.61635120e+09  1.60e-02 2.31e-09  4.73e+04     7s
  12   6.81317430e+06  1.41238129e+09  4.66e-09 2.79e-09  6.91e+03     7s
  13   8.33360948e+06  5.76480122e+08  2.74e-09 1.16e-09  2.79e+03     7s
  14   1.06254525e+07  2.01839304e+08  2.49e-09 7.31e-10  9.40e+02     8s
  15   1.34020414e+07  1.15891826e+08  2.00e-09 4.66e-10  5.04e+02     8s
  16   1.64988114e+07  8.47554842e+07  2.04e-09 3.14e-10  3.35e+02     8s
  17   1.98444933e+07  4.97520595e+07  2.11e-09 4.66e-10  1.47e+02     8s
  18   1.97261513e+07  3.78986293e+07  2.56e-09 4.66e-10  8.93e+01     8s
  19   2.05195950e+07  3.01165295e+07  1.70e-09 4.66e-10  4.71e+01     8s
  20   2.08889474e+07  2.54252222e+07  2.12e-09 2.33e-10  2.23e+01     8s
  21   2.11473906e+07  2.40301411e+07  1.79e-09 2.33e-10  1.42e+01     8s
  22   2.13153351e+07  2.28092390e+07  2.15e-09 2.33e-10  7.34e+00     8s
  23   2.14289924e+07  2.23908054e+07  3.66e-09 4.66e-10  4.72e+00     8s
  24   2.15135315e+07  2.19492703e+07  1.02e-08 4.66e-10  2.14e+00     8s

Barrier performed 24 iterations in 8.08 seconds (6.85 work units)
Barrier solve interrupted - model solved by another algorithm

Concurrent spin time: 1.32s (can be avoided by choosing Method=3)

Solved with dual simplex

Root relaxation: objective 2.166444e+07, 44418 iterations, 5.23 seconds (4.06 work units)
Total elapsed time = 10.05s (DegenMoves)

    Nodes    |    Current Node    |     Objective Bounds      |     Work
 Expl Unexpl |  Obj  Depth IntInf | Incumbent    BestBd   Gap | It/Node Time

     0     0 2.1664e+07    0  409 -5.613e+09 2.1664e+07   100%     -   10s
H    0     0                    -1.57799e+09 2.1664e+07   101%     -   11s
H    0     0                    -1.57227e+09 2.1664e+07   101%     -   11s
H    0     0                    -1.53444e+09 2.1664e+07   101%     -   11s
     0     0 2.1627e+07    0  527 -1.534e+09 2.1627e+07   101%     -   13s
     0     0 2.1627e+07    0  572 -1.534e+09 2.1627e+07   101%     -   14s
     0     0 2.1627e+07    0  574 -1.534e+09 2.1627e+07   101%     -   14s
     0     0 2.1610e+07    0  527 -1.534e+09 2.1610e+07   101%     -   16s
H    0     0                    -1.53442e+09 2.1610e+07   101%     -   18s
     0     0 2.1610e+07    0  543 -1.534e+09 2.1610e+07   101%     -   18s
     0     0 2.1610e+07    0  546 -1.534e+09 2.1610e+07   101%     -   18s
     0     0 2.1593e+07    0  467 -1.534e+09 2.1593e+07   101%     -   21s
     0     0 2.1593e+07    0  456 -1.534e+09 2.1593e+07   101%     -   23s
     0     0 2.1593e+07    0  491 -1.534e+09 2.1593e+07   101%     -   23s
     0     0 2.1593e+07    0  496 -1.534e+09 2.1593e+07   101%     -   23s
     0     0 2.1593e+07    0  496 -1.534e+09 2.1593e+07   101%     -   23s
     0     0 2.1585e+07    0  450 -1.534e+09 2.1585e+07   101%     -   26s
H    0     0                    -1.47245e+09 2.1585e+07   101%     -   27s
     0     0 2.1585e+07    0  481 -1.472e+09 2.1585e+07   101%     -   27s
     0     0 2.1585e+07    0  486 -1.472e+09 2.1585e+07   101%     -   28s
     0     0 2.1585e+07    0  483 -1.472e+09 2.1585e+07   101%     -   28s
     0     0 2.1582e+07    0  461 -1.472e+09 2.1582e+07   101%     -   30s
H    0     0                    -1.40797e+09 2.1582e+07   102%     -   31s
     0     0 2.1582e+07    0  487 -1.408e+09 2.1582e+07   102%     -   31s
     0     0 2.1582e+07    0  491 -1.408e+09 2.1582e+07   102%     -   32s
     0     0 2.1582e+07    0  491 -1.408e+09 2.1582e+07   102%     -   32s
     0     0 2.1572e+07    0  460 -1.408e+09 2.1572e+07   102%     -   34s
H    0     0                    -6.87691e+08 2.1572e+07   103%     -   35s
     0     0 2.1572e+07    0  474 -6.877e+08 2.1572e+07   103%     -   36s
     0     0 2.1572e+07    0  481 -6.877e+08 2.1572e+07   103%     -   36s
     0     0 2.1566e+07    0  442 -6.877e+08 2.1566e+07   103%     -   38s
     0     0 2.1566e+07    0  452 -6.877e+08 2.1566e+07   103%     -   40s
     0     0 2.1566e+07    0  461 -6.877e+08 2.1566e+07   103%     -   40s
     0     0 2.1566e+07    0  453 -6.877e+08 2.1566e+07   103%     -   42s
H    0     0                    -5.90730e+08 2.1566e+07   104%     -   43s
H    0     0                    -5.27633e+08 2.1566e+07   104%     -   47s
     0     0 2.1566e+07    0  475 -5.276e+08 2.1566e+07   104%     -   47s
     0     0 2.1566e+07    0  441 -5.276e+08 2.1566e+07   104%     -   48s
     0     0 2.1566e+07    0  438 -5.276e+08 2.1566e+07   104%     -   49s
     0     0 2.1566e+07    0  442 -5.276e+08 2.1566e+07   104%     -   51s
     0     0 2.1566e+07    0  420 -5.276e+08 2.1566e+07   104%     -   56s
H    0     0                    -3.62445e+08 2.1566e+07   106%     -   63s
H    0     0                    -3.48340e+08 2.1566e+07   106%     -   63s
H    0     0                    -3.38089e+08 2.1566e+07   106%     -   67s
H    0     0                    -3.14876e+08 2.1566e+07   107%     -   72s
H    0     0                    -3.14876e+08 2.1566e+07   107%     -   76s
H    0     0                    -3.14861e+08 2.1566e+07   107%     -   78s
H    0     0                    -3.14860e+08 2.1566e+07   107%     -   78s
H    0     2                    -3.00886e+08 2.1566e+07   107%     -   82s
     0     2 2.1566e+07    0  409 -3.009e+08 2.1566e+07   107%     -   82s
    31    64 2.1564e+07    5  430 -3.009e+08 2.1564e+07   107%   521   86s
H   63   112                    -2.56397e+08 2.1564e+07   108%   327   94s
H   64   112                    -2.37676e+08 2.1564e+07   109%   322   94s
H   65   112                    -1.76349e+08 2.1564e+07   112%   318   94s
H   73   112                    -1.29517e+08 2.1564e+07   117%   285   95s
H   77   112                    -1.22485e+08 2.1564e+07   118%   271   95s
   618   745 2.1561e+07   13  409 -1.225e+08 2.1564e+07   118%  82.2  100s
H  793   890                    -1.19448e+08 2.1564e+07   118%  73.2  103s
H  795   890                    -1.19434e+08 2.1564e+07   118%  73.1  103s
H  806   890                    -1.19434e+08 2.1564e+07   118%  72.9  103s
H  817   890                    -1.19434e+08 2.1564e+07   118%  72.4  103s
H  834   890                    -1.13357e+08 2.1564e+07   119%  71.5  103s
  1030  1079 2.1560e+07   21  396 -1.134e+08 2.1564e+07   119%  68.4  107s
  1078  1129 2.1560e+07   22  392 -1.134e+08 2.1564e+07   119%  67.4  118s
H 1080  1129                    -1.09847e+08 2.1564e+07   120%  68.0  118s
H 1082  1129                    -8.92897e+07 2.1564e+07   124%  67.9  118s
H 1124  1129                    -8.87704e+07 2.1564e+07   124%  66.4  118s
  1256  1381 2.1560e+07   26  385 -8.877e+07 2.1564e+07   124%  66.0  120s
  2151  2239 2.1560e+07   46  354 -8.877e+07 2.1564e+07   124%  54.2  126s
H 2238  2340                    -5.72356e+07 2.1564e+07   138%  53.6  128s
H 2243  2340                    -5.71206e+07 2.1564e+07   138%  53.6  128s
H 2271  2340                    -5.43450e+07 2.1564e+07   140%  53.2  128s
H 2337  2340                    -3.42438e+07 2.1564e+07   163%  53.2  128s
  2523  2688 2.1557e+07   52  343 -3.424e+07 2.1564e+07   163%  52.1  130s
Created node file directory '/scratch-local/lbeemster.22619716/gurobi_stress_vol1.0_0.4_price_lt_run0/grbnodes0'
  3477  3512 2.1559e+07   62  347 -3.424e+07 2.1564e+07   163%  50.0  135s
H 3486  3512                    -2.71842e+07 2.1564e+07   179%  49.9  135s
  4303  4457 2.1558e+07   74  342 -2.718e+07 2.1564e+07   179%  50.3  140s
H 4605  4625                    -2.44068e+07 2.1564e+07   188%  49.8  142s
H 4612  4625                    -2.43993e+07 2.1564e+07   188%  49.8  142s
  5020  5239 2.1558e+07   84  335 -2.440e+07 2.1564e+07   188%  49.1  145s
  5577  5831 2.1557e+07   97  335 -2.440e+07 2.1564e+07   188%  47.4  150s
H 5788  5831                    -2.29099e+07 2.1564e+07   194%  46.4  150s
H 5908  5831                    -2.01732e+07 2.1564e+07   207%  46.0  150s
  6632  6942 2.1556e+07  120  323 -2.017e+07 2.1564e+07   207%  46.1  155s
H 7109  7210                    -6992100.317 2.1564e+07   408%  44.8  157s
  7318  7594 2.1555e+07  135  308 -6992100.3 2.1564e+07   408%  44.7  160s
H 8186  8284                    -6886293.725 2.1564e+07   413%  44.7  164s
  8411  8774 2.1555e+07  162  290 -6886293.7 2.1564e+07   413%  44.5  167s
  9379  9571 2.1555e+07  180  284 -6886293.7 2.1564e+07   413%  42.5  173s
H 9416  9571                    -6886293.719 2.1564e+07   413%  42.5  173s
H 9717  9571                    -6883168.368 2.1564e+07   413%  41.9  173s
  9718 10057 2.1554e+07  189  280 -6883168.4 2.1564e+07   413%  41.9  175s
 10727 11134 2.1554e+07  207  276 -6883168.4 2.1564e+07   413%  41.0  181s
H11283 11182                    -6883157.929 2.1564e+07   413%  40.3  185s
 11907 12320 2.1553e+07  231  270 -6883157.9 2.1564e+07   413%  39.7  190s
H12601 12795                    -6882584.396 2.1564e+07   413%  38.8  194s
 12960 12944 2.1552e+07  249  247 -6882584.4 2.1564e+07   413%  38.2  198s
H12961 12808                    1.156305e+07 2.1564e+07  86.5%  38.2  198s
H12967 12808                    1.196577e+07 2.1564e+07  80.2%  38.6  198s
H12973 12655                    1.485439e+07 2.1564e+07  45.2%  38.6  198s
H13014 12655                    1.487180e+07 2.1564e+07  45.0%  38.5  198s
 13111 13239 2.1552e+07  250  243 1.4872e+07 2.1564e+07  45.0%  38.4  202s
 13855 13273 2.1551e+07  259  231 1.4872e+07 2.1563e+07  45.0%  38.3  207s
H13884 13273                    1.487283e+07 2.1563e+07  45.0%  38.2  207s
H13887 13127                    1.816933e+07 2.1563e+07  18.7%  38.3  207s
 13904 13814 2.1551e+07  260  231 1.8169e+07 2.1563e+07  18.7%  38.2  210s
H15378 14578                    1.819907e+07 2.1563e+07  18.5%  37.6  218s
H15407 13750                    2.129007e+07 2.1563e+07  1.28%  37.7  219s
 15457 14521 2.1551e+07  293  214 2.1290e+07 2.1563e+07  1.28%  38.1  222s
 16316 15274 2.1547e+07  304  207 2.1290e+07 2.1563e+07  1.28%  37.8  225s
H17867 16033                    2.140561e+07 2.1563e+07  0.73%  39.4  233s
H17867 16033                    2.142107e+07 2.1563e+07  0.66%  39.4  234s
H17867 16033                    2.144339e+07 2.1563e+07  0.56%  39.4  238s
H17867 15887                    2.144865e+07 2.1563e+07  0.53%  39.4  241s
H17867 15739                    2.145944e+07 2.1563e+07  0.48%  39.4  245s
H17867 15718                    2.146783e+07 2.1563e+07  0.44%  39.4  248s
H17867 15715                    2.147007e+07 2.1563e+07  0.43%  39.4  248s
H17867 15714                    2.147014e+07 2.1563e+07  0.43%  39.4  260s
 17868 15704 2.1550e+07   60  420 2.1470e+07 2.1563e+07  0.43%  39.4  274s
H17869 14919                    2.147448e+07 2.1563e+07  0.41%  39.4  445s
H17869 14173                    2.147495e+07 2.1563e+07  0.41%  39.4  445s
H17869 13465                    2.147684e+07 2.1563e+07  0.40%  39.4  445s
H17869 12791                    2.147685e+07 2.1563e+07  0.40%  39.4  445s
H17869 12152                    2.147823e+07 2.1563e+07  0.39%  39.4  445s
H17869 11544                    2.148276e+07 2.1563e+07  0.37%  39.4  445s
H17869 10967                    2.148378e+07 2.1563e+07  0.37%  39.4  445s
H17869 10419                    2.148445e+07 2.1563e+07  0.36%  39.4  445s
H17869  9898                    2.148599e+07 2.1563e+07  0.36%  39.4  445s
H17869  9403                    2.148742e+07 2.1563e+07  0.35%  39.4  445s
H17869  8933                    2.149359e+07 2.1563e+07  0.32%  39.4  445s
H17869  8486                    2.149469e+07 2.1563e+07  0.32%  39.4  445s
H17869  8062                    2.149476e+07 2.1546e+07  0.24%  39.4  451s
H17869  7658                    2.149587e+07 2.1546e+07  0.23%  39.4  451s
H17869  7275                    2.149850e+07 2.1546e+07  0.22%  39.4  451s
H17869  6912                    2.150527e+07 2.1546e+07  0.19%  39.4  451s
H17869  6566                    2.150536e+07 2.1546e+07  0.19%  39.4  451s

Cutting planes:
  Gomory: 34
  Cover: 18
  Implied bound: 180
  MIR: 543
  Flow cover: 495
  Relax-and-lift: 201

Explored 17869 nodes (808754 simplex iterations) in 451.70 seconds (524.39 work units)
Thread count was 48 (of 192 available processors)

Solution count 10: 2.15054e+07 2.15054e+07 2.15053e+07 ... 2.1486e+07

Optimal solution found (tolerance 2.00e-03)
Best objective 2.150536347442e+07, best bound 2.154563534310e+07, gap 0.1873%
Deleted nodefile directory: /scratch-local/lbeemster.22619716/gurobi_stress_vol1.0_0.4_price_lt_run0
Saved model snapshot to study_case_model/figures/volatility_stress/07052026/vol1.0_0.4_price_lt/sub0.0/run0/model_snapshot.pkl
  Objective: 21505363.47
  Avg H2 production: 0.0
  Scenario obj std: 1722238.3792510235
  CVaR 5%: 18982739.763877533
  Worst scenario: 18982739.763877533

============================================================
Volatility multiplier: 2.0x
============================================================
Read LP format model from file /scratch-local/lbeemster.22619716/tmpz0u20w54.pyomo.lp
Reading time = 0.87 seconds
x1: 178177 rows, 50626 columns, 1021376 nonzeros
Set parameter OutputFlag to value 1
Set parameter MIPGap to value 0.002
Set parameter Threads to value 48
Set parameter Presolve to value 1
Set parameter Cuts to value 1
Set parameter NodefileStart to value 1
Set parameter NodefileDir to value "/scratch-local/lbeemster.22619716/gurobi_stress_vol2.0_0.4_price_lt_run0"
Set parameter MemLimit to value 60
Gurobi Optimizer version 12.0.3 build v12.0.3rc0 (linux64 - "Red Hat Enterprise Linux 9.6 (Plow)")

CPU model: AMD EPYC 9654 96-Core Processor, instruction set [SSE2|AVX|AVX2|AVX512]
Thread count: 192 physical cores, 192 logical processors, using up to 48 threads

Non-default parameters:
MemLimit  60
MIPGap  0.002
NodefileStart  1
Cuts  1
Presolve  1
Threads  48

Academic license 2514514 - for non-commercial use only - registered to l.___@student.vu.nl
Optimize a model with 178177 rows, 50626 columns and 1021376 nonzeros
Model fingerprint: 0x28838571
Variable types: 40002 continuous, 10624 integer (10624 binary)
Coefficient statistics:
  Matrix range     [1e-06, 1e+05]
  Objective range  [2e+00, 3e+04]
  Bounds range     [1e+00, 1e+00]
  RHS range        [3e-01, 2e+05]
Presolve removed 34049 rows and 14166 columns
Presolve time: 1.75s
Presolved: 144128 rows, 36460 columns, 945973 nonzeros
Variable types: 28012 continuous, 8448 integer (8448 binary)
Found heuristic solution: objective -5.61202e+09

Deterministic concurrent LP optimizer: primal simplex, dual simplex, and barrier
Showing barrier log only...

Root barrier log...

Ordering time: 2.36s

Barrier statistics:
 AA' NZ     : 1.286e+07
 Factor NZ  : 1.434e+07 (roughly 200 MB of memory)
 Factor Ops : 2.150e+09 (less than 1 second per iteration)
 Threads    : 46

                  Objective                Residual
Iter       Primal          Dual         Primal    Dual     Compl     Time
   0  -3.00450429e+12  1.66237879e+14  3.09e+05 3.68e+04  1.75e+10     7s
   1  -1.87893537e+12  1.04802916e+14  1.75e+05 2.84e+05  7.64e+09     7s
   2  -5.45096291e+11  6.97381144e+13  4.78e+04 1.11e+04  2.11e+09     7s
   3  -4.70794450e+10  1.98303241e+13  3.19e+03 1.37e+01  2.01e+08     7s
   4  -1.51811108e+10  5.21363279e+12  4.88e+02 2.02e-07  3.83e+07     7s
   5  -1.00531462e+10  1.41056647e+12  1.04e+02 9.03e-08  9.03e+06     7s
   6  -3.83039073e+09  6.53653155e+11  4.05e+01 4.28e-08  3.87e+06     7s
   7  -1.96458598e+09  4.23654199e+11  2.18e+01 2.40e-08  2.41e+06     7s
   8  -8.50865255e+08  2.11679984e+11  9.28e+00 1.83e-08  1.17e+06     7s
   9  -1.38312732e+08  9.37932304e+10  1.17e+00 8.30e-09  4.75e+05     7s
  10  -1.18203714e+07  2.12990246e+10  1.05e-01 4.42e-09  1.05e+05     7s

Barrier performed 10 iterations in 7.48 seconds (5.51 work units)
Barrier solve interrupted - model solved by another algorithm

Concurrent spin time: 1.91s (can be avoided by choosing Method=3)

Solved with primal simplex

Root relaxation: objective 2.356227e+07, 50632 iterations, 4.44 seconds (2.83 work units)

    Nodes    |    Current Node    |     Objective Bounds      |     Work
 Expl Unexpl |  Obj  Depth IntInf | Incumbent    BestBd   Gap | It/Node Time

     0     0 2.3562e+07    0  417 -5.612e+09 2.3562e+07   100%     -    8s
H    0     0                    -2.26785e+09 2.3562e+07   101%     -    9s
     0     0 2.3505e+07    0  566 -2.268e+09 2.3505e+07   101%     -   13s
     0     0 2.3505e+07    0  591 -2.268e+09 2.3505e+07   101%     -   15s
     0     0 2.3505e+07    0  594 -2.268e+09 2.3505e+07   101%     -   15s
     0     0 2.3470e+07    0  548 -2.268e+09 2.3470e+07   101%     -   17s
     0     0 2.3470e+07    0  569 -2.268e+09 2.3470e+07   101%     -   18s
     0     0 2.3438e+07    0  529 -2.268e+09 2.3438e+07   101%     -   21s
     0     0 2.3438e+07    0  572 -2.268e+09 2.3438e+07   101%     -   22s
     0     0 2.3437e+07    0  584 -2.268e+09 2.3437e+07   101%     -   23s
     0     0 2.3437e+07    0  589 -2.268e+09 2.3437e+07   101%     -   23s
     0     0 2.3408e+07    0  511 -2.268e+09 2.3408e+07   101%     -   26s
H    0     0                    -1.58166e+09 2.3408e+07   101%     -   27s
     0     0 2.3408e+07    0  528 -1.582e+09 2.3408e+07   101%     -   27s
     0     0 2.3408e+07    0  527 -1.582e+09 2.3408e+07   101%     -   27s
     0     0 2.3404e+07    0  494 -1.582e+09 2.3404e+07   101%     -   30s
H    0     0                    -1.32676e+09 2.3404e+07   102%     -   31s
     0     0 2.3404e+07    0  516 -1.327e+09 2.3404e+07   102%     -   31s
     0     0 2.3404e+07    0  520 -1.327e+09 2.3404e+07   102%     -   31s
     0     0 2.3402e+07    0  504 -1.327e+09 2.3402e+07   102%     -   33s
H    0     0                    -1.31205e+09 2.3401e+07   102%     -   35s
     0     0 2.3401e+07    0  511 -1.312e+09 2.3401e+07   102%     -   35s
     0     0 2.3401e+07    0  519 -1.312e+09 2.3401e+07   102%     -   35s
     0     0 2.3396e+07    0  473 -1.312e+09 2.3396e+07   102%     -   38s
     0     0 2.3396e+07    0  486 -1.312e+09 2.3396e+07   102%     -   39s
     0     0 2.3396e+07    0  476 -1.312e+09 2.3396e+07   102%     -   41s
H    0     0                    -1.13244e+09 2.3396e+07   102%     -   42s
     0     0 2.3396e+07    0  490 -1.132e+09 2.3396e+07   102%     -   42s
     0     0 2.3396e+07    0  490 -1.132e+09 2.3396e+07   102%     -   43s
H    0     0                    -1.04992e+09 2.3396e+07   102%     -   44s
     0     0 2.3396e+07    0  495 -1.050e+09 2.3396e+07   102%     -   44s
     0     0 2.3396e+07    0  482 -1.050e+09 2.3396e+07   102%     -   44s
     0     0 2.3396e+07    0  436 -1.050e+09 2.3396e+07   102%     -   50s
H    0     0                    -6.79122e+08 2.3396e+07   103%     -   53s
H    0     0                    -3.99215e+08 2.3396e+07   106%     -   58s
H    0     0                    -3.87608e+08 2.3396e+07   106%     -   60s
H    0     0                    -3.11124e+08 2.3396e+07   108%     -   62s
H    0     0                    -2.62566e+08 2.3396e+07   109%     -   64s
H    0     0                    -2.62529e+08 2.3396e+07   109%     -   66s
H    0     0                    -2.59301e+08 2.3396e+07   109%     -   68s
H    0     0                    -2.12704e+08 2.3396e+07   111%     -   71s
H    0     0                    -2.12704e+08 2.3396e+07   111%     -   72s
H    0     0                    -2.12704e+08 2.3396e+07   111%     -   72s
     0     2 2.3396e+07    0  425 -2.127e+08 2.3396e+07   111%     -   76s
    31    64 2.3395e+07    5  481 -2.127e+08 2.3396e+07   111%   521   80s
H   42    64                    -2.12704e+08 2.3396e+07   111%   407   80s
   563   613 2.3394e+07   13  467 -2.127e+08 2.3396e+07   111%  75.5   85s
  1046  1117 2.3392e+07   19  460 -2.127e+08 2.3396e+07   111%  53.6   90s
H 1177  1201                    -7.61625e+07 2.3396e+07   131%  50.5   91s
  1975  2024 2.3394e+07   30  463 -7.616e+07 2.3396e+07   131%  41.6   97s
  2023  2072 2.3393e+07   30  459 -7.616e+07 2.3396e+07   131%  41.5  108s
  2071  2120 2.3393e+07   31  459 -7.616e+07 2.3396e+07   131%  41.1  114s
H 2119  2168                    -7.61280e+07 2.3396e+07   131%  41.0  124s
H 2121  2168                    -6.48194e+07 2.3396e+07   136%  41.0  124s
H 2151  2168                    -4.40336e+07 2.3396e+07   153%  41.2  124s
H 2153  2168                    -3.88396e+07 2.3396e+07   160%  41.2  124s
  2318  2487 2.3393e+07   33  452 -3.884e+07 2.3396e+07   160%  40.8  125s
  2722  2770 2.3393e+07   44  453 -3.884e+07 2.3396e+07   160%  39.7  130s
H 2810  2841                    -3.82127e+07 2.3396e+07   161%  39.5  131s
H 2832  2841                    -3.46395e+07 2.3396e+07   168%  39.5  131s
Created node file directory '/scratch-local/lbeemster.22619716/gurobi_stress_vol2.0_0.4_price_lt_run0/grbnodes0'
  3467  3684 2.3393e+07   56  459 -3.464e+07 2.3396e+07   168%  37.5  135s
  3934  4091 2.3390e+07   68  450 -3.464e+07 2.3396e+07   168%  36.6  140s
H 3940  4090                    -1.81222e+07 2.3396e+07   229%  36.5  140s
H 3949  4090                    -1.81211e+07 2.3396e+07   229%  36.5  140s
H 3982  4086                    1.509767e+07 2.3396e+07  55.0%  36.5  140s
H 4010  4086                    1.510906e+07 2.3396e+07  54.8%  36.5  140s
  4560  4768 2.3389e+07   81  439 1.5109e+07 2.3396e+07  54.8%  38.2  146s
H 5095  5030                    1.649281e+07 2.3396e+07  41.9%  37.0  147s
  5449  5695 2.3389e+07   93  435 1.6493e+07 2.3396e+07  41.9%  36.3  150s
H 6175  6290                    1.649362e+07 2.3396e+07  41.8%  35.0  154s
H 6325  6290                    1.649584e+07 2.3396e+07  41.8%  34.7  154s
  6391  6715 2.3388e+07  113  424 1.6496e+07 2.3396e+07  41.8%  34.5  155s
  7636  7743 2.3387e+07  129  406 1.6496e+07 2.3396e+07  41.8%  34.4  162s
H 7668  7743                    1.650109e+07 2.3396e+07  41.8%  34.5  162s
H 7674  7743                    1.650130e+07 2.3396e+07  41.8%  34.5  162s
  8230  8595 2.3387e+07  134  406 1.6501e+07 2.3396e+07  41.8%  34.2  165s
  9201  9458 2.3385e+07  155  397 1.6501e+07 2.3396e+07  41.8%  33.1  170s
H 9415  9458                    1.650130e+07 2.3396e+07  41.8%  32.9  170s
H 9454  9458                    1.650354e+07 2.3396e+07  41.8%  32.9  170s
 10069 10164 2.3385e+07  166  395 1.6504e+07 2.3396e+07  41.8%  32.3  175s
H10105 10164                    1.650962e+07 2.3396e+07  41.7%  32.3  175s
 10537 10990 2.3378e+07  174  381 1.6510e+07 2.3396e+07  41.7%  32.0  181s
H10722 10893                    1.866333e+07 2.3396e+07  25.4%  32.1  181s
H10781 10893                    1.988319e+07 2.3396e+07  17.7%  32.0  181s
 11749 11838 2.3373e+07  195  378 1.9883e+07 2.3396e+07  17.7%  31.9  186s
H12357 12328                    1.989932e+07 2.3396e+07  17.6%  31.9  189s
H12435 12328                    1.990290e+07 2.3396e+07  17.5%  31.9  189s
 12832 12457 2.3371e+07  211  369 1.9903e+07 2.3396e+07  17.5%  31.7  193s
H12840 12457                    1.991352e+07 2.3396e+07  17.5%  31.7  193s
H12874 12454                    1.991550e+07 2.3396e+07  17.5%  31.7  193s
H12961 11674                    2.305782e+07 2.3396e+07  1.47%  31.7  197s
H12967 11674                    2.308073e+07 2.3396e+07  1.37%  31.7  197s
H12976 11674                    2.312439e+07 2.3396e+07  1.17%  31.7  197s
H13029 11674                    2.313158e+07 2.3396e+07  1.14%  31.7  197s
 13096 12295 2.3371e+07  221  368 2.3132e+07 2.3396e+07  1.14%  31.7  200s
 14547 13558 2.3350e+07  251  340 2.3132e+07 2.3396e+07  1.14%  31.4  206s
 15134 14333 2.3364e+07  263  343 2.3132e+07 2.3396e+07  1.14%  31.1  210s
 16741 15950 2.3350e+07  287  328 2.3132e+07 2.3396e+07  1.14%  30.8  217s
 17552 16760 2.3342e+07  297  319 2.3132e+07 2.3396e+07  1.14%  30.7  221s
H18372 16760                    2.315780e+07 2.3396e+07  1.03%  30.7  227s
H18372 16760                    2.317847e+07 2.3396e+07  0.94%  30.7  228s
H18372 16758                    2.318545e+07 2.3396e+07  0.91%  30.7  229s
H18372 16753                    2.319036e+07 2.3396e+07  0.89%  30.7  232s
H18372 16753                    2.319053e+07 2.3396e+07  0.89%  30.7  233s
H18372 16752                    2.319202e+07 2.3396e+07  0.88%  30.7  239s
H18372 16750                    2.319549e+07 2.3396e+07  0.86%  30.7  242s
H18372 16750                    2.319565e+07 2.3396e+07  0.86%  30.7  243s
 18373 16743 2.3391e+07   73  436 2.3196e+07 2.3396e+07  0.86%  30.7  258s
H18374 15906                    2.323615e+07 2.3391e+07  0.67%  30.7  371s
H18374 15111                    2.324854e+07 2.3391e+07  0.61%  30.7  371s
H18374 14355                    2.326232e+07 2.3391e+07  0.55%  30.7  371s
H18374 13638                    2.326619e+07 2.3391e+07  0.54%  30.7  371s
H18374 12956                    2.327496e+07 2.3391e+07  0.50%  30.7  371s
H18374 12308                    2.328149e+07 2.3391e+07  0.47%  30.7  371s
H18374 11692                    2.328244e+07 2.3391e+07  0.47%  30.7  371s
H18374 11108                    2.328474e+07 2.3391e+07  0.46%  30.7  371s
 18376 11109 2.3339e+07   82  411 2.3285e+07 2.3339e+07  0.23%  30.6  377s
 18378 11110 2.3339e+07   55  409 2.3285e+07 2.3339e+07  0.23%  30.6  380s
H18386 10560                    2.329801e+07 2.3339e+07  0.17%  30.6  423s
H18386 10032                    2.330137e+07 2.3339e+07  0.16%  30.6  423s
H18386  9530                    2.330209e+07 2.3339e+07  0.16%  30.6  423s
H18386  9053                    2.330252e+07 2.3339e+07  0.15%  30.6  423s
H18386  8600                    2.330324e+07 2.3339e+07  0.15%  30.6  423s

Cutting planes:
  Gomory: 17
  Cover: 35
  Implied bound: 228
  MIR: 594
  Flow cover: 832
  Relax-and-lift: 510

Explored 18386 nodes (684718 simplex iterations) in 423.87 seconds (527.05 work units)
Thread count was 48 (of 192 available processors)

Solution count 10: 2.33032e+07 2.33032e+07 2.33025e+07 ... 2.3275e+07

Optimal solution found (tolerance 2.00e-03)
Warning: max constraint violation (1.1088e-06) exceeds tolerance
Best objective 2.330323859511e+07, best bound 2.333827578597e+07, gap 0.1504%
Deleted nodefile directory: /scratch-local/lbeemster.22619716/gurobi_stress_vol2.0_0.4_price_lt_run0
Saved model snapshot to study_case_model/figures/volatility_stress/07052026/vol2.0_0.4_price_lt/sub0.0/run0/model_snapshot.pkl
  Objective: 23303238.60
  Avg H2 production: 0.016621691867342556
  Scenario obj std: 3591165.8337501893
  CVaR 5%: 17817911.042911317
  Worst scenario: 17817911.04290708

============================================================
Volatility multiplier: 4.0x
============================================================
Read LP format model from file /scratch-local/lbeemster.22619716/tmpnjw1_dqe.pyomo.lp
Reading time = 0.51 seconds
x1: 178177 rows, 50626 columns, 1021376 nonzeros
Set parameter OutputFlag to value 1
Set parameter MIPGap to value 0.002
Set parameter Threads to value 48
Set parameter Presolve to value 1
Set parameter Cuts to value 1
Set parameter NodefileStart to value 1
Set parameter NodefileDir to value "/scratch-local/lbeemster.22619716/gurobi_stress_vol4.0_0.4_price_lt_run0"
Set parameter MemLimit to value 60
Gurobi Optimizer version 12.0.3 build v12.0.3rc0 (linux64 - "Red Hat Enterprise Linux 9.6 (Plow)")

CPU model: AMD EPYC 9654 96-Core Processor, instruction set [SSE2|AVX|AVX2|AVX512]
Thread count: 192 physical cores, 192 logical processors, using up to 48 threads

Non-default parameters:
MemLimit  60
MIPGap  0.002
NodefileStart  1
Cuts  1
Presolve  1
Threads  48

Academic license 2514514 - for non-commercial use only - registered to l.___@student.vu.nl
Optimize a model with 178177 rows, 50626 columns and 1021376 nonzeros
Model fingerprint: 0x065b4541
Variable types: 40002 continuous, 10624 integer (10624 binary)
Coefficient statistics:
  Matrix range     [1e-06, 1e+05]
  Objective range  [2e+00, 3e+04]
  Bounds range     [1e+00, 1e+00]
  RHS range        [3e-01, 2e+05]
Presolve removed 76837 rows and 24958 columns
Presolve time: 1.49s
Presolved: 101340 rows, 25668 columns, 665823 nonzeros
Variable types: 19728 continuous, 5940 integer (5940 binary)
Found heuristic solution: objective -5.60943e+09

Deterministic concurrent LP optimizer: primal simplex, dual simplex, and barrier
Showing barrier log only...

Root barrier log...

Ordering time: 0.35s

Barrier statistics:
 Dense cols : 135
 AA' NZ     : 8.014e+06
 Factor NZ  : 9.374e+06 (roughly 130 MB of memory)
 Factor Ops : 1.189e+09 (less than 1 second per iteration)
 Threads    : 46

                  Objective                Residual
Iter       Primal          Dual         Primal    Dual     Compl     Time
   0  -2.88985158e+12  3.46610914e+14  2.97e+05 1.10e+05  5.05e+10     4s
   1  -1.81217510e+12  2.15352180e+14  1.68e+05 8.53e+05  2.20e+10     4s
   2  -5.19931290e+11  1.34742165e+14  4.52e+04 2.80e+04  6.05e+09     4s
   3  -4.09509568e+10  3.47995953e+13  2.44e+03 8.52e+01  4.83e+08     4s
   4  -1.88408494e+10  8.41588315e+12  5.32e+02 1.99e-06  9.98e+07     4s
   5  -1.25669563e+10  2.36961053e+12  1.14e+02 4.55e-07  2.33e+07     4s
   6  -7.64240733e+09  1.02833238e+12  4.42e+01 1.78e-07  9.27e+06     4s
   7  -2.60346296e+09  6.19900766e+11  2.23e+01 1.07e-07  5.28e+06     4s
   8  -1.30633330e+09  3.14739774e+11  9.98e+00 4.19e-08  2.59e+06     4s
   9  -3.32417638e+08  1.12851814e+11  8.35e-01 1.66e-08  8.18e+05     5s
  10  -2.32719728e+07  3.18772417e+10  4.47e-02 1.26e-08  2.24e+05     5s
  11   6.39720309e+06  3.80489115e+09  6.60e-04 9.34e-09  2.65e+04     5s
  12   8.74001947e+06  1.04951180e+09  1.35e-06 5.22e-09  7.27e+03     5s
  13   9.99884178e+06  5.07311912e+08  7.21e-07 2.54e-09  3.47e+03     5s
  14   1.15767587e+07  3.42246039e+08  4.59e-07 1.64e-09  2.31e+03     5s
  15   1.35480757e+07  3.10336654e+08  2.64e-07 1.44e-09  2.07e+03     5s
  16   1.66768826e+07  1.82676285e+08  1.37e-07 1.86e-09  1.16e+03     5s
  17   1.90647788e+07  1.27895794e+08  9.25e-08 9.31e-10  7.60e+02     5s
  18   2.17078961e+07  8.72615488e+07  4.98e-08 1.86e-09  4.58e+02     5s
  19   2.40806895e+07  7.05842160e+07  2.67e-08 3.45e-09  3.25e+02     5s
  20   2.53581792e+07  5.23817831e+07  1.56e-08 2.42e-09  1.89e+02     5s
  21   2.59039073e+07  4.21798802e+07  1.12e-08 9.31e-10  1.14e+02     5s
  22   2.63603810e+07  3.63073280e+07  8.08e-09 9.31e-10  6.95e+01     5s

Barrier performed 22 iterations in 5.36 seconds (4.99 work units)
Barrier solve interrupted - model solved by another algorithm

Concurrent spin time: 0.48s (can be avoided by choosing Method=3)

Solved with dual simplex

Root relaxation: objective 2.748715e+07, 30497 iterations, 2.73 seconds (2.33 work units)

    Nodes    |    Current Node    |     Objective Bounds      |     Work
 Expl Unexpl |  Obj  Depth IntInf | Incumbent    BestBd   Gap | It/Node Time

     0     0 2.7487e+07    0  292 -5.609e+09 2.7487e+07   100%     -    6s
H    0     0                    -2.20107e+09 2.7487e+07   101%     -    7s
H    0     0                    -2.17211e+09 2.7487e+07   101%     -    8s
H    0     0                    -2.11460e+09 2.7487e+07   101%     -   10s
     0     0 2.7384e+07    0  377 -2.115e+09 2.7384e+07   101%     -   10s
     0     0 2.7384e+07    0  390 -2.115e+09 2.7384e+07   101%     -   11s
     0     0 2.7320e+07    0  351 -2.115e+09 2.7320e+07   101%     -   13s
     0     0 2.7318e+07    0  361 -2.115e+09 2.7318e+07   101%     -   13s
     0     0 2.7318e+07    0  365 -2.115e+09 2.7318e+07   101%     -   14s
     0     0 2.7318e+07    0  365 -2.115e+09 2.7318e+07   101%     -   14s
     0     0 2.7252e+07    0  375 -2.115e+09 2.7252e+07   101%     -   16s
H    0     0                    -2.09655e+09 2.7252e+07   101%     -   16s
     0     0 2.7233e+07    0  378 -2.097e+09 2.7233e+07   101%     -   17s
     0     0 2.7233e+07    0  376 -2.097e+09 2.7233e+07   101%     -   17s
H    0     0                    -1.74986e+09 2.7233e+07   102%     -   17s
H    0     0                    -1.66358e+09 2.7233e+07   102%     -   17s
     0     0 2.7233e+07    0  378 -1.664e+09 2.7233e+07   102%     -   17s
H    0     0                    -1.52853e+09 2.7211e+07   102%     -   19s
     0     0 2.7211e+07    0  371 -1.529e+09 2.7211e+07   102%     -   19s
     0     0 2.7209e+07    0  367 -1.529e+09 2.7209e+07   102%     -   19s
     0     0 2.7209e+07    0  369 -1.529e+09 2.7209e+07   102%     -   19s
     0     0 2.7205e+07    0  332 -1.529e+09 2.7205e+07   102%     -   21s
H    0     0                    -1.42272e+09 2.7205e+07   102%     -   22s
     0     0 2.7205e+07    0  348 -1.423e+09 2.7205e+07   102%     -   22s
     0     0 2.7196e+07    0  350 -1.423e+09 2.7196e+07   102%     -   23s
     0     0 2.7195e+07    0  360 -1.423e+09 2.7195e+07   102%     -   24s
     0     0 2.7195e+07    0  363 -1.423e+09 2.7195e+07   102%     -   25s
H    0     0                    -1.27316e+09 2.7195e+07   102%     -   26s
     0     0 2.7195e+07    0  369 -1.273e+09 2.7195e+07   102%     -   26s
     0     0 2.7195e+07    0  363 -1.273e+09 2.7195e+07   102%     -   27s
     0     0 2.7195e+07    0  367 -1.273e+09 2.7195e+07   102%     -   28s
     0     0 2.7194e+07    0  376 -1.273e+09 2.7194e+07   102%     -   28s
     0     0 2.7194e+07    0  379 -1.273e+09 2.7194e+07   102%     -   29s
     0     0 2.7194e+07    0  353 -1.273e+09 2.7194e+07   102%     -   29s
     0     0 2.7194e+07    0  359 -1.273e+09 2.7194e+07   102%     -   30s
     0     0 2.7194e+07    0  362 -1.273e+09 2.7194e+07   102%     -   30s
     0     0 2.7189e+07    0  361 -1.273e+09 2.7189e+07   102%     -   31s
H    0     0                    -1.27222e+09 2.7189e+07   102%     -   32s
     0     0 2.7189e+07    0  375 -1.272e+09 2.7189e+07   102%     -   32s
     0     0 2.7189e+07    0  348 -1.272e+09 2.7189e+07   102%     -   33s
     0     0 2.7188e+07    0  360 -1.272e+09 2.7188e+07   102%     -   33s
     0     0 2.7188e+07    0  365 -1.272e+09 2.7188e+07   102%     -   33s
     0     0 2.7182e+07    0  352 -1.272e+09 2.7182e+07   102%     -   35s
     0     0 2.7180e+07    0  364 -1.272e+09 2.7180e+07   102%     -   35s
     0     0 2.7180e+07    0  366 -1.272e+09 2.7180e+07   102%     -   35s
     0     0 2.7180e+07    0  368 -1.272e+09 2.7180e+07   102%     -   35s
     0     0 2.7180e+07    0  359 -1.272e+09 2.7180e+07   102%     -   36s
     0     0 2.7180e+07    0  359 -1.272e+09 2.7180e+07   102%     -   36s
     0     0 2.7180e+07    0  358 -1.272e+09 2.7180e+07   102%     -   37s
H    0     0                    -1.26128e+09 2.7180e+07   102%     -   39s
H    0     0                    -1.23461e+09 2.7180e+07   102%     -   39s
     0     0 2.7180e+07    0  366 -1.235e+09 2.7180e+07   102%     -   39s
     0     0 2.7179e+07    0  372 -1.235e+09 2.7179e+07   102%     -   41s
     0     0 2.7178e+07    0  376 -1.235e+09 2.7178e+07   102%     -   42s
     0     0 2.7178e+07    0  374 -1.235e+09 2.7178e+07   102%     -   42s
     0     0 2.7178e+07    0  373 -1.235e+09 2.7178e+07   102%     -   43s
H    0     0                    -1.21830e+09 2.7178e+07   102%     -   44s
     0     0 2.7178e+07    0  374 -1.218e+09 2.7178e+07   102%     -   44s
     0     0 2.7178e+07    0  379 -1.218e+09 2.7178e+07   102%     -   44s
     0     0 2.7178e+07    0  371 -1.218e+09 2.7178e+07   102%     -   48s
H    0     0                    -1.19565e+09 2.7178e+07   102%     -   49s
H    0     0                    -1.03203e+09 2.7178e+07   103%     -   53s
H    0     0                    -1.01113e+09 2.7178e+07   103%     -   54s
H    0     0                    -9.71562e+08 2.7178e+07   103%     -   56s
     0     2 2.7178e+07    0  371 -9.716e+08 2.7178e+07   103%     -   58s
    31    64 2.7171e+07    5  381 -9.716e+08 2.7176e+07   103%   148   60s
H   40    64                    -9.71562e+08 2.7176e+07   103%   128   60s
H  126   347                    -9.68191e+08 2.7176e+07   103%  81.7   63s
   963  1057 2.7169e+07   25  377 -9.682e+08 2.7176e+07   103%  26.7   66s
H 1152  1168                    -9.55581e+08 2.7176e+07   103%  25.1   66s
  1621  1670 2.7166e+07   36  376 -9.556e+08 2.7176e+07   103%  26.1   74s
H 1622  1670                    -8.69729e+08 2.7176e+07   103%  26.1   74s
H 1628  1670                    -7.62043e+08 2.7176e+07   104%  26.1   74s
H 1649  1670                    -7.52561e+08 2.7176e+07   104%  26.0   74s
H 1661  1670                    -7.02787e+08 2.7176e+07   104%  26.1   74s
  1669  1718 2.7164e+07   36  373 -7.028e+08 2.7176e+07   104%  26.0   75s
H 1672  1718                    -6.71151e+08 2.7176e+07   104%  26.1   75s
H 2788  2912                    -6.71151e+08 2.7176e+07   104%  26.6   79s
  3158  3207 2.7154e+07   75  373 -6.712e+08 2.7176e+07   104%  26.6   80s
H 3201  3207                    -6.71151e+08 2.7176e+07   104%  26.8   80s
H 4595  4887                    -6.71147e+08 2.7176e+07   104%  25.4   84s
H 4607  4887                    -6.23123e+08 2.7176e+07   104%  25.4   84s
H 4765  4887                    -5.97021e+08 2.7176e+07   105%  25.4   84s
  4886  5330 2.7144e+07   94  378 -5.970e+08 2.7176e+07   105%  25.3   85s
  7750  8281 2.7125e+07  126  359 -5.970e+08 2.7176e+07   105%  23.8   90s
H 8885  9045                    -5.18842e+08 2.7176e+07   105%  23.5   91s
 12305 13122 2.7097e+07  200  339 -5.188e+08 2.7176e+07   105%  22.6   95s
H13169 13218                    -4.46674e+08 2.7176e+07   106%  22.6  100s
H13170 13218                    -4.40587e+08 2.7176e+07   106%  22.6  100s
H13171 13213                    -4.37960e+08 2.7176e+07   106%  22.6  100s
H13172 12443                    -1.82272e+08 2.7176e+07   115%  22.7  100s
H13175 11422                    -1.21933e+08 2.7176e+07   122%  22.7  100s
H13182 11201                    -1.10765e+08 2.7176e+07   125%  22.7  100s
 15965 15031 2.7088e+07  257  286 -1.108e+08 2.7176e+07   125%  23.7  105s
Created node file directory '/scratch-local/lbeemster.22619716/gurobi_stress_vol4.0_0.4_price_lt_run0/grbnodes0'
H18143 16018                    -1.07194e+08 2.7176e+07   125%  23.1  113s
H18143 16018                    -1.07053e+08 2.7176e+07   125%  23.1  114s
H18143 16018                    -1.07052e+08 2.7176e+07   125%  23.1  114s
H18143 16018                    -1.06460e+08 2.7176e+07   126%  23.1  115s
H18143 16018                    -1.00381e+08 2.7176e+07   127%  23.1  115s
H18143 16018                    -1.00341e+08 2.7176e+07   127%  23.1  115s
H18143 16018                    -1.00311e+08 2.7176e+07   127%  23.1  116s
H18143 16018                    -1.00270e+08 2.7176e+07   127%  23.1  116s
H18143 16018                    -9.73428e+07 2.7176e+07   128%  23.1  117s
H18143 16018                    -9.73058e+07 2.7176e+07   128%  23.1  117s
H18143 15314                    -6.89061e+07 2.7176e+07   139%  23.1  118s
H18143 15314                    -6.72759e+07 2.7176e+07   140%  23.1  118s
H18143 14602                    -4.07723e+07 2.7176e+07   167%  23.1  119s
H18143 14263                    -3.59416e+07 2.7176e+07   176%  23.1  119s
H18143 14263                    -3.57012e+07 2.7176e+07   176%  23.1  120s
H18143 14263                    -3.53045e+07 2.7176e+07   177%  23.1  120s
H18143 14263                    -3.50848e+07 2.7176e+07   177%  23.1  120s
H18143 13220                    -5155616.445 2.7176e+07   627%  23.1  121s
 18144 13173 2.7126e+07   82  371 -5155616.4 2.7176e+07   627%  23.1  132s
H18145 12515                    -5043174.276 2.7176e+07   639%  23.1  198s
H18145 11889                    -5025384.232 2.7176e+07   641%  23.1  198s
H18145 11295                    -5025287.015 2.7176e+07   641%  23.1  198s
H18145 10730                    8327811.8636 2.7176e+07   226%  23.1  198s
H18145 10193                    8388515.0748 2.7176e+07   224%  23.1  198s
H18145  9684                    1.004223e+07 2.7176e+07   171%  23.1  198s
H18145  9199                    1.328295e+07 2.7176e+07   105%  23.1  198s
H18146  8739                    2.655857e+07 2.7176e+07  2.33%  23.1  199s
H18146  8302                    2.658581e+07 2.7176e+07  2.22%  23.1  199s
H18146  7887                    2.672698e+07 2.7176e+07  1.68%  23.1  203s
 18150  7891 2.7140e+07   29  371 2.6727e+07 2.7159e+07  1.62%  25.4  206s
H18151  7497                    2.679146e+07 2.7159e+07  1.37%  25.4  248s
H18151  7122                    2.682608e+07 2.7159e+07  1.24%  25.4  248s
H18151  6766                    2.682772e+07 2.7159e+07  1.23%  25.4  248s
H18151  6428                    2.683341e+07 2.7159e+07  1.21%  25.4  248s
H18151  6106                    2.688963e+07 2.7159e+07  1.00%  25.4  248s
H18151  5801                    2.689521e+07 2.7159e+07  0.98%  25.4  248s
H18151  5511                    2.689891e+07 2.7159e+07  0.97%  25.4  248s
H18151  5235                    2.695051e+07 2.7159e+07  0.77%  25.4  248s
 18153  5236 2.7073e+07   57  308 2.6951e+07 2.7073e+07  0.46%  25.4  252s
 18155  5237 2.6951e+07  195  274 2.6951e+07 2.7073e+07  0.45%  25.4  255s
 18159  5240 2.7061e+07  137  258 2.6951e+07 2.7070e+07  0.44%  25.4  269s
 18160  5241 2.7070e+07   50  235 2.6951e+07 2.7070e+07  0.44%  25.4  270s
H18166  4983                    2.698753e+07 2.7067e+07  0.30%  25.4  315s
H18166  4733                    2.700419e+07 2.7067e+07  0.23%  25.4  315s
H18166  4496                    2.701071e+07 2.7067e+07  0.21%  25.4  315s
H18170  4273                    2.701520e+07 2.7067e+07  0.19%  25.4  328s
H18170  4059                    2.701524e+07 2.7067e+07  0.19%  25.4  328s

Cutting planes:
  Learned: 1
  Gomory: 21
  Cover: 12
  Implied bound: 167
  MIR: 414
  Flow cover: 533
  RLT: 5
  Relax-and-lift: 290

Explored 18170 nodes (552282 simplex iterations) in 328.97 seconds (367.83 work units)
Thread count was 48 (of 192 available processors)

Solution count 10: 2.70152e+07 2.70152e+07 2.70107e+07 ... 2.68334e+07

Optimal solution found (tolerance 2.00e-03)
Best objective 2.701523853149e+07, best bound 2.706699824007e+07, gap 0.1916%
Deleted nodefile directory: /scratch-local/lbeemster.22619716/gurobi_stress_vol4.0_0.4_price_lt_run0
Saved model snapshot to study_case_model/figures/volatility_stress/07052026/vol4.0_0.4_price_lt/sub0.0/run0/model_snapshot.pkl
  Objective: 27015238.53
  Avg H2 production: 0.01894440757755234
  Scenario obj std: 7288610.869830359
  CVaR 5%: 15850873.991988124
  Worst scenario: 15850873.99198776

============================================================
Volatility multiplier: 8.0x
============================================================
Read LP format model from file /scratch-local/lbeemster.22619716/tmpmmy9vxcg.pyomo.lp
Reading time = 0.66 seconds
x1: 178177 rows, 50626 columns, 1021376 nonzeros
Set parameter OutputFlag to value 1
Set parameter MIPGap to value 0.002
Set parameter Threads to value 48
Set parameter Presolve to value 1
Set parameter Cuts to value 1
Set parameter NodefileStart to value 1
Set parameter NodefileDir to value "/scratch-local/lbeemster.22619716/gurobi_stress_vol8.0_0.4_price_lt_run0"
Set parameter MemLimit to value 60
Gurobi Optimizer version 12.0.3 build v12.0.3rc0 (linux64 - "Red Hat Enterprise Linux 9.6 (Plow)")

CPU model: AMD EPYC 9654 96-Core Processor, instruction set [SSE2|AVX|AVX2|AVX512]
Thread count: 192 physical cores, 192 logical processors, using up to 48 threads

Non-default parameters:
MemLimit  60
MIPGap  0.002
NodefileStart  1
Cuts  1
Presolve  1
Threads  48

Academic license 2514514 - for non-commercial use only - registered to l.___@student.vu.nl
Optimize a model with 178177 rows, 50626 columns and 1021376 nonzeros
Model fingerprint: 0x92b76d7e
Variable types: 40002 continuous, 10624 integer (10624 binary)
Coefficient statistics:
  Matrix range     [1e-06, 1e+05]
  Objective range  [2e+00, 3e+04]
  Bounds range     [1e+00, 1e+00]
  RHS range        [3e-01, 2e+05]
Presolve removed 85845 rows and 27230 columns
Presolve time: 1.44s
Presolved: 92332 rows, 23396 columns, 606571 nonzeros
Variable types: 17984 continuous, 5412 integer (5412 binary)
Found heuristic solution: objective -5.60283e+09

Deterministic concurrent LP optimizer: primal simplex, dual simplex, and barrier
Showing barrier log only...

Root barrier log...

Ordering time: 0.31s

Barrier statistics:
 Dense cols : 123
 AA' NZ     : 7.301e+06
 Factor NZ  : 8.552e+06 (roughly 120 MB of memory)
 Factor Ops : 1.086e+09 (less than 1 second per iteration)
 Threads    : 46

                  Objective                Residual
Iter       Primal          Dual         Primal    Dual     Compl     Time
   0  -2.88977758e+12  3.15803331e+14  2.97e+05 1.10e+05  5.05e+10     4s
   1  -1.81106310e+12  1.96208926e+14  1.68e+05 8.53e+05  2.20e+10     4s
   2  -5.19704898e+11  1.22765841e+14  4.52e+04 2.80e+04  6.06e+09     4s
   3  -4.06671118e+10  3.17065362e+13  2.44e+03 8.54e+01  4.83e+08     4s
   4  -1.84131700e+10  7.66748777e+12  5.32e+02 2.68e-06  9.98e+07     4s
   5  -1.20587409e+10  2.39243628e+12  1.11e+02 6.42e-07  2.51e+07     4s
   6  -7.19871971e+09  1.04829681e+12  4.20e+01 2.50e-07  1.01e+07     4s
   7  -3.26232213e+09  6.06015727e+11  2.34e+01 1.35e-07  5.67e+06     4s
   8  -2.43263312e+09  3.33262289e+11  1.03e+01 7.02e-08  2.98e+06     4s
   9  -6.36096502e+08  1.06420095e+11  1.98e+00 2.35e-08  8.86e+05     4s
  10  -3.19012035e+07  3.51447567e+10  8.08e-02 1.26e-07  2.71e+05     4s
  11   8.71078987e+06  4.67781289e+09  1.12e-03 1.89e-08  3.58e+04     4s
  12   1.17355291e+07  1.72041428e+09  4.66e-06 6.58e-09  1.31e+04     4s
  13   1.32619030e+07  9.57393169e+08  2.77e-06 3.56e-09  7.24e+03     4s
  14   1.62986995e+07  5.24562409e+08  1.32e-06 1.86e-09  3.90e+03     4s

Barrier performed 14 iterations in 4.42 seconds (4.09 work units)
Barrier solve interrupted - model solved by another algorithm

Concurrent spin time: 0.52s (can be avoided by choosing Method=3)

Solved with primal simplex

Root relaxation: objective 3.562690e+07, 31773 iterations, 2.02 seconds (1.63 work units)
Total elapsed time = 5.21s (DegenMoves)

    Nodes    |    Current Node    |     Objective Bounds      |     Work
 Expl Unexpl |  Obj  Depth IntInf | Incumbent    BestBd   Gap | It/Node Time

     0     0 3.5627e+07    0  244 -5.603e+09 3.5627e+07   101%     -    5s
H    0     0                    -1.83434e+09 3.5627e+07   102%     -    6s
H    0     0                    -1.80272e+09 3.5627e+07   102%     -    6s
     0     0 3.5497e+07    0  353 -1.803e+09 3.5497e+07   102%     -    8s
     0     0 3.5497e+07    0  377 -1.803e+09 3.5497e+07   102%     -    8s
     0     0 3.5331e+07    0  397 -1.803e+09 3.5331e+07   102%     -   10s
     0     0 3.5327e+07    0  404 -1.803e+09 3.5327e+07   102%     -   11s
     0     0 3.5327e+07    0  410 -1.803e+09 3.5327e+07   102%     -   12s
     0     0 3.5238e+07    0  360 -1.803e+09 3.5238e+07   102%     -   14s
     0     0 3.5230e+07    0  377 -1.803e+09 3.5230e+07   102%     -   15s
     0     0 3.5226e+07    0  383 -1.803e+09 3.5226e+07   102%     -   16s
     0     0 3.5225e+07    0  390 -1.803e+09 3.5225e+07   102%     -   16s
     0     0 3.5225e+07    0  389 -1.803e+09 3.5225e+07   102%     -   16s
     0     0 3.5204e+07    0  392 -1.803e+09 3.5204e+07   102%     -   18s
H    0     0                    -1.67531e+09 3.5202e+07   102%     -   21s
     0     0 3.5202e+07    0  390 -1.675e+09 3.5202e+07   102%     -   21s
     0     0 3.5202e+07    0  390 -1.675e+09 3.5202e+07   102%     -   21s
     0     0 3.5202e+07    0  397 -1.675e+09 3.5202e+07   102%     -   22s
     0     0 3.5202e+07    0  397 -1.675e+09 3.5202e+07   102%     -   22s
H    0     0                    -1.57557e+09 3.5202e+07   102%     -   23s
     0     0 3.5192e+07    0  354 -1.576e+09 3.5192e+07   102%     -   23s
     0     0 3.5189e+07    0  377 -1.576e+09 3.5189e+07   102%     -   25s
     0     0 3.5188e+07    0  385 -1.576e+09 3.5188e+07   102%     -   25s
     0     0 3.5188e+07    0  385 -1.576e+09 3.5188e+07   102%     -   25s
     0     0 3.5166e+07    0  364 -1.576e+09 3.5166e+07   102%     -   27s
     0     0 3.5165e+07    0  372 -1.576e+09 3.5165e+07   102%     -   27s
     0     0 3.5164e+07    0  345 -1.576e+09 3.5164e+07   102%     -   28s
H    0     0                    -1.07007e+09 3.5164e+07   103%     -   29s
     0     0 3.5164e+07    0  344 -1.070e+09 3.5164e+07   103%     -   29s
     0     0 3.5164e+07    0  351 -1.070e+09 3.5164e+07   103%     -   29s
     0     0 3.5163e+07    0  353 -1.070e+09 3.5163e+07   103%     -   31s
     0     0 3.5163e+07    0  358 -1.070e+09 3.5163e+07   103%     -   31s
     0     0 3.5160e+07    0  357 -1.070e+09 3.5160e+07   103%     -   32s
     0     0 3.5160e+07    0  364 -1.070e+09 3.5160e+07   103%     -   33s
     0     0 3.5160e+07    0  372 -1.070e+09 3.5160e+07   103%     -   33s
     0     0 3.5160e+07    0  357 -1.070e+09 3.5160e+07   103%     -   33s
     0     0 3.5159e+07    0  362 -1.070e+09 3.5159e+07   103%     -   34s
     0     0 3.5159e+07    0  363 -1.070e+09 3.5159e+07   103%     -   34s
     0     0 3.5154e+07    0  359 -1.070e+09 3.5154e+07   103%     -   35s
     0     0 3.5154e+07    0  364 -1.070e+09 3.5154e+07   103%     -   36s
     0     0 3.5154e+07    0  367 -1.070e+09 3.5154e+07   103%     -   36s
     0     0 3.5153e+07    0  348 -1.070e+09 3.5153e+07   103%     -   36s
     0     0 3.5153e+07    0  348 -1.070e+09 3.5153e+07   103%     -   37s
     0     0 3.5150e+07    0  357 -1.070e+09 3.5150e+07   103%     -   38s
H    0     0                    -1.04373e+09 3.5150e+07   103%     -   39s
     0     0 3.5150e+07    0  364 -1.044e+09 3.5150e+07   103%     -   39s
     0     0 3.5150e+07    0  358 -1.044e+09 3.5150e+07   103%     -   39s
     0     0 3.5150e+07    0  357 -1.044e+09 3.5150e+07   103%     -   39s
     0     0 3.5150e+07    0  365 -1.044e+09 3.5150e+07   103%     -   40s
     0     0 3.5150e+07    0  352 -1.044e+09 3.5150e+07   103%     -   44s
H    0     0                    -8.06495e+08 3.5150e+07   104%     -   45s
H    0     2                    -6.46074e+08 3.5150e+07   105%     -   52s
     0     2 3.5150e+07    0  346 -6.461e+08 3.5150e+07   105%     -   52s
    31    64 3.5149e+07    5  363 -6.461e+08 3.5150e+07   105%   156   55s
H   64   112                    -5.49666e+08 3.5149e+07   106%   124   56s
H   66   112                    -4.98311e+08 3.5149e+07   107%   121   56s
   692   741 3.5148e+07   17  357 -4.983e+08 3.5149e+07   107%  69.4   60s
H  742   792                    -4.10527e+08 3.5149e+07   109%  67.7   64s
  1000  1049 3.5147e+07   21  351 -4.105e+08 3.5149e+07   109%  66.3   66s
H 1024  1049                    -4.08660e+08 3.5149e+07   109%  66.6   66s
H 1029  1049                    -4.02872e+08 3.5149e+07   109%  66.3   66s
H 1222  1226                    -3.99512e+08 3.5149e+07   109%  66.3   67s
  1828  1877 3.5110e+07   35  336 -3.995e+08 3.5149e+07   109%  57.6   70s
H 1835  1877                    -3.99512e+08 3.5149e+07   109%  57.4   70s
H 2855  2904                    -3.99512e+08 3.5149e+07   109%  55.7   75s
H 2865  2904                    -3.99512e+08 3.5149e+07   109%  55.9   75s
  4027  4085 3.5033e+07   81  299 -3.995e+08 3.5149e+07   109%  50.5   80s
H 4044  4085                    -3.99512e+08 3.5149e+07   109%  50.4   80s
H 4083  4085                    -3.99512e+08 3.5149e+07   109%  50.3   80s
H 4488  4605                    -3.99512e+08 3.5149e+07   109%  48.4   81s
H 5432  5583                    -3.99508e+08 3.5149e+07   109%  44.9   84s
  5582  5926 3.5023e+07  104  290 -3.995e+08 3.5149e+07   109%  44.3   85s
  6319  6368 3.5022e+07  115  261 -3.995e+08 3.5149e+07   109%  42.8   92s
H 6320  6368                    -3.94266e+08 3.5149e+07   109%  42.8   92s
H 6347  6368                    -3.92903e+08 3.5149e+07   109%  42.7   92s
H 6351  6368                    -3.92559e+08 3.5149e+07   109%  42.7   92s
H 6362  6368                    -3.76086e+08 3.5149e+07   109%  42.7   92s
H 6425  6526                    -3.42966e+08 3.5149e+07   110%  42.5   94s
H 6443  6526                    -3.42931e+08 3.5149e+07   110%  42.5   94s
H 6467  6510                    -3.02504e+08 3.5149e+07   112%  42.6   94s
  6532  6913 3.5022e+07  117  260 -3.025e+08 3.5149e+07   112%  42.4   95s
H 8109  8106                    -2.58576e+08 3.5149e+07   114%  39.4  102s
  8157  8325 3.5017e+07  145  258 -2.586e+08 3.5149e+07   114%  39.3  106s
H 8184  8312                    -2.22124e+08 3.5149e+07   116%  39.2  106s
H 8199  8249                    -1.90621e+08 3.5149e+07   118%  39.2  106s
H 8254  8249                    -1.89543e+08 3.5149e+07   119%  39.2  106s
H 8269  8228                    -1.77730e+08 3.5149e+07   120%  39.2  106s
H 8350  8149                    -1.65117e+08 3.5149e+07   121%  39.1  106s
H 8357  8149                    -1.64819e+08 3.5149e+07   121%  39.2  106s
  9533  9770 3.5014e+07  176  228 -1.648e+08 3.5149e+07   121%  37.7  110s
 11944 12316 3.5014e+07  209  227 -1.648e+08 3.5149e+07   121%  35.0  116s
H12632 12023                    -1.33224e+08 3.5149e+07   126%  34.3  118s
 13614 13347 3.5006e+07  236  219 -1.332e+08 3.5149e+07   126%  33.7  121s
H14999 13644                    -1.05583e+08 3.5149e+07   133%  32.6  129s
H15002 13644                    -1.05519e+08 3.5149e+07   133%  32.6  129s
H15004 13644                    -1.05488e+08 3.5149e+07   133%  32.6  129s
H15008 13644                    -1.05227e+08 3.5149e+07   133%  32.6  129s
H15014 13644                    -1.02401e+08 3.5149e+07   134%  32.6  129s
 15047 14437 3.4818e+07  261  210 -1.024e+08 3.5149e+07   134%  32.6  131s
 16833 15701 3.4658e+07  288  213 -1.024e+08 3.5149e+07   134%  31.7  135s
H16835 15701                    -1.02388e+08 3.5149e+07   134%  31.6  135s
H16885 15701                    -1.02386e+08 3.5149e+07   134%  31.6  135s
H16949 14722                    -7.25416e+07 3.5149e+07   148%  31.6  135s
H17021 14630                    -5.56597e+07 3.5149e+07   163%  31.6  135s
H18178 15521                    -5.56597e+07 3.5149e+07   163%  31.1  143s
H18178 15521                    -5.56120e+07 3.5149e+07   163%  31.1  144s
H18178 15521                    -5.55813e+07 3.5149e+07   163%  31.1  147s
H18178 14525                    -2.56323e+07 3.5149e+07   237%  31.1  148s
H18178 11309                    3.383385e+07 3.5149e+07  3.89%  31.1  150s
 18179 11232 3.4656e+07  285  352 3.3834e+07 3.5149e+07  3.89%  31.1  160s
H18180 10671                    3.450522e+07 3.5149e+07  1.87%  31.1  211s
H18180 10137                    3.461749e+07 3.5149e+07  1.54%  31.1  211s
H18180  9630                    3.461893e+07 3.5149e+07  1.53%  31.1  211s
H18180  9149                    3.471060e+07 3.5149e+07  1.26%  31.1  211s
H18180  8691                    3.471399e+07 3.5149e+07  1.25%  31.1  211s
H18180  8257                    3.471987e+07 3.5149e+07  1.24%  31.1  211s
H18180  7844                    3.472471e+07 3.5149e+07  1.22%  31.1  211s
H18180  7452                    3.473017e+07 3.4925e+07  0.56%  31.1  223s
 18182  7453 3.4733e+07   47  292 3.4730e+07 3.4925e+07  0.56%  31.1  226s
H18182  7080                    3.473999e+07 3.4921e+07  0.52%  31.1  226s
H18188  6730                    3.475439e+07 3.4916e+07  0.47%  31.1  269s
H18188  6393                    3.476766e+07 3.4916e+07  0.43%  31.1  269s
H18188  6073                    3.477532e+07 3.4916e+07  0.40%  31.1  269s
 18190  6074 3.4900e+07   66  208 3.4775e+07 3.4900e+07  0.36%  31.1  270s
H18192  5772                    3.478170e+07 3.4900e+07  0.34%  31.1  318s
H18196  5485                    3.478247e+07 3.4897e+07  0.33%  31.1  363s
H18199  5212                    3.478617e+07 3.4897e+07  0.32%  31.1  401s
H18203  4954                    3.479017e+07 3.4897e+07  0.31%  31.0  448s
H18203  4706                    3.479426e+07 3.4897e+07  0.29%  31.0  448s
H18203  4470                    3.479806e+07 3.4897e+07  0.28%  31.0  448s
 18205  4471 3.4897e+07   20  167 3.4798e+07 3.4897e+07  0.28%  31.0  450s
H18206  4248                    3.479860e+07 3.4897e+07  0.28%  31.0  501s
 18209  4250 3.4897e+07  217  170 3.4799e+07 3.4897e+07  0.28%  31.0  558s
 18210  4251 3.4897e+07   84  166 3.4799e+07 3.4897e+07  0.28%  31.0  561s
 18211  4251 3.4799e+07  292  168 3.4799e+07 3.4897e+07  0.28%  31.0  610s
 18213  4253 3.4897e+07   46  169 3.4799e+07 3.4897e+07  0.28%  31.0  665s
 18218  4256 3.4897e+07   76  169 3.4799e+07 3.4897e+07  0.28%  31.0  720s
 18222  4259 3.4799e+07  259  162 3.4799e+07 3.4897e+07  0.28%  31.0  775s
 18223  4259 3.4897e+07   62  164 3.4799e+07 3.4897e+07  0.28%  31.0  780s
 18224  4260 3.4897e+07   57  165 3.4799e+07 3.4897e+07  0.28%  31.0  841s
 18227  4262 3.4897e+07  187  167 3.4799e+07 3.4897e+07  0.28%  31.0  896s
 18228  4263 3.4799e+07  264  167 3.4799e+07 3.4897e+07  0.28%  31.0  949s
 18229  4263 3.4897e+07   45  167 3.4799e+07 3.4897e+07  0.28%  31.0  950s
H18229  4049                    3.479954e+07 3.4897e+07  0.28%  31.0 1002s
 18231  4051 3.4800e+07  259  162 3.4800e+07 3.4897e+07  0.28%  31.0 1005s
 18233  4052 3.4896e+07  100  168 3.4800e+07 3.4897e+07  0.28%  31.0 1040s
 18235  4053 3.4897e+07   40  168 3.4800e+07 3.4897e+07  0.28%  31.0 1083s
 18236  4054 3.4897e+07   25  167 3.4800e+07 3.4897e+07  0.28%  31.0 1095s
 18238  4055 3.4897e+07  138  165 3.4800e+07 3.4897e+07  0.28%  31.0 1146s
 18241  4057 3.4897e+07   93  168 3.4800e+07 3.4897e+07  0.28%  31.0 1198s
 18242  4058 3.4897e+07  128  165 3.4800e+07 3.4897e+07  0.28%  31.0 1210s
 18243  4059 3.4800e+07  187  165 3.4800e+07 3.4897e+07  0.28%  31.0 1248s
 18246  4062 3.4897e+07  210  352 3.4800e+07 3.4897e+07  0.28%  32.9 1250s
 18248  4063 3.4897e+07  154  198 3.4800e+07 3.4897e+07  0.28%  32.9 1281s
 18250  4065 3.4831e+07  264  256 3.4800e+07 3.4876e+07  0.22%  32.9 1285s

Cutting planes:
  Learned: 1
  Gomory: 28
  Cover: 3
  Implied bound: 108
  MIR: 431
  Flow cover: 644
  GUB cover: 3
  RLT: 1
  Relax-and-lift: 342
  BQP: 2

Explored 18255 nodes (685417 simplex iterations) in 1287.24 seconds (1640.34 work units)
Thread count was 48 (of 192 available processors)

Solution count 10: 3.47995e+07 3.47995e+07 3.47986e+07 ... 3.47753e+07

Optimal solution found (tolerance 2.00e-03)
Warning: max constraint violation (2.2740e-06) exceeds tolerance
Best objective 3.479953566425e+07, best bound 3.486378365538e+07, gap 0.1846%
Deleted nodefile directory: /scratch-local/lbeemster.22619716/gurobi_stress_vol8.0_0.4_price_lt_run0
Saved model snapshot to study_case_model/figures/volatility_stress/07052026/vol8.0_0.4_price_lt/sub0.0/run0/model_snapshot.pkl
  Objective: 34799535.66
  Avg H2 production: 0.10178329153179477
  Scenario obj std: 14502349.88196883
  CVaR 5%: 12854722.164640466
  Worst scenario: 12854722.164640466

============================================================
Volatility multiplier: 16.0x
============================================================
Read LP format model from file /scratch-local/lbeemster.22619716/tmpdc5oi4p2.pyomo.lp
Reading time = 0.76 seconds
x1: 178177 rows, 50626 columns, 1021376 nonzeros
Set parameter OutputFlag to value 1
Set parameter MIPGap to value 0.002
Set parameter Threads to value 48
Set parameter Presolve to value 1
Set parameter Cuts to value 1
Set parameter NodefileStart to value 1
Set parameter NodefileDir to value "/scratch-local/lbeemster.22619716/gurobi_stress_vol16.0_0.4_price_lt_run0"
Set parameter MemLimit to value 60
Gurobi Optimizer version 12.0.3 build v12.0.3rc0 (linux64 - "Red Hat Enterprise Linux 9.6 (Plow)")

CPU model: AMD EPYC 9654 96-Core Processor, instruction set [SSE2|AVX|AVX2|AVX512]
Thread count: 192 physical cores, 192 logical processors, using up to 48 threads

Non-default parameters:
MemLimit  60
MIPGap  0.002
NodefileStart  1
Cuts  1
Presolve  1
Threads  48

Academic license 2514514 - for non-commercial use only - registered to l.___@student.vu.nl
Optimize a model with 178177 rows, 50626 columns and 1021376 nonzeros
Model fingerprint: 0x13725b9f
Variable types: 40002 continuous, 10624 integer (10624 binary)
Coefficient statistics:
  Matrix range     [1e-06, 1e+05]
  Objective range  [2e+00, 3e+04]
  Bounds range     [1e+00, 1e+00]
  RHS range        [3e-01, 2e+05]
Presolve removed 34049 rows and 14166 columns
Presolve time: 1.73s
Presolved: 144128 rows, 36460 columns, 945973 nonzeros
Variable types: 28012 continuous, 8448 integer (8448 binary)
Found heuristic solution: objective -5.58855e+09

Deterministic concurrent LP optimizer: primal simplex, dual simplex, and barrier
Showing barrier log only...

Root barrier log...

Ordering time: 2.22s

Barrier statistics:
 AA' NZ     : 1.286e+07
 Factor NZ  : 1.434e+07 (roughly 200 MB of memory)
 Factor Ops : 2.147e+09 (less than 1 second per iteration)
 Threads    : 46

                  Objective                Residual
Iter       Primal          Dual         Primal    Dual     Compl     Time
   0  -3.00436740e+12  1.66238324e+14  3.09e+05 3.68e+04  1.75e+10     7s
   1  -1.87885979e+12  1.04803206e+14  1.75e+05 2.84e+05  7.64e+09     7s
   2  -5.45072557e+11  6.97383055e+13  4.78e+04 1.11e+04  2.11e+09     7s
   3  -4.70752479e+10  1.98304208e+13  3.19e+03 1.37e+01  2.01e+08     7s
   4  -1.51782861e+10  5.21367807e+12  4.88e+02 4.30e-07  3.83e+07     7s
   5  -1.00497282e+10  1.41060741e+12  1.04e+02 1.03e-07  9.03e+06     7s
   6  -3.82647472e+09  6.53729388e+11  4.05e+01 5.54e-08  3.87e+06     7s
   7  -1.96018567e+09  4.23706655e+11  2.18e+01 3.82e-08  2.41e+06     7s
   8  -8.47387767e+08  2.11608281e+11  9.28e+00 5.38e-08  1.17e+06     7s
   9  -1.34666736e+08  9.37799635e+10  1.17e+00 7.83e-09  4.75e+05     7s
  10  -7.30631403e+06  2.11910112e+10  1.04e-01 3.89e-08  1.05e+05     7s
  11   8.26802301e+06  9.63258395e+09  1.61e-02 1.28e-08  4.74e+04     7s
  12   1.30230854e+07  2.12345236e+09  9.07e-05 1.72e-09  1.04e+04     7s
  13   1.61047512e+07  1.24915370e+09  4.76e-05 1.11e-09  6.06e+03     7s
  14   2.08890880e+07  7.29631393e+08  1.14e-05 1.00e-09  3.48e+03     7s
  15   2.57363736e+07  4.65182547e+08  7.87e-06 1.16e-09  2.16e+03     7s
  16   3.35628607e+07  3.54043480e+08  3.51e-06 6.98e-10  1.57e+03     8s
  17   4.05102547e+07  1.94632399e+08  2.28e-06 6.98e-10  7.57e+02     8s
  18   4.53766933e+07  1.42225038e+08  1.39e-06 4.66e-10  4.76e+02     8s
  19   4.73192076e+07  1.09453292e+08  1.00e-06 4.66e-10  3.05e+02     8s
  20   4.88254830e+07  9.26304661e+07  7.17e-07 4.66e-10  2.15e+02     8s
  21   5.01600842e+07  8.49473116e+07  4.99e-07 4.66e-10  1.71e+02     8s

Barrier performed 21 iterations in 7.84 seconds (6.49 work units)
Barrier solve interrupted - model solved by another algorithm

Concurrent spin time: 1.30s (can be avoided by choosing Method=3)

Solved with dual simplex

Root relaxation: objective 5.294964e+07, 46957 iterations, 4.95 seconds (3.80 work units)

    Nodes    |    Current Node    |     Objective Bounds      |     Work
 Expl Unexpl |  Obj  Depth IntInf | Incumbent    BestBd   Gap | It/Node Time

     0     0 5.2950e+07    0  392 -5.589e+09 5.2950e+07   101%     -    9s
H    0     0                    -1.61570e+09 5.2950e+07   103%     -   10s
     0     0 5.2735e+07    0  573 -1.616e+09 5.2735e+07   103%     -   14s
     0     0 5.2735e+07    0  616 -1.616e+09 5.2735e+07   103%     -   15s
     0     0 5.2735e+07    0  616 -1.616e+09 5.2735e+07   103%     -   15s
     0     0 5.2735e+07    0  616 -1.616e+09 5.2735e+07   103%     -   15s
     0     0 5.2480e+07    0  582 -1.616e+09 5.2480e+07   103%     -   17s
     0     0 5.2480e+07    0  618 -1.616e+09 5.2480e+07   103%     -   18s
     0     0 5.2480e+07    0  629 -1.616e+09 5.2480e+07   103%     -   18s
     0     0 5.2322e+07    0  601 -1.616e+09 5.2322e+07   103%     -   21s
     0     0 5.2319e+07    0  634 -1.616e+09 5.2319e+07   103%     -   23s
     0     0 5.2319e+07    0  652 -1.616e+09 5.2319e+07   103%     -   24s
     0     0 5.2319e+07    0  674 -1.616e+09 5.2319e+07   103%     -   24s
     0     0 5.2251e+07    0  573 -1.616e+09 5.2251e+07   103%     -   27s
     0     0 5.2244e+07    0  608 -1.616e+09 5.2244e+07   103%     -   29s
     0     0 5.2243e+07    0  615 -1.616e+09 5.2243e+07   103%     -   29s
     0     0 5.2242e+07    0  631 -1.616e+09 5.2242e+07   103%     -   29s
     0     0 5.2242e+07    0  631 -1.616e+09 5.2242e+07   103%     -   29s
     0     0 5.2242e+07    0  637 -1.616e+09 5.2242e+07   103%     -   30s
     0     0 5.2194e+07    0  483 -1.616e+09 5.2194e+07   103%     -   33s
     0     0 5.2194e+07    0  501 -1.616e+09 5.2194e+07   103%     -   34s
     0     0 5.2194e+07    0  502 -1.616e+09 5.2194e+07   103%     -   34s
     0     0 5.2186e+07    0  474 -1.616e+09 5.2186e+07   103%     -   37s
     0     0 5.2186e+07    0  476 -1.616e+09 5.2186e+07   103%     -   37s
     0     0 5.2182e+07    0  474 -1.616e+09 5.2182e+07   103%     -   39s
H    0     0                    -1.21616e+09 5.2182e+07   104%     -   40s
     0     0 5.2182e+07    0  475 -1.216e+09 5.2182e+07   104%     -   41s
     0     0 5.2182e+07    0  480 -1.216e+09 5.2182e+07   104%     -   41s
     0     0 5.2177e+07    0  457 -1.216e+09 5.2177e+07   104%     -   43s
H    0     0                    -1.01220e+09 5.2177e+07   105%     -   44s
     0     0 5.2177e+07    0  487 -1.012e+09 5.2177e+07   105%     -   45s
     0     0 5.2177e+07    0  489 -1.012e+09 5.2177e+07   105%     -   45s
     0     0 5.2177e+07    0  485 -1.012e+09 5.2177e+07   105%     -   45s
     0     0 5.2177e+07    0  482 -1.012e+09 5.2177e+07   105%     -   47s
     0     0 5.2176e+07    0  460 -1.012e+09 5.2176e+07   105%     -   49s
     0     0 5.2176e+07    0  460 -1.012e+09 5.2176e+07   105%     -   53s
H    0     0                    -8.88612e+08 5.2176e+07   106%     -   57s
H    0     0                    -3.87747e+08 5.2176e+07   113%     -   63s
H    0     0                    -3.70500e+08 5.2176e+07   114%     -   74s
H    0     0                    -3.56852e+08 5.2176e+07   115%     -   78s
H    0     2                    -3.56829e+08 5.2176e+07   115%     -   84s
     0     2 5.2176e+07    0  460 -3.568e+08 5.2176e+07   115%     -   84s
     7    16 5.2130e+07    3  461 -3.568e+08 5.2145e+07   115%   627   85s
   111   278 5.2096e+07    7  459 -3.568e+08 5.2096e+07   115%   270   90s
   633   727 5.2061e+07   18  467 -3.568e+08 5.2096e+07   115%  73.1   96s
  1370  1471 5.2054e+07   31  463 -3.568e+08 5.2096e+07   115%  52.0  100s
H 1519  1578                    -3.13658e+08 5.2096e+07   117%  49.8  102s
H 1537  1578                    -3.10245e+08 5.2096e+07   117%  49.5  102s
  1819  1868 5.2040e+07   38  455 -3.102e+08 5.2096e+07   117%  47.3  106s
H 1838  1868                    -3.10245e+08 5.2096e+07   117%  47.2  106s
  2264  2404 5.2040e+07   46  435 -3.102e+08 5.2096e+07   117%  45.7  110s
Created node file directory '/scratch-local/lbeemster.22619716/gurobi_stress_vol16.0_0.4_price_lt_run0/grbnodes0'
  2957  3048 5.2028e+07   52  417 -3.102e+08 5.2096e+07   117%  46.1  116s
H 3038  3048                    -2.35925e+08 5.2096e+07   122%  46.2  116s
  3428  3477 5.2013e+07   59  402 -2.359e+08 5.2096e+07   122%  47.7  121s
H 3476  3525                    -2.02376e+08 5.2096e+07   126%  48.0  128s
H 3477  3525                    -1.62420e+08 5.2096e+07   132%  48.0  128s
H 3478  3525                    -1.17356e+08 5.2096e+07   144%  48.0  128s
H 3483  3525                    -6.43517e+07 5.2096e+07   181%  48.1  128s
  3524  3571 5.2013e+07   60  400 -6.435e+07 5.2096e+07   181%  47.9  130s
  3572  3781 5.2013e+07   61  391 -6.435e+07 5.2096e+07   181%  48.2  140s
H 3581  3781                    -6.43517e+07 5.2096e+07   181%  48.2  140s
  4227  4462 5.2003e+07   73  358 -6.435e+07 5.2096e+07   181%  49.3  145s
  4620  4662 5.1999e+07   77  345 -6.435e+07 5.2096e+07   181%  50.5  151s
  4669  4710 5.1999e+07   78  347 -6.435e+07 5.2096e+07   181%  50.6  167s
H 4677  4710                    -6.41879e+07 5.2096e+07   181%  50.6  167s
H 4691  4710                    -6.41823e+07 5.2096e+07   181%  50.6  167s
  5016  5292 5.1999e+07   82  341 -6.418e+07 5.2096e+07   181%  49.9  170s
  5937  6116 5.1992e+07   97  340 -6.418e+07 5.2096e+07   181%  48.8  177s
H 5986  6103                    -6.35033e+07 5.2096e+07   182%  49.1  177s
H 6033  6103                    -6.08129e+07 5.2096e+07   186%  49.1  177s
H 6086  6082                    -5.12919e+07 5.2096e+07   202%  48.9  177s
H 6098  6061                    -1.70771e+07 5.2096e+07   405%  48.8  177s
  6513  6729 5.1992e+07  108  338 -1.708e+07 5.2093e+07   405%  48.6  181s
  7295  7433 5.1990e+07  121  328 -1.708e+07 5.2093e+07   405%  47.6  186s
H 7590  7433                    -1.70771e+07 5.2093e+07   405%  46.8  186s
  8035  8317 5.1990e+07  133  333 -1.708e+07 5.2093e+07   405%  46.2  191s
  8960  9141 5.1990e+07  147  332 -1.708e+07 5.2093e+07   405%  44.4  197s
H 9147  9141                    -1.37602e+07 5.2093e+07   479%  43.9  197s
  9908 10294 5.1979e+07  169  327 -1.376e+07 5.2093e+07   479%  42.3  202s
 10494 10839 5.1969e+07  176  325 -1.376e+07 5.2093e+07   479%  41.5  206s
 11660 12167 2.7106e+07  194  309 -1.376e+07 5.2093e+07   479%  39.7  212s
 12383 12906 5.1956e+07  204  310 -1.376e+07 5.2093e+07   479%  38.5  217s
 13134 13762 5.1945e+07  221  303 -1.376e+07 5.2093e+07   479%  37.4  221s
 13998 14553 5.1945e+07  236  301 -1.376e+07 5.2093e+07   479%  36.1  225s
 15637 16201 5.1928e+07  259  290 -1.376e+07 5.2093e+07   479%  34.3  233s
 16471 17036 5.1921e+07  273  287 -1.376e+07 5.2093e+07   479%  33.4  239s
 17319 17954 5.1921e+07  290  285 -1.376e+07 5.2093e+07   479%  32.7  243s
H18247 17933                    -1.27569e+07 5.2093e+07   508%  31.8  268s
H18247 17933                    -1.27163e+07 5.2093e+07   510%  31.8  269s
H18247 17933                    -1.25708e+07 5.2093e+07   514%  31.8  270s
H18247 17652                    -3028608.118 5.2093e+07  1820%  31.8  272s
H18247 16905                    3325927.1774 5.2093e+07  1466%  31.8  273s
H18247 13569                    4.931872e+07 5.2093e+07  5.63%  31.8  276s
H18247 13238                    5.115799e+07 5.2093e+07  1.83%  31.8  283s
 18248 13109 5.2034e+07   11  460 5.1158e+07 5.2093e+07  1.83%  31.8  299s
 18250 13110 5.1697e+07  160  275 5.1158e+07 5.1697e+07  1.05%  31.8  351s
 18251 13111 5.1697e+07   43  433 5.1158e+07 5.1697e+07  1.05%  31.8  357s
 18252 13112 5.1690e+07  122  344 5.1158e+07 5.1690e+07  1.04%  31.8  360s
 18256 13114 5.1689e+07   74  302 5.1158e+07 5.1689e+07  1.04%  31.8  401s
 18259 13116 5.1664e+07   47  332 5.1158e+07 5.1664e+07  0.99%  31.8  405s
H18259 12460                    5.116180e+07 5.1663e+07  0.98%  31.8  438s
 18261 12462 5.1649e+07    8  317 5.1162e+07 5.1649e+07  0.95%  31.8  440s
H18262 11838                    5.123145e+07 5.1649e+07  0.82%  31.8  498s
H18262 11246                    5.125252e+07 5.1649e+07  0.77%  31.8  498s
H18262 10683                    5.125443e+07 5.1649e+07  0.77%  31.8  498s
H18262 10149                    5.127146e+07 5.1649e+07  0.74%  31.8  498s
H18262  9641                    5.130777e+07 5.1649e+07  0.67%  31.8  498s
 18264  9643 5.1641e+07   46  324 5.1308e+07 5.1641e+07  0.65%  31.8  500s
H18266  9162                    5.130842e+07 5.1641e+07  0.65%  31.8  533s
H18266  8703                    5.131174e+07 5.1641e+07  0.64%  31.8  533s
H18267  8269                    5.131297e+07 5.1641e+07  0.64%  31.8  533s
H18268  7855                    5.131432e+07 5.1639e+07  0.63%  31.8  535s
H18268  7462                    5.133043e+07 5.1639e+07  0.60%  31.8  568s
H18268  7088                    5.136674e+07 5.1639e+07  0.53%  31.8  568s
 18270  7090 5.1639e+07   11  305 5.1367e+07 5.1639e+07  0.53%  31.8  571s
 18271  7090 5.1639e+07   61  305 5.1367e+07 5.1639e+07  0.53%  31.8  596s
 18273  7092 5.1637e+07   17  309 5.1367e+07 5.1637e+07  0.53%  31.8  628s
 18274  7092 5.1637e+07  289  306 5.1367e+07 5.1637e+07  0.53%  31.8  631s
H18274  6737                    5.136984e+07 5.1637e+07  0.52%  31.8  679s
H18274  6400                    5.137468e+07 5.1637e+07  0.51%  31.8  679s
 18276  6402 5.1637e+07   36  304 5.1375e+07 5.1637e+07  0.51%  31.8  680s
H18276  6081                    5.140496e+07 5.1637e+07  0.45%  31.8  720s
H18282  5781                    5.140679e+07 5.1574e+07  0.33%  34.8  802s
H18282  5492                    5.142009e+07 5.1574e+07  0.30%  34.8  802s
 18284  5493 5.1574e+07  115  332 5.1420e+07 5.1574e+07  0.30%  34.8  807s
 18286  5494 5.1567e+07   56  394 5.1420e+07 5.1567e+07  0.29%  34.8  810s
 18290  5497 5.1555e+07    9  360 5.1420e+07 5.1555e+07  0.26%  34.8  845s
 18293  5499 5.1549e+07   30  359 5.1420e+07 5.1549e+07  0.25%  34.8  885s
H18295  5225                    5.142255e+07 5.1548e+07  0.24%  34.8  923s
H18295  4963                    5.142342e+07 5.1546e+07  0.24%  34.8  923s
 18298  4965 5.1546e+07  274  357 5.1423e+07 5.1546e+07  0.24%  34.8  925s
H18298  4717                    5.142979e+07 5.1546e+07  0.23%  34.8  959s
 18300  4719 5.1545e+07   42  337 5.1430e+07 5.1545e+07  0.22%  34.8  961s
 18301  4719 5.1544e+07   23  342 5.1430e+07 5.1544e+07  0.22%  34.8  988s
H18302  4483                    5.143312e+07 5.1544e+07  0.21%  34.8 1019s
H18303  4260                    5.143426e+07 5.1543e+07  0.21%  34.8 1019s
 18304  4260 5.1543e+07   43  338 5.1434e+07 5.1543e+07  0.21%  34.8 1021s
 18305  4261 5.1541e+07   46  323 5.1434e+07 5.1541e+07  0.21%  34.8 1051s
 18307  4262 5.1540e+07   85  334 5.1434e+07 5.1540e+07  0.21%  34.8 1085s
 18309  4264 5.1540e+07   37  336 5.1434e+07 5.1540e+07  0.21%  34.8 1090s
 18310  4264 5.1540e+07   24  336 5.1434e+07 5.1540e+07  0.21%  34.8 1102s
 18311  4268 5.1540e+07   24  332 5.1434e+07 5.1540e+07  0.21%  38.2 1108s
 18317  4277 5.1540e+07   26  327 5.1434e+07 5.1540e+07  0.21%  38.3 1110s
 18365  4335 5.1540e+07   29  302 5.1434e+07 5.1540e+07  0.21%  38.8 1118s
 18412  4388 5.1540e+07   30  290 5.1434e+07 5.1540e+07  0.21%  39.2 1124s
 18499  4406 5.1531e+07   31  285 5.1434e+07 5.1540e+07  0.21%  40.3 1131s
 18549  4499 5.1540e+07   32  287 5.1434e+07 5.1540e+07  0.21%  40.6 1138s
 18665  4560 5.1540e+07   33  282 5.1434e+07 5.1540e+07  0.21%  40.9 1140s
 18869  4582 5.1540e+07   34  281 5.1434e+07 5.1540e+07  0.21%  41.4 1145s
 19171  4660 5.1540e+07   37  268 5.1434e+07 5.1540e+07  0.21%  41.8 1150s
 19410  4704 5.1527e+07   39  263 5.1434e+07 5.1540e+07  0.21%  42.3 1157s
 19607  4693 5.1530e+07   41  258 5.1434e+07 5.1540e+07  0.21%  42.6 1160s
 19984  4691 5.1529e+07   47  264 5.1434e+07 5.1540e+07  0.21%  42.9 1166s
 20434  4810 5.1518e+07   51  238 5.1434e+07 5.1540e+07  0.21%  45.3 1171s
 20696  4902 5.1484e+07   53  238 5.1434e+07 5.1538e+07  0.20%  47.0 1175s
 21313  5154     cutoff   59      5.1434e+07 5.1538e+07  0.20%  49.7 1181s
 21743  5297 5.1483e+07   63  228 5.1434e+07 5.1538e+07  0.20%  51.0 1185s

Cutting planes:
  Gomory: 52
  Cover: 2
  Implied bound: 258
  MIR: 547
  Flow cover: 837
  RLT: 6
  Relax-and-lift: 437

Explored 21974 nodes (1214332 simplex iterations) in 1185.18 seconds (1529.59 work units)
Thread count was 48 (of 192 available processors)

Solution count 10: 5.14343e+07 5.14331e+07 5.14298e+07 ... 5.13698e+07

Optimal solution found (tolerance 2.00e-03)
Best objective 5.143426359351e+07, best bound 5.153168327985e+07, gap 0.1894%
Deleted nodefile directory: /scratch-local/lbeemster.22619716/gurobi_stress_vol16.0_0.4_price_lt_run0
Saved model snapshot to study_case_model/figures/volatility_stress/07052026/vol16.0_0.4_price_lt/sub0.0/run0/model_snapshot.pkl
  Objective: 51434263.59
  Avg H2 production: 0.5650544339886556
  Scenario obj std: 28587777.331776224
  CVaR 5%: 8122525.207666599
  Worst scenario: 8122525.207666599

Results saved to study_case_model/figures/volatility_stress/07052026/stress_test_results_0_0.4_price_shock_lt_0_.csv

================================================================================
STRESS TEST SUMMARY
================================================================================
    1.0x vol: obj= 21505363.47, loss=0.0%, H2=    0.00, CVaR5=18982739.763877533
    2.0x vol: obj= 23303238.60, loss=-8.4%, H2=    0.02, CVaR5=17817911.042911317
    4.0x vol: obj= 27015238.53, loss=-25.6%, H2=    0.02, CVaR5=15850873.991988124
    8.0x vol: obj= 34799535.66, loss=-61.8%, H2=    0.10, CVaR5=12854722.164640466
   16.0x vol: obj= 51434263.59, loss=-139.2%, H2=    0.57, CVaR5=8122525.207666599

Finished stress test!
