Gurobi shell based on Python 3.13.1 can be launched with command `gurobi.sh`
Gurobi Python Interface can be loaded in Python 3.13.1 with 'import gurobipy'
/var/spool/slurm/slurmd/job22636349/slurm_script: line 24: activate: No such file or directory
Stress test configuration:
  Volatility multipliers: [1.0, 2.0, 4.0, 8.0, 16.0]
  Shock type: price_lt
  Price Correlated shocks: 1.0
  Subsidy: 45.0 EUR/MWh
  Deviation allowance: 0.0

============================================================
Volatility multiplier: 1.0x
============================================================
Read LP format model from file /scratch-local/lbeemster.22636349/tmpgoafp0qj.pyomo.lp
Reading time = 0.71 seconds
x1: 178177 rows, 50626 columns, 1021376 nonzeros
Set parameter OutputFlag to value 1
Set parameter MIPGap to value 0.002
Set parameter Threads to value 48
Set parameter Presolve to value 1
Set parameter Cuts to value 1
Set parameter NodefileStart to value 1
Set parameter NodefileDir to value "/scratch-local/lbeemster.22636349/gurobi_stress_vol1.0_1.0_price_lt_run1"
Set parameter MemLimit to value 60
Gurobi Optimizer version 12.0.3 build v12.0.3rc0 (linux64 - "Red Hat Enterprise Linux 9.6 (Plow)")

CPU model: AMD EPYC 9654 96-Core Processor, instruction set [SSE2|AVX|AVX2|AVX512]
Thread count: 192 physical cores, 192 logical processors, using up to 48 threads

Non-default parameters:
MemLimit  60
MIPGap  0.002
NodefileStart  1
Cuts  1
Presolve  1
Threads  48

Academic license 2514514 - for non-commercial use only - registered to l.___@student.vu.nl
Optimize a model with 178177 rows, 50626 columns and 1021376 nonzeros
Model fingerprint: 0x6f34d17c
Variable types: 40002 continuous, 10624 integer (10624 binary)
Coefficient statistics:
  Matrix range     [1e-06, 1e+05]
  Objective range  [2e+00, 3e+04]
  Bounds range     [1e+00, 1e+00]
  RHS range        [3e-01, 2e+05]
Presolve removed 34049 rows and 14166 columns
Presolve time: 1.67s
Presolved: 144128 rows, 36460 columns, 945973 nonzeros
Variable types: 28012 continuous, 8448 integer (8448 binary)
Found heuristic solution: objective -5.05684e+09

Deterministic concurrent LP optimizer: primal simplex, dual simplex, and barrier
Showing barrier log only...

Root barrier log...

Ordering time: 2.37s

Barrier statistics:
 AA' NZ     : 1.286e+07
 Factor NZ  : 1.434e+07 (roughly 200 MB of memory)
 Factor Ops : 2.150e+09 (less than 1 second per iteration)
 Threads    : 46

                  Objective                Residual
Iter       Primal          Dual         Primal    Dual     Compl     Time
   0  -3.00688273e+12  1.66225571e+14  3.09e+05 3.68e+04  1.75e+10     7s
   1  -1.87980311e+12  1.04793931e+14  1.75e+05 2.84e+05  7.64e+09     7s
   2  -5.44301511e+11  6.97301299e+13  4.78e+04 1.11e+04  2.11e+09     7s
   3  -4.58385309e+10  1.98219739e+13  3.19e+03 1.36e+01  2.01e+08     7s
   4  -1.41020870e+10  5.21035714e+12  4.96e+02 5.92e-07  3.85e+07     7s
   5  -8.73603770e+09  1.36308654e+12  1.05e+02 9.24e-08  8.82e+06     7s
   6  -3.33178833e+09  6.14933571e+11  4.07e+01 4.26e-08  3.67e+06     7s
   7  -1.63364783e+09  3.95937803e+11  2.24e+01 4.25e-08  2.28e+06     7s
   8  -7.22625649e+08  2.00399359e+11  9.56e+00 1.55e-08  1.11e+06     7s
   9  -1.11513539e+08  5.56766741e+10  1.06e+00 7.57e-09  2.86e+05     7s
  10  -1.16879945e+07  1.56197522e+10  1.40e-01 4.57e-09  7.77e+04     7s

Barrier performed 10 iterations in 7.42 seconds (5.55 work units)
Barrier solve interrupted - model solved by another algorithm

Concurrent spin time: 2.02s (can be avoided by choosing Method=3)

Solved with primal simplex

Root relaxation: objective 2.123346e+07, 50220 iterations, 4.54 seconds (2.80 work units)

    Nodes    |    Current Node    |     Objective Bounds      |     Work
 Expl Unexpl |  Obj  Depth IntInf | Incumbent    BestBd   Gap | It/Node Time

     0     0 2.1233e+07    0  648 -5.057e+09 2.1233e+07   100%     -    8s
H    0     0                    -4.33580e+09 2.1233e+07   100%     -    9s
H    0     0                    -4.33580e+09 2.1233e+07   100%     -   10s
H    0     0                    -4.30428e+09 2.1233e+07   100%     -   12s
     0     0 2.1209e+07    0  832 -4.304e+09 2.1209e+07   100%     -   16s
H    0     0                    -1.48334e+09 2.1209e+07   101%     -   17s
     0     0 2.1209e+07    0  866 -1.483e+09 2.1209e+07   101%     -   17s
     0     0 2.1209e+07    0  864 -1.483e+09 2.1209e+07   101%     -   17s
     0     0 2.1204e+07    0  763 -1.483e+09 2.1204e+07   101%     -   20s
     0     0 2.1204e+07    0  806 -1.483e+09 2.1204e+07   101%     -   20s
     0     0 2.1204e+07    0  834 -1.483e+09 2.1204e+07   101%     -   21s
     0     0 2.1189e+07    0  728 -1.483e+09 2.1189e+07   101%     -   25s
     0     0 2.1188e+07    0  729 -1.483e+09 2.1188e+07   101%     -   26s
     0     0 2.1188e+07    0  734 -1.483e+09 2.1188e+07   101%     -   26s
     0     0 2.1188e+07    0  752 -1.483e+09 2.1188e+07   101%     -   26s
     0     0 2.1174e+07    0  734 -1.483e+09 2.1174e+07   101%     -   30s
H    0     0                    -1.44421e+09 2.1174e+07   101%     -   31s
     0     0 2.1174e+07    0  776 -1.444e+09 2.1174e+07   101%     -   32s
     0     0 2.1173e+07    0  793 -1.444e+09 2.1173e+07   101%     -   32s
     0     0 2.1173e+07    0  793 -1.444e+09 2.1173e+07   101%     -   32s
     0     0 2.1173e+07    0  799 -1.444e+09 2.1173e+07   101%     -   33s
     0     0 2.1166e+07    0  698 -1.444e+09 2.1166e+07   101%     -   36s
H    0     0                    -1.40192e+09 2.1166e+07   102%     -   38s
     0     0 2.1165e+07    0  729 -1.402e+09 2.1165e+07   102%     -   38s
     0     0 2.1165e+07    0  739 -1.402e+09 2.1165e+07   102%     -   39s
     0     0 2.1165e+07    0  743 -1.402e+09 2.1165e+07   102%     -   39s
     0     0 2.1160e+07    0  680 -1.402e+09 2.1160e+07   102%     -   42s
     0     0 2.1160e+07    0  716 -1.402e+09 2.1160e+07   102%     -   42s
     0     0 2.1160e+07    0  724 -1.402e+09 2.1160e+07   102%     -   43s
     0     0 2.1160e+07    0  726 -1.402e+09 2.1160e+07   102%     -   43s
     0     0 2.1159e+07    0  671 -1.402e+09 2.1159e+07   102%     -   46s
H    0     0                    -1.39771e+09 2.1159e+07   102%     -   47s
     0     0 2.1159e+07    0  684 -1.398e+09 2.1159e+07   102%     -   47s
     0     0 2.1159e+07    0  693 -1.398e+09 2.1159e+07   102%     -   48s
     0     0 2.1159e+07    0  589 -1.398e+09 2.1159e+07   102%     -   48s
     0     0 2.1159e+07    0  577 -1.398e+09 2.1159e+07   102%     -   49s
     0     0 2.1159e+07    0  529 -1.398e+09 2.1159e+07   102%     -   51s
H    0     0                    -1.35818e+09 2.1159e+07   102%     -   52s
     0     0 2.1159e+07    0  539 -1.358e+09 2.1159e+07   102%     -   52s
     0     0 2.1159e+07    0  532 -1.358e+09 2.1159e+07   102%     -   53s
     0     0 2.1159e+07    0  541 -1.358e+09 2.1159e+07   102%     -   53s
     0     0 2.1159e+07    0  534 -1.358e+09 2.1159e+07   102%     -   54s
     0     0 2.1159e+07    0  534 -1.358e+09 2.1159e+07   102%     -   62s
H    0     0                    -1.02803e+09 2.1159e+07   102%     -   66s
H    0     0                    -9.84030e+08 2.1159e+07   102%     -   69s
H    0     0                    -9.83003e+08 2.1159e+07   102%     -   74s
H    0     0                    -9.72848e+08 2.1159e+07   102%     -   74s
H    0     0                    -9.45865e+08 2.1159e+07   102%     -   77s
H    0     0                    -9.35479e+08 2.1159e+07   102%     -   80s
H    0     0                    -9.28561e+08 2.1159e+07   102%     -   87s
H    0     0                    -9.17399e+08 2.1159e+07   102%     -   88s
H    0     0                    -5.28021e+08 2.1159e+07   104%     -   90s
H    0     0                    -5.05091e+08 2.1159e+07   104%     -   90s
H    0     0                    -5.05091e+08 2.1159e+07   104%     -   94s
     0     2 2.1159e+07    0  534 -5.051e+08 2.1159e+07   104%     -   97s
   111   170 2.1158e+07    7  522 -5.051e+08 2.1159e+07   104%   193  101s
H  127   170                    -5.05091e+08 2.1159e+07   104%   184  101s
H  138   170                    -5.05091e+08 2.1159e+07   104%   177  101s
H  149   170                    -5.05091e+08 2.1159e+07   104%   171  101s
H  576   633                    -4.87961e+08 2.1159e+07   104%   106  106s
H  578   633                    -4.82856e+08 2.1159e+07   104%   106  106s
  1259  1360 2.1157e+07   25  458 -4.829e+08 2.1159e+07   104%  84.4  115s
H 1262  1360                    -4.37597e+08 2.1159e+07   105%  84.3  115s
H 1280  1360                    -4.20463e+08 2.1159e+07   105%  84.2  115s
H 1294  1360                    -3.13094e+08 2.1159e+07   107%  83.7  115s
  1359  2241 2.1157e+07   26  466 -3.131e+08 2.1159e+07   107%  82.0  121s
H 1365  2241                    -3.07021e+08 2.1159e+07   107%  81.8  121s
H 1430  2241                    -3.07021e+08 2.1159e+07   107%  81.0  121s
H 1446  2241                    -3.07020e+08 2.1159e+07   107%  81.1  121s
H 1511  2241                    -3.07020e+08 2.1159e+07   107%  80.5  121s
H 1601  2241                    -3.07020e+08 2.1159e+07   107%  80.4  121s
H 1721  2241                    -3.07020e+08 2.1159e+07   107%  78.5  121s
H 1919  2241                    -2.89952e+08 2.1159e+07   107%  75.8  121s
H 2240  2289                    -2.45266e+08 2.1159e+07   109%  75.0  138s
H 2240  2289                    -2.22313e+08 2.1159e+07   110%  75.0  138s
H 2246  2289                    -1.99729e+08 2.1159e+07   111%  74.9  138s
H 2247  2289                    -1.99728e+08 2.1159e+07   111%  74.9  138s
H 2250  2289                    -1.87910e+08 2.1159e+07   111%  74.9  138s
H 2255  2289                    -1.87910e+08 2.1159e+07   111%  74.9  138s
H 2261  2289                    -1.87910e+08 2.1159e+07   111%  74.9  138s
H 2283  2289                    -1.87910e+08 2.1159e+07   111%  74.8  138s
  2288  4840 2.1156e+07   36  425 -1.879e+08 2.1159e+07   111%  74.8  145s
  4839  6705 2.1155e+07   62  388 -1.879e+08 2.1159e+07   111%  66.6  151s
H 4974  6705                    -1.26156e+08 2.1159e+07   117%  66.5  151s
H 5042  6670                    -5.25832e+07 2.1159e+07   140%  66.4  151s
  6704  8530 2.1154e+07   99  370 -5.258e+07 2.1159e+07   140%  61.6  157s
H 7048  7876                    -1.33892e+07 2.1159e+07   258%  61.3  157s
* 8800  6830             334    2.107194e+07 2.1159e+07  0.41%  57.4  157s
  8812  6738 2.1153e+07  124  322 2.1072e+07 2.1159e+07  0.41%  57.3  162s
H 8926  6224                    2.111565e+07 2.1159e+07  0.20%  57.3  162s
  9950  8628 2.1153e+07  142  271 2.1116e+07 2.1159e+07  0.20%  57.8  169s
 12415 11998 2.1152e+07  167  239 2.1116e+07 2.1159e+07  0.20%  55.8  176s
 15797 15119 2.1145e+07  216  188 2.1116e+07 2.1158e+07  0.20%  53.9  182s
H18954 14797                    2.112170e+07 2.1158e+07  0.17%  53.5  215s

Cutting planes:
  Gomory: 1
  Implied bound: 3635
  MIR: 769
  Flow cover: 1304
  Relax-and-lift: 51

Explored 18954 nodes (1100497 simplex iterations) in 226.02 seconds (261.75 work units)
Thread count was 48 (of 192 available processors)

Solution count 10: 2.11217e+07 2.11217e+07 2.11157e+07 ... -1.8791e+08

Optimal solution found (tolerance 2.00e-03)
Best objective 2.112170360769e+07, best bound 2.115849263307e+07, gap 0.1742%
Deleted nodefile directory: /scratch-local/lbeemster.22636349/gurobi_stress_vol1.0_1.0_price_lt_run1
Saved model snapshot to study_case_model/figures/volatility_stress/07052026/vol1.0_1.0_price_lt/sub45.0/run1/model_snapshot.pkl
  Objective: 21121703.61
  Avg H2 production: 1.9069168849437412
  Scenario obj std: 1812025.5404755548
  CVaR 5%: 18383312.616556242
  Worst scenario: 18383312.61655619

============================================================
Volatility multiplier: 2.0x
============================================================
Read LP format model from file /scratch-local/lbeemster.22636349/tmpaof2scon.pyomo.lp
Reading time = 0.52 seconds
x1: 178177 rows, 50626 columns, 1021376 nonzeros
Set parameter OutputFlag to value 1
Set parameter MIPGap to value 0.002
Set parameter Threads to value 48
Set parameter Presolve to value 1
Set parameter Cuts to value 1
Set parameter NodefileStart to value 1
Set parameter NodefileDir to value "/scratch-local/lbeemster.22636349/gurobi_stress_vol2.0_1.0_price_lt_run1"
Set parameter MemLimit to value 60
Gurobi Optimizer version 12.0.3 build v12.0.3rc0 (linux64 - "Red Hat Enterprise Linux 9.6 (Plow)")

CPU model: AMD EPYC 9654 96-Core Processor, instruction set [SSE2|AVX|AVX2|AVX512]
Thread count: 192 physical cores, 192 logical processors, using up to 48 threads

Non-default parameters:
MemLimit  60
MIPGap  0.002
NodefileStart  1
Cuts  1
Presolve  1
Threads  48

Academic license 2514514 - for non-commercial use only - registered to l.___@student.vu.nl
Optimize a model with 178177 rows, 50626 columns and 1021376 nonzeros
Model fingerprint: 0xbea67f38
Variable types: 40002 continuous, 10624 integer (10624 binary)
Coefficient statistics:
  Matrix range     [1e-06, 1e+05]
  Objective range  [2e+00, 3e+04]
  Bounds range     [1e+00, 1e+00]
  RHS range        [3e-01, 2e+05]
Presolve removed 34049 rows and 14166 columns
Presolve time: 1.81s
Presolved: 144128 rows, 36460 columns, 945973 nonzeros
Variable types: 28012 continuous, 8448 integer (8448 binary)
Found heuristic solution: objective -5.05595e+09

Deterministic concurrent LP optimizer: primal simplex, dual simplex, and barrier
Showing barrier log only...

Root barrier log...

Ordering time: 2.38s

Barrier statistics:
 AA' NZ     : 1.286e+07
 Factor NZ  : 1.434e+07 (roughly 200 MB of memory)
 Factor Ops : 2.150e+09 (less than 1 second per iteration)
 Threads    : 46

                  Objective                Residual
Iter       Primal          Dual         Primal    Dual     Compl     Time
   0  -3.00687186e+12  1.66225616e+14  3.09e+05 3.68e+04  1.75e+10     7s
   1  -1.87979709e+12  1.04793959e+14  1.75e+05 2.84e+05  7.64e+09     7s
   2  -5.44299647e+11  6.97301488e+13  4.78e+04 1.11e+04  2.11e+09     7s
   3  -4.58382036e+10  1.98219795e+13  3.19e+03 1.36e+01  2.01e+08     7s
   4  -1.41019412e+10  5.21035865e+12  4.96e+02 2.47e-07  3.85e+07     7s
   5  -8.73580557e+09  1.36308280e+12  1.05e+02 8.24e-08  8.82e+06     7s
   6  -3.33147468e+09  6.14923370e+11  4.07e+01 3.89e-08  3.67e+06     7s
   7  -1.63329129e+09  3.95929732e+11  2.24e+01 2.91e-08  2.28e+06     8s
   8  -7.22314620e+08  2.00404691e+11  9.56e+00 1.68e-08  1.11e+06     8s
   9  -1.11226429e+08  5.56773679e+10  1.06e+00 7.12e-09  2.86e+05     8s

Barrier performed 9 iterations in 7.75 seconds (5.43 work units)
Barrier solve interrupted - model solved by another algorithm

Concurrent spin time: 2.20s (can be avoided by choosing Method=3)

Solved with primal simplex

Root relaxation: objective 2.201202e+07, 51171 iterations, 4.65 seconds (2.70 work units)

    Nodes    |    Current Node    |     Objective Bounds      |     Work
 Expl Unexpl |  Obj  Depth IntInf | Incumbent    BestBd   Gap | It/Node Time

     0     0 2.2012e+07    0  584 -5.056e+09 2.2012e+07   100%     -    9s
H    0     0                    -4.56742e+09 2.2012e+07   100%     -   10s
H    0     0                    -4.52606e+09 2.2012e+07   100%     -   13s
     0     0 2.1987e+07    0  751 -4.526e+09 2.1987e+07   100%     -   16s
H    0     0                    -1.48089e+09 2.1987e+07   101%     -   18s
     0     0 2.1987e+07    0  783 -1.481e+09 2.1987e+07   101%     -   18s
     0     0 2.1987e+07    0  778 -1.481e+09 2.1987e+07   101%     -   18s
     0     0 2.1983e+07    0  744 -1.481e+09 2.1983e+07   101%     -   21s
     0     0 2.1983e+07    0  783 -1.481e+09 2.1983e+07   101%     -   21s
     0     0 2.1983e+07    0  797 -1.481e+09 2.1983e+07   101%     -   21s
     0     0 2.1983e+07    0  799 -1.481e+09 2.1983e+07   101%     -   22s
     0     0 2.1970e+07    0  692 -1.481e+09 2.1970e+07   101%     -   26s
     0     0 2.1970e+07    0  740 -1.481e+09 2.1970e+07   101%     -   26s
     0     0 2.1970e+07    0  775 -1.481e+09 2.1970e+07   101%     -   27s
     0     0 2.1970e+07    0  801 -1.481e+09 2.1970e+07   101%     -   27s
     0     0 2.1954e+07    0  714 -1.481e+09 2.1954e+07   101%     -   31s
     0     0 2.1954e+07    0  749 -1.481e+09 2.1954e+07   101%     -   32s
     0     0 2.1954e+07    0  784 -1.481e+09 2.1954e+07   101%     -   32s
     0     0 2.1954e+07    0  804 -1.481e+09 2.1954e+07   101%     -   33s
     0     0 2.1946e+07    0  679 -1.481e+09 2.1946e+07   101%     -   36s
H    0     0                    -1.47625e+09 2.1945e+07   101%     -   39s
     0     0 2.1945e+07    0  704 -1.476e+09 2.1945e+07   101%     -   39s
     0     0 2.1945e+07    0  711 -1.476e+09 2.1945e+07   101%     -   39s
     0     0 2.1945e+07    0  707 -1.476e+09 2.1945e+07   101%     -   40s
     0     0 2.1940e+07    0  657 -1.476e+09 2.1940e+07   101%     -   43s
H    0     0                    -1.46292e+09 2.1940e+07   101%     -   44s
     0     0 2.1940e+07    0  696 -1.463e+09 2.1940e+07   101%     -   45s
     0     0 2.1940e+07    0  700 -1.463e+09 2.1940e+07   101%     -   45s
     0     0 2.1940e+07    0  708 -1.463e+09 2.1940e+07   101%     -   45s
     0     0 2.1938e+07    0  670 -1.463e+09 2.1938e+07   101%     -   48s
H    0     0                    -1.11184e+09 2.1938e+07   102%     -   49s
     0     0 2.1938e+07    0  674 -1.112e+09 2.1938e+07   102%     -   49s
     0     0 2.1938e+07    0  682 -1.112e+09 2.1938e+07   102%     -   50s
     0     0 2.1938e+07    0  591 -1.112e+09 2.1938e+07   102%     -   50s
     0     0 2.1938e+07    0  601 -1.112e+09 2.1938e+07   102%     -   51s
     0     0 2.1938e+07    0  549 -1.112e+09 2.1938e+07   102%     -   53s
H    0     0                    -8.76195e+08 2.1938e+07   103%     -   55s
     0     0 2.1938e+07    0  559 -8.762e+08 2.1938e+07   103%     -   55s
     0     0 2.1938e+07    0  554 -8.762e+08 2.1938e+07   103%     -   55s
     0     0 2.1938e+07    0  554 -8.762e+08 2.1938e+07   103%     -   62s
H    0     0                    -5.91068e+08 2.1938e+07   104%     -   65s
H    0     0                    -5.33088e+08 2.1938e+07   104%     -   72s
H    0     0                    -4.99892e+08 2.1938e+07   104%     -   75s
H    0     0                    -4.65497e+08 2.1938e+07   105%     -   77s
H    0     0                    -4.29721e+08 2.1938e+07   105%     -   79s
H    0     0                    -4.13520e+08 2.1938e+07   105%     -   83s
H    0     0                    -2.49987e+08 2.1938e+07   109%     -   84s
H    0     0                    -2.49976e+08 2.1938e+07   109%     -   91s
H    0     0                    -1.88240e+08 2.1938e+07   112%     -   91s
H    0     2                    -1.57616e+08 2.1938e+07   114%     -   94s
     0     2 2.1938e+07    0  554 -1.576e+08 2.1938e+07   114%     -   94s
     7    16 2.1937e+07    3  567 -1.576e+08 2.1938e+07   114%   236   95s
   492   727 2.1937e+07   11  556 -1.576e+08 2.1938e+07   114%  53.3  101s
H  806   836                    -1.18363e+08 2.1938e+07   119%  61.4  103s
   835  1125 2.1937e+07   19  498 -1.184e+08 2.1938e+07   119%  62.4  108s
  1124  2128 2.1937e+07   25  489 -1.184e+08 2.1938e+07   119%  68.5  113s
H 1482  2128                    -1.17650e+08 2.1938e+07   119%  65.4  113s
H 1962  2128                    -1.16225e+08 2.1938e+07   119%  64.7  113s
  2127  2176 2.1937e+07   42  453 -1.162e+08 2.1938e+07   119%  64.6  127s
H 2128  2176                    -9.96928e+07 2.1938e+07   122%  64.5  127s
H 2131  2176                    -9.96915e+07 2.1938e+07   122%  64.5  127s
H 2153  2176                    -9.89754e+07 2.1938e+07   122%  64.3  127s
H 2163  2176                    -9.89749e+07 2.1938e+07   122%  64.3  127s
H 2173  2176                    -9.89660e+07 2.1938e+07   122%  64.2  127s
  2175  3494 2.1937e+07   42  448 -9.897e+07 2.1938e+07   122%  64.3  136s
  3493  5479 2.1936e+07   60  426 -9.897e+07 2.1938e+07   122%  53.3  148s
H 3499  5479                    -9.89556e+07 2.1938e+07   122%  53.3  148s
H 3585  5479                    -9.89550e+07 2.1938e+07   122%  53.4  148s
H 3624  5479                    -4.72210e+07 2.1938e+07   146%  53.3  148s
H 4354  5479                    -4.72185e+07 2.1938e+07   146%  52.6  149s
  5480  8212 2444947.11   92  371 -4.722e+07 2.1938e+07   146%  51.3  164s
H 6407  8212                    -4.66934e+07 2.1938e+07   147%  51.5  164s
H 6786  8196                    -3.21755e+07 2.1938e+07   168%  50.5  164s
  8265 11215 2.1933e+07  134  325 -3.218e+07 2.1938e+07   168%  48.9  180s
H 8396 11215                    -3.14642e+07 2.1938e+07   170%  48.9  180s
H 8458 11215                    -3.14638e+07 2.1938e+07   170%  48.9  180s
H 8551 11215                    -3.14623e+07 2.1938e+07   170%  48.9  180s
H10414 10866                    -1.83008e+07 2.1938e+07   220%  46.8  180s
 11392 12685 2.1932e+07  190  299 -1.830e+07 2.1938e+07   220%  45.6  195s
H11437 11465                    2.105836e+07 2.1938e+07  4.18%  45.8  195s
H11717 11465                    2.107735e+07 2.1938e+07  4.08%  45.7  195s
H13765 10255                    2.184525e+07 2.1938e+07  0.42%  43.8  215s
H13765  9297                    2.187298e+07 2.1938e+07  0.30%  43.8  215s
H13766  8936                    2.189189e+07 2.1938e+07  0.21%  43.8  215s
H13771  8841                    2.189479e+07 2.1938e+07  0.20%  43.8  215s
H13777  8816                    2.189961e+07 2.1938e+07  0.17%  43.8  215s
H13778  8343                    2.190951e+07 2.1938e+07  0.13%  43.8  215s
H13786  8138                    2.191359e+07 2.1938e+07  0.11%  43.8  215s
H13808  7801                    2.191637e+07 2.1938e+07  0.10%  43.8  215s

Cutting planes:
  Gomory: 10
  Implied bound: 3528
  MIR: 533
  Flow cover: 1237
  Relax-and-lift: 50

Explored 13870 nodes (693765 simplex iterations) in 215.72 seconds (255.09 work units)
Thread count was 48 (of 192 available processors)

Solution count 10: 2.19164e+07 2.19164e+07 2.19136e+07 ... 2.10773e+07

Optimal solution found (tolerance 2.00e-03)
Best objective 2.191636714481e+07, best bound 2.193754079342e+07, gap 0.0966%
Deleted nodefile directory: /scratch-local/lbeemster.22636349/gurobi_stress_vol2.0_1.0_price_lt_run1
Saved model snapshot to study_case_model/figures/volatility_stress/07052026/vol2.0_1.0_price_lt/sub45.0/run1/model_snapshot.pkl
  Objective: 21916367.14
  Avg H2 production: 1.8382697549427314
  Scenario obj std: 3698712.170846254
  CVaR 5%: 16336303.742901592
  Worst scenario: 16336303.730827304

============================================================
Volatility multiplier: 4.0x
============================================================
Read LP format model from file /scratch-local/lbeemster.22636349/tmpcxopq2j5.pyomo.lp
Reading time = 0.55 seconds
x1: 178177 rows, 50626 columns, 1021376 nonzeros
Set parameter OutputFlag to value 1
Set parameter MIPGap to value 0.002
Set parameter Threads to value 48
Set parameter Presolve to value 1
Set parameter Cuts to value 1
Set parameter NodefileStart to value 1
Set parameter NodefileDir to value "/scratch-local/lbeemster.22636349/gurobi_stress_vol4.0_1.0_price_lt_run1"
Set parameter MemLimit to value 60
Gurobi Optimizer version 12.0.3 build v12.0.3rc0 (linux64 - "Red Hat Enterprise Linux 9.6 (Plow)")

CPU model: AMD EPYC 9654 96-Core Processor, instruction set [SSE2|AVX|AVX2|AVX512]
Thread count: 192 physical cores, 192 logical processors, using up to 48 threads

Non-default parameters:
MemLimit  60
MIPGap  0.002
NodefileStart  1
Cuts  1
Presolve  1
Threads  48

Academic license 2514514 - for non-commercial use only - registered to l.___@student.vu.nl
Optimize a model with 178177 rows, 50626 columns and 1021376 nonzeros
Model fingerprint: 0xc1db99e2
Variable types: 40002 continuous, 10624 integer (10624 binary)
Coefficient statistics:
  Matrix range     [1e-06, 1e+05]
  Objective range  [2e+00, 3e+04]
  Bounds range     [1e+00, 1e+00]
  RHS range        [3e-01, 2e+05]
Presolve removed 34049 rows and 14166 columns
Presolve time: 1.82s
Presolved: 144128 rows, 36460 columns, 945973 nonzeros
Variable types: 28012 continuous, 8448 integer (8448 binary)
Found heuristic solution: objective -5.05418e+09

Deterministic concurrent LP optimizer: primal simplex, dual simplex, and barrier
Showing barrier log only...

Root barrier log...

Ordering time: 2.43s

Barrier statistics:
 AA' NZ     : 1.286e+07
 Factor NZ  : 1.434e+07 (roughly 200 MB of memory)
 Factor Ops : 2.150e+09 (less than 1 second per iteration)
 Threads    : 46

                  Objective                Residual
Iter       Primal          Dual         Primal    Dual     Compl     Time
   0  -3.00685010e+12  1.66225705e+14  3.09e+05 3.68e+04  1.75e+10     7s
   1  -1.87978506e+12  1.04794016e+14  1.75e+05 2.84e+05  7.64e+09     7s
   2  -5.44295918e+11  6.97301868e+13  4.78e+04 1.11e+04  2.11e+09     7s
   3  -4.58375492e+10  1.98219908e+13  3.19e+03 1.36e+01  2.01e+08     7s
   4  -1.41016498e+10  5.21036166e+12  4.96e+02 2.05e-07  3.85e+07     7s
   5  -8.73534129e+09  1.36307532e+12  1.05e+02 9.99e-08  8.82e+06     7s
   6  -3.33084737e+09  6.14902969e+11  4.07e+01 4.68e-08  3.67e+06     7s
   7  -1.63257812e+09  3.95913590e+11  2.24e+01 3.48e-08  2.28e+06     7s
   8  -7.21692268e+08  2.00415319e+11  9.56e+00 2.76e-08  1.11e+06     8s

Barrier performed 8 iterations in 7.58 seconds (5.27 work units)
Barrier solve interrupted - model solved by another algorithm

Concurrent spin time: 2.14s (can be avoided by choosing Method=3)

Solved with primal simplex

Root relaxation: objective 2.378931e+07, 49312 iterations, 4.51 seconds (2.54 work units)

    Nodes    |    Current Node    |     Objective Bounds      |     Work
 Expl Unexpl |  Obj  Depth IntInf | Incumbent    BestBd   Gap | It/Node Time

     0     0 2.3789e+07    0  514 -5.054e+09 2.3789e+07   100%     -    8s
     0     0 2.3763e+07    0  679 -5.054e+09 2.3763e+07   100%     -   14s
H    0     0                    -3.30538e+09 2.3763e+07   101%     -   15s
     0     0 2.3763e+07    0  767 -3.305e+09 2.3763e+07   101%     -   16s
     0     0 2.3759e+07    0  657 -3.305e+09 2.3759e+07   101%     -   18s
H    0     0                    -2.75761e+09 2.3759e+07   101%     -   19s
     0     0 2.3759e+07    0  698 -2.758e+09 2.3759e+07   101%     -   20s
     0     0 2.3759e+07    0  720 -2.758e+09 2.3759e+07   101%     -   20s
     0     0 2.3759e+07    0  721 -2.758e+09 2.3759e+07   101%     -   20s
     0     0 2.3750e+07    0  644 -2.758e+09 2.3750e+07   101%     -   24s
     0     0 2.3749e+07    0  637 -2.758e+09 2.3749e+07   101%     -   25s
     0     0 2.3749e+07    0  652 -2.758e+09 2.3749e+07   101%     -   25s
     0     0 2.3749e+07    0  668 -2.758e+09 2.3749e+07   101%     -   25s
     0     0 2.3736e+07    0  587 -2.758e+09 2.3736e+07   101%     -   29s
H    0     0                    -2.58983e+09 2.3736e+07   101%     -   30s
     0     0 2.3735e+07    0  620 -2.590e+09 2.3735e+07   101%     -   31s
     0     0 2.3735e+07    0  626 -2.590e+09 2.3735e+07   101%     -   31s
     0     0 2.3735e+07    0  627 -2.590e+09 2.3735e+07   101%     -   31s
     0     0 2.3726e+07    0  570 -2.590e+09 2.3726e+07   101%     -   34s
H    0     0                    -1.88367e+09 2.3726e+07   101%     -   36s
     0     0 2.3726e+07    0  593 -1.884e+09 2.3726e+07   101%     -   36s
     0     0 2.3725e+07    0  614 -1.884e+09 2.3725e+07   101%     -   36s
     0     0 2.3718e+07    0  563 -1.884e+09 2.3718e+07   101%     -   39s
H    0     0                    -1.23585e+09 2.3718e+07   102%     -   40s
     0     0 2.3718e+07    0  588 -1.236e+09 2.3718e+07   102%     -   41s
     0     0 2.3718e+07    0  596 -1.236e+09 2.3718e+07   102%     -   41s
     0     0 2.3715e+07    0  551 -1.236e+09 2.3715e+07   102%     -   42s
     0     0 2.3715e+07    0  572 -1.236e+09 2.3715e+07   102%     -   43s
     0     0 2.3715e+07    0  575 -1.236e+09 2.3715e+07   102%     -   43s
     0     0 2.3715e+07    0  578 -1.236e+09 2.3715e+07   102%     -   43s
     0     0 2.3713e+07    0  535 -1.236e+09 2.3713e+07   102%     -   46s
     0     0 2.3713e+07    0  545 -1.236e+09 2.3713e+07   102%     -   47s
     0     0 2.3713e+07    0  546 -1.236e+09 2.3713e+07   102%     -   48s
     0     0 2.3713e+07    0  491 -1.236e+09 2.3713e+07   102%     -   48s
H    0     0                    -1.05474e+09 2.3713e+07   102%     -   49s
     0     0 2.3713e+07    0  499 -1.055e+09 2.3713e+07   102%     -   49s
     0     0 2.3713e+07    0  490 -1.055e+09 2.3713e+07   102%     -   52s
     0     0 2.3713e+07    0  500 -1.055e+09 2.3713e+07   102%     -   52s
     0     0 2.3712e+07    0  487 -1.055e+09 2.3712e+07   102%     -   53s
H    0     0                    -9.53455e+08 2.3712e+07   102%     -   54s
     0     0 2.3712e+07    0  495 -9.535e+08 2.3712e+07   102%     -   54s
     0     0 2.3712e+07    0  489 -9.535e+08 2.3712e+07   102%     -   55s
     0     0 2.3712e+07    0  489 -9.535e+08 2.3712e+07   102%     -   61s
H    0     0                    -7.28486e+08 2.3712e+07   103%     -   64s
H    0     0                    -7.27432e+08 2.3712e+07   103%     -   75s
H    0     0                    -7.25846e+08 2.3712e+07   103%     -   77s
H    0     0                    -7.14734e+08 2.3712e+07   103%     -   82s
H    0     0                    -6.80524e+08 2.3712e+07   103%     -   85s
H    0     0                    -6.40563e+08 2.3712e+07   104%     -   89s
     0     2 2.3712e+07    0  487 -6.406e+08 2.3712e+07   104%     -   92s
    31    64 2.3712e+07    5  489 -6.406e+08 2.3712e+07   104%   167   95s
H   36    64                    -6.40563e+08 2.3712e+07   104%   152   95s
   685   748 2.3711e+07   13  448 -6.406e+08 2.3712e+07   104%  67.3  101s
H  747  1040                    -6.31663e+08 2.3712e+07   104%  66.1  103s
H  756  1040                    -6.31662e+08 2.3712e+07   104%  65.8  103s
H  775  1040                    -6.31662e+08 2.3712e+07   104%  65.4  103s
H  853  1040                    -6.31662e+08 2.3712e+07   104%  66.7  103s
H  864  1040                    -6.31662e+08 2.3712e+07   104%  66.7  103s
H  944  1040                    -6.31662e+08 2.3712e+07   104%  67.8  103s
H  950  1040                    -6.31661e+08 2.3712e+07   104%  67.8  103s
  1039  1204 2.3711e+07   21  440 -6.317e+08 2.3712e+07   104%  68.3  106s
H 1050  1204                    -6.31661e+08 2.3712e+07   104%  68.1  106s
H 1112  1204                    -5.92332e+08 2.3712e+07   104%  67.2  106s
  1203  1917 2.3710e+07   27  411 -5.923e+08 2.3712e+07   104%  67.9  110s
  1916  2842 2.3710e+07   34  393 -5.923e+08 2.3712e+07   104%  69.2  115s
H 2841  2890                    -5.92330e+08 2.3712e+07   104%  67.9  129s
H 2842  2890                    -5.92329e+08 2.3712e+07   104%  67.9  129s
H 2845  2890                    -5.92329e+08 2.3712e+07   104%  67.9  129s
H 2845  2890                    -5.86994e+08 2.3712e+07   104%  67.9  129s
H 2847  2890                    -5.86994e+08 2.3712e+07   104%  67.9  129s
H 2849  2890                    -5.80172e+08 2.3712e+07   104%  67.9  129s
H 2858  2890                    -5.80153e+08 2.3712e+07   104%  68.0  129s
  2889  4246 2.3710e+07   45  392 -5.802e+08 2.3712e+07   104%  68.1  136s
H 3723  4246                    -5.72303e+08 2.3712e+07   104%  65.4  136s
H 3896  4246                    -4.45123e+08 2.3712e+07   105%  64.5  136s
  4245  6005 2.3709e+07   68  346 -4.451e+08 2.3712e+07   105%  63.3  143s
  6004  6347 2.3708e+07   96  334 -4.451e+08 2.3712e+07   105%  59.9  152s
H 6015  6347                    -2.79964e+08 2.3712e+07   108%  59.9  152s
  6346  7274 2.3708e+07   97  331 -2.800e+08 2.3712e+07   108%  59.5  161s
H 6489  7274                    -1.68636e+08 2.3712e+07   114%  59.6  161s
H 6561  7274                    -1.49190e+08 2.3712e+07   116%  59.6  161s
  7273  9468 2.3708e+07  111  324 -1.492e+08 2.3712e+07   116%  57.9  169s
  9469 10638 2.3708e+07  145  301 -1.492e+08 2.3712e+07   116%  52.6  177s
H 9545 10438                    -1.09239e+08 2.3712e+07   122%  52.7  177s
H 9577 10438                    -1.09230e+08 2.3712e+07   122%  52.7  177s
H 9600 10350                    -9.19936e+07 2.3712e+07   126%  52.6  177s
H10228 10350                    -9.12739e+07 2.3712e+07   126%  51.9  177s
 10645 11519 2.3707e+07  166  292 -9.127e+07 2.3712e+07   126%  50.8  185s
H10903 11498                    -8.82692e+07 2.3712e+07   127%  50.8  185s
H11408 11498                    -8.81815e+07 2.3712e+07   127%  50.4  185s
H11597 11498                    -8.81814e+07 2.3712e+07   127%  50.3  185s
H11631 11498                    -8.81735e+07 2.3712e+07   127%  50.3  185s
H12240 11528                    -8.64994e+07 2.3712e+07   127%  49.5  198s
H12242 11528                    -8.64978e+07 2.3712e+07   127%  49.5  198s
H12245 11528                    -8.64826e+07 2.3712e+07   127%  49.5  198s
H12248 11508                    -8.50633e+07 2.3712e+07   128%  49.5  198s
H12260 11046                    -6.50265e+07 2.3712e+07   136%  49.5  198s
H12281 11030                    -5.79710e+07 2.3712e+07   141%  49.5  198s
 12288 12859 2.3707e+07  192  247 -5.797e+07 2.3712e+07   141%  49.5  205s
 14160 15139 2.3706e+07  229  212 -5.797e+07 2.3712e+07   141%  49.0  213s
 16448 16301 2.3706e+07  269  193 -5.797e+07 2.3712e+07   141%  45.5  221s
H16489 13701                    1.718198e+07 2.3712e+07  38.0%  45.4  221s
H16515 13701                    1.719307e+07 2.3712e+07  37.9%  45.4  221s
H16628 13701                    1.774688e+07 2.3712e+07  33.6%  45.1  221s
H16727 13689                    1.920789e+07 2.3712e+07  23.5%  44.9  221s
H17415 13687                    1.992682e+07 2.3712e+07  19.0%  43.9  221s
 17610 15481 2.3706e+07  310  182 1.9927e+07 2.3712e+07  19.0%  43.6  229s
H17920 15481                    1.993478e+07 2.3712e+07  18.9%  43.0  229s
H19697 15467                    2.008252e+07 2.3712e+07  18.1%  41.6  236s
H19697 15467                    2.008654e+07 2.3712e+07  18.1%  41.6  240s
H19697 15467                    2.010790e+07 2.3712e+07  17.9%  41.6  244s
H19697 15467                    2.011539e+07 2.3712e+07  17.9%  41.6  251s
H19697 15467                    2.013296e+07 2.3712e+07  17.8%  41.6  252s
H19697 15467                    2.076594e+07 2.3712e+07  14.2%  41.6  253s
H19697 15467                    2.077055e+07 2.3712e+07  14.2%  41.6  260s
 19698 15468 2.3707e+07  243  489 2.0771e+07 2.3712e+07  14.2%  41.6  278s
H19699 14695                    2.332202e+07 2.3712e+07  1.67%  41.6  287s
H19699 13960                    2.360213e+07 2.3712e+07  0.47%  41.6  478s
H19699 13262                    2.360517e+07 2.3712e+07  0.45%  41.6  478s
H19699 12599                    2.360537e+07 2.3712e+07  0.45%  41.6  478s
H19699 11969                    2.362148e+07 2.3712e+07  0.38%  41.6  478s
H19699 11371                    2.362153e+07 2.3712e+07  0.38%  41.6  478s
H19699 10802                    2.364226e+07 2.3701e+07  0.25%  41.6  478s
H19699 10262                    2.364258e+07 2.3701e+07  0.25%  41.6  478s
H19699  9749                    2.364474e+07 2.3701e+07  0.24%  41.6  478s
H19699  9261                    2.366159e+07 2.3701e+07  0.17%  41.6  478s
H19699  8798                    2.366697e+07 2.3701e+07  0.14%  41.6  478s
H19699  8358                    2.367100e+07 2.3701e+07  0.13%  41.6  478s
H19699  7940                    2.368022e+07 2.3701e+07  0.09%  41.6  478s
H19699  7543                    2.368141e+07 2.3701e+07  0.08%  41.6  478s

Cutting planes:
  Cover: 6
  Implied bound: 81
  MIR: 325
  Flow cover: 328
  Relax-and-lift: 440

Explored 19699 nodes (936591 simplex iterations) in 479.53 seconds (510.28 work units)
Thread count was 48 (of 192 available processors)

Solution count 10: 2.36814e+07 2.36802e+07 2.3671e+07 ... 2.36215e+07

Optimal solution found (tolerance 2.00e-03)
Best objective 2.368140887506e+07, best bound 2.370100365355e+07, gap 0.0827%
Deleted nodefile directory: /scratch-local/lbeemster.22636349/gurobi_stress_vol4.0_1.0_price_lt_run1
Saved model snapshot to study_case_model/figures/volatility_stress/07052026/vol4.0_1.0_price_lt/sub45.0/run1/model_snapshot.pkl
  Objective: 23681408.88
  Avg H2 production: 1.2784084994107845
  Scenario obj std: 7815154.32794704
  CVaR 5%: 12254242.650737181
  Worst scenario: 12253206.325852538

============================================================
Volatility multiplier: 8.0x
============================================================
Read LP format model from file /scratch-local/lbeemster.22636349/tmprq64i1hf.pyomo.lp
Reading time = 0.66 seconds
x1: 178177 rows, 50626 columns, 1021376 nonzeros
Set parameter OutputFlag to value 1
Set parameter MIPGap to value 0.002
Set parameter Threads to value 48
Set parameter Presolve to value 1
Set parameter Cuts to value 1
Set parameter NodefileStart to value 1
Set parameter NodefileDir to value "/scratch-local/lbeemster.22636349/gurobi_stress_vol8.0_1.0_price_lt_run1"
Set parameter MemLimit to value 60
Gurobi Optimizer version 12.0.3 build v12.0.3rc0 (linux64 - "Red Hat Enterprise Linux 9.6 (Plow)")

CPU model: AMD EPYC 9654 96-Core Processor, instruction set [SSE2|AVX|AVX2|AVX512]
Thread count: 192 physical cores, 192 logical processors, using up to 48 threads

Non-default parameters:
MemLimit  60
MIPGap  0.002
NodefileStart  1
Cuts  1
Presolve  1
Threads  48

Academic license 2514514 - for non-commercial use only - registered to l.___@student.vu.nl
Optimize a model with 178177 rows, 50626 columns and 1021376 nonzeros
Model fingerprint: 0xd5cd62b3
Variable types: 40002 continuous, 10624 integer (10624 binary)
Coefficient statistics:
  Matrix range     [1e-06, 1e+05]
  Objective range  [2e+00, 3e+04]
  Bounds range     [1e+00, 1e+00]
  RHS range        [3e-01, 2e+05]
Presolve removed 79089 rows and 25526 columns
Presolve time: 1.57s
Presolved: 99088 rows, 25100 columns, 651010 nonzeros
Variable types: 19292 continuous, 5808 integer (5808 binary)
Found heuristic solution: objective -5.05038e+09

Deterministic concurrent LP optimizer: primal simplex, dual simplex, and barrier
Showing barrier log only...

Root barrier log...

Ordering time: 0.35s

Barrier statistics:
 Dense cols : 132
 AA' NZ     : 7.836e+06
 Factor NZ  : 9.163e+06 (roughly 120 MB of memory)
 Factor Ops : 1.161e+09 (less than 1 second per iteration)
 Threads    : 46

                  Objective                Residual
Iter       Primal          Dual         Primal    Dual     Compl     Time
   0  -2.89202769e+12  3.38881317e+14  2.97e+05 1.10e+05  5.05e+10     4s
   1  -1.81235278e+12  2.10546191e+14  1.68e+05 8.53e+05  2.20e+10     4s
   2  -5.18854450e+11  1.31729535e+14  4.52e+04 2.80e+04  6.05e+09     4s
   3  -3.94953307e+10  3.40110548e+13  2.44e+03 8.36e+01  4.83e+08     4s
   4  -1.74014542e+10  8.17522951e+12  5.35e+02 1.99e-06  9.97e+07     4s
   5  -1.09874169e+10  2.30714198e+12  1.12e+02 4.21e-07  2.31e+07     4s
   6  -6.66120125e+09  9.69148507e+11  5.06e+01 1.63e-07  9.29e+06     4s
   7  -2.10917851e+09  5.56024695e+11  2.44e+01 8.37e-08  4.99e+06     5s
   8  -8.81074609e+08  2.92657189e+11  6.72e+00 5.01e-08  2.35e+06     5s
   9  -2.70460843e+08  9.18291716e+10  1.50e+00 3.05e-08  7.04e+05     5s
  10  -8.38781680e+06  2.71039166e+10  5.40e-02 7.35e-08  1.95e+05     5s
  11   1.25401517e+07  1.81499528e+09  5.25e-09 1.44e-08  1.29e+04     5s
  12   1.39668420e+07  7.91831623e+08  3.12e-09 5.75e-09  5.56e+03     5s
  13   1.64008443e+07  4.09613553e+08  2.19e-09 2.64e-09  2.81e+03     5s
  14   1.93357471e+07  2.09353732e+08  2.22e-09 1.29e-09  1.36e+03     5s
  15   2.15255071e+07  1.17049971e+08  1.89e-09 9.31e-10  6.82e+02     5s
  16   2.39104987e+07  6.41780235e+07  1.52e-09 9.31e-10  2.88e+02     5s
  17   2.51672137e+07  5.06306731e+07  1.36e-09 9.31e-10  1.82e+02     5s
  18   2.61618738e+07  3.83338977e+07  1.70e-09 9.31e-10  8.69e+01     5s
  19   2.66963971e+07  3.13293167e+07  2.59e-09 1.40e-09  3.31e+01     5s
  20   2.69799840e+07  2.91722946e+07  3.59e-09 9.31e-10  1.57e+01     6s
  21   2.71076386e+07  2.88228402e+07  5.05e-09 9.31e-10  1.22e+01     6s
  22   2.72293398e+07  2.83290410e+07  7.03e-09 9.31e-10  7.85e+00     6s
  23   2.72797996e+07  2.80500787e+07  8.82e-09 9.31e-10  5.50e+00     6s
  24   2.73646285e+07  2.77933993e+07  1.92e-08 9.31e-10  3.06e+00     6s
  25   2.74153017e+07  2.76460174e+07  2.70e-08 1.86e-09  1.65e+00     6s
  26   2.74354067e+07  2.75919263e+07  3.18e-08 9.31e-10  1.12e+00     6s
  27   2.74664587e+07  2.75559334e+07  8.14e-08 9.31e-10  6.39e-01     6s
  28   2.74784806e+07  2.75368069e+07  5.86e-08 9.31e-10  4.16e-01     6s
  29   2.74903369e+07  2.75172973e+07  7.57e-08 1.86e-09  1.92e-01     6s

Barrier performed 29 iterations in 6.17 seconds (5.36 work units)
Barrier solve interrupted - model solved by another algorithm

Concurrent spin time: 1.22s (can be avoided by choosing Method=3)

Solved with dual simplex

Root relaxation: objective 2.750046e+07, 35720 iterations, 3.86 seconds (2.73 work units)

    Nodes    |    Current Node    |     Objective Bounds      |     Work
 Expl Unexpl |  Obj  Depth IntInf | Incumbent    BestBd   Gap | It/Node Time

     0     0 2.7500e+07    0  310 -5.050e+09 2.7500e+07   101%     -    7s
H    0     0                    -1.86325e+09 2.7500e+07   101%     -    8s
H    0     0                    -1.83940e+09 2.7468e+07   101%     -   10s
     0     0 2.7468e+07    0  434 -1.839e+09 2.7468e+07   101%     -   10s
H    0     0                    -1.80150e+09 2.7468e+07   102%     -   10s
     0     0 2.7468e+07    0  472 -1.801e+09 2.7468e+07   102%     -   10s
     0     0 2.7468e+07    0  472 -1.801e+09 2.7468e+07   102%     -   10s
H    0     0                    -1.80149e+09 2.7468e+07   102%     -   11s
     0     0 2.7466e+07    0  453 -1.801e+09 2.7466e+07   102%     -   12s
     0     0 2.7466e+07    0  467 -1.801e+09 2.7466e+07   102%     -   12s
     0     0 2.7466e+07    0  478 -1.801e+09 2.7466e+07   102%     -   13s
     0     0 2.7466e+07    0  480 -1.801e+09 2.7466e+07   102%     -   13s
     0     0 2.7448e+07    0  447 -1.801e+09 2.7448e+07   102%     -   16s
H    0     0                    -1.75380e+09 2.7448e+07   102%     -   16s
     0     0 2.7448e+07    0  476 -1.754e+09 2.7448e+07   102%     -   16s
     0     0 2.7448e+07    0  475 -1.754e+09 2.7448e+07   102%     -   17s
     0     0 2.7448e+07    0  479 -1.754e+09 2.7448e+07   102%     -   17s
H    0     0                    -1.59459e+09 2.7448e+07   102%     -   19s
     0     0 2.7439e+07    0  474 -1.595e+09 2.7439e+07   102%     -   19s
H    0     0                    -1.56073e+09 2.7439e+07   102%     -   22s
H    0     0                    -1.55196e+09 2.7439e+07   102%     -   22s
H    0     0                    -1.55135e+09 2.7439e+07   102%     -   22s
     0     0 2.7439e+07    0  491 -1.551e+09 2.7439e+07   102%     -   22s
     0     0 2.7439e+07    0  495 -1.551e+09 2.7439e+07   102%     -   22s
     0     0 2.7439e+07    0  503 -1.551e+09 2.7439e+07   102%     -   23s
     0     0 2.7439e+07    0  509 -1.551e+09 2.7439e+07   102%     -   23s
     0     0 2.7434e+07    0  409 -1.551e+09 2.7434e+07   102%     -   25s
H    0     0                    -1.54787e+09 2.7434e+07   102%     -   26s
     0     0 2.7434e+07    0  432 -1.548e+09 2.7434e+07   102%     -   26s
     0     0 2.7434e+07    0  445 -1.548e+09 2.7434e+07   102%     -   26s
     0     0 2.7434e+07    0  446 -1.548e+09 2.7434e+07   102%     -   26s
H    0     0                    -1.27549e+09 2.7425e+07   102%     -   28s
     0     0 2.7425e+07    0  420 -1.275e+09 2.7425e+07   102%     -   28s
H    0     0                    -1.15241e+09 2.7425e+07   102%     -   29s
     0     0 2.7425e+07    0  445 -1.152e+09 2.7425e+07   102%     -   29s
     0     0 2.7425e+07    0  455 -1.152e+09 2.7425e+07   102%     -   29s
     0     0 2.7423e+07    0  412 -1.152e+09 2.7423e+07   102%     -   31s
H    0     0                    -9.57443e+08 2.7423e+07   103%     -   32s
     0     0 2.7423e+07    0  416 -9.574e+08 2.7423e+07   103%     -   32s
     0     0 2.7423e+07    0  427 -9.574e+08 2.7423e+07   103%     -   32s
     0     0 2.7422e+07    0  389 -9.574e+08 2.7422e+07   103%     -   34s
H    0     0                    -9.42012e+08 2.7422e+07   103%     -   35s
H    0     0                    -8.33669e+08 2.7422e+07   103%     -   35s
     0     0 2.7422e+07    0  411 -8.337e+08 2.7422e+07   103%     -   35s
     0     0 2.7422e+07    0  391 -8.337e+08 2.7422e+07   103%     -   35s
     0     0 2.7422e+07    0  391 -8.337e+08 2.7422e+07   103%     -   36s
     0     0 2.7417e+07    0  368 -8.337e+08 2.7417e+07   103%     -   37s
     0     0 2.7417e+07    0  371 -8.337e+08 2.7417e+07   103%     -   37s
     0     0 2.7417e+07    0  363 -8.337e+08 2.7417e+07   103%     -   38s
H    0     0                    -7.97654e+08 2.7417e+07   103%     -   38s
     0     0 2.7417e+07    0  365 -7.977e+08 2.7417e+07   103%     -   39s
     0     0 2.7417e+07    0  358 -7.977e+08 2.7417e+07   103%     -   39s
     0     0 2.7417e+07    0  358 -7.977e+08 2.7417e+07   103%     -   43s
H    0     0                    -7.69231e+08 2.7417e+07   104%     -   44s
H    0     0                    -7.59034e+08 2.7417e+07   104%     -   49s
H    0     0                    -7.52431e+08 2.7417e+07   104%     -   50s
H    0     0                    -4.87474e+08 2.7417e+07   106%     -   57s
H    0     0                    -4.87474e+08 2.7417e+07   106%     -   59s
H    0     0                    -4.82021e+08 2.7417e+07   106%     -   60s
H    0     0                    -4.82013e+08 2.7417e+07   106%     -   60s
     0     2 2.7417e+07    0  358 -4.820e+08 2.7417e+07   106%     -   62s
H   38    64                    -4.82013e+08 2.7417e+07   106%   109   64s
    56    64 2.7415e+07    5  343 -4.820e+08 2.7417e+07   106%  98.4   65s
   570   619 2.7415e+07   15  327 -4.820e+08 2.7417e+07   106%  73.3   70s
H  572   619                    -4.59214e+08 2.7417e+07   106%  73.1   70s
H  597   619                    -4.36204e+08 2.7417e+07   106%  72.8   70s
H  601   619                    -4.36204e+08 2.7417e+07   106%  72.5   70s
H  605   619                    -4.34967e+08 2.7417e+07   106%  72.5   70s
H 1198  1247                    -4.27710e+08 2.7417e+07   106%  68.1   80s
H 1199  1247                    -3.91376e+08 2.7417e+07   107%  68.0   80s
  1246  1369 2.7415e+07   27  310 -3.914e+08 2.7417e+07   107%  66.9   85s
H 1257  1369                    -3.51434e+08 2.7417e+07   108%  66.9   85s
H 1275  1369                    -3.15896e+08 2.7417e+07   109%  67.1   85s
H 1294  1369                    -2.99693e+08 2.7417e+07   109%  67.0   85s
H 1300  1369                    -2.39911e+08 2.7417e+07   111%  66.9   85s
  2663  3925 2.7414e+07   48  306 -2.399e+08 2.7417e+07   111%  63.5   94s
H 2721  3925                    -1.23906e+08 2.7417e+07   122%  63.1   94s
H 3534  3925                    -1.05248e+08 2.7417e+07   126%  59.4   94s
  3924  5620 2.7414e+07   71  290 -1.052e+08 2.7417e+07   126%  58.0   99s
H 5657  6981                    -8.80044e+07 2.7417e+07   131%  56.1  104s
H 5838  6901                    -7.07744e+07 2.7417e+07   139%  55.8  104s
H 6353  6901                    -6.98783e+07 2.7417e+07   139%  55.7  104s
H 6753  6901                    -6.98759e+07 2.7417e+07   139%  54.1  104s
  7086  8251 2.7412e+07  106  238 -6.988e+07 2.7417e+07   139%  53.1  109s
H 7088  8251                    -6.96345e+07 2.7417e+07   139%  53.1  109s
H 7115  8251                    -6.96268e+07 2.7417e+07   139%  53.2  109s
H 7373  8251                    -6.95966e+07 2.7417e+07   139%  53.5  109s
H 7399  8251                    -6.95873e+07 2.7417e+07   139%  53.5  109s
H 7768  8251                    -6.95857e+07 2.7417e+07   139%  53.9  109s
H 8074  7872                    -6.26863e+07 2.7417e+07   144%  53.1  109s
  8732 10087 2.7412e+07  128  202 -6.269e+07 2.7417e+07   144%  51.5  115s
H11044  9670                    -4.61183e+07 2.7417e+07   159%  46.5  123s
H11046  9667                    -4.17724e+07 2.7417e+07   166%  46.5  123s
H11047  9667                    -3.65181e+07 2.7417e+07   175%  46.5  123s
H11057  9667                    -3.45052e+07 2.7417e+07   179%  46.5  123s
H11059  9667                    -3.37839e+07 2.7417e+07   181%  46.5  123s
H11063  9663                    -3.29292e+07 2.7417e+07   183%  46.5  124s
H11067  9663                    -3.29227e+07 2.7417e+07   183%  46.5  124s
H11083  9663                    -3.15014e+07 2.7417e+07   187%  46.5  124s
 11092 11944 2.7330e+07  161  200 -3.150e+07 2.7417e+07   187%  46.5  129s
H13400 11775                    -3.00622e+07 2.7417e+07   191%  43.6  138s
H13401 11651                    -1.44435e+07 2.7417e+07   290%  43.6  138s
H13404 10343                    2.568404e+07 2.7417e+07  6.75%  43.6  138s
H13468 10343                    2.572982e+07 2.7417e+07  6.56%  43.5  138s
H13468 10343                    2.701138e+07 2.7417e+07  1.50%  43.5  138s
 13502 12639 2.7368e+07  197  170 2.7011e+07 2.7417e+07  1.50%  43.5  143s
 15914 14541 2.7387e+07  249  153 2.7011e+07 2.7417e+07  1.50%  42.6  151s
H15915 14541                    2.711248e+07 2.7417e+07  1.12%  42.6  151s
H15952 14432                    2.719015e+07 2.7417e+07  0.83%  42.5  151s
H16298 14303                    2.720341e+07 2.7417e+07  0.78%  41.9  151s
H17835 13960                    2.724074e+07 2.7417e+07  0.65%  40.8  156s
H17835 13960                    2.724099e+07 2.7417e+07  0.64%  40.8  158s
H17835 13960                    2.724270e+07 2.7417e+07  0.64%  40.8  160s
H17835 13960                    2.724279e+07 2.7417e+07  0.64%  40.8  164s
H17835 13957                    2.724381e+07 2.7417e+07  0.63%  40.8  165s
H17835 13885                    2.725346e+07 2.7417e+07  0.60%  40.8  165s
H17835 13885                    2.725375e+07 2.7417e+07  0.60%  40.8  166s
H17835 13666                    2.727634e+07 2.7417e+07  0.51%  40.8  171s
H17835 13640                    2.727721e+07 2.7417e+07  0.51%  40.8  172s
 17836 13627 2.7416e+07   10  358 2.7277e+07 2.7417e+07  0.51%  40.7  182s
H17837 12946                    2.733160e+07 2.7417e+07  0.31%  40.7  289s
H17837 12299                    2.733464e+07 2.7398e+07  0.23%  40.7  289s
H17837 11684                    2.733470e+07 2.7398e+07  0.23%  40.7  289s
H17837 11100                    2.734133e+07 2.7398e+07  0.21%  40.7  289s
H17837 10545                    2.735735e+07 2.7398e+07  0.15%  40.7  289s
H17837 10017                    2.735781e+07 2.7398e+07  0.15%  40.7  289s
H17837  9516                    2.735789e+07 2.7398e+07  0.15%  40.7  289s
H17837  9041                    2.735801e+07 2.7398e+07  0.15%  40.7  289s
H17837  8589                    2.735816e+07 2.7398e+07  0.14%  40.7  289s
H17837  8159                    2.737077e+07 2.7398e+07  0.10%  40.7  289s
H17837  7751                    2.737188e+07 2.7398e+07  0.09%  40.7  289s
H17837  7364                    2.737239e+07 2.7398e+07  0.09%  40.7  289s
H17837  6995                    2.738594e+07 2.7398e+07  0.04%  40.7  289s
H17837  6646                    2.738674e+07 2.7398e+07  0.04%  40.7  289s

Cutting planes:
  Cover: 1
  Implied bound: 62
  MIR: 261
  Flow cover: 350
  Relax-and-lift: 399

Explored 17837 nodes (811515 simplex iterations) in 289.49 seconds (336.87 work units)
Thread count was 48 (of 192 available processors)

Solution count 10: 2.73867e+07 2.73859e+07 2.73724e+07 ... 2.73573e+07

Optimal solution found (tolerance 2.00e-03)
Best objective 2.738674181269e+07, best bound 2.739779891026e+07, gap 0.0404%
Deleted nodefile directory: /scratch-local/lbeemster.22636349/gurobi_stress_vol8.0_1.0_price_lt_run1
Saved model snapshot to study_case_model/figures/volatility_stress/07052026/vol8.0_1.0_price_lt/sub45.0/run1/model_snapshot.pkl
  Objective: 27386741.81
  Avg H2 production: 1.2425211337468696
  Scenario obj std: 16254082.529735424
  CVaR 5%: 4208804.722103223
  Worst scenario: 4191610.93148518

============================================================
Volatility multiplier: 16.0x
============================================================
Read LP format model from file /scratch-local/lbeemster.22636349/tmp6kw0yg5y.pyomo.lp
Reading time = 0.71 seconds
x1: 178177 rows, 50626 columns, 1021376 nonzeros
Set parameter OutputFlag to value 1
Set parameter MIPGap to value 0.002
Set parameter Threads to value 48
Set parameter Presolve to value 1
Set parameter Cuts to value 1
Set parameter NodefileStart to value 1
Set parameter NodefileDir to value "/scratch-local/lbeemster.22636349/gurobi_stress_vol16.0_1.0_price_lt_run1"
Set parameter MemLimit to value 60
Gurobi Optimizer version 12.0.3 build v12.0.3rc0 (linux64 - "Red Hat Enterprise Linux 9.6 (Plow)")

CPU model: AMD EPYC 9654 96-Core Processor, instruction set [SSE2|AVX|AVX2|AVX512]
Thread count: 192 physical cores, 192 logical processors, using up to 48 threads

Non-default parameters:
MemLimit  60
MIPGap  0.002
NodefileStart  1
Cuts  1
Presolve  1
Threads  48

Academic license 2514514 - for non-commercial use only - registered to l.___@student.vu.nl
Optimize a model with 178177 rows, 50626 columns and 1021376 nonzeros
Model fingerprint: 0xb7b1ceb6
Variable types: 40002 continuous, 10624 integer (10624 binary)
Coefficient statistics:
  Matrix range     [1e-06, 1e+05]
  Objective range  [2e+00, 3e+04]
  Bounds range     [1e+00, 1e+00]
  RHS range        [3e-01, 2e+05]
Presolve removed 83593 rows and 26662 columns
Presolve time: 1.52s
Presolved: 94584 rows, 23964 columns, 621384 nonzeros
Variable types: 18420 continuous, 5544 integer (5544 binary)
Found heuristic solution: objective -5.04074e+09

Deterministic concurrent LP optimizer: primal simplex, dual simplex, and barrier
Showing barrier log only...

Root barrier log...

Ordering time: 0.36s

Barrier statistics:
 Dense cols : 126
 AA' NZ     : 7.479e+06
 Factor NZ  : 8.751e+06 (roughly 120 MB of memory)
 Factor Ops : 1.109e+09 (less than 1 second per iteration)
 Threads    : 46

                  Objective                Residual
Iter       Primal          Dual         Primal    Dual     Compl     Time
   0  -2.89191768e+12  4.31300179e+14  2.97e+05 1.47e+05  6.73e+10     4s
   1  -1.81350509e+12  2.67969163e+14  1.68e+05 1.14e+06  2.94e+10     4s
   2  -5.18928259e+11  1.67662363e+14  4.52e+04 3.74e+04  8.07e+09     4s
   3  -3.98709661e+10  4.32930632e+13  2.44e+03 1.12e+02  6.44e+08     4s
   4  -1.80416951e+10  1.04093102e+13  5.37e+02 3.47e-06  1.33e+08     4s
   5  -1.18492652e+10  2.88017191e+12  1.15e+02 7.26e-07  3.06e+07     4s
   6  -7.22159089e+09  1.16788207e+12  4.08e+01 2.61e-07  1.13e+07     4s
   7  -3.24811373e+09  7.30414407e+11  2.30e+01 1.57e-07  6.76e+06     4s
   8  -2.17275991e+09  3.26618834e+11  1.11e+01 6.78e-08  3.01e+06     4s
   9  -6.38798145e+08  1.17874018e+11  2.33e+00 4.26e-08  9.84e+05     5s
  10  -3.30835284e+07  4.76789056e+10  1.04e-01 1.01e-07  3.60e+05     5s
  11   1.82736341e+07  7.33253447e+09  2.44e-05 1.58e-08  5.47e+04     5s
  12   2.05282805e+07  1.32625414e+09  1.09e-06 9.62e-09  9.77e+03     5s

Barrier performed 12 iterations in 4.78 seconds (4.12 work units)
Barrier solve interrupted - model solved by another algorithm

Concurrent spin time: 0.73s (can be avoided by choosing Method=3)

Solved with primal simplex

Root relaxation: objective 3.655396e+07, 30742 iterations, 2.17 seconds (1.54 work units)
Total elapsed time = 5.24s (DegenMoves)

    Nodes    |    Current Node    |     Objective Bounds      |     Work
 Expl Unexpl |  Obj  Depth IntInf | Incumbent    BestBd   Gap | It/Node Time

     0     0 3.6554e+07    0  255 -5.041e+09 3.6554e+07   101%     -    5s
H    0     0                    -5.04074e+09 3.6554e+07   101%     -    5s
H    0     0                    -3.34892e+09 3.6554e+07   101%     -    7s
     0     0 3.6537e+07    0  388 -3.349e+09 3.6537e+07   101%     -    7s
H    0     0                    -2.13267e+09 3.6537e+07   102%     -    8s
     0     0 3.6537e+07    0  397 -2.133e+09 3.6537e+07   102%     -    8s
     0     0 3.6533e+07    0  408 -2.133e+09 3.6533e+07   102%     -   10s
     0     0 3.6533e+07    0  416 -2.133e+09 3.6533e+07   102%     -   10s
     0     0 3.6533e+07    0  421 -2.133e+09 3.6533e+07   102%     -   11s
H    0     0                    -1.88423e+09 3.6533e+07   102%     -   12s
     0     0 3.6520e+07    0  400 -1.884e+09 3.6520e+07   102%     -   14s
     0     0 3.6520e+07    0  413 -1.884e+09 3.6520e+07   102%     -   16s
     0     0 3.6520e+07    0  425 -1.884e+09 3.6520e+07   102%     -   17s
     0     0 3.6520e+07    0  427 -1.884e+09 3.6520e+07   102%     -   17s
     0     0 3.6510e+07    0  403 -1.884e+09 3.6510e+07   102%     -   19s
     0     0 3.6508e+07    0  410 -1.884e+09 3.6508e+07   102%     -   21s
     0     0 3.6508e+07    0  419 -1.884e+09 3.6508e+07   102%     -   22s
     0     0 3.6508e+07    0  419 -1.884e+09 3.6508e+07   102%     -   22s
     0     0 3.6505e+07    0  371 -1.884e+09 3.6505e+07   102%     -   24s
H    0     0                    -1.17457e+09 3.6505e+07   103%     -   25s
     0     0 3.6505e+07    0  378 -1.175e+09 3.6505e+07   103%     -   25s
     0     0 3.6505e+07    0  388 -1.175e+09 3.6505e+07   103%     -   25s
     0     0 3.6505e+07    0  395 -1.175e+09 3.6505e+07   103%     -   25s
     0     0 3.6505e+07    0  396 -1.175e+09 3.6505e+07   103%     -   25s
     0     0 3.6503e+07    0  367 -1.175e+09 3.6503e+07   103%     -   27s
H    0     0                    -8.20449e+08 3.6503e+07   104%     -   28s
     0     0 3.6502e+07    0  371 -8.204e+08 3.6502e+07   104%     -   28s
     0     0 3.6502e+07    0  389 -8.204e+08 3.6502e+07   104%     -   28s
     0     0 3.6502e+07    0  393 -8.204e+08 3.6502e+07   104%     -   28s
     0     0 3.6500e+07    0  362 -8.204e+08 3.6500e+07   104%     -   30s
     0     0 3.6500e+07    0  353 -8.204e+08 3.6500e+07   104%     -   30s
     0     0 3.6500e+07    0  359 -8.204e+08 3.6500e+07   104%     -   31s
     0     0 3.6500e+07    0  354 -8.204e+08 3.6500e+07   104%     -   31s
     0     0 3.6500e+07    0  359 -8.204e+08 3.6500e+07   104%     -   31s
     0     0 3.6500e+07    0  358 -8.204e+08 3.6500e+07   104%     -   31s
     0     0 3.6499e+07    0  340 -8.204e+08 3.6499e+07   104%     -   32s
H    0     0                    -8.02388e+08 3.6499e+07   105%     -   33s
     0     0 3.6499e+07    0  336 -8.024e+08 3.6499e+07   105%     -   33s
     0     0 3.6499e+07    0  338 -8.024e+08 3.6499e+07   105%     -   34s
     0     0 3.6499e+07    0  337 -8.024e+08 3.6499e+07   105%     -   34s
     0     0 3.6497e+07    0  326 -8.024e+08 3.6497e+07   105%     -   34s
     0     0 3.6497e+07    0  329 -8.024e+08 3.6497e+07   105%     -   35s
     0     0 3.6497e+07    0  327 -8.024e+08 3.6497e+07   105%     -   36s
     0     0 3.6497e+07    0  332 -8.024e+08 3.6497e+07   105%     -   36s
     0     0 3.6497e+07    0  323 -8.024e+08 3.6497e+07   105%     -   37s
     0     0 3.6497e+07    0  323 -8.024e+08 3.6497e+07   105%     -   41s
H    0     0                    -7.42651e+08 3.6497e+07   105%     -   42s
H    0     0                    -7.15164e+08 3.6497e+07   105%     -   43s
H    0     0                    -6.40518e+08 3.6497e+07   106%     -   45s
H    0     0                    -6.40494e+08 3.6497e+07   106%     -   48s
     0     2 3.6497e+07    0  323 -6.405e+08 3.6497e+07   106%     -   49s
     1     4 3.6496e+07    1  323 -6.405e+08 3.6497e+07   106%  2800   50s
H   33    64                    -6.40494e+08 3.6496e+07   106%   137   52s
H  131   348                    -6.35204e+08 3.6496e+07   106%  68.9   54s
H  239   348                    -6.34520e+08 3.6495e+07   106%  58.7   54s
H  244   348                    -6.33812e+08 3.6495e+07   106%  58.3   54s
   440   608 3.6474e+07   11  340 -6.338e+08 3.6495e+07   106%  57.0   55s
H  795   993                    -5.65899e+08 3.6495e+07   106%  60.0   57s
H  822   993                    -5.53673e+08 3.6495e+07   107%  59.8   57s
H  832   993                    -4.28881e+08 3.6495e+07   109%  59.7   57s
H  911   993                    -4.28173e+08 3.6495e+07   109%  60.0   57s
H  976   993                    -4.24756e+08 3.6495e+07   109%  59.7   57s
  1300  1349 3.6460e+07   24  336 -4.248e+08 3.6495e+07   109%  60.2   60s
  1348  1397 3.6460e+07   25  334 -4.248e+08 3.6495e+07   109%  61.0   65s
H 1349  1397                    -3.83035e+08 3.6495e+07   110%  60.9   65s
H 1363  1397                    -3.37422e+08 3.6495e+07   111%  61.1   65s
H 1373  1397                    -2.89979e+08 3.6495e+07   113%  61.1   65s
H 1444  1493                    -2.72487e+08 3.6495e+07   113%  60.7   70s
H 1445  1493                    -2.60455e+08 3.6495e+07   114%  60.7   70s
H 1447  1493                    -2.40482e+08 3.6495e+07   115%  60.7   70s
H 1482  1493                    -2.36769e+08 3.6495e+07   115%  61.0   70s
  2831  3059 3.6449e+07   49  310 -2.368e+08 3.6495e+07   115%  56.5   76s
H 2838  3059                    -2.31836e+08 3.6495e+07   116%  56.5   76s
H 2858  3059                    -2.22690e+08 3.6495e+07   116%  56.5   76s
H 2951  3059                    -2.22567e+08 3.6495e+07   116%  56.7   76s
H 4688  4941                    -2.21902e+08 3.6495e+07   116%  49.6   79s
  4940  5410 3.6411e+07   68  310 -2.219e+08 3.6495e+07   116%  48.4   81s
H 6183  6198                    -1.70546e+08 3.6495e+07   121%  45.9   82s
H 8084  8173                    -1.46775e+08 3.6495e+07   125%  41.9   86s
H 8090  8105                    -1.44145e+08 3.6495e+07   125%  41.9   86s
H 8525  7534                    -1.05567e+08 3.6495e+07   135%  41.2   86s
 10133  9410 2.7143e+07  105  256 -1.056e+08 3.6495e+07   135%  40.8   90s
H13025 11535                    -1.03775e+08 3.6495e+07   135%  37.9   93s
 14154 13423 2.7139e+07  137  199 -1.038e+08 3.6495e+07   135%  37.4   95s
*14619 12982             551    -8.86624e+07 3.6495e+07   141%  37.7   95s
*14623 12982             554    -8.86560e+07 3.6495e+07   141%  37.7   95s
H17721 13219                    -3.43689e+07 3.6495e+07   206%  37.1  105s
 17722 13170 3.6474e+07  102  323 -3.437e+07 3.6495e+07   206%  37.1  119s
H17723 12512                    -3.43646e+07 3.6495e+07   206%  37.1  214s
H17723 11886                    -1.73554e+07 3.6495e+07   310%  37.1  214s
H17723 11292                    476792.87476 3.6495e+07  7554%  37.1  214s
H17723 10727                    1135948.9569 3.6495e+07  3113%  37.1  214s
H17723 10191                    1202883.7397 3.6495e+07  2934%  37.1  214s
H17723  9681                    8269309.2927 3.6495e+07   341%  37.1  214s
H17723  9197                    8336125.6857 3.6495e+07   338%  37.1  214s
H17723  8737                    8390338.1015 3.6495e+07   335%  37.1  214s
H17723  8301                    8457154.4945 3.6495e+07   332%  37.1  214s
H17723  7885                    8457311.4475 3.6495e+07   332%  37.1  214s
 17725  7886 3.6468e+07   18  278 8457311.45 3.6495e+07   332%  37.1  219s
H17725  7492                    3.589831e+07 3.6495e+07  1.66%  37.1  219s
 17726  7493 3.6440e+07  184  280 3.5898e+07 3.6495e+07  1.66%  37.1  220s
H17730  7120                    3.591747e+07 3.6495e+07  1.61%  37.1  268s
 17732  7122 3.6433e+07   19  340 3.5917e+07 3.6492e+07  1.60%  37.1  270s
H17734  6767                    3.624462e+07 3.6486e+07  0.67%  37.1  346s
H17734  6428                    3.624584e+07 3.6486e+07  0.66%  37.1  346s
H17734  6107                    3.624635e+07 3.6486e+07  0.66%  37.1  346s
H17734  5801                    3.624641e+07 3.6486e+07  0.66%  37.1  346s
 17737  5803 3.6484e+07   16  327 3.6246e+07 3.6484e+07  0.66%  37.1  350s
H17738  5514                    3.627509e+07 3.6484e+07  0.58%  37.1  413s
H17738  5238                    3.628145e+07 3.6484e+07  0.56%  37.1  413s
H17738  4975                    3.629007e+07 3.6484e+07  0.53%  37.1  413s
H17738  4726                    3.629663e+07 3.6484e+07  0.52%  37.1  413s
H17738  4490                    3.629870e+07 3.6484e+07  0.51%  37.1  413s
 17740  4491 3.6484e+07   15  321 3.6299e+07 3.6484e+07  0.51%  37.0  416s
H17742  4267                    3.632266e+07 3.6484e+07  0.44%  37.0  484s
H17743  4054                    3.639204e+07 3.6483e+07  0.25%  37.0  488s
 17747  4057 3.6457e+07    7  375 3.6392e+07 3.6483e+07  0.25%  37.0  545s
H17751  3857                    3.639282e+07 3.6483e+07  0.25%  40.5  668s
H17751  3665                    3.640425e+07 3.6483e+07  0.22%  40.5  668s
H17751  3481                    3.641791e+07 3.6483e+07  0.18%  40.5  668s
H17751  3307                    3.641808e+07 3.6469e+07  0.14%  40.5  669s
H17751  3142                    3.643645e+07 3.6469e+07  0.09%  40.5  669s
H17751  2985                    3.644041e+07 3.6469e+07  0.08%  40.5  669s
H17751  2835                    3.644826e+07 3.6469e+07  0.06%  40.5  669s

Cutting planes:
  Gomory: 1
  Implied bound: 90
  MIR: 217
  Flow cover: 204
  Relax-and-lift: 405

Explored 17751 nodes (792675 simplex iterations) in 670.45 seconds (721.53 work units)
Thread count was 48 (of 192 available processors)

Solution count 10: 3.64483e+07 3.64483e+07 3.64404e+07 ... 3.63227e+07

Optimal solution found (tolerance 2.00e-03)
Best objective 3.644825950911e+07, best bound 3.646924118049e+07, gap 0.0576%
Deleted nodefile directory: /scratch-local/lbeemster.22636349/gurobi_stress_vol16.0_1.0_price_lt_run1
Saved model snapshot to study_case_model/figures/volatility_stress/07052026/vol16.0_1.0_price_lt/sub45.0/run1/model_snapshot.pkl
  Objective: 36448259.51
  Avg H2 production: 1.103629326036767
  Scenario obj std: 31223530.36435708
  CVaR 5%: -537910.6675259436
  Worst scenario: -585987.5084082377

Results saved to study_case_model/figures/volatility_stress/07052026/stress_test_results_45_1.0_price_shock_lt_1_.csv

================================================================================
STRESS TEST SUMMARY
================================================================================
    1.0x vol: obj= 21121703.61, loss=0.0%, H2=    1.91, CVaR5=18383312.616556242
    2.0x vol: obj= 21916367.14, loss=-3.8%, H2=    1.84, CVaR5=16336303.742901592
    4.0x vol: obj= 23681408.88, loss=-12.1%, H2=    1.28, CVaR5=12254242.650737181
    8.0x vol: obj= 27386741.81, loss=-29.7%, H2=    1.24, CVaR5=4208804.722103223
   16.0x vol: obj= 36448259.51, loss=-72.6%, H2=    1.10, CVaR5=-537910.6675259436

Finished stress test!
