Gurobi shell based on Python 3.13.1 can be launched with command `gurobi.sh`
Gurobi Python Interface can be loaded in Python 3.13.1 with 'import gurobipy'
/var/spool/slurm/slurmd/job22625985/slurm_script: line 24: activate: No such file or directory
Stress test configuration:
  Volatility multipliers: [1.0, 2.0, 4.0, 8.0, 16.0]
  Shock type: price_lt
  Price Correlated shocks: 0.8
  Subsidy: 30.0 EUR/MWh
  Deviation allowance: 0.0

============================================================
Volatility multiplier: 1.0x
============================================================
Read LP format model from file /scratch-local/lbeemster.22625985/tmpzlgom1sc.pyomo.lp
Reading time = 0.68 seconds
x1: 178177 rows, 50626 columns, 1021376 nonzeros
Set parameter OutputFlag to value 1
Set parameter MIPGap to value 0.002
Set parameter Threads to value 48
Set parameter Presolve to value 1
Set parameter Cuts to value 1
Set parameter NodefileStart to value 1
Set parameter NodefileDir to value "/scratch-local/lbeemster.22625985/gurobi_stress_vol1.0_0.8_price_lt_run2"
Set parameter MemLimit to value 60
Gurobi Optimizer version 12.0.3 build v12.0.3rc0 (linux64 - "Red Hat Enterprise Linux 9.6 (Plow)")

CPU model: AMD EPYC 9654 96-Core Processor, instruction set [SSE2|AVX|AVX2|AVX512]
Thread count: 192 physical cores, 192 logical processors, using up to 48 threads

Non-default parameters:
MemLimit  60
MIPGap  0.002
NodefileStart  1
Cuts  1
Presolve  1
Threads  48

Academic license 2514514 - for non-commercial use only - registered to l.___@student.vu.nl
Optimize a model with 178177 rows, 50626 columns and 1021376 nonzeros
Model fingerprint: 0xf9396b0b
Variable types: 40002 continuous, 10624 integer (10624 binary)
Coefficient statistics:
  Matrix range     [1e-06, 1e+05]
  Objective range  [2e+00, 3e+04]
  Bounds range     [1e+00, 1e+00]
  RHS range        [3e-01, 2e+05]
Presolve removed 34049 rows and 14166 columns
Presolve time: 1.65s
Presolved: 144128 rows, 36460 columns, 945973 nonzeros
Variable types: 28012 continuous, 8448 integer (8448 binary)
Found heuristic solution: objective -4.36167e+09

Deterministic concurrent LP optimizer: primal simplex, dual simplex, and barrier
Showing barrier log only...

Root barrier log...

Ordering time: 2.40s

Barrier statistics:
 AA' NZ     : 1.286e+07
 Factor NZ  : 1.434e+07 (roughly 200 MB of memory)
 Factor Ops : 2.150e+09 (less than 1 second per iteration)
 Threads    : 46

                  Objective                Residual
Iter       Primal          Dual         Primal    Dual     Compl     Time
   0  -3.00524364e+12  1.66219684e+14  3.09e+05 3.68e+04  1.75e+10     7s
   1  -1.87860723e+12  1.04791486e+14  1.75e+05 2.84e+05  7.64e+09     7s
   2  -5.43543609e+11  6.97282762e+13  4.78e+04 1.11e+04  2.11e+09     7s
   3  -4.52076186e+10  1.98203728e+13  3.19e+03 1.36e+01  2.01e+08     7s
   4  -1.37178276e+10  5.21756632e+12  5.09e+02 1.95e-07  3.89e+07     7s
   5  -8.32565160e+09  1.38925447e+12  1.23e+02 1.07e-07  9.31e+06     7s
   6  -3.23745827e+09  5.12747884e+11  4.20e+01 3.19e-08  3.17e+06     7s
   7  -1.47562387e+09  3.23939146e+11  2.27e+01 3.13e-08  1.91e+06     7s
   8  -5.25533670e+08  1.62679701e+11  7.69e+00 1.83e-08  8.99e+05     7s
   9  -1.02806141e+08  7.07679566e+10  1.03e+00 1.06e-08  3.59e+05     7s
  10  -4.02614194e+06  1.29286843e+10  7.28e-02 4.73e-09  6.40e+04     7s

Barrier performed 10 iterations in 7.31 seconds (5.59 work units)
Barrier solve interrupted - model solved by another algorithm

Concurrent spin time: 1.86s (can be avoided by choosing Method=3)

Solved with primal simplex

Root relaxation: objective 2.132439e+07, 49868 iterations, 4.36 seconds (2.73 work units)

    Nodes    |    Current Node    |     Objective Bounds      |     Work
 Expl Unexpl |  Obj  Depth IntInf | Incumbent    BestBd   Gap | It/Node Time

     0     0 2.1324e+07    0  474 -4.362e+09 2.1324e+07   100%     -    9s
H    0     0                    -1.07418e+09 2.1324e+07   102%     -   10s
H    0     0                    -1.07418e+09 2.1324e+07   102%     -   11s
     0     0 2.1282e+07    0  573 -1.074e+09 2.1282e+07   102%     -   13s
     0     0 2.1282e+07    0  594 -1.074e+09 2.1282e+07   102%     -   14s
     0     0 2.1270e+07    0  555 -1.074e+09 2.1270e+07   102%     -   16s
     0     0 2.1270e+07    0  581 -1.074e+09 2.1270e+07   102%     -   17s
     0     0 2.1260e+07    0  497 -1.074e+09 2.1260e+07   102%     -   20s
     0     0 2.1260e+07    0  515 -1.074e+09 2.1260e+07   102%     -   21s
     0     0 2.1259e+07    0  529 -1.074e+09 2.1259e+07   102%     -   22s
     0     0 2.1259e+07    0  531 -1.074e+09 2.1259e+07   102%     -   22s
     0     0 2.1242e+07    0  500 -1.074e+09 2.1242e+07   102%     -   25s
     0     0 2.1241e+07    0  541 -1.074e+09 2.1241e+07   102%     -   26s
     0     0 2.1241e+07    0  548 -1.074e+09 2.1241e+07   102%     -   26s
     0     0 2.1241e+07    0  555 -1.074e+09 2.1241e+07   102%     -   27s
     0     0 2.1204e+07    0  443 -1.074e+09 2.1204e+07   102%     -   30s
H    0     0                    -9.58216e+08 2.1204e+07   102%     -   31s
     0     0 2.1204e+07    0  455 -9.582e+08 2.1204e+07   102%     -   31s
     0     0 2.1204e+07    0  458 -9.582e+08 2.1204e+07   102%     -   31s
     0     0 2.1198e+07    0  425 -9.582e+08 2.1198e+07   102%     -   34s
H    0     0                    -6.51898e+08 2.1198e+07   103%     -   35s
H    0     0                    -5.27260e+08 2.1198e+07   104%     -   41s
     0     0 2.1198e+07    0  437 -5.273e+08 2.1198e+07   104%     -   41s
     0     0 2.1198e+07    0  447 -5.273e+08 2.1198e+07   104%     -   42s
     0     0 2.1198e+07    0  452 -5.273e+08 2.1198e+07   104%     -   42s
     0     0 2.1191e+07    0  371 -5.273e+08 2.1191e+07   104%     -   44s
     0     0 2.1190e+07    0  374 -5.273e+08 2.1190e+07   104%     -   47s
     0     0 2.1190e+07    0  383 -5.273e+08 2.1190e+07   104%     -   47s
     0     0 2.1189e+07    0  335 -5.273e+08 2.1189e+07   104%     -   49s
     0     0 2.1189e+07    0  343 -5.273e+08 2.1189e+07   104%     -   50s
     0     0 2.1189e+07    0  337 -5.273e+08 2.1189e+07   104%     -   52s
     0     0 2.1189e+07    0  325 -5.273e+08 2.1189e+07   104%     -   54s
     0     0 2.1189e+07    0  318 -5.273e+08 2.1189e+07   104%     -   56s
     0     0 2.1189e+07    0  329 -5.273e+08 2.1189e+07   104%     -   56s
     0     0 2.1189e+07    0  325 -5.273e+08 2.1189e+07   104%     -   58s
     0     0 2.1189e+07    0  319 -5.273e+08 2.1189e+07   104%     -   63s
H    0     0                    -4.52832e+08 2.1189e+07   105%     -   66s
H    0     0                    -3.84888e+08 2.1189e+07   106%     -   76s
H    0     0                    -2.82200e+08 2.1189e+07   108%     -   80s
H    0     0                    -1.92344e+08 2.1189e+07   111%     -   87s
H    0     0                    -1.92343e+08 2.1189e+07   111%     -   90s
H    0     0                    -1.70214e+08 2.1189e+07   112%     -   90s
H    0     0                    -1.64601e+08 2.1189e+07   113%     -   90s
     0     2 2.1189e+07    0  307 -1.646e+08 2.1189e+07   113%     -   92s
    31    64 2.1189e+07    5  321 -1.646e+08 2.1189e+07   113%   195   97s
H   40    64                    -1.64601e+08 2.1189e+07   113%   165   97s
H   41    64                    -1.64601e+08 2.1189e+07   113%   162   97s
   368   417 2.1187e+07   12  305 -1.646e+08 2.1189e+07   113%  58.3  101s
  1007  1195 2.1188e+07   22  302 -1.646e+08 2.1189e+07   113%  50.8  105s
H 1194  1357                    -1.59649e+08 2.1189e+07   113%  54.9  106s
H 1327  1357                    -1.35808e+08 2.1189e+07   116%  58.7  106s
H 1811  1860                    -1.35808e+08 2.1189e+07   116%  57.6  112s
  2358  2702 2.1187e+07   39  293 -1.358e+08 2.1189e+07   116%  53.0  116s
H 3116  3331                    -1.21798e+08 2.1189e+07   117%  49.0  119s
  3333  3669 2.1187e+07   51  281 -1.218e+08 2.1189e+07   117%  48.2  120s
Created node file directory '/scratch-local/lbeemster.22625985/gurobi_stress_vol1.0_0.8_price_lt_run2/grbnodes0'
H 3730  3755                    -6.81772e+07 2.1189e+07   131%  46.3  133s
H 3746  3744                    -3.76564e+07 2.1189e+07   156%  46.3  133s
  3778  3779 2.1187e+07   60  278 -3.766e+07 2.1189e+07   156%  46.3  136s
  3835  4086 2.1187e+07   61  279 -3.766e+07 2.1189e+07   156%  46.0  140s
  4145  4404 2.1186e+07   65  267 -3.766e+07 2.1189e+07   156%  45.2  146s
  4465  4735 2.1186e+07   70  265 -3.766e+07 2.1189e+07   156%  44.1  156s
H 4798  4947                    -3.60049e+07 2.1189e+07   159%  42.7  158s
H 4806  4947                    -3.59105e+07 2.1189e+07   159%  42.7  158s
H 5010  4947                    -3.58308e+07 2.1189e+07   159%  41.6  158s
  5012  4995 2.1186e+07   76  260 -3.583e+07 2.1189e+07   159%  41.6  161s
  5060  5043 2.1186e+07   77  261 -3.583e+07 2.1189e+07   159%  41.4  168s
  5108  5091 2.1186e+07   78  261 -3.583e+07 2.1189e+07   159%  41.3  175s
  5156  5139 2.1186e+07   78  258 -3.583e+07 2.1189e+07   159%  41.1  185s
  5204  5186 2.1186e+07   79  258 -3.583e+07 2.1189e+07   159%  41.1  193s
  5253  5234 2.1186e+07   79  255 -3.583e+07 2.1189e+07   159%  40.9  201s
  5301  5282 2.1186e+07   80  254 -3.583e+07 2.1189e+07   159%  40.8  209s
H 5321  4630                    2.110402e+07 2.1189e+07  0.40%  40.7  209s
  5349  5041 2.1186e+07   81  254 2.1104e+07 2.1189e+07  0.40%  40.6  211s
  6344  5948 2.1186e+07   94  221 2.1104e+07 2.1189e+07  0.40%  41.7  217s
H 6362  5948                    2.110522e+07 2.1189e+07  0.40%  41.7  217s
H 6369  5948                    2.113918e+07 2.1189e+07  0.23%  41.7  217s
  6765  6525 2.1185e+07   98  207 2.1139e+07 2.1189e+07  0.23%  40.9  220s
H 7884  7488                    2.114191e+07 2.1189e+07  0.22%  38.5  225s
H 7917  7488                    2.114268e+07 2.1189e+07  0.22%  38.4  225s
  8846  8508 2.1185e+07  134  184 2.1143e+07 2.1189e+07  0.22%  37.2  231s
H 9361  8656                    2.114340e+07 2.1189e+07  0.21%  36.1  235s
H 9410  8656                    2.114405e+07 2.1189e+07  0.21%  36.0  235s
 10157  9850 2.1185e+07  158  179 2.1144e+07 2.1189e+07  0.21%  34.8  240s
H10763 10241                    2.114697e+07 2.1189e+07  0.20%  34.6  244s
H11106 10234                    2.114814e+07 2.1189e+07  0.19%  34.5  244s

Cutting planes:
  Gomory: 3
  Implied bound: 2614
  MIR: 496
  Flow cover: 1010
  Relax-and-lift: 57

Explored 11200 nodes (464316 simplex iterations) in 245.85 seconds (294.85 work units)
Thread count was 48 (of 192 available processors)

Solution count 10: 2.11481e+07 2.11481e+07 2.1147e+07 ... 2.1104e+07

Optimal solution found (tolerance 2.00e-03)
Best objective 2.114814342226e+07, best bound 2.118870312937e+07, gap 0.1918%
Deleted nodefile directory: /scratch-local/lbeemster.22625985/gurobi_stress_vol1.0_0.8_price_lt_run2
Saved model snapshot to study_case_model/figures/volatility_stress/07052026/vol1.0_0.8_price_lt/sub30.0/run2/model_snapshot.pkl
  Objective: 21148143.42
  Avg H2 production: -4.520282321836827e-11
  Scenario obj std: 1702703.0500594457
  CVaR 5%: 19342297.78825605
  Worst scenario: 19317535.849313267

============================================================
Volatility multiplier: 2.0x
============================================================
Read LP format model from file /scratch-local/lbeemster.22625985/tmpj2fvdc0w.pyomo.lp
Reading time = 0.66 seconds
x1: 178177 rows, 50626 columns, 1021376 nonzeros
Set parameter OutputFlag to value 1
Set parameter MIPGap to value 0.002
Set parameter Threads to value 48
Set parameter Presolve to value 1
Set parameter Cuts to value 1
Set parameter NodefileStart to value 1
Set parameter NodefileDir to value "/scratch-local/lbeemster.22625985/gurobi_stress_vol2.0_0.8_price_lt_run2"
Set parameter MemLimit to value 60
Gurobi Optimizer version 12.0.3 build v12.0.3rc0 (linux64 - "Red Hat Enterprise Linux 9.6 (Plow)")

CPU model: AMD EPYC 9654 96-Core Processor, instruction set [SSE2|AVX|AVX2|AVX512]
Thread count: 192 physical cores, 192 logical processors, using up to 48 threads

Non-default parameters:
MemLimit  60
MIPGap  0.002
NodefileStart  1
Cuts  1
Presolve  1
Threads  48

Academic license 2514514 - for non-commercial use only - registered to l.___@student.vu.nl
Optimize a model with 178177 rows, 50626 columns and 1021376 nonzeros
Model fingerprint: 0xa9f33a13
Variable types: 40002 continuous, 10624 integer (10624 binary)
Coefficient statistics:
  Matrix range     [1e-06, 1e+05]
  Objective range  [2e+00, 3e+04]
  Bounds range     [1e+00, 1e+00]
  RHS range        [3e-01, 2e+05]
Presolve removed 34049 rows and 14166 columns
Presolve time: 1.71s
Presolved: 144128 rows, 36460 columns, 945973 nonzeros
Variable types: 28012 continuous, 8448 integer (8448 binary)
Found heuristic solution: objective -4.36111e+09

Deterministic concurrent LP optimizer: primal simplex, dual simplex, and barrier
Showing barrier log only...

Root barrier log...

Ordering time: 2.47s

Barrier statistics:
 AA' NZ     : 1.286e+07
 Factor NZ  : 1.434e+07 (roughly 200 MB of memory)
 Factor Ops : 2.150e+09 (less than 1 second per iteration)
 Threads    : 46

                  Objective                Residual
Iter       Primal          Dual         Primal    Dual     Compl     Time
   0  -3.00524044e+12  1.66219716e+14  3.09e+05 3.68e+04  1.75e+10     7s
   1  -1.87860544e+12  1.04791507e+14  1.75e+05 2.84e+05  7.64e+09     7s
   2  -5.43542984e+11  6.97282897e+13  4.78e+04 1.11e+04  2.11e+09     7s
   3  -4.52074912e+10  1.98203761e+13  3.19e+03 1.36e+01  2.01e+08     7s
   4  -1.37178119e+10  5.21756800e+12  5.09e+02 2.79e-07  3.89e+07     7s
   5  -8.32561628e+09  1.38927239e+12  1.23e+02 1.04e-07  9.31e+06     7s
   6  -3.23739026e+09  5.12763683e+11  4.20e+01 4.26e-08  3.17e+06     7s
   7  -1.47552039e+09  3.23946804e+11  2.27e+01 4.63e-08  1.91e+06     7s
   8  -5.25458055e+08  1.62653704e+11  7.69e+00 2.77e-08  8.99e+05     7s
   9  -1.02731845e+08  7.07558551e+10  1.03e+00 1.65e-08  3.59e+05     7s
  10  -3.92052036e+06  1.29301255e+10  7.28e-02 1.84e-08  6.40e+04     8s
  11   6.32762620e+06  1.94515391e+09  4.16e-03 2.02e-09  9.53e+03     8s
  12   8.53459100e+06  8.92882486e+08  1.61e-06 9.12e-10  4.35e+03     8s
  13   9.93280987e+06  3.24308883e+08  9.32e-07 1.16e-09  1.54e+03     8s
  14   1.27848204e+07  1.70456703e+08  3.82e-07 6.98e-10  7.75e+02     8s
  15   1.50646701e+07  1.00472032e+08  2.47e-07 6.98e-10  4.20e+02     8s
  16   2.00536902e+07  6.74213662e+07  9.11e-08 4.66e-10  2.33e+02     8s
  17   2.12380719e+07  3.98012469e+07  5.81e-08 4.66e-10  9.12e+01     8s
  18   2.18782737e+07  3.08970770e+07  3.01e-08 4.66e-10  4.43e+01     8s
  19   2.22397234e+07  2.64649202e+07  1.98e-08 4.66e-10  2.08e+01     8s
  20   2.24451921e+07  2.49730991e+07  1.45e-08 2.33e-10  1.24e+01     8s
  21   2.26254559e+07  2.42132807e+07  9.50e-09 4.66e-10  7.80e+00     8s

Barrier performed 21 iterations in 8.18 seconds (6.55 work units)
Barrier solve interrupted - model solved by another algorithm

Concurrent spin time: 1.37s (can be avoided by choosing Method=3)

Solved with dual simplex

Root relaxation: objective 2.297339e+07, 47692 iterations, 5.19 seconds (3.85 work units)
Total elapsed time = 10.02s (DegenMoves)

    Nodes    |    Current Node    |     Objective Bounds      |     Work
 Expl Unexpl |  Obj  Depth IntInf | Incumbent    BestBd   Gap | It/Node Time

     0     0 2.2973e+07    0  436 -4.361e+09 2.2973e+07   101%     -   10s
H    0     0                    -2.33176e+09 2.2973e+07   101%     -   11s
H    0     0                    -2.30401e+09 2.2973e+07   101%     -   13s
     0     0 2.2913e+07    0  499 -2.304e+09 2.2913e+07   101%     -   15s
     0     0 2.2913e+07    0  553 -2.304e+09 2.2913e+07   101%     -   17s
     0     0 2.2870e+07    0  545 -2.304e+09 2.2870e+07   101%     -   19s
     0     0 2.2870e+07    0  571 -2.304e+09 2.2870e+07   101%     -   19s
     0     0 2.2870e+07    0  577 -2.304e+09 2.2870e+07   101%     -   19s
     0     0 2.2831e+07    0  518 -2.304e+09 2.2831e+07   101%     -   22s
     0     0 2.2831e+07    0  553 -2.304e+09 2.2831e+07   101%     -   23s
     0     0 2.2792e+07    0  531 -2.304e+09 2.2792e+07   101%     -   26s
     0     0 2.2792e+07    0  532 -2.304e+09 2.2792e+07   101%     -   27s
     0     0 2.2792e+07    0  552 -2.304e+09 2.2792e+07   101%     -   27s
     0     0 2.2792e+07    0  559 -2.304e+09 2.2792e+07   101%     -   27s
     0     0 2.2759e+07    0  484 -2.304e+09 2.2759e+07   101%     -   30s
H    0     0                    -9.62683e+08 2.2759e+07   102%     -   31s
     0     0 2.2759e+07    0  460 -9.627e+08 2.2759e+07   102%     -   32s
     0     0 2.2759e+07    0  473 -9.627e+08 2.2759e+07   102%     -   32s
     0     0 2.2752e+07    0  423 -9.627e+08 2.2752e+07   102%     -   34s
     0     0 2.2752e+07    0  421 -9.627e+08 2.2752e+07   102%     -   34s
     0     0 2.2752e+07    0  420 -9.627e+08 2.2752e+07   102%     -   35s
     0     0 2.2749e+07    0  415 -9.627e+08 2.2749e+07   102%     -   37s
H    0     0                    -8.56991e+08 2.2749e+07   103%     -   38s
     0     0 2.2749e+07    0  422 -8.570e+08 2.2749e+07   103%     -   38s
     0     0 2.2747e+07    0  394 -8.570e+08 2.2747e+07   103%     -   38s
     0     0 2.2747e+07    0  407 -8.570e+08 2.2747e+07   103%     -   40s
     0     0 2.2746e+07    0  416 -8.570e+08 2.2746e+07   103%     -   42s
H    0     0                    -8.41839e+08 2.2746e+07   103%     -   43s
     0     0 2.2746e+07    0  435 -8.418e+08 2.2746e+07   103%     -   43s
     0     0 2.2746e+07    0  432 -8.418e+08 2.2746e+07   103%     -   44s
     0     0 2.2746e+07    0  418 -8.418e+08 2.2746e+07   103%     -   49s
H    0     0                    -8.30231e+08 2.2746e+07   103%     -   52s
H    0     0                    -7.66758e+08 2.2746e+07   103%     -   53s
H    0     0                    -2.73324e+08 2.2746e+07   108%     -   59s
H    0     0                    -2.69132e+08 2.2746e+07   108%     -   61s
H    0     0                    -2.68503e+08 2.2746e+07   108%     -   68s
H    0     0                    -1.17027e+08 2.2746e+07   119%     -   69s
H    0     0                    -1.17027e+08 2.2746e+07   119%     -   72s
     0     2 2.2746e+07    0  407 -1.170e+08 2.2746e+07   119%     -   76s
   111   249 2.2744e+07    7  440 -1.170e+08 2.2746e+07   119%  94.4   80s
   829  1393 2.2744e+07   18  423 -1.170e+08 2.2746e+07   119%  40.8   87s
  1392  1543 2.2744e+07   27  419 -1.170e+08 2.2746e+07   119%  39.6   93s
H 1396  1543                    -1.00420e+08 2.2746e+07   123%  39.5   93s
H 1489  1543                    -8.89747e+07 2.2746e+07   126%  40.3   93s
  1542  1591 2.2744e+07   28  418 -8.897e+07 2.2746e+07   126%  41.1  105s
  1590  1639 2.2743e+07   28  416 -8.897e+07 2.2746e+07   126%  41.7  117s
  1638  1687 2.2743e+07   29  416 -8.897e+07 2.2746e+07   126%  42.2  129s
H 1686  1735                    2.263798e+07 2.2746e+07  0.48%  42.7  143s
H 1703  1735                    2.264421e+07 2.2746e+07  0.45%  42.5  143s
H 1732  1735                    2.265375e+07 2.2746e+07  0.41%  42.6  143s
  1734  3545 2.2743e+07   31  408 2.2654e+07 2.2746e+07  0.41%  42.7  152s
  3638  5575 2.2739e+07   44  369 2.2654e+07 2.2746e+07  0.41%  41.4  160s
H 4035  5575                    2.265708e+07 2.2746e+07  0.39%  42.0  160s
H 4598  5555                    2.266045e+07 2.2746e+07  0.38%  41.0  160s
  6109  7942 2.2732e+07   68  313 2.2660e+07 2.2746e+07  0.38%  36.1  165s
H 8752  7936                    2.266232e+07 2.2746e+07  0.37%  31.0  169s
H 8792  7933                    2.266274e+07 2.2746e+07  0.37%  31.1  169s
  8804 11098 2.2709e+07  131  227 2.2663e+07 2.2746e+07  0.37%  31.1  173s
 12011 11576 2.2724e+07  179  187 2.2663e+07 2.2746e+07  0.37%  27.2  176s
H12054 11468                    2.266632e+07 2.2746e+07  0.35%  27.2  176s
H12085 11466                    2.266659e+07 2.2746e+07  0.35%  27.2  176s
H12160 11464                    2.266684e+07 2.2746e+07  0.35%  27.3  176s
H12304 11464                    2.266691e+07 2.2746e+07  0.35%  27.3  176s
 12507 14532 2.2721e+07  192  186 2.2667e+07 2.2746e+07  0.35%  27.1  180s
Created node file directory '/scratch-local/lbeemster.22625985/gurobi_stress_vol2.0_0.8_price_lt_run2/grbnodes0'
 16955 16652 2.2733e+07   15  369 2.2667e+07 2.2746e+07  0.35%  24.1  185s
*18033 16616             458    2.266793e+07 2.2746e+07  0.35%  24.7  185s
H18200 14983                    2.268505e+07 2.2746e+07  0.27%  24.9  199s
H18200 14983                    2.268505e+07 2.2746e+07  0.27%  24.9  199s
H18200 14979                    2.268521e+07 2.2746e+07  0.27%  24.9  201s
H18200 14979                    2.268522e+07 2.2746e+07  0.27%  24.9  201s
 18201 14949 2.2744e+07    8  418 2.2685e+07 2.2746e+07  0.27%  24.9  220s
H18202 14202                    2.268692e+07 2.2709e+07  0.10%  24.9  352s
H18202 13492                    2.268981e+07 2.2709e+07  0.08%  24.9  352s

Cutting planes:
  Gomory: 3
  Cover: 41
  Implied bound: 46
  MIR: 385
  Flow cover: 335
  Relax-and-lift: 431

Explored 18202 nodes (563065 simplex iterations) in 352.39 seconds (387.75 work units)
Thread count was 48 (of 192 available processors)

Solution count 10: 2.26898e+07 2.26898e+07 2.26869e+07 ... 2.26668e+07

Optimal solution found (tolerance 2.00e-03)
Best objective 2.268980991963e+07, best bound 2.270663676070e+07, gap 0.0742%
Deleted nodefile directory: /scratch-local/lbeemster.22625985/gurobi_stress_vol2.0_0.8_price_lt_run2
Saved model snapshot to study_case_model/figures/volatility_stress/07052026/vol2.0_0.8_price_lt/sub30.0/run2/model_snapshot.pkl
  Objective: 22689809.92
  Avg H2 production: 0.6744742436869018
  Scenario obj std: 3626327.521704996
  CVaR 5%: 18588368.851244777
  Worst scenario: 18588368.809535597

============================================================
Volatility multiplier: 4.0x
============================================================
Read LP format model from file /scratch-local/lbeemster.22625985/tmp3gavnici.pyomo.lp
Reading time = 0.58 seconds
x1: 178177 rows, 50626 columns, 1021376 nonzeros
Set parameter OutputFlag to value 1
Set parameter MIPGap to value 0.002
Set parameter Threads to value 48
Set parameter Presolve to value 1
Set parameter Cuts to value 1
Set parameter NodefileStart to value 1
Set parameter NodefileDir to value "/scratch-local/lbeemster.22625985/gurobi_stress_vol4.0_0.8_price_lt_run2"
Set parameter MemLimit to value 60
Gurobi Optimizer version 12.0.3 build v12.0.3rc0 (linux64 - "Red Hat Enterprise Linux 9.6 (Plow)")

CPU model: AMD EPYC 9654 96-Core Processor, instruction set [SSE2|AVX|AVX2|AVX512]
Thread count: 192 physical cores, 192 logical processors, using up to 48 threads

Non-default parameters:
MemLimit  60
MIPGap  0.002
NodefileStart  1
Cuts  1
Presolve  1
Threads  48

Academic license 2514514 - for non-commercial use only - registered to l.___@student.vu.nl
Optimize a model with 178177 rows, 50626 columns and 1021376 nonzeros
Model fingerprint: 0xbfd14346
Variable types: 40002 continuous, 10624 integer (10624 binary)
Coefficient statistics:
  Matrix range     [1e-06, 1e+05]
  Objective range  [2e+00, 3e+04]
  Bounds range     [1e+00, 1e+00]
  RHS range        [3e-01, 2e+05]
Presolve removed 90349 rows and 28366 columns
Presolve time: 1.52s
Presolved: 87828 rows, 22260 columns, 576945 nonzeros
Variable types: 17112 continuous, 5148 integer (5148 binary)
Found heuristic solution: objective -4.35933e+09

Deterministic concurrent LP optimizer: primal simplex, dual simplex, and barrier
Showing barrier log only...

Root barrier log...

Ordering time: 0.30s

Barrier statistics:
 Dense cols : 117
 AA' NZ     : 6.944e+06
 Factor NZ  : 8.173e+06 (roughly 100 MB of memory)
 Factor Ops : 1.041e+09 (less than 1 second per iteration)
 Threads    : 46

                  Objective                Residual
Iter       Primal          Dual         Primal    Dual     Compl     Time
   0  -2.89038151e+12  4.00475521e+14  2.97e+05 1.47e+05  6.73e+10     4s
   1  -1.81185130e+12  2.48814346e+14  1.68e+05 1.14e+06  2.94e+10     4s
   2  -5.18031676e+11  1.55675438e+14  4.52e+04 3.74e+04  8.07e+09     4s
   3  -3.90928358e+10  4.01935288e+13  2.44e+03 1.11e+02  6.44e+08     4s
   4  -1.72863603e+10  9.67478522e+12  5.48e+02 3.69e-06  1.34e+08     4s
   5  -1.08462136e+10  2.71715896e+12  1.14e+02 8.10e-07  3.08e+07     4s
   6  -6.60165067e+09  1.04730673e+12  4.74e+01 2.65e-07  1.13e+07     4s
   7  -2.99819976e+09  6.28388346e+11  2.50e+01 1.65e-07  6.45e+06     4s
   8  -1.32382236e+09  3.26157053e+11  1.02e+01 7.10e-08  3.15e+06     4s
   9  -3.09308325e+08  1.07841518e+11  1.19e+00 2.90e-08  9.21e+05     4s
  10  -2.34598271e+07  3.01097819e+10  5.49e-02 1.82e-08  2.44e+05     4s
  11   7.60109920e+06  2.47309657e+09  7.31e-05 1.16e-08  1.99e+04     4s
  12   9.75377797e+06  9.75929818e+08  1.54e-05 5.19e-09  7.78e+03     4s
  13   1.12386104e+07  6.30659642e+08  9.49e-06 3.57e-09  4.99e+03     4s

Barrier performed 13 iterations in 4.26 seconds (3.91 work units)
Barrier solve interrupted - model solved by another algorithm

Concurrent spin time: 0.44s (can be avoided by choosing Method=3)

Solved with primal simplex

Root relaxation: objective 2.652724e+07, 29370 iterations, 1.81 seconds (1.47 work units)
Total elapsed time = 5.04s (DegenMoves)

    Nodes    |    Current Node    |     Objective Bounds      |     Work
 Expl Unexpl |  Obj  Depth IntInf | Incumbent    BestBd   Gap | It/Node Time

     0     0 2.6527e+07    0  244 -4.359e+09 2.6527e+07   101%     -    5s
H    0     0                    -2.23625e+09 2.6527e+07   101%     -    5s
H    0     0                    -2.18151e+09 2.6527e+07   101%     -    7s
H    0     0                    -2.12251e+09 2.6527e+07   101%     -    8s
     0     0 2.6398e+07    0  335 -2.123e+09 2.6398e+07   101%     -    9s
     0     0 2.6396e+07    0  370 -2.123e+09 2.6396e+07   101%     -    9s
     0     0 2.6290e+07    0  385 -2.123e+09 2.6290e+07   101%     -   12s
H    0     0                    -1.98215e+09 2.6273e+07   101%     -   13s
     0     0 2.6273e+07    0  410 -1.982e+09 2.6273e+07   101%     -   13s
     0     0 2.6273e+07    0  406 -1.982e+09 2.6273e+07   101%     -   13s
H    0     0                    -1.96363e+09 2.6201e+07   101%     -   15s
     0     0 2.6201e+07    0  376 -1.964e+09 2.6201e+07   101%     -   15s
H    0     0                    -1.93520e+09 2.6201e+07   101%     -   16s
     0     0 2.6201e+07    0  410 -1.935e+09 2.6201e+07   101%     -   16s
H    0     0                    -1.90677e+09 2.6201e+07   101%     -   17s
     0     0 2.6155e+07    0  389 -1.907e+09 2.6155e+07   101%     -   18s
H    0     0                    -1.50964e+09 2.6155e+07   102%     -   19s
     0     0 2.6153e+07    0  399 -1.510e+09 2.6153e+07   102%     -   19s
     0     0 2.6153e+07    0  408 -1.510e+09 2.6153e+07   102%     -   19s
     0     0 2.6153e+07    0  410 -1.510e+09 2.6153e+07   102%     -   19s
     0     0 2.6130e+07    0  314 -1.510e+09 2.6130e+07   102%     -   21s
H    0     0                    -8.94485e+08 2.6130e+07   103%     -   22s
     0     0 2.6129e+07    0  309 -8.945e+08 2.6129e+07   103%     -   22s
     0     0 2.6129e+07    0  313 -8.945e+08 2.6129e+07   103%     -   22s
     0     0 2.6111e+07    0  304 -8.945e+08 2.6111e+07   103%     -   24s
H    0     0                    -8.84766e+08 2.6111e+07   103%     -   24s
     0     0 2.6111e+07    0  310 -8.848e+08 2.6111e+07   103%     -   24s
     0     0 2.6109e+07    0  280 -8.848e+08 2.6109e+07   103%     -   26s
H    0     0                    -7.71014e+08 2.6109e+07   103%     -   26s
     0     0 2.6109e+07    0  288 -7.710e+08 2.6109e+07   103%     -   26s
     0     0 2.6109e+07    0  291 -7.710e+08 2.6109e+07   103%     -   28s
     0     0 2.6109e+07    0  301 -7.710e+08 2.6109e+07   103%     -   29s
     0     0 2.6108e+07    0  300 -7.710e+08 2.6108e+07   103%     -   30s
     0     0 2.6108e+07    0  313 -7.710e+08 2.6108e+07   103%     -   31s
     0     0 2.6106e+07    0  304 -7.710e+08 2.6106e+07   103%     -   31s
     0     0 2.6106e+07    0  308 -7.710e+08 2.6106e+07   103%     -   31s
     0     0 2.6106e+07    0  320 -7.710e+08 2.6106e+07   103%     -   32s
     0     0 2.6106e+07    0  321 -7.710e+08 2.6106e+07   103%     -   34s
     0     0 2.6106e+07    0  312 -7.710e+08 2.6106e+07   103%     -   34s
     0     0 2.6106e+07    0  296 -7.710e+08 2.6106e+07   103%     -   39s
H    0     0                    -3.04979e+08 2.6106e+07   109%     -   47s
H    0     0                    -3.04261e+08 2.6106e+07   109%     -   53s
     0     2 2.6106e+07    0  288 -3.043e+08 2.6106e+07   109%     -   59s
     7    16 2.6106e+07    3  312 -3.043e+08 2.6106e+07   109%   202   60s
H   48    64                    -3.04261e+08 2.6106e+07   109%   126   62s
   497   548 2.6096e+07   11  311 -3.043e+08 2.6103e+07   109%  69.3   65s
H 1152  1237                    -2.09176e+08 2.6103e+07   112%  60.9   71s
H 1172  1237                    -1.98255e+08 2.6103e+07   113%  60.4   71s
  1284  1341 2.6096e+07   25  307 -1.983e+08 2.6103e+07   113%  60.0   78s
H 1315  1341                    -1.77265e+08 2.6103e+07   115%  60.0   78s
  1340  1389 2.6095e+07   26  311 -1.773e+08 2.6103e+07   115%  60.4   80s
H 1390  1445                    -1.46045e+08 2.6103e+07   118%  60.6   84s
H 1391  1445                    -1.35983e+08 2.6103e+07   119%  60.6   84s
H 1394  1445                    -1.27044e+08 2.6103e+07   121%  60.6   84s
H 1401  1445                    -8.58903e+07 2.6103e+07   130%  60.6   84s
  1444  1566 2.6095e+07   28  312 -8.589e+07 2.6103e+07   130%  60.8   85s
H 2641  2621                    -8.58903e+07 2.6103e+07   130%  63.5   89s
H 2642  2621                    -8.58753e+07 2.6103e+07   130%  63.5   89s
H 2650  2621                    -8.22527e+07 2.6103e+07   132%  63.4   89s
  2656  2819 2.6077e+07   39  309 -8.225e+07 2.6103e+07   132%  63.3   90s
  3862  3854 -4021987.4   55  307 -8.225e+07 2.6103e+07   132%  62.4   95s
H 3897  3854                    -7.96374e+07 2.6103e+07   133%  62.1   95s
H 4025  3854                    -7.59976e+07 2.6103e+07   134%  61.5   95s
H 4027  3854                    -7.59819e+07 2.6103e+07   134%  61.5   95s
  5089  5224 -4051698.6   72  271 -7.598e+07 2.6103e+07   134%  58.9  100s
H 5450  5429                    -7.59819e+07 2.6103e+07   134%  58.6  101s
H 5455  5429                    -7.59809e+07 2.6103e+07   134%  58.7  101s
H 5463  5429                    -7.59800e+07 2.6103e+07   134%  58.8  101s
H 5480  5369                    -7.33906e+07 2.6103e+07   136%  59.1  101s
H 5621  5369                    -7.33719e+07 2.6103e+07   136%  58.6  101s
  6351  6454 -4062918.3   90  220 -7.337e+07 2.6103e+07   136%  55.7  105s
H 7616  7352                    -7.33719e+07 2.6103e+07   136%  53.1  109s
  7622  7834 -4080069.9  106  205 -7.337e+07 2.6103e+07   136%  53.1  110s
  9577  9847 -4082898.9  150  168 -7.337e+07 2.6103e+07   136%  47.6  115s
 11923 12193 -4083896.3  198  134 -7.337e+07 2.6103e+07   136%  43.9  121s
H12167 11707                    -6.28487e+07 2.6103e+07   142%  44.2  121s
H12640 10386                    -4.73893e+07 2.6103e+07   155%  43.7  123s
 12832 10339 -4083914.2  214  125 -4.739e+07 2.6103e+07   155%  43.4  129s
H12849  9791                    -3.77673e+07 2.6103e+07   169%  43.5  129s
H12876  9666                    -3.14315e+07 2.6103e+07   183%  43.5  129s
 12902  9999 -4083922.3  215  126 -3.143e+07 2.6103e+07   183%  43.4  131s
 13962 10890 -4097253.3  242  127 -3.143e+07 2.6103e+07   183%  43.5  137s
H13964  7968                    -9846730.899 2.6103e+07   365%  43.5  137s
H14065  7968                    -6911573.771 2.6103e+07   478%  43.7  137s
H14082  7968                    -5514897.789 2.6103e+07   573%  43.7  137s
 14712  9138 -4135562.4  258  119 -5514897.8 2.6103e+07   573%  44.4  140s
H15874  9027                    -2888976.864 2.6103e+07  1004%  44.8  143s
H15875  8738                    336962.07586 2.6103e+07  7647%  44.8  143s
H15876  8738                    1090007.4255 2.6103e+07  2295%  44.8  143s
 16092  9579     cutoff  278      1090007.43 2.6103e+07  2295%  44.7  146s
H17232 10149                    2029312.9059 2.6103e+07  1186%  43.8  148s
H17468 10149                    2860935.0082 2.6103e+07   812%  43.8  148s
 17656 11114 2.6063e+07   35  213 2860935.01 2.6103e+07   812%  43.7  150s
*18193 11083             431    3165217.7940 2.6103e+07   725%  43.4  150s
H18665  8702                    2.575204e+07 2.6103e+07  1.36%  43.1  167s
H18665  8702                    2.583093e+07 2.6103e+07  1.05%  43.1  167s
H18665  8702                    2.584036e+07 2.6103e+07  1.02%  43.1  169s
H18665  8702                    2.584038e+07 2.6103e+07  1.02%  43.1  169s
H18665  8702                    2.584544e+07 2.6103e+07  1.00%  43.1  169s
H18665  8702                    2.585036e+07 2.6103e+07  0.98%  43.1  169s
H18665  8702                    2.585059e+07 2.6103e+07  0.98%  43.1  174s
H18665  8702                    2.585071e+07 2.6103e+07  0.98%  43.1  174s
H18665  8702                    2.585562e+07 2.6103e+07  0.96%  43.1  174s
 18666  8624 2.5948e+07  294  296 2.5856e+07 2.6103e+07  0.96%  43.1  184s
H18667  8193                    2.585852e+07 2.6092e+07  0.90%  43.1  215s
 18670  8195 2.5963e+07  182  218 2.5859e+07 2.5963e+07  0.40%  43.1  221s
 18672  8196 2.5962e+07   62  304 2.5859e+07 2.5962e+07  0.40%  43.1  226s
H18673  7787                    2.585854e+07 2.5954e+07  0.37%  43.1  228s
 18677  7789 2.5954e+07   49  330 2.5859e+07 2.5954e+07  0.37%  43.1  230s
H18678  7401                    2.585944e+07 2.5954e+07  0.36%  43.1  334s
H18678  7030                    2.585991e+07 2.5954e+07  0.36%  43.1  334s
H18678  6679                    2.587069e+07 2.5954e+07  0.32%  43.1  334s
H18678  6344                    2.587450e+07 2.5954e+07  0.31%  43.1  334s
H18678  6027                    2.588066e+07 2.5923e+07  0.16%  43.1  334s
H18678  5725                    2.588383e+07 2.5923e+07  0.15%  43.1  334s
H18678  5439                    2.588580e+07 2.5923e+07  0.14%  43.1  334s
H18678  5167                    2.588593e+07 2.5923e+07  0.14%  43.1  334s
H18678  4908                    2.589163e+07 2.5923e+07  0.12%  43.1  334s
H18678  4663                    2.589422e+07 2.5923e+07  0.11%  43.1  334s
H18678  4429                    2.589577e+07 2.5923e+07  0.11%  43.1  334s
H18678  4207                    2.589683e+07 2.5923e+07  0.10%  43.1  334s

Cutting planes:
  Learned: 1
  Gomory: 12
  Cover: 17
  Implied bound: 252
  MIR: 516
  Flow cover: 657
  Zero half: 1
  RLT: 2
  Relax-and-lift: 513

Explored 18678 nodes (893150 simplex iterations) in 334.66 seconds (359.80 work units)
Thread count was 48 (of 192 available processors)

Solution count 10: 2.58968e+07 2.58968e+07 2.58958e+07 ... 2.58745e+07

Optimal solution found (tolerance 2.00e-03)
Best objective 2.589683046826e+07, best bound 2.592327954743e+07, gap 0.1021%
Deleted nodefile directory: /scratch-local/lbeemster.22625985/gurobi_stress_vol4.0_0.8_price_lt_run2
Saved model snapshot to study_case_model/figures/volatility_stress/07052026/vol4.0_0.8_price_lt/sub30.0/run2/model_snapshot.pkl
  Objective: 25896830.47
  Avg H2 production: 0.9321814603759464
  Scenario obj std: 7449388.87292724
  CVaR 5%: 17434132.642532147
  Worst scenario: 17434132.642532147

============================================================
Volatility multiplier: 8.0x
============================================================
Read LP format model from file /scratch-local/lbeemster.22625985/tmp0fsul14k.pyomo.lp
Reading time = 0.64 seconds
x1: 178177 rows, 50626 columns, 1021376 nonzeros
Set parameter OutputFlag to value 1
Set parameter MIPGap to value 0.002
Set parameter Threads to value 48
Set parameter Presolve to value 1
Set parameter Cuts to value 1
Set parameter NodefileStart to value 1
Set parameter NodefileDir to value "/scratch-local/lbeemster.22625985/gurobi_stress_vol8.0_0.8_price_lt_run2"
Set parameter MemLimit to value 60
Gurobi Optimizer version 12.0.3 build v12.0.3rc0 (linux64 - "Red Hat Enterprise Linux 9.6 (Plow)")

CPU model: AMD EPYC 9654 96-Core Processor, instruction set [SSE2|AVX|AVX2|AVX512]
Thread count: 192 physical cores, 192 logical processors, using up to 48 threads

Non-default parameters:
MemLimit  60
MIPGap  0.002
NodefileStart  1
Cuts  1
Presolve  1
Threads  48

Academic license 2514514 - for non-commercial use only - registered to l.___@student.vu.nl
Optimize a model with 178177 rows, 50626 columns and 1021376 nonzeros
Model fingerprint: 0x14a44e81
Variable types: 40002 continuous, 10624 integer (10624 binary)
Coefficient statistics:
  Matrix range     [1e-06, 1e+05]
  Objective range  [2e+00, 3e+04]
  Bounds range     [1e+00, 1e+00]
  RHS range        [3e-01, 2e+05]
Presolve removed 81341 rows and 26094 columns
Presolve time: 1.53s
Presolved: 96836 rows, 24532 columns, 636197 nonzeros
Variable types: 18856 continuous, 5676 integer (5676 binary)
Found heuristic solution: objective -4.35375e+09

Deterministic concurrent LP optimizer: primal simplex, dual simplex, and barrier
Showing barrier log only...

Root barrier log...

Ordering time: 0.34s

Barrier statistics:
 Dense cols : 129
 AA' NZ     : 7.657e+06
 Factor NZ  : 8.961e+06 (roughly 120 MB of memory)
 Factor Ops : 1.136e+09 (less than 1 second per iteration)
 Threads    : 46

                  Objective                Residual
Iter       Primal          Dual         Primal    Dual     Compl     Time
   0  -2.89040591e+12  4.41548575e+14  2.97e+05 1.47e+05  6.73e+10     4s
   1  -1.81257733e+12  2.74336337e+14  1.68e+05 1.14e+06  2.94e+10     4s
   2  -5.18122649e+11  1.71642147e+14  4.52e+04 3.74e+04  8.07e+09     4s
   3  -3.92890140e+10  4.43182100e+13  2.44e+03 1.11e+02  6.44e+08     4s
   4  -1.76140295e+10  1.06681343e+13  5.48e+02 2.63e-06  1.34e+08     4s
   5  -1.12678198e+10  2.99606389e+12  1.14e+02 5.96e-07  3.08e+07     4s
   6  -6.80752048e+09  1.15780635e+12  4.07e+01 2.18e-07  1.10e+07     4s
   7  -2.91342679e+09  7.05730370e+11  2.21e+01 1.37e-07  6.39e+06     4s
   8  -1.40028709e+09  3.50722904e+11  9.29e+00 6.86e-08  3.04e+06     4s
   9  -2.81425378e+08  1.13785963e+11  9.66e-01 2.14e-08  8.73e+05     4s
  10  -2.19054482e+07  3.52775441e+10  5.71e-02 1.73e-08  2.59e+05     4s
  11   4.65897198e+06  5.59629209e+09  5.13e-03 1.24e-08  4.09e+04     4s
  12   1.03578615e+07  2.12987008e+09  1.83e-05 4.60e-09  1.55e+04     4s
  13   1.15709790e+07  1.06353853e+09  1.15e-05 2.59e-09  7.69e+03     4s
  14   1.50342199e+07  6.38749450e+08  2.49e-06 2.08e-09  4.56e+03     5s

Barrier performed 14 iterations in 4.53 seconds (4.23 work units)
Barrier solve interrupted - model solved by another algorithm

Concurrent spin time: 0.48s (can be avoided by choosing Method=3)

Solved with primal simplex

Root relaxation: objective 3.384354e+07, 31814 iterations, 2.01 seconds (1.65 work units)
Total elapsed time = 5.07s (DegenMoves)

    Nodes    |    Current Node    |     Objective Bounds      |     Work
 Expl Unexpl |  Obj  Depth IntInf | Incumbent    BestBd   Gap | It/Node Time

     0     0 3.3844e+07    0  293 -4.354e+09 3.3844e+07   101%     -    5s
H    0     0                    -2.26211e+09 3.3844e+07   101%     -    5s
H    0     0                    -2.25572e+09 3.3844e+07   102%     -    7s
H    0     0                    -2.25183e+09 3.3844e+07   102%     -    8s
H    0     0                    -2.24039e+09 3.3844e+07   102%     -    8s
H    0     0                    -2.21787e+09 3.3844e+07   102%     -   10s
     0     0 3.3617e+07    0  382 -2.218e+09 3.3617e+07   102%     -   10s
     0     0 3.3617e+07    0  410 -2.218e+09 3.3617e+07   102%     -   12s
     0     0 3.3464e+07    0  361 -2.218e+09 3.3464e+07   102%     -   15s
H    0     0                    -1.98790e+09 3.3463e+07   102%     -   16s
     0     0 3.3463e+07    0  379 -1.988e+09 3.3463e+07   102%     -   16s
     0     0 3.3368e+07    0  346 -1.988e+09 3.3368e+07   102%     -   18s
H    0     0                    -1.66863e+09 3.3368e+07   102%     -   19s
     0     0 3.3368e+07    0  354 -1.669e+09 3.3368e+07   102%     -   19s
     0     0 3.3368e+07    0  355 -1.669e+09 3.3368e+07   102%     -   19s
     0     0 3.3286e+07    0  368 -1.669e+09 3.3286e+07   102%     -   21s
H    0     0                    -1.48835e+09 3.3286e+07   102%     -   22s
     0     0 3.3285e+07    0  380 -1.488e+09 3.3285e+07   102%     -   22s
     0     0 3.3285e+07    0  384 -1.488e+09 3.3285e+07   102%     -   22s
     0     0 3.3285e+07    0  388 -1.488e+09 3.3285e+07   102%     -   22s
     0     0 3.3248e+07    0  339 -1.488e+09 3.3248e+07   102%     -   24s
H    0     0                    -8.59950e+08 3.3248e+07   104%     -   25s
     0     0 3.3248e+07    0  352 -8.599e+08 3.3248e+07   104%     -   25s
     0     0 3.3248e+07    0  358 -8.599e+08 3.3248e+07   104%     -   26s
     0     0 3.3248e+07    0  358 -8.599e+08 3.3248e+07   104%     -   26s
     0     0 3.3236e+07    0  325 -8.599e+08 3.3236e+07   104%     -   27s
     0     0 3.3235e+07    0  334 -8.599e+08 3.3235e+07   104%     -   28s
     0     0 3.3228e+07    0  310 -8.599e+08 3.3228e+07   104%     -   30s
H    0     0                    -6.65550e+08 3.3228e+07   105%     -   31s
     0     0 3.3228e+07    0  319 -6.655e+08 3.3228e+07   105%     -   31s
     0     0 3.3226e+07    0  289 -6.655e+08 3.3226e+07   105%     -   32s
H    0     0                    -5.96640e+08 3.3226e+07   106%     -   33s
     0     0 3.3226e+07    0  301 -5.966e+08 3.3226e+07   106%     -   33s
     0     0 3.3224e+07    0  307 -5.966e+08 3.3224e+07   106%     -   35s
     0     0 3.3224e+07    0  317 -5.966e+08 3.3224e+07   106%     -   35s
     0     0 3.3224e+07    0  317 -5.966e+08 3.3224e+07   106%     -   36s
     0     0 3.3223e+07    0  308 -5.966e+08 3.3223e+07   106%     -   36s
     0     0 3.3223e+07    0  309 -5.966e+08 3.3223e+07   106%     -   36s
     0     0 3.3223e+07    0  301 -5.966e+08 3.3223e+07   106%     -   37s
     0     0 3.3223e+07    0  301 -5.966e+08 3.3223e+07   106%     -   41s
H    0     0                    -5.73725e+08 3.3223e+07   106%     -   42s
     0     2 3.3223e+07    0  301 -5.737e+08 3.3223e+07   106%     -   44s
     1     4 3.3178e+07    1  291 -5.737e+08 3.3222e+07   106%   999   45s
H  253   288                    -5.73604e+08 3.3203e+07   106%  93.7   49s
   287   391 3.3145e+07    9  300 -5.736e+08 3.3203e+07   106%  86.8   50s
H  604   704                    -5.36222e+08 3.3203e+07   106%  71.1   53s
H  691   704                    -5.10872e+08 3.3203e+07   106%  69.0   53s
   754   803 3.3144e+07   20  279 -5.109e+08 3.3203e+07   106%  67.2   55s
H  756   803                    -4.99740e+08 3.3203e+07   107%  67.1   55s
H  796   803                    -4.50420e+08 3.3203e+07   107%  65.4   55s
  1827  1876 3.3140e+07   32  244 -4.504e+08 3.3203e+07   107%  62.3   61s
H 1832  1876                    -4.22690e+08 3.3203e+07   108%  62.3   61s
H 1847  1876                    -3.35149e+08 3.3203e+07   110%  62.3   61s
  2010  2158 3.3112e+07   34  234 -3.351e+08 3.3203e+07   110%  61.6   66s
  2157  2328 3.3112e+07   35  231 -3.351e+08 3.3203e+07   110%  62.5   71s
H 2229  2328                    -2.53800e+08 3.3203e+07   113%  61.6   71s
  3258  3400 3.3097e+07   52  206 -2.538e+08 3.3203e+07   113%  62.2   76s
H 3424  3576                    -2.53800e+08 3.3203e+07   113%  61.4   76s
H 3463  3576                    -2.53800e+08 3.3203e+07   113%  61.6   76s
H 3486  3576                    -1.87638e+08 3.3203e+07   118%  61.6   76s
  4379  4428 3.3097e+07   74  208 -1.876e+08 3.3203e+07   118%  55.4   81s
  4427  4476 3.3097e+07   75  207 -1.876e+08 3.3203e+07   118%  55.1   85s
  4475  4524 3.3097e+07   76  207 -1.876e+08 3.3203e+07   118%  55.5   91s
H 4496  4524                    -1.65416e+08 3.3203e+07   120%  55.7   91s
H 4500  4524                    -1.39321e+08 3.3203e+07   124%  55.8   91s
H 4502  4456                    -7.25834e+07 3.3203e+07   146%  55.7   91s
H 4555  4578                    -6.35855e+07 3.3203e+07   152%  56.0   92s
H 4637  4578                    -6.05019e+07 3.3203e+07   155%  55.6   92s
  4962  4903 3.3097e+07   87  202 -6.050e+07 3.3203e+07   155%  55.4   95s
H 4964  4903                    -6.05017e+07 3.3203e+07   155%  55.3   95s
H 4967  4903                    -6.05017e+07 3.3203e+07   155%  55.3   95s
  6055  6213 3.3097e+07  102  198 -6.050e+07 3.3203e+07   155%  52.9  100s
H 6087  5939                    -5.16967e+07 3.3203e+07   164%  52.8  100s
H 6124  5876                    -4.98232e+07 3.3203e+07   167%  52.9  100s
H 7158  6828                    -4.45066e+07 3.3203e+07   175%  50.3  104s
  7312  7245 3.3095e+07  123  196 -4.451e+07 3.3203e+07   175%  50.2  105s
  8338  8229 3.3094e+07  143  191 -4.451e+07 3.3203e+07   175%  49.7  110s
H 8868  8406                    -4.45043e+07 3.3203e+07   175%  49.6  112s
H 8888  8369                    -4.41683e+07 3.3203e+07   175%  49.6  112s
  9341  9346 3.3095e+07  158  192 -4.417e+07 3.3203e+07   175%  49.5  115s
H 9928  9363                    -4.16604e+07 3.3203e+07   180%  48.4  118s
H 9935  9363                    -4.15511e+07 3.3203e+07   180%  48.4  118s
H 9936  9363                    -4.15492e+07 3.3203e+07   180%  48.4  118s
H 9944  9363                    -4.15453e+07 3.3203e+07   180%  48.4  118s
  9975  9934 3.3094e+07  167  187 -4.155e+07 3.3203e+07   180%  48.4  122s
 10557 10536 3.3095e+07  180  191 -4.155e+07 3.3203e+07   180%  47.6  125s
H10779 10269                    -3.98595e+07 3.3203e+07   183%  47.6  125s
H11790 11285                    -3.98423e+07 3.3203e+07   183%  46.6  130s
H11813 11285                    -3.98019e+07 3.3203e+07   183%  46.8  130s
H12007 11285                    -3.97614e+07 3.3203e+07   184%  46.8  130s
 13695 13426 3.3056e+07  228  169 -3.976e+07 3.3203e+07   184%  45.0  136s
 15192 14781 3.3025e+07  252  159 -3.976e+07 3.3203e+07   184%  43.1  140s
H15320 14757                    -3.97193e+07 3.3203e+07   184%  42.9  140s
H16180 14904                    -3.80906e+07 3.3202e+07   187%  42.0  143s
H16411 14815                    -3.66118e+07 3.3202e+07   191%  41.8  143s
 16425 15659 3.3025e+07  280  157 -3.661e+07 3.3202e+07   191%  41.8  146s
H18401 16680                    -3.64583e+07 3.3202e+07   191%  39.7  159s
H18401 15774                    -2.74392e+07 3.3202e+07   221%  39.7  161s
H18401 15369                    -2.49000e+07 3.3202e+07   233%  39.7  161s
H18401  8982                    2.396063e+07 3.3202e+07  38.6%  39.7  162s
H18401  8955                    3.151589e+07 3.3202e+07  5.35%  39.7  162s
H18401  8865                    3.199116e+07 3.3202e+07  3.79%  39.7  163s
H18401  8846                    3.203600e+07 3.3202e+07  3.64%  39.7  163s
H18401  8785                    3.212909e+07 3.3202e+07  3.34%  39.7  164s
 18402  8640 3.3152e+07   13  301 3.2129e+07 3.3202e+07  3.34%  39.7  174s
H18403  8208                    3.270649e+07 3.3182e+07  1.46%  39.7  219s
H18403  7798                    3.273870e+07 3.3182e+07  1.36%  39.7  219s
H18403  7408                    3.273889e+07 3.3182e+07  1.35%  39.7  219s
H18404  7038                    3.274036e+07 3.2989e+07  0.76%  39.7  223s
 18406  7040 3.2988e+07   41  239 3.2740e+07 3.2988e+07  0.76%  39.7  227s
 18408  7041 3.2987e+07   16  270 3.2740e+07 3.2987e+07  0.75%  39.7  230s
H18411  6690                    3.287380e+07 3.2941e+07  0.20%  39.6  266s
H18411  6356                    3.287421e+07 3.2941e+07  0.20%  39.6  266s
H18411  6038                    3.287813e+07 3.2941e+07  0.19%  39.6  266s

Cutting planes:
  Gomory: 11
  Cover: 13
  Implied bound: 276
  MIR: 581
  Flow cover: 641
  RLT: 3
  Relax-and-lift: 594

Explored 18411 nodes (824398 simplex iterations) in 266.83 seconds (288.82 work units)
Thread count was 48 (of 192 available processors)

Solution count 10: 3.28781e+07 3.28742e+07 3.28738e+07 ... 3.19912e+07

Optimal solution found (tolerance 2.00e-03)
Best objective 3.287812854013e+07, best bound 3.294093737723e+07, gap 0.1910%
Deleted nodefile directory: /scratch-local/lbeemster.22625985/gurobi_stress_vol8.0_0.8_price_lt_run2
Saved model snapshot to study_case_model/figures/volatility_stress/07052026/vol8.0_0.8_price_lt/sub30.0/run2/model_snapshot.pkl
  Objective: 32878128.54
  Avg H2 production: 1.0715364270429961
  Scenario obj std: 14594326.394710926
  CVaR 5%: 16635606.75098864
  Worst scenario: 16635606.750988603

============================================================
Volatility multiplier: 16.0x
============================================================
Read LP format model from file /scratch-local/lbeemster.22625985/tmpgc5ucbpz.pyomo.lp
Reading time = 0.68 seconds
x1: 178177 rows, 50626 columns, 1021376 nonzeros
Set parameter OutputFlag to value 1
Set parameter MIPGap to value 0.002
Set parameter Threads to value 48
Set parameter Presolve to value 1
Set parameter Cuts to value 1
Set parameter NodefileStart to value 1
Set parameter NodefileDir to value "/scratch-local/lbeemster.22625985/gurobi_stress_vol16.0_0.8_price_lt_run2"
Set parameter MemLimit to value 60
Gurobi Optimizer version 12.0.3 build v12.0.3rc0 (linux64 - "Red Hat Enterprise Linux 9.6 (Plow)")

CPU model: AMD EPYC 9654 96-Core Processor, instruction set [SSE2|AVX|AVX2|AVX512]
Thread count: 192 physical cores, 192 logical processors, using up to 48 threads

Non-default parameters:
MemLimit  60
MIPGap  0.002
NodefileStart  1
Cuts  1
Presolve  1
Threads  48

Academic license 2514514 - for non-commercial use only - registered to l.___@student.vu.nl
Optimize a model with 178177 rows, 50626 columns and 1021376 nonzeros
Model fingerprint: 0xc1eae2f6
Variable types: 40002 continuous, 10624 integer (10624 binary)
Coefficient statistics:
  Matrix range     [1e-06, 1e+05]
  Objective range  [2e+00, 3e+04]
  Bounds range     [1e+00, 1e+00]
  RHS range        [3e-01, 2e+05]
Presolve removed 76837 rows and 24958 columns
Presolve time: 1.61s
Presolved: 101340 rows, 25668 columns, 665823 nonzeros
Variable types: 19728 continuous, 5940 integer (5940 binary)
Found heuristic solution: objective -4.34036e+09

Deterministic concurrent LP optimizer: primal simplex, dual simplex, and barrier
Showing barrier log only...

Root barrier log...

Ordering time: 0.36s

Barrier statistics:
 Dense cols : 135
 AA' NZ     : 8.014e+06
 Factor NZ  : 9.382e+06 (roughly 130 MB of memory)
 Factor Ops : 1.193e+09 (less than 1 second per iteration)
 Threads    : 46

                  Objective                Residual
Iter       Primal          Dual         Primal    Dual     Compl     Time
   0  -2.89031998e+12  3.46571813e+14  2.97e+05 1.10e+05  5.05e+10     4s
   1  -1.81144664e+12  2.15324698e+14  1.68e+05 8.53e+05  2.20e+10     4s
   2  -5.18098360e+11  1.34717422e+14  4.52e+04 2.80e+04  6.05e+09     4s
   3  -3.89526729e+10  3.47823128e+13  2.44e+03 8.37e+01  4.83e+08     4s
   4  -1.70478340e+10  8.37086012e+12  5.47e+02 2.56e-06  1.01e+08     4s
   5  -1.04780512e+10  2.31765790e+12  1.14e+02 4.32e-07  2.29e+07     4s
   6  -6.26335661e+09  9.30295206e+11  4.80e+01 1.55e-07  8.71e+06     4s
   7  -2.48448004e+09  5.53352163e+11  2.44e+01 9.20e-08  4.88e+06     4s
   8  -1.11974833e+09  3.12163050e+11  7.10e+00 4.62e-08  2.46e+06     5s
   9  -3.27919241e+08  8.95424678e+10  1.58e+00 7.57e-08  6.76e+05     5s
  10  -4.04883575e+07  3.88929658e+10  2.11e-01 1.44e-07  2.77e+05     5s
  11   1.06976471e+07  1.33043625e+10  5.60e-03 4.09e-08  9.29e+04     5s
  12   1.55005716e+07  3.70506533e+09  7.69e-06 1.07e-08  2.58e+04     5s
  13   1.71312169e+07  2.39045048e+09  4.91e-06 6.82e-09  1.66e+04     5s
  14   1.96055083e+07  1.60496833e+09  2.90e-06 4.38e-09  1.11e+04     5s

Barrier performed 14 iterations in 4.91 seconds (4.43 work units)
Barrier solve interrupted - model solved by another algorithm

Concurrent spin time: 0.61s (can be avoided by choosing Method=3)

Solved with primal simplex

Root relaxation: objective 4.922188e+07, 30721 iterations, 2.19 seconds (1.73 work units)
Total elapsed time = 5.46s (DegenMoves)

    Nodes    |    Current Node    |     Objective Bounds      |     Work
 Expl Unexpl |  Obj  Depth IntInf | Incumbent    BestBd   Gap | It/Node Time

     0     0 4.9222e+07    0  304 -4.340e+09 4.9222e+07   101%     -    5s
H    0     0                    -2.60184e+09 4.9222e+07   102%     -    6s
H    0     0                    -2.60184e+09 4.9222e+07   102%     -    6s
H    0     0                    -2.56182e+09 4.9222e+07   102%     -    6s
     0     0 4.8908e+07    0  390 -2.562e+09 4.8908e+07   102%     -    9s
     0     0 4.8908e+07    0  408 -2.562e+09 4.8908e+07   102%     -    9s
     0     0 4.8647e+07    0  392 -2.562e+09 4.8647e+07   102%     -   11s
H    0     0                    -2.56107e+09 4.8647e+07   102%     -   12s
H    0     0                    -2.50714e+09 4.8641e+07   102%     -   12s
     0     0 4.8641e+07    0  390 -2.507e+09 4.8641e+07   102%     -   14s
     0     0 4.8640e+07    0  394 -2.507e+09 4.8640e+07   102%     -   15s
     0     0 4.8640e+07    0  400 -2.507e+09 4.8640e+07   102%     -   15s
     0     0 4.8640e+07    0  400 -2.507e+09 4.8640e+07   102%     -   15s
H    0     0                    -2.48684e+09 4.8640e+07   102%     -   17s
     0     0 4.8423e+07    0  363 -2.487e+09 4.8423e+07   102%     -   17s
H    0     0                    -1.35631e+09 4.8423e+07   104%     -   18s
     0     0 4.8422e+07    0  382 -1.356e+09 4.8422e+07   104%     -   18s
     0     0 4.8422e+07    0  386 -1.356e+09 4.8422e+07   104%     -   18s
     0     0 4.8422e+07    0  388 -1.356e+09 4.8422e+07   104%     -   18s
     0     0 4.8357e+07    0  353 -1.356e+09 4.8357e+07   104%     -   20s
H    0     0                    -1.13253e+09 4.8357e+07   104%     -   21s
     0     0 4.8355e+07    0  389 -1.133e+09 4.8355e+07   104%     -   21s
     0     0 4.8355e+07    0  389 -1.133e+09 4.8355e+07   104%     -   22s
     0     0 4.8355e+07    0  389 -1.133e+09 4.8355e+07   104%     -   22s
     0     0 4.8355e+07    0  389 -1.133e+09 4.8355e+07   104%     -   22s
     0     0 4.8347e+07    0  369 -1.133e+09 4.8347e+07   104%     -   24s
     0     0 4.8347e+07    0  364 -1.133e+09 4.8347e+07   104%     -   24s
     0     0 4.8340e+07    0  324 -1.133e+09 4.8340e+07   104%     -   26s
H    0     0                    -1.04604e+09 4.8339e+07   105%     -   27s
     0     0 4.8339e+07    0  333 -1.046e+09 4.8339e+07   105%     -   27s
     0     0 4.8336e+07    0  315 -1.046e+09 4.8336e+07   105%     -   29s
H    0     0                    -8.12553e+08 4.8336e+07   106%     -   30s
     0     0 4.8336e+07    0  326 -8.126e+08 4.8336e+07   106%     -   30s
     0     0 4.8333e+07    0  305 -8.126e+08 4.8333e+07   106%     -   31s
H    0     0                    -6.13842e+08 4.8333e+07   108%     -   37s
     0     0 4.8333e+07    0  304 -6.138e+08 4.8333e+07   108%     -   37s
     0     0 4.8331e+07    0  293 -6.138e+08 4.8331e+07   108%     -   37s
     0     0 4.8331e+07    0  307 -6.138e+08 4.8331e+07   108%     -   39s
     0     0 4.8331e+07    0  313 -6.138e+08 4.8331e+07   108%     -   40s
     0     0 4.8331e+07    0  317 -6.138e+08 4.8331e+07   108%     -   41s
     0     0 4.8331e+07    0  299 -6.138e+08 4.8331e+07   108%     -   42s
     0     0 4.8331e+07    0  294 -6.138e+08 4.8331e+07   108%     -   46s
H    0     0                    -4.34542e+08 4.8331e+07   111%     -   48s
H    0     0                    -4.31712e+08 4.8331e+07   111%     -   54s
H    0     0                    -4.31712e+08 4.8331e+07   111%     -   62s
H    0     0                    -4.03900e+08 4.8331e+07   112%     -   62s
     0     2 4.8331e+07    0  290 -4.039e+08 4.8331e+07   112%     -   64s
    15    32 4.8246e+07    4  302 -4.039e+08 4.8329e+07   112%   301   65s
H  273   322                    -2.95901e+08 4.8329e+07   116%  70.2   74s
H  276   322                    -2.92180e+08 4.8329e+07   117%  69.6   74s
H  279   322                    -2.69077e+08 4.8329e+07   118%  69.1   74s
H  280   322                    -2.47957e+08 4.8329e+07   119%  68.9   74s
H  288   322                    -2.46207e+08 4.8329e+07   120%  67.5   74s
H  295   322                    -2.44304e+08 4.8329e+07   120%  67.3   74s
H  299   322                    -2.34680e+08 4.8329e+07   121%  66.5   74s
H  300   322                    -2.23044e+08 4.8329e+07   122%  66.6   74s
   321   370 4.8223e+07   10  282 -2.230e+08 4.8329e+07   122%  65.1   75s
  1027  1076 4.8222e+07   26  272 -2.230e+08 4.8329e+07   122%  30.2   81s
  1075  1126 4.8222e+07   27  272 -2.230e+08 4.8329e+07   122%  29.5   88s
  1125  1178 4.8222e+07   28  272 -2.230e+08 4.8329e+07   122%  29.2   93s
  1177  1230 4.8222e+07   29  270 -2.230e+08 4.8329e+07   122%  29.0   97s
  1229  1280 4.8222e+07   30  270 -2.230e+08 4.8329e+07   122%  28.8  102s
  1279  1330 4.8222e+07   31  269 -2.230e+08 4.8329e+07   122%  28.5  106s
H 1406  1430                    -2.09257e+08 4.8329e+07   123%  27.4  108s
  2005  2249 4.8222e+07   46  265 -2.093e+08 4.8329e+07   123%  22.0  110s
H 2740  2802                    -2.09252e+08 4.8329e+07   123%  20.3  112s
  3508  3698 4.8216e+07   84  237 -2.093e+08 4.8329e+07   123%  23.6  115s
H 4046  4229                    -2.05648e+08 4.8329e+07   124%  27.9  118s
H 4227  4229                    -1.67252e+08 4.8329e+07   129%  28.9  118s
  4709  4951 4.8216e+07  107  230 -1.673e+08 4.8329e+07   129%  30.5  120s
  5693  5995 4.8216e+07  126  229 -1.673e+08 4.8329e+07   129%  31.8  125s
  7778  8179 4.8215e+07  160  229 -1.673e+08 4.8329e+07   129%  34.0  131s
  9590 10064 4.8215e+07  196  225 -1.673e+08 4.8329e+07   129%  32.6  135s
 11683 12242 3411017.42  234  203 -1.673e+08 4.8329e+07   129%  31.3  141s
 13511 14160 3411010.95  264  201 -1.673e+08 4.8329e+07   129%  30.1  146s
 14842 15283 3404662.68  286  196 -1.673e+08 4.8329e+07   129%  29.9  150s
H15699 15984                    -1.62291e+08 4.8329e+07   130%  29.4  152s
 16908 17265 2994484.35  335  196 -1.623e+08 4.8329e+07   130%  28.9  157s
H16925 17265                    -1.62267e+08 4.8329e+07   130%  28.8  157s
H17148 17265                    -1.62267e+08 4.8329e+07   130%  28.9  157s
*17982 17407             181    -1.32539e+08 4.8329e+07   136%  28.6  159s
*17985 17407             183    -1.32529e+08 4.8329e+07   136%  28.6  159s
H18099 12127                    1.303717e+07 4.8329e+07   271%  28.5  173s
H18099  9787                    4.643448e+07 4.8329e+07  4.08%  28.5  173s
H18099  9733                    4.691367e+07 4.8329e+07  3.02%  28.5  177s
H18099  9715                    4.699913e+07 4.8329e+07  2.83%  28.5  177s
H18099  9715                    4.700466e+07 4.8329e+07  2.82%  28.5  179s
 18100  9579 4.8227e+07   17  294 4.7005e+07 4.8329e+07  2.82%  28.5  191s
H18101  9101                    4.730310e+07 4.8259e+07  2.02%  28.5  243s
H18101  8645                    4.750561e+07 4.8259e+07  1.59%  28.5  243s
H18101  8213                    4.751287e+07 4.8259e+07  1.57%  28.5  243s
 18102  8213 4.7938e+07  144  205 4.7513e+07 4.7938e+07  0.89%  28.5  255s
 18104  8215 4.7938e+07  298  216 4.7513e+07 4.7938e+07  0.89%  28.4  260s
H18105  7804                    4.752848e+07 4.7938e+07  0.86%  28.4  262s
 18109  7807 4.7938e+07  145  276 4.7528e+07 4.7938e+07  0.86%  28.4  265s
H18111  7418                    4.755586e+07 4.7936e+07  0.80%  28.4  279s
H18111  7047                    4.770620e+07 4.7817e+07  0.23%  28.4  279s
 18113  7049 4.7817e+07  130  273 4.7706e+07 4.7817e+07  0.23%  28.4  280s
 18120  7053 4.7810e+07  243  261 4.7706e+07 4.7810e+07  0.22%  28.4  301s
 18127  7058 4.7810e+07   97  262 4.7706e+07 4.7810e+07  0.22%  28.4  321s
 18132  7061 4.7810e+07  115  269 4.7706e+07 4.7810e+07  0.22%  28.4  338s
 18134  7063 4.7810e+07   57  253 4.7706e+07 4.7810e+07  0.22%  28.4  340s
H18136  6710                    4.772288e+07 4.7809e+07  0.18%  28.4  359s

Cutting planes:
  Gomory: 19
  Cover: 25
  Implied bound: 349
  MIR: 430
  Flow cover: 624
  RLT: 2
  Relax-and-lift: 400

Explored 18136 nodes (618161 simplex iterations) in 359.23 seconds (425.32 work units)
Thread count was 48 (of 192 available processors)

Solution count 10: 4.77229e+07 4.77062e+07 4.75559e+07 ... 4.69137e+07

Optimal solution found (tolerance 2.00e-03)
Best objective 4.772288204625e+07, best bound 4.780944714826e+07, gap 0.1814%
Deleted nodefile directory: /scratch-local/lbeemster.22625985/gurobi_stress_vol16.0_0.8_price_lt_run2
Saved model snapshot to study_case_model/figures/volatility_stress/07052026/vol16.0_0.8_price_lt/sub30.0/run2/model_snapshot.pkl
  Objective: 47722882.05
  Avg H2 production: 1.1187387610428987
  Scenario obj std: 28291670.274777025
  CVaR 5%: 15972687.61375237
  Worst scenario: 15972687.613752369

Results saved to study_case_model/figures/volatility_stress/07052026/stress_test_results_30_0.8_price_shock_lt_2_.csv

================================================================================
STRESS TEST SUMMARY
================================================================================
    1.0x vol: obj= 21148143.42, loss=0.0%, H2=   -0.00, CVaR5=19342297.78825605
    2.0x vol: obj= 22689809.92, loss=-7.3%, H2=    0.67, CVaR5=18588368.851244777
    4.0x vol: obj= 25896830.47, loss=-22.5%, H2=    0.93, CVaR5=17434132.642532147
    8.0x vol: obj= 32878128.54, loss=-55.5%, H2=    1.07, CVaR5=16635606.75098864
   16.0x vol: obj= 47722882.05, loss=-125.7%, H2=    1.12, CVaR5=15972687.61375237

Finished stress test!
