Gurobi shell based on Python 3.13.1 can be launched with command `gurobi.sh`
Gurobi Python Interface can be loaded in Python 3.13.1 with 'import gurobipy'
/var/spool/slurm/slurmd/job22626072/slurm_script: line 24: activate: No such file or directory
Stress test configuration:
  Volatility multipliers: [1.0, 2.0, 4.0, 8.0, 16.0]
  Shock type: price_lt
  Price Correlated shocks: 1.0
  Subsidy: 30.0 EUR/MWh
  Deviation allowance: 0.0

============================================================
Volatility multiplier: 1.0x
============================================================
Read LP format model from file /scratch-local/lbeemster.22626072/tmpxu1yzmto.pyomo.lp
Reading time = 1.59 seconds
x1: 178177 rows, 50626 columns, 1021376 nonzeros
Set parameter OutputFlag to value 1
Set parameter MIPGap to value 0.002
Set parameter Threads to value 48
Set parameter Presolve to value 1
Set parameter Cuts to value 1
Set parameter NodefileStart to value 1
Set parameter NodefileDir to value "/scratch-local/lbeemster.22626072/gurobi_stress_vol1.0_1.0_price_lt_run2"
Set parameter MemLimit to value 60
Gurobi Optimizer version 12.0.3 build v12.0.3rc0 (linux64 - "Red Hat Enterprise Linux 9.6 (Plow)")

CPU model: AMD EPYC 9654 96-Core Processor, instruction set [SSE2|AVX|AVX2|AVX512]
Thread count: 192 physical cores, 192 logical processors, using up to 48 threads

Non-default parameters:
MemLimit  60
MIPGap  0.002
NodefileStart  1
Cuts  1
Presolve  1
Threads  48

Academic license 2514514 - for non-commercial use only - registered to l.___@student.vu.nl
Optimize a model with 178177 rows, 50626 columns and 1021376 nonzeros
Model fingerprint: 0xbeb21df4
Variable types: 40002 continuous, 10624 integer (10624 binary)
Coefficient statistics:
  Matrix range     [1e-06, 1e+05]
  Objective range  [2e+00, 3e+04]
  Bounds range     [1e+00, 1e+00]
  RHS range        [3e-01, 2e+05]
Presolve removed 34049 rows and 14166 columns
Presolve time: 1.67s
Presolved: 144128 rows, 36460 columns, 945973 nonzeros
Variable types: 28012 continuous, 8448 integer (8448 binary)
Found heuristic solution: objective -4.36191e+09

Deterministic concurrent LP optimizer: primal simplex, dual simplex, and barrier
Showing barrier log only...

Root barrier log...

Ordering time: 2.42s

Barrier statistics:
 AA' NZ     : 1.286e+07
 Factor NZ  : 1.434e+07 (roughly 200 MB of memory)
 Factor Ops : 2.150e+09 (less than 1 second per iteration)
 Threads    : 46

                  Objective                Residual
Iter       Primal          Dual         Primal    Dual     Compl     Time
   0  -3.00524416e+12  1.66219687e+14  3.09e+05 3.68e+04  1.75e+10     7s
   1  -1.87860755e+12  1.04791488e+14  1.75e+05 2.84e+05  7.64e+09     7s
   2  -5.43543776e+11  6.97282773e+13  4.78e+04 1.11e+04  2.11e+09     7s
   3  -4.52076678e+10  1.98203737e+13  3.19e+03 1.36e+01  2.01e+08     7s
   4  -1.37178452e+10  5.21756556e+12  5.09e+02 3.62e-07  3.89e+07     7s
   5  -8.32567077e+09  1.38923190e+12  1.23e+02 1.05e-07  9.31e+06     7s
   6  -3.23745412e+09  5.12735984e+11  4.20e+01 4.07e-08  3.17e+06     7s
   7  -1.47563375e+09  3.23932749e+11  2.27e+01 2.76e-08  1.91e+06     7s
   8  -5.25562552e+08  1.62677351e+11  7.69e+00 1.41e-08  8.99e+05     7s
   9  -1.02828536e+08  7.07626835e+10  1.03e+00 7.51e-09  3.59e+05     7s
  10  -4.04463824e+06  1.29299821e+10  7.28e-02 3.89e-08  6.40e+04     7s
  11   6.18093717e+06  1.93637287e+09  4.18e-03 1.42e-08  9.49e+03     7s
  12   8.26499663e+06  8.91537963e+08  1.64e-06 5.12e-09  4.34e+03     8s
  13   9.45354347e+06  3.18788387e+08  9.45e-07 1.86e-09  1.52e+03     8s
  14   1.20999944e+07  1.46495860e+08  4.82e-07 7.57e-10  6.60e+02     8s

Barrier performed 14 iterations in 7.67 seconds (5.93 work units)
Barrier solve interrupted - model solved by another algorithm

Concurrent spin time: 1.90s (can be avoided by choosing Method=3)

Solved with primal simplex

Root relaxation: objective 2.062189e+07, 56166 iterations, 4.68 seconds (3.09 work units)

    Nodes    |    Current Node    |     Objective Bounds      |     Work
 Expl Unexpl |  Obj  Depth IntInf | Incumbent    BestBd   Gap | It/Node Time

     0     0 2.0622e+07    0  510 -4.362e+09 2.0622e+07   100%     -    8s
H    0     0                    -3.71978e+09 2.0622e+07   101%     -    9s
H    0     0                    -3.65459e+09 2.0622e+07   101%     -   12s
     0     0 2.0593e+07    0  584 -3.655e+09 2.0593e+07   101%     -   15s
H    0     0                    -3.12619e+09 2.0593e+07   101%     -   16s
     0     0 2.0593e+07    0  628 -3.126e+09 2.0593e+07   101%     -   16s
     0     0 2.0593e+07    0  642 -3.126e+09 2.0593e+07   101%     -   16s
     0     0 2.0589e+07    0  594 -3.126e+09 2.0589e+07   101%     -   18s
     0     0 2.0589e+07    0  632 -3.126e+09 2.0589e+07   101%     -   19s
     0     0 2.0577e+07    0  473 -3.126e+09 2.0577e+07   101%     -   22s
H    0     0                    -1.36105e+09 2.0577e+07   102%     -   23s
     0     0 2.0577e+07    0  501 -1.361e+09 2.0577e+07   102%     -   23s
     0     0 2.0577e+07    0  509 -1.361e+09 2.0577e+07   102%     -   24s
     0     0 2.0565e+07    0  486 -1.361e+09 2.0565e+07   102%     -   27s
H    0     0                    -4.70831e+08 2.0565e+07   104%     -   28s
     0     0 2.0565e+07    0  484 -4.708e+08 2.0565e+07   104%     -   28s
     0     0 2.0565e+07    0  482 -4.708e+08 2.0565e+07   104%     -   28s
     0     0 2.0558e+07    0  432 -4.708e+08 2.0558e+07   104%     -   31s
     0     0 2.0558e+07    0  449 -4.708e+08 2.0558e+07   104%     -   33s
     0     0 2.0558e+07    0  454 -4.708e+08 2.0558e+07   104%     -   33s
     0     0 2.0558e+07    0  463 -4.708e+08 2.0558e+07   104%     -   33s
     0     0 2.0553e+07    0  347 -4.708e+08 2.0553e+07   104%     -   36s
H    0     0                    -3.31140e+08 2.0553e+07   106%     -   37s
     0     0 2.0553e+07    0  356 -3.311e+08 2.0553e+07   106%     -   37s
     0     0 2.0553e+07    0  358 -3.311e+08 2.0553e+07   106%     -   37s
     0     0 2.0551e+07    0  322 -3.311e+08 2.0551e+07   106%     -   40s
     0     0 2.0551e+07    0  343 -3.311e+08 2.0551e+07   106%     -   41s
     0     0 2.0551e+07    0  344 -3.311e+08 2.0551e+07   106%     -   41s
     0     0 2.0550e+07    0  291 -3.311e+08 2.0550e+07   106%     -   42s
     0     0 2.0550e+07    0  302 -3.311e+08 2.0550e+07   106%     -   42s
     0     0 2.0549e+07    0  290 -3.311e+08 2.0549e+07   106%     -   44s
H    0     0                    -3.25894e+08 2.0549e+07   106%     -   45s
     0     0 2.0549e+07    0  310 -3.259e+08 2.0549e+07   106%     -   45s
     0     0 2.0549e+07    0  316 -3.259e+08 2.0549e+07   106%     -   46s
     0     0 2.0549e+07    0  308 -3.259e+08 2.0549e+07   106%     -   46s
     0     0 2.0549e+07    0  323 -3.259e+08 2.0549e+07   106%     -   46s
     0     0 2.0549e+07    0  329 -3.259e+08 2.0549e+07   106%     -   47s
     0     0 2.0548e+07    0  300 -3.259e+08 2.0548e+07   106%     -   49s
H    0     0                    -2.83509e+08 2.0548e+07   107%     -   50s
     0     0 2.0548e+07    0  302 -2.835e+08 2.0548e+07   107%     -   50s
     0     0 2.0548e+07    0  277 -2.835e+08 2.0548e+07   107%     -   51s
     0     0 2.0548e+07    0  283 -2.835e+08 2.0548e+07   107%     -   51s
     0     0 2.0548e+07    0  284 -2.835e+08 2.0548e+07   107%     -   51s
     0     0 2.0548e+07    0  260 -2.835e+08 2.0548e+07   107%     -   57s
H    0     0                    -2.61014e+08 2.0548e+07   108%     -   60s
H    0     0                    -1.96283e+08 2.0548e+07   110%     -   61s
H    0     0                    -1.40620e+08 2.0548e+07   115%     -   65s
H    0     0                    -1.37346e+08 2.0548e+07   115%     -   67s
H    0     0                    -1.33833e+08 2.0548e+07   115%     -   68s
H    0     0                    -1.24570e+08 2.0548e+07   116%     -   72s
H    0     0                    -1.22364e+08 2.0548e+07   117%     -   74s
H    0     0                    -9.07883e+07 2.0548e+07   123%     -   75s
H    0     0                    -9.07883e+07 2.0548e+07   123%     -   79s
H    0     0                    -8.17497e+07 2.0548e+07   125%     -   82s
H    0     0                    -8.17449e+07 2.0548e+07   125%     -   82s
H    0     0                    -7.94833e+07 2.0548e+07   126%     -   82s
H    0     0                    -7.72793e+07 2.0548e+07   127%     -   83s
H    0     0                    -7.72204e+07 2.0548e+07   127%     -   83s
     0     2 2.0548e+07    0  260 -7.722e+07 2.0548e+07   127%     -   85s
    63   112 2.0547e+07    6  252 -7.722e+07 2.0548e+07   127%   182   90s
H  502   547                    -5.51197e+07 2.0548e+07   137%   108   94s
   546   740 2.0547e+07   15  254 -5.512e+07 2.0548e+07   137%   103   95s
  1171  1660 2.0546e+07   22  218 -5.512e+07 2.0548e+07   137%  84.6  101s
H 1199  1660                    -4.53585e+07 2.0548e+07   145%  84.1  101s
H 1277  1660                    -3.13778e+07 2.0548e+07   165%  83.2  101s
H 1447  1660                    2272321.4021 2.0548e+07   804%  79.1  101s
  1665  1685 2.0546e+07   30  195 2272321.40 2.0548e+07   804%  76.5  109s
H 1677  1685                    4533164.2201 2.0548e+07   353%  77.8  109s
  1736  2124 2.0546e+07   31  179 4533164.22 2.0548e+07   353%  80.0  112s
  2179  3303 2.0546e+07   42  155 4533164.22 2.0548e+07   353%  76.6  117s
  3368  4415 2.0546e+07   56  136 4533164.22 2.0548e+07   353%  68.0  123s
H 3753  3912                    6750388.7702 2.0548e+07   204%  68.7  123s
  4666  5026 2.0546e+07   79   92 6750388.77 2.0548e+07   204%  60.9  129s
H 6608  4898                    1.186638e+07 2.0548e+07  73.2%  51.4  142s
H 6697  4532                    1.610477e+07 2.0548e+07  27.6%  51.0  142s
H 7091  4321                    2.034524e+07 2.0548e+07  1.00%  50.1  155s
H 7092  4321                    2.038657e+07 2.0548e+07  0.79%  50.1  155s
H 7112  4321                    2.038809e+07 2.0548e+07  0.78%  50.1  155s
H 7119  4321                    2.039133e+07 2.0548e+07  0.77%  50.2  155s
H 7136  4321                    2.039244e+07 2.0548e+07  0.76%  50.2  155s
  7308  7474 2.0545e+07  112   70 2.0392e+07 2.0548e+07  0.76%  49.8  168s
H10630 10085                    2.043764e+07 2.0548e+07  0.54%  45.9  181s
H10677 10080                    2.044013e+07 2.0548e+07  0.53%  45.7  181s
H10783 10044                    2.046178e+07 2.0548e+07  0.42%  45.5  181s
H12924 10044                    2.046220e+07 2.0548e+07  0.42%  43.0  181s
 13573 13216 2.0541e+07  218   38 2.0462e+07 2.0548e+07  0.42%  42.1  192s
 16900 15977 2.0538e+07  268   21 2.0462e+07 2.0548e+07  0.42%  40.4  202s
*16937 14641             296    2.053325e+07 2.0548e+07  0.07%  40.4  202s
*16943 14234             301    2.053630e+07 2.0548e+07  0.06%  40.4  202s
*16947 14231             303    2.053632e+07 2.0548e+07  0.06%  40.4  202s
*17006 14196             298    2.053656e+07 2.0548e+07  0.06%  40.4  202s
*17062 13888             310    2.053793e+07 2.0548e+07  0.05%  40.3  202s
*17066 13874             312    2.053796e+07 2.0548e+07  0.05%  40.3  202s
*17869 13830             291    2.053802e+07 2.0548e+07  0.05%  39.8  202s
*19307 13696             279    2.053834e+07 2.0548e+07  0.05%  39.0  202s

Cutting planes:
  Gomory: 6
  Implied bound: 3225
  MIR: 433
  Flow cover: 857
  Relax-and-lift: 32

Explored 20000 nodes (857251 simplex iterations) in 202.79 seconds (264.41 work units)
Thread count was 48 (of 192 available processors)

Solution count 10: 2.05383e+07 2.05383e+07 2.0538e+07 ... 2.04622e+07

Optimal solution found (tolerance 2.00e-03)
Best objective 2.053834383232e+07, best bound 2.054793828911e+07, gap 0.0467%
Deleted nodefile directory: /scratch-local/lbeemster.22626072/gurobi_stress_vol1.0_1.0_price_lt_run2
Saved model snapshot to study_case_model/figures/volatility_stress/07052026/vol1.0_1.0_price_lt/sub30.0/run2/model_snapshot.pkl
  Objective: 20538343.83
  Avg H2 production: 4.440892098500626e-16
  Scenario obj std: 1988501.5359866065
  CVaR 5%: 17582668.328960203
  Worst scenario: 17582668.328960203

============================================================
Volatility multiplier: 2.0x
============================================================
Read LP format model from file /scratch-local/lbeemster.22626072/tmpqvg5otcn.pyomo.lp
Reading time = 0.50 seconds
x1: 178177 rows, 50626 columns, 1021376 nonzeros
Set parameter OutputFlag to value 1
Set parameter MIPGap to value 0.002
Set parameter Threads to value 48
Set parameter Presolve to value 1
Set parameter Cuts to value 1
Set parameter NodefileStart to value 1
Set parameter NodefileDir to value "/scratch-local/lbeemster.22626072/gurobi_stress_vol2.0_1.0_price_lt_run2"
Set parameter MemLimit to value 60
Gurobi Optimizer version 12.0.3 build v12.0.3rc0 (linux64 - "Red Hat Enterprise Linux 9.6 (Plow)")

CPU model: AMD EPYC 9654 96-Core Processor, instruction set [SSE2|AVX|AVX2|AVX512]
Thread count: 192 physical cores, 192 logical processors, using up to 48 threads

Non-default parameters:
MemLimit  60
MIPGap  0.002
NodefileStart  1
Cuts  1
Presolve  1
Threads  48

Academic license 2514514 - for non-commercial use only - registered to l.___@student.vu.nl
Optimize a model with 178177 rows, 50626 columns and 1021376 nonzeros
Model fingerprint: 0x83925381
Variable types: 40002 continuous, 10624 integer (10624 binary)
Coefficient statistics:
  Matrix range     [1e-06, 1e+05]
  Objective range  [2e+00, 3e+04]
  Bounds range     [1e+00, 1e+00]
  RHS range        [3e-01, 2e+05]
Presolve removed 34049 rows and 14166 columns
Presolve time: 1.83s
Presolved: 144128 rows, 36460 columns, 945973 nonzeros
Variable types: 28012 continuous, 8448 integer (8448 binary)
Found heuristic solution: objective -4.36170e+09

Deterministic concurrent LP optimizer: primal simplex, dual simplex, and barrier
Showing barrier log only...

Root barrier log...

Ordering time: 2.40s

Barrier statistics:
 AA' NZ     : 1.286e+07
 Factor NZ  : 1.434e+07 (roughly 200 MB of memory)
 Factor Ops : 2.150e+09 (less than 1 second per iteration)
 Threads    : 46

                  Objective                Residual
Iter       Primal          Dual         Primal    Dual     Compl     Time
   0  -3.00524149e+12  1.66219719e+14  3.09e+05 3.68e+04  1.75e+10     7s
   1  -1.87860609e+12  1.04791509e+14  1.75e+05 2.84e+05  7.64e+09     7s
   2  -5.43543316e+11  6.97282911e+13  4.78e+04 1.11e+04  2.11e+09     7s
   3  -4.52075896e+10  1.98203777e+13  3.19e+03 1.36e+01  2.01e+08     7s
   4  -1.37178472e+10  5.21756642e+12  5.09e+02 2.65e-07  3.89e+07     7s
   5  -8.32565461e+09  1.38922724e+12  1.23e+02 1.21e-07  9.31e+06     7s
   6  -3.23738193e+09  5.12739881e+11  4.20e+01 4.49e-08  3.17e+06     7s
   7  -1.47554015e+09  3.23934010e+11  2.27e+01 2.75e-08  1.91e+06     7s
   8  -5.25515885e+08  1.62649001e+11  7.69e+00 1.65e-08  8.99e+05     7s
   9  -1.02776995e+08  7.07455175e+10  1.03e+00 5.38e-08  3.59e+05     8s
  10  -3.95855849e+06  1.29327327e+10  7.28e-02 4.45e-08  6.40e+04     8s
  11   6.27828867e+06  1.94652092e+09  4.19e-03 2.10e-09  9.54e+03     8s

Barrier performed 11 iterations in 7.63 seconds (5.66 work units)
Barrier solve interrupted - model solved by another algorithm

Concurrent spin time: 1.82s (can be avoided by choosing Method=3)

Solved with primal simplex

Root relaxation: objective 2.082982e+07, 50753 iterations, 4.49 seconds (2.90 work units)

    Nodes    |    Current Node    |     Objective Bounds      |     Work
 Expl Unexpl |  Obj  Depth IntInf | Incumbent    BestBd   Gap | It/Node Time

     0     0 2.0830e+07    0  475 -4.362e+09 2.0830e+07   100%     -    8s
H    0     0                    -3.52662e+09 2.0830e+07   101%     -    9s
H    0     0                    -3.49808e+09 2.0830e+07   101%     -   12s
     0     0 2.0798e+07    0  573 -3.498e+09 2.0798e+07   101%     -   15s
H    0     0                    -3.26052e+09 2.0798e+07   101%     -   16s
     0     0 2.0798e+07    0  628 -3.261e+09 2.0798e+07   101%     -   16s
     0     0 2.0798e+07    0  639 -3.261e+09 2.0798e+07   101%     -   16s
     0     0 2.0798e+07    0  644 -3.261e+09 2.0798e+07   101%     -   16s
     0     0 2.0798e+07    0  644 -3.261e+09 2.0798e+07   101%     -   16s
     0     0 2.0794e+07    0  605 -3.261e+09 2.0794e+07   101%     -   19s
     0     0 2.0794e+07    0  619 -3.261e+09 2.0794e+07   101%     -   19s
     0     0 2.0784e+07    0  503 -3.261e+09 2.0784e+07   101%     -   22s
H    0     0                    -1.39973e+09 2.0784e+07   101%     -   24s
     0     0 2.0784e+07    0  548 -1.400e+09 2.0784e+07   101%     -   24s
     0     0 2.0784e+07    0  560 -1.400e+09 2.0784e+07   101%     -   24s
     0     0 2.0772e+07    0  532 -1.400e+09 2.0772e+07   101%     -   27s
H    0     0                    -1.04617e+09 2.0772e+07   102%     -   29s
     0     0 2.0772e+07    0  593 -1.046e+09 2.0772e+07   102%     -   29s
     0     0 2.0772e+07    0  603 -1.046e+09 2.0772e+07   102%     -   29s
     0     0 2.0772e+07    0  607 -1.046e+09 2.0772e+07   102%     -   30s
     0     0 2.0764e+07    0  512 -1.046e+09 2.0764e+07   102%     -   33s
H    0     0                    -6.85737e+08 2.0764e+07   103%     -   35s
     0     0 2.0763e+07    0  560 -6.857e+08 2.0763e+07   103%     -   35s
     0     0 2.0763e+07    0  577 -6.857e+08 2.0763e+07   103%     -   35s
     0     0 2.0763e+07    0  579 -6.857e+08 2.0763e+07   103%     -   36s
     0     0 2.0756e+07    0  464 -6.857e+08 2.0756e+07   103%     -   39s
     0     0 2.0756e+07    0  494 -6.857e+08 2.0756e+07   103%     -   39s
     0     0 2.0756e+07    0  505 -6.857e+08 2.0756e+07   103%     -   39s
     0     0 2.0756e+07    0  505 -6.857e+08 2.0756e+07   103%     -   39s
     0     0 2.0752e+07    0  445 -6.857e+08 2.0752e+07   103%     -   42s
H    0     0                    -3.97961e+08 2.0752e+07   105%     -   44s
     0     0 2.0752e+07    0  468 -3.980e+08 2.0752e+07   105%     -   44s
     0     0 2.0752e+07    0  478 -3.980e+08 2.0752e+07   105%     -   44s
     0     0 2.0752e+07    0  487 -3.980e+08 2.0752e+07   105%     -   45s
     0     0 2.0752e+07    0  418 -3.980e+08 2.0752e+07   105%     -   47s
     0     0 2.0752e+07    0  437 -3.980e+08 2.0752e+07   105%     -   47s
     0     0 2.0752e+07    0  411 -3.980e+08 2.0752e+07   105%     -   48s
     0     0 2.0752e+07    0  409 -3.980e+08 2.0752e+07   105%     -   49s
     0     0 2.0752e+07    0  406 -3.980e+08 2.0752e+07   105%     -   50s
     0     0 2.0752e+07    0  378 -3.980e+08 2.0752e+07   105%     -   56s
H    0     0                    -3.55169e+08 2.0752e+07   106%     -   66s
H    0     0                    -2.10024e+08 2.0752e+07   110%     -   70s
H    0     0                    -2.10023e+08 2.0752e+07   110%     -   72s
H    0     0                    -1.85763e+08 2.0752e+07   111%     -   74s
H    0     0                    -4.28748e+07 2.0752e+07   148%     -   78s
H    0     0                    -4.28744e+07 2.0752e+07   148%     -   82s
H    0     0                    -4.28731e+07 2.0752e+07   148%     -   82s
     0     2 2.0752e+07    0  373 -4.287e+07 2.0752e+07   148%     -   84s
     1     4 2.0752e+07    1  366 -4.287e+07 2.0752e+07   148%   733   85s
   111   217 2.0751e+07    7  398 -4.287e+07 2.0752e+07   148%   168   90s
   455   504 2.0751e+07   13  354 -4.287e+07 2.0752e+07   148%   136   97s
H  458   504                    5016538.1925 2.0752e+07   314%   135   97s
   503   648 2.0751e+07   13  369 5016538.19 2.0752e+07   314%   136  100s
H 1381  1430                    5016637.1965 2.0752e+07   314%   109  115s
H 1401  1430                    7016714.0536 2.0752e+07   196%   109  115s
  1429  3081 2.0751e+07   32  323 7016714.05 2.0752e+07   196%   108  121s
H 3082  4715                    9275892.7851 2.0752e+07   124%  75.7  129s
H 3473  4715                    1.145410e+07 2.0752e+07  81.2%  73.6  129s
  4718  6727 2.0750e+07   74  240 1.1454e+07 2.0752e+07  81.2%  63.2  141s
H 6511  6621                    1.285207e+07 2.0752e+07  61.5%  54.5  141s
  6754  8525 2.0750e+07  106  197 1.2852e+07 2.0752e+07  61.5%  53.3  153s
H 7621  8525                    1.364352e+07 2.0752e+07  52.1%  51.9  153s
H 7884  8525                    1.367845e+07 2.0752e+07  51.7%  50.8  153s
H 8239  8525                    1.372548e+07 2.0752e+07  51.2%  50.1  153s
H 8242  8525                    1.373793e+07 2.0752e+07  51.1%  50.1  153s
  9169 11248 2.0750e+07  145   78 1.3738e+07 2.0752e+07  51.1%  48.3  169s
H 9230 11248                    1.373841e+07 2.0752e+07  51.0%  48.1  169s
H 9281 11145                    1.599444e+07 2.0752e+07  29.7%  48.0  169s
H 9781 11145                    1.599493e+07 2.0752e+07  29.7%  46.9  169s
H10007 11041                    1.825656e+07 2.0752e+07  13.7%  46.6  169s
H11943 11360                    2.056245e+07 2.0752e+07  0.92%  42.5  185s
H11967 11360                    2.056406e+07 2.0752e+07  0.91%  42.5  185s
H11995 11342                    2.058787e+07 2.0752e+07  0.80%  42.5  185s
H12045 11332                    2.058867e+07 2.0752e+07  0.79%  42.3  185s
H12098 11321                    2.058946e+07 2.0752e+07  0.79%  42.3  185s
H12175 11318                    2.059114e+07 2.0752e+07  0.78%  42.1  185s
H12231 11096                    2.066267e+07 2.0752e+07  0.43%  42.0  185s
 12840 14936 2.0749e+07  205   51 2.0663e+07 2.0752e+07  0.43%  40.8  198s
 16959 17126 2.0746e+07  283   43 2.0663e+07 2.0752e+07  0.43%  38.1  213s
H17072 16935                    2.066802e+07 2.0752e+07  0.40%  38.0  213s
H17308 15554                    2.071813e+07 2.0752e+07  0.16%  37.8  213s
H17712 15495                    2.072172e+07 2.0752e+07  0.14%  37.5  213s

Cutting planes:
  Gomory: 4
  Implied bound: 3209
  MIR: 612
  Flow cover: 1134
  Relax-and-lift: 59

Explored 19254 nodes (786988 simplex iterations) in 213.67 seconds (264.91 work units)
Thread count was 48 (of 192 available processors)

Solution count 10: 2.07217e+07 2.07217e+07 2.07181e+07 ... 2.05641e+07

Optimal solution found (tolerance 2.00e-03)
Warning: max constraint violation (6.3540e-06) exceeds tolerance
Best objective 2.072171743557e+07, best bound 2.075167284043e+07, gap 0.1446%
Deleted nodefile directory: /scratch-local/lbeemster.22626072/gurobi_stress_vol2.0_1.0_price_lt_run2
Saved model snapshot to study_case_model/figures/volatility_stress/07052026/vol2.0_1.0_price_lt/sub30.0/run2/model_snapshot.pkl
  Objective: 20721717.44
  Avg H2 production: 0.23868920069036015
  Scenario obj std: 3994050.7830688036
  CVaR 5%: 14990314.75339667
  Worst scenario: 14989795.07756344

============================================================
Volatility multiplier: 4.0x
============================================================
Read LP format model from file /scratch-local/lbeemster.22626072/tmp3ij850uc.pyomo.lp
Reading time = 0.85 seconds
x1: 178177 rows, 50626 columns, 1021376 nonzeros
Set parameter OutputFlag to value 1
Set parameter MIPGap to value 0.002
Set parameter Threads to value 48
Set parameter Presolve to value 1
Set parameter Cuts to value 1
Set parameter NodefileStart to value 1
Set parameter NodefileDir to value "/scratch-local/lbeemster.22626072/gurobi_stress_vol4.0_1.0_price_lt_run2"
Set parameter MemLimit to value 60
Gurobi Optimizer version 12.0.3 build v12.0.3rc0 (linux64 - "Red Hat Enterprise Linux 9.6 (Plow)")

CPU model: AMD EPYC 9654 96-Core Processor, instruction set [SSE2|AVX|AVX2|AVX512]
Thread count: 192 physical cores, 192 logical processors, using up to 48 threads

Non-default parameters:
MemLimit  60
MIPGap  0.002
NodefileStart  1
Cuts  1
Presolve  1
Threads  48

Academic license 2514514 - for non-commercial use only - registered to l.___@student.vu.nl
Optimize a model with 178177 rows, 50626 columns and 1021376 nonzeros
Model fingerprint: 0x3cff542c
Variable types: 40002 continuous, 10624 integer (10624 binary)
Coefficient statistics:
  Matrix range     [1e-06, 1e+05]
  Objective range  [2e+00, 3e+04]
  Bounds range     [1e+00, 1e+00]
  RHS range        [3e-01, 2e+05]
Presolve removed 34049 rows and 14166 columns
Presolve time: 1.74s
Presolved: 144128 rows, 36460 columns, 945973 nonzeros
Variable types: 28012 continuous, 8448 integer (8448 binary)
Found heuristic solution: objective -4.36121e+09

Deterministic concurrent LP optimizer: primal simplex, dual simplex, and barrier
Showing barrier log only...

Root barrier log...

Ordering time: 2.45s

Barrier statistics:
 AA' NZ     : 1.286e+07
 Factor NZ  : 1.434e+07 (roughly 200 MB of memory)
 Factor Ops : 2.150e+09 (less than 1 second per iteration)
 Threads    : 46

                  Objective                Residual
Iter       Primal          Dual         Primal    Dual     Compl     Time
   0  -3.00523615e+12  1.66219785e+14  3.09e+05 3.68e+04  1.75e+10     7s
   1  -1.87860315e+12  1.04791550e+14  1.75e+05 2.84e+05  7.64e+09     7s
   2  -5.43542398e+11  6.97283187e+13  4.78e+04 1.11e+04  2.11e+09     7s
   3  -4.52074332e+10  1.98203857e+13  3.19e+03 1.36e+01  2.01e+08     7s
   4  -1.37178510e+10  5.21756815e+12  5.09e+02 2.41e-07  3.89e+07     7s
   5  -8.32562226e+09  1.38921792e+12  1.23e+02 9.73e-08  9.31e+06     7s
   6  -3.23723755e+09  5.12747671e+11  4.20e+01 4.38e-08  3.17e+06     7s
   7  -1.47535288e+09  3.23936529e+11  2.27e+01 2.56e-08  1.91e+06     7s
   8  -5.25422266e+08  1.62592230e+11  7.69e+00 1.65e-08  8.99e+05     7s
   9  -1.03254177e+08  8.07790908e+10  1.04e+00 6.11e-09  4.09e+05     7s
  10  -4.31513077e+06  1.32156203e+10  7.77e-02 5.36e-09  6.54e+04     8s
  11   6.29419785e+06  2.10518999e+09  4.75e-03 1.90e-09  1.03e+04     8s

Barrier performed 11 iterations in 7.60 seconds (5.60 work units)
Barrier solve interrupted - model solved by another algorithm

Concurrent spin time: 1.95s (can be avoided by choosing Method=3)

Solved with primal simplex

Root relaxation: objective 2.142688e+07, 52788 iterations, 4.55 seconds (2.85 work units)

    Nodes    |    Current Node    |     Objective Bounds      |     Work
 Expl Unexpl |  Obj  Depth IntInf | Incumbent    BestBd   Gap | It/Node Time

     0     0 2.1427e+07    0  451 -4.361e+09 2.1427e+07   100%     -    8s
H    0     0                    -2.29349e+09 2.1427e+07   101%     -    9s
H    0     0                    -2.26595e+09 2.1427e+07   101%     -   12s
     0     0 2.1385e+07    0  528 -2.266e+09 2.1385e+07   101%     -   14s
     0     0 2.1385e+07    0  595 -2.266e+09 2.1385e+07   101%     -   15s
     0     0 2.1385e+07    0  593 -2.266e+09 2.1385e+07   101%     -   16s
     0     0 2.1382e+07    0  667 -2.266e+09 2.1382e+07   101%     -   18s
H    0     0                    -1.88241e+09 2.1382e+07   101%     -   19s
     0     0 2.1382e+07    0  729 -1.882e+09 2.1382e+07   101%     -   19s
     0     0 2.1375e+07    0  618 -1.882e+09 2.1375e+07   101%     -   23s
H    0     0                    -1.23733e+09 2.1375e+07   102%     -   24s
     0     0 2.1375e+07    0  645 -1.237e+09 2.1375e+07   102%     -   24s
     0     0 2.1375e+07    0  671 -1.237e+09 2.1375e+07   102%     -   25s
     0     0 2.1375e+07    0  675 -1.237e+09 2.1375e+07   102%     -   25s
     0     0 2.1364e+07    0  622 -1.237e+09 2.1364e+07   102%     -   29s
     0     0 2.1363e+07    0  699 -1.237e+09 2.1363e+07   102%     -   29s
     0     0 2.1363e+07    0  702 -1.237e+09 2.1363e+07   102%     -   30s
     0     0 2.1363e+07    0  726 -1.237e+09 2.1363e+07   102%     -   30s
     0     0 2.1363e+07    0  727 -1.237e+09 2.1363e+07   102%     -   30s
     0     0 2.1352e+07    0  583 -1.237e+09 2.1352e+07   102%     -   34s
H    0     0                    -1.07377e+09 2.1352e+07   102%     -   35s
     0     0 2.1352e+07    0  602 -1.074e+09 2.1352e+07   102%     -   35s
     0     0 2.1352e+07    0  625 -1.074e+09 2.1352e+07   102%     -   36s
     0     0 2.1341e+07    0  579 -1.074e+09 2.1341e+07   102%     -   39s
H    0     0                    -1.06948e+09 2.1341e+07   102%     -   40s
     0     0 2.1341e+07    0  638 -1.069e+09 2.1341e+07   102%     -   40s
     0     0 2.1341e+07    0  642 -1.069e+09 2.1341e+07   102%     -   41s
     0     0 2.1332e+07    0  513 -1.069e+09 2.1332e+07   102%     -   44s
H    0     0                    -1.06381e+09 2.1332e+07   102%     -   45s
     0     0 2.1332e+07    0  566 -1.064e+09 2.1332e+07   102%     -   45s
     0     0 2.1332e+07    0  591 -1.064e+09 2.1332e+07   102%     -   46s
     0     0 2.1332e+07    0  586 -1.064e+09 2.1332e+07   102%     -   46s
     0     0 2.1331e+07    0  512 -1.064e+09 2.1331e+07   102%     -   49s
H    0     0                    -1.04850e+09 2.1331e+07   102%     -   50s
     0     0 2.1331e+07    0  526 -1.049e+09 2.1331e+07   102%     -   50s
     0     0 2.1331e+07    0  479 -1.049e+09 2.1331e+07   102%     -   53s
H    0     0                    -9.91235e+08 2.1331e+07   102%     -   54s
     0     0 2.1331e+07    0  500 -9.912e+08 2.1331e+07   102%     -   54s
     0     0 2.1331e+07    0  497 -9.912e+08 2.1331e+07   102%     -   55s
     0     0 2.1331e+07    0  464 -9.912e+08 2.1331e+07   102%     -   61s
H    0     0                    -8.60042e+08 2.1331e+07   102%     -   65s
H    0     0                    -7.93622e+08 2.1331e+07   103%     -   66s
H    0     0                    -6.67747e+08 2.1331e+07   103%     -   74s
H    0     0                    -6.21956e+08 2.1331e+07   103%     -   76s
H    0     0                    -6.18440e+08 2.1331e+07   103%     -   78s
H    0     0                    -6.16191e+08 2.1331e+07   103%     -   80s
H    0     0                    -5.97689e+08 2.1331e+07   104%     -   82s
H    0     0                    -5.74328e+08 2.1331e+07   104%     -   85s
H    0     0                    -5.46541e+08 2.1331e+07   104%     -   90s
H    0     0                    -5.46540e+08 2.1331e+07   104%     -   90s
H    0     0                    -4.98912e+08 2.1331e+07   104%     -   90s
H    0     0                    -4.98912e+08 2.1331e+07   104%     -   90s
H    0     2                    -4.79687e+08 2.1331e+07   104%     -   97s
     0     2 2.1331e+07    0  457 -4.797e+08 2.1331e+07   104%     -   97s
    31    64 2.1331e+07    5  472 -4.797e+08 2.1331e+07   104%   628  101s
H   46    64                    -4.79687e+08 2.1331e+07   104%   446  101s
   382   822 2.1331e+07   13  465 -4.797e+08 2.1331e+07   104%   115  106s
   821  1179 2.1331e+07   21  435 -4.797e+08 2.1331e+07   104%   101  110s
  1178  1981 2.1331e+07   25  443 -4.797e+08 2.1331e+07   104%   123  117s
H 1248  1981                    -4.32059e+08 2.1331e+07   105%   124  117s
H 1291  1981                    -4.29806e+08 2.1331e+07   105%   124  117s
H 1317  1981                    -3.94820e+08 2.1331e+07   105%   125  117s
H 1705  1981                    -3.62753e+08 2.1331e+07   106%   115  117s
  1980  2029 2.1331e+07   37  439 -3.628e+08 2.1331e+07   106%   108  131s
H 1982  2029                    -3.61041e+08 2.1331e+07   106%   108  131s
H 1984  2029                    -3.56783e+08 2.1331e+07   106%   108  131s
H 1988  2029                    -3.52511e+08 2.1331e+07   106%   108  131s
H 1994  2029                    -3.50256e+08 2.1331e+07   106%   108  131s
H 1996  2029                    -3.48015e+08 2.1331e+07   106%   108  131s
H 2028  3006                    -3.45762e+08 2.1331e+07   106%   108  141s
H 2045  3006                    -3.26337e+08 2.1331e+07   107%   108  141s
H 2102  3006                    -3.24138e+08 2.1331e+07   107%   108  141s
H 2208  3006                    -3.08519e+08 2.1331e+07   107%   111  141s
H 2271  3006                    -2.67420e+08 2.1331e+07   108%   112  141s
  3005  3102 2.1330e+07   51  408 -2.674e+08 2.1331e+07   108%   100  153s
  3101  6235 2.1330e+07   52  402 -2.674e+08 2.1331e+07   108%   101  168s
H 6234  9495                    -2.38089e+08 2.1331e+07   109%  74.9  184s
H 6978  9495                    -2.21889e+08 2.1331e+07   110%  74.0  184s
  9499  9472 2.1329e+07  143  230 -2.219e+08 2.1331e+07   110%  66.0  203s
H 9500  9456                    -2.18257e+08 2.1331e+07   110%  66.0  203s
H 9513  9456                    -2.18246e+08 2.1331e+07   110%  66.0  203s
H 9515  8954                    -9.24201e+07 2.1331e+07   123%  66.0  203s
H 9550  8776                    -8.28636e+07 2.1331e+07   126%  65.9  222s
H 9551  8746                    -7.99146e+07 2.1331e+07   127%  65.9  222s
H 9552  8746                    -7.96611e+07 2.1331e+07   127%  65.9  222s
H 9554  8623                    -7.26973e+07 2.1331e+07   129%  65.9  222s
H 9557  8514                    -6.26800e+07 2.1331e+07   134%  66.0  222s
H 9560  8514                    -6.16837e+07 2.1331e+07   135%  66.0  222s
H 9562  8351                    -4.46663e+07 2.1331e+07   148%  66.0  222s
H 9574  8310                    -4.44219e+07 2.1331e+07   148%  66.0  222s
H 9583  8253                    -3.92490e+07 2.1331e+07   154%  65.9  222s
H 9594  8253                    -3.77976e+07 2.1331e+07   156%  65.9  222s
H 9595  8253                    -3.75908e+07 2.1331e+07   157%  65.9  222s
  9614 11495 2.1329e+07  145  231 -3.759e+07 2.1331e+07   157%  65.8  236s
 12914 13895 2.1329e+07  189  209 -3.759e+07 2.1331e+07   157%  64.1  250s
H12975 11679                    5396307.1764 2.1331e+07   295%  64.2  250s
H13222 11679                    5446401.3199 2.1331e+07   292%  64.0  250s
H13310 11679                    5486717.9739 2.1331e+07   289%  63.9  250s
H13341 11675                    7652741.6494 2.1331e+07   179%  63.9  250s
H13639 11675                    7747108.7719 2.1331e+07   175%  64.1  250s
H15323 11675                    9952934.2217 2.1331e+07   114%  63.1  250s
 15335 14237 1.2370e+07  242  200 9952934.22 2.1331e+07   114%  63.4  262s
H18691 13388                    1.904104e+07 2.1331e+07  12.0%  62.7  284s
H18691 13388                    2.127394e+07 2.1331e+07  0.27%  62.7  285s
H18691 13388                    2.129497e+07 2.1331e+07  0.17%  62.7  285s

Cutting planes:
  Implied bound: 3463
  MIR: 817
  Flow cover: 1261
  Relax-and-lift: 59

Explored 18691 nodes (1265450 simplex iterations) in 298.72 seconds (389.55 work units)
Thread count was 48 (of 192 available processors)

Solution count 10: 2.1295e+07 2.1295e+07 2.12739e+07 ... 5.39631e+06

Optimal solution found (tolerance 2.00e-03)
Best objective 2.129497188772e+07, best bound 2.133105464048e+07, gap 0.1694%
Deleted nodefile directory: /scratch-local/lbeemster.22626072/gurobi_stress_vol4.0_1.0_price_lt_run2
Saved model snapshot to study_case_model/figures/volatility_stress/07052026/vol4.0_1.0_price_lt/sub30.0/run2/model_snapshot.pkl
  Objective: 21294971.89
  Avg H2 production: 0.6855774348631629
  Scenario obj std: 8227959.7250764845
  CVaR 5%: 9884537.434016278
  Worst scenario: 9884537.434016192

============================================================
Volatility multiplier: 8.0x
============================================================
Read LP format model from file /scratch-local/lbeemster.22626072/tmpx3u53j28.pyomo.lp
Reading time = 0.50 seconds
x1: 178177 rows, 50626 columns, 1021376 nonzeros
Set parameter OutputFlag to value 1
Set parameter MIPGap to value 0.002
Set parameter Threads to value 48
Set parameter Presolve to value 1
Set parameter Cuts to value 1
Set parameter NodefileStart to value 1
Set parameter NodefileDir to value "/scratch-local/lbeemster.22626072/gurobi_stress_vol8.0_1.0_price_lt_run2"
Set parameter MemLimit to value 60
Gurobi Optimizer version 12.0.3 build v12.0.3rc0 (linux64 - "Red Hat Enterprise Linux 9.6 (Plow)")

CPU model: AMD EPYC 9654 96-Core Processor, instruction set [SSE2|AVX|AVX2|AVX512]
Thread count: 192 physical cores, 192 logical processors, using up to 48 threads

Non-default parameters:
MemLimit  60
MIPGap  0.002
NodefileStart  1
Cuts  1
Presolve  1
Threads  48

Academic license 2514514 - for non-commercial use only - registered to l.___@student.vu.nl
Optimize a model with 178177 rows, 50626 columns and 1021376 nonzeros
Model fingerprint: 0xf856764b
Variable types: 40002 continuous, 10624 integer (10624 binary)
Coefficient statistics:
  Matrix range     [1e-06, 1e+05]
  Objective range  [2e+00, 3e+04]
  Bounds range     [1e+00, 1e+00]
  RHS range        [3e-01, 2e+05]
Presolve removed 85845 rows and 27230 columns
Presolve time: 1.56s
Presolved: 92332 rows, 23396 columns, 606571 nonzeros
Variable types: 17984 continuous, 5412 integer (5412 binary)
Found heuristic solution: objective -4.35932e+09

Deterministic concurrent LP optimizer: primal simplex, dual simplex, and barrier
Showing barrier log only...

Root barrier log...

Ordering time: 0.33s

Barrier statistics:
 Dense cols : 123
 AA' NZ     : 7.301e+06
 Factor NZ  : 8.543e+06 (roughly 120 MB of memory)
 Factor Ops : 1.081e+09 (less than 1 second per iteration)
 Threads    : 46

                  Objective                Residual
Iter       Primal          Dual         Primal    Dual     Compl     Time
   0  -2.89039907e+12  4.21013889e+14  2.97e+05 1.47e+05  6.73e+10     4s
   1  -1.81253298e+12  2.61576509e+14  1.68e+05 1.14e+06  2.94e+10     4s
   2  -5.18164825e+11  1.63659663e+14  4.52e+04 3.74e+04  8.07e+09     4s
   3  -3.92710886e+10  4.22574782e+13  2.44e+03 1.12e+02  6.44e+08     4s
   4  -1.75631297e+10  1.01723197e+13  5.48e+02 4.72e-06  1.34e+08     4s
   5  -1.11169746e+10  2.85532994e+12  1.14e+02 8.59e-07  3.08e+07     4s
   6  -6.94116750e+09  1.09938196e+12  4.40e+01 3.00e-07  1.11e+07     4s
   7  -2.55845332e+09  6.63769658e+11  2.21e+01 1.75e-07  6.32e+06     4s
   8  -1.21054828e+09  3.39671920e+11  9.12e+00 7.94e-08  3.07e+06     4s
   9  -2.16009605e+08  1.07988279e+11  8.29e-01 5.75e-08  8.64e+05     4s
  10  -2.14884923e+07  3.11111640e+10  6.70e-02 1.85e-08  2.40e+05     4s
  11   4.89234404e+06  7.98551635e+09  4.68e-03 1.65e-08  6.12e+04     4s
  12   8.81541293e+06  1.06158962e+09  4.74e-06 7.78e-09  8.07e+03     5s
  13   1.08038439e+07  4.95589926e+08  2.07e-06 4.66e-09  3.72e+03     5s
  14   1.35405928e+07  2.91458553e+08  1.16e-06 2.79e-09  2.13e+03     5s

Barrier performed 14 iterations in 4.66 seconds (4.17 work units)
Barrier solve interrupted - model solved by another algorithm

Concurrent spin time: 0.52s (can be avoided by choosing Method=3)

Solved with primal simplex

Root relaxation: objective 2.305382e+07, 32816 iterations, 2.08 seconds (1.61 work units)
Total elapsed time = 5.12s (DegenMoves)

    Nodes    |    Current Node    |     Objective Bounds      |     Work
 Expl Unexpl |  Obj  Depth IntInf | Incumbent    BestBd   Gap | It/Node Time

     0     0 2.3054e+07    0  233 -4.359e+09 2.3054e+07   101%     -    5s
H    0     0                    -1.85879e+09 2.3054e+07   101%     -    6s
H    0     0                    -1.73032e+09 2.3054e+07   101%     -    7s
     0     0 2.3004e+07    0  311 -1.730e+09 2.3004e+07   101%     -    9s
H    0     0                    -1.72238e+09 2.3003e+07   101%     -   10s
H    0     0                    -1.57211e+09 2.3003e+07   101%     -   10s
     0     0 2.3003e+07    0  332 -1.572e+09 2.3003e+07   101%     -   11s
H    0     0                    -1.10491e+09 2.2985e+07   102%     -   14s
     0     0 2.2985e+07    0  352 -1.105e+09 2.2985e+07   102%     -   15s
H    0     0                    -1.09822e+09 2.2985e+07   102%     -   15s
     0     0 2.2985e+07    0  346 -1.098e+09 2.2985e+07   102%     -   16s
     0     0 2.2985e+07    0  351 -1.098e+09 2.2985e+07   102%     -   16s
H    0     0                    -9.18618e+08 2.2985e+07   103%     -   17s
     0     0 2.2973e+07    0  292 -9.186e+08 2.2973e+07   103%     -   18s
H    0     0                    -8.86960e+08 2.2973e+07   103%     -   18s
     0     0 2.2973e+07    0  308 -8.870e+08 2.2973e+07   103%     -   19s
     0     0 2.2973e+07    0  315 -8.870e+08 2.2973e+07   103%     -   19s
     0     0 2.2973e+07    0  317 -8.870e+08 2.2973e+07   103%     -   19s
     0     0 2.2969e+07    0  282 -8.870e+08 2.2969e+07   103%     -   20s
H    0     0                    -8.33833e+08 2.2969e+07   103%     -   21s
     0     0 2.2969e+07    0  309 -8.338e+08 2.2969e+07   103%     -   21s
     0     0 2.2969e+07    0  326 -8.338e+08 2.2969e+07   103%     -   22s
     0     0 2.2969e+07    0  327 -8.338e+08 2.2969e+07   103%     -   22s
     0     0 2.2969e+07    0  329 -8.338e+08 2.2969e+07   103%     -   22s
     0     0 2.2964e+07    0  275 -8.338e+08 2.2964e+07   103%     -   24s
H    0     0                    -8.32886e+08 2.2964e+07   103%     -   24s
     0     0 2.2963e+07    0  299 -8.329e+08 2.2963e+07   103%     -   25s
H    0     0                    -7.94351e+08 2.2963e+07   103%     -   25s
     0     0 2.2963e+07    0  304 -7.944e+08 2.2963e+07   103%     -   25s
     0     0 2.2957e+07    0  283 -7.944e+08 2.2957e+07   103%     -   26s
H    0     0                    -7.87003e+08 2.2957e+07   103%     -   27s
     0     0 2.2957e+07    0  285 -7.870e+08 2.2957e+07   103%     -   27s
     0     0 2.2957e+07    0  289 -7.870e+08 2.2957e+07   103%     -   27s
     0     0 2.2955e+07    0  290 -7.870e+08 2.2955e+07   103%     -   29s
H    0     0                    -7.65771e+08 2.2955e+07   103%     -   29s
     0     0 2.2955e+07    0  303 -7.658e+08 2.2955e+07   103%     -   29s
     0     0 2.2955e+07    0  304 -7.658e+08 2.2955e+07   103%     -   30s
     0     0 2.2953e+07    0  289 -7.658e+08 2.2953e+07   103%     -   31s
     0     0 2.2953e+07    0  299 -7.658e+08 2.2953e+07   103%     -   31s
     0     0 2.2953e+07    0  299 -7.658e+08 2.2953e+07   103%     -   31s
     0     0 2.2952e+07    0  281 -7.658e+08 2.2952e+07   103%     -   33s
H    0     0                    -7.52760e+08 2.2952e+07   103%     -   33s
     0     0 2.2952e+07    0  277 -7.528e+08 2.2952e+07   103%     -   34s
     0     0 2.2951e+07    0  272 -7.528e+08 2.2951e+07   103%     -   34s
     0     0 2.2951e+07    0  283 -7.528e+08 2.2951e+07   103%     -   34s
     0     0 2.2950e+07    0  283 -7.528e+08 2.2950e+07   103%     -   35s
H    0     0                    -6.44613e+08 2.2950e+07   104%     -   36s
     0     0 2.2950e+07    0  279 -6.446e+08 2.2950e+07   104%     -   36s
     0     0 2.2950e+07    0  275 -6.446e+08 2.2950e+07   104%     -   36s
H    0     0                    -6.01262e+08 2.2950e+07   104%     -   38s
     0     0 2.2950e+07    0  276 -6.013e+08 2.2950e+07   104%     -   38s
     0     0 2.2950e+07    0  276 -6.013e+08 2.2950e+07   104%     -   38s
     0     0 2.2950e+07    0  256 -6.013e+08 2.2950e+07   104%     -   42s
H    0     0                    -5.51321e+08 2.2950e+07   104%     -   43s
H    0     0                    -4.62515e+08 2.2950e+07   105%     -   44s
H    0     0                    -3.65526e+08 2.2950e+07   106%     -   45s
H    0     2                    -3.45303e+08 2.2950e+07   107%     -   47s
     0     2 2.2950e+07    0  244 -3.453e+08 2.2950e+07   107%     -   47s
    31    64 2.2948e+07    5  260 -3.453e+08 2.2950e+07   107%   235   50s
H   63   112                    -3.13751e+08 2.2950e+07   107%   651   51s
H   67   112                    -3.01952e+08 2.2950e+07   108%   613   51s
H   72   112                    -2.85468e+08 2.2950e+07   108%   575   51s
H   81   112                    -2.85468e+08 2.2950e+07   108%   516   51s
H  385   394                    -2.85468e+08 2.2950e+07   108%   218   53s
   500   554 2.2944e+07   12  261 -2.855e+08 2.2950e+07   108%   201   55s
H  557   755                    -2.85467e+08 2.2950e+07   108%   190   57s
H  625   755                    -2.82272e+08 2.2950e+07   108%   175   57s
H  635   755                    -2.57175e+08 2.2950e+07   109%   172   57s
H  692   755                    -2.57175e+08 2.2950e+07   109%   164   57s
  1397  2287 2.2940e+07   26  258 -2.572e+08 2.2950e+07   109%   127   60s
H 2303  2706                    -2.28882e+08 2.2950e+07   110%  95.3   62s
H 2381  2706                    -1.90439e+08 2.2950e+07   112%  94.1   62s
H 2407  2706                    -1.86086e+08 2.2950e+07   112%  93.5   62s
H 2759  2791                    -1.86061e+08 2.2950e+07   112%  89.2   69s
H 2760  2791                    -1.85337e+08 2.2950e+07   112%  89.1   69s
H 2761  2791                    -1.82454e+08 2.2950e+07   113%  89.1   69s
H 2762  2791                    -1.70180e+08 2.2950e+07   113%  89.1   69s
H 2763  2791                    -1.63558e+08 2.2950e+07   114%  89.1   69s
H 2769  2776                    -1.42151e+08 2.2950e+07   116%  89.0   69s
  2807  3413 2.2937e+07   35  260 -1.422e+08 2.2950e+07   116%  90.1   71s
H 2874  3411                    -1.24280e+08 2.2950e+07   118%  89.0   71s
H 3450  3396                    -1.15768e+08 2.2950e+07   120%  81.4   71s
  3451  3425 2.2934e+07   47  262 -1.158e+08 2.2950e+07   120%  81.4   76s
H 3462  3425                    -1.15767e+08 2.2950e+07   120%  81.2   76s
H 3490  3416                    -9.90258e+07 2.2950e+07   123%  80.8   76s
H 5315  4340                    -5.56821e+07 2.2950e+07   141%  60.5   79s
H 5321  4340                    -5.56808e+07 2.2950e+07   141%  60.6   79s
  5360  5293 2.2932e+07   68  211 -5.568e+07 2.2950e+07   141%  60.4   80s
 12992 13149 -7124741.6  140  167 -5.568e+07 2.2950e+07   141%  35.5   85s
 17528 16639 -7184291.6  250  157 -5.568e+07 2.2950e+07   141%  29.6   91s
H17823 16253                    -5.43332e+07 2.2950e+07   142%  29.5   94s
H17823 14923                    -3.06188e+07 2.2950e+07   175%  29.5   96s
H17823 14861                    -2.73365e+07 2.2950e+07   184%  29.5   98s
H17823 14861                    -2.73363e+07 2.2950e+07   184%  29.5  100s
H17823 14861                    -2.73102e+07 2.2950e+07   184%  29.5  104s
H17823 14861                    -2.71810e+07 2.2950e+07   184%  29.5  106s
H17823  9650                    1161042.6475 2.2950e+07  1877%  29.5  106s
H17823  7504                    2.282677e+07 2.2950e+07  0.54%  29.5  107s
H17823  7458                    2.282857e+07 2.2950e+07  0.53%  29.5  109s
H17823  7431                    2.283256e+07 2.2950e+07  0.51%  29.5  112s
H17823  7380                    2.283592e+07 2.2950e+07  0.50%  29.5  114s
 17824  7124 2.2940e+07   56  256 2.2836e+07 2.2950e+07  0.50%  29.5  125s
H17825  6768                    2.286242e+07 2.2950e+07  0.38%  29.5  215s
H17825  6430                    2.286276e+07 2.2950e+07  0.38%  29.5  215s
H17825  6108                    2.286289e+07 2.2950e+07  0.38%  29.5  215s
H17825  5803                    2.286290e+07 2.2950e+07  0.38%  29.5  215s
H17825  5513                    2.286503e+07 2.2950e+07  0.37%  29.5  215s
H17825  5237                    2.287892e+07 2.2938e+07  0.26%  29.5  215s
H17825  4975                    2.292492e+07 2.2938e+07  0.06%  29.5  215s
H17825  4726                    2.292772e+07 2.2938e+07  0.05%  29.5  215s

Cutting planes:
  Cover: 3
  Implied bound: 42
  MIR: 221
  Flow cover: 218
  RLT: 1
  Relax-and-lift: 261

Explored 17825 nodes (603136 simplex iterations) in 216.79 seconds (234.68 work units)
Thread count was 48 (of 192 available processors)

Solution count 10: 2.29277e+07 2.29277e+07 2.29249e+07 ... 2.28359e+07

Optimal solution found (tolerance 2.00e-03)
Best objective 2.292771717694e+07, best bound 2.293826641938e+07, gap 0.0460%
Deleted nodefile directory: /scratch-local/lbeemster.22626072/gurobi_stress_vol8.0_1.0_price_lt_run2
Saved model snapshot to study_case_model/figures/volatility_stress/07052026/vol8.0_1.0_price_lt/sub30.0/run2/model_snapshot.pkl
  Objective: 22927717.18
  Avg H2 production: 0.37665483737672706
  Scenario obj std: 16960805.480007418
  CVaR 5%: 401161.91328436736
  Worst scenario: 401040.8230125302

============================================================
Volatility multiplier: 16.0x
============================================================
Read LP format model from file /scratch-local/lbeemster.22626072/tmpyvfdbpid.pyomo.lp
Reading time = 0.96 seconds
x1: 178177 rows, 50626 columns, 1021376 nonzeros
Set parameter OutputFlag to value 1
Set parameter MIPGap to value 0.002
Set parameter Threads to value 48
Set parameter Presolve to value 1
Set parameter Cuts to value 1
Set parameter NodefileStart to value 1
Set parameter NodefileDir to value "/scratch-local/lbeemster.22626072/gurobi_stress_vol16.0_1.0_price_lt_run2"
Set parameter MemLimit to value 60
Gurobi Optimizer version 12.0.3 build v12.0.3rc0 (linux64 - "Red Hat Enterprise Linux 9.6 (Plow)")

CPU model: AMD EPYC 9654 96-Core Processor, instruction set [SSE2|AVX|AVX2|AVX512]
Thread count: 192 physical cores, 192 logical processors, using up to 48 threads

Non-default parameters:
MemLimit  60
MIPGap  0.002
NodefileStart  1
Cuts  1
Presolve  1
Threads  48

Academic license 2514514 - for non-commercial use only - registered to l.___@student.vu.nl
Optimize a model with 178177 rows, 50626 columns and 1021376 nonzeros
Model fingerprint: 0x73c4e3e2
Variable types: 40002 continuous, 10624 integer (10624 binary)
Coefficient statistics:
  Matrix range     [1e-06, 1e+05]
  Objective range  [2e+00, 3e+04]
  Bounds range     [1e+00, 1e+00]
  RHS range        [3e-01, 2e+05]
Presolve removed 76837 rows and 24958 columns
Presolve time: 1.55s
Presolved: 101340 rows, 25668 columns, 665823 nonzeros
Variable types: 19728 continuous, 5940 integer (5940 binary)
Found heuristic solution: objective -4.35135e+09

Deterministic concurrent LP optimizer: primal simplex, dual simplex, and barrier
Showing barrier log only...

Root barrier log...

Ordering time: 0.36s

Barrier statistics:
 Dense cols : 135
 AA' NZ     : 8.014e+06
 Factor NZ  : 9.393e+06 (roughly 130 MB of memory)
 Factor Ops : 1.199e+09 (less than 1 second per iteration)
 Threads    : 46

                  Objective                Residual
Iter       Primal          Dual         Primal    Dual     Compl     Time
   0  -2.89035447e+12  3.46573709e+14  2.97e+05 1.10e+05  5.05e+10     4s
   1  -1.81129079e+12  2.15326050e+14  1.68e+05 8.53e+05  2.20e+10     4s
   2  -5.18062244e+11  1.34718379e+14  4.52e+04 2.80e+04  6.05e+09     4s
   3  -3.89198418e+10  3.47829568e+13  2.44e+03 8.36e+01  4.83e+08     4s
   4  -1.70086139e+10  8.37042353e+12  5.47e+02 2.07e-06  1.01e+08     4s
   5  -1.04528810e+10  2.31705082e+12  1.14e+02 4.00e-07  2.29e+07     4s
   6  -6.22603675e+09  9.31595625e+11  4.71e+01 1.33e-07  8.69e+06     4s
   7  -2.05466386e+09  5.55152046e+11  2.38e+01 8.87e-08  4.87e+06     4s
   8  -8.28410794e+08  3.05784218e+11  7.72e+00 5.01e-08  2.44e+06     4s
   9  -1.52662153e+08  8.96723691e+10  7.32e-01 1.70e-08  6.50e+05     5s
  10  -1.18527182e+07  3.10851881e+10  6.20e-02 9.55e-09  2.18e+05     5s
  11   7.69956306e+06  8.84620309e+09  4.42e-03 7.93e-09  6.18e+04     5s

Barrier performed 11 iterations in 4.68 seconds (4.26 work units)
Barrier solve interrupted - model solved by another algorithm

Concurrent spin time: 0.60s (can be avoided by choosing Method=3)

Solved with primal simplex

Root relaxation: objective 3.011228e+07, 28981 iterations, 2.04 seconds (1.58 work units)
Total elapsed time = 5.19s (DegenMoves)

    Nodes    |    Current Node    |     Objective Bounds      |     Work
 Expl Unexpl |  Obj  Depth IntInf | Incumbent    BestBd   Gap | It/Node Time

     0     0 3.0112e+07    0  228 -4.351e+09 3.0112e+07   101%     -    5s
H    0     0                    -1.18109e+09 3.0112e+07   103%     -    6s
H    0     0                    -1.18109e+09 3.0108e+07   103%     -    9s
     0     0 3.0102e+07    0  312 -1.181e+09 3.0102e+07   103%     -   10s
H    0     0                    -1.16679e+09 3.0102e+07   103%     -   10s
H    0     0                    -8.88869e+08 3.0102e+07   103%     -   10s
     0     0 3.0102e+07    0  327 -8.889e+08 3.0102e+07   103%     -   11s
     0     0 3.0102e+07    0  333 -8.889e+08 3.0102e+07   103%     -   11s
     0     0 3.0099e+07    0  371 -8.889e+08 3.0099e+07   103%     -   13s
H    0     0                    -8.61837e+08 3.0099e+07   103%     -   14s
H    0     0                    -8.50515e+08 3.0099e+07   104%     -   14s
     0     0 3.0099e+07    0  360 -8.505e+08 3.0099e+07   104%     -   16s
     0     0 3.0099e+07    0  363 -8.505e+08 3.0099e+07   104%     -   16s
H    0     0                    -8.16343e+08 3.0099e+07   104%     -   17s
     0     0 3.0098e+07    0  393 -8.163e+08 3.0098e+07   104%     -   18s
H    0     0                    -5.80507e+08 3.0098e+07   105%     -   18s
     0     0 3.0098e+07    0  409 -5.805e+08 3.0098e+07   105%     -   18s
     0     0 3.0098e+07    0  408 -5.805e+08 3.0098e+07   105%     -   19s
     0     0 3.0097e+07    0  413 -5.805e+08 3.0097e+07   105%     -   20s
     0     0 3.0096e+07    0  444 -5.805e+08 3.0096e+07   105%     -   21s
     0     0 3.0096e+07    0  442 -5.805e+08 3.0096e+07   105%     -   22s
     0     0 3.0096e+07    0  444 -5.805e+08 3.0096e+07   105%     -   22s
     0     0 3.0092e+07    0  374 -5.805e+08 3.0092e+07   105%     -   23s
     0     0 3.0092e+07    0  385 -5.805e+08 3.0092e+07   105%     -   24s
     0     0 3.0092e+07    0  388 -5.805e+08 3.0092e+07   105%     -   24s
     0     0 3.0092e+07    0  396 -5.805e+08 3.0092e+07   105%     -   25s
     0     0 3.0092e+07    0  398 -5.805e+08 3.0092e+07   105%     -   25s
     0     0 3.0087e+07    0  347 -5.805e+08 3.0087e+07   105%     -   27s
H    0     0                    -5.40649e+08 3.0087e+07   106%     -   28s
     0     0 3.0086e+07    0  361 -5.406e+08 3.0086e+07   106%     -   28s
     0     0 3.0086e+07    0  364 -5.406e+08 3.0086e+07   106%     -   28s
     0     0 3.0086e+07    0  362 -5.406e+08 3.0086e+07   106%     -   28s
     0     0 3.0084e+07    0  333 -5.406e+08 3.0084e+07   106%     -   29s
H    0     0                    -5.02484e+08 3.0084e+07   106%     -   30s
     0     0 3.0084e+07    0  343 -5.025e+08 3.0084e+07   106%     -   30s
     0     0 3.0084e+07    0  342 -5.025e+08 3.0084e+07   106%     -   30s
     0     0 3.0084e+07    0  342 -5.025e+08 3.0084e+07   106%     -   31s
     0     0 3.0083e+07    0  319 -5.025e+08 3.0083e+07   106%     -   32s
     0     0 3.0083e+07    0  324 -5.025e+08 3.0083e+07   106%     -   32s
     0     0 3.0083e+07    0  327 -5.025e+08 3.0083e+07   106%     -   32s
     0     0 3.0083e+07    0  328 -5.025e+08 3.0083e+07   106%     -   33s
     0     0 3.0083e+07    0  322 -5.025e+08 3.0083e+07   106%     -   34s
H    0     0                    -4.91213e+08 3.0083e+07   106%     -   35s
     0     0 3.0083e+07    0  327 -4.912e+08 3.0083e+07   106%     -   35s
     0     0 3.0083e+07    0  325 -4.912e+08 3.0083e+07   106%     -   35s
     0     0 3.0083e+07    0  287 -4.912e+08 3.0083e+07   106%     -   40s
H    0     0                    -4.90661e+08 3.0083e+07   106%     -   41s
H    0     0                    -4.87416e+08 3.0083e+07   106%     -   43s
H    0     0                    -2.28085e+08 3.0083e+07   113%     -   46s
H    0     0                    -2.28084e+08 3.0083e+07   113%     -   46s
H    0     0                    -2.28083e+08 3.0083e+07   113%     -   46s
     0     2 3.0083e+07    0  277 -2.281e+08 3.0083e+07   113%     -   48s
    15    32 3.0077e+07    4  293 -2.281e+08 3.0082e+07   113%   173   50s
H   66   112                    -2.25066e+08 3.0082e+07   113%  79.5   53s
H   76   112                    -2.16193e+08 3.0082e+07   114%  77.2   53s
   454   591 3.0042e+07   11  293 -2.162e+08 3.0082e+07   114%  46.5   56s
H  644   763                    -1.96025e+08 3.0082e+07   115%  46.4   56s
H  714   763                    -1.96011e+08 3.0082e+07   115%  45.7   56s
H  864  1146                    -1.75761e+08 3.0082e+07   117%  45.2   59s
  1145  1485 3.0036e+07   19  262 -1.758e+08 3.0082e+07   117%  40.4   60s
  2157  2204 3.0034e+07   34  247 -1.758e+08 3.0082e+07   117%  35.8   66s
H 2159  2204                    -6.56940e+07 3.0082e+07   146%  35.8   66s
H 2166  2204                    -3.39272e+07 3.0082e+07   189%  35.7   66s
  2302  2251 3.0034e+07   36  250 -3.393e+07 3.0082e+07   189%  35.1   74s
H 2303  2251                    -2.52162e+07 3.0082e+07   219%  35.0   74s
H 2305  2251                    -1.90779e+07 3.0082e+07   258%  35.1   74s
H 2311  2251                    -1263487.055 3.0082e+07  2481%  35.4   74s
  2350  2281 3.0033e+07   37  250 -1263487.1 3.0082e+07  2481%  35.8   75s
H 2416  2327                    1571846.9175 3.0082e+07  1814%  36.1   79s
H 2424  2327                    4786904.0441 3.0082e+07   528%  36.3   79s
H 2451  2327                    4794945.0756 3.0082e+07   527%  36.5   79s
  2466  2837 3.0032e+07   38  250 4794945.08 3.0082e+07   527%  37.0   80s
H 2991  2839                    7765660.9420 3.0082e+07   287%  38.3   83s
H 3007  2839                    7786980.5322 3.0082e+07   286%  38.3   83s
H 3023  2839                    7793847.2527 3.0082e+07   286%  38.3   83s
H 3031  2839                    7798945.5082 3.0082e+07   286%  38.3   83s
H 3059  2839                    2.699757e+07 3.0082e+07  11.4%  38.5   83s
H 3075  2839                    2.701667e+07 3.0082e+07  11.3%  38.5   83s
H 3119  2839                    2.702493e+07 3.0082e+07  11.3%  38.5   83s
  4014  4092 3.0026e+07   68  204 2.7025e+07 3.0082e+07  11.3%  35.7   86s
  8470  8636 2.9974e+07  141  174 2.7025e+07 3.0082e+07  11.3%  26.8   90s
 15045 15292 2.9946e+07  207  154 2.7025e+07 3.0082e+07  11.3%  21.3   95s
H17328 16461                    2.703776e+07 3.0082e+07  11.3%  21.2   99s
H17329 16461                    2.704369e+07 3.0082e+07  11.2%  21.2   99s
H17330 16461                    2.704984e+07 3.0082e+07  11.2%  21.2   99s
H17331 16461                    2.706626e+07 3.0082e+07  11.1%  21.2   99s
H17333 16437                    2.971510e+07 3.0082e+07  1.23%  21.2   99s
H17345 16437                    2.972096e+07 3.0082e+07  1.21%  21.3   99s
H17367 16437                    2.972902e+07 3.0082e+07  1.19%  21.3   99s
 17376 17295 2.9945e+07  237  143 2.9729e+07 3.0082e+07  1.19%  21.3  100s
 18256 17295 2.9959e+07  188  287 2.9729e+07 3.0082e+07  1.19%  21.6  120s
H18257 16431                    2.978692e+07 3.0082e+07  0.99%  21.6  167s
H18257 15609                    2.979418e+07 3.0082e+07  0.96%  21.6  167s
H18257 14829                    2.979972e+07 3.0069e+07  0.90%  21.6  168s
 18259 14830 2.9957e+07  250  344 2.9800e+07 3.0068e+07  0.90%  21.6  172s
 18260 14831 2.9897e+07  325  292 2.9800e+07 3.0068e+07  0.90%  21.6  175s
H18261 14089                    2.980188e+07 3.0068e+07  0.89%  21.6  178s
 18263 14091 3.0044e+07   36  361 2.9802e+07 3.0068e+07  0.89%  21.6  181s
 18267 14093 3.0068e+07   25  394 2.9802e+07 3.0068e+07  0.89%  21.6  185s
H18269 13390                    2.980263e+07 3.0068e+07  0.89%  21.6  216s
H18269 12720                    2.980316e+07 3.0067e+07  0.88%  21.6  216s
H18269 12084                    2.980424e+07 3.0067e+07  0.88%  21.6  216s
H18269 11480                    2.990982e+07 3.0067e+07  0.52%  21.6  216s
H18269 10905                    2.995905e+07 3.0067e+07  0.36%  21.6  216s
 18272 10907 2.9959e+07  358  387 2.9959e+07 3.0066e+07  0.36%  21.6  220s
H18272 10362                    3.002018e+07 3.0066e+07  0.15%  21.6  220s

Cutting planes:
  Gomory: 5
  Cover: 9
  Implied bound: 101
  MIR: 555
  Flow cover: 804
  Relax-and-lift: 1636

Explored 18272 nodes (488858 simplex iterations) in 220.54 seconds (221.11 work units)
Thread count was 48 (of 192 available processors)

Solution count 10: 3.00202e+07 2.9959e+07 2.99098e+07 ... 2.97869e+07

Optimal solution found (tolerance 2.00e-03)
Best objective 3.002018272090e+07, best bound 3.006584150500e+07, gap 0.1521%
Deleted nodefile directory: /scratch-local/lbeemster.22626072/gurobi_stress_vol16.0_1.0_price_lt_run2
Saved model snapshot to study_case_model/figures/volatility_stress/07052026/vol16.0_1.0_price_lt/sub30.0/run2/model_snapshot.pkl
  Objective: 30020182.72
  Avg H2 production: 0.4174358813753353
  Scenario obj std: 30339135.632168826
  CVaR 5%: -547572.3595887016
  Worst scenario: -585417.724925014

Results saved to study_case_model/figures/volatility_stress/07052026/stress_test_results_30_1.0_price_shock_lt_2_.csv

================================================================================
STRESS TEST SUMMARY
================================================================================
    1.0x vol: obj= 20538343.83, loss=0.0%, H2=    0.00, CVaR5=17582668.328960203
    2.0x vol: obj= 20721717.44, loss=-0.9%, H2=    0.24, CVaR5=14990314.75339667
    4.0x vol: obj= 21294971.89, loss=-3.7%, H2=    0.69, CVaR5=9884537.434016278
    8.0x vol: obj= 22927717.18, loss=-11.6%, H2=    0.38, CVaR5=401161.91328436736
   16.0x vol: obj= 30020182.72, loss=-46.2%, H2=    0.42, CVaR5=-547572.3595887016

Finished stress test!
