Gurobi shell based on Python 3.13.1 can be launched with command `gurobi.sh`
Gurobi Python Interface can be loaded in Python 3.13.1 with 'import gurobipy'
/var/spool/slurm/slurmd/job22620864/slurm_script: line 24: activate: No such file or directory
Stress test configuration:
  Volatility multipliers: [1.0, 2.0, 4.0, 8.0, 16.0]
  Shock type: price_st
  Price Correlated shocks: 0.8
  Subsidy: 0.0 EUR/MWh
  Deviation allowance: 0.0

============================================================
Volatility multiplier: 1.0x
============================================================
Read LP format model from file /scratch-local/lbeemster.22620864/tmpqvgj0v9_.pyomo.lp
Reading time = 0.49 seconds
x1: 178177 rows, 50626 columns, 1021376 nonzeros
Set parameter OutputFlag to value 1
Set parameter MIPGap to value 0.002
Set parameter Threads to value 48
Set parameter Presolve to value 1
Set parameter Cuts to value 1
Set parameter NodefileStart to value 1
Set parameter NodefileDir to value "/scratch-local/lbeemster.22620864/gurobi_stress_vol1.0_0.8_price_st_run0"
Set parameter MemLimit to value 60
Gurobi Optimizer version 12.0.3 build v12.0.3rc0 (linux64 - "Red Hat Enterprise Linux 9.6 (Plow)")

CPU model: AMD EPYC 9654 96-Core Processor, instruction set [SSE2|AVX|AVX2|AVX512]
Thread count: 192 physical cores, 192 logical processors, using up to 48 threads

Non-default parameters:
MemLimit  60
MIPGap  0.002
NodefileStart  1
Cuts  1
Presolve  1
Threads  48

Academic license 2514514 - for non-commercial use only - registered to l.___@student.vu.nl
Optimize a model with 178177 rows, 50626 columns and 1021376 nonzeros
Model fingerprint: 0xc4352ee6
Variable types: 40002 continuous, 10624 integer (10624 binary)
Coefficient statistics:
  Matrix range     [1e-06, 1e+05]
  Objective range  [2e+00, 3e+04]
  Bounds range     [1e+00, 1e+00]
  RHS range        [3e-01, 2e+05]
Presolve removed 34049 rows and 14166 columns
Presolve time: 1.67s
Presolved: 144128 rows, 36460 columns, 945973 nonzeros
Variable types: 28012 continuous, 8448 integer (8448 binary)
Found heuristic solution: objective -5.61310e+09

Deterministic concurrent LP optimizer: primal simplex, dual simplex, and barrier
Showing barrier log only...

Root barrier log...

Ordering time: 2.39s

Barrier statistics:
 AA' NZ     : 1.286e+07
 Factor NZ  : 1.434e+07 (roughly 200 MB of memory)
 Factor Ops : 2.150e+09 (less than 1 second per iteration)
 Threads    : 46

                  Objective                Residual
Iter       Primal          Dual         Primal    Dual     Compl     Time
   0  -3.00450890e+12  1.66237832e+14  3.09e+05 3.68e+04  1.75e+10     7s
   1  -1.87893792e+12  1.04802886e+14  1.75e+05 2.84e+05  7.64e+09     7s
   2  -5.45097055e+11  6.97380950e+13  4.78e+04 1.11e+04  2.11e+09     7s
   3  -4.70795980e+10  1.98303186e+13  3.19e+03 1.37e+01  2.01e+08     7s
   4  -1.51811994e+10  5.21363236e+12  4.88e+02 1.27e-06  3.83e+07     7s
   5  -1.00532563e+10  1.41055295e+12  1.04e+02 2.40e-07  9.03e+06     7s
   6  -3.83044089e+09  6.53647925e+11  4.05e+01 1.06e-07  3.87e+06     7s
   7  -1.96457836e+09  4.23651713e+11  2.18e+01 7.01e-08  2.41e+06     7s
   8  -8.50890938e+08  2.11710514e+11  9.28e+00 3.25e-08  1.17e+06     7s
   9  -1.38417888e+08  9.38007325e+10  1.17e+00 1.41e-08  4.75e+05     7s
  10  -1.19833557e+07  2.13443013e+10  1.05e-01 2.03e-08  1.06e+05     7s
  11   3.22408331e+06  9.61951644e+09  1.60e-02 2.52e-09  4.73e+04     7s
  12   6.78179939e+06  1.41240381e+09  4.49e-09 1.41e-09  6.91e+03     7s

Barrier performed 12 iterations in 7.44 seconds (5.68 work units)
Barrier solve interrupted - model solved by another algorithm

Concurrent spin time: 1.84s (can be avoided by choosing Method=3)

Solved with primal simplex

Root relaxation: objective 2.171896e+07, 55123 iterations, 4.49 seconds (2.92 work units)

    Nodes    |    Current Node    |     Objective Bounds      |     Work
 Expl Unexpl |  Obj  Depth IntInf | Incumbent    BestBd   Gap | It/Node Time

     0     0 2.1719e+07    0  440 -5.613e+09 2.1719e+07   100%     -    9s
H    0     0                    -1.78802e+09 2.1719e+07   101%     -   10s
H    0     0                    -1.78227e+09 2.1719e+07   101%     -   12s
     0     0 2.1682e+07    0  561 -1.782e+09 2.1682e+07   101%     -   14s
     0     0 2.1682e+07    0  620 -1.782e+09 2.1682e+07   101%     -   14s
     0     0 2.1682e+07    0  624 -1.782e+09 2.1682e+07   101%     -   15s
     0     0 2.1671e+07    0  583 -1.782e+09 2.1671e+07   101%     -   17s
     0     0 2.1671e+07    0  582 -1.782e+09 2.1671e+07   101%     -   18s
     0     0 2.1652e+07    0  460 -1.782e+09 2.1652e+07   101%     -   21s
     0     0 2.1652e+07    0  474 -1.782e+09 2.1652e+07   101%     -   21s
     0     0 2.1652e+07    0  478 -1.782e+09 2.1652e+07   101%     -   21s
     0     0 2.1652e+07    0  479 -1.782e+09 2.1652e+07   101%     -   22s
     0     0 2.1643e+07    0  452 -1.782e+09 2.1643e+07   101%     -   24s
H    0     0                    -1.76809e+09 2.1643e+07   101%     -   26s
     0     0 2.1643e+07    0  462 -1.768e+09 2.1643e+07   101%     -   26s
     0     0 2.1643e+07    0  463 -1.768e+09 2.1643e+07   101%     -   26s
     0     0 2.1636e+07    0  474 -1.768e+09 2.1636e+07   101%     -   29s
H    0     0                    -1.32748e+09 2.1636e+07   102%     -   30s
     0     0 2.1636e+07    0  512 -1.327e+09 2.1636e+07   102%     -   30s
     0     0 2.1636e+07    0  513 -1.327e+09 2.1636e+07   102%     -   30s
     0     0 2.1626e+07    0  495 -1.327e+09 2.1626e+07   102%     -   33s
H    0     0                    -7.95029e+08 2.1626e+07   103%     -   34s
     0     0 2.1626e+07    0  512 -7.950e+08 2.1626e+07   103%     -   34s
     0     0 2.1626e+07    0  525 -7.950e+08 2.1626e+07   103%     -   34s
     0     0 2.1626e+07    0  533 -7.950e+08 2.1626e+07   103%     -   35s
     0     0 2.1620e+07    0  481 -7.950e+08 2.1620e+07   103%     -   37s
H    0     0                    -7.91825e+08 2.1620e+07   103%     -   38s
     0     0 2.1620e+07    0  482 -7.918e+08 2.1620e+07   103%     -   38s
     0     0 2.1620e+07    0  490 -7.918e+08 2.1620e+07   103%     -   38s
     0     0 2.1619e+07    0  484 -7.918e+08 2.1619e+07   103%     -   40s
H    0     0                    -6.26948e+08 2.1619e+07   103%     -   42s
     0     0 2.1619e+07    0  490 -6.269e+08 2.1619e+07   103%     -   42s
     0     0 2.1619e+07    0  487 -6.269e+08 2.1619e+07   103%     -   43s
     0     0 2.1619e+07    0  498 -6.269e+08 2.1619e+07   103%     -   44s
     0     0 2.1619e+07    0  504 -6.269e+08 2.1619e+07   103%     -   46s
     0     0 2.1619e+07    0  511 -6.269e+08 2.1619e+07   103%     -   46s
     0     0 2.1619e+07    0  510 -6.269e+08 2.1619e+07   103%     -   47s
     0     0 2.1619e+07    0  512 -6.269e+08 2.1619e+07   103%     -   48s
     0     0 2.1619e+07    0  512 -6.269e+08 2.1619e+07   103%     -   48s
     0     0 2.1619e+07    0  483 -6.269e+08 2.1619e+07   103%     -   55s
H    0     0                    -4.78742e+08 2.1619e+07   105%     -   62s
H    0     0                    -4.65030e+08 2.1619e+07   105%     -   67s
H    0     0                    -4.52575e+08 2.1619e+07   105%     -   73s
H    0     0                    -4.30715e+08 2.1619e+07   105%     -   74s
H    0     0                    -4.01680e+08 2.1619e+07   105%     -   76s
H    0     0                    -3.99807e+08 2.1619e+07   105%     -   78s
H    0     0                    -3.99807e+08 2.1619e+07   105%     -   80s
H    0     2                    -3.99752e+08 2.1619e+07   105%     -   87s
     0     2 2.1619e+07    0  469 -3.998e+08 2.1619e+07   105%     -   87s
H   31    64                    -3.99752e+08 2.1616e+07   105%   196   91s
   429   480 2.1614e+07   10  487 -3.998e+08 2.1615e+07   105%  82.6   96s
   849   946 2.1613e+07   18  444 -3.998e+08 2.1615e+07   105%  67.2  100s
H 1195  1276                    -3.27431e+08 2.1615e+07   107%  56.9  103s
  1488  1590 2.1612e+07   27  421 -3.274e+08 2.1615e+07   107%  51.8  105s
  1637  1692 2.1612e+07   31  415 -3.274e+08 2.1615e+07   107%  51.5  121s
H 1639  1692                    -3.20997e+08 2.1615e+07   107%  51.4  121s
H 1640  1692                    -3.13287e+08 2.1615e+07   107%  51.4  121s
H 1657  1692                    -3.01727e+08 2.1615e+07   107%  51.3  121s
H 1709  1741                    -3.01727e+08 2.1615e+07   107%  50.7  123s
  2010  2138 2.1612e+07   38  401 -3.017e+08 2.1615e+07   107%  47.8  125s
  2437  2486 2.1612e+07   44  391 -3.017e+08 2.1615e+07   107%  46.7  130s
Created node file directory '/scratch-local/lbeemster.22620864/gurobi_stress_vol1.0_0.8_price_st_run0/grbnodes0'
H 2942  3048                    -2.27453e+08 2.1615e+07   110%  44.1  136s
H 2946  3048                    -2.19376e+08 2.1615e+07   110%  44.1  136s
H 2958  3048                    -1.97516e+08 2.1615e+07   111%  44.1  136s
H 2959  3048                    -1.94295e+08 2.1615e+07   111%  44.1  136s
H 2985  3048                    -1.93603e+08 2.1615e+07   111%  44.0  136s
  3780  4001 2.1612e+07   62  381 -1.936e+08 2.1615e+07   111%  41.5  140s
  4924  4973 2.1611e+07   88  366 -1.936e+08 2.1615e+07   111%  38.8  146s
  5690  6066 2.1609e+07  103  350 -1.936e+08 2.1615e+07   111%  37.7  150s
  6065  6460 2.1609e+07  113  346 -1.936e+08 2.1615e+07   111%  36.9  156s
  7281  7340 2.1609e+07  137  337 -1.936e+08 2.1615e+07   111%  35.4  163s
H 7299  7316                    -1.30523e+08 2.1615e+07   117%  35.4  163s
H 7323  7316                    -1.27251e+08 2.1615e+07   117%  35.5  163s
  7811  8196 2.1608e+07  151  334 -1.273e+08 2.1615e+07   117%  34.7  166s
  8246  8521 2.1607e+07  161  323 -1.273e+08 2.1615e+07   117%  34.8  170s
H 8679  9010                    -1.23031e+08 2.1615e+07   118%  34.5  173s
H 9048  9000                    -1.01157e+08 2.1615e+07   121%  34.3  173s
  9062  9533 2.1607e+07  171  301 -1.012e+08 2.1615e+07   121%  34.2  175s
H 9644  9602                    -7.22800e+07 2.1615e+07   130%  33.5  178s
H 9652  9593                    -6.95112e+07 2.1615e+07   131%  33.5  178s
  9719 10188 2.1607e+07  185  290 -6.951e+07 2.1615e+07   131%  33.5  180s
H10926 10876                    -6.60498e+07 2.1615e+07   133%  32.3  186s
H10944 10876                    -6.40443e+07 2.1615e+07   134%  32.3  186s
H11024 10924                    -6.40443e+07 2.1615e+07   134%  32.1  189s
 11072 11541 2.1606e+07  210  286 -6.404e+07 2.1615e+07   134%  32.1  191s
 12350 12882 2.1604e+07  234  279 -6.404e+07 2.1615e+07   134%  30.9  196s
 13747 14287 2.1601e+07  258  270 -6.404e+07 2.1615e+07   134%  30.1  205s
 14449 14839 2.1600e+07  265  267 -6.404e+07 2.1615e+07   134%  29.6  211s
 15001 15042 2.1598e+07  273  260 -6.404e+07 2.1615e+07   134%  29.4  215s
H15039 15042                    -6.40421e+07 2.1615e+07   134%  29.4  215s
H15162 15042                    -6.30360e+07 2.1615e+07   134%  29.4  215s
H15175 15042                    -6.26123e+07 2.1615e+07   135%  29.3  215s
H15192 15031                    -6.13198e+07 2.1615e+07   135%  29.3  215s
 15984 16192 2.1597e+07  285  250 -6.132e+07 2.1615e+07   135%  28.9  222s
H16206 16188                    -5.94411e+07 2.1615e+07   136%  28.9  222s
H16280 16180                    -5.63328e+07 2.1615e+07   138%  28.8  222s
H16386 16178                    -4.00953e+07 2.1615e+07   154%  28.8  236s
H16395 16178                    -3.78938e+07 2.1615e+07   157%  28.7  236s
 16438 17001 2.1597e+07  296  242 -3.789e+07 2.1615e+07   157%  28.7  240s
H18208 17878                    -2.52415e+07 2.1615e+07   186%  28.2  251s
H18208 17878                    -2.52331e+07 2.1615e+07   186%  28.2  265s
H18208 17878                    -2.52296e+07 2.1615e+07   186%  28.2  267s
H18208 17878                    -2.52190e+07 2.1615e+07   186%  28.2  268s
H18208 16498                    2.139480e+07 2.1615e+07  1.03%  28.2  269s
H18208 16498                    2.140705e+07 2.1615e+07  0.97%  28.2  270s
H18208 16498                    2.141182e+07 2.1615e+07  0.95%  28.2  270s
 18209 16418 2.1540e+07  371  483 2.1412e+07 2.1615e+07  0.95%  28.2  295s
H18210 15598                    2.145171e+07 2.1615e+07  0.76%  28.2  392s
H18210 14818                    2.146664e+07 2.1615e+07  0.69%  28.2  392s
H18210 14077                    2.147054e+07 2.1615e+07  0.67%  28.2  392s
H18210 13373                    2.147081e+07 2.1615e+07  0.67%  28.2  392s
H18210 12704                    2.147297e+07 2.1615e+07  0.66%  28.2  392s
H18210 12069                    2.148515e+07 2.1615e+07  0.60%  28.2  392s
H18210 11466                    2.148553e+07 2.1615e+07  0.60%  28.2  392s
H18210 10892                    2.148724e+07 2.1597e+07  0.51%  28.2  392s
H18210 10348                    2.149010e+07 2.1597e+07  0.50%  28.2  392s
H18210  9830                    2.149306e+07 2.1597e+07  0.48%  28.2  392s
H18210  9339                    2.149393e+07 2.1597e+07  0.48%  28.2  392s
 18212  9340 2.1597e+07   17  425 2.1494e+07 2.1597e+07  0.48%  28.2  398s
 18213  9341 2.1596e+07   21  391 2.1494e+07 2.1596e+07  0.48%  28.2  400s
H18216  8875                    2.150463e+07 2.1596e+07  0.42%  28.2  404s
 18217  8875 2.1596e+07   10  442 2.1505e+07 2.1596e+07  0.42%  28.2  405s
H18217  8431                    2.152017e+07 2.1595e+07  0.35%  28.2  457s
H18217  8010                    2.152123e+07 2.1595e+07  0.34%  28.2  457s
H18217  7609                    2.152792e+07 2.1595e+07  0.31%  28.2  457s
H18217  7228                    2.153595e+07 2.1595e+07  0.27%  28.2  457s
H18217  6867                    2.153936e+07 2.1595e+07  0.26%  28.2  457s
H18217  6523                    2.154533e+07 2.1595e+07  0.23%  28.2  457s
H18217  6197                    2.154859e+07 2.1595e+07  0.22%  28.2  457s
H18217  5887                    2.154902e+07 2.1595e+07  0.21%  28.2  457s
 18220  5889 2.1595e+07   19  430 2.1549e+07 2.1595e+07  0.21%  28.2  460s
H18220  5594                    2.155441e+07 2.1595e+07  0.19%  28.2  515s

Cutting planes:
  Gomory: 36
  Cover: 22
  Implied bound: 369
  MIR: 661
  Flow cover: 844
  RLT: 4
  Relax-and-lift: 616

Explored 18220 nodes (646269 simplex iterations) in 515.78 seconds (583.30 work units)
Thread count was 48 (of 192 available processors)

Solution count 10: 2.15544e+07 2.1549e+07 2.15486e+07 ... 2.15046e+07

Optimal solution found (tolerance 2.00e-03)
Best objective 2.155440852072e+07, best bound 2.159460835972e+07, gap 0.1865%
Deleted nodefile directory: /scratch-local/lbeemster.22620864/gurobi_stress_vol1.0_0.8_price_st_run0
Saved model snapshot to study_case_model/figures/volatility_stress/07052026/vol1.0_0.8_price_st/sub0.0/run0/model_snapshot.pkl
  Objective: 21554408.52
  Avg H2 production: 0.0
  Scenario obj std: 1013405.354511476
  CVaR 5%: 20255337.246936943
  Worst scenario: 20255337.24693694

============================================================
Volatility multiplier: 2.0x
============================================================
Read LP format model from file /scratch-local/lbeemster.22620864/tmp_r5vvyao.pyomo.lp
Reading time = 0.50 seconds
x1: 178177 rows, 50626 columns, 1021376 nonzeros
Set parameter OutputFlag to value 1
Set parameter MIPGap to value 0.002
Set parameter Threads to value 48
Set parameter Presolve to value 1
Set parameter Cuts to value 1
Set parameter NodefileStart to value 1
Set parameter NodefileDir to value "/scratch-local/lbeemster.22620864/gurobi_stress_vol2.0_0.8_price_st_run0"
Set parameter MemLimit to value 60
Gurobi Optimizer version 12.0.3 build v12.0.3rc0 (linux64 - "Red Hat Enterprise Linux 9.6 (Plow)")

CPU model: AMD EPYC 9654 96-Core Processor, instruction set [SSE2|AVX|AVX2|AVX512]
Thread count: 192 physical cores, 192 logical processors, using up to 48 threads

Non-default parameters:
MemLimit  60
MIPGap  0.002
NodefileStart  1
Cuts  1
Presolve  1
Threads  48

Academic license 2514514 - for non-commercial use only - registered to l.___@student.vu.nl
Optimize a model with 178177 rows, 50626 columns and 1021376 nonzeros
Model fingerprint: 0xdeba46be
Variable types: 40002 continuous, 10624 integer (10624 binary)
Coefficient statistics:
  Matrix range     [1e-06, 1e+05]
  Objective range  [2e+00, 3e+04]
  Bounds range     [1e+00, 1e+00]
  RHS range        [3e-01, 2e+05]
Presolve removed 34049 rows and 14166 columns
Presolve time: 1.83s
Presolved: 144128 rows, 36460 columns, 945973 nonzeros
Variable types: 28012 continuous, 8448 integer (8448 binary)
Found heuristic solution: objective -5.61308e+09

Deterministic concurrent LP optimizer: primal simplex, dual simplex, and barrier
Showing barrier log only...

Root barrier log...

Ordering time: 2.42s

Barrier statistics:
 AA' NZ     : 1.286e+07
 Factor NZ  : 1.434e+07 (roughly 200 MB of memory)
 Factor Ops : 2.150e+09 (less than 1 second per iteration)
 Threads    : 46

                  Objective                Residual
Iter       Primal          Dual         Primal    Dual     Compl     Time
   0  -3.00450824e+12  1.66237836e+14  3.09e+05 3.68e+04  1.75e+10     7s
   1  -1.87893755e+12  1.04802889e+14  1.75e+05 2.84e+05  7.64e+09     7s
   2  -5.45096940e+11  6.97380968e+13  4.78e+04 1.11e+04  2.11e+09     7s
   3  -4.70795783e+10  1.98303191e+13  3.19e+03 1.37e+01  2.01e+08     7s
   4  -1.51811857e+10  5.21363250e+12  4.88e+02 3.27e-07  3.83e+07     7s
   5  -1.00532445e+10  1.41055319e+12  1.04e+02 1.28e-07  9.03e+06     7s
   6  -3.83042535e+09  6.53648372e+11  4.05e+01 5.10e-08  3.87e+06     7s
   7  -1.96457906e+09  4.23652043e+11  2.18e+01 2.54e-08  2.41e+06     7s
   8  -8.50884408e+08  2.11708025e+11  9.28e+00 2.23e-08  1.17e+06     7s
   9  -1.38398078e+08  9.38004049e+10  1.17e+00 2.03e-08  4.75e+05     7s
  10  -1.19592457e+07  2.13411570e+10  1.05e-01 4.47e-09  1.06e+05     8s

Barrier performed 10 iterations in 7.54 seconds (5.51 work units)
Barrier solve interrupted - model solved by another algorithm

Concurrent spin time: 1.99s (can be avoided by choosing Method=3)

Solved with primal simplex

Root relaxation: objective 2.178712e+07, 52661 iterations, 4.47 seconds (2.73 work units)

    Nodes    |    Current Node    |     Objective Bounds      |     Work
 Expl Unexpl |  Obj  Depth IntInf | Incumbent    BestBd   Gap | It/Node Time

     0     0 2.1787e+07    0  414 -5.613e+09 2.1787e+07   100%     -    8s
H    0     0                    -5.55360e+09 2.1787e+07   100%     -   11s
     0     0 2.1751e+07    0  565 -5.554e+09 2.1751e+07   100%     -   13s
H    0     0                    -2.95857e+09 2.1751e+07   101%     -   14s
     0     0 2.1751e+07    0  575 -2.959e+09 2.1751e+07   101%     -   14s
     0     0 2.1751e+07    0  576 -2.959e+09 2.1751e+07   101%     -   15s
     0     0 2.1738e+07    0  576 -2.959e+09 2.1738e+07   101%     -   17s
     0     0 2.1738e+07    0  591 -2.959e+09 2.1738e+07   101%     -   18s
     0     0 2.1738e+07    0  600 -2.959e+09 2.1738e+07   101%     -   18s
     0     0 2.1738e+07    0  601 -2.959e+09 2.1738e+07   101%     -   18s
     0     0 2.1720e+07    0  512 -2.959e+09 2.1720e+07   101%     -   21s
H    0     0                    -2.52395e+09 2.1720e+07   101%     -   22s
     0     0 2.1718e+07    0  503 -2.524e+09 2.1718e+07   101%     -   22s
     0     0 2.1718e+07    0  532 -2.524e+09 2.1718e+07   101%     -   22s
     0     0 2.1718e+07    0  536 -2.524e+09 2.1718e+07   101%     -   23s
     0     0 2.1701e+07    0  471 -2.524e+09 2.1701e+07   101%     -   25s
H    0     0                    -1.46413e+09 2.1701e+07   101%     -   27s
     0     0 2.1701e+07    0  468 -1.464e+09 2.1701e+07   101%     -   27s
     0     0 2.1701e+07    0  477 -1.464e+09 2.1701e+07   101%     -   27s
     0     0 2.1699e+07    0  475 -1.464e+09 2.1699e+07   101%     -   29s
H    0     0                    -1.19007e+09 2.1699e+07   102%     -   31s
     0     0 2.1699e+07    0  497 -1.190e+09 2.1699e+07   102%     -   31s
     0     0 2.1699e+07    0  494 -1.190e+09 2.1699e+07   102%     -   31s
     0     0 2.1699e+07    0  491 -1.190e+09 2.1699e+07   102%     -   31s
     0     0 2.1690e+07    0  442 -1.190e+09 2.1690e+07   102%     -   33s
H    0     0                    -1.11448e+09 2.1690e+07   102%     -   35s
     0     0 2.1690e+07    0  483 -1.114e+09 2.1690e+07   102%     -   35s
     0     0 2.1690e+07    0  488 -1.114e+09 2.1690e+07   102%     -   35s
     0     0 2.1689e+07    0  455 -1.114e+09 2.1689e+07   102%     -   37s
H    0     0                    -1.05780e+09 2.1689e+07   102%     -   38s
     0     0 2.1689e+07    0  459 -1.058e+09 2.1689e+07   102%     -   38s
     0     0 2.1689e+07    0  449 -1.058e+09 2.1689e+07   102%     -   38s
     0     0 2.1689e+07    0  467 -1.058e+09 2.1689e+07   102%     -   39s
     0     0 2.1689e+07    0  481 -1.058e+09 2.1689e+07   102%     -   41s
H    0     0                    -1.04633e+09 2.1689e+07   102%     -   42s
     0     0 2.1689e+07    0  482 -1.046e+09 2.1689e+07   102%     -   42s
     0     0 2.1689e+07    0  468 -1.046e+09 2.1689e+07   102%     -   42s
     0     0 2.1689e+07    0  449 -1.046e+09 2.1689e+07   102%     -   48s
H    0     0                    -8.93666e+08 2.1689e+07   102%     -   49s
H    0     0                    -4.26092e+08 2.1689e+07   105%     -   55s
H    0     0                    -4.26090e+08 2.1689e+07   105%     -   55s
H    0     0                    -3.11001e+08 2.1689e+07   107%     -   59s
H    0     0                    -2.86716e+08 2.1689e+07   108%     -   61s
H    0     0                    -2.83360e+08 2.1689e+07   108%     -   65s
H    0     0                    -2.36749e+08 2.1689e+07   109%     -   68s
H    0     0                    -2.36747e+08 2.1689e+07   109%     -   68s
     0     2 2.1689e+07    0  436 -2.367e+08 2.1689e+07   109%     -   73s
    31    64 2.1688e+07    5  451 -2.367e+08 2.1688e+07   109%   158   75s
H   90   112                    -1.90133e+08 2.1688e+07   111%  88.6   76s
   570   619 2.1686e+07   13  451 -1.901e+08 2.1688e+07   111%  60.3   81s
H  702   706                    -1.90133e+08 2.1688e+07   111%  57.8   81s
   980  1029 2.1686e+07   18  438 -1.901e+08 2.1688e+07   111%  51.2   85s
H 1004  1029                    -1.87689e+08 2.1688e+07   112%  50.4   85s
H 1020  1029                    -1.87689e+08 2.1688e+07   112%  50.0   85s
  1549  1598 2.1685e+07   29  444 -1.877e+08 2.1688e+07   112%  43.5   90s
  1597  1646 2.1685e+07   30  433 -1.877e+08 2.1688e+07   112%  43.1   99s
  1645  1694 2.1685e+07   31  426 -1.877e+08 2.1688e+07   112%  42.6  106s
H 1669  1694                    -1.86633e+08 2.1688e+07   112%  42.3  107s
H 2075  2106                    -1.61553e+08 2.1688e+07   113%  41.2  109s
  2105  2281 2.1685e+07   37  402 -1.616e+08 2.1688e+07   113%  41.2  110s
H 2343  2493                    -1.36473e+08 2.1688e+07   116%  40.7  113s
H 2371  2493                    -1.36473e+08 2.1688e+07   116%  40.6  113s
H 2390  2493                    -1.29906e+08 2.1688e+07   117%  40.4  113s
H 2414  2493                    -1.04826e+08 2.1688e+07   121%  40.3  113s
  2795  3064 2.1683e+07   46  396 -1.048e+08 2.1688e+07   121%  38.8  115s
Created node file directory '/scratch-local/lbeemster.22620864/gurobi_stress_vol2.0_0.8_price_st_run0/grbnodes0'
H 3627  3649                    -4.32686e+07 2.1688e+07   150%  36.3  119s
  3659  3914 2.1682e+07   58  381 -4.327e+07 2.1688e+07   150%  36.2  121s
  4464  4700 2.1681e+07   69  374 -4.327e+07 2.1688e+07   150%  35.7  125s
H 4740  4637                    -3.77358e+07 2.1688e+07   157%  35.5  128s
H 4774  4637                    -3.28990e+07 2.1688e+07   166%  35.5  128s
H 4778  4637                    -3.28864e+07 2.1688e+07   166%  35.5  128s
H 4825  4637                    -2.29181e+07 2.1688e+07   195%  35.3  128s
  5176  5329 2.1679e+07   78  362 -2.292e+07 2.1688e+07   195%  34.4  130s
  5917  5757 2.1679e+07   92  362 -2.292e+07 2.1688e+07   195%  32.7  135s
  5965  5811 2.1679e+07   93  362 -2.292e+07 2.1688e+07   195%  32.7  143s
H 5968  5811                    -2.29011e+07 2.1688e+07   195%  32.6  143s
H 5970  5811                    -1.74318e+07 2.1688e+07   224%  32.6  143s
  6019  5959 2.1679e+07   94  362 -1.743e+07 2.1688e+07   224%  32.6  146s
H 6167  6333                    -7823713.464 2.1688e+07   377%  32.4  147s
H 6176  6333                    -7822855.369 2.1688e+07   377%  32.4  147s
H 6184  6333                    -7812424.550 2.1688e+07   378%  32.4  147s
H 6247  6333                    -7809862.500 2.1688e+07   378%  32.3  147s
H 6367  6333                    -7804201.219 2.1688e+07   378%  32.0  147s
H 6418  6333                    -7803372.505 2.1688e+07   378%  31.9  147s
  6963  7168 2.1678e+07  110  351 -7803372.5 2.1688e+07   378%  31.4  151s
  7816  8081 2.1676e+07  121  342 -7803372.5 2.1688e+07   378%  30.3  155s
  9316  9412 2.1673e+07  154  329 -7803372.5 2.1688e+07   378%  28.3  162s
H 9322  9412                    -7802399.051 2.1688e+07   378%  28.3  162s
H 9440  9412                    -7802340.423 2.1688e+07   378%  28.2  162s
H 9506  9412                    -7798548.746 2.1688e+07   378%  28.1  162s
 10206 10519 2.1672e+07  171  323 -7798548.7 2.1688e+07   378%  27.1  167s
 11245 11576 2.1668e+07  188  306 -7798548.7 2.1688e+07   378%  26.8  172s
 11809 12178 2.1667e+07  196  300 -7798548.7 2.1688e+07   378%  26.4  176s
 12411 12821 2.1666e+07  206  299 -7798548.7 2.1688e+07   378%  26.0  180s
H13217 13152                    -7797082.627 2.1688e+07   378%  25.2  183s
H13232 13152                    -7795852.965 2.1688e+07   378%  25.2  183s
H13335 13152                    -7789812.982 2.1688e+07   378%  25.1  183s
 13401 13858 2.1666e+07  227  301 -7789813.0 2.1688e+07   378%  25.1  186s
 14115 14529 2.1665e+07  247  299 -7789813.0 2.1688e+07   378%  24.6  190s
 15479 15951 1.0363e+07  266  299 -7789813.0 2.1688e+07   378%  23.7  197s
 16232 16751 1.0358e+07  275  285 -7789813.0 2.1688e+07   378%  23.6  201s
 17034 16803 1.0359e+07  292  284 -7789813.0 2.1688e+07   378%  23.1  206s
H17954 17565                    -3678495.484 2.1688e+07   690%  22.7  216s
H17954 16223                    1431532.1318 2.1688e+07  1415%  22.7  216s
H17954 13066                    2.142425e+07 2.1688e+07  1.23%  22.7  218s
H17954 13066                    2.143246e+07 2.1688e+07  1.19%  22.7  221s
H17954 13066                    2.143607e+07 2.1688e+07  1.18%  22.7  225s
H17954 13066                    2.145198e+07 2.1688e+07  1.10%  22.7  231s
H17954 13066                    2.145728e+07 2.1688e+07  1.08%  22.7  232s
H17954 13066                    2.145927e+07 2.1688e+07  1.07%  22.7  233s
H17954 12774                    2.146304e+07 2.1688e+07  1.05%  22.7  234s
H17954 12774                    2.146422e+07 2.1688e+07  1.04%  22.7  235s
H17954 12774                    2.146610e+07 2.1688e+07  1.03%  22.7  237s
H17954 12774                    2.146711e+07 2.1688e+07  1.03%  22.7  238s
H17954 12774                    2.146950e+07 2.1688e+07  1.02%  22.7  239s
 17955 12578 2.1687e+07   11  449 2.1469e+07 2.1688e+07  1.02%  22.7  258s
H17956 11950                    2.156983e+07 2.1685e+07  0.53%  22.7  346s
H17956 11352                    2.158108e+07 2.1685e+07  0.48%  22.7  346s
H17956 10784                    2.159201e+07 2.1685e+07  0.43%  22.7  346s
H17956 10245                    2.159645e+07 2.1685e+07  0.41%  22.7  347s
H17956  9733                    2.159953e+07 2.1685e+07  0.40%  22.7  347s
 17957  9733 2.1663e+07   16  291 2.1600e+07 2.1663e+07  0.29%  22.7  352s
 17958  9734 2.1663e+07   29  421 2.1600e+07 2.1663e+07  0.29%  22.7  358s
 17960  9735 2.1662e+07  107  355 2.1600e+07 2.1662e+07  0.29%  22.7  360s
H17966  9252                    2.160251e+07 2.1662e+07  0.28%  22.7  407s
H17966  8789                    2.160458e+07 2.1662e+07  0.26%  22.7  407s
 17969  8791 2.1662e+07   12  322 2.1605e+07 2.1662e+07  0.26%  22.7  410s
H17969  8351                    2.160545e+07 2.1661e+07  0.26%  22.7  450s
H17969  7933                    2.160899e+07 2.1661e+07  0.24%  22.7  450s
 17973  7936 2.1661e+07   44  333 2.1609e+07 2.1661e+07  0.24%  22.7  492s
 17974  7937 2.1661e+07  101  327 2.1609e+07 2.1661e+07  0.24%  22.7  495s
H17976  7541                    2.160965e+07 2.1661e+07  0.24%  22.7  542s
H17977  7164                    2.160973e+07 2.1661e+07  0.24%  22.7  545s
 17980  7166 2.1661e+07   62  323 2.1610e+07 2.1661e+07  0.24%  22.7  574s
 17981  7166 2.1661e+07   11  320 2.1610e+07 2.1661e+07  0.24%  22.7  577s
 17984  7168 2.1661e+07   41  343 2.1610e+07 2.1661e+07  0.24%  22.7  611s
 17986  7170 2.1661e+07   84  332 2.1610e+07 2.1661e+07  0.24%  22.7  646s
 17989  7172 2.1661e+07   10  335 2.1610e+07 2.1661e+07  0.24%  22.7  693s
 17990  7172 2.1661e+07   64  325 2.1610e+07 2.1661e+07  0.24%  22.7  695s
 17991  7173 2.1661e+07  130  327 2.1610e+07 2.1661e+07  0.24%  22.7  726s
H17996  6819                    2.161147e+07 2.1661e+07  0.23%  25.6  831s
H17996  6478                    2.161262e+07 2.1661e+07  0.22%  25.6  831s
 17998  6479 2.1661e+07   36  287 2.1613e+07 2.1661e+07  0.22%  25.6  836s
 18000  6480 2.1661e+07  111  315 2.1613e+07 2.1661e+07  0.22%  25.6  840s
H18004  6158                    2.161318e+07 2.1659e+07  0.21%  25.6  896s
H18004  5850                    2.161531e+07 2.1659e+07  0.20%  25.6  896s
H18004  5558                    2.161542e+07 2.1659e+07  0.20%  25.6  896s
H18004  5280                    2.162476e+07 2.1659e+07  0.16%  25.6  896s

Cutting planes:
  Gomory: 20
  Cover: 20
  Implied bound: 260
  MIR: 735
  Flow cover: 726
  Relax-and-lift: 406

Explored 18004 nodes (579674 simplex iterations) in 896.45 seconds (1002.68 work units)
Thread count was 48 (of 192 available processors)

Solution count 10: 2.16248e+07 2.16248e+07 2.16154e+07 ... 2.16054e+07

Optimal solution found (tolerance 2.00e-03)
Best objective 2.162475773721e+07, best bound 2.165945231513e+07, gap 0.1604%
Deleted nodefile directory: /scratch-local/lbeemster.22620864/gurobi_stress_vol2.0_0.8_price_st_run0
Saved model snapshot to study_case_model/figures/volatility_stress/07052026/vol2.0_0.8_price_st/sub0.0/run0/model_snapshot.pkl
  Objective: 21624757.74
  Avg H2 production: 0.0
  Scenario obj std: 1177841.5565127945
  CVaR 5%: 19898154.13764672
  Worst scenario: 19885494.56429671

============================================================
Volatility multiplier: 4.0x
============================================================
Read LP format model from file /scratch-local/lbeemster.22620864/tmprjmfmu_6.pyomo.lp
Reading time = 0.77 seconds
x1: 178177 rows, 50626 columns, 1021376 nonzeros
Set parameter OutputFlag to value 1
Set parameter MIPGap to value 0.002
Set parameter Threads to value 48
Set parameter Presolve to value 1
Set parameter Cuts to value 1
Set parameter NodefileStart to value 1
Set parameter NodefileDir to value "/scratch-local/lbeemster.22620864/gurobi_stress_vol4.0_0.8_price_st_run0"
Set parameter MemLimit to value 60
Gurobi Optimizer version 12.0.3 build v12.0.3rc0 (linux64 - "Red Hat Enterprise Linux 9.6 (Plow)")

CPU model: AMD EPYC 9654 96-Core Processor, instruction set [SSE2|AVX|AVX2|AVX512]
Thread count: 192 physical cores, 192 logical processors, using up to 48 threads

Non-default parameters:
MemLimit  60
MIPGap  0.002
NodefileStart  1
Cuts  1
Presolve  1
Threads  48

Academic license 2514514 - for non-commercial use only - registered to l.___@student.vu.nl
Optimize a model with 178177 rows, 50626 columns and 1021376 nonzeros
Model fingerprint: 0xbf0da8a6
Variable types: 40002 continuous, 10624 integer (10624 binary)
Coefficient statistics:
  Matrix range     [1e-06, 1e+05]
  Objective range  [2e+00, 3e+04]
  Bounds range     [1e+00, 1e+00]
  RHS range        [3e-01, 2e+05]
Presolve removed 34049 rows and 14166 columns
Presolve time: 1.73s
Presolved: 144128 rows, 36460 columns, 945973 nonzeros
Variable types: 28012 continuous, 8448 integer (8448 binary)
Found heuristic solution: objective -5.61303e+09

Deterministic concurrent LP optimizer: primal simplex, dual simplex, and barrier
Showing barrier log only...

Root barrier log...

Ordering time: 2.43s

Barrier statistics:
 AA' NZ     : 1.286e+07
 Factor NZ  : 1.434e+07 (roughly 200 MB of memory)
 Factor Ops : 2.150e+09 (less than 1 second per iteration)
 Threads    : 46

                  Objective                Residual
Iter       Primal          Dual         Primal    Dual     Compl     Time
   0  -3.00450691e+12  1.66237845e+14  3.09e+05 3.68e+04  1.75e+10     7s
   1  -1.87893681e+12  1.04802895e+14  1.75e+05 2.84e+05  7.64e+09     7s
   2  -5.45096711e+11  6.97381005e+13  4.78e+04 1.11e+04  2.11e+09     7s
   3  -4.70795389e+10  1.98303201e+13  3.19e+03 1.37e+01  2.01e+08     7s
   4  -1.51811583e+10  5.21363278e+12  4.88e+02 2.08e-07  3.83e+07     7s
   5  -1.00532208e+10  1.41055368e+12  1.04e+02 9.71e-08  9.03e+06     7s
   6  -3.83039427e+09  6.53649265e+11  4.05e+01 4.96e-08  3.87e+06     7s
   7  -1.96458045e+09  4.23652702e+11  2.18e+01 3.54e-08  2.41e+06     7s
   8  -8.50871345e+08  2.11703049e+11  9.28e+00 1.71e-08  1.17e+06     7s
   9  -1.38358444e+08  9.37997490e+10  1.17e+00 8.73e-09  4.75e+05     7s
  10  -1.19109895e+07  2.13348635e+10  1.05e-01 1.09e-08  1.06e+05     7s
  11   3.29712356e+06  9.61566399e+09  1.60e-02 5.36e-09  4.73e+04     7s
  12   6.85846406e+06  1.41238660e+09  3.97e-09 1.88e-09  6.91e+03     8s
  13   8.38912264e+06  5.76538840e+08  3.17e-09 1.28e-09  2.79e+03     8s
  14   1.06238891e+07  2.02487043e+08  3.07e-09 4.91e-10  9.43e+02     8s
  15   1.34485579e+07  1.19610859e+08  2.56e-09 4.66e-10  5.22e+02     8s
  16   1.64472336e+07  8.63829371e+07  2.42e-09 4.66e-10  3.44e+02     8s
  17   2.01331513e+07  4.51403883e+07  1.91e-09 4.66e-10  1.23e+02     8s
  18   2.03129072e+07  3.94550801e+07  2.49e-09 4.66e-10  9.40e+01     8s
  19   2.08520232e+07  3.03214368e+07  2.20e-09 4.66e-10  4.65e+01     8s
  20   2.12667610e+07  2.60343513e+07  2.25e-09 2.33e-10  2.34e+01     8s
  21   2.14704932e+07  2.47322467e+07  2.62e-09 4.66e-10  1.60e+01     8s
  22   2.16482445e+07  2.36944979e+07  2.42e-09 4.66e-10  1.01e+01     8s
  23   2.16896420e+07  2.33534020e+07  3.58e-09 4.66e-10  8.17e+00     8s
  24   2.17728966e+07  2.23471359e+07  1.27e-08 4.66e-10  2.82e+00     8s

Barrier performed 24 iterations in 8.24 seconds (6.84 work units)
Barrier solve interrupted - model solved by another algorithm

Concurrent spin time: 1.35s (can be avoided by choosing Method=3)

Solved with dual simplex

Root relaxation: objective 2.193091e+07, 44888 iterations, 5.29 seconds (4.09 work units)

    Nodes    |    Current Node    |     Objective Bounds      |     Work
 Expl Unexpl |  Obj  Depth IntInf | Incumbent    BestBd   Gap | It/Node Time

     0     0 2.1931e+07    0  408 -5.613e+09 2.1931e+07   100%     -    9s
H    0     0                    -1.64068e+09 2.1931e+07   101%     -   11s
H    0     0                    -1.63486e+09 2.1931e+07   101%     -   12s
     0     0 2.1894e+07    0  527 -1.635e+09 2.1894e+07   101%     -   15s
     0     0 2.1894e+07    0  591 -1.635e+09 2.1894e+07   101%     -   15s
     0     0 2.1879e+07    0  588 -1.635e+09 2.1879e+07   101%     -   17s
     0     0 2.1878e+07    0  588 -1.635e+09 2.1878e+07   101%     -   18s
     0     0 2.1860e+07    0  460 -1.635e+09 2.1860e+07   101%     -   21s
     0     0 2.1860e+07    0  469 -1.635e+09 2.1860e+07   101%     -   22s
     0     0 2.1860e+07    0  483 -1.635e+09 2.1860e+07   101%     -   22s
     0     0 2.1860e+07    0  483 -1.635e+09 2.1860e+07   101%     -   22s
     0     0 2.1845e+07    0  450 -1.635e+09 2.1845e+07   101%     -   25s
     0     0 2.1844e+07    0  469 -1.635e+09 2.1844e+07   101%     -   25s
     0     0 2.1844e+07    0  468 -1.635e+09 2.1844e+07   101%     -   26s
     0     0 2.1844e+07    0  470 -1.635e+09 2.1844e+07   101%     -   26s
     0     0 2.1842e+07    0  461 -1.635e+09 2.1842e+07   101%     -   28s
H    0     0                    -7.65797e+08 2.1842e+07   103%     -   29s
     0     0 2.1842e+07    0  487 -7.658e+08 2.1842e+07   103%     -   29s
     0     0 2.1842e+07    0  485 -7.658e+08 2.1842e+07   103%     -   29s
     0     0 2.1833e+07    0  448 -7.658e+08 2.1833e+07   103%     -   31s
     0     0 2.1833e+07    0  453 -7.658e+08 2.1833e+07   103%     -   32s
     0     0 2.1833e+07    0  460 -7.658e+08 2.1833e+07   103%     -   32s
     0     0 2.1832e+07    0  423 -7.658e+08 2.1832e+07   103%     -   34s
H    0     0                    -5.60899e+08 2.1832e+07   104%     -   35s
     0     0 2.1832e+07    0  430 -5.609e+08 2.1832e+07   104%     -   35s
     0     0 2.1832e+07    0  421 -5.609e+08 2.1832e+07   104%     -   36s
     0     0 2.1832e+07    0  418 -5.609e+08 2.1832e+07   104%     -   37s
     0     0 2.1832e+07    0  423 -5.609e+08 2.1832e+07   104%     -   37s
     0     0 2.1832e+07    0  430 -5.609e+08 2.1832e+07   104%     -   38s
     0     0 2.1832e+07    0  448 -5.609e+08 2.1832e+07   104%     -   40s
     0     0 2.1832e+07    0  448 -5.609e+08 2.1832e+07   104%     -   41s
     0     0 2.1832e+07    0  433 -5.609e+08 2.1832e+07   104%     -   41s
     0     0 2.1832e+07    0  437 -5.609e+08 2.1832e+07   104%     -   42s
     0     0 2.1832e+07    0  437 -5.609e+08 2.1832e+07   104%     -   43s
     0     0 2.1832e+07    0  408 -5.609e+08 2.1832e+07   104%     -   48s
H    0     0                    -3.17464e+08 2.1832e+07   107%     -   55s
H    0     0                    -2.99414e+08 2.1832e+07   107%     -   57s
H    0     0                    -2.61339e+08 2.1832e+07   108%     -   59s
H    0     0                    -1.91102e+08 2.1832e+07   111%     -   63s
H    0     0                    -1.65253e+08 2.1832e+07   113%     -   64s
H    0     0                    -1.16649e+08 2.1832e+07   119%     -   65s
H    0     0                    -1.16644e+08 2.1832e+07   119%     -   67s
H    0     0                    -7.00313e+07 2.1832e+07   131%     -   69s
H    0     0                    -7.00312e+07 2.1832e+07   131%     -   70s
     0     2 2.1832e+07    0  394 -7.003e+07 2.1832e+07   131%     -   75s
H   33    64                    -7.00312e+07 2.1831e+07   131%   149   79s
    63   112 2.1831e+07    6  418 -7.003e+07 2.1831e+07   131%   103   80s
   601   650 2.1831e+07   13  417 -7.003e+07 2.1831e+07   131%  38.6   85s
H  791   801                    -4.96861e+07 2.1831e+07   144%  37.1   88s
   974  1125 2.1830e+07   21  413 -4.969e+07 2.1831e+07   144%  35.5   90s
  1701  1750 2.1829e+07   34  402 -4.969e+07 2.1831e+07   144%  34.2   95s
  1749  1798 2.1829e+07   35  403 -4.969e+07 2.1831e+07   144%  34.2  106s
  1797  1846 2.1829e+07   35  398 -4.969e+07 2.1831e+07   144%  34.2  114s
H 1811  1846                    -4.96439e+07 2.1831e+07   144%  34.1  114s
  1845  1894 2.1829e+07   36  396 -4.964e+07 2.1831e+07   144%  34.1  117s
H 1893  1942                    -4.79242e+07 2.1831e+07   146%  34.1  128s
H 1895  1942                    -1.97211e+07 2.1831e+07   211%  34.0  128s
H 1900  1942                    -1.80340e+07 2.1831e+07   221%  34.0  128s
H 1901  1942                    -1.79892e+07 2.1831e+07   221%  34.0  128s
  1941  2169 2.1829e+07   37  390 -1.799e+07 2.1831e+07   221%  33.8  130s
  3091  3187 2.1825e+07   56  356 -1.799e+07 2.1831e+07   221%  34.9  136s
Created node file directory '/scratch-local/lbeemster.22620864/gurobi_stress_vol4.0_0.8_price_st_run0/grbnodes0'
H 3363  3415                    1.195117e+07 2.1831e+07  82.7%  34.7  138s
  3541  3738 2.1825e+07   66  344 1.1951e+07 2.1831e+07  82.7%  34.6  140s
  4482  4413 2.1824e+07   80  343 1.1951e+07 2.1831e+07  82.7%  34.5  145s
  5147  5123 2.1823e+07   92  341 1.1951e+07 2.1831e+07  82.7%  34.4  151s
  6027  6283 2.1821e+07  107  324 1.1951e+07 2.1831e+07  82.7%  32.8  157s
  6832  7146 2.1820e+07  119  301 1.1951e+07 2.1831e+07  82.7%  31.3  161s
  7762  8128 2.1819e+07  138  285 1.1951e+07 2.1831e+07  82.7%  29.5  165s
  8794  9176 2.1817e+07  156  283 1.1951e+07 2.1831e+07  82.7%  27.8  170s
  9325  9725 2.1817e+07  167  282 1.1951e+07 2.1831e+07  82.7%  27.2  175s
 10459 10866 2.1817e+07  187  282 1.1951e+07 2.1831e+07  82.7%  25.8  181s
 11626 12027 2.1783e+07  206  277 1.1951e+07 2.1831e+07  82.7%  24.8  191s
 12734 13172 2.1784e+07  221  285 1.1951e+07 2.1831e+07  82.7%  24.1  197s
 13365 13784 2.1784e+07  232  284 1.1951e+07 2.1831e+07  82.7%  23.7  201s
 13989 14473 2.1784e+07  244  283 1.1951e+07 2.1831e+07  82.7%  23.4  205s
 15420 15748 2.1778e+07  274  283 1.1951e+07 2.1831e+07  82.7%  22.2  213s
 15981 16492 2.1777e+07  283  285 1.1951e+07 2.1831e+07  82.7%  22.0  218s
H16424 16452                    1.838293e+07 2.1831e+07  18.8%  21.7  218s
 16741 16987 2.1770e+07  299  281 1.8383e+07 2.1831e+07  18.8%  21.6  224s
 17356 17914 2.1770e+07  310  280 1.8383e+07 2.1831e+07  18.8%  21.5  228s
H18288 17904                    1.839044e+07 2.1831e+07  18.7%  20.9  233s
H18288 17904                    1.839192e+07 2.1831e+07  18.7%  20.9  233s
H18288 17904                    1.841964e+07 2.1831e+07  18.5%  20.9  235s
H18288 17840                    2.165312e+07 2.1831e+07  0.82%  20.9  238s
H18288 17827                    2.166281e+07 2.1831e+07  0.78%  20.9  240s
H18288 17810                    2.166522e+07 2.1831e+07  0.77%  20.9  245s
H18288 17809                    2.166556e+07 2.1831e+07  0.76%  20.9  248s
H18288 17809                    2.166761e+07 2.1831e+07  0.75%  20.9  252s
H18288 17809                    2.166812e+07 2.1831e+07  0.75%  20.9  253s
H18288 17809                    2.166831e+07 2.1831e+07  0.75%  20.9  254s
 18289 17772 2.1712e+07  396  408 2.1668e+07 2.1831e+07  0.75%  20.9  269s
H18290 16884                    2.170401e+07 2.1829e+07  0.58%  20.9  336s
H18290 16040                    2.170828e+07 2.1829e+07  0.56%  20.9  336s
H18290 15238                    2.171704e+07 2.1829e+07  0.52%  20.9  336s
H18290 14476                    2.171745e+07 2.1829e+07  0.52%  20.9  336s
H18290 13752                    2.172310e+07 2.1802e+07  0.36%  20.9  336s
H18291 13064                    2.173327e+07 2.1802e+07  0.32%  20.9  341s
 18294 13066 2.1802e+07   24  395 2.1733e+07 2.1802e+07  0.32%  20.9  345s
H18300 12417                    2.173497e+07 2.1802e+07  0.31%  20.8  381s
H18301 11796                    2.174109e+07 2.1801e+07  0.28%  20.8  383s
H18304 11208                    2.174595e+07 2.1801e+07  0.25%  20.8  425s
H18304 10648                    2.174725e+07 2.1801e+07  0.25%  20.8  425s
H18304 10115                    2.174768e+07 2.1801e+07  0.25%  20.8  426s
H18304  9609                    2.174909e+07 2.1801e+07  0.24%  20.8  426s
H18306  9129                    2.175003e+07 2.1801e+07  0.24%  20.8  429s
H18307  8673                    2.175175e+07 2.1801e+07  0.23%  20.8  476s
H18307  8239                    2.175272e+07 2.1801e+07  0.22%  20.8  476s
 18312  8242 2.1801e+07   33  353 2.1753e+07 2.1801e+07  0.22%  20.8  513s
 18313  8243 2.1753e+07  420  365 2.1753e+07 2.1801e+07  0.22%  20.8  516s
H18315  7832                    2.175340e+07 2.1801e+07  0.22%  20.8  546s
H18315  7439                    2.175364e+07 2.1801e+07  0.22%  20.8  546s
H18315  7067                    2.175511e+07 2.1801e+07  0.21%  20.8  546s
H18318  6715                    2.175588e+07 2.1801e+07  0.21%  20.8  588s
H18318  6379                    2.175614e+07 2.1801e+07  0.21%  20.8  588s
 18320  6381 2.1780e+07  252  357 2.1756e+07 2.1801e+07  0.21%  20.8  591s
 18322  6382 2.1801e+07   55  360 2.1756e+07 2.1801e+07  0.21%  20.8  625s
 18324  6383 2.1780e+07  250  365 2.1756e+07 2.1801e+07  0.21%  20.8  665s
 18326  6385 2.1801e+07   28  364 2.1756e+07 2.1801e+07  0.21%  20.8  701s
 18327  6385 2.1801e+07   21  371 2.1756e+07 2.1801e+07  0.21%  20.8  705s
H18327  6065                    2.175652e+07 2.1801e+07  0.20%  20.8  746s
 18330  6067 2.1801e+07   24  372 2.1757e+07 2.1801e+07  0.20%  20.8  783s
 18334  6071 2.1801e+07   71  408 2.1757e+07 2.1801e+07  0.20%  23.8  787s
H18335  5768                    2.175683e+07 2.1801e+07  0.20%  23.8  870s

Cutting planes:
  Gomory: 3
  Cover: 28
  Implied bound: 140
  MIR: 586
  Flow cover: 355
  Relax-and-lift: 252

Explored 18335 nodes (536688 simplex iterations) in 870.85 seconds (1091.88 work units)
Thread count was 48 (of 192 available processors)

Solution count 10: 2.17568e+07 2.17565e+07 2.17561e+07 ... 2.175e+07

Optimal solution found (tolerance 2.00e-03)
Best objective 2.175683434067e+07, best bound 2.180007304811e+07, gap 0.1987%
Deleted nodefile directory: /scratch-local/lbeemster.22620864/gurobi_stress_vol4.0_0.8_price_st_run0
Saved model snapshot to study_case_model/figures/volatility_stress/07052026/vol4.0_0.8_price_st/sub0.0/run0/model_snapshot.pkl
  Objective: 21756834.34
  Avg H2 production: 0.0
  Scenario obj std: 1595824.4713047412
  CVaR 5%: 19195461.577307757
  Worst scenario: 19176800.527216297

============================================================
Volatility multiplier: 8.0x
============================================================
Read LP format model from file /scratch-local/lbeemster.22620864/tmp4c2yfx1q.pyomo.lp
Reading time = 3.46 seconds
x1: 178177 rows, 50626 columns, 1021376 nonzeros
Set parameter OutputFlag to value 1
Set parameter MIPGap to value 0.002
Set parameter Threads to value 48
Set parameter Presolve to value 1
Set parameter Cuts to value 1
Set parameter NodefileStart to value 1
Set parameter NodefileDir to value "/scratch-local/lbeemster.22620864/gurobi_stress_vol8.0_0.8_price_st_run0"
Set parameter MemLimit to value 60
Gurobi Optimizer version 12.0.3 build v12.0.3rc0 (linux64 - "Red Hat Enterprise Linux 9.6 (Plow)")

CPU model: AMD EPYC 9654 96-Core Processor, instruction set [SSE2|AVX|AVX2|AVX512]
Thread count: 192 physical cores, 192 logical processors, using up to 48 threads

Non-default parameters:
MemLimit  60
MIPGap  0.002
NodefileStart  1
Cuts  1
Presolve  1
Threads  48

Academic license 2514514 - for non-commercial use only - registered to l.___@student.vu.nl
Optimize a model with 178177 rows, 50626 columns and 1021376 nonzeros
Model fingerprint: 0x3f1bd9c0
Variable types: 40002 continuous, 10624 integer (10624 binary)
Coefficient statistics:
  Matrix range     [1e-06, 1e+05]
  Objective range  [2e+00, 3e+04]
  Bounds range     [1e+00, 1e+00]
  RHS range        [3e-01, 2e+05]
Presolve removed 34049 rows and 14166 columns
Presolve time: 1.76s
Presolved: 144128 rows, 36460 columns, 945973 nonzeros
Variable types: 28012 continuous, 8448 integer (8448 binary)
Found heuristic solution: objective -5.61293e+09

Deterministic concurrent LP optimizer: primal simplex, dual simplex, and barrier
Showing barrier log only...

Root barrier log...

Ordering time: 2.36s

Barrier statistics:
 AA' NZ     : 1.286e+07
 Factor NZ  : 1.434e+07 (roughly 200 MB of memory)
 Factor Ops : 2.150e+09 (less than 1 second per iteration)
 Threads    : 46

                  Objective                Residual
Iter       Primal          Dual         Primal    Dual     Compl     Time
   0  -3.00450426e+12  1.66237863e+14  3.09e+05 3.68e+04  1.75e+10     7s
   1  -1.87893534e+12  1.04802906e+14  1.75e+05 2.84e+05  7.64e+09     7s
   2  -5.45096253e+11  6.97381078e+13  4.78e+04 1.11e+04  2.11e+09     7s
   3  -4.70794601e+10  1.98303221e+13  3.19e+03 1.37e+01  2.01e+08     7s
   4  -1.51811036e+10  5.21363333e+12  4.88e+02 2.77e-07  3.83e+07     7s
   5  -1.00531734e+10  1.41055466e+12  1.04e+02 9.45e-08  9.03e+06     7s
   6  -3.83033211e+09  6.53651051e+11  4.05e+01 4.40e-08  3.87e+06     7s
   7  -1.96458322e+09  4.23654020e+11  2.18e+01 3.19e-08  2.41e+06     7s
   8  -8.50845204e+08  2.11693100e+11  9.28e+00 2.37e-08  1.17e+06     7s
   9  -1.38279122e+08  9.37984348e+10  1.17e+00 1.28e-08  4.75e+05     7s
  10  -1.18143324e+07  2.13222572e+10  1.05e-01 4.25e-09  1.06e+05     7s
  11   3.39488524e+06  9.61051017e+09  1.60e-02 2.44e-09  4.73e+04     7s
  12   6.96194713e+06  1.41236418e+09  4.43e-09 3.49e-09  6.91e+03     8s
  13   8.51907356e+06  5.76499797e+08  2.75e-09 1.40e-09  2.79e+03     8s
  14   1.07760132e+07  2.02789814e+08  3.31e-09 6.98e-10  9.43e+02     8s
  15   1.36420348e+07  1.24349984e+08  2.35e-09 4.66e-10  5.44e+02     8s
  16   1.67222127e+07  8.55494025e+07  2.66e-09 4.66e-10  3.38e+02     8s
  17   2.02501442e+07  4.49321751e+07  1.82e-09 4.66e-10  1.21e+02     8s
  18   2.02861689e+07  4.05245902e+07  2.04e-09 4.66e-10  9.94e+01     8s
  19   2.07877200e+07  3.55675037e+07  2.29e-09 2.33e-10  7.26e+01     8s
  20   2.13377394e+07  2.75468426e+07  3.06e-09 4.66e-10  3.05e+01     8s
  21   2.16223940e+07  2.56702137e+07  2.67e-09 4.66e-10  1.99e+01     8s
  22   2.19296323e+07  2.37430561e+07  6.01e-09 4.66e-10  8.91e+00     8s
  23   2.20266002e+07  2.31123017e+07  9.49e-09 4.66e-10  5.33e+00     8s
  24   2.20757785e+07  2.27156072e+07  1.18e-08 4.66e-10  3.14e+00     8s
  25   2.21310418e+07  2.23948796e+07  3.69e-08 4.66e-10  1.30e+00     8s

Barrier performed 25 iterations in 8.26 seconds (6.98 work units)
Barrier solve interrupted - model solved by another algorithm

Concurrent spin time: 1.24s (can be avoided by choosing Method=3)

Solved with dual simplex

Root relaxation: objective 2.222243e+07, 45383 iterations, 5.28 seconds (4.19 work units)

    Nodes    |    Current Node    |     Objective Bounds      |     Work
 Expl Unexpl |  Obj  Depth IntInf | Incumbent    BestBd   Gap | It/Node Time

     0     0 2.2222e+07    0  414 -5.613e+09 2.2222e+07   100%     -    9s
H    0     0                    -1.75569e+09 2.2222e+07   101%     -   10s
     0     0 2.2187e+07    0  556 -1.756e+09 2.2187e+07   101%     -   13s
     0     0 2.2187e+07    0  612 -1.756e+09 2.2187e+07   101%     -   14s
     0     0 2.2167e+07    0  581 -1.756e+09 2.2167e+07   101%     -   16s
     0     0 2.2167e+07    0  585 -1.756e+09 2.2167e+07   101%     -   17s
     0     0 2.2167e+07    0  587 -1.756e+09 2.2167e+07   101%     -   17s
     0     0 2.2151e+07    0  477 -1.756e+09 2.2151e+07   101%     -   20s
H    0     0                    -1.40140e+09 2.2151e+07   102%     -   21s
     0     0 2.2151e+07    0  487 -1.401e+09 2.2151e+07   102%     -   21s
     0     0 2.2151e+07    0  520 -1.401e+09 2.2151e+07   102%     -   21s
     0     0 2.2151e+07    0  514 -1.401e+09 2.2151e+07   102%     -   22s
     0     0 2.2136e+07    0  439 -1.401e+09 2.2136e+07   102%     -   24s
H    0     0                    -1.30741e+09 2.2136e+07   102%     -   28s
     0     0 2.2136e+07    0  448 -1.307e+09 2.2136e+07   102%     -   28s
     0     0 2.2136e+07    0  451 -1.307e+09 2.2136e+07   102%     -   28s
     0     0 2.2129e+07    0  410 -1.307e+09 2.2129e+07   102%     -   31s
H    0     0                    -8.54787e+08 2.2129e+07   103%     -   32s
     0     0 2.2129e+07    0  436 -8.548e+08 2.2129e+07   103%     -   32s
     0     0 2.2129e+07    0  445 -8.548e+08 2.2129e+07   103%     -   32s
     0     0 2.2122e+07    0  430 -8.548e+08 2.2122e+07   103%     -   34s
     0     0 2.2122e+07    0  451 -8.548e+08 2.2122e+07   103%     -   34s
     0     0 2.2122e+07    0  439 -8.548e+08 2.2122e+07   103%     -   35s
     0     0 2.2122e+07    0  441 -8.548e+08 2.2122e+07   103%     -   35s
     0     0 2.2122e+07    0  443 -8.548e+08 2.2122e+07   103%     -   37s
H    0     0                    -8.22125e+08 2.2122e+07   103%     -   38s
     0     0 2.2122e+07    0  466 -8.221e+08 2.2122e+07   103%     -   38s
     0     0 2.2122e+07    0  438 -8.221e+08 2.2122e+07   103%     -   40s
H    0     0                    -7.74016e+08 2.2122e+07   103%     -   41s
     0     0 2.2122e+07    0  431 -7.740e+08 2.2122e+07   103%     -   41s
     0     0 2.2122e+07    0  434 -7.740e+08 2.2122e+07   103%     -   42s
     0     0 2.2122e+07    0  409 -7.740e+08 2.2122e+07   103%     -   47s
H    0     0                    -4.85867e+08 2.2122e+07   105%     -   56s
H    0     0                    -4.83243e+08 2.2122e+07   105%     -   59s
H    0     0                    -4.58740e+08 2.2122e+07   105%     -   61s
H    0     0                    -2.99849e+08 2.2122e+07   107%     -   67s
H    0     0                    -2.89505e+08 2.2122e+07   108%     -   68s
H    0     0                    -2.64419e+08 2.2122e+07   108%     -   70s
H    0     0                    -2.64409e+08 2.2122e+07   108%     -   70s
     0     2 2.2122e+07    0  409 -2.644e+08 2.2122e+07   108%     -   74s
     3     8 2.2122e+07    2  420 -2.644e+08 2.2122e+07   108%   414   75s
H   86   112                    -2.11205e+08 2.2121e+07   110%   120   78s
   239   341 2.2115e+07    9  424 -2.112e+08 2.2121e+07   110%  98.2   80s
H  651   678                    -2.11195e+08 2.2121e+07   110%  74.5   83s
   677   751 2.2119e+07   12  417 -2.112e+08 2.2121e+07   110%  74.0   85s
  1298  1347 2.2117e+07   20  428 -2.112e+08 2.2121e+07   110%  66.4   90s
H 1350  1406                    -1.76357e+08 2.2121e+07   113%  66.0   92s
  1405  1454 2.2116e+07   22  429 -1.764e+08 2.2121e+07   113%  65.9   95s
  1453  1502 2.2116e+07   23  426 -1.764e+08 2.2121e+07   113%  65.4  103s
  1501  1550 2.2116e+07   24  428 -1.764e+08 2.2121e+07   113%  65.1  111s
  1549  1598 2.2116e+07   25  423 -1.764e+08 2.2121e+07   113%  64.8  121s
H 1551  1598                    -1.73660e+08 2.2121e+07   113%  64.8  121s
H 1554  1598                    -1.70105e+08 2.2121e+07   113%  64.7  121s
H 1556  1598                    -1.68095e+08 2.2121e+07   113%  64.7  121s
H 1569  1598                    -9.54018e+07 2.2121e+07   123%  64.7  121s
  2057  2218 2.2112e+07   36  421 -9.540e+07 2.2121e+07   123%  61.7  125s
  2690  2739 2.2110e+07   45  423 -9.540e+07 2.2121e+07   123%  58.3  130s
H 2692  2739                    -8.21884e+07 2.2121e+07   127%  58.3  130s
H 2704  2739                    -7.35440e+07 2.2121e+07   130%  58.3  130s
H 2706  2739                    -7.35393e+07 2.2121e+07   130%  58.3  130s
H 2733  2739                    -7.35239e+07 2.2121e+07   130%  57.9  130s
Created node file directory '/scratch-local/lbeemster.22620864/gurobi_stress_vol8.0_0.8_price_st_run0/grbnodes0'
  3201  3384 2.2108e+07   50  412 -7.352e+07 2.2121e+07   130%  55.8  136s
  3917  4144 2.2107e+07   66  374 -7.352e+07 2.2121e+07   130%  51.6  142s
  4143  4391 2.2107e+07   72  376 -7.352e+07 2.2121e+07   130%  50.2  145s
H 4182  4385                    -5.16669e+07 2.2121e+07   143%  50.3  145s
H 4334  4385                    -5.16665e+07 2.2121e+07   143%  49.9  145s
  5058  5325 2.2105e+07   88  374 -5.167e+07 2.2121e+07   143%  47.3  151s
H 5359  5588                    -5.16664e+07 2.2121e+07   143%  46.8  152s
H 5509  5588                    -5.16647e+07 2.2121e+07   143%  46.5  152s
  5940  6274 2.2101e+07  103  369 -5.166e+07 2.2121e+07   143%  45.3  156s
  6356  6370 2.2101e+07  112  358 -5.166e+07 2.2121e+07   143%  44.1  168s
H 6357  6362                    -2.79156e+07 2.2121e+07   179%  44.1  168s
H 6358  6361                    -2.46396e+07 2.2121e+07   190%  44.0  168s
H 6369  6210                    -5017913.843 2.2121e+07   541%  44.1  168s
H 6385  6208                    2.197440e+07 2.2121e+07  0.67%  44.0  168s
  6814  6913 2.2099e+07  119  354 2.1974e+07 2.2121e+07  0.67%  43.9  171s
  7671  7639 2.2097e+07  128  340 2.1974e+07 2.2121e+07  0.67%  42.3  178s
H 7734  7639                    2.197729e+07 2.2121e+07  0.65%  42.1  178s
  7957  8111 2.2095e+07  129  335 2.1977e+07 2.2121e+07  0.65%  41.8  180s
  8917  8953 2.2095e+07  142  302 2.1977e+07 2.2121e+07  0.65%  39.8  186s
  9857 10129 2.2093e+07  159  263 2.1977e+07 2.2121e+07  0.65%  38.0  191s
 11128 11533 2.2093e+07  192  269 2.1977e+07 2.2121e+07  0.65%  35.5  197s
 11881 12288 2.2093e+07  207  266 2.1977e+07 2.2121e+07  0.65%  33.9  200s
 12652 13094 2.2093e+07  222  265 2.1977e+07 2.2121e+07  0.65%  32.6  205s
 14254 14577 2.2093e+07  248  260 2.1977e+07 2.2121e+07  0.65%  30.1  213s
 14943 15192 2.2093e+07  259  261 2.1977e+07 2.2121e+07  0.65%  29.6  217s
 15558 16090 2.2093e+07  271  261 2.1977e+07 2.2121e+07  0.65%  29.1  221s
 17321 17684 2.2092e+07  310  253 2.1977e+07 2.2121e+07  0.65%  27.8  228s
H18196 17679                    2.197948e+07 2.2121e+07  0.64%  27.4  245s
H18196 17546                    2.199347e+07 2.2121e+07  0.58%  27.4  247s
H18196 17540                    2.199567e+07 2.2121e+07  0.57%  27.4  250s
 18197 17487 2.2095e+07  291  409 2.1996e+07 2.2121e+07  0.57%  27.4  270s
H18198 16613                    2.199689e+07 2.2120e+07  0.56%  27.4  398s
H18198 15782                    2.199689e+07 2.2120e+07  0.56%  27.4  398s
H18198 14993                    2.199813e+07 2.2120e+07  0.56%  27.4  398s
H18198 14244                    2.200401e+07 2.2120e+07  0.53%  27.4  398s
H18198 13531                    2.201303e+07 2.2120e+07  0.49%  27.4  398s
H18198 12855                    2.201328e+07 2.2120e+07  0.49%  27.4  398s
H18198 12212                    2.201777e+07 2.2120e+07  0.47%  27.4  398s
H18198 11601                    2.201782e+07 2.2120e+07  0.47%  27.4  398s
H18198 11021                    2.201783e+07 2.2120e+07  0.47%  27.4  398s
 18200 11022 2.2089e+07   11  389 2.2018e+07 2.2089e+07  0.32%  27.4  404s
 18201 11023 2.2089e+07   10  342 2.2018e+07 2.2089e+07  0.32%  27.4  405s
H18207 10476                    2.201834e+07 2.2089e+07  0.32%  27.4  449s
H18207  9952                    2.202257e+07 2.2089e+07  0.30%  27.4  449s
H18207  9454                    2.202379e+07 2.2089e+07  0.30%  27.4  449s
 18209  9455 2.2088e+07   26  386 2.2024e+07 2.2088e+07  0.29%  27.4  451s
H18211  8983                    2.202555e+07 2.2088e+07  0.29%  27.4  500s
H18211  8534                    2.202763e+07 2.2088e+07  0.28%  27.4  500s
H18214  8108                    2.202795e+07 2.2088e+07  0.27%  27.4  540s
H18214  7703                    2.203156e+07 2.2088e+07  0.26%  27.4  540s
H18214  7317                    2.203444e+07 2.2088e+07  0.24%  27.4  540s
H18214  6951                    2.203467e+07 2.2088e+07  0.24%  27.4  540s
 18218  6954 2.2088e+07   20  359 2.2035e+07 2.2088e+07  0.24%  27.4  569s
 18219  6955 2.2088e+07   14  344 2.2035e+07 2.2088e+07  0.24%  27.4  572s
 18221  6956 2.2088e+07   32  338 2.2035e+07 2.2088e+07  0.24%  27.4  614s
H18221  6608                    2.203468e+07 2.2088e+07  0.24%  27.4  618s
 18224  6610 2.2088e+07   31  343 2.2035e+07 2.2088e+07  0.24%  27.4  664s
 18225  6611 2.2088e+07   29  337 2.2035e+07 2.2088e+07  0.24%  27.4  666s
H18225  6280                    2.203816e+07 2.2088e+07  0.23%  27.4  697s
H18226  5965                    2.203967e+07 2.2088e+07  0.22%  27.4  702s
 18228  5967 2.2088e+07   32  332 2.2040e+07 2.2088e+07  0.22%  27.4  743s
 18229  5967 2.2088e+07   66  338 2.2040e+07 2.2088e+07  0.22%  27.4  746s
H18229  5668                    2.203970e+07 2.2088e+07  0.22%  27.4  780s
H18235  5390                    2.204078e+07 2.2088e+07  0.21%  30.5  865s
H18235  5120                    2.204081e+07 2.2088e+07  0.21%  30.5  865s
H18235  4864                    2.204126e+07 2.2087e+07  0.21%  30.5  865s
 18237  4865 2.2070e+07  311  349 2.2041e+07 2.2087e+07  0.21%  30.5  870s
 18241  4868 2.2087e+07   16  382 2.2041e+07 2.2087e+07  0.21%  30.5  875s
H18242  4625                    2.204192e+07 2.2086e+07  0.20%  30.5  910s
H18242  4393                    2.204380e+07 2.2086e+07  0.19%  30.5  910s

Cutting planes:
  Gomory: 19
  Cover: 34
  Implied bound: 187
  MIR: 806
  Flow cover: 840
  Relax-and-lift: 391

Explored 18242 nodes (669494 simplex iterations) in 910.51 seconds (1116.64 work units)
Thread count was 48 (of 192 available processors)

Solution count 10: 2.20438e+07 2.20419e+07 2.20413e+07 ... 2.20344e+07

Optimal solution found (tolerance 2.00e-03)
Best objective 2.204379798185e+07, best bound 2.208586430937e+07, gap 0.1908%
Deleted nodefile directory: /scratch-local/lbeemster.22620864/gurobi_stress_vol8.0_0.8_price_st_run0
Saved model snapshot to study_case_model/figures/volatility_stress/07052026/vol8.0_0.8_price_st/sub0.0/run0/model_snapshot.pkl
  Objective: 22043797.98
  Avg H2 production: 0.004846921362790255
  Scenario obj std: 2557990.8165570474
  CVaR 5%: 17655350.924175546
  Worst scenario: 17580018.284045044

============================================================
Volatility multiplier: 16.0x
============================================================
Read LP format model from file /scratch-local/lbeemster.22620864/tmpu0yx5jo8.pyomo.lp
Reading time = 0.78 seconds
x1: 178177 rows, 50626 columns, 1021376 nonzeros
Set parameter OutputFlag to value 1
Set parameter MIPGap to value 0.002
Set parameter Threads to value 48
Set parameter Presolve to value 1
Set parameter Cuts to value 1
Set parameter NodefileStart to value 1
Set parameter NodefileDir to value "/scratch-local/lbeemster.22620864/gurobi_stress_vol16.0_0.8_price_st_run0"
Set parameter MemLimit to value 60
Gurobi Optimizer version 12.0.3 build v12.0.3rc0 (linux64 - "Red Hat Enterprise Linux 9.6 (Plow)")

CPU model: AMD EPYC 9654 96-Core Processor, instruction set [SSE2|AVX|AVX2|AVX512]
Thread count: 192 physical cores, 192 logical processors, using up to 48 threads

Non-default parameters:
MemLimit  60
MIPGap  0.002
NodefileStart  1
Cuts  1
Presolve  1
Threads  48

Academic license 2514514 - for non-commercial use only - registered to l.___@student.vu.nl
Optimize a model with 178177 rows, 50626 columns and 1021376 nonzeros
Model fingerprint: 0x69bbb36d
Variable types: 40002 continuous, 10624 integer (10624 binary)
Coefficient statistics:
  Matrix range     [1e-06, 1e+05]
  Objective range  [2e+00, 3e+04]
  Bounds range     [1e+00, 1e+00]
  RHS range        [3e-01, 2e+05]
Presolve removed 34049 rows and 14166 columns
Presolve time: 1.74s
Presolved: 144128 rows, 36460 columns, 945973 nonzeros
Variable types: 28012 continuous, 8448 integer (8448 binary)
Found heuristic solution: objective -5.61270e+09

Deterministic concurrent LP optimizer: primal simplex, dual simplex, and barrier
Showing barrier log only...

Root barrier log...

Ordering time: 2.46s

Barrier statistics:
 AA' NZ     : 1.286e+07
 Factor NZ  : 1.434e+07 (roughly 200 MB of memory)
 Factor Ops : 2.150e+09 (less than 1 second per iteration)
 Threads    : 46

                  Objective                Residual
Iter       Primal          Dual         Primal    Dual     Compl     Time
   0  -3.00449896e+12  1.66237898e+14  3.09e+05 3.68e+04  1.75e+10     7s
   1  -1.87893240e+12  1.04802928e+14  1.75e+05 2.84e+05  7.64e+09     7s
   2  -5.45095336e+11  6.97381225e+13  4.78e+04 1.11e+04  2.11e+09     7s
   3  -4.70793025e+10  1.98303261e+13  3.19e+03 1.37e+01  2.01e+08     7s
   4  -1.51809941e+10  5.21363443e+12  4.88e+02 2.34e-07  3.83e+07     7s
   5  -1.00530786e+10  1.41055660e+12  1.04e+02 1.33e-07  9.03e+06     7s
   6  -3.83020777e+09  6.53654623e+11  4.05e+01 7.03e-08  3.87e+06     7s
   7  -1.96458872e+09  4.23656656e+11  2.18e+01 3.59e-08  2.41e+06     7s
   8  -8.50792867e+08  2.11673212e+11  9.28e+00 2.36e-08  1.17e+06     7s
   9  -1.38120266e+08  9.37957962e+10  1.17e+00 7.39e-09  4.75e+05     7s
  10  -1.16204388e+07  2.12969669e+10  1.05e-01 4.18e-09  1.05e+05     8s
  11   3.59169592e+06  9.60014353e+09  1.59e-02 2.68e-09  4.72e+04     8s

Barrier performed 11 iterations in 7.58 seconds (5.60 work units)
Barrier solve interrupted - model solved by another algorithm

Concurrent spin time: 2.00s (can be avoided by choosing Method=3)

Solved with primal simplex

Root relaxation: objective 2.286891e+07, 54803 iterations, 4.58 seconds (2.91 work units)

    Nodes    |    Current Node    |     Objective Bounds      |     Work
 Expl Unexpl |  Obj  Depth IntInf | Incumbent    BestBd   Gap | It/Node Time

     0     0 2.2869e+07    0  449 -5.613e+09 2.2869e+07   100%     -    9s
H    0     0                    -2.41267e+09 2.2869e+07   101%     -   10s
H    0     0                    -2.39844e+09 2.2869e+07   101%     -   12s
     0     0 2.2834e+07    0  580 -2.398e+09 2.2834e+07   101%     -   14s
     0     0 2.2834e+07    0  599 -2.398e+09 2.2834e+07   101%     -   15s
     0     0 2.2834e+07    0  608 -2.398e+09 2.2834e+07   101%     -   15s
     0     0 2.2820e+07    0  592 -2.398e+09 2.2820e+07   101%     -   17s
     0     0 2.2820e+07    0  594 -2.398e+09 2.2820e+07   101%     -   18s
     0     0 2.2820e+07    0  596 -2.398e+09 2.2820e+07   101%     -   18s
     0     0 2.2807e+07    0  509 -2.398e+09 2.2807e+07   101%     -   21s
     0     0 2.2807e+07    0  519 -2.398e+09 2.2807e+07   101%     -   23s
     0     0 2.2807e+07    0  520 -2.398e+09 2.2807e+07   101%     -   23s
     0     0 2.2807e+07    0  524 -2.398e+09 2.2807e+07   101%     -   23s
     0     0 2.2807e+07    0  524 -2.398e+09 2.2807e+07   101%     -   23s
     0     0 2.2781e+07    0  488 -2.398e+09 2.2781e+07   101%     -   26s
H    0     0                    -1.96486e+09 2.2781e+07   101%     -   27s
     0     0 2.2780e+07    0  500 -1.965e+09 2.2780e+07   101%     -   28s
     0     0 2.2780e+07    0  504 -1.965e+09 2.2780e+07   101%     -   28s
     0     0 2.2780e+07    0  508 -1.965e+09 2.2780e+07   101%     -   28s
     0     0 2.2769e+07    0  446 -1.965e+09 2.2769e+07   101%     -   31s
H    0     0                    -1.53347e+09 2.2769e+07   101%     -   32s
     0     0 2.2769e+07    0  463 -1.533e+09 2.2769e+07   101%     -   32s
     0     0 2.2769e+07    0  487 -1.533e+09 2.2769e+07   101%     -   32s
     0     0 2.2769e+07    0  491 -1.533e+09 2.2769e+07   101%     -   33s
     0     0 2.2769e+07    0  491 -1.533e+09 2.2769e+07   101%     -   33s
     0     0 2.2760e+07    0  473 -1.533e+09 2.2760e+07   101%     -   35s
     0     0 2.2760e+07    0  505 -1.533e+09 2.2760e+07   101%     -   35s
     0     0 2.2760e+07    0  508 -1.533e+09 2.2760e+07   101%     -   36s
     0     0 2.2760e+07    0  506 -1.533e+09 2.2760e+07   101%     -   36s
     0     0 2.2759e+07    0  491 -1.533e+09 2.2759e+07   101%     -   38s
H    0     0                    -1.43468e+09 2.2759e+07   102%     -   39s
     0     0 2.2759e+07    0  511 -1.435e+09 2.2759e+07   102%     -   39s
     0     0 2.2759e+07    0  509 -1.435e+09 2.2759e+07   102%     -   39s
     0     0 2.2759e+07    0  513 -1.435e+09 2.2759e+07   102%     -   40s
     0     0 2.2758e+07    0  496 -1.435e+09 2.2758e+07   102%     -   42s
     0     0 2.2758e+07    0  505 -1.435e+09 2.2758e+07   102%     -   42s
     0     0 2.2758e+07    0  503 -1.435e+09 2.2758e+07   102%     -   42s
     0     0 2.2758e+07    0  506 -1.435e+09 2.2758e+07   102%     -   43s
H    0     0                    -9.76884e+08 2.2758e+07   102%     -   44s
     0     0 2.2758e+07    0  505 -9.769e+08 2.2758e+07   102%     -   44s
     0     0 2.2758e+07    0  505 -9.769e+08 2.2758e+07   102%     -   46s
     0     0 2.2758e+07    0  485 -9.769e+08 2.2758e+07   102%     -   51s
H    0     0                    -5.25926e+08 2.2758e+07   104%     -   54s
H    0     0                    -5.12836e+08 2.2758e+07   104%     -   63s
H    0     0                    -4.91967e+08 2.2758e+07   105%     -   65s
H    0     0                    -4.74000e+08 2.2758e+07   105%     -   69s
H    0     0                    -4.23403e+08 2.2758e+07   105%     -   70s
H    0     0                    -4.23197e+08 2.2758e+07   105%     -   74s
H    0     0                    -3.76793e+08 2.2758e+07   106%     -   74s
H    0     0                    -3.51290e+08 2.2758e+07   106%     -   75s
H    0     0                    -3.51287e+08 2.2758e+07   106%     -   75s
H    0     0                    -3.51283e+08 2.2758e+07   106%     -   75s
H    0     0                    -3.51282e+08 2.2758e+07   106%     -   75s
H    0     2                    -3.19644e+08 2.2758e+07   107%     -   81s
     0     2 2.2758e+07    0  479 -3.196e+08 2.2758e+07   107%     -   81s
H   58    64                    -3.19644e+08 2.2758e+07   107%   185   84s
    63   112 2.2758e+07    6  502 -3.196e+08 2.2758e+07   107%   183   85s
   583   658 2.2758e+07   17  473 -3.196e+08 2.2758e+07   107%  98.0   90s
   657   754 2.2758e+07   18  473 -3.196e+08 2.2758e+07   107%  92.4   95s
H  696   754                    -2.99904e+08 2.2758e+07   108%  89.8   95s
H  708   754                    -2.28772e+08 2.2758e+07   110%  88.7   95s
  1282  2004 2.2756e+07   24  465 -2.288e+08 2.2758e+07   110%  80.2  100s
  2003  2052 2.2756e+07   29  462 -2.288e+08 2.2758e+07   110%  71.7  105s
  2051  2100 2.2757e+07   30  464 -2.288e+08 2.2758e+07   110%  71.5  116s
  2099  2148 2.2757e+07   31  462 -2.288e+08 2.2758e+07   110%  71.1  123s
H 2138  2148                    -1.86525e+08 2.2758e+07   112%  70.8  123s
H 2147  2667                    -1.57507e+08 2.2758e+07   114%  70.9  128s
H 2162  2667                    -1.42083e+08 2.2758e+07   116%  70.6  128s
H 2238  2667                    -1.27569e+08 2.2758e+07   118%  70.0  128s
  2666  4121 2.2756e+07   39  442 -1.276e+08 2.2758e+07   118%  66.3  134s
  4120  5169 2.2755e+07   53  435 -1.276e+08 2.2758e+07   118%  60.2  140s
H 4277  4987                    -4.67950e+07 2.2758e+07   149%  60.1  140s
  5168  6217 2.2754e+07   64  433 -4.680e+07 2.2758e+07   149%  54.9  145s
H 6551  6215                    -4.03323e+07 2.2758e+07   156%  51.5  154s
H 6553  6215                    -3.96737e+07 2.2758e+07   157%  51.5  154s
H 6554  6192                    -3.62140e+07 2.2758e+07   163%  51.5  154s
H 6560  6190                    -3.22779e+07 2.2758e+07   171%  51.5  154s
H 6572  5795                    -2.49290e+07 2.2758e+07   191%  51.5  154s
  6599  6960 2.2753e+07   86  420 -2.493e+07 2.2758e+07   191%  51.6  158s
  7819  7649 2.2751e+07  105  396 -2.493e+07 2.2758e+07   191%  51.3  164s
H 7897  7649                    -2.49199e+07 2.2758e+07   191%  51.2  164s
H 7900  7338                    -1.04175e+07 2.2758e+07   318%  51.2  164s
  8517  8426 2.2750e+07  126  319 -1.042e+07 2.2758e+07   318%  50.3  170s
 11094 11011 2.2745e+07  161  254 -1.042e+07 2.2758e+07   318%  45.3  178s
 12341 12287 2.2721e+07  186  255 -1.042e+07 2.2758e+07   318%  43.1  182s
 13617 13526 2.2723e+07  210  256 -1.042e+07 2.2758e+07   318%  40.6  186s
 14856 14703 2.2708e+07  232  247 -1.042e+07 2.2758e+07   318%  38.3  190s
 17096 16797 1.1392e+07  274  244 -1.042e+07 2.2758e+07   318%  35.2  197s
H18128 13799                    2.241521e+07 2.2758e+07  1.53%  34.0  217s
H18128 13799                    2.247925e+07 2.2758e+07  1.24%  34.0  218s
H18128 13799                    2.251249e+07 2.2758e+07  1.09%  34.0  219s
H18128 13799                    2.252016e+07 2.2758e+07  1.06%  34.0  220s
 18129 13611 2.2748e+07  121  485 2.2520e+07 2.2758e+07  1.06%  34.0  243s
H18130 12931                    2.259168e+07 2.2755e+07  0.72%  34.0  359s
H18130 12284                    2.260209e+07 2.2755e+07  0.67%  34.0  359s
H18130 11670                    2.260493e+07 2.2755e+07  0.66%  34.0  359s
H18130 11087                    2.260495e+07 2.2755e+07  0.66%  34.0  359s
H18130 10532                    2.261121e+07 2.2755e+07  0.63%  34.0  359s
H18130 10006                    2.261183e+07 2.2755e+07  0.63%  34.0  359s
H18130  9505                    2.261363e+07 2.2755e+07  0.62%  34.0  359s
H18130  9030                    2.261486e+07 2.2755e+07  0.62%  34.0  359s
H18130  8578                    2.261535e+07 2.2755e+07  0.62%  34.0  359s
H18130  8150                    2.261685e+07 2.2755e+07  0.61%  34.0  359s
H18130  7742                    2.261772e+07 2.2723e+07  0.46%  34.0  359s
H18130  7355                    2.261902e+07 2.2723e+07  0.46%  34.0  359s
H18130  6987                    2.262719e+07 2.2723e+07  0.42%  34.0  359s
H18130  6638                    2.263139e+07 2.2723e+07  0.40%  34.0  359s
H18130  6306                    2.264592e+07 2.2723e+07  0.34%  34.0  359s
H18130  5991                    2.266074e+07 2.2723e+07  0.27%  34.0  359s
H18130  5691                    2.266531e+07 2.2723e+07  0.25%  34.0  359s
H18130  5406                    2.266753e+07 2.2723e+07  0.24%  34.0  359s
H18130  5136                    2.267044e+07 2.2723e+07  0.23%  34.0  360s
H18130  4879                    2.267250e+07 2.2723e+07  0.22%  34.0  360s
H18130  4635                    2.268834e+07 2.2723e+07  0.15%  34.0  360s
H18130  4403                    2.269203e+07 2.2723e+07  0.14%  34.0  360s

Cutting planes:
  Cover: 19
  Implied bound: 119
  MIR: 546
  Flow cover: 362
  Relax-and-lift: 273

Explored 18130 nodes (735861 simplex iterations) in 360.38 seconds (451.11 work units)
Thread count was 48 (of 192 available processors)

Solution count 10: 2.2692e+07 2.26883e+07 2.26725e+07 ... 2.26272e+07

Optimal solution found (tolerance 2.00e-03)
Best objective 2.269203487241e+07, best bound 2.272287690167e+07, gap 0.1359%
Deleted nodefile directory: /scratch-local/lbeemster.22620864/gurobi_stress_vol16.0_0.8_price_st_run0
Saved model snapshot to study_case_model/figures/volatility_stress/07052026/vol16.0_0.8_price_st/sub0.0/run0/model_snapshot.pkl
  Objective: 22692034.87
  Avg H2 production: 0.0
  Scenario obj std: 4593292.071131801
  CVaR 5%: 15082714.104299726
  Worst scenario: 15082714.104299722

Results saved to study_case_model/figures/volatility_stress/07052026/stress_test_results_0_0.8_price_shock_st_0_.csv

================================================================================
STRESS TEST SUMMARY
================================================================================
    1.0x vol: obj= 21554408.52, loss=0.0%, H2=    0.00, CVaR5=20255337.246936943
    2.0x vol: obj= 21624757.74, loss=-0.3%, H2=    0.00, CVaR5=19898154.13764672
    4.0x vol: obj= 21756834.34, loss=-0.9%, H2=    0.00, CVaR5=19195461.577307757
    8.0x vol: obj= 22043797.98, loss=-2.3%, H2=    0.00, CVaR5=17655350.924175546
   16.0x vol: obj= 22692034.87, loss=-5.3%, H2=    0.00, CVaR5=15082714.104299726

Finished stress test!
