Gurobi shell based on Python 3.13.1 can be launched with command `gurobi.sh`
Gurobi Python Interface can be loaded in Python 3.13.1 with 'import gurobipy'
/var/spool/slurm/slurmd/job22625582/slurm_script: line 24: activate: No such file or directory
Stress test configuration:
  Volatility multipliers: [1.0, 2.0, 4.0, 8.0, 16.0]
  Shock type: price_st
  Price Correlated shocks: 0.4
  Subsidy: 30.0 EUR/MWh
  Deviation allowance: 0.0

============================================================
Volatility multiplier: 1.0x
============================================================
Read LP format model from file /scratch-local/lbeemster.22625582/tmpnr0zamln.pyomo.lp
Reading time = 0.72 seconds
x1: 178177 rows, 50626 columns, 1021376 nonzeros
Set parameter OutputFlag to value 1
Set parameter MIPGap to value 0.002
Set parameter Threads to value 48
Set parameter Presolve to value 1
Set parameter Cuts to value 1
Set parameter NodefileStart to value 1
Set parameter NodefileDir to value "/scratch-local/lbeemster.22625582/gurobi_stress_vol1.0_0.4_price_st_run2"
Set parameter MemLimit to value 60
Gurobi Optimizer version 12.0.3 build v12.0.3rc0 (linux64 - "Red Hat Enterprise Linux 9.6 (Plow)")

CPU model: AMD EPYC 9654 96-Core Processor, instruction set [SSE2|AVX|AVX2|AVX512]
Thread count: 192 physical cores, 192 logical processors, using up to 48 threads

Non-default parameters:
MemLimit  60
MIPGap  0.002
NodefileStart  1
Cuts  1
Presolve  1
Threads  48

Academic license 2514514 - for non-commercial use only - registered to l.___@student.vu.nl
Optimize a model with 178177 rows, 50626 columns and 1021376 nonzeros
Model fingerprint: 0xd7687ee1
Variable types: 40002 continuous, 10624 integer (10624 binary)
Coefficient statistics:
  Matrix range     [1e-06, 1e+05]
  Objective range  [2e+00, 3e+04]
  Bounds range     [1e+00, 1e+00]
  RHS range        [3e-01, 2e+05]
Presolve removed 34049 rows and 14166 columns
Presolve time: 1.66s
Presolved: 144128 rows, 36460 columns, 945973 nonzeros
Variable types: 28012 continuous, 8448 integer (8448 binary)
Found heuristic solution: objective -4.36158e+09

Deterministic concurrent LP optimizer: primal simplex, dual simplex, and barrier
Showing barrier log only...

Root barrier log...

Ordering time: 2.37s

Barrier statistics:
 AA' NZ     : 1.286e+07
 Factor NZ  : 1.434e+07 (roughly 200 MB of memory)
 Factor Ops : 2.150e+09 (less than 1 second per iteration)
 Threads    : 46

                  Objective                Residual
Iter       Primal          Dual         Primal    Dual     Compl     Time
   0  -3.00524495e+12  1.66219671e+14  3.09e+05 3.68e+04  1.75e+10     7s
   1  -1.87860792e+12  1.04791478e+14  1.75e+05 2.84e+05  7.64e+09     7s
   2  -5.43543784e+11  6.97282709e+13  4.78e+04 1.11e+04  2.11e+09     7s
   3  -4.52076345e+10  1.98203708e+13  3.19e+03 1.36e+01  2.01e+08     7s
   4  -1.37178141e+10  5.21756660e+12  5.09e+02 4.32e-07  3.89e+07     7s
   5  -8.32564838e+09  1.38927242e+12  1.23e+02 1.20e-07  9.31e+06     7s
   6  -3.23750598e+09  5.12753304e+11  4.20e+01 5.80e-08  3.17e+06     7s
   7  -1.47567584e+09  3.23942564e+11  2.27e+01 3.21e-08  1.91e+06     7s
   8  -5.25543038e+08  1.62699190e+11  7.69e+00 1.79e-08  8.99e+05     7s
   9  -1.02822800e+08  7.07831740e+10  1.03e+00 6.93e-09  3.60e+05     7s
  10  -4.06613194e+06  1.29261613e+10  7.28e-02 1.65e-08  6.39e+04     7s
  11   6.16226563e+06  1.93129985e+09  4.15e-03 5.36e-09  9.47e+03     7s

Barrier performed 11 iterations in 7.33 seconds (5.58 work units)
Barrier solve interrupted - model solved by another algorithm

Concurrent spin time: 1.88s (can be avoided by choosing Method=3)

Solved with primal simplex

Root relaxation: objective 2.207083e+07, 49260 iterations, 4.44 seconds (2.86 work units)

    Nodes    |    Current Node    |     Objective Bounds      |     Work
 Expl Unexpl |  Obj  Depth IntInf | Incumbent    BestBd   Gap | It/Node Time

     0     0 2.2071e+07    0  430 -4.362e+09 2.2071e+07   101%     -    8s
H    0     0                    -1.78001e+09 2.2071e+07   101%     -    9s
H    0     0                    -1.74918e+09 2.2071e+07   101%     -   11s
     0     0 2.2016e+07    0  558 -1.749e+09 2.2016e+07   101%     -   13s
     0     0 2.2016e+07    0  605 -1.749e+09 2.2016e+07   101%     -   14s
     0     0 2.1981e+07    0  546 -1.749e+09 2.1981e+07   101%     -   16s
     0     0 2.1981e+07    0  576 -1.749e+09 2.1981e+07   101%     -   17s
     0     0 2.1981e+07    0  579 -1.749e+09 2.1981e+07   101%     -   17s
     0     0 2.1951e+07    0  471 -1.749e+09 2.1951e+07   101%     -   20s
H    0     0                    -1.60780e+09 2.1950e+07   101%     -   21s
     0     0 2.1949e+07    0  475 -1.608e+09 2.1949e+07   101%     -   21s
     0     0 2.1948e+07    0  477 -1.608e+09 2.1948e+07   101%     -   22s
     0     0 2.1947e+07    0  480 -1.608e+09 2.1947e+07   101%     -   22s
     0     0 2.1947e+07    0  485 -1.608e+09 2.1947e+07   101%     -   22s
     0     0 2.1920e+07    0  494 -1.608e+09 2.1920e+07   101%     -   25s
H    0     0                    -1.54052e+09 2.1920e+07   101%     -   26s
     0     0 2.1919e+07    0  500 -1.541e+09 2.1919e+07   101%     -   26s
     0     0 2.1919e+07    0  502 -1.541e+09 2.1919e+07   101%     -   27s
     0     0 2.1893e+07    0  406 -1.541e+09 2.1893e+07   101%     -   29s
H    0     0                    -8.92957e+08 2.1893e+07   102%     -   31s
     0     0 2.1893e+07    0  410 -8.930e+08 2.1893e+07   102%     -   31s
     0     0 2.1893e+07    0  408 -8.930e+08 2.1893e+07   102%     -   31s
     0     0 2.1885e+07    0  403 -8.930e+08 2.1885e+07   102%     -   34s
     0     0 2.1885e+07    0  433 -8.930e+08 2.1885e+07   102%     -   35s
     0     0 2.1885e+07    0  428 -8.930e+08 2.1885e+07   102%     -   35s
     0     0 2.1885e+07    0  434 -8.930e+08 2.1885e+07   102%     -   36s
     0     0 2.1875e+07    0  370 -8.930e+08 2.1875e+07   102%     -   38s
H    0     0                    -7.47226e+08 2.1875e+07   103%     -   39s
     0     0 2.1875e+07    0  381 -7.472e+08 2.1875e+07   103%     -   39s
     0     0 2.1875e+07    0  378 -7.472e+08 2.1875e+07   103%     -   40s
     0     0 2.1874e+07    0  359 -7.472e+08 2.1874e+07   103%     -   42s
H    0     0                    -6.61819e+08 2.1874e+07   103%     -   43s
     0     0 2.1874e+07    0  362 -6.618e+08 2.1874e+07   103%     -   43s
     0     0 2.1874e+07    0  344 -6.618e+08 2.1874e+07   103%     -   44s
     0     0 2.1874e+07    0  341 -6.618e+08 2.1874e+07   103%     -   44s
     0     0 2.1874e+07    0  345 -6.618e+08 2.1874e+07   103%     -   46s
     0     0 2.1874e+07    0  342 -6.618e+08 2.1874e+07   103%     -   46s
     0     0 2.1874e+07    0  331 -6.618e+08 2.1874e+07   103%     -   46s
     0     0 2.1874e+07    0  331 -6.618e+08 2.1874e+07   103%     -   50s
H    0     0                    -4.21588e+08 2.1874e+07   105%     -   53s
H    0     0                    -4.09034e+08 2.1874e+07   105%     -   60s
H    0     0                    -2.42557e+08 2.1874e+07   109%     -   65s
     0     2 2.1874e+07    0  331 -2.426e+08 2.1874e+07   109%     -   77s
    31    64 2.1862e+07    5  331 -2.426e+08 2.1874e+07   109%   170   80s
   486   556 2.1856e+07   12  328 -2.426e+08 2.1874e+07   109%  62.0   85s
  1548  1663 2.1856e+07   30  298 -2.426e+08 2.1874e+07   109%  40.3   90s
  1971  2020 2.1856e+07   37  300 -2.426e+08 2.1874e+07   109%  35.8  107s
H 1976  2020                    -2.14835e+08 2.1874e+07   110%  35.8  107s
H 1979  2020                    -2.14813e+08 2.1874e+07   110%  35.9  107s
H 1991  2020                    -2.14812e+08 2.1874e+07   110%  35.8  107s
H 2032  2068                    -2.14812e+08 2.1874e+07   110%  35.4  108s
H 2046  2068                    -2.14812e+08 2.1874e+07   110%  35.2  108s
  2209  2266 2.1856e+07   42  296 -2.148e+08 2.1874e+07   110%  34.9  110s
H 2247  2266                    -2.14812e+08 2.1874e+07   110%  34.8  110s
Created node file directory '/scratch-local/lbeemster.22625582/gurobi_stress_vol1.0_0.4_price_st_run2/grbnodes0'
  3083  3278 2.1856e+07   49  295 -2.148e+08 2.1874e+07   110%  32.7  115s
H 3413  3587                    -1.90832e+08 2.1874e+07   111%  31.1  118s
H 3453  3587                    -1.79642e+08 2.1874e+07   112%  30.9  118s
H 3483  3587                    -1.61415e+08 2.1874e+07   114%  30.7  118s
H 3617  3682                    -1.33670e+08 2.1874e+07   116%  30.1  119s
  3686  3847 2.1856e+07   64  294 -1.337e+08 2.1874e+07   116%  29.8  120s
  4689  4838 6835722.28   83  291 -1.337e+08 2.1874e+07   116%  26.7  126s
  4851  4904 2.1855e+07   83  295 -1.337e+08 2.1874e+07   116%  26.8  132s
H 4927  5015                    -1.28108e+08 2.1874e+07   117%  26.9  134s
H 4973  5015                    -1.05769e+08 2.1874e+07   121%  26.9  134s
  5028  5320 2.1852e+07   85  291 -1.058e+08 2.1874e+07   121%  26.8  135s
  6070  6138 2.1852e+07  106  259 -1.058e+08 2.1874e+07   121%  24.3  142s
  6544  6870 2.1852e+07  116  235 -1.058e+08 2.1874e+07   121%  23.8  146s
  7330  7698 2.1850e+07  131  223 -1.058e+08 2.1874e+07   121%  23.2  150s
  8510  8890 2.1850e+07  152  220 -1.058e+08 2.1874e+07   121%  21.4  155s
  9351  9771 2.1850e+07  167  221 -1.058e+08 2.1874e+07   121%  20.4  161s
 10377 10778 2.1850e+07  190  220 -1.058e+08 2.1874e+07   121%  19.6  165s
 11378 11374 2.1839e+07  212  214 -1.058e+08 2.1874e+07   121%  19.0  171s
 11426 11422 2.1839e+07  213  211 -1.058e+08 2.1874e+07   121%  18.9  179s
H11427 11412                    -7.31745e+07 2.1874e+07   130%  18.9  179s
H11428 11412                    -6.25916e+07 2.1874e+07   135%  18.9  179s
H11435 11412                    -6.09219e+07 2.1874e+07   136%  18.9  179s
H11437 11412                    -5.89395e+07 2.1874e+07   137%  18.9  179s
H11440 11264                    -3.40193e+07 2.1874e+07   164%  18.9  179s
 11474 11831 2.1839e+07  214  211 -3.402e+07 2.1874e+07   164%  18.9  181s
 12623 12581 2.1829e+07  238  206 -3.402e+07 2.1873e+07   164%  19.7  188s
H12637 12092                    -1.73069e+07 2.1873e+07   226%  19.6  188s
 12871 12648 2.1829e+07  252  205 -1.731e+07 2.1873e+07   226%  19.6  191s
 14136 13591 2.1828e+07  273  201 -1.731e+07 2.1873e+07   226%  19.5  197s
H14242 13591                    -1.58753e+07 2.1873e+07   238%  19.4  197s
 14488 14362 2.1828e+07  274  203 -1.588e+07 2.1873e+07   238%  19.5  201s
 16013 15881 2.1817e+07  303  200 -1.588e+07 2.1873e+07   238%  19.1  207s
 16788 16387 2.1817e+07  317  197 -1.588e+07 2.1873e+07   238%  19.1  211s
 17298 16873 2.1817e+07  325  197 -1.588e+07 2.1873e+07   238%  19.0  216s
H17342 16873                    -1.58738e+07 2.1873e+07   238%  19.0  216s
H17725 16873                    -1.58651e+07 2.1873e+07   238%  18.8  216s
H17784 16873                    -1.49084e+07 2.1873e+07   247%  18.8  241s
H17784 16793                    -9350110.507 2.1873e+07   334%  18.8  242s
H17784 13075                    2.170794e+07 2.1873e+07  0.76%  18.8  244s
H17784 13075                    2.171641e+07 2.1873e+07  0.72%  18.8  245s
H17784 13075                    2.172769e+07 2.1873e+07  0.67%  18.8  245s
H17784 12567                    2.181082e+07 2.1873e+07  0.29%  18.8  245s
H17784 12399                    2.182038e+07 2.1873e+07  0.24%  18.8  247s
H17784 12393                    2.182102e+07 2.1873e+07  0.24%  18.8  247s
H17784 12393                    2.182213e+07 2.1873e+07  0.23%  18.8  249s
H17784 12369                    2.182547e+07 2.1873e+07  0.22%  18.8  249s
 17785 12185 2.1868e+07   36  331 2.1825e+07 2.1873e+07  0.22%  18.8  264s

Explored 17786 nodes (445623 simplex iterations) in 266.43 seconds (306.58 work units)
Thread count was 48 (of 192 available processors)

Solution count 10: 2.18255e+07 2.18255e+07 2.18221e+07 ... -9.35011e+06

Optimal solution found (tolerance 2.00e-03)
Best objective 2.182546506632e+07, best bound 2.186772955613e+07, gap 0.1936%
Deleted nodefile directory: /scratch-local/lbeemster.22625582/gurobi_stress_vol1.0_0.4_price_st_run2
Saved model snapshot to study_case_model/figures/volatility_stress/07052026/vol1.0_0.4_price_st/sub30.0/run2/model_snapshot.pkl
  Objective: 21825465.07
  Avg H2 production: 0.2996575342465754
  Scenario obj std: 1159548.8099613814
  CVaR 5%: 19922558.59894535
  Worst scenario: 19922558.59894534

============================================================
Volatility multiplier: 2.0x
============================================================
Read LP format model from file /scratch-local/lbeemster.22625582/tmpcjdk6_u_.pyomo.lp
Reading time = 4.37 seconds
x1: 178177 rows, 50626 columns, 1021376 nonzeros
Set parameter OutputFlag to value 1
Set parameter MIPGap to value 0.002
Set parameter Threads to value 48
Set parameter Presolve to value 1
Set parameter Cuts to value 1
Set parameter NodefileStart to value 1
Set parameter NodefileDir to value "/scratch-local/lbeemster.22625582/gurobi_stress_vol2.0_0.4_price_st_run2"
Set parameter MemLimit to value 60
Gurobi Optimizer version 12.0.3 build v12.0.3rc0 (linux64 - "Red Hat Enterprise Linux 9.6 (Plow)")

CPU model: AMD EPYC 9654 96-Core Processor, instruction set [SSE2|AVX|AVX2|AVX512]
Thread count: 192 physical cores, 192 logical processors, using up to 48 threads

Non-default parameters:
MemLimit  60
MIPGap  0.002
NodefileStart  1
Cuts  1
Presolve  1
Threads  48

Academic license 2514514 - for non-commercial use only - registered to l.___@student.vu.nl
Optimize a model with 178177 rows, 50626 columns and 1021376 nonzeros
Model fingerprint: 0xc3c25265
Variable types: 40002 continuous, 10624 integer (10624 binary)
Coefficient statistics:
  Matrix range     [1e-06, 1e+05]
  Objective range  [2e+00, 3e+04]
  Bounds range     [1e+00, 1e+00]
  RHS range        [3e-01, 2e+05]
Presolve removed 34049 rows and 14166 columns
Presolve time: 1.73s
Presolved: 144128 rows, 36460 columns, 945973 nonzeros
Variable types: 28012 continuous, 8448 integer (8448 binary)
Found heuristic solution: objective -4.36158e+09

Deterministic concurrent LP optimizer: primal simplex, dual simplex, and barrier
Showing barrier log only...

Root barrier log...

Ordering time: 2.36s

Barrier statistics:
 AA' NZ     : 1.286e+07
 Factor NZ  : 1.434e+07 (roughly 200 MB of memory)
 Factor Ops : 2.150e+09 (less than 1 second per iteration)
 Threads    : 46

                  Objective                Residual
Iter       Primal          Dual         Primal    Dual     Compl     Time
   0  -3.00524500e+12  1.66219671e+14  3.09e+05 3.68e+04  1.75e+10     7s
   1  -1.87860795e+12  1.04791478e+14  1.75e+05 2.84e+05  7.64e+09     7s
   2  -5.43543792e+11  6.97282707e+13  4.78e+04 1.11e+04  2.11e+09     7s
   3  -4.52076353e+10  1.98203707e+13  3.19e+03 1.36e+01  2.01e+08     7s
   4  -1.37178155e+10  5.21756652e+12  5.09e+02 2.35e-07  3.89e+07     7s
   5  -8.32565004e+09  1.38927042e+12  1.23e+02 1.01e-07  9.31e+06     7s
   6  -3.23750262e+09  5.12752544e+11  4.20e+01 3.91e-08  3.17e+06     7s
   7  -1.47567497e+09  3.23942254e+11  2.27e+01 3.07e-08  1.91e+06     7s
   8  -5.25545277e+08  1.62698261e+11  7.69e+00 1.17e-08  8.99e+05     7s
   9  -1.02825161e+08  7.07789120e+10  1.03e+00 7.80e-09  3.59e+05     7s
  10  -4.06855230e+06  1.29258335e+10  7.28e-02 1.09e-08  6.39e+04     7s
  11   6.16010125e+06  1.93111240e+09  4.15e-03 3.03e-09  9.47e+03     7s
  12   8.28797237e+06  8.90611840e+08  1.63e-06 1.33e-09  4.34e+03     7s
  13   9.57035699e+06  3.18752429e+08  9.43e-07 9.31e-10  1.52e+03     7s
  14   1.27075938e+07  1.42539800e+08  4.07e-07 6.98e-10  6.38e+02     8s
  15   1.48388488e+07  1.00985795e+08  2.78e-07 4.66e-10  4.23e+02     8s
  16   1.94665556e+07  5.82954859e+07  9.75e-08 4.66e-10  1.91e+02     8s
  17   2.06569730e+07  3.50689479e+07  5.76e-08 4.66e-10  7.08e+01     8s
  18   2.12031409e+07  2.92455210e+07  2.78e-08 4.66e-10  3.95e+01     8s
  19   2.14131697e+07  2.50294982e+07  2.00e-08 4.66e-10  1.78e+01     8s
  20   2.16153873e+07  2.38362482e+07  1.34e-08 4.66e-10  1.09e+01     8s
  21   2.17498277e+07  2.31539365e+07  8.27e-09 4.66e-10  6.90e+00     8s
  22   2.18249992e+07  2.26076801e+07  8.47e-09 4.66e-10  3.84e+00     8s
  23   2.19032708e+07  2.23578088e+07  1.90e-08 4.66e-10  2.23e+00     8s
  24   2.19315156e+07  2.21781588e+07  2.31e-08 4.66e-10  1.21e+00     8s

Barrier performed 24 iterations in 8.11 seconds (6.85 work units)
Barrier solve interrupted - model solved by another algorithm

Concurrent spin time: 1.85s (can be avoided by choosing Method=3)

Solved with dual simplex

Root relaxation: objective 2.201517e+07, 47210 iterations, 5.77 seconds (4.07 work units)
Total elapsed time = 10.08s (DegenMoves)

    Nodes    |    Current Node    |     Objective Bounds      |     Work
 Expl Unexpl |  Obj  Depth IntInf | Incumbent    BestBd   Gap | It/Node Time

     0     0 2.2015e+07    0  438 -4.362e+09 2.2015e+07   101%     -   10s
H    0     0                    -1.85972e+09 2.2015e+07   101%     -   11s
     0     0 2.1960e+07    0  514 -1.860e+09 2.1960e+07   101%     -   15s
     0     0 2.1960e+07    0  549 -1.860e+09 2.1960e+07   101%     -   16s
     0     0 2.1960e+07    0  557 -1.860e+09 2.1960e+07   101%     -   17s
     0     0 2.1927e+07    0  568 -1.860e+09 2.1927e+07   101%     -   19s
     0     0 2.1927e+07    0  590 -1.860e+09 2.1927e+07   101%     -   19s
     0     0 2.1900e+07    0  509 -1.860e+09 2.1900e+07   101%     -   22s
     0     0 2.1900e+07    0  551 -1.860e+09 2.1900e+07   101%     -   23s
     0     0 2.1900e+07    0  559 -1.860e+09 2.1900e+07   101%     -   24s
     0     0 2.1884e+07    0  530 -1.860e+09 2.1884e+07   101%     -   26s
     0     0 2.1884e+07    0  569 -1.860e+09 2.1884e+07   101%     -   28s
     0     0 2.1884e+07    0  582 -1.860e+09 2.1884e+07   101%     -   28s
     0     0 2.1856e+07    0  496 -1.860e+09 2.1856e+07   101%     -   31s
H    0     0                    -1.56422e+09 2.1856e+07   101%     -   32s
     0     0 2.1856e+07    0  509 -1.564e+09 2.1856e+07   101%     -   32s
     0     0 2.1856e+07    0  508 -1.564e+09 2.1856e+07   101%     -   33s
     0     0 2.1856e+07    0  513 -1.564e+09 2.1856e+07   101%     -   33s
     0     0 2.1842e+07    0  477 -1.564e+09 2.1842e+07   101%     -   35s
H    0     0                    -1.38310e+09 2.1842e+07   102%     -   37s
     0     0 2.1842e+07    0  498 -1.383e+09 2.1842e+07   102%     -   37s
     0     0 2.1842e+07    0  509 -1.383e+09 2.1842e+07   102%     -   37s
     0     0 2.1842e+07    0  509 -1.383e+09 2.1842e+07   102%     -   37s
     0     0 2.1825e+07    0  408 -1.383e+09 2.1825e+07   102%     -   40s
H    0     0                    -1.20337e+09 2.1825e+07   102%     -   42s
     0     0 2.1825e+07    0  435 -1.203e+09 2.1825e+07   102%     -   42s
     0     0 2.1825e+07    0  445 -1.203e+09 2.1825e+07   102%     -   42s
     0     0 2.1823e+07    0  382 -1.203e+09 2.1823e+07   102%     -   44s
H    0     0                    -9.89348e+08 2.1823e+07   102%     -   45s
     0     0 2.1823e+07    0  404 -9.893e+08 2.1823e+07   102%     -   46s
     0     0 2.1822e+07    0  367 -9.893e+08 2.1822e+07   102%     -   48s
     0     0 2.1822e+07    0  365 -9.893e+08 2.1822e+07   102%     -   49s
     0     0 2.1822e+07    0  359 -9.893e+08 2.1822e+07   102%     -   49s
H    0     0                    -9.67225e+08 2.1822e+07   102%     -   52s
     0     0 2.1822e+07    0  365 -9.672e+08 2.1822e+07   102%     -   52s
     0     0 2.1822e+07    0  379 -9.672e+08 2.1822e+07   102%     -   54s
     0     0 2.1822e+07    0  378 -9.672e+08 2.1822e+07   102%     -   59s
H    0     0                    -8.51015e+08 2.1822e+07   103%     -   62s
H    0     0                    -7.99385e+08 2.1822e+07   103%     -   64s
H    0     0                    -7.04540e+08 2.1822e+07   103%     -   74s
H    0     0                    -5.98298e+08 2.1822e+07   104%     -   76s
H    0     0                    -4.66582e+08 2.1822e+07   105%     -   78s
H    0     0                    -3.04325e+08 2.1822e+07   107%     -   80s
H    0     0                    -2.85100e+08 2.1822e+07   108%     -   89s
H    0     0                    -2.85100e+08 2.1822e+07   108%     -   90s
     0     2 2.1822e+07    0  369 -2.851e+08 2.1822e+07   108%     -   93s
    31    64 2.1819e+07    5  393 -2.851e+08 2.1822e+07   108%   374   96s
   372   537 2.1819e+07   10  376 -2.851e+08 2.1822e+07   108%  75.4  100s
   972  1185 2.1818e+07   20  321 -2.851e+08 2.1822e+07   108%   103  108s
  1184  1837 2.1819e+07   23  342 -2.851e+08 2.1822e+07   108%   127  112s
H 1836  1885                    -2.85100e+08 2.1822e+07   108%   140  123s
H 1884  2244                    -2.85097e+08 2.1822e+07   108%   140  128s
H 1886  2244                    -2.85096e+08 2.1822e+07   108%   141  128s
H 1894  2244                    -2.65872e+08 2.1822e+07   108%   141  128s
H 1912  2244                    -2.65872e+08 2.1822e+07   108%   141  128s
H 1947  2244                    -2.65872e+08 2.1822e+07   108%   142  128s
H 1994  2244                    -2.27416e+08 2.1822e+07   110%   143  128s
H 2053  2244                    -2.05735e+08 2.1822e+07   111%   141  128s
  2243  3143 2.1817e+07   34  338 -2.057e+08 2.1822e+07   111%   137  132s
H 3142  3724                    -1.09588e+08 2.1822e+07   120%   134  137s
H 3258  3724                    -1.09583e+08 2.1822e+07   120%   140  137s
  3758  4559 2.1816e+07   46  323 -1.096e+08 2.1822e+07   120%   131  141s
  4645  5115 2.1816e+07   59  329 -1.096e+08 2.1822e+07   120%   124  146s
H 4672  5016                    -1.02477e+08 2.1822e+07   121%   125  146s
H 6155  5989                    -1.02342e+08 2.1822e+07   121%   112  156s
H 6159  5989                    -1.02342e+08 2.1822e+07   121%   112  156s
H 6160  5989                    -1.00400e+08 2.1822e+07   122%   112  156s
H 6162  5856                    -9.22860e+07 2.1822e+07   124%   112  156s
H 6183  5849                    -8.75784e+07 2.1822e+07   125%   112  156s
H 6197  5829                    -8.45114e+07 2.1822e+07   126%   112  156s
  6203  6428 2.1815e+07   85  321 -8.451e+07 2.1822e+07   126%   112  161s
  6829  7381 2.1815e+07   96  283 -8.451e+07 2.1822e+07   126%   105  165s
H 7811  7598                    -6.26444e+07 2.1822e+07   135%  97.3  169s
H 8016  7598                    -6.02062e+07 2.1822e+07   136%  95.7  169s
H 8193  7591                    -5.93804e+07 2.1822e+07   137%  94.5  169s
  8263  8458 2.1814e+07  107  258 -5.938e+07 2.1822e+07   137%  93.9  172s
H 9175  8505                    -5.93804e+07 2.1822e+07   137%  88.0  182s
  9223  9302 2.1810e+07  124  222 -5.938e+07 2.1822e+07   137%  87.7  186s
 10069 10169 2.1809e+07  135  216 -5.938e+07 2.1822e+07   137%  84.2  192s
 10887 10992 2.1805e+07  143  215 -5.938e+07 2.1822e+07   137%  81.0  196s
H12549 12450                    -5.93727e+07 2.1822e+07   137%  73.4  203s
 13168 13287 2.1797e+07  178  203 -5.937e+07 2.1822e+07   137%  70.6  206s
 14808 14910 2.1789e+07  217  203 -5.937e+07 2.1822e+07   137%  64.2  212s
 15628 15789 2.1789e+07  231  205 -5.937e+07 2.1822e+07   137%  61.5  216s
Created node file directory '/scratch-local/lbeemster.22625582/gurobi_stress_vol2.0_0.4_price_st_run2/grbnodes0'
 16507 16667 2.1789e+07  247  205 -5.937e+07 2.1822e+07   137%  59.0  221s
 17389 16718 2.1783e+07  265  204 -5.937e+07 2.1822e+07   137%  56.8  230s
H17391 16542                    -5.38081e+07 2.1822e+07   141%  56.7  230s
H17414 15746                    -3.45897e+07 2.1822e+07   163%  56.7  230s
 17440 15751 2.1783e+07  266  204 -3.459e+07 2.1822e+07   163%  56.6  238s
 17522 15793 2.1767e+07  266  202 -3.459e+07 2.1822e+07   163%  56.5  248s
 17570 15841 2.1775e+07  267  203 -3.459e+07 2.1822e+07   163%  56.4  257s
 17618 15887 2.1761e+07  268  203 -3.459e+07 2.1822e+07   163%  56.4  265s
H17638 11592                    1.613716e+07 2.1822e+07  35.2%  56.3  265s
H17642  9529                    2.172236e+07 2.1822e+07  0.46%  56.3  265s
H17668  9388                    2.173480e+07 2.1822e+07  0.40%  56.5  269s
H17668  8678                    2.175436e+07 2.1822e+07  0.31%  56.5  271s
H17668  8647                    2.175679e+07 2.1822e+07  0.30%  56.5  274s
H17668  8594                    2.175927e+07 2.1822e+07  0.29%  56.5  276s
H17668  8576                    2.176027e+07 2.1822e+07  0.28%  56.5  278s
H17668  8567                    2.176083e+07 2.1822e+07  0.28%  56.5  280s
H17668  8241                    2.177457e+07 2.1822e+07  0.22%  56.5  282s
H17668  8190                    2.177755e+07 2.1822e+07  0.20%  56.5  282s
H17668  8190                    2.177762e+07 2.1822e+07  0.20%  56.5  283s
 17669  8019 2.1816e+07   75  378 2.1778e+07 2.1822e+07  0.20%  56.5  299s

Explored 17670 nodes (1108268 simplex iterations) in 301.99 seconds (361.27 work units)
Thread count was 48 (of 192 available processors)

Solution count 10: 2.17776e+07 2.17776e+07 2.17775e+07 ... 2.17348e+07

Optimal solution found (tolerance 2.00e-03)
Best objective 2.177762014996e+07, best bound 2.181945163863e+07, gap 0.1921%
Deleted nodefile directory: /scratch-local/lbeemster.22625582/gurobi_stress_vol2.0_0.4_price_st_run2
Saved model snapshot to study_case_model/figures/volatility_stress/07052026/vol2.0_0.4_price_st/sub30.0/run2/model_snapshot.pkl
  Objective: 21777620.15
  Avg H2 production: 0.25100101684213816
  Scenario obj std: 1178833.9601944895
  CVaR 5%: 20005644.330210354
  Worst scenario: 20005644.330210272

============================================================
Volatility multiplier: 4.0x
============================================================
Read LP format model from file /scratch-local/lbeemster.22625582/tmp_be_ob7d.pyomo.lp
Reading time = 0.53 seconds
x1: 178177 rows, 50626 columns, 1021376 nonzeros
Set parameter OutputFlag to value 1
Set parameter MIPGap to value 0.002
Set parameter Threads to value 48
Set parameter Presolve to value 1
Set parameter Cuts to value 1
Set parameter NodefileStart to value 1
Set parameter NodefileDir to value "/scratch-local/lbeemster.22625582/gurobi_stress_vol4.0_0.4_price_st_run2"
Set parameter MemLimit to value 60
Gurobi Optimizer version 12.0.3 build v12.0.3rc0 (linux64 - "Red Hat Enterprise Linux 9.6 (Plow)")

CPU model: AMD EPYC 9654 96-Core Processor, instruction set [SSE2|AVX|AVX2|AVX512]
Thread count: 192 physical cores, 192 logical processors, using up to 48 threads

Non-default parameters:
MemLimit  60
MIPGap  0.002
NodefileStart  1
Cuts  1
Presolve  1
Threads  48

Academic license 2514514 - for non-commercial use only - registered to l.___@student.vu.nl
Optimize a model with 178177 rows, 50626 columns and 1021376 nonzeros
Model fingerprint: 0x1f5c16c4
Variable types: 40002 continuous, 10624 integer (10624 binary)
Coefficient statistics:
  Matrix range     [1e-06, 1e+05]
  Objective range  [2e+00, 3e+04]
  Bounds range     [1e+00, 1e+00]
  RHS range        [3e-01, 2e+05]
Presolve removed 34049 rows and 14166 columns
Presolve time: 1.73s
Presolved: 144128 rows, 36460 columns, 945973 nonzeros
Variable types: 28012 continuous, 8448 integer (8448 binary)
Found heuristic solution: objective -4.36154e+09

Deterministic concurrent LP optimizer: primal simplex, dual simplex, and barrier
Showing barrier log only...

Root barrier log...

Ordering time: 2.45s

Barrier statistics:
 AA' NZ     : 1.286e+07
 Factor NZ  : 1.434e+07 (roughly 200 MB of memory)
 Factor Ops : 2.150e+09 (less than 1 second per iteration)
 Threads    : 46

                  Objective                Residual
Iter       Primal          Dual         Primal    Dual     Compl     Time
   0  -3.00524510e+12  1.66219670e+14  3.09e+05 3.68e+04  1.75e+10     7s
   1  -1.87860800e+12  1.04791477e+14  1.75e+05 2.84e+05  7.64e+09     7s
   2  -5.43543807e+11  6.97282702e+13  4.78e+04 1.11e+04  2.11e+09     7s
   3  -4.52076368e+10  1.98203704e+13  3.19e+03 1.36e+01  2.01e+08     7s
   4  -1.37178184e+10  5.21756636e+12  5.09e+02 4.87e-07  3.89e+07     7s
   5  -8.32565335e+09  1.38926641e+12  1.23e+02 1.31e-07  9.31e+06     7s
   6  -3.23749591e+09  5.12751025e+11  4.20e+01 4.12e-08  3.17e+06     7s
   7  -1.47567323e+09  3.23941632e+11  2.27e+01 2.81e-08  1.91e+06     7s
   8  -5.25549751e+08  1.62696404e+11  7.69e+00 1.62e-08  8.99e+05     7s
   9  -1.02829868e+08  7.07703871e+10  1.03e+00 6.98e-09  3.59e+05     7s
  10  -4.07335538e+06  1.29251775e+10  7.28e-02 1.41e-08  6.39e+04     7s

Barrier performed 10 iterations in 7.41 seconds (5.50 work units)
Barrier solve interrupted - model solved by another algorithm

Concurrent spin time: 2.09s (can be avoided by choosing Method=3)

Solved with primal simplex

Root relaxation: objective 2.196093e+07, 49348 iterations, 4.49 seconds (2.73 work units)

    Nodes    |    Current Node    |     Objective Bounds      |     Work
 Expl Unexpl |  Obj  Depth IntInf | Incumbent    BestBd   Gap | It/Node Time

     0     0 2.1961e+07    0  471 -4.362e+09 2.1961e+07   101%     -    8s
H    0     0                    -4.31205e+09 2.1961e+07   101%     -   11s
     0     0 2.1906e+07    0  518 -4.312e+09 2.1906e+07   101%     -   13s
H    0     0                    -2.29437e+09 2.1906e+07   101%     -   14s
     0     0 2.1906e+07    0  592 -2.294e+09 2.1906e+07   101%     -   15s
     0     0 2.1906e+07    0  614 -2.294e+09 2.1906e+07   101%     -   15s
     0     0 2.1876e+07    0  582 -2.294e+09 2.1876e+07   101%     -   17s
     0     0 2.1876e+07    0  604 -2.294e+09 2.1876e+07   101%     -   18s
     0     0 2.1855e+07    0  482 -2.294e+09 2.1855e+07   101%     -   21s
H    0     0                    -2.22744e+09 2.1855e+07   101%     -   22s
     0     0 2.1855e+07    0  488 -2.227e+09 2.1855e+07   101%     -   22s
     0     0 2.1855e+07    0  498 -2.227e+09 2.1855e+07   101%     -   22s
     0     0 2.1855e+07    0  496 -2.227e+09 2.1855e+07   101%     -   22s
     0     0 2.1841e+07    0  493 -2.227e+09 2.1841e+07   101%     -   25s
H    0     0                    -1.70271e+09 2.1841e+07   101%     -   27s
     0     0 2.1841e+07    0  518 -1.703e+09 2.1841e+07   101%     -   27s
     0     0 2.1840e+07    0  526 -1.703e+09 2.1840e+07   101%     -   27s
     0     0 2.1840e+07    0  532 -1.703e+09 2.1840e+07   101%     -   27s
     0     0 2.1810e+07    0  436 -1.703e+09 2.1810e+07   101%     -   30s
H    0     0                    -1.14648e+09 2.1810e+07   102%     -   31s
     0     0 2.1810e+07    0  469 -1.146e+09 2.1810e+07   102%     -   32s
     0     0 2.1809e+07    0  476 -1.146e+09 2.1809e+07   102%     -   32s
     0     0 2.1809e+07    0  479 -1.146e+09 2.1809e+07   102%     -   32s
     0     0 2.1794e+07    0  430 -1.146e+09 2.1794e+07   102%     -   34s
     0     0 2.1794e+07    0  449 -1.146e+09 2.1794e+07   102%     -   36s
     0     0 2.1794e+07    0  455 -1.146e+09 2.1794e+07   102%     -   36s
     0     0 2.1794e+07    0  458 -1.146e+09 2.1794e+07   102%     -   37s
     0     0 2.1778e+07    0  437 -1.146e+09 2.1778e+07   102%     -   39s
H    0     0                    -1.01800e+09 2.1778e+07   102%     -   40s
     0     0 2.1778e+07    0  459 -1.018e+09 2.1778e+07   102%     -   40s
     0     0 2.1778e+07    0  461 -1.018e+09 2.1778e+07   102%     -   41s
     0     0 2.1778e+07    0  471 -1.018e+09 2.1778e+07   102%     -   41s
     0     0 2.1775e+07    0  456 -1.018e+09 2.1775e+07   102%     -   43s
H    0     0                    -9.12617e+08 2.1775e+07   102%     -   44s
     0     0 2.1775e+07    0  482 -9.126e+08 2.1775e+07   102%     -   45s
     0     0 2.1775e+07    0  458 -9.126e+08 2.1775e+07   102%     -   47s
H    0     0                    -8.12329e+08 2.1775e+07   103%     -   48s
     0     0 2.1775e+07    0  469 -8.123e+08 2.1775e+07   103%     -   48s
     0     0 2.1775e+07    0  459 -8.123e+08 2.1775e+07   103%     -   49s
     0     0 2.1775e+07    0  440 -8.123e+08 2.1775e+07   103%     -   54s
H    0     0                    -3.54744e+08 2.1775e+07   106%     -   62s
H    0     0                    -2.11014e+08 2.1775e+07   110%     -   72s
H    0     0                    -2.07897e+08 2.1775e+07   110%     -   78s
H    0     0                    -2.07897e+08 2.1775e+07   110%     -   78s
     0     2 2.1775e+07    0  426 -2.079e+08 2.1775e+07   110%     -   82s
    31    64 2.1775e+07    5  469 -2.079e+08 2.1775e+07   110%   254   85s
H   87   112                    -2.04781e+08 2.1775e+07   111%   150   86s
   319   766 2.1775e+07   12  463 -2.048e+08 2.1775e+07   111%  88.9   90s
  1202  1345 2.1775e+07   23  416 -2.048e+08 2.1775e+07   111%  59.8  101s
H 1253  1345                    -8.93180e+07 2.1775e+07   124%  60.2  101s
H 1272  1345                    -7.53274e+07 2.1775e+07   129%  60.3  101s
  1344  2751 2.1774e+07   31  389 -7.533e+07 2.1775e+07   129%  60.9  110s
H 2750  2799                    -7.53274e+07 2.1775e+07   129%  55.0  123s
  2798  4862 2.1771e+07   64  382 -7.533e+07 2.1775e+07   129%  54.5  131s
  4861  5474 2.1763e+07   99  368 -7.533e+07 2.1775e+07   129%  50.6  142s
H 4932  5474                    -6.99779e+07 2.1775e+07   131%  50.5  142s
H 4954  5448                    -6.40439e+07 2.1775e+07   134%  50.5  142s
H 4955  5388                    -5.02986e+07 2.1775e+07   143%  50.5  142s
H 5018  5388                    -4.93477e+07 2.1775e+07   144%  50.5  142s
H 5049  5374                    -3.76833e+07 2.1775e+07   158%  50.5  142s
H 5076  5336                    -3.03116e+07 2.1775e+07   172%  50.6  142s
H 5212  5177                    -2.10246e+07 2.1775e+07   204%  50.2  142s
H 5322  5177                    -1.71288e+07 2.1775e+07   227%  50.2  142s
  5473  7023 2.1760e+07  128  350 -1.713e+07 2.1775e+07   227%  49.4  151s
  7490  8900 2.1750e+07  155  282 -1.713e+07 2.1775e+07   227%  46.4  159s
H 9378  7530                    -1130020.369 2.1775e+07  2027%  43.8  169s
H 9398  7528                    -529393.4271 2.1775e+07  4213%  43.8  169s
  9426  9218 2.1744e+07  175  253 -529393.43 2.1775e+07  4213%  43.8  176s
 11208 10237 2.1736e+07  203  236 -529393.43 2.1775e+07  4213%  43.5  189s
H11800 10180                    3431540.1722 2.1775e+07   535%  42.7  189s
 12241 11991 2.1734e+07  224  232 3431540.17 2.1775e+07   535%  42.0  197s
 14052 13404 2.1735e+07  261  229 3431540.17 2.1775e+07   535%  40.1  205s
 15465 15207 2.1735e+07  286  234 3431540.17 2.1775e+07   535%  38.0  212s
 17268 16595 2.1662e+07  319  221 3431540.17 2.1775e+07   535%  35.7  220s
H18656 16593                    6551719.5263 2.1775e+07   232%  34.6  244s
H18656  9235                    2.168854e+07 2.1775e+07  0.40%  34.6  258s
 18657  9026 2.1742e+07  123  440 2.1689e+07 2.1775e+07  0.40%  34.6  288s
H18658  8575                    2.169032e+07 2.1775e+07  0.39%  34.6  422s
H18658  8146                    2.169411e+07 2.1775e+07  0.37%  34.6  422s
H18658  7739                    2.169424e+07 2.1775e+07  0.37%  34.6  422s
H18658  7352                    2.169431e+07 2.1775e+07  0.37%  34.6  422s
H18658  6984                    2.169434e+07 2.1775e+07  0.37%  34.6  422s
H18658  6635                    2.169435e+07 2.1775e+07  0.37%  34.6  422s
H18658  6303                    2.169456e+07 2.1775e+07  0.37%  34.6  422s
H18658  5988                    2.169470e+07 2.1775e+07  0.37%  34.6  422s
H18658  5689                    2.169576e+07 2.1775e+07  0.37%  34.6  422s
H18658  5404                    2.169783e+07 2.1751e+07  0.24%  34.6  423s
H18658  5134                    2.170347e+07 2.1751e+07  0.22%  34.6  423s
H18658  4877                    2.170847e+07 2.1751e+07  0.19%  34.6  423s

Cutting planes:
  Cover: 16
  Implied bound: 76
  MIR: 431
  Flow cover: 359
  RLT: 3
  Relax-and-lift: 340

Explored 18658 nodes (764042 simplex iterations) in 423.66 seconds (485.58 work units)
Thread count was 48 (of 192 available processors)

Solution count 10: 2.17085e+07 2.17085e+07 2.17035e+07 ... 2.16943e+07

Optimal solution found (tolerance 2.00e-03)
Warning: max constraint violation (3.4404e-06) exceeds tolerance
Best objective 2.170847101784e+07, best bound 2.175059798416e+07, gap 0.1941%
Deleted nodefile directory: /scratch-local/lbeemster.22625582/gurobi_stress_vol4.0_0.4_price_st_run2
Saved model snapshot to study_case_model/figures/volatility_stress/07052026/vol4.0_0.4_price_st/sub30.0/run2/model_snapshot.pkl
  Objective: 21708471.02
  Avg H2 production: 2.688821387764051e-17
  Scenario obj std: 1271517.7949954635
  CVaR 5%: 20239440.006071106
  Worst scenario: 20239440.006071106

============================================================
Volatility multiplier: 8.0x
============================================================
Read LP format model from file /scratch-local/lbeemster.22625582/tmpyv9kq_aq.pyomo.lp
Reading time = 0.75 seconds
x1: 178177 rows, 50626 columns, 1021376 nonzeros
Set parameter OutputFlag to value 1
Set parameter MIPGap to value 0.002
Set parameter Threads to value 48
Set parameter Presolve to value 1
Set parameter Cuts to value 1
Set parameter NodefileStart to value 1
Set parameter NodefileDir to value "/scratch-local/lbeemster.22625582/gurobi_stress_vol8.0_0.4_price_st_run2"
Set parameter MemLimit to value 60
Gurobi Optimizer version 12.0.3 build v12.0.3rc0 (linux64 - "Red Hat Enterprise Linux 9.6 (Plow)")

CPU model: AMD EPYC 9654 96-Core Processor, instruction set [SSE2|AVX|AVX2|AVX512]
Thread count: 192 physical cores, 192 logical processors, using up to 48 threads

Non-default parameters:
MemLimit  60
MIPGap  0.002
NodefileStart  1
Cuts  1
Presolve  1
Threads  48

Academic license 2514514 - for non-commercial use only - registered to l.___@student.vu.nl
Optimize a model with 178177 rows, 50626 columns and 1021376 nonzeros
Model fingerprint: 0x826c7eec
Variable types: 40002 continuous, 10624 integer (10624 binary)
Coefficient statistics:
  Matrix range     [1e-06, 1e+05]
  Objective range  [2e+00, 3e+04]
  Bounds range     [1e+00, 1e+00]
  RHS range        [3e-01, 2e+05]
Presolve removed 34049 rows and 14166 columns
Presolve time: 1.82s
Presolved: 144128 rows, 36460 columns, 945973 nonzeros
Variable types: 28012 continuous, 8448 integer (8448 binary)
Found heuristic solution: objective -4.36146e+09

Deterministic concurrent LP optimizer: primal simplex, dual simplex, and barrier
Showing barrier log only...

Root barrier log...

Ordering time: 2.38s

Barrier statistics:
 AA' NZ     : 1.286e+07
 Factor NZ  : 1.434e+07 (roughly 200 MB of memory)
 Factor Ops : 2.150e+09 (less than 1 second per iteration)
 Threads    : 46

                  Objective                Residual
Iter       Primal          Dual         Primal    Dual     Compl     Time
   0  -3.00524529e+12  1.66219668e+14  3.09e+05 3.68e+04  1.75e+10     7s
   1  -1.87860811e+12  1.04791476e+14  1.75e+05 2.84e+05  7.64e+09     7s
   2  -5.43543837e+11  6.97282695e+13  4.78e+04 1.11e+04  2.11e+09     7s
   3  -4.52076399e+10  1.98203699e+13  3.19e+03 1.36e+01  2.01e+08     7s
   4  -1.37178241e+10  5.21756606e+12  5.09e+02 7.21e-07  3.89e+07     7s
   5  -8.32565997e+09  1.38925840e+12  1.23e+02 1.28e-07  9.31e+06     7s
   6  -3.23748250e+09  5.12747988e+11  4.20e+01 5.17e-08  3.17e+06     7s
   7  -1.47566975e+09  3.23940390e+11  2.27e+01 3.19e-08  1.91e+06     7s
   8  -5.25558690e+08  1.62692689e+11  7.69e+00 1.69e-08  8.99e+05     7s
   9  -1.02839228e+08  7.07533338e+10  1.03e+00 1.65e-08  3.59e+05     7s
  10  -4.08281009e+06  1.29238646e+10  7.27e-02 8.52e-09  6.39e+04     7s

Barrier performed 10 iterations in 7.44 seconds (5.50 work units)
Barrier solve interrupted - model solved by another algorithm

Concurrent spin time: 1.90s (can be avoided by choosing Method=3)

Solved with primal simplex

Root relaxation: objective 2.210303e+07, 48324 iterations, 4.39 seconds (2.75 work units)

    Nodes    |    Current Node    |     Objective Bounds      |     Work
 Expl Unexpl |  Obj  Depth IntInf | Incumbent    BestBd   Gap | It/Node Time

     0     0 2.2103e+07    0  471 -4.361e+09 2.2103e+07   101%     -    8s
H    0     0                    -2.42746e+09 2.2103e+07   101%     -    9s
H    0     0                    -2.42745e+09 2.2103e+07   101%     -   11s
     0     0 2.2045e+07    0  585 -2.427e+09 2.2045e+07   101%     -   14s
     0     0 2.2045e+07    0  615 -2.427e+09 2.2045e+07   101%     -   15s
     0     0 2.2045e+07    0  622 -2.427e+09 2.2045e+07   101%     -   15s
     0     0 2.2026e+07    0  593 -2.427e+09 2.2026e+07   101%     -   17s
H    0     0                    -2.01804e+09 2.2026e+07   101%     -   18s
     0     0 2.2026e+07    0  599 -2.018e+09 2.2026e+07   101%     -   18s
     0     0 2.2026e+07    0  619 -2.018e+09 2.2026e+07   101%     -   19s
     0     0 2.2009e+07    0  523 -2.018e+09 2.2009e+07   101%     -   21s
H    0     0                    -1.73598e+09 2.2009e+07   101%     -   23s
     0     0 2.2009e+07    0  524 -1.736e+09 2.2009e+07   101%     -   23s
     0     0 2.2009e+07    0  530 -1.736e+09 2.2009e+07   101%     -   23s
     0     0 2.1977e+07    0  539 -1.736e+09 2.1977e+07   101%     -   26s
H    0     0                    -1.64254e+09 2.1977e+07   101%     -   27s
     0     0 2.1977e+07    0  535 -1.643e+09 2.1977e+07   101%     -   27s
     0     0 2.1977e+07    0  535 -1.643e+09 2.1977e+07   101%     -   27s
     0     0 2.1963e+07    0  519 -1.643e+09 2.1963e+07   101%     -   30s
H    0     0                    -9.49812e+08 2.1963e+07   102%     -   31s
     0     0 2.1963e+07    0  525 -9.498e+08 2.1963e+07   102%     -   31s
     0     0 2.1963e+07    0  535 -9.498e+08 2.1963e+07   102%     -   31s
     0     0 2.1942e+07    0  495 -9.498e+08 2.1942e+07   102%     -   34s
     0     0 2.1942e+07    0  509 -9.498e+08 2.1942e+07   102%     -   34s
     0     0 2.1942e+07    0  516 -9.498e+08 2.1942e+07   102%     -   35s
     0     0 2.1921e+07    0  458 -9.498e+08 2.1921e+07   102%     -   37s
H    0     0                    -8.89129e+08 2.1921e+07   102%     -   38s
     0     0 2.1920e+07    0  477 -8.891e+08 2.1920e+07   102%     -   38s
     0     0 2.1920e+07    0  485 -8.891e+08 2.1920e+07   102%     -   39s
     0     0 2.1920e+07    0  493 -8.891e+08 2.1920e+07   102%     -   39s
     0     0 2.1918e+07    0  444 -8.891e+08 2.1918e+07   102%     -   41s
     0     0 2.1918e+07    0  443 -8.891e+08 2.1918e+07   102%     -   42s
     0     0 2.1918e+07    0  446 -8.891e+08 2.1918e+07   102%     -   42s
     0     0 2.1917e+07    0  396 -8.891e+08 2.1917e+07   102%     -   42s
     0     0 2.1917e+07    0  406 -8.891e+08 2.1917e+07   102%     -   44s
     0     0 2.1916e+07    0  388 -8.891e+08 2.1916e+07   102%     -   45s
     0     0 2.1916e+07    0  391 -8.891e+08 2.1916e+07   102%     -   47s
     0     0 2.1916e+07    0  377 -8.891e+08 2.1916e+07   102%     -   47s
     0     0 2.1916e+07    0  386 -8.891e+08 2.1916e+07   102%     -   48s
     0     0 2.1916e+07    0  383 -8.891e+08 2.1916e+07   102%     -   50s
     0     0 2.1916e+07    0  383 -8.891e+08 2.1916e+07   102%     -   55s
H    0     0                    -4.59916e+08 2.1916e+07   105%     -   58s
H    0     0                    -3.24852e+08 2.1916e+07   107%     -   63s
H    0     0                    -3.10809e+08 2.1916e+07   107%     -   65s
H    0     0                    -3.10009e+08 2.1916e+07   107%     -   67s
H    0     0                    -3.09728e+08 2.1916e+07   107%     -   69s
H    0     0                    -3.07967e+08 2.1916e+07   107%     -   71s
H    0     0                    -3.06994e+08 2.1916e+07   107%     -   72s
H    0     0                    -2.80204e+08 2.1916e+07   108%     -   77s
H    0     0                    -2.80194e+08 2.1916e+07   108%     -   77s
H    0     0                    -2.80192e+08 2.1916e+07   108%     -   77s
H    0     0                    -2.79231e+08 2.1916e+07   108%     -   77s
H    0     0                    -2.49988e+08 2.1916e+07   109%     -   78s
H    0     0                    -2.46869e+08 2.1916e+07   109%     -   78s
H    0     0                    -2.46869e+08 2.1916e+07   109%     -   78s
     0     2 2.1916e+07    0  383 -2.469e+08 2.1916e+07   109%     -   82s
    31    64 2.1916e+07    5  391 -2.469e+08 2.1916e+07   109%   164   85s
H   53    64                    -2.15314e+08 2.1916e+07   110%   139   85s
   753   808 2.1914e+07   20  384 -2.153e+08 2.1916e+07   110%  53.7   91s
H  819   856                    -2.15314e+08 2.1916e+07   110%  52.2   92s
H  829   856                    -2.15233e+08 2.1916e+07   110%  51.9   92s
H  849   856                    -2.12543e+08 2.1916e+07   110%  51.7   92s
  1298  1454 2.1913e+07   32  379 -2.125e+08 2.1916e+07   110%  48.1   95s
  1999  2070 2.1912e+07   44  375 -2.125e+08 2.1916e+07   110%  42.8  100s
H 2009  2070                    -1.93307e+08 2.1916e+07   111%  42.6  100s
H 2038  2070                    -1.93306e+08 2.1916e+07   111%  42.7  100s
  2430  2479 2.1910e+07   54  371 -1.933e+08 2.1916e+07   111%  41.8  116s
H 2434  2479                    -1.87736e+08 2.1916e+07   112%  41.7  116s
H 2443  2479                    -1.79756e+08 2.1916e+07   112%  41.8  116s
H 2449  2479                    -1.78305e+08 2.1916e+07   112%  41.8  116s
H 2526  2575                    -1.35574e+08 2.1916e+07   116%  41.7  127s
H 2527  2575                    -1.22943e+08 2.1916e+07   118%  41.7  127s
H 2529  2575                    -9.14954e+07 2.1916e+07   124%  41.7  127s
H 2531  2575                    -6.04748e+07 2.1916e+07   136%  41.7  127s
H 2532  2575                    -1.62179e+07 2.1916e+07   235%  41.7  127s
Created node file directory '/scratch-local/lbeemster.22625582/gurobi_stress_vol8.0_0.4_price_st_run2/grbnodes0'
  3296  3430 2.1908e+07   71  368 -1.622e+07 2.1916e+07   235%  38.0  131s
H 3938  3922                    -1.62179e+07 2.1916e+07   235%  37.5  134s
  4015  4306 2.1907e+07   84  366 -1.622e+07 2.1916e+07   235%  37.5  135s
  5195  5432 2.1898e+07  104  358 -1.622e+07 2.1916e+07   235%  37.6  141s
H 5525  5706                    -1.54953e+07 2.1916e+07   241%  36.7  143s
  5799  6312 2.1896e+07  106  356 -1.550e+07 2.1916e+07   241%  36.3  145s
  7068  7120 2.1890e+07  113  351 -1.550e+07 2.1916e+07   241%  34.2  150s
H 7249  7562                    -1.54913e+07 2.1916e+07   241%  34.1  151s
H 7284  7517                    -7979364.397 2.1916e+07   375%  34.3  151s
H 7533  7517                    -7976663.772 2.1916e+07   375%  33.9  151s
  8345  8387 2.1875e+07  123  321 -7976663.8 2.1916e+07   375%  33.0  156s
H 8629  9066                    -2010089.932 2.1916e+07  1190%  33.3  158s
H 8659  9050                    1110167.6701 2.1916e+07  1874%  33.4  158s
  9319  9669 2.1881e+07  130  311 1110167.67 2.1916e+07  1874%  32.8  160s
 11832 12384 2.1875e+07  162  277 1110167.67 2.1916e+07  1874%  31.0  166s
 13973 14879 2.1873e+07  185  268 1110167.67 2.1916e+07  1874%  29.5  171s
 16550 17216 2.1873e+07  227  251 1110167.67 2.1916e+07  1874%  27.2  178s
H17696 15693                    1.609590e+07 2.1916e+07  36.2%  26.5  183s
H17696 15693                    1.610509e+07 2.1916e+07  36.1%  26.5  183s
H17696 15693                    1.851792e+07 2.1916e+07  18.3%  26.5  185s
H17696 15693                    2.168455e+07 2.1916e+07  1.07%  26.5  187s
H17696 15693                    2.169605e+07 2.1916e+07  1.01%  26.5  193s
H17696 15693                    2.170370e+07 2.1916e+07  0.98%  26.5  198s
H17696 15693                    2.171434e+07 2.1916e+07  0.93%  26.5  199s
H17696 13562                    2.181961e+07 2.1916e+07  0.44%  26.5  200s
 17697 13489 2.1909e+07   51  383 2.1820e+07 2.1916e+07  0.44%  26.5  226s
H17698 12815                    2.182456e+07 2.1916e+07  0.42%  26.5  328s
H17698 12174                    2.183083e+07 2.1916e+07  0.39%  26.5  328s
H17698 11565                    2.186115e+07 2.1887e+07  0.12%  26.5  338s

Cutting planes:
  Gomory: 19
  Cover: 23
  Implied bound: 121
  MIR: 483
  Flow cover: 366
  Relax-and-lift: 297

Explored 17698 nodes (585353 simplex iterations) in 338.86 seconds (366.77 work units)
Thread count was 48 (of 192 available processors)

Solution count 10: 2.18612e+07 2.18308e+07 2.18246e+07 ... 1.61051e+07

Optimal solution found (tolerance 2.00e-03)
Best objective 2.186115174973e+07, best bound 2.188725725530e+07, gap 0.1194%
Deleted nodefile directory: /scratch-local/lbeemster.22625582/gurobi_stress_vol8.0_0.4_price_st_run2
Saved model snapshot to study_case_model/figures/volatility_stress/07052026/vol8.0_0.4_price_st/sub30.0/run2/model_snapshot.pkl
  Objective: 21861151.75
  Avg H2 production: 3.37403716077489e-16
  Scenario obj std: 1501307.0160575954
  CVaR 5%: 20232360.139310442
  Worst scenario: 20232360.139310442

============================================================
Volatility multiplier: 16.0x
============================================================
Read LP format model from file /scratch-local/lbeemster.22625582/tmpgidl54ac.pyomo.lp
Reading time = 1.02 seconds
x1: 178177 rows, 50626 columns, 1021376 nonzeros
Set parameter OutputFlag to value 1
Set parameter MIPGap to value 0.002
Set parameter Threads to value 48
Set parameter Presolve to value 1
Set parameter Cuts to value 1
Set parameter NodefileStart to value 1
Set parameter NodefileDir to value "/scratch-local/lbeemster.22625582/gurobi_stress_vol16.0_0.4_price_st_run2"
Set parameter MemLimit to value 60
Gurobi Optimizer version 12.0.3 build v12.0.3rc0 (linux64 - "Red Hat Enterprise Linux 9.6 (Plow)")

CPU model: AMD EPYC 9654 96-Core Processor, instruction set [SSE2|AVX|AVX2|AVX512]
Thread count: 192 physical cores, 192 logical processors, using up to 48 threads

Non-default parameters:
MemLimit  60
MIPGap  0.002
NodefileStart  1
Cuts  1
Presolve  1
Threads  48

Academic license 2514514 - for non-commercial use only - registered to l.___@student.vu.nl
Optimize a model with 178177 rows, 50626 columns and 1021376 nonzeros
Model fingerprint: 0x3071e0e6
Variable types: 40002 continuous, 10624 integer (10624 binary)
Coefficient statistics:
  Matrix range     [1e-06, 1e+05]
  Objective range  [2e+00, 3e+04]
  Bounds range     [1e+00, 1e+00]
  RHS range        [3e-01, 2e+05]
Presolve removed 34049 rows and 14166 columns
Presolve time: 1.66s
Presolved: 144128 rows, 36460 columns, 945973 nonzeros
Variable types: 28012 continuous, 8448 integer (8448 binary)
Found heuristic solution: objective -4.36126e+09

Deterministic concurrent LP optimizer: primal simplex, dual simplex, and barrier
Showing barrier log only...

Root barrier log...

Ordering time: 2.40s

Barrier statistics:
 AA' NZ     : 1.286e+07
 Factor NZ  : 1.434e+07 (roughly 200 MB of memory)
 Factor Ops : 2.150e+09 (less than 1 second per iteration)
 Threads    : 46

                  Objective                Residual
Iter       Primal          Dual         Primal    Dual     Compl     Time
   0  -3.00524568e+12  1.66219674e+14  3.09e+05 3.68e+04  1.75e+10     7s
   1  -1.87860833e+12  1.04791480e+14  1.75e+05 2.84e+05  7.64e+09     7s
   2  -5.43543898e+11  6.97282722e+13  4.78e+04 1.11e+04  2.11e+09     7s
   3  -4.52076464e+10  1.98203701e+13  3.19e+03 1.36e+01  2.01e+08     7s
   4  -1.37178357e+10  5.21756576e+12  5.09e+02 1.95e-07  3.89e+07     7s
   5  -8.32567339e+09  1.38924245e+12  1.23e+02 8.13e-08  9.31e+06     7s
   6  -3.23745595e+09  5.12741937e+11  4.20e+01 2.96e-08  3.17e+06     7s
   7  -1.47566290e+09  3.23937919e+11  2.27e+01 2.61e-08  1.91e+06     7s
   8  -5.25576562e+08  1.62685269e+11  7.69e+00 1.19e-08  8.99e+05     7s
   9  -1.02857741e+08  7.07192103e+10  1.03e+00 1.28e-08  3.59e+05     7s
  10  -4.10111716e+06  1.29212348e+10  7.27e-02 4.62e-09  6.39e+04     7s

Barrier performed 10 iterations in 7.34 seconds (5.50 work units)
Barrier solve interrupted - model solved by another algorithm

Concurrent spin time: 2.00s (can be avoided by choosing Method=3)

Solved with primal simplex

Root relaxation: objective 2.282058e+07, 46975 iterations, 4.45 seconds (2.76 work units)

    Nodes    |    Current Node    |     Objective Bounds      |     Work
 Expl Unexpl |  Obj  Depth IntInf | Incumbent    BestBd   Gap | It/Node Time

     0     0 2.2821e+07    0  479 -4.361e+09 2.2821e+07   101%     -    8s
H    0     0                    -2.13644e+09 2.2821e+07   101%     -   10s
H    0     0                    -2.07596e+09 2.2821e+07   101%     -   12s
     0     0 2.2754e+07    0  632 -2.076e+09 2.2754e+07   101%     -   14s
     0     0 2.2754e+07    0  648 -2.076e+09 2.2754e+07   101%     -   15s
     0     0 2.2728e+07    0  587 -2.076e+09 2.2728e+07   101%     -   18s
     0     0 2.2728e+07    0  602 -2.076e+09 2.2728e+07   101%     -   18s
     0     0 2.2728e+07    0  613 -2.076e+09 2.2728e+07   101%     -   18s
     0     0 2.2687e+07    0  520 -2.076e+09 2.2687e+07   101%     -   21s
H    0     0                    -2.01913e+09 2.2687e+07   101%     -   22s
     0     0 2.2686e+07    0  514 -2.019e+09 2.2686e+07   101%     -   22s
     0     0 2.2686e+07    0  533 -2.019e+09 2.2686e+07   101%     -   22s
     0     0 2.2686e+07    0  536 -2.019e+09 2.2686e+07   101%     -   22s
     0     0 2.2629e+07    0  516 -2.019e+09 2.2629e+07   101%     -   25s
H    0     0                    -1.08055e+09 2.2629e+07   102%     -   26s
     0     0 2.2629e+07    0  528 -1.081e+09 2.2629e+07   102%     -   26s
     0     0 2.2629e+07    0  529 -1.081e+09 2.2629e+07   102%     -   27s
     0     0 2.2629e+07    0  529 -1.081e+09 2.2629e+07   102%     -   27s
     0     0 2.2606e+07    0  453 -1.081e+09 2.2606e+07   102%     -   30s
     0     0 2.2606e+07    0  474 -1.081e+09 2.2606e+07   102%     -   31s
     0     0 2.2606e+07    0  490 -1.081e+09 2.2606e+07   102%     -   31s
     0     0 2.2603e+07    0  492 -1.081e+09 2.2603e+07   102%     -   33s
H    0     0                    -9.38494e+08 2.2603e+07   102%     -   34s
     0     0 2.2603e+07    0  478 -9.385e+08 2.2603e+07   102%     -   35s
     0     0 2.2603e+07    0  484 -9.385e+08 2.2603e+07   102%     -   35s
     0     0 2.2603e+07    0  444 -9.385e+08 2.2603e+07   102%     -   37s
H    0     0                    -8.51788e+08 2.2603e+07   103%     -   38s
     0     0 2.2603e+07    0  448 -8.518e+08 2.2603e+07   103%     -   38s
     0     0 2.2602e+07    0  441 -8.518e+08 2.2602e+07   103%     -   40s
     0     0 2.2602e+07    0  431 -8.518e+08 2.2602e+07   103%     -   40s
     0     0 2.2601e+07    0  423 -8.518e+08 2.2601e+07   103%     -   41s
H    0     0                    -7.98825e+08 2.2601e+07   103%     -   42s
     0     0 2.2601e+07    0  422 -7.988e+08 2.2601e+07   103%     -   42s
     0     0 2.2601e+07    0  429 -7.988e+08 2.2601e+07   103%     -   44s
H    0     0                    -7.64624e+08 2.2601e+07   103%     -   45s
     0     0 2.2601e+07    0  443 -7.646e+08 2.2601e+07   103%     -   46s
     0     0 2.2601e+07    0  437 -7.646e+08 2.2601e+07   103%     -   46s
     0     0 2.2601e+07    0  436 -7.646e+08 2.2601e+07   103%     -   50s
H    0     0                    -5.91869e+08 2.2601e+07   104%     -   52s
     0     2 2.2601e+07    0  428 -5.919e+08 2.2601e+07   104%     -   54s
     3     8 2.2600e+07    2  429 -5.919e+08 2.2601e+07   104%   465   55s
H   65   112                    -5.69526e+08 2.2601e+07   104%  82.0   59s
H   66   112                    -5.69525e+08 2.2601e+07   104%  81.1   59s
H   68   112                    -5.57700e+08 2.2601e+07   104%  79.5   59s
H   70   112                    -5.57699e+08 2.2601e+07   104%  78.7   59s
H   73   112                    -5.41782e+08 2.2601e+07   104%  78.7   59s
H   74   112                    -5.41781e+08 2.2601e+07   104%  78.9   59s
H   77   112                    -5.41781e+08 2.2601e+07   104%  78.1   59s
H   78   112                    -5.41780e+08 2.2601e+07   104%  78.4   59s
H   91   112                    -5.41780e+08 2.2601e+07   104%  73.7   59s
   111   160 2.2599e+07    7  438 -5.418e+08 2.2601e+07   104%  78.2   61s
H  177   232                    -5.41756e+08 2.2601e+07   104%  72.6   62s
   851   956 2.2598e+07   21  413 -5.418e+08 2.2601e+07   104%  50.4   65s
  1099  1149 2.2597e+07   26  411 -5.418e+08 2.2601e+07   104%  47.8   78s
H 1106  1149                    -5.24512e+08 2.2601e+07   104%  47.6   78s
  1268  1317 2.2597e+07   29  410 -5.245e+08 2.2601e+07   104%  45.9   81s
H 1318  1365                    -5.13058e+08 2.2601e+07   104%  45.5   84s
H 1319  1365                    -5.13057e+08 2.2601e+07   104%  45.5   84s
H 1321  1365                    -4.72513e+08 2.2601e+07   105%  45.6   84s
H 1323  1365                    -4.72512e+08 2.2601e+07   105%  45.7   84s
H 1335  1365                    -4.46906e+08 2.2601e+07   105%  46.1   84s
H 1336  1365                    -3.75072e+08 2.2601e+07   106%  46.0   84s
H 1342  1365                    -3.67607e+08 2.2601e+07   106%  46.3   84s
H 1343  1365                    -3.34326e+08 2.2601e+07   107%  46.3   84s
  1364  1497 2.2593e+07   30  407 -3.343e+08 2.2601e+07   107%  46.0   85s
  2404  2504 2.2596e+07   49  398 -3.343e+08 2.2601e+07   107%  37.2   90s
H 2538  2613                    -3.02763e+08 2.2601e+07   107%  38.0   91s
Created node file directory '/scratch-local/lbeemster.22625582/gurobi_stress_vol16.0_0.4_price_st_run2/grbnodes0'
  3718  3921 2.2593e+07   68  369 -3.028e+08 2.2601e+07   107%  33.9   95s
H 3744  3921                    -3.02763e+08 2.2601e+07   107%  33.9   95s
  5211  5417 2.2590e+07   91  343 -3.028e+08 2.2601e+07   107%  35.1  100s
H 5589  5690                    -2.95302e+08 2.2601e+07   108%  35.4  101s
  6941  7634 2.2588e+07  115  338 -2.953e+08 2.2601e+07   108%  33.5  105s
  9124  9899 2.2587e+07  152  318 -2.953e+08 2.2601e+07   108%  30.5  110s
 11597 12890 2.2584e+07  187  308 -2.953e+08 2.2601e+07   108%  28.1  116s
 14132 14381 2.2580e+07  218  288 -2.953e+08 2.2601e+07   108%  25.5  122s
 14380 15526 2.2580e+07  227  272 -2.953e+08 2.2601e+07   108%  25.2  125s
H14393 15526                    -2.76433e+08 2.2601e+07   108%  25.3  125s
H15576 15017                    -1.43914e+08 2.2601e+07   116%  24.5  138s
H15579 15017                    -1.36758e+08 2.2601e+07   117%  24.5  138s
H15580 13116                    -8.28516e+07 2.2601e+07   127%  24.5  138s
H15582 12967                    -4.85074e+07 2.2601e+07   147%  24.5  138s
H15587 12674                    -3.26326e+07 2.2601e+07   169%  24.5  138s
H15615 12674                    -2.43897e+07 2.2601e+07   193%  24.5  138s
 15624 12725 2.2578e+07  240  269 -2.439e+07 2.2601e+07   193%  24.5  140s
 17036 14719 2.2574e+07  259  261 -2.439e+07 2.2601e+07   193%  26.4  145s
H17835 14680                    -2.27551e+07 2.2601e+07   199%  26.4  162s
H17835 14321                    -1.15481e+07 2.2601e+07   296%  26.4  165s
H17835 14321                    -9541313.616 2.2601e+07   337%  26.4  166s
H17835 13883                    1.258042e+07 2.2601e+07  79.7%  26.4  167s
H17835 13883                    1.777111e+07 2.2601e+07  27.2%  26.4  167s
H17835 13883                    1.778581e+07 2.2601e+07  27.1%  26.4  168s
H17835 13883                    1.779643e+07 2.2601e+07  27.0%  26.4  170s
H17835 13883                    1.780450e+07 2.2601e+07  26.9%  26.4  170s
H17835 13883                    1.871424e+07 2.2601e+07  20.8%  26.4  172s
H17835 13883                    1.927620e+07 2.2601e+07  17.2%  26.4  172s
H17835 13883                    1.928029e+07 2.2601e+07  17.2%  26.4  173s
H17835 13883                    1.932773e+07 2.2601e+07  16.9%  26.4  178s
 17836 13876 2.2596e+07   60  436 1.9328e+07 2.2601e+07  16.9%  26.4  192s
H17837 13183                    2.236789e+07 2.2600e+07  1.04%  26.4  291s
H17837 12523                    2.237115e+07 2.2600e+07  1.02%  26.4  291s
H17837 11897                    2.237185e+07 2.2600e+07  1.02%  26.4  291s
H17837 11302                    2.238206e+07 2.2600e+07  0.97%  26.4  291s
H17837 10737                    2.238438e+07 2.2600e+07  0.96%  26.4  291s
H17837 10200                    2.238587e+07 2.2600e+07  0.95%  26.4  291s
H17837  9690                    2.238601e+07 2.2600e+07  0.95%  26.4  291s
H17837  9206                    2.239383e+07 2.2600e+07  0.92%  26.4  291s
H17837  8745                    2.244911e+07 2.2577e+07  0.57%  26.4  306s
H17837  8308                    2.245467e+07 2.2577e+07  0.54%  26.4  306s
H17837  7893                    2.245483e+07 2.2577e+07  0.54%  26.4  306s
H17837  7498                    2.245680e+07 2.2577e+07  0.53%  26.4  306s
H17837  7123                    2.246102e+07 2.2577e+07  0.51%  26.4  306s
 17839  7124 2.2577e+07   21  355 2.2461e+07 2.2577e+07  0.51%  26.4  311s
 17841  7125 2.2575e+07   38  314 2.2461e+07 2.2576e+07  0.51%  26.4  315s
H17848  6773                    2.246301e+07 2.2574e+07  0.49%  26.4  406s
H17848  6435                    2.247401e+07 2.2574e+07  0.45%  26.4  406s
H17848  6113                    2.248742e+07 2.2574e+07  0.39%  26.4  406s
H17848  5807                    2.248790e+07 2.2574e+07  0.38%  26.4  406s
H17848  5516                    2.248823e+07 2.2574e+07  0.38%  26.4  406s
H17848  5240                    2.249006e+07 2.2574e+07  0.37%  26.4  406s
H17848  4978                    2.249471e+07 2.2574e+07  0.35%  26.4  406s
H17848  4729                    2.252741e+07 2.2574e+07  0.21%  26.4  406s
H17848  4492                    2.252741e+07 2.2574e+07  0.21%  26.4  406s
 17852  4495 2.2573e+07  249  358 2.2527e+07 2.2574e+07  0.21%  26.4  410s
 17853  4495 2.2573e+07   44  352 2.2527e+07 2.2573e+07  0.20%  26.4  468s
 17854  4496 2.2573e+07   57  328 2.2527e+07 2.2573e+07  0.20%  26.4  472s
H17856  4272                    2.252875e+07 2.2573e+07  0.20%  26.4  563s

Cutting planes:
  Gomory: 34
  Cover: 16
  Implied bound: 311
  MIR: 857
  Flow cover: 1203
  RLT: 5
  Relax-and-lift: 526

Explored 17856 nodes (595983 simplex iterations) in 564.01 seconds (666.52 work units)
Thread count was 48 (of 192 available processors)

Solution count 10: 2.25288e+07 2.25274e+07 2.24947e+07 ... 2.2461e+07

Optimal solution found (tolerance 2.00e-03)
Best objective 2.252875317561e+07, best bound 2.257281410673e+07, gap 0.1956%
Deleted nodefile directory: /scratch-local/lbeemster.22625582/gurobi_stress_vol16.0_0.4_price_st_run2
Saved model snapshot to study_case_model/figures/volatility_stress/07052026/vol16.0_0.4_price_st/sub30.0/run2/model_snapshot.pkl
  Objective: 22528753.18
  Avg H2 production: 0.028513345491904454
  Scenario obj std: 1987556.9640870749
  CVaR 5%: 19788909.501561105
  Worst scenario: 19788909.50156066

Results saved to study_case_model/figures/volatility_stress/07052026/stress_test_results_30_0.4_price_shock_st_2_.csv

================================================================================
STRESS TEST SUMMARY
================================================================================
    1.0x vol: obj= 21825465.07, loss=0.0%, H2=    0.30, CVaR5=19922558.59894535
    2.0x vol: obj= 21777620.15, loss=0.2%, H2=    0.25, CVaR5=20005644.330210354
    4.0x vol: obj= 21708471.02, loss=0.5%, H2=    0.00, CVaR5=20239440.006071106
    8.0x vol: obj= 21861151.75, loss=-0.2%, H2=    0.00, CVaR5=20232360.139310442
   16.0x vol: obj= 22528753.18, loss=-3.2%, H2=    0.03, CVaR5=19788909.501561105

Finished stress test!
