Gurobi shell based on Python 3.13.1 can be launched with command `gurobi.sh`
Gurobi Python Interface can be loaded in Python 3.13.1 with 'import gurobipy'
/var/spool/slurm/slurmd/job22646318/slurm_script: line 24: activate: No such file or directory
Stress test configuration:
  Volatility multipliers: [1.0, 2.0, 4.0, 8.0, 16.0]
  Shock type: price_st
  Price Correlated shocks: 0.4
  Subsidy: 70.0 EUR/MWh
  Deviation allowance: 0.0

============================================================
Volatility multiplier: 1.0x
============================================================
Read LP format model from file /scratch-local/lbeemster.22646318/tmpo5qdpo5a.pyomo.lp
Reading time = 0.61 seconds
x1: 178177 rows, 50626 columns, 1021376 nonzeros
Set parameter OutputFlag to value 1
Set parameter MIPGap to value 0.002
Set parameter Threads to value 48
Set parameter Presolve to value 1
Set parameter Cuts to value 1
Set parameter NodefileStart to value 1
Set parameter NodefileDir to value "/scratch-local/lbeemster.22646318/gurobi_stress_vol1.0_0.4_price_st_run3"
Set parameter MemLimit to value 60
Gurobi Optimizer version 12.0.3 build v12.0.3rc0 (linux64 - "Red Hat Enterprise Linux 9.6 (Plow)")

CPU model: AMD EPYC 9654 96-Core Processor, instruction set [SSE2|AVX|AVX2|AVX512]
Thread count: 192 physical cores, 192 logical processors, using up to 48 threads

Non-default parameters:
MemLimit  60
MIPGap  0.002
NodefileStart  1
Cuts  1
Presolve  1
Threads  48

Academic license 2514514 - for non-commercial use only - registered to l.___@student.vu.nl
Optimize a model with 178177 rows, 50626 columns and 1021376 nonzeros
Model fingerprint: 0x6f2d754e
Variable types: 40002 continuous, 10624 integer (10624 binary)
Coefficient statistics:
  Matrix range     [1e-06, 1e+05]
  Objective range  [2e+00, 3e+04]
  Bounds range     [1e+00, 1e+00]
  RHS range        [3e-01, 2e+05]
Presolve removed 34049 rows and 14166 columns
Presolve time: 1.66s
Presolved: 144128 rows, 36460 columns, 945973 nonzeros
Variable types: 28012 continuous, 8448 integer (8448 binary)
Found heuristic solution: objective -4.36977e+09

Deterministic concurrent LP optimizer: primal simplex, dual simplex, and barrier
Showing barrier log only...

Root barrier log...

Ordering time: 2.41s

Barrier statistics:
 AA' NZ     : 1.286e+07
 Factor NZ  : 1.434e+07 (roughly 200 MB of memory)
 Factor Ops : 2.150e+09 (less than 1 second per iteration)
 Threads    : 46

                  Objective                Residual
Iter       Primal          Dual         Primal    Dual     Compl     Time
   0  -3.00787768e+12  1.66214145e+14  3.09e+05 3.67e+04  1.75e+10     7s
   1  -1.87987511e+12  1.04787429e+14  1.75e+05 2.84e+05  7.64e+09     7s
   2  -5.43465417e+11  6.97243201e+13  4.78e+04 1.11e+04  2.11e+09     7s
   3  -4.46434708e+10  1.98105858e+13  3.19e+03 1.35e+01  2.01e+08     7s
   4  -1.31906107e+10  5.19548565e+12  5.05e+02 1.83e-07  3.87e+07     7s
   5  -7.65184070e+09  1.32630976e+12  1.11e+02 1.14e-07  8.73e+06     7s
   6  -3.12005518e+09  5.49637058e+11  4.17e+01 5.82e-08  3.35e+06     7s
   7  -1.51703616e+09  3.47422722e+11  2.31e+01 2.97e-08  2.04e+06     7s
   8  -6.29497117e+08  1.72911521e+11  8.40e+00 1.65e-08  9.61e+05     7s
   9  -2.05959687e+08  6.48405413e+10  2.29e+00 2.77e-08  3.45e+05     7s
  10  -1.29744035e+07  2.20368212e+10  1.76e-01 6.12e-08  1.10e+05     7s
  11   6.24441918e+06  6.66980233e+09  1.90e-02 1.00e-08  3.28e+04     7s
  12   9.44365602e+06  1.31653303e+09  4.21e-09 1.30e-09  6.42e+03     7s
  13   1.04703667e+07  4.57906290e+08  3.95e-09 1.40e-09  2.20e+03     7s
  14   1.22464510e+07  1.69410126e+08  2.58e-09 6.98e-10  7.72e+02     7s
  15   1.44300714e+07  9.00852678e+07  1.78e-09 4.66e-10  3.72e+02     7s
  16   1.88977664e+07  5.33239979e+07  2.54e-09 4.66e-10  1.69e+02     8s
  17   1.95069037e+07  4.09399728e+07  2.29e-09 4.66e-10  1.05e+02     8s
  18   1.98418017e+07  3.16214745e+07  2.37e-09 4.66e-10  5.79e+01     8s
  19   2.02220870e+07  2.81044427e+07  2.33e-09 4.66e-10  3.87e+01     8s
  20   2.04182894e+07  2.49169981e+07  1.87e-09 4.66e-10  2.21e+01     8s
  21   2.05742267e+07  2.32252877e+07  1.64e-09 4.66e-10  1.30e+01     8s
  22   2.07776167e+07  2.20142535e+07  4.53e-09 4.66e-10  6.07e+00     8s
  23   2.08205344e+07  2.15394360e+07  3.61e-09 4.66e-10  3.53e+00     8s
  24   2.08872229e+07  2.11747658e+07  1.39e-08 4.66e-10  1.41e+00     8s
  25   2.09337178e+07  2.10809860e+07  6.39e-08 4.66e-10  7.23e-01     8s
  26   2.09613288e+07  2.10415173e+07  1.03e-07 4.66e-10  3.94e-01     8s
  27   2.09660725e+07  2.10259019e+07  9.58e-08 4.66e-10  2.94e-01     8s

Barrier performed 27 iterations in 8.17 seconds (7.18 work units)
Barrier solve interrupted - model solved by another algorithm

Concurrent spin time: 2.10s (can be avoided by choosing Method=3)

Solved with dual simplex

Root relaxation: objective 2.099034e+07, 50925 iterations, 5.35 seconds (4.48 work units)

    Nodes    |    Current Node    |     Objective Bounds      |     Work
 Expl Unexpl |  Obj  Depth IntInf | Incumbent    BestBd   Gap | It/Node Time

     0     0 2.0990e+07    0  517 -4.370e+09 2.0990e+07   100%     -    9s
H    0     0                    -1.87567e+09 2.0990e+07   101%     -   11s
H    0     0                    -1.84309e+09 2.0990e+07   101%     -   13s
     0     0 2.0891e+07    0  603 -1.843e+09 2.0891e+07   101%     -   16s
     0     0 2.0891e+07    0  718 -1.843e+09 2.0891e+07   101%     -   18s
     0     0 2.0891e+07    0  729 -1.843e+09 2.0891e+07   101%     -   18s
     0     0 2.0872e+07    0  724 -1.843e+09 2.0872e+07   101%     -   21s
     0     0 2.0872e+07    0  765 -1.843e+09 2.0872e+07   101%     -   22s
     0     0 2.0872e+07    0  788 -1.843e+09 2.0872e+07   101%     -   23s
     0     0 2.0865e+07    0  743 -1.843e+09 2.0865e+07   101%     -   27s
     0     0 2.0864e+07    0  795 -1.843e+09 2.0864e+07   101%     -   30s
     0     0 2.0864e+07    0  821 -1.843e+09 2.0864e+07   101%     -   30s
     0     0 2.0864e+07    0  823 -1.843e+09 2.0864e+07   101%     -   30s
     0     0 2.0859e+07    0  718 -1.843e+09 2.0859e+07   101%     -   35s
     0     0 2.0859e+07    0  718 -1.843e+09 2.0859e+07   101%     -   35s
     0     0 2.0859e+07    0  752 -1.843e+09 2.0859e+07   101%     -   36s
     0     0 2.0859e+07    0  745 -1.843e+09 2.0859e+07   101%     -   37s
     0     0 2.0859e+07    0  763 -1.843e+09 2.0859e+07   101%     -   37s
     0     0 2.0843e+07    0  634 -1.843e+09 2.0843e+07   101%     -   42s
     0     0 2.0843e+07    0  653 -1.843e+09 2.0843e+07   101%     -   44s
     0     0 2.0843e+07    0  664 -1.843e+09 2.0843e+07   101%     -   45s
     0     0 2.0839e+07    0  651 -1.843e+09 2.0839e+07   101%     -   48s
H    0     0                    -1.83308e+09 2.0839e+07   101%     -   49s
     0     0 2.0839e+07    0  666 -1.833e+09 2.0839e+07   101%     -   50s
     0     0 2.0839e+07    0  677 -1.833e+09 2.0839e+07   101%     -   50s
     0     0 2.0839e+07    0  693 -1.833e+09 2.0839e+07   101%     -   50s
     0     0 2.0838e+07    0  677 -1.833e+09 2.0838e+07   101%     -   53s
     0     0 2.0838e+07    0  684 -1.833e+09 2.0838e+07   101%     -   54s
     0     0 2.0838e+07    0  699 -1.833e+09 2.0838e+07   101%     -   55s
     0     0 2.0838e+07    0  684 -1.833e+09 2.0838e+07   101%     -   57s
     0     0 2.0838e+07    0  689 -1.833e+09 2.0838e+07   101%     -   58s
     0     0 2.0838e+07    0  699 -1.833e+09 2.0838e+07   101%     -   61s
H    0     0                    -1.81802e+09 2.0838e+07   101%     -   62s
     0     0 2.0838e+07    0  707 -1.818e+09 2.0838e+07   101%     -   62s
     0     0 2.0838e+07    0  695 -1.818e+09 2.0838e+07   101%     -   65s
     0     0 2.0838e+07    0  677 -1.818e+09 2.0838e+07   101%     -   72s
H    0     0                    -1.81518e+09 2.0838e+07   101%     -   75s
H    0     0                    -7.15727e+08 2.0838e+07   103%     -   82s
H    0     0                    -6.87686e+08 2.0838e+07   103%     -   83s
H    0     0                    -6.87686e+08 2.0838e+07   103%     -   86s
     0     2 2.0838e+07    0  669 -6.877e+08 2.0838e+07   103%     -   90s
    31    64 2.0834e+07    5  680 -6.877e+08 2.0838e+07   103%   333   95s
   111   266 2.0834e+07    7  685 -6.877e+08 2.0837e+07   103%   230  100s
H  120   266                    -6.83102e+08 2.0837e+07   103%   217  100s
H  131   266                    -6.78714e+08 2.0837e+07   103%   205  100s
H  156   266                    -6.78714e+08 2.0837e+07   103%   182  100s
H  176   266                    -6.78710e+08 2.0837e+07   103%   170  100s
H  208   266                    -6.70151e+08 2.0837e+07   103%   156  100s
   577   688 2.0833e+07   14  680 -6.702e+08 2.0837e+07   103%   109  105s
H  579   688                    -6.70149e+08 2.0837e+07   103%   109  105s
H  601   688                    -6.57955e+08 2.0837e+07   103%   106  105s
H  624   688                    -6.55765e+08 2.0837e+07   103%   106  105s
H  679   688                    -6.55760e+08 2.0837e+07   103%   104  105s
  1187  1296 2.0831e+07   20  663 -6.558e+08 2.0837e+07   103%  93.3  110s
  1745  1839 2.0829e+07   24  665 -6.558e+08 2.0837e+07   103%  88.4  115s
H 1853  1887                    -5.89514e+08 2.0837e+07   104%  88.8  117s
  2038  2186 2.0829e+07   26  665 -5.895e+08 2.0837e+07   104%  87.2  120s
  2469  2631 2.0829e+07   30  662 -5.895e+08 2.0837e+07   104%  83.7  125s
H 2481  2631                    -5.87304e+08 2.0837e+07   104%  83.5  125s
H 2506  2631                    -5.85342e+08 2.0837e+07   104%  83.6  125s
H 2516  2631                    -5.77036e+08 2.0837e+07   104%  83.8  125s
H 2538  2631                    -5.76966e+08 2.0837e+07   104%  83.9  125s
H 2613  2631                    -5.72809e+08 2.0837e+07   104%  83.0  125s
Created node file directory '/scratch-local/lbeemster.22646318/gurobi_stress_vol1.0_0.4_price_st_run3/grbnodes0'
  2962  3011 2.0828e+07   39  640 -5.728e+08 2.0837e+07   104%  81.3  130s
H 3010  3059                    -5.16209e+08 2.0837e+07   104%  80.6  141s
H 3030  3059                    -5.15929e+08 2.0837e+07   104%  81.4  141s
H 3045  3059                    -5.10289e+08 2.0837e+07   104%  81.2  141s
  3457  3539 2.0827e+07   49  626 -5.103e+08 2.0837e+07   104%  79.5  146s
H 3458  3539                    -5.10289e+08 2.0837e+07   104%  79.4  146s
H 3497  3539                    -5.10289e+08 2.0837e+07   104%  79.4  146s
H 3505  3539                    -4.86907e+08 2.0837e+07   104%  79.4  146s
  3791  3965 2.0827e+07   61  594 -4.869e+08 2.0837e+07   104%  78.9  150s
  4301  4451 2.0827e+07   64  606 -4.869e+08 2.0837e+07   104%  78.4  155s
H 4334  4451                    -4.42765e+08 2.0837e+07   105%  78.3  155s
  4741  5055 2.0827e+07   71  607 -4.428e+08 2.0837e+07   105%  79.2  160s
  5384  5645 2.0827e+07   80  607 -4.428e+08 2.0837e+07   105%  78.0  167s
H 5541  5645                    -3.98843e+08 2.0837e+07   105%  77.9  167s
  5644  5981 2.0826e+07   85  604 -3.988e+08 2.0837e+07   105%  77.8  170s
  5980  6124 2.0826e+07   89  607 -3.988e+08 2.0837e+07   105%  78.0  176s
H 5982  6124                    -3.98103e+08 2.0837e+07   105%  78.0  176s
H 6009  6124                    -3.85845e+08 2.0837e+07   105%  77.9  176s
H 6042  6124                    -2.13565e+08 2.0837e+07   110%  77.9  176s
  6476  6866 2.0826e+07   99  596 -2.136e+08 2.0837e+07   110%  78.2  181s
  7280  7501 2.0825e+07  112  589 -2.136e+08 2.0837e+07   110%  77.1  188s
H 7328  7501                    -2.01266e+08 2.0837e+07   110%  77.0  188s
H 7500  7549                    -2.01266e+08 2.0837e+07   110%  76.2  192s
  7548  8023 2.0825e+07  114  579 -2.013e+08 2.0837e+07   110%  76.1  195s
  8515  8787 2.0825e+07  128  573 -2.013e+08 2.0837e+07   110%  73.6  202s
H 8524  8787                    -1.84462e+08 2.0837e+07   111%  73.6  202s
H 8545  8787                    -1.54148e+08 2.0837e+07   114%  73.7  202s
H 8739  8787                    -1.52164e+08 2.0837e+07   114%  73.1  202s
H 8751  8787                    -1.33253e+08 2.0837e+07   116%  73.1  202s
H 8774  8787                    -1.13666e+08 2.0837e+07   118%  73.0  202s
  8786  9327 2.0825e+07  137  559 -1.137e+08 2.0837e+07   118%  73.0  205s
  9910 10394 2.0824e+07  153  553 -1.137e+08 2.0837e+07   118%  70.9  212s
H 9984 10350                    -3.18706e+07 2.0837e+07   165%  70.7  212s
H10172 10237                    -2447735.491 2.0837e+07   951%  70.2  212s
 10399 10672 2.0824e+07  154  547 -2447735.5 2.0837e+07   951%  69.4  215s
 11636 11879 2.0823e+07  175  543 -2447735.5 2.0837e+07   951%  68.4  222s
H12268 11747                    1.052531e+07 2.0837e+07  98.0%  67.6  237s
H12270 11747                    1.055217e+07 2.0837e+07  97.5%  67.6  237s
H12280 11747                    1.056013e+07 2.0837e+07  97.3%  67.6  237s
H12285 11747                    1.056093e+07 2.0837e+07  97.3%  67.6  237s
H12288 11747                    1.059088e+07 2.0837e+07  96.7%  67.6  237s
H12316 11787                    1.060505e+07 2.0837e+07  96.5%  67.6  246s
H12364 11787                    1.060569e+07 2.0837e+07  96.5%  67.9  246s
H12365 11787                    1.062328e+07 2.0837e+07  96.1%  67.9  246s
 12370 12456 2.0823e+07  191  528 1.0623e+07 2.0837e+07  96.1%  67.9  250s
 13767 13358 2.0820e+07  205  509 1.0623e+07 2.0837e+07  96.1%  66.0  260s
H13768 13358                    1.062959e+07 2.0837e+07  96.0%  66.0  260s
 14764 15004 2.0808e+07  217  501 1.0630e+07 2.0837e+07  96.0%  64.9  269s
 15589 15554 2.0817e+07  232  484 1.0630e+07 2.0837e+07  96.0%  63.7  274s
H15923 15554                    1.063855e+07 2.0837e+07  95.9%  63.3  274s
H16014 15554                    1.064160e+07 2.0837e+07  95.8%  63.0  274s
 16139 16529 2.0817e+07  242  465 1.0642e+07 2.0837e+07  95.8%  62.8  278s
 17114 17540 2.0816e+07  262  460 1.0642e+07 2.0837e+07  95.8%  61.8  283s
H18125 17128                    2.058216e+07 2.0837e+07  1.24%  60.9  292s
H18125 17128                    2.059451e+07 2.0837e+07  1.18%  60.9  297s
H18125 17128                    2.059974e+07 2.0837e+07  1.15%  60.9  299s
H18125 17128                    2.060982e+07 2.0837e+07  1.10%  60.9  299s
H18125 17128                    2.061152e+07 2.0837e+07  1.10%  60.9  300s
H18125 17108                    2.068178e+07 2.0837e+07  0.75%  60.9  302s
H18125 17106                    2.068561e+07 2.0837e+07  0.73%  60.9  307s
 18126 17078 2.0833e+07   75  677 2.0686e+07 2.0837e+07  0.73%  60.9  328s
H18127 16225                    2.070041e+07 2.0837e+07  0.66%  60.9  480s
H18127 15413                    2.071304e+07 2.0837e+07  0.60%  60.9  480s
H18127 14643                    2.074730e+07 2.0837e+07  0.43%  60.9  480s
H18127 13910                    2.075403e+07 2.0837e+07  0.40%  60.9  480s
H18127 13215                    2.075767e+07 2.0837e+07  0.38%  60.9  480s
H18127 12554                    2.076075e+07 2.0837e+07  0.37%  60.9  480s
H18127 11926                    2.076113e+07 2.0837e+07  0.37%  60.9  480s
H18127 11330                    2.076570e+07 2.0837e+07  0.35%  60.9  480s
H18127 10764                    2.076837e+07 2.0837e+07  0.33%  60.9  480s
H18127 10225                    2.077069e+07 2.0837e+07  0.32%  60.9  480s
H18127  9714                    2.077075e+07 2.0807e+07  0.18%  60.9  493s

Cutting planes:
  Cover: 2
  Implied bound: 59
  MIR: 679
  Flow cover: 352
  RLT: 1
  Relax-and-lift: 280

Explored 18127 nodes (1238788 simplex iterations) in 494.04 seconds (549.41 work units)
Thread count was 48 (of 192 available processors)

Solution count 10: 2.07707e+07 2.07707e+07 2.07707e+07 ... 2.07473e+07

Optimal solution found (tolerance 2.00e-03)
Best objective 2.077074686597e+07, best bound 2.080720743348e+07, gap 0.1755%
Deleted nodefile directory: /scratch-local/lbeemster.22646318/gurobi_stress_vol1.0_0.4_price_st_run3
Saved model snapshot to study_case_model/figures/volatility_stress/07052026/vol1.0_0.4_price_st/sub70.0/run3/model_snapshot.pkl
  Objective: 20770746.87
  Avg H2 production: 1.938203802453002
  Scenario obj std: 732427.1001571715
  CVaR 5%: 19354181.578303233
  Worst scenario: 19303717.43474128

============================================================
Volatility multiplier: 2.0x
============================================================
Read LP format model from file /scratch-local/lbeemster.22646318/tmpslnh9qa0.pyomo.lp
Reading time = 0.70 seconds
x1: 178177 rows, 50626 columns, 1021376 nonzeros
Set parameter OutputFlag to value 1
Set parameter MIPGap to value 0.002
Set parameter Threads to value 48
Set parameter Presolve to value 1
Set parameter Cuts to value 1
Set parameter NodefileStart to value 1
Set parameter NodefileDir to value "/scratch-local/lbeemster.22646318/gurobi_stress_vol2.0_0.4_price_st_run3"
Set parameter MemLimit to value 60
Gurobi Optimizer version 12.0.3 build v12.0.3rc0 (linux64 - "Red Hat Enterprise Linux 9.6 (Plow)")

CPU model: AMD EPYC 9654 96-Core Processor, instruction set [SSE2|AVX|AVX2|AVX512]
Thread count: 192 physical cores, 192 logical processors, using up to 48 threads

Non-default parameters:
MemLimit  60
MIPGap  0.002
NodefileStart  1
Cuts  1
Presolve  1
Threads  48

Academic license 2514514 - for non-commercial use only - registered to l.___@student.vu.nl
Optimize a model with 178177 rows, 50626 columns and 1021376 nonzeros
Model fingerprint: 0x009e78ec
Variable types: 40002 continuous, 10624 integer (10624 binary)
Coefficient statistics:
  Matrix range     [1e-06, 1e+05]
  Objective range  [2e+00, 3e+04]
  Bounds range     [1e+00, 1e+00]
  RHS range        [3e-01, 2e+05]
Presolve removed 34049 rows and 14166 columns
Presolve time: 1.87s
Presolved: 144128 rows, 36460 columns, 945973 nonzeros
Variable types: 28012 continuous, 8448 integer (8448 binary)
Found heuristic solution: objective -4.36970e+09

Deterministic concurrent LP optimizer: primal simplex, dual simplex, and barrier
Showing barrier log only...

Root barrier log...

Ordering time: 2.40s

Barrier statistics:
 AA' NZ     : 1.286e+07
 Factor NZ  : 1.434e+07 (roughly 200 MB of memory)
 Factor Ops : 2.150e+09 (less than 1 second per iteration)
 Threads    : 46

                  Objective                Residual
Iter       Primal          Dual         Primal    Dual     Compl     Time
   0  -3.00787699e+12  1.66214145e+14  3.09e+05 3.67e+04  1.75e+10     7s
   1  -1.87987471e+12  1.04787429e+14  1.75e+05 2.84e+05  7.64e+09     7s
   2  -5.43465304e+11  6.97243202e+13  4.78e+04 1.11e+04  2.11e+09     7s
   3  -4.46434533e+10  1.98105859e+13  3.19e+03 1.35e+01  2.01e+08     7s
   4  -1.31906013e+10  5.19548551e+12  5.05e+02 1.93e-07  3.87e+07     7s
   5  -7.65183300e+09  1.32630980e+12  1.11e+02 1.20e-07  8.73e+06     7s
   6  -3.12005135e+09  5.49636242e+11  4.17e+01 4.54e-08  3.35e+06     7s
   7  -1.51702896e+09  3.47422094e+11  2.31e+01 2.82e-08  2.04e+06     7s
   8  -6.29491592e+08  1.72910561e+11  8.40e+00 2.03e-08  9.61e+05     7s
   9  -2.05956350e+08  6.48436976e+10  2.29e+00 2.77e-08  3.45e+05     7s

Barrier performed 9 iterations in 7.38 seconds (5.40 work units)
Barrier solve interrupted - model solved by another algorithm

Concurrent spin time: 1.99s (can be avoided by choosing Method=3)

Solved with primal simplex

Root relaxation: objective 2.105428e+07, 48891 iterations, 4.35 seconds (2.71 work units)

    Nodes    |    Current Node    |     Objective Bounds      |     Work
 Expl Unexpl |  Obj  Depth IntInf | Incumbent    BestBd   Gap | It/Node Time

     0     0 2.1054e+07    0  515 -4.370e+09 2.1054e+07   100%     -    9s
H    0     0                    -1.88550e+09 2.1054e+07   101%     -   10s
H    0     0                    -1.88548e+09 2.1054e+07   101%     -   13s
     0     0 2.0953e+07    0  622 -1.885e+09 2.0953e+07   101%     -   16s
     0     0 2.0953e+07    0  715 -1.885e+09 2.0953e+07   101%     -   18s
     0     0 2.0953e+07    0  715 -1.885e+09 2.0953e+07   101%     -   18s
     0     0 2.0932e+07    0  665 -1.885e+09 2.0932e+07   101%     -   21s
     0     0 2.0932e+07    0  679 -1.885e+09 2.0932e+07   101%     -   22s
     0     0 2.0932e+07    0  704 -1.885e+09 2.0932e+07   101%     -   22s
     0     0 2.0928e+07    0  714 -1.885e+09 2.0928e+07   101%     -   26s
     0     0 2.0928e+07    0  749 -1.885e+09 2.0928e+07   101%     -   28s
     0     0 2.0928e+07    0  776 -1.885e+09 2.0928e+07   101%     -   28s
     0     0 2.0926e+07    0  720 -1.885e+09 2.0926e+07   101%     -   32s
     0     0 2.0926e+07    0  720 -1.885e+09 2.0926e+07   101%     -   33s
     0     0 2.0926e+07    0  740 -1.885e+09 2.0926e+07   101%     -   34s
     0     0 2.0926e+07    0  753 -1.885e+09 2.0926e+07   101%     -   35s
     0     0 2.0905e+07    0  640 -1.885e+09 2.0905e+07   101%     -   39s
     0     0 2.0905e+07    0  661 -1.885e+09 2.0905e+07   101%     -   42s
     0     0 2.0905e+07    0  671 -1.885e+09 2.0905e+07   101%     -   42s
     0     0 2.0905e+07    0  699 -1.885e+09 2.0905e+07   101%     -   43s
     0     0 2.0903e+07    0  687 -1.885e+09 2.0903e+07   101%     -   46s
     0     0 2.0903e+07    0  700 -1.885e+09 2.0903e+07   101%     -   48s
     0     0 2.0903e+07    0  716 -1.885e+09 2.0903e+07   101%     -   48s
     0     0 2.0903e+07    0  727 -1.885e+09 2.0903e+07   101%     -   48s
     0     0 2.0903e+07    0  722 -1.885e+09 2.0903e+07   101%     -   51s
     0     0 2.0903e+07    0  731 -1.885e+09 2.0903e+07   101%     -   53s
     0     0 2.0903e+07    0  750 -1.885e+09 2.0903e+07   101%     -   53s
     0     0 2.0903e+07    0  705 -1.885e+09 2.0903e+07   101%     -   56s
     0     0 2.0903e+07    0  717 -1.885e+09 2.0903e+07   101%     -   58s
     0     0 2.0902e+07    0  728 -1.885e+09 2.0902e+07   101%     -   58s
     0     0 2.0902e+07    0  712 -1.885e+09 2.0902e+07   101%     -   61s
     0     0 2.0902e+07    0  721 -1.885e+09 2.0902e+07   101%     -   62s
     0     0 2.0902e+07    0  695 -1.885e+09 2.0902e+07   101%     -   65s
     0     0 2.0902e+07    0  676 -1.885e+09 2.0902e+07   101%     -   74s
H    0     0                    -1.39892e+09 2.0902e+07   101%     -   78s
H    0     0                    -1.35026e+09 2.0902e+07   102%     -   79s
H    0     0                    -1.14290e+09 2.0902e+07   102%     -   86s
H    0     0                    -1.13594e+09 2.0902e+07   102%     -   88s
H    0     2                    -1.09674e+09 2.0902e+07   102%     -  103s
     0     2 2.0902e+07    0  666 -1.097e+09 2.0902e+07   102%     -  103s
     7    16 2.0902e+07    3  684 -1.097e+09 2.0902e+07   102%  1030  105s
   111   244 2.0898e+07    7  702 -1.097e+09 2.0902e+07   102%   431  110s
   786   876 2.0895e+07   12  681 -1.097e+09 2.0902e+07   102%   159  115s
H  875   924                    -1.09674e+09 2.0902e+07   102%   155  117s
   971  1059 2.0890e+07   14  683 -1.097e+09 2.0902e+07   102%   150  120s
H 1009  1059                    -1.09628e+09 2.0902e+07   102%   149  120s
H 1019  1059                    -1.08932e+09 2.0902e+07   102%   148  120s
  1543  1592 2.0895e+07   23  656 -1.089e+09 2.0902e+07   102%   125  127s
H 1591  1645                    -1.04383e+09 2.0902e+07   102%   123  136s
H 1592  1645                    -1.03092e+09 2.0902e+07   102%   123  136s
H 1600  1645                    -9.54908e+08 2.0902e+07   102%   123  136s
H 1606  1645                    -9.03183e+08 2.0902e+07   102%   123  136s
H 1608  1645                    -7.47917e+08 2.0902e+07   103%   123  136s
H 1642  1645                    -6.73790e+08 2.0902e+07   103%   121  136s
  2192  2334 2.0895e+07   30  647 -6.738e+08 2.0902e+07   103%   111  141s
H 2501  2637                    -6.72255e+08 2.0902e+07   103%   108  144s
H 2530  2637                    -6.67922e+08 2.0902e+07   103%   108  144s
H 2576  2637                    -6.49869e+08 2.0902e+07   103%   107  144s
  2636  2842 2.0893e+07   35  640 -6.499e+08 2.0902e+07   103%   106  145s
Created node file directory '/scratch-local/lbeemster.22646318/gurobi_stress_vol2.0_0.4_price_st_run3/grbnodes0'
H 2899  2963                    -5.64290e+08 2.0902e+07   104%   103  148s
  3164  3384 2.0892e+07   46  633 -5.643e+08 2.0902e+07   104%  99.1  150s
  4127  4264 2.0891e+07   64  619 -5.643e+08 2.0902e+07   104%  91.6  157s
  4263  4436 2.0891e+07   65  628 -5.643e+08 2.0902e+07   104%  92.0  160s
H 4274  4436                    -3.98054e+08 2.0902e+07   105%  91.9  160s
H 4275  4436                    -3.48031e+08 2.0902e+07   106%  92.0  160s
H 4286  4436                    -3.41773e+08 2.0902e+07   106%  91.9  160s
H 4289  4436                    -3.28848e+08 2.0902e+07   106%  91.9  160s
H 4388  4436                    -2.89402e+08 2.0902e+07   107%  91.2  160s
  5014  5330 2.0890e+07   75  618 -2.894e+08 2.0902e+07   107%  89.1  165s
  5644  5875 2.0890e+07   88  617 -2.894e+08 2.0902e+07   107%  87.2  170s
H 5673  5875                    -2.87262e+08 2.0902e+07   107%  87.1  170s
H 5742  5875                    -2.86208e+08 2.0902e+07   107%  86.9  170s
H 5863  5875                    -2.80875e+08 2.0902e+07   107%  86.4  170s
  6575  6956 2.0888e+07  104  608 -2.809e+08 2.0902e+07   107%  84.7  176s
H 6966  7072                    -2.76424e+08 2.0902e+07   108%  84.3  179s
  7071  7474 2.0888e+07  114  613 -2.764e+08 2.0902e+07   108%  84.0  181s
H 7521  7902                    -2.76062e+08 2.0902e+07   108%  83.1  187s
  8355  8831 2.0885e+07  141  591 -2.761e+08 2.0902e+07   108%  81.4  191s
  8830  9109 2.0885e+07  148  588 -2.761e+08 2.0902e+07   108%  79.9  195s
H 9116  9398                    -2.74297e+08 2.0902e+07   108%  79.1  199s
H 9134  9398                    -2.72136e+08 2.0902e+07   108%  79.1  199s
H 9147  9398                    -2.61613e+08 2.0902e+07   108%  79.1  199s
  9397  9936 2.0884e+07  152  583 -2.616e+08 2.0902e+07   108%  78.4  201s
 10489 11034 2.0884e+07  167  556 -2.616e+08 2.0902e+07   108%  76.2  208s
H11033 11082                    -2.36046e+08 2.0902e+07   109%  75.4  221s
H11034 11082                    -2.36019e+08 2.0902e+07   109%  75.4  221s
H11037 11082                    -2.29720e+08 2.0902e+07   109%  75.4  221s
H11046 11082                    -2.29713e+08 2.0902e+07   109%  75.4  221s
H11054 11082                    -2.29710e+08 2.0902e+07   109%  75.3  221s
H11075 11082                    -2.24056e+08 2.0902e+07   109%  75.3  221s
H11382 11679                    -2.24056e+08 2.0902e+07   109%  74.5  224s
 11678 12203 2.0882e+07  189  539 -2.241e+08 2.0902e+07   109%  73.7  228s
 12202 12750 2.0881e+07  195  521 -2.241e+08 2.0902e+07   109%  72.7  232s
H12423 12750                    -2.24054e+08 2.0902e+07   109%  72.4  232s
 12749 13519 2.0881e+07  207  506 -2.241e+08 2.0902e+07   109%  71.7  236s
 13518 13998 2.0881e+07  221  492 -2.241e+08 2.0902e+07   109%  70.5  241s
H13541 13998                    -2.12781e+08 2.0902e+07   110%  70.6  241s
H13603 13983                    -1.92114e+08 2.0902e+07   111%  70.5  241s
H13657 13982                    -1.54005e+08 2.0902e+07   114%  70.5  241s
 13997 14535 2.0879e+07  231  489 -1.540e+08 2.0902e+07   114%  70.0  246s
H14307 14535                    -1.54005e+08 2.0902e+07   114%  69.7  246s
 14563 15397 2.0879e+07  243  478 -1.540e+08 2.0902e+07   114%  69.3  250s
H15427 15693                    -1.42446e+08 2.0902e+07   115%  69.0  256s
H15476 15685                    -1.21472e+08 2.0902e+07   117%  69.0  256s
 15723 16376 2.0878e+07  265  464 -1.215e+08 2.0902e+07   117%  68.8  262s
 16429 16423 2.0878e+07  279  443 -1.215e+08 2.0902e+07   117%  68.3  271s
H16431 16423                    -1.08931e+08 2.0902e+07   119%  68.3  271s
H16434 16423                    -1.08916e+08 2.0902e+07   119%  68.3  271s
H16437 16408                    -8.45497e+07 2.0902e+07   125%  68.4  271s
 16477 17365 2.0878e+07  280  445 -8.455e+07 2.0902e+07   125%  68.4  276s
 17451 18325 2.0878e+07  293  429 -8.455e+07 2.0902e+07   125%  67.7  280s
H18418 18270                    -6.04824e+07 2.0902e+07   135%  66.9  287s
H18418 18270                    -6.04764e+07 2.0902e+07   135%  66.9  288s
H18418 18270                    -6.04633e+07 2.0902e+07   135%  66.9  294s
H18418 18256                    -5.83377e+07 2.0902e+07   136%  66.9  294s
H18418 18256                    -5.83346e+07 2.0902e+07   136%  66.9  295s
H18418 18256                    -5.83247e+07 2.0902e+07   136%  66.9  298s
H18418 18256                    -5.50264e+07 2.0902e+07   138%  66.9  302s
 18419 18241 2.0896e+07    7  676 -5.503e+07 2.0902e+07   138%  66.9  332s
H18420 17329                    -5.50235e+07 2.0902e+07   138%  66.9  391s
 18422 17330 2.0895e+07   31  455 -5.502e+07 2.0902e+07   138%  66.9  399s
 18423 17331 2.0887e+07  186  516 -5.502e+07 2.0902e+07   138%  66.9  405s
 18426 17333 2.0893e+07   55  505 -5.502e+07 2.0901e+07   138%  66.9  410s
H18429 16468                    -1.71932e+07 2.0901e+07   222%  66.9  444s
 18431 16469 2.0894e+07   46  508 -1.719e+07 2.0901e+07   222%  66.9  447s
H18434 15648                    -1.71864e+07 2.0901e+07   222%  66.9  480s
H18434 14865                    -1.71736e+07 2.0901e+07   222%  66.9  480s
H18434 14121                    -1.71669e+07 2.0901e+07   222%  66.9  480s
H18434 13415                    2.065469e+07 2.0901e+07  1.19%  66.9  480s
H18439 12749                    2.070037e+07 2.0900e+07  0.97%  72.3  573s
H18439 12111                    2.080761e+07 2.0900e+07  0.45%  72.3  573s
H18439 11505                    2.081261e+07 2.0900e+07  0.42%  72.3  573s
H18439 10930                    2.081506e+07 2.0873e+07  0.28%  72.3  573s
H18439 10384                    2.081849e+07 2.0873e+07  0.26%  72.3  574s
H18439  9864                    2.082340e+07 2.0873e+07  0.24%  72.3  574s
H18439  9371                    2.082892e+07 2.0873e+07  0.21%  72.3  574s
 18441  9372 2.0873e+07   15  483 2.0829e+07 2.0873e+07  0.21%  72.3  582s
 18442  9373 2.0873e+07   37  507 2.0829e+07 2.0873e+07  0.21%  72.3  587s
 18443  9373 2.0873e+07   71  485 2.0829e+07 2.0873e+07  0.21%  72.3  590s
H18443  8904                    2.083302e+07 2.0873e+07  0.19%  72.3  590s

Cutting planes:
  Learned: 1
  Gomory: 38
  Cover: 16
  Implied bound: 208
  MIR: 733
  Flow cover: 883
  RLT: 4
  Relax-and-lift: 417

Explored 18443 nodes (1486515 simplex iterations) in 591.03 seconds (658.55 work units)
Thread count was 48 (of 192 available processors)

Solution count 10: 2.0833e+07 2.0833e+07 2.08289e+07 ... 2.06547e+07

Optimal solution found (tolerance 2.00e-03)
Best objective 2.083302079674e+07, best bound 2.087309097249e+07, gap 0.1923%
Deleted nodefile directory: /scratch-local/lbeemster.22646318/gurobi_stress_vol2.0_0.4_price_st_run3
Saved model snapshot to study_case_model/figures/volatility_stress/07052026/vol2.0_0.4_price_st/sub70.0/run3/model_snapshot.pkl
  Objective: 20833020.80
  Avg H2 production: 1.913148510907074
  Scenario obj std: 765254.1433067474
  CVaR 5%: 19203383.902484536
  Worst scenario: 19133521.90273367

============================================================
Volatility multiplier: 4.0x
============================================================
Read LP format model from file /scratch-local/lbeemster.22646318/tmp6vxq81yf.pyomo.lp
Reading time = 1.20 seconds
x1: 178177 rows, 50626 columns, 1021376 nonzeros
Set parameter OutputFlag to value 1
Set parameter MIPGap to value 0.002
Set parameter Threads to value 48
Set parameter Presolve to value 1
Set parameter Cuts to value 1
Set parameter NodefileStart to value 1
Set parameter NodefileDir to value "/scratch-local/lbeemster.22646318/gurobi_stress_vol4.0_0.4_price_st_run3"
Set parameter MemLimit to value 60
Gurobi Optimizer version 12.0.3 build v12.0.3rc0 (linux64 - "Red Hat Enterprise Linux 9.6 (Plow)")

CPU model: AMD EPYC 9654 96-Core Processor, instruction set [SSE2|AVX|AVX2|AVX512]
Thread count: 192 physical cores, 192 logical processors, using up to 48 threads

Non-default parameters:
MemLimit  60
MIPGap  0.002
NodefileStart  1
Cuts  1
Presolve  1
Threads  48

Academic license 2514514 - for non-commercial use only - registered to l.___@student.vu.nl
Optimize a model with 178177 rows, 50626 columns and 1021376 nonzeros
Model fingerprint: 0xed008f7c
Variable types: 40002 continuous, 10624 integer (10624 binary)
Coefficient statistics:
  Matrix range     [1e-06, 1e+05]
  Objective range  [2e+00, 3e+04]
  Bounds range     [1e+00, 1e+00]
  RHS range        [3e-01, 2e+05]
Presolve removed 34049 rows and 14166 columns
Presolve time: 1.81s
Presolved: 144128 rows, 36460 columns, 945973 nonzeros
Variable types: 28012 continuous, 8448 integer (8448 binary)
Found heuristic solution: objective -4.36953e+09

Deterministic concurrent LP optimizer: primal simplex, dual simplex, and barrier
Showing barrier log only...

Root barrier log...

Ordering time: 2.39s

Barrier statistics:
 AA' NZ     : 1.286e+07
 Factor NZ  : 1.434e+07 (roughly 200 MB of memory)
 Factor Ops : 2.150e+09 (less than 1 second per iteration)
 Threads    : 46

                  Objective                Residual
Iter       Primal          Dual         Primal    Dual     Compl     Time
   0  -3.00787559e+12  1.66214146e+14  3.09e+05 3.67e+04  1.75e+10     7s
   1  -1.87987392e+12  1.04787429e+14  1.75e+05 2.84e+05  7.64e+09     7s
   2  -5.43465077e+11  6.97243203e+13  4.78e+04 1.11e+04  2.11e+09     7s
   3  -4.46434183e+10  1.98105859e+13  3.19e+03 1.35e+01  2.01e+08     7s
   4  -1.31905827e+10  5.19548524e+12  5.05e+02 4.78e-07  3.87e+07     7s
   5  -7.65181760e+09  1.32630987e+12  1.11e+02 1.36e-07  8.73e+06     7s
   6  -3.12004370e+09  5.49634609e+11  4.17e+01 5.49e-08  3.35e+06     7s
   7  -1.51701457e+09  3.47420837e+11  2.31e+01 4.26e-08  2.04e+06     7s
   8  -6.29480541e+08  1.72908641e+11  8.40e+00 2.16e-08  9.61e+05     7s
   9  -2.05949663e+08  6.48500127e+10  2.29e+00 9.08e-09  3.45e+05     8s
  10  -1.29308704e+07  2.20432199e+10  1.76e-01 3.32e-08  1.10e+05     8s
  11   6.29471860e+06  6.67282194e+09  1.90e-02 1.20e-08  3.28e+04     8s
  12   9.49785208e+06  1.31657095e+09  3.78e-09 2.46e-09  6.42e+03     8s
  13   1.05318941e+07  4.57915752e+08  2.96e-09 1.16e-09  2.20e+03     8s
  14   1.23339485e+07  1.70984908e+08  3.04e-09 6.98e-10  7.79e+02     8s
  15   1.45478439e+07  8.99227363e+07  2.50e-09 4.66e-10  3.70e+02     8s
  16   1.89632265e+07  5.79141019e+07  2.72e-09 2.33e-10  1.91e+02     8s
  17   1.99118123e+07  3.58718256e+07  2.03e-09 4.66e-10  7.84e+01     8s
  18   2.00461483e+07  3.02358300e+07  2.02e-09 4.66e-10  5.01e+01     8s
  19   2.03220998e+07  2.62406537e+07  1.77e-09 4.66e-10  2.91e+01     8s
  20   2.06703432e+07  2.43894995e+07  2.66e-09 4.66e-10  1.83e+01     8s
  21   2.08285458e+07  2.34473680e+07  1.88e-09 4.66e-10  1.29e+01     8s
  22   2.10103735e+07  2.23182539e+07  2.92e-09 4.66e-10  6.42e+00     8s
  23   2.10806659e+07  2.18596150e+07  3.58e-09 4.66e-10  3.83e+00     8s
  24   2.11394953e+07  2.16695291e+07  1.06e-08 4.66e-10  2.60e+00     8s
  25   2.11637752e+07  2.13646934e+07  2.16e-08 4.66e-10  9.87e-01     8s

Barrier performed 25 iterations in 8.50 seconds (6.94 work units)
Barrier solve interrupted - model solved by another algorithm

Concurrent spin time: 1.51s (can be avoided by choosing Method=3)

Solved with dual simplex

Root relaxation: objective 2.124288e+07, 50820 iterations, 5.60 seconds (4.19 work units)
Total elapsed time = 10.15s (DegenMoves)

    Nodes    |    Current Node    |     Objective Bounds      |     Work
 Expl Unexpl |  Obj  Depth IntInf | Incumbent    BestBd   Gap | It/Node Time

     0     0 2.1243e+07    0  603 -4.370e+09 2.1243e+07   100%     -   10s
H    0     0                    -2.82154e+09 2.1243e+07   101%     -   11s
H    0     0                    -2.77948e+09 2.1243e+07   101%     -   14s
     0     0 2.1144e+07    0  709 -2.779e+09 2.1144e+07   101%     -   17s
     0     0 2.1144e+07    0  710 -2.779e+09 2.1144e+07   101%     -   17s
H    0     0                    -2.53568e+09 2.1144e+07   101%     -   18s
     0     0 2.1144e+07    0  789 -2.536e+09 2.1144e+07   101%     -   19s
     0     0 2.1144e+07    0  794 -2.536e+09 2.1144e+07   101%     -   19s
     0     0 2.1144e+07    0  798 -2.536e+09 2.1144e+07   101%     -   19s
     0     0 2.1118e+07    0  722 -2.536e+09 2.1118e+07   101%     -   22s
     0     0 2.1118e+07    0  726 -2.536e+09 2.1118e+07   101%     -   22s
     0     0 2.1118e+07    0  749 -2.536e+09 2.1118e+07   101%     -   22s
     0     0 2.1118e+07    0  769 -2.536e+09 2.1118e+07   101%     -   23s
     0     0 2.1118e+07    0  777 -2.536e+09 2.1118e+07   101%     -   23s
     0     0 2.1118e+07    0  772 -2.536e+09 2.1118e+07   101%     -   23s
     0     0 2.1114e+07    0  772 -2.536e+09 2.1114e+07   101%     -   27s
H    0     0                    -2.00757e+09 2.1114e+07   101%     -   28s
     0     0 2.1114e+07    0  826 -2.008e+09 2.1114e+07   101%     -   29s
     0     0 2.1114e+07    0  838 -2.008e+09 2.1114e+07   101%     -   29s
     0     0 2.1114e+07    0  847 -2.008e+09 2.1114e+07   101%     -   29s
     0     0 2.1113e+07    0  806 -2.008e+09 2.1113e+07   101%     -   34s
     0     0 2.1113e+07    0  821 -2.008e+09 2.1113e+07   101%     -   34s
     0     0 2.1113e+07    0  830 -2.008e+09 2.1113e+07   101%     -   35s
     0     0 2.1113e+07    0  836 -2.008e+09 2.1113e+07   101%     -   35s
     0     0 2.1095e+07    0  641 -2.008e+09 2.1095e+07   101%     -   39s
     0     0 2.1094e+07    0  673 -2.008e+09 2.1094e+07   101%     -   41s
     0     0 2.1089e+07    0  672 -2.008e+09 2.1089e+07   101%     -   44s
H    0     0                    -1.60333e+09 2.1089e+07   101%     -   45s
     0     0 2.1089e+07    0  669 -1.603e+09 2.1089e+07   101%     -   45s
     0     0 2.1089e+07    0  678 -1.603e+09 2.1089e+07   101%     -   45s
     0     0 2.1089e+07    0  693 -1.603e+09 2.1089e+07   101%     -   48s
H    0     0                    -1.60293e+09 2.1089e+07   101%     -   49s
     0     0 2.1089e+07    0  703 -1.603e+09 2.1089e+07   101%     -   49s
     0     0 2.1089e+07    0  693 -1.603e+09 2.1089e+07   101%     -   52s
     0     0 2.1089e+07    0  717 -1.603e+09 2.1089e+07   101%     -   52s
     0     0 2.1089e+07    0  719 -1.603e+09 2.1089e+07   101%     -   53s
     0     0 2.1089e+07    0  693 -1.603e+09 2.1089e+07   101%     -   53s
     0     0 2.1089e+07    0  671 -1.603e+09 2.1089e+07   101%     -   62s
H    0     0                    -1.01625e+09 2.1089e+07   102%     -   66s
H    0     0                    -9.98616e+08 2.1089e+07   102%     -   67s
H    0     0                    -9.86411e+08 2.1089e+07   102%     -   76s
H    0     0                    -9.73051e+08 2.1089e+07   102%     -   77s
H    0     0                    -9.51546e+08 2.1089e+07   102%     -   80s
H    0     0                    -9.46734e+08 2.1089e+07   102%     -   88s
H    0     0                    -9.28810e+08 2.1089e+07   102%     -   91s
H    0     0                    -9.07298e+08 2.1089e+07   102%     -   94s
H    0     0                    -9.07298e+08 2.1089e+07   102%     -  100s
H    0     0                    -9.07297e+08 2.1089e+07   102%     -  102s
H    0     0                    -8.83921e+08 2.1089e+07   102%     -  102s
H    0     0                    -8.83913e+08 2.1089e+07   102%     -  102s
H    0     0                    -8.83910e+08 2.1089e+07   102%     -  102s
H    0     0                    -8.83909e+08 2.1089e+07   102%     -  102s
     0     2 2.1089e+07    0  663 -8.839e+08 2.1089e+07   102%     -  105s
H  111   160                    -8.83873e+08 2.1089e+07   102%   138  110s
H  121   160                    -8.46884e+08 2.1089e+07   102%   134  110s
H  158   160                    -8.46631e+08 2.1089e+07   102%   114  110s
   635   684 2.1087e+07   13  677 -8.466e+08 2.1089e+07   102%  78.8  115s
H  734   775                    -8.46610e+08 2.1089e+07   102%  74.9  116s
H  752   775                    -8.33857e+08 2.1089e+07   103%  74.7  116s
  1174  1256 2.1086e+07   27  670 -8.339e+08 2.1089e+07   103%  62.9  120s
  1944  1993 2.1086e+07   32  644 -8.339e+08 2.1089e+07   103%  52.3  126s
H 1992  2041                    -8.22055e+08 2.1089e+07   103%  52.1  141s
H 1994  2041                    -8.10313e+08 2.1089e+07   103%  52.0  141s
H 2010  2041                    -8.09254e+08 2.1089e+07   103%  51.8  141s
H 2019  2041                    -8.02593e+08 2.1089e+07   103%  51.8  141s
  2261  2389 2.1086e+07   37  629 -8.026e+08 2.1089e+07   103%  50.4  145s
H 2275  2389                    -8.02593e+08 2.1089e+07   103%  50.4  145s
H 2292  2389                    -7.70609e+08 2.1089e+07   103%  50.2  145s
Created node file directory '/scratch-local/lbeemster.22646318/gurobi_stress_vol4.0_0.4_price_st_run3/grbnodes0'
  3364  3421 2.1085e+07   63  610 -7.706e+08 2.1089e+07   103%  49.4  152s
H 3424  3586                    -7.51737e+08 2.1089e+07   103%  49.6  154s
H 3430  3586                    -7.48380e+08 2.1089e+07   103%  49.6  154s
H 3434  3586                    -6.66564e+08 2.1089e+07   103%  49.6  154s
  3585  3634 2.1085e+07   64  609 -6.666e+08 2.1089e+07   103%  49.2  157s
H 3633  3682                    -5.21850e+08 2.1089e+07   104%  49.2  165s
H 3635  3682                    -5.04297e+08 2.1089e+07   104%  49.2  165s
H 3639  3682                    -4.81047e+08 2.1089e+07   104%  49.2  165s
H 3646  3682                    -4.78744e+08 2.1089e+07   104%  49.3  165s
H 3676  3682                    -4.77524e+08 2.1089e+07   104%  49.5  165s
  4416  4704 2.1083e+07   75  603 -4.775e+08 2.1089e+07   104%  48.5  171s
H 4757  4861                    -4.77524e+08 2.1089e+07   104%  48.8  173s
  5189  5515 2.1083e+07   94  612 -4.775e+08 2.1089e+07   104%  49.2  176s
  5828  6071 2.1082e+07  102  609 -4.775e+08 2.1089e+07   104%  49.3  180s
H 5839  6071                    -3.52343e+08 2.1089e+07   106%  49.3  180s
  6811  7163 2.1081e+07  113  606 -3.523e+08 2.1089e+07   106%  49.7  185s
H 7198  7428                    -3.48873e+08 2.1089e+07   106%  50.2  188s
  7427  7843 2.1081e+07  118  609 -3.489e+08 2.1089e+07   106%  50.7  191s
  8318  8820 2.1080e+07  133  596 -3.489e+08 2.1089e+07   106%  50.4  195s
  9243  9639 2.1079e+07  157  586 -3.489e+08 2.1089e+07   106%  49.9  200s
 10191 10507 2.1078e+07  174  581 -3.489e+08 2.1089e+07   106%  49.3  206s
 11077 11674 2.1078e+07  187  580 -3.489e+08 2.1089e+07   106%  48.4  211s
 12296 12938 2.1078e+07  211  569 -3.489e+08 2.1089e+07   106%  47.6  217s
H12937 12986                    -3.46959e+08 2.1089e+07   106%  47.3  232s
H12938 12986                    -3.40349e+08 2.1089e+07   106%  47.3  232s
H12943 12986                    -3.36338e+08 2.1089e+07   106%  47.2  232s
H12955 12986                    -3.32424e+08 2.1089e+07   106%  47.3  232s
H12959 12986                    -3.29713e+08 2.1089e+07   106%  47.3  232s
 13611 14292 2.1077e+07  224  569 -3.297e+08 2.1089e+07   106%  46.8  237s
H14291 14646                    -1.76726e+08 2.1089e+07   112%  46.5  243s
H14332 14646                    -1.38092e+08 2.1089e+07   115%  46.5  243s
H14526 14623                    -1.04077e+08 2.1089e+07   120%  46.4  243s
 14645 15188 2.1074e+07  231  563 -1.041e+08 2.1089e+07   120%  46.3  247s
 15224 15885 2.1075e+07  238  558 -1.041e+08 2.1089e+07   120%  46.1  252s
 15923 16776 2.1074e+07  251  560 -1.041e+08 2.1089e+07   120%  45.6  255s
 16820 17409 2.1073e+07  271  545 -1.041e+08 2.1089e+07   120%  45.2  261s
H16821 17355                    -7.48535e+07 2.1089e+07   128%  45.2  261s
H17048 17338                    -5.92383e+07 2.1089e+07   136%  45.1  261s
H17158 11020                    1.611558e+07 2.1089e+07  30.9%  45.0  261s
H17467 10501                    1.889800e+07 2.1089e+07  11.6%  44.8  265s
H17474 10355                    2.006897e+07 2.1089e+07  5.08%  44.8  265s
H17481 10355                    2.066577e+07 2.1089e+07  2.05%  44.8  265s
H17496 10355                    2.067208e+07 2.1089e+07  2.02%  44.8  265s
H17533 10355                    2.067758e+07 2.1089e+07  1.99%  44.9  265s
H17558 10355                    2.068163e+07 2.1089e+07  1.97%  44.9  265s
H17992 10355                    2.070895e+07 2.1088e+07  1.83%  45.0  265s
H18142 10267                    2.077238e+07 2.1088e+07  1.52%  45.1  274s
H18142 10267                    2.093757e+07 2.1088e+07  0.72%  45.1  276s
H18142 10267                    2.094086e+07 2.1088e+07  0.70%  45.1  286s
H18142 10267                    2.095312e+07 2.1088e+07  0.65%  45.1  290s
H18142 10267                    2.095834e+07 2.1088e+07  0.62%  45.1  291s
 18143 10242 2.1086e+07   24  671 2.0958e+07 2.1088e+07  0.62%  45.1  319s
H18144  9730                    2.099342e+07 2.1088e+07  0.45%  45.1  393s
H18144  9244                    2.100314e+07 2.1088e+07  0.41%  45.1  393s
H18144  8782                    2.100369e+07 2.1088e+07  0.40%  45.1  393s
H18144  8342                    2.100516e+07 2.1088e+07  0.40%  45.1  393s
H18145  7925                    2.101600e+07 2.1057e+07  0.19%  45.1  394s

Cutting planes:
  Gomory: 2
  Cover: 6
  Implied bound: 124
  MIR: 672
  Flow cover: 430
  Relax-and-lift: 174

Explored 18145 nodes (952814 simplex iterations) in 394.47 seconds (426.36 work units)
Thread count was 48 (of 192 available processors)

Solution count 10: 2.1016e+07 2.1016e+07 2.10052e+07 ... 2.09376e+07

Optimal solution found (tolerance 2.00e-03)
Best objective 2.101600862603e+07, best bound 2.105683313698e+07, gap 0.1943%
Deleted nodefile directory: /scratch-local/lbeemster.22646318/gurobi_stress_vol4.0_0.4_price_st_run3
Saved model snapshot to study_case_model/figures/volatility_stress/07052026/vol4.0_0.4_price_st/sub70.0/run3/model_snapshot.pkl
  Objective: 21016008.63
  Avg H2 production: 1.9900112714483456
  Scenario obj std: 879411.5891372861
  CVaR 5%: 19065397.70640489
  Worst scenario: 19065397.706403073

============================================================
Volatility multiplier: 8.0x
============================================================
Read LP format model from file /scratch-local/lbeemster.22646318/tmpu_5gwr5j.pyomo.lp
Reading time = 1.93 seconds
x1: 178177 rows, 50626 columns, 1021376 nonzeros
Set parameter OutputFlag to value 1
Set parameter MIPGap to value 0.002
Set parameter Threads to value 48
Set parameter Presolve to value 1
Set parameter Cuts to value 1
Set parameter NodefileStart to value 1
Set parameter NodefileDir to value "/scratch-local/lbeemster.22646318/gurobi_stress_vol8.0_0.4_price_st_run3"
Set parameter MemLimit to value 60
Gurobi Optimizer version 12.0.3 build v12.0.3rc0 (linux64 - "Red Hat Enterprise Linux 9.6 (Plow)")

CPU model: AMD EPYC 9654 96-Core Processor, instruction set [SSE2|AVX|AVX2|AVX512]
Thread count: 192 physical cores, 192 logical processors, using up to 48 threads

Non-default parameters:
MemLimit  60
MIPGap  0.002
NodefileStart  1
Cuts  1
Presolve  1
Threads  48

Academic license 2514514 - for non-commercial use only - registered to l.___@student.vu.nl
Optimize a model with 178177 rows, 50626 columns and 1021376 nonzeros
Model fingerprint: 0xb01bc0d3
Variable types: 40002 continuous, 10624 integer (10624 binary)
Coefficient statistics:
  Matrix range     [1e-06, 1e+05]
  Objective range  [2e+00, 3e+04]
  Bounds range     [1e+00, 1e+00]
  RHS range        [3e-01, 2e+05]
Presolve removed 34049 rows and 14166 columns
Presolve time: 1.85s
Presolved: 144128 rows, 36460 columns, 945973 nonzeros
Variable types: 28012 continuous, 8448 integer (8448 binary)
Found heuristic solution: objective -4.36919e+09

Deterministic concurrent LP optimizer: primal simplex, dual simplex, and barrier
Showing barrier log only...

Root barrier log...

Ordering time: 2.42s

Barrier statistics:
 AA' NZ     : 1.286e+07
 Factor NZ  : 1.434e+07 (roughly 200 MB of memory)
 Factor Ops : 2.150e+09 (less than 1 second per iteration)
 Threads    : 46

                  Objective                Residual
Iter       Primal          Dual         Primal    Dual     Compl     Time
   0  -3.00787280e+12  1.66214159e+14  3.09e+05 3.67e+04  1.75e+10     7s
   1  -1.87987233e+12  1.04787438e+14  1.75e+05 2.84e+05  7.64e+09     7s
   2  -5.43464624e+11  6.97243259e+13  4.78e+04 1.11e+04  2.11e+09     7s
   3  -4.46433485e+10  1.98105876e+13  3.19e+03 1.35e+01  2.01e+08     7s
   4  -1.31905457e+10  5.19548509e+12  5.05e+02 1.96e-07  3.87e+07     7s
   5  -7.65178702e+09  1.32631014e+12  1.11e+02 9.50e-08  8.73e+06     7s
   6  -3.12002881e+09  5.49631384e+11  4.17e+01 4.49e-08  3.35e+06     7s
   7  -1.51698598e+09  3.47418351e+11  2.31e+01 3.31e-08  2.04e+06     7s
   8  -6.29458525e+08  1.72904821e+11  8.40e+00 1.64e-08  9.61e+05     7s

Barrier performed 8 iterations in 7.38 seconds (5.22 work units)
Barrier solve interrupted - model solved by another algorithm

Concurrent spin time: 2.06s (can be avoided by choosing Method=3)

Solved with primal simplex

Root relaxation: objective 2.173442e+07, 45550 iterations, 4.29 seconds (2.48 work units)

    Nodes    |    Current Node    |     Objective Bounds      |     Work
 Expl Unexpl |  Obj  Depth IntInf | Incumbent    BestBd   Gap | It/Node Time

     0     0 2.1734e+07    0  679 -4.369e+09 2.1734e+07   100%     -    9s
H    0     0                    -2.34748e+09 2.1734e+07   101%     -   11s
H    0     0                    -2.34747e+09 2.1734e+07   101%     -   14s
     0     0 2.1615e+07    0  753 -2.347e+09 2.1615e+07   101%     -   17s
     0     0 2.1615e+07    0  753 -2.347e+09 2.1615e+07   101%     -   17s
H    0     0                    -2.34343e+09 2.1615e+07   101%     -   19s
     0     0 2.1615e+07    0  795 -2.343e+09 2.1615e+07   101%     -   19s
     0     0 2.1615e+07    0  797 -2.343e+09 2.1615e+07   101%     -   19s
     0     0 2.1615e+07    0  799 -2.343e+09 2.1615e+07   101%     -   19s
     0     0 2.1581e+07    0  713 -2.343e+09 2.1581e+07   101%     -   22s
     0     0 2.1581e+07    0  715 -2.343e+09 2.1581e+07   101%     -   22s
H    0     0                    -2.21264e+09 2.1581e+07   101%     -   24s
     0     0 2.1580e+07    0  743 -2.213e+09 2.1580e+07   101%     -   24s
     0     0 2.1580e+07    0  764 -2.213e+09 2.1580e+07   101%     -   24s
     0     0 2.1577e+07    0  740 -2.213e+09 2.1577e+07   101%     -   28s
     0     0 2.1577e+07    0  754 -2.213e+09 2.1577e+07   101%     -   30s
     0     0 2.1577e+07    0  790 -2.213e+09 2.1577e+07   101%     -   30s
     0     0 2.1577e+07    0  800 -2.213e+09 2.1577e+07   101%     -   30s
     0     0 2.1574e+07    0  754 -2.213e+09 2.1574e+07   101%     -   35s
H    0     0                    -2.12928e+09 2.1574e+07   101%     -   36s
     0     0 2.1574e+07    0  774 -2.129e+09 2.1574e+07   101%     -   36s
     0     0 2.1574e+07    0  775 -2.129e+09 2.1574e+07   101%     -   37s
     0     0 2.1574e+07    0  779 -2.129e+09 2.1574e+07   101%     -   37s
     0     0 2.1557e+07    0  667 -2.129e+09 2.1557e+07   101%     -   41s
H    0     0                    -1.70463e+09 2.1557e+07   101%     -   42s
     0     0 2.1557e+07    0  692 -1.705e+09 2.1557e+07   101%     -   42s
     0     0 2.1557e+07    0  689 -1.705e+09 2.1557e+07   101%     -   43s
     0     0 2.1553e+07    0  719 -1.705e+09 2.1553e+07   101%     -   46s
H    0     0                    -1.66117e+09 2.1553e+07   101%     -   47s
     0     0 2.1553e+07    0  715 -1.661e+09 2.1553e+07   101%     -   47s
     0     0 2.1552e+07    0  704 -1.661e+09 2.1552e+07   101%     -   50s
H    0     0                    -1.58326e+09 2.1552e+07   101%     -   51s
     0     0 2.1552e+07    0  698 -1.583e+09 2.1552e+07   101%     -   51s
     0     0 2.1552e+07    0  717 -1.583e+09 2.1552e+07   101%     -   54s
H    0     0                    -1.53692e+09 2.1552e+07   101%     -   55s
     0     0 2.1552e+07    0  719 -1.537e+09 2.1552e+07   101%     -   56s
     0     0 2.1552e+07    0  703 -1.537e+09 2.1552e+07   101%     -   58s
     0     0 2.1552e+07    0  704 -1.537e+09 2.1552e+07   101%     -   59s
     0     0 2.1552e+07    0  691 -1.537e+09 2.1552e+07   101%     -   60s
     0     0 2.1552e+07    0  691 -1.537e+09 2.1552e+07   101%     -   68s
H    0     0                    -1.45259e+09 2.1552e+07   101%     -   72s
H    0     0                    -1.31486e+09 2.1552e+07   102%     -   73s
H    0     0                    -1.30998e+09 2.1552e+07   102%     -   81s
H    0     0                    -1.30973e+09 2.1552e+07   102%     -   82s
H    0     0                    -1.22597e+09 2.1552e+07   102%     -   85s
H    0     0                    -1.00891e+09 2.1552e+07   102%     -   90s
H    0     0                    -9.76661e+08 2.1552e+07   102%     -   93s
H    0     0                    -9.40714e+08 2.1552e+07   102%     -   96s
H    0     0                    -8.59705e+08 2.1552e+07   103%     -   99s
H    0     0                    -7.30698e+08 2.1552e+07   103%     -  102s
H    0     0                    -7.26994e+08 2.1552e+07   103%     -  103s
H    0     0                    -7.25144e+08 2.1552e+07   103%     -  106s
     0     2 2.1552e+07    0  691 -7.251e+08 2.1552e+07   103%     -  109s
     1     4 2.1552e+07    1  688 -7.251e+08 2.1552e+07   103%  1327  110s
H   37    64                    -7.25144e+08 2.1551e+07   103%   240  112s
H   44    64                    -7.25119e+08 2.1551e+07   103%   210  112s
   230   323 2.1549e+07    9  687 -7.251e+08 2.1551e+07   103%   119  115s
H  809   856                    -7.25118e+08 2.1551e+07   103%  69.8  119s
   855   904 2.1549e+07   22  667 -7.251e+08 2.1551e+07   103%  70.9  122s
H  940  1012                    -7.23265e+08 2.1551e+07   103%  70.1  122s
  1410  1522 2.1548e+07   29  669 -7.233e+08 2.1551e+07   103%  64.8  125s
  2090  2139 2.1539e+07   43  666 -7.233e+08 2.1551e+07   103%  60.2  132s
H 2125  2139                    -7.23251e+08 2.1551e+07   103%  59.8  132s
H 2126  2139                    -6.85097e+08 2.1551e+07   103%  59.8  132s
  2138  2267 2.1545e+07   44  666 -6.851e+08 2.1551e+07   103%  59.7  139s
H 2235  2267                    -6.76686e+08 2.1551e+07   103%  59.7  139s
  2266  2315 2.1545e+07   45  669 -6.767e+08 2.1551e+07   103%  60.1  141s
Created node file directory '/scratch-local/lbeemster.22646318/gurobi_stress_vol8.0_0.4_price_st_run3/grbnodes0'
  3017  3182 2.1544e+07   60  652 -6.767e+08 2.1551e+07   103%  57.5  145s
H 3458  3672                    -6.75488e+08 2.1551e+07   103%  55.4  151s
H 3474  3672                    -6.68528e+08 2.1551e+07   103%  55.2  151s
H 3634  3672                    -6.58148e+08 2.1551e+07   103%  55.0  151s
H 3652  3672                    -4.20915e+08 2.1551e+07   105%  55.0  151s
H 4388  4437                    -4.20915e+08 2.1551e+07   105%  53.6  158s
  4681  4962 2.1538e+07   88  643 -4.209e+08 2.1551e+07   105%  53.4  160s
  5607  5835 2.1538e+07  105  623 -4.209e+08 2.1551e+07   105%  50.6  166s
H 5653  5835                    -4.06646e+08 2.1551e+07   105%  50.4  166s
  6505  6656 2.1536e+07  131  618 -4.066e+08 2.1551e+07   105%  48.9  171s
H 6667  6911                    -3.90313e+08 2.1551e+07   106%  48.7  174s
H 6711  6911                    -3.88844e+08 2.1551e+07   106%  48.5  174s
H 6779  6911                    -3.69486e+08 2.1551e+07   106%  48.4  174s
H 6780  6911                    -3.51784e+08 2.1551e+07   106%  48.4  174s
  6910  7290 2.1532e+07  145  611 -3.518e+08 2.1551e+07   106%  48.2  175s
H 7289  7338                    -3.51784e+08 2.1551e+07   106%  47.6  179s
H 7305  7338                    -3.51784e+08 2.1551e+07   106%  47.6  179s
  7337  7717 2.1532e+07  154  603 -3.518e+08 2.1551e+07   106%  47.6  181s
  8148  8459 2.1531e+07  165  578 -3.518e+08 2.1551e+07   106%  46.9  186s
  8458  8535 2.1531e+07  172  573 -3.518e+08 2.1551e+07   106%  46.8  190s
H 8469  8535                    -3.38089e+08 2.1551e+07   106%  46.7  190s
  8997  9473 2.1530e+07  187  567 -3.381e+08 2.1551e+07   106%  46.2  195s
H 9498  9805                    -1.92855e+08 2.1551e+07   111%  46.2  198s
  9804  9853 7157613.05  205  566 -1.929e+08 2.1551e+07   111%  45.8  203s
H 9805  9853                    -1.92855e+08 2.1551e+07   111%  45.8  203s
H 9826  9853                    -1.92855e+08 2.1551e+07   111%  45.9  203s
  9852 10338 2.1528e+07  206  570 -1.929e+08 2.1551e+07   111%  46.0  206s
H10907 11264                    -1.92745e+08 2.1551e+07   111%  45.6  212s
H11089 11264                    -1.90967e+08 2.1551e+07   111%  45.6  212s
H11240 11253                    -1.54550e+08 2.1551e+07   114%  45.6  212s
 11265 11787 2.1523e+07  228  562 -1.546e+08 2.1551e+07   114%  45.6  215s
 12443 12880 2.1521e+07  247  539 -1.546e+08 2.1551e+07   114%  45.2  222s
H12529 12880                    -1.54545e+08 2.1551e+07   114%  45.2  222s
H12693 12880                    -1.52688e+08 2.1551e+07   114%  45.0  222s
H12738 12880                    -1.52626e+08 2.1551e+07   114%  45.0  222s
 12899 13159 2.1520e+07  260  531 -1.526e+08 2.1551e+07   114%  44.8  225s
H12987 13159                    -1.45105e+08 2.1551e+07   115%  44.8  225s
 13178 13207 2.1520e+07  266  539 -1.451e+08 2.1551e+07   115%  44.7  230s
H13226 13255                    -1.30967e+08 2.1551e+07   116%  44.7  244s
H13229 13255                    -1.25023e+08 2.1551e+07   117%  44.7  244s
H13230 13255                    -1.21410e+08 2.1551e+07   118%  44.7  244s
H13232 13253                    -1.14951e+08 2.1551e+07   119%  44.7  244s
H13251 13250                    -8.88263e+07 2.1551e+07   124%  44.7  244s
 13274 13533 2.1520e+07  268  531 -8.883e+07 2.1551e+07   124%  44.7  248s
H13364 13533                    -8.30343e+07 2.1551e+07   126%  44.6  248s
 13607 14340 2.1520e+07  273  535 -8.303e+07 2.1551e+07   126%  44.4  251s
H14422 14852                    -7.35337e+07 2.1551e+07   129%  43.5  255s
H14445 14852                    -7.35215e+07 2.1551e+07   129%  43.4  255s
H14493 14837                    -6.14568e+07 2.1551e+07   135%  43.5  255s
H14936 14877                    -6.14568e+07 2.1551e+07   135%  42.9  266s
H14959 14877                    -6.14494e+07 2.1551e+07   135%  42.9  266s
H14962 14876                    -5.04759e+07 2.1551e+07   143%  42.9  266s
 14990 15677 2.1519e+07  294  506 -5.048e+07 2.1551e+07   143%  42.9  274s
 15802 16392 2.1518e+07  309  506 -5.048e+07 2.1551e+07   143%  42.7  283s
 16518 16467 2.1516e+07  321  503 -5.048e+07 2.1551e+07   143%  42.8  291s
H16531 16467                    -5.04456e+07 2.1551e+07   143%  42.8  291s
H16532 16453                    -4.72655e+07 2.1551e+07   146%  42.8  291s
H16533 16453                    -3.86202e+07 2.1551e+07   156%  42.8  291s
H16549 16453                    -3.07649e+07 2.1551e+07   170%  42.8  291s
H16565 16423                    -1.80939e+07 2.1551e+07   219%  42.8  291s
 16593 16996 2.1516e+07  322  497 -1.809e+07 2.1551e+07   219%  42.8  296s
H18214 17831                    -4146050.083 2.1551e+07   620%  42.0  330s
H18214 17831                    491941.70120 2.1551e+07  4281%  42.0  330s
H18214 17831                    1084993.7460 2.1551e+07  1886%  42.0  331s
H18214 17831                    1130474.9375 2.1551e+07  1806%  42.0  333s
H18214 17822                    3817579.9204 2.1551e+07   465%  42.0  334s
H18214 17166                    7518676.5055 2.1551e+07   187%  42.0  335s
H18214 17020                    1.305251e+07 2.1551e+07  65.1%  42.0  337s
H18214 16874                    1.675757e+07 2.1551e+07  28.6%  42.0  339s
H18214 16874                    1.755182e+07 2.1551e+07  22.8%  42.0  341s
H18214 16079                    1.941701e+07 2.1551e+07  11.0%  42.0  341s
H18214 14232                    2.124404e+07 2.1551e+07  1.45%  42.0  342s
H18214 14232                    2.124417e+07 2.1551e+07  1.44%  42.0  342s
H18214 14232                    2.131338e+07 2.1551e+07  1.12%  42.0  343s
H18214 14232                    2.141274e+07 2.1551e+07  0.65%  42.0  344s
H18214 14232                    2.141298e+07 2.1551e+07  0.65%  42.0  345s
 18215 14174 2.1539e+07   61  691 2.1413e+07 2.1551e+07  0.65%  42.0  363s
H18216 13466                    2.141347e+07 2.1551e+07  0.64%  42.0  426s
H18216 12792                    2.143450e+07 2.1508e+07  0.35%  42.0  426s
 18218 12793 2.1508e+07   84  408 2.1434e+07 2.1508e+07  0.35%  42.0  434s
H18218 12154                    2.143722e+07 2.1508e+07  0.33%  42.0  435s
 18220 12155 2.1508e+07   38  446 2.1437e+07 2.1508e+07  0.33%  42.0  440s
 18223 12157 2.1508e+07  320  448 2.1437e+07 2.1508e+07  0.33%  42.0  445s
H18227 11551                    2.144562e+07 2.1506e+07  0.28%  42.0  507s
 18229 11552 2.1506e+07   92  420 2.1446e+07 2.1506e+07  0.28%  42.0  511s
 18231 11554 2.1506e+07  351  439 2.1446e+07 2.1506e+07  0.28%  42.0  515s
H18234 10978                    2.144591e+07 2.1505e+07  0.28%  41.9  637s
H18234 10429                    2.146217e+07 2.1505e+07  0.20%  41.9  637s
H18234  9907                    2.146842e+07 2.1505e+07  0.17%  41.9  637s
H18234  9412                    2.146864e+07 2.1505e+07  0.17%  41.9  637s
H18234  8941                    2.146865e+07 2.1505e+07  0.17%  41.9  637s

Cutting planes:
  Gomory: 32
  Cover: 14
  Implied bound: 666
  MIR: 690
  Flow cover: 959
  RLT: 2
  Relax-and-lift: 776

Explored 18234 nodes (917781 simplex iterations) in 637.99 seconds (746.28 work units)
Thread count was 48 (of 192 available processors)

Solution count 10: 2.14687e+07 2.14686e+07 2.14684e+07 ... 2.1413e+07

Optimal solution found (tolerance 2.00e-03)
Best objective 2.146865069545e+07, best bound 2.150529461068e+07, gap 0.1707%
Deleted nodefile directory: /scratch-local/lbeemster.22646318/gurobi_stress_vol8.0_0.4_price_st_run3
Saved model snapshot to study_case_model/figures/volatility_stress/07052026/vol8.0_0.4_price_st/sub70.0/run3/model_snapshot.pkl
  Objective: 21468650.70
  Avg H2 production: 2.1599883104672277
  Scenario obj std: 1284780.2317532005
  CVaR 5%: 19262811.03621791
  Worst scenario: 19262811.03621786

============================================================
Volatility multiplier: 16.0x
============================================================
Read LP format model from file /scratch-local/lbeemster.22646318/tmpeh02tdyu.pyomo.lp
Reading time = 1.01 seconds
x1: 178177 rows, 50626 columns, 1021376 nonzeros
Set parameter OutputFlag to value 1
Set parameter MIPGap to value 0.002
Set parameter Threads to value 48
Set parameter Presolve to value 1
Set parameter Cuts to value 1
Set parameter NodefileStart to value 1
Set parameter NodefileDir to value "/scratch-local/lbeemster.22646318/gurobi_stress_vol16.0_0.4_price_st_run3"
Set parameter MemLimit to value 60
Gurobi Optimizer version 12.0.3 build v12.0.3rc0 (linux64 - "Red Hat Enterprise Linux 9.6 (Plow)")

CPU model: AMD EPYC 9654 96-Core Processor, instruction set [SSE2|AVX|AVX2|AVX512]
Thread count: 192 physical cores, 192 logical processors, using up to 48 threads

Non-default parameters:
MemLimit  60
MIPGap  0.002
NodefileStart  1
Cuts  1
Presolve  1
Threads  48

Academic license 2514514 - for non-commercial use only - registered to l.___@student.vu.nl
Optimize a model with 178177 rows, 50626 columns and 1021376 nonzeros
Model fingerprint: 0xf25ef4c8
Variable types: 40002 continuous, 10624 integer (10624 binary)
Coefficient statistics:
  Matrix range     [1e-06, 1e+05]
  Objective range  [2e+00, 3e+04]
  Bounds range     [1e+00, 1e+00]
  RHS range        [3e-01, 2e+05]
Presolve removed 34049 rows and 14166 columns
Presolve time: 1.83s
Presolved: 144128 rows, 36460 columns, 945973 nonzeros
Variable types: 28012 continuous, 8448 integer (8448 binary)
Found heuristic solution: objective -4.36850e+09

Deterministic concurrent LP optimizer: primal simplex, dual simplex, and barrier
Showing barrier log only...

Root barrier log...

Ordering time: 2.40s

Barrier statistics:
 AA' NZ     : 1.286e+07
 Factor NZ  : 1.434e+07 (roughly 200 MB of memory)
 Factor Ops : 2.150e+09 (less than 1 second per iteration)
 Threads    : 46

                  Objective                Residual
Iter       Primal          Dual         Primal    Dual     Compl     Time
   0  -3.00786721e+12  1.66214189e+14  3.09e+05 3.68e+04  1.75e+10     7s
   1  -1.87986916e+12  1.04787456e+14  1.75e+05 2.84e+05  7.64e+09     7s
   2  -5.43463719e+11  6.97243383e+13  4.78e+04 1.11e+04  2.11e+09     7s
   3  -4.46432090e+10  1.98105913e+13  3.19e+03 1.35e+01  2.01e+08     7s
   4  -1.31904717e+10  5.19548489e+12  5.05e+02 3.46e-07  3.87e+07     7s
   5  -7.65172591e+09  1.32631071e+12  1.11e+02 6.94e-08  8.73e+06     7s
   6  -3.11999911e+09  5.49624941e+11  4.17e+01 3.45e-08  3.35e+06     7s
   7  -1.51692882e+09  3.47413382e+11  2.31e+01 2.84e-08  2.04e+06     7s

Barrier performed 7 iterations in 7.44 seconds (5.11 work units)
Barrier solve interrupted - model solved by another algorithm

Concurrent spin time: 2.18s (can be avoided by choosing Method=3)

Solved with primal simplex

Root relaxation: objective 2.284146e+07, 42883 iterations, 4.37 seconds (2.45 work units)

    Nodes    |    Current Node    |     Objective Bounds      |     Work
 Expl Unexpl |  Obj  Depth IntInf | Incumbent    BestBd   Gap | It/Node Time

     0     0 2.2841e+07    0  639 -4.368e+09 2.2841e+07   101%     -    9s
H    0     0                    -2.30210e+09 2.2841e+07   101%     -   10s
     0     0 2.2669e+07    0  752 -2.302e+09 2.2669e+07   101%     -   14s
     0     0 2.2669e+07    0  793 -2.302e+09 2.2669e+07   101%     -   15s
     0     0 2.2669e+07    0  795 -2.302e+09 2.2669e+07   101%     -   15s
     0     0 2.2605e+07    0  639 -2.302e+09 2.2605e+07   101%     -   18s
H    0     0                    -2.23205e+09 2.2605e+07   101%     -   19s
     0     0 2.2605e+07    0  670 -2.232e+09 2.2605e+07   101%     -   20s
     0     0 2.2605e+07    0  675 -2.232e+09 2.2605e+07   101%     -   20s
     0     0 2.2605e+07    0  677 -2.232e+09 2.2605e+07   101%     -   20s
     0     0 2.2601e+07    0  666 -2.232e+09 2.2601e+07   101%     -   24s
H    0     0                    -1.48467e+09 2.2601e+07   102%     -   25s
     0     0 2.2601e+07    0  688 -1.485e+09 2.2601e+07   102%     -   25s
     0     0 2.2601e+07    0  717 -1.485e+09 2.2601e+07   102%     -   26s
     0     0 2.2601e+07    0  722 -1.485e+09 2.2601e+07   102%     -   26s
     0     0 2.2597e+07    0  658 -1.485e+09 2.2597e+07   102%     -   30s
H    0     0                    -1.44754e+09 2.2597e+07   102%     -   31s
     0     0 2.2597e+07    0  647 -1.448e+09 2.2597e+07   102%     -   32s
     0     0 2.2597e+07    0  646 -1.448e+09 2.2597e+07   102%     -   32s
     0     0 2.2597e+07    0  668 -1.448e+09 2.2597e+07   102%     -   32s
     0     0 2.2577e+07    0  534 -1.448e+09 2.2577e+07   102%     -   37s
H    0     0                    -1.44008e+09 2.2577e+07   102%     -   38s
     0     0 2.2577e+07    0  569 -1.440e+09 2.2577e+07   102%     -   38s
     0     0 2.2577e+07    0  586 -1.440e+09 2.2577e+07   102%     -   39s
     0     0 2.2574e+07    0  554 -1.440e+09 2.2574e+07   102%     -   42s
H    0     0                    -1.41339e+09 2.2574e+07   102%     -   43s
H    0     0                    -1.34422e+09 2.2574e+07   102%     -   47s
     0     0 2.2574e+07    0  570 -1.344e+09 2.2574e+07   102%     -   47s
     0     0 2.2574e+07    0  545 -1.344e+09 2.2574e+07   102%     -   50s
H    0     0                    -1.33275e+09 2.2574e+07   102%     -   51s
     0     0 2.2574e+07    0  556 -1.333e+09 2.2574e+07   102%     -   51s
     0     0 2.2574e+07    0  549 -1.333e+09 2.2574e+07   102%     -   54s
     0     0 2.2574e+07    0  568 -1.333e+09 2.2574e+07   102%     -   54s
     0     0 2.2573e+07    0  558 -1.333e+09 2.2573e+07   102%     -   56s
     0     0 2.2573e+07    0  558 -1.333e+09 2.2573e+07   102%     -   63s
H    0     0                    -1.22218e+09 2.2573e+07   102%     -   67s
H    0     0                    -1.15164e+09 2.2573e+07   102%     -   68s
H    0     0                    -1.13451e+09 2.2573e+07   102%     -   72s
H    0     0                    -1.11257e+09 2.2573e+07   102%     -   76s
H    0     0                    -1.10101e+09 2.2573e+07   102%     -   77s
H    0     0                    -1.09009e+09 2.2573e+07   102%     -   80s
H    0     0                    -8.71543e+08 2.2573e+07   103%     -   82s
H    0     0                    -7.10381e+08 2.2573e+07   103%     -   84s
H    0     0                    -6.26836e+08 2.2573e+07   104%     -   89s
H    0     0                    -4.45241e+08 2.2573e+07   105%     -   93s
H    0     0                    -4.45241e+08 2.2573e+07   105%     -   97s
     0     2 2.2573e+07    0  558 -4.452e+08 2.2573e+07   105%     -  100s
H   63   112                    -4.06922e+08 2.2573e+07   106%   239  104s
   111   325 2.2571e+07    7  575 -4.069e+08 2.2573e+07   106%   186  106s
   634   683 2.2571e+07   16  574 -4.069e+08 2.2573e+07   106%  93.1  110s
H  638   683                    -3.86990e+08 2.2573e+07   106%  93.0  110s
H  644   683                    -3.86974e+08 2.2573e+07   106%  92.3  110s
H  650   683                    -3.86971e+08 2.2573e+07   106%  91.5  110s
  1270  1361 2.2557e+07   28  574 -3.870e+08 2.2573e+07   106%  77.4  115s
H 1746  1851                    -2.80743e+08 2.2573e+07   108%  70.1  119s
H 1850  1901                    -2.55514e+08 2.2573e+07   109%  68.0  122s
H 1851  1901                    -2.55505e+08 2.2573e+07   109%  68.0  122s
H 1861  1901                    -2.55461e+08 2.2573e+07   109%  68.0  122s
H 1882  1901                    -2.55459e+08 2.2573e+07   109%  67.8  122s
H 1895  1901                    -2.55414e+08 2.2573e+07   109%  67.4  122s
  1900  1949 2.2553e+07   41  576 -2.554e+08 2.2573e+07   109%  67.5  125s
H 1948  1997                    -2.35636e+08 2.2573e+07   110%  67.2  138s
H 1949  1997                    -2.30458e+08 2.2573e+07   110%  67.2  138s
H 1950  1997                    -2.30456e+08 2.2573e+07   110%  67.2  138s
H 1952  1997                    -2.30437e+08 2.2573e+07   110%  67.1  138s
H 1953  1997                    -2.30380e+08 2.2573e+07   110%  67.1  138s
H 1960  1997                    -2.25207e+08 2.2573e+07   110%  66.9  138s
H 1963  1997                    -2.25138e+08 2.2573e+07   110%  66.8  138s
H 1992  1997                    -2.24545e+08 2.2573e+07   110%  66.6  138s
  1996  2151 2.2563e+07   43  571 -2.245e+08 2.2573e+07   110%  66.5  140s
H 2198  2247                    -1.47886e+08 2.2573e+07   115%  65.6  151s
H 2202  2247                    -1.37666e+07 2.2573e+07   264%  65.6  151s
  2560  2753 2.2555e+07   51  559 -1.377e+07 2.2573e+07   264%  70.5  155s
Created node file directory '/scratch-local/lbeemster.22646318/gurobi_stress_vol16.0_0.4_price_st_run3/grbnodes0'
  3414  3565 2.2558e+07   67  547 -1.377e+07 2.2573e+07   264%  66.7  160s
H 3605  3746                    1.811877e+07 2.2573e+07  24.6%  66.9  162s
  4014  4199 2.2556e+07   73  547 1.8119e+07 2.2573e+07  24.6%  67.3  165s
H 4932  4968                    1.812554e+07 2.2573e+07  24.5%  66.0  169s
  5027  5283 2.2552e+07   89  539 1.8126e+07 2.2573e+07  24.5%  65.7  171s
H 5352  5331                    1.854274e+07 2.2573e+07  21.7%  64.6  173s
H 5353  5331                    1.857619e+07 2.2573e+07  21.5%  64.6  173s
H 5359  5331                    1.913730e+07 2.2573e+07  18.0%  64.7  173s
  5390  5638 2.2551e+07   95  526 1.9137e+07 2.2573e+07  18.0%  64.6  175s
  6416  6574 2.2546e+07  116  514 1.9137e+07 2.2573e+07  18.0%  63.5  180s
H 6425  6574                    1.918810e+07 2.2573e+07  17.6%  63.5  180s
H 6562  6574                    1.919613e+07 2.2573e+07  17.6%  63.1  180s
H 6599  6574                    1.920109e+07 2.2573e+07  17.6%  63.0  180s
  7409  7724 2.2541e+07  129  510 1.9201e+07 2.2573e+07  17.6%  61.5  186s
H 7868  7986                    1.920672e+07 2.2573e+07  17.5%  60.7  189s
H 7998  7986                    1.921490e+07 2.2573e+07  17.5%  60.3  189s
  8113  8431 2.2540e+07  139  500 1.9215e+07 2.2573e+07  17.5%  60.1  191s
  9088  9371 2.2536e+07  157  495 1.9215e+07 2.2573e+07  17.5%  58.0  195s
H 9105  9371                    1.922754e+07 2.2573e+07  17.4%  58.0  195s
H 9297  9371                    1.922780e+07 2.2573e+07  17.4%  57.8  195s
H 9328  9371                    1.922811e+07 2.2573e+07  17.4%  57.7  195s
 10097 10487 2.2532e+07  174  466 1.9228e+07 2.2573e+07  17.4%  55.9  200s
H10681 10675                    1.923129e+07 2.2573e+07  17.4%  55.3  203s
H10755 10675                    1.923141e+07 2.2573e+07  17.4%  55.3  204s
H10788 10664                    1.926226e+07 2.2573e+07  17.2%  55.2  204s
 10824 11275 2.2529e+07  201  453 1.9262e+07 2.2573e+07  17.2%  55.1  206s
H11465 11320                    1.926395e+07 2.2573e+07  17.2%  54.3  210s
H11492 11320                    1.926395e+07 2.2573e+07  17.2%  54.3  210s
 12113 12564 2.2521e+07  226  453 1.9264e+07 2.2573e+07  17.2%  53.9  215s
 13446 13965 2.2511e+07  253  449 1.9264e+07 2.2573e+07  17.2%  52.7  222s
 14166 14187 2.2510e+07  263  441 1.9264e+07 2.2573e+07  17.2%  52.3  227s
H14169 13047                    2.211580e+07 2.2573e+07  2.07%  52.3  227s
H14183 13031                    2.215870e+07 2.2573e+07  1.87%  52.3  227s
H14188 13031                    2.220197e+07 2.2573e+07  1.67%  52.3  227s
H14198 13031                    2.227449e+07 2.2573e+07  1.34%  52.3  227s
H14211 13031                    2.227519e+07 2.2573e+07  1.34%  52.3  227s
H14388 12948                    2.228601e+07 2.2573e+07  1.29%  52.1  234s
H14388 12948                    2.235106e+07 2.2573e+07  0.99%  52.1  239s
H14388 12948                    2.236654e+07 2.2573e+07  0.92%  52.1  240s
H14388 12948                    2.237870e+07 2.2573e+07  0.87%  52.1  243s
H14388 12942                    2.239128e+07 2.2573e+07  0.81%  52.1  244s
H14388 12942                    2.240566e+07 2.2573e+07  0.75%  52.1  251s
H14388 12934                    2.241311e+07 2.2573e+07  0.71%  52.1  252s
H14388 12928                    2.241886e+07 2.2573e+07  0.69%  52.1  252s
H14388 12636                    2.242853e+07 2.2573e+07  0.64%  52.1  252s
H14388 12636                    2.242967e+07 2.2573e+07  0.64%  52.1  254s
 14389 12520 2.2558e+07   13  558 2.2430e+07 2.2573e+07  0.64%  52.1  277s
H14390 11894                    2.243023e+07 2.2520e+07  0.40%  52.1  341s
H14391 11300                    2.245811e+07 2.2520e+07  0.27%  52.1  349s
H14392 10736                    2.246933e+07 2.2520e+07  0.22%  52.1  350s
H14392 10199                    2.247390e+07 2.2519e+07  0.20%  52.1  350s
 14399 10204 2.2519e+07   50  277 2.2474e+07 2.2519e+07  0.20%  52.0  355s

Cutting planes:
  Gomory: 24
  Cover: 19
  Implied bound: 370
  MIR: 520
  Flow cover: 657
  RLT: 2
  Relax-and-lift: 397

Explored 14399 nodes (882835 simplex iterations) in 394.72 seconds (467.31 work units)
Thread count was 48 (of 192 available processors)

Solution count 10: 2.24739e+07 2.24739e+07 2.24693e+07 ... 2.24057e+07

Optimal solution found (tolerance 2.00e-03)
Best objective 2.247390270067e+07, best bound 2.251841900171e+07, gap 0.1981%
Deleted nodefile directory: /scratch-local/lbeemster.22646318/gurobi_stress_vol16.0_0.4_price_st_run3
Saved model snapshot to study_case_model/figures/volatility_stress/07052026/vol16.0_0.4_price_st/sub70.0/run3/model_snapshot.pkl
  Objective: 22473902.70
  Avg H2 production: 2.2259462594810495
  Scenario obj std: 2355677.261650807
  CVaR 5%: 19362359.1691471
  Worst scenario: 19362359.169147097

Results saved to study_case_model/figures/volatility_stress/07052026/stress_test_results_70_0.4_price_shock_st_3_.csv

================================================================================
STRESS TEST SUMMARY
================================================================================
    1.0x vol: obj= 20770746.87, loss=0.0%, H2=    1.94, CVaR5=19354181.578303233
    2.0x vol: obj= 20833020.80, loss=-0.3%, H2=    1.91, CVaR5=19203383.902484536
    4.0x vol: obj= 21016008.63, loss=-1.2%, H2=    1.99, CVaR5=19065397.70640489
    8.0x vol: obj= 21468650.70, loss=-3.4%, H2=    2.16, CVaR5=19262811.03621791
   16.0x vol: obj= 22473902.70, loss=-8.2%, H2=    2.23, CVaR5=19362359.1691471

Finished stress test!
