Gurobi shell based on Python 3.13.1 can be launched with command `gurobi.sh`
Gurobi Python Interface can be loaded in Python 3.13.1 with 'import gurobipy'
/var/spool/slurm/slurmd/job22690527/slurm_script: line 24: activate: No such file or directory
Solving model: dev1.0, sub32.0, run1
Read LP format model from file /scratch-local/lbeemster.22690527/tmp6qe2qg0a.pyomo.lp
Reading time = 0.66 seconds
x1: 178177 rows, 50050 columns, 1020800 nonzeros
Set parameter OutputFlag to value 1
Set parameter MIPGap to value 0.002
Set parameter Threads to value 48
Set parameter Presolve to value 1
Set parameter Cuts to value 1
Set parameter NodefileStart to value 1
Set parameter NodefileDir to value "/scratch-local/lbeemster.22690527/gurobi_dev1.0_sub32.0_run1"
Set parameter MemLimit to value 60
Gurobi Optimizer version 12.0.3 build v12.0.3rc0 (linux64 - "Red Hat Enterprise Linux 9.6 (Plow)")

CPU model: AMD EPYC 9654 96-Core Processor, instruction set [SSE2|AVX|AVX2|AVX512]
Thread count: 192 physical cores, 192 logical processors, using up to 48 threads

Non-default parameters:
MemLimit  60
MIPGap  0.002
NodefileStart  1
Cuts  1
Presolve  1
Threads  48

Academic license 2514514 - for non-commercial use only - registered to l.___@student.vu.nl
Optimize a model with 178177 rows, 50050 columns and 1020800 nonzeros
Model fingerprint: 0xecc767a3
Variable types: 39426 continuous, 10624 integer (10624 binary)
Coefficient statistics:
  Matrix range     [1e-06, 1e+05]
  Objective range  [2e+00, 3e+04]
  Bounds range     [1e+00, 1e+00]
  RHS range        [3e-01, 2e+05]
Presolve removed 35033 rows and 22006 columns
Presolve time: 2.80s
Presolved: 143144 rows, 28044 columns, 863617 nonzeros
Variable types: 22420 continuous, 5624 integer (5624 binary)

Deterministic concurrent LP optimizer: primal simplex, dual simplex, and barrier
Showing barrier log only...

Root relaxation presolved: 26316 rows, 169404 columns, 891427 nonzeros

Root barrier log...

Ordering time: 0.05s

Barrier statistics:
 Dense cols : 28
 Free vars  : 2112
 AA' NZ     : 5.934e+05
 Factor NZ  : 1.608e+06 (roughly 100 MB of memory)
 Factor Ops : 1.187e+08 (less than 1 second per iteration)
 Threads    : 45

                  Objective                Residual
Iter       Primal          Dual         Primal    Dual     Compl     Time
   0   1.52978198e+12  1.07492563e+06  7.86e+06 3.17e+02  1.43e+08     5s
   1   1.12268685e+12 -1.93306135e+08  4.93e+06 2.84e+03  8.91e+07     5s
   2   7.62846531e+11 -1.69026050e+08  2.62e+06 1.98e+03  5.57e+07     5s
   3   5.15997148e+11 -1.17696532e+08  1.17e+06 1.30e+03  3.27e+07     5s
   4   3.74549928e+11 -7.89655320e+07  5.23e+05 8.29e+02  1.93e+07     5s
   5   2.93599392e+11 -3.97402287e+07  2.99e+05 3.97e+02  9.98e+06     5s
   6   2.41169327e+11 -2.08094543e+07  2.14e+05 2.12e+02  5.97e+06     5s
   7   2.16408424e+11 -1.68156880e+07  1.79e+05 1.73e+02  4.94e+06     5s
   8   1.51359528e+11 -1.24563090e+07  1.03e+05 1.27e+02  3.29e+06     5s
   9   1.17359081e+11 -7.45088336e+06  7.27e+04 6.91e+01  2.04e+06     5s
  10   9.41031301e+10 -4.88047256e+06  5.24e+04 4.31e+01  1.38e+06     5s
  11   5.80543665e+10 -2.92015042e+06  2.53e+04 2.78e+01  7.89e+05     5s
  12   3.94374133e+10 -8.10498490e+05  1.46e+04 1.49e+01  4.50e+05     5s
  13   1.19262410e+10  1.04981696e+06  2.20e+03 4.55e+00  1.12e+05     5s
  14   6.67816458e+09  1.93511288e+06  1.04e+03 1.81e+00  5.36e+04     5s
  15   2.98893001e+09  3.50076919e+06  3.79e+02 9.38e-01  2.32e+04     5s
  16   2.35237636e+09  4.87180896e+06  2.87e+02 5.94e-01  1.68e+04     5s
  17   1.58065378e+09  6.16436668e+06  1.83e+02 3.21e-01  1.07e+04     5s
  18   8.28399366e+08  7.67633788e+06  8.91e+01 1.87e-01  5.44e+03     5s
  19   5.01861073e+08  1.00138657e+07  5.07e+01 7.36e-02  3.06e+03     5s
  20   2.47437109e+08  1.16990604e+07  2.24e+01 3.99e-02  1.43e+03     5s
  21   1.28394673e+08  1.57019470e+07  1.00e+01 1.09e-02  6.59e+02     6s
  22   7.83181422e+07  1.71346395e+07  5.12e+00 7.75e-03  3.54e+02     6s
  23   5.36545609e+07  1.90914121e+07  2.67e+00 3.92e-03  1.98e+02     6s
  24   4.38151690e+07  1.95842821e+07  1.84e+00 2.53e-03  1.38e+02     6s
  25   3.46925052e+07  1.98217063e+07  1.09e+00 1.94e-03  8.45e+01     6s
  26   2.97832046e+07  2.00938133e+07  6.79e-01 1.43e-03  5.48e+01     6s
  27   2.64482124e+07  2.07281970e+07  3.86e-01 1.20e-03  3.22e+01     6s
  28   2.38566536e+07  2.09891787e+07  1.86e-01 1.08e-03  1.61e+01     6s
  29   2.25152803e+07  2.11211693e+07  8.24e-02 8.44e-04  7.79e+00     6s
  30   2.20644890e+07  2.11924476e+07  4.92e-02 6.52e-04  4.86e+00     6s
  31   2.17963803e+07  2.12444162e+07  2.99e-02 5.27e-04  3.07e+00     6s

Barrier performed 31 iterations in 6.07 seconds (5.45 work units)
Barrier solve interrupted - model solved by another algorithm

Concurrent spin time: 0.38s (can be avoided by choosing Method=3)

Solved with primal simplex

Root relaxation: objective 2.140831e+07, 37281 iterations, 2.47 seconds (2.04 work units)

    Nodes    |    Current Node    |     Objective Bounds      |     Work
 Expl Unexpl |  Obj  Depth IntInf | Incumbent    BestBd   Gap | It/Node Time

     0     0 2.1408e+07    0  358          - 2.1408e+07      -     -    7s
H    0     0                    3665791.4043 2.1408e+07   484%     -   10s
     0     0 2.1403e+07    0  446 3665791.40 2.1403e+07   484%     -   11s
H    0     0                    2.121989e+07 2.1403e+07  0.86%     -   12s
     0     0 2.1401e+07    0  496 2.1220e+07 2.1401e+07  0.85%     -   13s
     0     0 2.1400e+07    0  511 2.1220e+07 2.1400e+07  0.85%     -   13s
     0     0 2.1400e+07    0  511 2.1220e+07 2.1400e+07  0.85%     -   14s
     0     0 2.1398e+07    0  580 2.1220e+07 2.1398e+07  0.84%     -   16s
     0     0 2.1395e+07    0  647 2.1220e+07 2.1395e+07  0.82%     -   20s
     0     0 2.1395e+07    0  658 2.1220e+07 2.1395e+07  0.82%     -   20s
     0     0 2.1395e+07    0  660 2.1220e+07 2.1395e+07  0.82%     -   20s
     0     0 2.1395e+07    0  662 2.1220e+07 2.1395e+07  0.82%     -   20s
     0     0 2.1394e+07    0  629 2.1220e+07 2.1394e+07  0.82%     -   24s
H    0     0                    2.124662e+07 2.1394e+07  0.69%     -   27s
     0     0 2.1394e+07    0  673 2.1247e+07 2.1394e+07  0.69%     -   27s
     0     0 2.1394e+07    0  663 2.1247e+07 2.1394e+07  0.69%     -   28s
     0     0 2.1394e+07    0  679 2.1247e+07 2.1394e+07  0.69%     -   28s
     0     0 2.1394e+07    0  676 2.1247e+07 2.1394e+07  0.69%     -   28s
     0     0 2.1393e+07    0  663 2.1247e+07 2.1393e+07  0.69%     -   32s
     0     0 2.1393e+07    0  705 2.1247e+07 2.1393e+07  0.69%     -   34s
     0     0 2.1393e+07    0  699 2.1247e+07 2.1393e+07  0.69%     -   34s
     0     0 2.1393e+07    0  703 2.1247e+07 2.1393e+07  0.69%     -   35s
     0     0 2.1392e+07    0  522 2.1247e+07 2.1392e+07  0.68%     -   38s
     0     0 2.1392e+07    0  568 2.1247e+07 2.1392e+07  0.68%     -   41s
     0     0 2.1392e+07    0  582 2.1247e+07 2.1392e+07  0.68%     -   42s
     0     0 2.1392e+07    0  585 2.1247e+07 2.1392e+07  0.68%     -   42s
     0     0 2.1392e+07    0  536 2.1247e+07 2.1392e+07  0.68%     -   44s
H    0     0                    2.124992e+07 2.1392e+07  0.67%     -   47s
     0     0 2.1392e+07    0  546 2.1250e+07 2.1392e+07  0.67%     -   47s
     0     0 2.1392e+07    0  526 2.1250e+07 2.1392e+07  0.67%     -   47s
     0     0 2.1392e+07    0  524 2.1250e+07 2.1392e+07  0.67%     -   50s
     0     0 2.1391e+07    0  537 2.1250e+07 2.1391e+07  0.67%     -   53s
     0     0 2.1391e+07    0  537 2.1250e+07 2.1391e+07  0.67%     -   53s
     0     0 2.1391e+07    0  522 2.1250e+07 2.1391e+07  0.67%     -   55s
     0     0 2.1391e+07    0  513 2.1250e+07 2.1391e+07  0.67%     -   56s
     0     0 2.1391e+07    0  516 2.1250e+07 2.1391e+07  0.67%     -   56s
     0     0 2.1391e+07    0  496 2.1250e+07 2.1391e+07  0.66%     -   58s
     0     0 2.1391e+07    0  513 2.1250e+07 2.1391e+07  0.66%     -   61s
     0     0 2.1391e+07    0  520 2.1250e+07 2.1391e+07  0.66%     -   61s
     0     0 2.1391e+07    0  501 2.1250e+07 2.1391e+07  0.66%     -   64s
     0     0 2.1391e+07    0  501 2.1250e+07 2.1391e+07  0.66%     -   68s
     0     2 2.1391e+07    0  501 2.1250e+07 2.1391e+07  0.66%     -   80s
     7    16 2.1391e+07    3  489 2.1250e+07 2.1391e+07  0.66%   240   90s
    63   112 2.1391e+07    6  479 2.1250e+07 2.1391e+07  0.66%  1576   96s
H   80   112                    2.127814e+07 2.1391e+07  0.53%  1269   96s
   389   498 2.1389e+07   12  472 2.1278e+07 2.1391e+07  0.53%   332  100s
   653   702 2.1388e+07   17  455 2.1278e+07 2.1391e+07  0.53%   229  106s
H  654   702                    2.127856e+07 2.1391e+07  0.53%   229  106s
H  661   702                    2.128092e+07 2.1391e+07  0.52%   227  106s
H  671   702                    2.128377e+07 2.1391e+07  0.50%   225  106s
   901  1017 2.1387e+07   20  434 2.1284e+07 2.1391e+07  0.50%   184  110s
H  920  1017                    2.128842e+07 2.1391e+07  0.48%   181  110s
  1759  1802 2.1385e+07   31  419 2.1288e+07 2.1391e+07  0.48%   121  118s
H 1807  1850                    2.128906e+07 2.1391e+07  0.48%   119  128s
H 1817  1850                    2.129189e+07 2.1391e+07  0.47%   119  128s
H 1825  1850                    2.129256e+07 2.1391e+07  0.46%   119  128s
H 1826  1850                    2.129659e+07 2.1391e+07  0.44%   119  128s
  2004  2038 2.1384e+07   35  410 2.1297e+07 2.1391e+07  0.44%   113  130s
  3036  3133 2.1383e+07   54  381 2.1297e+07 2.1391e+07  0.44%  92.5  135s
H 3201  3316                    2.129903e+07 2.1391e+07  0.43%  90.7  136s
  4340  4326 2.1380e+07   75  364 2.1299e+07 2.1391e+07  0.43%  79.9  140s
H 4394  4325                    2.129907e+07 2.1391e+07  0.43%  79.6  140s
H 4456  4325                    2.129907e+07 2.1391e+07  0.43%  79.2  140s
H 4583  4598                    2.130449e+07 2.1391e+07  0.40%  79.0  144s
H 4599  4572                    2.130556e+07 2.1391e+07  0.40%  79.0  144s
H 4629  4566                    2.130594e+07 2.1391e+07  0.40%  78.9  144s
  4897  4900 2.1380e+07   85  356 2.1306e+07 2.1391e+07  0.40%  77.4  145s
H 5776  5538                    2.130625e+07 2.1391e+07  0.40%  72.0  149s
H 5840  5480                    2.130761e+07 2.1391e+07  0.39%  71.6  149s
H 5960  5467                    2.130796e+07 2.1391e+07  0.39%  70.9  149s
  5962  5920 2.1379e+07   98  348 2.1308e+07 2.1391e+07  0.39%  70.9  150s
  7488  7326 2.1376e+07  123  319 2.1308e+07 2.1391e+07  0.39%  64.6  155s
H 7845  7308                    2.130873e+07 2.1391e+07  0.38%  62.9  155s
H 9646  8741                    2.131320e+07 2.1391e+07  0.36%  56.7  159s
  9700  9435 2.1373e+07  173  305 2.1313e+07 2.1391e+07  0.36%  56.6  161s
 11940 11600 2.1370e+07  201  269 2.1313e+07 2.1391e+07  0.36%  51.8  166s
H12856 11242                    2.132140e+07 2.1391e+07  0.32%  50.5  171s
H12929 10856                    2.132560e+07 2.1391e+07  0.30%  50.3  171s
 13171 10926 2.1369e+07  246  274 2.1326e+07 2.1391e+07  0.30%  50.2  178s
 13219 10971 2.1369e+07  247  275 2.1326e+07 2.1391e+07  0.30%  50.1  183s
H13230 10533                    2.132882e+07 2.1391e+07  0.29%  50.1  183s
H13239 10449                    2.132950e+07 2.1391e+07  0.29%  50.1  183s
H13241 10319                    2.133039e+07 2.1391e+07  0.28%  50.1  183s
H13247  9950                    2.133337e+07 2.1391e+07  0.27%  50.1  183s
 13270 10825 2.1369e+07  248  274 2.1333e+07 2.1391e+07  0.27%  50.1  187s
 14222 11660 2.1367e+07  275  267 2.1333e+07 2.1391e+07  0.27%  48.7  192s
 15096 12496 2.1366e+07  302  248 2.1333e+07 2.1391e+07  0.27%  47.7  196s
 15967 13455 2.1365e+07  323  233 2.1333e+07 2.1391e+07  0.27%  46.9  203s
 16951 13729 2.1365e+07  344  217 2.1333e+07 2.1391e+07  0.27%  45.9  205s
H17378 13834                    2.133847e+07 2.1391e+07  0.24%  45.7  208s
H18185 13232                    2.134047e+07 2.1391e+07  0.23%  45.2  221s
H18185 13095                    2.134129e+07 2.1391e+07  0.23%  45.2  222s
 18186 13029 2.1347e+07  284  501 2.1341e+07 2.1391e+07  0.23%  45.2  250s
H18187 12378                    2.134325e+07 2.1389e+07  0.21%  45.2  357s
H18187 11759                    2.134473e+07 2.1389e+07  0.21%  45.2  357s
 18189 11760 2.1361e+07  129  420 2.1345e+07 2.1389e+07  0.21%  45.2  364s
 18190 11761 2.1349e+07  223  392 2.1345e+07 2.1389e+07  0.21%  45.2  365s
 18195 11764 2.1371e+07  189  365 2.1345e+07 2.1389e+07  0.21%  45.2  370s
H18196 11177                    2.134475e+07 2.1389e+07  0.21%  45.2  426s
 18197 11177 2.1345e+07  333  377 2.1345e+07 2.1388e+07  0.20%  45.2  447s
 18201 11180 2.1352e+07  203  346 2.1345e+07 2.1388e+07  0.20%  45.1  494s
 18202 11181 2.1361e+07  338  315 2.1345e+07 2.1388e+07  0.20%  45.1  496s
 18204 11182 2.1376e+07  141  316 2.1345e+07 2.1388e+07  0.20%  45.1  536s
 18207 11184 2.1347e+07   20  310 2.1345e+07 2.1388e+07  0.20%  45.1  568s
 18208 11185 2.1348e+07  224  318 2.1345e+07 2.1388e+07  0.20%  45.1  570s
 18209 11185 2.1347e+07  153  313 2.1345e+07 2.1387e+07  0.20%  45.1  594s
H18209 10625                    2.134658e+07 2.1387e+07  0.19%  45.1  597s

Cutting planes:
  Gomory: 16
  Implied bound: 423
  MIR: 673
  Flow cover: 978
  RLT: 3
  Relax-and-lift: 1264

Explored 18209 nodes (951121 simplex iterations) in 598.99 seconds (687.22 work units)
Thread count was 48 (of 192 available processors)

Solution count 10: 2.13466e+07 2.13466e+07 2.13448e+07 ... 2.13304e+07

Optimal solution found (tolerance 2.00e-03)
Best objective 2.134658177743e+07, best bound 2.138748994474e+07, gap 0.1916%
Deleted nodefile directory: /scratch-local/lbeemster.22690527/gurobi_dev1.0_sub32.0_run1
Saved model snapshot to study_case_model/figures/subsidy_experiment/run_24426/dev1.0/sub32.0/run1/model_snapshot.pkl
Finished successfully!
