Gurobi shell based on Python 3.13.1 can be launched with command `gurobi.sh`
Gurobi Python Interface can be loaded in Python 3.13.1 with 'import gurobipy'
/var/spool/slurm/slurmd/job22692056/slurm_script: line 24: activate: No such file or directory
Solving model: dev0.05, sub50.0, run2
Read LP format model from file /scratch-local/lbeemster.22692056/tmpq7sx258_.pyomo.lp
Reading time = 0.66 seconds
x1: 178177 rows, 50050 columns, 1020800 nonzeros
Set parameter OutputFlag to value 1
Set parameter MIPGap to value 0.002
Set parameter Threads to value 48
Set parameter Presolve to value 1
Set parameter Cuts to value 1
Set parameter NodefileStart to value 1
Set parameter NodefileDir to value "/scratch-local/lbeemster.22692056/gurobi_dev0.05_sub50.0_run2"
Set parameter MemLimit to value 60
Gurobi Optimizer version 12.0.3 build v12.0.3rc0 (linux64 - "Red Hat Enterprise Linux 9.6 (Plow)")

CPU model: AMD EPYC 9654 96-Core Processor, instruction set [SSE2|AVX|AVX2|AVX512]
Thread count: 192 physical cores, 192 logical processors, using up to 48 threads

Non-default parameters:
MemLimit  60
MIPGap  0.002
NodefileStart  1
Cuts  1
Presolve  1
Threads  48

Academic license 2514514 - for non-commercial use only - registered to l.___@student.vu.nl
Optimize a model with 178177 rows, 50050 columns and 1020800 nonzeros
Model fingerprint: 0x6b73818e
Variable types: 39426 continuous, 10624 integer (10624 binary)
Coefficient statistics:
  Matrix range     [1e-06, 1e+05]
  Objective range  [2e+00, 3e+04]
  Bounds range     [1e+00, 1e+00]
  RHS range        [3e-01, 2e+05]
Presolve removed 33568 rows and 21686 columns
Presolve time: 2.72s
Presolved: 144609 rows, 28364 columns, 863575 nonzeros
Variable types: 22612 continuous, 5752 integer (5752 binary)

Deterministic concurrent LP optimizer: primal simplex, dual simplex, and barrier
Showing barrier log only...

Root relaxation presolved: 26566 rows, 171103 columns, 891705 nonzeros

Root barrier log...

Ordering time: 0.06s

Barrier statistics:
 Dense cols : 31
 Free vars  : 2112
 AA' NZ     : 5.932e+05
 Factor NZ  : 1.636e+06 (roughly 100 MB of memory)
 Factor Ops : 1.211e+08 (less than 1 second per iteration)
 Threads    : 45

                  Objective                Residual
Iter       Primal          Dual         Primal    Dual     Compl     Time
   0   1.54694610e+12  7.29192387e+05  7.93e+06 3.21e+02  1.45e+08     5s
   1   1.15708257e+12 -2.46250469e+08  5.14e+06 2.85e+03  9.15e+07     5s
   2   7.63349427e+11 -2.99248337e+08  2.45e+06 1.68e+03  5.05e+07     5s
   3   5.56692368e+11 -2.74977694e+08  1.25e+06 1.20e+03  3.21e+07     5s
   4   4.19469748e+11 -2.19344482e+08  6.30e+05 8.69e+02  2.14e+07     5s
   5   3.34310531e+11 -1.75798246e+08  3.62e+05 6.73e+02  1.54e+07     5s
   6   2.72514456e+11 -1.15312276e+08  2.19e+05 4.25e+02  9.78e+06     5s
   7   2.01645789e+11 -6.52199129e+07  1.15e+05 2.28e+02  5.31e+06     5s
   8   1.57430529e+11 -5.45795439e+07  7.39e+04 1.92e+02  4.08e+06     5s
   9   1.34844936e+11 -4.31366577e+07  5.54e+04 1.49e+02  3.14e+06     5s
  10   1.27650775e+11 -3.71135367e+07  5.08e+04 1.28e+02  2.77e+06     5s
  11   9.52827919e+10 -2.50871709e+07  3.11e+04 8.69e+01  1.84e+06     5s
  12   6.72604440e+10 -1.43839360e+07  1.66e+04 5.23e+01  1.10e+06     5s
  13   4.93549326e+10 -5.58446893e+06  9.94e+03 2.31e+01  5.79e+05     5s
  14   3.04159691e+10 -2.47268368e+06  4.78e+03 1.28e+01  3.15e+05     5s
  15   1.71043566e+10 -4.95338916e+05  2.25e+03 6.42e+00  1.56e+05     5s
  16   1.23474959e+10  7.00228794e+05  1.51e+03 2.97e+00  9.46e+04     5s
  17   7.64205830e+09  1.28828505e+06  8.64e+02 1.60e+00  5.49e+04     5s
  18   5.79099725e+09  1.92570864e+06  6.34e+02 7.46e-01  3.78e+04     5s
  19   2.55628033e+09  2.47195356e+06  2.54e+02 3.97e-01  1.65e+04     5s
  20   1.61983245e+09  3.29916566e+06  1.54e+02 2.63e-01  1.03e+04     6s
  21   8.15550983e+08  4.30508363e+06  7.27e+01 1.44e-01  5.10e+03     6s
  22   4.83762580e+08  5.90848897e+06  4.08e+01 7.63e-02  2.93e+03     6s
  23   2.68490148e+08  8.28320170e+06  2.07e+01 3.77e-02  1.55e+03     6s
  24   1.49548270e+08  1.14519170e+07  1.00e+01 1.96e-02  8.09e+02     6s
  25   9.28208095e+07  1.54864276e+07  5.04e+00 8.43e-03  4.42e+02     6s
  26   6.15716015e+07  1.80743840e+07  2.63e+00 7.45e-03  2.45e+02     6s
  27   4.52601284e+07  1.92755133e+07  1.48e+00 5.26e-03  1.45e+02     6s
  28   3.45854401e+07  2.00107535e+07  8.16e-01 1.42e-03  8.08e+01     6s
  29   2.61726987e+07  2.05906213e+07  2.72e-01 2.39e-03  3.07e+01     6s
  30   2.36484172e+07  2.08038360e+07  1.31e-01 1.39e-03  1.56e+01     6s
  31   2.25735691e+07  2.09255064e+07  7.17e-02 9.19e-04  9.02e+00     6s
  32   2.21225187e+07  2.09970513e+07  4.62e-02 6.61e-04  6.15e+00     6s
  33   2.18429508e+07  2.10302282e+07  3.18e-02 5.39e-04  4.43e+00     6s
  34   2.17002176e+07  2.10931571e+07  2.46e-02 3.22e-04  3.31e+00     6s
  35   2.15431838e+07  2.11130622e+07  1.68e-02 3.41e-04  2.34e+00     6s
  36   2.13998427e+07  2.11217104e+07  9.79e-03 3.34e-04  1.51e+00     6s
  37   2.13387119e+07  2.11577939e+07  6.60e-03 2.84e-04  9.82e-01     6s
  38   2.12994678e+07  2.11829747e+07  4.16e-03 3.47e-04  6.30e-01     6s
  39   2.12771274e+07  2.12049210e+07  2.59e-03 3.56e-04  3.89e-01     7s
  40   2.12645150e+07  2.12183514e+07  1.79e-03 3.78e-04  2.48e-01     7s
  41   2.12558483e+07  2.12219494e+07  1.26e-03 3.64e-04  1.82e-01     7s
  42   2.12475486e+07  2.12260576e+07  7.79e-04 2.67e-04  1.15e-01     7s
  43   2.12430810e+07  2.12286680e+07  5.30e-04 2.01e-04  7.73e-02     7s
  44   2.12392836e+07  2.12306359e+07  3.30e-04 1.28e-04  4.64e-02     7s
  45   2.12364471e+07  2.12314944e+07  1.89e-04 6.68e-05  2.66e-02     7s
  46   2.12344921e+07  2.12317664e+07  9.82e-05 3.32e-05  1.46e-02     7s
  47   2.12338402e+07  2.12319486e+07  6.90e-05 1.65e-05  1.01e-02     7s
  48   2.12328803e+07  2.12320842e+07  2.78e-05 1.38e-05  4.26e-03     7s
  49   2.12325579e+07  2.12321337e+07  1.47e-05 1.34e-05  2.27e-03     7s
  50   2.12322722e+07  2.12321574e+07  3.63e-06 1.01e-05  6.14e-04     7s
  51   2.12321816e+07  2.12321676e+07  1.93e-07 4.80e-06  7.46e-05     7s
  52   2.12321722e+07  2.12321684e+07  4.83e-08 1.68e-06  2.01e-05     7s
  53   2.12321702e+07  2.12321687e+07  1.90e-08 5.25e-07  8.10e-06     7s
  54   2.12321691e+07  2.12321688e+07  2.49e-09 1.71e-07  1.39e-06     7s
  55   2.12321689e+07  2.12321689e+07  2.03e-09 3.80e-08  1.71e-07     7s
  56   2.12321689e+07  2.12321689e+07  3.13e-09 4.15e-09  4.48e-08     8s
  57   2.12321689e+07  2.12321689e+07  2.06e-09 8.57e-10  6.09e-09     8s

Barrier solved model in 57 iterations and 7.62 seconds (6.91 work units)
Optimal objective 2.12321689e+07


Root crossover log...

    9578 DPushes remaining with DInf 0.0000000e+00                 8s
       0 DPushes remaining with DInf 0.0000000e+00                 8s

    5405 PPushes remaining with PInf 1.6920685e-04                 8s
       1 PPushes remaining with PInf 2.2622666e-06                 8s

  Push phase complete: Pinf 2.2622666e-06, Dinf 1.9472692e-04      8s


Root simplex log...

Iteration    Objective       Primal Inf.    Dual Inf.      Time
   12052    2.1232169e+07   0.000000e+00   2.283995e-04      8s
   12065    2.1232169e+07   0.000000e+00   0.000000e+00      8s
   12065    2.1232169e+07   0.000000e+00   0.000000e+00      8s
   12073    2.1232169e+07   0.000000e+00   0.000000e+00      8s
Extra simplex iterations from dual to original model: 8
Concurrent spin time: 0.25s

Solved with barrier

Root relaxation: objective 2.123217e+07, 12073 iterations, 4.90 seconds (4.00 work units)
Total elapsed time = 10.62s (DegenMoves)

    Nodes    |    Current Node    |     Objective Bounds      |     Work
 Expl Unexpl |  Obj  Depth IntInf | Incumbent    BestBd   Gap | It/Node Time

     0     0 2.1232e+07    0  536          - 2.1232e+07      -     -   11s
H    0     0                    2.047189e+07 2.1232e+07  3.71%     -   13s
     0     0 2.1197e+07    0  642 2.0472e+07 2.1197e+07  3.54%     -   18s
H    0     0                    2.068181e+07 2.1196e+07  2.49%     -   20s
     0     0 2.1190e+07    0  675 2.0682e+07 2.1190e+07  2.46%     -   21s
     0     0 2.1190e+07    0  694 2.0682e+07 2.1190e+07  2.46%     -   21s
     0     0 2.1190e+07    0  704 2.0682e+07 2.1190e+07  2.46%     -   22s
     0     0 2.1190e+07    0  705 2.0682e+07 2.1190e+07  2.46%     -   22s
     0     0 2.1187e+07    0  737 2.0682e+07 2.1187e+07  2.44%     -   26s
     0     0 2.1186e+07    0  787 2.0682e+07 2.1186e+07  2.44%     -   30s
     0     0 2.1186e+07    0  792 2.0682e+07 2.1186e+07  2.44%     -   30s
     0     0 2.1186e+07    0  798 2.0682e+07 2.1186e+07  2.44%     -   30s
     0     0 2.1186e+07    0  800 2.0682e+07 2.1186e+07  2.44%     -   31s
     0     0 2.1186e+07    0  805 2.0682e+07 2.1186e+07  2.44%     -   31s
     0     0 2.1182e+07    0  753 2.0682e+07 2.1182e+07  2.42%     -   37s
     0     0 2.1179e+07    0  830 2.0682e+07 2.1179e+07  2.41%     -   41s
     0     0 2.1179e+07    0  864 2.0682e+07 2.1179e+07  2.40%     -   42s
     0     0 2.1179e+07    0  867 2.0682e+07 2.1179e+07  2.40%     -   43s
     0     0 2.1179e+07    0  872 2.0682e+07 2.1179e+07  2.40%     -   43s
     0     0 2.1179e+07    0  881 2.0682e+07 2.1179e+07  2.40%     -   43s
     0     0 2.1177e+07    0  818 2.0682e+07 2.1177e+07  2.39%     -   50s
H    0     0                    2.068471e+07 2.1177e+07  2.38%     -   55s
     0     0 2.1176e+07    0  811 2.0685e+07 2.1176e+07  2.38%     -   57s
     0     0 2.1176e+07    0  823 2.0685e+07 2.1176e+07  2.37%     -   57s
     0     0 2.1176e+07    0  834 2.0685e+07 2.1176e+07  2.37%     -   58s
     0     0 2.1176e+07    0  846 2.0685e+07 2.1176e+07  2.37%     -   58s
     0     0 2.1172e+07    0  756 2.0685e+07 2.1172e+07  2.36%     -   69s
H    0     0                    2.075409e+07 2.1172e+07  2.02%     -   70s
     0     0 2.1172e+07    0  789 2.0754e+07 2.1172e+07  2.01%     -   72s
     0     0 2.1172e+07    0  801 2.0754e+07 2.1172e+07  2.01%     -   73s
     0     0 2.1172e+07    0  801 2.0754e+07 2.1172e+07  2.01%     -   73s
     0     0 2.1172e+07    0  797 2.0754e+07 2.1172e+07  2.01%     -   78s
H    0     0                    2.079557e+07 2.1172e+07  1.81%     -   80s
H    0     0                    2.079668e+07 2.1172e+07  1.80%     -   81s
H    0     0                    2.079676e+07 2.1172e+07  1.80%     -   81s
     0     0 2.1172e+07    0  801 2.0797e+07 2.1172e+07  1.80%     -   82s
     0     0 2.1172e+07    0  832 2.0797e+07 2.1172e+07  1.80%     -   82s
     0     0 2.1172e+07    0  833 2.0797e+07 2.1172e+07  1.80%     -   83s
     0     0 2.1172e+07    0  779 2.0797e+07 2.1172e+07  1.80%     -   87s
     0     0 2.1171e+07    0  806 2.0797e+07 2.1171e+07  1.80%     -   92s
     0     0 2.1171e+07    0  815 2.0797e+07 2.1171e+07  1.80%     -   93s
     0     0 2.1171e+07    0  805 2.0797e+07 2.1171e+07  1.80%     -   97s
     0     0 2.1171e+07    0  813 2.0797e+07 2.1171e+07  1.80%     -  100s
     0     0 2.1171e+07    0  822 2.0797e+07 2.1171e+07  1.80%     -  101s
     0     0 2.1171e+07    0  768 2.0797e+07 2.1171e+07  1.80%     -  105s
H    0     0                    2.080265e+07 2.1171e+07  1.77%     -  107s
     0     0 2.1171e+07    0  777 2.0803e+07 2.1171e+07  1.77%     -  108s
     0     0 2.1171e+07    0  796 2.0803e+07 2.1171e+07  1.77%     -  109s
     0     0 2.1171e+07    0  786 2.0803e+07 2.1171e+07  1.77%     -  113s
     0     0 2.1171e+07    0  786 2.0803e+07 2.1171e+07  1.77%     -  123s
H    0     0                    2.081542e+07 2.1171e+07  1.71%     -  143s
H    0     0                    2.081812e+07 2.1171e+07  1.70%     -  146s
     0     2 2.1171e+07    0  786 2.0818e+07 2.1171e+07  1.70%     -  150s
     7    16 2.1169e+07    3  772 2.0818e+07 2.1171e+07  1.69%   789  155s
    31    64 2.1169e+07    5  772 2.0818e+07 2.1169e+07  1.69%   780  160s
H   37    64                    2.081814e+07 2.1169e+07  1.69%   704  160s
H   39    64                    2.081815e+07 2.1169e+07  1.69%   674  160s
   111   160 2.1169e+07    7  773 2.0818e+07 2.1169e+07  1.69%   429  166s
H  112   160                    2.081816e+07 2.1169e+07  1.69%   425  166s
H  113   160                    2.081816e+07 2.1169e+07  1.69%   422  166s
H  115   160                    2.081816e+07 2.1169e+07  1.69%   416  166s
H  121   160                    2.081817e+07 2.1169e+07  1.69%   401  166s
H  158   160                    2.081817e+07 2.1169e+07  1.69%   333  166s
   220   383 2.1169e+07    9  771 2.0818e+07 2.1169e+07  1.69%   278  173s
   382   474 2.1169e+07   13  763 2.0818e+07 2.1169e+07  1.69%   258  176s
   473   551 2.1165e+07   15  759 2.0818e+07 2.1169e+07  1.69%   298  180s
   633   718 2.1161e+07   19  751 2.0818e+07 2.1169e+07  1.69%   344  186s
H  636   718                    2.087820e+07 2.1169e+07  1.39%   343  186s
H  660   718                    2.089005e+07 2.1169e+07  1.34%   348  186s
H  717   772                    2.092258e+07 2.1169e+07  1.18%   346  189s
   773   861 2.1158e+07   21  737 2.0923e+07 2.1169e+07  1.18%   348  193s
   862   953 2.1158e+07   24  722 2.0923e+07 2.1169e+07  1.18%   363  197s
   954  1057 2.1158e+07   28  705 2.0923e+07 2.1169e+07  1.18%   372  200s
H 1106  1167                    2.092594e+07 2.1169e+07  1.16%   372  212s
H 1114  1167                    2.093049e+07 2.1169e+07  1.14%   373  212s
H 1117  1167                    2.093406e+07 2.1169e+07  1.12%   373  212s
H 1135  1167                    2.096049e+07 2.1169e+07  1.00%   370  212s
H 1165  1167                    2.097475e+07 2.1169e+07  0.93%   371  212s
  1170  1241 2.1157e+07   31  708 2.0975e+07 2.1169e+07  0.93%   372  215s
  1351  1441 2.1155e+07   35  709 2.0975e+07 2.1169e+07  0.93%   387  227s
  1454  1589 2.1155e+07   36  697 2.0975e+07 2.1169e+07  0.93%   392  231s
  1602  1727 2.1155e+07   37  701 2.0975e+07 2.1169e+07  0.93%   387  235s
  1857  2011 2.1139e+07   40  681 2.0975e+07 2.1169e+07  0.93%   395  244s
  2027  2214 2.1152e+07   40  688 2.0975e+07 2.1169e+07  0.93%   387  248s
  2239  2261 2.1150e+07   42  684 2.0975e+07 2.1169e+07  0.93%   375  252s
H 2287  2327                    2.097839e+07 2.1169e+07  0.91%   374  257s
H 2288  2327                    2.098234e+07 2.1169e+07  0.89%   374  257s
H 2294  2327                    2.100371e+07 2.1169e+07  0.79%   374  257s
  2358  2532 2.1150e+07   43  678 2.1004e+07 2.1169e+07  0.79%   373  261s
  2585  2760 2.1146e+07   47  660 2.1004e+07 2.1169e+07  0.79%   364  265s
  2821  2990 2.1146e+07   51  638 2.1004e+07 2.1169e+07  0.79%   355  270s
  3100  3210 2.1144e+07   53  625 2.1004e+07 2.1169e+07  0.79%   345  275s
  3326  3466 2.1141e+07   58  621 2.1004e+07 2.1169e+07  0.79%   344  284s
  3594  3623 2.1139e+07   60  612 2.1004e+07 2.1169e+07  0.79%   338  288s
  3751  3929 2.1139e+07   62  608 2.1004e+07 2.1169e+07  0.79%   337  293s
  4057  4342 2.1136e+07   64  605 2.1004e+07 2.1169e+07  0.79%   331  299s
  4470  4636 2.1135e+07   65  599 2.1004e+07 2.1169e+07  0.79%   316  304s
  4772  5008 2.1132e+07   66  590 2.1004e+07 2.1169e+07  0.79%   314  309s
  5156  5081 2.1126e+07   68  581 2.1004e+07 2.1169e+07  0.79%   306  315s
H 5162  5051                    2.100599e+07 2.1169e+07  0.78%   306  315s
  5234  5354 2.1123e+07   68  578 2.1006e+07 2.1169e+07  0.78%   305  320s
  5555  5872 2.1120e+07   71  570 2.1006e+07 2.1169e+07  0.78%   301  326s
  6080  6458 2.1121e+07   73  564 2.1006e+07 2.1169e+07  0.78%   289  331s
  6690  6828 2.1120e+07   80  538 2.1006e+07 2.1169e+07  0.78%   274  336s
Created node file directory '/scratch-local/lbeemster.22692056/gurobi_dev0.05_sub50.0_run2/grbnodes0'
  7070  7088 2.1120e+07   84  527 2.1006e+07 2.1169e+07  0.78%   268  342s
H 7101  7087                    2.100602e+07 2.1169e+07  0.78%   267  342s
H 7107  7087                    2.100607e+07 2.1169e+07  0.78%   267  342s
  7336  7863 2.1119e+07   94  512 2.1006e+07 2.1169e+07  0.78%   262  348s
  8125  8546 2.1117e+07  110  447 2.1006e+07 2.1169e+07  0.78%   248  356s
  8824  9380 2.1119e+07  113  507 2.1006e+07 2.1169e+07  0.78%   238  363s
  9676 10064 2.1118e+07  128  480 2.1006e+07 2.1169e+07  0.78%   226  374s
 10365 10906 2.1118e+07  135  458 2.1006e+07 2.1169e+07  0.78%   222  384s
 11233 11545 2.1118e+07  140  480 2.1006e+07 2.1169e+07  0.78%   214  391s
 11897 12347 2.1117e+07  148  426 2.1006e+07 2.1169e+07  0.78%   211  399s
 12724 13208 2.1115e+07  161  459 2.1006e+07 2.1169e+07  0.78%   207  407s
 13599 13256 2.1115e+07  175  419 2.1006e+07 2.1169e+07  0.78%   203  437s
H13616 13036                    2.101119e+07 2.1169e+07  0.75%   203  437s
H13637 12879                    2.101296e+07 2.1169e+07  0.74%   204  437s
H13640 12094                    2.102398e+07 2.1169e+07  0.69%   204  437s
 13647 12895 2.1115e+07  176  421 2.1024e+07 2.1169e+07  0.69%   204  444s
 14463 13799 2.1112e+07  197  389 2.1024e+07 2.1169e+07  0.69%   201  452s
H15419 13028                    2.103156e+07 2.1169e+07  0.65%   197  462s
 15484 13076 2.1108e+07  222  356 2.1032e+07 2.1169e+07  0.65%   197  474s
 15532 13124 2.1108e+07  223  350 2.1032e+07 2.1169e+07  0.65%   197  486s
H15539 13099                    2.103360e+07 2.1169e+07  0.64%   197  486s
 15580 14010 2.1108e+07  224  349 2.1034e+07 2.1169e+07  0.64%   197  494s
 16532 15036 2.1104e+07  253  313 2.1034e+07 2.1169e+07  0.64%   194  505s
 17614 16187 2.1101e+07  280  297 2.1034e+07 2.1169e+07  0.64%   189  515s
H18765 15873                    2.103928e+07 2.1169e+07  0.62%   184  547s
 18766 15872 2.1164e+07   13  786 2.1039e+07 2.1169e+07  0.62%   184  669s
H18767 15079                    2.103930e+07 2.1169e+07  0.62%   184  801s
H18767 14325                    2.103964e+07 2.1169e+07  0.61%   184  801s
H18767 13609                    2.104113e+07 2.1169e+07  0.61%   184  801s
H18767 12928                    2.104120e+07 2.1169e+07  0.61%   184  801s
H18767 12282                    2.104120e+07 2.1169e+07  0.61%   184  801s
H18767 11668                    2.104171e+07 2.1169e+07  0.60%   184  801s
 18769 11669 2.1161e+07   10  596 2.1042e+07 2.1169e+07  0.60%   184  817s
 18770 11670 2.1069e+07  350  682 2.1042e+07 2.1169e+07  0.60%   184  822s
 18771 11670 2.1120e+07   44  649 2.1042e+07 2.1169e+07  0.60%   184  827s
H18771 11086                    2.104364e+07 2.1166e+07  0.58%   184  830s
 18773 11088 2.1158e+07   27  703 2.1044e+07 2.1165e+07  0.58%   184  836s
 18774 11088 2.1129e+07   17  713 2.1044e+07 2.1164e+07  0.57%   184  840s
H18777 10535                    2.104424e+07 2.1164e+07  0.57%   184  912s
H18777 10008                    2.104716e+07 2.1164e+07  0.55%   184  912s
H18777  9508                    2.104993e+07 2.1164e+07  0.54%   184  912s
 18779  9510 2.1152e+07   21  705 2.1050e+07 2.1163e+07  0.54%   184  916s
H18779  9034                    2.104995e+07 2.1163e+07  0.54%   184  917s
H18781  8583                    2.105040e+07 2.1163e+07  0.53%   184 1117s
H18781  8154                    2.105087e+07 2.1163e+07  0.53%   184 1117s
H18781  7746                    2.105088e+07 2.1163e+07  0.53%   184 1117s
H18781  7358                    2.105242e+07 2.1163e+07  0.52%   184 1117s
H18781  6990                    2.105293e+07 2.1163e+07  0.52%   184 1117s
H18781  6640                    2.105427e+07 2.1163e+07  0.52%   184 1117s
H18781  6308                    2.105780e+07 2.1163e+07  0.50%   184 1117s
H18781  5992                    2.105922e+07 2.1163e+07  0.49%   184 1117s
 18783  5993 2.1162e+07    7  660 2.1059e+07 2.1162e+07  0.49%   184 1123s
 18785  5995 2.1162e+07   11  630 2.1059e+07 2.1162e+07  0.49%   184 1192s
 18786  5995 2.1077e+07   82  657 2.1059e+07 2.1162e+07  0.49%   184 1196s
 18789  5997 2.1162e+07   12  666 2.1059e+07 2.1162e+07  0.49%   184 1258s
 18790  5998 2.1141e+07   47  638 2.1059e+07 2.1161e+07  0.48%   184 1262s
H18790  5698                    2.107593e+07 2.1161e+07  0.40%   184 1337s
H18791  5413                    2.107732e+07 2.1161e+07  0.40%   184 1345s
 18793  5414 2.1151e+07   29  633 2.1077e+07 2.1161e+07  0.40%   184 1412s
 18794  5415 2.1161e+07   15  632 2.1077e+07 2.1161e+07  0.40%   184 1417s
 18795  5415 2.1077e+07   44  629 2.1077e+07 2.1161e+07  0.40%   184 1491s
 18796  5416 2.1077e+07   98  630 2.1077e+07 2.1161e+07  0.40%   184 1498s
 18797  5417 2.1124e+07   23  621 2.1077e+07 2.1161e+07  0.40%   184 1563s
 18798  5417 2.1077e+07  165  613 2.1077e+07 2.1161e+07  0.40%   184 1567s
 18799  5418 2.1131e+07   57  614 2.1077e+07 2.1161e+07  0.40%   184 1662s
 18801  5419 2.1137e+07   41  624 2.1077e+07 2.1161e+07  0.40%   184 1674s
H18801  5148                    2.108132e+07 2.1161e+07  0.38%   184 1717s
H18802  4893                    2.108332e+07 2.1161e+07  0.37%   188 1727s
 18805  4898 2.1159e+07   16  599 2.1083e+07 2.1159e+07  0.36%   188 1730s
 18831  4913 2.1155e+07   19  570 2.1083e+07 2.1155e+07  0.34%   188 1736s
 18885  4922 2.1152e+07   21  546 2.1083e+07 2.1152e+07  0.32%   188 1743s
 18927  4950 2.1150e+07   22  528 2.1083e+07 2.1150e+07  0.32%   189 1751s
H18954  4696                    2.108548e+07 2.1150e+07  0.31%   189 1751s
H18958  4462                    2.108715e+07 2.1150e+07  0.30%   189 1751s
 18995  4439 2.1145e+07   23  516 2.1087e+07 2.1145e+07  0.28%   190 1757s
 19056  4446 2.1142e+07   24  502 2.1087e+07 2.1145e+07  0.28%   190 1763s
 19133  4458 2.1142e+07   25  507 2.1087e+07 2.1145e+07  0.27%   193 1767s
 19219  4478 2.1140e+07   25  493 2.1087e+07 2.1145e+07  0.27%   194 1772s
 19312  4523 2.1138e+07   26  498 2.1087e+07 2.1145e+07  0.27%   195 1776s
 19394  4552 2.1137e+07   26  502 2.1087e+07 2.1145e+07  0.27%   196 1780s
 19466  4590 2.1136e+07   27  499 2.1087e+07 2.1145e+07  0.27%   197 1785s
 19628  4651 2.1132e+07   28  482 2.1087e+07 2.1145e+07  0.27%   198 1794s
 19713  4657 2.1131e+07   29  475 2.1087e+07 2.1145e+07  0.27%   198 1798s
 19790  4694 2.1128e+07   29  484 2.1087e+07 2.1145e+07  0.27%   198 1803s
 19883  4679 2.1129e+07   30  465 2.1087e+07 2.1145e+07  0.27%   198 1807s
 19996  4657 2.1126e+07   31  462 2.1087e+07 2.1143e+07  0.26%   199 1812s
 20055  4657 2.1124e+07   31  468 2.1087e+07 2.1143e+07  0.26%   199 1816s
H20069  4431                    2.108761e+07 2.1143e+07  0.26%   199 1816s
 20113  4471 2.1126e+07   32  464 2.1088e+07 2.1143e+07  0.26%   200 1822s
 20211  4484 2.1125e+07   33  455 2.1088e+07 2.1143e+07  0.26%   200 1826s
 20305  4499 2.1121e+07   33  464 2.1088e+07 2.1143e+07  0.26%   201 1831s
 20401  4543 2.1124e+07   34  458 2.1088e+07 2.1143e+07  0.26%   201 1836s
 20515  4555 2.1121e+07   36  454 2.1088e+07 2.1143e+07  0.26%   201 1842s
 20614  4588 2.1119e+07   37  453 2.1088e+07 2.1143e+07  0.26%   201 1848s
 20721  4610 2.1117e+07   38  452 2.1088e+07 2.1143e+07  0.26%   201 1854s
 20836  4661 2.1117e+07   39  451 2.1088e+07 2.1143e+07  0.26%   202 1859s
 20973  4709 2.1115e+07   40  448 2.1088e+07 2.1143e+07  0.26%   202 1864s
 21128  4691 2.1115e+07   41  440 2.1088e+07 2.1143e+07  0.26%   202 1872s
H21140  4477                    2.108773e+07 2.1143e+07  0.26%   202 1872s
 21191  4552 2.1116e+07   42  437 2.1088e+07 2.1143e+07  0.26%   202 1878s
H21350  4333                    2.108773e+07 2.1143e+07  0.26%   202 1888s
 21401  4591 2.1113e+07   43  434 2.1088e+07 2.1143e+07  0.26%   202 1894s
 21762  4794 2.1113e+07   46  430 2.1088e+07 2.1143e+07  0.26%   202 1899s
 22155  5060 2.1112e+07   48  435 2.1088e+07 2.1141e+07  0.25%   201 1903s
 22610  5039 2.1111e+07   50  428 2.1088e+07 2.1141e+07  0.25%   200 1911s
H22646  4837                    2.108822e+07 2.1141e+07  0.25%   200 1911s
H22706  4637                    2.108839e+07 2.1141e+07  0.25%   200 1911s
H22751  4450                    2.108844e+07 2.1141e+07  0.25%   200 1911s
 22753  4858 2.1110e+07   52  417 2.1088e+07 2.1141e+07  0.25%   200 1916s
 23264  5115 2.1108e+07   54  424 2.1088e+07 2.1137e+07  0.23%   198 1920s
 23778  5429 2.1109e+07   57  428 2.1088e+07 2.1137e+07  0.23%   197 1947s
 24350  5474 2.1109e+07   60  439 2.1088e+07 2.1137e+07  0.23%   195 1967s
 24626  5942 2.1105e+07   62  433 2.1088e+07 2.1137e+07  0.23%   194 1972s
 25290  5937 2.1106e+07   67  417 2.1088e+07 2.1137e+07  0.23%   191 2215s
H25432  5719                    2.108910e+07 2.1137e+07  0.23%   190 2215s
 25534  6225 2.1108e+07   68  423 2.1089e+07 2.1137e+07  0.23%   190 2220s
 26169  6598 2.1108e+07   72  423 2.1089e+07 2.1132e+07  0.21%   188 2227s
 26837  7061 2.1108e+07   77  421 2.1089e+07 2.1132e+07  0.21%   186 2233s
 27565  7566 2.1107e+07   84  385 2.1089e+07 2.1132e+07  0.21%   184 2247s
 28393  8094 2.1107e+07   90  377 2.1089e+07 2.1132e+07  0.20%   181 2254s
 29242  8854 2.1107e+07   94  382 2.1089e+07 2.1132e+07  0.20%   178 2261s
 30070  8985 2.1103e+07   98  374 2.1089e+07 2.1132e+07  0.20%   175 2270s
H30182  8981                    2.108984e+07 2.1132e+07  0.20%   175 2270s
 30208  9858 2.1107e+07  101  377 2.1090e+07 2.1132e+07  0.20%   175 2276s
 31214 10648 2.1107e+07  107  379 2.1090e+07 2.1132e+07  0.20%   172 2283s
 32150 11792 2.1107e+07  112  369 2.1090e+07 2.1132e+07  0.20%   169 2290s
 33438 12804 2.1106e+07  117  367 2.1090e+07 2.1132e+07  0.20%   165 2298s
 34660 13860 2.1106e+07  121  365 2.1090e+07 2.1132e+07  0.20%   161 2306s
 35838 15266 2.1106e+07  126  365 2.1090e+07 2.1132e+07  0.20%   158 2319s

Cutting planes:
  Learned: 4
  Gomory: 14
  Cover: 1
  Implied bound: 856
  MIR: 997
  Flow cover: 1486
  RLT: 49
  Relax-and-lift: 1053
  BQP: 5

Explored 37517 nodes (5884443 simplex iterations) in 2322.97 seconds (2442.25 work units)
Thread count was 48 (of 192 available processors)

Solution count 10: 2.10898e+07 2.10898e+07 2.10891e+07 ... 2.10813e+07

Optimal solution found (tolerance 2.00e-03)
Best objective 2.108983967640e+07, best bound 2.113186862212e+07, gap 0.1993%
Deleted nodefile directory: /scratch-local/lbeemster.22692056/gurobi_dev0.05_sub50.0_run2
Saved model snapshot to study_case_model/figures/subsidy_experiment/run_24426/dev0.05/sub50.0/run2/model_snapshot.pkl
Finished successfully!
