Gurobi shell based on Python 3.13.1 can be launched with command `gurobi.sh`
Gurobi Python Interface can be loaded in Python 3.13.1 with 'import gurobipy'
/var/spool/slurm/slurmd/job22700155/slurm_script: line 24: activate: No such file or directory
Solving model: dev1.0, sub60.0, run3
Read LP format model from file /scratch-local/lbeemster.22700155/tmp3k5zj8j0.pyomo.lp
Reading time = 0.69 seconds
x1: 178177 rows, 50050 columns, 1020800 nonzeros
Set parameter OutputFlag to value 1
Set parameter MIPGap to value 0.002
Set parameter Threads to value 48
Set parameter Presolve to value 1
Set parameter Cuts to value 1
Set parameter NodefileStart to value 1
Set parameter NodefileDir to value "/scratch-local/lbeemster.22700155/gurobi_dev1.0_sub60.0_run3"
Set parameter MemLimit to value 60
Gurobi Optimizer version 12.0.3 build v12.0.3rc0 (linux64 - "Red Hat Enterprise Linux 9.6 (Plow)")

CPU model: AMD EPYC 9654 96-Core Processor, instruction set [SSE2|AVX|AVX2|AVX512]
Thread count: 192 physical cores, 192 logical processors, using up to 48 threads

Non-default parameters:
MemLimit  60
MIPGap  0.002
NodefileStart  1
Cuts  1
Presolve  1
Threads  48

Academic license 2514514 - for non-commercial use only - registered to l.___@student.vu.nl
Optimize a model with 178177 rows, 50050 columns and 1020800 nonzeros
Model fingerprint: 0xae2c07f1
Variable types: 39426 continuous, 10624 integer (10624 binary)
Coefficient statistics:
  Matrix range     [1e-06, 1e+05]
  Objective range  [2e+00, 3e+04]
  Bounds range     [1e+00, 1e+00]
  RHS range        [3e-01, 2e+05]
Presolve removed 34273 rows and 21590 columns
Presolve time: 2.75s
Presolved: 143904 rows, 28460 columns, 877444 nonzeros
Variable types: 22732 continuous, 5728 integer (5728 binary)

Deterministic concurrent LP optimizer: primal simplex, dual simplex, and barrier
Showing barrier log only...

Root relaxation presolved: 26812 rows, 170700 columns, 905776 nonzeros

Root barrier log...

Ordering time: 0.05s

Barrier statistics:
 Dense cols : 24
 Free vars  : 2112
 AA' NZ     : 6.173e+05
 Factor NZ  : 1.686e+06 (roughly 100 MB of memory)
 Factor Ops : 1.273e+08 (less than 1 second per iteration)
 Threads    : 45

                  Objective                Residual
Iter       Primal          Dual         Primal    Dual     Compl     Time
   0   1.55348136e+12  7.14623848e+05  7.93e+06 3.10e+02  1.43e+08     6s
   1   1.13707260e+12 -2.67726069e+08  4.99e+06 2.81e+03  8.92e+07     6s
   2   8.13669325e+11 -3.71299473e+08  2.99e+06 2.04e+03  6.00e+07     6s
   3   5.68448087e+11 -3.85218039e+08  1.50e+06 1.30e+03  3.55e+07     6s
   4   4.44097988e+11 -3.12043415e+08  9.22e+05 8.36e+02  2.28e+07     7s
   5   3.86220701e+11 -2.08560358e+08  6.85e+05 5.45e+02  1.57e+07     7s
   6   3.14413910e+11 -1.45858430e+08  4.53e+05 3.32e+02  1.00e+07     7s
   7   2.48518334e+11 -8.76281951e+07  2.87e+05 1.87e+02  6.06e+06     7s
   8   1.84563919e+11 -6.82569485e+07  1.77e+05 1.37e+02  4.15e+06     7s
   9   1.34792688e+11 -4.51173215e+07  1.12e+05 8.45e+01  2.63e+06     7s
  10   1.12500905e+11 -3.62142625e+07  8.46e+04 6.68e+01  2.04e+06     7s
  11   9.65803230e+10 -2.02241205e+07  6.74e+04 3.63e+01  1.38e+06     7s
  12   6.88837024e+10 -1.22810892e+07  4.15e+04 2.23e+01  8.66e+05     7s
  13   3.25350677e+10 -6.50568533e+06  1.45e+04 1.29e+01  3.80e+05     7s
  14   1.32017979e+10 -2.06840983e+06  4.07e+03 5.70e+00  1.37e+05     7s
  15   5.13222845e+09  5.16592929e+05  1.13e+03 1.80e+00  4.46e+04     7s
  16   3.56432043e+09  2.66383474e+06  7.26e+02 8.40e-01  2.70e+04     7s
  17   2.03546396e+09  4.13891365e+06  3.80e+02 4.96e-01  1.48e+04     7s
  18   1.46310402e+09  5.50936811e+06  2.63e+02 2.64e-01  9.98e+03     7s
  19   5.36533896e+08  8.28403789e+06  8.20e+01 5.22e-02  3.30e+03     7s
  20   2.31762265e+08  1.02204675e+07  2.95e+01 2.25e-02  1.34e+03     7s
  21   1.50800572e+08  1.44385004e+07  1.77e+01 5.85e-03  8.06e+02     7s
  22   1.23591878e+08  1.56968816e+07  1.40e+01 4.57e-03  6.36e+02     7s
  23   1.09619829e+08  1.59298382e+07  1.21e+01 4.35e-03  5.51e+02     7s
  24   9.72810048e+07  1.68883570e+07  1.04e+01 1.24e-02  4.72e+02     7s
  25   6.98220796e+07  1.79835958e+07  6.44e+00 9.77e-03  3.03e+02     7s
  26   4.29173893e+07  1.99529759e+07  2.56e+00 4.04e-03  1.33e+02     8s
  27   2.89800122e+07  2.05937765e+07  7.72e-01 2.03e-03  4.77e+01     8s
  28   2.63697189e+07  2.12236042e+07  4.62e-01 1.17e-03  2.92e+01     8s
  29   2.44653625e+07  2.13813382e+07  2.59e-01 1.10e-03  1.74e+01     8s
  30   2.34504625e+07  2.15028476e+07  1.50e-01 9.90e-04  1.09e+01     8s
  31   2.28986156e+07  2.16043118e+07  9.67e-02 7.16e-04  7.25e+00     8s
  32   2.24700987e+07  2.17037272e+07  5.52e-02 4.44e-04  4.28e+00     8s
  33   2.22593172e+07  2.17559176e+07  3.49e-02 3.29e-04  2.81e+00     8s
  34   2.21048660e+07  2.17923735e+07  2.16e-02 3.01e-04  1.74e+00     8s
  35   2.20048383e+07  2.18144349e+07  1.27e-02 3.06e-04  1.06e+00     8s
  36   2.19690666e+07  2.18379556e+07  8.28e-03 2.68e-04  7.22e-01     8s
  37   2.19396456e+07  2.18588718e+07  5.14e-03 2.57e-04  4.43e-01     8s
  38   2.19253793e+07  2.18716033e+07  3.58e-03 2.45e-04  2.94e-01     8s
  39   2.19107939e+07  2.18795502e+07  2.07e-03 2.31e-04  1.70e-01     8s

Barrier performed 39 iterations in 8.09 seconds (7.12 work units)
Barrier solve interrupted - model solved by another algorithm

Concurrent spin time: 0.85s (can be avoided by choosing Method=3)

Solved with primal simplex

Root relaxation: objective 2.188822e+07, 48420 iterations, 3.31 seconds (2.38 work units)

    Nodes    |    Current Node    |     Objective Bounds      |     Work
 Expl Unexpl |  Obj  Depth IntInf | Incumbent    BestBd   Gap | It/Node Time

     0     0 2.1888e+07    0  462          - 2.1888e+07      -     -   10s
H    0     0                    3286352.9437 2.1888e+07   566%     -   12s
     0     0 2.1882e+07    0  627 3286352.94 2.1882e+07   566%     -   13s
H    0     0                    2.100126e+07 2.1882e+07  4.20%     -   15s
     0     0 2.1882e+07    0  747 2.1001e+07 2.1882e+07  4.19%     -   16s
     0     0 2.1882e+07    0  740 2.1001e+07 2.1882e+07  4.19%     -   16s
     0     0 2.1881e+07    0  739 2.1001e+07 2.1881e+07  4.19%     -   16s
     0     0 2.1881e+07    0  740 2.1001e+07 2.1881e+07  4.19%     -   17s
     0     0 2.1877e+07    0  790 2.1001e+07 2.1877e+07  4.17%     -   21s
     0     0 2.1875e+07    0  833 2.1001e+07 2.1875e+07  4.16%     -   22s
     0     0 2.1875e+07    0  829 2.1001e+07 2.1875e+07  4.16%     -   22s
     0     0 2.1874e+07    0  828 2.1001e+07 2.1874e+07  4.16%     -   23s
     0     0 2.1874e+07    0  829 2.1001e+07 2.1874e+07  4.16%     -   23s
     0     0 2.1874e+07    0  832 2.1001e+07 2.1874e+07  4.16%     -   23s
     0     0 2.1871e+07    0  844 2.1001e+07 2.1871e+07  4.14%     -   28s
H    0     0                    2.117722e+07 2.1871e+07  3.27%     -   30s
     0     0 2.1869e+07    0  895 2.1177e+07 2.1869e+07  3.27%     -   32s
     0     0 2.1869e+07    0  921 2.1177e+07 2.1869e+07  3.26%     -   32s
     0     0 2.1868e+07    0  935 2.1177e+07 2.1868e+07  3.26%     -   32s
     0     0 2.1868e+07    0  954 2.1177e+07 2.1868e+07  3.26%     -   33s
     0     0 2.1868e+07    0  949 2.1177e+07 2.1868e+07  3.26%     -   33s
     0     0 2.1865e+07    0  942 2.1177e+07 2.1865e+07  3.25%     -   39s
     0     0 2.1863e+07    0  990 2.1177e+07 2.1863e+07  3.24%     -   41s
     0     0 2.1863e+07    0  998 2.1177e+07 2.1863e+07  3.24%     -   42s
     0     0 2.1863e+07    0 1000 2.1177e+07 2.1863e+07  3.24%     -   42s
     0     0 2.1863e+07    0 1011 2.1177e+07 2.1863e+07  3.24%     -   42s
     0     0 2.1863e+07    0 1013 2.1177e+07 2.1863e+07  3.24%     -   43s
     0     0 2.1863e+07    0 1014 2.1177e+07 2.1863e+07  3.24%     -   43s
     0     0 2.1863e+07    0 1015 2.1177e+07 2.1863e+07  3.24%     -   43s
     0     0 2.1858e+07    0  734 2.1177e+07 2.1858e+07  3.21%     -   50s
H    0     0                    2.147086e+07 2.1858e+07  1.80%     -   51s
     0     0 2.1857e+07    0  783 2.1471e+07 2.1857e+07  1.80%     -   52s
     0     0 2.1857e+07    0  761 2.1471e+07 2.1857e+07  1.80%     -   53s
     0     0 2.1857e+07    0  764 2.1471e+07 2.1857e+07  1.80%     -   53s
     0     0 2.1857e+07    0  770 2.1471e+07 2.1857e+07  1.80%     -   53s
     0     0 2.1857e+07    0  768 2.1471e+07 2.1857e+07  1.80%     -   54s
     0     0 2.1856e+07    0  763 2.1471e+07 2.1856e+07  1.80%     -   57s
     0     0 2.1856e+07    0  757 2.1471e+07 2.1856e+07  1.79%     -   60s
     0     0 2.1856e+07    0  767 2.1471e+07 2.1856e+07  1.79%     -   60s
     0     0 2.1856e+07    0  790 2.1471e+07 2.1856e+07  1.79%     -   60s
     0     0 2.1856e+07    0  791 2.1471e+07 2.1856e+07  1.79%     -   61s
     0     0 2.1855e+07    0  761 2.1471e+07 2.1855e+07  1.79%     -   64s
H    0     0                    2.147301e+07 2.1855e+07  1.78%     -   66s
     0     0 2.1855e+07    0  773 2.1473e+07 2.1855e+07  1.78%     -   67s
     0     0 2.1855e+07    0  766 2.1473e+07 2.1855e+07  1.78%     -   68s
     0     0 2.1855e+07    0  771 2.1473e+07 2.1855e+07  1.78%     -   68s
     0     0 2.1855e+07    0  764 2.1473e+07 2.1855e+07  1.78%     -   68s
     0     0 2.1855e+07    0  768 2.1473e+07 2.1855e+07  1.78%     -   68s
     0     0 2.1854e+07    0  748 2.1473e+07 2.1854e+07  1.78%     -   72s
H    0     0                    2.148072e+07 2.1854e+07  1.74%     -   77s
     0     0 2.1854e+07    0  771 2.1481e+07 2.1854e+07  1.74%     -   77s
     0     0 2.1854e+07    0  774 2.1481e+07 2.1854e+07  1.74%     -   77s
     0     0 2.1854e+07    0  768 2.1481e+07 2.1854e+07  1.74%     -   78s
     0     0 2.1854e+07    0  770 2.1481e+07 2.1854e+07  1.74%     -   78s
     0     0 2.1854e+07    0  757 2.1481e+07 2.1854e+07  1.74%     -   81s
     0     0 2.1854e+07    0  751 2.1481e+07 2.1854e+07  1.74%     -   84s
     0     0 2.1854e+07    0  739 2.1481e+07 2.1854e+07  1.74%     -   84s
     0     0 2.1854e+07    0  743 2.1481e+07 2.1854e+07  1.74%     -   84s
     0     0 2.1853e+07    0  737 2.1481e+07 2.1853e+07  1.74%     -   87s
     0     0 2.1853e+07    0  711 2.1481e+07 2.1853e+07  1.74%     -   89s
     0     0 2.1853e+07    0  704 2.1481e+07 2.1853e+07  1.73%     -   89s
     0     0 2.1853e+07    0  705 2.1481e+07 2.1853e+07  1.73%     -   90s
     0     0 2.1853e+07    0  690 2.1481e+07 2.1853e+07  1.73%     -   93s
H    0     0                    2.149154e+07 2.1853e+07  1.68%     -   94s
     0     0 2.1853e+07    0  699 2.1492e+07 2.1853e+07  1.68%     -   94s
     0     0 2.1853e+07    0  691 2.1492e+07 2.1853e+07  1.68%     -   95s
     0     0 2.1853e+07    0  700 2.1492e+07 2.1853e+07  1.68%     -   95s
     0     0 2.1853e+07    0  670 2.1492e+07 2.1853e+07  1.68%     -   98s
     0     0 2.1853e+07    0  704 2.1492e+07 2.1853e+07  1.68%     -  101s
     0     0 2.1853e+07    0  672 2.1492e+07 2.1853e+07  1.68%     -  101s
     0     0 2.1853e+07    0  658 2.1492e+07 2.1853e+07  1.68%     -  104s
     0     0 2.1853e+07    0  658 2.1492e+07 2.1853e+07  1.68%     -  113s
H    0     0                    2.165972e+07 2.1853e+07  0.89%     -  125s
     0     2 2.1853e+07    0  656 2.1660e+07 2.1853e+07  0.89%     -  132s
    31    64 2.1853e+07    5  666 2.1660e+07 2.1853e+07  0.89%   438  137s
    63   112 2.1853e+07    6  663 2.1660e+07 2.1853e+07  0.89%   373  142s
H   66   112                    2.166140e+07 2.1853e+07  0.88%   359  142s
H   67   112                    2.167460e+07 2.1853e+07  0.82%   355  142s
   376   464 2.1852e+07   13  651 2.1675e+07 2.1853e+07  0.82%   155  145s
   840   889 2.1852e+07   24  644 2.1675e+07 2.1853e+07  0.82%   120  150s
H  891   983                    2.167720e+07 2.1853e+07  0.81%   118  152s
H  899   983                    2.168279e+07 2.1853e+07  0.78%   118  152s
H  941   983                    2.168280e+07 2.1853e+07  0.78%   116  152s
H  950   983                    2.168808e+07 2.1853e+07  0.76%   116  152s
  1372  1771 2.1845e+07   38  614 2.1688e+07 2.1853e+07  0.76%   105  157s
  2231  2280 2.1850e+07   52  608 2.1688e+07 2.1853e+07  0.76%  93.9  163s
  2279  2328 2.1848e+07   52  623 2.1688e+07 2.1853e+07  0.76%  93.4  171s
H 2310  2328                    2.169755e+07 2.1853e+07  0.72%  93.3  171s
  2327  2381 2.1850e+07   53  607 2.1698e+07 2.1853e+07  0.72%  93.2  176s
H 2336  2381                    2.169868e+07 2.1853e+07  0.71%  93.1  176s
  2380  2923 2.1850e+07   54  604 2.1699e+07 2.1853e+07  0.71%  92.9  180s
  3492  3663 2.1847e+07   65  587 2.1699e+07 2.1853e+07  0.71%  87.0  186s
H 3497  3663                    2.170536e+07 2.1853e+07  0.68%  87.0  186s
H 3571  3663                    2.170722e+07 2.1853e+07  0.67%  86.9  187s
  4685  5303 2.1844e+07   82  565 2.1707e+07 2.1853e+07  0.67%  79.2  193s
H 4877  5303                    2.170987e+07 2.1853e+07  0.66%  78.3  193s
  5302  6163 2.1843e+07   93  549 2.1710e+07 2.1853e+07  0.66%  75.9  195s
H 6612  6648                    2.171020e+07 2.1853e+07  0.66%  74.7  198s
  6649  7472 2.1842e+07  109  551 2.1710e+07 2.1853e+07  0.66%  74.8  200s
  7602  8333 2.1838e+07  124  550 2.1710e+07 2.1853e+07  0.66%  73.5  206s
H 8436  8558                    2.171104e+07 2.1853e+07  0.65%  72.1  208s
  8611  9237 2.1836e+07  135  521 2.1711e+07 2.1853e+07  0.65%  71.5  210s
 10065 10801 2.1834e+07  152  496 2.1711e+07 2.1853e+07  0.65%  69.0  215s
 11762 11630 2.1831e+07  187  488 2.1711e+07 2.1853e+07  0.65%  66.5  221s
 11812 11674 2.1821e+07  187  503 2.1711e+07 2.1853e+07  0.65%  66.5  233s
H11832 11192                    2.173342e+07 2.1853e+07  0.55%  66.6  233s
H11842 11123                    2.173755e+07 2.1853e+07  0.53%  66.6  233s
 11863 11699 2.1831e+07  188  487 2.1738e+07 2.1853e+07  0.53%  66.7  235s
 13154 12743 2.1830e+07  206  489 2.1738e+07 2.1853e+07  0.53%  67.6  241s
H13155 12683                    2.174041e+07 2.1853e+07  0.52%  67.6  241s
H13156 12675                    2.174161e+07 2.1853e+07  0.51%  67.6  241s
 13610 12703 2.1829e+07  208  484 2.1742e+07 2.1853e+07  0.51%  68.7  249s
H13658 12628                    2.174478e+07 2.1853e+07  0.50%  68.9  252s
H13663 12537                    2.174947e+07 2.1853e+07  0.47%  68.9  252s
 14389 13921 2.1828e+07  217  468 2.1749e+07 2.1853e+07  0.47%  69.3  257s
 15106 14344 2.1825e+07  229  459 2.1749e+07 2.1853e+07  0.47%  69.7  260s
H15495 14340                    2.174974e+07 2.1853e+07  0.47%  69.5  260s
 16574 16166 2.1824e+07  262  448 2.1750e+07 2.1853e+07  0.47%  68.7  267s
Created node file directory '/scratch-local/lbeemster.22700155/gurobi_dev1.0_sub60.0_run3/grbnodes0'
H18512 17298                    2.174977e+07 2.1853e+07  0.47%  66.8  283s
 18513 17299 2.1851e+07   31  658 2.1750e+07 2.1853e+07  0.47%  66.8  318s
H18514 16435                    2.175015e+07 2.1853e+07  0.47%  66.8  537s
H18514 15613                    2.175069e+07 2.1853e+07  0.47%  66.8  537s
H18514 14832                    2.175078e+07 2.1853e+07  0.47%  66.8  537s
H18514 14090                    2.175282e+07 2.1853e+07  0.46%  66.8  537s
H18514 13386                    2.175934e+07 2.1849e+07  0.41%  66.8  537s
H18514 12717                    2.176495e+07 2.1849e+07  0.39%  66.8  537s
H18514 12081                    2.176716e+07 2.1849e+07  0.38%  66.8  537s
H18514 11477                    2.176755e+07 2.1849e+07  0.38%  66.8  537s
H18514 10903                    2.176763e+07 2.1849e+07  0.38%  66.8  537s
H18514 10358                    2.176807e+07 2.1849e+07  0.37%  66.8  537s
H18514  9840                    2.180910e+07 2.1849e+07  0.19%  66.8  537s

Cutting planes:
  Cover: 3
  Implied bound: 87
  MIR: 406
  Flow cover: 374
  RLT: 3
  Relax-and-lift: 477
  BQP: 2
  PSD: 1

Explored 18514 nodes (1411787 simplex iterations) in 538.44 seconds (544.78 work units)
Thread count was 48 (of 192 available processors)

Solution count 10: 2.18091e+07 2.17681e+07 2.17676e+07 ... 2.17507e+07

Optimal solution found (tolerance 2.00e-03)
Best objective 2.180910472138e+07, best bound 2.184945274176e+07, gap 0.1850%
Deleted nodefile directory: /scratch-local/lbeemster.22700155/gurobi_dev1.0_sub60.0_run3
Saved model snapshot to study_case_model/figures/subsidy_experiment/run_24426/dev1.0/sub60.0/run3/model_snapshot.pkl
Finished successfully!
