Gurobi shell based on Python 3.13.1 can be launched with command `gurobi.sh`
Gurobi Python Interface can be loaded in Python 3.13.1 with 'import gurobipy'
/var/spool/slurm/slurmd/job22680355/slurm_script: line 24: activate: No such file or directory
Solving model: dev0.0, sub60.0, run0
Read LP format model from file /scratch-local/lbeemster.22680355/tmp77xn201a.pyomo.lp
Reading time = 0.79 seconds
x1: 178177 rows, 50050 columns, 1020800 nonzeros
Set parameter OutputFlag to value 1
Set parameter MIPGap to value 0.002
Set parameter Threads to value 48
Set parameter Presolve to value 1
Set parameter Cuts to value 1
Set parameter NodefileStart to value 1
Set parameter NodefileDir to value "/scratch-local/lbeemster.22680355/gurobi_dev0.0_sub60.0_run0"
Set parameter MemLimit to value 60
Gurobi Optimizer version 12.0.3 build v12.0.3rc0 (linux64 - "Red Hat Enterprise Linux 9.6 (Plow)")

CPU model: AMD EPYC 9654 96-Core Processor, instruction set [SSE2|AVX|AVX2|AVX512]
Thread count: 192 physical cores, 192 logical processors, using up to 48 threads

Non-default parameters:
MemLimit  60
MIPGap  0.002
NodefileStart  1
Cuts  1
Presolve  1
Threads  48

Academic license 2514514 - for non-commercial use only - registered to l.___@student.vu.nl
Optimize a model with 178177 rows, 50050 columns and 1020800 nonzeros
Model fingerprint: 0x20459452
Variable types: 39426 continuous, 10624 integer (10624 binary)
Coefficient statistics:
  Matrix range     [1e-06, 1e+05]
  Objective range  [2e+00, 3e+04]
  Bounds range     [1e+00, 1e+00]
  RHS range        [3e-01, 2e+05]
Presolve removed 38073 rows and 25390 columns
Presolve time: 2.99s
Presolved: 140104 rows, 24660 columns, 900836 nonzeros
Variable types: 19180 continuous, 5480 integer (5480 binary)
Found heuristic solution: objective 1.910667e+07
Found heuristic solution: objective 1.924672e+07
Found heuristic solution: objective 1.930844e+07

Deterministic concurrent LP optimizer: primal simplex, dual simplex, and barrier
Showing barrier log only...

Root relaxation presolved: 24002 rows, 164082 columns, 924956 nonzeros

Root barrier log...

Ordering time: 0.04s

Barrier statistics:
 Free vars  : 1920
 AA' NZ     : 5.077e+05
 Factor NZ  : 1.336e+06 (roughly 90 MB of memory)
 Factor Ops : 8.961e+07 (less than 1 second per iteration)
 Threads    : 46

                  Objective                Residual
Iter       Primal          Dual         Primal    Dual     Compl     Time
   0   1.42944218e+12  3.23788887e+06  7.62e+06 4.01e+02  1.49e+08     9s
   1   1.01763571e+12 -1.95234563e+08  4.68e+06 3.18e+03  9.58e+07     9s
   2   7.81388517e+11 -2.00391509e+08  3.03e+06 2.09e+03  6.32e+07     9s
   3   5.38810939e+11 -1.68502321e+08  1.46e+06 1.39e+03  3.76e+07     9s
   4   4.21368787e+11 -1.15854452e+08  8.52e+05 8.24e+02  2.25e+07     9s
   5   3.60062982e+11 -7.22052267e+07  5.97e+05 4.49e+02  1.37e+07     9s
   6   2.61953068e+11 -5.42051973e+07  3.18e+05 3.12e+02  8.67e+06     9s
   7   1.97377206e+11 -3.13558532e+07  1.76e+05 1.63e+02  4.77e+06     9s
   8   1.32134043e+11 -2.02991095e+07  8.63e+04 1.04e+02  2.76e+06     9s
   9   9.64789729e+10 -1.06552905e+07  4.94e+04 5.80e+01  1.61e+06     9s
  10   7.15456653e+10 -6.95376707e+06  3.07e+04 4.09e+01  1.08e+06     9s
  11   4.07632225e+10 -3.40416046e+06  1.33e+04 2.31e+01  5.60e+05     9s
  12   2.61849163e+10 -1.89675895e+06  6.89e+03 1.63e+01  3.43e+05     9s
  13   1.21790246e+10  5.86625934e+05  2.35e+03 5.36e+00  1.22e+05     9s
  14   7.21066969e+09  1.02739488e+06  1.16e+03 3.78e+00  7.05e+04     9s
  15   4.00417084e+09  2.12666368e+06  5.62e+02 1.67e+00  3.43e+04     9s
  16   2.27866966e+09  3.52771718e+06  2.84e+02 8.32e-01  1.79e+04    10s
  17   1.59065034e+09  5.60346155e+06  1.87e+02 4.20e-01  1.14e+04    10s
  18   1.10718411e+09  7.67220307e+06  1.25e+02 1.52e-01  7.22e+03    10s
  19   4.84491671e+08  8.99437172e+06  5.03e+01 6.78e-02  3.04e+03    10s
  20   2.17161346e+08  1.03689694e+07  1.99e+01 3.07e-02  1.29e+03    10s
  21   1.26855959e+08  1.42064866e+07  1.03e+01 1.68e-02  6.84e+02    10s
  22   8.23259866e+07  1.76774468e+07  5.84e+00 7.60e-03  3.88e+02    10s
  23   4.75487191e+07  1.89542249e+07  2.34e+00 5.03e-03  1.70e+02    10s
  24   3.74055407e+07  1.91707689e+07  1.44e+00 3.10e-03  1.08e+02    10s
  25   2.92284286e+07  2.00181049e+07  6.94e-01 2.67e-03  5.43e+01    10s
  26   2.66401096e+07  2.02802947e+07  4.59e-01 2.25e-03  3.74e+01    10s
  27   2.45097346e+07  2.05982286e+07  2.80e-01 2.25e-03  2.30e+01    10s
  28   2.27895457e+07  2.07812021e+07  1.38e-01 1.18e-03  1.18e+01    10s
  29   2.19063119e+07  2.08698698e+07  6.61e-02 1.09e-03  6.05e+00    10s
  30   2.16691943e+07  2.09073258e+07  4.79e-02 8.04e-04  4.44e+00    10s
  31   2.13071773e+07  2.09408329e+07  2.06e-02 5.36e-04  2.13e+00    10s
  32   2.12122461e+07  2.09708639e+07  1.36e-02 4.24e-04  1.40e+00    10s
  33   2.11587030e+07  2.09990471e+07  9.30e-03 4.04e-04  9.24e-01    10s

Barrier performed 33 iterations in 10.21 seconds (8.96 work units)
Barrier solve interrupted - model solved by another algorithm

Concurrent spin time: 0.03s

Solved with primal simplex

Root relaxation: objective 2.105785e+07, 29207 iterations, 2.22 seconds (1.84 work units)

    Nodes    |    Current Node    |     Objective Bounds      |     Work
 Expl Unexpl |  Obj  Depth IntInf | Incumbent    BestBd   Gap | It/Node Time

     0     0 2.1058e+07    0  444 1.9308e+07 2.1058e+07  9.06%     -   11s
     0     0 2.1044e+07    0  537 1.9308e+07 2.1044e+07  8.99%     -   16s
H    0     0                    2.058676e+07 2.1043e+07  2.22%     -   17s
     0     0 2.1041e+07    0  566 2.0587e+07 2.1041e+07  2.21%     -   18s
     0     0 2.1041e+07    0  574 2.0587e+07 2.1041e+07  2.20%     -   18s
     0     0 2.1041e+07    0  571 2.0587e+07 2.1041e+07  2.20%     -   18s
     0     0 2.1040e+07    0  601 2.0587e+07 2.1040e+07  2.20%     -   21s
     0     0 2.1039e+07    0  607 2.0587e+07 2.1039e+07  2.20%     -   22s
     0     0 2.1039e+07    0  608 2.0587e+07 2.1039e+07  2.20%     -   22s
     0     0 2.1038e+07    0  571 2.0587e+07 2.1038e+07  2.19%     -   26s
     0     0 2.1038e+07    0  569 2.0587e+07 2.1038e+07  2.19%     -   27s
     0     0 2.1038e+07    0  584 2.0587e+07 2.1038e+07  2.19%     -   28s
     0     0 2.1038e+07    0  577 2.0587e+07 2.1038e+07  2.19%     -   28s
     0     0 2.1038e+07    0  584 2.0587e+07 2.1038e+07  2.19%     -   28s
     0     0 2.1037e+07    0  582 2.0587e+07 2.1037e+07  2.19%     -   32s
H    0     0                    2.067291e+07 2.1037e+07  1.76%     -   33s
     0     0 2.1037e+07    0  593 2.0673e+07 2.1037e+07  1.76%     -   33s
     0     0 2.1037e+07    0  602 2.0673e+07 2.1037e+07  1.76%     -   34s
     0     0 2.1037e+07    0  600 2.0673e+07 2.1037e+07  1.76%     -   34s
     0     0 2.1037e+07    0  598 2.0673e+07 2.1037e+07  1.76%     -   34s
     0     0 2.1036e+07    0  429 2.0673e+07 2.1036e+07  1.75%     -   38s
H    0     0                    2.067419e+07 2.1036e+07  1.75%     -   39s
     0     0 2.1036e+07    0  466 2.0674e+07 2.1036e+07  1.75%     -   40s
     0     0 2.1036e+07    0  471 2.0674e+07 2.1036e+07  1.75%     -   40s
     0     0 2.1036e+07    0  474 2.0674e+07 2.1036e+07  1.75%     -   40s
     0     0 2.1036e+07    0  473 2.0674e+07 2.1036e+07  1.75%     -   40s
     0     0 2.1035e+07    0  486 2.0674e+07 2.1035e+07  1.75%     -   43s
     0     0 2.1035e+07    0  500 2.0674e+07 2.1035e+07  1.75%     -   44s
     0     0 2.1035e+07    0  507 2.0674e+07 2.1035e+07  1.75%     -   45s
     0     0 2.1035e+07    0  504 2.0674e+07 2.1035e+07  1.75%     -   45s
     0     0 2.1035e+07    0  481 2.0674e+07 2.1035e+07  1.75%     -   47s
H    0     0                    2.067658e+07 2.1035e+07  1.73%     -   48s
     0     0 2.1035e+07    0  503 2.0677e+07 2.1035e+07  1.73%     -   49s
     0     0 2.1035e+07    0  501 2.0677e+07 2.1035e+07  1.73%     -   49s
     0     0 2.1035e+07    0  508 2.0677e+07 2.1035e+07  1.73%     -   49s
     0     0 2.1035e+07    0  479 2.0677e+07 2.1035e+07  1.73%     -   51s
     0     0 2.1035e+07    0  473 2.0677e+07 2.1035e+07  1.73%     -   53s
     0     0 2.1035e+07    0  479 2.0677e+07 2.1035e+07  1.73%     -   54s
     0     0 2.1035e+07    0  475 2.0677e+07 2.1035e+07  1.73%     -   54s
     0     0 2.1035e+07    0  465 2.0677e+07 2.1035e+07  1.73%     -   56s
H    0     0                    2.067793e+07 2.1035e+07  1.73%     -   57s
     0     0 2.1035e+07    0  473 2.0678e+07 2.1035e+07  1.73%     -   57s
     0     0 2.1035e+07    0  465 2.0678e+07 2.1035e+07  1.73%     -   58s
     0     0 2.1035e+07    0  458 2.0678e+07 2.1035e+07  1.73%     -   60s
     0     0 2.1035e+07    0  458 2.0678e+07 2.1035e+07  1.73%     -   66s
H    0     0                    2.082346e+07 2.1035e+07  1.02%     -   74s
H    0     0                    2.087156e+07 2.1035e+07  0.78%     -   75s
H    0     0                    2.089273e+07 2.1035e+07  0.68%     -   78s
H    0     0                    2.089341e+07 2.1035e+07  0.68%     -   84s
H    0     0                    2.089443e+07 2.1035e+07  0.67%     -   85s
H    0     0                    2.089448e+07 2.1035e+07  0.67%     -   85s
H    0     0                    2.089566e+07 2.1035e+07  0.67%     -   87s
     0     2 2.1035e+07    0  458 2.0896e+07 2.1035e+07  0.67%     -   89s
     3     8 2.1035e+07    2  456 2.0896e+07 2.1035e+07  0.67%   152   90s
    63   112 2.1035e+07    6  455 2.0896e+07 2.1035e+07  0.67%   134   96s
H   75   112                    2.089713e+07 2.1035e+07  0.66%   123   96s
H   78   112                    2.089909e+07 2.1035e+07  0.65%   121   96s
H   83   112                    2.090904e+07 2.1035e+07  0.60%   120   96s
H  350   403                    2.093919e+07 2.1035e+07  0.46%  75.7  100s
H  353   403                    2.093947e+07 2.1035e+07  0.46%  75.7  100s
H  354   403                    2.094173e+07 2.1035e+07  0.44%  75.6  100s
   966  1074 2.1034e+07   18  416 2.0942e+07 2.1035e+07  0.44%  62.1  105s
H 1474  1588                    2.094185e+07 2.1035e+07  0.44%  55.2  109s
H 1512  1588                    2.095010e+07 2.1035e+07  0.40%  55.4  109s
  1587  1636 2.1034e+07   25  401 2.0950e+07 2.1035e+07  0.40%  54.4  112s
  1635  1684 2.1034e+07   25  403 2.0950e+07 2.1035e+07  0.40%  54.1  117s
H 1683  1732                    2.095593e+07 2.1035e+07  0.38%  53.5  122s
  2301  2587 2.1033e+07   36  382 2.0956e+07 2.1035e+07  0.38%  50.5  125s
H 3151  3350                    2.096901e+07 2.1035e+07  0.31%  47.4  129s
  3393  3553 2.1029e+07   44  374 2.0969e+07 2.1035e+07  0.31%  47.1  131s
  4756  4822 2.1029e+07   65  356 2.0969e+07 2.1035e+07  0.31%  48.1  136s
H 5228  5070                    2.097050e+07 2.1035e+07  0.31%  49.3  137s
  5496  5733 2.1028e+07   77  357 2.0971e+07 2.1035e+07  0.31%  49.8  140s
H 6058  5778                    2.097071e+07 2.1035e+07  0.30%  48.3  142s
  6798  6965 2.1028e+07  106  344 2.0971e+07 2.1035e+07  0.30%  46.6  145s
H 8223  7482                    2.097801e+07 2.1035e+07  0.27%  45.5  147s
  8871  8506 2.1025e+07  142  329 2.0978e+07 2.1035e+07  0.27%  45.6  150s
 11305 10955 2.1021e+07  175  300 2.0978e+07 2.1034e+07  0.27%  44.7  155s
 13485 12821 2.1018e+07  207  289 2.0978e+07 2.1034e+07  0.27%  44.0  160s
H13489 12820                    2.097806e+07 2.1034e+07  0.27%  44.0  160s
 15328 14932 2.1017e+07  239  265 2.0978e+07 2.1034e+07  0.27%  44.3  166s
*17259 16519             372    2.097880e+07 2.1034e+07  0.27%  44.3  169s
H17862 14551                    2.099491e+07 2.1034e+07  0.19%  44.0  191s

Cutting planes:
  Gomory: 17
  Cover: 56
  Implied bound: 3684
  MIR: 723
  Flow cover: 1282
  RLT: 3
  Relax-and-lift: 310

Explored 17862 nodes (839024 simplex iterations) in 207.27 seconds (239.98 work units)
Thread count was 48 (of 192 available processors)

Solution count 10: 2.09949e+07 2.09788e+07 2.09781e+07 ... 2.09392e+07

Optimal solution found (tolerance 2.00e-03)
Best objective 2.099491089467e+07, best bound 2.103442316594e+07, gap 0.1882%
Deleted nodefile directory: /scratch-local/lbeemster.22680355/gurobi_dev0.0_sub60.0_run0
Saved model snapshot to study_case_model/figures/subsidy_experiment/run_24426/dev0.0/sub60.0/run0/model_snapshot.pkl
Finished successfully!
