Gurobi shell based on Python 3.13.1 can be launched with command `gurobi.sh`
Gurobi Python Interface can be loaded in Python 3.13.1 with 'import gurobipy'
/var/spool/slurm/slurmd/job22699783/slurm_script: line 24: activate: No such file or directory
Solving model: dev0.2, sub28.0, run3
Read LP format model from file /scratch-local/lbeemster.22699783/tmpy7krsrwo.pyomo.lp
Reading time = 0.77 seconds
x1: 178177 rows, 50050 columns, 1020800 nonzeros
Set parameter OutputFlag to value 1
Set parameter MIPGap to value 0.002
Set parameter Threads to value 48
Set parameter Presolve to value 1
Set parameter Cuts to value 1
Set parameter NodefileStart to value 1
Set parameter NodefileDir to value "/scratch-local/lbeemster.22699783/gurobi_dev0.2_sub28.0_run3"
Set parameter MemLimit to value 60
Gurobi Optimizer version 12.0.3 build v12.0.3rc0 (linux64 - "Red Hat Enterprise Linux 9.6 (Plow)")

CPU model: AMD EPYC 9654 96-Core Processor, instruction set [SSE2|AVX|AVX2|AVX512]
Thread count: 192 physical cores, 192 logical processors, using up to 48 threads

Non-default parameters:
MemLimit  60
MIPGap  0.002
NodefileStart  1
Cuts  1
Presolve  1
Threads  48

Academic license 2514514 - for non-commercial use only - registered to l.___@student.vu.nl
Optimize a model with 178177 rows, 50050 columns and 1020800 nonzeros
Model fingerprint: 0xabdd6650
Variable types: 39426 continuous, 10624 integer (10624 binary)
Coefficient statistics:
  Matrix range     [1e-06, 1e+05]
  Objective range  [5e-01, 3e+04]
  Bounds range     [1e+00, 1e+00]
  RHS range        [3e-01, 2e+05]
Presolve removed 33568 rows and 21526 columns
Presolve time: 2.79s
Presolved: 144609 rows, 28524 columns, 858568 nonzeros
Variable types: 22732 continuous, 5792 integer (5792 binary)

Deterministic concurrent LP optimizer: primal simplex, dual simplex, and barrier
Showing barrier log only...

Root relaxation presolved: 26582 rows, 171175 columns, 886964 nonzeros

Root barrier log...

Ordering time: 0.05s

Barrier statistics:
 Dense cols : 36
 Free vars  : 2112
 AA' NZ     : 5.863e+05
 Factor NZ  : 1.633e+06 (roughly 100 MB of memory)
 Factor Ops : 1.209e+08 (less than 1 second per iteration)
 Threads    : 45

                  Objective                Residual
Iter       Primal          Dual         Primal    Dual     Compl     Time
   0   1.54099568e+12  7.59993780e+05  7.87e+06 3.10e+02  1.42e+08     5s
   1   1.16203611e+12 -1.68850875e+08  5.16e+06 2.81e+03  9.01e+07     5s
   2   8.48860109e+11 -1.26458093e+08  3.09e+06 1.91e+03  5.84e+07     5s
   3   5.78684474e+11 -7.34903712e+07  1.36e+06 1.24e+03  3.37e+07     5s
   4   4.40498813e+11 -4.07967949e+07  7.42e+05 7.17e+02  1.95e+07     5s
   5   3.58960885e+11 -2.96429093e+07  4.80e+05 4.40e+02  1.24e+07     5s
   6   2.96526905e+11 -2.20851567e+07  3.27e+05 3.23e+02  8.92e+06     5s
   7   2.60373547e+11 -1.42963100e+07  2.57e+05 2.17e+02  6.45e+06     5s
   8   2.08248036e+11 -1.21746174e+07  1.86e+05 1.91e+02  5.23e+06     5s
   9   1.93382009e+11 -1.14375166e+07  1.62e+05 1.71e+02  4.64e+06     5s
  10   1.64855160e+11 -8.73244470e+06  1.26e+05 1.24e+02  3.50e+06     5s
  11   1.22187258e+11 -6.52795313e+06  7.88e+04 8.40e+01  2.32e+06     5s
  12   8.68404382e+10 -4.00923818e+06  4.42e+04 4.43e+01  1.31e+06     5s
  13   5.66455628e+10 -1.18050078e+06  2.34e+04 1.90e+01  6.54e+05     5s
  14   3.88360467e+10  1.35580279e+05  1.40e+04 6.54e+00  3.42e+05     6s
  15   2.31897912e+10  5.15735013e+05  7.71e+03 3.78e+00  1.93e+05     6s
  16   1.07601311e+10  8.67942060e+05  3.16e+03 1.90e+00  8.55e+04     6s
  17   6.44073585e+09  1.25697101e+06  1.77e+03 1.10e+00  4.92e+04     6s
  18   4.19896518e+09  2.42988957e+06  1.10e+03 4.64e-01  2.94e+04     6s
  19   2.13351830e+09  3.01181477e+06  5.28e+02 3.17e-01  1.49e+04     6s
  20   1.29011436e+09  4.27945930e+06  2.99e+02 1.65e-01  8.66e+03     6s
  21   5.86912137e+08  6.23173481e+06  1.18e+02 3.85e-02  3.67e+03     6s
  22   2.44552939e+08  8.16215471e+06  4.28e+01 1.84e-02  1.46e+03     6s
  23   1.64560142e+08  9.42783990e+06  2.69e+01 1.32e-02  9.50e+02     6s
  24   1.22777421e+08  1.32746779e+07  1.87e+01 7.31e-03  6.63e+02     6s
  25   8.73264268e+07  1.55534547e+07  1.18e+01 5.36e-03  4.31e+02     6s
  26   7.17931171e+07  1.73434608e+07  8.80e+00 3.83e-03  3.26e+02     6s
  27   4.95551974e+07  1.89473221e+07  4.49e+00 2.57e-03  1.81e+02     6s
  28   4.00843973e+07  1.98225777e+07  2.88e+00 1.73e-03  1.19e+02     6s
  29   3.21895798e+07  2.02303782e+07  1.57e+00 1.45e-03  6.98e+01     6s
  30   2.71707056e+07  2.08579425e+07  7.63e-01 1.60e-03  3.65e+01     6s
  31   2.53114573e+07  2.10055382e+07  5.03e-01 1.38e-03  2.48e+01     6s

Barrier performed 31 iterations in 6.13 seconds (5.44 work units)
Barrier solve interrupted - model solved by another algorithm

Concurrent spin time: 0.44s (can be avoided by choosing Method=3)

Solved with primal simplex

Root relaxation: objective 2.153619e+07, 30153 iterations, 2.46 seconds (2.02 work units)

    Nodes    |    Current Node    |     Objective Bounds      |     Work
 Expl Unexpl |  Obj  Depth IntInf | Incumbent    BestBd   Gap | It/Node Time

     0     0 2.1536e+07    0  483          - 2.1536e+07      -     -    8s
H    0     0                    2.073906e+07 2.1536e+07  3.84%     -    9s
     0     0 2.1533e+07    0  499 2.0739e+07 2.1533e+07  3.83%     -   12s
H    0     0                    2.126437e+07 2.1533e+07  1.26%     -   14s
     0     0 2.1533e+07    0  571 2.1264e+07 2.1533e+07  1.26%     -   15s
     0     0 2.1533e+07    0  615 2.1264e+07 2.1533e+07  1.26%     -   15s
     0     0 2.1533e+07    0  620 2.1264e+07 2.1533e+07  1.26%     -   15s
     0     0 2.1531e+07    0  682 2.1264e+07 2.1531e+07  1.26%     -   19s
     0     0 2.1531e+07    0  692 2.1264e+07 2.1531e+07  1.25%     -   20s
     0     0 2.1530e+07    0  725 2.1264e+07 2.1530e+07  1.25%     -   20s
     0     0 2.1530e+07    0  720 2.1264e+07 2.1530e+07  1.25%     -   21s
     0     0 2.1530e+07    0  723 2.1264e+07 2.1530e+07  1.25%     -   21s
     0     0 2.1529e+07    0  722 2.1264e+07 2.1529e+07  1.25%     -   25s
H    0     0                    2.133853e+07 2.1529e+07  0.89%     -   28s
     0     0 2.1529e+07    0  711 2.1339e+07 2.1529e+07  0.89%     -   28s
     0     0 2.1529e+07    0  722 2.1339e+07 2.1529e+07  0.89%     -   29s
     0     0 2.1529e+07    0  728 2.1339e+07 2.1529e+07  0.89%     -   29s
     0     0 2.1529e+07    0  732 2.1339e+07 2.1529e+07  0.89%     -   29s
     0     0 2.1528e+07    0  679 2.1339e+07 2.1528e+07  0.89%     -   34s
     0     0 2.1528e+07    0  703 2.1339e+07 2.1528e+07  0.89%     -   36s
     0     0 2.1528e+07    0  699 2.1339e+07 2.1528e+07  0.89%     -   37s
     0     0 2.1528e+07    0  709 2.1339e+07 2.1528e+07  0.89%     -   37s
     0     0 2.1528e+07    0  712 2.1339e+07 2.1528e+07  0.89%     -   37s
     0     0 2.1526e+07    0  584 2.1339e+07 2.1526e+07  0.88%     -   44s
     0     0 2.1526e+07    0  569 2.1339e+07 2.1526e+07  0.88%     -   48s
     0     0 2.1525e+07    0  568 2.1339e+07 2.1525e+07  0.88%     -   49s
     0     0 2.1525e+07    0  560 2.1339e+07 2.1525e+07  0.88%     -   49s
     0     0 2.1525e+07    0  564 2.1339e+07 2.1525e+07  0.88%     -   49s
     0     0 2.1524e+07    0  540 2.1339e+07 2.1524e+07  0.87%     -   52s
H    0     0                    2.135717e+07 2.1524e+07  0.78%     -   56s
     0     0 2.1524e+07    0  567 2.1357e+07 2.1524e+07  0.78%     -   56s
     0     0 2.1524e+07    0  568 2.1357e+07 2.1524e+07  0.78%     -   57s
     0     0 2.1524e+07    0  569 2.1357e+07 2.1524e+07  0.78%     -   57s
     0     0 2.1524e+07    0  543 2.1357e+07 2.1524e+07  0.78%     -   60s
     0     0 2.1524e+07    0  557 2.1357e+07 2.1524e+07  0.78%     -   61s
     0     0 2.1524e+07    0  570 2.1357e+07 2.1524e+07  0.78%     -   62s
     0     0 2.1524e+07    0  573 2.1357e+07 2.1524e+07  0.78%     -   62s
     0     0 2.1524e+07    0  525 2.1357e+07 2.1524e+07  0.78%     -   65s
H    0     0                    2.136445e+07 2.1524e+07  0.75%     -   70s
     0     0 2.1524e+07    0  534 2.1364e+07 2.1524e+07  0.75%     -   70s
     0     0 2.1524e+07    0  547 2.1364e+07 2.1524e+07  0.75%     -   70s
     0     0 2.1524e+07    0  549 2.1364e+07 2.1524e+07  0.75%     -   70s
     0     0 2.1524e+07    0  555 2.1364e+07 2.1524e+07  0.74%     -   73s
     0     0 2.1523e+07    0  547 2.1364e+07 2.1523e+07  0.74%     -   76s
     0     0 2.1523e+07    0  538 2.1364e+07 2.1523e+07  0.74%     -   76s
     0     0 2.1523e+07    0  520 2.1364e+07 2.1523e+07  0.74%     -   78s
     0     0 2.1523e+07    0  539 2.1364e+07 2.1523e+07  0.74%     -   78s
     0     0 2.1523e+07    0  535 2.1364e+07 2.1523e+07  0.74%     -   79s
     0     0 2.1523e+07    0  521 2.1364e+07 2.1523e+07  0.74%     -   81s
     0     0 2.1523e+07    0  527 2.1364e+07 2.1523e+07  0.74%     -   84s
     0     0 2.1523e+07    0  534 2.1364e+07 2.1523e+07  0.74%     -   84s
     0     0 2.1523e+07    0  518 2.1364e+07 2.1523e+07  0.74%     -   86s
     0     0 2.1523e+07    0  518 2.1364e+07 2.1523e+07  0.74%     -   93s
H    0     0                    2.138566e+07 2.1523e+07  0.64%     -  105s
H    0     0                    2.142022e+07 2.1523e+07  0.48%     -  114s
H    0     0                    2.143555e+07 2.1523e+07  0.41%     -  114s
     0     2 2.1523e+07    0  518 2.1436e+07 2.1523e+07  0.41%     -  116s
    31    64 2.1523e+07    5  512 2.1436e+07 2.1523e+07  0.41%   158  121s
    63   112 2.1523e+07    6  509 2.1436e+07 2.1523e+07  0.41%   131  128s
H   69   112                    2.144071e+07 2.1523e+07  0.38%   121  128s
H   70   112                    2.144085e+07 2.1523e+07  0.38%   120  128s
H   74   112                    2.144151e+07 2.1523e+07  0.38%   114  128s
H   75   112                    2.144157e+07 2.1523e+07  0.38%   113  128s
H   79   112                    2.144265e+07 2.1523e+07  0.38%   109  128s
   351   410 2.1523e+07   11  518 2.1443e+07 2.1523e+07  0.38%  68.4  132s
   656   705 2.1522e+07   14  513 2.1443e+07 2.1523e+07  0.38%  64.5  136s
  1212  1261 2.1521e+07   28  485 2.1443e+07 2.1523e+07  0.38%  70.3  142s
  1260  1309 2.1521e+07   29  492 2.1443e+07 2.1523e+07  0.38%  70.4  146s
H 1265  1309                    2.144394e+07 2.1523e+07  0.37%  70.7  146s
H 1299  1309                    2.144398e+07 2.1523e+07  0.37%  71.7  146s
H 1305  1309                    2.144404e+07 2.1523e+07  0.37%  71.8  146s
H 1307  1309                    2.144446e+07 2.1523e+07  0.37%  71.8  146s
  1715  2097 2.1519e+07   39  492 2.1444e+07 2.1523e+07  0.37%  72.4  150s
H 2527  2526                    2.144463e+07 2.1523e+07  0.37%  72.5  154s
  2529  3056 2.1516e+07   49  467 2.1445e+07 2.1523e+07  0.37%  72.5  156s
  3610  3687 2.1514e+07   72  463 2.1445e+07 2.1523e+07  0.37%  68.4  160s
H 3776  3933                    2.145248e+07 2.1523e+07  0.33%  67.9  164s
H 3898  3933                    2.145248e+07 2.1523e+07  0.33%  67.1  164s
  4100  4370 2.1510e+07   83  443 2.1452e+07 2.1523e+07  0.33%  65.4  171s
  5623  5639 2.1508e+07  102  453 2.1452e+07 2.1523e+07  0.33%  62.8  176s
  6383  6019 2.1507e+07  112  445 2.1452e+07 2.1523e+07  0.33%  64.5  181s
  6432  6067 2.1507e+07  113  445 2.1452e+07 2.1523e+07  0.33%  64.5  187s
  6480  6113 2.1507e+07  114  446 2.1452e+07 2.1523e+07  0.33%  64.7  192s
H 6497  5715                    2.145608e+07 2.1523e+07  0.31%  64.6  192s
  7052  6681     cutoff  130      2.1456e+07 2.1523e+07  0.31%  63.7  195s
  8457  8181 2.1502e+07  144  406 2.1456e+07 2.1523e+07  0.31%  62.4  201s
  9608  8817 2.1496e+07  157  414 2.1456e+07 2.1523e+07  0.31%  60.9  206s
 11548 11180 2.1493e+07  192  391 2.1456e+07 2.1522e+07  0.31%  57.3  211s
 12993 12457 2.1488e+07  223  378 2.1456e+07 2.1522e+07  0.31%  56.4  215s
 14340 14033 2.1484e+07  250  395 2.1456e+07 2.1522e+07  0.31%  57.4  226s
Created node file directory '/scratch-local/lbeemster.22699783/gurobi_dev0.2_sub28.0_run3/grbnodes0'
 16054 14840 2.1480e+07  290  389 2.1456e+07 2.1522e+07  0.31%  56.3  235s
H16062 13795                    2.146190e+07 2.1522e+07  0.28%  56.3  235s
H16066 13756                    2.146207e+07 2.1522e+07  0.28%  56.3  235s
 17001 15568 2.1477e+07  301  378 2.1462e+07 2.1522e+07  0.28%  56.1  240s
H18041 15568                    2.146215e+07 2.1522e+07  0.28%  55.2  271s
 18042 15569 2.1497e+07  152  518 2.1462e+07 2.1522e+07  0.28%  55.2  313s
H18043 14791                    2.146267e+07 2.1513e+07  0.24%  55.2  429s
H18043 14051                    2.146344e+07 2.1513e+07  0.23%  55.2  429s
H18044 13349                    2.146434e+07 2.1513e+07  0.23%  55.2  430s
H18044 12681                    2.146496e+07 2.1513e+07  0.22%  55.2  430s
 18045 12682 2.1494e+07  166  436 2.1465e+07 2.1513e+07  0.22%  55.2  436s
H18045 12048                    2.146529e+07 2.1513e+07  0.22%  55.2  437s
H18045 11446                    2.146685e+07 2.1513e+07  0.22%  55.2  437s
H18045 10873                    2.146702e+07 2.1513e+07  0.21%  55.2  437s
 18047 10874 2.1505e+07   43  400 2.1467e+07 2.1513e+07  0.21%  55.2  441s
H18047 10330                    2.146870e+07 2.1513e+07  0.21%  55.2  442s
 18051 10333 2.1506e+07  102  414 2.1469e+07 2.1513e+07  0.21%  55.2  445s
H18052  9818                    2.147467e+07 2.1512e+07  0.17%  55.2  483s
H18052  9326                    2.147665e+07 2.1512e+07  0.16%  55.2  483s

Cutting planes:
  Gomory: 25
  Implied bound: 434
  MIR: 621
  Flow cover: 711
  RLT: 6
  Relax-and-lift: 678

Explored 18052 nodes (1113416 simplex iterations) in 483.23 seconds (550.26 work units)
Thread count was 48 (of 192 available processors)

Solution count 10: 2.14766e+07 2.14766e+07 2.14747e+07 ... 2.14634e+07

Optimal solution found (tolerance 2.00e-03)
Best objective 2.147664754666e+07, best bound 2.151197944642e+07, gap 0.1645%
Deleted nodefile directory: /scratch-local/lbeemster.22699783/gurobi_dev0.2_sub28.0_run3
Saved model snapshot to study_case_model/figures/subsidy_experiment/run_24426/dev0.2/sub28.0/run3/model_snapshot.pkl
Finished successfully!
