Gurobi shell based on Python 3.13.1 can be launched with command `gurobi.sh`
Gurobi Python Interface can be loaded in Python 3.13.1 with 'import gurobipy'
/var/spool/slurm/slurmd/job22679810/slurm_script: line 24: activate: No such file or directory
Solving model: dev0.0, sub45.0, run0
Read LP format model from file /scratch-local/lbeemster.22679810/tmpgldc5uuo.pyomo.lp
Reading time = 0.49 seconds
x1: 178177 rows, 50050 columns, 1020800 nonzeros
Set parameter OutputFlag to value 1
Set parameter MIPGap to value 0.002
Set parameter Threads to value 48
Set parameter Presolve to value 1
Set parameter Cuts to value 1
Set parameter NodefileStart to value 1
Set parameter NodefileDir to value "/scratch-local/lbeemster.22679810/gurobi_dev0.0_sub45.0_run0"
Set parameter MemLimit to value 60
Gurobi Optimizer version 12.0.3 build v12.0.3rc0 (linux64 - "Red Hat Enterprise Linux 9.6 (Plow)")

CPU model: AMD EPYC 9654 96-Core Processor, instruction set [SSE2|AVX|AVX2|AVX512]
Thread count: 192 physical cores, 192 logical processors, using up to 48 threads

Non-default parameters:
MemLimit  60
MIPGap  0.002
NodefileStart  1
Cuts  1
Presolve  1
Threads  48

Academic license 2514514 - for non-commercial use only - registered to l.___@student.vu.nl
Optimize a model with 178177 rows, 50050 columns and 1020800 nonzeros
Model fingerprint: 0x78b6181a
Variable types: 39426 continuous, 10624 integer (10624 binary)
Coefficient statistics:
  Matrix range     [1e-06, 1e+05]
  Objective range  [2e+00, 3e+04]
  Bounds range     [1e+00, 1e+00]
  RHS range        [3e-01, 2e+05]
Presolve removed 38073 rows and 25390 columns
Presolve time: 3.04s
Presolved: 140104 rows, 24660 columns, 900836 nonzeros
Variable types: 19180 continuous, 5480 integer (5480 binary)
Found heuristic solution: objective 1.902935e+07
Found heuristic solution: objective 1.918267e+07
Found heuristic solution: objective 1.923606e+07

Deterministic concurrent LP optimizer: primal simplex, dual simplex, and barrier
Showing barrier log only...

Root relaxation presolved: 24002 rows, 164082 columns, 924956 nonzeros

Root barrier log...

Ordering time: 0.04s

Barrier statistics:
 Free vars  : 1920
 AA' NZ     : 5.077e+05
 Factor NZ  : 1.336e+06 (roughly 90 MB of memory)
 Factor Ops : 8.961e+07 (less than 1 second per iteration)
 Threads    : 46

                  Objective                Residual
Iter       Primal          Dual         Primal    Dual     Compl     Time
   0   1.42224621e+12  3.25787245e+06  7.58e+06 4.01e+02  1.48e+08     9s
   1   1.01253048e+12 -1.82382837e+08  4.66e+06 3.18e+03  9.53e+07     9s
   2   7.77504742e+11 -1.87158318e+08  3.01e+06 2.09e+03  6.29e+07     9s
   3   5.36135626e+11 -1.55460518e+08  1.45e+06 1.39e+03  3.75e+07     9s
   4   4.19294881e+11 -1.06140276e+08  8.47e+05 8.25e+02  2.24e+07     9s
   5   3.58266362e+11 -6.56784602e+07  5.94e+05 4.49e+02  1.37e+07     9s
   6   2.60645652e+11 -4.89213368e+07  3.16e+05 3.12e+02  8.63e+06     9s
   7   1.96389011e+11 -2.74541287e+07  1.76e+05 1.63e+02  4.75e+06     9s
   8   1.31419523e+11 -1.68324653e+07  8.58e+04 1.04e+02  2.74e+06     9s
   9   9.59859828e+10 -7.21624973e+06  4.91e+04 5.80e+01  1.60e+06     9s
  10   7.11677953e+10 -4.07539125e+06  3.06e+04 4.09e+01  1.07e+06     9s
  11   4.05355629e+10 -1.62640060e+06  1.32e+04 2.31e+01  5.57e+05     9s
  12   2.60926220e+10 -5.01168339e+05  6.87e+03 1.64e+01  3.42e+05     9s
  13   1.21818113e+10  1.03495554e+06  2.35e+03 5.37e+00  1.22e+05     9s
  14   7.25317346e+09  1.31956210e+06  1.17e+03 3.77e+00  7.07e+04     9s
  15   3.98353148e+09  2.20894960e+06  5.59e+02 1.63e+00  3.39e+04    10s
  16   2.31300687e+09  3.89604910e+06  2.90e+02 8.10e-01  1.81e+04    10s
  17   1.63279225e+09  5.40562411e+06  1.94e+02 4.27e-01  1.17e+04    10s
  18   1.21480975e+09  7.48176731e+06  1.40e+02 1.67e-01  7.96e+03    10s
  19   5.32262932e+08  9.00182950e+06  5.71e+01 7.59e-02  3.35e+03    10s
  20   2.35547334e+08  1.06286898e+07  2.26e+01 3.27e-02  1.41e+03    10s
  21   1.11034383e+08  1.28238645e+07  8.76e+00 1.72e-02  6.04e+02    10s
  22   7.28105098e+07  1.45625963e+07  4.84e+00 1.12e-02  3.53e+02    10s
  23   5.09098829e+07  1.86008108e+07  2.60e+00 3.65e-03  1.93e+02    10s
  24   4.79206479e+07  1.89211553e+07  2.33e+00 3.17e-03  1.73e+02    10s
  25   3.47582514e+07  1.90158383e+07  1.17e+00 1.84e-03  9.31e+01    10s
  26   2.85692122e+07  1.96890745e+07  6.39e-01 1.62e-03  5.23e+01    10s
  27   2.65413084e+07  2.01718127e+07  4.57e-01 2.52e-03  3.75e+01    10s
  28   2.45250275e+07  2.04832554e+07  2.88e-01 1.82e-03  2.37e+01    10s
  29   2.26899205e+07  2.06734157e+07  1.36e-01 9.90e-04  1.18e+01    10s
  30   2.19413929e+07  2.07518495e+07  7.57e-02 7.14e-04  6.94e+00    10s
  31   2.15609560e+07  2.08239859e+07  4.64e-02 4.58e-04  4.30e+00    10s
  32   2.14261521e+07  2.08468774e+07  3.64e-02 3.58e-04  3.38e+00    10s
  33   2.11680048e+07  2.08731880e+07  1.73e-02 5.30e-04  1.71e+00    10s
  34   2.11304950e+07  2.08873604e+07  1.46e-02 4.60e-04  1.41e+00    10s

Barrier performed 34 iterations in 10.30 seconds (8.93 work units)
Barrier solve interrupted - model solved by another algorithm

Concurrent spin time: 0.22s

Solved with primal simplex

Root relaxation: objective 2.096378e+07, 29562 iterations, 2.40 seconds (1.81 work units)

    Nodes    |    Current Node    |     Objective Bounds      |     Work
 Expl Unexpl |  Obj  Depth IntInf | Incumbent    BestBd   Gap | It/Node Time

     0     0 2.0964e+07    0  431 1.9236e+07 2.0964e+07  8.98%     -   13s
     0     0 2.0949e+07    0  520 1.9236e+07 2.0949e+07  8.91%     -   16s
H    0     0                    2.052273e+07 2.0949e+07  2.08%     -   17s
     0     0 2.0948e+07    0  544 2.0523e+07 2.0948e+07  2.07%     -   18s
     0     0 2.0948e+07    0  539 2.0523e+07 2.0948e+07  2.07%     -   18s
     0     0 2.0948e+07    0  545 2.0523e+07 2.0948e+07  2.07%     -   18s
     0     0 2.0948e+07    0  548 2.0523e+07 2.0948e+07  2.07%     -   19s
     0     0 2.0947e+07    0  576 2.0523e+07 2.0947e+07  2.07%     -   22s
     0     0 2.0947e+07    0  603 2.0523e+07 2.0947e+07  2.06%     -   22s
     0     0 2.0947e+07    0  602 2.0523e+07 2.0947e+07  2.06%     -   22s
     0     0 2.0945e+07    0  576 2.0523e+07 2.0945e+07  2.06%     -   26s
H    0     0                    2.072928e+07 2.0945e+07  1.04%     -   28s
     0     0 2.0945e+07    0  595 2.0729e+07 2.0945e+07  1.04%     -   29s
     0     0 2.0945e+07    0  615 2.0729e+07 2.0945e+07  1.04%     -   29s
     0     0 2.0945e+07    0  616 2.0729e+07 2.0945e+07  1.04%     -   29s
     0     0 2.0945e+07    0  617 2.0729e+07 2.0945e+07  1.04%     -   29s
     0     0 2.0944e+07    0  613 2.0729e+07 2.0944e+07  1.04%     -   34s
     0     0 2.0944e+07    0  612 2.0729e+07 2.0944e+07  1.04%     -   36s
     0     0 2.0944e+07    0  619 2.0729e+07 2.0944e+07  1.04%     -   36s
     0     0 2.0944e+07    0  619 2.0729e+07 2.0944e+07  1.04%     -   36s
     0     0 2.0944e+07    0  620 2.0729e+07 2.0944e+07  1.04%     -   36s
     0     0 2.0944e+07    0  444 2.0729e+07 2.0944e+07  1.03%     -   40s
H    0     0                    2.078035e+07 2.0944e+07  0.79%     -   42s
     0     0 2.0944e+07    0  439 2.0780e+07 2.0944e+07  0.79%     -   43s
     0     0 2.0944e+07    0  449 2.0780e+07 2.0944e+07  0.79%     -   43s
     0     0 2.0944e+07    0  457 2.0780e+07 2.0944e+07  0.79%     -   45s
H    0     0                    2.078204e+07 2.0944e+07  0.78%     -   48s
     0     0 2.0943e+07    0  442 2.0782e+07 2.0943e+07  0.78%     -   48s
     0     0 2.0943e+07    0  442 2.0782e+07 2.0943e+07  0.78%     -   49s
     0     0 2.0943e+07    0  445 2.0782e+07 2.0943e+07  0.78%     -   49s
     0     0 2.0943e+07    0  435 2.0782e+07 2.0943e+07  0.78%     -   51s
     0     0 2.0943e+07    0  457 2.0782e+07 2.0943e+07  0.78%     -   54s
     0     0 2.0943e+07    0  456 2.0782e+07 2.0943e+07  0.78%     -   54s
     0     0 2.0943e+07    0  447 2.0782e+07 2.0943e+07  0.78%     -   56s
     0     0 2.0943e+07    0  446 2.0782e+07 2.0943e+07  0.78%     -   58s
     0     0 2.0943e+07    0  447 2.0782e+07 2.0943e+07  0.78%     -   58s
     0     0 2.0943e+07    0  426 2.0782e+07 2.0943e+07  0.78%     -   60s
     0     0 2.0943e+07    0  426 2.0782e+07 2.0943e+07  0.78%     -   66s
H    0     0                    2.082162e+07 2.0943e+07  0.58%     -   75s
H    0     0                    2.082596e+07 2.0943e+07  0.56%     -   77s
H    0     0                    2.083531e+07 2.0943e+07  0.52%     -   80s
H    0     0                    2.083560e+07 2.0943e+07  0.52%     -   86s
     0     2 2.0943e+07    0  426 2.0836e+07 2.0943e+07  0.52%     -   88s
    31    64 2.0943e+07    5  430 2.0836e+07 2.0943e+07  0.52%  88.9   92s
    63   112 2.0943e+07    6  422 2.0836e+07 2.0943e+07  0.52%  78.2   95s
H   66   112                    2.084013e+07 2.0943e+07  0.50%  77.8   95s
H   67   112                    2.085229e+07 2.0943e+07  0.44%  77.2   95s
H  145   186                    2.085236e+07 2.0943e+07  0.44%  73.9   97s
   635   903 2.0943e+07   17  411 2.0852e+07 2.0943e+07  0.44%  69.6  100s
  1227  1471 2.0943e+07   28  406 2.0852e+07 2.0943e+07  0.44%  66.3  106s
H 1256  1471                    2.085777e+07 2.0943e+07  0.41%  66.4  106s
H 1262  1471                    2.085866e+07 2.0943e+07  0.41%  67.1  106s
H 1290  1471                    2.085896e+07 2.0943e+07  0.40%  67.1  106s
H 1393  1471                    2.086063e+07 2.0943e+07  0.40%  66.3  106s
  1470  1519 2.0942e+07   35  408 2.0861e+07 2.0943e+07  0.40%  65.9  111s
  1518  1581 2.0942e+07   36  400 2.0861e+07 2.0943e+07  0.40%  65.8  115s
  1580  1645 2.0935e+07   36  395 2.0861e+07 2.0943e+07  0.40%  65.8  120s
H 1626  1645                    2.086729e+07 2.0943e+07  0.36%  66.0  120s
  2179  3235 2.0941e+07   46  405 2.0867e+07 2.0943e+07  0.36%  62.4  127s
  3238  3941 2.0939e+07   57  404 2.0867e+07 2.0943e+07  0.36%  58.9  130s
H 3591  3923                    2.087583e+07 2.0943e+07  0.32%  57.2  130s
H 3618  3921                    2.087657e+07 2.0943e+07  0.32%  57.2  130s
  4664  5230 2.0937e+07   95  359 2.0877e+07 2.0943e+07  0.32%  54.3  135s
H 4716  5227                    2.087698e+07 2.0943e+07  0.32%  54.2  135s
H 5145  5190                    2.088019e+07 2.0943e+07  0.30%  53.5  136s
H 7281  7012                    2.088019e+07 2.0943e+07  0.30%  50.1  143s
  7329  7833 2.0932e+07  137  329 2.0880e+07 2.0943e+07  0.30%  50.2  145s
  9103  9528 2.0928e+07  162  321 2.0880e+07 2.0943e+07  0.30%  48.9  150s
H10116 10032                    2.088066e+07 2.0943e+07  0.30%  48.1  152s
H10226 10023                    2.088073e+07 2.0943e+07  0.30%  47.9  152s
 10469 10515 2.0925e+07  182  309 2.0881e+07 2.0943e+07  0.30%  47.8  155s
 12622 12851 2.0924e+07  216  313 2.0881e+07 2.0943e+07  0.30%  48.0  161s
 14350 14339 2.0924e+07  235  282 2.0881e+07 2.0943e+07  0.30%  47.0  165s
 16000 15733 2.0923e+07  267  252 2.0881e+07 2.0943e+07  0.30%  46.0  171s
 17630 17362 2.0923e+07  294  255 2.0881e+07 2.0943e+07  0.30%  45.0  175s
*17945 16179             381    2.088323e+07 2.0943e+07  0.29%  45.0  175s
H18271 15688                    2.088478e+07 2.0943e+07  0.28%  44.7  181s
H18271 14465                    2.089143e+07 2.0943e+07  0.25%  44.7  194s
H18271 14224                    2.089404e+07 2.0943e+07  0.23%  44.7  195s
H18271 14032                    2.089664e+07 2.0943e+07  0.22%  44.7  195s
H18271 13844                    2.089857e+07 2.0943e+07  0.21%  44.7  196s
H18271 12724                    2.091027e+07 2.0943e+07  0.16%  44.7  197s

Cutting planes:
  Gomory: 27
  Cover: 50
  Implied bound: 3582
  MIR: 717
  Flow cover: 1128
  RLT: 3
  Relax-and-lift: 226

Explored 18271 nodes (869518 simplex iterations) in 213.61 seconds (236.53 work units)
Thread count was 48 (of 192 available processors)

Solution count 10: 2.09103e+07 2.08986e+07 2.08966e+07 ... 2.0877e+07

Optimal solution found (tolerance 2.00e-03)
Best objective 2.091026869123e+07, best bound 2.094301276974e+07, gap 0.1566%
Deleted nodefile directory: /scratch-local/lbeemster.22679810/gurobi_dev0.0_sub45.0_run0
Saved model snapshot to study_case_model/figures/subsidy_experiment/run_24426/dev0.0/sub45.0/run0/model_snapshot.pkl
Finished successfully!
