Gurobi shell based on Python 3.13.1 can be launched with command `gurobi.sh`
Gurobi Python Interface can be loaded in Python 3.13.1 with 'import gurobipy'
/var/spool/slurm/slurmd/job22691821/slurm_script: line 24: activate: No such file or directory
Solving model: dev0.05, sub34.0, run2
Read LP format model from file /scratch-local/lbeemster.22691821/tmpmwl7wvnz.pyomo.lp
Reading time = 1.21 seconds
x1: 178177 rows, 50050 columns, 1020800 nonzeros
Set parameter OutputFlag to value 1
Set parameter MIPGap to value 0.002
Set parameter Threads to value 48
Set parameter Presolve to value 1
Set parameter Cuts to value 1
Set parameter NodefileStart to value 1
Set parameter NodefileDir to value "/scratch-local/lbeemster.22691821/gurobi_dev0.05_sub34.0_run2"
Set parameter MemLimit to value 60
Gurobi Optimizer version 12.0.3 build v12.0.3rc0 (linux64 - "Red Hat Enterprise Linux 9.6 (Plow)")

CPU model: AMD EPYC 9654 96-Core Processor, instruction set [SSE2|AVX|AVX2|AVX512]
Thread count: 192 physical cores, 192 logical processors, using up to 48 threads

Non-default parameters:
MemLimit  60
MIPGap  0.002
NodefileStart  1
Cuts  1
Presolve  1
Threads  48

Academic license 2514514 - for non-commercial use only - registered to l.___@student.vu.nl
Optimize a model with 178177 rows, 50050 columns and 1020800 nonzeros
Model fingerprint: 0x443c408a
Variable types: 39426 continuous, 10624 integer (10624 binary)
Coefficient statistics:
  Matrix range     [1e-06, 1e+05]
  Objective range  [2e+00, 3e+04]
  Bounds range     [1e+00, 1e+00]
  RHS range        [3e-01, 2e+05]
Presolve removed 33568 rows and 21686 columns
Presolve time: 2.72s
Presolved: 144609 rows, 28364 columns, 863575 nonzeros
Variable types: 22612 continuous, 5752 integer (5752 binary)

Deterministic concurrent LP optimizer: primal simplex, dual simplex, and barrier
Showing barrier log only...

Root relaxation presolved: 26566 rows, 171103 columns, 891705 nonzeros

Root barrier log...

Ordering time: 0.06s

Barrier statistics:
 Dense cols : 31
 Free vars  : 2112
 AA' NZ     : 5.932e+05
 Factor NZ  : 1.636e+06 (roughly 100 MB of memory)
 Factor Ops : 1.211e+08 (less than 1 second per iteration)
 Threads    : 45

                  Objective                Residual
Iter       Primal          Dual         Primal    Dual     Compl     Time
   0   1.53857712e+12  7.48846253e+05  7.88e+06 3.21e+02  1.44e+08     5s
   1   1.15095857e+12 -1.89222376e+08  5.11e+06 2.85e+03  9.10e+07     5s
   2   7.59524914e+11 -1.57245756e+08  2.43e+06 1.68e+03  5.03e+07     5s
   3   5.53770809e+11 -1.17437485e+08  1.24e+06 1.20e+03  3.20e+07     5s
   4   4.17338818e+11 -8.50023127e+07  6.27e+05 8.68e+02  2.13e+07     5s
   5   3.32506225e+11 -6.39827521e+07  3.60e+05 6.71e+02  1.53e+07     5s
   6   2.70921659e+11 -3.83704825e+07  2.18e+05 4.23e+02  9.70e+06     5s
   7   2.00231374e+11 -1.91799139e+07  1.14e+05 2.27e+02  5.27e+06     5s
   8   1.56575339e+11 -1.55125605e+07  7.35e+04 1.91e+02  4.05e+06     5s
   9   1.34793241e+11 -1.16764913e+07  5.56e+04 1.49e+02  3.14e+06     5s
  10   1.27436814e+11 -9.55114480e+06  5.09e+04 1.26e+02  2.73e+06     5s
  11   9.24734466e+10 -5.81401505e+06  2.96e+04 8.54e+01  1.79e+06     5s
  12   6.79291165e+10 -3.32793884e+06  1.70e+04 5.56e+01  1.14e+06     5s
  13   4.66296797e+10 -6.10179540e+05  8.82e+03 2.21e+01  5.43e+05     5s
  14   3.45510906e+10  3.70520173e+05  5.86e+03 8.57e+00  3.00e+05     5s
  15   1.66370886e+10  7.25351568e+05  2.45e+03 4.86e+00  1.40e+05     5s
  16   9.82465366e+09  1.09386681e+06  1.29e+03 2.20e+00  7.43e+04     5s
  17   6.63301666e+09  1.62025617e+06  8.23e+02 9.93e-01  4.53e+04     5s
  18   3.65914522e+09  2.44738543e+06  4.25e+02 4.17e-01  2.33e+04     5s
  19   1.95984924e+09  2.85983395e+06  2.18e+02 2.93e-01  1.25e+04     5s
  20   1.14138861e+09  4.00740108e+06  1.21e+02 1.28e-01  7.01e+03     5s
  21   6.22086704e+08  5.32964138e+06  6.29e+01 5.78e-02  3.70e+03     5s
  22   2.96223756e+08  7.18387706e+06  2.70e+01 2.92e-02  1.71e+03     5s
  23   2.07898840e+08  1.03866561e+07  1.81e+01 1.36e-02  1.15e+03     5s
  24   1.12926993e+08  1.44614770e+07  8.51e+00 3.47e-03  5.62e+02     6s
  25   7.38195631e+07  1.66309155e+07  4.69e+00 2.46e-03  3.24e+02     6s
  26   5.38477743e+07  1.92307711e+07  2.70e+00 1.04e-03  1.95e+02     6s
  27   4.08265064e+07  1.93518476e+07  1.60e+00 8.89e-04  1.21e+02     6s
  28   2.83574161e+07  2.00922128e+07  5.66e-01 1.51e-03  4.61e+01     6s
  29   2.46064192e+07  2.05905471e+07  2.58e-01 1.23e-03  2.23e+01     6s
  30   2.29821332e+07  2.07514037e+07  1.36e-01 8.75e-04  1.23e+01     6s
  31   2.24240927e+07  2.08321344e+07  9.29e-02 6.86e-04  8.79e+00     6s
  32   2.20948279e+07  2.08829589e+07  7.02e-02 4.67e-04  6.69e+00     6s
  33   2.16811670e+07  2.09286623e+07  4.24e-02 4.74e-04  4.15e+00     6s
  34   2.14336662e+07  2.09641575e+07  2.53e-02 3.36e-04  2.58e+00     6s
  35   2.13148002e+07  2.09775354e+07  1.75e-02 3.23e-04  1.85e+00     6s
  36   2.12246922e+07  2.10117917e+07  1.15e-02 3.70e-04  1.17e+00     6s
  37   2.11697649e+07  2.10244860e+07  7.47e-03 3.73e-04  7.94e-01     6s
  38   2.11384025e+07  2.10477768e+07  4.66e-03 3.24e-04  4.92e-01     6s
  39   2.11119103e+07  2.10675664e+07  2.06e-03 2.89e-04  2.39e-01     6s
  40   2.11021715e+07  2.10765813e+07  1.27e-03 1.98e-04  1.38e-01     6s
  41   2.10956048e+07  2.10791657e+07  7.80e-04 1.78e-04  8.84e-02     6s
  42   2.10912746e+07  2.10811863e+07  4.75e-04 1.38e-04  5.42e-02     6s
  43   2.10891706e+07  2.10823759e+07  3.37e-04 9.63e-05  3.65e-02     6s
  44   2.10869416e+07  2.10828976e+07  1.98e-04 7.37e-05  2.17e-02     6s
  45   2.10849014e+07  2.10832144e+07  7.73e-05 4.86e-05  9.06e-03     6s
  46   2.10839826e+07  2.10833475e+07  2.67e-05 2.72e-05  3.41e-03     7s
  47   2.10837010e+07  2.10834077e+07  1.24e-05 1.56e-05  1.57e-03     7s
  48   2.10835050e+07  2.10834293e+07  3.08e-06 4.84e-06  4.06e-04     7s
  49   2.10834409e+07  2.10834340e+07  1.52e-07 1.24e-06  3.70e-05     7s
  50   2.10834371e+07  2.10834349e+07  4.31e-08 2.98e-07  1.17e-05     7s
  51   2.10834359e+07  2.10834352e+07  1.23e-08 9.50e-08  3.58e-06     7s
  52   2.10834355e+07  2.10834353e+07  2.14e-09 2.73e-08  8.64e-07     7s

Barrier performed 52 iterations in 6.96 seconds (6.39 work units)
Barrier solve interrupted - model solved by another algorithm

Concurrent spin time: 0.88s (can be avoided by choosing Method=3)

Solved with primal simplex

Root relaxation: objective 2.108344e+07, 32652 iterations, 3.74 seconds (3.06 work units)

    Nodes    |    Current Node    |     Objective Bounds      |     Work
 Expl Unexpl |  Obj  Depth IntInf | Incumbent    BestBd   Gap | It/Node Time

     0     0 2.1083e+07    0  450          - 2.1083e+07      -     -    9s
     0     0 2.1078e+07    0  601          - 2.1078e+07      -     -   13s
H    0     0                    2.049647e+07 2.1078e+07  2.84%     -   14s
     0     0 2.1077e+07    0  595 2.0496e+07 2.1077e+07  2.83%     -   15s
     0     0 2.1077e+07    0  612 2.0496e+07 2.1077e+07  2.83%     -   16s
     0     0 2.1077e+07    0  618 2.0496e+07 2.1077e+07  2.83%     -   16s
     0     0 2.1075e+07    0  628 2.0496e+07 2.1075e+07  2.82%     -   19s
H    0     0                    2.066421e+07 2.1075e+07  1.99%     -   21s
     0     0 2.1074e+07    0  675 2.0664e+07 2.1074e+07  1.98%     -   23s
     0     0 2.1073e+07    0  684 2.0664e+07 2.1073e+07  1.98%     -   23s
     0     0 2.1073e+07    0  693 2.0664e+07 2.1073e+07  1.98%     -   23s
     0     0 2.1073e+07    0  704 2.0664e+07 2.1073e+07  1.98%     -   24s
     0     0 2.1073e+07    0  707 2.0664e+07 2.1073e+07  1.98%     -   24s
     0     0 2.1066e+07    0  670 2.0664e+07 2.1066e+07  1.95%     -   28s
H    0     0                    2.070443e+07 2.1066e+07  1.75%     -   30s
     0     0 2.1065e+07    0  677 2.0704e+07 2.1065e+07  1.74%     -   31s
     0     0 2.1065e+07    0  688 2.0704e+07 2.1065e+07  1.74%     -   32s
     0     0 2.1065e+07    0  719 2.0704e+07 2.1065e+07  1.74%     -   32s
     0     0 2.1065e+07    0  723 2.0704e+07 2.1065e+07  1.74%     -   32s
     0     0 2.1065e+07    0  727 2.0704e+07 2.1065e+07  1.74%     -   33s
     0     0 2.1065e+07    0  730 2.0704e+07 2.1065e+07  1.74%     -   33s
     0     0 2.1062e+07    0  684 2.0704e+07 2.1062e+07  1.73%     -   37s
     0     0 2.1062e+07    0  719 2.0704e+07 2.1062e+07  1.73%     -   40s
     0     0 2.1062e+07    0  715 2.0704e+07 2.1062e+07  1.73%     -   40s
     0     0 2.1062e+07    0  723 2.0704e+07 2.1062e+07  1.73%     -   41s
     0     0 2.1062e+07    0  732 2.0704e+07 2.1062e+07  1.73%     -   41s
     0     0 2.1062e+07    0  650 2.0704e+07 2.1062e+07  1.73%     -   47s
     0     0 2.1062e+07    0  660 2.0704e+07 2.1062e+07  1.73%     -   50s
     0     0 2.1062e+07    0  673 2.0704e+07 2.1062e+07  1.73%     -   51s
     0     0 2.1062e+07    0  682 2.0704e+07 2.1062e+07  1.73%     -   51s
     0     0 2.1062e+07    0  684 2.0704e+07 2.1062e+07  1.73%     -   51s
     0     0 2.1061e+07    0  656 2.0704e+07 2.1061e+07  1.72%     -   54s
H    0     0                    2.070469e+07 2.1061e+07  1.72%     -   57s
     0     0 2.1061e+07    0  646 2.0705e+07 2.1061e+07  1.72%     -   58s
     0     0 2.1061e+07    0  625 2.0705e+07 2.1061e+07  1.72%     -   58s
     0     0 2.1061e+07    0  638 2.0705e+07 2.1061e+07  1.72%     -   58s
     0     0 2.1061e+07    0  635 2.0705e+07 2.1061e+07  1.72%     -   59s
     0     0 2.1061e+07    0  634 2.0705e+07 2.1061e+07  1.72%     -   59s
     0     0 2.1061e+07    0  598 2.0705e+07 2.1061e+07  1.72%     -   62s
     0     0 2.1061e+07    0  639 2.0705e+07 2.1061e+07  1.72%     -   65s
     0     0 2.1061e+07    0  597 2.0705e+07 2.1061e+07  1.72%     -   65s
     0     0 2.1061e+07    0  608 2.0705e+07 2.1061e+07  1.72%     -   66s
     0     0 2.1061e+07    0  630 2.0705e+07 2.1061e+07  1.72%     -   69s
     0     0 2.1061e+07    0  622 2.0705e+07 2.1061e+07  1.72%     -   71s
     0     0 2.1061e+07    0  618 2.0705e+07 2.1061e+07  1.72%     -   72s
     0     0 2.1061e+07    0  632 2.0705e+07 2.1061e+07  1.72%     -   74s
     0     0 2.1061e+07    0  633 2.0705e+07 2.1061e+07  1.72%     -   77s
     0     0 2.1061e+07    0  638 2.0705e+07 2.1061e+07  1.72%     -   77s
     0     0 2.1061e+07    0  583 2.0705e+07 2.1061e+07  1.72%     -   80s
     0     0 2.1061e+07    0  583 2.0705e+07 2.1061e+07  1.72%     -   87s
H    0     0                    2.077399e+07 2.1061e+07  1.38%     -   99s
H    0     0                    2.077575e+07 2.1061e+07  1.37%     -  100s
H    0     0                    2.077690e+07 2.1061e+07  1.37%     -  106s
     0     2 2.1061e+07    0  583 2.0777e+07 2.1061e+07  1.37%     -  108s
     1     4 2.1059e+07    1  575 2.0777e+07 2.1061e+07  1.37%  1644  110s
    31    64 2.1058e+07    5  593 2.0777e+07 2.1058e+07  1.36%   731  116s
   111   173 2.1055e+07    7  567 2.0777e+07 2.1056e+07  1.34%   529  122s
H  122   173                    2.077793e+07 2.1056e+07  1.34%   497  122s
H  133   173                    2.077829e+07 2.1056e+07  1.34%   469  122s
   172   381 2.1055e+07    8  564 2.0778e+07 2.1056e+07  1.34%   402  127s
   512   648 2.1051e+07   12  544 2.0778e+07 2.1056e+07  1.34%   287  130s
   860   965 2.1048e+07   19  518 2.0778e+07 2.1056e+07  1.34%   236  136s
H 1163  1210                    2.077831e+07 2.1056e+07  1.34%   222  143s
  1211  1306 2.1045e+07   25  522 2.0778e+07 2.1056e+07  1.34%   219  145s
  1504  1604 2.1043e+07   29  510 2.0778e+07 2.1056e+07  1.34%   225  151s
  1830  1935 2.1014e+07   33  516 2.0778e+07 2.1056e+07  1.34%   227  156s
  2071  2234 2.1034e+07   36  548 2.0778e+07 2.1056e+07  1.34%   235  160s
H 2235  2299                    2.079925e+07 2.1056e+07  1.23%   234  163s
H 2239  2299                    2.080104e+07 2.1056e+07  1.23%   234  163s
  2300  2445 2.1037e+07   37  536 2.0801e+07 2.1056e+07  1.23%   235  165s
  2620  2786 2.1033e+07   40  483 2.0801e+07 2.1056e+07  1.23%   239  170s
H 2930  2963                    2.084975e+07 2.1056e+07  0.99%   237  173s
  2997  3190 2.1033e+07   45  480 2.0850e+07 2.1056e+07  0.99%   237  175s
  3491  3713 2.1032e+07   49  488 2.0850e+07 2.1056e+07  0.99%   228  180s
  4018  4137 2.1029e+07   53  469 2.0850e+07 2.1056e+07  0.99%   224  186s
H 4029  4137                    2.084989e+07 2.1056e+07  0.99%   225  186s
H 4138  4137                    2.084991e+07 2.1056e+07  0.99%   224  186s
  4411  4624 2.1024e+07   58  414 2.0850e+07 2.1056e+07  0.99%   230  192s
  4700  4940 2.1024e+07   60  389 2.0850e+07 2.1056e+07  0.99%   229  195s
H 5064  5004                    2.085596e+07 2.1056e+07  0.96%   226  207s
H 5081  4841                    2.087687e+07 2.1056e+07  0.86%   227  207s
H 5083  4837                    2.087786e+07 2.1056e+07  0.85%   227  207s
H 5094  4656                    2.089137e+07 2.1056e+07  0.79%   227  207s
  5112  4911 2.1024e+07   62  405 2.0891e+07 2.1056e+07  0.79%   227  211s
  5438  5005 2.1023e+07   63  391 2.0891e+07 2.1056e+07  0.79%   227  215s
H 5478  4968                    2.089383e+07 2.1056e+07  0.78%   228  215s
  5896  5754 2.1019e+07   65  356 2.0894e+07 2.1056e+07  0.78%   230  222s
  6354  6163 2.1014e+07   70  365 2.0894e+07 2.1056e+07  0.78%   225  226s
  6778  6444 2.1011e+07   75  368 2.0894e+07 2.1056e+07  0.78%   221  230s
H 6792  6444                    2.089383e+07 2.1056e+07  0.78%   222  230s
H 6816  6444                    2.089388e+07 2.1056e+07  0.78%   221  230s
H 6820  6444                    2.089388e+07 2.1056e+07  0.78%   221  230s
H 6918  6183                    2.089938e+07 2.1056e+07  0.75%   222  230s
  7454  6999 2.1006e+07   87  303 2.0899e+07 2.1056e+07  0.75%   220  237s
H 7503  6562                    2.091511e+07 2.1056e+07  0.67%   219  237s
  7938  7012 2.1002e+07   93  327 2.0915e+07 2.1056e+07  0.67%   217  244s
  8487  7586 2.1000e+07  107  307 2.0915e+07 2.1056e+07  0.67%   213  248s
H 9077  7824                    2.091652e+07 2.1056e+07  0.67%   208  252s
H 9225  7623                    2.091909e+07 2.1056e+07  0.65%   206  252s
H 9402  7519                    2.092138e+07 2.1056e+07  0.64%   206  252s
  9421  8222 2.0999e+07  128  292 2.0921e+07 2.1056e+07  0.64%   206  256s
Created node file directory '/scratch-local/lbeemster.22691821/gurobi_dev0.05_sub34.0_run2/grbnodes0'
 10184  8582 2.0997e+07  139  299 2.0921e+07 2.1056e+07  0.64%   198  261s
H10222  8549                    2.092434e+07 2.1056e+07  0.63%   198  261s
H10265  8392                    2.092826e+07 2.1056e+07  0.61%   197  261s
 10555  9212 2.0997e+07  143  286 2.0928e+07 2.1056e+07  0.61%   196  266s
 11402  9818 2.0996e+07  160  224 2.0928e+07 2.1055e+07  0.61%   188  271s
H11427  9261                    2.093541e+07 2.1055e+07  0.57%   187  271s
 12023  9965 2.0995e+07  181  247 2.0935e+07 2.1055e+07  0.57%   183  276s
 12865 10501 2.0994e+07  193  241 2.0935e+07 2.1055e+07  0.57%   177  282s
H13141 10499                    2.093608e+07 2.1055e+07  0.57%   175  282s
 13425 10535 2.0994e+07  205  243 2.0936e+07 2.1055e+07  0.57%   173  290s
H13431 10534                    2.093612e+07 2.1055e+07  0.57%   173  290s
H13441 10525                    2.093646e+07 2.1055e+07  0.57%   173  290s
H13445  9740                    2.094243e+07 2.1055e+07  0.54%   173  290s
H13476  9424                    2.094477e+07 2.1055e+07  0.53%   173  290s
 13488 10113 2.0994e+07  206  238 2.0945e+07 2.1055e+07  0.53%   173  295s
 14310 10824 2.0994e+07  221  225 2.0945e+07 2.1055e+07  0.53%   171  300s
 15051 10825 2.1001e+07   92  583 2.0945e+07 2.1055e+07  0.53%   170  384s
H15052 10284                    2.094519e+07 2.1055e+07  0.53%   170  505s
H15052  9770                    2.095219e+07 2.1055e+07  0.49%   170  505s
H15052  9281                    2.095399e+07 2.1055e+07  0.48%   170  505s
H15052  8817                    2.095423e+07 2.1055e+07  0.48%   170  505s
H15052  8376                    2.095436e+07 2.1055e+07  0.48%   170  505s
H15052  7958                    2.095559e+07 2.1055e+07  0.48%   170  505s
 15054  7959 2.0972e+07   33  571 2.0956e+07 2.1055e+07  0.48%   170  516s
H15054  7561                    2.095573e+07 2.1055e+07  0.48%   170  518s
 15056  7562 2.0975e+07   90  505 2.0956e+07 2.1055e+07  0.48%   170  522s
 15058  7564 2.1024e+07   22  503 2.0956e+07 2.1054e+07  0.47%   170  525s
 15063  7567 2.0998e+07   52  468 2.0956e+07 2.1053e+07  0.46%   170  584s
 15064  7568 2.1052e+07    7  457 2.0956e+07 2.1052e+07  0.46%   170  587s
H15066  7190                    2.095818e+07 2.1051e+07  0.45%   170  647s
H15066  6830                    2.095841e+07 2.1051e+07  0.44%   170  647s
 15068  6831 2.0974e+07   46  480 2.0958e+07 2.1051e+07  0.44%   170  652s
H15069  6490                    2.096395e+07 2.1051e+07  0.41%   170  714s
H15069  6165                    2.096399e+07 2.1051e+07  0.41%   170  714s
 15071  6166 2.0992e+07   35  439 2.0964e+07 2.1048e+07  0.40%   170  718s
H15072  5859                    2.096399e+07 2.1048e+07  0.40%   170  806s
H15072  5565                    2.096493e+07 2.1048e+07  0.40%   170  806s
H15072  5287                    2.096517e+07 2.1048e+07  0.40%   170  806s
H15072  5022                    2.096542e+07 2.1048e+07  0.40%   170  806s
H15072  4770                    2.096554e+07 2.1048e+07  0.39%   170  807s
H15072  4532                    2.096652e+07 2.1048e+07  0.39%   170  807s
 15074  4533 2.0967e+07  177  430 2.0967e+07 2.1047e+07  0.39%   170  811s
 15075  4534 2.1005e+07   60  430 2.0967e+07 2.1047e+07  0.39%   170  876s
H15075  4306                    2.096920e+07 2.1046e+07  0.37%   170  881s
H15075  4091                    2.097078e+07 2.1046e+07  0.36%   170  882s
 15077  4092 2.0978e+07   34  429 2.0971e+07 2.1046e+07  0.36%   170  955s
 15079  4094 2.1018e+07   12  439 2.0971e+07 2.1046e+07  0.36%   170 1021s
 15081  4095 2.0993e+07   15  435 2.0971e+07 2.1046e+07  0.36%   170 1029s
H15081  3889                    2.097260e+07 2.1046e+07  0.35%   170 1034s
H15081  3694                    2.097677e+07 2.1046e+07  0.33%   170 1072s
H15082  3512                    2.097951e+07 2.1046e+07  0.32%   173 1089s
 15083  3513 2.1046e+07   11  426 2.0980e+07 2.1046e+07  0.32%   173 1090s
 15107  3525 2.1039e+07   15  405 2.0980e+07 2.1039e+07  0.29%   173 1095s
 15149  3527 2.1036e+07   17  392 2.0980e+07 2.1036e+07  0.27%   174 1100s
 15281  3536 2.1030e+07   20  375 2.0980e+07 2.1033e+07  0.25%   174 1107s
 15344  3537 2.1031e+07   21  361 2.0980e+07 2.1032e+07  0.25%   175 1112s
 15392  3580 2.1028e+07   22  353 2.0980e+07 2.1032e+07  0.25%   175 1115s
 15566  3626 2.1024e+07   23  358 2.0980e+07 2.1032e+07  0.25%   176 1121s
 15724  3619 2.1021e+07   24  348 2.0980e+07 2.1032e+07  0.25%   175 1129s
 15776  3619 2.1018e+07   25  352 2.0980e+07 2.1032e+07  0.25%   175 1137s
H15786  3440                    2.097983e+07 2.1032e+07  0.25%   175 1137s
H15799  3269                    2.097991e+07 2.1032e+07  0.25%   175 1137s
H15803  3108                    2.098026e+07 2.1032e+07  0.25%   175 1137s
 15836  3124 2.1019e+07   25  342 2.0980e+07 2.1032e+07  0.25%   175 1140s
 16020  3129 2.1017e+07   27  332 2.0980e+07 2.1032e+07  0.25%   175 1147s
 16108  3143 2.1013e+07   28  332 2.0980e+07 2.1030e+07  0.24%   175 1151s
 16292  3200 2.1009e+07   30  334 2.0980e+07 2.1028e+07  0.23%   175 1157s
 16390  3204 2.1008e+07   31  323 2.0980e+07 2.1028e+07  0.23%   175 1160s
H16473  3048                    2.098072e+07 2.1028e+07  0.23%   174 1164s
H16483  2902                    2.098305e+07 2.1028e+07  0.22%   174 1164s
 16524  2929 2.1005e+07   32  326 2.0983e+07 2.1028e+07  0.22%   174 1168s
 16644  2964 2.1004e+07   33  327 2.0983e+07 2.1026e+07  0.20%   174 1171s
 16877  3064 2.1002e+07   36  292 2.0983e+07 2.1026e+07  0.20%   173 1178s
 17005  3129 2.0998e+07   37  294 2.0983e+07 2.1026e+07  0.20%   173 1182s

Cutting planes:
  Gomory: 9
  Cover: 2
  Implied bound: 526
  MIR: 948
  Flow cover: 1163
  RLT: 14
  Relax-and-lift: 839

Explored 17178 nodes (3032953 simplex iterations) in 1182.33 seconds (1409.17 work units)
Thread count was 48 (of 192 available processors)

Solution count 10: 2.09831e+07 2.09807e+07 2.09803e+07 ... 2.09692e+07

Optimal solution found (tolerance 2.00e-03)
Best objective 2.098305277897e+07, best bound 2.102429323360e+07, gap 0.1965%
Deleted nodefile directory: /scratch-local/lbeemster.22691821/gurobi_dev0.05_sub34.0_run2
Saved model snapshot to study_case_model/figures/subsidy_experiment/run_24426/dev0.05/sub34.0/run2/model_snapshot.pkl
Finished successfully!
