Gurobi shell based on Python 3.13.1 can be launched with command `gurobi.sh`
Gurobi Python Interface can be loaded in Python 3.13.1 with 'import gurobipy'
/var/spool/slurm/slurmd/job22697279/slurm_script: line 24: activate: No such file or directory
Solving model: dev0.2, sub65.0, run2
Read LP format model from file /scratch-local/lbeemster.22697279/tmpt56r5xta.pyomo.lp
Reading time = 3.14 seconds
x1: 178177 rows, 50050 columns, 1020800 nonzeros
Set parameter OutputFlag to value 1
Set parameter MIPGap to value 0.002
Set parameter Threads to value 48
Set parameter Presolve to value 1
Set parameter Cuts to value 1
Set parameter NodefileStart to value 1
Set parameter NodefileDir to value "/scratch-local/lbeemster.22697279/gurobi_dev0.2_sub65.0_run2"
Set parameter MemLimit to value 60
Gurobi Optimizer version 12.0.3 build v12.0.3rc0 (linux64 - "Red Hat Enterprise Linux 9.6 (Plow)")

CPU model: AMD EPYC 9654 96-Core Processor, instruction set [SSE2|AVX|AVX2|AVX512]
Thread count: 192 physical cores, 192 logical processors, using up to 48 threads

Non-default parameters:
MemLimit  60
MIPGap  0.002
NodefileStart  1
Cuts  1
Presolve  1
Threads  48

Academic license 2514514 - for non-commercial use only - registered to l.___@student.vu.nl
Optimize a model with 178177 rows, 50050 columns and 1020800 nonzeros
Model fingerprint: 0xd67798d7
Variable types: 39426 continuous, 10624 integer (10624 binary)
Coefficient statistics:
  Matrix range     [1e-06, 1e+05]
  Objective range  [2e+00, 3e+04]
  Bounds range     [1e+00, 1e+00]
  RHS range        [3e-01, 2e+05]
Presolve removed 33568 rows and 21686 columns
Presolve time: 2.72s
Presolved: 144609 rows, 28364 columns, 863575 nonzeros
Variable types: 22612 continuous, 5752 integer (5752 binary)

Deterministic concurrent LP optimizer: primal simplex, dual simplex, and barrier
Showing barrier log only...

Root relaxation presolved: 26566 rows, 171103 columns, 891705 nonzeros

Root barrier log...

Ordering time: 0.05s

Barrier statistics:
 Dense cols : 31
 Free vars  : 2112
 AA' NZ     : 5.932e+05
 Factor NZ  : 1.636e+06 (roughly 100 MB of memory)
 Factor Ops : 1.211e+08 (less than 1 second per iteration)
 Threads    : 45

                  Objective                Residual
Iter       Primal          Dual         Primal    Dual     Compl     Time
   0   1.55475535e+12  7.10766888e+05  7.97e+06 3.21e+02  1.45e+08     5s
   1   1.16277331e+12 -2.99557727e+08  5.16e+06 2.85e+03  9.20e+07     5s
   2   7.66901242e+11 -4.32391499e+08  2.46e+06 1.68e+03  5.08e+07     5s
   3   5.59384447e+11 -4.22703151e+08  1.25e+06 1.20e+03  3.23e+07     5s
   4   4.21430504e+11 -3.45358357e+08  6.33e+05 8.72e+02  2.15e+07     5s
   5   3.35958296e+11 -2.81040358e+08  3.64e+05 6.75e+02  1.55e+07     5s
   6   2.73987026e+11 -1.87821188e+08  2.20e+05 4.26e+02  9.85e+06     5s
   7   2.02946996e+11 -1.08392923e+08  1.15e+05 2.28e+02  5.34e+06     5s
   8   1.58223131e+11 -9.17360766e+07  7.42e+04 1.92e+02  4.12e+06     5s
   9   1.34277048e+11 -7.24272340e+07  5.47e+04 1.48e+02  3.14e+06     5s
  10   1.27341961e+11 -6.40981524e+07  5.03e+04 1.30e+02  2.81e+06     5s
  11   9.89135603e+10 -4.06244047e+07  3.43e+04 8.22e+01  1.84e+06     5s
  12   7.80144347e+10 -2.41117594e+07  2.28e+04 4.97e+01  1.18e+06     5s
  13   4.90205461e+10 -1.13945248e+07  1.05e+04 2.53e+01  6.08e+05     5s
  14   2.96066195e+10 -4.77865193e+06  5.03e+03 1.25e+01  3.09e+05     5s
  15   1.32524139e+10 -1.76996276e+06  1.57e+03 6.61e+00  1.34e+05     5s
  16   5.87961684e+09  5.48107327e+05  5.47e+02 2.61e+00  5.23e+04     5s
  17   4.30835972e+09  2.50172147e+06  3.76e+02 1.16e+00  3.22e+04     5s
  18   2.88238222e+09  3.69945185e+06  2.35e+02 5.99e-01  1.99e+04     5s
  19   2.47368822e+09  4.56574037e+06  1.98e+02 4.19e-01  1.60e+04     5s
  20   1.64831119e+09  5.34758584e+06  1.28e+02 2.50e-01  1.04e+04     5s
  21   8.37252846e+08  6.99415553e+06  6.08e+01 1.19e-01  5.09e+03     5s
  22   3.64112297e+08  8.63114648e+06  2.36e+01 5.47e-02  2.12e+03     6s
  23   2.19715809e+08  1.14258693e+07  1.29e+01 2.35e-02  1.20e+03     6s
  24   1.34988797e+08  1.45334783e+07  7.03e+00 7.18e-03  6.82e+02     6s
  25   8.34527146e+07  1.64838590e+07  3.69e+00 4.44e-03  3.77e+02     6s
  26   6.25704109e+07  1.85670371e+07  2.37e+00 2.69e-03  2.46e+02     6s
  27   4.77877815e+07  1.94939802e+07  1.41e+00 1.99e-03  1.57e+02     6s
  28   3.84642054e+07  2.00410041e+07  8.95e-01 1.15e-03  1.02e+02     6s
  29   3.17730522e+07  2.01938925e+07  5.33e-01 9.40e-04  6.38e+01     6s
  30   2.69002107e+07  2.08608837e+07  2.58e-01 1.47e-03  3.31e+01     6s
  31   2.50463914e+07  2.10484077e+07  1.66e-01 1.16e-03  2.19e+01     6s
  32   2.36457446e+07  2.12408736e+07  9.68e-02 8.00e-04  1.31e+01     6s
  33   2.29183404e+07  2.13076336e+07  6.24e-02 6.45e-04  8.78e+00     6s
  34   2.22754199e+07  2.13601700e+07  3.38e-02 6.20e-04  4.99e+00     6s
  35   2.20833200e+07  2.13919168e+07  2.49e-02 5.42e-04  3.76e+00     6s
  36   2.19518291e+07  2.14336276e+07  1.89e-02 4.35e-04  2.82e+00     6s
  37   2.18286196e+07  2.14622494e+07  1.35e-02 3.92e-04  1.99e+00     6s
  38   2.17228637e+07  2.14906144e+07  8.55e-03 3.15e-04  1.26e+00     6s
  39   2.16404520e+07  2.15128034e+07  4.59e-03 2.93e-04  6.91e-01     6s
  40   2.16159417e+07  2.15311974e+07  2.75e-03 2.88e-04  4.57e-01     6s
  41   2.16042762e+07  2.15408705e+07  2.04e-03 2.70e-04  3.41e-01     7s
  42   2.15870777e+07  2.15460879e+07  1.18e-03 2.58e-04  2.20e-01     7s
  43   2.15805229e+07  2.15529369e+07  8.64e-04 2.06e-04  1.48e-01     7s
  44   2.15761383e+07  2.15549277e+07  6.62e-04 1.82e-04  1.14e-01     7s
  45   2.15706784e+07  2.15579739e+07  4.18e-04 1.41e-04  6.81e-02     7s
  46   2.15651895e+07  2.15588605e+07  1.89e-04 1.22e-04  3.39e-02     7s
  47   2.15628541e+07  2.15595587e+07  9.84e-05 7.99e-05  1.76e-02     7s
  48   2.15616101e+07  2.15598439e+07  5.26e-05 5.07e-05  9.45e-03     7s
  49   2.15609942e+07  2.15599427e+07  3.12e-05 2.51e-05  5.63e-03     7s
  50   2.15605104e+07  2.15599816e+07  1.49e-05 2.49e-05  2.83e-03     7s
  51   2.15602165e+07  2.15600118e+07  5.41e-06 2.55e-05  1.09e-03     7s
  52   2.15600876e+07  2.15600231e+07  1.49e-06 2.59e-05  3.44e-04     7s
  53   2.15600448e+07  2.15600297e+07  2.70e-07 2.59e-05  8.10e-05     7s
  54   2.15600365e+07  2.15600322e+07  6.35e-08 2.50e-05  2.35e-05     7s
  55   2.15600340e+07  2.15600328e+07  1.74e-08 2.33e-06  6.62e-06     8s
  56   2.15600331e+07  2.15600329e+07  2.83e-09 6.74e-07  1.25e-06     8s
  57   2.15600330e+07  2.15600329e+07  3.11e-09 1.11e-07  1.65e-07     8s
  58   2.15600330e+07  2.15600330e+07  3.63e-09 5.40e-09  1.35e-08     8s
  59   2.15600330e+07  2.15600330e+07  4.77e-08 1.92e-09  8.02e-10     8s

Barrier solved model in 59 iterations and 7.81 seconds (7.15 work units)
Optimal objective 2.15600330e+07


Root crossover log...

    9332 DPushes remaining with DInf 0.0000000e+00                 8s
       0 DPushes remaining with DInf 0.0000000e+00                 8s

    2767 PPushes remaining with PInf 7.4762928e-06                 8s
       0 PPushes remaining with PInf 0.0000000e+00                 8s

  Push phase complete: Pinf 0.0000000e+00, Dinf 8.7832817e-05      8s


Root simplex log...

Iteration    Objective       Primal Inf.    Dual Inf.      Time
    8717    2.1560033e+07   0.000000e+00   8.783276e-05      8s
    8719    2.1560033e+07   0.000000e+00   0.000000e+00      8s
    8719    2.1560033e+07   0.000000e+00   0.000000e+00      8s
    8719    2.1560033e+07   0.000000e+00   0.000000e+00      8s
Concurrent spin time: 0.44s

Solved with barrier

Root relaxation: objective 2.156003e+07, 8719 iterations, 5.17 seconds (4.10 work units)

    Nodes    |    Current Node    |     Objective Bounds      |     Work
 Expl Unexpl |  Obj  Depth IntInf | Incumbent    BestBd   Gap | It/Node Time

     0     0 2.1560e+07    0  506          - 2.1560e+07      -     -   10s
H    0     0                    2.076213e+07 2.1560e+07  3.84%     -   12s
     0     0 2.1413e+07    0  822 2.0762e+07 2.1413e+07  3.14%     -   20s
     0     0 2.1368e+07    0  781 2.0762e+07 2.1368e+07  2.92%     -   25s
     0     0 2.1368e+07    0  837 2.0762e+07 2.1368e+07  2.92%     -   26s
     0     0 2.1368e+07    0  833 2.0762e+07 2.1368e+07  2.92%     -   26s
     0     0 2.1368e+07    0  835 2.0762e+07 2.1368e+07  2.92%     -   26s
     0     0 2.1364e+07    0  773 2.0762e+07 2.1364e+07  2.90%     -   31s
H    0     0                    2.076860e+07 2.1364e+07  2.87%     -   33s
     0     0 2.1362e+07    0  847 2.0769e+07 2.1362e+07  2.86%     -   35s
     0     0 2.1362e+07    0  872 2.0769e+07 2.1362e+07  2.86%     -   36s
     0     0 2.1362e+07    0  872 2.0769e+07 2.1362e+07  2.86%     -   36s
     0     0 2.1362e+07    0  879 2.0769e+07 2.1362e+07  2.86%     -   37s
     0     0 2.1352e+07    0  879 2.0769e+07 2.1352e+07  2.81%     -   43s
H    0     0                    2.077102e+07 2.1352e+07  2.80%     -   45s
     0     0 2.1349e+07    0  878 2.0771e+07 2.1349e+07  2.78%     -   47s
     0     0 2.1349e+07    0  909 2.0771e+07 2.1349e+07  2.78%     -   48s
     0     0 2.1349e+07    0  916 2.0771e+07 2.1349e+07  2.78%     -   48s
     0     0 2.1349e+07    0  921 2.0771e+07 2.1349e+07  2.78%     -   49s
     0     0 2.1347e+07    0  884 2.0771e+07 2.1347e+07  2.77%     -   56s
H    0     0                    2.085170e+07 2.1347e+07  2.37%     -   58s
     0     0 2.1346e+07    0  883 2.0852e+07 2.1346e+07  2.37%     -   59s
     0     0 2.1346e+07    0  916 2.0852e+07 2.1346e+07  2.37%     -   60s
     0     0 2.1346e+07    0  951 2.0852e+07 2.1346e+07  2.37%     -   61s
     0     0 2.1346e+07    0  943 2.0852e+07 2.1346e+07  2.37%     -   61s
     0     0 2.1345e+07    0  764 2.0852e+07 2.1345e+07  2.37%     -   68s
H    0     0                    2.092324e+07 2.1345e+07  2.02%     -   70s
     0     0 2.1345e+07    0  794 2.0923e+07 2.1345e+07  2.01%     -   72s
     0     0 2.1345e+07    0  808 2.0923e+07 2.1345e+07  2.01%     -   72s
     0     0 2.1345e+07    0  804 2.0923e+07 2.1345e+07  2.01%     -   73s
     0     0 2.1344e+07    0  802 2.0923e+07 2.1344e+07  2.01%     -   77s
H    0     0                    2.101191e+07 2.1344e+07  1.58%     -   79s
     0     0 2.1344e+07    0  811 2.1012e+07 2.1344e+07  1.58%     -   80s
     0     0 2.1343e+07    0  789 2.1012e+07 2.1343e+07  1.58%     -   84s
     0     0 2.1343e+07    0  799 2.1012e+07 2.1343e+07  1.58%     -   87s
     0     0 2.1343e+07    0  818 2.1012e+07 2.1343e+07  1.58%     -   87s
     0     0 2.1343e+07    0  772 2.1012e+07 2.1343e+07  1.58%     -   91s
H    0     0                    2.102241e+07 2.1343e+07  1.53%     -   97s
     0     0 2.1343e+07    0  766 2.1022e+07 2.1343e+07  1.52%     -   98s
     0     0 2.1343e+07    0  774 2.1022e+07 2.1343e+07  1.52%     -   98s
     0     0 2.1343e+07    0  798 2.1022e+07 2.1343e+07  1.52%     -  102s
     0     0 2.1343e+07    0  798 2.1022e+07 2.1343e+07  1.52%     -  112s
H    0     0                    2.102247e+07 2.1343e+07  1.52%     -  122s
H    0     0                    2.103145e+07 2.1343e+07  1.48%     -  127s
H    0     0                    2.103417e+07 2.1343e+07  1.47%     -  127s
H    0     0                    2.113970e+07 2.1343e+07  0.96%     -  129s
H    0     0                    2.115355e+07 2.1343e+07  0.89%     -  132s
H    0     0                    2.116259e+07 2.1343e+07  0.85%     -  136s
H    0     0                    2.116259e+07 2.1343e+07  0.85%     -  143s
H    0     0                    2.116298e+07 2.1343e+07  0.85%     -  143s
     0     2 2.1343e+07    0  798 2.1163e+07 2.1343e+07  0.85%     -  147s
     7    16 2.1343e+07    3  804 2.1163e+07 2.1343e+07  0.85%   856  150s
    63   112 2.1343e+07    6  777 2.1163e+07 2.1343e+07  0.85%   362  157s
   111   242 2.1341e+07    7  780 2.1163e+07 2.1343e+07  0.85%   312  160s
H  118   242                    2.116683e+07 2.1343e+07  0.83%   304  160s
   442   494 2.1340e+07   11  752 2.1167e+07 2.1343e+07  0.83%   262  166s
   566   615 2.1338e+07   13  744 2.1167e+07 2.1343e+07  0.83%   319  172s
H  614   666                    2.117513e+07 2.1343e+07  0.79%   329  177s
H  618   666                    2.117578e+07 2.1343e+07  0.79%   330  177s
H  623   666                    2.117601e+07 2.1343e+07  0.79%   332  177s
H  635   666                    2.117684e+07 2.1343e+07  0.78%   337  177s
   665   793 2.1337e+07   14  726 2.1177e+07 2.1343e+07  0.78%   348  186s
   792   946 2.1334e+07   16  714 2.1177e+07 2.1343e+07  0.78%   366  190s
   945  1038 2.1332e+07   18  709 2.1177e+07 2.1343e+07  0.78%   371  197s
  1043  1095 2.1332e+07   20  707 2.1177e+07 2.1343e+07  0.78%   367  201s
  1100  1234 2.1331e+07   21  699 2.1177e+07 2.1343e+07  0.78%   367  205s
H 1225  1234                    2.118737e+07 2.1343e+07  0.73%   367  205s
  1436  1556 2.1329e+07   25  700 2.1187e+07 2.1343e+07  0.73%   366  213s
  1624  1757 2.1326e+07   27  687 2.1187e+07 2.1343e+07  0.73%   363  217s
  1843  1805 2.1325e+07   32  674 2.1187e+07 2.1343e+07  0.73%   348  222s
  1891  1846 2.1324e+07   33  677 2.1187e+07 2.1343e+07  0.73%   349  231s
  1995  1936 2.1323e+07   35  677 2.1187e+07 2.1343e+07  0.73%   348  237s
  2046  1984 2.1324e+07   35  706 2.1187e+07 2.1343e+07  0.73%   347  240s
  2142  2076 2.1324e+07   37  699 2.1187e+07 2.1343e+07  0.73%   346  246s
  2244  2163 2.1323e+07   38  695 2.1187e+07 2.1343e+07  0.73%   344  252s
  2292  2210 2.1323e+07   39  695 2.1187e+07 2.1343e+07  0.73%   344  255s
  2340  2257 2.1323e+07   39  681 2.1187e+07 2.1343e+07  0.73%   345  260s
H 2439  2301                    2.118762e+07 2.1343e+07  0.73%   343  263s
  2441  2412 2.1322e+07   41  676 2.1188e+07 2.1343e+07  0.73%   343  267s
H 2453  2412                    2.118764e+07 2.1343e+07  0.73%   343  267s
H 2501  2412                    2.118764e+07 2.1343e+07  0.73%   342  267s
H 2549  2412                    2.118847e+07 2.1343e+07  0.73%   340  267s
  2554  2674 2.1322e+07   42  691 2.1188e+07 2.1343e+07  0.73%   340  271s
  2820  2791 2.1317e+07   45  676 2.1188e+07 2.1343e+07  0.73%   338  275s
  2948  2839 2.1317e+07   46  685 2.1188e+07 2.1343e+07  0.73%   335  282s
H 2963  2839                    2.118877e+07 2.1343e+07  0.73%   336  282s
  2996  3150 2.1316e+07   47  678 2.1189e+07 2.1343e+07  0.73%   335  286s
  3313  3526 2.1316e+07   53  672 2.1189e+07 2.1343e+07  0.73%   329  290s
  3693  3882 2.1315e+07   57  672 2.1189e+07 2.1343e+07  0.73%   317  296s
  4059  3939 2.1313e+07   63  672 2.1189e+07 2.1343e+07  0.73%   309  301s
H 4065  3928                    2.118951e+07 2.1343e+07  0.72%   309  301s
H 4069  3928                    2.118954e+07 2.1343e+07  0.72%   309  301s
H 4073  3918                    2.119019e+07 2.1343e+07  0.72%   309  301s
H 4094  3917                    2.119029e+07 2.1343e+07  0.72%   309  301s
  4120  4257 2.1313e+07   64  664 2.1190e+07 2.1343e+07  0.72%   308  306s
  4472  4536 2.1302e+07   66  645 2.1190e+07 2.1343e+07  0.72%   304  312s
  4785  4843 2.1309e+07   69  638 2.1190e+07 2.1343e+07  0.72%   306  318s
  5119  4943 2.1304e+07   75  618 2.1190e+07 2.1343e+07  0.72%   307  325s
H 5123  4925                    2.119106e+07 2.1343e+07  0.71%   307  325s
H 5124  4902                    2.119189e+07 2.1343e+07  0.71%   307  325s
H 5139  4901                    2.119198e+07 2.1343e+07  0.71%   308  325s
H 5141  4892                    2.119282e+07 2.1343e+07  0.71%   308  325s
  5219  5222 2.1303e+07   75  611 2.1193e+07 2.1343e+07  0.71%   308  331s
  5583  5619 2.1301e+07   79  618 2.1193e+07 2.1343e+07  0.71%   311  337s
  5985  5727 2.1299e+07   84  601 2.1193e+07 2.1343e+07  0.71%   310  344s
  6097  6179 2.1294e+07   85  592 2.1193e+07 2.1342e+07  0.71%   309  350s
  6549  6233 2.1289e+07   91  573 2.1193e+07 2.1342e+07  0.71%   308  356s
H 6570  6217                    2.119357e+07 2.1342e+07  0.70%   308  356s
H 6572  6203                    2.119398e+07 2.1342e+07  0.70%   308  356s
H 6583  6143                    2.119639e+07 2.1342e+07  0.69%   308  356s
H 6584  6137                    2.119657e+07 2.1342e+07  0.69%   308  356s
  6603  6641 2.1287e+07   91  569 2.1197e+07 2.1342e+07  0.69%   309  362s
  7107  7212 2.1289e+07   95  579 2.1197e+07 2.1342e+07  0.69%   304  370s
  7678  7768 2.1286e+07  100  568 2.1197e+07 2.1342e+07  0.69%   297  377s
Created node file directory '/scratch-local/lbeemster.22697279/gurobi_dev0.2_sub65.0_run2/grbnodes0'
  8234  8469 2.1285e+07  110  566 2.1197e+07 2.1342e+07  0.69%   289  384s
  8935  9227 2.1283e+07  118  554 2.1197e+07 2.1342e+07  0.69%   280  399s
  9701  9275 2.1280e+07  128  534 2.1197e+07 2.1342e+07  0.69%   271  414s
H 9705  9275                    2.119700e+07 2.1342e+07  0.69%   271  414s
  9749 10180 2.1280e+07  128  531 2.1197e+07 2.1342e+07  0.69%   271  421s
 10662 10834 2.1279e+07  140  516 2.1197e+07 2.1342e+07  0.69%   259  431s
 11320 11914 2.1279e+07  142  517 2.1197e+07 2.1342e+07  0.69%   253  440s
 12418 13092 2.1278e+07  146  508 2.1197e+07 2.1342e+07  0.69%   241  449s
 13614 14392 2.1276e+07  161  488 2.1197e+07 2.1342e+07  0.69%   230  461s
 14926 15705 2.1275e+07  188  439 2.1197e+07 2.1342e+07  0.69%   218  476s
H16303 15798                    2.119721e+07 2.1342e+07  0.69%   207  486s
H16322 15773                    2.119743e+07 2.1342e+07  0.68%   207  486s
H16362 15615                    2.119927e+07 2.1342e+07  0.68%   207  486s
 16435 16692 2.1258e+07  203  419 2.1199e+07 2.1342e+07  0.68%   207  495s
 17593 17924 2.1272e+07  242  381 2.1199e+07 2.1342e+07  0.68%   202  504s
 18839 17925 2.1339e+07   10  798 2.1199e+07 2.1342e+07  0.68%   196  665s
H18840 17029                    2.119946e+07 2.1342e+07  0.67%   196  882s
H18840 16178                    2.119947e+07 2.1342e+07  0.67%   196  882s
H18840 15369                    2.120233e+07 2.1342e+07  0.66%   196  882s
H18840 14600                    2.120384e+07 2.1342e+07  0.65%   196  882s
H18840 13870                    2.120476e+07 2.1342e+07  0.65%   196  882s
H18840 13177                    2.120560e+07 2.1342e+07  0.65%   196  882s
H18840 12518                    2.120741e+07 2.1342e+07  0.64%   196  882s
 18842 12519 2.1331e+07   18  605 2.1207e+07 2.1342e+07  0.64%   196  896s
 18843 12520 2.1310e+07   58  580 2.1207e+07 2.1342e+07  0.64%   196  900s
 18845 12521 2.1286e+07   77  616 2.1207e+07 2.1342e+07  0.64%   196  905s
 18846 12522 2.1325e+07   35  604 2.1207e+07 2.1342e+07  0.63%   196  910s
 18848 12523 2.1334e+07   17  684 2.1207e+07 2.1336e+07  0.61%   196  917s
 18849 12524 2.1286e+07   78  654 2.1207e+07 2.1335e+07  0.60%   196  922s
 18851 12525 2.1328e+07   22  640 2.1207e+07 2.1334e+07  0.60%   196  925s
H18853 11899                    2.121310e+07 2.1334e+07  0.57%   196 1072s
H18853 11304                    2.121490e+07 2.1334e+07  0.56%   196 1072s
H18853 10739                    2.122229e+07 2.1334e+07  0.53%   196 1072s
H18853 10201                    2.122418e+07 2.1334e+07  0.52%   196 1072s
H18853  9691                    2.122496e+07 2.1334e+07  0.52%   196 1072s
H18853  9206                    2.122548e+07 2.1334e+07  0.51%   196 1072s
H18853  8746                    2.124211e+07 2.1334e+07  0.43%   196 1072s
 18855  8748 2.1318e+07   41  612 2.1242e+07 2.1334e+07  0.43%   196 1078s
 18858  8750 2.1302e+07   64  629 2.1242e+07 2.1334e+07  0.43%   196 1080s
H18858  8312                    2.125218e+07 2.1334e+07  0.38%   196 1202s
 18860  8313 2.1328e+07   23  616 2.1252e+07 2.1333e+07  0.38%   196 1207s
 18865  8316 2.1269e+07  317  609 2.1252e+07 2.1333e+07  0.38%   196 1273s
 18866  8317 2.1301e+07   51  605 2.1252e+07 2.1333e+07  0.38%   196 1277s
H18869  7902                    2.126063e+07 2.1333e+07  0.34%   196 1431s
 18871  7903 2.1298e+07   84  573 2.1261e+07 2.1331e+07  0.33%   196 1436s
 18874  7905 2.1331e+07   17  574 2.1261e+07 2.1331e+07  0.33%   196 1549s
 18875  7906 2.1310e+07   67  568 2.1261e+07 2.1331e+07  0.33%   196 1555s
 18877  7907 2.1313e+07   67  579 2.1261e+07 2.1331e+07  0.33%   196 1679s
 18878  7908 2.1304e+07   66  582 2.1261e+07 2.1331e+07  0.33%   196 1683s
H18879  7513                    2.126395e+07 2.1331e+07  0.32%   196 1765s
 18881  7514 2.1321e+07   37  575 2.1264e+07 2.1331e+07  0.32%   196 1780s
 18883  7515 2.1264e+07  330  564 2.1264e+07 2.1331e+07  0.32%   196 1886s
 18884  7516 2.1320e+07   30  571 2.1264e+07 2.1331e+07  0.32%   196 1890s
 18887  7518 2.1267e+07  332  566 2.1264e+07 2.1331e+07  0.32%   196 1994s
 18891  7522 2.1329e+07   21  798 2.1264e+07 2.1331e+07  0.32%   200 1997s
H18892  7146                    2.126426e+07 2.1331e+07  0.31%   200 2157s
 18894  7147 2.1303e+07   71  507 2.1264e+07 2.1331e+07  0.31%   200 2170s
 18896  7148 2.1264e+07  356  583 2.1264e+07 2.1331e+07  0.31%   200 2177s
 18897  7149 2.1320e+07   58  596 2.1264e+07 2.1331e+07  0.31%   200 2181s
 18899  7150 2.1294e+07   87  509 2.1264e+07 2.1331e+07  0.31%   200 2185s
 18903  7153 2.1311e+07   51  513 2.1264e+07 2.1331e+07  0.31%   200 2297s
 18904  7154 2.1306e+07   57  513 2.1264e+07 2.1331e+07  0.31%   200 2300s
 18909  7157 2.1295e+07   19  515 2.1264e+07 2.1331e+07  0.31%   200 2385s
 18911  7158 2.1324e+07   27  487 2.1264e+07 2.1330e+07  0.31%   200 2390s
 18914  7160 2.1275e+07  183  498 2.1264e+07 2.1330e+07  0.31%   200 2488s
 18915  7161 2.1322e+07   19  507 2.1264e+07 2.1330e+07  0.31%   200 2491s
 18917  7162 2.1330e+07   23  499 2.1264e+07 2.1330e+07  0.31%   200 2567s
 18918  7163 2.1303e+07   68  514 2.1264e+07 2.1330e+07  0.31%   200 2570s
H18920  6806                    2.126717e+07 2.1330e+07  0.29%   200 2667s
 18922  6808 2.1319e+07   41  500 2.1267e+07 2.1330e+07  0.29%   200 2673s
 18924  6809 2.1267e+07  354  499 2.1267e+07 2.1330e+07  0.29%   200 2773s
 18925  6810 2.1301e+07   71  505 2.1267e+07 2.1330e+07  0.29%   200 2777s
 18926  6810 2.1317e+07   22  501 2.1267e+07 2.1330e+07  0.29%   200 2866s
 18927  6811 2.1327e+07   24  502 2.1267e+07 2.1330e+07  0.29%   199 2873s
H18928  6470                    2.126734e+07 2.1330e+07  0.29%   199 2966s
 18931  6472 2.1309e+07   15  500 2.1267e+07 2.1330e+07  0.29%   199 3058s
 18933  6473 2.1281e+07  118  496 2.1267e+07 2.1329e+07  0.29%   199 3067s
 18934  6474 2.1290e+07   83  496 2.1267e+07 2.1329e+07  0.29%   199 3115s
 18935  6477 2.1329e+07   28  479 2.1267e+07 2.1329e+07  0.29%   202 3159s
 18937  6479 2.1328e+07   29  468 2.1267e+07 2.1328e+07  0.28%   202 3160s
 18965  6487 2.1324e+07   33  440 2.1267e+07 2.1325e+07  0.27%   203 3166s
 19001  6527 2.1323e+07   35  425 2.1267e+07 2.1323e+07  0.26%   203 3171s
 19039  6567 2.1321e+07   36  428 2.1267e+07 2.1323e+07  0.26%   204 3177s
 19092  6645 2.1321e+07   37  427 2.1267e+07 2.1321e+07  0.25%   204 3182s
 19190  6664 2.1318e+07   38  413 2.1267e+07 2.1321e+07  0.25%   205 3185s
 19342  6730 2.1313e+07   39  418 2.1267e+07 2.1319e+07  0.25%   206 3192s
 19425  6746 2.1310e+07   40  414 2.1267e+07 2.1319e+07  0.24%   206 3196s
 19521  6749 2.1309e+07   40  425 2.1267e+07 2.1319e+07  0.24%   207 3200s
 19691  6783 2.1305e+07   41  410 2.1267e+07 2.1319e+07  0.24%   207 3208s
 19776  6805 2.1290e+07   42  391 2.1267e+07 2.1319e+07  0.24%   208 3212s
 19866  6828 2.1303e+07   43  405 2.1267e+07 2.1318e+07  0.24%   208 3215s
 19943  6836 2.1303e+07   44  395 2.1267e+07 2.1317e+07  0.23%   209 3221s
 19995  6858 2.1302e+07   44  405 2.1267e+07 2.1317e+07  0.23%   209 3225s
 20140  6921 2.1299e+07   46  397 2.1267e+07 2.1317e+07  0.23%   210 3232s
 20191  6957 2.1302e+07   47  406 2.1267e+07 2.1317e+07  0.23%   210 3236s
 20268  6983 2.1300e+07   48  400 2.1267e+07 2.1317e+07  0.23%   210 3240s
 20455  7021 2.1297e+07   50  406 2.1267e+07 2.1317e+07  0.23%   211 3247s
 20562  7064 2.1297e+07   51  410 2.1267e+07 2.1317e+07  0.23%   211 3251s
 20671  7108 2.1295e+07   52  402 2.1267e+07 2.1317e+07  0.23%   211 3255s
 20921  7187 2.1289e+07   54  401 2.1267e+07 2.1317e+07  0.23%   211 3262s
 21063  7175 2.1291e+07   55  395 2.1267e+07 2.1317e+07  0.23%   211 3266s
 21192  7215 2.1287e+07   56  395 2.1267e+07 2.1317e+07  0.23%   211 3270s
 21739  7531 2.1287e+07   61  391 2.1267e+07 2.1317e+07  0.23%   209 3277s
 22125  7436 2.1283e+07   63  384 2.1267e+07 2.1315e+07  0.22%   207 3281s
 22177  7453 2.1286e+07   64  383 2.1267e+07 2.1314e+07  0.22%   207 3290s
 22227  7477 2.1285e+07   65  383 2.1267e+07 2.1314e+07  0.22%   207 3301s
 22277  7500 2.1285e+07   65  392 2.1267e+07 2.1314e+07  0.22%   207 3312s
H22288  7173                    2.126796e+07 2.1314e+07  0.22%   207 3312s
 22328  7252 2.1285e+07   66  380 2.1268e+07 2.1314e+07  0.22%   207 3316s
 22489  7465 2.1281e+07   67  379 2.1268e+07 2.1314e+07  0.22%   208 3320s
 23222  7765 2.1284e+07   73  378 2.1268e+07 2.1314e+07  0.22%   207 3328s
 23615  7711 2.1283e+07   78  361 2.1268e+07 2.1314e+07  0.22%   208 3334s
H23622  7380                    2.126856e+07 2.1314e+07  0.21%   208 3334s
H23640  6935                    2.126971e+07 2.1314e+07  0.21%   208 3335s
 24192  7323 2.1280e+07   82  355 2.1270e+07 2.1314e+07  0.21%   207 3343s

Cutting planes:
  Learned: 2
  Gomory: 5
  Implied bound: 229
  MIR: 1010
  Flow cover: 1370
  RLT: 50
  Relax-and-lift: 1071
  BQP: 3

Explored 24519 nodes (5146378 simplex iterations) in 3344.04 seconds (3954.88 work units)
Thread count was 48 (of 192 available processors)

Solution count 10: 2.12697e+07 2.12686e+07 2.1268e+07 ... 2.12421e+07

Optimal solution found (tolerance 2.00e-03)
Best objective 2.126970980160e+07, best bound 2.131173036119e+07, gap 0.1976%
Deleted nodefile directory: /scratch-local/lbeemster.22697279/gurobi_dev0.2_sub65.0_run2
Saved model snapshot to study_case_model/figures/subsidy_experiment/run_24426/dev0.2/sub65.0/run2/model_snapshot.pkl
Finished successfully!
