Gurobi shell based on Python 3.13.1 can be launched with command `gurobi.sh`
Gurobi Python Interface can be loaded in Python 3.13.1 with 'import gurobipy'
/var/spool/slurm/slurmd/job22700019/slurm_script: line 24: activate: No such file or directory
Solving model: dev0.2, sub70.0, run3
Read LP format model from file /scratch-local/lbeemster.22700019/tmp7xs6sbgr.pyomo.lp
Reading time = 0.91 seconds
x1: 178177 rows, 50050 columns, 1020800 nonzeros
Set parameter OutputFlag to value 1
Set parameter MIPGap to value 0.002
Set parameter Threads to value 48
Set parameter Presolve to value 1
Set parameter Cuts to value 1
Set parameter NodefileStart to value 1
Set parameter NodefileDir to value "/scratch-local/lbeemster.22700019/gurobi_dev0.2_sub70.0_run3"
Set parameter MemLimit to value 60
Gurobi Optimizer version 12.0.3 build v12.0.3rc0 (linux64 - "Red Hat Enterprise Linux 9.6 (Plow)")

CPU model: AMD EPYC 9654 96-Core Processor, instruction set [SSE2|AVX|AVX2|AVX512]
Thread count: 192 physical cores, 192 logical processors, using up to 48 threads

Non-default parameters:
MemLimit  60
MIPGap  0.002
NodefileStart  1
Cuts  1
Presolve  1
Threads  48

Academic license 2514514 - for non-commercial use only - registered to l.___@student.vu.nl
Optimize a model with 178177 rows, 50050 columns and 1020800 nonzeros
Model fingerprint: 0xcd551224
Variable types: 39426 continuous, 10624 integer (10624 binary)
Coefficient statistics:
  Matrix range     [1e-06, 1e+05]
  Objective range  [2e+00, 3e+04]
  Bounds range     [1e+00, 1e+00]
  RHS range        [3e-01, 2e+05]
Presolve removed 33568 rows and 21526 columns
Presolve time: 2.78s
Presolved: 144609 rows, 28524 columns, 858568 nonzeros
Variable types: 22732 continuous, 5792 integer (5792 binary)

Deterministic concurrent LP optimizer: primal simplex, dual simplex, and barrier
Showing barrier log only...

Root relaxation presolved: 26582 rows, 171175 columns, 886964 nonzeros

Root barrier log...

Ordering time: 0.05s

Barrier statistics:
 Dense cols : 36
 Free vars  : 2112
 AA' NZ     : 5.863e+05
 Factor NZ  : 1.633e+06 (roughly 100 MB of memory)
 Factor Ops : 1.209e+08 (less than 1 second per iteration)
 Threads    : 45

                  Objective                Residual
Iter       Primal          Dual         Primal    Dual     Compl     Time
   0   1.56194671e+12  7.15694138e+05  7.98e+06 3.10e+02  1.44e+08     5s
   1   1.17716933e+12 -3.14762303e+08  5.21e+06 2.82e+03  9.12e+07     5s
   2   8.40267024e+11 -4.32161864e+08  2.99e+06 1.89e+03  5.79e+07     5s
   3   5.93483312e+11 -4.48569986e+08  1.45e+06 1.29e+03  3.52e+07     5s
   4   4.15408027e+11 -4.00671985e+08  6.37e+05 9.28e+02  2.20e+07     5s
   5   3.62370881e+11 -2.85341377e+08  4.54e+05 5.71e+02  1.43e+07     5s
   6   2.89351579e+11 -2.21646037e+08  2.79e+05 4.15e+02  9.97e+06     5s
   7   2.28939702e+11 -1.31051541e+08  1.72e+05 2.22e+02  5.71e+06     5s
   8   1.87807815e+11 -1.14749136e+08  1.22e+05 1.91e+02  4.60e+06     5s
   9   1.71980382e+11 -1.09189693e+08  1.10e+05 1.82e+02  4.31e+06     5s
  10   1.51230359e+11 -8.43173809e+07  8.79e+04 1.37e+02  3.32e+06     5s
  11   1.13673152e+11 -5.70850106e+07  5.62e+04 8.88e+01  2.17e+06     5s
  12   8.12917880e+10 -3.52370153e+07  3.19e+04 5.40e+01  1.32e+06     5s
  13   5.20012611e+10 -1.23523982e+07  1.49e+04 2.02e+01  5.91e+05     5s
  14   3.80371784e+10 -3.15715542e+06  9.77e+03 7.06e+00  3.23e+05     5s
  15   1.54402456e+10 -1.52876731e+05  3.28e+03 3.03e+00  1.21e+05     5s
  16   8.92722543e+09  8.47750641e+05  1.76e+03 1.60e+00  6.63e+04     5s
  17   6.32278402e+09  1.73070848e+06  1.19e+03 7.72e-01  4.32e+04     5s
  18   3.23369463e+09  2.42618016e+06  5.73e+02 4.09e-01  2.15e+04     5s
  19   2.47450360e+09  3.11205201e+06  4.33e+02 2.70e-01  1.61e+04     5s
  20   1.36831815e+09  3.79859204e+06  2.29e+02 1.70e-01  8.82e+03     6s
  21   6.64838553e+08  6.39603290e+06  1.02e+02 3.34e-02  4.00e+03     6s
  22   2.55905290e+08  7.66922373e+06  3.46e+01 1.69e-02  1.48e+03     6s
  23   1.70257308e+08  1.03950397e+07  2.12e+01 9.81e-03  9.44e+02     6s
  24   1.30616316e+08  1.52642468e+07  1.54e+01 3.42e-03  6.75e+02     6s
  25   1.05560127e+08  1.66673118e+07  1.18e+01 2.61e-03  5.20e+02     6s
  26   7.59038053e+07  1.82273192e+07  7.59e+00 5.59e-03  3.36e+02     6s
  27   5.75088925e+07  1.93320286e+07  4.87e+00 4.38e-03  2.22e+02     6s
  28   4.01544875e+07  2.02271538e+07  2.36e+00 2.97e-03  1.15e+02     6s
  29   2.90349093e+07  2.09289677e+07  8.10e-01 1.78e-03  4.61e+01     6s
  30   2.58829317e+07  2.13603399e+07  4.14e-01 1.09e-03  2.56e+01     6s
  31   2.51967576e+07  2.15366156e+07  3.40e-01 8.02e-04  2.07e+01     6s
  32   2.45111369e+07  2.16153073e+07  2.67e-01 6.65e-04  1.64e+01     6s
  33   2.36806674e+07  2.17086179e+07  1.76e-01 5.78e-04  1.11e+01     6s
  34   2.31380381e+07  2.18338965e+07  1.17e-01 4.14e-04  7.36e+00     6s
  35   2.25701971e+07  2.19105967e+07  5.74e-02 4.18e-04  3.71e+00     6s
  36   2.22232205e+07  2.19581525e+07  2.17e-02 3.53e-04  1.49e+00     6s
  37   2.21580637e+07  2.19766320e+07  1.47e-02 2.66e-04  1.01e+00     6s
  38   2.21194857e+07  2.19918883e+07  9.74e-03 2.20e-04  7.08e-01     6s
  39   2.20937451e+07  2.20073009e+07  6.06e-03 1.93e-04  4.75e-01     6s
  40   2.20809517e+07  2.20219860e+07  4.19e-03 1.82e-04  3.22e-01     6s
  41   2.20738569e+07  2.20312284e+07  3.24e-03 1.62e-04  2.33e-01     6s
  42   2.20635082e+07  2.20378431e+07  1.93e-03 1.53e-04  1.40e-01     6s
  43   2.20592619e+07  2.20414501e+07  1.43e-03 1.35e-04  9.69e-02     6s
  44   2.20538368e+07  2.20433329e+07  8.31e-04 1.31e-04  5.71e-02     6s
  45   2.20508709e+07  2.20443626e+07  5.14e-04 1.44e-04  3.54e-02     6s
  46   2.20480610e+07  2.20448415e+07  2.36e-04 1.27e-04  1.75e-02     7s
  47   2.20469182e+07  2.20450322e+07  1.33e-04 1.02e-04  1.02e-02     7s
  48   2.20462844e+07  2.20452536e+07  7.71e-05 6.14e-05  5.59e-03     7s
  49   2.20458446e+07  2.20452777e+07  4.09e-05 3.51e-05  3.07e-03     7s
  50   2.20455694e+07  2.20453067e+07  1.80e-05 2.47e-05  1.42e-03     7s
  51   2.20453784e+07  2.20453161e+07  4.04e-06 2.48e-05  3.37e-04     7s
  52   2.20453405e+07  2.20453193e+07  1.19e-06 2.48e-05  1.15e-04     7s
  53   2.20453276e+07  2.20453205e+07  3.55e-07 2.33e-05  3.87e-05     7s
  54   2.20453241e+07  2.20453210e+07  1.47e-07 4.90e-06  1.64e-05     7s
  55   2.20453220e+07  2.20453211e+07  4.03e-08 6.01e-06  4.62e-06     7s
  56   2.20453213e+07  2.20453212e+07  4.27e-09 9.14e-07  5.48e-07     7s
  57   2.20453212e+07  2.20453212e+07  1.94e-09 5.63e-07  2.73e-08     7s
  58   2.20453212e+07  2.20453212e+07  4.43e-10 5.68e-07  6.78e-10     7s

Barrier solved model in 58 iterations and 7.50 seconds (7.22 work units)
Optimal objective 2.20453212e+07


Root crossover log...

    9864 DPushes remaining with DInf 0.0000000e+00                 8s
       0 DPushes remaining with DInf 0.0000000e+00                 8s

    1879 PPushes remaining with PInf 1.4299278e-04                 8s
       0 PPushes remaining with PInf 0.0000000e+00                 8s

  Push phase complete: Pinf 0.0000000e+00, Dinf 3.1873544e-05      8s


Root simplex log...

Iteration    Objective       Primal Inf.    Dual Inf.      Time
    8067    2.2045321e+07   0.000000e+00   3.187349e-05      8s
    8068    2.2045321e+07   0.000000e+00   0.000000e+00      8s
    8068    2.2045321e+07   0.000000e+00   0.000000e+00      8s
    8068    2.2045321e+07   0.000000e+00   0.000000e+00      8s
Concurrent spin time: 0.10s

Solved with barrier

Root relaxation: objective 2.204532e+07, 8068 iterations, 4.32 seconds (4.03 work units)

    Nodes    |    Current Node    |     Objective Bounds      |     Work
 Expl Unexpl |  Obj  Depth IntInf | Incumbent    BestBd   Gap | It/Node Time

     0     0 2.2045e+07    0  581          - 2.2045e+07      -     -    9s
H    0     0                    2.060845e+07 2.2045e+07  6.97%     -   11s
     0     0 2.1906e+07    0  784 2.0608e+07 2.1906e+07  6.30%     -   17s
H    0     0                    2.098534e+07 2.1904e+07  4.38%     -   19s
     0     0 2.1863e+07    0  785 2.0985e+07 2.1863e+07  4.18%     -   21s
     0     0 2.1862e+07    0  796 2.0985e+07 2.1862e+07  4.18%     -   22s
     0     0 2.1862e+07    0  801 2.0985e+07 2.1862e+07  4.18%     -   22s
     0     0 2.1862e+07    0  801 2.0985e+07 2.1862e+07  4.18%     -   22s
     0     0 2.1856e+07    0  823 2.0985e+07 2.1856e+07  4.15%     -   27s
H    0     0                    2.133432e+07 2.1856e+07  2.44%     -   28s
     0     0 2.1853e+07    0  869 2.1334e+07 2.1853e+07  2.43%     -   30s
     0     0 2.1852e+07    0  886 2.1334e+07 2.1852e+07  2.43%     -   31s
     0     0 2.1852e+07    0  903 2.1334e+07 2.1852e+07  2.43%     -   31s
     0     0 2.1852e+07    0  909 2.1334e+07 2.1852e+07  2.43%     -   31s
     0     0 2.1848e+07    0  868 2.1334e+07 2.1848e+07  2.41%     -   38s
H    0     0                    2.145980e+07 2.1847e+07  1.81%     -   41s
     0     0 2.1846e+07    0  907 2.1460e+07 2.1846e+07  1.80%     -   43s
     0     0 2.1846e+07    0  944 2.1460e+07 2.1846e+07  1.80%     -   44s
     0     0 2.1846e+07    0  941 2.1460e+07 2.1846e+07  1.80%     -   44s
     0     0 2.1846e+07    0  953 2.1460e+07 2.1846e+07  1.80%     -   44s
     0     0 2.1844e+07    0  912 2.1460e+07 2.1844e+07  1.79%     -   51s
H    0     0                    2.148101e+07 2.1844e+07  1.69%     -   52s
H    0     0                    2.148430e+07 2.1844e+07  1.67%     -   55s
     0     0 2.1843e+07    0  942 2.1484e+07 2.1843e+07  1.67%     -   57s
     0     0 2.1843e+07    0  942 2.1484e+07 2.1843e+07  1.67%     -   58s
     0     0 2.1843e+07    0  959 2.1484e+07 2.1843e+07  1.67%     -   58s
     0     0 2.1843e+07    0  963 2.1484e+07 2.1843e+07  1.67%     -   58s
     0     0 2.1841e+07    0  703 2.1484e+07 2.1841e+07  1.66%     -   70s
     0     0 2.1840e+07    0  734 2.1484e+07 2.1840e+07  1.66%     -   75s
     0     0 2.1840e+07    0  742 2.1484e+07 2.1840e+07  1.66%     -   75s
     0     0 2.1840e+07    0  736 2.1484e+07 2.1840e+07  1.66%     -   76s
     0     0 2.1840e+07    0  737 2.1484e+07 2.1840e+07  1.65%     -   80s
     0     0 2.1840e+07    0  738 2.1484e+07 2.1840e+07  1.65%     -   84s
     0     0 2.1840e+07    0  730 2.1484e+07 2.1840e+07  1.65%     -   84s
     0     0 2.1839e+07    0  756 2.1484e+07 2.1839e+07  1.65%     -   88s
H    0     0                    2.148703e+07 2.1839e+07  1.64%     -   90s
     0     0 2.1839e+07    0  744 2.1487e+07 2.1839e+07  1.64%     -   90s
     0     0 2.1839e+07    0  738 2.1487e+07 2.1839e+07  1.64%     -   91s
     0     0 2.1839e+07    0  705 2.1487e+07 2.1839e+07  1.64%     -   94s
     0     0 2.1839e+07    0  705 2.1487e+07 2.1839e+07  1.64%     -  105s
H    0     0                    2.152330e+07 2.1839e+07  1.47%     -  108s
H    0     0                    2.160936e+07 2.1839e+07  1.06%     -  120s
H    0     0                    2.165562e+07 2.1839e+07  0.85%     -  125s
H    0     0                    2.168110e+07 2.1839e+07  0.73%     -  128s
H    0     0                    2.168263e+07 2.1839e+07  0.72%     -  135s
H    0     2                    2.171225e+07 2.1839e+07  0.58%     -  154s
     0     2 2.1839e+07    0  705 2.1712e+07 2.1839e+07  0.58%     -  154s
     1     4 2.1839e+07    1  682 2.1712e+07 2.1839e+07  0.58%   741  155s
    15    32 2.1839e+07    4  712 2.1712e+07 2.1839e+07  0.58%  1108  161s
    31    64 2.1839e+07    5  710 2.1712e+07 2.1839e+07  0.58%  1082  165s
H   68   112                    2.171503e+07 2.1839e+07  0.57%   849  166s
   237   286 2.1839e+07    8  700 2.1715e+07 2.1839e+07  0.57%   455  172s
   285   335 2.1838e+07    9  699 2.1715e+07 2.1839e+07  0.57%   411  180s
H  289   335                    2.171957e+07 2.1839e+07  0.55%   408  180s
H  315   335                    2.172130e+07 2.1839e+07  0.54%   398  180s
H  333   335                    2.172623e+07 2.1839e+07  0.52%   390  180s
   460   527 2.1838e+07   12  694 2.1726e+07 2.1839e+07  0.52%   345  185s
   832   881 2.1837e+07   20  669 2.1726e+07 2.1839e+07  0.52%   249  195s
   880   942 2.1833e+07   20  675 2.1726e+07 2.1839e+07  0.52%   244  207s
   941  1003 2.1837e+07   21  670 2.1726e+07 2.1839e+07  0.52%   242  224s
  1002  1063 2.1836e+07   21  671 2.1726e+07 2.1839e+07  0.52%   237  242s
H 1009  1063                    2.172708e+07 2.1839e+07  0.51%   236  242s
  1062  1453 2.1836e+07   22  664 2.1727e+07 2.1839e+07  0.51%   234  247s
  1452  1729 2.1834e+07   29  653 2.1727e+07 2.1839e+07  0.51%   220  251s
  1976  2269 2.1832e+07   37  626 2.1727e+07 2.1839e+07  0.51%   225  259s
  2268  2338 2.1832e+07   42  628 2.1727e+07 2.1839e+07  0.51%   224  263s
H 2269  2338                    2.172988e+07 2.1839e+07  0.50%   224  263s
  2337  2647 2.1798e+07   42  609 2.1730e+07 2.1839e+07  0.50%   223  271s
  2646  2904 2.1831e+07   47  594 2.1730e+07 2.1839e+07  0.50%   229  275s
  3205  3395 2.1827e+07   55  559 2.1730e+07 2.1839e+07  0.50%   238  282s
  3394  3485 2.1826e+07   57  572 2.1730e+07 2.1839e+07  0.50%   237  285s
H 3400  3485                    2.172989e+07 2.1839e+07  0.50%   237  285s
H 3411  3485                    2.172989e+07 2.1839e+07  0.50%   237  285s
  3858  4187 2.1825e+07   64  551 2.1730e+07 2.1839e+07  0.50%   230  292s
  4538  4590 2.1748e+07  111  485 2.1730e+07 2.1839e+07  0.50%   225  295s
H 4602  4689                    2.172989e+07 2.1839e+07  0.50%   224  298s
H 4651  4689                    2.172989e+07 2.1839e+07  0.50%   223  298s
  4698  5221 2.1824e+07   77  518 2.1730e+07 2.1839e+07  0.50%   224  301s
  5241  5452 2.1824e+07   84  514 2.1730e+07 2.1839e+07  0.50%   213  305s
  6125  6782 2.1822e+07   95  500 2.1730e+07 2.1839e+07  0.50%   198  311s
  7653  8306 2.1821e+07  111  485 2.1730e+07 2.1839e+07  0.50%   174  318s
  8455  8947 2.1820e+07  115  481 2.1730e+07 2.1839e+07  0.50%   165  321s
  9116  8993 2.1817e+07  121  474 2.1730e+07 2.1839e+07  0.50%   161  325s
  9166  9041 2.1819e+07  121  476 2.1730e+07 2.1839e+07  0.50%   161  332s
  9214  9093 2.1819e+07  122  472 2.1730e+07 2.1839e+07  0.50%   162  341s
H 9235  8867                    2.173418e+07 2.1839e+07  0.48%   162  341s
H 9247  8753                    2.173908e+07 2.1839e+07  0.46%   162  341s
  9269  9359 2.1818e+07  123  466 2.1739e+07 2.1839e+07  0.46%   162  345s
 10767 10250 2.1815e+07  145  460 2.1739e+07 2.1839e+07  0.46%   154  355s
H10770 10250                    2.173908e+07 2.1839e+07  0.46%   154  355s
H10774 10226                    2.174050e+07 2.1839e+07  0.45%   154  355s
H10789 10172                    2.174172e+07 2.1839e+07  0.45%   154  355s
H10824 10120                    2.174232e+07 2.1839e+07  0.44%   154  355s
 11566 11462 2.1814e+07  164  407 2.1742e+07 2.1839e+07  0.44%   152  364s
 12274 12191 2.1810e+07  178  384 2.1742e+07 2.1839e+07  0.44%   150  367s
 13029 12932 2.1806e+07  196  360 2.1742e+07 2.1839e+07  0.44%   149  371s
 13781 13385 2.1806e+07  216  351 2.1742e+07 2.1839e+07  0.44%   147  375s
 14251 14231 2.1805e+07  227  360 2.1742e+07 2.1839e+07  0.44%   146  380s
Created node file directory '/scratch-local/lbeemster.22700019/gurobi_dev0.2_sub70.0_run3/grbnodes0'
 15105 15207 2.1803e+07  246  345 2.1742e+07 2.1839e+07  0.44%   143  385s
 16081 16326 2.1803e+07  274  324 2.1742e+07 2.1839e+07  0.44%   140  393s
 17204 17422 2.1799e+07  313  310 2.1742e+07 2.1839e+07  0.44%   136  399s
H18318 16480                    2.175034e+07 2.1839e+07  0.41%   132  472s
 18319 16479 2.1814e+07  144  705 2.1750e+07 2.1839e+07  0.41%   132  593s
H18320 15656                    2.175160e+07 2.1839e+07  0.40%   132 1185s
H18320 14873                    2.175357e+07 2.1839e+07  0.39%   132 1185s
H18320 14129                    2.175436e+07 2.1839e+07  0.39%   132 1185s
H18320 13423                    2.175441e+07 2.1839e+07  0.39%   132 1185s
H18320 12751                    2.175530e+07 2.1839e+07  0.38%   132 1185s
H18320 12114                    2.175731e+07 2.1839e+07  0.37%   132 1185s
H18320 11508                    2.175923e+07 2.1839e+07  0.36%   132 1185s
H18320 10933                    2.175933e+07 2.1839e+07  0.36%   132 1185s
H18320 10386                    2.176176e+07 2.1839e+07  0.35%   132 1185s
H18320  9867                    2.176218e+07 2.1839e+07  0.35%   132 1185s
H18320  9373                    2.177394e+07 2.1829e+07  0.25%   132 1185s
H18320  8905                    2.177644e+07 2.1829e+07  0.24%   132 1185s
H18320  8459                    2.177656e+07 2.1829e+07  0.24%   132 1185s
 18322  8460 2.1829e+07   15  624 2.1777e+07 2.1829e+07  0.24%   132 1204s
 18323  8461 2.1813e+07  137  595 2.1777e+07 2.1829e+07  0.24%   132 1209s
 18324  8461 2.1829e+07   14  585 2.1777e+07 2.1829e+07  0.24%   132 1212s
 18325  8462 2.1813e+07   32  582 2.1777e+07 2.1829e+07  0.24%   132 1216s
 18327  8463 2.1804e+07  235  559 2.1777e+07 2.1829e+07  0.24%   132 1220s
 18332  8467 2.1780e+07  128  547 2.1777e+07 2.1829e+07  0.24%   132 1283s
 18333  8467 2.1780e+07  124  524 2.1777e+07 2.1829e+07  0.24%   132 1286s
 18336  8469 2.1814e+07  137  520 2.1777e+07 2.1829e+07  0.24%   132 1379s
 18337  8470 2.1788e+07  259  533 2.1777e+07 2.1829e+07  0.24%   132 1383s
H18337  8047                    2.177828e+07 2.1829e+07  0.23%   132 1384s
H18337  7644                    2.177853e+07 2.1829e+07  0.23%   132 1384s
 18340  7646 2.1786e+07   55  554 2.1779e+07 2.1829e+07  0.23%   132 1385s
 18341  7647 2.1804e+07  231  559 2.1779e+07 2.1829e+07  0.23%   132 1443s
 18342  7647 2.1816e+07  150  541 2.1779e+07 2.1828e+07  0.23%   132 1447s
H18344  7266                    2.177924e+07 2.1828e+07  0.23%   132 1509s
 18346  7267 2.1828e+07   13  526 2.1779e+07 2.1828e+07  0.22%   132 1514s
 18348  7268 2.1824e+07   57  509 2.1779e+07 2.1828e+07  0.22%   132 1570s
 18349  7269 2.1803e+07  234  518 2.1779e+07 2.1828e+07  0.22%   132 1579s
 18351  7270 2.1807e+07   53  508 2.1779e+07 2.1828e+07  0.22%   132 1657s
 18352  7271 2.1806e+07  181  504 2.1779e+07 2.1828e+07  0.22%   132 1660s
H18354  6908                    2.177940e+07 2.1828e+07  0.22%   132 1808s
H18354  6562                    2.178169e+07 2.1828e+07  0.21%   132 1808s
H18354  6233                    2.178375e+07 2.1828e+07  0.20%   132 1808s
 18356  6235 2.1800e+07  176  509 2.1784e+07 2.1828e+07  0.20%   132 1812s
 18358  6236 2.1812e+07  177  501 2.1784e+07 2.1828e+07  0.20%   132 1846s
 18359  6237 2.1826e+07   53  511 2.1784e+07 2.1828e+07  0.20%   132 1850s
H18359  5925                    2.178422e+07 2.1828e+07  0.20%   132 1970s
 18362  5927 2.1819e+07  117  513 2.1784e+07 2.1828e+07  0.20%   132 2060s
 18368  5932 2.1814e+07  152  581 2.1784e+07 2.1828e+07  0.20%   136 2248s
 18369  5933 2.1826e+07   57  594 2.1784e+07 2.1828e+07  0.20%   136 2263s
 18370  5934 2.1806e+07  222  492 2.1784e+07 2.1828e+07  0.20%   136 2267s
 18371  5934 2.1796e+07  101  517 2.1784e+07 2.1828e+07  0.20%   136 2270s

Cutting planes:
  Learned: 1
  Gomory: 12
  Implied bound: 212
  MIR: 840
  Flow cover: 1123
  RLT: 51
  Relax-and-lift: 1356
  BQP: 3

Explored 18372 nodes (2603461 simplex iterations) in 2273.54 seconds (2584.11 work units)
Thread count was 48 (of 192 available processors)

Solution count 10: 2.17842e+07 2.17838e+07 2.17817e+07 ... 2.17739e+07

Optimal solution found (tolerance 2.00e-03)
Best objective 2.178421584446e+07, best bound 2.182776170370e+07, gap 0.1999%
Deleted nodefile directory: /scratch-local/lbeemster.22700019/gurobi_dev0.2_sub70.0_run3
Saved model snapshot to study_case_model/figures/subsidy_experiment/run_24426/dev0.2/sub70.0/run3/model_snapshot.pkl
Finished successfully!
