Gurobi shell based on Python 3.13.1 can be launched with command `gurobi.sh`
Gurobi Python Interface can be loaded in Python 3.13.1 with 'import gurobipy'
/var/spool/slurm/slurmd/job22681467/slurm_script: line 24: activate: No such file or directory
Solving model: dev0.1, sub25.0, run0
Read LP format model from file /scratch-local/lbeemster.22681467/tmpkohqifky.pyomo.lp
Reading time = 0.50 seconds
x1: 178177 rows, 50050 columns, 1020800 nonzeros
Set parameter OutputFlag to value 1
Set parameter MIPGap to value 0.002
Set parameter Threads to value 48
Set parameter Presolve to value 1
Set parameter Cuts to value 1
Set parameter NodefileStart to value 1
Set parameter NodefileDir to value "/scratch-local/lbeemster.22681467/gurobi_dev0.1_sub25.0_run0"
Set parameter MemLimit to value 60
Gurobi Optimizer version 12.0.3 build v12.0.3rc0 (linux64 - "Red Hat Enterprise Linux 9.6 (Plow)")

CPU model: AMD EPYC 9654 96-Core Processor, instruction set [SSE2|AVX|AVX2|AVX512]
Thread count: 192 physical cores, 192 logical processors, using up to 48 threads

Non-default parameters:
MemLimit  60
MIPGap  0.002
NodefileStart  1
Cuts  1
Presolve  1
Threads  48

Academic license 2514514 - for non-commercial use only - registered to l.___@student.vu.nl
Optimize a model with 178177 rows, 50050 columns and 1020800 nonzeros
Model fingerprint: 0xd8bf5283
Variable types: 39426 continuous, 10624 integer (10624 binary)
Coefficient statistics:
  Matrix range     [1e-06, 1e+05]
  Objective range  [2e+00, 3e+04]
  Bounds range     [1e+00, 1e+00]
  RHS range        [3e-01, 2e+05]
Presolve removed 34464 rows and 22454 columns
Presolve time: 2.92s
Presolved: 143713 rows, 27596 columns, 844381 nonzeros
Variable types: 22036 continuous, 5560 integer (5560 binary)

Deterministic concurrent LP optimizer: primal simplex, dual simplex, and barrier
Showing barrier log only...

Root relaxation presolved: 25733 rows, 169446 columns, 871836 nonzeros

Root barrier log...

Ordering time: 0.05s

Barrier statistics:
 Dense cols : 25
 Free vars  : 2112
 AA' NZ     : 5.879e+05
 Factor NZ  : 1.573e+06 (roughly 100 MB of memory)
 Factor Ops : 1.162e+08 (less than 1 second per iteration)
 Threads    : 45

                  Objective                Residual
Iter       Primal          Dual         Primal    Dual     Compl     Time
   0   1.52502386e+12  1.31835816e+06  7.86e+06 4.01e+02  1.57e+08     5s
   1   1.16099734e+12 -1.70563216e+08  5.14e+06 3.13e+03  9.97e+07     5s
   2   8.30179469e+11 -1.01931841e+08  2.74e+06 2.15e+03  6.23e+07     5s
   3   6.01002883e+11 -3.84311083e+07  1.27e+06 1.40e+03  3.68e+07     5s
   4   4.49382880e+11 -7.40142129e+06  5.86e+05 8.46e+02  2.10e+07     5s
   5   3.54866620e+11  2.30610066e+06  3.28e+05 5.48e+02  1.32e+07     5s
   6   2.67075241e+11  5.77710130e+06  1.88e+05 2.92e+02  7.33e+06     5s
   7   2.05805545e+11  5.48606135e+06  1.18e+05 1.97e+02  4.85e+06     5s
   8   1.94187447e+11  5.49224799e+06  1.10e+05 1.92e+02  4.66e+06     5s
   9   1.83258884e+11  4.94691799e+06  9.76e+04 1.80e+02  4.29e+06     5s
  10   1.69846847e+11  4.29177988e+06  8.70e+04 1.40e+02  3.53e+06     5s
  11   1.30708701e+11  3.69359095e+06  5.74e+04 1.03e+02  2.51e+06     5s
  12   1.04835403e+11  2.75193267e+06  4.10e+04 6.70e+01  1.72e+06     5s
  13   6.48026997e+10  2.16262628e+06  1.93e+04 3.10e+01  8.39e+05     5s
  14   3.37876312e+10  1.64306168e+06  7.01e+03 1.08e+01  3.31e+05     5s
  15   1.14203201e+10  1.78200562e+06  1.53e+03 2.97e+00  9.29e+04     5s
  16   6.46638100e+09  2.18103024e+06  7.67e+02 1.48e+00  4.88e+04     6s
  17   4.77094359e+09  3.05718882e+06  5.44e+02 6.28e-01  3.18e+04     6s
  18   3.49282363e+09  3.66652462e+06  3.88e+02 3.89e-01  2.26e+04     6s
  19   2.63423897e+09  4.02604531e+06  2.88e+02 2.88e-01  1.68e+04     6s
  20   1.54097511e+09  4.56960320e+06  1.62e+02 2.08e-01  9.79e+03     6s
  21   7.61298602e+08  5.97731617e+06  7.35e+01 6.77e-02  4.58e+03     6s
  22   3.79584661e+08  7.46829240e+06  3.43e+01 3.36e-02  2.22e+03     6s
  23   2.19116472e+08  9.78226826e+06  1.81e+01 1.58e-02  1.23e+03     6s
  24   1.48041107e+08  1.23326243e+07  1.14e+01 7.66e-03  7.86e+02     6s
  25   9.85082956e+07  1.46059031e+07  6.60e+00 4.58e-03  4.80e+02     6s
  26   7.13241169e+07  1.63256477e+07  4.18e+00 3.28e-03  3.14e+02     6s
  27   5.38545631e+07  1.87334885e+07  2.64e+00 1.95e-03  2.00e+02     6s
  28   3.98275699e+07  1.92365426e+07  1.50e+00 1.38e-03  1.17e+02     6s
  29   3.65608045e+07  1.96540816e+07  1.24e+00 9.20e-04  9.57e+01     6s
  30   2.71383505e+07  2.00511951e+07  4.71e-01 1.07e-03  3.99e+01     6s
  31   2.50864753e+07  2.03559717e+07  3.11e-01 7.57e-04  2.66e+01     6s
  32   2.31160919e+07  2.05370395e+07  1.59e-01 6.39e-04  1.45e+01     6s

Barrier performed 32 iterations in 6.18 seconds (5.54 work units)
Barrier solve interrupted - model solved by another algorithm

Concurrent spin time: 0.53s (can be avoided by choosing Method=3)

Solved with primal simplex

Root relaxation: objective 2.090786e+07, 27650 iterations, 2.47 seconds (2.01 work units)

    Nodes    |    Current Node    |     Objective Bounds      |     Work
 Expl Unexpl |  Obj  Depth IntInf | Incumbent    BestBd   Gap | It/Node Time

     0     0 2.0908e+07    0  514          - 2.0908e+07      -     -    7s
H    0     0                    2.004717e+07 2.0908e+07  4.29%     -    9s
     0     0 2.0897e+07    0  532 2.0047e+07 2.0897e+07  4.24%     -   16s
H    0     0                    2.051353e+07 2.0897e+07  1.87%     -   17s
H    0     0                    2.061225e+07 2.0896e+07  1.38%     -   18s
     0     0 2.0896e+07    0  587 2.0612e+07 2.0896e+07  1.37%     -   18s
     0     0 2.0895e+07    0  603 2.0612e+07 2.0895e+07  1.37%     -   18s
     0     0 2.0895e+07    0  616 2.0612e+07 2.0895e+07  1.37%     -   18s
     0     0 2.0895e+07    0  619 2.0612e+07 2.0895e+07  1.37%     -   19s
     0     0 2.0895e+07    0  623 2.0612e+07 2.0895e+07  1.37%     -   19s
     0     0 2.0894e+07    0  604 2.0612e+07 2.0894e+07  1.37%     -   25s
     0     0 2.0894e+07    0  593 2.0612e+07 2.0894e+07  1.37%     -   27s
     0     0 2.0894e+07    0  606 2.0612e+07 2.0894e+07  1.37%     -   28s
     0     0 2.0894e+07    0  606 2.0612e+07 2.0894e+07  1.37%     -   28s
H    0     0                    2.068308e+07 2.0894e+07  1.02%     -   31s
H    0     0                    2.069325e+07 2.0893e+07  0.96%     -   33s
     0     0 2.0893e+07    0  554 2.0693e+07 2.0893e+07  0.96%     -   33s
H    0     0                    2.072499e+07 2.0893e+07  0.81%     -   35s
     0     0 2.0892e+07    0  549 2.0725e+07 2.0892e+07  0.81%     -   36s
     0     0 2.0892e+07    0  584 2.0725e+07 2.0892e+07  0.81%     -   36s
     0     0 2.0892e+07    0  586 2.0725e+07 2.0892e+07  0.81%     -   37s
     0     0 2.0892e+07    0  587 2.0725e+07 2.0892e+07  0.81%     -   37s
     0     0 2.0891e+07    0  566 2.0725e+07 2.0891e+07  0.80%     -   43s
H    0     0                    2.076541e+07 2.0891e+07  0.61%     -   45s
     0     0 2.0891e+07    0  578 2.0765e+07 2.0891e+07  0.61%     -   45s
     0     0 2.0891e+07    0  570 2.0765e+07 2.0891e+07  0.61%     -   46s
     0     0 2.0891e+07    0  560 2.0765e+07 2.0891e+07  0.60%     -   47s
H    0     0                    2.077098e+07 2.0891e+07  0.58%     -   47s
     0     0 2.0891e+07    0  575 2.0771e+07 2.0891e+07  0.58%     -   47s
H    0     0                    2.077332e+07 2.0891e+07  0.57%     -   50s
     0     0 2.0890e+07    0  412 2.0773e+07 2.0890e+07  0.56%     -   52s
H    0     0                    2.077467e+07 2.0890e+07  0.56%     -   55s
     0     0 2.0890e+07    0  430 2.0775e+07 2.0890e+07  0.56%     -   55s
     0     0 2.0890e+07    0  429 2.0775e+07 2.0890e+07  0.56%     -   55s
     0     0 2.0890e+07    0  431 2.0775e+07 2.0890e+07  0.56%     -   55s
H    0     0                    2.078403e+07 2.0890e+07  0.51%     -   57s
     0     0 2.0890e+07    0  447 2.0784e+07 2.0890e+07  0.51%     -   58s
     0     0 2.0890e+07    0  445 2.0784e+07 2.0890e+07  0.51%     -   60s
     0     0 2.0890e+07    0  458 2.0784e+07 2.0890e+07  0.51%     -   60s
     0     0 2.0890e+07    0  455 2.0784e+07 2.0890e+07  0.51%     -   61s
     0     0 2.0890e+07    0  458 2.0784e+07 2.0890e+07  0.51%     -   61s
     0     0 2.0890e+07    0  435 2.0784e+07 2.0890e+07  0.51%     -   63s
     0     0 2.0889e+07    0  420 2.0784e+07 2.0889e+07  0.51%     -   65s
     0     0 2.0889e+07    0  432 2.0784e+07 2.0889e+07  0.51%     -   65s
     0     0 2.0889e+07    0  438 2.0784e+07 2.0889e+07  0.51%     -   65s
     0     0 2.0889e+07    0  428 2.0784e+07 2.0889e+07  0.51%     -   68s
     0     0 2.0889e+07    0  422 2.0784e+07 2.0889e+07  0.51%     -   70s
     0     0 2.0889e+07    0  436 2.0784e+07 2.0889e+07  0.51%     -   70s
     0     0 2.0889e+07    0  432 2.0784e+07 2.0889e+07  0.51%     -   70s
     0     0 2.0889e+07    0  432 2.0784e+07 2.0889e+07  0.51%     -   71s
     0     0 2.0889e+07    0  421 2.0784e+07 2.0889e+07  0.51%     -   73s
H    0     0                    2.078867e+07 2.0889e+07  0.48%     -   74s
     0     0 2.0889e+07    0  433 2.0789e+07 2.0889e+07  0.48%     -   75s
     0     0 2.0889e+07    0  423 2.0789e+07 2.0889e+07  0.48%     -   75s
     0     0 2.0889e+07    0  411 2.0789e+07 2.0889e+07  0.48%     -   77s
H    0     0                    2.079278e+07 2.0889e+07  0.46%     -   81s
H    0     0                    2.084608e+07 2.0889e+07  0.21%     -   82s
     0     0 2.0889e+07    0  412 2.0846e+07 2.0889e+07  0.21%     -   82s
     0     0 2.0889e+07    0  415 2.0846e+07 2.0889e+07  0.21%     -   82s
     0     0 2.0889e+07    0  396 2.0846e+07 2.0889e+07  0.21%     -   84s
H    0     0                    2.084835e+07 2.0889e+07  0.20%     -   89s

Cutting planes:
  Gomory: 10
  Cover: 69
  Implied bound: 3105
  MIR: 881
  Flow cover: 1205
  RLT: 21
  Relax-and-lift: 616
  PSD: 1

Explored 1 nodes (56137 simplex iterations) in 89.55 seconds (79.28 work units)
Thread count was 48 (of 192 available processors)

Solution count 10: 2.08483e+07 2.08461e+07 2.07928e+07 ... 2.0725e+07

Optimal solution found (tolerance 2.00e-03)
Best objective 2.084834830890e+07, best bound 2.088921263258e+07, gap 0.1960%
Deleted nodefile directory: /scratch-local/lbeemster.22681467/gurobi_dev0.1_sub25.0_run0
Saved model snapshot to study_case_model/figures/subsidy_experiment/run_24426/dev0.1/sub25.0/run0/model_snapshot.pkl
Finished successfully!
