Gurobi shell based on Python 3.13.1 can be launched with command `gurobi.sh`
Gurobi Python Interface can be loaded in Python 3.13.1 with 'import gurobipy'
/var/spool/slurm/slurmd/job22691002/slurm_script: line 24: activate: No such file or directory
Solving model: dev1.0, sub70.0, run1
Read LP format model from file /scratch-local/lbeemster.22691002/tmp9t2k38xd.pyomo.lp
Reading time = 1.15 seconds
x1: 178177 rows, 50050 columns, 1020800 nonzeros
Set parameter OutputFlag to value 1
Set parameter MIPGap to value 0.002
Set parameter Threads to value 48
Set parameter Presolve to value 1
Set parameter Cuts to value 1
Set parameter NodefileStart to value 1
Set parameter NodefileDir to value "/scratch-local/lbeemster.22691002/gurobi_dev1.0_sub70.0_run1"
Set parameter MemLimit to value 60
Gurobi Optimizer version 12.0.3 build v12.0.3rc0 (linux64 - "Red Hat Enterprise Linux 9.6 (Plow)")

CPU model: AMD EPYC 9654 96-Core Processor, instruction set [SSE2|AVX|AVX2|AVX512]
Thread count: 192 physical cores, 192 logical processors, using up to 48 threads

Non-default parameters:
MemLimit  60
MIPGap  0.002
NodefileStart  1
Cuts  1
Presolve  1
Threads  48

Academic license 2514514 - for non-commercial use only - registered to l.___@student.vu.nl
Optimize a model with 178177 rows, 50050 columns and 1020800 nonzeros
Model fingerprint: 0x393481f0
Variable types: 39426 continuous, 10624 integer (10624 binary)
Coefficient statistics:
  Matrix range     [1e-06, 1e+05]
  Objective range  [2e+00, 3e+04]
  Bounds range     [1e+00, 1e+00]
  RHS range        [3e-01, 2e+05]
Presolve removed 35033 rows and 22006 columns
Presolve time: 2.79s
Presolved: 143144 rows, 28044 columns, 863617 nonzeros
Variable types: 22420 continuous, 5624 integer (5624 binary)

Deterministic concurrent LP optimizer: primal simplex, dual simplex, and barrier
Showing barrier log only...

Root relaxation presolved: 26316 rows, 169404 columns, 891427 nonzeros

Root barrier log...

Ordering time: 0.05s

Barrier statistics:
 Dense cols : 28
 Free vars  : 2112
 AA' NZ     : 5.934e+05
 Factor NZ  : 1.608e+06 (roughly 100 MB of memory)
 Factor Ops : 1.187e+08 (less than 1 second per iteration)
 Threads    : 45

                  Objective                Residual
Iter       Primal          Dual         Primal    Dual     Compl     Time
   0   1.54637351e+12  1.03175784e+06  7.96e+06 3.17e+02  1.45e+08     5s
   1   1.16145058e+12 -3.21847229e+08  5.18e+06 2.84e+03  9.18e+07     5s
   2   7.76803650e+11 -4.60092335e+08  2.66e+06 1.89e+03  5.54e+07     5s
   3   5.78622736e+11 -4.59140394e+08  1.47e+06 1.41e+03  3.75e+07     5s
   4   4.29478188e+11 -3.96351664e+08  7.33e+05 9.21e+02  2.30e+07     5s
   5   3.40489052e+11 -3.37565267e+08  4.27e+05 7.01e+02  1.64e+07     5s
   6   2.80367381e+11 -2.10194922e+08  2.65e+05 3.90e+02  9.61e+06     5s
   7   2.09573695e+11 -1.06691869e+08  1.49e+05 1.74e+02  4.80e+06     5s
   8   1.52227047e+11 -7.84296356e+07  8.91e+04 1.18e+02  3.12e+06     5s
   9   1.01472096e+11 -5.40541790e+07  4.73e+04 7.86e+01  1.94e+06     5s
  10   9.56284967e+10 -4.83317410e+07  4.27e+04 7.06e+01  1.75e+06     5s
  11   7.59794575e+10 -2.61551385e+07  3.00e+04 3.89e+01  1.09e+06     5s
  12   4.72212113e+10 -1.19418043e+07  1.38e+04 1.93e+01  5.51e+05     5s
  13   3.06118024e+10 -2.52350657e+06  7.63e+03 6.47e+00  2.66e+05     5s
  14   1.63121752e+10  1.55523615e+05  3.58e+03 2.91e+00  1.28e+05     5s
  15   7.13628059e+09  1.09637932e+06  1.35e+03 1.73e+00  5.58e+04     5s
  16   4.54237507e+09  2.59297908e+06  7.97e+02 6.13e-01  3.16e+04     5s
  17   3.26618046e+09  3.48871189e+06  5.56e+02 3.48e-01  2.18e+04     5s
  18   2.96195815e+09  4.13999519e+06  4.99e+02 2.54e-01  1.92e+04     6s
  19   1.28363982e+09  5.07954562e+06  1.96e+02 1.14e-01  8.09e+03     6s
  20   5.85907284e+08  6.71547586e+06  8.09e+01 2.74e-02  3.50e+03     6s
  21   2.54580799e+08  9.32220583e+06  3.11e+01 2.28e-02  1.45e+03     6s
  22   1.79659361e+08  1.16790983e+07  2.08e+01 1.37e-02  9.88e+02     6s
  23   9.40047108e+07  1.67741747e+07  8.71e+00 3.46e-03  4.49e+02     6s
  24   7.46814803e+07  1.81960738e+07  6.27e+00 4.00e-03  3.28e+02     6s
  25   5.88909689e+07  1.98505877e+07  4.23e+00 2.20e-03  2.26e+02     6s
  26   4.55811845e+07  2.03059229e+07  2.66e+00 1.35e-03  1.46e+02     6s
  27   3.40181743e+07  2.08596081e+07  1.32e+00 9.67e-04  7.57e+01     6s
  28   2.98658959e+07  2.11064369e+07  8.45e-01 9.09e-04  5.02e+01     6s
  29   2.65348850e+07  2.15385723e+07  4.71e-01 7.52e-04  2.86e+01     6s
  30   2.47759307e+07  2.16468580e+07  2.71e-01 6.36e-04  1.78e+01     6s
  31   2.36032486e+07  2.17959413e+07  1.47e-01 5.31e-04  1.02e+01     6s
  32   2.30485879e+07  2.18438750e+07  9.13e-02 4.40e-04  6.80e+00     6s
  33   2.24815487e+07  2.18913599e+07  3.86e-02 3.66e-04  3.31e+00     6s
  34   2.23126300e+07  2.19242888e+07  2.41e-02 2.87e-04  2.17e+00     6s
  35   2.21534924e+07  2.19524519e+07  1.04e-02 2.34e-04  1.11e+00     6s
  36   2.21102149e+07  2.19702252e+07  6.51e-03 1.88e-04  7.71e-01     6s
  37   2.20954956e+07  2.20010621e+07  4.64e-03 1.86e-04  5.18e-01     6s
  38   2.20737283e+07  2.20168286e+07  2.93e-03 1.97e-04  3.11e-01     6s

Barrier performed 38 iterations in 6.43 seconds (5.71 work units)
Barrier solve interrupted - model solved by another algorithm

Concurrent spin time: 0.46s (can be avoided by choosing Method=3)

Solved with primal simplex

Root relaxation: objective 2.203299e+07, 44017 iterations, 2.85 seconds (2.30 work units)

    Nodes    |    Current Node    |     Objective Bounds      |     Work
 Expl Unexpl |  Obj  Depth IntInf | Incumbent    BestBd   Gap | It/Node Time

     0     0 2.2033e+07    0  393          - 2.2033e+07      -     -    9s
H    0     0                    2.125188e+07 2.2033e+07  3.68%     -   11s
     0     0 2.2027e+07    0  742 2.1252e+07 2.2027e+07  3.65%     -   15s
H    0     0                    2.167962e+07 2.2027e+07  1.60%     -   17s
     0     0 2.2025e+07    0  768 2.1680e+07 2.2025e+07  1.59%     -   17s
     0     0 2.2025e+07    0  787 2.1680e+07 2.2025e+07  1.59%     -   18s
     0     0 2.2025e+07    0  788 2.1680e+07 2.2025e+07  1.59%     -   18s
     0     0 2.2025e+07    0  788 2.1680e+07 2.2025e+07  1.59%     -   18s
     0     0 2.2023e+07    0  852 2.1680e+07 2.2023e+07  1.58%     -   22s
     0     0 2.2020e+07    0  887 2.1680e+07 2.2020e+07  1.57%     -   23s
     0     0 2.2020e+07    0  924 2.1680e+07 2.2020e+07  1.57%     -   24s
     0     0 2.2020e+07    0  933 2.1680e+07 2.2020e+07  1.57%     -   24s
     0     0 2.2020e+07    0  937 2.1680e+07 2.2020e+07  1.57%     -   24s
     0     0 2.2017e+07    0  912 2.1680e+07 2.2017e+07  1.56%     -   30s
H    0     0                    2.172516e+07 2.2017e+07  1.34%     -   33s
     0     0 2.2016e+07    0  998 2.1725e+07 2.2016e+07  1.34%     -   34s
     0     0 2.2015e+07    0 1056 2.1725e+07 2.2015e+07  1.34%     -   34s
     0     0 2.2015e+07    0 1067 2.1725e+07 2.2015e+07  1.34%     -   35s
     0     0 2.2015e+07    0 1080 2.1725e+07 2.2015e+07  1.34%     -   35s
     0     0 2.2015e+07    0 1083 2.1725e+07 2.2015e+07  1.34%     -   35s
     0     0 2.2015e+07    0 1084 2.1725e+07 2.2015e+07  1.34%     -   35s
     0     0 2.2013e+07    0 1040 2.1725e+07 2.2013e+07  1.33%     -   42s
H    0     0                    2.176713e+07 2.2013e+07  1.13%     -   43s
     0     0 2.2013e+07    0 1075 2.1767e+07 2.2013e+07  1.13%     -   47s
     0     0 2.2012e+07    0 1093 2.1767e+07 2.2012e+07  1.13%     -   48s
     0     0 2.2012e+07    0 1149 2.1767e+07 2.2012e+07  1.13%     -   49s
     0     0 2.2012e+07    0 1114 2.1767e+07 2.2012e+07  1.12%     -   49s
     0     0 2.2012e+07    0 1140 2.1767e+07 2.2012e+07  1.12%     -   49s
     0     0 2.2012e+07    0 1136 2.1767e+07 2.2012e+07  1.12%     -   50s
     0     0 2.2010e+07    0  780 2.1767e+07 2.2010e+07  1.11%     -   56s
     0     0 2.2009e+07    0  860 2.1767e+07 2.2009e+07  1.11%     -   60s
     0     0 2.2009e+07    0  846 2.1767e+07 2.2009e+07  1.11%     -   61s
     0     0 2.2009e+07    0  838 2.1767e+07 2.2009e+07  1.11%     -   61s
     0     0 2.2009e+07    0  849 2.1767e+07 2.2009e+07  1.11%     -   62s
     0     0 2.2009e+07    0  841 2.1767e+07 2.2009e+07  1.11%     -   62s
     0     0 2.2009e+07    0  843 2.1767e+07 2.2009e+07  1.11%     -   65s
H    0     0                    2.177462e+07 2.2009e+07  1.08%     -   70s
     0     0 2.2009e+07    0  865 2.1775e+07 2.2009e+07  1.08%     -   71s
     0     0 2.2009e+07    0  859 2.1775e+07 2.2009e+07  1.08%     -   71s
     0     0 2.2009e+07    0  844 2.1775e+07 2.2009e+07  1.08%     -   72s
     0     0 2.2009e+07    0  844 2.1775e+07 2.2009e+07  1.08%     -   72s
     0     0 2.2009e+07    0  810 2.1775e+07 2.2009e+07  1.07%     -   75s
H    0     0                    2.180815e+07 2.2009e+07  0.92%     -   78s
     0     0 2.2008e+07    0  822 2.1808e+07 2.2008e+07  0.92%     -   79s
     0     0 2.2008e+07    0  828 2.1808e+07 2.2008e+07  0.92%     -   79s
     0     0 2.2008e+07    0  823 2.1808e+07 2.2008e+07  0.92%     -   80s
     0     0 2.2008e+07    0  815 2.1808e+07 2.2008e+07  0.92%     -   83s
     0     0 2.2008e+07    0  789 2.1808e+07 2.2008e+07  0.92%     -   85s
     0     0 2.2008e+07    0  802 2.1808e+07 2.2008e+07  0.92%     -   85s
     0     0 2.2008e+07    0  796 2.1808e+07 2.2008e+07  0.92%     -   85s
     0     0 2.2008e+07    0  798 2.1808e+07 2.2008e+07  0.92%     -   86s
     0     0 2.2008e+07    0  793 2.1808e+07 2.2008e+07  0.92%     -   89s
H    0     0                    2.181434e+07 2.2008e+07  0.89%     -   91s
     0     0 2.2008e+07    0  804 2.1814e+07 2.2008e+07  0.89%     -   92s
     0     0 2.2008e+07    0  802 2.1814e+07 2.2008e+07  0.89%     -   92s
     0     0 2.2008e+07    0  800 2.1814e+07 2.2008e+07  0.89%     -   92s
     0     0 2.2008e+07    0  779 2.1814e+07 2.2008e+07  0.89%     -   95s
     0     0 2.2008e+07    0  792 2.1814e+07 2.2008e+07  0.89%     -   97s
     0     0 2.2008e+07    0  764 2.1814e+07 2.2008e+07  0.89%     -   97s
     0     0 2.2008e+07    0  773 2.1814e+07 2.2008e+07  0.89%     -   98s
     0     0 2.2008e+07    0  764 2.1814e+07 2.2008e+07  0.89%     -  100s
H    0     0                    2.181515e+07 2.2008e+07  0.88%     -  102s
     0     0 2.2008e+07    0  756 2.1815e+07 2.2008e+07  0.88%     -  102s
     0     0 2.2008e+07    0  758 2.1815e+07 2.2008e+07  0.88%     -  103s
     0     0 2.2008e+07    0  783 2.1815e+07 2.2008e+07  0.88%     -  103s
     0     0 2.2008e+07    0  772 2.1815e+07 2.2008e+07  0.88%     -  106s
H    0     0                    2.182384e+07 2.2008e+07  0.84%     -  108s
     0     0 2.2008e+07    0  768 2.1824e+07 2.2008e+07  0.84%     -  108s
     0     0 2.2008e+07    0  769 2.1824e+07 2.2008e+07  0.84%     -  108s
     0     0 2.2008e+07    0  771 2.1824e+07 2.2008e+07  0.84%     -  108s
     0     0 2.2008e+07    0  748 2.1824e+07 2.2008e+07  0.84%     -  111s
     0     0 2.2008e+07    0  761 2.1824e+07 2.2008e+07  0.84%     -  112s
     0     0 2.2008e+07    0  763 2.1824e+07 2.2008e+07  0.84%     -  112s
     0     0 2.2008e+07    0  778 2.1824e+07 2.2008e+07  0.84%     -  115s
     0     0 2.2008e+07    0  778 2.1824e+07 2.2008e+07  0.84%     -  124s
H    0     0                    2.182583e+07 2.2008e+07  0.83%     -  126s
H    0     0                    2.183926e+07 2.2008e+07  0.77%     -  141s
H    0     0                    2.184210e+07 2.2008e+07  0.76%     -  149s
     0     2 2.2008e+07    0  778 2.1842e+07 2.2008e+07  0.76%     -  152s
    31    64 2.2007e+07    5  767 2.1842e+07 2.2007e+07  0.76%   301  157s
    63   112 2.2007e+07    6  751 2.1842e+07 2.2007e+07  0.76%   294  161s
H   92   112                    2.184842e+07 2.2007e+07  0.73%   252  161s
   451   550 2.2007e+07   11  754 2.1848e+07 2.2007e+07  0.73%   169  165s
H  603   700                    2.185752e+07 2.2007e+07  0.68%   153  168s
H  605   700                    2.185812e+07 2.2007e+07  0.68%   153  168s
H  609   700                    2.185878e+07 2.2007e+07  0.68%   152  168s
H  625   700                    2.185982e+07 2.2007e+07  0.67%   152  168s
   818   925 2.2007e+07   18  744 2.1860e+07 2.2007e+07  0.67%   135  170s
  1462  1505 2.2006e+07   30  710 2.1860e+07 2.2007e+07  0.67%   113  176s
  1510  1553 2.2006e+07   31  705 2.1860e+07 2.2007e+07  0.67%   112  180s
  1558  1601 2.2006e+07   31  701 2.1860e+07 2.2007e+07  0.67%   114  187s
  1606  1649 2.2006e+07   32  703 2.1860e+07 2.2007e+07  0.67%   113  192s
H 1633  1649                    2.186023e+07 2.2007e+07  0.67%   113  192s
  2003  2156 2.2005e+07   40  708 2.1860e+07 2.2007e+07  0.67%   111  196s
  2593  2814 2.2004e+07   49  684 2.1860e+07 2.2007e+07  0.67%   113  200s
  2871  2945 2.2003e+07   52  684 2.1860e+07 2.2007e+07  0.67%   113  205s
H 2876  2945                    2.186227e+07 2.2007e+07  0.66%   113  205s
H 2885  2945                    2.186814e+07 2.2007e+07  0.64%   113  205s
H 2896  2945                    2.186833e+07 2.2007e+07  0.64%   113  205s
H 2992  2997                    2.186854e+07 2.2007e+07  0.63%   112  208s
  3240  3597 2.2002e+07   59  682 2.1869e+07 2.2007e+07  0.63%   111  211s
  4738  5162 2.2001e+07   85  673 2.1869e+07 2.2007e+07  0.63%   102  216s
  6020  6105 2.1999e+07  111  658 2.1869e+07 2.2007e+07  0.63%  95.7  221s
  7098  7599 2.1998e+07  130  615 2.1869e+07 2.2007e+07  0.63%  90.8  225s
  8720  9253 2.1996e+07  151  610 2.1869e+07 2.2007e+07  0.63%  87.4  230s
H 9305  9300                    2.186854e+07 2.2007e+07  0.63%  87.1  233s
H 9307  9300                    2.186855e+07 2.2007e+07  0.63%  87.1  233s
H 9308  9300                    2.186855e+07 2.2007e+07  0.63%  87.1  233s
H 9312  9300                    2.186856e+07 2.2007e+07  0.63%  87.1  233s
  9346  9893 2.1996e+07  159  606 2.1869e+07 2.2007e+07  0.63%  87.0  235s
 10578 10639 2.1988e+07  178  598 2.1869e+07 2.2007e+07  0.63%  85.6  240s
H10614 10458                    2.187590e+07 2.2007e+07  0.60%  85.6  240s
Created node file directory '/scratch-local/lbeemster.22691002/gurobi_dev1.0_sub70.0_run1/grbnodes0'
 12092 12544 2.1992e+07  202  585 2.1876e+07 2.2007e+07  0.60%  84.4  246s
 13687 14215 2.1991e+07  226  564 2.1876e+07 2.2007e+07  0.60%  82.0  252s
 14602 15059 2.1990e+07  234  550 2.1876e+07 2.2007e+07  0.60%  80.8  255s
 16324 15917 2.1988e+07  256  523 2.1876e+07 2.2007e+07  0.60%  79.5  264s
H16344 15577                    2.188932e+07 2.2007e+07  0.54%  79.5  264s
H16365 15565                    2.189522e+07 2.2007e+07  0.51%  79.5  264s
 16372 16353 2.1986e+07  256  516 2.1895e+07 2.2007e+07  0.51%  79.5  268s
 17188 17325 2.1987e+07  267  510 2.1895e+07 2.2007e+07  0.51%  78.9  272s
 18175 17326 2.1986e+07  151  778 2.1895e+07 2.2007e+07  0.51%  77.9  327s
H18176 16460                    2.189570e+07 2.2007e+07  0.51%  77.9  490s
H18176 15637                    2.189830e+07 2.2006e+07  0.49%  77.9  509s
H18176 14855                    2.190093e+07 2.2006e+07  0.48%  77.9  509s
H18176 14112                    2.190154e+07 2.2006e+07  0.47%  77.9  509s
H18176 13407                    2.190166e+07 2.2006e+07  0.47%  77.9  509s
H18176 12736                    2.190341e+07 2.2006e+07  0.47%  77.9  509s
H18176 12100                    2.190387e+07 2.2006e+07  0.46%  77.9  509s
 18177 12100 2.1991e+07   45  501 2.1904e+07 2.2006e+07  0.46%  77.9  510s
 18178 12101 2.1999e+07   25  558 2.1904e+07 2.2006e+07  0.46%  77.9  517s
 18179 12102 2.1996e+07   48  651 2.1904e+07 2.2006e+07  0.46%  77.9  520s
 18181 12103 2.1978e+07   48  692 2.1904e+07 2.2006e+07  0.46%  77.9  525s
 18184 12105 2.1975e+07  225  691 2.1904e+07 2.2006e+07  0.46%  77.9  531s
 18187 12107 2.1988e+07  145  721 2.1904e+07 2.2005e+07  0.46%  77.8  536s
H18192 11504                    2.193462e+07 2.2005e+07  0.32%  77.8  684s
H18192 10928                    2.193722e+07 2.2005e+07  0.31%  77.8  684s
H18192 10382                    2.194003e+07 2.2005e+07  0.29%  77.8  684s
H18192  9862                    2.194663e+07 2.2005e+07  0.26%  77.8  684s
H18192  9369                    2.195404e+07 2.2005e+07  0.23%  77.8  684s
H18192  8900                    2.196053e+07 2.2005e+07  0.20%  77.8  684s
H18192  8455                    2.196080e+07 2.2005e+07  0.20%  77.8  684s
H18192  8032                    2.196604e+07 2.2005e+07  0.18%  77.8  684s
H18192  7630                    2.196640e+07 2.2005e+07  0.17%  77.8  684s
H18192  7248                    2.196640e+07 2.2005e+07  0.17%  77.8  684s
H18192  6885                    2.196714e+07 2.2005e+07  0.17%  77.8  684s
H18192  6541                    2.196916e+07 2.2005e+07  0.16%  77.8  684s

Cutting planes:
  Gomory: 65
  Cover: 4
  Implied bound: 682
  MIR: 966
  Flow cover: 1249
  RLT: 2
  Relax-and-lift: 810

Explored 18192 nodes (1622214 simplex iterations) in 684.88 seconds (770.00 work units)
Thread count was 48 (of 192 available processors)

Solution count 10: 2.19692e+07 2.19671e+07 2.19664e+07 ... 2.19372e+07

Optimal solution found (tolerance 2.00e-03)
Best objective 2.196916487344e+07, best bound 2.200473149416e+07, gap 0.1619%
Deleted nodefile directory: /scratch-local/lbeemster.22691002/gurobi_dev1.0_sub70.0_run1
Saved model snapshot to study_case_model/figures/subsidy_experiment/run_24426/dev1.0/sub70.0/run1/model_snapshot.pkl
Finished successfully!
