Gurobi shell based on Python 3.13.1 can be launched with command `gurobi.sh`
Gurobi Python Interface can be loaded in Python 3.13.1 with 'import gurobipy'
/var/spool/slurm/slurmd/job22695298/slurm_script: line 24: activate: No such file or directory
Solving model: dev0.1, sub40.0, run2
Read LP format model from file /scratch-local/lbeemster.22695298/tmp6hlo7rmu.pyomo.lp
Reading time = 0.51 seconds
x1: 178177 rows, 50050 columns, 1020800 nonzeros
Set parameter OutputFlag to value 1
Set parameter MIPGap to value 0.002
Set parameter Threads to value 48
Set parameter Presolve to value 1
Set parameter Cuts to value 1
Set parameter NodefileStart to value 1
Set parameter NodefileDir to value "/scratch-local/lbeemster.22695298/gurobi_dev0.1_sub40.0_run2"
Set parameter MemLimit to value 60
Gurobi Optimizer version 12.0.3 build v12.0.3rc0 (linux64 - "Red Hat Enterprise Linux 9.6 (Plow)")

CPU model: AMD EPYC 9654 96-Core Processor, instruction set [SSE2|AVX|AVX2|AVX512]
Thread count: 192 physical cores, 192 logical processors, using up to 48 threads

Non-default parameters:
MemLimit  60
MIPGap  0.002
NodefileStart  1
Cuts  1
Presolve  1
Threads  48

Academic license 2514514 - for non-commercial use only - registered to l.___@student.vu.nl
Optimize a model with 178177 rows, 50050 columns and 1020800 nonzeros
Model fingerprint: 0xfc2d08a5
Variable types: 39426 continuous, 10624 integer (10624 binary)
Coefficient statistics:
  Matrix range     [1e-06, 1e+05]
  Objective range  [2e+00, 3e+04]
  Bounds range     [1e+00, 1e+00]
  RHS range        [3e-01, 2e+05]
Presolve removed 33568 rows and 21686 columns
Presolve time: 2.72s
Presolved: 144609 rows, 28364 columns, 863575 nonzeros
Variable types: 22612 continuous, 5752 integer (5752 binary)

Deterministic concurrent LP optimizer: primal simplex, dual simplex, and barrier
Showing barrier log only...

Root relaxation presolved: 26566 rows, 171103 columns, 891705 nonzeros

Root barrier log...

Ordering time: 0.05s

Barrier statistics:
 Dense cols : 31
 Free vars  : 2112
 AA' NZ     : 5.932e+05
 Factor NZ  : 1.636e+06 (roughly 100 MB of memory)
 Factor Ops : 1.211e+08 (less than 1 second per iteration)
 Threads    : 45

                  Objective                Residual
Iter       Primal          Dual         Primal    Dual     Compl     Time
   0   1.54172222e+12  7.41476053e+05  7.90e+06 3.21e+02  1.44e+08     4s
   1   1.15325243e+12 -2.10626260e+08  5.12e+06 2.85e+03  9.12e+07     5s
   2   7.60955082e+11 -2.10494572e+08  2.44e+06 1.68e+03  5.04e+07     5s
   3   5.54858887e+11 -1.76507501e+08  1.24e+06 1.20e+03  3.20e+07     5s
   4   4.18132406e+11 -1.35365587e+08  6.28e+05 8.68e+02  2.13e+07     5s
   5   3.33176084e+11 -1.05858077e+08  3.61e+05 6.72e+02  1.54e+07     5s
   6   2.71517191e+11 -6.71717384e+07  2.18e+05 4.24e+02  9.73e+06     5s
   7   2.00761320e+11 -3.64444203e+07  1.14e+05 2.28e+02  5.28e+06     5s
   8   1.56893639e+11 -3.01548606e+07  7.36e+04 1.92e+02  4.06e+06     5s
   9   1.34804647e+11 -2.34874260e+07  5.55e+04 1.49e+02  3.14e+06     5s
  10   1.27514697e+11 -1.98248660e+07  5.08e+04 1.27e+02  2.75e+06     5s
  11   9.35165788e+10 -1.29866076e+07  3.01e+04 8.61e+01  1.81e+06     5s
  12   6.88713954e+10 -7.80046021e+06  1.75e+04 5.52e+01  1.15e+06     5s
  13   4.79073933e+10 -2.40415016e+06  9.51e+03 2.22e+01  5.57e+05     5s
  14   3.49954356e+10 -2.15419810e+05  6.17e+03 8.53e+00  3.03e+05     5s
  15   2.04974982e+10  6.31815450e+05  3.24e+03 3.74e+00  1.56e+05     5s
  16   1.23207235e+10  9.76830829e+05  1.79e+03 2.09e+00  8.93e+04     5s
  17   8.57213985e+09  1.42474578e+06  1.20e+03 9.69e-01  5.75e+04     5s
  18   5.13818737e+09  1.90696010e+06  6.85e+02 5.40e-01  3.31e+04     5s
  19   2.42938037e+09  2.33433687e+06  3.08e+02 3.41e-01  1.57e+04     5s
  20   1.46040678e+09  3.52273447e+06  1.77e+02 1.79e-01  9.14e+03     5s
  21   6.86336085e+08  4.76384563e+06  7.77e+01 8.07e-02  4.18e+03     5s
  22   3.89757912e+08  6.49178750e+06  4.06e+01 4.05e-02  2.29e+03     6s
  23   2.17094806e+08  8.97048371e+06  2.06e+01 1.93e-02  1.22e+03     6s
  24   1.28503251e+08  1.21860957e+07  1.09e+01 8.02e-03  6.72e+02     6s
  25   8.11160457e+07  1.59037565e+07  5.49e+00 3.56e-03  3.71e+02     6s
  26   5.63809975e+07  1.86563423e+07  3.08e+00 4.45e-03  2.13e+02     6s
  27   3.87352162e+07  1.93002913e+07  1.45e+00 3.23e-03  1.09e+02     6s
  28   2.95409142e+07  2.00914492e+07  6.55e-01 1.26e-03  5.28e+01     6s
  29   2.53191165e+07  2.05241389e+07  2.97e-01 1.18e-03  2.66e+01     6s
  30   2.33922135e+07  2.07153383e+07  1.52e-01 9.74e-04  1.48e+01     6s
  31   2.25905092e+07  2.08439090e+07  9.46e-02 7.03e-04  9.62e+00     6s
  32   2.19505049e+07  2.09041240e+07  5.34e-02 5.44e-04  5.75e+00     6s
  33   2.16463103e+07  2.09433509e+07  3.43e-02 4.27e-04  3.86e+00     6s
  34   2.14456637e+07  2.09812323e+07  2.20e-02 3.16e-04  2.54e+00     6s
  35   2.13119772e+07  2.10146570e+07  1.37e-02 3.22e-04  1.63e+00     6s
  36   2.12444293e+07  2.10325961e+07  9.36e-03 2.66e-04  1.16e+00     6s
  37   2.12032779e+07  2.10509494e+07  5.85e-03 2.47e-04  8.27e-01     6s
  38   2.11837122e+07  2.10788958e+07  4.34e-03 1.99e-04  5.67e-01     6s
  39   2.11538748e+07  2.10951535e+07  1.95e-03 2.09e-04  3.16e-01     6s
  40   2.11411992e+07  2.11128389e+07  9.55e-04 2.44e-04  1.52e-01     6s
  41   2.11350168e+07  2.11171303e+07  5.92e-04 2.10e-04  9.58e-02     7s
  42   2.11305274e+07  2.11205913e+07  3.44e-04 1.59e-04  5.32e-02     7s
  43   2.11274990e+07  2.11217889e+07  1.93e-04 1.20e-04  3.06e-02     7s
  44   2.11260348e+07  2.11224122e+07  1.26e-04 8.20e-05  1.94e-02     7s
  45   2.11249143e+07  2.11226840e+07  7.68e-05 4.62e-05  1.19e-02     7s
  46   2.11243727e+07  2.11228304e+07  5.39e-05 2.58e-05  8.26e-03     7s
  47   2.11238606e+07  2.11229097e+07  3.27e-05 1.18e-05  5.09e-03     7s
  48   2.11234758e+07  2.11229671e+07  1.73e-05 5.84e-06  2.72e-03     7s
  49   2.11231389e+07  2.11229966e+07  4.20e-06 4.76e-06  7.60e-04     7s
  50   2.11230167e+07  2.11230092e+07  3.98e-08 2.77e-06  3.96e-05     7s
  51   2.11230135e+07  2.11230109e+07  1.11e-08 1.03e-06  1.38e-05     7s
  52   2.11230128e+07  2.11230113e+07  5.99e-09 5.94e-07  7.98e-06     7s
  53   2.11230125e+07  2.11230118e+07  5.66e-09 1.01e-07  3.88e-06     7s
  54   2.11230122e+07  2.11230119e+07  3.27e-09 1.99e-08  1.59e-06     7s
  55   2.11230119e+07  2.11230119e+07  3.12e-09 9.91e-09  7.58e-08     7s
  56   2.11230119e+07  2.11230119e+07  2.42e-09 2.27e-09  2.14e-08     7s
  57   2.11230119e+07  2.11230119e+07  7.11e-10 1.04e-09  6.01e-09     7s

Barrier solved model in 57 iterations and 7.47 seconds (6.82 work units)
Optimal objective 2.11230119e+07


Root crossover log...

    7480 DPushes remaining with DInf 0.0000000e+00                 8s
       0 DPushes remaining with DInf 0.0000000e+00                 8s

    5439 PPushes remaining with PInf 2.1309585e-04                 8s
       0 PPushes remaining with PInf 1.8760181e-05                 8s

  Push phase complete: Pinf 1.8760181e-05, Dinf 2.1384572e-01      8s


Root simplex log...

Iteration    Objective       Primal Inf.    Dual Inf.      Time
   11372    2.1123012e+07   0.000000e+00   2.138457e-01      8s
   11388    2.1123012e+07   0.000000e+00   0.000000e+00      8s
   11388    2.1123012e+07   0.000000e+00   0.000000e+00      8s
   11396    2.1123012e+07   0.000000e+00   0.000000e+00      8s
Extra simplex iterations from dual to original model: 8
Concurrent spin time: 0.36s

Solved with barrier

Root relaxation: objective 2.112301e+07, 11396 iterations, 4.44 seconds (3.89 work units)

    Nodes    |    Current Node    |     Objective Bounds      |     Work
 Expl Unexpl |  Obj  Depth IntInf | Incumbent    BestBd   Gap | It/Node Time

     0     0 2.1123e+07    0  491          - 2.1123e+07      -     -    9s
     0     0 2.1120e+07    0  695          - 2.1120e+07      -     -   14s
     0     0 2.1119e+07    0  712          - 2.1119e+07      -     -   16s
     0     0 2.1118e+07    0  719          - 2.1118e+07      -     -   16s
     0     0 2.1118e+07    0  722          - 2.1118e+07      -     -   16s
     0     0 2.1116e+07    0  770          - 2.1116e+07      -     -   21s
     0     0 2.1115e+07    0  815          - 2.1115e+07      -     -   23s
     0     0 2.1115e+07    0  834          - 2.1115e+07      -     -   24s
     0     0 2.1115e+07    0  839          - 2.1115e+07      -     -   24s
     0     0 2.1115e+07    0  835          - 2.1115e+07      -     -   25s
     0     0 2.1115e+07    0  839          - 2.1115e+07      -     -   25s
     0     0 2.1107e+07    0  780          - 2.1107e+07      -     -   31s
H    0     0                    2.065364e+07 2.1107e+07  2.20%     -   33s
     0     0 2.1106e+07    0  801 2.0654e+07 2.1106e+07  2.19%     -   35s
     0     0 2.1105e+07    0  839 2.0654e+07 2.1105e+07  2.18%     -   36s
     0     0 2.1105e+07    0  853 2.0654e+07 2.1105e+07  2.18%     -   37s
     0     0 2.1105e+07    0  855 2.0654e+07 2.1105e+07  2.18%     -   38s
     0     0 2.1105e+07    0  858 2.0654e+07 2.1105e+07  2.18%     -   38s
     0     0 2.1105e+07    0  859 2.0654e+07 2.1105e+07  2.18%     -   38s
     0     0 2.1101e+07    0  860 2.0654e+07 2.1101e+07  2.16%     -   46s
     0     0 2.1099e+07    0  870 2.0654e+07 2.1099e+07  2.16%     -   50s
     0     0 2.1099e+07    0  870 2.0654e+07 2.1099e+07  2.16%     -   51s
     0     0 2.1099e+07    0  888 2.0654e+07 2.1099e+07  2.16%     -   52s
     0     0 2.1099e+07    0  884 2.0654e+07 2.1099e+07  2.16%     -   52s
     0     0 2.1099e+07    0  883 2.0654e+07 2.1099e+07  2.16%     -   52s
     0     0 2.1098e+07    0  771 2.0654e+07 2.1098e+07  2.15%     -   61s
H    0     0                    2.070713e+07 2.1098e+07  1.89%     -   63s
     0     0 2.1098e+07    0  793 2.0707e+07 2.1098e+07  1.89%     -   64s
     0     0 2.1098e+07    0  821 2.0707e+07 2.1098e+07  1.89%     -   65s
     0     0 2.1098e+07    0  805 2.0707e+07 2.1098e+07  1.89%     -   65s
     0     0 2.1098e+07    0  803 2.0707e+07 2.1098e+07  1.89%     -   66s
     0     0 2.1098e+07    0  824 2.0707e+07 2.1098e+07  1.89%     -   70s
H    0     0                    2.077018e+07 2.1098e+07  1.58%     -   72s
     0     0 2.1098e+07    0  828 2.0770e+07 2.1098e+07  1.58%     -   73s
     0     0 2.1098e+07    0  828 2.0770e+07 2.1098e+07  1.58%     -   74s
     0     0 2.1098e+07    0  835 2.0770e+07 2.1098e+07  1.58%     -   75s
     0     0 2.1097e+07    0  796 2.0770e+07 2.1097e+07  1.57%     -   79s
H    0     0                    2.077876e+07 2.1097e+07  1.53%     -   82s
     0     0 2.1097e+07    0  820 2.0779e+07 2.1097e+07  1.53%     -   83s
     0     0 2.1097e+07    0  821 2.0779e+07 2.1097e+07  1.53%     -   83s
     0     0 2.1097e+07    0  817 2.0779e+07 2.1097e+07  1.53%     -   84s
     0     0 2.1097e+07    0  786 2.0779e+07 2.1097e+07  1.53%     -   88s
H    0     0                    2.078313e+07 2.1097e+07  1.51%     -   90s
     0     0 2.1097e+07    0  798 2.0783e+07 2.1097e+07  1.51%     -   91s
     0     0 2.1097e+07    0  800 2.0783e+07 2.1097e+07  1.51%     -   91s
     0     0 2.1097e+07    0  799 2.0783e+07 2.1097e+07  1.51%     -   92s
     0     0 2.1097e+07    0  749 2.0783e+07 2.1097e+07  1.51%     -   95s
H    0     0                    2.078824e+07 2.1097e+07  1.48%     -   98s
     0     0 2.1097e+07    0  772 2.0788e+07 2.1097e+07  1.48%     -   99s
     0     0 2.1097e+07    0  780 2.0788e+07 2.1097e+07  1.48%     -   99s
     0     0 2.1097e+07    0  777 2.0788e+07 2.1097e+07  1.48%     -  100s
     0     0 2.1097e+07    0  780 2.0788e+07 2.1097e+07  1.48%     -  100s
     0     0 2.1096e+07    0  750 2.0788e+07 2.1096e+07  1.48%     -  104s
H    0     0                    2.078942e+07 2.1096e+07  1.48%     -  109s
     0     0 2.1096e+07    0  756 2.0789e+07 2.1096e+07  1.48%     -  110s
     0     0 2.1096e+07    0  753 2.0789e+07 2.1096e+07  1.48%     -  110s
     0     0 2.1096e+07    0  753 2.0789e+07 2.1096e+07  1.48%     -  110s
     0     0 2.1096e+07    0  735 2.0789e+07 2.1096e+07  1.48%     -  114s
H    0     0                    2.079462e+07 2.1096e+07  1.45%     -  116s
     0     0 2.1096e+07    0  750 2.0795e+07 2.1096e+07  1.45%     -  117s
     0     0 2.1096e+07    0  750 2.0795e+07 2.1096e+07  1.45%     -  117s
     0     0 2.1096e+07    0  743 2.0795e+07 2.1096e+07  1.45%     -  118s
     0     0 2.1096e+07    0  741 2.0795e+07 2.1096e+07  1.45%     -  121s
     0     0 2.1096e+07    0  741 2.0795e+07 2.1096e+07  1.45%     -  131s
H    0     0                    2.085282e+07 2.1096e+07  1.17%     -  144s
H    0     0                    2.085379e+07 2.1096e+07  1.16%     -  148s
H    0     2                    2.089408e+07 2.1096e+07  0.97%     -  162s
     0     2 2.1096e+07    0  741 2.0894e+07 2.1096e+07  0.97%     -  162s
     7    16 2.1094e+07    3  738 2.0894e+07 2.1094e+07  0.96%   527  166s
    63   112 2.1094e+07    6  733 2.0894e+07 2.1094e+07  0.96%   493  172s
   111   205 2.1094e+07    7  740 2.0894e+07 2.1094e+07  0.96%   405  175s
   285   364 2.1090e+07   10  731 2.0894e+07 2.1094e+07  0.96%   442  180s
   451   525 2.1085e+07   13  704 2.0894e+07 2.1094e+07  0.96%   436  185s
H  654   699                    2.089412e+07 2.1094e+07  0.96%   390  190s
H  659   699                    2.089414e+07 2.1094e+07  0.96%   389  190s
H  677   699                    2.089414e+07 2.1094e+07  0.96%   382  190s
   820   905 2.1081e+07   23  683 2.0894e+07 2.1094e+07  0.96%   352  196s
H  826   905                    2.090477e+07 2.1094e+07  0.91%   351  196s
H  851   905                    2.090898e+07 2.1094e+07  0.89%   347  196s
H  881   905                    2.092840e+07 2.1094e+07  0.79%   342  196s
   908   954 2.1081e+07   23  702 2.0928e+07 2.1094e+07  0.79%   337  200s
H  916   954                    2.093796e+07 2.1094e+07  0.75%   335  200s
  1055  1136 2.1081e+07   26  675 2.0938e+07 2.1094e+07  0.75%   340  207s
  1153  1230 2.1077e+07   26  685 2.0938e+07 2.1094e+07  0.75%   342  210s
  1361  1443 2.1080e+07   29  669 2.0938e+07 2.1094e+07  0.75%   337  217s
  1464  1540 2.1076e+07   30  655 2.0938e+07 2.1094e+07  0.75%   338  222s
  1561  1588 2.1077e+07   31  655 2.0938e+07 2.1094e+07  0.75%   346  228s
H 1609  1641                    2.093806e+07 2.1094e+07  0.75%   350  237s
H 1620  1641                    2.093828e+07 2.1094e+07  0.74%   355  237s
  1664  1759 2.1077e+07   32  648 2.0938e+07 2.1094e+07  0.74%   356  242s
  1786  1869 2.1073e+07   33  647 2.0938e+07 2.1094e+07  0.74%   359  245s
  1899  2007 2.1076e+07   34  656 2.0938e+07 2.1094e+07  0.74%   361  250s
  2192  2370 2.1075e+07   37  646 2.0938e+07 2.1094e+07  0.74%   356  256s
  2428  2530 2.1071e+07   38  638 2.0938e+07 2.1094e+07  0.74%   341  261s
  2596  2769 2.1071e+07   42  632 2.0938e+07 2.1094e+07  0.74%   337  268s
  2860  2914 2.1069e+07   44  645 2.0938e+07 2.1094e+07  0.74%   327  271s
H 2899  2912                    2.093848e+07 2.1094e+07  0.74%   328  271s
  3019  3172 2.1069e+07   45  629 2.0938e+07 2.1094e+07  0.74%   323  275s
  3476  3617 2.1061e+07   49  601 2.0938e+07 2.1094e+07  0.74%   318  283s
  3756  3862 2.1061e+07   51  621 2.0938e+07 2.1094e+07  0.74%   314  287s
  4031  4023 2.1061e+07   52  612 2.0938e+07 2.1094e+07  0.74%   312  291s
H 4199  4016                    2.093876e+07 2.1094e+07  0.74%   311  291s
  4218  4315 2.1060e+07   55  605 2.0939e+07 2.1094e+07  0.74%   311  295s
  4521  4362 2.1060e+07   58  595 2.0939e+07 2.1094e+07  0.74%   307  301s
H 4525  4362                    2.093876e+07 2.1094e+07  0.74%   307  301s
H 4545  4362                    2.093876e+07 2.1094e+07  0.74%   308  301s
  4569  4689 2.1058e+07   58  598 2.0939e+07 2.1094e+07  0.74%   310  305s
  4896  5056 2.1058e+07   62  581 2.0939e+07 2.1094e+07  0.74%   305  311s
  5273  5440 2.1057e+07   70  554 2.0939e+07 2.1094e+07  0.74%   299  316s
  5669  5820 2.1055e+07   73  573 2.0939e+07 2.1094e+07  0.74%   294  321s
H 5831  5820                    2.093876e+07 2.1094e+07  0.74%   293  321s
  6049  6207 2.1055e+07   78  570 2.0939e+07 2.1094e+07  0.74%   289  326s
  6445  6596 2.1054e+07   83  563 2.0939e+07 2.1094e+07  0.74%   285  330s
  6850  6958 2.1051e+07   87  545 2.0939e+07 2.1092e+07  0.73%   282  336s
  7212  7464 2.1049e+07   88  544 2.0939e+07 2.1092e+07  0.73%   280  342s
  7720  8083 2.1043e+07   93  529 2.0939e+07 2.1092e+07  0.73%   275  348s
  8359  8654 2.1043e+07  106  504 2.0939e+07 2.1092e+07  0.73%   266  354s
  8954  9087 2.1043e+07  109  507 2.0939e+07 2.1092e+07  0.73%   260  361s
Created node file directory '/scratch-local/lbeemster.22695298/gurobi_dev0.1_sub40.0_run2/grbnodes0'
  9435  9662 2.1041e+07  114  481 2.0939e+07 2.1092e+07  0.73%   259  367s
 10064 10180 2.1041e+07  119  463 2.0939e+07 2.1092e+07  0.73%   255  375s
H10634 10228                    2.093876e+07 2.1092e+07  0.73%   254  391s
H10654 10212                    2.093926e+07 2.1092e+07  0.73%   256  391s
H10667  7087                    2.098111e+07 2.1092e+07  0.53%   257  391s
 10682  7436 2.1039e+07  122  501 2.0981e+07 2.1092e+07  0.53%   258  398s
 11120  7891 2.1038e+07  129  458 2.0981e+07 2.1092e+07  0.53%   262  407s
 11584  8490 2.1036e+07  135  444 2.0981e+07 2.1092e+07  0.53%   264  415s
 12185  8930 2.1035e+07  164  402 2.0981e+07 2.1092e+07  0.53%   263  421s
H12219  8772                    2.098352e+07 2.1092e+07  0.52%   262  421s
 12636  9522 2.1034e+07  173  379 2.0984e+07 2.1092e+07  0.52%   261  428s
H13404  9908                    2.098510e+07 2.1092e+07  0.51%   256  437s
 13834 10623 2.1033e+07  198  348 2.0985e+07 2.1092e+07  0.51%   253  445s
 14602 11401 2.1031e+07  220  317 2.0985e+07 2.1090e+07  0.50%   250  456s
H14644 11401                    2.098561e+07 2.1090e+07  0.50%   249  456s
 15384 12511 2.1030e+07  257  293 2.0986e+07 2.1090e+07  0.50%   244  468s
 16494 12826 2.1029e+07  293  273 2.0986e+07 2.1090e+07  0.50%   235  481s
H16497 11976                    2.099469e+07 2.1090e+07  0.46%   235  481s
H16586 10926                    2.100236e+07 2.1090e+07  0.42%   234  481s
H16621 10610                    2.100289e+07 2.1090e+07  0.42%   234  481s
 16820 11280 2.1029e+07  305  250 2.1003e+07 2.1090e+07  0.42%   233  490s
 17771 11265 2.1035e+07   19  741 2.1003e+07 2.1090e+07  0.42%   229  598s
H17772 10702                    2.100296e+07 2.1090e+07  0.42%   229  720s
H17772 10167                    2.100428e+07 2.1090e+07  0.41%   229  720s
 17774 10168 2.1025e+07  302  600 2.1004e+07 2.1090e+07  0.41%   229  730s
 17776 10169 2.1009e+07   78  598 2.1004e+07 2.1090e+07  0.41%   229  737s
 17777 10170 2.1067e+07   43  566 2.1004e+07 2.1090e+07  0.41%   229  741s
 17779 10171 2.1068e+07   28  587 2.1004e+07 2.1090e+07  0.41%   229  749s
 17780 10172 2.1053e+07   18  594 2.1004e+07 2.1089e+07  0.40%   229  751s
H17781  9664                    2.100589e+07 2.1089e+07  0.40%   229  820s
H17781  9181                    2.100749e+07 2.1089e+07  0.39%   229  820s
H17781  8722                    2.100753e+07 2.1089e+07  0.39%   229  820s
 17783  8723 2.1036e+07   84  588 2.1008e+07 2.1087e+07  0.38%   229  825s
 17786  8725 2.1086e+07   11  565 2.1008e+07 2.1087e+07  0.38%   229  896s
 17787  8726 2.1050e+07   43  548 2.1008e+07 2.1087e+07  0.38%   229  901s
H17790  8291                    2.100784e+07 2.1087e+07  0.38%   229  970s
H17790  7876                    2.100961e+07 2.1087e+07  0.37%   229  970s
H17790  7482                    2.101334e+07 2.1087e+07  0.35%   229  970s
H17790  7108                    2.101608e+07 2.1087e+07  0.34%   229  970s
H17790  6752                    2.101612e+07 2.1087e+07  0.34%   229  970s
H17790  6414                    2.101614e+07 2.1087e+07  0.34%   229  970s
H17790  6093                    2.102202e+07 2.1087e+07  0.31%   229  970s
 17794  6095 2.1031e+07  132  532 2.1022e+07 2.1086e+07  0.30%   229  975s
H17794  5790                    2.102216e+07 2.1086e+07  0.30%   229 1083s
H17794  5500                    2.102471e+07 2.1086e+07  0.29%   229 1083s
 17796  5502 2.1028e+07  142  557 2.1025e+07 2.1085e+07  0.29%   229 1087s
 17797  5502 2.1031e+07  105  544 2.1025e+07 2.1085e+07  0.29%   229 1149s
H17797  5226                    2.102507e+07 2.1085e+07  0.28%   229 1155s
 17800  5228 2.1028e+07   40  544 2.1025e+07 2.1085e+07  0.28%   229 1221s
H17801  4967                    2.102510e+07 2.1085e+07  0.28%   229 1304s
 17803  4968 2.1055e+07   39  545 2.1025e+07 2.1085e+07  0.28%   229 1305s
 17804  4969 2.1042e+07  110  538 2.1025e+07 2.1085e+07  0.28%   229 1334s
H17804  4720                    2.102529e+07 2.1085e+07  0.28%   229 1368s
H17805  4487                    2.102541e+07 2.1085e+07  0.28%   232 1379s
 17806  4488 2.1084e+07   10  527 2.1025e+07 2.1084e+07  0.28%   232 1381s
 17826  4490 2.1079e+07   14  487 2.1025e+07 2.1079e+07  0.25%   232 1385s
 17848  4486 2.1077e+07   16  473 2.1025e+07 2.1077e+07  0.25%   233 1390s
 17878  4520 2.1072e+07   18  461 2.1025e+07 2.1074e+07  0.23%   233 1398s
 17909  4544 2.1072e+07   19  460 2.1025e+07 2.1072e+07  0.22%   234 1402s
 17972  4590 2.1071e+07   20  451 2.1025e+07 2.1071e+07  0.22%   234 1406s
 18061  4600 2.1071e+07   21  459 2.1025e+07 2.1071e+07  0.22%   235 1410s
 18209  4607 2.1066e+07   22  455 2.1025e+07 2.1070e+07  0.21%   236 1417s
 18264  4622 2.1065e+07   23  445 2.1025e+07 2.1070e+07  0.21%   236 1421s
 18432  4610 2.1061e+07   24  428 2.1025e+07 2.1070e+07  0.21%   236 1427s
 18516  4608 2.1061e+07   24  436 2.1025e+07 2.1070e+07  0.21%   236 1431s
 18599  4603 2.1057e+07   25  436 2.1025e+07 2.1070e+07  0.21%   236 1435s
 18783  4599 2.1053e+07   27  412 2.1025e+07 2.1069e+07  0.21%   237 1443s
 18869  4607 2.1039e+07   28  411 2.1025e+07 2.1069e+07  0.21%   238 1447s
 19017  4668 2.1050e+07   30  413 2.1025e+07 2.1069e+07  0.21%   239 1453s
 19105  4708 2.1048e+07   31  418 2.1025e+07 2.1069e+07  0.21%   238 1456s
 19206  4698 2.1047e+07   32  419 2.1025e+07 2.1069e+07  0.21%   238 1460s

Cutting planes:
  Learned: 1
  Gomory: 24
  Implied bound: 650
  MIR: 988
  Flow cover: 1409
  RLT: 20
  Relax-and-lift: 896

Explored 19406 nodes (4684913 simplex iterations) in 1464.62 seconds (1717.50 work units)
Thread count was 48 (of 192 available processors)

Solution count 10: 2.10254e+07 2.10253e+07 2.10251e+07 ... 2.10133e+07

Optimal solution found (tolerance 2.00e-03)
Best objective 2.102541454517e+07, best bound 2.106745403094e+07, gap 0.1999%
Deleted nodefile directory: /scratch-local/lbeemster.22695298/gurobi_dev0.1_sub40.0_run2
Saved model snapshot to study_case_model/figures/subsidy_experiment/run_24426/dev0.1/sub40.0/run2/model_snapshot.pkl
Finished successfully!
