Gurobi shell based on Python 3.13.1 can be launched with command `gurobi.sh`
Gurobi Python Interface can be loaded in Python 3.13.1 with 'import gurobipy'
/var/spool/slurm/slurmd/job22682166/slurm_script: line 24: activate: No such file or directory
Solving model: dev0.1, sub55.0, run0
Read LP format model from file /scratch-local/lbeemster.22682166/tmpyvaqqq1e.pyomo.lp
Reading time = 0.58 seconds
x1: 178177 rows, 50050 columns, 1020800 nonzeros
Set parameter OutputFlag to value 1
Set parameter MIPGap to value 0.002
Set parameter Threads to value 48
Set parameter Presolve to value 1
Set parameter Cuts to value 1
Set parameter NodefileStart to value 1
Set parameter NodefileDir to value "/scratch-local/lbeemster.22682166/gurobi_dev0.1_sub55.0_run0"
Set parameter MemLimit to value 60
Gurobi Optimizer version 12.0.3 build v12.0.3rc0 (linux64 - "Red Hat Enterprise Linux 9.6 (Plow)")

CPU model: AMD EPYC 9654 96-Core Processor, instruction set [SSE2|AVX|AVX2|AVX512]
Thread count: 192 physical cores, 192 logical processors, using up to 48 threads

Non-default parameters:
MemLimit  60
MIPGap  0.002
NodefileStart  1
Cuts  1
Presolve  1
Threads  48

Academic license 2514514 - for non-commercial use only - registered to l.___@student.vu.nl
Optimize a model with 178177 rows, 50050 columns and 1020800 nonzeros
Model fingerprint: 0xbce966fc
Variable types: 39426 continuous, 10624 integer (10624 binary)
Coefficient statistics:
  Matrix range     [1e-06, 1e+05]
  Objective range  [2e+00, 3e+04]
  Bounds range     [1e+00, 1e+00]
  RHS range        [3e-01, 2e+05]
Presolve removed 34464 rows and 22454 columns
Presolve time: 2.97s
Presolved: 143713 rows, 27596 columns, 844381 nonzeros
Variable types: 22036 continuous, 5560 integer (5560 binary)

Deterministic concurrent LP optimizer: primal simplex, dual simplex, and barrier
Showing barrier log only...

Root relaxation presolved: 25733 rows, 169446 columns, 871836 nonzeros

Root barrier log...

Ordering time: 0.05s

Barrier statistics:
 Dense cols : 25
 Free vars  : 2112
 AA' NZ     : 5.879e+05
 Factor NZ  : 1.573e+06 (roughly 100 MB of memory)
 Factor Ops : 1.162e+08 (less than 1 second per iteration)
 Threads    : 45

                  Objective                Residual
Iter       Primal          Dual         Primal    Dual     Compl     Time
   0   1.54063025e+12  1.27839102e+06  7.94e+06 4.01e+02  1.59e+08     5s
   1   1.17265017e+12 -2.83242753e+08  5.19e+06 3.14e+03  1.01e+08     5s
   2   8.39163618e+11 -3.47470827e+08  2.77e+06 2.15e+03  6.30e+07     5s
   3   6.08350692e+11 -3.41530317e+08  1.29e+06 1.40e+03  3.72e+07     5s
   4   4.54690975e+11 -2.34887814e+08  5.95e+05 8.41e+02  2.12e+07     5s
   5   3.59004497e+11 -1.64168345e+08  3.34e+05 5.46e+02  1.34e+07     5s
   6   2.70157960e+11 -9.62049317e+07  1.92e+05 2.91e+02  7.41e+06     5s
   7   2.08211643e+11 -6.88117260e+07  1.21e+05 1.97e+02  4.91e+06     5s
   8   1.96444883e+11 -6.74141932e+07  1.12e+05 1.92e+02  4.71e+06     5s
   9   1.85235038e+11 -6.32548464e+07  9.93e+04 1.80e+02  4.34e+06     5s
  10   1.71640705e+11 -4.99332837e+07  8.84e+04 1.40e+02  3.57e+06     6s
  11   1.31015967e+11 -3.66971511e+07  5.77e+04 1.02e+02  2.51e+06     6s
  12   1.04286964e+11 -2.15788918e+07  4.09e+04 6.11e+01  1.64e+06     6s
  13   6.46039114e+10 -1.04961408e+07  1.97e+04 3.13e+01  8.46e+05     6s
  14   3.44463676e+10 -2.25613831e+06  7.15e+03 1.03e+01  3.33e+05     6s
  15   1.25916044e+10  9.99896153e+05  1.89e+03 3.07e+00  1.02e+05     6s
  16   5.87276968e+09  1.94907768e+06  7.45e+02 1.42e+00  4.49e+04     6s
  17   4.01955605e+09  3.97159084e+06  4.81e+02 5.37e-01  2.67e+04     6s
  18   3.02569760e+09  4.45017580e+06  3.55e+02 3.89e-01  1.97e+04     6s
  19   2.08754538e+09  5.07294801e+06  2.39e+02 2.46e-01  1.33e+04     6s
  20   1.37693526e+09  5.87385358e+06  1.54e+02 1.46e-01  8.57e+03     6s
  21   6.76908177e+08  7.48002470e+06  7.13e+01 5.72e-02  4.06e+03     6s
  22   3.24411313e+08  8.95664639e+06  3.20e+01 2.88e-02  1.89e+03     6s
  23   1.68381218e+08  1.11819159e+07  1.50e+01 1.38e-02  9.27e+02     6s
  24   1.07816391e+08  1.49817963e+07  8.31e+00 4.85e-03  5.38e+02     6s
  25   8.02208157e+07  1.58129181e+07  5.54e+00 4.23e-03  3.72e+02     6s
  26   6.10257806e+07  1.84415337e+07  3.65e+00 2.65e-03  2.44e+02     6s
  27   4.33168545e+07  1.91771684e+07  1.95e+00 1.66e-03  1.38e+02     6s
  28   3.10586508e+07  1.95598123e+07  8.40e-01 1.19e-03  6.53e+01     6s
  29   2.75601864e+07  2.01547709e+07  5.32e-01 7.97e-04  4.19e+01     6s
  30   2.49560185e+07  2.05645336e+07  3.06e-01 9.41e-04  2.48e+01     6s
  31   2.36324312e+07  2.07445992e+07  1.97e-01 7.58e-04  1.63e+01     6s
  32   2.27159407e+07  2.08743800e+07  1.23e-01 6.70e-04  1.04e+01     6s
  33   2.21938915e+07  2.09286541e+07  8.23e-02 5.49e-04  7.11e+00     6s
  34   2.17035489e+07  2.09851303e+07  4.47e-02 4.21e-04  4.03e+00     7s
  35   2.14301236e+07  2.10152693e+07  2.45e-02 3.60e-04  2.32e+00     7s
  36   2.12739758e+07  2.10549905e+07  1.23e-02 3.61e-04  1.22e+00     7s
  37   2.12191093e+07  2.10752676e+07  8.10e-03 3.16e-04  7.99e-01     7s
  38   2.11899556e+07  2.10938152e+07  5.24e-03 2.67e-04  5.31e-01     7s
  39   2.11734379e+07  2.11071559e+07  3.38e-03 2.42e-04  3.64e-01     7s
  40   2.11526863e+07  2.11168606e+07  1.55e-03 2.06e-04  1.96e-01     7s
  41   2.11454025e+07  2.11231464e+07  9.74e-04 1.57e-04  1.21e-01     7s
  42   2.11400243e+07  2.11268999e+07  5.80e-04 1.34e-04  7.15e-02     7s
  43   2.11357971e+07  2.11291264e+07  3.08e-04 9.56e-05  3.63e-02     7s
  44   2.11333580e+07  2.11298255e+07  1.62e-04 6.87e-05  1.92e-02     7s
  45   2.11318425e+07  2.11301652e+07  7.35e-05 5.44e-05  9.12e-03     7s
  46   2.11309877e+07  2.11302923e+07  2.81e-05 2.12e-05  3.78e-03     7s
  47   2.11306401e+07  2.11303365e+07  1.17e-05 1.30e-05  1.65e-03     7s
  48   2.11304653e+07  2.11303510e+07  3.77e-06 1.02e-05  6.20e-04     7s
  49   2.11304099e+07  2.11303652e+07  1.43e-06 5.37e-06  2.42e-04     7s
  50   2.11303736e+07  2.11303676e+07  1.14e-07 2.75e-06  3.22e-05     7s
  51   2.11303705e+07  2.11303690e+07  1.60e-08 1.15e-06  8.02e-06     8s
  52   2.11303699e+07  2.11303694e+07  8.45e-09 4.87e-07  2.34e-06     8s
  53   2.11303697e+07  2.11303696e+07  3.66e-09 2.05e-07  6.19e-07     8s
  54   2.11303696e+07  2.11303696e+07  2.61e-09 2.35e-08  5.65e-08     8s
  55   2.11303696e+07  2.11303696e+07  1.76e-09 3.87e-09  1.22e-08     8s
  56   2.11303696e+07  2.11303696e+07  2.70e-09 2.06e-09  1.21e-09     8s

Barrier solved model in 56 iterations and 8.10 seconds (7.00 work units)
Optimal objective 2.11303696e+07


Root crossover log...

    9064 DPushes remaining with DInf 1.0222596e-03                 8s
       0 DPushes remaining with DInf 0.0000000e+00                 8s

    2331 PPushes remaining with PInf 3.8850955e-05                 8s
       0 PPushes remaining with PInf 1.2348691e-06                 8s

  Push phase complete: Pinf 1.2348691e-06, Dinf 3.8207214e-04      8s


Root simplex log...

Iteration    Objective       Primal Inf.    Dual Inf.      Time
    8239    2.1130370e+07   0.000000e+00   3.820721e-04      8s
    8258    2.1130370e+07   0.000000e+00   0.000000e+00      8s
    8258    2.1130370e+07   0.000000e+00   0.000000e+00      8s
    8258    2.1130370e+07   0.000000e+00   0.000000e+00      9s
Concurrent spin time: 0.00s

Solved with barrier

Root relaxation: objective 2.113037e+07, 8258 iterations, 4.58 seconds (3.73 work units)

    Nodes    |    Current Node    |     Objective Bounds      |     Work
 Expl Unexpl |  Obj  Depth IntInf | Incumbent    BestBd   Gap | It/Node Time

     0     0 2.1130e+07    0  542          - 2.1130e+07      -     -   10s
H    0     0                    2.045981e+07 2.1130e+07  3.28%     -   11s
     0     0 2.1059e+07    0  743 2.0460e+07 2.1059e+07  2.93%     -   18s
H    0     0                    2.058514e+07 2.1059e+07  2.30%     -   21s
     0     0 2.1051e+07    0  759 2.0585e+07 2.1051e+07  2.26%     -   23s
     0     0 2.1051e+07    0  777 2.0585e+07 2.1051e+07  2.26%     -   24s
     0     0 2.1051e+07    0  783 2.0585e+07 2.1051e+07  2.26%     -   24s
     0     0 2.1051e+07    0  785 2.0585e+07 2.1051e+07  2.26%     -   24s
     0     0 2.1048e+07    0  819 2.0585e+07 2.1048e+07  2.25%     -   30s
     0     0 2.1046e+07    0  807 2.0585e+07 2.1046e+07  2.24%     -   35s
     0     0 2.1046e+07    0  812 2.0585e+07 2.1046e+07  2.24%     -   36s
     0     0 2.1046e+07    0  823 2.0585e+07 2.1046e+07  2.24%     -   37s
     0     0 2.1046e+07    0  824 2.0585e+07 2.1046e+07  2.24%     -   37s
H    0     0                    2.058588e+07 2.1043e+07  2.22%     -   43s
     0     0 2.1043e+07    0  798 2.0586e+07 2.1043e+07  2.22%     -   43s
H    0     0                    2.068617e+07 2.1043e+07  1.72%     -   46s
     0     0 2.1042e+07    0  843 2.0686e+07 2.1042e+07  1.72%     -   47s
     0     0 2.1042e+07    0  842 2.0686e+07 2.1042e+07  1.72%     -   47s
     0     0 2.1042e+07    0  858 2.0686e+07 2.1042e+07  1.72%     -   48s
     0     0 2.1041e+07    0  873 2.0686e+07 2.1041e+07  1.72%     -   48s
     0     0 2.1041e+07    0  890 2.0686e+07 2.1041e+07  1.72%     -   49s
H    0     0                    2.070115e+07 2.1041e+07  1.64%     -   53s
     0     0 2.1040e+07    0  801 2.0701e+07 2.1040e+07  1.64%     -   55s
H    0     0                    2.070219e+07 2.1040e+07  1.63%     -   56s
     0     0 2.1039e+07    0  814 2.0702e+07 2.1039e+07  1.63%     -   57s
     0     0 2.1039e+07    0  864 2.0702e+07 2.1039e+07  1.63%     -   58s
     0     0 2.1039e+07    0  878 2.0702e+07 2.1039e+07  1.63%     -   58s
     0     0 2.1039e+07    0  878 2.0702e+07 2.1039e+07  1.63%     -   59s
H    0     0                    2.072713e+07 2.1039e+07  1.50%     -   63s
     0     0 2.1038e+07    0  713 2.0727e+07 2.1038e+07  1.50%     -   67s
H    0     0                    2.072953e+07 2.1038e+07  1.49%     -   70s
H    0     0                    2.073020e+07 2.1037e+07  1.48%     -   71s
     0     0 2.1037e+07    0  744 2.0730e+07 2.1037e+07  1.48%     -   71s
     0     0 2.1037e+07    0  767 2.0730e+07 2.1037e+07  1.48%     -   72s
     0     0 2.1037e+07    0  766 2.0730e+07 2.1037e+07  1.48%     -   72s
     0     0 2.1037e+07    0  781 2.0730e+07 2.1037e+07  1.48%     -   76s
H    0     0                    2.073957e+07 2.1037e+07  1.43%     -   77s
H    0     0                    2.074761e+07 2.1037e+07  1.40%     -   79s
H    0     0                    2.076210e+07 2.1037e+07  1.32%     -   80s
     0     0 2.1037e+07    0  788 2.0762e+07 2.1037e+07  1.32%     -   80s
     0     0 2.1037e+07    0  805 2.0762e+07 2.1037e+07  1.32%     -   80s
     0     0 2.1037e+07    0  800 2.0762e+07 2.1037e+07  1.32%     -   81s
     0     0 2.1037e+07    0  781 2.0762e+07 2.1037e+07  1.32%     -   84s
H    0     0                    2.079631e+07 2.1037e+07  1.16%     -   87s
     0     0 2.1037e+07    0  798 2.0796e+07 2.1037e+07  1.16%     -   87s
     0     0 2.1037e+07    0  809 2.0796e+07 2.1037e+07  1.16%     -   88s
     0     0 2.1037e+07    0  775 2.0796e+07 2.1037e+07  1.16%     -   91s
H    0     0                    2.079699e+07 2.1037e+07  1.15%     -   93s
H    0     0                    2.079830e+07 2.1037e+07  1.15%     -   93s
     0     0 2.1037e+07    0  787 2.0798e+07 2.1037e+07  1.15%     -   94s
     0     0 2.1037e+07    0  764 2.0798e+07 2.1037e+07  1.15%     -   94s
     0     0 2.1036e+07    0  809 2.0798e+07 2.1036e+07  1.14%     -   97s
H    0     0                    2.080139e+07 2.1036e+07  1.13%     -   99s
H    0     0                    2.082976e+07 2.1036e+07  0.99%     -   99s
     0     0 2.1036e+07    0  775 2.0830e+07 2.1036e+07  0.99%     -   99s
     0     0 2.1036e+07    0  781 2.0830e+07 2.1036e+07  0.99%     -  100s
H    0     0                    2.085732e+07 2.1036e+07  0.86%     -  102s
H    0     0                    2.086782e+07 2.1036e+07  0.81%     -  102s
H    0     0                    2.088398e+07 2.1036e+07  0.73%     -  103s
     0     0 2.1036e+07    0  761 2.0884e+07 2.1036e+07  0.73%     -  103s
H    0     0                    2.088965e+07 2.1036e+07  0.70%     -  112s
H    0     0                    2.090624e+07 2.1036e+07  0.62%     -  112s
H    0     0                    2.090627e+07 2.1036e+07  0.62%     -  112s
     0     0 2.1036e+07    0  761 2.0906e+07 2.1036e+07  0.62%     -  113s
H    0     0                    2.091100e+07 2.1036e+07  0.60%     -  127s
H    0     0                    2.091461e+07 2.1036e+07  0.58%     -  127s
H    0     0                    2.092509e+07 2.1036e+07  0.53%     -  127s
H    0     0                    2.092695e+07 2.1036e+07  0.52%     -  131s
     0     2 2.1036e+07    0  761 2.0927e+07 2.1036e+07  0.52%     -  133s
     3     8 2.1036e+07    2  754 2.0927e+07 2.1036e+07  0.52%   331  135s
H   31    64                    2.093000e+07 2.1036e+07  0.51%   364  139s
H   33    64                    2.093327e+07 2.1036e+07  0.49%   350  139s
H   42    64                    2.093344e+07 2.1036e+07  0.49%   303  139s
    63   112 2.1036e+07    6  745 2.0933e+07 2.1036e+07  0.49%   288  140s
   227   276 2.1036e+07    8  735 2.0933e+07 2.1036e+07  0.49%   185  145s
   275   327 2.1036e+07    9  740 2.0933e+07 2.1036e+07  0.49%   181  152s
H  294   327                    2.093356e+07 2.1036e+07  0.49%   175  152s
   326   375 2.1035e+07    9  734 2.0934e+07 2.1036e+07  0.49%   171  155s
H  385   435                    2.093500e+07 2.1036e+07  0.48%   176  158s
   434   611 2.1035e+07   10  732 2.0935e+07 2.1036e+07  0.48%   174  161s
  1004  1053 2.1035e+07   17  723 2.0935e+07 2.1036e+07  0.48%   132  168s
H 1041  1053                    2.093682e+07 2.1036e+07  0.47%   130  168s
  1052  1217 2.1034e+07   18  726 2.0937e+07 2.1036e+07  0.47%   130  170s
  1453  1737 2.1033e+07   25  712 2.0937e+07 2.1036e+07  0.47%   132  175s
  1975  2209 2.1033e+07   33  717 2.0937e+07 2.1036e+07  0.47%   123  185s
  2256  2305 2.1033e+07   38  707 2.0937e+07 2.1036e+07  0.47%   121  196s
H 2259  2305                    2.093722e+07 2.1036e+07  0.47%   121  196s
H 2269  2305                    2.093752e+07 2.1036e+07  0.47%   121  196s
H 2292  2305                    2.093811e+07 2.1036e+07  0.47%   121  196s
  2604  2869 2.1033e+07   41  701 2.0938e+07 2.1036e+07  0.47%   115  201s
  3121  3495 2.1030e+07   49  687 2.0938e+07 2.1036e+07  0.47%   111  206s
  3543  3682 2.1030e+07   55  685 2.0938e+07 2.1036e+07  0.47%   109  211s
H 3548  3682                    2.093987e+07 2.1036e+07  0.46%   109  211s
H 3549  3679                    2.094089e+07 2.1036e+07  0.45%   108  211s
H 3553  3679                    2.094123e+07 2.1036e+07  0.45%   108  211s
H 3556  3677                    2.094254e+07 2.1036e+07  0.45%   108  211s
H 3653  3648                    2.094943e+07 2.1036e+07  0.41%   108  211s
  3948  4272 2.1029e+07   61  684 2.0949e+07 2.1036e+07  0.41%   106  215s
  4718  5123 2.1029e+07   72  648 2.0949e+07 2.1036e+07  0.41%   101  220s
H 5224  5103                    2.095683e+07 2.1036e+07  0.38%  98.9  223s
  5230  5476 2.1025e+07   81  647 2.0957e+07 2.1036e+07  0.38%  98.9  226s
  6255  6488 2.1025e+07   97  618 2.0957e+07 2.1036e+07  0.38%  92.4  230s
  7214  7413 2.1023e+07  119  596 2.0957e+07 2.1036e+07  0.38%  90.7  236s
  8320  8536 2.1022e+07  128  598 2.0957e+07 2.1036e+07  0.38%  87.6  241s
  9545  9912 2.1021e+07  140  587 2.0957e+07 2.1036e+07  0.38%  84.8  246s
 10666 10720 2.1014e+07  165  572 2.0957e+07 2.1036e+07  0.38%  84.0  253s
 11085 11425 2.1015e+07  172  585 2.0957e+07 2.1036e+07  0.38%  83.8  257s
 11813 12164 2.1015e+07  181  561 2.0957e+07 2.1036e+07  0.38%  82.8  260s
Created node file directory '/scratch-local/lbeemster.22682166/gurobi_dev0.1_sub55.0_run0/grbnodes0'
 12558 12209 2.1015e+07  196  555 2.0957e+07 2.1036e+07  0.38%  82.1  266s
H12566 12209                    2.095691e+07 2.1036e+07  0.38%  82.2  266s
 12609 12945 2.1015e+07  197  553 2.0957e+07 2.1036e+07  0.38%  82.5  270s
 13353 13766 2.1015e+07  202  566 2.0957e+07 2.1036e+07  0.38%  82.2  275s
H14174 13916                    2.095785e+07 2.1036e+07  0.37%  81.5  280s
H14211 13757                    2.095902e+07 2.1036e+07  0.37%  81.5  280s
 14324 13805 2.1014e+07  211  551 2.0959e+07 2.1036e+07  0.37%  81.4  290s
H14352 13328                    2.096567e+07 2.1036e+07  0.33%  81.5  290s
 15228 14524 2.1014e+07  220  541 2.0966e+07 2.1036e+07  0.33%  80.7  299s
 15602 15454 2.1013e+07  229  538 2.0966e+07 2.1036e+07  0.33%  80.6  304s
 16544 16288 2.1007e+07  251  520 2.0966e+07 2.1036e+07  0.33%  79.7  309s
 17393 17043 2.1007e+07  262  509 2.0966e+07 2.1036e+07  0.33%  79.8  314s
 18186 17044 2.1029e+07   54  761 2.0966e+07 2.1036e+07  0.33%  80.3  441s
H18187 16192                    2.096680e+07 2.1036e+07  0.33%  80.3  595s
H18187 15383                    2.096752e+07 2.1032e+07  0.31%  80.3  595s
H18187 14613                    2.096904e+07 2.1032e+07  0.30%  80.3  595s
H18187 13883                    2.096954e+07 2.1032e+07  0.30%  80.3  595s
H18188 13189                    2.097517e+07 2.1032e+07  0.27%  80.3  600s
 18189 13190 2.1028e+07   74  606 2.0975e+07 2.1032e+07  0.27%  80.3  608s
H18189 12530                    2.097936e+07 2.1032e+07  0.25%  80.3  610s
 18191 12531 2.1030e+07   13  543 2.0979e+07 2.1032e+07  0.25%  80.3  617s
H18191 11904                    2.098434e+07 2.1032e+07  0.23%  80.3  620s
 18194 11906 2.0984e+07  387  527 2.0984e+07 2.1031e+07  0.22%  80.3  625s
H18198 11314                    2.099292e+07 2.1031e+07  0.18%  80.2  935s
H18198 10748                    2.099350e+07 2.1031e+07  0.18%  80.2  935s
H18198 10210                    2.099364e+07 2.1031e+07  0.18%  80.2  935s
H18198  9699                    2.099422e+07 2.1031e+07  0.18%  80.2  935s
H18198  9214                    2.099429e+07 2.1031e+07  0.18%  80.2  935s
H18198  8753                    2.099503e+07 2.1031e+07  0.17%  80.2  935s
H18198  8315                    2.099516e+07 2.1031e+07  0.17%  80.2  935s
H18198  7899                    2.099802e+07 2.1031e+07  0.16%  80.2  935s
H18198  7504                    2.099815e+07 2.1031e+07  0.16%  80.2  935s
H18198  7129                    2.099853e+07 2.1031e+07  0.15%  80.2  935s
H18198  6772                    2.099876e+07 2.1031e+07  0.15%  80.2  935s
H18198  6433                    2.099954e+07 2.1031e+07  0.15%  80.2  935s

Cutting planes:
  Gomory: 14
  Cover: 1
  Implied bound: 561
  MIR: 869
  Flow cover: 1178
  RLT: 41
  Relax-and-lift: 765

Explored 18198 nodes (1569761 simplex iterations) in 936.71 seconds (1023.33 work units)
Thread count was 48 (of 192 available processors)

Solution count 10: 2.09995e+07 2.09995e+07 2.09988e+07 ... 2.09942e+07

Optimal solution found (tolerance 2.00e-03)
Best objective 2.099953747568e+07, best bound 2.103103946349e+07, gap 0.1500%
Deleted nodefile directory: /scratch-local/lbeemster.22682166/gurobi_dev0.1_sub55.0_run0
Saved model snapshot to study_case_model/figures/subsidy_experiment/run_24426/dev0.1/sub55.0/run0/model_snapshot.pkl
Finished successfully!
