Gurobi shell based on Python 3.13.1 can be launched with command `gurobi.sh`
Gurobi Python Interface can be loaded in Python 3.13.1 with 'import gurobipy'
/var/spool/slurm/slurmd/job22683923/slurm_script: line 24: activate: No such file or directory
Solving model: dev1.0, sub38.0, run0
Read LP format model from file /scratch-local/lbeemster.22683923/tmp6iwgm5dr.pyomo.lp
Reading time = 2.22 seconds
x1: 178177 rows, 50050 columns, 1020800 nonzeros
Set parameter OutputFlag to value 1
Set parameter MIPGap to value 0.002
Set parameter Threads to value 48
Set parameter Presolve to value 1
Set parameter Cuts to value 1
Set parameter NodefileStart to value 1
Set parameter NodefileDir to value "/scratch-local/lbeemster.22683923/gurobi_dev1.0_sub38.0_run0"
Set parameter MemLimit to value 60
Gurobi Optimizer version 12.0.3 build v12.0.3rc0 (linux64 - "Red Hat Enterprise Linux 9.6 (Plow)")

CPU model: AMD EPYC 9654 96-Core Processor, instruction set [SSE2|AVX|AVX2|AVX512]
Thread count: 192 physical cores, 192 logical processors, using up to 48 threads

Non-default parameters:
MemLimit  60
MIPGap  0.002
NodefileStart  1
Cuts  1
Presolve  1
Threads  48

Academic license 2514514 - for non-commercial use only - registered to l.___@student.vu.nl
Optimize a model with 178177 rows, 50050 columns and 1020800 nonzeros
Model fingerprint: 0xbb631c82
Variable types: 39426 continuous, 10624 integer (10624 binary)
Coefficient statistics:
  Matrix range     [1e-06, 1e+05]
  Objective range  [2e+00, 3e+04]
  Bounds range     [1e+00, 1e+00]
  RHS range        [3e-01, 2e+05]
Presolve removed 35169 rows and 22518 columns
Presolve time: 2.87s
Presolved: 143008 rows, 27532 columns, 862777 nonzeros
Variable types: 22036 continuous, 5496 integer (5496 binary)

Deterministic concurrent LP optimizer: primal simplex, dual simplex, and barrier
Showing barrier log only...

Root relaxation presolved: 25953 rows, 168961 columns, 890177 nonzeros

Root barrier log...

Ordering time: 0.05s

Barrier statistics:
 Dense cols : 21
 Free vars  : 2112
 AA' NZ     : 5.863e+05
 Factor NZ  : 1.581e+06 (roughly 100 MB of memory)
 Factor Ops : 1.158e+08 (less than 1 second per iteration)
 Threads    : 45

                  Objective                Residual
Iter       Primal          Dual         Primal    Dual     Compl     Time
   0   1.52612192e+12  1.29861350e+06  7.87e+06 4.01e+02  1.58e+08     5s
   1   1.13120202e+12 -2.20427452e+08  4.96e+06 3.14e+03  9.83e+07     5s
   2   7.77232944e+11 -2.15847052e+08  2.78e+06 2.52e+03  6.86e+07     5s
   3   5.92937995e+11 -1.77357337e+08  1.51e+06 1.58e+03  4.16e+07     5s
   4   4.54207236e+11 -1.33015395e+08  7.38e+05 1.06e+03  2.58e+07     5s
   5   3.66311993e+11 -7.34665904e+07  4.19e+05 5.51e+02  1.41e+07     5s
   6   2.71706376e+11 -3.65281695e+07  2.16e+05 2.75e+02  7.27e+06     5s
   7   2.23380162e+11 -2.08450015e+07  1.55e+05 1.57e+02  4.61e+06     5s
   8   1.56731868e+11 -1.72971945e+07  9.00e+04 1.30e+02  3.32e+06     5s
   9   1.24576478e+11 -9.85475510e+06  6.50e+04 7.65e+01  2.15e+06     5s
  10   1.11322249e+11 -7.21643887e+06  5.49e+04 5.70e+01  1.71e+06     5s
  11   6.76217945e+10 -4.29999766e+06  2.58e+04 3.63e+01  9.69e+05     5s
  12   4.24509547e+10 -1.50018820e+06  1.30e+04 1.77e+01  4.95e+05     5s
  13   1.77961202e+10  6.30167299e+05  3.22e+03 5.20e+00  1.58e+05     5s
  14   7.22651785e+09  1.30522336e+06  9.78e+02 2.60e+00  6.17e+04     5s
  15   4.40264533e+09  1.96723503e+06  5.40e+02 1.54e+00  3.54e+04     5s
  16   3.20873711e+09  4.05336152e+06  3.71e+02 6.70e-01  2.26e+04     6s
  17   2.56133847e+09  4.96369258e+06  2.89e+02 4.38e-01  1.71e+04     6s
  18   1.64611993e+09  5.60486871e+06  1.79e+02 2.72e-01  1.07e+04     6s
  19   8.23448271e+08  7.78208937e+06  8.16e+01 7.72e-02  5.00e+03     6s
  20   3.26751234e+08  9.52556740e+06  2.87e+01 3.19e-02  1.91e+03     6s
  21   1.40541754e+08  1.27356902e+07  1.07e+01 1.12e-02  7.49e+02     6s
  22   9.00065217e+07  1.42815644e+07  5.70e+00 7.75e-03  4.37e+02     6s
  23   7.01209744e+07  1.63807183e+07  3.95e+00 5.21e-03  3.08e+02     6s
  24   6.29525723e+07  1.81689063e+07  3.33e+00 3.45e-03  2.56e+02     6s
  25   4.04316648e+07  1.89890714e+07  1.47e+00 2.24e-03  1.22e+02     6s
  26   3.02291262e+07  1.92900389e+07  6.73e-01 1.10e-03  6.17e+01     6s
  27   2.68048683e+07  2.00495154e+07  4.10e-01 1.38e-03  3.80e+01     6s
  28   2.41229085e+07  2.04356158e+07  2.09e-01 1.14e-03  2.07e+01     6s
  29   2.27645410e+07  2.05585060e+07  1.14e-01 8.57e-04  1.23e+01     6s
  30   2.18754417e+07  2.06673022e+07  5.77e-02 6.67e-04  6.72e+00     6s
  31   2.14769359e+07  2.07246172e+07  3.37e-02 5.06e-04  4.18e+00     6s
  32   2.13516353e+07  2.07635186e+07  2.63e-02 3.76e-04  3.26e+00     6s
  33   2.11465805e+07  2.08093701e+07  1.44e-02 3.07e-04  1.87e+00     6s
  34   2.10607790e+07  2.08398780e+07  9.24e-03 2.77e-04  1.22e+00     6s
  35   2.10117797e+07  2.08742125e+07  5.50e-03 2.34e-04  7.58e-01     6s
  36   2.09869716e+07  2.08913748e+07  3.70e-03 1.88e-04  5.25e-01     6s

Barrier performed 36 iterations in 6.39 seconds (5.68 work units)
Barrier solve interrupted - model solved by another algorithm

Concurrent spin time: 0.44s (can be avoided by choosing Method=3)

Solved with primal simplex

Root relaxation: objective 2.093325e+07, 43864 iterations, 2.67 seconds (2.22 work units)

    Nodes    |    Current Node    |     Objective Bounds      |     Work
 Expl Unexpl |  Obj  Depth IntInf | Incumbent    BestBd   Gap | It/Node Time

     0     0 2.0933e+07    0  407          - 2.0933e+07      -     -    8s
H    0     0                    3809617.8790 2.0933e+07   449%     -   11s
     0     0 2.0922e+07    0  530 3809617.88 2.0922e+07   449%     -   12s
H    0     0                    2.040275e+07 2.0922e+07  2.54%     -   14s
     0     0 2.0920e+07    0  556 2.0403e+07 2.0920e+07  2.53%     -   14s
     0     0 2.0920e+07    0  579 2.0403e+07 2.0920e+07  2.53%     -   15s
     0     0 2.0920e+07    0  581 2.0403e+07 2.0920e+07  2.53%     -   15s
     0     0 2.0918e+07    0  599 2.0403e+07 2.0918e+07  2.53%     -   18s
     0     0 2.0917e+07    0  634 2.0403e+07 2.0917e+07  2.52%     -   21s
     0     0 2.0917e+07    0  644 2.0403e+07 2.0917e+07  2.52%     -   21s
     0     0 2.0917e+07    0  649 2.0403e+07 2.0917e+07  2.52%     -   21s
     0     0 2.0917e+07    0  648 2.0403e+07 2.0917e+07  2.52%     -   21s
     0     0 2.0916e+07    0  612 2.0403e+07 2.0916e+07  2.51%     -   26s
H    0     0                    2.061663e+07 2.0916e+07  1.45%     -   27s
     0     0 2.0915e+07    0  638 2.0617e+07 2.0915e+07  1.45%     -   28s
     0     0 2.0915e+07    0  657 2.0617e+07 2.0915e+07  1.45%     -   28s
     0     0 2.0915e+07    0  658 2.0617e+07 2.0915e+07  1.45%     -   28s
     0     0 2.0915e+07    0  667 2.0617e+07 2.0915e+07  1.45%     -   28s
     0     0 2.0914e+07    0  668 2.0617e+07 2.0914e+07  1.44%     -   33s
     0     0 2.0914e+07    0  666 2.0617e+07 2.0914e+07  1.44%     -   33s
     0     0 2.0914e+07    0  672 2.0617e+07 2.0914e+07  1.44%     -   34s
     0     0 2.0914e+07    0  685 2.0617e+07 2.0914e+07  1.44%     -   34s
     0     0 2.0914e+07    0  681 2.0617e+07 2.0914e+07  1.44%     -   34s
     0     0 2.0914e+07    0  682 2.0617e+07 2.0914e+07  1.44%     -   34s
     0     0 2.0913e+07    0  485 2.0617e+07 2.0913e+07  1.44%     -   39s
H    0     0                    2.062681e+07 2.0913e+07  1.39%     -   41s
     0     0 2.0913e+07    0  507 2.0627e+07 2.0913e+07  1.39%     -   42s
     0     0 2.0913e+07    0  502 2.0627e+07 2.0913e+07  1.39%     -   42s
     0     0 2.0913e+07    0  507 2.0627e+07 2.0913e+07  1.39%     -   42s
     0     0 2.0913e+07    0  475 2.0627e+07 2.0913e+07  1.39%     -   45s
H    0     0                    2.065693e+07 2.0913e+07  1.24%     -   47s
H    0     0                    2.066098e+07 2.0913e+07  1.22%     -   47s
H    0     0                    2.066496e+07 2.0913e+07  1.20%     -   47s
     0     0 2.0913e+07    0  490 2.0665e+07 2.0913e+07  1.20%     -   47s
     0     0 2.0913e+07    0  492 2.0665e+07 2.0913e+07  1.20%     -   47s
     0     0 2.0913e+07    0  486 2.0665e+07 2.0913e+07  1.20%     -   47s
     0     0 2.0912e+07    0  509 2.0665e+07 2.0912e+07  1.20%     -   50s
H    0     0                    2.066700e+07 2.0912e+07  1.19%     -   51s
     0     0 2.0912e+07    0  487 2.0667e+07 2.0912e+07  1.19%     -   51s
     0     0 2.0912e+07    0  487 2.0667e+07 2.0912e+07  1.19%     -   52s
     0     0 2.0912e+07    0  485 2.0667e+07 2.0912e+07  1.19%     -   52s
     0     0 2.0912e+07    0  493 2.0667e+07 2.0912e+07  1.19%     -   52s
     0     0 2.0912e+07    0  474 2.0667e+07 2.0912e+07  1.19%     -   54s
H    0     0                    2.068744e+07 2.0912e+07  1.09%     -   56s
     0     0 2.0912e+07    0  477 2.0687e+07 2.0912e+07  1.09%     -   57s
     0     0 2.0912e+07    0  480 2.0687e+07 2.0912e+07  1.09%     -   57s
     0     0 2.0912e+07    0  425 2.0687e+07 2.0912e+07  1.09%     -   59s
H    0     0                    2.076080e+07 2.0912e+07  0.73%     -   61s
     0     0 2.0912e+07    0  435 2.0761e+07 2.0912e+07  0.73%     -   61s
     0     0 2.0912e+07    0  437 2.0761e+07 2.0912e+07  0.73%     -   61s
     0     0 2.0912e+07    0  430 2.0761e+07 2.0912e+07  0.73%     -   63s
     0     0 2.0912e+07    0  438 2.0761e+07 2.0912e+07  0.73%     -   66s
     0     0 2.0912e+07    0  428 2.0761e+07 2.0912e+07  0.73%     -   66s
     0     0 2.0912e+07    0  423 2.0761e+07 2.0912e+07  0.73%     -   68s
     0     0 2.0912e+07    0  423 2.0761e+07 2.0912e+07  0.73%     -   73s
H    0     0                    2.076170e+07 2.0912e+07  0.72%     -   80s
H    0     0                    2.079038e+07 2.0912e+07  0.59%     -   85s
H    0     0                    2.079649e+07 2.0912e+07  0.56%     -   87s
H    0     0                    2.082460e+07 2.0912e+07  0.42%     -   89s
H    0     0                    2.083866e+07 2.0912e+07  0.35%     -   90s
H    0     0                    2.084071e+07 2.0912e+07  0.34%     -   96s
H    0     0                    2.084079e+07 2.0912e+07  0.34%     -   96s
H    0     0                    2.084158e+07 2.0912e+07  0.34%     -   96s
     0     2 2.0912e+07    0  423 2.0842e+07 2.0912e+07  0.34%     -   98s
    31    64 2.0912e+07    5  423 2.0842e+07 2.0912e+07  0.34%   180  102s
    63   112 2.0912e+07    6  433 2.0842e+07 2.0912e+07  0.34%   169  106s
H   76   112                    2.084620e+07 2.0912e+07  0.32%   152  107s
   351   408 2.0912e+07   12  421 2.0846e+07 2.0912e+07  0.32%  85.4  110s
   891  1070 2.0911e+07   20  415 2.0846e+07 2.0912e+07  0.32%  75.2  115s
H 1341  1376                    2.084625e+07 2.0912e+07  0.32%  69.1  119s
H 1342  1376                    2.084626e+07 2.0912e+07  0.32%  69.1  119s
H 1375  1424                    2.084626e+07 2.0912e+07  0.32%  68.7  123s
  1683  1952 2.0909e+07   29  394 2.0846e+07 2.0912e+07  0.32%  67.0  125s
  3461  3730 2.0906e+07   61  384 2.0846e+07 2.0912e+07  0.32%  55.4  135s
  5302  5674 2.0898e+07   82  389 2.0846e+07 2.0912e+07  0.31%  53.6  140s
H 5734  5728                    2.084626e+07 2.0912e+07  0.31%  52.2  142s
  6159  6140 2.0896e+07  100  390 2.0846e+07 2.0912e+07  0.31%  51.8  147s
  6208  6184 2.0896e+07  101  390 2.0846e+07 2.0912e+07  0.31%  51.8  153s
  6258  6232 2.0895e+07  102  391 2.0846e+07 2.0912e+07  0.31%  51.9  158s
  6306  6278 2.0894e+07  103  394 2.0846e+07 2.0912e+07  0.31%  52.6  167s
H 6308  6001                    2.085594e+07 2.0912e+07  0.27%  52.6  167s
  6721  6317 2.0891e+07  111  400 2.0856e+07 2.0912e+07  0.27%  53.7  172s
  6769  6365 2.0892e+07  112  403 2.0856e+07 2.0912e+07  0.27%  54.1  180s
  6817  6413 2.0892e+07  113  404 2.0856e+07 2.0912e+07  0.27%  54.3  187s
H 6835  6274                    2.085920e+07 2.0912e+07  0.25%  54.4  187s
  7262  7054 2.0890e+07  120  393 2.0859e+07 2.0912e+07  0.25%  55.0  190s
  8189  7637 2.0888e+07  128  391 2.0859e+07 2.0912e+07  0.25%  54.1  197s
H 8190  7271                    2.086525e+07 2.0912e+07  0.22%  54.1  197s
H 8192  6937                    2.086967e+07 2.0912e+07  0.20%  54.1  198s
H 8199  6911                    2.086995e+07 2.0912e+07  0.20%  54.1  198s
H 8210  6681                    2.087414e+07 2.0912e+07  0.18%  54.1  198s

Cutting planes:
  Gomory: 21
  Cover: 56
  Implied bound: 3938
  MIR: 1093
  Flow cover: 1632
  RLT: 2
  Relax-and-lift: 553

Explored 8270 nodes (526889 simplex iterations) in 199.31 seconds (231.07 work units)
Thread count was 48 (of 192 available processors)

Solution count 10: 2.08742e+07 2.08741e+07 2.08699e+07 ... 2.08408e+07

Optimal solution found (tolerance 2.00e-03)
Best objective 2.087417388733e+07, best bound 2.091188471492e+07, gap 0.1807%
Deleted nodefile directory: /scratch-local/lbeemster.22683923/gurobi_dev1.0_sub38.0_run0
Saved model snapshot to study_case_model/figures/subsidy_experiment/run_24426/dev1.0/sub38.0/run0/model_snapshot.pkl
Finished successfully!
