Gurobi shell based on Python 3.13.1 can be launched with command `gurobi.sh`
Gurobi Python Interface can be loaded in Python 3.13.1 with 'import gurobipy'
/var/spool/slurm/slurmd/job22699160/slurm_script: line 24: activate: No such file or directory
Solving model: dev0.05, sub25.0, run3
Read LP format model from file /scratch-local/lbeemster.22699160/tmpu_5mhqxw.pyomo.lp
Reading time = 0.70 seconds
x1: 178177 rows, 50050 columns, 1020800 nonzeros
Set parameter OutputFlag to value 1
Set parameter MIPGap to value 0.002
Set parameter Threads to value 48
Set parameter Presolve to value 1
Set parameter Cuts to value 1
Set parameter NodefileStart to value 1
Set parameter NodefileDir to value "/scratch-local/lbeemster.22699160/gurobi_dev0.05_sub25.0_run3"
Set parameter MemLimit to value 60
Gurobi Optimizer version 12.0.3 build v12.0.3rc0 (linux64 - "Red Hat Enterprise Linux 9.6 (Plow)")

CPU model: AMD EPYC 9654 96-Core Processor, instruction set [SSE2|AVX|AVX2|AVX512]
Thread count: 192 physical cores, 192 logical processors, using up to 48 threads

Non-default parameters:
MemLimit  60
MIPGap  0.002
NodefileStart  1
Cuts  1
Presolve  1
Threads  48

Academic license 2514514 - for non-commercial use only - registered to l.___@student.vu.nl
Optimize a model with 178177 rows, 50050 columns and 1020800 nonzeros
Model fingerprint: 0x29c3f5e8
Variable types: 39426 continuous, 10624 integer (10624 binary)
Coefficient statistics:
  Matrix range     [1e-06, 1e+05]
  Objective range  [2e+00, 3e+04]
  Bounds range     [1e+00, 1e+00]
  RHS range        [3e-01, 2e+05]
Presolve removed 33568 rows and 21526 columns
Presolve time: 2.79s
Presolved: 144609 rows, 28524 columns, 858568 nonzeros
Variable types: 22732 continuous, 5792 integer (5792 binary)

Deterministic concurrent LP optimizer: primal simplex, dual simplex, and barrier
Showing barrier log only...

Root relaxation presolved: 26582 rows, 171175 columns, 886964 nonzeros

Root barrier log...

Ordering time: 0.06s

Barrier statistics:
 Dense cols : 36
 Free vars  : 2112
 AA' NZ     : 5.863e+05
 Factor NZ  : 1.633e+06 (roughly 100 MB of memory)
 Factor Ops : 1.209e+08 (less than 1 second per iteration)
 Threads    : 45

                  Objective                Residual
Iter       Primal          Dual         Primal    Dual     Compl     Time
   0   1.53940858e+12  7.63158040e+05  7.86e+06 3.10e+02  1.42e+08     5s
   1   1.16088690e+12 -1.58644179e+08  5.15e+06 2.81e+03  9.00e+07     5s
   2   8.48029255e+11 -1.04482074e+08  3.09e+06 1.91e+03  5.84e+07     5s
   3   5.78117185e+11 -4.71957956e+07  1.35e+06 1.24e+03  3.37e+07     5s
   4   4.40079316e+11 -1.95417152e+07  7.41e+05 7.17e+02  1.94e+07     5s
   5   3.58630109e+11 -1.50898005e+07  4.80e+05 4.40e+02  1.24e+07     5s
   6   2.96243064e+11 -1.07073644e+07  3.26e+05 3.23e+02  8.91e+06     5s
   7   2.60103715e+11 -5.90374215e+06  2.57e+05 2.17e+02  6.45e+06     5s
   8   2.07972314e+11 -4.68503615e+06  1.86e+05 1.91e+02  5.22e+06     5s
   9   1.93132614e+11 -4.68992984e+06  1.62e+05 1.71e+02  4.63e+06     5s
  10   1.64661084e+11 -3.64959006e+06  1.26e+05 1.24e+02  3.50e+06     5s
  11   1.22000428e+11 -3.09000198e+06  7.87e+04 8.40e+01  2.32e+06     5s
  12   8.36842211e+10 -2.12798023e+06  4.11e+04 4.44e+01  1.27e+06     5s
  13   5.27920700e+10 -3.06301420e+05  1.95e+04 1.76e+01  5.91e+05     5s
  14   2.71437147e+10  4.33223234e+05  7.65e+03 5.15e+00  2.31e+05     5s
  15   1.45308971e+10  7.76390087e+05  3.58e+03 2.69e+00  1.15e+05     5s
  16   7.92629576e+09  1.09142979e+06  1.79e+03 1.48e+00  6.01e+04     5s
  17   4.99352992e+09  1.60188655e+06  1.07e+03 7.61e-01  3.55e+04     5s
  18   2.84642711e+09  2.57453578e+06  5.65e+02 4.06e-01  1.94e+04     5s
  19   1.83183709e+09  3.26041006e+06  3.49e+02 2.60e-01  1.22e+04     6s
  20   9.71912415e+08  4.20504248e+06  1.71e+02 1.35e-01  6.31e+03     6s
  21   5.40494944e+08  6.06324000e+06  9.04e+01 4.88e-02  3.34e+03     6s
  22   2.51274623e+08  8.07868847e+06  3.74e+01 2.44e-02  1.49e+03     6s
  23   1.59047122e+08  8.89533430e+06  2.19e+01 2.02e-02  9.18e+02     6s
  24   1.19565641e+08  1.03742237e+07  1.47e+01 1.55e-02  6.57e+02     6s
  25   9.18981341e+07  1.43139733e+07  1.02e+01 7.51e-03  4.62e+02     6s
  26   6.79176067e+07  1.64412238e+07  6.46e+00 5.50e-03  3.03e+02     6s
  27   5.14112716e+07  1.94022899e+07  3.95e+00 2.63e-03  1.87e+02     6s
  28   4.13165972e+07  1.92413115e+07  2.56e+00 1.75e-03  1.28e+02     6s
  29   3.36728242e+07  1.99663953e+07  1.52e+00 1.22e-03  7.90e+01     6s
  30   2.82985314e+07  2.05342301e+07  8.10e-01 1.43e-03  4.45e+01     6s
  31   2.58253711e+07  2.07950131e+07  5.04e-01 1.07e-03  2.87e+01     6s
  32   2.42030922e+07  2.09723388e+07  3.07e-01 7.85e-04  1.84e+01     6s
  33   2.33965337e+07  2.10877173e+07  2.11e-01 6.03e-04  1.31e+01     6s
  34   2.26336671e+07  2.12735385e+07  1.23e-01 5.95e-04  7.68e+00     6s
  35   2.20591383e+07  2.13786623e+07  5.82e-02 5.35e-04  3.83e+00     6s
  36   2.17769495e+07  2.14362242e+07  2.74e-02 4.26e-04  1.91e+00     6s
  37   2.16720146e+07  2.14538954e+07  1.70e-02 3.74e-04  1.22e+00     6s
  38   2.16263356e+07  2.14734412e+07  1.14e-02 3.12e-04  8.48e-01     6s
  39   2.15945528e+07  2.14912831e+07  7.47e-03 3.07e-04  5.69e-01     6s
  40   2.15740638e+07  2.15062051e+07  4.76e-03 2.93e-04  3.71e-01     6s
  41   2.15629671e+07  2.15187402e+07  3.16e-03 2.20e-04  2.41e-01     6s
  42   2.15521479e+07  2.15283266e+07  1.81e-03 1.97e-04  1.29e-01     7s
  43   2.15476353e+07  2.15313971e+07  1.30e-03 1.88e-04  8.82e-02     7s
  44   2.15419267e+07  2.15327554e+07  6.82e-04 1.72e-04  4.97e-02     7s
  45   2.15389622e+07  2.15336454e+07  3.82e-04 1.42e-04  2.88e-02     7s
  46   2.15372823e+07  2.15344441e+07  2.20e-04 6.67e-05  1.54e-02     7s
  47   2.15361458e+07  2.15345378e+07  1.23e-04 5.08e-05  8.71e-03     7s
  48   2.15349965e+07  2.15346050e+07  2.60e-05 4.29e-05  2.11e-03     7s
  49   2.15347008e+07  2.15346352e+07  3.61e-06 1.48e-05  3.52e-04     7s
  50   2.15346481e+07  2.15346422e+07  1.39e-07 2.08e-06  3.13e-05     7s
  51   2.15346448e+07  2.15346435e+07  2.63e-08 4.95e-07  7.07e-06     7s
  52   2.15346446e+07  2.15346439e+07  1.91e-08 7.66e-08  3.80e-06     7s

Barrier performed 52 iterations in 6.92 seconds (6.36 work units)
Barrier solve interrupted - model solved by another algorithm

Concurrent spin time: 0.95s (can be avoided by choosing Method=3)

Solved with primal simplex

Root relaxation: objective 2.153464e+07, 30930 iterations, 3.60 seconds (2.93 work units)

    Nodes    |    Current Node    |     Objective Bounds      |     Work
 Expl Unexpl |  Obj  Depth IntInf | Incumbent    BestBd   Gap | It/Node Time

     0     0 2.1535e+07    0  453          - 2.1535e+07      -     -    9s
H    0     0                    2.062770e+07 2.1535e+07  4.40%     -   10s
     0     0 2.1532e+07    0  501 2.0628e+07 2.1532e+07  4.38%     -   14s
H    0     0                    2.117160e+07 2.1532e+07  1.70%     -   15s
     0     0 2.1531e+07    0  590 2.1172e+07 2.1531e+07  1.70%     -   16s
     0     0 2.1531e+07    0  607 2.1172e+07 2.1531e+07  1.70%     -   16s
     0     0 2.1531e+07    0  607 2.1172e+07 2.1531e+07  1.70%     -   16s
     0     0 2.1529e+07    0  618 2.1172e+07 2.1529e+07  1.69%     -   20s
     0     0 2.1528e+07    0  644 2.1172e+07 2.1528e+07  1.69%     -   21s
     0     0 2.1528e+07    0  664 2.1172e+07 2.1528e+07  1.69%     -   21s
     0     0 2.1528e+07    0  665 2.1172e+07 2.1528e+07  1.69%     -   21s
     0     0 2.1527e+07    0  632 2.1172e+07 2.1527e+07  1.68%     -   26s
     0     0 2.1527e+07    0  625 2.1172e+07 2.1527e+07  1.68%     -   28s
     0     0 2.1527e+07    0  637 2.1172e+07 2.1527e+07  1.68%     -   28s
     0     0 2.1527e+07    0  639 2.1172e+07 2.1527e+07  1.68%     -   29s
     0     0 2.1527e+07    0  643 2.1172e+07 2.1527e+07  1.68%     -   29s
     0     0 2.1526e+07    0  618 2.1172e+07 2.1526e+07  1.67%     -   33s
H    0     0                    2.121675e+07 2.1526e+07  1.46%     -   35s
     0     0 2.1526e+07    0  658 2.1217e+07 2.1526e+07  1.46%     -   36s
     0     0 2.1526e+07    0  669 2.1217e+07 2.1526e+07  1.46%     -   36s
     0     0 2.1526e+07    0  673 2.1217e+07 2.1526e+07  1.46%     -   36s
     0     0 2.1526e+07    0  680 2.1217e+07 2.1526e+07  1.46%     -   36s
     0     0 2.1525e+07    0  605 2.1217e+07 2.1525e+07  1.45%     -   43s
     0     0 2.1525e+07    0  641 2.1217e+07 2.1525e+07  1.45%     -   46s
     0     0 2.1525e+07    0  651 2.1217e+07 2.1525e+07  1.45%     -   46s
     0     0 2.1525e+07    0  648 2.1217e+07 2.1525e+07  1.45%     -   46s
     0     0 2.1525e+07    0  646 2.1217e+07 2.1525e+07  1.45%     -   47s
     0     0 2.1524e+07    0  616 2.1217e+07 2.1524e+07  1.45%     -   50s
     0     0 2.1524e+07    0  622 2.1217e+07 2.1524e+07  1.45%     -   52s
     0     0 2.1524e+07    0  632 2.1217e+07 2.1524e+07  1.45%     -   52s
     0     0 2.1524e+07    0  632 2.1217e+07 2.1524e+07  1.45%     -   53s
     0     0 2.1523e+07    0  639 2.1217e+07 2.1523e+07  1.44%     -   56s
     0     0 2.1523e+07    0  654 2.1217e+07 2.1523e+07  1.44%     -   58s
     0     0 2.1523e+07    0  664 2.1217e+07 2.1523e+07  1.44%     -   59s
     0     0 2.1523e+07    0  668 2.1217e+07 2.1523e+07  1.44%     -   59s
     0     0 2.1523e+07    0  641 2.1217e+07 2.1523e+07  1.44%     -   62s
     0     0 2.1523e+07    0  647 2.1217e+07 2.1523e+07  1.44%     -   64s
     0     0 2.1523e+07    0  648 2.1217e+07 2.1523e+07  1.44%     -   64s
     0     0 2.1523e+07    0  647 2.1217e+07 2.1523e+07  1.44%     -   64s
     0     0 2.1522e+07    0  611 2.1217e+07 2.1522e+07  1.44%     -   67s
     0     0 2.1522e+07    0  617 2.1217e+07 2.1522e+07  1.44%     -   70s
     0     0 2.1522e+07    0  611 2.1217e+07 2.1522e+07  1.44%     -   70s
     0     0 2.1522e+07    0  617 2.1217e+07 2.1522e+07  1.44%     -   70s
     0     0 2.1522e+07    0  617 2.1217e+07 2.1522e+07  1.44%     -   70s
     0     0 2.1522e+07    0  627 2.1217e+07 2.1522e+07  1.44%     -   73s
H    0     0                    2.122121e+07 2.1522e+07  1.42%     -   77s
     0     0 2.1522e+07    0  619 2.1221e+07 2.1522e+07  1.42%     -   77s
     0     0 2.1522e+07    0  613 2.1221e+07 2.1522e+07  1.42%     -   80s
H    0     0                    2.125482e+07 2.1522e+07  1.26%     -   81s
     0     0 2.1522e+07    0  612 2.1255e+07 2.1522e+07  1.26%     -   82s
     0     0 2.1522e+07    0  615 2.1255e+07 2.1522e+07  1.26%     -   82s
     0     0 2.1522e+07    0  620 2.1255e+07 2.1522e+07  1.26%     -   85s
     0     0 2.1522e+07    0  620 2.1255e+07 2.1522e+07  1.26%     -   92s
H    0     0                    2.126664e+07 2.1522e+07  1.20%     -   94s
H    0     0                    2.132433e+07 2.1522e+07  0.93%     -  101s
H    0     0                    2.133980e+07 2.1522e+07  0.85%     -  101s
H    0     2                    2.138740e+07 2.1522e+07  0.63%     -  118s
     0     2 2.1522e+07    0  620 2.1387e+07 2.1522e+07  0.63%     -  118s
    15    32 2.1522e+07    4  596 2.1387e+07 2.1522e+07  0.63%   257  120s
   111   232 2.1518e+07    7  578 2.1387e+07 2.1522e+07  0.63%   219  125s
   496   551 2.1517e+07   13  563 2.1387e+07 2.1522e+07  0.63%   159  131s
   645   694 2.1516e+07   16  571 2.1387e+07 2.1522e+07  0.63%   151  136s
H  693   742                    2.138794e+07 2.1522e+07  0.63%   149  142s
H  697   742                    2.139612e+07 2.1522e+07  0.59%   150  142s
   741   790 2.1516e+07   17  570 2.1396e+07 2.1522e+07  0.59%   156  147s
   789   838 2.1516e+07   17  560 2.1396e+07 2.1522e+07  0.59%   156  156s
H  790   838                    2.139612e+07 2.1522e+07  0.59%   156  156s
H  800   838                    2.139665e+07 2.1522e+07  0.58%   158  156s
  1081  1205 2.1515e+07   22  557 2.1397e+07 2.1522e+07  0.58%   160  160s
  1584  1728 2.1514e+07   29  539 2.1397e+07 2.1522e+07  0.58%   147  166s
  1880  1929 2.1513e+07   36  541 2.1397e+07 2.1522e+07  0.58%   144  170s
  1928  1984 2.1513e+07   37  541 2.1397e+07 2.1522e+07  0.58%   145  175s
H 1933  1984                    2.139766e+07 2.1522e+07  0.58%   145  175s
H 1966  1984                    2.139881e+07 2.1522e+07  0.57%   147  175s
H 1979  1984                    2.140139e+07 2.1522e+07  0.56%   147  175s
  2361  2577 2.1512e+07   42  507 2.1401e+07 2.1522e+07  0.56%   153  181s
  3141  3455 2.1509e+07   52  476 2.1401e+07 2.1522e+07  0.56%   145  186s
  3825  4123 2.1508e+07   57  472 2.1401e+07 2.1522e+07  0.56%   136  190s
  4858  5240 2.1503e+07   77  350 2.1401e+07 2.1522e+07  0.56%   133  196s
  5287  5689 2.1501e+07   89  334 2.1401e+07 2.1522e+07  0.56%   130  200s
  6845  7296 2.1498e+07  112  325 2.1401e+07 2.1522e+07  0.56%   118  205s
  7819  8237 2.1497e+07  141  309 2.1401e+07 2.1522e+07  0.56%   110  210s
Created node file directory '/scratch-local/lbeemster.22699160/gurobi_dev0.05_sub25.0_run3/grbnodes0'
  8438  8537 2.1495e+07  153  307 2.1401e+07 2.1521e+07  0.56%   105  215s
  9386  9827 2.1491e+07  167  305 2.1401e+07 2.1521e+07  0.56%   100  221s
 10755 11141 2.1489e+07  200  303 2.1401e+07 2.1521e+07  0.56%  94.5  228s
 11410 11894 2.1489e+07  216  297 2.1401e+07 2.1521e+07  0.56%  92.2  232s
 12183 12807 2.1487e+07  229  292 2.1401e+07 2.1521e+07  0.56%  89.8  235s
 13902 13617 2.1451e+07  263  289 2.1401e+07 2.1521e+07  0.56%  85.5  349s
H13936 12561                    2.142715e+07 2.1521e+07  0.44%  85.4  349s
 13950 12932 2.1451e+07  264  283 2.1427e+07 2.1521e+07  0.44%  85.5  354s
 14370 13682 2.1450e+07  272  288 2.1427e+07 2.1521e+07  0.44%  85.6  357s
 15139 14552 2.1449e+07  286  275 2.1427e+07 2.1521e+07  0.44%  84.3  361s
*15846 14539             468    2.142744e+07 2.1521e+07  0.44%  82.8  361s
 16047 15380 2.1447e+07  312  262 2.1427e+07 2.1521e+07  0.44%  82.7  366s
 16961 16218 2.1441e+07  333  256 2.1427e+07 2.1521e+07  0.44%  81.2  383s
H17844 15886                    2.143090e+07 2.1521e+07  0.42%  79.9  401s
 17845 15878 2.1505e+07   74  620 2.1431e+07 2.1521e+07  0.42%  79.9  466s
H17846 15085                    2.143100e+07 2.1521e+07  0.42%  79.9  583s
H17846 14330                    2.143293e+07 2.1521e+07  0.41%  79.9  583s
H17846 13614                    2.143319e+07 2.1521e+07  0.41%  79.9  583s
H17846 12933                    2.143569e+07 2.1521e+07  0.40%  79.9  583s
H17846 12286                    2.143960e+07 2.1513e+07  0.34%  79.9  583s
H17846 11672                    2.144046e+07 2.1513e+07  0.34%  79.9  583s
H17846 11088                    2.144226e+07 2.1513e+07  0.33%  79.9  583s
H17846 10534                    2.144493e+07 2.1513e+07  0.32%  79.9  583s
 17848 10535 2.1513e+07   34  445 2.1445e+07 2.1513e+07  0.32%  79.9  593s
 17849 10536 2.1445e+07  194  397 2.1445e+07 2.1512e+07  0.31%  79.9  596s
 17851 10537 2.1512e+07   12  415 2.1445e+07 2.1512e+07  0.31%  79.9  600s
H17854 10012                    2.144568e+07 2.1510e+07  0.30%  79.8  668s
H17854  9511                    2.145591e+07 2.1510e+07  0.25%  79.8  668s
H17854  9035                    2.145871e+07 2.1510e+07  0.24%  79.8  668s
H17854  8583                    2.146144e+07 2.1510e+07  0.23%  79.8  668s
H17854  8154                    2.146233e+07 2.1510e+07  0.22%  79.8  668s
H17854  7746                    2.146240e+07 2.1510e+07  0.22%  79.8  668s
H17854  7359                    2.146309e+07 2.1510e+07  0.22%  79.8  668s
H17854  6991                    2.146318e+07 2.1510e+07  0.22%  79.8  668s
H17854  6641                    2.146669e+07 2.1510e+07  0.20%  79.8  668s
 17856  6642 2.1496e+07   72  385 2.1467e+07 2.1510e+07  0.20%  79.8  670s
H17858  6311                    2.146946e+07 2.1509e+07  0.19%  79.8  738s
H17858  5996                    2.146962e+07 2.1509e+07  0.18%  79.8  738s
H17858  5696                    2.147158e+07 2.1509e+07  0.18%  79.8  738s
H17858  5411                    2.147554e+07 2.1509e+07  0.16%  79.8  738s
H17858  5140                    2.147611e+07 2.1509e+07  0.15%  79.8  738s

Cutting planes:
  Learned: 3
  Gomory: 15
  Cover: 3
  Implied bound: 440
  MIR: 778
  Flow cover: 826
  RLT: 13
  Relax-and-lift: 885

Explored 17858 nodes (1552918 simplex iterations) in 740.04 seconds (739.40 work units)
Thread count was 48 (of 192 available processors)

Solution count 10: 2.14761e+07 2.14761e+07 2.14755e+07 ... 2.14624e+07

Optimal solution found (tolerance 2.00e-03)
Best objective 2.147611114544e+07, best bound 2.150925902361e+07, gap 0.1543%
Deleted nodefile directory: /scratch-local/lbeemster.22699160/gurobi_dev0.05_sub25.0_run3
Saved model snapshot to study_case_model/figures/subsidy_experiment/run_24426/dev0.05/sub25.0/run3/model_snapshot.pkl
Finished successfully!
