Gurobi shell based on Python 3.13.1 can be launched with command `gurobi.sh`
Gurobi Python Interface can be loaded in Python 3.13.1 with 'import gurobipy'
/var/spool/slurm/slurmd/job22686477/slurm_script: line 24: activate: No such file or directory
Solving model: dev0.05, sub36.0, run1
Read LP format model from file /scratch-local/lbeemster.22686477/tmpcv6wodtb.pyomo.lp
Reading time = 0.95 seconds
x1: 178177 rows, 50050 columns, 1020800 nonzeros
Set parameter OutputFlag to value 1
Set parameter MIPGap to value 0.002
Set parameter Threads to value 48
Set parameter Presolve to value 1
Set parameter Cuts to value 1
Set parameter NodefileStart to value 1
Set parameter NodefileDir to value "/scratch-local/lbeemster.22686477/gurobi_dev0.05_sub36.0_run1"
Set parameter MemLimit to value 60
Gurobi Optimizer version 12.0.3 build v12.0.3rc0 (linux64 - "Red Hat Enterprise Linux 9.6 (Plow)")

CPU model: AMD EPYC 9654 96-Core Processor, instruction set [SSE2|AVX|AVX2|AVX512]
Thread count: 192 physical cores, 192 logical processors, using up to 48 threads

Non-default parameters:
MemLimit  60
MIPGap  0.002
NodefileStart  1
Cuts  1
Presolve  1
Threads  48

Academic license 2514514 - for non-commercial use only - registered to l.___@student.vu.nl
Optimize a model with 178177 rows, 50050 columns and 1020800 nonzeros
Model fingerprint: 0x8630070c
Variable types: 39426 continuous, 10624 integer (10624 binary)
Coefficient statistics:
  Matrix range     [1e-06, 1e+05]
  Objective range  [9e-01, 3e+04]
  Bounds range     [1e+00, 1e+00]
  RHS range        [3e-01, 2e+05]
Presolve removed 34328 rows and 21942 columns
Presolve time: 2.85s
Presolved: 143849 rows, 28108 columns, 845106 nonzeros
Variable types: 22420 continuous, 5688 integer (5688 binary)

Deterministic concurrent LP optimizer: primal simplex, dual simplex, and barrier
Showing barrier log only...

Root relaxation presolved: 26119 rows, 169912 columns, 872983 nonzeros

Root barrier log...

Ordering time: 0.06s

Barrier statistics:
 Dense cols : 36
 Free vars  : 2112
 AA' NZ     : 5.774e+05
 Factor NZ  : 1.582e+06 (roughly 100 MB of memory)
 Factor Ops : 1.159e+08 (less than 1 second per iteration)
 Threads    : 45

                  Objective                Residual
Iter       Primal          Dual         Primal    Dual     Compl     Time
   0   1.52994801e+12  1.06326768e+06  7.89e+06 3.17e+02  1.43e+08     5s
   1   1.17034713e+12 -2.02149080e+08  5.27e+06 2.84e+03  9.20e+07     5s
   2   7.74328594e+11 -1.94209875e+08  2.73e+06 2.09e+03  5.87e+07     5s
   3   5.48361243e+11 -1.61831562e+08  1.34e+06 1.39e+03  3.57e+07     5s
   4   4.10522122e+11 -1.14410882e+08  6.28e+05 8.50e+02  2.07e+07     5s
   5   3.25442775e+11 -7.14592800e+07  3.52e+05 5.00e+02  1.23e+07     5s
   6   2.54390575e+11 -4.54961316e+07  2.06e+05 3.17e+02  7.72e+06     5s
   7   1.96720879e+11 -3.02995992e+07  1.28e+05 2.09e+02  5.03e+06     5s
   8   1.65743723e+11 -2.57653217e+07  9.57e+04 1.78e+02  4.10e+06     5s
   9   1.40745471e+11 -2.21078756e+07  7.13e+04 1.49e+02  3.33e+06     5s
  10   1.30590293e+11 -1.81828563e+07  6.33e+04 1.20e+02  2.79e+06     5s
  11   9.14424593e+10 -1.29261450e+07  3.46e+04 8.31e+01  1.80e+06     5s
  12   7.09879362e+10 -7.47019077e+06  2.23e+04 4.91e+01  1.13e+06     5s
  13   4.79165529e+10 -3.36199045e+06  1.13e+04 2.68e+01  6.29e+05     5s
  14   3.49277874e+10 -5.47816595e+05  7.12e+03 1.15e+01  3.44e+05     5s
  15   1.41111736e+10  9.40527871e+05  2.11e+03 4.15e+00  1.20e+05     5s
  16   5.89594715e+09  1.56537830e+06  7.33e+02 1.88e+00  4.77e+04     5s
  17   3.69445544e+09  2.63584656e+06  4.22e+02 7.27e-01  2.57e+04     5s
  18   3.09230935e+09  3.61309043e+06  3.48e+02 4.31e-01  2.02e+04     5s
  19   2.53869430e+09  3.84993231e+06  2.82e+02 3.00e-01  1.63e+04     5s
  20   1.37627717e+09  4.43649139e+06  1.46e+02 2.18e-01  8.81e+03     6s
  21   7.73223050e+08  5.73858746e+06  7.77e+01 9.93e-02  4.75e+03     6s
  22   3.49708821e+08  8.21048420e+06  3.19e+01 4.46e-02  2.07e+03     6s
  23   2.08902743e+08  8.93934868e+06  1.79e+01 3.61e-02  1.22e+03     6s
  24   1.51458962e+08  1.07800158e+07  1.18e+01 2.69e-02  8.45e+02     6s
  25   9.96236840e+07  1.45606584e+07  6.79e+00 1.39e-02  5.01e+02     6s
  26   8.25293323e+07  1.74885713e+07  5.17e+00 6.01e-03  3.78e+02     6s
  27   5.54906524e+07  1.90641074e+07  2.73e+00 3.91e-03  2.10e+02     6s
  28   4.13973996e+07  1.97718616e+07  1.53e+00 2.35e-03  1.23e+02     6s
  29   3.13746307e+07  2.02414288e+07  7.43e-01 1.82e-03  6.29e+01     6s
  30   2.73581762e+07  2.08344681e+07  4.35e-01 1.91e-03  3.67e+01     6s
  31   2.52135462e+07  2.09917123e+07  2.75e-01 1.44e-03  2.37e+01     6s
  32   2.34523169e+07  2.11388388e+07  1.50e-01 1.02e-03  1.29e+01     6s
  33   2.25931882e+07  2.11900150e+07  8.61e-02 9.00e-04  7.83e+00     6s
  34   2.23257012e+07  2.12315343e+07  6.65e-02 6.88e-04  6.10e+00     6s
  35   2.20377503e+07  2.12662508e+07  4.59e-02 4.96e-04  4.30e+00     6s
  36   2.18390225e+07  2.12885166e+07  3.19e-02 4.04e-04  3.06e+00     6s
  37   2.16886277e+07  2.13101423e+07  2.14e-02 4.09e-04  2.10e+00     6s
  38   2.15291060e+07  2.13383879e+07  9.68e-03 3.68e-04  1.05e+00     6s
  39   2.14868781e+07  2.13690875e+07  6.02e-03 3.64e-04  6.47e-01     6s
  40   2.14696748e+07  2.13914465e+07  4.14e-03 3.27e-04  4.28e-01     7s
  41   2.14523863e+07  2.13964652e+07  2.68e-03 3.02e-04  3.05e-01     7s
  42   2.14443988e+07  2.14055535e+07  1.93e-03 3.16e-04  2.11e-01     7s
  43   2.14368974e+07  2.14098423e+07  1.35e-03 2.98e-04  1.47e-01     7s
  44   2.14301165e+07  2.14130180e+07  8.38e-04 2.57e-04  9.28e-02     7s
  45   2.14249922e+07  2.14156730e+07  4.78e-04 1.69e-04  5.06e-02     7s
  46   2.14221516e+07  2.14165864e+07  2.86e-04 1.34e-04  3.02e-02     7s
  47   2.14200953e+07  2.14169170e+07  1.55e-04 1.21e-04  1.72e-02     7s
  48   2.14186643e+07  2.14171749e+07  6.79e-05 7.19e-05  8.07e-03     7s
  49   2.14183401e+07  2.14173348e+07  4.90e-05 3.90e-05  5.45e-03     7s
  50   2.14181234e+07  2.14173809e+07  3.70e-05 1.99e-05  4.03e-03     7s
  51   2.14175520e+07  2.14174037e+07  6.32e-06 2.57e-05  8.02e-04     7s
  52   2.14174835e+07  2.14174134e+07  2.95e-06 1.91e-05  3.79e-04     7s
  53   2.14174271e+07  2.14174180e+07  2.50e-07 5.30e-06  4.88e-05     7s
  54   2.14174208e+07  2.14174200e+07  1.49e-08 5.24e-07  4.39e-06     7s
  55   2.14174203e+07  2.14174201e+07  2.68e-09 1.66e-07  9.48e-07     7s
  56   2.14174202e+07  2.14174202e+07  3.66e-09 4.17e-08  2.94e-07     7s
  57   2.14174202e+07  2.14174202e+07  4.69e-09 1.09e-08  6.94e-08     7s
  58   2.14174202e+07  2.14174202e+07  2.29e-09 1.26e-09  4.61e-09     8s

Barrier solved model in 58 iterations and 7.57 seconds (6.90 work units)
Optimal objective 2.14174202e+07


Root crossover log...

    6851 DPushes remaining with DInf 0.0000000e+00                 8s
       0 DPushes remaining with DInf 0.0000000e+00                 8s

    4201 PPushes remaining with PInf 2.4864391e-05                 8s
       0 PPushes remaining with PInf 0.0000000e+00                 8s

  Push phase complete: Pinf 0.0000000e+00, Dinf 5.8390189e-04      8s


Root simplex log...

Iteration    Objective       Primal Inf.    Dual Inf.      Time
    9613    2.1417420e+07   0.000000e+00   5.839018e-04      8s
    9645    2.1417420e+07   0.000000e+00   0.000000e+00      8s
    9645    2.1417420e+07   0.000000e+00   0.000000e+00      8s
    9645    2.1417420e+07   0.000000e+00   0.000000e+00      8s
Concurrent spin time: 1.22s (can be avoided by choosing Method=3)

Solved with primal simplex

Root relaxation: objective 2.141742e+07, 39733 iterations, 4.63 seconds (3.67 work units)

    Nodes    |    Current Node    |     Objective Bounds      |     Work
 Expl Unexpl |  Obj  Depth IntInf | Incumbent    BestBd   Gap | It/Node Time

     0     0 2.1417e+07    0  429          - 2.1417e+07      -     -   10s
H    0     0                    2.084888e+07 2.1417e+07  2.73%     -   12s
     0     0 2.1407e+07    0  565 2.0849e+07 2.1407e+07  2.68%     -   15s
H    0     0                    2.099473e+07 2.1407e+07  1.97%     -   17s
     0     0 2.1404e+07    0  606 2.0995e+07 2.1404e+07  1.95%     -   18s
     0     0 2.1404e+07    0  618 2.0995e+07 2.1404e+07  1.95%     -   19s
H    0     0                    2.110100e+07 2.1404e+07  1.43%     -   20s
     0     0 2.1404e+07    0  624 2.1101e+07 2.1404e+07  1.43%     -   20s
     0     0 2.1403e+07    0  682 2.1101e+07 2.1403e+07  1.43%     -   24s
     0     0 2.1402e+07    0  740 2.1101e+07 2.1402e+07  1.43%     -   26s
     0     0 2.1402e+07    0  766 2.1101e+07 2.1402e+07  1.43%     -   28s
     0     0 2.1402e+07    0  767 2.1101e+07 2.1402e+07  1.43%     -   28s
     0     0 2.1401e+07    0  771 2.1101e+07 2.1401e+07  1.42%     -   34s
H    0     0                    2.119237e+07 2.1401e+07  0.98%     -   36s
     0     0 2.1401e+07    0  763 2.1192e+07 2.1401e+07  0.98%     -   37s
     0     0 2.1400e+07    0  801 2.1192e+07 2.1400e+07  0.98%     -   38s
     0     0 2.1400e+07    0  812 2.1192e+07 2.1400e+07  0.98%     -   39s
     0     0 2.1400e+07    0  815 2.1192e+07 2.1400e+07  0.98%     -   39s
     0     0 2.1400e+07    0  826 2.1192e+07 2.1400e+07  0.98%     -   40s
     0     0 2.1400e+07    0  829 2.1192e+07 2.1400e+07  0.98%     -   40s
H    0     0                    2.122134e+07 2.1400e+07  0.84%     -   44s
H    0     0                    2.122684e+07 2.1400e+07  0.81%     -   45s
     0     0 2.1400e+07    0  782 2.1227e+07 2.1400e+07  0.81%     -   46s
     0     0 2.1399e+07    0  796 2.1227e+07 2.1399e+07  0.81%     -   48s
     0     0 2.1399e+07    0  802 2.1227e+07 2.1399e+07  0.81%     -   49s
     0     0 2.1399e+07    0  805 2.1227e+07 2.1399e+07  0.81%     -   49s
     0     0 2.1399e+07    0  813 2.1227e+07 2.1399e+07  0.81%     -   50s
     0     0 2.1399e+07    0  808 2.1227e+07 2.1399e+07  0.81%     -   50s
H    0     0                    2.128857e+07 2.1399e+07  0.52%     -   60s
     0     0 2.1399e+07    0  676 2.1289e+07 2.1399e+07  0.52%     -   61s
H    0     0                    2.129448e+07 2.1399e+07  0.49%     -   64s
     0     0 2.1399e+07    0  713 2.1294e+07 2.1399e+07  0.49%     -   64s
     0     0 2.1399e+07    0  722 2.1294e+07 2.1399e+07  0.49%     -   65s
     0     0 2.1399e+07    0  738 2.1294e+07 2.1399e+07  0.49%     -   66s
     0     0 2.1399e+07    0  723 2.1294e+07 2.1399e+07  0.49%     -   66s
     0     0 2.1398e+07    0  700 2.1294e+07 2.1398e+07  0.49%     -   70s
H    0     0                    2.129609e+07 2.1398e+07  0.48%     -   75s
H    0     0                    2.130105e+07 2.1398e+07  0.46%     -   75s
     0     0 2.1398e+07    0  711 2.1301e+07 2.1398e+07  0.46%     -   75s
     0     0 2.1398e+07    0  717 2.1301e+07 2.1398e+07  0.46%     -   76s
H    0     0                    2.130510e+07 2.1398e+07  0.44%     -   76s
     0     0 2.1398e+07    0  678 2.1305e+07 2.1398e+07  0.44%     -   76s
     0     0 2.1398e+07    0  678 2.1305e+07 2.1398e+07  0.44%     -   79s
     0     0 2.1398e+07    0  680 2.1305e+07 2.1398e+07  0.44%     -   81s
     0     0 2.1398e+07    0  694 2.1305e+07 2.1398e+07  0.44%     -   81s
     0     0 2.1398e+07    0  682 2.1305e+07 2.1398e+07  0.44%     -   82s
     0     0 2.1398e+07    0  643 2.1305e+07 2.1398e+07  0.44%     -   85s
H    0     0                    2.130851e+07 2.1398e+07  0.42%     -   89s
H    0     0                    2.130942e+07 2.1398e+07  0.42%     -   89s
H    0     0                    2.130944e+07 2.1398e+07  0.42%     -   89s
H    0     0                    2.130989e+07 2.1398e+07  0.41%     -   89s
H    0     0                    2.131007e+07 2.1398e+07  0.41%     -   90s
H    0     0                    2.132437e+07 2.1398e+07  0.35%     -   90s
     0     0 2.1398e+07    0  657 2.1324e+07 2.1398e+07  0.35%     -   90s
     0     0 2.1398e+07    0  654 2.1324e+07 2.1398e+07  0.35%     -   91s
     0     0 2.1398e+07    0  650 2.1324e+07 2.1398e+07  0.34%     -   92s
H    0     0                    2.133035e+07 2.1398e+07  0.32%     -   92s
     0     0 2.1398e+07    0  649 2.1330e+07 2.1398e+07  0.32%     -   92s
H    0     0                    2.133663e+07 2.1398e+07  0.29%     -   97s
     0     0 2.1398e+07    0  655 2.1337e+07 2.1398e+07  0.29%     -   97s
H    0     0                    2.133704e+07 2.1398e+07  0.28%     -   98s
H    0     0                    2.134161e+07 2.1398e+07  0.26%     -   98s
     0     0 2.1398e+07    0  632 2.1342e+07 2.1398e+07  0.26%     -   98s
     0     0 2.1398e+07    0  661 2.1342e+07 2.1398e+07  0.26%     -   99s
     0     0 2.1398e+07    0  650 2.1342e+07 2.1398e+07  0.26%     -   99s
     0     0 2.1398e+07    0  612 2.1342e+07 2.1398e+07  0.26%     -  102s
     0     0 2.1398e+07    0  622 2.1342e+07 2.1398e+07  0.26%     -  103s
     0     0 2.1398e+07    0  597 2.1342e+07 2.1398e+07  0.26%     -  104s
     0     0 2.1397e+07    0  583 2.1342e+07 2.1397e+07  0.26%     -  106s
     0     0 2.1397e+07    0  591 2.1342e+07 2.1397e+07  0.26%     -  107s
     0     0 2.1397e+07    0  580 2.1342e+07 2.1397e+07  0.26%     -  108s
     0     0 2.1397e+07    0  569 2.1342e+07 2.1397e+07  0.26%     -  110s
     0     0 2.1397e+07    0  569 2.1342e+07 2.1397e+07  0.26%     -  118s
     0     2 2.1397e+07    0  569 2.1342e+07 2.1397e+07  0.26%     -  150s
    29    42 2.1397e+07    5  571 2.1342e+07 2.1397e+07  0.26%   537  156s
    95   114 2.1397e+07    7  568 2.1342e+07 2.1397e+07  0.26%   803  163s
   143   265 2.1397e+07    8  557 2.1342e+07 2.1397e+07  0.26%   721  167s
   300   361 2.1396e+07    9  551 2.1342e+07 2.1397e+07  0.26%   478  170s
   457   456 2.1396e+07   11  551 2.1342e+07 2.1397e+07  0.26%   413  175s
H  515   540                    2.134166e+07 2.1397e+07  0.26%   390  179s
H  530   540                    2.134428e+07 2.1397e+07  0.25%   384  179s
   591   700 2.1395e+07   13  546 2.1344e+07 2.1397e+07  0.25%   359  181s
   862   889 2.1394e+07   16  539 2.1344e+07 2.1397e+07  0.25%   294  185s
  1056  1085 2.1393e+07   19  535 2.1344e+07 2.1397e+07  0.25%   287  190s
  1267  1270 2.1393e+07   23  516 2.1344e+07 2.1397e+07  0.25%   278  195s
  1471  1502 2.1393e+07   26  511 2.1344e+07 2.1397e+07  0.25%   273  200s
  1602  1550 2.1392e+07   29  517 2.1344e+07 2.1397e+07  0.25%   267  207s
  1650  1603 2.1392e+07   30  512 2.1344e+07 2.1397e+07  0.25%   263  258s
  1703  1650 2.1392e+07   31  518 2.1344e+07 2.1397e+07  0.25%   259  279s
  1752  1695 2.1392e+07   31  510 2.1344e+07 2.1397e+07  0.25%   256  328s
  1803  1741 2.1392e+07   32  508 2.1344e+07 2.1397e+07  0.25%   252  361s
H 1851  1741                    2.134576e+07 2.1397e+07  0.24%   249  361s
  1853  1782 2.1392e+07   33  510 2.1346e+07 2.1397e+07  0.24%   249  366s
  1908  1835 2.1392e+07   34  509 2.1346e+07 2.1397e+07  0.24%   246  397s
H 1917  1835                    2.134589e+07 2.1397e+07  0.24%   246  397s
H 1928  1835                    2.134592e+07 2.1397e+07  0.24%   245  397s
H 1949  1835                    2.134593e+07 2.1397e+07  0.24%   244  397s
  1961  1890 2.1392e+07   35  506 2.1346e+07 2.1397e+07  0.24%   243  400s
  2072  2008 2.1392e+07   37  502 2.1346e+07 2.1397e+07  0.24%   235  407s
H 2074  2008                    2.134763e+07 2.1397e+07  0.23%   235  407s
H 2096  2008                    2.134879e+07 2.1397e+07  0.22%   233  407s
H 2116  2008                    2.135162e+07 2.1397e+07  0.21%   232  407s
  2136  2259 2.1388e+07   37  499 2.1352e+07 2.1397e+07  0.21%   230  410s
  2779  2929 2.1391e+07   50  488 2.1352e+07 2.1397e+07  0.21%   210  417s
  3150  3019 2.1391e+07   56  465 2.1352e+07 2.1397e+07  0.21%   199  420s
  3741  3583 2.1390e+07   61  445 2.1352e+07 2.1397e+07  0.21%   192  427s
  4094  3946 2.1390e+07   65  438 2.1352e+07 2.1397e+07  0.21%   189  430s
  4909  4763 2.1390e+07   79  450 2.1352e+07 2.1396e+07  0.21%   174  436s
  5735  5567 2.1388e+07   93  440 2.1352e+07 2.1396e+07  0.21%   165  443s
  6186  6020 2.1388e+07  101  440 2.1352e+07 2.1396e+07  0.21%   162  446s
  6694  6440 2.1387e+07  112  424 2.1352e+07 2.1396e+07  0.21%   156  450s
H 7158  6440                    2.135162e+07 2.1396e+07  0.21%   154  458s
H 7158  6222                    2.135241e+07 2.1396e+07  0.21%   154  461s
  7159  6197 2.1360e+07  127  569 2.1352e+07 2.1396e+07  0.21%   154  487s
H 7160  5888                    2.135282e+07 2.1396e+07  0.20%   154  575s
H 7160  5593                    2.135343e+07 2.1396e+07  0.20%   154  575s
H 7160  5314                    2.135383e+07 2.1396e+07  0.20%   154  575s

Cutting planes:
  Gomory: 10
  Cover: 3
  Implied bound: 44
  MIR: 477
  Flow cover: 413
  RLT: 22
  Relax-and-lift: 294

Explored 7160 nodes (1216980 simplex iterations) in 577.06 seconds (642.77 work units)
Thread count was 48 (of 192 available processors)

Solution count 10: 2.13538e+07 2.13538e+07 2.13534e+07 ... 2.13459e+07

Optimal solution found (tolerance 2.00e-03)
Best objective 2.135383484400e+07, best bound 2.139644527081e+07, gap 0.1995%
Deleted nodefile directory: /scratch-local/lbeemster.22686477/gurobi_dev0.05_sub36.0_run1
Saved model snapshot to study_case_model/figures/subsidy_experiment/run_24426/dev0.05/sub36.0/run1/model_snapshot.pkl
Finished successfully!
