Gurobi shell based on Python 3.13.1 can be launched with command `gurobi.sh`
Gurobi Python Interface can be loaded in Python 3.13.1 with 'import gurobipy'
/var/spool/slurm/slurmd/job22699196/slurm_script: line 24: activate: No such file or directory
Solving model: dev0.05, sub28.0, run3
Read LP format model from file /scratch-local/lbeemster.22699196/tmp5kbg0o_4.pyomo.lp
Reading time = 0.75 seconds
x1: 178177 rows, 50050 columns, 1020800 nonzeros
Set parameter OutputFlag to value 1
Set parameter MIPGap to value 0.002
Set parameter Threads to value 48
Set parameter Presolve to value 1
Set parameter Cuts to value 1
Set parameter NodefileStart to value 1
Set parameter NodefileDir to value "/scratch-local/lbeemster.22699196/gurobi_dev0.05_sub28.0_run3"
Set parameter MemLimit to value 60
Gurobi Optimizer version 12.0.3 build v12.0.3rc0 (linux64 - "Red Hat Enterprise Linux 9.6 (Plow)")

CPU model: AMD EPYC 9654 96-Core Processor, instruction set [SSE2|AVX|AVX2|AVX512]
Thread count: 192 physical cores, 192 logical processors, using up to 48 threads

Non-default parameters:
MemLimit  60
MIPGap  0.002
NodefileStart  1
Cuts  1
Presolve  1
Threads  48

Academic license 2514514 - for non-commercial use only - registered to l.___@student.vu.nl
Optimize a model with 178177 rows, 50050 columns and 1020800 nonzeros
Model fingerprint: 0xd69301e0
Variable types: 39426 continuous, 10624 integer (10624 binary)
Coefficient statistics:
  Matrix range     [1e-06, 1e+05]
  Objective range  [5e-01, 3e+04]
  Bounds range     [1e+00, 1e+00]
  RHS range        [3e-01, 2e+05]
Presolve removed 33568 rows and 21526 columns
Presolve time: 2.76s
Presolved: 144609 rows, 28524 columns, 858568 nonzeros
Variable types: 22732 continuous, 5792 integer (5792 binary)

Deterministic concurrent LP optimizer: primal simplex, dual simplex, and barrier
Showing barrier log only...

Root relaxation presolved: 26582 rows, 171175 columns, 886964 nonzeros

Root barrier log...

Ordering time: 0.05s

Barrier statistics:
 Dense cols : 36
 Free vars  : 2112
 AA' NZ     : 5.863e+05
 Factor NZ  : 1.633e+06 (roughly 100 MB of memory)
 Factor Ops : 1.209e+08 (less than 1 second per iteration)
 Threads    : 45

                  Objective                Residual
Iter       Primal          Dual         Primal    Dual     Compl     Time
   0   1.54099149e+12  7.59993780e+05  7.87e+06 3.10e+02  1.42e+08     5s
   1   1.16205336e+12 -1.68859437e+08  5.16e+06 2.81e+03  9.01e+07     5s
   2   8.48886075e+11 -1.26466119e+08  3.09e+06 1.91e+03  5.84e+07     5s
   3   5.78716467e+11 -7.34940378e+07  1.36e+06 1.24e+03  3.37e+07     5s
   4   4.40512559e+11 -4.07970016e+07  7.42e+05 7.17e+02  1.95e+07     5s
   5   3.58983440e+11 -2.96429623e+07  4.80e+05 4.40e+02  1.24e+07     5s
   6   2.96534107e+11 -2.20853259e+07  3.27e+05 3.23e+02  8.92e+06     5s
   7   2.60385659e+11 -1.42960246e+07  2.57e+05 2.17e+02  6.45e+06     5s
   8   2.08214102e+11 -1.21742679e+07  1.86e+05 1.91e+02  5.23e+06     5s
   9   1.93343669e+11 -1.14373704e+07  1.62e+05 1.71e+02  4.64e+06     5s
  10   1.64850761e+11 -8.73131570e+06  1.26e+05 1.24e+02  3.50e+06     5s
  11   1.22198464e+11 -6.54282330e+06  7.88e+04 8.43e+01  2.32e+06     5s
  12   8.08615207e+10 -3.99743127e+06  3.80e+04 4.44e+01  1.24e+06     5s
  13   4.86873746e+10 -1.43437427e+06  1.63e+04 2.14e+01  5.98e+05     5s
  14   2.71642589e+10  1.17438365e+05  6.75e+03 6.71e+00  2.45e+05     5s
  15   1.40976623e+10  6.02188522e+05  3.06e+03 3.46e+00  1.17e+05     5s
  16   9.06437864e+09  1.02939819e+06  1.83e+03 1.81e+00  6.93e+04     5s
  17   5.40792428e+09  1.67046083e+06  1.02e+03 8.58e-01  3.83e+04     5s
  18   3.32371668e+09  2.97502983e+06  5.98e+02 3.83e-01  2.21e+04     5s
  19   2.35973711e+09  3.36590511e+06  4.16e+02 2.98e-01  1.56e+04     5s
  20   1.48211534e+09  4.17670054e+06  2.55e+02 1.73e-01  9.58e+03     6s
  21   7.21164880e+08  5.54442938e+06  1.17e+02 6.35e-02  4.47e+03     6s
  22   3.85022808e+08  7.35429290e+06  5.91e+01 2.91e-02  2.32e+03     6s
  23   2.04890381e+08  9.14885542e+06  2.86e+01 1.80e-02  1.19e+03     6s
  24   1.39409976e+08  1.16848332e+07  1.81e+01 1.04e-02  7.65e+02     6s
  25   9.49412391e+07  1.39551194e+07  1.08e+01 6.21e-03  4.79e+02     6s
  26   7.00238019e+07  1.57780369e+07  6.80e+00 3.64e-03  3.18e+02     6s
  27   6.00071934e+07  1.79395776e+07  5.20e+00 4.61e-03  2.46e+02     6s
  28   4.27688067e+07  1.94510407e+07  2.63e+00 3.02e-03  1.35e+02     6s
  29   3.47236446e+07  2.00785130e+07  1.60e+00 1.44e-03  8.42e+01     6s
  30   2.84620095e+07  2.05615103e+07  8.07e-01 1.47e-03  4.51e+01     6s
  31   2.59593558e+07  2.08181786e+07  5.07e-01 1.27e-03  2.93e+01     6s
  32   2.37661146e+07  2.10559029e+07  2.48e-01 7.34e-04  1.53e+01     6s
  33   2.32835424e+07  2.11719859e+07  1.93e-01 6.91e-04  1.19e+01     6s
  34   2.24577143e+07  2.13168271e+07  1.01e-01 8.52e-04  6.43e+00     6s
  35   2.21438697e+07  2.13774139e+07  6.75e-02 5.96e-04  4.32e+00     6s
  36   2.17450677e+07  2.14353489e+07  2.52e-02 4.20e-04  1.73e+00     6s
  37   2.16682774e+07  2.14554191e+07  1.71e-02 3.35e-04  1.19e+00     6s
  38   2.16115537e+07  2.14859206e+07  1.04e-02 3.42e-04  6.97e-01     6s
  39   2.15888924e+07  2.15039202e+07  6.30e-03 3.30e-04  4.66e-01     6s
  40   2.15646943e+07  2.15200159e+07  3.23e-03 2.52e-04  2.43e-01     6s
  41   2.15609075e+07  2.15262714e+07  2.77e-03 1.95e-04  1.89e-01     6s
  42   2.15464887e+07  2.15313410e+07  1.14e-03 2.58e-04  8.21e-02     6s
  43   2.15423204e+07  2.15332125e+07  7.06e-04 1.88e-04  4.94e-02     7s
  44   2.15386339e+07  2.15341250e+07  3.52e-04 2.39e-04  2.44e-02     7s
  45   2.15369771e+07  2.15343658e+07  1.96e-04 1.01e-04  1.41e-02     7s
  46   2.15356893e+07  2.15345517e+07  8.53e-05 7.12e-05  6.16e-03     7s
  47   2.15349754e+07  2.15346100e+07  2.49e-05 2.92e-05  1.97e-03     7s
  48   2.15347145e+07  2.15346336e+07  4.73e-06 1.46e-05  4.35e-04     7s
  49   2.15346646e+07  2.15346425e+07  1.17e-06 4.21e-06  1.19e-04     7s
  50   2.15346509e+07  2.15346455e+07  2.87e-07 6.84e-07  2.86e-05     7s
  51   2.15346480e+07  2.15346460e+07  1.09e-07 1.68e-07  1.04e-05     7s

Barrier performed 51 iterations in 6.94 seconds (6.31 work units)
Barrier solve interrupted - model solved by another algorithm

Concurrent spin time: 0.70s (can be avoided by choosing Method=3)

Solved with primal simplex

Root relaxation: objective 2.153465e+07, 32390 iterations, 3.31 seconds (2.85 work units)

    Nodes    |    Current Node    |     Objective Bounds      |     Work
 Expl Unexpl |  Obj  Depth IntInf | Incumbent    BestBd   Gap | It/Node Time

     0     0 2.1535e+07    0  456          - 2.1535e+07      -     -    9s
H    0     0                    2.066020e+07 2.1535e+07  4.23%     -   11s
     0     0 2.1532e+07    0  512 2.0660e+07 2.1532e+07  4.22%     -   14s
H    0     0                    2.115796e+07 2.1532e+07  1.77%     -   16s
     0     0 2.1531e+07    0  591 2.1158e+07 2.1531e+07  1.76%     -   16s
     0     0 2.1531e+07    0  610 2.1158e+07 2.1531e+07  1.76%     -   17s
     0     0 2.1531e+07    0  610 2.1158e+07 2.1531e+07  1.76%     -   17s
     0     0 2.1529e+07    0  612 2.1158e+07 2.1529e+07  1.75%     -   20s
     0     0 2.1528e+07    0  652 2.1158e+07 2.1528e+07  1.75%     -   23s
     0     0 2.1527e+07    0  668 2.1158e+07 2.1527e+07  1.75%     -   23s
     0     0 2.1527e+07    0  671 2.1158e+07 2.1527e+07  1.75%     -   23s
     0     0 2.1527e+07    0  671 2.1158e+07 2.1527e+07  1.75%     -   23s
     0     0 2.1527e+07    0  671 2.1158e+07 2.1527e+07  1.75%     -   23s
     0     0 2.1525e+07    0  635 2.1158e+07 2.1525e+07  1.74%     -   28s
H    0     0                    2.115874e+07 2.1525e+07  1.73%     -   30s
     0     0 2.1525e+07    0  640 2.1159e+07 2.1525e+07  1.73%     -   31s
     0     0 2.1525e+07    0  645 2.1159e+07 2.1525e+07  1.73%     -   31s
     0     0 2.1525e+07    0  652 2.1159e+07 2.1525e+07  1.73%     -   32s
     0     0 2.1525e+07    0  655 2.1159e+07 2.1525e+07  1.73%     -   32s
     0     0 2.1524e+07    0  659 2.1159e+07 2.1524e+07  1.73%     -   37s
H    0     0                    2.118811e+07 2.1524e+07  1.58%     -   40s
     0     0 2.1524e+07    0  670 2.1188e+07 2.1524e+07  1.58%     -   41s
     0     0 2.1524e+07    0  692 2.1188e+07 2.1524e+07  1.58%     -   41s
     0     0 2.1524e+07    0  694 2.1188e+07 2.1524e+07  1.58%     -   41s
     0     0 2.1524e+07    0  704 2.1188e+07 2.1524e+07  1.58%     -   41s
     0     0 2.1522e+07    0  584 2.1188e+07 2.1522e+07  1.58%     -   49s
H    0     0                    2.127096e+07 2.1522e+07  1.18%     -   51s
     0     0 2.1522e+07    0  643 2.1271e+07 2.1522e+07  1.18%     -   52s
     0     0 2.1522e+07    0  643 2.1271e+07 2.1522e+07  1.18%     -   53s
     0     0 2.1522e+07    0  642 2.1271e+07 2.1522e+07  1.18%     -   53s
     0     0 2.1522e+07    0  630 2.1271e+07 2.1522e+07  1.18%     -   56s
     0     0 2.1522e+07    0  644 2.1271e+07 2.1522e+07  1.18%     -   59s
     0     0 2.1522e+07    0  645 2.1271e+07 2.1522e+07  1.18%     -   59s
     0     0 2.1522e+07    0  657 2.1271e+07 2.1522e+07  1.18%     -   59s
     0     0 2.1522e+07    0  647 2.1271e+07 2.1522e+07  1.18%     -   62s
     0     0 2.1521e+07    0  662 2.1271e+07 2.1521e+07  1.18%     -   65s
     0     0 2.1521e+07    0  650 2.1271e+07 2.1521e+07  1.18%     -   65s
     0     0 2.1521e+07    0  647 2.1271e+07 2.1521e+07  1.18%     -   65s
     0     0 2.1521e+07    0  646 2.1271e+07 2.1521e+07  1.18%     -   68s
     0     0 2.1521e+07    0  642 2.1271e+07 2.1521e+07  1.18%     -   69s
     0     0 2.1521e+07    0  650 2.1271e+07 2.1521e+07  1.18%     -   69s
     0     0 2.1521e+07    0  645 2.1271e+07 2.1521e+07  1.18%     -   72s
     0     0 2.1521e+07    0  650 2.1271e+07 2.1521e+07  1.18%     -   75s
     0     0 2.1521e+07    0  663 2.1271e+07 2.1521e+07  1.18%     -   75s
     0     0 2.1521e+07    0  660 2.1271e+07 2.1521e+07  1.18%     -   75s
     0     0 2.1521e+07    0  649 2.1271e+07 2.1521e+07  1.18%     -   78s
     0     0 2.1521e+07    0  634 2.1271e+07 2.1521e+07  1.17%     -   83s
     0     0 2.1521e+07    0  637 2.1271e+07 2.1521e+07  1.17%     -   83s
     0     0 2.1521e+07    0  636 2.1271e+07 2.1521e+07  1.17%     -   84s
     0     0 2.1521e+07    0  632 2.1271e+07 2.1521e+07  1.17%     -   84s
     0     0 2.1521e+07    0  632 2.1271e+07 2.1521e+07  1.17%     -   84s
     0     0 2.1521e+07    0  614 2.1271e+07 2.1521e+07  1.17%     -   87s
     0     0 2.1521e+07    0  618 2.1271e+07 2.1521e+07  1.17%     -   89s
     0     0 2.1521e+07    0  616 2.1271e+07 2.1521e+07  1.17%     -   90s
     0     0 2.1521e+07    0  610 2.1271e+07 2.1521e+07  1.17%     -   90s
     0     0 2.1521e+07    0  592 2.1271e+07 2.1521e+07  1.17%     -   92s
     0     0 2.1521e+07    0  590 2.1271e+07 2.1521e+07  1.17%     -   94s
     0     0 2.1521e+07    0  576 2.1271e+07 2.1521e+07  1.17%     -   96s
     0     0 2.1521e+07    0  576 2.1271e+07 2.1521e+07  1.17%     -  103s
H    0     0                    2.128125e+07 2.1521e+07  1.12%     -  105s
H    0     0                    2.128679e+07 2.1521e+07  1.10%     -  111s
     0     2 2.1521e+07    0  576 2.1287e+07 2.1521e+07  1.10%     -  120s
    63   112 2.1521e+07    6  585 2.1287e+07 2.1521e+07  1.10%   203  129s
H   64   112                    2.131520e+07 2.1521e+07  0.96%   199  129s
   111   325 2.1520e+07    7  592 2.1315e+07 2.1521e+07  0.96%   171  130s
   617   673 2.1519e+07   14  583 2.1315e+07 2.1521e+07  0.96%   108  136s
H  648   673                    2.133751e+07 2.1521e+07  0.86%   108  136s
  1049  1142 2.1518e+07   21  575 2.1338e+07 2.1521e+07  0.86%  96.4  140s
  1629  1678 2.1516e+07   32  576 2.1338e+07 2.1521e+07  0.86%  98.5  148s
  1677  1726 2.1516e+07   33  577 2.1338e+07 2.1521e+07  0.86%  98.0  155s
H 1726  1774                    2.136817e+07 2.1521e+07  0.71%  98.6  159s
  1773  1822 2.1516e+07   35  575 2.1368e+07 2.1521e+07  0.71%  98.1  162s
  1821  1871 2.1516e+07   36  575 2.1368e+07 2.1521e+07  0.71%  97.6  170s
H 1850  1871                    2.137197e+07 2.1521e+07  0.70%  97.1  170s
  2330  2550 2.1514e+07   44  568 2.1372e+07 2.1521e+07  0.70%  95.0  176s
Created node file directory '/scratch-local/lbeemster.22699196/gurobi_dev0.05_sub28.0_run3/grbnodes0'
  3072  3121 2.1512e+07   58  545 2.1372e+07 2.1521e+07  0.70%  90.6  182s
  3120  3174 2.1512e+07   58  548 2.1372e+07 2.1521e+07  0.70%  90.2  188s
H 3121  3174                    2.137416e+07 2.1521e+07  0.68%  90.1  188s
H 3128  3174                    2.137697e+07 2.1521e+07  0.67%  90.1  188s
  3173  3494 2.1512e+07   59  543 2.1377e+07 2.1521e+07  0.67%  89.8  190s
  4037  4352 2.1510e+07   75  495 2.1377e+07 2.1521e+07  0.67%  89.8  196s
  4736  5133 2.1509e+07   82  496 2.1377e+07 2.1521e+07  0.67%  89.9  200s
  5885  6332 2.1506e+07  100  465 2.1377e+07 2.1521e+07  0.67%  87.9  206s
  6876  7349 2.1502e+07  114  466 2.1377e+07 2.1521e+07  0.67%  85.2  211s
  8019  8652 2.1500e+07  127  461 2.1377e+07 2.1521e+07  0.67%  80.7  216s
H 8854  9135                    2.138157e+07 2.1521e+07  0.65%  77.9  219s
  9288  9774 2.1499e+07  136  451 2.1382e+07 2.1521e+07  0.65%  76.3  222s
 10003 10387 2.1497e+07  152  436 2.1382e+07 2.1520e+07  0.65%  75.0  226s
 10649 10435 2.1496e+07  170  435 2.1382e+07 2.1520e+07  0.65%  74.2  231s
 10697 10498 2.1496e+07  171  426 2.1382e+07 2.1520e+07  0.65%  74.5  240s
H10733 10445                    2.138438e+07 2.1520e+07  0.63%  74.6  240s
H10734 10286                    2.138687e+07 2.1520e+07  0.62%  74.6  240s
H10741  9853                    2.140179e+07 2.1520e+07  0.55%  74.6  240s
H10742  9346                    2.141073e+07 2.1520e+07  0.51%  74.6  240s
H10747  9188                    2.141160e+07 2.1520e+07  0.51%  74.7  240s
 11213 10219 2.1494e+07  184  420 2.1412e+07 2.1520e+07  0.50%  74.9  246s
 11922 10817 2.1491e+07  209  422 2.1412e+07 2.1520e+07  0.50%  73.9  250s
 13371 12420 2.1489e+07  240  411 2.1412e+07 2.1520e+07  0.50%  71.9  257s
 14129 13124 2.1487e+07  252  372 2.1412e+07 2.1520e+07  0.50%  73.1  260s
 15756 14909 2.1482e+07  284  237 2.1412e+07 2.1520e+07  0.50%  73.4  268s
 16644 15896 2.1478e+07  302  227 2.1412e+07 2.1520e+07  0.50%  72.9  273s
 17631 16885 2.1479e+07  316  230 2.1412e+07 2.1520e+07  0.50%  71.9  278s
H18633 16875                    2.141331e+07 2.1520e+07  0.50%  70.6  296s
 18634 16870 2.1470e+07  343  576 2.1413e+07 2.1520e+07  0.50%  70.6  344s
H18635 16027                    2.141541e+07 2.1520e+07  0.49%  70.6  477s
H18635 15226                    2.141728e+07 2.1520e+07  0.48%  70.6  477s
H18635 14464                    2.141837e+07 2.1520e+07  0.47%  70.6  477s
H18635 13741                    2.141913e+07 2.1512e+07  0.43%  70.6  489s
H18635 13054                    2.142011e+07 2.1512e+07  0.43%  70.6  489s
H18635 12401                    2.142013e+07 2.1512e+07  0.43%  70.6  489s
H18635 11781                    2.142835e+07 2.1512e+07  0.39%  70.6  489s
H18635 11192                    2.143272e+07 2.1512e+07  0.37%  70.6  489s
H18635 10632                    2.144114e+07 2.1512e+07  0.33%  70.6  489s
 18637 10633 2.1498e+07   80  444 2.1441e+07 2.1512e+07  0.33%  70.6  497s
H18637 10102                    2.144167e+07 2.1512e+07  0.33%  70.6  498s
 18638 10103 2.1511e+07    8  387 2.1442e+07 2.1512e+07  0.33%  70.6  500s
H18638  9597                    2.144507e+07 2.1512e+07  0.31%  70.6  501s
 18642  9599 2.1512e+07   43  392 2.1445e+07 2.1512e+07  0.31%  70.6  505s
H18644  9121                    2.144769e+07 2.1511e+07  0.30%  70.5  553s
H18644  8665                    2.145182e+07 2.1511e+07  0.28%  70.5  553s
H18644  8232                    2.146620e+07 2.1511e+07  0.21%  70.5  553s
H18644  7820                    2.146698e+07 2.1511e+07  0.21%  70.5  553s
H18644  7429                    2.146730e+07 2.1511e+07  0.20%  70.5  553s
H18644  7057                    2.146781e+07 2.1511e+07  0.20%  70.5  553s
 18646  7058 2.1511e+07   60  406 2.1468e+07 2.1511e+07  0.20%  70.5  556s
H18648  6706                    2.147778e+07 2.1511e+07  0.15%  70.5  663s
H18648  6370                    2.147778e+07 2.1511e+07  0.15%  70.5  663s
H18648  6051                    2.147786e+07 2.1511e+07  0.15%  70.5  663s

Cutting planes:
  Gomory: 17
  Cover: 3
  Implied bound: 445
  MIR: 802
  Flow cover: 882
  RLT: 8
  Relax-and-lift: 711

Explored 18648 nodes (1446982 simplex iterations) in 663.60 seconds (754.60 work units)
Thread count was 48 (of 192 available processors)

Solution count 10: 2.14779e+07 2.14779e+07 2.14778e+07 ... 2.14477e+07

Optimal solution found (tolerance 2.00e-03)
Best objective 2.147785626152e+07, best bound 2.151067555564e+07, gap 0.1528%
Deleted nodefile directory: /scratch-local/lbeemster.22699196/gurobi_dev0.05_sub28.0_run3
Saved model snapshot to study_case_model/figures/subsidy_experiment/run_24426/dev0.05/sub28.0/run3/model_snapshot.pkl
Finished successfully!
