Gurobi shell based on Python 3.13.1 can be launched with command `gurobi.sh`
Gurobi Python Interface can be loaded in Python 3.13.1 with 'import gurobipy'
/var/spool/slurm/slurmd/job22690461/slurm_script: line 24: activate: No such file or directory
Solving model: dev1.0, sub28.0, run1
Read LP format model from file /scratch-local/lbeemster.22690461/tmpf89iv73e.pyomo.lp
Reading time = 0.63 seconds
x1: 178177 rows, 50050 columns, 1020800 nonzeros
Set parameter OutputFlag to value 1
Set parameter MIPGap to value 0.002
Set parameter Threads to value 48
Set parameter Presolve to value 1
Set parameter Cuts to value 1
Set parameter NodefileStart to value 1
Set parameter NodefileDir to value "/scratch-local/lbeemster.22690461/gurobi_dev1.0_sub28.0_run1"
Set parameter MemLimit to value 60
Gurobi Optimizer version 12.0.3 build v12.0.3rc0 (linux64 - "Red Hat Enterprise Linux 9.6 (Plow)")

CPU model: AMD EPYC 9654 96-Core Processor, instruction set [SSE2|AVX|AVX2|AVX512]
Thread count: 192 physical cores, 192 logical processors, using up to 48 threads

Non-default parameters:
MemLimit  60
MIPGap  0.002
NodefileStart  1
Cuts  1
Presolve  1
Threads  48

Academic license 2514514 - for non-commercial use only - registered to l.___@student.vu.nl
Optimize a model with 178177 rows, 50050 columns and 1020800 nonzeros
Model fingerprint: 0xc34f2521
Variable types: 39426 continuous, 10624 integer (10624 binary)
Coefficient statistics:
  Matrix range     [1e-06, 1e+05]
  Objective range  [2e+00, 3e+04]
  Bounds range     [1e+00, 1e+00]
  RHS range        [3e-01, 2e+05]
Presolve removed 35033 rows and 22006 columns
Presolve time: 2.79s
Presolved: 143144 rows, 28044 columns, 863617 nonzeros
Variable types: 22420 continuous, 5624 integer (5624 binary)

Deterministic concurrent LP optimizer: primal simplex, dual simplex, and barrier
Showing barrier log only...

Root relaxation presolved: 26316 rows, 169404 columns, 891427 nonzeros

Root barrier log...

Ordering time: 0.05s

Barrier statistics:
 Dense cols : 28
 Free vars  : 2112
 AA' NZ     : 5.934e+05
 Factor NZ  : 1.608e+06 (roughly 100 MB of memory)
 Factor Ops : 1.187e+08 (less than 1 second per iteration)
 Threads    : 45

                  Objective                Residual
Iter       Primal          Dual         Primal    Dual     Compl     Time
   0   1.52769232e+12  1.07946961e+06  7.85e+06 3.17e+02  1.43e+08     5s
   1   1.12119213e+12 -1.82009301e+08  4.92e+06 2.84e+03  8.90e+07     5s
   2   7.61793097e+11 -1.40683714e+08  2.62e+06 1.98e+03  5.56e+07     5s
   3   5.15343496e+11 -8.35546800e+07  1.17e+06 1.30e+03  3.27e+07     5s
   4   3.74028292e+11 -5.23433552e+07  5.22e+05 8.30e+02  1.93e+07     5s
   5   2.93208777e+11 -2.33101568e+07  2.98e+05 3.97e+02  9.97e+06     5s
   6   2.40672384e+11 -1.05737475e+07  2.13e+05 2.12e+02  5.95e+06     5s
   7   2.15920423e+11 -8.06959899e+06  1.78e+05 1.73e+02  4.93e+06     5s
   8   1.51058779e+11 -5.72935853e+06  1.03e+05 1.27e+02  3.28e+06     5s
   9   1.17123161e+11 -3.55189229e+06  7.25e+04 6.91e+01  2.03e+06     5s
  10   9.39254897e+10 -2.48581696e+06  5.22e+04 4.30e+01  1.38e+06     5s
  11   5.78748026e+10 -1.40156343e+06  2.52e+04 2.77e+01  7.87e+05     5s
  12   3.93346480e+10 -1.19225734e+05  1.45e+04 1.49e+01  4.49e+05     5s
  13   1.32287968e+10  1.22528213e+06  2.68e+03 4.38e+00  1.20e+05     5s
  14   7.19867670e+09  2.00430921e+06  1.24e+03 1.66e+00  5.62e+04     5s
  15   3.07929470e+09  3.56753882e+06  4.32e+02 6.87e-01  2.23e+04     5s
  16   2.70227365e+09  4.35417177e+06  3.74e+02 4.78e-01  1.86e+04     5s
  17   1.64783768e+09  5.15394911e+06  2.17e+02 2.92e-01  1.10e+04     6s
  18   8.86803098e+08  5.82690954e+06  1.09e+02 2.06e-01  5.92e+03     6s
  19   4.50516024e+08  8.26852314e+06  4.85e+01 8.67e-02  2.80e+03     6s
  20   2.18288144e+08  9.93310586e+06  2.07e+01 4.77e-02  1.29e+03     6s
  21   1.41406067e+08  1.52386639e+07  1.20e+01 1.11e-02  7.39e+02     6s
  22   1.02359893e+08  1.65051810e+07  7.91e+00 8.21e-03  4.99e+02     6s
  23   6.93375537e+07  1.89004541e+07  4.53e+00 3.22e-03  2.90e+02     6s
  24   6.26122600e+07  1.88125898e+07  3.88e+00 2.25e-03  2.51e+02     6s
  25   4.71854841e+07  1.94336299e+07  2.37e+00 1.61e-03  1.59e+02     6s
  26   3.69096574e+07  1.97963644e+07  1.40e+00 1.16e-03  9.75e+01     6s
  27   3.00980720e+07  2.06246417e+07  7.68e-01 2.04e-03  5.38e+01     6s
  28   2.59477670e+07  2.07625641e+07  3.95e-01 1.85e-03  2.93e+01     6s
  29   2.37507172e+07  2.10422655e+07  2.00e-01 8.97e-04  1.53e+01     6s
  30   2.27298468e+07  2.11306628e+07  1.12e-01 8.26e-04  8.99e+00     6s
  31   2.19916766e+07  2.12150450e+07  4.98e-02 6.54e-04  4.35e+00     6s

Barrier performed 31 iterations in 6.18 seconds (5.43 work units)
Barrier solve interrupted - model solved by another algorithm

Concurrent spin time: 0.61s (can be avoided by choosing Method=3)

Solved with primal simplex

Root relaxation: objective 2.140706e+07, 35051 iterations, 2.58 seconds (2.03 work units)

    Nodes    |    Current Node    |     Objective Bounds      |     Work
 Expl Unexpl |  Obj  Depth IntInf | Incumbent    BestBd   Gap | It/Node Time

     0     0 2.1407e+07    0  333          - 2.1407e+07      -     -    8s
H    0     0                    2.079269e+07 2.1407e+07  2.95%     -   10s
     0     0 2.1400e+07    0  438 2.0793e+07 2.1400e+07  2.92%     -   13s
H    0     0                    2.114500e+07 2.1400e+07  1.20%     -   14s
     0     0 2.1397e+07    0  472 2.1145e+07 2.1397e+07  1.19%     -   15s
     0     0 2.1397e+07    0  476 2.1145e+07 2.1397e+07  1.19%     -   15s
     0     0 2.1397e+07    0  483 2.1145e+07 2.1397e+07  1.19%     -   15s
     0     0 2.1395e+07    0  567 2.1145e+07 2.1395e+07  1.18%     -   18s
H    0     0                    2.115140e+07 2.1395e+07  1.15%     -   19s
     0     0 2.1393e+07    0  605 2.1151e+07 2.1393e+07  1.14%     -   20s
     0     0 2.1393e+07    0  607 2.1151e+07 2.1393e+07  1.14%     -   20s
     0     0 2.1393e+07    0  611 2.1151e+07 2.1393e+07  1.14%     -   20s
     0     0 2.1393e+07    0  610 2.1151e+07 2.1393e+07  1.14%     -   20s
     0     0 2.1393e+07    0  569 2.1151e+07 2.1393e+07  1.14%     -   24s
H    0     0                    2.120212e+07 2.1393e+07  0.90%     -   25s
     0     0 2.1392e+07    0  633 2.1202e+07 2.1392e+07  0.90%     -   26s
     0     0 2.1392e+07    0  645 2.1202e+07 2.1392e+07  0.90%     -   26s
     0     0 2.1392e+07    0  659 2.1202e+07 2.1392e+07  0.90%     -   26s
     0     0 2.1392e+07    0  663 2.1202e+07 2.1392e+07  0.90%     -   27s
     0     0 2.1392e+07    0  623 2.1202e+07 2.1392e+07  0.89%     -   30s
     0     0 2.1391e+07    0  626 2.1202e+07 2.1391e+07  0.89%     -   31s
     0     0 2.1391e+07    0  623 2.1202e+07 2.1391e+07  0.89%     -   31s
     0     0 2.1391e+07    0  629 2.1202e+07 2.1391e+07  0.89%     -   32s
     0     0 2.1391e+07    0  630 2.1202e+07 2.1391e+07  0.89%     -   32s
     0     0 2.1391e+07    0  505 2.1202e+07 2.1391e+07  0.89%     -   35s
H    0     0                    2.120580e+07 2.1391e+07  0.87%     -   37s
     0     0 2.1391e+07    0  549 2.1206e+07 2.1391e+07  0.87%     -   37s
     0     0 2.1391e+07    0  555 2.1206e+07 2.1391e+07  0.87%     -   38s
     0     0 2.1391e+07    0  557 2.1206e+07 2.1391e+07  0.87%     -   38s
     0     0 2.1391e+07    0  566 2.1206e+07 2.1391e+07  0.87%     -   38s
     0     0 2.1391e+07    0  540 2.1206e+07 2.1391e+07  0.87%     -   40s
H    0     0                    2.120712e+07 2.1391e+07  0.87%     -   43s
     0     0 2.1391e+07    0  546 2.1207e+07 2.1391e+07  0.87%     -   44s
     0     0 2.1391e+07    0  550 2.1207e+07 2.1391e+07  0.87%     -   44s
     0     0 2.1391e+07    0  549 2.1207e+07 2.1391e+07  0.87%     -   44s
     0     0 2.1391e+07    0  543 2.1207e+07 2.1391e+07  0.86%     -   47s
H    0     0                    2.121101e+07 2.1391e+07  0.85%     -   49s
     0     0 2.1391e+07    0  521 2.1211e+07 2.1391e+07  0.85%     -   49s
     0     0 2.1391e+07    0  525 2.1211e+07 2.1391e+07  0.85%     -   50s
     0     0 2.1390e+07    0  458 2.1211e+07 2.1390e+07  0.85%     -   52s
     0     0 2.1390e+07    0  458 2.1211e+07 2.1390e+07  0.85%     -   53s
     0     0 2.1390e+07    0  453 2.1211e+07 2.1390e+07  0.85%     -   54s
     0     0 2.1390e+07    0  470 2.1211e+07 2.1390e+07  0.85%     -   56s
H    0     0                    2.122688e+07 2.1390e+07  0.77%     -   57s
     0     0 2.1390e+07    0  490 2.1227e+07 2.1390e+07  0.77%     -   57s
     0     0 2.1390e+07    0  490 2.1227e+07 2.1390e+07  0.77%     -   57s
     0     0 2.1390e+07    0  467 2.1227e+07 2.1390e+07  0.77%     -   60s
     0     0 2.1390e+07    0  466 2.1227e+07 2.1390e+07  0.77%     -   64s
H    0     2                    2.123795e+07 2.1390e+07  0.72%     -   81s
     0     2 2.1390e+07    0  464 2.1238e+07 2.1390e+07  0.72%     -   81s
    63   112 2.1389e+07    6  455 2.1238e+07 2.1390e+07  0.71%   164   87s
H   65   112                    2.125283e+07 2.1390e+07  0.64%   161   87s
H   68   112                    2.126157e+07 2.1390e+07  0.60%   159   87s
H   80   112                    2.126397e+07 2.1390e+07  0.59%   146   87s
   451   561 2.1388e+07   12  446 2.1264e+07 2.1390e+07  0.59%  79.4   90s
H  905  1007                    2.126628e+07 2.1390e+07  0.58%  66.7   93s
H  917  1007                    2.126831e+07 2.1390e+07  0.57%  66.4   93s
  1106  1245 2.1386e+07   23  411 2.1268e+07 2.1390e+07  0.57%  63.2   95s
  2009  2095 2.1386e+07   32  406 2.1268e+07 2.1390e+07  0.57%  56.9  100s
  2660  2692 2.1386e+07   39  402 2.1268e+07 2.1390e+07  0.57%  53.3  105s
  2709  2740 2.1385e+07   39  399 2.1268e+07 2.1390e+07  0.57%  53.4  113s
H 2722  2740                    2.128004e+07 2.1390e+07  0.51%  53.4  113s
  3010  3175 2.1384e+07   44  394 2.1280e+07 2.1390e+07  0.51%  53.1  115s
  3780  3854 2.1384e+07   55  395 2.1280e+07 2.1390e+07  0.51%  52.2  121s
H 3781  3854                    2.128019e+07 2.1390e+07  0.51%  52.1  121s
H 3801  3852                    2.128119e+07 2.1390e+07  0.51%  52.2  121s
H 3829  3852                    2.128192e+07 2.1390e+07  0.51%  52.2  121s
H 3937  3906                    2.128193e+07 2.1390e+07  0.51%  52.1  123s
  3938  4097 2.1383e+07   57  392 2.1282e+07 2.1390e+07  0.51%  52.1  125s
  5484  5873 2.1382e+07   81  366 2.1282e+07 2.1390e+07  0.51%  50.2  131s
  7565  8026 2.1378e+07  102  345 2.1282e+07 2.1390e+07  0.51%  46.9  135s
H 9327  9197                    2.128194e+07 2.1390e+07  0.51%  44.6  141s
H 9356  9197                    2.128195e+07 2.1390e+07  0.51%  44.6  141s
 10811 11386 2.1370e+07  134  307 2.1282e+07 2.1390e+07  0.51%  42.7  145s
 13151 13569 2.1368e+07  158  266 2.1282e+07 2.1390e+07  0.51%  40.9  150s
Created node file directory '/scratch-local/lbeemster.22690461/gurobi_dev1.0_sub28.0_run1/grbnodes0'
 14634 14766 2.1367e+07  188  259 2.1282e+07 2.1389e+07  0.51%  40.1  155s
H15424 15379                    2.128312e+07 2.1389e+07  0.50%  39.6  158s
H15512 15209                    2.128489e+07 2.1389e+07  0.49%  39.5  158s
 15936 16025 2.1366e+07  213  235 2.1285e+07 2.1389e+07  0.49%  39.3  162s
 16801 16936 2.1364e+07  225  232 2.1285e+07 2.1389e+07  0.49%  39.2  165s
*17527 16776             470    2.128818e+07 2.1389e+07  0.48%  38.8  165s
H17746 13533                    2.132505e+07 2.1389e+07  0.30%  38.7  177s
 17747 13503 2.1374e+07   33  466 2.1325e+07 2.1389e+07  0.30%  38.7  202s
H17748 12828                    2.132667e+07 2.1389e+07  0.29%  38.7  331s
H17748 12187                    2.133016e+07 2.1389e+07  0.28%  38.7  331s
H17748 11577                    2.133041e+07 2.1388e+07  0.27%  38.7  331s
 17750 11578 2.1365e+07   34  425 2.1330e+07 2.1388e+07  0.27%  38.7  337s
 17752 11579 2.1374e+07  173  390 2.1330e+07 2.1388e+07  0.27%  38.7  340s
H17758 11004                    2.133614e+07 2.1388e+07  0.24%  38.7  385s
H17762 10456                    2.134048e+07 2.1388e+07  0.22%  38.7  439s
 17764 10457 2.1388e+07   13  384 2.1340e+07 2.1388e+07  0.22%  38.7  442s
 17767 10459 2.1378e+07   53  388 2.1340e+07 2.1388e+07  0.22%  38.7  486s
H17768  9937                    2.134983e+07 2.1388e+07  0.18%  38.7  523s

Cutting planes:
  Gomory: 18
  Implied bound: 497
  MIR: 750
  Flow cover: 1025
  RLT: 6
  Relax-and-lift: 803

Explored 17768 nodes (807546 simplex iterations) in 523.51 seconds (644.93 work units)
Thread count was 48 (of 192 available processors)

Solution count 10: 2.13498e+07 2.13405e+07 2.13361e+07 ... 2.12831e+07

Optimal solution found (tolerance 2.00e-03)
Best objective 2.134983335910e+07, best bound 2.138772763160e+07, gap 0.1775%
Deleted nodefile directory: /scratch-local/lbeemster.22690461/gurobi_dev1.0_sub28.0_run1
Saved model snapshot to study_case_model/figures/subsidy_experiment/run_24426/dev1.0/sub28.0/run1/model_snapshot.pkl
Finished successfully!
