Gurobi shell based on Python 3.13.1 can be launched with command `gurobi.sh`
Gurobi Python Interface can be loaded in Python 3.13.1 with 'import gurobipy'
/var/spool/slurm/slurmd/job22699024/slurm_script: line 24: activate: No such file or directory
Solving model: dev0.0, sub34.0, run3
Read LP format model from file /scratch-local/lbeemster.22699024/tmpbwdyerg3.pyomo.lp
Reading time = 0.80 seconds
x1: 178177 rows, 50050 columns, 1020800 nonzeros
Set parameter OutputFlag to value 1
Set parameter MIPGap to value 0.002
Set parameter Threads to value 48
Set parameter Presolve to value 1
Set parameter Cuts to value 1
Set parameter NodefileStart to value 1
Set parameter NodefileDir to value "/scratch-local/lbeemster.22699024/gurobi_dev0.0_sub34.0_run3"
Set parameter MemLimit to value 60
Gurobi Optimizer version 12.0.3 build v12.0.3rc0 (linux64 - "Red Hat Enterprise Linux 9.6 (Plow)")

CPU model: AMD EPYC 9654 96-Core Processor, instruction set [SSE2|AVX|AVX2|AVX512]
Thread count: 192 physical cores, 192 logical processors, using up to 48 threads

Non-default parameters:
MemLimit  60
MIPGap  0.002
NodefileStart  1
Cuts  1
Presolve  1
Threads  48

Academic license 2514514 - for non-commercial use only - registered to l.___@student.vu.nl
Optimize a model with 178177 rows, 50050 columns and 1020800 nonzeros
Model fingerprint: 0xb057bb2c
Variable types: 39426 continuous, 10624 integer (10624 binary)
Coefficient statistics:
  Matrix range     [1e-06, 1e+05]
  Objective range  [2e+00, 3e+04]
  Bounds range     [1e+00, 1e+00]
  RHS range        [3e-01, 2e+05]
Presolve removed 37401 rows and 24470 columns
Presolve time: 2.93s
Presolved: 140776 rows, 25580 columns, 914441 nonzeros
Variable types: 19852 continuous, 5728 integer (5728 binary)
Found heuristic solution: objective 1.936937e+07
Found heuristic solution: objective 1.937568e+07

Deterministic concurrent LP optimizer: primal simplex, dual simplex, and barrier
Showing barrier log only...

Root relaxation presolved: 24931 rows, 165655 columns, 939510 nonzeros

Root barrier log...

Ordering time: 0.04s

Barrier statistics:
 Free vars  : 1920
 AA' NZ     : 5.476e+05
 Factor NZ  : 1.450e+06 (roughly 90 MB of memory)
 Factor Ops : 1.019e+08 (less than 1 second per iteration)
 Threads    : 46

                  Objective                Residual
Iter       Primal          Dual         Primal    Dual     Compl     Time
   0   1.41681381e+12  2.61356775e+06  7.57e+06 3.10e+02  1.33e+08     8s
   1   9.51323189e+11 -1.52879582e+08  4.30e+06 2.86e+03  8.28e+07     8s
   2   6.03651705e+11 -1.56643066e+08  1.97e+06 1.82e+03  4.78e+07     8s
   3   4.34235673e+11 -1.12651042e+08  8.54e+05 1.05e+03  2.64e+07     8s
   4   3.02452697e+11 -6.94008062e+07  3.63e+05 5.05e+02  1.24e+07     8s
   5   2.45852685e+11 -5.71042041e+07  2.32e+05 3.69e+02  8.88e+06     8s
   6   1.78889321e+11 -3.58487189e+07  1.25e+05 1.97e+02  4.78e+06     8s
   7   1.41930864e+11 -1.61963666e+07  7.83e+04 8.84e+01  2.54e+06     8s
   8   1.06201602e+11 -7.44535789e+06  4.79e+04 5.50e+01  1.60e+06     8s
   9   6.34941201e+10 -6.71042327e+06  2.10e+04 3.34e+01  8.76e+05     8s
  10   3.57761395e+10 -3.43303829e+06  8.93e+03 2.07e+01  4.61e+05     8s
  11   1.71665332e+10 -3.08770848e+05  3.06e+03 6.97e+00  1.71e+05     8s
  12   1.07999990e+10  4.17126495e+05  1.71e+03 4.13e+00  9.99e+04     8s
  13   4.41118395e+09  1.25591057e+06  5.34e+02 1.68e+00  3.71e+04     8s
  14   2.78600401e+09  2.91042661e+06  3.10e+02 7.31e-01  2.07e+04     8s
  15   1.64252715e+09  3.99959739e+06  1.70e+02 5.06e-01  1.20e+04     8s
  16   1.16809902e+09  6.04614675e+06  1.15e+02 2.50e-01  7.85e+03     8s
  17   4.26447556e+08  8.36235328e+06  3.69e+01 1.08e-01  2.75e+03     8s
  18   1.83641529e+08  1.02298227e+07  1.33e+01 6.18e-02  1.13e+03     8s
  19   1.01663784e+08  1.33264525e+07  6.12e+00 2.35e-02  5.50e+02     8s
  20   8.08864098e+07  1.59378936e+07  4.40e+00 1.47e-02  3.97e+02     8s
  21   4.98424983e+07  1.87713781e+07  1.88e+00 9.97e-03  1.86e+02     8s
  22   3.78693977e+07  1.96778120e+07  1.02e+00 6.68e-03  1.08e+02     9s
  23   3.35042180e+07  1.98619662e+07  7.45e-01 5.85e-03  8.05e+01     9s
  24   2.99742190e+07  2.02316269e+07  5.19e-01 3.96e-03  5.71e+01     9s
  25   2.76223389e+07  2.06856073e+07  3.71e-01 3.05e-03  4.03e+01     9s
  26   2.55944990e+07  2.09336735e+07  2.45e-01 2.40e-03  2.69e+01     9s
  27   2.33413419e+07  2.11201468e+07  1.05e-01 1.59e-03  1.28e+01     9s
  28   2.29354738e+07  2.12021948e+07  8.05e-02 1.22e-03  9.97e+00     9s
  29   2.24400109e+07  2.13289363e+07  5.17e-02 1.20e-03  6.37e+00     9s
  30   2.21584277e+07  2.13802792e+07  3.58e-02 8.70e-04  4.45e+00     9s
  31   2.19287027e+07  2.14190751e+07  2.31e-02 6.89e-04  2.91e+00     9s
  32   2.17365211e+07  2.14510337e+07  1.27e-02 4.88e-04  1.63e+00     9s

Barrier performed 32 iterations in 8.87 seconds (7.82 work units)
Barrier solve interrupted - model solved by another algorithm

Concurrent spin time: 0.26s (can be avoided by choosing Method=3)

Solved with primal simplex

Root relaxation: objective 2.153777e+07, 27985 iterations, 2.47 seconds (1.85 work units)
Total elapsed time = 10.45s (DegenMoves)

    Nodes    |    Current Node    |     Objective Bounds      |     Work
 Expl Unexpl |  Obj  Depth IntInf | Incumbent    BestBd   Gap | It/Node Time

     0     0 2.1538e+07    0  377 1.9376e+07 2.1538e+07  11.2%     -   11s
     0     0 2.1526e+07    0  426 1.9376e+07 2.1526e+07  11.1%     -   14s
H    0     0                    2.130634e+07 2.1526e+07  1.03%     -   15s
     0     0 2.1525e+07    0  467 2.1306e+07 2.1525e+07  1.02%     -   15s
     0     0 2.1524e+07    0  486 2.1306e+07 2.1524e+07  1.02%     -   16s
     0     0 2.1524e+07    0  492 2.1306e+07 2.1524e+07  1.02%     -   16s
     0     0 2.1522e+07    0  526 2.1306e+07 2.1522e+07  1.01%     -   19s
     0     0 2.1522e+07    0  535 2.1306e+07 2.1522e+07  1.01%     -   20s
     0     0 2.1522e+07    0  537 2.1306e+07 2.1522e+07  1.01%     -   20s
     0     0 2.1522e+07    0  538 2.1306e+07 2.1522e+07  1.01%     -   21s
     0     0 2.1521e+07    0  511 2.1306e+07 2.1521e+07  1.01%     -   24s
     0     0 2.1521e+07    0  511 2.1306e+07 2.1521e+07  1.01%     -   26s
     0     0 2.1521e+07    0  529 2.1306e+07 2.1521e+07  1.01%     -   26s
     0     0 2.1521e+07    0  532 2.1306e+07 2.1521e+07  1.01%     -   27s
     0     0 2.1520e+07    0  487 2.1306e+07 2.1520e+07  1.00%     -   30s
     0     0 2.1520e+07    0  466 2.1306e+07 2.1520e+07  1.00%     -   31s
     0     0 2.1520e+07    0  467 2.1306e+07 2.1520e+07  1.00%     -   31s
     0     0 2.1520e+07    0  464 2.1306e+07 2.1520e+07  1.00%     -   32s
     0     0 2.1520e+07    0  381 2.1306e+07 2.1520e+07  1.00%     -   35s
H    0     0                    2.130711e+07 2.1520e+07  1.00%     -   36s
     0     0 2.1520e+07    0  407 2.1307e+07 2.1520e+07  1.00%     -   36s
     0     0 2.1520e+07    0  415 2.1307e+07 2.1520e+07  1.00%     -   37s
     0     0 2.1520e+07    0  420 2.1307e+07 2.1520e+07  1.00%     -   37s
     0     0 2.1520e+07    0  399 2.1307e+07 2.1520e+07  1.00%     -   39s
H    0     0                    2.135414e+07 2.1520e+07  0.77%     -   42s
     0     0 2.1520e+07    0  404 2.1354e+07 2.1520e+07  0.77%     -   43s
     0     0 2.1520e+07    0  414 2.1354e+07 2.1520e+07  0.77%     -   43s
     0     0 2.1520e+07    0  415 2.1354e+07 2.1520e+07  0.77%     -   43s
     0     0 2.1519e+07    0  393 2.1354e+07 2.1519e+07  0.77%     -   45s
     0     0 2.1519e+07    0  400 2.1354e+07 2.1519e+07  0.77%     -   48s
     0     0 2.1519e+07    0  398 2.1354e+07 2.1519e+07  0.77%     -   48s
     0     0 2.1519e+07    0  376 2.1354e+07 2.1519e+07  0.77%     -   50s
     0     0 2.1519e+07    0  385 2.1354e+07 2.1519e+07  0.77%     -   52s
     0     0 2.1519e+07    0  377 2.1354e+07 2.1519e+07  0.77%     -   52s
     0     0 2.1519e+07    0  376 2.1354e+07 2.1519e+07  0.77%     -   52s
     0     0 2.1519e+07    0  351 2.1354e+07 2.1519e+07  0.77%     -   54s
     0     0 2.1519e+07    0  348 2.1354e+07 2.1519e+07  0.77%     -   55s
     0     0 2.1519e+07    0  347 2.1354e+07 2.1519e+07  0.77%     -   56s
     0     0 2.1519e+07    0  327 2.1354e+07 2.1519e+07  0.77%     -   58s
     0     0 2.1519e+07    0  327 2.1354e+07 2.1519e+07  0.77%     -   63s
H    0     0                    2.140084e+07 2.1519e+07  0.55%     -   68s
H    0     0                    2.142539e+07 2.1519e+07  0.44%     -   71s
H    0     0                    2.142545e+07 2.1519e+07  0.44%     -   77s
H    0     2                    2.143056e+07 2.1519e+07  0.41%     -   83s
     0     2 2.1519e+07    0  327 2.1431e+07 2.1519e+07  0.41%     -   83s
    31    64 2.1519e+07    5  323 2.1431e+07 2.1519e+07  0.41%   197   85s
H  111   160                    2.143058e+07 2.1519e+07  0.41%   151   88s
   159   220 2.1518e+07    8  314 2.1431e+07 2.1519e+07  0.41%   140   91s
H  542   649                    2.144524e+07 2.1519e+07  0.34%   108   94s
   765   874 2.1516e+07   18  283 2.1445e+07 2.1519e+07  0.34%   100   95s
  1107  1157 2.1515e+07   25  272 2.1445e+07 2.1519e+07  0.34%  89.1  103s
H 1156  1208                    2.145196e+07 2.1519e+07  0.31%  87.7  107s
H 1158  1208                    2.145595e+07 2.1519e+07  0.29%  87.8  107s
H 1164  1208                    2.145903e+07 2.1519e+07  0.28%  87.6  107s
H 1167  1208                    2.146130e+07 2.1519e+07  0.27%  87.5  107s
H 1186  1208                    2.147289e+07 2.1519e+07  0.22%  87.0  107s
  1839  2020 2.1514e+07   37  263 2.1473e+07 2.1519e+07  0.22%  75.8  110s
H 2425  2613                    2.148563e+07 2.1519e+07  0.16%  69.4  113s
H 2456  2613                    2.148836e+07 2.1519e+07  0.14%  68.9  113s
H 2468  2613                    2.148874e+07 2.1519e+07  0.14%  68.7  113s

Cutting planes:
  Gomory: 14
  Cover: 51
  Implied bound: 3186
  MIR: 690
  Flow cover: 1042
  RLT: 3
  Relax-and-lift: 281

Explored 2654 nodes (226869 simplex iterations) in 113.42 seconds (127.45 work units)
Thread count was 48 (of 192 available processors)

Solution count 10: 2.14887e+07 2.14887e+07 2.14884e+07 ... 2.14452e+07

Optimal solution found (tolerance 2.00e-03)
Best objective 2.148874285627e+07, best bound 2.151868304375e+07, gap 0.1393%
Deleted nodefile directory: /scratch-local/lbeemster.22699024/gurobi_dev0.0_sub34.0_run3
Saved model snapshot to study_case_model/figures/subsidy_experiment/run_24426/dev0.0/sub34.0/run3/model_snapshot.pkl
Finished successfully!
