Gurobi shell based on Python 3.13.1 can be launched with command `gurobi.sh`
Gurobi Python Interface can be loaded in Python 3.13.1 with 'import gurobipy'
/var/spool/slurm/slurmd/job22683160/slurm_script: line 24: activate: No such file or directory
Solving model: dev0.2, sub50.0, run0
Read LP format model from file /scratch-local/lbeemster.22683160/tmpqdi3xueg.pyomo.lp
Reading time = 0.91 seconds
x1: 178177 rows, 50050 columns, 1020800 nonzeros
Set parameter OutputFlag to value 1
Set parameter MIPGap to value 0.002
Set parameter Threads to value 48
Set parameter Presolve to value 1
Set parameter Cuts to value 1
Set parameter NodefileStart to value 1
Set parameter NodefileDir to value "/scratch-local/lbeemster.22683160/gurobi_dev0.2_sub50.0_run0"
Set parameter MemLimit to value 60
Gurobi Optimizer version 12.0.3 build v12.0.3rc0 (linux64 - "Red Hat Enterprise Linux 9.6 (Plow)")

CPU model: AMD EPYC 9654 96-Core Processor, instruction set [SSE2|AVX|AVX2|AVX512]
Thread count: 192 physical cores, 192 logical processors, using up to 48 threads

Non-default parameters:
MemLimit  60
MIPGap  0.002
NodefileStart  1
Cuts  1
Presolve  1
Threads  48

Academic license 2514514 - for non-commercial use only - registered to l.___@student.vu.nl
Optimize a model with 178177 rows, 50050 columns and 1020800 nonzeros
Model fingerprint: 0x828cf3bc
Variable types: 39426 continuous, 10624 integer (10624 binary)
Coefficient statistics:
  Matrix range     [1e-06, 1e+05]
  Objective range  [2e+00, 3e+04]
  Bounds range     [1e+00, 1e+00]
  RHS range        [3e-01, 2e+05]
Presolve removed 34464 rows and 22454 columns
Presolve time: 2.92s
Presolved: 143713 rows, 27596 columns, 844381 nonzeros
Variable types: 22036 continuous, 5560 integer (5560 binary)

Deterministic concurrent LP optimizer: primal simplex, dual simplex, and barrier
Showing barrier log only...

Root relaxation presolved: 25733 rows, 169446 columns, 871836 nonzeros

Root barrier log...

Ordering time: 0.06s

Barrier statistics:
 Dense cols : 25
 Free vars  : 2112
 AA' NZ     : 5.879e+05
 Factor NZ  : 1.573e+06 (roughly 100 MB of memory)
 Factor Ops : 1.162e+08 (less than 1 second per iteration)
 Threads    : 45

                  Objective                Residual
Iter       Primal          Dual         Primal    Dual     Compl     Time
   0   1.53804300e+12  1.28505221e+06  7.93e+06 4.01e+02  1.58e+08     5s
   1   1.17070485e+12 -2.64503124e+08  5.18e+06 3.14e+03  1.01e+08     5s
   2   8.37647095e+11 -3.06556155e+08  2.76e+06 2.15e+03  6.28e+07     5s
   3   6.07239927e+11 -2.90992955e+08  1.29e+06 1.40e+03  3.71e+07     5s
   4   4.53864162e+11 -1.96977905e+08  5.94e+05 8.42e+02  2.12e+07     5s
   5   3.58365835e+11 -1.36419015e+08  3.33e+05 5.46e+02  1.33e+07     5s
   6   2.69689395e+11 -7.92214717e+07  1.91e+05 2.91e+02  7.39e+06     5s
   7   2.07835478e+11 -5.64279176e+07  1.20e+05 1.97e+02  4.90e+06     5s
   8   1.96092238e+11 -5.52628411e+07  1.12e+05 1.92e+02  4.70e+06     5s
   9   1.84923021e+11 -5.18906965e+07  9.91e+04 1.80e+02  4.33e+06     5s
  10   1.71356348e+11 -4.09005699e+07  8.82e+04 1.40e+02  3.56e+06     5s
  11   1.31424016e+11 -3.00307134e+07  5.79e+04 1.02e+02  2.51e+06     5s
  12   1.05124800e+11 -1.86468838e+07  4.12e+04 6.46e+01  1.69e+06     5s
  13   6.59534526e+10 -8.45241527e+06  2.05e+04 3.18e+01  8.63e+05     5s
  14   3.58778281e+10 -1.69520524e+06  8.17e+03 1.09e+01  3.51e+05     5s
  15   1.34078088e+10  8.55490374e+05  2.07e+03 3.87e+00  1.15e+05     6s
  16   5.68309325e+09  1.93128870e+06  6.91e+02 1.58e+00  4.47e+04     6s
  17   4.05685576e+09  3.58021730e+06  4.67e+02 6.18e-01  2.73e+04     6s
  18   2.99241180e+09  4.47441324e+06  3.35e+02 3.88e-01  1.95e+04     6s
  19   1.90256574e+09  5.22389813e+06  2.07e+02 2.39e-01  1.21e+04     6s
  20   1.07828639e+09  6.46720695e+06  1.11e+02 1.23e-01  6.64e+03     6s
  21   7.63970704e+08  7.81118634e+06  7.56e+01 5.79e-02  4.54e+03     6s
  22   3.05187302e+08  9.02526500e+06  2.73e+01 3.01e-02  1.76e+03     6s
  23   1.85842110e+08  1.13661768e+07  1.52e+01 1.54e-02  1.02e+03     6s
  24   1.32711094e+08  1.46741434e+07  1.02e+01 6.45e-03  6.81e+02     6s
  25   8.15630750e+07  1.58879231e+07  5.31e+00 4.83e-03  3.76e+02     6s
  26   6.02940928e+07  1.75786450e+07  3.33e+00 3.33e-03  2.44e+02     6s
  27   4.52662019e+07  1.88306680e+07  1.89e+00 2.30e-03  1.50e+02     6s
  28   3.72164306e+07  1.93969172e+07  1.24e+00 1.27e-03  1.01e+02     6s
  29   3.07178456e+07  1.98645092e+07  7.38e-01 8.48e-04  6.12e+01     6s
  30   2.57862636e+07  2.03907118e+07  3.38e-01 9.40e-04  3.03e+01     6s
  31   2.38503586e+07  2.05683693e+07  1.87e-01 7.86e-04  1.83e+01     6s
  32   2.27615391e+07  2.07222755e+07  1.11e-01 6.57e-04  1.14e+01     6s
  33   2.20235946e+07  2.08132440e+07  5.94e-02 5.65e-04  6.72e+00     6s
  34   2.16285604e+07  2.09035491e+07  3.51e-02 3.75e-04  4.02e+00     6s
  35   2.15280350e+07  2.09151142e+07  2.91e-02 3.61e-04  3.40e+00     6s
  36   2.13615278e+07  2.09645423e+07  1.91e-02 3.14e-04  2.20e+00     6s
  37   2.12410720e+07  2.09824010e+07  1.20e-02 3.50e-04  1.43e+00     6s
  38   2.11612101e+07  2.10049188e+07  6.78e-03 3.05e-04  8.62e-01     7s
  39   2.11387951e+07  2.10178650e+07  4.49e-03 2.71e-04  6.63e-01     7s
  40   2.11188499e+07  2.10392334e+07  2.89e-03 2.34e-04  4.35e-01     7s
  41   2.11025041e+07  2.10509476e+07  1.62e-03 2.22e-04  2.80e-01     7s
  42   2.10897049e+07  2.10631527e+07  8.94e-04 1.41e-04  1.44e-01     7s
  43   2.10805053e+07  2.10674152e+07  4.13e-04 1.50e-04  7.10e-02     7s
  44   2.10768667e+07  2.10697534e+07  2.43e-04 1.09e-04  3.86e-02     7s
  45   2.10740410e+07  2.10702573e+07  1.21e-04 8.07e-05  2.05e-02     7s
  46   2.10725252e+07  2.10706012e+07  5.75e-05 5.12e-05  1.04e-02     7s
  47   2.10717129e+07  2.10707429e+07  2.68e-05 2.99e-05  5.25e-03     7s
  48   2.10713085e+07  2.10708520e+07  1.24e-05 1.15e-05  2.47e-03     7s
  49   2.10711341e+07  2.10708873e+07  6.70e-06 5.15e-06  1.33e-03     7s
  50   2.10709449e+07  2.10709026e+07  9.96e-07 3.08e-06  2.28e-04     7s
  51   2.10709193e+07  2.10709058e+07  2.46e-07 1.36e-06  7.30e-05     7s
  52   2.10709111e+07  2.10709072e+07  5.45e-08 4.79e-07  2.11e-05     7s
  53   2.10709092e+07  2.10709076e+07  2.07e-08 3.17e-07  8.69e-06     7s
  54   2.10709080e+07  2.10709078e+07  3.31e-09 2.22e-07  1.04e-06     7s
  55   2.10709079e+07  2.10709079e+07  5.68e-09 2.28e-07  7.69e-08     8s
  56   2.10709079e+07  2.10709079e+07  5.60e-09 2.36e-07  1.30e-09     8s

Barrier solved model in 56 iterations and 7.72 seconds (6.89 work units)
Optimal objective 2.10709079e+07


Root crossover log...

    7898 DPushes remaining with DInf 0.0000000e+00                 8s
       0 DPushes remaining with DInf 0.0000000e+00                 8s

    2703 PPushes remaining with PInf 1.8371578e-05                 8s
       0 PPushes remaining with PInf 0.0000000e+00                 8s

  Push phase complete: Pinf 0.0000000e+00, Dinf 6.4147341e-04      8s


Root simplex log...

Iteration    Objective       Primal Inf.    Dual Inf.      Time
    8182    2.1070908e+07   0.000000e+00   6.414734e-04      8s
    8199    2.1070908e+07   0.000000e+00   0.000000e+00      8s
    8199    2.1070908e+07   0.000000e+00   0.000000e+00      8s
    8199    2.1070908e+07   0.000000e+00   0.000000e+00      8s
Concurrent spin time: 0.51s (can be avoided by choosing Method=3)

Solved with barrier

Root relaxation: objective 2.107091e+07, 8199 iterations, 4.83 seconds (3.61 work units)

    Nodes    |    Current Node    |     Objective Bounds      |     Work
 Expl Unexpl |  Obj  Depth IntInf | Incumbent    BestBd   Gap | It/Node Time

     0     0 2.1071e+07    0  510          - 2.1071e+07      -     -   10s
H    0     0                    2.050292e+07 2.1071e+07  2.77%     -   12s
     0     0 2.1033e+07    0  715 2.0503e+07 2.1033e+07  2.58%     -   19s
     0     0 2.1027e+07    0  731 2.0503e+07 2.1027e+07  2.56%     -   23s
     0     0 2.1027e+07    0  746 2.0503e+07 2.1027e+07  2.55%     -   23s
     0     0 2.1027e+07    0  752 2.0503e+07 2.1027e+07  2.55%     -   23s
     0     0 2.1027e+07    0  755 2.0503e+07 2.1027e+07  2.55%     -   23s
     0     0 2.1025e+07    0  793 2.0503e+07 2.1025e+07  2.55%     -   28s
     0     0 2.1021e+07    0  826 2.0503e+07 2.1021e+07  2.53%     -   32s
     0     0 2.1021e+07    0  830 2.0503e+07 2.1021e+07  2.53%     -   33s
     0     0 2.1021e+07    0  827 2.0503e+07 2.1021e+07  2.53%     -   34s
     0     0 2.1021e+07    0  830 2.0503e+07 2.1021e+07  2.53%     -   34s
     0     0 2.1021e+07    0  830 2.0503e+07 2.1021e+07  2.53%     -   34s
H    0     0                    2.067629e+07 2.1021e+07  1.67%     -   38s
     0     0 2.1018e+07    0  816 2.0676e+07 2.1018e+07  1.65%     -   40s
     0     0 2.1017e+07    0  835 2.0676e+07 2.1017e+07  1.65%     -   43s
     0     0 2.1017e+07    0  844 2.0676e+07 2.1017e+07  1.65%     -   44s
     0     0 2.1017e+07    0  857 2.0676e+07 2.1017e+07  1.65%     -   45s
H    0     0                    2.069585e+07 2.1017e+07  1.55%     -   45s
     0     0 2.1017e+07    0  858 2.0696e+07 2.1017e+07  1.55%     -   45s
     0     0 2.1017e+07    0  866 2.0696e+07 2.1017e+07  1.55%     -   45s
     0     0 2.1016e+07    0  795 2.0696e+07 2.1016e+07  1.55%     -   51s
H    0     0                    2.076209e+07 2.1016e+07  1.22%     -   54s
     0     0 2.1016e+07    0  841 2.0762e+07 2.1016e+07  1.22%     -   54s
     0     0 2.1016e+07    0  869 2.0762e+07 2.1016e+07  1.22%     -   54s
     0     0 2.1016e+07    0  875 2.0762e+07 2.1016e+07  1.22%     -   55s
     0     0 2.1016e+07    0  892 2.0762e+07 2.1016e+07  1.22%     -   55s
     0     0 2.1016e+07    0  906 2.0762e+07 2.1016e+07  1.22%     -   55s
H    0     0                    2.076443e+07 2.1016e+07  1.21%     -   61s
H    0     0                    2.089680e+07 2.1015e+07  0.56%     -   64s
     0     0 2.1015e+07    0  726 2.0897e+07 2.1015e+07  0.56%     -   64s
     0     0 2.1014e+07    0  760 2.0897e+07 2.1014e+07  0.56%     -   67s
     0     0 2.1014e+07    0  755 2.0897e+07 2.1014e+07  0.56%     -   67s
     0     0 2.1014e+07    0  778 2.0897e+07 2.1014e+07  0.56%     -   67s
     0     0 2.1014e+07    0  784 2.0897e+07 2.1014e+07  0.56%     -   71s
     0     0 2.1014e+07    0  774 2.0897e+07 2.1014e+07  0.56%     -   74s
     0     0 2.1014e+07    0  763 2.0897e+07 2.1014e+07  0.56%     -   75s
     0     0 2.1014e+07    0  767 2.0897e+07 2.1014e+07  0.56%     -   75s
     0     0 2.1013e+07    0  724 2.0897e+07 2.1013e+07  0.56%     -   78s
H    0     0                    2.091302e+07 2.1013e+07  0.48%     -   81s
H    0     0                    2.091308e+07 2.1013e+07  0.48%     -   82s
     0     0 2.1013e+07    0  712 2.0913e+07 2.1013e+07  0.48%     -   82s
     0     0 2.1013e+07    0  722 2.0913e+07 2.1013e+07  0.48%     -   82s
     0     0 2.1013e+07    0  720 2.0913e+07 2.1013e+07  0.48%     -   82s
     0     0 2.1013e+07    0  725 2.0913e+07 2.1013e+07  0.48%     -   86s
H    0     0                    2.091317e+07 2.1013e+07  0.48%     -   90s
     0     0 2.1013e+07    0  722 2.0913e+07 2.1013e+07  0.48%     -   90s
     0     0 2.1013e+07    0  717 2.0913e+07 2.1013e+07  0.48%     -   90s
     0     0 2.1013e+07    0  714 2.0913e+07 2.1013e+07  0.48%     -   91s
     0     0 2.1013e+07    0  692 2.0913e+07 2.1013e+07  0.48%     -   94s
     0     0 2.1013e+07    0  672 2.0913e+07 2.1013e+07  0.48%     -   97s
H    0     0                    2.092263e+07 2.1013e+07  0.43%     -   97s
     0     0 2.1013e+07    0  672 2.0923e+07 2.1013e+07  0.43%     -   97s
     0     0 2.1013e+07    0  674 2.0923e+07 2.1013e+07  0.43%     -   97s
     0     0 2.1012e+07    0  659 2.0923e+07 2.1012e+07  0.43%     -  100s
     0     0 2.1012e+07    0  684 2.0923e+07 2.1012e+07  0.43%     -  102s
     0     0 2.1012e+07    0  670 2.0923e+07 2.1012e+07  0.43%     -  102s
     0     0 2.1012e+07    0  663 2.0923e+07 2.1012e+07  0.43%     -  105s
     0     0 2.1012e+07    0  690 2.0923e+07 2.1012e+07  0.43%     -  106s
     0     0 2.1012e+07    0  675 2.0923e+07 2.1012e+07  0.43%     -  106s
H    0     0                    2.093422e+07 2.1012e+07  0.37%     -  108s
     0     0 2.1012e+07    0  666 2.0934e+07 2.1012e+07  0.37%     -  109s
     0     0 2.1012e+07    0  666 2.0934e+07 2.1012e+07  0.37%     -  119s
H    0     2                    2.093905e+07 2.1012e+07  0.35%     -  140s
     0     2 2.1012e+07    0  666 2.0939e+07 2.1012e+07  0.35%     -  140s
    50    64 2.1011e+07    5  643 2.0939e+07 2.1012e+07  0.35%   252  145s
    63   112 2.1012e+07    6  685 2.0939e+07 2.1012e+07  0.35%   260  165s
   159   208 2.1012e+07    8  679 2.0939e+07 2.1012e+07  0.35%   520  172s
H  186   208                    2.093974e+07 2.1012e+07  0.35%   459  172s
H  197   208                    2.094741e+07 2.1012e+07  0.31%   438  172s
   207   271 2.1012e+07    9  682 2.0947e+07 2.1012e+07  0.31%   423  175s
   596   742 2.1012e+07   16  679 2.0947e+07 2.1012e+07  0.31%   199  181s
   878   927 2.1011e+07   18  680 2.0947e+07 2.1012e+07  0.31%   160  185s
H  926   975                    2.094830e+07 2.1012e+07  0.30%   155  188s
H  929   975                    2.095186e+07 2.1012e+07  0.29%   155  188s
H  930   975                    2.095332e+07 2.1012e+07  0.28%   154  188s
H  935   975                    2.095383e+07 2.1012e+07  0.28%   154  188s
H  937   975                    2.095423e+07 2.1012e+07  0.28%   154  188s
H  943   975                    2.095479e+07 2.1012e+07  0.27%   153  188s
H  944   975                    2.095485e+07 2.1012e+07  0.27%   153  188s
   974  1256 2.1011e+07   19  662 2.0955e+07 2.1012e+07  0.27%   151  191s
  1734  1954 2.1010e+07   33  621 2.0955e+07 2.1012e+07  0.27%   116  196s
  2003  2135 2.1008e+07   36  622 2.0955e+07 2.1012e+07  0.27%   117  202s
H 2038  2135                    2.095501e+07 2.1012e+07  0.27%   117  202s
H 2097  2135                    2.095792e+07 2.1012e+07  0.26%   116  203s
H 2117  2135                    2.096036e+07 2.1012e+07  0.25%   116  203s
  2405  2653 2.1009e+07   44  602 2.0960e+07 2.1012e+07  0.25%   111  206s
  3201  3661 2.1007e+07   55  596 2.0960e+07 2.1012e+07  0.25%   101  211s
  4456  4843 2.1006e+07   74  586 2.0960e+07 2.1012e+07  0.25%  89.3  216s
  6032  6311 2.1005e+07  100  578 2.0960e+07 2.1012e+07  0.25%  77.2  220s
  7254  7096 2.1003e+07  122  512 2.0960e+07 2.1012e+07  0.25%  75.4  227s
  7307  7144 2.1003e+07  123  513 2.0960e+07 2.1012e+07  0.25%  75.4  234s
  7355  7192 2.1003e+07  124  513 2.0960e+07 2.1012e+07  0.25%  75.2  236s
  7451  7288 2.1002e+07  125  507 2.0960e+07 2.1012e+07  0.25%  75.0  240s
  7596  7431 2.1003e+07  127  500 2.0960e+07 2.1012e+07  0.25%  75.5  245s
H 7671  7141                    2.096320e+07 2.1012e+07  0.23%  75.6  247s
  8192  8168 2.1002e+07  131  502 2.0963e+07 2.1012e+07  0.23%  75.0  251s
H 8783  8244                    2.096320e+07 2.1012e+07  0.23%  74.0  254s
H 8823  8231                    2.096349e+07 2.1012e+07  0.23%  73.9  254s
  8850  8557 2.1001e+07  145  506 2.0963e+07 2.1012e+07  0.23%  73.9  256s
  9446  9391 2.1000e+07  161  483 2.0963e+07 2.1012e+07  0.23%  72.4  261s
 10652 10702 2.0996e+07  172  496 2.0963e+07 2.1012e+07  0.23%  71.3  266s
 12063 12059 2.0994e+07  201  472 2.0963e+07 2.1012e+07  0.23%  69.1  271s
Created node file directory '/scratch-local/lbeemster.22683160/gurobi_dev0.2_sub50.0_run0/grbnodes0'
 13446 13342 2.0991e+07  220  460 2.0963e+07 2.1012e+07  0.23%  68.5  278s
 14100 14230 2.0990e+07  235  446 2.0963e+07 2.1012e+07  0.23%  68.2  282s
H14992 14405                    2.096351e+07 2.1012e+07  0.23%  67.0  288s
H15093 14405                    2.096360e+07 2.1012e+07  0.23%  67.3  288s
H15165 14405                    2.096388e+07 2.1012e+07  0.23%  67.4  288s
 15167 15414 2.0989e+07  257  438 2.0964e+07 2.1012e+07  0.23%  67.4  291s
 16178 16386 2.0989e+07  271  436 2.0964e+07 2.1012e+07  0.23%  65.8  296s
 17166 16947 2.0988e+07  295  421 2.0964e+07 2.1012e+07  0.23%  64.4  301s
 17732 16948 2.0999e+07  111  666 2.0964e+07 2.1012e+07  0.23%  63.6  419s
H17733 16101                    2.096783e+07 2.1012e+07  0.21%  63.6  528s
 17735 16102 2.1000e+07  160  577 2.0968e+07 2.1010e+07  0.20%  63.6  539s
H17735 15297                    2.096890e+07 2.1010e+07  0.20%  63.6  541s

Cutting planes:
  Gomory: 12
  Implied bound: 197
  MIR: 756
  Flow cover: 760
  RLT: 18
  Relax-and-lift: 674
  BQP: 2
  PSD: 1

Explored 17735 nodes (1223977 simplex iterations) in 541.51 seconds (585.65 work units)
Thread count was 48 (of 192 available processors)

Solution count 10: 2.09689e+07 2.09689e+07 2.09678e+07 ... 2.0955e+07

Optimal solution found (tolerance 2.00e-03)
Best objective 2.096889842962e+07, best bound 2.100992115452e+07, gap 0.1956%
Deleted nodefile directory: /scratch-local/lbeemster.22683160/gurobi_dev0.2_sub50.0_run0
Saved model snapshot to study_case_model/figures/subsidy_experiment/run_24426/dev0.2/sub50.0/run0/model_snapshot.pkl
Finished successfully!
