Gurobi shell based on Python 3.13.1 can be launched with command `gurobi.sh`
Gurobi Python Interface can be loaded in Python 3.13.1 with 'import gurobipy'
/var/spool/slurm/slurmd/job22679668/slurm_script: line 24: activate: No such file or directory
Solving model: dev0.0, sub36.0, run0
Read LP format model from file /scratch-local/lbeemster.22679668/tmpy7k9t32y.pyomo.lp
Reading time = 1.48 seconds
x1: 178177 rows, 50050 columns, 1020800 nonzeros
Set parameter OutputFlag to value 1
Set parameter MIPGap to value 0.002
Set parameter Threads to value 48
Set parameter Presolve to value 1
Set parameter Cuts to value 1
Set parameter NodefileStart to value 1
Set parameter NodefileDir to value "/scratch-local/lbeemster.22679668/gurobi_dev0.0_sub36.0_run0"
Set parameter MemLimit to value 60
Gurobi Optimizer version 12.0.3 build v12.0.3rc0 (linux64 - "Red Hat Enterprise Linux 9.6 (Plow)")

CPU model: AMD EPYC 9654 96-Core Processor, instruction set [SSE2|AVX|AVX2|AVX512]
Thread count: 192 physical cores, 192 logical processors, using up to 48 threads

Non-default parameters:
MemLimit  60
MIPGap  0.002
NodefileStart  1
Cuts  1
Presolve  1
Threads  48

Academic license 2514514 - for non-commercial use only - registered to l.___@student.vu.nl
Optimize a model with 178177 rows, 50050 columns and 1020800 nonzeros
Model fingerprint: 0xe5fa2f7a
Variable types: 39426 continuous, 10624 integer (10624 binary)
Coefficient statistics:
  Matrix range     [1e-06, 1e+05]
  Objective range  [2e+00, 3e+04]
  Bounds range     [1e+00, 1e+00]
  RHS range        [3e-01, 2e+05]
Presolve removed 38073 rows and 25390 columns
Presolve time: 3.02s
Presolved: 140104 rows, 24660 columns, 900836 nonzeros
Variable types: 19180 continuous, 5480 integer (5480 binary)
Found heuristic solution: objective 1.898663e+07
Found heuristic solution: objective 1.914668e+07
Found heuristic solution: objective 1.919407e+07

Deterministic concurrent LP optimizer: primal simplex, dual simplex, and barrier
Showing barrier log only...

Root relaxation presolved: 24002 rows, 164082 columns, 924956 nonzeros

Root barrier log...

Ordering time: 0.04s

Barrier statistics:
 Free vars  : 1920
 AA' NZ     : 5.077e+05
 Factor NZ  : 1.336e+06 (roughly 90 MB of memory)
 Factor Ops : 8.961e+07 (less than 1 second per iteration)
 Threads    : 46

                  Objective                Residual
Iter       Primal          Dual         Primal    Dual     Compl     Time
   0   1.41791110e+12  3.26986259e+06  7.55e+06 4.01e+02  1.48e+08     9s
   1   1.00945485e+12 -1.74663936e+08  4.64e+06 3.18e+03  9.50e+07     9s
   2   7.75164882e+11 -1.79211834e+08  3.00e+06 2.09e+03  6.27e+07     9s
   3   5.34523821e+11 -1.47629883e+08  1.45e+06 1.39e+03  3.73e+07     9s
   4   4.18045352e+11 -1.00306770e+08  8.45e+05 8.25e+02  2.24e+07     9s
   5   3.57183974e+11 -6.17601547e+07  5.92e+05 4.49e+02  1.36e+07     9s
   6   2.59858033e+11 -4.57492878e+07  3.15e+05 3.12e+02  8.60e+06     9s
   7   1.95793698e+11 -2.51119488e+07  1.75e+05 1.63e+02  4.73e+06     9s
   8   1.30989257e+11 -1.47511149e+07  8.55e+04 1.04e+02  2.73e+06     9s
   9   9.56890114e+10 -5.15120059e+06  4.89e+04 5.80e+01  1.59e+06     9s
  10   7.09402100e+10 -2.34677314e+06  3.04e+04 4.09e+01  1.07e+06     9s
  11   4.03985057e+10 -5.59048754e+05  1.32e+04 2.31e+01  5.55e+05     9s
  12   2.60352804e+10  3.39791118e+05  6.85e+03 1.64e+01  3.41e+05     9s
  13   1.22094468e+10  1.30813303e+06  2.37e+03 5.38e+00  1.23e+05     9s
  14   7.25776853e+09  1.49678901e+06  1.18e+03 3.77e+00  7.07e+04     9s
  15   3.98179937e+09  2.27768320e+06  5.60e+02 1.57e+00  3.35e+04    10s
  16   2.33338858e+09  3.99352590e+06  2.95e+02 7.13e-01  1.77e+04    10s
  17   1.66022779e+09  5.58829834e+06  2.00e+02 3.90e-01  1.17e+04    10s
  18   1.23094678e+09  7.52756128e+06  1.44e+02 1.47e-01  7.97e+03    10s
  19   4.79982612e+08  9.13599377e+06  5.15e+01 5.19e-02  2.97e+03    10s
  20   2.35857370e+08  1.02101149e+07  2.30e+01 2.61e-02  1.40e+03    10s
  21   1.24511416e+08  1.27621556e+07  1.06e+01 1.14e-02  6.81e+02    10s
  22   8.76415451e+07  1.44746110e+07  6.64e+00 8.71e-03  4.42e+02    10s
  23   5.41373239e+07  1.85218379e+07  2.89e+00 3.27e-03  2.12e+02    10s
  24   4.15653892e+07  1.91745155e+07  1.75e+00 2.18e-03  1.33e+02    10s
  25   3.27352919e+07  1.97627512e+07  1.00e+00 2.65e-03  7.66e+01    10s
  26   2.88939265e+07  2.00676835e+07  6.76e-01 2.59e-03  5.20e+01    10s
  27   2.51125197e+07  2.03728540e+07  3.50e-01 1.74e-03  2.79e+01    10s
  28   2.38297229e+07  2.05537164e+07  2.41e-01 1.26e-03  1.92e+01    10s
  29   2.23934019e+07  2.06845541e+07  1.20e-01 1.05e-03  1.00e+01    10s
  30   2.18362474e+07  2.07376813e+07  7.25e-02 8.13e-04  6.42e+00    10s
  31   2.14941240e+07  2.07887368e+07  4.61e-02 4.67e-04  4.12e+00    10s
  32   2.12299739e+07  2.08088376e+07  2.64e-02 3.85e-04  2.45e+00    10s
  33   2.10570530e+07  2.08333332e+07  1.29e-02 3.59e-04  1.30e+00    10s

Barrier performed 33 iterations in 10.22 seconds (8.88 work units)
Barrier solve interrupted - model solved by another algorithm

Concurrent spin time: 0.01s

Solved with primal simplex

Root relaxation: objective 2.091291e+07, 32333 iterations, 2.32 seconds (1.92 work units)

    Nodes    |    Current Node    |     Objective Bounds      |     Work
 Expl Unexpl |  Obj  Depth IntInf | Incumbent    BestBd   Gap | It/Node Time

     0     0 2.0913e+07    0  395 1.9194e+07 2.0913e+07  8.96%     -   12s
     0     0 2.0900e+07    0  429 1.9194e+07 2.0900e+07  8.89%     -   16s
H    0     0                    2.071497e+07 2.0900e+07  0.89%     -   17s
     0     0 2.0899e+07    0  479 2.0715e+07 2.0899e+07  0.89%     -   17s
     0     0 2.0899e+07    0  475 2.0715e+07 2.0899e+07  0.89%     -   17s
     0     0 2.0899e+07    0  488 2.0715e+07 2.0899e+07  0.89%     -   18s
     0     0 2.0899e+07    0  485 2.0715e+07 2.0899e+07  0.89%     -   18s
     0     0 2.0898e+07    0  517 2.0715e+07 2.0898e+07  0.88%     -   21s
     0     0 2.0898e+07    0  522 2.0715e+07 2.0898e+07  0.88%     -   21s
     0     0 2.0898e+07    0  524 2.0715e+07 2.0898e+07  0.88%     -   21s
     0     0 2.0898e+07    0  525 2.0715e+07 2.0898e+07  0.88%     -   21s
     0     0 2.0898e+07    0  526 2.0715e+07 2.0898e+07  0.88%     -   22s
     0     0 2.0897e+07    0  504 2.0715e+07 2.0897e+07  0.88%     -   25s
H    0     0                    2.077369e+07 2.0897e+07  0.59%     -   27s
     0     0 2.0897e+07    0  526 2.0774e+07 2.0897e+07  0.59%     -   28s
     0     0 2.0897e+07    0  539 2.0774e+07 2.0897e+07  0.59%     -   28s
     0     0 2.0897e+07    0  536 2.0774e+07 2.0897e+07  0.59%     -   28s
     0     0 2.0897e+07    0  541 2.0774e+07 2.0897e+07  0.59%     -   28s
     0     0 2.0897e+07    0  531 2.0774e+07 2.0897e+07  0.59%     -   32s
     0     0 2.0897e+07    0  519 2.0774e+07 2.0897e+07  0.59%     -   33s
     0     0 2.0897e+07    0  531 2.0774e+07 2.0897e+07  0.59%     -   34s
     0     0 2.0897e+07    0  531 2.0774e+07 2.0897e+07  0.59%     -   34s
     0     0 2.0896e+07    0  400 2.0774e+07 2.0896e+07  0.59%     -   37s
     0     0 2.0896e+07    0  419 2.0774e+07 2.0896e+07  0.59%     -   39s
     0     0 2.0896e+07    0  422 2.0774e+07 2.0896e+07  0.59%     -   39s
     0     0 2.0896e+07    0  425 2.0774e+07 2.0896e+07  0.59%     -   39s
     0     0 2.0896e+07    0  428 2.0774e+07 2.0896e+07  0.59%     -   41s
H    0     0                    2.077847e+07 2.0896e+07  0.57%     -   46s
     0     0 2.0896e+07    0  420 2.0778e+07 2.0896e+07  0.57%     -   46s
     0     0 2.0896e+07    0  424 2.0778e+07 2.0896e+07  0.57%     -   47s
     0     0 2.0896e+07    0  402 2.0778e+07 2.0896e+07  0.57%     -   49s
     0     0 2.0896e+07    0  411 2.0778e+07 2.0896e+07  0.57%     -   51s
     0     0 2.0896e+07    0  410 2.0778e+07 2.0896e+07  0.57%     -   52s
     0     0 2.0896e+07    0  397 2.0778e+07 2.0896e+07  0.57%     -   54s
     0     0 2.0896e+07    0  407 2.0778e+07 2.0896e+07  0.57%     -   54s
     0     0 2.0896e+07    0  408 2.0778e+07 2.0896e+07  0.57%     -   54s
     0     0 2.0896e+07    0  405 2.0778e+07 2.0896e+07  0.57%     -   57s
     0     0 2.0896e+07    0  405 2.0778e+07 2.0896e+07  0.57%     -   62s
H    0     0                    2.079199e+07 2.0896e+07  0.50%     -   69s
H    0     0                    2.079585e+07 2.0896e+07  0.48%     -   70s
H    0     0                    2.081704e+07 2.0896e+07  0.38%     -   73s
H    0     0                    2.082100e+07 2.0896e+07  0.36%     -   75s
H    0     0                    2.082126e+07 2.0896e+07  0.36%     -   79s
     0     2 2.0896e+07    0  405 2.0821e+07 2.0896e+07  0.36%     -   81s
    31    64 2.0896e+07    5  408 2.0821e+07 2.0896e+07  0.36%   135   85s
H   65   112                    2.082224e+07 2.0896e+07  0.36%   126   86s
H  157   180                    2.082601e+07 2.0896e+07  0.34%  87.0   88s
H  161   180                    2.082612e+07 2.0896e+07  0.34%  85.9   88s
   402   506 2.0896e+07   10  405 2.0826e+07 2.0896e+07  0.34%  58.7   90s
  1279  1430 2.0895e+07   24  385 2.0826e+07 2.0896e+07  0.34%  48.6   96s
H 1288  1430                    2.082992e+07 2.0896e+07  0.32%  48.5   96s
  1696  1745 2.0894e+07   32  388 2.0830e+07 2.0896e+07  0.32%  49.4  100s
  1792  1841 2.0894e+07   33  389 2.0830e+07 2.0896e+07  0.32%  49.8  107s
  1840  1889 2.0894e+07   34  391 2.0830e+07 2.0896e+07  0.32%  50.0  114s
H 1848  1889                    2.083018e+07 2.0896e+07  0.32%  49.9  114s
  1888  1937 2.0894e+07   35  387 2.0830e+07 2.0896e+07  0.32%  50.1  117s
  1936  1985 2.0893e+07   35  383 2.0830e+07 2.0896e+07  0.32%  49.9  121s
H 1940  1985                    2.083901e+07 2.0896e+07  0.27%  49.8  121s
H 1957  1985                    2.083952e+07 2.0896e+07  0.27%  49.8  121s
  2450  3129 2.0893e+07   45  365 2.0840e+07 2.0896e+07  0.27%  50.2  125s
  3488  3844 2.0890e+07   66  361 2.0840e+07 2.0896e+07  0.27%  50.4  130s
H 3581  3841                    2.083997e+07 2.0896e+07  0.27%  51.2  130s
  5440  5581 2.0841e+07  100  328 2.0840e+07 2.0896e+07  0.27%  44.9  135s
H 7221  6830                    2.084270e+07 2.0896e+07  0.26%  43.2  139s
  7319  7499 2.0883e+07  104  337 2.0843e+07 2.0896e+07  0.26%  43.0  141s
  9325  9529 2.0879e+07  128  322 2.0843e+07 2.0896e+07  0.26%  41.2  145s
 11505 11703 2.0863e+07  169  298 2.0843e+07 2.0896e+07  0.26%  39.7  150s
H11905 10688                    2.085352e+07 2.0896e+07  0.20%  39.5  150s
 13081 11644 2.0875e+07  185  295 2.0854e+07 2.0896e+07  0.20%  38.5  155s
H13089 11644                    2.085352e+07 2.0896e+07  0.20%  38.5  155s
 15198 14106 2.0874e+07  232  277 2.0854e+07 2.0896e+07  0.20%  36.8  161s
H17889 15833                    2.085353e+07 2.0896e+07  0.20%  35.9  183s
H17889 15703                    2.085395e+07 2.0896e+07  0.20%  35.9  184s
H17889 13893                    2.086200e+07 2.0896e+07  0.16%  35.9  187s

Cutting planes:
  Gomory: 31
  Cover: 42
  Implied bound: 3157
  MIR: 684
  Flow cover: 1028
  RLT: 1
  Relax-and-lift: 225

Explored 17889 nodes (694121 simplex iterations) in 203.02 seconds (230.19 work units)
Thread count was 48 (of 192 available processors)

Solution count 10: 2.0862e+07 2.0862e+07 2.08539e+07 ... 2.08299e+07

Optimal solution found (tolerance 2.00e-03)
Best objective 2.086199535649e+07, best bound 2.089605590481e+07, gap 0.1633%
Deleted nodefile directory: /scratch-local/lbeemster.22679668/gurobi_dev0.0_sub36.0_run0
Saved model snapshot to study_case_model/figures/subsidy_experiment/run_24426/dev0.0/sub36.0/run0/model_snapshot.pkl
Finished successfully!
