Gurobi shell based on Python 3.13.1 can be launched with command `gurobi.sh`
Gurobi Python Interface can be loaded in Python 3.13.1 with 'import gurobipy'
/var/spool/slurm/slurmd/job22683846/slurm_script: line 24: activate: No such file or directory
Solving model: dev1.0, sub36.0, run0
Read LP format model from file /scratch-local/lbeemster.22683846/tmp8vhtv6q9.pyomo.lp
Reading time = 0.77 seconds
x1: 178177 rows, 50050 columns, 1020800 nonzeros
Set parameter OutputFlag to value 1
Set parameter MIPGap to value 0.002
Set parameter Threads to value 48
Set parameter Presolve to value 1
Set parameter Cuts to value 1
Set parameter NodefileStart to value 1
Set parameter NodefileDir to value "/scratch-local/lbeemster.22683846/gurobi_dev1.0_sub36.0_run0"
Set parameter MemLimit to value 60
Gurobi Optimizer version 12.0.3 build v12.0.3rc0 (linux64 - "Red Hat Enterprise Linux 9.6 (Plow)")

CPU model: AMD EPYC 9654 96-Core Processor, instruction set [SSE2|AVX|AVX2|AVX512]
Thread count: 192 physical cores, 192 logical processors, using up to 48 threads

Non-default parameters:
MemLimit  60
MIPGap  0.002
NodefileStart  1
Cuts  1
Presolve  1
Threads  48

Academic license 2514514 - for non-commercial use only - registered to l.___@student.vu.nl
Optimize a model with 178177 rows, 50050 columns and 1020800 nonzeros
Model fingerprint: 0x361ef896
Variable types: 39426 continuous, 10624 integer (10624 binary)
Coefficient statistics:
  Matrix range     [1e-06, 1e+05]
  Objective range  [2e+00, 3e+04]
  Bounds range     [1e+00, 1e+00]
  RHS range        [3e-01, 2e+05]
Presolve removed 35169 rows and 22518 columns
Presolve time: 2.89s
Presolved: 143008 rows, 27532 columns, 862777 nonzeros
Variable types: 22036 continuous, 5496 integer (5496 binary)

Deterministic concurrent LP optimizer: primal simplex, dual simplex, and barrier
Showing barrier log only...

Root relaxation presolved: 25953 rows, 168961 columns, 890177 nonzeros

Root barrier log...

Ordering time: 0.05s

Barrier statistics:
 Dense cols : 21
 Free vars  : 2112
 AA' NZ     : 5.863e+05
 Factor NZ  : 1.581e+06 (roughly 100 MB of memory)
 Factor Ops : 1.158e+08 (less than 1 second per iteration)
 Threads    : 45

                  Objective                Residual
Iter       Primal          Dual         Primal    Dual     Compl     Time
   0   1.52508436e+12  1.30127797e+06  7.87e+06 4.01e+02  1.58e+08     5s
   1   1.13045159e+12 -2.13954504e+08  4.95e+06 3.14e+03  9.82e+07     5s
   2   7.76713800e+11 -2.02029392e+08  2.78e+06 2.52e+03  6.85e+07     5s
   3   5.92549583e+11 -1.56571203e+08  1.51e+06 1.58e+03  4.16e+07     5s
   4   4.53905972e+11 -1.13307301e+08  7.38e+05 1.06e+03  2.58e+07     5s
   5   3.66068800e+11 -6.07254670e+07  4.18e+05 5.51e+02  1.41e+07     5s
   6   2.71526447e+11 -2.93329287e+07  2.16e+05 2.75e+02  7.26e+06     5s
   7   2.23226500e+11 -1.64181083e+07  1.55e+05 1.57e+02  4.61e+06     5s
   8   1.56620118e+11 -1.35010227e+07  8.99e+04 1.30e+02  3.32e+06     5s
   9   1.24485431e+11 -7.57542403e+06  6.49e+04 7.65e+01  2.15e+06     5s
  10   1.11293955e+11 -5.52283885e+06  5.49e+04 5.70e+01  1.71e+06     6s
  11   6.76623555e+10 -3.23025874e+06  2.58e+04 3.62e+01  9.68e+05     6s
  12   4.24743288e+10 -1.00254659e+06  1.30e+04 1.77e+01  4.95e+05     6s
  13   1.78205377e+10  7.49713212e+05  3.23e+03 5.20e+00  1.59e+05     6s
  14   7.23837488e+09  1.34108843e+06  9.83e+02 2.63e+00  6.19e+04     6s
  15   4.40821524e+09  2.01917941e+06  5.43e+02 1.47e+00  3.51e+04     6s
  16   3.21981421e+09  4.11547864e+06  3.74e+02 6.46e-01  2.23e+04     6s
  17   3.14165064e+09  4.47921107e+06  3.64e+02 5.12e-01  2.11e+04     6s
  18   1.97346519e+09  5.04367279e+06  2.19e+02 3.36e-01  1.30e+04     6s
  19   8.81728858e+08  6.56987773e+06  8.69e+01 1.26e-01  5.49e+03     6s
  20   3.85335263e+08  8.09387494e+06  3.37e+01 4.57e-02  2.27e+03     6s
  21   1.66274156e+08  1.00572269e+07  1.26e+01 2.35e-02  9.26e+02     6s
  22   1.28350730e+08  1.16907226e+07  9.02e+00 1.82e-02  6.84e+02     6s
  23   9.26326451e+07  1.55382757e+07  5.63e+00 8.75e-03  4.44e+02     6s
  24   6.93288308e+07  1.73342926e+07  3.71e+00 5.38e-03  2.97e+02     6s
  25   5.13454240e+07  1.88337436e+07  2.25e+00 3.43e-03  1.85e+02     6s
  26   4.18207537e+07  1.87290316e+07  1.55e+00 2.33e-03  1.31e+02     6s
  27   2.97973311e+07  1.92731185e+07  6.36e-01 1.27e-03  5.93e+01     6s
  28   2.58334683e+07  1.99982335e+07  3.33e-01 1.19e-03  3.27e+01     6s
  29   2.34885846e+07  2.05145502e+07  1.67e-01 1.16e-03  1.66e+01     6s
  30   2.22825629e+07  2.06049707e+07  8.69e-02 9.41e-04  9.36e+00     6s
  31   2.16101844e+07  2.07208269e+07  4.25e-02 6.71e-04  4.95e+00     6s
  32   2.12634981e+07  2.07768615e+07  2.21e-02 4.24e-04  2.70e+00     6s
  33   2.10979320e+07  2.08279934e+07  1.18e-02 3.71e-04  1.50e+00     7s
  34   2.10443014e+07  2.08460548e+07  8.67e-03 3.23e-04  1.10e+00     7s
  35   2.09914364e+07  2.08743400e+07  4.84e-03 2.29e-04  6.44e-01     7s
  36   2.09679911e+07  2.08912887e+07  3.12e-03 1.75e-04  4.20e-01     7s
  37   2.09513349e+07  2.09044388e+07  1.78e-03 1.39e-04  2.56e-01     7s

Barrier performed 37 iterations in 6.73 seconds (5.73 work units)
Barrier solve interrupted - model solved by another algorithm

Concurrent spin time: 0.62s (can be avoided by choosing Method=3)

Solved with primal simplex

Root relaxation: objective 2.092144e+07, 42305 iterations, 2.99 seconds (2.25 work units)

    Nodes    |    Current Node    |     Objective Bounds      |     Work
 Expl Unexpl |  Obj  Depth IntInf | Incumbent    BestBd   Gap | It/Node Time

     0     0 2.0921e+07    0  470          - 2.0921e+07      -     -    8s
H    0     0                    2.002909e+07 2.0921e+07  4.46%     -    9s
     0     0 2.0910e+07    0  513 2.0029e+07 2.0910e+07  4.40%     -   13s
H    0     0                    2.034660e+07 2.0910e+07  2.77%     -   15s
     0     0 2.0909e+07    0  552 2.0347e+07 2.0909e+07  2.77%     -   15s
     0     0 2.0909e+07    0  568 2.0347e+07 2.0909e+07  2.76%     -   16s
     0     0 2.0909e+07    0  576 2.0347e+07 2.0909e+07  2.76%     -   16s
     0     0 2.0909e+07    0  575 2.0347e+07 2.0909e+07  2.76%     -   16s
     0     0 2.0908e+07    0  576 2.0347e+07 2.0908e+07  2.76%     -   16s
     0     0 2.0907e+07    0  577 2.0347e+07 2.0907e+07  2.75%     -   19s
     0     0 2.0906e+07    0  564 2.0347e+07 2.0906e+07  2.75%     -   20s
     0     0 2.0906e+07    0  582 2.0347e+07 2.0906e+07  2.75%     -   20s
     0     0 2.0906e+07    0  582 2.0347e+07 2.0906e+07  2.75%     -   20s
     0     0 2.0904e+07    0  524 2.0347e+07 2.0904e+07  2.74%     -   24s
H    0     0                    2.058167e+07 2.0904e+07  1.57%     -   26s
     0     0 2.0903e+07    0  555 2.0582e+07 2.0903e+07  1.56%     -   26s
     0     0 2.0903e+07    0  550 2.0582e+07 2.0903e+07  1.56%     -   27s
     0     0 2.0903e+07    0  552 2.0582e+07 2.0903e+07  1.56%     -   27s
     0     0 2.0903e+07    0  553 2.0582e+07 2.0903e+07  1.56%     -   27s
     0     0 2.0903e+07    0  556 2.0582e+07 2.0903e+07  1.56%     -   27s
     0     0 2.0902e+07    0  509 2.0582e+07 2.0902e+07  1.56%     -   31s
H    0     0                    2.061211e+07 2.0902e+07  1.41%     -   34s
     0     0 2.0902e+07    0  514 2.0612e+07 2.0902e+07  1.41%     -   35s
     0     0 2.0902e+07    0  506 2.0612e+07 2.0902e+07  1.41%     -   35s
     0     0 2.0902e+07    0  520 2.0612e+07 2.0902e+07  1.41%     -   35s
     0     0 2.0902e+07    0  527 2.0612e+07 2.0902e+07  1.41%     -   36s
     0     0 2.0901e+07    0  420 2.0612e+07 2.0901e+07  1.40%     -   39s
     0     0 2.0901e+07    0  456 2.0612e+07 2.0901e+07  1.40%     -   42s
     0     0 2.0901e+07    0  466 2.0612e+07 2.0901e+07  1.40%     -   42s
     0     0 2.0901e+07    0  455 2.0612e+07 2.0901e+07  1.40%     -   42s
     0     0 2.0901e+07    0  463 2.0612e+07 2.0901e+07  1.40%     -   43s
     0     0 2.0901e+07    0  464 2.0612e+07 2.0901e+07  1.40%     -   43s
     0     0 2.0901e+07    0  439 2.0612e+07 2.0901e+07  1.40%     -   46s
     0     0 2.0900e+07    0  433 2.0612e+07 2.0900e+07  1.40%     -   46s
     0     0 2.0900e+07    0  435 2.0612e+07 2.0900e+07  1.40%     -   47s
     0     0 2.0900e+07    0  431 2.0612e+07 2.0900e+07  1.40%     -   47s
     0     0 2.0900e+07    0  432 2.0612e+07 2.0900e+07  1.40%     -   47s
     0     0 2.0900e+07    0  434 2.0612e+07 2.0900e+07  1.40%     -   47s
     0     0 2.0900e+07    0  439 2.0612e+07 2.0900e+07  1.40%     -   50s
H    0     0                    2.067862e+07 2.0900e+07  1.07%     -   51s
     0     0 2.0900e+07    0  416 2.0679e+07 2.0900e+07  1.07%     -   51s
     0     0 2.0900e+07    0  431 2.0679e+07 2.0900e+07  1.07%     -   52s
     0     0 2.0900e+07    0  429 2.0679e+07 2.0900e+07  1.07%     -   52s
     0     0 2.0900e+07    0  410 2.0679e+07 2.0900e+07  1.07%     -   54s
H    0     0                    2.070663e+07 2.0900e+07  0.93%     -   57s
     0     0 2.0900e+07    0  409 2.0707e+07 2.0900e+07  0.93%     -   57s
     0     0 2.0900e+07    0  410 2.0707e+07 2.0900e+07  0.93%     -   57s
     0     0 2.0900e+07    0  418 2.0707e+07 2.0900e+07  0.93%     -   59s
     0     0 2.0900e+07    0  418 2.0707e+07 2.0900e+07  0.93%     -   62s
     0     0 2.0900e+07    0  420 2.0707e+07 2.0900e+07  0.93%     -   62s
     0     0 2.0900e+07    0  399 2.0707e+07 2.0900e+07  0.93%     -   64s
     0     0 2.0900e+07    0  399 2.0707e+07 2.0900e+07  0.93%     -   69s
H    0     0                    2.072885e+07 2.0900e+07  0.83%     -   70s
H    0     0                    2.074028e+07 2.0900e+07  0.77%     -   78s
H    0     0                    2.075557e+07 2.0900e+07  0.70%     -   80s
H    0     0                    2.083009e+07 2.0900e+07  0.34%     -   85s
H    0     0                    2.083512e+07 2.0900e+07  0.31%     -   90s
H    0     0                    2.083905e+07 2.0900e+07  0.29%     -   90s
     0     2 2.0900e+07    0  399 2.0839e+07 2.0900e+07  0.29%     -   91s
    31    64 2.0900e+07    5  392 2.0839e+07 2.0900e+07  0.29%   130   96s
    63   112 2.0900e+07    6  392 2.0839e+07 2.0900e+07  0.29%   119  101s
H   71   112                    2.083986e+07 2.0900e+07  0.29%   113  101s
   351   409 2.0900e+07   10  388 2.0840e+07 2.0900e+07  0.29%  71.1  105s
H 1151  1208                    2.083992e+07 2.0900e+07  0.29%  55.7  113s
H 1161  1208                    2.085170e+07 2.0900e+07  0.23%  55.6  113s
  1207  1256 2.0899e+07   24  372 2.0852e+07 2.0900e+07  0.23%  55.5  117s
  1255  1304 2.0899e+07   25  375 2.0852e+07 2.0900e+07  0.23%  55.5  126s
  1303  1381 2.0899e+07   26  374 2.0852e+07 2.0900e+07  0.23%  54.9  131s
  1380  1470 2.0899e+07   27  375 2.0852e+07 2.0900e+07  0.23%  54.1  142s
H 1445  1470                    2.085366e+07 2.0900e+07  0.22%  53.5  142s
H 1450  1470                    2.086117e+07 2.0900e+07  0.19%  53.5  142s
H 1451  1470                    2.086282e+07 2.0900e+07  0.18%  53.5  142s

Cutting planes:
  Gomory: 10
  Cover: 63
  Implied bound: 3623
  MIR: 1309
  Flow cover: 1984
  RLT: 5
  Relax-and-lift: 985

Explored 1469 nodes (150442 simplex iterations) in 142.28 seconds (147.96 work units)
Thread count was 48 (of 192 available processors)

Solution count 10: 2.08628e+07 2.08612e+07 2.08537e+07 ... 2.07403e+07

Optimal solution found (tolerance 2.00e-03)
Best objective 2.086282479754e+07, best bound 2.089994583687e+07, gap 0.1779%
Deleted nodefile directory: /scratch-local/lbeemster.22683846/gurobi_dev1.0_sub36.0_run0
Saved model snapshot to study_case_model/figures/subsidy_experiment/run_24426/dev1.0/sub36.0/run0/model_snapshot.pkl
Finished successfully!
