Gurobi shell based on Python 3.13.1 can be launched with command `gurobi.sh`
Gurobi Python Interface can be loaded in Python 3.13.1 with 'import gurobipy'
/var/spool/slurm/slurmd/job22699758/slurm_script: line 24: activate: No such file or directory
Solving model: dev0.2, sub0.0, run3
Read LP format model from file /scratch-local/lbeemster.22699758/tmpkbkh8qe6.pyomo.lp
Reading time = 0.55 seconds
x1: 178177 rows, 50050 columns, 1020800 nonzeros
Set parameter OutputFlag to value 1
Set parameter MIPGap to value 0.002
Set parameter Threads to value 48
Set parameter Presolve to value 1
Set parameter Cuts to value 1
Set parameter NodefileStart to value 1
Set parameter NodefileDir to value "/scratch-local/lbeemster.22699758/gurobi_dev0.2_sub0.0_run3"
Set parameter MemLimit to value 60
Gurobi Optimizer version 12.0.3 build v12.0.3rc0 (linux64 - "Red Hat Enterprise Linux 9.6 (Plow)")

CPU model: AMD EPYC 9654 96-Core Processor, instruction set [SSE2|AVX|AVX2|AVX512]
Thread count: 192 physical cores, 192 logical processors, using up to 48 threads

Non-default parameters:
MemLimit  60
MIPGap  0.002
NodefileStart  1
Cuts  1
Presolve  1
Threads  48

Academic license 2514514 - for non-commercial use only - registered to l.___@student.vu.nl
Optimize a model with 178177 rows, 50050 columns and 1020800 nonzeros
Model fingerprint: 0x51979fe8
Variable types: 39426 continuous, 10624 integer (10624 binary)
Coefficient statistics:
  Matrix range     [1e-06, 1e+05]
  Objective range  [2e+00, 3e+04]
  Bounds range     [1e+00, 1e+00]
  RHS range        [3e-01, 2e+05]
Presolve removed 33568 rows and 21526 columns
Presolve time: 2.77s
Presolved: 144609 rows, 28524 columns, 858568 nonzeros
Variable types: 22732 continuous, 5792 integer (5792 binary)

Deterministic concurrent LP optimizer: primal simplex, dual simplex, and barrier
Showing barrier log only...

Root relaxation presolved: 26582 rows, 171175 columns, 886964 nonzeros

Root barrier log...

Ordering time: 0.05s

Barrier statistics:
 Dense cols : 36
 Free vars  : 2112
 AA' NZ     : 5.863e+05
 Factor NZ  : 1.633e+06 (roughly 100 MB of memory)
 Factor Ops : 1.209e+08 (less than 1 second per iteration)
 Threads    : 45

                  Objective                Residual
Iter       Primal          Dual         Primal    Dual     Compl     Time
   0   1.57213579e+12  7.89526874e+05  8.03e+06 3.10e+02  1.45e+08     5s
   1   1.18570998e+12 -7.32443147e+07  5.26e+06 2.80e+03  9.18e+07     5s
   2   8.65945678e+11  7.88231172e+07  3.15e+06 1.90e+03  5.95e+07     5s
   3   5.91091978e+11  1.71530516e+08  1.39e+06 1.24e+03  3.44e+07     5s
   4   4.50010994e+11  1.57294565e+08  7.60e+05 7.16e+02  1.99e+07     5s
   5   3.66568389e+11  1.06324626e+08  4.91e+05 4.41e+02  1.27e+07     5s
   6   3.03015738e+11  8.40665371e+07  3.35e+05 3.24e+02  9.12e+06     5s
   7   2.64719344e+11  6.41467507e+07  2.61e+05 2.18e+02  6.59e+06     5s
   8   2.10526041e+11  5.77470920e+07  1.87e+05 1.91e+02  5.31e+06     5s
   9   1.95912207e+11  5.16623907e+07  1.63e+05 1.72e+02  4.72e+06     5s
  10   1.66412778e+11  3.83230315e+07  1.26e+05 1.23e+02  3.53e+06     5s
  11   1.28737718e+11  2.43043118e+07  8.49e+04 8.02e+01  2.36e+06     5s
  12   9.23457520e+10  1.54965529e+07  4.99e+04 5.18e+01  1.50e+06     5s
  13   5.64639056e+10  8.23044881e+06  2.00e+04 2.57e+01  7.34e+05     5s
  14   4.33137544e+10  2.66185317e+06  1.38e+04 7.90e+00  3.87e+05     5s
  15   1.81503946e+10  1.71226268e+06  5.00e+03 4.45e+00  1.58e+05     5s
  16   8.33833547e+09  1.25212637e+06  1.94e+03 2.08e+00  6.84e+04     5s
  17   5.35861223e+09  1.49408888e+06  1.17e+03 1.16e+00  4.14e+04     5s
  18   3.70945928e+09  3.03275733e+06  7.69e+02 4.58e-01  2.53e+04     5s
  19   2.51635218e+09  3.39985708e+06  5.08e+02 3.45e-01  1.71e+04     6s
  20   1.63012652e+09  4.12992375e+06  3.18e+02 2.07e-01  1.08e+04     6s
  21   7.85414266e+08  5.88283685e+06  1.39e+02 6.78e-02  4.91e+03     6s
  22   4.46511767e+08  7.04919197e+06  7.49e+01 3.76e-02  2.72e+03     6s
  23   2.55296250e+08  9.45438342e+06  4.12e+01 1.62e-02  1.50e+03     6s
  24   1.53660962e+08  1.07914261e+07  2.28e+01 1.20e-02  8.64e+02     6s
  25   1.11367409e+08  1.41249052e+07  1.52e+01 7.18e-03  5.82e+02     6s
  26   8.44306365e+07  1.60679084e+07  1.04e+01 1.39e-02  4.07e+02     6s
  27   6.47788669e+07  1.84087825e+07  6.96e+00 1.25e-02  2.75e+02     6s
  28   6.04195473e+07  1.88491640e+07  6.25e+00 1.06e-02  2.46e+02     6s
  29   4.17134662e+07  1.95799870e+07  3.08e+00 7.19e-03  1.30e+02     6s
  30   3.16453987e+07  2.03167746e+07  1.49e+00 3.34e-03  6.61e+01     6s

Barrier performed 30 iterations in 5.91 seconds (5.41 work units)
Barrier solve interrupted - model solved by another algorithm

Concurrent spin time: 0.30s (can be avoided by choosing Method=3)

Solved with primal simplex

Root relaxation: objective 2.153618e+07, 29110 iterations, 2.25 seconds (2.00 work units)

    Nodes    |    Current Node    |     Objective Bounds      |     Work
 Expl Unexpl |  Obj  Depth IntInf | Incumbent    BestBd   Gap | It/Node Time

     0     0 2.1536e+07    0  477          - 2.1536e+07      -     -    7s
H    0     0                    2.071522e+07 2.1536e+07  3.96%     -    9s
     0     0 2.1533e+07    0  491 2.0715e+07 2.1533e+07  3.95%     -   12s
H    0     0                    2.118641e+07 2.1533e+07  1.64%     -   14s
     0     0 2.1533e+07    0  559 2.1186e+07 2.1533e+07  1.63%     -   14s
     0     0 2.1533e+07    0  582 2.1186e+07 2.1533e+07  1.63%     -   15s
     0     0 2.1533e+07    0  584 2.1186e+07 2.1533e+07  1.63%     -   15s
     0     0 2.1531e+07    0  664 2.1186e+07 2.1531e+07  1.63%     -   19s
     0     0 2.1531e+07    0  696 2.1186e+07 2.1531e+07  1.62%     -   19s
     0     0 2.1530e+07    0  712 2.1186e+07 2.1530e+07  1.62%     -   20s
     0     0 2.1530e+07    0  713 2.1186e+07 2.1530e+07  1.62%     -   20s
     0     0 2.1530e+07    0  713 2.1186e+07 2.1530e+07  1.62%     -   20s
     0     0 2.1529e+07    0  725 2.1186e+07 2.1529e+07  1.62%     -   25s
H    0     0                    2.122586e+07 2.1529e+07  1.43%     -   26s
     0     0 2.1528e+07    0  744 2.1226e+07 2.1528e+07  1.42%     -   27s
     0     0 2.1528e+07    0  751 2.1226e+07 2.1528e+07  1.42%     -   28s
     0     0 2.1528e+07    0  753 2.1226e+07 2.1528e+07  1.42%     -   28s
     0     0 2.1528e+07    0  756 2.1226e+07 2.1528e+07  1.42%     -   28s
     0     0 2.1526e+07    0  671 2.1226e+07 2.1526e+07  1.42%     -   33s
     0     0 2.1526e+07    0  715 2.1226e+07 2.1526e+07  1.41%     -   35s
     0     0 2.1526e+07    0  712 2.1226e+07 2.1526e+07  1.41%     -   35s
     0     0 2.1526e+07    0  709 2.1226e+07 2.1526e+07  1.41%     -   36s
     0     0 2.1526e+07    0  708 2.1226e+07 2.1526e+07  1.41%     -   36s
     0     0 2.1526e+07    0  710 2.1226e+07 2.1526e+07  1.41%     -   36s
     0     0 2.1524e+07    0  513 2.1226e+07 2.1524e+07  1.41%     -   43s
H    0     0                    2.132108e+07 2.1524e+07  0.95%     -   45s
     0     0 2.1524e+07    0  519 2.1321e+07 2.1524e+07  0.95%     -   46s
     0     0 2.1524e+07    0  538 2.1321e+07 2.1524e+07  0.95%     -   46s
     0     0 2.1524e+07    0  538 2.1321e+07 2.1524e+07  0.95%     -   46s
     0     0 2.1524e+07    0  539 2.1321e+07 2.1524e+07  0.95%     -   47s
     0     0 2.1524e+07    0  496 2.1321e+07 2.1524e+07  0.95%     -   49s
     0     0 2.1524e+07    0  507 2.1321e+07 2.1524e+07  0.95%     -   52s
     0     0 2.1524e+07    0  514 2.1321e+07 2.1524e+07  0.95%     -   52s
     0     0 2.1524e+07    0  492 2.1321e+07 2.1524e+07  0.95%     -   55s
     0     0 2.1523e+07    0  503 2.1321e+07 2.1523e+07  0.95%     -   57s
     0     0 2.1523e+07    0  498 2.1321e+07 2.1523e+07  0.95%     -   57s
     0     0 2.1523e+07    0  492 2.1321e+07 2.1523e+07  0.95%     -   60s
H    0     0                    2.133122e+07 2.1523e+07  0.90%     -   63s
H    0     0                    2.134009e+07 2.1523e+07  0.86%     -   65s
H    0     0                    2.134423e+07 2.1523e+07  0.84%     -   66s
H    0     0                    2.134424e+07 2.1523e+07  0.84%     -   68s
H    0     0                    2.135369e+07 2.1523e+07  0.79%     -   71s
H    0     0                    2.135509e+07 2.1523e+07  0.79%     -   71s
H    0     0                    2.135663e+07 2.1523e+07  0.78%     -   72s
H    0     0                    2.135852e+07 2.1523e+07  0.77%     -   72s
     0     0 2.1523e+07    0  500 2.1359e+07 2.1523e+07  0.77%     -   72s
     0     0 2.1523e+07    0  498 2.1359e+07 2.1523e+07  0.77%     -   72s
     0     0 2.1523e+07    0  497 2.1359e+07 2.1523e+07  0.77%     -   73s
     0     0 2.1523e+07    0  511 2.1359e+07 2.1523e+07  0.77%     -   75s
     0     0 2.1523e+07    0  518 2.1359e+07 2.1523e+07  0.77%     -   78s
     0     0 2.1523e+07    0  522 2.1359e+07 2.1523e+07  0.77%     -   78s
     0     0 2.1523e+07    0  522 2.1359e+07 2.1523e+07  0.77%     -   78s
     0     0 2.1523e+07    0  510 2.1359e+07 2.1523e+07  0.77%     -   80s
     0     0 2.1523e+07    0  510 2.1359e+07 2.1523e+07  0.77%     -   83s
     0     0 2.1523e+07    0  506 2.1359e+07 2.1523e+07  0.77%     -   83s
     0     0 2.1523e+07    0  506 2.1359e+07 2.1523e+07  0.77%     -   83s
     0     0 2.1523e+07    0  518 2.1359e+07 2.1523e+07  0.77%     -   85s
     0     0 2.1523e+07    0  519 2.1359e+07 2.1523e+07  0.77%     -   87s
     0     0 2.1523e+07    0  514 2.1359e+07 2.1523e+07  0.77%     -   87s
     0     0 2.1523e+07    0  497 2.1359e+07 2.1523e+07  0.77%     -   89s
     0     0 2.1523e+07    0  497 2.1359e+07 2.1523e+07  0.77%     -   95s
H    0     0                    2.135954e+07 2.1523e+07  0.76%     -  110s
H    0     0                    2.135960e+07 2.1523e+07  0.76%     -  111s
H    0     0                    2.135960e+07 2.1523e+07  0.76%     -  117s
     0     2 2.1523e+07    0  497 2.1360e+07 2.1523e+07  0.76%     -  119s
     7    16 2.1523e+07    3  501 2.1360e+07 2.1523e+07  0.76%   134  120s
   251   344 2.1523e+07    9  492 2.1360e+07 2.1523e+07  0.76%  85.2  125s
H  310   344                    2.136137e+07 2.1523e+07  0.76%  89.1  125s
H  417   471                    2.136544e+07 2.1523e+07  0.74%  95.9  128s
   668   861 2.1521e+07   13  477 2.1365e+07 2.1523e+07  0.74%  86.1  130s
  1073  1162 2.1521e+07   19  459 2.1365e+07 2.1523e+07  0.74%  73.0  138s
H 1091  1162                    2.136780e+07 2.1523e+07  0.73%  72.5  138s
H 1097  1162                    2.137086e+07 2.1523e+07  0.71%  72.4  138s
H 1115  1162                    2.137209e+07 2.1523e+07  0.71%  72.0  138s
H 1159  1162                    2.137562e+07 2.1523e+07  0.69%  71.1  138s
  1339  1513 2.1520e+07   25  453 2.1376e+07 2.1523e+07  0.69%  68.8  140s
  2158  2319 2.1518e+07   38  451 2.1376e+07 2.1523e+07  0.69%  64.1  145s
H 2367  2416                    2.137886e+07 2.1523e+07  0.67%  63.1  152s
H 2368  2416                    2.138222e+07 2.1523e+07  0.66%  63.0  152s
H 2369  2416                    2.138662e+07 2.1523e+07  0.64%  63.0  152s
H 2376  2416                    2.140625e+07 2.1523e+07  0.54%  63.0  152s
  2415  2464 2.1518e+07   42  441 2.1406e+07 2.1523e+07  0.54%  62.9  156s
  2463  2512 2.1518e+07   43  443 2.1406e+07 2.1523e+07  0.54%  62.8  163s
  2511  2560 2.1518e+07   44  442 2.1406e+07 2.1523e+07  0.54%  62.7  171s
H 2540  2560                    2.141478e+07 2.1523e+07  0.50%  62.3  171s
  2607  2702 2.1518e+07   46  445 2.1415e+07 2.1523e+07  0.50%  61.9  175s
H 2613  2702                    2.141498e+07 2.1523e+07  0.50%  61.8  175s
H 2617  2702                    2.141673e+07 2.1523e+07  0.50%  62.0  175s
H 2676  2702                    2.141876e+07 2.1523e+07  0.49%  61.8  175s
  3709  4080 2.1514e+07   66  444 2.1419e+07 2.1523e+07  0.49%  59.2  180s
  4876  5190 2.1510e+07   80  429 2.1419e+07 2.1523e+07  0.49%  57.4  186s
  6291  6707 2.1506e+07  107  424 2.1419e+07 2.1523e+07  0.49%  54.4  190s
  7950  8350 2.1503e+07  148  403 2.1419e+07 2.1523e+07  0.49%  51.6  195s
H 8927  8730                    2.141877e+07 2.1522e+07  0.48%  52.2  199s
  8977  9208 2.1501e+07  160  406 2.1419e+07 2.1522e+07  0.48%  52.3  201s
Created node file directory '/scratch-local/lbeemster.22699758/gurobi_dev0.2_sub0.0_run3/grbnodes0'
  9464  9710 2.1500e+07  165  403 2.1419e+07 2.1522e+07  0.48%  52.5  205s
 10553 10978 2.1497e+07  194  404 2.1419e+07 2.1522e+07  0.48%  52.6  211s
 11273 11723 2.1496e+07  214  388 2.1419e+07 2.1522e+07  0.48%  51.8  216s
 12829 13208 2.1489e+07  254  388 2.1419e+07 2.1522e+07  0.48%  50.3  224s
 13583 13438 2.1488e+07  273  350 2.1419e+07 2.1522e+07  0.48%  49.8  229s
 13774 13438 2.1466e+07   29  391 2.1419e+07 2.1522e+07  0.48%  49.8  230s
 14654 15154 2.1487e+07  285  348 2.1419e+07 2.1522e+07  0.48%  49.1  235s
 15568 15959 2.1475e+07  303  330 2.1419e+07 2.1522e+07  0.48%  48.5  242s
 16385 16880 2.1482e+07  311  319 2.1419e+07 2.1522e+07  0.48%  48.2  245s
H18433 17480                    2.142516e+07 2.1522e+07  0.45%  46.8  269s
H18433 17480                    2.142521e+07 2.1522e+07  0.45%  46.8  270s
H18433 16959                    2.143029e+07 2.1522e+07  0.43%  46.8  272s
H18433 16783                    2.143675e+07 2.1522e+07  0.40%  46.8  274s
H18433 16437                    2.144266e+07 2.1522e+07  0.37%  46.8  276s
H18433 16437                    2.144268e+07 2.1522e+07  0.37%  46.8  276s
H18433 16437                    2.144274e+07 2.1522e+07  0.37%  46.8  276s
H18433 16436                    2.144303e+07 2.1522e+07  0.37%  46.8  281s
H18433 16436                    2.144309e+07 2.1522e+07  0.37%  46.8  281s
 18434 16391 2.1504e+07   99  497 2.1443e+07 2.1522e+07  0.37%  46.8  323s
H18435 15572                    2.145145e+07 2.1522e+07  0.33%  46.8  464s
H18435 14793                    2.145161e+07 2.1522e+07  0.33%  46.8  464s
H18435 14054                    2.145176e+07 2.1522e+07  0.33%  46.8  464s
H18435 13351                    2.145186e+07 2.1522e+07  0.33%  46.8  464s
H18435 12683                    2.145216e+07 2.1511e+07  0.27%  46.8  476s
H18435 12049                    2.146065e+07 2.1511e+07  0.23%  46.8  476s
H18435 11447                    2.146175e+07 2.1511e+07  0.23%  46.8  476s
 18437 11448 2.1505e+07  108  426 2.1462e+07 2.1511e+07  0.23%  46.8  483s
 18438 11449 2.1510e+07   34  377 2.1462e+07 2.1510e+07  0.23%  46.8  485s
H18439 10876                    2.146755e+07 2.1510e+07  0.20%  46.8  487s

Cutting planes:
  Gomory: 24
  Cover: 4
  Implied bound: 286
  MIR: 913
  Flow cover: 1065
  RLT: 7
  Relax-and-lift: 724
  PSD: 1

Explored 18439 nodes (973797 simplex iterations) in 487.57 seconds (494.39 work units)
Thread count was 48 (of 192 available processors)

Solution count 10: 2.14675e+07 2.14617e+07 2.14606e+07 ... 2.1443e+07

Optimal solution found (tolerance 2.00e-03)
Best objective 2.146754778166e+07, best bound 2.151035365479e+07, gap 0.1994%
Deleted nodefile directory: /scratch-local/lbeemster.22699758/gurobi_dev0.2_sub0.0_run3
Saved model snapshot to study_case_model/figures/subsidy_experiment/run_24426/dev0.2/sub0.0/run3/model_snapshot.pkl
Finished successfully!
