Gurobi shell based on Python 3.13.1 can be launched with command `gurobi.sh`
Gurobi Python Interface can be loaded in Python 3.13.1 with 'import gurobipy'
/var/spool/slurm/slurmd/job22737063/slurm_script: line 24: activate: No such file or directory
=== FIXED SCENARIO TREE EXPERIMENT ===
Created 64 final scenarios
Read LP format model from file /scratch-local/lbeemster.22737063/tmprv45vv8y.pyomo.lp
Reading time = 0.50 seconds
x1: 178177 rows, 49850 columns, 1020800 nonzeros
Set parameter OutputFlag to value 1
Set parameter MIPGap to value 0.002
Set parameter Threads to value 48
Set parameter Presolve to value 1
Set parameter Cuts to value 1
Set parameter NodefileStart to value 1
Set parameter NodefileDir to value "node_files_fixed/"
Set parameter MemLimit to value 60
Gurobi Optimizer version 12.0.3 build v12.0.3rc0 (linux64 - "Red Hat Enterprise Linux 9.6 (Plow)")

CPU model: AMD EPYC 9654 96-Core Processor, instruction set [SSE2|AVX|AVX2|AVX512]
Thread count: 192 physical cores, 192 logical processors, using up to 48 threads

Non-default parameters:
MemLimit  60
MIPGap  0.002
NodefileStart  1
Cuts  1
Presolve  1
Threads  48

Academic license 2514514 - for non-commercial use only - registered to l.___@student.vu.nl
Optimize a model with 178177 rows, 49850 columns and 1020800 nonzeros
Model fingerprint: 0x5ecc33c1
Variable types: 39226 continuous, 10624 integer (10624 binary)
Coefficient statistics:
  Matrix range     [1e-06, 1e+05]
  Objective range  [2e+00, 3e+04]
  Bounds range     [1e+00, 1e+00]
  RHS range        [3e-01, 2e+05]
Presolve removed 33792 rows and 21758 columns
Presolve time: 2.76s
Presolved: 144385 rows, 28092 columns, 843291 nonzeros
Variable types: 22396 continuous, 5696 integer (5696 binary)

Deterministic concurrent LP optimizer: primal simplex, dual simplex, and barrier
Showing barrier log only...

Root relaxation presolved: 26175 rows, 170512 columns, 871193 nonzeros

Root barrier log...

Ordering time: 0.05s

Barrier statistics:
 Dense cols : 38
 Free vars  : 2112
 AA' NZ     : 5.680e+05
 Factor NZ  : 1.610e+06 (roughly 100 MB of memory)
 Factor Ops : 1.227e+08 (less than 1 second per iteration)
 Threads    : 45

                  Objective                Residual
Iter       Primal          Dual         Primal    Dual     Compl     Time
   0   1.51516775e+12  8.92857995e+05  7.81e+06 2.83e+02  1.36e+08     5s
   1   1.15299963e+12 -1.65938541e+08  5.19e+06 2.68e+03  8.65e+07     5s
   2   8.41928466e+11 -1.29474472e+08  3.18e+06 1.98e+03  6.03e+07     5s
   3   5.91704287e+11 -8.02435383e+07  1.55e+06 1.29e+03  3.56e+07     5s
   4   4.41819756e+11 -3.58779916e+07  8.01e+05 8.14e+02  2.15e+07     5s
   5   3.27369157e+11 -1.76267920e+07  3.88e+05 5.10e+02  1.27e+07     5s
   6   2.52912146e+11 -3.68805883e+06  2.34e+05 2.53e+02  6.79e+06     5s
   7   1.69277613e+11 -1.70032352e+06  1.06e+05 1.93e+02  4.43e+06     5s
   8   1.60398899e+11 -1.58722965e+06  9.86e+04 1.80e+02  4.15e+06     5s
   9   1.31419596e+11  1.43870578e+05  7.01e+04 1.13e+02  2.75e+06     5s
  10   1.06574703e+11  7.43344927e+05  5.16e+04 8.84e+01  2.10e+06     5s
  11   9.18452882e+10  9.42037317e+05  4.00e+04 5.57e+01  1.47e+06     5s
  12   5.27174127e+10  1.46491605e+06  1.51e+04 2.91e+01  7.13e+05     5s
  13   3.71212629e+10  1.25303483e+06  8.83e+03 8.21e+00  3.27e+05     5s
  14   1.17233177e+10  1.37752670e+06  1.53e+03 3.99e+00  1.02e+05     5s
  15   5.40408428e+09  1.71927938e+06  5.83e+02 1.49e+00  4.16e+04     5s
  16   2.43456681e+09  3.15619356e+06  2.26e+02 4.91e-01  1.63e+04     5s
  17   2.09019889e+09  3.61377748e+06  1.92e+02 3.66e-01  1.36e+04     5s
  18   1.35292097e+09  4.28792003e+06  1.20e+02 2.54e-01  8.70e+03     5s
  19   8.97821280e+08  6.23466872e+06  7.66e+01 7.15e-02  5.31e+03     5s
  20   3.55019525e+08  7.66666117e+06  2.63e+01 2.25e-02  2.00e+03     5s
  21   1.91148572e+08  8.55602173e+06  1.32e+01 1.63e-02  1.05e+03     5s
  22   1.47547996e+08  9.97751196e+06  9.68e+00 1.17e-02  7.85e+02     6s
  23   1.16567645e+08  1.32640602e+07  7.22e+00 6.45e-03  5.85e+02     6s
  24   8.94922282e+07  1.61317003e+07  5.05e+00 3.36e-03  4.13e+02     6s
  25   6.89648459e+07  1.81030706e+07  3.48e+00 9.31e-03  2.85e+02     6s
  26   3.87374279e+07  1.88875345e+07  1.20e+00 5.12e-03  1.11e+02     6s
  27   3.15239872e+07  1.91812134e+07  7.23e-01 3.30e-03  6.87e+01     6s
  28   2.70643770e+07  1.95679913e+07  4.11e-01 2.07e-03  4.16e+01     6s
  29   2.38415846e+07  1.99536177e+07  1.97e-01 9.94e-04  2.15e+01     6s

Barrier performed 29 iterations in 5.82 seconds (5.30 work units)
Barrier solve interrupted - model solved by another algorithm

Concurrent spin time: 0.44s (can be avoided by choosing Method=3)

Solved with primal simplex

Root relaxation: objective 2.051906e+07, 29325 iterations, 2.37 seconds (1.94 work units)

    Nodes    |    Current Node    |     Objective Bounds      |     Work
 Expl Unexpl |  Obj  Depth IntInf | Incumbent    BestBd   Gap | It/Node Time

     0     0 2.0519e+07    0  423          - 2.0519e+07      -     -    8s
H    0     0                    1.944490e+07 2.0519e+07  5.52%     -    9s
H    0     0                    2.040209e+07 2.0519e+07  0.57%     -   12s
H    0     0                    2.040828e+07 2.0518e+07  0.54%     -   12s
     0     0 2.0518e+07    0  516 2.0408e+07 2.0518e+07  0.54%     -   13s
H    0     0                    2.042325e+07 2.0518e+07  0.46%     -   16s
     0     0 2.0518e+07    0  587 2.0423e+07 2.0518e+07  0.46%     -   16s
     0     0 2.0518e+07    0  603 2.0423e+07 2.0518e+07  0.46%     -   16s
     0     0 2.0518e+07    0  603 2.0423e+07 2.0518e+07  0.46%     -   17s
     0     0 2.0517e+07    0  720 2.0423e+07 2.0517e+07  0.46%     -   21s
H    0     0                    2.045992e+07 2.0517e+07  0.28%     -   22s
     0     0 2.0517e+07    0  771 2.0460e+07 2.0517e+07  0.28%     -   24s
     0     0 2.0516e+07    0  793 2.0460e+07 2.0516e+07  0.28%     -   25s
     0     0 2.0516e+07    0  795 2.0460e+07 2.0516e+07  0.28%     -   25s
     0     0 2.0516e+07    0  792 2.0460e+07 2.0516e+07  0.28%     -   26s
H    0     0                    2.047709e+07 2.0516e+07  0.19%     -   29s

Cutting planes:
  Gomory: 7
  Cover: 69
  Implied bound: 1270
  MIR: 921
  Flow cover: 1231
  RLT: 32
  Relax-and-lift: 349
  PSD: 1

Explored 1 nodes (39552 simplex iterations) in 29.56 seconds (28.57 work units)
Thread count was 48 (of 192 available processors)

Solution count 6: 2.04771e+07 2.04599e+07 2.04232e+07 ... 1.94449e+07

Optimal solution found (tolerance 2.00e-03)
Best objective 2.047708694176e+07, best bound 2.051647232126e+07, gap 0.1923%
Solve complete
Saved model snapshot to study_case_model/figures/subsidy_experiment/run_12526/dev0.2/sub28.0/run1/model_snapshot.pkl
=== DONE ===
